Launching LAML version 0.0.4
LAML was called as follows: /Users/uym2/my_gits/LAML/run_laml.py -c ../../evaluation/Bar23/Bar23_character_matrix.txt -t progenitor_10_starting.nwk -o progenitor_10_improved --topology_search --parallel -v -p ../../evaluation/Bar23/Bar23_priors.pickle --delimiter tab -m -1 --randomreps 15
Prior keys mismatch with site names.
Prior keys: [0, 1, 2, 3, 4, 5, 6, 7, 8, 9, 10, 11, 12, 13, 14, 15, 16, 17, 18, 19, 20, 21, 22, 23, 24, 25, 26, 27, 28]
Site names: ['r1', 'r2', 'r3', 'r4', 'r5', 'r6', 'r7', 'r8', 'r9', 'r10', 'r11', 'r12', 'r13', 'r14', 'r15', 'r16', 'r17', 'r18', 'r19', 'r20', 'r21', 'r22', 'r23', 'r24', 'r25', 'r26', 'r27', 'r28', 'r29', 'r30']
Attempting to infer mapping between site names and prior keys...
Not all site names are present in the dictionary. Trying offset...
Offset between input site names and prior keys is assumed to be 1
Missing priors at site r30, filling in uniform priors...
{'r1': 0, 'r2': 1, 'r3': 2, 'r4': 3, 'r5': 4, 'r6': 5, 'r7': 6, 'r8': 7, 'r9': 8, 'r10': 9, 'r11': 10, 'r12': 11, 'r13': 12, 'r14': 13, 'r15': 14, 'r16': 15, 'r17': 16, 'r18': 17, 'r19': 18, 'r20': 19, 'r21': 20, 'r22': 21, 'r23': 22, 'r24': 23, 'r25': 24, 'r26': 25, 'r27': 26, 'r28': 27, 'r29': 28, 'r30': 29}
Detected polytomies in the input trees.
Flag --keep_polytomies is off. All polytomies will be resolved.
Starting topology search
Running topology search in parallel...
Performing nni-search 1
Perform nni moves for full topology search
Found polytomies in the input tree(s). Arbitrarily resolving them to obtain fully resolved initial tree(s).
Initial score (polytomies were arbitrarily resolved): -570.6066671912736
NNI Iter: 0
Current score: -570.7982801021816
Runtime (s): 1.574256917
NNI Iter: 1
Current score: -570.7982801130696
Runtime (s): 1.6890398750000002
NNI Iter: 2
Current score: -572.7795785023703
Runtime (s): 1.7004832500000004
NNI Iter: 3
Current score: -572.640747233119
Runtime (s): 1.6116522080000006
NNI Iter: 4
Current score: -572.7775499789066
Runtime (s): 1.6496542499999993
NNI Iter: 5
Current score: -572.9378055739481
Runtime (s): 1.5727684999999987
NNI Iter: 6
Current score: -573.0186539283561
Runtime (s): 1.6361452090000004
NNI Iter: 7
Current score: -573.5315566152442
Runtime (s): 1.64874
NNI Iter: 8
Current score: -573.476371984548
Runtime (s): 1.5285122910000002
NNI Iter: 9
Current score: -573.4840702713964
Runtime (s): 1.7238372909999988
NNI Iter: 10
Current score: -573.0072478324781
Runtime (s): 1.7517890829999985
NNI Iter: 11
Current score: -573.0369788799469
Runtime (s): 1.5939352919999976
NNI Iter: 12
Current score: -573.0072477492386
Runtime (s): 1.6068412919999986
NNI Iter: 13
Current score: -573.0328810355131
Runtime (s): 1.6306953339999986
NNI Iter: 14
Current score: -572.90568400341
Runtime (s): 1.7392008339999983
NNI Iter: 15
Current score: -565.5981157746227
Runtime (s): 1.5444406660000034
NNI Iter: 16
Current score: -565.4554626051928
Runtime (s): 1.636459249999998
NNI Iter: 17
Current score: -565.4554625794567
Runtime (s): 3.212367541999999
NNI Iter: 18
Current score: -565.4545087893308
Runtime (s): 1.6624065840000029
NNI Iter: 19
Current score: -565.4511783113371
Runtime (s): 1.684543374999997
NNI Iter: 20
Current score: -565.4511783049754
Runtime (s): 1.724505416999996
NNI Iter: 21
Current score: -565.3485146280282
Runtime (s): 1.7087745420000005
NNI Iter: 22
Current score: -565.3231343064167
Runtime (s): 1.528161874999995
NNI Iter: 23
Current score: -565.319042660689
Runtime (s): 1.7042107919999978
NNI Iter: 24
Current score: -565.1863385726789
Runtime (s): 3.1372752910000017
NNI Iter: 25
Current score: -565.1863385616456
Runtime (s): 1.5598363750000033
NNI Iter: 26
Best score for this search: -565.1863385616456
Optimal topology found. Re-optimizing other parameters ...
Optimal score for this search: -564.9661539205886
Performing nni-search 2
Perform nni moves for full topology search
Found polytomies in the input tree(s). Arbitrarily resolving them to obtain fully resolved initial tree(s).
Initial score (polytomies were arbitrarily resolved): -570.6066674982443
NNI Iter: 0
Current score: -571.284181327502
Runtime (s): 1.6375642080000006
NNI Iter: 1
Current score: -571.1444144781899
Runtime (s): 1.5536937910000006
NNI Iter: 2
Current score: -571.0804676365384
Runtime (s): 1.6067828340000005
NNI Iter: 3
Current score: -570.8972408403811
Runtime (s): 1.705792791999997
NNI Iter: 4
Current score: -571.0360249084139
Runtime (s): 1.7401964589999963
NNI Iter: 5
Current score: -570.8972408617583
Runtime (s): 3.231740666999997
NNI Iter: 6
Current score: -571.0106763857548
Runtime (s): 1.6343107089999904
NNI Iter: 7
Current score: -571.3536271625135
Runtime (s): 3.1141914170000007
NNI Iter: 8
Current score: -571.3064617573862
Runtime (s): 1.7158300830000002
NNI Iter: 9
Current score: -565.9657707657456
Runtime (s): 3.290324333000001
NNI Iter: 10
Current score: -566.0994074358609
Runtime (s): 3.220260207999999
NNI Iter: 11
Current score: -566.105061248221
Runtime (s): 1.838520332999991
NNI Iter: 12
Current score: -566.0974463571902
Runtime (s): 1.6173883750000044
NNI Iter: 13
Current score: -566.0554606325618
Runtime (s): 1.6146587500000038
NNI Iter: 14
Current score: -565.7679706098579
Runtime (s): 1.5691100419999913
NNI Iter: 15
Current score: -565.6382861683106
Runtime (s): 1.618596542000006
NNI Iter: 16
Current score: -565.5024492336139
Runtime (s): 1.5519159580000093
NNI Iter: 17
Current score: -565.474840313656
Runtime (s): 1.6381773330000016
NNI Iter: 18
Current score: -565.3674041976464
Runtime (s): 2.9767757909999943
NNI Iter: 19
Current score: -565.3674042162605
Runtime (s): 1.6292232919999918
NNI Iter: 20
Current score: -565.367394720956
Runtime (s): 1.6069756659999967
NNI Iter: 21
Current score: -565.3673947147496
Runtime (s): 1.54550725
NNI Iter: 22
Best score for this search: -565.3673947147496
Optimal topology found. Re-optimizing other parameters ...
Optimal score for this search: -564.9661556780752
Performing nni-search 3
Perform nni moves for full topology search
Found polytomies in the input tree(s). Arbitrarily resolving them to obtain fully resolved initial tree(s).
Initial score (polytomies were arbitrarily resolved): -570.6066719373935
NNI Iter: 0
Current score: -570.7982844737963
Runtime (s): 1.7109841250000102
NNI Iter: 1
Current score: -571.2537403266399
Runtime (s): 1.8141364170000003
NNI Iter: 2
Current score: -571.6975913954469
Runtime (s): 1.5958478329999934
NNI Iter: 3
Current score: -572.2205486169199
Runtime (s): 1.5103593340000003
NNI Iter: 4
Current score: -571.986614678835
Runtime (s): 1.5539212090000092
NNI Iter: 5
Current score: -572.0242005296269
Runtime (s): 1.591916416999993
NNI Iter: 6
Current score: -572.1232387566101
Runtime (s): 1.7053832500000112
NNI Iter: 7
Current score: -571.6879117669943
Runtime (s): 1.603270834
NNI Iter: 8
Current score: -571.5648537990805
Runtime (s): 1.6568987499999963
NNI Iter: 9
Current score: -571.6854930776406
Runtime (s): 1.6142789999999962
NNI Iter: 10
Current score: -571.5408172918748
Runtime (s): 1.6516137920000062
NNI Iter: 11
Current score: -571.961905440663
Runtime (s): 1.5369427499999944
NNI Iter: 12
Current score: -571.3124831736467
Runtime (s): 1.5432129590000017
NNI Iter: 13
Current score: -565.8583365065757
Runtime (s): 1.604797457999993
NNI Iter: 14
Current score: -565.8578634371933
Runtime (s): 1.5132035419999994
NNI Iter: 15
Current score: -565.7815671531476
Runtime (s): 1.4951639590000099
NNI Iter: 16
Current score: -565.9097581604814
Runtime (s): 1.5543031670000005
NNI Iter: 17
Current score: -565.9769288664659
Runtime (s): 1.609728333999982
NNI Iter: 18
Current score: -565.7130300048472
Runtime (s): 1.4001007090000144
NNI Iter: 19
Current score: -565.6845144925821
Runtime (s): 1.7695565420000037
NNI Iter: 20
Current score: -565.6767372629786
Runtime (s): 1.5686857080000038
NNI Iter: 21
Current score: -565.6246073678918
Runtime (s): 1.6216739159999918
NNI Iter: 22
Current score: -565.578039101152
Runtime (s): 1.5126805419999982
NNI Iter: 23
Current score: -565.5302922822899
Runtime (s): 1.4949850419999962
NNI Iter: 24
Current score: -565.3758679741671
Runtime (s): 1.487596042000007
NNI Iter: 25
Current score: -565.2400505785648
Runtime (s): 3.0551773330000174
NNI Iter: 26
Current score: -565.2367290756943
Runtime (s): 3.1054832080000097
NNI Iter: 27
Best score for this search: -565.2367290756943
Optimal topology found. Re-optimizing other parameters ...
Optimal score for this search: -564.9661733882903
Performing nni-search 4
Perform nni moves for full topology search
Found polytomies in the input tree(s). Arbitrarily resolving them to obtain fully resolved initial tree(s).
Initial score (polytomies were arbitrarily resolved): -570.606672840303
NNI Iter: 0
Current score: -571.1544759195626
Runtime (s): 1.8559084999999982
NNI Iter: 1
Current score: -571.4259466110227
Runtime (s): 1.8028554159999999
NNI Iter: 2
Current score: -571.2901328080522
Runtime (s): 1.7849226250000072
NNI Iter: 3
Current score: -571.5783393749384
Runtime (s): 1.7870707079999875
NNI Iter: 4
Current score: -571.195509894963
Runtime (s): 1.9267514999999946
NNI Iter: 5
Current score: -570.8073006962404
Runtime (s): 1.9620839159999832
NNI Iter: 6
Current score: -570.8072979702724
Runtime (s): 1.8086236670000062
NNI Iter: 7
Current score: -571.0196470814076
Runtime (s): 1.8094892080000022
NNI Iter: 8
Current score: -571.2777271293411
Runtime (s): 1.6729907499999968
NNI Iter: 9
Current score: -571.0020742844061
Runtime (s): 3.5498149170000204
NNI Iter: 10
Current score: -570.9387632386515
Runtime (s): 1.9915306249999958
NNI Iter: 11
Current score: -571.0698902891227
Runtime (s): 1.8974825420000059
NNI Iter: 12
Current score: -570.9387632924492
Runtime (s): 1.8372654590000081
NNI Iter: 13
Current score: -570.931103794475
Runtime (s): 1.6319345830000032
NNI Iter: 14
Current score: -570.9387632386515
Runtime (s): 1.8733162080000056
NNI Iter: 15
Current score: -570.8029490935932
Runtime (s): 1.9129745420000006
NNI Iter: 16
Current score: -570.7997130878675
Runtime (s): 1.902700583000012
NNI Iter: 17
Current score: -570.7997131131451
Runtime (s): 1.8729457499999853
NNI Iter: 18
Current score: -570.7997131256056
Runtime (s): 2.0074060419999853
NNI Iter: 19
Current score: -570.7997131131451
Runtime (s): 1.821970125000007
NNI Iter: 20
Current score: -570.7997073387055
Runtime (s): 3.4293232079999996
NNI Iter: 21
Current score: -570.7997073369763
Runtime (s): 1.8215227499999855
NNI Iter: 22
Best score for this search: -570.606672840303
Optimal topology found. Re-optimizing other parameters ...
Optimal score for this search: -570.6066725658475
Performing nni-search 5
Perform nni moves for full topology search
Found polytomies in the input tree(s). Arbitrarily resolving them to obtain fully resolved initial tree(s).
Initial score (polytomies were arbitrarily resolved): -570.6066792273276
NNI Iter: 0
Current score: -570.9330806586839
Runtime (s): 1.8217933749999986
NNI Iter: 1
Current score: -571.1485842132871
Runtime (s): 1.8194442500000036
NNI Iter: 2
Current score: -571.416033401363
Runtime (s): 1.7627592080000056
NNI Iter: 3
Current score: -571.3435184012412
Runtime (s): 1.842323958999998
NNI Iter: 4
Current score: -570.9311092590035
Runtime (s): 1.7184504580000066
NNI Iter: 5
Current score: -571.3498834958672
Runtime (s): 2.0147917500000005
NNI Iter: 6
Current score: -571.3124106339874
Runtime (s): 1.8248113329999853
NNI Iter: 7
Current score: -565.8584597793471
Runtime (s): 1.8590082080000059
NNI Iter: 8
Current score: -565.7988238911665
Runtime (s): 1.9493397919999893
NNI Iter: 9
Current score: -565.7607818420108
Runtime (s): 1.95270258299999
NNI Iter: 10
Current score: -565.8755054700205
Runtime (s): 1.6956184999999948
NNI Iter: 11
Current score: -565.8787530135322
Runtime (s): 1.8828354169999955
NNI Iter: 12
Current score: -565.73869502532
Runtime (s): 1.604429874999994
NNI Iter: 13
Current score: -565.6815638657584
Runtime (s): 1.8037662500000238
NNI Iter: 14
Current score: -565.5908785963536
Runtime (s): 1.7926662919999785
NNI Iter: 15
Current score: -565.7553109955862
Runtime (s): 1.822425250000009
NNI Iter: 16
Current score: -565.7297510526885
Runtime (s): 1.7365780840000014
NNI Iter: 17
Current score: -565.7345813398822
Runtime (s): 1.7675223339999775
NNI Iter: 18
Current score: -565.7345812743382
Runtime (s): 1.8412671669999838
NNI Iter: 19
Current score: -565.7345812613559
Runtime (s): 1.8341004590000125
NNI Iter: 20
Current score: -565.5930893475522
Runtime (s): 3.768506500000001
NNI Iter: 21
Current score: -565.4825348994348
Runtime (s): 4.274385041999977
NNI Iter: 22
Current score: -565.4825254990236
Runtime (s): 1.9662323750000041
NNI Iter: 23
Current score: -565.4825254985425
Runtime (s): 1.9586207079999838
NNI Iter: 24
Current score: -565.4748282925943
Runtime (s): 2.216234082999989
NNI Iter: 25
Best score for this search: -565.4748282925943
Optimal topology found. Re-optimizing other parameters ...
Optimal score for this search: -564.9661542337475
Performing nni-search 6
Perform nni moves for full topology search
Found polytomies in the input tree(s). Arbitrarily resolving them to obtain fully resolved initial tree(s).
Initial score (polytomies were arbitrarily resolved): -570.6066738319649
NNI Iter: 0
Current score: -570.7982868219781
Runtime (s): 1.909740499999998
NNI Iter: 1
Current score: -571.0106839738501
Runtime (s): 1.991391292000003
NNI Iter: 2
Current score: -570.8709172006681
Runtime (s): 1.7520818749999876
NNI Iter: 3
Current score: -571.7538360455394
Runtime (s): 1.7002468339999837
NNI Iter: 4
Current score: -571.7087113385512
Runtime (s): 1.9292232079999962
NNI Iter: 5
Current score: -571.62780394446
Runtime (s): 1.8101625830000216
NNI Iter: 6
Current score: -571.5727285776778
Runtime (s): 1.8155686670000364
NNI Iter: 7
Current score: -571.1545041884464
Runtime (s): 1.8801215829999478
NNI Iter: 8
Current score: -570.8041198925946
Runtime (s): 3.5802386249999927
NNI Iter: 9
Current score: -570.9389579695671
Runtime (s): 1.8604940829999919
NNI Iter: 10
Current score: -570.8031440680659
Runtime (s): 1.814819875000012
NNI Iter: 11
Current score: -570.7997262940943
Runtime (s): 1.8309332090000225
NNI Iter: 12
Current score: -570.799726297829
Runtime (s): 1.7784705409999901
NNI Iter: 13
Current score: -571.1535310259774
Runtime (s): 1.9847251249999545
NNI Iter: 14
Current score: -570.8073083167269
Runtime (s): 1.718815665999955
NNI Iter: 15
Current score: -570.807305618933
Runtime (s): 1.8164889170000151
NNI Iter: 16
Current score: -570.7997245344783
Runtime (s): 1.7605904590000137
NNI Iter: 17
Current score: -570.7997246173547
Runtime (s): 1.8758647920000158
NNI Iter: 18
Current score: -570.7997245812087
Runtime (s): 1.724287583999967
NNI Iter: 19
Current score: -570.7997246173547
Runtime (s): 1.7925519589999794
NNI Iter: 20
Current score: -570.7997078049752
Runtime (s): 1.9088707089999843
NNI Iter: 21
Current score: -570.7997078045807
Runtime (s): 3.581134958000007
NNI Iter: 22
Best score for this search: -570.6066738319649
Optimal topology found. Re-optimizing other parameters ...
Optimal score for this search: -570.6066697159749
Performing nni-search 7
Perform nni moves for full topology search
Found polytomies in the input tree(s). Arbitrarily resolving them to obtain fully resolved initial tree(s).
Initial score (polytomies were arbitrarily resolved): -570.6066712042851
NNI Iter: 0
Current score: -572.8030050771804
Runtime (s): 1.940661958000021
NNI Iter: 1
Current score: -572.7832807918616
Runtime (s): 1.8057364999999663
NNI Iter: 2
Current score: -572.8027762597801
Runtime (s): 1.7679407919999903
NNI Iter: 3
Current score: -571.0788231879076
Runtime (s): 1.9393655420000186
NNI Iter: 4
Current score: -571.3222011932239
Runtime (s): 1.8573696249999898
NNI Iter: 5
Current score: -571.4579943421722
Runtime (s): 1.8166764999999714
NNI Iter: 6
Current score: -571.0777841894563
Runtime (s): 1.9130985830000213
NNI Iter: 7
Current score: -571.375916329119
Runtime (s): 1.7751459170000317
NNI Iter: 8
Current score: -573.3903019123778
Runtime (s): 1.9488020830000323
NNI Iter: 9
Current score: -573.010215153548
Runtime (s): 1.938809249999963
NNI Iter: 10
Current score: -573.1992757279187
Runtime (s): 1.9530263329999684
NNI Iter: 11
Current score: -573.0102151463951
Runtime (s): 2.0922343750000323
NNI Iter: 12
Current score: -571.1596232029017
Runtime (s): 2.1551549170000044
NNI Iter: 13
Current score: -571.214424175876
Runtime (s): 1.7943137500000148
NNI Iter: 14
Current score: -571.2144241132921
Runtime (s): 1.8724449580000169
NNI Iter: 15
Current score: -571.1844253039229
Runtime (s): 1.8290795830000093
NNI Iter: 16
Current score: -570.8677213893847
Runtime (s): 1.9774597090000157
NNI Iter: 17
Current score: -570.8677186521423
Runtime (s): 1.90253766699999
NNI Iter: 18
Current score: -570.8601354663208
Runtime (s): 1.8250143750000234
NNI Iter: 19
Current score: -570.8601354678393
Runtime (s): 1.8994784999999865
NNI Iter: 20
Current score: -570.8601354663208
Runtime (s): 3.4778457500000286
NNI Iter: 21
Best score for this search: -570.6066712042851
Optimal topology found. Re-optimizing other parameters ...
Optimal score for this search: -570.6066731089117
Performing nni-search 8
Perform nni moves for full topology search
Found polytomies in the input tree(s). Arbitrarily resolving them to obtain fully resolved initial tree(s).
Initial score (polytomies were arbitrarily resolved): -570.6066749965884
NNI Iter: 0
Current score: -572.4567082692043
Runtime (s): 1.7846598749999885
NNI Iter: 1
Current score: -572.1830926699051
Runtime (s): 1.7637682079999877
NNI Iter: 2
Current score: -571.0719058634849
Runtime (s): 1.8145687909999992
NNI Iter: 3
Current score: -571.0804688094638
Runtime (s): 1.845151417000011
NNI Iter: 4
Current score: -571.8463320865998
Runtime (s): 1.8459839580000335
NNI Iter: 5
Current score: -571.7768585335014
Runtime (s): 1.9048037089999639
NNI Iter: 6
Current score: -571.7608923614515
Runtime (s): 1.781153042000028
NNI Iter: 7
Current score: -572.6435334521503
Runtime (s): 1.95364912499997
NNI Iter: 8
Current score: -571.8944677964574
Runtime (s): 1.8131174160000114
NNI Iter: 9
Current score: -571.9135389984125
Runtime (s): 1.8428159999999707
NNI Iter: 10
Current score: -572.6535075626724
Runtime (s): 1.9764449999999556
NNI Iter: 11
Current score: -572.5049422587399
Runtime (s): 1.7054337910000186
NNI Iter: 12
Current score: -571.7881154944213
Runtime (s): 1.8893462500000169
NNI Iter: 13
Current score: -571.6546173264871
Runtime (s): 1.8735724579999555
NNI Iter: 14
Current score: -570.8072512092357
Runtime (s): 1.8163170000000264
NNI Iter: 15
Current score: -570.8014258385408
Runtime (s): 1.7503247910000255
NNI Iter: 16
Current score: -570.8014258243043
Runtime (s): 1.7153789580000307
NNI Iter: 17
Current score: -570.8014258115635
Runtime (s): 1.841319542000008
NNI Iter: 18
Current score: -570.8014258220104
Runtime (s): 1.896395416999951
NNI Iter: 19
Current score: -570.8014258235854
Runtime (s): 1.8613243330000273
NNI Iter: 20
Current score: -570.8014258230291
Runtime (s): 1.7941252919999897
NNI Iter: 21
Current score: -570.8014258187512
Runtime (s): 3.5517061669999634
NNI Iter: 22
Best score for this search: -570.6066749965884
Optimal topology found. Re-optimizing other parameters ...
Optimal score for this search: -570.6066717006615
Performing nni-search 9
Perform nni moves for full topology search
Found polytomies in the input tree(s). Arbitrarily resolving them to obtain fully resolved initial tree(s).
Initial score (polytomies were arbitrarily resolved): -570.6066745636194
NNI Iter: 0
Current score: -571.1544792911681
Runtime (s): 1.9428171670000438
NNI Iter: 1
Current score: -571.7158015042994
Runtime (s): 1.820805708000023
NNI Iter: 2
Current score: -571.1544759729239
Runtime (s): 1.952899833999993
NNI Iter: 3
Current score: -571.4675056212997
Runtime (s): 1.673653833000003
NNI Iter: 4
Current score: -573.1469797394811
Runtime (s): 1.8692503750000355
NNI Iter: 5
Current score: -573.3612458277755
Runtime (s): 1.7612329170000294
NNI Iter: 6
Current score: -573.6135025837617
Runtime (s): 1.7847855420000087
NNI Iter: 7
Current score: -573.3532330397052
Runtime (s): 1.7649925829999802
NNI Iter: 8
Current score: -573.3196176062511
Runtime (s): 1.8351764999999887
NNI Iter: 9
Current score: -573.0565976535104
Runtime (s): 1.5693863329999544
NNI Iter: 10
Current score: -571.8098626458192
Runtime (s): 2.027967541999999
NNI Iter: 11
Current score: -571.9360752943908
Runtime (s): 1.8377716659999805
NNI Iter: 12
Current score: -572.0569183718153
Runtime (s): 1.796836041000006
NNI Iter: 13
Current score: -572.053986454605
Runtime (s): 1.7716429170000083
NNI Iter: 14
Current score: -571.9173892815272
Runtime (s): 1.822188457999971
NNI Iter: 15
Current score: -571.8777175398088
Runtime (s): 1.8816790829999945
NNI Iter: 16
Current score: -571.917389247103
Runtime (s): 1.8261857919999898
NNI Iter: 17
Current score: -571.877717516896
Runtime (s): 1.8406856249999919
NNI Iter: 18
Current score: -571.9056839298311
Runtime (s): 3.6484807090000118
NNI Iter: 19
Current score: -571.8026226865964
Runtime (s): 1.8086444999999571
NNI Iter: 20
Current score: -571.3488053461903
Runtime (s): 3.5148085409999794
NNI Iter: 21
Current score: -570.8333796728122
Runtime (s): 3.5687311249999993
NNI Iter: 22
Current score: -570.8257980958039
Runtime (s): 1.7934502919999886
NNI Iter: 23
Current score: -570.8257980649396
Runtime (s): 1.868967375000011
NNI Iter: 24
Best score for this search: -570.6066745636194
Optimal topology found. Re-optimizing other parameters ...
Optimal score for this search: -570.606672346022
Performing nni-search 10
Perform nni moves for full topology search
Found polytomies in the input tree(s). Arbitrarily resolving them to obtain fully resolved initial tree(s).
Initial score (polytomies were arbitrarily resolved): -570.6066721302726
NNI Iter: 0
Current score: -571.2841833683759
Runtime (s): 2.0924218750000136
NNI Iter: 1
Current score: -571.2832026806168
Runtime (s): 1.8708039169999893
NNI Iter: 2
Current score: -573.3687668629942
Runtime (s): 2.0156282080000096
NNI Iter: 3
Current score: -573.1685641834393
Runtime (s): 2.0214387500000157
NNI Iter: 4
Current score: -573.0778051617093
Runtime (s): 1.9878952500000082
NNI Iter: 5
Current score: -573.0678864055225
Runtime (s): 1.9111674579999658
NNI Iter: 6
Current score: -573.219278909614
Runtime (s): 1.8762181249999799
NNI Iter: 7
Current score: -573.2067071562262
Runtime (s): 1.7608343750000017
NNI Iter: 8
Current score: -573.2067071602639
Runtime (s): 1.7787682499999846
NNI Iter: 9
Current score: -572.8022297774369
Runtime (s): 1.862196707999999
NNI Iter: 10
Current score: -573.0805620932421
Runtime (s): 1.839869374999978
NNI Iter: 11
Current score: -573.2067071622924
Runtime (s): 1.7630084999999553
NNI Iter: 12
Current score: -573.2067071998026
Runtime (s): 1.7405241669999896
NNI Iter: 13
Current score: -573.2067071702794
Runtime (s): 1.892313583000032
NNI Iter: 14
Current score: -572.8022297710456
Runtime (s): 1.8114277920000177
NNI Iter: 15
Current score: -572.6813335230086
Runtime (s): 1.9087675419999641
NNI Iter: 16
Current score: -570.7983862077183
Runtime (s): 1.7980422910000016
NNI Iter: 17
Current score: -570.5247668061351
Runtime (s): 1.8016552920000208
NNI Iter: 18
Current score: -570.524766792677
Runtime (s): 3.5250809169999684
NNI Iter: 19
Current score: -570.5247668061351
Runtime (s): 3.4689036670000064
NNI Iter: 20
Current score: -570.524766792677
Runtime (s): 1.6395295840000017
NNI Iter: 21
Best score for this search: -570.524766792677
Optimal topology found. Re-optimizing other parameters ...
Optimal score for this search: -570.6066647342079
Performing nni-search 11
Perform nni moves for full topology search
Found polytomies in the input tree(s). Arbitrarily resolving them to obtain fully resolved initial tree(s).
Initial score (polytomies were arbitrarily resolved): -570.6066742367586
NNI Iter: 0
Current score: -570.7982870881999
Runtime (s): 1.6986704590000272
NNI Iter: 1
Current score: -571.0804718565086
Runtime (s): 1.6485404580000136
NNI Iter: 2
Current score: -570.9351455928348
Runtime (s): 1.588426458000015
NNI Iter: 3
Current score: -570.8003094755994
Runtime (s): 1.7230023749999646
NNI Iter: 4
Current score: -571.0718600248033
Runtime (s): 1.6492230000000063
NNI Iter: 5
Current score: -571.0718598558902
Runtime (s): 3.2336050410000325
NNI Iter: 6
Current score: -571.3540447508864
Runtime (s): 1.6216205409999702
NNI Iter: 7
Current score: -566.3245532208823
Runtime (s): 1.6373531659999117
NNI Iter: 8
Current score: -566.1798829516853
Runtime (s): 1.6240687499999922
NNI Iter: 9
Current score: -565.9067363773644
Runtime (s): 1.6371043749999217
NNI Iter: 10
Current score: -565.5731080632883
Runtime (s): 1.6507368329999963
NNI Iter: 11
Current score: -565.4108693195375
Runtime (s): 1.8389464580000094
NNI Iter: 12
Current score: -565.4108696807481
Runtime (s): 1.7674079579999216
NNI Iter: 13
Current score: -565.5493168742764
Runtime (s): 1.7616759999999658
NNI Iter: 14
Current score: -565.4105338829391
Runtime (s): 1.6618739169999799
NNI Iter: 15
Current score: -565.4599919557879
Runtime (s): 1.7698481249999531
NNI Iter: 16
Current score: -565.3974776837445
Runtime (s): 1.8664177910000035
NNI Iter: 17
Current score: -565.2626855696226
Runtime (s): 1.809872749999954
NNI Iter: 18
Current score: -565.2626855728332
Runtime (s): 1.742961541999989
NNI Iter: 19
Current score: -565.2626855821308
Runtime (s): 1.8632420829999319
NNI Iter: 20
Current score: -565.2626855544007
Runtime (s): 1.7368431249999503
NNI Iter: 21
Best score for this search: -565.2626855544007
Optimal topology found. Re-optimizing other parameters ...
Optimal score for this search: -565.0061083192824
Performing nni-search 12
Perform nni moves for full topology search
Found polytomies in the input tree(s). Arbitrarily resolving them to obtain fully resolved initial tree(s).
Initial score (polytomies were arbitrarily resolved): -570.6066752075675
NNI Iter: 0
Current score: -570.7982876227961
Runtime (s): 1.8060188340000423
NNI Iter: 1
Current score: -570.9370705057553
Runtime (s): 1.7408333339999444
NNI Iter: 2
Current score: -571.0718604623728
Runtime (s): 1.7561486249999234
NNI Iter: 3
Current score: -572.6937045710672
Runtime (s): 1.9213944589999983
NNI Iter: 4
Current score: -573.9622208692399
Runtime (s): 1.8460532909999756
NNI Iter: 5
Current score: -574.2572555660437
Runtime (s): 1.956096165999952
NNI Iter: 6
Current score: -573.0209268549168
Runtime (s): 1.803404291999982
NNI Iter: 7
Current score: -573.0145476010442
Runtime (s): 1.9031026670000983
NNI Iter: 8
Current score: -573.1280914287825
Runtime (s): 1.8974605420000898
NNI Iter: 9
Current score: -573.2567102118512
Runtime (s): 1.816505124999935
NNI Iter: 10
Current score: -573.1737481792027
Runtime (s): 1.7789325840000174
NNI Iter: 11
Current score: -572.2920963442821
Runtime (s): 1.7928150420000293
NNI Iter: 12
Current score: -572.282785918848
Runtime (s): 1.8047873750000463
NNI Iter: 13
Current score: -571.902298293752
Runtime (s): 1.8499960409999403
NNI Iter: 14
Current score: -571.2682593100328
Runtime (s): 1.855174125000076
NNI Iter: 15
Current score: -571.2912753158272
Runtime (s): 1.766886374999899
NNI Iter: 16
Current score: -571.2901452136115
Runtime (s): 1.7026359169999523
NNI Iter: 17
Current score: -570.8073012139258
Runtime (s): 1.860500375000015
NNI Iter: 18
Current score: -570.7997186183226
Runtime (s): 1.8701842919999763
NNI Iter: 19
Current score: -570.7997186225956
Runtime (s): 1.6702470829999356
NNI Iter: 20
Current score: -570.7997186183226
Runtime (s): 3.5509510000000546
NNI Iter: 21
Best score for this search: -570.6066752075675
Optimal topology found. Re-optimizing other parameters ...
Optimal score for this search: -570.6066806120509
Performing nni-search 13
Perform nni moves for full topology search
Found polytomies in the input tree(s). Arbitrarily resolving them to obtain fully resolved initial tree(s).
Initial score (polytomies were arbitrarily resolved): -570.6066713370415
NNI Iter: 0
Current score: -571.2537360149676
Runtime (s): 3.531985041999974
NNI Iter: 1
Current score: -572.0304445994163
Runtime (s): 1.7810789590000695
NNI Iter: 2
Current score: -572.6742202492976
Runtime (s): 1.7965142919999835
NNI Iter: 3
Current score: -574.6965160646611
Runtime (s): 1.8034565419999353
NNI Iter: 4
Current score: -574.5766420844211
Runtime (s): 1.7437225420000004
NNI Iter: 5
Current score: -573.8159176811891
Runtime (s): 1.7134645840000076
NNI Iter: 6
Current score: -573.7825578202004
Runtime (s): 1.9125571659999423
NNI Iter: 7
Current score: -573.7789684154403
Runtime (s): 2.0121255000000247
NNI Iter: 8
Current score: -574.4922721658796
Runtime (s): 1.9562493329999597
NNI Iter: 9
Current score: -574.3556503279003
Runtime (s): 1.8199382909999713
NNI Iter: 10
Current score: -572.4962466068374
Runtime (s): 1.9196853749999718
NNI Iter: 11
Current score: -572.1187349138643
Runtime (s): 1.8870284170000104
NNI Iter: 12
Current score: -571.978354151535
Runtime (s): 1.7744820419999314
NNI Iter: 13
Current score: -571.3890255519087
Runtime (s): 1.7217592920000016
NNI Iter: 14
Current score: -571.7093523366374
Runtime (s): 1.7915180410000175
NNI Iter: 15
Current score: -571.3864805922606
Runtime (s): 1.7696738749999668
NNI Iter: 16
Current score: -571.1553004363566
Runtime (s): 3.471496458000047
NNI Iter: 17
Current score: -570.8049048567024
Runtime (s): 1.6677814160000253
NNI Iter: 18
Current score: -570.8039290942925
Runtime (s): 1.8436829590000343
NNI Iter: 19
Current score: -570.8039290834809
Runtime (s): 1.7767310000000407
NNI Iter: 20
Current score: -570.8005095243923
Runtime (s): 1.8395240410000042
NNI Iter: 21
Current score: -570.800509521644
Runtime (s): 1.6894866249999723
NNI Iter: 22
Best score for this search: -570.6066713370415
Optimal topology found. Re-optimizing other parameters ...
Optimal score for this search: -570.6066806244258
Performing nni-search 14
Perform nni moves for full topology search
Found polytomies in the input tree(s). Arbitrarily resolving them to obtain fully resolved initial tree(s).
Initial score (polytomies were arbitrarily resolved): -570.6066756197012
NNI Iter: 0
Current score: -570.9370707840532
Runtime (s): 1.9002500000000282
NNI Iter: 1
Current score: -570.7982881991212
Runtime (s): 1.9940852909999194
NNI Iter: 2
Current score: -572.4567124428158
Runtime (s): 1.8923726250000072
NNI Iter: 3
Current score: -572.3178841462005
Runtime (s): 1.858133500000008
NNI Iter: 4
Current score: -571.0730792523267
Runtime (s): 1.7967477500000086
NNI Iter: 5
Current score: -572.5582187821404
Runtime (s): 1.8972835419999683
NNI Iter: 6
Current score: -572.8755235084825
Runtime (s): 1.8569137090000822
NNI Iter: 7
Current score: -572.771222344619
Runtime (s): 1.7833142499999894
NNI Iter: 8
Current score: -572.188063284441
Runtime (s): 1.7351889999999912
NNI Iter: 9
Current score: -572.1880634648832
Runtime (s): 1.8204803749999883
NNI Iter: 10
Current score: -571.9919403392455
Runtime (s): 1.8845064589999083
NNI Iter: 11
Current score: -571.8553081438857
Runtime (s): 1.9171038750000662
NNI Iter: 12
Current score: -571.7901973559241
Runtime (s): 3.5497480000000223
NNI Iter: 13
Current score: -571.5989394142803
Runtime (s): 1.994613749999985
NNI Iter: 14
Current score: -571.1753910952498
Runtime (s): 1.8957261250000101
NNI Iter: 15
Current score: -571.5954697136893
Runtime (s): 1.995935832999976
NNI Iter: 16
Current score: -571.3124845189151
Runtime (s): 1.696516875000043
NNI Iter: 17
Current score: -571.3124844784895
Runtime (s): 1.7124959580000905
NNI Iter: 18
Current score: -571.3124844880093
Runtime (s): 1.7999312910000071
NNI Iter: 19
Current score: -571.3115179559711
Runtime (s): 1.9708757919999016
NNI Iter: 20
Current score: -571.3080512402181
Runtime (s): 1.9430462920000764
NNI Iter: 21
Current score: -571.3080512401672
Runtime (s): 1.7905527909999819
NNI Iter: 22
Current score: -571.0120999925489
Runtime (s): 1.9041849169999523
NNI Iter: 23
Current score: -570.9365618589363
Runtime (s): 3.527654417000008
NNI Iter: 24
Current score: -570.7997437953983
Runtime (s): 1.9326448749999372
NNI Iter: 25
Current score: -570.6629429271264
Runtime (s): 3.5043806249999534
NNI Iter: 26
Current score: -570.6629429245247
Runtime (s): 3.5722745829999667
NNI Iter: 27
Best score for this search: -570.6066756197012
Optimal topology found. Re-optimizing other parameters ...
Optimal score for this search: -570.6066718568762
Performing nni-search 15
Perform nni moves for full topology search
Found polytomies in the input tree(s). Arbitrarily resolving them to obtain fully resolved initial tree(s).
Initial score (polytomies were arbitrarily resolved): -570.6066714405785
NNI Iter: 0
Current score: -570.798284180027
Runtime (s): 1.8467287920000217
NNI Iter: 1
Current score: -571.2537346671808
Runtime (s): 1.7444430000000466
NNI Iter: 2
Current score: -570.9350953911515
Runtime (s): 1.99172800000008
NNI Iter: 3
Current score: -570.7982843806672
Runtime (s): 2.028024665999965
NNI Iter: 4
Current score: -571.3536280784557
Runtime (s): 2.0674610840000014
NNI Iter: 5
Current score: -565.7161344974139
Runtime (s): 1.8231174580000697
NNI Iter: 6
Current score: -565.7717665745652
Runtime (s): 1.8983933329999445
NNI Iter: 7
Current score: -565.632946493527
Runtime (s): 1.8318389999999454
NNI Iter: 8
Current score: -565.498154654164
Runtime (s): 1.9156783749999704
NNI Iter: 9
Current score: -565.4861561218385
Runtime (s): 1.8483175000000074
NNI Iter: 10
Current score: -565.6321229627732
Runtime (s): 1.7811262079999324
NNI Iter: 11
Current score: -565.4864720376816
Runtime (s): 1.6255464580000307
NNI Iter: 12
Current score: -565.4864720354896
Runtime (s): 1.823969457999965
NNI Iter: 13
Current score: -565.4864720376816
Runtime (s): 1.660834750000049
NNI Iter: 14
Current score: -565.5945638985485
Runtime (s): 1.72189170799993
NNI Iter: 15
Current score: -565.5046458515234
Runtime (s): 1.7730976670000018
NNI Iter: 16
Current score: -565.3658628796801
Runtime (s): 3.5497113330000047
NNI Iter: 17
Current score: -565.3658628357531
Runtime (s): 1.8622933329999114
NNI Iter: 18
Current score: -565.3658628410603
Runtime (s): 1.7503293329999678
NNI Iter: 19
Current score: -565.3658628357531
Runtime (s): 3.511538707999989
NNI Iter: 20
Best score for this search: -565.3658628357531
Optimal topology found. Re-optimizing other parameters ...
Optimal score for this search: -565.1780830759336
Tree height pre-scaling: 0.6463077693857793, input timescale: 1.0
Tree height after scaling: 1.0, mutation rate: 0.6463077693857793
Runtime (s): 750.6596858749999
