Launching LAML version 0.0.4
LAML was called as follows: /Users/uym2/my_gits/LAML/run_laml.py -c ../../evaluation/Bar11/Bar11_character_matrix.txt -t place_outlier4/augmented_tree_91.nwk -o place_outlier4/augmented_tree_91_optimized -v -p ../../evaluation/Bar11/Bar11_priors.pickle --delimiter tab -m -1 --nInitials 1
Prior keys mismatch with site names.
Prior keys: [0, 1, 2, 3, 4, 5, 6, 7, 8, 9, 10, 11, 12, 13, 14, 15, 16, 17, 18, 19, 20, 21, 22, 23, 24, 25, 26]
Site names: ['r1', 'r2', 'r3', 'r4', 'r5', 'r6', 'r7', 'r8', 'r9', 'r10', 'r11', 'r12', 'r13', 'r14', 'r15', 'r16', 'r17', 'r18', 'r19', 'r20', 'r21', 'r22', 'r23', 'r24', 'r25', 'r26', 'r27']
Attempting to infer mapping between site names and prior keys...
{'r1': 0, 'r2': 1, 'r3': 2, 'r4': 3, 'r5': 4, 'r6': 5, 'r7': 6, 'r8': 7, 'r9': 8, 'r10': 9, 'r11': 10, 'r12': 11, 'r13': 12, 'r14': 13, 'r15': 14, 'r16': 15, 'r17': 16, 'r18': 17, 'r19': 18, 'r20': 19, 'r21': 20, 'r22': 21, 'r23': 22, 'r24': 23, 'r25': 24, 'r26': 25, 'r27': 26}
Optimizing branch lengths, phi, and nu without topology search
Optimization by EM algorithm
Optimization start with 1 initials
Initial point 1. Random seed: 2947
Numerical optimization started with ultrametric constraint (default)
Initial phi: 0. Initial nu: 0.26955655566205877. Initial nllh: 9054.990716554388
Starting EM iter: 1
Estep
Estep runtime (s): 0.0635378360748291
Mstep
Optimizing phi
Optimizing branch lengths. Current phi: 0. Current nu:0.26955655566205877
Optimizing nu
Mstep runtime (s): 0.25660109519958496
Finished EM iter: 1. Current nllh: 7462.428101381668
Starting EM iter: 2
Estep
Estep runtime (s): 0.08665204048156738
Mstep
Optimizing phi
Optimizing branch lengths. Current phi: 0. Current nu:0.2725565247903083
Optimizing nu
Mstep runtime (s): 0.20776700973510742
Finished EM iter: 2. Current nllh: 7431.759837735992
Starting EM iter: 3
Estep
Estep runtime (s): 0.08667373657226562
Mstep
Optimizing phi
Optimizing branch lengths. Current phi: 0. Current nu:0.268159869906815
Optimizing nu
Mstep runtime (s): 0.19800376892089844
Finished EM iter: 3. Current nllh: 7427.666400415001
Starting EM iter: 4
Estep
Estep runtime (s): 0.08674001693725586
Mstep
Optimizing phi
Optimizing branch lengths. Current phi: 0. Current nu:0.2649157086368302
Optimizing nu
Mstep runtime (s): 0.22297286987304688
Finished EM iter: 4. Current nllh: 7427.2693298941185
Starting EM iter: 5
Estep
Estep runtime (s): 0.08689117431640625
Mstep
Optimizing phi
Optimizing branch lengths. Current phi: 0. Current nu:0.26339822083569603
Optimizing nu
Mstep runtime (s): 0.24251818656921387
Finished EM iter: 5. Current nllh: 7427.168687223842
Starting EM iter: 6
Estep
Estep runtime (s): 0.08669281005859375
Mstep
Optimizing phi
Optimizing branch lengths. Current phi: 0. Current nu:0.26281639199655066
Optimizing nu
Mstep runtime (s): 0.21829915046691895
Finished EM iter: 6. Current nllh: 7427.123851756228
Starting EM iter: 7
Estep
Estep runtime (s): 0.08691787719726562
Mstep
Optimizing phi
Optimizing branch lengths. Current phi: 0. Current nu:0.26259789765991043
Optimizing nu
Mstep runtime (s): 0.20546674728393555
Finished EM iter: 7. Current nllh: 7427.098248428052
Starting EM iter: 8
Estep
Estep runtime (s): 0.0871889591217041
Mstep
Optimizing phi
Optimizing branch lengths. Current phi: 0. Current nu:0.26251656452260175
Optimizing nu
Mstep runtime (s): 0.2655508518218994
Finished EM iter: 8. Current nllh: 7427.081697082964
Starting EM iter: 9
Estep
Estep runtime (s): 0.08721017837524414
Mstep
Optimizing phi
Optimizing branch lengths. Current phi: 0. Current nu:0.2624843205371907
Optimizing nu
Mstep runtime (s): 0.23652911186218262
Finished EM iter: 9. Current nllh: 7427.070400343457
Starting EM iter: 10
Estep
Estep runtime (s): 0.08735299110412598
Mstep
Optimizing phi
Optimizing branch lengths. Current phi: 0. Current nu:0.26246914256509185
Optimizing nu
Mstep runtime (s): 0.2199690341949463
Finished EM iter: 10. Current nllh: 7427.063275030742
Starting EM iter: 11
Estep
Estep runtime (s): 0.0872189998626709
Mstep
Optimizing phi
Optimizing branch lengths. Current phi: 0. Current nu:0.2624639676053754
Optimizing nu
Mstep runtime (s): 0.19478201866149902
Finished EM iter: 11. Current nllh: 7427.063166011319
Starting EM iter: 12
Estep
Estep runtime (s): 0.08726191520690918
Mstep
Optimizing phi
Optimizing branch lengths. Current phi: 0. Current nu:0.26245779694696797
Optimizing nu
Mstep runtime (s): 0.24745869636535645
Finished EM iter: 12. Current nllh: 7427.063192346477
EM finished after 12 iterations.
Optimal phi: 0. Optimal nu: 0.262455721771402. Optimal nllh: 7427.063192346477
Optimal point found for initial point 1
Numerical optimization finished successfully
Tree height pre-scaling: 0.7152427008640854, input timescale: 1.0
Tree height after scaling: 0.9999999999999999, mutation rate: 0.7152427008640854
Tree height pre-scaling: 0.7152427008729527, input timescale: 1.0
Tree height after scaling: 1.0, mutation rate: 0.7152427008729527
Tree height pre-scaling: 0.7152427009251515, input timescale: 1.0
Tree height after scaling: 1.0, mutation rate: 0.7152427009251515
Tree height pre-scaling: 0.7152427009833449, input timescale: 1.0
Tree height after scaling: 1.0, mutation rate: 0.7152427009833449
Tree height pre-scaling: 0.7152427009621809, input timescale: 1.0
Tree height after scaling: 1.0, mutation rate: 0.7152427009621809
Tree height pre-scaling: 0.7152427008247123, input timescale: 1.0
Tree height after scaling: 1.0, mutation rate: 0.7152427008247123
Tree height pre-scaling: 0.7152427008561312, input timescale: 1.0
Tree height after scaling: 1.0, mutation rate: 0.7152427008561312
Tree height pre-scaling: 0.7152427009023915, input timescale: 1.0
Tree height after scaling: 0.9999999999999999, mutation rate: 0.7152427009023915
Tree height pre-scaling: 0.7152427009252311, input timescale: 1.0
Tree height after scaling: 1.0, mutation rate: 0.7152427009252311
Tree height pre-scaling: 0.7152427008439654, input timescale: 1.0
Tree height after scaling: 1.0, mutation rate: 0.7152427008439654
Tree height pre-scaling: 0.7152427010122744, input timescale: 1.0
Tree height after scaling: 1.0, mutation rate: 0.7152427010122744
Tree height pre-scaling: 0.7152427008550392, input timescale: 1.0
Tree height after scaling: 1.0, mutation rate: 0.7152427008550392
Tree height pre-scaling: 0.7152427008911134, input timescale: 1.0
Tree height after scaling: 1.0, mutation rate: 0.7152427008911134
Runtime (s): 4.191901082999999
