Launching LAML version 0.0.4
LAML was called as follows: /Users/uym2/my_gits/LAML/run_laml.py -c ../../evaluation/Bar11/Bar11_character_matrix.txt -t place_outlier4/augmented_tree_150.nwk -o place_outlier4/augmented_tree_150_optimized -v -p ../../evaluation/Bar11/Bar11_priors.pickle --delimiter tab -m -1 --nInitials 1
Prior keys mismatch with site names.
Prior keys: [0, 1, 2, 3, 4, 5, 6, 7, 8, 9, 10, 11, 12, 13, 14, 15, 16, 17, 18, 19, 20, 21, 22, 23, 24, 25, 26]
Site names: ['r1', 'r2', 'r3', 'r4', 'r5', 'r6', 'r7', 'r8', 'r9', 'r10', 'r11', 'r12', 'r13', 'r14', 'r15', 'r16', 'r17', 'r18', 'r19', 'r20', 'r21', 'r22', 'r23', 'r24', 'r25', 'r26', 'r27']
Attempting to infer mapping between site names and prior keys...
{'r1': 0, 'r2': 1, 'r3': 2, 'r4': 3, 'r5': 4, 'r6': 5, 'r7': 6, 'r8': 7, 'r9': 8, 'r10': 9, 'r11': 10, 'r12': 11, 'r13': 12, 'r14': 13, 'r15': 14, 'r16': 15, 'r17': 16, 'r18': 17, 'r19': 18, 'r20': 19, 'r21': 20, 'r22': 21, 'r23': 22, 'r24': 23, 'r25': 24, 'r26': 25, 'r27': 26}
Optimizing branch lengths, phi, and nu without topology search
Optimization by EM algorithm
Optimization start with 1 initials
Initial point 1. Random seed: 1653
Numerical optimization started with ultrametric constraint (default)
Initial phi: 0. Initial nu: 0.26955655566205877. Initial nllh: 8720.364911797926
Starting EM iter: 1
Estep
Estep runtime (s): 0.06381106376647949
Mstep
Optimizing phi
Optimizing branch lengths. Current phi: 0. Current nu:0.26955655566205877
Optimizing nu
Mstep runtime (s): 0.2189648151397705
Finished EM iter: 1. Current nllh: 7343.919881563591
Starting EM iter: 2
Estep
Estep runtime (s): 0.08556199073791504
Mstep
Optimizing phi
Optimizing branch lengths. Current phi: 0. Current nu:0.27350474722441354
Optimizing nu
Mstep runtime (s): 0.19386816024780273
Finished EM iter: 2. Current nllh: 7314.335181450072
Starting EM iter: 3
Estep
Estep runtime (s): 0.08555197715759277
Mstep
Optimizing phi
Optimizing branch lengths. Current phi: 0. Current nu:0.2713613447826348
Optimizing nu
Mstep runtime (s): 0.1932380199432373
Finished EM iter: 3. Current nllh: 7310.368030740579
Starting EM iter: 4
Estep
Estep runtime (s): 0.08554887771606445
Mstep
Optimizing phi
Optimizing branch lengths. Current phi: 0. Current nu:0.2694938828170195
Optimizing nu
Mstep runtime (s): 0.18897175788879395
Finished EM iter: 4. Current nllh: 7309.943336655431
Starting EM iter: 5
Estep
Estep runtime (s): 0.0859980583190918
Mstep
Optimizing phi
Optimizing branch lengths. Current phi: 0. Current nu:0.268594455200481
Optimizing nu
Mstep runtime (s): 0.22140002250671387
Finished EM iter: 5. Current nllh: 7309.849347045357
Starting EM iter: 6
Estep
Estep runtime (s): 0.08578872680664062
Mstep
Optimizing phi
Optimizing branch lengths. Current phi: 0. Current nu:0.26825776195142004
Optimizing nu
Mstep runtime (s): 0.19612717628479004
Finished EM iter: 6. Current nllh: 7309.80960540284
Starting EM iter: 7
Estep
Estep runtime (s): 0.08586597442626953
Mstep
Optimizing phi
Optimizing branch lengths. Current phi: 0. Current nu:0.26813417173597726
Optimizing nu
Mstep runtime (s): 0.2005910873413086
Finished EM iter: 7. Current nllh: 7309.786393904735
Starting EM iter: 8
Estep
Estep runtime (s): 0.08601498603820801
Mstep
Optimizing phi
Optimizing branch lengths. Current phi: 0. Current nu:0.2680869853165017
Optimizing nu
Mstep runtime (s): 0.1949601173400879
Finished EM iter: 8. Current nllh: 7309.771054007756
Starting EM iter: 9
Estep
Estep runtime (s): 0.08580398559570312
Mstep
Optimizing phi
Optimizing branch lengths. Current phi: 0. Current nu:0.2680680118925478
Optimizing nu
Mstep runtime (s): 0.21209287643432617
Finished EM iter: 9. Current nllh: 7309.760349730956
Starting EM iter: 10
Estep
Estep runtime (s): 0.08620309829711914
Mstep
Optimizing phi
Optimizing branch lengths. Current phi: 0. Current nu:0.2680601779236574
Optimizing nu
Mstep runtime (s): 0.19527983665466309
Finished EM iter: 10. Current nllh: 7309.753633605069
Starting EM iter: 11
Estep
Estep runtime (s): 0.08591485023498535
Mstep
Optimizing phi
Optimizing branch lengths. Current phi: 0. Current nu:0.2680554949516907
Optimizing nu
Mstep runtime (s): 0.1961078643798828
Finished EM iter: 11. Current nllh: 7309.753646490848
EM finished after 11 iterations.
Optimal phi: 0. Optimal nu: 0.26804931212350613. Optimal nllh: 7309.753646490848
Optimal point found for initial point 1
Numerical optimization finished successfully
Tree height pre-scaling: 0.7089431085648136, input timescale: 1.0
Tree height after scaling: 1.0, mutation rate: 0.7089431085648136
Tree height pre-scaling: 0.7089431086347335, input timescale: 1.0
Tree height after scaling: 1.0, mutation rate: 0.7089431086347335
Tree height pre-scaling: 0.7089431088539087, input timescale: 1.0
Tree height after scaling: 1.0, mutation rate: 0.7089431088539087
Tree height pre-scaling: 0.7089431091984136, input timescale: 1.0
Tree height after scaling: 1.0, mutation rate: 0.7089431091984136
Tree height pre-scaling: 0.7089431091211497, input timescale: 1.0
Tree height after scaling: 0.9999999999999999, mutation rate: 0.7089431091211497
Tree height pre-scaling: 0.7089431083786129, input timescale: 1.0
Tree height after scaling: 0.9999999999999999, mutation rate: 0.7089431083786129
Tree height pre-scaling: 0.7089431088978007, input timescale: 1.0
Tree height after scaling: 1.0, mutation rate: 0.7089431088978007
Tree height pre-scaling: 0.7089431084622906, input timescale: 1.0
Tree height after scaling: 1.0, mutation rate: 0.7089431084622906
Tree height pre-scaling: 0.7089431093444131, input timescale: 1.0
Tree height after scaling: 1.0, mutation rate: 0.7089431093444131
Tree height pre-scaling: 0.7089431085243166, input timescale: 1.0
Tree height after scaling: 1.0, mutation rate: 0.7089431085243166
Tree height pre-scaling: 0.7089431086609705, input timescale: 1.0
Tree height after scaling: 1.0, mutation rate: 0.7089431086609705
Tree height pre-scaling: 0.7089431092015087, input timescale: 1.0
Tree height after scaling: 1.0000000000000002, mutation rate: 0.7089431092015087
Tree height pre-scaling: 0.7089431085277308, input timescale: 1.0
Tree height after scaling: 0.9999999999999999, mutation rate: 0.7089431085277308
Runtime (s): 3.567132583
