Launching LAML version 0.0.4
LAML was called as follows: /Users/uym2/my_gits/LAML/run_laml.py -c ../../evaluation/Bar11/Bar11_character_matrix.txt -t place_outlier4/augmented_tree_171.nwk -o place_outlier4/augmented_tree_171_optimized -v -p ../../evaluation/Bar11/Bar11_priors.pickle --delimiter tab -m -1 --nInitials 1
Prior keys mismatch with site names.
Prior keys: [0, 1, 2, 3, 4, 5, 6, 7, 8, 9, 10, 11, 12, 13, 14, 15, 16, 17, 18, 19, 20, 21, 22, 23, 24, 25, 26]
Site names: ['r1', 'r2', 'r3', 'r4', 'r5', 'r6', 'r7', 'r8', 'r9', 'r10', 'r11', 'r12', 'r13', 'r14', 'r15', 'r16', 'r17', 'r18', 'r19', 'r20', 'r21', 'r22', 'r23', 'r24', 'r25', 'r26', 'r27']
Attempting to infer mapping between site names and prior keys...
{'r1': 0, 'r2': 1, 'r3': 2, 'r4': 3, 'r5': 4, 'r6': 5, 'r7': 6, 'r8': 7, 'r9': 8, 'r10': 9, 'r11': 10, 'r12': 11, 'r13': 12, 'r14': 13, 'r15': 14, 'r16': 15, 'r17': 16, 'r18': 17, 'r19': 18, 'r20': 19, 'r21': 20, 'r22': 21, 'r23': 22, 'r24': 23, 'r25': 24, 'r26': 25, 'r27': 26}
Optimizing branch lengths, phi, and nu without topology search
Optimization by EM algorithm
Optimization start with 1 initials
Initial point 1. Random seed: 3111
Numerical optimization started with ultrametric constraint (default)
Initial phi: 0. Initial nu: 0.26955655566205877. Initial nllh: 8756.771604602396
Starting EM iter: 1
Estep
Estep runtime (s): 0.0644230842590332
Mstep
Optimizing phi
Optimizing branch lengths. Current phi: 0. Current nu:0.26955655566205877
Optimizing nu
Mstep runtime (s): 0.22022604942321777
Finished EM iter: 1. Current nllh: 7274.021805802286
Starting EM iter: 2
Estep
Estep runtime (s): 0.08650708198547363
Mstep
Optimizing phi
Optimizing branch lengths. Current phi: 0. Current nu:0.27430500490141957
Optimizing nu
Mstep runtime (s): 0.19367289543151855
Finished EM iter: 2. Current nllh: 7238.545355012068
Starting EM iter: 3
Estep
Estep runtime (s): 0.08547282218933105
Mstep
Optimizing phi
Optimizing branch lengths. Current phi: 0. Current nu:0.27071055068709354
Optimizing nu
Mstep runtime (s): 0.19424104690551758
Finished EM iter: 3. Current nllh: 7235.0241933275565
Starting EM iter: 4
Estep
Estep runtime (s): 0.0858449935913086
Mstep
Optimizing phi
Optimizing branch lengths. Current phi: 0. Current nu:0.26824364489565244
Optimizing nu
Mstep runtime (s): 0.2481212615966797
Finished EM iter: 4. Current nllh: 7234.630831009836
Starting EM iter: 5
Estep
Estep runtime (s): 0.08665704727172852
Mstep
Optimizing phi
Optimizing branch lengths. Current phi: 0. Current nu:0.26725724285030056
Optimizing nu
Mstep runtime (s): 0.1932671070098877
Finished EM iter: 5. Current nllh: 7234.559910849617
Starting EM iter: 6
Estep
Estep runtime (s): 0.08490395545959473
Mstep
Optimizing phi
Optimizing branch lengths. Current phi: 0. Current nu:0.26689410331705976
Optimizing nu
Mstep runtime (s): 0.1979508399963379
Finished EM iter: 6. Current nllh: 7234.5248017784115
Starting EM iter: 7
Estep
Estep runtime (s): 0.0864570140838623
Mstep
Optimizing phi
Optimizing branch lengths. Current phi: 0. Current nu:0.2667629500241376
Optimizing nu
Mstep runtime (s): 0.21228790283203125
Finished EM iter: 7. Current nllh: 7234.502680851913
Starting EM iter: 8
Estep
Estep runtime (s): 0.08527612686157227
Mstep
Optimizing phi
Optimizing branch lengths. Current phi: 0. Current nu:0.2667137151924016
Optimizing nu
Mstep runtime (s): 0.21451973915100098
Finished EM iter: 8. Current nllh: 7234.487573701032
Starting EM iter: 9
Estep
Estep runtime (s): 0.08576011657714844
Mstep
Optimizing phi
Optimizing branch lengths. Current phi: 0. Current nu:0.26669270584080473
Optimizing nu
Mstep runtime (s): 0.20875000953674316
Finished EM iter: 9. Current nllh: 7234.476953123012
Starting EM iter: 10
Estep
Estep runtime (s): 0.08517003059387207
Mstep
Optimizing phi
Optimizing branch lengths. Current phi: 0. Current nu:0.2666855713293488
Optimizing nu
Mstep runtime (s): 0.20328593254089355
Finished EM iter: 10. Current nllh: 7234.470308827098
Starting EM iter: 11
Estep
Estep runtime (s): 0.08559107780456543
Mstep
Optimizing phi
Optimizing branch lengths. Current phi: 0. Current nu:0.266681130903389
Optimizing nu
Mstep runtime (s): 0.21721887588500977
Finished EM iter: 11. Current nllh: 7234.470323275776
EM finished after 11 iterations.
Optimal phi: 0. Optimal nu: 0.2666738312686196. Optimal nllh: 7234.470323275776
Optimal point found for initial point 1
Numerical optimization finished successfully
Tree height pre-scaling: 0.7086955196967026, input timescale: 1.0
Tree height after scaling: 1.0, mutation rate: 0.7086955196967026
Tree height pre-scaling: 0.7086955292185247, input timescale: 1.0
Tree height after scaling: 1.0, mutation rate: 0.7086955292185247
Tree height pre-scaling: 0.7086955730578732, input timescale: 1.0
Tree height after scaling: 1.0, mutation rate: 0.7086955730578732
Tree height pre-scaling: 0.7086956261892878, input timescale: 1.0
Tree height after scaling: 1.0, mutation rate: 0.7086956261892878
Tree height pre-scaling: 0.7086955863946638, input timescale: 1.0
Tree height after scaling: 1.0, mutation rate: 0.7086955863946638
Tree height pre-scaling: 0.7086955021515727, input timescale: 1.0
Tree height after scaling: 1.0, mutation rate: 0.7086955021515727
Tree height pre-scaling: 0.708695659587163, input timescale: 1.0
Tree height after scaling: 1.0, mutation rate: 0.708695659587163
Tree height pre-scaling: 0.7086955141219454, input timescale: 1.0
Tree height after scaling: 1.0, mutation rate: 0.7086955141219454
Tree height pre-scaling: 0.7086955382443751, input timescale: 1.0
Tree height after scaling: 0.9999999999999999, mutation rate: 0.7086955382443751
Tree height pre-scaling: 0.7086956348550895, input timescale: 1.0
Tree height after scaling: 0.9999999999999998, mutation rate: 0.7086956348550895
Tree height pre-scaling: 0.7086955185453164, input timescale: 1.0
Tree height after scaling: 1.0, mutation rate: 0.7086955185453164
Tree height pre-scaling: 0.7086954831656049, input timescale: 1.0
Tree height after scaling: 1.0, mutation rate: 0.7086954831656049
Tree height pre-scaling: 0.7086956196533201, input timescale: 1.0
Tree height after scaling: 0.9999999999999998, mutation rate: 0.7086956196533201
Runtime (s): 3.658229208
