Launching LAML version 0.0.4
LAML was called as follows: /Users/uym2/my_gits/LAML/run_laml.py -c ../../evaluation/Bar11/Bar11_character_matrix.txt -t place_outlier4/augmented_tree_275.nwk -o place_outlier4/augmented_tree_275_optimized -v -p ../../evaluation/Bar11/Bar11_priors.pickle --delimiter tab -m -1 --nInitials 1
Prior keys mismatch with site names.
Prior keys: [0, 1, 2, 3, 4, 5, 6, 7, 8, 9, 10, 11, 12, 13, 14, 15, 16, 17, 18, 19, 20, 21, 22, 23, 24, 25, 26]
Site names: ['r1', 'r2', 'r3', 'r4', 'r5', 'r6', 'r7', 'r8', 'r9', 'r10', 'r11', 'r12', 'r13', 'r14', 'r15', 'r16', 'r17', 'r18', 'r19', 'r20', 'r21', 'r22', 'r23', 'r24', 'r25', 'r26', 'r27']
Attempting to infer mapping between site names and prior keys...
{'r1': 0, 'r2': 1, 'r3': 2, 'r4': 3, 'r5': 4, 'r6': 5, 'r7': 6, 'r8': 7, 'r9': 8, 'r10': 9, 'r11': 10, 'r12': 11, 'r13': 12, 'r14': 13, 'r15': 14, 'r16': 15, 'r17': 16, 'r18': 17, 'r19': 18, 'r20': 19, 'r21': 20, 'r22': 21, 'r23': 22, 'r24': 23, 'r25': 24, 'r26': 25, 'r27': 26}
Optimizing branch lengths, phi, and nu without topology search
Optimization by EM algorithm
Optimization start with 1 initials
Initial point 1. Random seed: 5211
Numerical optimization started with ultrametric constraint (default)
Initial phi: 0. Initial nu: 0.26955655566205877. Initial nllh: 8721.593889146327
Starting EM iter: 1
Estep
Estep runtime (s): 0.06485199928283691
Mstep
Optimizing phi
Optimizing branch lengths. Current phi: 0. Current nu:0.26955655566205877
Optimizing nu
Mstep runtime (s): 0.22851276397705078
Finished EM iter: 1. Current nllh: 7270.380230019834
Starting EM iter: 2
Estep
Estep runtime (s): 0.08625411987304688
Mstep
Optimizing phi
Optimizing branch lengths. Current phi: 0. Current nu:0.2736800310213751
Optimizing nu
Mstep runtime (s): 0.2212049961090088
Finished EM iter: 2. Current nllh: 7237.046675327478
Starting EM iter: 3
Estep
Estep runtime (s): 0.08543896675109863
Mstep
Optimizing phi
Optimizing branch lengths. Current phi: 0. Current nu:0.2704822328993757
Optimizing nu
Mstep runtime (s): 0.19318795204162598
Finished EM iter: 3. Current nllh: 7234.304946478871
Starting EM iter: 4
Estep
Estep runtime (s): 0.08545207977294922
Mstep
Optimizing phi
Optimizing branch lengths. Current phi: 0. Current nu:0.2682403752515795
Optimizing nu
Mstep runtime (s): 0.24138784408569336
Finished EM iter: 4. Current nllh: 7233.972772767309
Starting EM iter: 5
Estep
Estep runtime (s): 0.08588576316833496
Mstep
Optimizing phi
Optimizing branch lengths. Current phi: 0. Current nu:0.26731791032276997
Optimizing nu
Mstep runtime (s): 0.22174811363220215
Finished EM iter: 5. Current nllh: 7233.882799085996
Starting EM iter: 6
Estep
Estep runtime (s): 0.08529305458068848
Mstep
Optimizing phi
Optimizing branch lengths. Current phi: 0. Current nu:0.2669829729653665
Optimizing nu
Mstep runtime (s): 0.20668888092041016
Finished EM iter: 6. Current nllh: 7233.848642127371
Starting EM iter: 7
Estep
Estep runtime (s): 0.0858159065246582
Mstep
Optimizing phi
Optimizing branch lengths. Current phi: 0. Current nu:0.2668660509188289
Optimizing nu
Mstep runtime (s): 0.2070598602294922
Finished EM iter: 7. Current nllh: 7233.8266414781465
Starting EM iter: 8
Estep
Estep runtime (s): 0.08566617965698242
Mstep
Optimizing phi
Optimizing branch lengths. Current phi: 0. Current nu:0.2668273392260163
Optimizing nu
Mstep runtime (s): 0.22161483764648438
Finished EM iter: 8. Current nllh: 7233.811471913106
Starting EM iter: 9
Estep
Estep runtime (s): 0.08597207069396973
Mstep
Optimizing phi
Optimizing branch lengths. Current phi: 0. Current nu:0.26681456217720284
Optimizing nu
Mstep runtime (s): 0.18904685974121094
Finished EM iter: 9. Current nllh: 7233.800854886754
Starting EM iter: 10
Estep
Estep runtime (s): 0.08584403991699219
Mstep
Optimizing phi
Optimizing branch lengths. Current phi: 0. Current nu:0.2668109691891931
Optimizing nu
Mstep runtime (s): 0.22682905197143555
Finished EM iter: 10. Current nllh: 7233.794318946695
Starting EM iter: 11
Estep
Estep runtime (s): 0.08574318885803223
Mstep
Optimizing phi
Optimizing branch lengths. Current phi: 0. Current nu:0.26680867699940747
Optimizing nu
Mstep runtime (s): 0.20179009437561035
Finished EM iter: 11. Current nllh: 7233.794308735667
EM finished after 11 iterations.
Optimal phi: 0. Optimal nu: 0.2668041994639036. Optimal nllh: 7233.794308735667
Optimal point found for initial point 1
Numerical optimization finished successfully
Tree height pre-scaling: 0.7083642630036847, input timescale: 1.0
Tree height after scaling: 1.0, mutation rate: 0.7083642630036847
Tree height pre-scaling: 0.7083642630858538, input timescale: 1.0
Tree height after scaling: 0.9999999999999999, mutation rate: 0.7083642630858538
Tree height pre-scaling: 0.7083642633023594, input timescale: 1.0
Tree height after scaling: 0.9999999999999999, mutation rate: 0.7083642633023594
Tree height pre-scaling: 0.7083642629057476, input timescale: 1.0
Tree height after scaling: 1.0, mutation rate: 0.7083642629057476
Tree height pre-scaling: 0.7083642637324644, input timescale: 1.0
Tree height after scaling: 1.0, mutation rate: 0.7083642637324644
Tree height pre-scaling: 0.7083642629566405, input timescale: 1.0
Tree height after scaling: 1.0, mutation rate: 0.7083642629566405
Tree height pre-scaling: 0.7083642630844313, input timescale: 1.0
Tree height after scaling: 1.0, mutation rate: 0.7083642630844313
Tree height pre-scaling: 0.7083642635846338, input timescale: 1.0
Tree height after scaling: 1.0000000000000002, mutation rate: 0.7083642635846338
Tree height pre-scaling: 0.7083642629869014, input timescale: 1.0
Tree height after scaling: 1.0, mutation rate: 0.7083642629869014
Tree height pre-scaling: 0.7083642628098519, input timescale: 1.0
Tree height after scaling: 1.0, mutation rate: 0.7083642628098519
Tree height pre-scaling: 0.7083642632192623, input timescale: 1.0
Tree height after scaling: 1.0, mutation rate: 0.7083642632192623
Tree height pre-scaling: 0.7083642635292955, input timescale: 1.0
Tree height after scaling: 1.0, mutation rate: 0.7083642635292955
Tree height pre-scaling: 0.7083642632241747, input timescale: 1.0
Tree height after scaling: 1.0, mutation rate: 0.7083642632241747
Runtime (s): 3.711769625
