Launching LAML version 0.0.4
LAML was called as follows: /Users/uym2/my_gits/LAML/run_laml.py -c ../../evaluation/Bar11/Bar11_character_matrix.txt -t place_outlier4/augmented_tree_165.nwk -o place_outlier4/augmented_tree_165_optimized -v -p ../../evaluation/Bar11/Bar11_priors.pickle --delimiter tab -m -1 --nInitials 1
Prior keys mismatch with site names.
Prior keys: [0, 1, 2, 3, 4, 5, 6, 7, 8, 9, 10, 11, 12, 13, 14, 15, 16, 17, 18, 19, 20, 21, 22, 23, 24, 25, 26]
Site names: ['r1', 'r2', 'r3', 'r4', 'r5', 'r6', 'r7', 'r8', 'r9', 'r10', 'r11', 'r12', 'r13', 'r14', 'r15', 'r16', 'r17', 'r18', 'r19', 'r20', 'r21', 'r22', 'r23', 'r24', 'r25', 'r26', 'r27']
Attempting to infer mapping between site names and prior keys...
{'r1': 0, 'r2': 1, 'r3': 2, 'r4': 3, 'r5': 4, 'r6': 5, 'r7': 6, 'r8': 7, 'r9': 8, 'r10': 9, 'r11': 10, 'r12': 11, 'r13': 12, 'r14': 13, 'r15': 14, 'r16': 15, 'r17': 16, 'r18': 17, 'r19': 18, 'r20': 19, 'r21': 20, 'r22': 21, 'r23': 22, 'r24': 23, 'r25': 24, 'r26': 25, 'r27': 26}
Optimizing branch lengths, phi, and nu without topology search
Optimization by EM algorithm
Optimization start with 1 initials
Initial point 1. Random seed: 1870
Numerical optimization started with ultrametric constraint (default)
Initial phi: 0. Initial nu: 0.26955655566205877. Initial nllh: 8825.900026530535
Starting EM iter: 1
Estep
Estep runtime (s): 0.06534314155578613
Mstep
Optimizing phi
Optimizing branch lengths. Current phi: 0. Current nu:0.26955655566205877
Optimizing nu
Mstep runtime (s): 0.23242688179016113
Finished EM iter: 1. Current nllh: 7367.263070577634
Starting EM iter: 2
Estep
Estep runtime (s): 0.08501577377319336
Mstep
Optimizing phi
Optimizing branch lengths. Current phi: 0. Current nu:0.2741948300268759
Optimizing nu
Mstep runtime (s): 0.19446301460266113
Finished EM iter: 2. Current nllh: 7333.790327184763
Starting EM iter: 3
Estep
Estep runtime (s): 0.08505487442016602
Mstep
Optimizing phi
Optimizing branch lengths. Current phi: 0. Current nu:0.2703309765223196
Optimizing nu
Mstep runtime (s): 0.19183802604675293
Finished EM iter: 3. Current nllh: 7330.351395347643
Starting EM iter: 4
Estep
Estep runtime (s): 0.08537077903747559
Mstep
Optimizing phi
Optimizing branch lengths. Current phi: 0. Current nu:0.26781486177015473
Optimizing nu
Mstep runtime (s): 0.23241710662841797
Finished EM iter: 4. Current nllh: 7329.967760120413
Starting EM iter: 5
Estep
Estep runtime (s): 0.08544635772705078
Mstep
Optimizing phi
Optimizing branch lengths. Current phi: 0. Current nu:0.26683268862125337
Optimizing nu
Mstep runtime (s): 0.19255495071411133
Finished EM iter: 5. Current nllh: 7329.898661857347
Starting EM iter: 6
Estep
Estep runtime (s): 0.08494019508361816
Mstep
Optimizing phi
Optimizing branch lengths. Current phi: 0. Current nu:0.26647865409451255
Optimizing nu
Mstep runtime (s): 0.22496294975280762
Finished EM iter: 6. Current nllh: 7329.863816534149
Starting EM iter: 7
Estep
Estep runtime (s): 0.08833718299865723
Mstep
Optimizing phi
Optimizing branch lengths. Current phi: 0. Current nu:0.2663535295874019
Optimizing nu
Mstep runtime (s): 0.1924300193786621
Finished EM iter: 7. Current nllh: 7329.8417286914
Starting EM iter: 8
Estep
Estep runtime (s): 0.08544516563415527
Mstep
Optimizing phi
Optimizing branch lengths. Current phi: 0. Current nu:0.2663072865253113
Optimizing nu
Mstep runtime (s): 0.22125506401062012
Finished EM iter: 8. Current nllh: 7329.826386326851
Starting EM iter: 9
Estep
Estep runtime (s): 0.08664298057556152
Mstep
Optimizing phi
Optimizing branch lengths. Current phi: 0. Current nu:0.26629159681436665
Optimizing nu
Mstep runtime (s): 0.23546791076660156
Finished EM iter: 9. Current nllh: 7329.8159469041375
Starting EM iter: 10
Estep
Estep runtime (s): 0.0855400562286377
Mstep
Optimizing phi
Optimizing branch lengths. Current phi: 0. Current nu:0.2662825241528309
Optimizing nu
Mstep runtime (s): 0.1904010772705078
Finished EM iter: 10. Current nllh: 7329.809249502993
Starting EM iter: 11
Estep
Estep runtime (s): 0.08542966842651367
Mstep
Optimizing phi
Optimizing branch lengths. Current phi: 0. Current nu:0.2662781017860382
Optimizing nu
Mstep runtime (s): 0.18065214157104492
Finished EM iter: 11. Current nllh: 7329.809269519712
EM finished after 11 iterations.
Optimal phi: 0. Optimal nu: 0.26627252970930365. Optimal nllh: 7329.809269519712
Optimal point found for initial point 1
Numerical optimization finished successfully
Tree height pre-scaling: 0.7101267802380167, input timescale: 1.0
Tree height after scaling: 1.0000000000000002, mutation rate: 0.7101267802380167
Tree height pre-scaling: 0.710126780302619, input timescale: 1.0
Tree height after scaling: 0.9999999999999999, mutation rate: 0.710126780302619
Tree height pre-scaling: 0.7101267806652525, input timescale: 1.0
Tree height after scaling: 1.0, mutation rate: 0.7101267806652525
Tree height pre-scaling: 0.7101267810904748, input timescale: 1.0
Tree height after scaling: 1.0, mutation rate: 0.7101267810904748
Tree height pre-scaling: 0.7101267805640876, input timescale: 1.0
Tree height after scaling: 0.9999999999999999, mutation rate: 0.7101267805640876
Tree height pre-scaling: 0.7101267801176099, input timescale: 1.0
Tree height after scaling: 1.0, mutation rate: 0.7101267801176099
Tree height pre-scaling: 0.7101267812299501, input timescale: 1.0
Tree height after scaling: 1.0, mutation rate: 0.7101267812299501
Tree height pre-scaling: 0.7101267801899623, input timescale: 1.0
Tree height after scaling: 1.0, mutation rate: 0.7101267801899623
Tree height pre-scaling: 0.7101267802854692, input timescale: 1.0
Tree height after scaling: 0.9999999999999998, mutation rate: 0.7101267802854692
Tree height pre-scaling: 0.7101267809738143, input timescale: 1.0
Tree height after scaling: 0.9999999999999999, mutation rate: 0.7101267809738143
Tree height pre-scaling: 0.7101267802160268, input timescale: 1.0
Tree height after scaling: 1.0, mutation rate: 0.7101267802160268
Tree height pre-scaling: 0.7101267799760106, input timescale: 1.0
Tree height after scaling: 1.0, mutation rate: 0.7101267799760106
Tree height pre-scaling: 0.710126780894861, input timescale: 1.0
Tree height after scaling: 1.0, mutation rate: 0.710126780894861
Runtime (s): 3.638678417
