Launching LAML version 0.0.4
LAML was called as follows: /Users/uym2/my_gits/LAML/run_laml.py -c ../../evaluation/Bar11/Bar11_character_matrix.txt -t place_outlier4/augmented_tree_36.nwk -o place_outlier4/augmented_tree_36_optimized -v -p ../../evaluation/Bar11/Bar11_priors.pickle --delimiter tab -m -1 --nInitials 1
Prior keys mismatch with site names.
Prior keys: [0, 1, 2, 3, 4, 5, 6, 7, 8, 9, 10, 11, 12, 13, 14, 15, 16, 17, 18, 19, 20, 21, 22, 23, 24, 25, 26]
Site names: ['r1', 'r2', 'r3', 'r4', 'r5', 'r6', 'r7', 'r8', 'r9', 'r10', 'r11', 'r12', 'r13', 'r14', 'r15', 'r16', 'r17', 'r18', 'r19', 'r20', 'r21', 'r22', 'r23', 'r24', 'r25', 'r26', 'r27']
Attempting to infer mapping between site names and prior keys...
{'r1': 0, 'r2': 1, 'r3': 2, 'r4': 3, 'r5': 4, 'r6': 5, 'r7': 6, 'r8': 7, 'r9': 8, 'r10': 9, 'r11': 10, 'r12': 11, 'r13': 12, 'r14': 13, 'r15': 14, 'r16': 15, 'r17': 16, 'r18': 17, 'r19': 18, 'r20': 19, 'r21': 20, 'r22': 21, 'r23': 22, 'r24': 23, 'r25': 24, 'r26': 25, 'r27': 26}
Optimizing branch lengths, phi, and nu without topology search
Optimization by EM algorithm
Optimization start with 1 initials
Initial point 1. Random seed: 5819
Numerical optimization started with ultrametric constraint (default)
Initial phi: 0. Initial nu: 0.26955655566205877. Initial nllh: 8694.488702210396
Starting EM iter: 1
Estep
Estep runtime (s): 0.06346797943115234
Mstep
Optimizing phi
Optimizing branch lengths. Current phi: 0. Current nu:0.26955655566205877
Optimizing nu
Mstep runtime (s): 0.21035480499267578
Finished EM iter: 1. Current nllh: 7367.1100866804845
Starting EM iter: 2
Estep
Estep runtime (s): 0.08594107627868652
Mstep
Optimizing phi
Optimizing branch lengths. Current phi: 0. Current nu:0.27458264831864754
Optimizing nu
Mstep runtime (s): 0.19307684898376465
Finished EM iter: 2. Current nllh: 7337.466610551142
Starting EM iter: 3
Estep
Estep runtime (s): 0.08607602119445801
Mstep
Optimizing phi
Optimizing branch lengths. Current phi: 0. Current nu:0.27109911438457795
Optimizing nu
Mstep runtime (s): 0.19253015518188477
Finished EM iter: 3. Current nllh: 7334.000700391835
Starting EM iter: 4
Estep
Estep runtime (s): 0.08589911460876465
Mstep
Optimizing phi
Optimizing branch lengths. Current phi: 0. Current nu:0.26883416624077305
Optimizing nu
Mstep runtime (s): 0.20681309700012207
Finished EM iter: 4. Current nllh: 7333.473279930149
Starting EM iter: 5
Estep
Estep runtime (s): 0.08596301078796387
Mstep
Optimizing phi
Optimizing branch lengths. Current phi: 0. Current nu:0.26780668129056223
Optimizing nu
Mstep runtime (s): 0.22159314155578613
Finished EM iter: 5. Current nllh: 7333.303118492254
Starting EM iter: 6
Estep
Estep runtime (s): 0.08706998825073242
Mstep
Optimizing phi
Optimizing branch lengths. Current phi: 0. Current nu:0.2673658878267832
Optimizing nu
Mstep runtime (s): 0.24879717826843262
Finished EM iter: 6. Current nllh: 7333.238369000004
Starting EM iter: 7
Estep
Estep runtime (s): 0.0860280990600586
Mstep
Optimizing phi
Optimizing branch lengths. Current phi: 0. Current nu:0.267177194779387
Optimizing nu
Mstep runtime (s): 0.20907998085021973
Finished EM iter: 7. Current nllh: 7333.207659993132
Starting EM iter: 8
Estep
Estep runtime (s): 0.08774495124816895
Mstep
Optimizing phi
Optimizing branch lengths. Current phi: 0. Current nu:0.2670946590342842
Optimizing nu
Mstep runtime (s): 0.24192190170288086
Finished EM iter: 8. Current nllh: 7333.189880609647
Starting EM iter: 9
Estep
Estep runtime (s): 0.08692789077758789
Mstep
Optimizing phi
Optimizing branch lengths. Current phi: 0. Current nu:0.2670582021984142
Optimizing nu
Mstep runtime (s): 0.2276618480682373
Finished EM iter: 9. Current nllh: 7333.178249586939
Starting EM iter: 10
Estep
Estep runtime (s): 0.08686184883117676
Mstep
Optimizing phi
Optimizing branch lengths. Current phi: 0. Current nu:0.26703990049459025
Optimizing nu
Mstep runtime (s): 0.20358610153198242
Finished EM iter: 10. Current nllh: 7333.17079531444
Starting EM iter: 11
Estep
Estep runtime (s): 0.08746004104614258
Mstep
Optimizing phi
Optimizing branch lengths. Current phi: 0. Current nu:0.2670328363758986
Optimizing nu
Mstep runtime (s): 0.2246229648590088
Finished EM iter: 11. Current nllh: 7333.170638201516
Starting EM iter: 12
Estep
Estep runtime (s): 0.08649611473083496
Mstep
Optimizing phi
Optimizing branch lengths. Current phi: 0. Current nu:0.2670243725916486
Optimizing nu
Mstep runtime (s): 0.19831395149230957
Finished EM iter: 12. Current nllh: 7333.170666858138
EM finished after 12 iterations.
Optimal phi: 0. Optimal nu: 0.2670223436112359. Optimal nllh: 7333.170666858138
Optimal point found for initial point 1
Numerical optimization finished successfully
Tree height pre-scaling: 0.7168196194645743, input timescale: 1.0
Tree height after scaling: 1.0, mutation rate: 0.7168196194645743
Tree height pre-scaling: 0.7168196194647145, input timescale: 1.0
Tree height after scaling: 1.0, mutation rate: 0.7168196194647145
Tree height pre-scaling: 0.716819619476553, input timescale: 1.0
Tree height after scaling: 1.0, mutation rate: 0.716819619476553
Tree height pre-scaling: 0.7168196194861609, input timescale: 1.0
Tree height after scaling: 0.9999999999999998, mutation rate: 0.7168196194861609
Tree height pre-scaling: 0.716819619479575, input timescale: 1.0
Tree height after scaling: 1.0, mutation rate: 0.716819619479575
Tree height pre-scaling: 0.7168196194565382, input timescale: 1.0
Tree height after scaling: 1.0, mutation rate: 0.7168196194565382
Tree height pre-scaling: 0.7168196194632217, input timescale: 1.0
Tree height after scaling: 1.0000000000000002, mutation rate: 0.7168196194632217
Tree height pre-scaling: 0.7168196194707893, input timescale: 1.0
Tree height after scaling: 0.9999999999999999, mutation rate: 0.7168196194707893
Tree height pre-scaling: 0.7168196194575349, input timescale: 1.0
Tree height after scaling: 1.0000000000000002, mutation rate: 0.7168196194575349
Tree height pre-scaling: 0.7168196194635252, input timescale: 1.0
Tree height after scaling: 0.9999999999999999, mutation rate: 0.7168196194635252
Tree height pre-scaling: 0.7168196194739213, input timescale: 1.0
Tree height after scaling: 1.0, mutation rate: 0.7168196194739213
Tree height pre-scaling: 0.7168196194606937, input timescale: 1.0
Tree height after scaling: 1.0000000000000002, mutation rate: 0.7168196194606937
Tree height pre-scaling: 0.7168196195111829, input timescale: 1.0
Tree height after scaling: 0.9999999999999999, mutation rate: 0.7168196195111829
Runtime (s): 4.049119834
