Launching LAML version 0.0.4
LAML was called as follows: /Users/uym2/my_gits/LAML/run_laml.py -c ../../evaluation/Bar11/Bar11_character_matrix.txt -t place_outlier4/augmented_tree_137.nwk -o place_outlier4/augmented_tree_137_optimized -v -p ../../evaluation/Bar11/Bar11_priors.pickle --delimiter tab -m -1 --nInitials 1
Prior keys mismatch with site names.
Prior keys: [0, 1, 2, 3, 4, 5, 6, 7, 8, 9, 10, 11, 12, 13, 14, 15, 16, 17, 18, 19, 20, 21, 22, 23, 24, 25, 26]
Site names: ['r1', 'r2', 'r3', 'r4', 'r5', 'r6', 'r7', 'r8', 'r9', 'r10', 'r11', 'r12', 'r13', 'r14', 'r15', 'r16', 'r17', 'r18', 'r19', 'r20', 'r21', 'r22', 'r23', 'r24', 'r25', 'r26', 'r27']
Attempting to infer mapping between site names and prior keys...
{'r1': 0, 'r2': 1, 'r3': 2, 'r4': 3, 'r5': 4, 'r6': 5, 'r7': 6, 'r8': 7, 'r9': 8, 'r10': 9, 'r11': 10, 'r12': 11, 'r13': 12, 'r14': 13, 'r15': 14, 'r16': 15, 'r17': 16, 'r18': 17, 'r19': 18, 'r20': 19, 'r21': 20, 'r22': 21, 'r23': 22, 'r24': 23, 'r25': 24, 'r26': 25, 'r27': 26}
Optimizing branch lengths, phi, and nu without topology search
Optimization by EM algorithm
Optimization start with 1 initials
Initial point 1. Random seed: 5830
Numerical optimization started with ultrametric constraint (default)
Initial phi: 0. Initial nu: 0.26955655566205877. Initial nllh: 9186.120877127141
Starting EM iter: 1
Estep
Estep runtime (s): 0.06401991844177246
Mstep
Optimizing phi
Optimizing branch lengths. Current phi: 0. Current nu:0.26955655566205877
Optimizing nu
Mstep runtime (s): 0.24648499488830566
Finished EM iter: 1. Current nllh: 7623.101830195948
Starting EM iter: 2
Estep
Estep runtime (s): 0.08485984802246094
Mstep
Optimizing phi
Optimizing branch lengths. Current phi: 0. Current nu:0.2728990059747632
Optimizing nu
Mstep runtime (s): 0.2233591079711914
Finished EM iter: 2. Current nllh: 7592.57475099732
Starting EM iter: 3
Estep
Estep runtime (s): 0.08679080009460449
Mstep
Optimizing phi
Optimizing branch lengths. Current phi: 0. Current nu:0.2704368596493752
Optimizing nu
Mstep runtime (s): 0.2166738510131836
Finished EM iter: 3. Current nllh: 7588.360188930771
Starting EM iter: 4
Estep
Estep runtime (s): 0.08541011810302734
Mstep
Optimizing phi
Optimizing branch lengths. Current phi: 0. Current nu:0.2684835719496898
Optimizing nu
Mstep runtime (s): 0.2235260009765625
Finished EM iter: 4. Current nllh: 7587.883426154722
Starting EM iter: 5
Estep
Estep runtime (s): 0.09026384353637695
Mstep
Optimizing phi
Optimizing branch lengths. Current phi: 0. Current nu:0.2675428353578374
Optimizing nu
Mstep runtime (s): 0.2736999988555908
Finished EM iter: 5. Current nllh: 7587.785924362639
Starting EM iter: 6
Estep
Estep runtime (s): 0.08659791946411133
Mstep
Optimizing phi
Optimizing branch lengths. Current phi: 0. Current nu:0.2671939475588772
Optimizing nu
Mstep runtime (s): 0.244642972946167
Finished EM iter: 6. Current nllh: 7587.745391118564
Starting EM iter: 7
Estep
Estep runtime (s): 0.08597612380981445
Mstep
Optimizing phi
Optimizing branch lengths. Current phi: 0. Current nu:0.2670669135844403
Optimizing nu
Mstep runtime (s): 0.23914408683776855
Finished EM iter: 7. Current nllh: 7587.722445094633
Starting EM iter: 8
Estep
Estep runtime (s): 0.08518481254577637
Mstep
Optimizing phi
Optimizing branch lengths. Current phi: 0. Current nu:0.2670197013856432
Optimizing nu
Mstep runtime (s): 0.22263884544372559
Finished EM iter: 8. Current nllh: 7587.707315349516
Starting EM iter: 9
Estep
Estep runtime (s): 0.08433270454406738
Mstep
Optimizing phi
Optimizing branch lengths. Current phi: 0. Current nu:0.26700139684884727
Optimizing nu
Mstep runtime (s): 0.21929597854614258
Finished EM iter: 9. Current nllh: 7587.696516826619
Starting EM iter: 10
Estep
Estep runtime (s): 0.08490490913391113
Mstep
Optimizing phi
Optimizing branch lengths. Current phi: 0. Current nu:0.26699349090681573
Optimizing nu
Mstep runtime (s): 0.19497108459472656
Finished EM iter: 10. Current nllh: 7587.689016679722
Starting EM iter: 11
Estep
Estep runtime (s): 0.08459115028381348
Mstep
Optimizing phi
Optimizing branch lengths. Current phi: 0. Current nu:0.26699029033615684
Optimizing nu
Mstep runtime (s): 0.19303321838378906
Finished EM iter: 11. Current nllh: 7587.688854071528
Starting EM iter: 12
Estep
Estep runtime (s): 0.08490109443664551
Mstep
Optimizing phi
Optimizing branch lengths. Current phi: 0. Current nu:0.26698439786718864
Optimizing nu
Mstep runtime (s): 0.21484017372131348
Finished EM iter: 12. Current nllh: 7587.688669123946
Starting EM iter: 13
Estep
Estep runtime (s): 0.08463001251220703
Mstep
Optimizing phi
Optimizing branch lengths. Current phi: 0. Current nu:0.26698210540330997
Optimizing nu
Mstep runtime (s): 0.19434905052185059
Finished EM iter: 13. Current nllh: 7587.688975812152
Starting EM iter: 14
Estep
Estep runtime (s): 0.08444094657897949
Mstep
Optimizing phi
Optimizing branch lengths. Current phi: 0. Current nu:0.2669816373939204
Optimizing nu
Mstep runtime (s): 0.2485790252685547
Finished EM iter: 14. Current nllh: 7587.688976160458
EM finished after 14 iterations.
Optimal phi: 0. Optimal nu: 0.2669809855461798. Optimal nllh: 7587.688976160458
Optimal point found for initial point 1
Numerical optimization finished successfully
Tree height pre-scaling: 0.7287897315436022, input timescale: 1.0
Tree height after scaling: 1.0, mutation rate: 0.7287897315436022
Tree height pre-scaling: 0.7287897315427696, input timescale: 1.0
Tree height after scaling: 1.0, mutation rate: 0.7287897315427696
Tree height pre-scaling: 0.728789731550365, input timescale: 1.0
Tree height after scaling: 1.0, mutation rate: 0.728789731550365
Tree height pre-scaling: 0.7287897315538285, input timescale: 1.0
Tree height after scaling: 0.9999999999999999, mutation rate: 0.7287897315538285
Tree height pre-scaling: 0.7287897315499556, input timescale: 1.0
Tree height after scaling: 1.0, mutation rate: 0.7287897315499556
Tree height pre-scaling: 0.7287897315387061, input timescale: 1.0
Tree height after scaling: 1.0, mutation rate: 0.7287897315387061
Tree height pre-scaling: 0.7287897315420799, input timescale: 1.0
Tree height after scaling: 1.0, mutation rate: 0.7287897315420799
Tree height pre-scaling: 0.7287897315494988, input timescale: 1.0
Tree height after scaling: 0.9999999999999999, mutation rate: 0.7287897315494988
Tree height pre-scaling: 0.7287897315408494, input timescale: 1.0
Tree height after scaling: 1.0, mutation rate: 0.7287897315408494
Tree height pre-scaling: 0.7287897315582099, input timescale: 1.0
Tree height after scaling: 1.0, mutation rate: 0.7287897315582099
Tree height pre-scaling: 0.7287897315419916, input timescale: 1.0
Tree height after scaling: 1.0, mutation rate: 0.7287897315419916
Tree height pre-scaling: 0.7287897315437013, input timescale: 1.0
Tree height after scaling: 1.0, mutation rate: 0.7287897315437013
Tree height pre-scaling: 0.7287897315988455, input timescale: 1.0
Tree height after scaling: 1.0, mutation rate: 0.7287897315988455
Runtime (s): 4.828199833
