Launching LAML version 0.0.4
LAML was called as follows: /Users/uym2/my_gits/LAML/run_laml.py -c ../../evaluation/Bar11/Bar11_character_matrix.txt -t place_outlier4/augmented_tree_167.nwk -o place_outlier4/augmented_tree_167_optimized -v -p ../../evaluation/Bar11/Bar11_priors.pickle --delimiter tab -m -1 --nInitials 1
Prior keys mismatch with site names.
Prior keys: [0, 1, 2, 3, 4, 5, 6, 7, 8, 9, 10, 11, 12, 13, 14, 15, 16, 17, 18, 19, 20, 21, 22, 23, 24, 25, 26]
Site names: ['r1', 'r2', 'r3', 'r4', 'r5', 'r6', 'r7', 'r8', 'r9', 'r10', 'r11', 'r12', 'r13', 'r14', 'r15', 'r16', 'r17', 'r18', 'r19', 'r20', 'r21', 'r22', 'r23', 'r24', 'r25', 'r26', 'r27']
Attempting to infer mapping between site names and prior keys...
{'r1': 0, 'r2': 1, 'r3': 2, 'r4': 3, 'r5': 4, 'r6': 5, 'r7': 6, 'r8': 7, 'r9': 8, 'r10': 9, 'r11': 10, 'r12': 11, 'r13': 12, 'r14': 13, 'r15': 14, 'r16': 15, 'r17': 16, 'r18': 17, 'r19': 18, 'r20': 19, 'r21': 20, 'r22': 21, 'r23': 22, 'r24': 23, 'r25': 24, 'r26': 25, 'r27': 26}
Optimizing branch lengths, phi, and nu without topology search
Optimization by EM algorithm
Optimization start with 1 initials
Initial point 1. Random seed: 4186
Numerical optimization started with ultrametric constraint (default)
Initial phi: 0. Initial nu: 0.26955655566205877. Initial nllh: 8778.220578595654
Starting EM iter: 1
Estep
Estep runtime (s): 0.06458616256713867
Mstep
Optimizing phi
Optimizing branch lengths. Current phi: 0. Current nu:0.26955655566205877
Optimizing nu
Mstep runtime (s): 0.21924686431884766
Finished EM iter: 1. Current nllh: 7335.956424114791
Starting EM iter: 2
Estep
Estep runtime (s): 0.08553290367126465
Mstep
Optimizing phi
Optimizing branch lengths. Current phi: 0. Current nu:0.2742652230062258
Optimizing nu
Mstep runtime (s): 0.20199823379516602
Finished EM iter: 2. Current nllh: 7302.177095646746
Starting EM iter: 3
Estep
Estep runtime (s): 0.08666181564331055
Mstep
Optimizing phi
Optimizing branch lengths. Current phi: 0. Current nu:0.270312076485704
Optimizing nu
Mstep runtime (s): 0.21548891067504883
Finished EM iter: 3. Current nllh: 7298.76270575332
Starting EM iter: 4
Estep
Estep runtime (s): 0.08577203750610352
Mstep
Optimizing phi
Optimizing branch lengths. Current phi: 0. Current nu:0.26777058863159764
Optimizing nu
Mstep runtime (s): 0.20680499076843262
Finished EM iter: 4. Current nllh: 7298.383829607689
Starting EM iter: 5
Estep
Estep runtime (s): 0.08605575561523438
Mstep
Optimizing phi
Optimizing branch lengths. Current phi: 0. Current nu:0.26678616611189654
Optimizing nu
Mstep runtime (s): 0.21959805488586426
Finished EM iter: 5. Current nllh: 7298.315311609239
Starting EM iter: 6
Estep
Estep runtime (s): 0.08746099472045898
Mstep
Optimizing phi
Optimizing branch lengths. Current phi: 0. Current nu:0.26643236094972017
Optimizing nu
Mstep runtime (s): 0.19658493995666504
Finished EM iter: 6. Current nllh: 7298.280738799523
Starting EM iter: 7
Estep
Estep runtime (s): 0.08664274215698242
Mstep
Optimizing phi
Optimizing branch lengths. Current phi: 0. Current nu:0.2663076594095375
Optimizing nu
Mstep runtime (s): 0.23442411422729492
Finished EM iter: 7. Current nllh: 7298.25871135206
Starting EM iter: 8
Estep
Estep runtime (s): 0.08651900291442871
Mstep
Optimizing phi
Optimizing branch lengths. Current phi: 0. Current nu:0.26626216746278086
Optimizing nu
Mstep runtime (s): 0.22448992729187012
Finished EM iter: 8. Current nllh: 7298.243540159953
Starting EM iter: 9
Estep
Estep runtime (s): 0.08768987655639648
Mstep
Optimizing phi
Optimizing branch lengths. Current phi: 0. Current nu:0.26624426404935203
Optimizing nu
Mstep runtime (s): 0.21583795547485352
Finished EM iter: 9. Current nllh: 7298.232942887921
Starting EM iter: 10
Estep
Estep runtime (s): 0.08611488342285156
Mstep
Optimizing phi
Optimizing branch lengths. Current phi: 0. Current nu:0.266236216840961
Optimizing nu
Mstep runtime (s): 0.18768906593322754
Finished EM iter: 10. Current nllh: 7298.226277125293
Starting EM iter: 11
Estep
Estep runtime (s): 0.08632612228393555
Mstep
Optimizing phi
Optimizing branch lengths. Current phi: 0. Current nu:0.26623216219231755
Optimizing nu
Mstep runtime (s): 0.20912480354309082
Finished EM iter: 11. Current nllh: 7298.226293299048
EM finished after 11 iterations.
Optimal phi: 0. Optimal nu: 0.26622655227664055. Optimal nllh: 7298.226293299048
Optimal point found for initial point 1
Numerical optimization finished successfully
Tree height pre-scaling: 0.7095865549138557, input timescale: 1.0
Tree height after scaling: 1.0, mutation rate: 0.7095865549138557
Tree height pre-scaling: 0.7095865549216956, input timescale: 1.0
Tree height after scaling: 1.0, mutation rate: 0.7095865549216956
Tree height pre-scaling: 0.7095865549530397, input timescale: 1.0
Tree height after scaling: 1.0, mutation rate: 0.7095865549530397
Tree height pre-scaling: 0.7095865549961631, input timescale: 1.0
Tree height after scaling: 0.9999999999999999, mutation rate: 0.7095865549961631
Tree height pre-scaling: 0.7095865549440596, input timescale: 1.0
Tree height after scaling: 1.0, mutation rate: 0.7095865549440596
Tree height pre-scaling: 0.7095865549022842, input timescale: 1.0
Tree height after scaling: 0.9999999999999999, mutation rate: 0.7095865549022842
Tree height pre-scaling: 0.7095865550066474, input timescale: 1.0
Tree height after scaling: 1.0, mutation rate: 0.7095865550066474
Tree height pre-scaling: 0.7095865549091459, input timescale: 1.0
Tree height after scaling: 1.0, mutation rate: 0.7095865549091459
Tree height pre-scaling: 0.7095865549190635, input timescale: 1.0
Tree height after scaling: 1.0, mutation rate: 0.7095865549190635
Tree height pre-scaling: 0.7095865549825313, input timescale: 1.0
Tree height after scaling: 0.9999999999999999, mutation rate: 0.7095865549825313
Tree height pre-scaling: 0.7095865549108649, input timescale: 1.0
Tree height after scaling: 1.0, mutation rate: 0.7095865549108649
Tree height pre-scaling: 0.7095865548895204, input timescale: 1.0
Tree height after scaling: 0.9999999999999999, mutation rate: 0.7095865548895204
Tree height pre-scaling: 0.70958655497591, input timescale: 1.0
Tree height after scaling: 1.0, mutation rate: 0.70958655497591
Runtime (s): 3.693686458
