Launching LAML version 0.0.4
LAML was called as follows: /Users/uym2/my_gits/LAML/run_laml.py -c ../../evaluation/Bar11/Bar11_character_matrix.txt -t place_outlier4/augmented_tree_292.nwk -o place_outlier4/augmented_tree_292_optimized -v -p ../../evaluation/Bar11/Bar11_priors.pickle --delimiter tab -m -1 --nInitials 1
Prior keys mismatch with site names.
Prior keys: [0, 1, 2, 3, 4, 5, 6, 7, 8, 9, 10, 11, 12, 13, 14, 15, 16, 17, 18, 19, 20, 21, 22, 23, 24, 25, 26]
Site names: ['r1', 'r2', 'r3', 'r4', 'r5', 'r6', 'r7', 'r8', 'r9', 'r10', 'r11', 'r12', 'r13', 'r14', 'r15', 'r16', 'r17', 'r18', 'r19', 'r20', 'r21', 'r22', 'r23', 'r24', 'r25', 'r26', 'r27']
Attempting to infer mapping between site names and prior keys...
{'r1': 0, 'r2': 1, 'r3': 2, 'r4': 3, 'r5': 4, 'r6': 5, 'r7': 6, 'r8': 7, 'r9': 8, 'r10': 9, 'r11': 10, 'r12': 11, 'r13': 12, 'r14': 13, 'r15': 14, 'r16': 15, 'r17': 16, 'r18': 17, 'r19': 18, 'r20': 19, 'r21': 20, 'r22': 21, 'r23': 22, 'r24': 23, 'r25': 24, 'r26': 25, 'r27': 26}
Optimizing branch lengths, phi, and nu without topology search
Optimization by EM algorithm
Optimization start with 1 initials
Initial point 1. Random seed: 711
Numerical optimization started with ultrametric constraint (default)
Initial phi: 0. Initial nu: 0.26955655566205877. Initial nllh: 8617.727432464097
Starting EM iter: 1
Estep
Estep runtime (s): 0.0645897388458252
Mstep
Optimizing phi
Optimizing branch lengths. Current phi: 0. Current nu:0.26955655566205877
Optimizing nu
Mstep runtime (s): 0.2145850658416748
Finished EM iter: 1. Current nllh: 7262.145064231792
Starting EM iter: 2
Estep
Estep runtime (s): 0.08559632301330566
Mstep
Optimizing phi
Optimizing branch lengths. Current phi: 0. Current nu:0.2714914528164924
Optimizing nu
Mstep runtime (s): 0.20586872100830078
Finished EM iter: 2. Current nllh: 7237.063115923268
Starting EM iter: 3
Estep
Estep runtime (s): 0.0873100757598877
Mstep
Optimizing phi
Optimizing branch lengths. Current phi: 0. Current nu:0.2698109015250108
Optimizing nu
Mstep runtime (s): 0.2292008399963379
Finished EM iter: 3. Current nllh: 7234.056182017226
Starting EM iter: 4
Estep
Estep runtime (s): 0.08486819267272949
Mstep
Optimizing phi
Optimizing branch lengths. Current phi: 0. Current nu:0.2681481472899732
Optimizing nu
Mstep runtime (s): 0.19140386581420898
Finished EM iter: 4. Current nllh: 7233.7812767834275
Starting EM iter: 5
Estep
Estep runtime (s): 0.0855560302734375
Mstep
Optimizing phi
Optimizing branch lengths. Current phi: 0. Current nu:0.2673565843522594
Optimizing nu
Mstep runtime (s): 0.20245599746704102
Finished EM iter: 5. Current nllh: 7233.72794353496
Starting EM iter: 6
Estep
Estep runtime (s): 0.08461380004882812
Mstep
Optimizing phi
Optimizing branch lengths. Current phi: 0. Current nu:0.2670415367832389
Optimizing nu
Mstep runtime (s): 0.2107529640197754
Finished EM iter: 6. Current nllh: 7233.708341562102
Starting EM iter: 7
Estep
Estep runtime (s): 0.08782505989074707
Mstep
Optimizing phi
Optimizing branch lengths. Current phi: 0. Current nu:0.2669205611093267
Optimizing nu
Mstep runtime (s): 0.19756793975830078
Finished EM iter: 7. Current nllh: 7233.697468230996
Starting EM iter: 8
Estep
Estep runtime (s): 0.08546805381774902
Mstep
Optimizing phi
Optimizing branch lengths. Current phi: 0. Current nu:0.2668734372328014
Optimizing nu
Mstep runtime (s): 0.19271016120910645
Finished EM iter: 8. Current nllh: 7233.692934999686
Starting EM iter: 9
Estep
Estep runtime (s): 0.08608603477478027
Mstep
Optimizing phi
Optimizing branch lengths. Current phi: 0. Current nu:0.26685260461144333
Optimizing nu
Mstep runtime (s): 0.1953141689300537
Finished EM iter: 9. Current nllh: 7233.69295460324
EM finished after 9 iterations.
Optimal phi: 0. Optimal nu: 0.26684153722064613. Optimal nllh: 7233.69295460324
Optimal point found for initial point 1
Numerical optimization finished successfully
Tree height pre-scaling: 0.7083166544870421, input timescale: 1.0
Tree height after scaling: 0.9999999999999999, mutation rate: 0.7083166544870421
Tree height pre-scaling: 0.7083166547156379, input timescale: 1.0
Tree height after scaling: 1.0, mutation rate: 0.7083166547156379
Tree height pre-scaling: 0.7083166544125248, input timescale: 1.0
Tree height after scaling: 1.0, mutation rate: 0.7083166544125248
Tree height pre-scaling: 0.7083166549322115, input timescale: 1.0
Tree height after scaling: 1.0, mutation rate: 0.7083166549322115
Tree height pre-scaling: 0.7083166544448437, input timescale: 1.0
Tree height after scaling: 1.0, mutation rate: 0.7083166544448437
Tree height pre-scaling: 0.708316654574139, input timescale: 1.0
Tree height after scaling: 1.0, mutation rate: 0.708316654574139
Tree height pre-scaling: 0.7083166548776972, input timescale: 1.0
Tree height after scaling: 1.0, mutation rate: 0.7083166548776972
Tree height pre-scaling: 0.7083166544649342, input timescale: 1.0
Tree height after scaling: 1.0, mutation rate: 0.7083166544649342
Tree height pre-scaling: 0.7083166543601837, input timescale: 1.0
Tree height after scaling: 1.0, mutation rate: 0.7083166543601837
Tree height pre-scaling: 0.70831665461046, input timescale: 1.0
Tree height after scaling: 1.0, mutation rate: 0.70831665461046
Tree height pre-scaling: 0.7083166548080047, input timescale: 1.0
Tree height after scaling: 0.9999999999999998, mutation rate: 0.7083166548080047
Tree height pre-scaling: 0.708316654707135, input timescale: 1.0
Tree height after scaling: 0.9999999999999999, mutation rate: 0.708316654707135
Tree height pre-scaling: 0.7083166545293009, input timescale: 1.0
Tree height after scaling: 0.9999999999999999, mutation rate: 0.7083166545293009
Runtime (s): 2.972416541
