Launching LAML version 0.0.4
LAML was called as follows: /Users/uym2/my_gits/LAML/run_laml.py -c ../../evaluation/Bar11/Bar11_character_matrix.txt -t place_outlier4/augmented_tree_178.nwk -o place_outlier4/augmented_tree_178_optimized -v -p ../../evaluation/Bar11/Bar11_priors.pickle --delimiter tab -m -1 --nInitials 1
Prior keys mismatch with site names.
Prior keys: [0, 1, 2, 3, 4, 5, 6, 7, 8, 9, 10, 11, 12, 13, 14, 15, 16, 17, 18, 19, 20, 21, 22, 23, 24, 25, 26]
Site names: ['r1', 'r2', 'r3', 'r4', 'r5', 'r6', 'r7', 'r8', 'r9', 'r10', 'r11', 'r12', 'r13', 'r14', 'r15', 'r16', 'r17', 'r18', 'r19', 'r20', 'r21', 'r22', 'r23', 'r24', 'r25', 'r26', 'r27']
Attempting to infer mapping between site names and prior keys...
{'r1': 0, 'r2': 1, 'r3': 2, 'r4': 3, 'r5': 4, 'r6': 5, 'r7': 6, 'r8': 7, 'r9': 8, 'r10': 9, 'r11': 10, 'r12': 11, 'r13': 12, 'r14': 13, 'r15': 14, 'r16': 15, 'r17': 16, 'r18': 17, 'r19': 18, 'r20': 19, 'r21': 20, 'r22': 21, 'r23': 22, 'r24': 23, 'r25': 24, 'r26': 25, 'r27': 26}
Optimizing branch lengths, phi, and nu without topology search
Optimization by EM algorithm
Optimization start with 1 initials
Initial point 1. Random seed: 1774
Numerical optimization started with ultrametric constraint (default)
Initial phi: 0. Initial nu: 0.26955655566205877. Initial nllh: 8893.646562922242
Starting EM iter: 1
Estep
Estep runtime (s): 0.0638117790222168
Mstep
Optimizing phi
Optimizing branch lengths. Current phi: 0. Current nu:0.26955655566205877
Optimizing nu
Mstep runtime (s): 0.23681902885437012
Finished EM iter: 1. Current nllh: 7402.8940649022115
Starting EM iter: 2
Estep
Estep runtime (s): 0.08524203300476074
Mstep
Optimizing phi
Optimizing branch lengths. Current phi: 0. Current nu:0.26919685637827573
Optimizing nu
Mstep runtime (s): 0.21085476875305176
Finished EM iter: 2. Current nllh: 7372.648637370802
Starting EM iter: 3
Estep
Estep runtime (s): 0.08501505851745605
Mstep
Optimizing phi
Optimizing branch lengths. Current phi: 0. Current nu:0.26413495170363727
Optimizing nu
Mstep runtime (s): 0.19622206687927246
Finished EM iter: 3. Current nllh: 7369.5571878040055
Starting EM iter: 4
Estep
Estep runtime (s): 0.08670997619628906
Mstep
Optimizing phi
Optimizing branch lengths. Current phi: 0. Current nu:0.2614948591255153
Optimizing nu
Mstep runtime (s): 0.22714900970458984
Finished EM iter: 4. Current nllh: 7369.192416746573
Starting EM iter: 5
Estep
Estep runtime (s): 0.08636474609375
Mstep
Optimizing phi
Optimizing branch lengths. Current phi: 0. Current nu:0.2605185972108605
Optimizing nu
Mstep runtime (s): 0.20682597160339355
Finished EM iter: 5. Current nllh: 7369.124166807009
Starting EM iter: 6
Estep
Estep runtime (s): 0.08584713935852051
Mstep
Optimizing phi
Optimizing branch lengths. Current phi: 0. Current nu:0.2601762379269
Optimizing nu
Mstep runtime (s): 0.26204586029052734
Finished EM iter: 6. Current nllh: 7369.088771358062
Starting EM iter: 7
Estep
Estep runtime (s): 0.0868830680847168
Mstep
Optimizing phi
Optimizing branch lengths. Current phi: 0. Current nu:0.2600588597768547
Optimizing nu
Mstep runtime (s): 0.23424696922302246
Finished EM iter: 7. Current nllh: 7369.06660519067
Starting EM iter: 8
Estep
Estep runtime (s): 0.08687400817871094
Mstep
Optimizing phi
Optimizing branch lengths. Current phi: 0. Current nu:0.26001587642442037
Optimizing nu
Mstep runtime (s): 0.21230006217956543
Finished EM iter: 8. Current nllh: 7369.051509532326
Starting EM iter: 9
Estep
Estep runtime (s): 0.08520698547363281
Mstep
Optimizing phi
Optimizing branch lengths. Current phi: 0. Current nu:0.2599990984742493
Optimizing nu
Mstep runtime (s): 0.22342300415039062
Finished EM iter: 9. Current nllh: 7369.040623200589
Starting EM iter: 10
Estep
Estep runtime (s): 0.08728194236755371
Mstep
Optimizing phi
Optimizing branch lengths. Current phi: 0. Current nu:0.25999235583900066
Optimizing nu
Mstep runtime (s): 0.20610690116882324
Finished EM iter: 10. Current nllh: 7369.033576536319
Starting EM iter: 11
Estep
Estep runtime (s): 0.08698415756225586
Mstep
Optimizing phi
Optimizing branch lengths. Current phi: 0. Current nu:0.25998839739998536
Optimizing nu
Mstep runtime (s): 0.21804189682006836
Finished EM iter: 11. Current nllh: 7369.033548911108
EM finished after 11 iterations.
Optimal phi: 0. Optimal nu: 0.25998299534665015. Optimal nllh: 7369.033548911108
Optimal point found for initial point 1
Numerical optimization finished successfully
Tree height pre-scaling: 0.720284526685162, input timescale: 1.0
Tree height after scaling: 1.0, mutation rate: 0.720284526685162
Tree height pre-scaling: 0.7202845267026922, input timescale: 1.0
Tree height after scaling: 0.9999999999999999, mutation rate: 0.7202845267026922
Tree height pre-scaling: 0.7202845268706526, input timescale: 1.0
Tree height after scaling: 0.9999999999999999, mutation rate: 0.7202845268706526
Tree height pre-scaling: 0.7202845270408652, input timescale: 1.0
Tree height after scaling: 1.0, mutation rate: 0.7202845270408652
Tree height pre-scaling: 0.7202845268437337, input timescale: 1.0
Tree height after scaling: 1.0000000000000002, mutation rate: 0.7202845268437337
Tree height pre-scaling: 0.7202845266210447, input timescale: 1.0
Tree height after scaling: 1.0, mutation rate: 0.7202845266210447
Tree height pre-scaling: 0.720284527116142, input timescale: 1.0
Tree height after scaling: 1.0, mutation rate: 0.720284527116142
Tree height pre-scaling: 0.7202845266534826, input timescale: 1.0
Tree height after scaling: 1.0, mutation rate: 0.7202845266534826
Tree height pre-scaling: 0.7202845267141817, input timescale: 1.0
Tree height after scaling: 1.0, mutation rate: 0.7202845267141817
Tree height pre-scaling: 0.7202845270254974, input timescale: 1.0
Tree height after scaling: 1.0, mutation rate: 0.7202845270254974
Tree height pre-scaling: 0.7202845266734075, input timescale: 1.0
Tree height after scaling: 1.0, mutation rate: 0.7202845266734075
Tree height pre-scaling: 0.7202845265566706, input timescale: 1.0
Tree height after scaling: 1.0, mutation rate: 0.7202845265566706
Tree height pre-scaling: 0.7202845273520888, input timescale: 1.0
Tree height after scaling: 1.0, mutation rate: 0.7202845273520888
Runtime (s): 3.79557025
