Launching LAML version 0.0.4
LAML was called as follows: /Users/uym2/my_gits/LAML/run_laml.py -c ../../evaluation/Bar11/Bar11_character_matrix.txt -t place_outlier4/augmented_tree_256.nwk -o place_outlier4/augmented_tree_256_optimized -v -p ../../evaluation/Bar11/Bar11_priors.pickle --delimiter tab -m -1 --nInitials 1
Prior keys mismatch with site names.
Prior keys: [0, 1, 2, 3, 4, 5, 6, 7, 8, 9, 10, 11, 12, 13, 14, 15, 16, 17, 18, 19, 20, 21, 22, 23, 24, 25, 26]
Site names: ['r1', 'r2', 'r3', 'r4', 'r5', 'r6', 'r7', 'r8', 'r9', 'r10', 'r11', 'r12', 'r13', 'r14', 'r15', 'r16', 'r17', 'r18', 'r19', 'r20', 'r21', 'r22', 'r23', 'r24', 'r25', 'r26', 'r27']
Attempting to infer mapping between site names and prior keys...
{'r1': 0, 'r2': 1, 'r3': 2, 'r4': 3, 'r5': 4, 'r6': 5, 'r7': 6, 'r8': 7, 'r9': 8, 'r10': 9, 'r11': 10, 'r12': 11, 'r13': 12, 'r14': 13, 'r15': 14, 'r16': 15, 'r17': 16, 'r18': 17, 'r19': 18, 'r20': 19, 'r21': 20, 'r22': 21, 'r23': 22, 'r24': 23, 'r25': 24, 'r26': 25, 'r27': 26}
Optimizing branch lengths, phi, and nu without topology search
Optimization by EM algorithm
Optimization start with 1 initials
Initial point 1. Random seed: 1427
Numerical optimization started with ultrametric constraint (default)
Initial phi: 0. Initial nu: 0.26955655566205877. Initial nllh: 8706.119731095925
Starting EM iter: 1
Estep
Estep runtime (s): 0.06386303901672363
Mstep
Optimizing phi
Optimizing branch lengths. Current phi: 0. Current nu:0.26955655566205877
Optimizing nu
Mstep runtime (s): 0.21395564079284668
Finished EM iter: 1. Current nllh: 7270.457253211466
Starting EM iter: 2
Estep
Estep runtime (s): 0.08420109748840332
Mstep
Optimizing phi
Optimizing branch lengths. Current phi: 0. Current nu:0.27643724946590637
Optimizing nu
Mstep runtime (s): 0.2319810390472412
Finished EM iter: 2. Current nllh: 7238.089021975615
Starting EM iter: 3
Estep
Estep runtime (s): 0.08431482315063477
Mstep
Optimizing phi
Optimizing branch lengths. Current phi: 0. Current nu:0.27184944377324216
Optimizing nu
Mstep runtime (s): 0.22033190727233887
Finished EM iter: 3. Current nllh: 7234.614974704192
Starting EM iter: 4
Estep
Estep runtime (s): 0.08443808555603027
Mstep
Optimizing phi
Optimizing branch lengths. Current phi: 0. Current nu:0.26885326494647327
Optimizing nu
Mstep runtime (s): 0.20633506774902344
Finished EM iter: 4. Current nllh: 7234.015678194084
Starting EM iter: 5
Estep
Estep runtime (s): 0.08436298370361328
Mstep
Optimizing phi
Optimizing branch lengths. Current phi: 0. Current nu:0.26762043053425655
Optimizing nu
Mstep runtime (s): 0.21328401565551758
Finished EM iter: 5. Current nllh: 7233.863096288865
Starting EM iter: 6
Estep
Estep runtime (s): 0.08484292030334473
Mstep
Optimizing phi
Optimizing branch lengths. Current phi: 0. Current nu:0.2671418607383021
Optimizing nu
Mstep runtime (s): 0.2679598331451416
Finished EM iter: 6. Current nllh: 7233.817829046001
Starting EM iter: 7
Estep
Estep runtime (s): 0.08423185348510742
Mstep
Optimizing phi
Optimizing branch lengths. Current phi: 0. Current nu:0.2669536139515409
Optimizing nu
Mstep runtime (s): 0.23530220985412598
Finished EM iter: 7. Current nllh: 7233.790779928197
Starting EM iter: 8
Estep
Estep runtime (s): 0.084442138671875
Mstep
Optimizing phi
Optimizing branch lengths. Current phi: 0. Current nu:0.2668791927298043
Optimizing nu
Mstep runtime (s): 0.2151479721069336
Finished EM iter: 8. Current nllh: 7233.772871717394
Starting EM iter: 9
Estep
Estep runtime (s): 0.08449792861938477
Mstep
Optimizing phi
Optimizing branch lengths. Current phi: 0. Current nu:0.26684929212932607
Optimizing nu
Mstep runtime (s): 0.19769811630249023
Finished EM iter: 9. Current nllh: 7233.760531959377
Starting EM iter: 10
Estep
Estep runtime (s): 0.0847921371459961
Mstep
Optimizing phi
Optimizing branch lengths. Current phi: 0. Current nu:0.26683798148611837
Optimizing nu
Mstep runtime (s): 0.22406768798828125
Finished EM iter: 10. Current nllh: 7233.751544596829
Starting EM iter: 11
Estep
Estep runtime (s): 0.08454704284667969
Mstep
Optimizing phi
Optimizing branch lengths. Current phi: 0. Current nu:0.2668310676733766
Optimizing nu
Mstep runtime (s): 0.20172595977783203
Finished EM iter: 11. Current nllh: 7233.749627480055
Starting EM iter: 12
Estep
Estep runtime (s): 0.08492493629455566
Mstep
Optimizing phi
Optimizing branch lengths. Current phi: 0. Current nu:0.2668259202592678
Optimizing nu
Mstep runtime (s): 0.2151331901550293
Finished EM iter: 12. Current nllh: 7233.749673812219
EM finished after 12 iterations.
Optimal phi: 0. Optimal nu: 0.26682224390592835. Optimal nllh: 7233.749673812219
Optimal point found for initial point 1
Numerical optimization finished successfully
Tree height pre-scaling: 0.7085142914075512, input timescale: 1.0
Tree height after scaling: 1.0, mutation rate: 0.7085142914075512
Tree height pre-scaling: 0.7085142914563212, input timescale: 1.0
Tree height after scaling: 1.0, mutation rate: 0.7085142914563212
Tree height pre-scaling: 0.7085142915898699, input timescale: 1.0
Tree height after scaling: 1.0, mutation rate: 0.7085142915898699
Tree height pre-scaling: 0.7085142916074869, input timescale: 1.0
Tree height after scaling: 1.0, mutation rate: 0.7085142916074869
Tree height pre-scaling: 0.7085142913443958, input timescale: 1.0
Tree height after scaling: 1.0, mutation rate: 0.7085142913443958
Tree height pre-scaling: 0.7085142918831302, input timescale: 1.0
Tree height after scaling: 0.9999999999999999, mutation rate: 0.7085142918831302
Tree height pre-scaling: 0.7085142913818195, input timescale: 1.0
Tree height after scaling: 1.0, mutation rate: 0.7085142913818195
Tree height pre-scaling: 0.708514291451196, input timescale: 1.0
Tree height after scaling: 1.0, mutation rate: 0.708514291451196
Tree height pre-scaling: 0.7085142917642787, input timescale: 1.0
Tree height after scaling: 0.9999999999999999, mutation rate: 0.7085142917642787
Tree height pre-scaling: 0.7085142913907303, input timescale: 1.0
Tree height after scaling: 1.0, mutation rate: 0.7085142913907303
Tree height pre-scaling: 0.7085142912825416, input timescale: 1.0
Tree height after scaling: 1.0, mutation rate: 0.7085142912825416
Tree height pre-scaling: 0.7085142915363674, input timescale: 1.0
Tree height after scaling: 1.0, mutation rate: 0.7085142915363674
Tree height pre-scaling: 0.7085142917120906, input timescale: 1.0
Tree height after scaling: 1.0, mutation rate: 0.7085142917120906
Runtime (s): 4.090002416000001
