Launching LAML version 0.0.4
LAML was called as follows: /Users/uym2/my_gits/LAML/run_laml.py -c ../../evaluation/Bar11/Bar11_character_matrix.txt -t place_outlier4/augmented_tree_180.nwk -o place_outlier4/augmented_tree_180_optimized -v -p ../../evaluation/Bar11/Bar11_priors.pickle --delimiter tab -m -1 --nInitials 1
Prior keys mismatch with site names.
Prior keys: [0, 1, 2, 3, 4, 5, 6, 7, 8, 9, 10, 11, 12, 13, 14, 15, 16, 17, 18, 19, 20, 21, 22, 23, 24, 25, 26]
Site names: ['r1', 'r2', 'r3', 'r4', 'r5', 'r6', 'r7', 'r8', 'r9', 'r10', 'r11', 'r12', 'r13', 'r14', 'r15', 'r16', 'r17', 'r18', 'r19', 'r20', 'r21', 'r22', 'r23', 'r24', 'r25', 'r26', 'r27']
Attempting to infer mapping between site names and prior keys...
{'r1': 0, 'r2': 1, 'r3': 2, 'r4': 3, 'r5': 4, 'r6': 5, 'r7': 6, 'r8': 7, 'r9': 8, 'r10': 9, 'r11': 10, 'r12': 11, 'r13': 12, 'r14': 13, 'r15': 14, 'r16': 15, 'r17': 16, 'r18': 17, 'r19': 18, 'r20': 19, 'r21': 20, 'r22': 21, 'r23': 22, 'r24': 23, 'r25': 24, 'r26': 25, 'r27': 26}
Optimizing branch lengths, phi, and nu without topology search
Optimization by EM algorithm
Optimization start with 1 initials
Initial point 1. Random seed: 8647
Numerical optimization started with ultrametric constraint (default)
Initial phi: 0. Initial nu: 0.26955655566205877. Initial nllh: 8995.35603451253
Starting EM iter: 1
Estep
Estep runtime (s): 0.06538009643554688
Mstep
Optimizing phi
Optimizing branch lengths. Current phi: 0. Current nu:0.26955655566205877
Optimizing nu
Mstep runtime (s): 0.23441386222839355
Finished EM iter: 1. Current nllh: 7463.313351314447
Starting EM iter: 2
Estep
Estep runtime (s): 0.08677887916564941
Mstep
Optimizing phi
Optimizing branch lengths. Current phi: 0. Current nu:0.26839283354810295
Optimizing nu
Mstep runtime (s): 0.20720624923706055
Finished EM iter: 2. Current nllh: 7432.098464363562
Starting EM iter: 3
Estep
Estep runtime (s): 0.0863947868347168
Mstep
Optimizing phi
Optimizing branch lengths. Current phi: 0. Current nu:0.26312527366711796
Optimizing nu
Mstep runtime (s): 0.1943807601928711
Finished EM iter: 3. Current nllh: 7428.960385736909
Starting EM iter: 4
Estep
Estep runtime (s): 0.08874106407165527
Mstep
Optimizing phi
Optimizing branch lengths. Current phi: 0. Current nu:0.2604611988403346
Optimizing nu
Mstep runtime (s): 0.2097642421722412
Finished EM iter: 4. Current nllh: 7428.590875080166
Starting EM iter: 5
Estep
Estep runtime (s): 0.0875089168548584
Mstep
Optimizing phi
Optimizing branch lengths. Current phi: 0. Current nu:0.25948939443158675
Optimizing nu
Mstep runtime (s): 0.23482918739318848
Finished EM iter: 5. Current nllh: 7428.522790852175
Starting EM iter: 6
Estep
Estep runtime (s): 0.08627128601074219
Mstep
Optimizing phi
Optimizing branch lengths. Current phi: 0. Current nu:0.25915316114608633
Optimizing nu
Mstep runtime (s): 0.2282853126525879
Finished EM iter: 6. Current nllh: 7428.48787673274
Starting EM iter: 7
Estep
Estep runtime (s): 0.08684897422790527
Mstep
Optimizing phi
Optimizing branch lengths. Current phi: 0. Current nu:0.25903798988774995
Optimizing nu
Mstep runtime (s): 0.2278280258178711
Finished EM iter: 7. Current nllh: 7428.46565718103
Starting EM iter: 8
Estep
Estep runtime (s): 0.08740901947021484
Mstep
Optimizing phi
Optimizing branch lengths. Current phi: 0. Current nu:0.2589977036161564
Optimizing nu
Mstep runtime (s): 0.28664088249206543
Finished EM iter: 8. Current nllh: 7428.450469295724
Starting EM iter: 9
Estep
Estep runtime (s): 0.08650922775268555
Mstep
Optimizing phi
Optimizing branch lengths. Current phi: 0. Current nu:0.2589820964577018
Optimizing nu
Mstep runtime (s): 0.20811223983764648
Finished EM iter: 9. Current nllh: 7428.439908330363
Starting EM iter: 10
Estep
Estep runtime (s): 0.08681178092956543
Mstep
Optimizing phi
Optimizing branch lengths. Current phi: 0. Current nu:0.25897701960557357
Optimizing nu
Mstep runtime (s): 0.2197401523590088
Finished EM iter: 10. Current nllh: 7428.4322880389045
Starting EM iter: 11
Estep
Estep runtime (s): 0.08686590194702148
Mstep
Optimizing phi
Optimizing branch lengths. Current phi: 0. Current nu:0.2589744358586108
Optimizing nu
Mstep runtime (s): 0.21490001678466797
Finished EM iter: 11. Current nllh: 7428.432097791927
Starting EM iter: 12
Estep
Estep runtime (s): 0.08756709098815918
Mstep
Optimizing phi
Optimizing branch lengths. Current phi: 0. Current nu:0.25896837275944257
Optimizing nu
Mstep runtime (s): 0.22355031967163086
Finished EM iter: 12. Current nllh: 7428.432118159386
EM finished after 12 iterations.
Optimal phi: 0. Optimal nu: 0.2589666684780814. Optimal nllh: 7428.432118159386
Optimal point found for initial point 1
Numerical optimization finished successfully
Tree height pre-scaling: 0.7278953339037917, input timescale: 1.0
Tree height after scaling: 0.9999999999999999, mutation rate: 0.7278953339037917
Tree height pre-scaling: 0.7278953282661214, input timescale: 1.0
Tree height after scaling: 1.0, mutation rate: 0.7278953282661214
Tree height pre-scaling: 0.7278953985714565, input timescale: 1.0
Tree height after scaling: 1.0, mutation rate: 0.7278953985714565
Tree height pre-scaling: 0.7278954439770545, input timescale: 1.0
Tree height after scaling: 1.0, mutation rate: 0.7278954439770545
Tree height pre-scaling: 0.7278953926603872, input timescale: 1.0
Tree height after scaling: 1.0, mutation rate: 0.7278953926603872
Tree height pre-scaling: 0.7278953090071217, input timescale: 1.0
Tree height after scaling: 1.0, mutation rate: 0.7278953090071217
Tree height pre-scaling: 0.72789548619279, input timescale: 1.0
Tree height after scaling: 1.0, mutation rate: 0.72789548619279
Tree height pre-scaling: 0.7278953218586344, input timescale: 1.0
Tree height after scaling: 1.0, mutation rate: 0.7278953218586344
Tree height pre-scaling: 0.7278953345184158, input timescale: 1.0
Tree height after scaling: 0.9999999999999999, mutation rate: 0.7278953345184158
Tree height pre-scaling: 0.7278954463262703, input timescale: 1.0
Tree height after scaling: 1.0, mutation rate: 0.7278954463262703
Tree height pre-scaling: 0.7278953279263615, input timescale: 1.0
Tree height after scaling: 1.0, mutation rate: 0.7278953279263615
Tree height pre-scaling: 0.7278952833819846, input timescale: 1.0
Tree height after scaling: 1.0, mutation rate: 0.7278952833819846
Tree height pre-scaling: 0.727895865717257, input timescale: 1.0
Tree height after scaling: 1.0, mutation rate: 0.727895865717257
Runtime (s): 4.174913834
