Launching LAML version 0.0.4
LAML was called as follows: /Users/uym2/my_gits/LAML/run_laml.py -c ../../evaluation/Bar11/Bar11_character_matrix.txt -t place_outlier4/augmented_tree_92.nwk -o place_outlier4/augmented_tree_92_optimized -v -p ../../evaluation/Bar11/Bar11_priors.pickle --delimiter tab -m -1 --nInitials 1
Prior keys mismatch with site names.
Prior keys: [0, 1, 2, 3, 4, 5, 6, 7, 8, 9, 10, 11, 12, 13, 14, 15, 16, 17, 18, 19, 20, 21, 22, 23, 24, 25, 26]
Site names: ['r1', 'r2', 'r3', 'r4', 'r5', 'r6', 'r7', 'r8', 'r9', 'r10', 'r11', 'r12', 'r13', 'r14', 'r15', 'r16', 'r17', 'r18', 'r19', 'r20', 'r21', 'r22', 'r23', 'r24', 'r25', 'r26', 'r27']
Attempting to infer mapping between site names and prior keys...
{'r1': 0, 'r2': 1, 'r3': 2, 'r4': 3, 'r5': 4, 'r6': 5, 'r7': 6, 'r8': 7, 'r9': 8, 'r10': 9, 'r11': 10, 'r12': 11, 'r13': 12, 'r14': 13, 'r15': 14, 'r16': 15, 'r17': 16, 'r18': 17, 'r19': 18, 'r20': 19, 'r21': 20, 'r22': 21, 'r23': 22, 'r24': 23, 'r25': 24, 'r26': 25, 'r27': 26}
Optimizing branch lengths, phi, and nu without topology search
Optimization by EM algorithm
Optimization start with 1 initials
Initial point 1. Random seed: 364
Numerical optimization started with ultrametric constraint (default)
Initial phi: 0. Initial nu: 0.26955655566205877. Initial nllh: 8992.628693971796
Starting EM iter: 1
Estep
Estep runtime (s): 0.06471419334411621
Mstep
Optimizing phi
Optimizing branch lengths. Current phi: 0. Current nu:0.26955655566205877
Optimizing nu
Mstep runtime (s): 0.2403719425201416
Finished EM iter: 1. Current nllh: 7415.946739210151
Starting EM iter: 2
Estep
Estep runtime (s): 0.08713912963867188
Mstep
Optimizing phi
Optimizing branch lengths. Current phi: 0. Current nu:0.27351011628958716
Optimizing nu
Mstep runtime (s): 0.19962501525878906
Finished EM iter: 2. Current nllh: 7378.346314940799
Starting EM iter: 3
Estep
Estep runtime (s): 0.08748292922973633
Mstep
Optimizing phi
Optimizing branch lengths. Current phi: 0. Current nu:0.26913205988378214
Optimizing nu
Mstep runtime (s): 0.20756316184997559
Finished EM iter: 3. Current nllh: 7373.751483243907
Starting EM iter: 4
Estep
Estep runtime (s): 0.0879819393157959
Mstep
Optimizing phi
Optimizing branch lengths. Current phi: 0. Current nu:0.2658061903489253
Optimizing nu
Mstep runtime (s): 0.20979976654052734
Finished EM iter: 4. Current nllh: 7373.328737651786
Starting EM iter: 5
Estep
Estep runtime (s): 0.0871732234954834
Mstep
Optimizing phi
Optimizing branch lengths. Current phi: 0. Current nu:0.26424733922767135
Optimizing nu
Mstep runtime (s): 0.21470332145690918
Finished EM iter: 5. Current nllh: 7373.225029825368
Starting EM iter: 6
Estep
Estep runtime (s): 0.08729791641235352
Mstep
Optimizing phi
Optimizing branch lengths. Current phi: 0. Current nu:0.2636444086503276
Optimizing nu
Mstep runtime (s): 0.2203080654144287
Finished EM iter: 6. Current nllh: 7373.179697033985
Starting EM iter: 7
Estep
Estep runtime (s): 0.0872957706451416
Mstep
Optimizing phi
Optimizing branch lengths. Current phi: 0. Current nu:0.2634184664082214
Optimizing nu
Mstep runtime (s): 0.25249195098876953
Finished EM iter: 7. Current nllh: 7373.153929478368
Starting EM iter: 8
Estep
Estep runtime (s): 0.09056520462036133
Mstep
Optimizing phi
Optimizing branch lengths. Current phi: 0. Current nu:0.2633331101467121
Optimizing nu
Mstep runtime (s): 0.19130706787109375
Finished EM iter: 8. Current nllh: 7373.137323761549
Starting EM iter: 9
Estep
Estep runtime (s): 0.08841919898986816
Mstep
Optimizing phi
Optimizing branch lengths. Current phi: 0. Current nu:0.2632994740886103
Optimizing nu
Mstep runtime (s): 0.25396013259887695
Finished EM iter: 9. Current nllh: 7373.1259143447705
Starting EM iter: 10
Estep
Estep runtime (s): 0.08886599540710449
Mstep
Optimizing phi
Optimizing branch lengths. Current phi: 0. Current nu:0.2632839790792444
Optimizing nu
Mstep runtime (s): 0.19801688194274902
Finished EM iter: 10. Current nllh: 7373.11890835239
Starting EM iter: 11
Estep
Estep runtime (s): 0.09166479110717773
Mstep
Optimizing phi
Optimizing branch lengths. Current phi: 0. Current nu:0.2632782254797879
Optimizing nu
Mstep runtime (s): 0.31691980361938477
Finished EM iter: 11. Current nllh: 7373.118789642332
Starting EM iter: 12
Estep
Estep runtime (s): 0.08904695510864258
Mstep
Optimizing phi
Optimizing branch lengths. Current phi: 0. Current nu:0.26327102461704033
Optimizing nu
Mstep runtime (s): 0.2278590202331543
Finished EM iter: 12. Current nllh: 7373.118708642181
Starting EM iter: 13
Estep
Estep runtime (s): 0.08802294731140137
Mstep
Optimizing phi
Optimizing branch lengths. Current phi: 0. Current nu:0.2632676775469168
Optimizing nu
Mstep runtime (s): 0.19353294372558594
Finished EM iter: 13. Current nllh: 7373.118847868277
Starting EM iter: 14
Estep
Estep runtime (s): 0.08846020698547363
Mstep
Optimizing phi
Optimizing branch lengths. Current phi: 0. Current nu:0.2632678250826831
Optimizing nu
Mstep runtime (s): 0.22917604446411133
Finished EM iter: 14. Current nllh: 7373.118766491343
Starting EM iter: 15
Estep
Estep runtime (s): 0.08806204795837402
Mstep
Optimizing phi
Optimizing branch lengths. Current phi: 0. Current nu:0.2632667431921677
Optimizing nu
Mstep runtime (s): 0.21293425559997559
Finished EM iter: 15. Current nllh: 7373.118839681895
EM finished after 15 iterations.
Optimal phi: 0. Optimal nu: 0.2632665305812316. Optimal nllh: 7373.118839681895
Optimal point found for initial point 1
Numerical optimization finished successfully
Tree height pre-scaling: 0.7139827119445411, input timescale: 1.0
Tree height after scaling: 1.0, mutation rate: 0.7139827119445411
Tree height pre-scaling: 0.7139827119605041, input timescale: 1.0
Tree height after scaling: 1.0, mutation rate: 0.7139827119605041
Tree height pre-scaling: 0.713982712041047, input timescale: 1.0
Tree height after scaling: 1.0, mutation rate: 0.713982712041047
Tree height pre-scaling: 0.7139827121352751, input timescale: 1.0
Tree height after scaling: 1.0000000000000002, mutation rate: 0.7139827121352751
Tree height pre-scaling: 0.713982712099311, input timescale: 1.0
Tree height after scaling: 0.9999999999999999, mutation rate: 0.713982712099311
Tree height pre-scaling: 0.7139827118851613, input timescale: 1.0
Tree height after scaling: 1.0, mutation rate: 0.7139827118851613
Tree height pre-scaling: 0.7139827119332358, input timescale: 1.0
Tree height after scaling: 1.0, mutation rate: 0.7139827119332358
Tree height pre-scaling: 0.7139827120036342, input timescale: 1.0
Tree height after scaling: 1.0, mutation rate: 0.7139827120036342
Tree height pre-scaling: 0.7139827120321696, input timescale: 1.0
Tree height after scaling: 1.0, mutation rate: 0.7139827120321696
Tree height pre-scaling: 0.7139827119145045, input timescale: 1.0
Tree height after scaling: 1.0, mutation rate: 0.7139827119145045
Tree height pre-scaling: 0.7139827121717877, input timescale: 1.0
Tree height after scaling: 1.0, mutation rate: 0.7139827121717877
Tree height pre-scaling: 0.7139827119306277, input timescale: 1.0
Tree height after scaling: 0.9999999999999999, mutation rate: 0.7139827119306277
Tree height pre-scaling: 0.7139827119689147, input timescale: 1.0
Tree height after scaling: 1.0, mutation rate: 0.7139827119689147
Runtime (s): 5.201796875
