Launching LAML version 0.0.4
LAML was called as follows: /Users/uym2/my_gits/LAML/run_laml.py -c ../../evaluation/Bar11/Bar11_character_matrix.txt -t place_outlier4/augmented_tree_44.nwk -o place_outlier4/augmented_tree_44_optimized -v -p ../../evaluation/Bar11/Bar11_priors.pickle --delimiter tab -m -1 --nInitials 1
Prior keys mismatch with site names.
Prior keys: [0, 1, 2, 3, 4, 5, 6, 7, 8, 9, 10, 11, 12, 13, 14, 15, 16, 17, 18, 19, 20, 21, 22, 23, 24, 25, 26]
Site names: ['r1', 'r2', 'r3', 'r4', 'r5', 'r6', 'r7', 'r8', 'r9', 'r10', 'r11', 'r12', 'r13', 'r14', 'r15', 'r16', 'r17', 'r18', 'r19', 'r20', 'r21', 'r22', 'r23', 'r24', 'r25', 'r26', 'r27']
Attempting to infer mapping between site names and prior keys...
{'r1': 0, 'r2': 1, 'r3': 2, 'r4': 3, 'r5': 4, 'r6': 5, 'r7': 6, 'r8': 7, 'r9': 8, 'r10': 9, 'r11': 10, 'r12': 11, 'r13': 12, 'r14': 13, 'r15': 14, 'r16': 15, 'r17': 16, 'r18': 17, 'r19': 18, 'r20': 19, 'r21': 20, 'r22': 21, 'r23': 22, 'r24': 23, 'r25': 24, 'r26': 25, 'r27': 26}
Optimizing branch lengths, phi, and nu without topology search
Optimization by EM algorithm
Optimization start with 1 initials
Initial point 1. Random seed: 4808
Numerical optimization started with ultrametric constraint (default)
Initial phi: 0. Initial nu: 0.26955655566205877. Initial nllh: 8930.716395309493
Starting EM iter: 1
Estep
Estep runtime (s): 0.06376314163208008
Mstep
Optimizing phi
Optimizing branch lengths. Current phi: 0. Current nu:0.26955655566205877
Optimizing nu
Mstep runtime (s): 0.22744488716125488
Finished EM iter: 1. Current nllh: 7520.662096661981
Starting EM iter: 2
Estep
Estep runtime (s): 0.08500409126281738
Mstep
Optimizing phi
Optimizing branch lengths. Current phi: 0. Current nu:0.2754418337799039
Optimizing nu
Mstep runtime (s): 0.2584969997406006
Finished EM iter: 2. Current nllh: 7493.608358724731
Starting EM iter: 3
Estep
Estep runtime (s): 0.08394908905029297
Mstep
Optimizing phi
Optimizing branch lengths. Current phi: 0. Current nu:0.2729292892636433
Optimizing nu
Mstep runtime (s): 0.23979902267456055
Finished EM iter: 3. Current nllh: 7490.611638873444
Starting EM iter: 4
Estep
Estep runtime (s): 0.08365416526794434
Mstep
Optimizing phi
Optimizing branch lengths. Current phi: 0. Current nu:0.27119609980210907
Optimizing nu
Mstep runtime (s): 0.22271323204040527
Finished EM iter: 4. Current nllh: 7490.102694866157
Starting EM iter: 5
Estep
Estep runtime (s): 0.08458805084228516
Mstep
Optimizing phi
Optimizing branch lengths. Current phi: 0. Current nu:0.27035212869217257
Optimizing nu
Mstep runtime (s): 0.21024608612060547
Finished EM iter: 5. Current nllh: 7489.933817629619
Starting EM iter: 6
Estep
Estep runtime (s): 0.08378076553344727
Mstep
Optimizing phi
Optimizing branch lengths. Current phi: 0. Current nu:0.2699757402524641
Optimizing nu
Mstep runtime (s): 0.22348380088806152
Finished EM iter: 6. Current nllh: 7489.8686248351205
Starting EM iter: 7
Estep
Estep runtime (s): 0.0840299129486084
Mstep
Optimizing phi
Optimizing branch lengths. Current phi: 0. Current nu:0.269812412431434
Optimizing nu
Mstep runtime (s): 0.21667909622192383
Finished EM iter: 7. Current nllh: 7489.837635464162
Starting EM iter: 8
Estep
Estep runtime (s): 0.08401608467102051
Mstep
Optimizing phi
Optimizing branch lengths. Current phi: 0. Current nu:0.2697390034220285
Optimizing nu
Mstep runtime (s): 0.22344303131103516
Finished EM iter: 8. Current nllh: 7489.819699629126
Starting EM iter: 9
Estep
Estep runtime (s): 0.0852959156036377
Mstep
Optimizing phi
Optimizing branch lengths. Current phi: 0. Current nu:0.2697022590196624
Optimizing nu
Mstep runtime (s): 0.21640276908874512
Finished EM iter: 9. Current nllh: 7489.808095217195
Starting EM iter: 10
Estep
Estep runtime (s): 0.08535480499267578
Mstep
Optimizing phi
Optimizing branch lengths. Current phi: 0. Current nu:0.2696850601265449
Optimizing nu
Mstep runtime (s): 0.19707107543945312
Finished EM iter: 10. Current nllh: 7489.800202637043
Starting EM iter: 11
Estep
Estep runtime (s): 0.0842890739440918
Mstep
Optimizing phi
Optimizing branch lengths. Current phi: 0. Current nu:0.26968098265690027
Optimizing nu
Mstep runtime (s): 0.2600889205932617
Finished EM iter: 11. Current nllh: 7489.79998881975
Starting EM iter: 12
Estep
Estep runtime (s): 0.0847318172454834
Mstep
Optimizing phi
Optimizing branch lengths. Current phi: 0. Current nu:0.26967469660652954
Optimizing nu
Mstep runtime (s): 0.2371981143951416
Finished EM iter: 12. Current nllh: 7489.799942292481
EM finished after 12 iterations.
Optimal phi: 0. Optimal nu: 0.2696688717375263. Optimal nllh: 7489.799942292481
Optimal point found for initial point 1
Numerical optimization finished successfully
Tree height pre-scaling: 0.7239157965670922, input timescale: 1.0
Tree height after scaling: 1.0, mutation rate: 0.7239157965670922
Tree height pre-scaling: 0.7239157843399842, input timescale: 1.0
Tree height after scaling: 1.0, mutation rate: 0.7239157843399842
Tree height pre-scaling: 0.7239158410025515, input timescale: 1.0
Tree height after scaling: 1.0, mutation rate: 0.7239158410025515
Tree height pre-scaling: 0.7239158466074285, input timescale: 1.0
Tree height after scaling: 1.0, mutation rate: 0.7239158466074285
Tree height pre-scaling: 0.7239158162287347, input timescale: 1.0
Tree height after scaling: 0.9999999999999998, mutation rate: 0.7239158162287347
Tree height pre-scaling: 0.7239157629509203, input timescale: 1.0
Tree height after scaling: 1.0, mutation rate: 0.7239157629509203
Tree height pre-scaling: 0.7239157897112514, input timescale: 1.0
Tree height after scaling: 1.0, mutation rate: 0.7239157897112514
Tree height pre-scaling: 0.7239158118032046, input timescale: 1.0
Tree height after scaling: 0.9999999999999999, mutation rate: 0.7239158118032046
Tree height pre-scaling: 0.723915761144879, input timescale: 1.0
Tree height after scaling: 1.0, mutation rate: 0.723915761144879
Tree height pre-scaling: 0.7239157953963429, input timescale: 1.0
Tree height after scaling: 0.9999999999999999, mutation rate: 0.7239157953963429
Tree height pre-scaling: 0.723915834755704, input timescale: 1.0
Tree height after scaling: 1.0, mutation rate: 0.723915834755704
Tree height pre-scaling: 0.7239157822324438, input timescale: 1.0
Tree height after scaling: 1.0, mutation rate: 0.7239157822324438
Tree height pre-scaling: 0.723916043413763, input timescale: 1.0
Tree height after scaling: 1.0, mutation rate: 0.723916043413763
Runtime (s): 4.1726769159999995
