Launching LAML version 0.0.4
LAML was called as follows: /Users/uym2/my_gits/LAML/run_laml.py -c ../../evaluation/Bar11/Bar11_character_matrix.txt -t place_outlier4/augmented_tree_252.nwk -o place_outlier4/augmented_tree_252_optimized -v -p ../../evaluation/Bar11/Bar11_priors.pickle --delimiter tab -m -1 --nInitials 1
Prior keys mismatch with site names.
Prior keys: [0, 1, 2, 3, 4, 5, 6, 7, 8, 9, 10, 11, 12, 13, 14, 15, 16, 17, 18, 19, 20, 21, 22, 23, 24, 25, 26]
Site names: ['r1', 'r2', 'r3', 'r4', 'r5', 'r6', 'r7', 'r8', 'r9', 'r10', 'r11', 'r12', 'r13', 'r14', 'r15', 'r16', 'r17', 'r18', 'r19', 'r20', 'r21', 'r22', 'r23', 'r24', 'r25', 'r26', 'r27']
Attempting to infer mapping between site names and prior keys...
{'r1': 0, 'r2': 1, 'r3': 2, 'r4': 3, 'r5': 4, 'r6': 5, 'r7': 6, 'r8': 7, 'r9': 8, 'r10': 9, 'r11': 10, 'r12': 11, 'r13': 12, 'r14': 13, 'r15': 14, 'r16': 15, 'r17': 16, 'r18': 17, 'r19': 18, 'r20': 19, 'r21': 20, 'r22': 21, 'r23': 22, 'r24': 23, 'r25': 24, 'r26': 25, 'r27': 26}
Optimizing branch lengths, phi, and nu without topology search
Optimization by EM algorithm
Optimization start with 1 initials
Initial point 1. Random seed: 4155
Numerical optimization started with ultrametric constraint (default)
Initial phi: 0. Initial nu: 0.26955655566205877. Initial nllh: 8873.256933258937
Starting EM iter: 1
Estep
Estep runtime (s): 0.06235909461975098
Mstep
Optimizing phi
Optimizing branch lengths. Current phi: 0. Current nu:0.26955655566205877
Optimizing nu
Mstep runtime (s): 0.2288510799407959
Finished EM iter: 1. Current nllh: 7396.083698252862
Starting EM iter: 2
Estep
Estep runtime (s): 0.0842130184173584
Mstep
Optimizing phi
Optimizing branch lengths. Current phi: 0. Current nu:0.2723884706568886
Optimizing nu
Mstep runtime (s): 0.1934800148010254
Finished EM iter: 2. Current nllh: 7366.339619391732
Starting EM iter: 3
Estep
Estep runtime (s): 0.08436012268066406
Mstep
Optimizing phi
Optimizing branch lengths. Current phi: 0. Current nu:0.2680365959574577
Optimizing nu
Mstep runtime (s): 0.21639800071716309
Finished EM iter: 3. Current nllh: 7364.011552189437
Starting EM iter: 4
Estep
Estep runtime (s): 0.08636116981506348
Mstep
Optimizing phi
Optimizing branch lengths. Current phi: 0. Current nu:0.26561177205502723
Optimizing nu
Mstep runtime (s): 0.21338319778442383
Finished EM iter: 4. Current nllh: 7363.750164915165
Starting EM iter: 5
Estep
Estep runtime (s): 0.08421778678894043
Mstep
Optimizing phi
Optimizing branch lengths. Current phi: 0. Current nu:0.2646903609245724
Optimizing nu
Mstep runtime (s): 0.22906804084777832
Finished EM iter: 5. Current nllh: 7363.738450749897
Starting EM iter: 6
Estep
Estep runtime (s): 0.08435630798339844
Mstep
Optimizing phi
Optimizing branch lengths. Current phi: 0. Current nu:0.26435072408095905
Optimizing nu
Mstep runtime (s): 0.20501971244812012
Finished EM iter: 6. Current nllh: 7363.738638691579
Starting EM iter: 7
Estep
Estep runtime (s): 0.08433794975280762
Mstep
Optimizing phi
Optimizing branch lengths. Current phi: 0. Current nu:0.26422691299722234
Optimizing nu
Mstep runtime (s): 0.21906614303588867
Finished EM iter: 7. Current nllh: 7363.739356229336
Starting EM iter: 8
Estep
Estep runtime (s): 0.08476495742797852
Mstep
Optimizing phi
Optimizing branch lengths. Current phi: 0. Current nu:0.2641802896073974
Optimizing nu
Mstep runtime (s): 0.273953914642334
Finished EM iter: 8. Current nllh: 7363.739988172198
Starting EM iter: 9
Estep
Estep runtime (s): 0.08464169502258301
Mstep
Optimizing phi
Optimizing branch lengths. Current phi: 0. Current nu:0.26416117036709236
Optimizing nu
Mstep runtime (s): 0.21838784217834473
Finished EM iter: 9. Current nllh: 7363.74012100468
Starting EM iter: 10
Estep
Estep runtime (s): 0.08594608306884766
Mstep
Optimizing phi
Optimizing branch lengths. Current phi: 0. Current nu:0.26415352743880743
Optimizing nu
Mstep runtime (s): 0.18790197372436523
Finished EM iter: 10. Current nllh: 7363.740383098089
Starting EM iter: 11
Estep
Estep runtime (s): 0.08450484275817871
Mstep
Optimizing phi
Optimizing branch lengths. Current phi: 0. Current nu:0.2641498270412169
Optimizing nu
Mstep runtime (s): 0.19299793243408203
Finished EM iter: 11. Current nllh: 7363.740450389687
EM finished after 11 iterations.
Optimal phi: 0. Optimal nu: 0.26414781539675886. Optimal nllh: 7363.740450389687
Optimal point found for initial point 1
Numerical optimization finished successfully
Tree height pre-scaling: 0.7136877005099711, input timescale: 1.0
Tree height after scaling: 1.0, mutation rate: 0.7136877005099711
Tree height pre-scaling: 0.7136877005696836, input timescale: 1.0
Tree height after scaling: 0.9999999999999999, mutation rate: 0.7136877005696836
Tree height pre-scaling: 0.7136877008194493, input timescale: 1.0
Tree height after scaling: 1.0000000000000002, mutation rate: 0.7136877008194493
Tree height pre-scaling: 0.7136877008163719, input timescale: 1.0
Tree height after scaling: 1.0, mutation rate: 0.7136877008163719
Tree height pre-scaling: 0.7136877003987154, input timescale: 1.0
Tree height after scaling: 1.0, mutation rate: 0.7136877003987154
Tree height pre-scaling: 0.7136877012610607, input timescale: 1.0
Tree height after scaling: 1.0, mutation rate: 0.7136877012610607
Tree height pre-scaling: 0.7136877004544927, input timescale: 1.0
Tree height after scaling: 1.0, mutation rate: 0.7136877004544927
Tree height pre-scaling: 0.7136877005689211, input timescale: 1.0
Tree height after scaling: 1.0, mutation rate: 0.7136877005689211
Tree height pre-scaling: 0.7136877010910623, input timescale: 1.0
Tree height after scaling: 1.0, mutation rate: 0.7136877010910623
Tree height pre-scaling: 0.7136877004837183, input timescale: 1.0
Tree height after scaling: 1.0, mutation rate: 0.7136877004837183
Tree height pre-scaling: 0.7136877002941178, input timescale: 1.0
Tree height after scaling: 1.0000000000000002, mutation rate: 0.7136877002941178
Tree height pre-scaling: 0.7136877006923792, input timescale: 1.0
Tree height after scaling: 1.0, mutation rate: 0.7136877006923792
Tree height pre-scaling: 0.7136877008602638, input timescale: 1.0
Tree height after scaling: 1.0, mutation rate: 0.7136877008602638
Runtime (s): 3.7160032080000005
