Launching LAML version 0.0.4
LAML was called as follows: /Users/uym2/my_gits/LAML/run_laml.py -c ../../evaluation/Bar11/Bar11_character_matrix.txt -t place_outlier4/augmented_tree_72.nwk -o place_outlier4/augmented_tree_72_optimized -v -p ../../evaluation/Bar11/Bar11_priors.pickle --delimiter tab -m -1 --nInitials 1
Prior keys mismatch with site names.
Prior keys: [0, 1, 2, 3, 4, 5, 6, 7, 8, 9, 10, 11, 12, 13, 14, 15, 16, 17, 18, 19, 20, 21, 22, 23, 24, 25, 26]
Site names: ['r1', 'r2', 'r3', 'r4', 'r5', 'r6', 'r7', 'r8', 'r9', 'r10', 'r11', 'r12', 'r13', 'r14', 'r15', 'r16', 'r17', 'r18', 'r19', 'r20', 'r21', 'r22', 'r23', 'r24', 'r25', 'r26', 'r27']
Attempting to infer mapping between site names and prior keys...
{'r1': 0, 'r2': 1, 'r3': 2, 'r4': 3, 'r5': 4, 'r6': 5, 'r7': 6, 'r8': 7, 'r9': 8, 'r10': 9, 'r11': 10, 'r12': 11, 'r13': 12, 'r14': 13, 'r15': 14, 'r16': 15, 'r17': 16, 'r18': 17, 'r19': 18, 'r20': 19, 'r21': 20, 'r22': 21, 'r23': 22, 'r24': 23, 'r25': 24, 'r26': 25, 'r27': 26}
Optimizing branch lengths, phi, and nu without topology search
Optimization by EM algorithm
Optimization start with 1 initials
Initial point 1. Random seed: 7012
Numerical optimization started with ultrametric constraint (default)
Initial phi: 0. Initial nu: 0.26955655566205877. Initial nllh: 8613.832727983103
Starting EM iter: 1
Estep
Estep runtime (s): 0.06315779685974121
Mstep
Optimizing phi
Optimizing branch lengths. Current phi: 0. Current nu:0.26955655566205877
Optimizing nu
Mstep runtime (s): 0.23430609703063965
Finished EM iter: 1. Current nllh: 7276.368079057459
Starting EM iter: 2
Estep
Estep runtime (s): 0.08562731742858887
Mstep
Optimizing phi
Optimizing branch lengths. Current phi: 0. Current nu:0.2752947098881656
Optimizing nu
Mstep runtime (s): 0.21406912803649902
Finished EM iter: 2. Current nllh: 7244.2403218786985
Starting EM iter: 3
Estep
Estep runtime (s): 0.08580470085144043
Mstep
Optimizing phi
Optimizing branch lengths. Current phi: 0. Current nu:0.2717083406772203
Optimizing nu
Mstep runtime (s): 0.20564913749694824
Finished EM iter: 3. Current nllh: 7240.039015541801
Starting EM iter: 4
Estep
Estep runtime (s): 0.08562207221984863
Mstep
Optimizing phi
Optimizing branch lengths. Current phi: 0. Current nu:0.26868404379485356
Optimizing nu
Mstep runtime (s): 0.22638368606567383
Finished EM iter: 4. Current nllh: 7239.6297433458485
Starting EM iter: 5
Estep
Estep runtime (s): 0.08579897880554199
Mstep
Optimizing phi
Optimizing branch lengths. Current phi: 0. Current nu:0.26722219125160024
Optimizing nu
Mstep runtime (s): 0.20210504531860352
Finished EM iter: 5. Current nllh: 7239.527151458028
Starting EM iter: 6
Estep
Estep runtime (s): 0.08586406707763672
Mstep
Optimizing phi
Optimizing branch lengths. Current phi: 0. Current nu:0.266652912122067
Optimizing nu
Mstep runtime (s): 0.19478678703308105
Finished EM iter: 6. Current nllh: 7239.482137723621
Starting EM iter: 7
Estep
Estep runtime (s): 0.08614492416381836
Mstep
Optimizing phi
Optimizing branch lengths. Current phi: 0. Current nu:0.26643932339066956
Optimizing nu
Mstep runtime (s): 0.222459077835083
Finished EM iter: 7. Current nllh: 7239.4564056658
Starting EM iter: 8
Estep
Estep runtime (s): 0.08584284782409668
Mstep
Optimizing phi
Optimizing branch lengths. Current phi: 0. Current nu:0.2663570273599417
Optimizing nu
Mstep runtime (s): 0.2054300308227539
Finished EM iter: 8. Current nllh: 7239.439839017591
Starting EM iter: 9
Estep
Estep runtime (s): 0.08587288856506348
Mstep
Optimizing phi
Optimizing branch lengths. Current phi: 0. Current nu:0.26632445436806823
Optimizing nu
Mstep runtime (s): 0.20514512062072754
Finished EM iter: 9. Current nllh: 7239.4285805823465
Starting EM iter: 10
Estep
Estep runtime (s): 0.08614611625671387
Mstep
Optimizing phi
Optimizing branch lengths. Current phi: 0. Current nu:0.26631064525357545
Optimizing nu
Mstep runtime (s): 0.20055389404296875
Finished EM iter: 10. Current nllh: 7239.421895469205
Starting EM iter: 11
Estep
Estep runtime (s): 0.08619904518127441
Mstep
Optimizing phi
Optimizing branch lengths. Current phi: 0. Current nu:0.2663040028202566
Optimizing nu
Mstep runtime (s): 0.20570111274719238
Finished EM iter: 11. Current nllh: 7239.421809528023
Starting EM iter: 12
Estep
Estep runtime (s): 0.08615303039550781
Mstep
Optimizing phi
Optimizing branch lengths. Current phi: 0. Current nu:0.26629727989916135
Optimizing nu
Mstep runtime (s): 0.19328618049621582
Finished EM iter: 12. Current nllh: 7239.421849540301
EM finished after 12 iterations.
Optimal phi: 0. Optimal nu: 0.26629489412886553. Optimal nllh: 7239.421849540301
Optimal point found for initial point 1
Numerical optimization finished successfully
Tree height pre-scaling: 0.7078504720662977, input timescale: 1.0
Tree height after scaling: 0.9999999999999999, mutation rate: 0.7078504720662977
Tree height pre-scaling: 0.7078504721007512, input timescale: 1.0
Tree height after scaling: 0.9999999999999999, mutation rate: 0.7078504721007512
Tree height pre-scaling: 0.7078504722065695, input timescale: 1.0
Tree height after scaling: 1.0, mutation rate: 0.7078504722065695
Tree height pre-scaling: 0.7078504723660364, input timescale: 1.0
Tree height after scaling: 1.0, mutation rate: 0.7078504723660364
Tree height pre-scaling: 0.7078504723193886, input timescale: 1.0
Tree height after scaling: 0.9999999999999999, mutation rate: 0.7078504723193886
Tree height pre-scaling: 0.7078504719833747, input timescale: 1.0
Tree height after scaling: 1.0, mutation rate: 0.7078504719833747
Tree height pre-scaling: 0.7078504720570937, input timescale: 1.0
Tree height after scaling: 1.0, mutation rate: 0.7078504720570937
Tree height pre-scaling: 0.7078504721495109, input timescale: 1.0
Tree height after scaling: 0.9999999999999999, mutation rate: 0.7078504721495109
Tree height pre-scaling: 0.707850472174776, input timescale: 1.0
Tree height after scaling: 0.9999999999999999, mutation rate: 0.707850472174776
Tree height pre-scaling: 0.7078504720244432, input timescale: 1.0
Tree height after scaling: 1.0, mutation rate: 0.7078504720244432
Tree height pre-scaling: 0.7078504724117367, input timescale: 1.0
Tree height after scaling: 1.0, mutation rate: 0.7078504724117367
Tree height pre-scaling: 0.7078504720514229, input timescale: 1.0
Tree height after scaling: 1.0, mutation rate: 0.7078504720514229
Tree height pre-scaling: 0.7078504719602153, input timescale: 1.0
Tree height after scaling: 1.0, mutation rate: 0.7078504719602153
Runtime (s): 3.973305
