Launching LAML version 0.0.4
LAML was called as follows: /Users/uym2/my_gits/LAML/run_laml.py -c ../../evaluation/Bar11/Bar11_character_matrix.txt -t place_outlier4/augmented_tree_193.nwk -o place_outlier4/augmented_tree_193_optimized -v -p ../../evaluation/Bar11/Bar11_priors.pickle --delimiter tab -m -1 --nInitials 1
Prior keys mismatch with site names.
Prior keys: [0, 1, 2, 3, 4, 5, 6, 7, 8, 9, 10, 11, 12, 13, 14, 15, 16, 17, 18, 19, 20, 21, 22, 23, 24, 25, 26]
Site names: ['r1', 'r2', 'r3', 'r4', 'r5', 'r6', 'r7', 'r8', 'r9', 'r10', 'r11', 'r12', 'r13', 'r14', 'r15', 'r16', 'r17', 'r18', 'r19', 'r20', 'r21', 'r22', 'r23', 'r24', 'r25', 'r26', 'r27']
Attempting to infer mapping between site names and prior keys...
{'r1': 0, 'r2': 1, 'r3': 2, 'r4': 3, 'r5': 4, 'r6': 5, 'r7': 6, 'r8': 7, 'r9': 8, 'r10': 9, 'r11': 10, 'r12': 11, 'r13': 12, 'r14': 13, 'r15': 14, 'r16': 15, 'r17': 16, 'r18': 17, 'r19': 18, 'r20': 19, 'r21': 20, 'r22': 21, 'r23': 22, 'r24': 23, 'r25': 24, 'r26': 25, 'r27': 26}
Optimizing branch lengths, phi, and nu without topology search
Optimization by EM algorithm
Optimization start with 1 initials
Initial point 1. Random seed: 2203
Numerical optimization started with ultrametric constraint (default)
Initial phi: 0. Initial nu: 0.26955655566205877. Initial nllh: 9033.215713712876
Starting EM iter: 1
Estep
Estep runtime (s): 0.06364989280700684
Mstep
Optimizing phi
Optimizing branch lengths. Current phi: 0. Current nu:0.26955655566205877
Optimizing nu
Mstep runtime (s): 0.2505362033843994
Finished EM iter: 1. Current nllh: 7520.622704160343
Starting EM iter: 2
Estep
Estep runtime (s): 0.08592939376831055
Mstep
Optimizing phi
Optimizing branch lengths. Current phi: 0. Current nu:0.2688064952340327
Optimizing nu
Mstep runtime (s): 0.19730687141418457
Finished EM iter: 2. Current nllh: 7490.222442353634
Starting EM iter: 3
Estep
Estep runtime (s): 0.08606529235839844
Mstep
Optimizing phi
Optimizing branch lengths. Current phi: 0. Current nu:0.26369849177303123
Optimizing nu
Mstep runtime (s): 0.21189117431640625
Finished EM iter: 3. Current nllh: 7487.085655825489
Starting EM iter: 4
Estep
Estep runtime (s): 0.08611416816711426
Mstep
Optimizing phi
Optimizing branch lengths. Current phi: 0. Current nu:0.26106063662847967
Optimizing nu
Mstep runtime (s): 0.19397234916687012
Finished EM iter: 4. Current nllh: 7486.7094009969105
Starting EM iter: 5
Estep
Estep runtime (s): 0.08577704429626465
Mstep
Optimizing phi
Optimizing branch lengths. Current phi: 0. Current nu:0.26009343892669906
Optimizing nu
Mstep runtime (s): 0.21198511123657227
Finished EM iter: 5. Current nllh: 7486.638956288454
Starting EM iter: 6
Estep
Estep runtime (s): 0.08612704277038574
Mstep
Optimizing phi
Optimizing branch lengths. Current phi: 0. Current nu:0.2597595647745369
Optimizing nu
Mstep runtime (s): 0.20911884307861328
Finished EM iter: 6. Current nllh: 7486.603772870141
Starting EM iter: 7
Estep
Estep runtime (s): 0.08623909950256348
Mstep
Optimizing phi
Optimizing branch lengths. Current phi: 0. Current nu:0.25964387281274154
Optimizing nu
Mstep runtime (s): 0.2239990234375
Finished EM iter: 7. Current nllh: 7486.581586049964
Starting EM iter: 8
Estep
Estep runtime (s): 0.08643913269042969
Mstep
Optimizing phi
Optimizing branch lengths. Current phi: 0. Current nu:0.25960346866695094
Optimizing nu
Mstep runtime (s): 0.18609404563903809
Finished EM iter: 8. Current nllh: 7486.566368178224
Starting EM iter: 9
Estep
Estep runtime (s): 0.0860891342163086
Mstep
Optimizing phi
Optimizing branch lengths. Current phi: 0. Current nu:0.25958868313616534
Optimizing nu
Mstep runtime (s): 0.21260905265808105
Finished EM iter: 9. Current nllh: 7486.555316742437
Starting EM iter: 10
Estep
Estep runtime (s): 0.0863790512084961
Mstep
Optimizing phi
Optimizing branch lengths. Current phi: 0. Current nu:0.25958268143614527
Optimizing nu
Mstep runtime (s): 0.2072460651397705
Finished EM iter: 10. Current nllh: 7486.547914479329
Starting EM iter: 11
Estep
Estep runtime (s): 0.09096598625183105
Mstep
Optimizing phi
Optimizing branch lengths. Current phi: 0. Current nu:0.2595802468395249
Optimizing nu
Mstep runtime (s): 0.20717215538024902
Finished EM iter: 11. Current nllh: 7486.547635927392
Starting EM iter: 12
Estep
Estep runtime (s): 0.08754920959472656
Mstep
Optimizing phi
Optimizing branch lengths. Current phi: 0. Current nu:0.2595753957295617
Optimizing nu
Mstep runtime (s): 0.2177290916442871
Finished EM iter: 12. Current nllh: 7486.5476663838
EM finished after 12 iterations.
Optimal phi: 0. Optimal nu: 0.2595733746014558. Optimal nllh: 7486.5476663838
Optimal point found for initial point 1
Numerical optimization finished successfully
Tree height pre-scaling: 0.7330741864069248, input timescale: 1.0
Tree height after scaling: 1.0, mutation rate: 0.7330741864069248
Tree height pre-scaling: 0.7330741863853205, input timescale: 1.0
Tree height after scaling: 1.0, mutation rate: 0.7330741863853205
Tree height pre-scaling: 0.7330741865247581, input timescale: 1.0
Tree height after scaling: 1.0, mutation rate: 0.7330741865247581
Tree height pre-scaling: 0.7330741865885589, input timescale: 1.0
Tree height after scaling: 0.9999999999999999, mutation rate: 0.7330741865885589
Tree height pre-scaling: 0.7330741864854906, input timescale: 1.0
Tree height after scaling: 1.0, mutation rate: 0.7330741864854906
Tree height pre-scaling: 0.7330741863638117, input timescale: 1.0
Tree height after scaling: 1.0, mutation rate: 0.7330741863638117
Tree height pre-scaling: 0.7330741866692986, input timescale: 1.0
Tree height after scaling: 1.0, mutation rate: 0.7330741866692986
Tree height pre-scaling: 0.7330741863844908, input timescale: 1.0
Tree height after scaling: 1.0, mutation rate: 0.7330741863844908
Tree height pre-scaling: 0.7330741863949984, input timescale: 1.0
Tree height after scaling: 1.0, mutation rate: 0.7330741863949984
Tree height pre-scaling: 0.7330741865974545, input timescale: 1.0
Tree height after scaling: 1.0, mutation rate: 0.7330741865974545
Tree height pre-scaling: 0.7330741863977202, input timescale: 1.0
Tree height after scaling: 1.0, mutation rate: 0.7330741863977202
Tree height pre-scaling: 0.7330741863157428, input timescale: 1.0
Tree height after scaling: 0.9999999999999999, mutation rate: 0.7330741863157428
Tree height pre-scaling: 0.7330741875277987, input timescale: 1.0
Tree height after scaling: 1.0, mutation rate: 0.7330741875277987
Runtime (s): 4.391843499999999
