Launching LAML version 0.0.4
LAML was called as follows: /Users/uym2/my_gits/LAML/run_laml.py -c ../../evaluation/Bar11/Bar11_character_matrix.txt -t place_outlier4/augmented_tree_175.nwk -o place_outlier4/augmented_tree_175_optimized -v -p ../../evaluation/Bar11/Bar11_priors.pickle --delimiter tab -m -1 --nInitials 1
Prior keys mismatch with site names.
Prior keys: [0, 1, 2, 3, 4, 5, 6, 7, 8, 9, 10, 11, 12, 13, 14, 15, 16, 17, 18, 19, 20, 21, 22, 23, 24, 25, 26]
Site names: ['r1', 'r2', 'r3', 'r4', 'r5', 'r6', 'r7', 'r8', 'r9', 'r10', 'r11', 'r12', 'r13', 'r14', 'r15', 'r16', 'r17', 'r18', 'r19', 'r20', 'r21', 'r22', 'r23', 'r24', 'r25', 'r26', 'r27']
Attempting to infer mapping between site names and prior keys...
{'r1': 0, 'r2': 1, 'r3': 2, 'r4': 3, 'r5': 4, 'r6': 5, 'r7': 6, 'r8': 7, 'r9': 8, 'r10': 9, 'r11': 10, 'r12': 11, 'r13': 12, 'r14': 13, 'r15': 14, 'r16': 15, 'r17': 16, 'r18': 17, 'r19': 18, 'r20': 19, 'r21': 20, 'r22': 21, 'r23': 22, 'r24': 23, 'r25': 24, 'r26': 25, 'r27': 26}
Optimizing branch lengths, phi, and nu without topology search
Optimization by EM algorithm
Optimization start with 1 initials
Initial point 1. Random seed: 5979
Numerical optimization started with ultrametric constraint (default)
Initial phi: 0. Initial nu: 0.26955655566205877. Initial nllh: 8795.566742520197
Starting EM iter: 1
Estep
Estep runtime (s): 0.06347084045410156
Mstep
Optimizing phi
Optimizing branch lengths. Current phi: 0. Current nu:0.26955655566205877
Optimizing nu
Mstep runtime (s): 0.22101092338562012
Finished EM iter: 1. Current nllh: 7297.520759447742
Starting EM iter: 2
Estep
Estep runtime (s): 0.08551907539367676
Mstep
Optimizing phi
Optimizing branch lengths. Current phi: 0. Current nu:0.2735625760127784
Optimizing nu
Mstep runtime (s): 0.22449874877929688
Finished EM iter: 2. Current nllh: 7263.499581316135
Starting EM iter: 3
Estep
Estep runtime (s): 0.08535432815551758
Mstep
Optimizing phi
Optimizing branch lengths. Current phi: 0. Current nu:0.26961648933950827
Optimizing nu
Mstep runtime (s): 0.20956707000732422
Finished EM iter: 3. Current nllh: 7260.058123548561
Starting EM iter: 4
Estep
Estep runtime (s): 0.08559107780456543
Mstep
Optimizing phi
Optimizing branch lengths. Current phi: 0. Current nu:0.26710847164016804
Optimizing nu
Mstep runtime (s): 0.2672748565673828
Finished EM iter: 4. Current nllh: 7259.677355920781
Starting EM iter: 5
Estep
Estep runtime (s): 0.08769011497497559
Mstep
Optimizing phi
Optimizing branch lengths. Current phi: 0. Current nu:0.2661412274885864
Optimizing nu
Mstep runtime (s): 0.21529173851013184
Finished EM iter: 5. Current nllh: 7259.609107216123
Starting EM iter: 6
Estep
Estep runtime (s): 0.08659720420837402
Mstep
Optimizing phi
Optimizing branch lengths. Current phi: 0. Current nu:0.2657992996592371
Optimizing nu
Mstep runtime (s): 0.22188401222229004
Finished EM iter: 6. Current nllh: 7259.57450678221
Starting EM iter: 7
Estep
Estep runtime (s): 0.08520197868347168
Mstep
Optimizing phi
Optimizing branch lengths. Current phi: 0. Current nu:0.2656818808370126
Optimizing nu
Mstep runtime (s): 0.21023178100585938
Finished EM iter: 7. Current nllh: 7259.552363813581
Starting EM iter: 8
Estep
Estep runtime (s): 0.08533930778503418
Mstep
Optimizing phi
Optimizing branch lengths. Current phi: 0. Current nu:0.26563818774696335
Optimizing nu
Mstep runtime (s): 0.2025752067565918
Finished EM iter: 8. Current nllh: 7259.537280864683
Starting EM iter: 9
Estep
Estep runtime (s): 0.08710289001464844
Mstep
Optimizing phi
Optimizing branch lengths. Current phi: 0. Current nu:0.265625136073526
Optimizing nu
Mstep runtime (s): 0.20488810539245605
Finished EM iter: 9. Current nllh: 7259.526528436342
Starting EM iter: 10
Estep
Estep runtime (s): 0.0864100456237793
Mstep
Optimizing phi
Optimizing branch lengths. Current phi: 0. Current nu:0.26562014625627733
Optimizing nu
Mstep runtime (s): 0.21405696868896484
Finished EM iter: 10. Current nllh: 7259.5196657349115
Starting EM iter: 11
Estep
Estep runtime (s): 0.0870976448059082
Mstep
Optimizing phi
Optimizing branch lengths. Current phi: 0. Current nu:0.26561719058674677
Optimizing nu
Mstep runtime (s): 0.19546294212341309
Finished EM iter: 11. Current nllh: 7259.519656483134
EM finished after 11 iterations.
Optimal phi: 0. Optimal nu: 0.26561286997063. Optimal nllh: 7259.519656483134
Optimal point found for initial point 1
Numerical optimization finished successfully
Tree height pre-scaling: 0.7119048451378719, input timescale: 1.0
Tree height after scaling: 1.0, mutation rate: 0.7119048451378719
Tree height pre-scaling: 0.7119048451400982, input timescale: 1.0
Tree height after scaling: 1.0000000000000002, mutation rate: 0.7119048451400982
Tree height pre-scaling: 0.7119048451552743, input timescale: 1.0
Tree height after scaling: 1.0, mutation rate: 0.7119048451552743
Tree height pre-scaling: 0.7119048451710237, input timescale: 1.0
Tree height after scaling: 1.0, mutation rate: 0.7119048451710237
Tree height pre-scaling: 0.7119048451534394, input timescale: 1.0
Tree height after scaling: 1.0, mutation rate: 0.7119048451534394
Tree height pre-scaling: 0.7119048451326906, input timescale: 1.0
Tree height after scaling: 1.0, mutation rate: 0.7119048451326906
Tree height pre-scaling: 0.7119048451785511, input timescale: 1.0
Tree height after scaling: 1.0, mutation rate: 0.7119048451785511
Tree height pre-scaling: 0.7119048451358715, input timescale: 1.0
Tree height after scaling: 1.0, mutation rate: 0.7119048451358715
Tree height pre-scaling: 0.7119048451409824, input timescale: 1.0
Tree height after scaling: 1.0, mutation rate: 0.7119048451409824
Tree height pre-scaling: 0.7119048451699765, input timescale: 1.0
Tree height after scaling: 0.9999999999999998, mutation rate: 0.7119048451699765
Tree height pre-scaling: 0.7119048451374044, input timescale: 1.0
Tree height after scaling: 1.0, mutation rate: 0.7119048451374044
Tree height pre-scaling: 0.711904845126923, input timescale: 1.0
Tree height after scaling: 0.9999999999999999, mutation rate: 0.711904845126923
Tree height pre-scaling: 0.7119048451787298, input timescale: 1.0
Tree height after scaling: 1.0, mutation rate: 0.7119048451787298
Runtime (s): 3.744640084
