Launching LAML version 0.0.4
LAML was called as follows: /Users/uym2/my_gits/LAML/run_laml.py -c ../../evaluation/Bar11/Bar11_character_matrix.txt -t place_outlier4/augmented_tree_55.nwk -o place_outlier4/augmented_tree_55_optimized -v -p ../../evaluation/Bar11/Bar11_priors.pickle --delimiter tab -m -1 --nInitials 1
Prior keys mismatch with site names.
Prior keys: [0, 1, 2, 3, 4, 5, 6, 7, 8, 9, 10, 11, 12, 13, 14, 15, 16, 17, 18, 19, 20, 21, 22, 23, 24, 25, 26]
Site names: ['r1', 'r2', 'r3', 'r4', 'r5', 'r6', 'r7', 'r8', 'r9', 'r10', 'r11', 'r12', 'r13', 'r14', 'r15', 'r16', 'r17', 'r18', 'r19', 'r20', 'r21', 'r22', 'r23', 'r24', 'r25', 'r26', 'r27']
Attempting to infer mapping between site names and prior keys...
{'r1': 0, 'r2': 1, 'r3': 2, 'r4': 3, 'r5': 4, 'r6': 5, 'r7': 6, 'r8': 7, 'r9': 8, 'r10': 9, 'r11': 10, 'r12': 11, 'r13': 12, 'r14': 13, 'r15': 14, 'r16': 15, 'r17': 16, 'r18': 17, 'r19': 18, 'r20': 19, 'r21': 20, 'r22': 21, 'r23': 22, 'r24': 23, 'r25': 24, 'r26': 25, 'r27': 26}
Optimizing branch lengths, phi, and nu without topology search
Optimization by EM algorithm
Optimization start with 1 initials
Initial point 1. Random seed: 3037
Numerical optimization started with ultrametric constraint (default)
Initial phi: 0. Initial nu: 0.26955655566205877. Initial nllh: 8729.66791688307
Starting EM iter: 1
Estep
Estep runtime (s): 0.06363582611083984
Mstep
Optimizing phi
Optimizing branch lengths. Current phi: 0. Current nu:0.26955655566205877
Optimizing nu
Mstep runtime (s): 0.22695398330688477
Finished EM iter: 1. Current nllh: 7404.409791628051
Starting EM iter: 2
Estep
Estep runtime (s): 0.08734798431396484
Mstep
Optimizing phi
Optimizing branch lengths. Current phi: 0. Current nu:0.2720486021185461
Optimizing nu
Mstep runtime (s): 0.22008299827575684
Finished EM iter: 2. Current nllh: 7377.044775787818
Starting EM iter: 3
Estep
Estep runtime (s): 0.08603072166442871
Mstep
Optimizing phi
Optimizing branch lengths. Current phi: 0. Current nu:0.268574235354513
Optimizing nu
Mstep runtime (s): 0.24074816703796387
Finished EM iter: 3. Current nllh: 7374.504918436118
Starting EM iter: 4
Estep
Estep runtime (s): 0.08584237098693848
Mstep
Optimizing phi
Optimizing branch lengths. Current phi: 0. Current nu:0.26661661577789075
Optimizing nu
Mstep runtime (s): 0.2461259365081787
Finished EM iter: 4. Current nllh: 7374.283415977814
Starting EM iter: 5
Estep
Estep runtime (s): 0.08589792251586914
Mstep
Optimizing phi
Optimizing branch lengths. Current phi: 0. Current nu:0.26587638071866887
Optimizing nu
Mstep runtime (s): 0.24079608917236328
Finished EM iter: 5. Current nllh: 7374.222090513665
Starting EM iter: 6
Estep
Estep runtime (s): 0.08632588386535645
Mstep
Optimizing phi
Optimizing branch lengths. Current phi: 0. Current nu:0.26561937642738237
Optimizing nu
Mstep runtime (s): 0.276076078414917
Finished EM iter: 6. Current nllh: 7374.188662215426
Starting EM iter: 7
Estep
Estep runtime (s): 0.0862131118774414
Mstep
Optimizing phi
Optimizing branch lengths. Current phi: 0. Current nu:0.2655305359489457
Optimizing nu
Mstep runtime (s): 0.2505002021789551
Finished EM iter: 7. Current nllh: 7374.167337247185
Starting EM iter: 8
Estep
Estep runtime (s): 0.08633303642272949
Mstep
Optimizing phi
Optimizing branch lengths. Current phi: 0. Current nu:0.2654958191463559
Optimizing nu
Mstep runtime (s): 0.22516798973083496
Finished EM iter: 8. Current nllh: 7374.152534372984
Starting EM iter: 9
Estep
Estep runtime (s): 0.08718299865722656
Mstep
Optimizing phi
Optimizing branch lengths. Current phi: 0. Current nu:0.2654822697789004
Optimizing nu
Mstep runtime (s): 0.20807790756225586
Finished EM iter: 9. Current nllh: 7374.141734612642
Starting EM iter: 10
Estep
Estep runtime (s): 0.08794116973876953
Mstep
Optimizing phi
Optimizing branch lengths. Current phi: 0. Current nu:0.2654765986084449
Optimizing nu
Mstep runtime (s): 0.21129441261291504
Finished EM iter: 10. Current nllh: 7374.13459078433
Starting EM iter: 11
Estep
Estep runtime (s): 0.08634376525878906
Mstep
Optimizing phi
Optimizing branch lengths. Current phi: 0. Current nu:0.26547539422052746
Optimizing nu
Mstep runtime (s): 0.20096206665039062
Finished EM iter: 11. Current nllh: 7374.134842622289
Starting EM iter: 12
Estep
Estep runtime (s): 0.08629822731018066
Mstep
Optimizing phi
Optimizing branch lengths. Current phi: 0. Current nu:0.2654688720785197
Optimizing nu
Mstep runtime (s): 0.2316296100616455
Finished EM iter: 12. Current nllh: 7374.134707932121
Starting EM iter: 13
Estep
Estep runtime (s): 0.08786582946777344
Mstep
Optimizing phi
Optimizing branch lengths. Current phi: 0. Current nu:0.26546652776723106
Optimizing nu
Mstep runtime (s): 0.20991897583007812
Finished EM iter: 13. Current nllh: 7374.134719123679
EM finished after 13 iterations.
Optimal phi: 0. Optimal nu: 0.2654659879750021. Optimal nllh: 7374.134719123679
Optimal point found for initial point 1
Numerical optimization finished successfully
Tree height pre-scaling: 0.7177852840059318, input timescale: 1.0
Tree height after scaling: 1.0, mutation rate: 0.7177852840059318
Tree height pre-scaling: 0.7177852854494141, input timescale: 1.0
Tree height after scaling: 1.0, mutation rate: 0.7177852854494141
Tree height pre-scaling: 0.7177854211128951, input timescale: 1.0
Tree height after scaling: 1.0, mutation rate: 0.7177854211128951
Tree height pre-scaling: 0.7177855326737, input timescale: 1.0
Tree height after scaling: 1.0, mutation rate: 0.7177855326737
Tree height pre-scaling: 0.7177854580089625, input timescale: 1.0
Tree height after scaling: 1.0, mutation rate: 0.7177854580089625
Tree height pre-scaling: 0.7177851921281035, input timescale: 1.0
Tree height after scaling: 1.0, mutation rate: 0.7177851921281035
Tree height pre-scaling: 0.7177852705274926, input timescale: 1.0
Tree height after scaling: 1.0, mutation rate: 0.7177852705274926
Tree height pre-scaling: 0.7177853520152204, input timescale: 1.0
Tree height after scaling: 1.0, mutation rate: 0.7177853520152204
Tree height pre-scaling: 0.7177852010305207, input timescale: 1.0
Tree height after scaling: 1.0, mutation rate: 0.7177852010305207
Tree height pre-scaling: 0.7177852708386037, input timescale: 1.0
Tree height after scaling: 1.0, mutation rate: 0.7177852708386037
Tree height pre-scaling: 0.7177853827472379, input timescale: 1.0
Tree height after scaling: 1.0, mutation rate: 0.7177853827472379
Tree height pre-scaling: 0.7177852404913416, input timescale: 1.0
Tree height after scaling: 1.0, mutation rate: 0.7177852404913416
Tree height pre-scaling: 0.7177858289121672, input timescale: 1.0
Tree height after scaling: 1.0, mutation rate: 0.7177858289121672
Runtime (s): 4.569705333
