Launching LAML version 0.0.4
LAML was called as follows: /Users/uym2/my_gits/LAML/run_laml.py -c ../../evaluation/Bar11/Bar11_character_matrix.txt -t place_outlier4/augmented_tree_216.nwk -o place_outlier4/augmented_tree_216_optimized -v -p ../../evaluation/Bar11/Bar11_priors.pickle --delimiter tab -m -1 --nInitials 1
Prior keys mismatch with site names.
Prior keys: [0, 1, 2, 3, 4, 5, 6, 7, 8, 9, 10, 11, 12, 13, 14, 15, 16, 17, 18, 19, 20, 21, 22, 23, 24, 25, 26]
Site names: ['r1', 'r2', 'r3', 'r4', 'r5', 'r6', 'r7', 'r8', 'r9', 'r10', 'r11', 'r12', 'r13', 'r14', 'r15', 'r16', 'r17', 'r18', 'r19', 'r20', 'r21', 'r22', 'r23', 'r24', 'r25', 'r26', 'r27']
Attempting to infer mapping between site names and prior keys...
{'r1': 0, 'r2': 1, 'r3': 2, 'r4': 3, 'r5': 4, 'r6': 5, 'r7': 6, 'r8': 7, 'r9': 8, 'r10': 9, 'r11': 10, 'r12': 11, 'r13': 12, 'r14': 13, 'r15': 14, 'r16': 15, 'r17': 16, 'r18': 17, 'r19': 18, 'r20': 19, 'r21': 20, 'r22': 21, 'r23': 22, 'r24': 23, 'r25': 24, 'r26': 25, 'r27': 26}
Optimizing branch lengths, phi, and nu without topology search
Optimization by EM algorithm
Optimization start with 1 initials
Initial point 1. Random seed: 6050
Numerical optimization started with ultrametric constraint (default)
Initial phi: 0. Initial nu: 0.26955655566205877. Initial nllh: 8616.883591274807
Starting EM iter: 1
Estep
Estep runtime (s): 0.06457805633544922
Mstep
Optimizing phi
Optimizing branch lengths. Current phi: 0. Current nu:0.26955655566205877
Optimizing nu
Mstep runtime (s): 0.2187199592590332
Finished EM iter: 1. Current nllh: 7279.492787716654
Starting EM iter: 2
Estep
Estep runtime (s): 0.08719611167907715
Mstep
Optimizing phi
Optimizing branch lengths. Current phi: 0. Current nu:0.27377721209674244
Optimizing nu
Mstep runtime (s): 0.18741488456726074
Finished EM iter: 2. Current nllh: 7249.24883250884
Starting EM iter: 3
Estep
Estep runtime (s): 0.08742618560791016
Mstep
Optimizing phi
Optimizing branch lengths. Current phi: 0. Current nu:0.27008439155889147
Optimizing nu
Mstep runtime (s): 0.1864609718322754
Finished EM iter: 3. Current nllh: 7246.0315666238075
Starting EM iter: 4
Estep
Estep runtime (s): 0.08723807334899902
Mstep
Optimizing phi
Optimizing branch lengths. Current phi: 0. Current nu:0.26776463439606235
Optimizing nu
Mstep runtime (s): 0.19305872917175293
Finished EM iter: 4. Current nllh: 7245.653421952184
Starting EM iter: 5
Estep
Estep runtime (s): 0.08720707893371582
Mstep
Optimizing phi
Optimizing branch lengths. Current phi: 0. Current nu:0.26685475186713675
Optimizing nu
Mstep runtime (s): 0.19505667686462402
Finished EM iter: 5. Current nllh: 7245.583913797728
Starting EM iter: 6
Estep
Estep runtime (s): 0.0872499942779541
Mstep
Optimizing phi
Optimizing branch lengths. Current phi: 0. Current nu:0.2665220611820978
Optimizing nu
Mstep runtime (s): 0.18919897079467773
Finished EM iter: 6. Current nllh: 7245.549000014255
Starting EM iter: 7
Estep
Estep runtime (s): 0.08730888366699219
Mstep
Optimizing phi
Optimizing branch lengths. Current phi: 0. Current nu:0.2664025494272848
Optimizing nu
Mstep runtime (s): 0.250931978225708
Finished EM iter: 7. Current nllh: 7245.526834095351
Starting EM iter: 8
Estep
Estep runtime (s): 0.08789205551147461
Mstep
Optimizing phi
Optimizing branch lengths. Current phi: 0. Current nu:0.2663576592373337
Optimizing nu
Mstep runtime (s): 0.20316290855407715
Finished EM iter: 8. Current nllh: 7245.511764811625
Starting EM iter: 9
Estep
Estep runtime (s): 0.0875849723815918
Mstep
Optimizing phi
Optimizing branch lengths. Current phi: 0. Current nu:0.26634093292755
Optimizing nu
Mstep runtime (s): 0.2307438850402832
Finished EM iter: 9. Current nllh: 7245.501060052909
Starting EM iter: 10
Estep
Estep runtime (s): 0.08940696716308594
Mstep
Optimizing phi
Optimizing branch lengths. Current phi: 0. Current nu:0.2663340180727868
Optimizing nu
Mstep runtime (s): 0.282545804977417
Finished EM iter: 10. Current nllh: 7245.494344845097
Starting EM iter: 11
Estep
Estep runtime (s): 0.08776974678039551
Mstep
Optimizing phi
Optimizing branch lengths. Current phi: 0. Current nu:0.2663295546750078
Optimizing nu
Mstep runtime (s): 0.2120802402496338
Finished EM iter: 11. Current nllh: 7245.494356606897
EM finished after 11 iterations.
Optimal phi: 0. Optimal nu: 0.2663246307271088. Optimal nllh: 7245.494356606897
Optimal point found for initial point 1
Numerical optimization finished successfully
Tree height pre-scaling: 0.7097112802184663, input timescale: 1.0
Tree height after scaling: 1.0, mutation rate: 0.7097112802184663
Tree height pre-scaling: 0.7097112802611347, input timescale: 1.0
Tree height after scaling: 1.0, mutation rate: 0.7097112802611347
Tree height pre-scaling: 0.7097112805295316, input timescale: 1.0
Tree height after scaling: 1.0, mutation rate: 0.7097112805295316
Tree height pre-scaling: 0.7097112808094701, input timescale: 1.0
Tree height after scaling: 0.9999999999999999, mutation rate: 0.7097112808094701
Tree height pre-scaling: 0.7097112804822935, input timescale: 1.0
Tree height after scaling: 1.0, mutation rate: 0.7097112804822935
Tree height pre-scaling: 0.7097112801312779, input timescale: 1.0
Tree height after scaling: 1.0, mutation rate: 0.7097112801312779
Tree height pre-scaling: 0.709711280917436, input timescale: 1.0
Tree height after scaling: 1.0, mutation rate: 0.709711280917436
Tree height pre-scaling: 0.7097112801852778, input timescale: 1.0
Tree height after scaling: 1.0, mutation rate: 0.7097112801852778
Tree height pre-scaling: 0.709711280267803, input timescale: 1.0
Tree height after scaling: 1.0, mutation rate: 0.709711280267803
Tree height pre-scaling: 0.7097112807612626, input timescale: 1.0
Tree height after scaling: 1.0, mutation rate: 0.7097112807612626
Tree height pre-scaling: 0.709711280219427, input timescale: 1.0
Tree height after scaling: 0.9999999999999999, mutation rate: 0.709711280219427
Tree height pre-scaling: 0.7097112800332677, input timescale: 1.0
Tree height after scaling: 1.0, mutation rate: 0.7097112800332677
Tree height pre-scaling: 0.7097112804008455, input timescale: 1.0
Tree height after scaling: 1.0, mutation rate: 0.7097112804008455
Runtime (s): 3.7282696250000003
