Launching LAML version 0.0.4
LAML was called as follows: /Users/uym2/my_gits/LAML/run_laml.py -c ../../evaluation/Bar23/Bar23_character_matrix.txt -t place_outlier1/augmented_tree_539.nwk -o place_outlier1/augmented_tree_539_optimized -v -p ../../evaluation/Bar23/Bar23_priors.pickle --delimiter tab -m -1 --nInitials 1
Prior keys mismatch with site names.
Prior keys: [0, 1, 2, 3, 4, 5, 6, 7, 8, 9, 10, 11, 12, 13, 14, 15, 16, 17, 18, 19, 20, 21, 22, 23, 24, 25, 26, 27, 28]
Site names: ['r1', 'r2', 'r3', 'r4', 'r5', 'r6', 'r7', 'r8', 'r9', 'r10', 'r11', 'r12', 'r13', 'r14', 'r15', 'r16', 'r17', 'r18', 'r19', 'r20', 'r21', 'r22', 'r23', 'r24', 'r25', 'r26', 'r27', 'r28', 'r29', 'r30']
Attempting to infer mapping between site names and prior keys...
Not all site names are present in the dictionary. Trying offset...
Offset between input site names and prior keys is assumed to be 1
Missing priors at site r30, filling in uniform priors...
{'r1': 0, 'r2': 1, 'r3': 2, 'r4': 3, 'r5': 4, 'r6': 5, 'r7': 6, 'r8': 7, 'r9': 8, 'r10': 9, 'r11': 10, 'r12': 11, 'r13': 12, 'r14': 13, 'r15': 14, 'r16': 15, 'r17': 16, 'r18': 17, 'r19': 18, 'r20': 19, 'r21': 20, 'r22': 21, 'r23': 22, 'r24': 23, 'r25': 24, 'r26': 25, 'r27': 26, 'r28': 27, 'r29': 28, 'r30': 29}
Optimizing branch lengths, phi, and nu without topology search
Optimization by EM algorithm
Optimization start with 1 initials
Initial point 1. Random seed: 6232
Numerical optimization started with ultrametric constraint (default)
Initial phi: 0.2026818096731485. Initial nu: 0.3061563663022774. Initial nllh: 13784.312863814954
Starting EM iter: 1
Estep
Estep runtime (s): 0.1595778465270996
Mstep
Optimizing phi
Optimizing branch lengths. Current phi: 0.05607665269335865. Current nu:0.3061563663022774
Optimizing nu
Mstep runtime (s): 0.5009438991546631
Finished EM iter: 1. Current nllh: 10767.884629432761
Starting EM iter: 2
Estep
Estep runtime (s): 0.21823406219482422
Mstep
Optimizing phi
Optimizing branch lengths. Current phi: 0.032109248547889616. Current nu:0.202383810592726
Optimizing nu
Mstep runtime (s): 0.4461219310760498
Finished EM iter: 2. Current nllh: 10587.697130293047
Starting EM iter: 3
Estep
Estep runtime (s): 0.2174830436706543
Mstep
Optimizing phi
Optimizing branch lengths. Current phi: 0.02094451170278353. Current nu:0.2091397120336795
Optimizing nu
Mstep runtime (s): 0.44756484031677246
Finished EM iter: 3. Current nllh: 10534.430610537729
Starting EM iter: 4
Estep
Estep runtime (s): 0.2196660041809082
Mstep
Optimizing phi
Optimizing branch lengths. Current phi: 0.014533503017145078. Current nu:0.23273644027798238
Optimizing nu
Mstep runtime (s): 0.4667661190032959
Finished EM iter: 4. Current nllh: 10510.581529430165
Starting EM iter: 5
Estep
Estep runtime (s): 0.2181541919708252
Mstep
Optimizing phi
Optimizing branch lengths. Current phi: 0.010505287460066494. Current nu:0.25364978713636804
Optimizing nu
Mstep runtime (s): 0.4720628261566162
Finished EM iter: 5. Current nllh: 10497.50613159929
Starting EM iter: 6
Estep
Estep runtime (s): 0.22644925117492676
Mstep
Optimizing phi
Optimizing branch lengths. Current phi: 0.007696212803428176. Current nu:0.2695503751105366
Optimizing nu
Mstep runtime (s): 0.4469149112701416
Finished EM iter: 6. Current nllh: 10488.398834578142
Starting EM iter: 7
Estep
Estep runtime (s): 0.22199392318725586
Mstep
Optimizing phi
Optimizing branch lengths. Current phi: 0.005573062315431004. Current nu:0.28152225198453845
Optimizing nu
Mstep runtime (s): 0.4692559242248535
Finished EM iter: 7. Current nllh: 10481.369182129789
Starting EM iter: 8
Estep
Estep runtime (s): 0.2229290008544922
Mstep
Optimizing phi
Optimizing branch lengths. Current phi: 0.0039354232049509386. Current nu:0.2907441958343927
Optimizing nu
Mstep runtime (s): 0.42039918899536133
Finished EM iter: 8. Current nllh: 10476.16851757657
Starting EM iter: 9
Estep
Estep runtime (s): 0.21934008598327637
Mstep
Optimizing phi
Optimizing branch lengths. Current phi: 0.0027176057914301325. Current nu:0.29792222820192366
Optimizing nu
Mstep runtime (s): 0.41115784645080566
Finished EM iter: 9. Current nllh: 10472.546493727146
Starting EM iter: 10
Estep
Estep runtime (s): 0.22040581703186035
Mstep
Optimizing phi
Optimizing branch lengths. Current phi: 0.001850306827766212. Current nu:0.30338952767649513
Optimizing nu
Mstep runtime (s): 0.5067012310028076
Finished EM iter: 10. Current nllh: 10470.075699623927
Starting EM iter: 11
Estep
Estep runtime (s): 0.21793699264526367
Mstep
Optimizing phi
Optimizing branch lengths. Current phi: 0.0012493484128540074. Current nu:0.30741181379050253
Optimizing nu
Mstep runtime (s): 0.4399991035461426
Finished EM iter: 11. Current nllh: 10468.405392892031
Starting EM iter: 12
Estep
Estep runtime (s): 0.21798086166381836
Mstep
Optimizing phi
Optimizing branch lengths. Current phi: 0.0008393412563818734. Current nu:0.3102851380797842
Optimizing nu
Mstep runtime (s): 0.43656015396118164
Finished EM iter: 12. Current nllh: 10467.281476519578
Starting EM iter: 13
Estep
Estep runtime (s): 0.22208118438720703
Mstep
Optimizing phi
Optimizing branch lengths. Current phi: 0.0005621258559286734. Current nu:0.3122930202837757
Optimizing nu
Mstep runtime (s): 0.41536593437194824
Finished EM iter: 13. Current nllh: 10466.527662284301
Starting EM iter: 14
Estep
Estep runtime (s): 0.21841907501220703
Mstep
Optimizing phi
Optimizing branch lengths. Current phi: 0.0003757189764994513. Current nu:0.31367617571014106
Optimizing nu
Mstep runtime (s): 0.42145681381225586
Finished EM iter: 14. Current nllh: 10466.023000455143
Starting EM iter: 15
Estep
Estep runtime (s): 0.21810698509216309
Mstep
Optimizing phi
Optimizing branch lengths. Current phi: 0.00025080426274554237. Current nu:0.31461928593316696
Optimizing nu
Mstep runtime (s): 0.4350450038909912
Finished EM iter: 15. Current nllh: 10465.68546158893
Starting EM iter: 16
Estep
Estep runtime (s): 0.22328400611877441
Mstep
Optimizing phi
Optimizing branch lengths. Current phi: 0.0001672799581692955. Current nu:0.3152580171745309
Optimizing nu
Mstep runtime (s): 0.4675710201263428
Finished EM iter: 16. Current nllh: 10465.459750205993
Starting EM iter: 17
Estep
Estep runtime (s): 0.22265219688415527
Mstep
Optimizing phi
Optimizing branch lengths. Current phi: 0.00011151029109362502. Current nu:0.3156891690111384
Optimizing nu
Mstep runtime (s): 0.4381589889526367
Finished EM iter: 17. Current nllh: 10465.308776498763
Starting EM iter: 18
Estep
Estep runtime (s): 0.22370481491088867
Mstep
Optimizing phi
Optimizing branch lengths. Current phi: 0. Current nu:0.3159791525295758
Optimizing nu
Mstep runtime (s): 0.4274129867553711
Finished EM iter: 18. Current nllh: 10465.01980450637
Starting EM iter: 19
Estep
Estep runtime (s): 0.22640299797058105
Mstep
Optimizing phi
Optimizing branch lengths. Current phi: 0. Current nu:0.31617344543051573
Optimizing nu
Mstep runtime (s): 0.4189620018005371
Finished EM iter: 19. Current nllh: 10465.015242283429
Starting EM iter: 20
Estep
Estep runtime (s): 0.2259218692779541
Mstep
Optimizing phi
Optimizing branch lengths. Current phi: 0. Current nu:0.31642503894343943
Optimizing nu
Mstep runtime (s): 0.4316990375518799
Finished EM iter: 20. Current nllh: 10465.009325829755
Starting EM iter: 21
Estep
Estep runtime (s): 0.22201180458068848
Mstep
Optimizing phi
Optimizing branch lengths. Current phi: 0. Current nu:0.3165155778809322
Optimizing nu
Mstep runtime (s): 0.44774699211120605
Finished EM iter: 21. Current nllh: 10465.006362257554
Starting EM iter: 22
Estep
Estep runtime (s): 0.2198190689086914
Mstep
Optimizing phi
Optimizing branch lengths. Current phi: 0. Current nu:0.31654794801939484
Optimizing nu
Mstep runtime (s): 0.41844797134399414
Finished EM iter: 22. Current nllh: 10465.004580158447
Starting EM iter: 23
Estep
Estep runtime (s): 0.22274184226989746
Mstep
Optimizing phi
Optimizing branch lengths. Current phi: 0. Current nu:0.3165607646433853
Optimizing nu
Mstep runtime (s): 0.567188024520874
Finished EM iter: 23. Current nllh: 10465.00330257411
Starting EM iter: 24
Estep
Estep runtime (s): 0.22717022895812988
Mstep
Optimizing phi
Optimizing branch lengths. Current phi: 0. Current nu:0.31656597097250433
Optimizing nu
Mstep runtime (s): 0.4039287567138672
Finished EM iter: 24. Current nllh: 10465.002255920705
Starting EM iter: 25
Estep
Estep runtime (s): 0.22449398040771484
Mstep
Optimizing phi
Optimizing branch lengths. Current phi: 0. Current nu:0.3165692049636071
Optimizing nu
Mstep runtime (s): 0.5141289234161377
Finished EM iter: 25. Current nllh: 10465.000993891577
Starting EM iter: 26
Estep
Estep runtime (s): 0.22008204460144043
Mstep
Optimizing phi
Optimizing branch lengths. Current phi: 0. Current nu:0.31657083818172516
Optimizing nu
Mstep runtime (s): 0.4752528667449951
Finished EM iter: 26. Current nllh: 10465.000556993615
Starting EM iter: 27
Estep
Estep runtime (s): 0.22597002983093262
Mstep
Optimizing phi
Optimizing branch lengths. Current phi: 0. Current nu:0.31657262985164253
Optimizing nu
Mstep runtime (s): 0.4350709915161133
Finished EM iter: 27. Current nllh: 10464.999847221812
Starting EM iter: 28
Estep
Estep runtime (s): 0.22339916229248047
Mstep
Optimizing phi
Optimizing branch lengths. Current phi: 0. Current nu:0.3165734398946056
Optimizing nu
Mstep runtime (s): 0.5158779621124268
Finished EM iter: 28. Current nllh: 10464.998982482217
Starting EM iter: 29
Estep
Estep runtime (s): 0.2203199863433838
Mstep
Optimizing phi
Optimizing branch lengths. Current phi: 0. Current nu:0.31657345840004886
Optimizing nu
Mstep runtime (s): 0.47710394859313965
Finished EM iter: 29. Current nllh: 10464.998312640262
Starting EM iter: 30
Estep
Estep runtime (s): 0.22109699249267578
Mstep
Optimizing phi
Optimizing branch lengths. Current phi: 0. Current nu:0.3165742015115112
Optimizing nu
Mstep runtime (s): 0.40135669708251953
Finished EM iter: 30. Current nllh: 10464.998135398022
Starting EM iter: 31
Estep
Estep runtime (s): 0.22310876846313477
Mstep
Optimizing phi
Optimizing branch lengths. Current phi: 0. Current nu:0.3165749496977786
Optimizing nu
Mstep runtime (s): 0.5148191452026367
Finished EM iter: 31. Current nllh: 10464.997653799961
Starting EM iter: 32
Estep
Estep runtime (s): 0.2246379852294922
Mstep
Optimizing phi
Optimizing branch lengths. Current phi: 0. Current nu:0.3165756858484157
Optimizing nu
Mstep runtime (s): 0.46451783180236816
Finished EM iter: 32. Current nllh: 10464.996745903229
Starting EM iter: 33
Estep
Estep runtime (s): 0.2204599380493164
Mstep
Optimizing phi
Optimizing branch lengths. Current phi: 0. Current nu:0.31657629686561667
Optimizing nu
Mstep runtime (s): 0.4211850166320801
Finished EM iter: 33. Current nllh: 10464.996818217314
EM finished after 33 iterations.
Optimal phi: 0. Optimal nu: 0.316576893993866. Optimal nllh: 10464.996818217314
Optimal point found for initial point 1
Numerical optimization finished successfully
Tree height pre-scaling: 0.7098439700765218, input timescale: 1.0
Tree height after scaling: 1.0, mutation rate: 0.7098439700765218
Tree height pre-scaling: 0.7098439700888077, input timescale: 1.0
Tree height after scaling: 1.0, mutation rate: 0.7098439700888077
Tree height pre-scaling: 0.7098439700692848, input timescale: 1.0
Tree height after scaling: 1.0, mutation rate: 0.7098439700692848
Tree height pre-scaling: 0.7098439700913436, input timescale: 1.0
Tree height after scaling: 1.0, mutation rate: 0.7098439700913436
Tree height pre-scaling: 0.7098439700636573, input timescale: 1.0
Tree height after scaling: 1.0, mutation rate: 0.7098439700636573
Tree height pre-scaling: 0.7098439700848379, input timescale: 1.0
Tree height after scaling: 1.0, mutation rate: 0.7098439700848379
Tree height pre-scaling: 0.7098439701025989, input timescale: 1.0
Tree height after scaling: 1.0, mutation rate: 0.7098439701025989
Tree height pre-scaling: 0.7098439701202636, input timescale: 1.0
Tree height after scaling: 1.0, mutation rate: 0.7098439701202636
Tree height pre-scaling: 0.7098439701000784, input timescale: 1.0
Tree height after scaling: 1.0000000000000002, mutation rate: 0.7098439701000784
Tree height pre-scaling: 0.7098439701191016, input timescale: 1.0
Tree height after scaling: 1.0, mutation rate: 0.7098439701191016
Tree height pre-scaling: 0.7098439700783077, input timescale: 1.0
Tree height after scaling: 1.0, mutation rate: 0.7098439700783077
Tree height pre-scaling: 0.7098439701120353, input timescale: 1.0
Tree height after scaling: 0.9999999999999999, mutation rate: 0.7098439701120353
Tree height pre-scaling: 0.7098439700984231, input timescale: 1.0
Tree height after scaling: 1.0000000000000002, mutation rate: 0.7098439700984231
Tree height pre-scaling: 0.7098439700531034, input timescale: 1.0
Tree height after scaling: 0.9999999999999999, mutation rate: 0.7098439700531034
Tree height pre-scaling: 0.7098439700811394, input timescale: 1.0
Tree height after scaling: 1.0, mutation rate: 0.7098439700811394
Tree height pre-scaling: 0.7098439701619752, input timescale: 1.0
Tree height after scaling: 0.9999999999999998, mutation rate: 0.7098439701619752
Tree height pre-scaling: 0.7098439701972259, input timescale: 1.0
Tree height after scaling: 1.0, mutation rate: 0.7098439701972259
Runtime (s): 24.609054208
