Launching LAML version 0.0.4
LAML was called as follows: /Users/uym2/my_gits/LAML/run_laml.py -c ../../evaluation/Bar23/Bar23_character_matrix.txt -t place_outlier1/augmented_tree_321.nwk -o place_outlier1/augmented_tree_321_optimized -v -p ../../evaluation/Bar23/Bar23_priors.pickle --delimiter tab -m -1 --nInitials 1
Prior keys mismatch with site names.
Prior keys: [0, 1, 2, 3, 4, 5, 6, 7, 8, 9, 10, 11, 12, 13, 14, 15, 16, 17, 18, 19, 20, 21, 22, 23, 24, 25, 26, 27, 28]
Site names: ['r1', 'r2', 'r3', 'r4', 'r5', 'r6', 'r7', 'r8', 'r9', 'r10', 'r11', 'r12', 'r13', 'r14', 'r15', 'r16', 'r17', 'r18', 'r19', 'r20', 'r21', 'r22', 'r23', 'r24', 'r25', 'r26', 'r27', 'r28', 'r29', 'r30']
Attempting to infer mapping between site names and prior keys...
Not all site names are present in the dictionary. Trying offset...
Offset between input site names and prior keys is assumed to be 1
Missing priors at site r30, filling in uniform priors...
{'r1': 0, 'r2': 1, 'r3': 2, 'r4': 3, 'r5': 4, 'r6': 5, 'r7': 6, 'r8': 7, 'r9': 8, 'r10': 9, 'r11': 10, 'r12': 11, 'r13': 12, 'r14': 13, 'r15': 14, 'r16': 15, 'r17': 16, 'r18': 17, 'r19': 18, 'r20': 19, 'r21': 20, 'r22': 21, 'r23': 22, 'r24': 23, 'r25': 24, 'r26': 25, 'r27': 26, 'r28': 27, 'r29': 28, 'r30': 29}
Optimizing branch lengths, phi, and nu without topology search
Optimization by EM algorithm
Optimization start with 1 initials
Initial point 1. Random seed: 5109
Numerical optimization started with ultrametric constraint (default)
Initial phi: 0.7332191899681119. Initial nu: 0.6726042458526876. Initial nllh: 22485.11567702404
Starting EM iter: 1
Estep
Estep runtime (s): 0.15918588638305664
Mstep
Optimizing phi
Optimizing branch lengths. Current phi: 0.12236248712300546. Current nu:0.6726042458526876
Optimizing nu
Mstep runtime (s): 0.4234890937805176
Finished EM iter: 1. Current nllh: 11343.250450384046
Starting EM iter: 2
Estep
Estep runtime (s): 0.22027993202209473
Mstep
Optimizing phi
Optimizing branch lengths. Current phi: 0.05394641300828378. Current nu:0.24393458160478595
Optimizing nu
Mstep runtime (s): 0.5000870227813721
Finished EM iter: 2. Current nllh: 10736.288893855142
Starting EM iter: 3
Estep
Estep runtime (s): 0.22090983390808105
Mstep
Optimizing phi
Optimizing branch lengths. Current phi: 0.03295921140890128. Current nu:0.18373441018393616
Optimizing nu
Mstep runtime (s): 0.5431499481201172
Finished EM iter: 3. Current nllh: 10604.392242407292
Starting EM iter: 4
Estep
Estep runtime (s): 0.22022509574890137
Mstep
Optimizing phi
Optimizing branch lengths. Current phi: 0.021728566101127535. Current nu:0.20244434355165147
Optimizing nu
Mstep runtime (s): 0.49280619621276855
Finished EM iter: 4. Current nllh: 10554.014143969294
Starting EM iter: 5
Estep
Estep runtime (s): 0.22072386741638184
Mstep
Optimizing phi
Optimizing branch lengths. Current phi: 0.015264771971548602. Current nu:0.2289204413284331
Optimizing nu
Mstep runtime (s): 0.6383171081542969
Finished EM iter: 5. Current nllh: 10530.931162487921
Starting EM iter: 6
Estep
Estep runtime (s): 0.22014212608337402
Mstep
Optimizing phi
Optimizing branch lengths. Current phi: 0.011194345343702554. Current nu:0.2508399390208484
Optimizing nu
Mstep runtime (s): 0.4737730026245117
Finished EM iter: 6. Current nllh: 10517.702952012229
Starting EM iter: 7
Estep
Estep runtime (s): 0.22077202796936035
Mstep
Optimizing phi
Optimizing branch lengths. Current phi: 0.008332925903150105. Current nu:0.2671884036373058
Optimizing nu
Mstep runtime (s): 0.7126631736755371
Finished EM iter: 7. Current nllh: 10508.187704677512
Starting EM iter: 8
Estep
Estep runtime (s): 0.2204291820526123
Mstep
Optimizing phi
Optimizing branch lengths. Current phi: 0.006127491994327634. Current nu:0.27941685592793525
Optimizing nu
Mstep runtime (s): 0.4496309757232666
Finished EM iter: 8. Current nllh: 10500.633740368447
Starting EM iter: 9
Estep
Estep runtime (s): 0.22131109237670898
Mstep
Optimizing phi
Optimizing branch lengths. Current phi: 0.0043804292599450975. Current nu:0.28892210127959317
Optimizing nu
Mstep runtime (s): 0.4475440979003906
Finished EM iter: 9. Current nllh: 10494.892276486476
Starting EM iter: 10
Estep
Estep runtime (s): 0.22043609619140625
Mstep
Optimizing phi
Optimizing branch lengths. Current phi: 0.00304736776903887. Current nu:0.29647103480754505
Optimizing nu
Mstep runtime (s): 0.45249176025390625
Finished EM iter: 10. Current nllh: 10490.821580806032
Starting EM iter: 11
Estep
Estep runtime (s): 0.2334599494934082
Mstep
Optimizing phi
Optimizing branch lengths. Current phi: 0.002082044467504702. Current nu:0.30235459935970405
Optimizing nu
Mstep runtime (s): 0.5283150672912598
Finished EM iter: 11. Current nllh: 10488.031845670565
Starting EM iter: 12
Estep
Estep runtime (s): 0.2266530990600586
Mstep
Optimizing phi
Optimizing branch lengths. Current phi: 0.0014077311035061446. Current nu:0.3067638590357888
Optimizing nu
Mstep runtime (s): 0.42934203147888184
Finished EM iter: 12. Current nllh: 10486.143409423146
Starting EM iter: 13
Estep
Estep runtime (s): 0.22176480293273926
Mstep
Optimizing phi
Optimizing branch lengths. Current phi: 0.0009460360950372777. Current nu:0.30995129635173635
Optimizing nu
Mstep runtime (s): 0.41211485862731934
Finished EM iter: 13. Current nllh: 10484.872748054284
Starting EM iter: 14
Estep
Estep runtime (s): 0.22747421264648438
Mstep
Optimizing phi
Optimizing branch lengths. Current phi: 0.0006334229123270491. Current nu:0.3121942296001846
Optimizing nu
Mstep runtime (s): 0.4546680450439453
Finished EM iter: 14. Current nllh: 10484.021154306036
Starting EM iter: 15
Estep
Estep runtime (s): 0.2208387851715088
Mstep
Optimizing phi
Optimizing branch lengths. Current phi: 0.0004231316641055573. Current nu:0.31374460711120394
Optimizing nu
Mstep runtime (s): 0.42489004135131836
Finished EM iter: 15. Current nllh: 10483.451917969009
Starting EM iter: 16
Estep
Estep runtime (s): 0.22786688804626465
Mstep
Optimizing phi
Optimizing branch lengths. Current phi: 0.0002822365243616871. Current nu:0.31480401928075913
Optimizing nu
Mstep runtime (s): 0.4655120372772217
Finished EM iter: 16. Current nllh: 10483.071724561754
Starting EM iter: 17
Estep
Estep runtime (s): 0.2222590446472168
Mstep
Optimizing phi
Optimizing branch lengths. Current phi: 0.00018807601962164163. Current nu:0.3155222771386804
Optimizing nu
Mstep runtime (s): 0.4568917751312256
Finished EM iter: 17. Current nllh: 10482.81843137813
Starting EM iter: 18
Estep
Estep runtime (s): 0.2277987003326416
Mstep
Optimizing phi
Optimizing branch lengths. Current phi: 0.0001252507091358184. Current nu:0.3160067061126661
Optimizing nu
Mstep runtime (s): 0.4826359748840332
Finished EM iter: 18. Current nllh: 10482.649789795827
Starting EM iter: 19
Estep
Estep runtime (s): 0.22133088111877441
Mstep
Optimizing phi
Optimizing branch lengths. Current phi: 0. Current nu:0.3163318987107911
Optimizing nu
Mstep runtime (s): 0.6966781616210938
Finished EM iter: 19. Current nllh: 10482.326625995767
Starting EM iter: 20
Estep
Estep runtime (s): 0.22033190727233887
Mstep
Optimizing phi
Optimizing branch lengths. Current phi: 0. Current nu:0.31654989640902137
Optimizing nu
Mstep runtime (s): 0.4887199401855469
Finished EM iter: 20. Current nllh: 10482.322612870215
Starting EM iter: 21
Estep
Estep runtime (s): 0.21989989280700684
Mstep
Optimizing phi
Optimizing branch lengths. Current phi: 0. Current nu:0.3168307469268994
Optimizing nu
Mstep runtime (s): 0.39389705657958984
Finished EM iter: 21. Current nllh: 10482.317724499067
Starting EM iter: 22
Estep
Estep runtime (s): 0.2201859951019287
Mstep
Optimizing phi
Optimizing branch lengths. Current phi: 0. Current nu:0.31693184645431394
Optimizing nu
Mstep runtime (s): 0.4957919120788574
Finished EM iter: 22. Current nllh: 10482.31530979257
Starting EM iter: 23
Estep
Estep runtime (s): 0.22015690803527832
Mstep
Optimizing phi
Optimizing branch lengths. Current phi: 0. Current nu:0.3169677127363103
Optimizing nu
Mstep runtime (s): 0.5987610816955566
Finished EM iter: 23. Current nllh: 10482.314939151283
Starting EM iter: 24
Estep
Estep runtime (s): 0.22013378143310547
Mstep
Optimizing phi
Optimizing branch lengths. Current phi: 0. Current nu:0.3169815536490411
Optimizing nu
Mstep runtime (s): 0.43099403381347656
Finished EM iter: 24. Current nllh: 10482.31462309876
Starting EM iter: 25
Estep
Estep runtime (s): 0.22027277946472168
Mstep
Optimizing phi
Optimizing branch lengths. Current phi: 0. Current nu:0.3169870129358535
Optimizing nu
Mstep runtime (s): 0.4432220458984375
Finished EM iter: 25. Current nllh: 10482.314481594367
Starting EM iter: 26
Estep
Estep runtime (s): 0.22036504745483398
Mstep
Optimizing phi
Optimizing branch lengths. Current phi: 0. Current nu:0.31698937000946886
Optimizing nu
Mstep runtime (s): 0.5375759601593018
Finished EM iter: 26. Current nllh: 10482.314400255556
EM finished after 26 iterations.
Optimal phi: 0. Optimal nu: 0.3169907610730026. Optimal nllh: 10482.314400255556
Optimal point found for initial point 1
Numerical optimization finished successfully
Tree height pre-scaling: 0.7083544274049856, input timescale: 1.0
Tree height after scaling: 1.0, mutation rate: 0.7083544274049856
Tree height pre-scaling: 0.7083544275925903, input timescale: 1.0
Tree height after scaling: 1.0, mutation rate: 0.7083544275925903
Tree height pre-scaling: 0.7083544273437421, input timescale: 1.0
Tree height after scaling: 1.0, mutation rate: 0.7083544273437421
Tree height pre-scaling: 0.7083544273050852, input timescale: 1.0
Tree height after scaling: 1.0, mutation rate: 0.7083544273050852
Tree height pre-scaling: 0.7083544272465528, input timescale: 1.0
Tree height after scaling: 1.0, mutation rate: 0.7083544272465528
Tree height pre-scaling: 0.7083544274641735, input timescale: 1.0
Tree height after scaling: 1.0, mutation rate: 0.7083544274641735
Tree height pre-scaling: 0.7083544276077924, input timescale: 1.0
Tree height after scaling: 1.0, mutation rate: 0.7083544276077924
Tree height pre-scaling: 0.7083544275142089, input timescale: 1.0
Tree height after scaling: 1.0, mutation rate: 0.7083544275142089
Tree height pre-scaling: 0.7083544273800029, input timescale: 1.0
Tree height after scaling: 1.0, mutation rate: 0.7083544273800029
Tree height pre-scaling: 0.7083544274687639, input timescale: 1.0
Tree height after scaling: 1.0, mutation rate: 0.7083544274687639
Tree height pre-scaling: 0.7083544273429465, input timescale: 1.0
Tree height after scaling: 1.0, mutation rate: 0.7083544273429465
Tree height pre-scaling: 0.7083544274447711, input timescale: 1.0
Tree height after scaling: 1.0, mutation rate: 0.7083544274447711
Tree height pre-scaling: 0.7083544275396771, input timescale: 1.0
Tree height after scaling: 1.0, mutation rate: 0.7083544275396771
Tree height pre-scaling: 0.7083544276213471, input timescale: 1.0
Tree height after scaling: 1.0, mutation rate: 0.7083544276213471
Tree height pre-scaling: 0.7083544274985847, input timescale: 1.0
Tree height after scaling: 1.0, mutation rate: 0.7083544274985847
Tree height pre-scaling: 0.7083544276116533, input timescale: 1.0
Tree height after scaling: 1.0, mutation rate: 0.7083544276116533
Tree height pre-scaling: 0.708354427931588, input timescale: 1.0
Tree height after scaling: 0.9999999999999999, mutation rate: 0.708354427931588
Runtime (s): 20.583678292
