Launching LAML version 0.0.4
LAML was called as follows: /Users/uym2/my_gits/LAML/run_laml.py -c ../../evaluation/Bar23/Bar23_character_matrix.txt -t place_outlier1/augmented_tree_32.nwk -o place_outlier1/augmented_tree_32_optimized -v -p ../../evaluation/Bar23/Bar23_priors.pickle --delimiter tab -m -1 --nInitials 1
Prior keys mismatch with site names.
Prior keys: [0, 1, 2, 3, 4, 5, 6, 7, 8, 9, 10, 11, 12, 13, 14, 15, 16, 17, 18, 19, 20, 21, 22, 23, 24, 25, 26, 27, 28]
Site names: ['r1', 'r2', 'r3', 'r4', 'r5', 'r6', 'r7', 'r8', 'r9', 'r10', 'r11', 'r12', 'r13', 'r14', 'r15', 'r16', 'r17', 'r18', 'r19', 'r20', 'r21', 'r22', 'r23', 'r24', 'r25', 'r26', 'r27', 'r28', 'r29', 'r30']
Attempting to infer mapping between site names and prior keys...
Not all site names are present in the dictionary. Trying offset...
Offset between input site names and prior keys is assumed to be 1
Missing priors at site r30, filling in uniform priors...
{'r1': 0, 'r2': 1, 'r3': 2, 'r4': 3, 'r5': 4, 'r6': 5, 'r7': 6, 'r8': 7, 'r9': 8, 'r10': 9, 'r11': 10, 'r12': 11, 'r13': 12, 'r14': 13, 'r15': 14, 'r16': 15, 'r17': 16, 'r18': 17, 'r19': 18, 'r20': 19, 'r21': 20, 'r22': 21, 'r23': 22, 'r24': 23, 'r25': 24, 'r26': 25, 'r27': 26, 'r28': 27, 'r29': 28, 'r30': 29}
Optimizing branch lengths, phi, and nu without topology search
Optimization by EM algorithm
Optimization start with 1 initials
Initial point 1. Random seed: 445
Numerical optimization started with ultrametric constraint (default)
Initial phi: 0.1573185082871647. Initial nu: 0.02054601492095613. Initial nllh: 13362.960767516102
Starting EM iter: 1
Estep
Estep runtime (s): 0.15727615356445312
Mstep
Optimizing phi
Optimizing branch lengths. Current phi: 0.08185243803125632. Current nu:0.02054601492095613
Optimizing nu
Mstep runtime (s): 1.0210051536560059
Finished EM iter: 1. Current nllh: 10926.65846795777
Starting EM iter: 2
Estep
Estep runtime (s): 0.22475600242614746
Mstep
Optimizing phi
Optimizing branch lengths. Current phi: 0.046342544884020544. Current nu:0.09107959265552878
Optimizing nu
Mstep runtime (s): 0.5299808979034424
Finished EM iter: 2. Current nllh: 10674.864922677232
Starting EM iter: 3
Estep
Estep runtime (s): 0.2156999111175537
Mstep
Optimizing phi
Optimizing branch lengths. Current phi: 0.02939582917231903. Current nu:0.1552560450800638
Optimizing nu
Mstep runtime (s): 0.48833584785461426
Finished EM iter: 3. Current nllh: 10577.66514347025
Starting EM iter: 4
Estep
Estep runtime (s): 0.21509194374084473
Mstep
Optimizing phi
Optimizing branch lengths. Current phi: 0.019644194478147. Current nu:0.2043614732462209
Optimizing nu
Mstep runtime (s): 0.5276553630828857
Finished EM iter: 4. Current nllh: 10532.847350652672
Starting EM iter: 5
Estep
Estep runtime (s): 0.21485185623168945
Mstep
Optimizing phi
Optimizing branch lengths. Current phi: 0.013906902532239812. Current nu:0.23863891817209093
Optimizing nu
Mstep runtime (s): 0.5468192100524902
Finished EM iter: 5. Current nllh: 10511.861129795236
Starting EM iter: 6
Estep
Estep runtime (s): 0.21506524085998535
Mstep
Optimizing phi
Optimizing branch lengths. Current phi: 0.010250119479472335. Current nu:0.26195505303128713
Optimizing nu
Mstep runtime (s): 0.4207897186279297
Finished EM iter: 6. Current nllh: 10499.708193976685
Starting EM iter: 7
Estep
Estep runtime (s): 0.21546578407287598
Mstep
Optimizing phi
Optimizing branch lengths. Current phi: 0.007644942095316495. Current nu:0.2780377689738247
Optimizing nu
Mstep runtime (s): 0.46478271484375
Finished EM iter: 7. Current nllh: 10490.543128752355
Starting EM iter: 8
Estep
Estep runtime (s): 0.21579504013061523
Mstep
Optimizing phi
Optimizing branch lengths. Current phi: 0.0055879764115818395. Current nu:0.2897069236602134
Optimizing nu
Mstep runtime (s): 0.41647911071777344
Finished EM iter: 8. Current nllh: 10483.003867221914
Starting EM iter: 9
Estep
Estep runtime (s): 0.21515274047851562
Mstep
Optimizing phi
Optimizing branch lengths. Current phi: 0.003940432954137084. Current nu:0.2987559508596702
Optimizing nu
Mstep runtime (s): 0.41448307037353516
Finished EM iter: 9. Current nllh: 10477.393020270913
Starting EM iter: 10
Estep
Estep runtime (s): 0.2157602310180664
Mstep
Optimizing phi
Optimizing branch lengths. Current phi: 0.002698359058195062. Current nu:0.30596010903881005
Optimizing nu
Mstep runtime (s): 0.4147956371307373
Finished EM iter: 10. Current nllh: 10473.518855587246
Starting EM iter: 11
Estep
Estep runtime (s): 0.2161407470703125
Mstep
Optimizing phi
Optimizing branch lengths. Current phi: 0.001815863960902794. Current nu:0.31153663402043724
Optimizing nu
Mstep runtime (s): 0.46559810638427734
Finished EM iter: 11. Current nllh: 10470.918232100372
Starting EM iter: 12
Estep
Estep runtime (s): 0.2161858081817627
Mstep
Optimizing phi
Optimizing branch lengths. Current phi: 0.0012103069122328476. Current nu:0.31566338568991037
Optimizing nu
Mstep runtime (s): 0.41313695907592773
Finished EM iter: 12. Current nllh: 10469.186823731541
Starting EM iter: 13
Estep
Estep runtime (s): 0.21590685844421387
Mstep
Optimizing phi
Optimizing branch lengths. Current phi: 0.0008022736842784161. Current nu:0.31860461712692884
Optimizing nu
Mstep runtime (s): 0.4360239505767822
Finished EM iter: 13. Current nllh: 10468.038748954254
Starting EM iter: 14
Estep
Estep runtime (s): 0.21610498428344727
Mstep
Optimizing phi
Optimizing branch lengths. Current phi: 0.000530051961333729. Current nu:0.32064668877895197
Optimizing nu
Mstep runtime (s): 0.4622199535369873
Finished EM iter: 14. Current nllh: 10467.278922594945
Starting EM iter: 15
Estep
Estep runtime (s): 0.21604013442993164
Mstep
Optimizing phi
Optimizing branch lengths. Current phi: 0.0003494863965467089. Current nu:0.32204044190636494
Optimizing nu
Mstep runtime (s): 0.49831509590148926
Finished EM iter: 15. Current nllh: 10466.779050804538
Starting EM iter: 16
Estep
Estep runtime (s): 0.21569299697875977
Mstep
Optimizing phi
Optimizing branch lengths. Current phi: 0.0002301325540368612. Current nu:0.3229789451140186
Optimizing nu
Mstep runtime (s): 0.5512740612030029
Finished EM iter: 16. Current nllh: 10466.44901607782
Starting EM iter: 17
Estep
Estep runtime (s): 0.21653413772583008
Mstep
Optimizing phi
Optimizing branch lengths. Current phi: 0.00015141378462674466. Current nu:0.3236062144092109
Optimizing nu
Mstep runtime (s): 0.44040584564208984
Finished EM iter: 17. Current nllh: 10466.232159754021
Starting EM iter: 18
Estep
Estep runtime (s): 0.21567893028259277
Mstep
Optimizing phi
Optimizing branch lengths. Current phi: 0. Current nu:0.32402505102386014
Optimizing nu
Mstep runtime (s): 0.43836092948913574
Finished EM iter: 18. Current nllh: 10465.83092947443
Starting EM iter: 19
Estep
Estep runtime (s): 0.21803712844848633
Mstep
Optimizing phi
Optimizing branch lengths. Current phi: 0. Current nu:0.3243029817049055
Optimizing nu
Mstep runtime (s): 0.4821450710296631
Finished EM iter: 19. Current nllh: 10465.825511209365
Starting EM iter: 20
Estep
Estep runtime (s): 0.2158670425415039
Mstep
Optimizing phi
Optimizing branch lengths. Current phi: 0. Current nu:0.32464460977869003
Optimizing nu
Mstep runtime (s): 0.48309898376464844
Finished EM iter: 20. Current nllh: 10465.819244768756
Starting EM iter: 21
Estep
Estep runtime (s): 0.21551179885864258
Mstep
Optimizing phi
Optimizing branch lengths. Current phi: 0. Current nu:0.32476939042278075
Optimizing nu
Mstep runtime (s): 0.4649059772491455
Finished EM iter: 21. Current nllh: 10465.816601896136
Starting EM iter: 22
Estep
Estep runtime (s): 0.2160181999206543
Mstep
Optimizing phi
Optimizing branch lengths. Current phi: 0. Current nu:0.32481453779522695
Optimizing nu
Mstep runtime (s): 0.4713778495788574
Finished EM iter: 22. Current nllh: 10465.81585937934
Starting EM iter: 23
Estep
Estep runtime (s): 0.21571135520935059
Mstep
Optimizing phi
Optimizing branch lengths. Current phi: 0. Current nu:0.3248330053283405
Optimizing nu
Mstep runtime (s): 0.5986909866333008
Finished EM iter: 23. Current nllh: 10465.815403988698
Starting EM iter: 24
Estep
Estep runtime (s): 0.21554327011108398
Mstep
Optimizing phi
Optimizing branch lengths. Current phi: 0. Current nu:0.3248404380734472
Optimizing nu
Mstep runtime (s): 0.4443488121032715
Finished EM iter: 24. Current nllh: 10465.815165492038
Starting EM iter: 25
Estep
Estep runtime (s): 0.21531200408935547
Mstep
Optimizing phi
Optimizing branch lengths. Current phi: 0. Current nu:0.32484422983284245
Optimizing nu
Mstep runtime (s): 0.42055678367614746
Finished EM iter: 25. Current nllh: 10465.815014490321
Starting EM iter: 26
Estep
Estep runtime (s): 0.2158799171447754
Mstep
Optimizing phi
Optimizing branch lengths. Current phi: 0. Current nu:0.32484632067211944
Optimizing nu
Mstep runtime (s): 0.5381498336791992
Finished EM iter: 26. Current nllh: 10465.814910560366
EM finished after 26 iterations.
Optimal phi: 0. Optimal nu: 0.32484749701994253. Optimal nllh: 10465.814910560366
Optimal point found for initial point 1
Numerical optimization finished successfully
Tree height pre-scaling: 0.7085720332645188, input timescale: 1.0
Tree height after scaling: 1.0, mutation rate: 0.7085720332645188
Tree height pre-scaling: 0.7085720334739506, input timescale: 1.0
Tree height after scaling: 0.9999999999999999, mutation rate: 0.7085720334739506
Tree height pre-scaling: 0.7085720331988284, input timescale: 1.0
Tree height after scaling: 0.9999999999999999, mutation rate: 0.7085720331988284
Tree height pre-scaling: 0.7085720331583076, input timescale: 1.0
Tree height after scaling: 1.0000000000000002, mutation rate: 0.7085720331583076
Tree height pre-scaling: 0.7085720331142665, input timescale: 1.0
Tree height after scaling: 0.9999999999999999, mutation rate: 0.7085720331142665
Tree height pre-scaling: 0.7085720333288323, input timescale: 1.0
Tree height after scaling: 1.0, mutation rate: 0.7085720333288323
Tree height pre-scaling: 0.7085720334553882, input timescale: 1.0
Tree height after scaling: 1.0, mutation rate: 0.7085720334553882
Tree height pre-scaling: 0.7085720333223742, input timescale: 1.0
Tree height after scaling: 1.0, mutation rate: 0.7085720333223742
Tree height pre-scaling: 0.708572033413175, input timescale: 1.0
Tree height after scaling: 1.0, mutation rate: 0.708572033413175
Tree height pre-scaling: 0.7085720332265938, input timescale: 1.0
Tree height after scaling: 1.0, mutation rate: 0.7085720332265938
Tree height pre-scaling: 0.7085720335823718, input timescale: 1.0
Tree height after scaling: 1.0, mutation rate: 0.7085720335823718
Tree height pre-scaling: 0.708572033353162, input timescale: 1.0
Tree height after scaling: 0.9999999999999998, mutation rate: 0.708572033353162
Tree height pre-scaling: 0.7085720332839269, input timescale: 1.0
Tree height after scaling: 1.0, mutation rate: 0.7085720332839269
Tree height pre-scaling: 0.7085720332834013, input timescale: 1.0
Tree height after scaling: 1.0, mutation rate: 0.7085720332834013
Tree height pre-scaling: 0.7085720332169116, input timescale: 1.0
Tree height after scaling: 1.0, mutation rate: 0.7085720332169116
Tree height pre-scaling: 0.7085720332690395, input timescale: 1.0
Tree height after scaling: 1.0, mutation rate: 0.7085720332690395
Tree height pre-scaling: 0.7085720339486226, input timescale: 1.0
Tree height after scaling: 1.0, mutation rate: 0.7085720339486226
Runtime (s): 20.364312708
