Launching LAML version 0.0.4
LAML was called as follows: /Users/uym2/my_gits/LAML/run_laml.py -c ../../evaluation/Bar23/Bar23_character_matrix.txt -t place_outlier1/augmented_tree_324.nwk -o place_outlier1/augmented_tree_324_optimized -v -p ../../evaluation/Bar23/Bar23_priors.pickle --delimiter tab -m -1 --nInitials 1
Prior keys mismatch with site names.
Prior keys: [0, 1, 2, 3, 4, 5, 6, 7, 8, 9, 10, 11, 12, 13, 14, 15, 16, 17, 18, 19, 20, 21, 22, 23, 24, 25, 26, 27, 28]
Site names: ['r1', 'r2', 'r3', 'r4', 'r5', 'r6', 'r7', 'r8', 'r9', 'r10', 'r11', 'r12', 'r13', 'r14', 'r15', 'r16', 'r17', 'r18', 'r19', 'r20', 'r21', 'r22', 'r23', 'r24', 'r25', 'r26', 'r27', 'r28', 'r29', 'r30']
Attempting to infer mapping between site names and prior keys...
Not all site names are present in the dictionary. Trying offset...
Offset between input site names and prior keys is assumed to be 1
Missing priors at site r30, filling in uniform priors...
{'r1': 0, 'r2': 1, 'r3': 2, 'r4': 3, 'r5': 4, 'r6': 5, 'r7': 6, 'r8': 7, 'r9': 8, 'r10': 9, 'r11': 10, 'r12': 11, 'r13': 12, 'r14': 13, 'r15': 14, 'r16': 15, 'r17': 16, 'r18': 17, 'r19': 18, 'r20': 19, 'r21': 20, 'r22': 21, 'r23': 22, 'r24': 23, 'r25': 24, 'r26': 25, 'r27': 26, 'r28': 27, 'r29': 28, 'r30': 29}
Optimizing branch lengths, phi, and nu without topology search
Optimization by EM algorithm
Optimization start with 1 initials
Initial point 1. Random seed: 5714
Numerical optimization started with ultrametric constraint (default)
Initial phi: 0.1819532146601856. Initial nu: 0.4159133104879854. Initial nllh: 14061.255978707924
Starting EM iter: 1
Estep
Estep runtime (s): 0.15883803367614746
Mstep
Optimizing phi
Optimizing branch lengths. Current phi: 0.05377776748856142. Current nu:0.4159133104879854
Optimizing nu
Mstep runtime (s): 0.4384639263153076
Finished EM iter: 1. Current nllh: 10821.320876446369
Starting EM iter: 2
Estep
Estep runtime (s): 0.2206268310546875
Mstep
Optimizing phi
Optimizing branch lengths. Current phi: 0.03105766718800285. Current nu:0.23407531528858963
Optimizing nu
Mstep runtime (s): 0.4823141098022461
Finished EM iter: 2. Current nllh: 10627.778763888937
Starting EM iter: 3
Estep
Estep runtime (s): 0.22094416618347168
Mstep
Optimizing phi
Optimizing branch lengths. Current phi: 0.020364020769047076. Current nu:0.22036159938381344
Optimizing nu
Mstep runtime (s): 0.5159070491790771
Finished EM iter: 3. Current nllh: 10578.83172268244
Starting EM iter: 4
Estep
Estep runtime (s): 0.2212963104248047
Mstep
Optimizing phi
Optimizing branch lengths. Current phi: 0.014229480892444033. Current nu:0.23756597484145853
Optimizing nu
Mstep runtime (s): 0.4836087226867676
Finished EM iter: 4. Current nllh: 10557.798713773383
Starting EM iter: 5
Estep
Estep runtime (s): 0.22049307823181152
Mstep
Optimizing phi
Optimizing branch lengths. Current phi: 0.010300875488547988. Current nu:0.2565089499363012
Optimizing nu
Mstep runtime (s): 0.4687681198120117
Finished EM iter: 5. Current nllh: 10545.300696373637
Starting EM iter: 6
Estep
Estep runtime (s): 0.22056198120117188
Mstep
Optimizing phi
Optimizing branch lengths. Current phi: 0.007524575413379528. Current nu:0.27182011368580233
Optimizing nu
Mstep runtime (s): 0.5627100467681885
Finished EM iter: 6. Current nllh: 10536.376999598755
Starting EM iter: 7
Estep
Estep runtime (s): 0.2205209732055664
Mstep
Optimizing phi
Optimizing branch lengths. Current phi: 0.005426606916818614. Current nu:0.2835855042112509
Optimizing nu
Mstep runtime (s): 0.44484519958496094
Finished EM iter: 7. Current nllh: 10529.549569053757
Starting EM iter: 8
Estep
Estep runtime (s): 0.22081208229064941
Mstep
Optimizing phi
Optimizing branch lengths. Current phi: 0.003821112324853104. Current nu:0.2926889675442808
Optimizing nu
Mstep runtime (s): 0.4789619445800781
Finished EM iter: 8. Current nllh: 10524.545357901028
Starting EM iter: 9
Estep
Estep runtime (s): 0.22139883041381836
Mstep
Optimizing phi
Optimizing branch lengths. Current phi: 0.0026354993025001993. Current nu:0.2997480020144471
Optimizing nu
Mstep runtime (s): 0.517042875289917
Finished EM iter: 9. Current nllh: 10521.06467722383
Starting EM iter: 10
Estep
Estep runtime (s): 0.22124576568603516
Mstep
Optimizing phi
Optimizing branch lengths. Current phi: 0.0017941500373380899. Current nu:0.3050899313243752
Optimizing nu
Mstep runtime (s): 0.6186981201171875
Finished EM iter: 10. Current nllh: 10518.688067252322
Starting EM iter: 11
Estep
Estep runtime (s): 0.22073721885681152
Mstep
Optimizing phi
Optimizing branch lengths. Current phi: 0.0012119492909016254. Current nu:0.30900231172109216
Optimizing nu
Mstep runtime (s): 0.41990113258361816
Finished EM iter: 11. Current nllh: 10517.07934983285
Starting EM iter: 12
Estep
Estep runtime (s): 0.22092008590698242
Mstep
Optimizing phi
Optimizing branch lengths. Current phi: 0.0008148136373774996. Current nu:0.31178714607295716
Optimizing nu
Mstep runtime (s): 0.42864108085632324
Finished EM iter: 12. Current nllh: 10515.996353755125
Starting EM iter: 13
Estep
Estep runtime (s): 0.2259519100189209
Mstep
Optimizing phi
Optimizing branch lengths. Current phi: 0.0005461888326184777. Current nu:0.3137306485142769
Optimizing nu
Mstep runtime (s): 0.4247748851776123
Finished EM iter: 13. Current nllh: 10515.269782465823
Starting EM iter: 14
Estep
Estep runtime (s): 0.22116804122924805
Mstep
Optimizing phi
Optimizing branch lengths. Current phi: 0.0003654272564429674. Current nu:0.31506772003663497
Optimizing nu
Mstep runtime (s): 0.45274806022644043
Finished EM iter: 14. Current nllh: 10514.78329005206
Starting EM iter: 15
Estep
Estep runtime (s): 0.2217860221862793
Mstep
Optimizing phi
Optimizing branch lengths. Current phi: 0.00024418646934547765. Current nu:0.3159785734209181
Optimizing nu
Mstep runtime (s): 0.4852900505065918
Finished EM iter: 15. Current nllh: 10514.457692924027
Starting EM iter: 16
Estep
Estep runtime (s): 0.22118568420410156
Mstep
Optimizing phi
Optimizing branch lengths. Current phi: 0.0001630391284709208. Current nu:0.3165963673726571
Optimizing nu
Mstep runtime (s): 0.46643614768981934
Finished EM iter: 16. Current nllh: 10514.24104512776
Starting EM iter: 17
Estep
Estep runtime (s): 0.2209458351135254
Mstep
Optimizing phi
Optimizing branch lengths. Current phi: 0.00010879951337813949. Current nu:0.31701310939711835
Optimizing nu
Mstep runtime (s): 0.5269758701324463
Finished EM iter: 17. Current nllh: 10514.095821674673
Starting EM iter: 18
Estep
Estep runtime (s): 0.22101807594299316
Mstep
Optimizing phi
Optimizing branch lengths. Current phi: 0. Current nu:0.31729264027076903
Optimizing nu
Mstep runtime (s): 0.5331320762634277
Finished EM iter: 18. Current nllh: 10513.816085307277
Starting EM iter: 19
Estep
Estep runtime (s): 0.22055602073669434
Mstep
Optimizing phi
Optimizing branch lengths. Current phi: 0. Current nu:0.31748102030018194
Optimizing nu
Mstep runtime (s): 0.44207119941711426
Finished EM iter: 19. Current nllh: 10513.812824628632
Starting EM iter: 20
Estep
Estep runtime (s): 0.22097110748291016
Mstep
Optimizing phi
Optimizing branch lengths. Current phi: 0. Current nu:0.31772536569302345
Optimizing nu
Mstep runtime (s): 0.4147019386291504
Finished EM iter: 20. Current nllh: 10513.808193136478
Starting EM iter: 21
Estep
Estep runtime (s): 0.22022700309753418
Mstep
Optimizing phi
Optimizing branch lengths. Current phi: 0. Current nu:0.31781258688681524
Optimizing nu
Mstep runtime (s): 0.44088220596313477
Finished EM iter: 21. Current nllh: 10513.806364299411
Starting EM iter: 22
Estep
Estep runtime (s): 0.22189807891845703
Mstep
Optimizing phi
Optimizing branch lengths. Current phi: 0. Current nu:0.3178442371311631
Optimizing nu
Mstep runtime (s): 0.41707301139831543
Finished EM iter: 22. Current nllh: 10513.805609689096
Starting EM iter: 23
Estep
Estep runtime (s): 0.22144699096679688
Mstep
Optimizing phi
Optimizing branch lengths. Current phi: 0. Current nu:0.3178560359667506
Optimizing nu
Mstep runtime (s): 0.48938608169555664
Finished EM iter: 23. Current nllh: 10513.805252064261
Starting EM iter: 24
Estep
Estep runtime (s): 0.22810006141662598
Mstep
Optimizing phi
Optimizing branch lengths. Current phi: 0. Current nu:0.3178609104324267
Optimizing nu
Mstep runtime (s): 0.5862829685211182
Finished EM iter: 24. Current nllh: 10513.804663879911
Starting EM iter: 25
Estep
Estep runtime (s): 0.2222452163696289
Mstep
Optimizing phi
Optimizing branch lengths. Current phi: 0. Current nu:0.3178628255206017
Optimizing nu
Mstep runtime (s): 0.47139692306518555
Finished EM iter: 25. Current nllh: 10513.804894104085
Starting EM iter: 26
Estep
Estep runtime (s): 0.22250914573669434
Mstep
Optimizing phi
Optimizing branch lengths. Current phi: 0. Current nu:0.31786471676843636
Optimizing nu
Mstep runtime (s): 0.40630507469177246
Finished EM iter: 26. Current nllh: 10513.804764201093
Starting EM iter: 27
Estep
Estep runtime (s): 0.22918915748596191
Mstep
Optimizing phi
Optimizing branch lengths. Current phi: 0. Current nu:0.3178657907822461
Optimizing nu
Mstep runtime (s): 0.4788360595703125
Finished EM iter: 27. Current nllh: 10513.804652451507
Starting EM iter: 28
Estep
Estep runtime (s): 0.23064136505126953
Mstep
Optimizing phi
Optimizing branch lengths. Current phi: 0. Current nu:0.3178666796611761
Optimizing nu
Mstep runtime (s): 0.48142004013061523
Finished EM iter: 28. Current nllh: 10513.804565987659
EM finished after 28 iterations.
Optimal phi: 0. Optimal nu: 0.31786686345022. Optimal nllh: 10513.804565987659
Optimal point found for initial point 1
Numerical optimization finished successfully
Tree height pre-scaling: 0.7092941512734693, input timescale: 1.0
Tree height after scaling: 1.0, mutation rate: 0.7092941512734693
Tree height pre-scaling: 0.7092941512894171, input timescale: 1.0
Tree height after scaling: 1.0, mutation rate: 0.7092941512894171
Tree height pre-scaling: 0.7092941512684756, input timescale: 1.0
Tree height after scaling: 1.0, mutation rate: 0.7092941512684756
Tree height pre-scaling: 0.709294151264789, input timescale: 1.0
Tree height after scaling: 1.0, mutation rate: 0.709294151264789
Tree height pre-scaling: 0.7092941512606773, input timescale: 1.0
Tree height after scaling: 0.9999999999999999, mutation rate: 0.7092941512606773
Tree height pre-scaling: 0.7092941512782815, input timescale: 1.0
Tree height after scaling: 0.9999999999999999, mutation rate: 0.7092941512782815
Tree height pre-scaling: 0.7092941512901979, input timescale: 1.0
Tree height after scaling: 0.9999999999999999, mutation rate: 0.7092941512901979
Tree height pre-scaling: 0.7092941512809658, input timescale: 1.0
Tree height after scaling: 0.9999999999999999, mutation rate: 0.7092941512809658
Tree height pre-scaling: 0.7092941512710502, input timescale: 1.0
Tree height after scaling: 1.0, mutation rate: 0.7092941512710502
Tree height pre-scaling: 0.7092941512785098, input timescale: 1.0
Tree height after scaling: 1.0, mutation rate: 0.7092941512785098
Tree height pre-scaling: 0.7092941512679242, input timescale: 1.0
Tree height after scaling: 1.0, mutation rate: 0.7092941512679242
Tree height pre-scaling: 0.7092941512763948, input timescale: 1.0
Tree height after scaling: 1.0, mutation rate: 0.7092941512763948
Tree height pre-scaling: 0.7092941512846449, input timescale: 1.0
Tree height after scaling: 1.0, mutation rate: 0.7092941512846449
Tree height pre-scaling: 0.7092941512915545, input timescale: 1.0
Tree height after scaling: 1.0, mutation rate: 0.7092941512915545
Tree height pre-scaling: 0.7092941512816879, input timescale: 1.0
Tree height after scaling: 1.0000000000000002, mutation rate: 0.7092941512816879
Tree height pre-scaling: 0.7092941512909055, input timescale: 1.0
Tree height after scaling: 0.9999999999999999, mutation rate: 0.7092941512909055
Tree height pre-scaling: 0.7092941513067499, input timescale: 1.0
Tree height after scaling: 1.0, mutation rate: 0.7092941513067499
Runtime (s): 21.65547575
