Launching LAML version 0.0.4
LAML was called as follows: /Users/uym2/my_gits/LAML/run_laml.py -c ../../evaluation/Bar23/Bar23_character_matrix.txt -t place_outlier1/augmented_tree_469.nwk -o place_outlier1/augmented_tree_469_optimized -v -p ../../evaluation/Bar23/Bar23_priors.pickle --delimiter tab -m -1 --nInitials 1
Prior keys mismatch with site names.
Prior keys: [0, 1, 2, 3, 4, 5, 6, 7, 8, 9, 10, 11, 12, 13, 14, 15, 16, 17, 18, 19, 20, 21, 22, 23, 24, 25, 26, 27, 28]
Site names: ['r1', 'r2', 'r3', 'r4', 'r5', 'r6', 'r7', 'r8', 'r9', 'r10', 'r11', 'r12', 'r13', 'r14', 'r15', 'r16', 'r17', 'r18', 'r19', 'r20', 'r21', 'r22', 'r23', 'r24', 'r25', 'r26', 'r27', 'r28', 'r29', 'r30']
Attempting to infer mapping between site names and prior keys...
Not all site names are present in the dictionary. Trying offset...
Offset between input site names and prior keys is assumed to be 1
Missing priors at site r30, filling in uniform priors...
{'r1': 0, 'r2': 1, 'r3': 2, 'r4': 3, 'r5': 4, 'r6': 5, 'r7': 6, 'r8': 7, 'r9': 8, 'r10': 9, 'r11': 10, 'r12': 11, 'r13': 12, 'r14': 13, 'r15': 14, 'r16': 15, 'r17': 16, 'r18': 17, 'r19': 18, 'r20': 19, 'r21': 20, 'r22': 21, 'r23': 22, 'r24': 23, 'r25': 24, 'r26': 25, 'r27': 26, 'r28': 27, 'r29': 28, 'r30': 29}
Optimizing branch lengths, phi, and nu without topology search
Optimization by EM algorithm
Optimization start with 1 initials
Initial point 1. Random seed: 1684
Numerical optimization started with ultrametric constraint (default)
Initial phi: 0.10556117488978446. Initial nu: 0.3830651552795622. Initial nllh: 13598.03437196112
Starting EM iter: 1
Estep
Estep runtime (s): 0.15899014472961426
Mstep
Optimizing phi
Optimizing branch lengths. Current phi: 0.04047591626360979. Current nu:0.3830651552795622
Optimizing nu
Mstep runtime (s): 0.49250102043151855
Finished EM iter: 1. Current nllh: 10917.783163808019
Starting EM iter: 2
Estep
Estep runtime (s): 0.2236337661743164
Mstep
Optimizing phi
Optimizing branch lengths. Current phi: 0.024680637622685214. Current nu:0.2641818793077898
Optimizing nu
Mstep runtime (s): 0.43154311180114746
Finished EM iter: 2. Current nllh: 10794.02950167839
Starting EM iter: 3
Estep
Estep runtime (s): 0.22181415557861328
Mstep
Optimizing phi
Optimizing branch lengths. Current phi: 0.01670832495675026. Current nu:0.2553283193984454
Optimizing nu
Mstep runtime (s): 0.46093320846557617
Finished EM iter: 3. Current nllh: 10763.232757992164
Starting EM iter: 4
Estep
Estep runtime (s): 0.22340083122253418
Mstep
Optimizing phi
Optimizing branch lengths. Current phi: 0.011862010580623424. Current nu:0.268940900502268
Optimizing nu
Mstep runtime (s): 0.414017915725708
Finished EM iter: 4. Current nllh: 10747.757223661258
Starting EM iter: 5
Estep
Estep runtime (s): 0.21925115585327148
Mstep
Optimizing phi
Optimizing branch lengths. Current phi: 0.00858712656360663. Current nu:0.28415561630854813
Optimizing nu
Mstep runtime (s): 0.4503207206726074
Finished EM iter: 5. Current nllh: 10737.649437852275
Starting EM iter: 6
Estep
Estep runtime (s): 0.2200331687927246
Mstep
Optimizing phi
Optimizing branch lengths. Current phi: 0.006203953325932271. Current nu:0.2968682286986931
Optimizing nu
Mstep runtime (s): 0.4019620418548584
Finished EM iter: 6. Current nllh: 10730.154816666007
Starting EM iter: 7
Estep
Estep runtime (s): 0.22623205184936523
Mstep
Optimizing phi
Optimizing branch lengths. Current phi: 0.004405606974835672. Current nu:0.3069178643039444
Optimizing nu
Mstep runtime (s): 0.4733150005340576
Finished EM iter: 7. Current nllh: 10724.583744963924
Starting EM iter: 8
Estep
Estep runtime (s): 0.21949505805969238
Mstep
Optimizing phi
Optimizing branch lengths. Current phi: 0.0030694978050969583. Current nu:0.3147578425248497
Optimizing nu
Mstep runtime (s): 0.43164896965026855
Finished EM iter: 8. Current nllh: 10720.65021964414
Starting EM iter: 9
Estep
Estep runtime (s): 0.22060108184814453
Mstep
Optimizing phi
Optimizing branch lengths. Current phi: 0.0021107586184558624. Current nu:0.320741945156433
Optimizing nu
Mstep runtime (s): 0.4213831424713135
Finished EM iter: 9. Current nllh: 10717.932383463913
Starting EM iter: 10
Estep
Estep runtime (s): 0.22345495223999023
Mstep
Optimizing phi
Optimizing branch lengths. Current phi: 0.0014399637949318548. Current nu:0.3251704234584192
Optimizing nu
Mstep runtime (s): 0.4453318119049072
Finished EM iter: 10. Current nllh: 10716.07189244517
Starting EM iter: 11
Estep
Estep runtime (s): 0.2175459861755371
Mstep
Optimizing phi
Optimizing branch lengths. Current phi: 0.0009775438131786503. Current nu:0.32835863712605096
Optimizing nu
Mstep runtime (s): 0.5183041095733643
Finished EM iter: 11. Current nllh: 10714.806014494003
Starting EM iter: 12
Estep
Estep runtime (s): 0.21552610397338867
Mstep
Optimizing phi
Optimizing branch lengths. Current phi: 0.0006615623907317232. Current nu:0.33060754581372465
Optimizing nu
Mstep runtime (s): 0.3950650691986084
Finished EM iter: 12. Current nllh: 10713.948092272776
Starting EM iter: 13
Estep
Estep runtime (s): 0.21596217155456543
Mstep
Optimizing phi
Optimizing branch lengths. Current phi: 0.0004468174417246597. Current nu:0.33217200525627816
Optimizing nu
Mstep runtime (s): 0.4460480213165283
Finished EM iter: 13. Current nllh: 10713.368132172598
Starting EM iter: 14
Estep
Estep runtime (s): 0.22150802612304688
Mstep
Optimizing phi
Optimizing branch lengths. Current phi: 0.0003013799747775838. Current nu:0.3332497982302659
Optimizing nu
Mstep runtime (s): 0.46093201637268066
Finished EM iter: 14. Current nllh: 10712.976729570362
Starting EM iter: 15
Estep
Estep runtime (s): 0.22193408012390137
Mstep
Optimizing phi
Optimizing branch lengths. Current phi: 0.00020310343917676548. Current nu:0.33398717494541175
Optimizing nu
Mstep runtime (s): 0.40427708625793457
Finished EM iter: 15. Current nllh: 10712.71282894842
Starting EM iter: 16
Estep
Estep runtime (s): 0.21819400787353516
Mstep
Optimizing phi
Optimizing branch lengths. Current phi: 0.00013679336562272637. Current nu:0.33449014485954787
Optimizing nu
Mstep runtime (s): 0.4155898094177246
Finished EM iter: 16. Current nllh: 10712.535016230126
Starting EM iter: 17
Estep
Estep runtime (s): 0.21713995933532715
Mstep
Optimizing phi
Optimizing branch lengths. Current phi: 0. Current nu:0.33483198404157094
Optimizing nu
Mstep runtime (s): 0.4104480743408203
Finished EM iter: 17. Current nllh: 10712.18720880284
Starting EM iter: 18
Estep
Estep runtime (s): 0.21610212326049805
Mstep
Optimizing phi
Optimizing branch lengths. Current phi: 0. Current nu:0.3350635315742876
Optimizing nu
Mstep runtime (s): 0.4026920795440674
Finished EM iter: 18. Current nllh: 10712.180774525812
Starting EM iter: 19
Estep
Estep runtime (s): 0.22541022300720215
Mstep
Optimizing phi
Optimizing branch lengths. Current phi: 0. Current nu:0.3353676436127765
Optimizing nu
Mstep runtime (s): 0.41498589515686035
Finished EM iter: 19. Current nllh: 10712.173372870639
Starting EM iter: 20
Estep
Estep runtime (s): 0.22976899147033691
Mstep
Optimizing phi
Optimizing branch lengths. Current phi: 0. Current nu:0.33547942669987624
Optimizing nu
Mstep runtime (s): 0.4221339225769043
Finished EM iter: 20. Current nllh: 10712.170519367053
Starting EM iter: 21
Estep
Estep runtime (s): 0.22115683555603027
Mstep
Optimizing phi
Optimizing branch lengths. Current phi: 0. Current nu:0.33552076079920373
Optimizing nu
Mstep runtime (s): 0.4364778995513916
Finished EM iter: 21. Current nllh: 10712.169431375663
Starting EM iter: 22
Estep
Estep runtime (s): 0.21789193153381348
Mstep
Optimizing phi
Optimizing branch lengths. Current phi: 0. Current nu:0.3355365994934296
Optimizing nu
Mstep runtime (s): 0.4195389747619629
Finished EM iter: 22. Current nllh: 10712.169001138289
Starting EM iter: 23
Estep
Estep runtime (s): 0.22610878944396973
Mstep
Optimizing phi
Optimizing branch lengths. Current phi: 0. Current nu:0.33554313826822324
Optimizing nu
Mstep runtime (s): 0.41104578971862793
Finished EM iter: 23. Current nllh: 10712.168810588113
Starting EM iter: 24
Estep
Estep runtime (s): 0.21886420249938965
Mstep
Optimizing phi
Optimizing branch lengths. Current phi: 0. Current nu:0.33554635416436657
Optimizing nu
Mstep runtime (s): 0.4203031063079834
Finished EM iter: 24. Current nllh: 10712.16872929599
EM finished after 24 iterations.
Optimal phi: 0. Optimal nu: 0.3355476986990905. Optimal nllh: 10712.16872929599
Optimal point found for initial point 1
Numerical optimization finished successfully
Tree height pre-scaling: 0.6788898834721269, input timescale: 1.0
Tree height after scaling: 1.0000000000000002, mutation rate: 0.6788898834721269
Tree height pre-scaling: 0.6788898835392021, input timescale: 1.0
Tree height after scaling: 1.0, mutation rate: 0.6788898835392021
Tree height pre-scaling: 0.6788898834560391, input timescale: 1.0
Tree height after scaling: 1.0, mutation rate: 0.6788898834560391
Tree height pre-scaling: 0.6788898835183489, input timescale: 1.0
Tree height after scaling: 0.9999999999999999, mutation rate: 0.6788898835183489
Tree height pre-scaling: 0.678889883471272, input timescale: 1.0
Tree height after scaling: 0.9999999999999999, mutation rate: 0.678889883471272
Tree height pre-scaling: 0.6788898835005001, input timescale: 1.0
Tree height after scaling: 1.0, mutation rate: 0.6788898835005001
Tree height pre-scaling: 0.678889883456468, input timescale: 1.0
Tree height after scaling: 0.9999999999999999, mutation rate: 0.678889883456468
Tree height pre-scaling: 0.6788898834842266, input timescale: 1.0
Tree height after scaling: 1.0, mutation rate: 0.6788898834842266
Tree height pre-scaling: 0.678889883519161, input timescale: 1.0
Tree height after scaling: 1.0, mutation rate: 0.678889883519161
Tree height pre-scaling: 0.6788898835513062, input timescale: 1.0
Tree height after scaling: 1.0, mutation rate: 0.6788898835513062
Tree height pre-scaling: 0.6788898835131982, input timescale: 1.0
Tree height after scaling: 0.9999999999999999, mutation rate: 0.6788898835131982
Tree height pre-scaling: 0.6788898835453022, input timescale: 1.0
Tree height after scaling: 1.0, mutation rate: 0.6788898835453022
Tree height pre-scaling: 0.6788898834802586, input timescale: 1.0
Tree height after scaling: 1.0, mutation rate: 0.6788898834802586
Tree height pre-scaling: 0.6788898835304754, input timescale: 1.0
Tree height after scaling: 1.0, mutation rate: 0.6788898835304754
Tree height pre-scaling: 0.6788898835105499, input timescale: 1.0
Tree height after scaling: 1.0, mutation rate: 0.6788898835105499
Tree height pre-scaling: 0.6788898834297001, input timescale: 1.0
Tree height after scaling: 1.0000000000000002, mutation rate: 0.6788898834297001
Tree height pre-scaling: 0.6788898834301522, input timescale: 1.0
Tree height after scaling: 1.0, mutation rate: 0.6788898834301522
Runtime (s): 17.4895605
