Launching LAML version 0.0.4
LAML was called as follows: /Users/uym2/my_gits/LAML/run_laml.py -c ../../evaluation/Bar23/Bar23_character_matrix.txt -t place_outlier1/augmented_tree_244.nwk -o place_outlier1/augmented_tree_244_optimized -v -p ../../evaluation/Bar23/Bar23_priors.pickle --delimiter tab -m -1 --nInitials 1
Prior keys mismatch with site names.
Prior keys: [0, 1, 2, 3, 4, 5, 6, 7, 8, 9, 10, 11, 12, 13, 14, 15, 16, 17, 18, 19, 20, 21, 22, 23, 24, 25, 26, 27, 28]
Site names: ['r1', 'r2', 'r3', 'r4', 'r5', 'r6', 'r7', 'r8', 'r9', 'r10', 'r11', 'r12', 'r13', 'r14', 'r15', 'r16', 'r17', 'r18', 'r19', 'r20', 'r21', 'r22', 'r23', 'r24', 'r25', 'r26', 'r27', 'r28', 'r29', 'r30']
Attempting to infer mapping between site names and prior keys...
Not all site names are present in the dictionary. Trying offset...
Offset between input site names and prior keys is assumed to be 1
Missing priors at site r30, filling in uniform priors...
{'r1': 0, 'r2': 1, 'r3': 2, 'r4': 3, 'r5': 4, 'r6': 5, 'r7': 6, 'r8': 7, 'r9': 8, 'r10': 9, 'r11': 10, 'r12': 11, 'r13': 12, 'r14': 13, 'r15': 14, 'r16': 15, 'r17': 16, 'r18': 17, 'r19': 18, 'r20': 19, 'r21': 20, 'r22': 21, 'r23': 22, 'r24': 23, 'r25': 24, 'r26': 25, 'r27': 26, 'r28': 27, 'r29': 28, 'r30': 29}
Optimizing branch lengths, phi, and nu without topology search
Optimization by EM algorithm
Optimization start with 1 initials
Initial point 1. Random seed: 2853
Numerical optimization started with ultrametric constraint (default)
Initial phi: 0.8167763902192917. Initial nu: 0.23752018402044414. Initial nllh: 23948.69494557497
Starting EM iter: 1
Estep
Estep runtime (s): 0.16796112060546875
Mstep
Optimizing phi
Optimizing branch lengths. Current phi: 0.1642352892606694. Current nu:0.23752018402044414
Optimizing nu
Mstep runtime (s): 0.4547550678253174
Finished EM iter: 1. Current nllh: 11624.214191942217
Starting EM iter: 2
Estep
Estep runtime (s): 0.22788667678833008
Mstep
Optimizing phi
Optimizing branch lengths. Current phi: 0.07382344385338362. Current nu:0.09370288881429283
Optimizing nu
Mstep runtime (s): 0.5197029113769531
Finished EM iter: 2. Current nllh: 10968.402046470597
Starting EM iter: 3
Estep
Estep runtime (s): 0.22756099700927734
Mstep
Optimizing phi
Optimizing branch lengths. Current phi: 0.04423802483750384. Current nu:0.11802880805735931
Optimizing nu
Mstep runtime (s): 0.4613029956817627
Finished EM iter: 3. Current nllh: 10783.315093701214
Starting EM iter: 4
Estep
Estep runtime (s): 0.22885608673095703
Mstep
Optimizing phi
Optimizing branch lengths. Current phi: 0.02883245022599205. Current nu:0.16494621292202982
Optimizing nu
Mstep runtime (s): 0.6029708385467529
Finished EM iter: 4. Current nllh: 10698.190992809692
Starting EM iter: 5
Estep
Estep runtime (s): 0.23201203346252441
Mstep
Optimizing phi
Optimizing branch lengths. Current phi: 0.019659704537347802. Current nu:0.20475584207203995
Optimizing nu
Mstep runtime (s): 0.5067050457000732
Finished EM iter: 5. Current nllh: 10658.509545450055
Starting EM iter: 6
Estep
Estep runtime (s): 0.22413897514343262
Mstep
Optimizing phi
Optimizing branch lengths. Current phi: 0.014204631760380615. Current nu:0.23439887527630324
Optimizing nu
Mstep runtime (s): 0.4616100788116455
Finished EM iter: 6. Current nllh: 10639.662482543206
Starting EM iter: 7
Estep
Estep runtime (s): 0.23292207717895508
Mstep
Optimizing phi
Optimizing branch lengths. Current phi: 0.010706318756947842. Current nu:0.2551843744013715
Optimizing nu
Mstep runtime (s): 0.5270273685455322
Finished EM iter: 7. Current nllh: 10628.587888859316
Starting EM iter: 8
Estep
Estep runtime (s): 0.22967004776000977
Mstep
Optimizing phi
Optimizing branch lengths. Current phi: 0.008191766128249879. Current nu:0.269754205886409
Optimizing nu
Mstep runtime (s): 0.46993374824523926
Finished EM iter: 8. Current nllh: 10620.013029170404
Starting EM iter: 9
Estep
Estep runtime (s): 0.2270488739013672
Mstep
Optimizing phi
Optimizing branch lengths. Current phi: 0.00616300364195861. Current nu:0.2804911054923821
Optimizing nu
Mstep runtime (s): 0.427631139755249
Finished EM iter: 9. Current nllh: 10612.607345157652
Starting EM iter: 10
Estep
Estep runtime (s): 0.22237896919250488
Mstep
Optimizing phi
Optimizing branch lengths. Current phi: 0.004472255343852179. Current nu:0.28901009535841066
Optimizing nu
Mstep runtime (s): 0.42206597328186035
Finished EM iter: 10. Current nllh: 10606.801349996853
Starting EM iter: 11
Estep
Estep runtime (s): 0.2256619930267334
Mstep
Optimizing phi
Optimizing branch lengths. Current phi: 0.0031398260952102803. Current nu:0.2960323352641303
Optimizing nu
Mstep runtime (s): 0.43541622161865234
Finished EM iter: 11. Current nllh: 10602.650231304035
Starting EM iter: 12
Estep
Estep runtime (s): 0.2231910228729248
Mstep
Optimizing phi
Optimizing branch lengths. Current phi: 0.002158332966033333. Current nu:0.3016865690060856
Optimizing nu
Mstep runtime (s): 0.4098670482635498
Finished EM iter: 12. Current nllh: 10599.80620347914
Starting EM iter: 13
Estep
Estep runtime (s): 0.23209595680236816
Mstep
Optimizing phi
Optimizing branch lengths. Current phi: 0.0014663436372616362. Current nu:0.30601941010974404
Optimizing nu
Mstep runtime (s): 0.42541074752807617
Finished EM iter: 13. Current nllh: 10597.880147184344
Starting EM iter: 14
Estep
Estep runtime (s): 0.22262024879455566
Mstep
Optimizing phi
Optimizing branch lengths. Current phi: 0.0009896686795098136. Current nu:0.30919596413342865
Optimizing nu
Mstep runtime (s): 0.5063521862030029
Finished EM iter: 14. Current nllh: 10596.580797826564
Starting EM iter: 15
Estep
Estep runtime (s): 0.2289578914642334
Mstep
Optimizing phi
Optimizing branch lengths. Current phi: 0.0006653486506264253. Current nu:0.31145332764019384
Optimizing nu
Mstep runtime (s): 0.4450716972351074
Finished EM iter: 15. Current nllh: 10595.706887358372
Starting EM iter: 16
Estep
Estep runtime (s): 0.23551583290100098
Mstep
Optimizing phi
Optimizing branch lengths. Current phi: 0.0004462330512259047. Current nu:0.3130253901378272
Optimizing nu
Mstep runtime (s): 0.5182769298553467
Finished EM iter: 16. Current nllh: 10595.119956036742
Starting EM iter: 17
Estep
Estep runtime (s): 0.22711920738220215
Mstep
Optimizing phi
Optimizing branch lengths. Current phi: 0.0002988207229681625. Current nu:0.31410525919793064
Optimizing nu
Mstep runtime (s): 0.521165132522583
Finished EM iter: 17. Current nllh: 10594.727239444854
Starting EM iter: 18
Estep
Estep runtime (s): 0.2337629795074463
Mstep
Optimizing phi
Optimizing branch lengths. Current phi: 0.00019990718461079088. Current nu:0.3148405007462168
Optimizing nu
Mstep runtime (s): 0.49562501907348633
Finished EM iter: 18. Current nllh: 10594.464427181556
Starting EM iter: 19
Estep
Estep runtime (s): 0.2328052520751953
Mstep
Optimizing phi
Optimizing branch lengths. Current phi: 0.00013364842108394296. Current nu:0.31533874928914807
Optimizing nu
Mstep runtime (s): 0.4313657283782959
Finished EM iter: 19. Current nllh: 10594.289209131442
Starting EM iter: 20
Estep
Estep runtime (s): 0.22870111465454102
Mstep
Optimizing phi
Optimizing branch lengths. Current phi: 0. Current nu:0.3156748949521708
Optimizing nu
Mstep runtime (s): 0.439312219619751
Finished EM iter: 20. Current nllh: 10593.947215182658
Starting EM iter: 21
Estep
Estep runtime (s): 0.22724413871765137
Mstep
Optimizing phi
Optimizing branch lengths. Current phi: 0. Current nu:0.31590086626398645
Optimizing nu
Mstep runtime (s): 0.530764102935791
Finished EM iter: 21. Current nllh: 10593.944222868788
Starting EM iter: 22
Estep
Estep runtime (s): 0.23654603958129883
Mstep
Optimizing phi
Optimizing branch lengths. Current phi: 0. Current nu:0.31619610322588304
Optimizing nu
Mstep runtime (s): 0.4327888488769531
Finished EM iter: 22. Current nllh: 10593.938744082778
Starting EM iter: 23
Estep
Estep runtime (s): 0.23044204711914062
Mstep
Optimizing phi
Optimizing branch lengths. Current phi: 0. Current nu:0.3163015245120047
Optimizing nu
Mstep runtime (s): 0.4356880187988281
Finished EM iter: 23. Current nllh: 10593.93666666456
Starting EM iter: 24
Estep
Estep runtime (s): 0.2319638729095459
Mstep
Optimizing phi
Optimizing branch lengths. Current phi: 0. Current nu:0.31633940442124503
Optimizing nu
Mstep runtime (s): 0.4665968418121338
Finished EM iter: 24. Current nllh: 10593.935895730563
Starting EM iter: 25
Estep
Estep runtime (s): 0.23223614692687988
Mstep
Optimizing phi
Optimizing branch lengths. Current phi: 0. Current nu:0.31635297152948716
Optimizing nu
Mstep runtime (s): 0.4746241569519043
Finished EM iter: 25. Current nllh: 10593.935106633695
Starting EM iter: 26
Estep
Estep runtime (s): 0.2249619960784912
Mstep
Optimizing phi
Optimizing branch lengths. Current phi: 0. Current nu:0.3163585144919295
Optimizing nu
Mstep runtime (s): 0.46021294593811035
Finished EM iter: 26. Current nllh: 10593.935449610159
Starting EM iter: 27
Estep
Estep runtime (s): 0.2272050380706787
Mstep
Optimizing phi
Optimizing branch lengths. Current phi: 0. Current nu:0.31636122603230804
Optimizing nu
Mstep runtime (s): 0.44887685775756836
Finished EM iter: 27. Current nllh: 10593.935376825975
EM finished after 27 iterations.
Optimal phi: 0. Optimal nu: 0.31636247373125176. Optimal nllh: 10593.935376825975
Optimal point found for initial point 1
Numerical optimization finished successfully
Tree height pre-scaling: 0.7083865193496882, input timescale: 1.0
Tree height after scaling: 1.0000000000000002, mutation rate: 0.7083865193496882
Tree height pre-scaling: 0.7083865195070043, input timescale: 1.0
Tree height after scaling: 1.0, mutation rate: 0.7083865195070043
Tree height pre-scaling: 0.7083865193018202, input timescale: 1.0
Tree height after scaling: 1.0, mutation rate: 0.7083865193018202
Tree height pre-scaling: 0.7083865192665018, input timescale: 1.0
Tree height after scaling: 1.0, mutation rate: 0.7083865192665018
Tree height pre-scaling: 0.7083865192264223, input timescale: 1.0
Tree height after scaling: 1.0, mutation rate: 0.7083865192264223
Tree height pre-scaling: 0.7083865193965111, input timescale: 1.0
Tree height after scaling: 1.0, mutation rate: 0.7083865193965111
Tree height pre-scaling: 0.7083865195115311, input timescale: 1.0
Tree height after scaling: 1.0000000000000002, mutation rate: 0.7083865195115311
Tree height pre-scaling: 0.7083865194053123, input timescale: 1.0
Tree height after scaling: 0.9999999999999999, mutation rate: 0.7083865194053123
Tree height pre-scaling: 0.7083865194730176, input timescale: 1.0
Tree height after scaling: 1.0, mutation rate: 0.7083865194730176
Tree height pre-scaling: 0.7083865194233617, input timescale: 1.0
Tree height after scaling: 1.0, mutation rate: 0.7083865194233617
Tree height pre-scaling: 0.7083865193279191, input timescale: 1.0
Tree height after scaling: 1.0, mutation rate: 0.7083865193279191
Tree height pre-scaling: 0.7083865193995267, input timescale: 1.0
Tree height after scaling: 1.0, mutation rate: 0.7083865193995267
Tree height pre-scaling: 0.708386519297953, input timescale: 1.0
Tree height after scaling: 1.0, mutation rate: 0.708386519297953
Tree height pre-scaling: 0.7083865193805359, input timescale: 1.0
Tree height after scaling: 1.0, mutation rate: 0.7083865193805359
Tree height pre-scaling: 0.7083865194572174, input timescale: 1.0
Tree height after scaling: 1.0, mutation rate: 0.7083865194572174
Tree height pre-scaling: 0.7083865195240234, input timescale: 1.0
Tree height after scaling: 1.0, mutation rate: 0.7083865195240234
Tree height pre-scaling: 0.7083865198357016, input timescale: 1.0
Tree height after scaling: 0.9999999999999998, mutation rate: 0.7083865198357016
Runtime (s): 20.915377916
