Launching LAML version 0.0.4
LAML was called as follows: /Users/uym2/my_gits/LAML/run_laml.py -c ../../evaluation/Bar23/Bar23_character_matrix.txt -t place_outlier1/augmented_tree_121.nwk -o place_outlier1/augmented_tree_121_optimized -v -p ../../evaluation/Bar23/Bar23_priors.pickle --delimiter tab -m -1 --nInitials 1
Prior keys mismatch with site names.
Prior keys: [0, 1, 2, 3, 4, 5, 6, 7, 8, 9, 10, 11, 12, 13, 14, 15, 16, 17, 18, 19, 20, 21, 22, 23, 24, 25, 26, 27, 28]
Site names: ['r1', 'r2', 'r3', 'r4', 'r5', 'r6', 'r7', 'r8', 'r9', 'r10', 'r11', 'r12', 'r13', 'r14', 'r15', 'r16', 'r17', 'r18', 'r19', 'r20', 'r21', 'r22', 'r23', 'r24', 'r25', 'r26', 'r27', 'r28', 'r29', 'r30']
Attempting to infer mapping between site names and prior keys...
Not all site names are present in the dictionary. Trying offset...
Offset between input site names and prior keys is assumed to be 1
Missing priors at site r30, filling in uniform priors...
{'r1': 0, 'r2': 1, 'r3': 2, 'r4': 3, 'r5': 4, 'r6': 5, 'r7': 6, 'r8': 7, 'r9': 8, 'r10': 9, 'r11': 10, 'r12': 11, 'r13': 12, 'r14': 13, 'r15': 14, 'r16': 15, 'r17': 16, 'r18': 17, 'r19': 18, 'r20': 19, 'r21': 20, 'r22': 21, 'r23': 22, 'r24': 23, 'r25': 24, 'r26': 25, 'r27': 26, 'r28': 27, 'r29': 28, 'r30': 29}
Optimizing branch lengths, phi, and nu without topology search
Optimization by EM algorithm
Optimization start with 1 initials
Initial point 1. Random seed: 6108
Numerical optimization started with ultrametric constraint (default)
Initial phi: 0.7972286736846381. Initial nu: 0.17776823284379656. Initial nllh: 23156.44462715103
Starting EM iter: 1
Estep
Estep runtime (s): 0.1593012809753418
Mstep
Optimizing phi
Optimizing branch lengths. Current phi: 0.17028928025548634. Current nu:0.17776823284379656
Optimizing nu
Mstep runtime (s): 0.463897705078125
Finished EM iter: 1. Current nllh: 11691.12139481108
Starting EM iter: 2
Estep
Estep runtime (s): 0.21848797798156738
Mstep
Optimizing phi
Optimizing branch lengths. Current phi: 0.07876040797629308. Current nu:0.07593621209787264
Optimizing nu
Mstep runtime (s): 0.4930150508880615
Finished EM iter: 2. Current nllh: 11037.080024991104
Starting EM iter: 3
Estep
Estep runtime (s): 0.2186439037322998
Mstep
Optimizing phi
Optimizing branch lengths. Current phi: 0.04796455957864456. Current nu:0.11000341952468463
Optimizing nu
Mstep runtime (s): 0.5047440528869629
Finished EM iter: 3. Current nllh: 10835.716929501266
Starting EM iter: 4
Estep
Estep runtime (s): 0.21908807754516602
Mstep
Optimizing phi
Optimizing branch lengths. Current phi: 0.03123861574607044. Current nu:0.16149664470080946
Optimizing nu
Mstep runtime (s): 0.5170979499816895
Finished EM iter: 4. Current nllh: 10743.177189938726
Starting EM iter: 5
Estep
Estep runtime (s): 0.21915912628173828
Mstep
Optimizing phi
Optimizing branch lengths. Current phi: 0.021344255337206786. Current nu:0.20438403596165305
Optimizing nu
Mstep runtime (s): 0.44245028495788574
Finished EM iter: 5. Current nllh: 10699.0623422928
Starting EM iter: 6
Estep
Estep runtime (s): 0.21989893913269043
Mstep
Optimizing phi
Optimizing branch lengths. Current phi: 0.015375522069003573. Current nu:0.23602763640666272
Optimizing nu
Mstep runtime (s): 0.4685020446777344
Finished EM iter: 6. Current nllh: 10677.75594287096
Starting EM iter: 7
Estep
Estep runtime (s): 0.21923828125
Mstep
Optimizing phi
Optimizing branch lengths. Current phi: 0.01156035849433137. Current nu:0.25825257438680893
Optimizing nu
Mstep runtime (s): 0.708488941192627
Finished EM iter: 7. Current nllh: 10665.669406453615
Starting EM iter: 8
Estep
Estep runtime (s): 0.22254204750061035
Mstep
Optimizing phi
Optimizing branch lengths. Current phi: 0.00886330615376328. Current nu:0.27383877015785874
Optimizing nu
Mstep runtime (s): 0.5216622352600098
Finished EM iter: 8. Current nllh: 10656.77011196663
Starting EM iter: 9
Estep
Estep runtime (s): 0.21987485885620117
Mstep
Optimizing phi
Optimizing branch lengths. Current phi: 0.00672920750580004. Current nu:0.28526724842608203
Optimizing nu
Mstep runtime (s): 0.4545300006866455
Finished EM iter: 9. Current nllh: 10649.13366827636
Starting EM iter: 10
Estep
Estep runtime (s): 0.2194528579711914
Mstep
Optimizing phi
Optimizing branch lengths. Current phi: 0.004948080638767892. Current nu:0.29424171604170907
Optimizing nu
Mstep runtime (s): 0.4658999443054199
Finished EM iter: 10. Current nllh: 10642.987015766526
Starting EM iter: 11
Estep
Estep runtime (s): 0.21981000900268555
Mstep
Optimizing phi
Optimizing branch lengths. Current phi: 0.0035189742298641835. Current nu:0.3016347290515585
Optimizing nu
Mstep runtime (s): 0.436290979385376
Finished EM iter: 11. Current nllh: 10638.490061226083
Starting EM iter: 12
Estep
Estep runtime (s): 0.21946287155151367
Mstep
Optimizing phi
Optimizing branch lengths. Current phi: 0.0024460189100623904. Current nu:0.3076522520084221
Optimizing nu
Mstep runtime (s): 0.4511868953704834
Finished EM iter: 12. Current nllh: 10635.364662171223
Starting EM iter: 13
Estep
Estep runtime (s): 0.22014999389648438
Mstep
Optimizing phi
Optimizing branch lengths. Current phi: 0.001678342264017268. Current nu:0.312338193644571
Optimizing nu
Mstep runtime (s): 0.41794300079345703
Finished EM iter: 13. Current nllh: 10633.227092042374
Starting EM iter: 14
Estep
Estep runtime (s): 0.22002100944519043
Mstep
Optimizing phi
Optimizing branch lengths. Current phi: 0.0011433202656114649. Current nu:0.31582637097134314
Optimizing nu
Mstep runtime (s): 0.40869712829589844
Finished EM iter: 14. Current nllh: 10631.771477164022
Starting EM iter: 15
Estep
Estep runtime (s): 0.2204599380493164
Mstep
Optimizing phi
Optimizing branch lengths. Current phi: 0.0007755645350168478. Current nu:0.31833815265484366
Optimizing nu
Mstep runtime (s): 0.4387850761413574
Finished EM iter: 15. Current nllh: 10630.783420182453
Starting EM iter: 16
Estep
Estep runtime (s): 0.22060203552246094
Mstep
Optimizing phi
Optimizing branch lengths. Current phi: 0.000524731012510923. Current nu:0.32010721066012177
Optimizing nu
Mstep runtime (s): 0.4599618911743164
Finished EM iter: 16. Current nllh: 10630.114488195624
Starting EM iter: 17
Estep
Estep runtime (s): 0.2207779884338379
Mstep
Optimizing phi
Optimizing branch lengths. Current phi: 0.00035443392040369106. Current nu:0.32133547688716
Optimizing nu
Mstep runtime (s): 0.5109350681304932
Finished EM iter: 17. Current nllh: 10629.662003423271
Starting EM iter: 18
Estep
Estep runtime (s): 0.2193281650543213
Mstep
Optimizing phi
Optimizing branch lengths. Current phi: 0.0002391482639786593. Current nu:0.32217982503288967
Optimizing nu
Mstep runtime (s): 0.5157692432403564
Finished EM iter: 18. Current nllh: 10629.357377179462
Starting EM iter: 19
Estep
Estep runtime (s): 0.22069811820983887
Mstep
Optimizing phi
Optimizing branch lengths. Current phi: 0.00016124647251044717. Current nu:0.32275703643341613
Optimizing nu
Mstep runtime (s): 0.5639066696166992
Finished EM iter: 19. Current nllh: 10629.151624087162
Starting EM iter: 20
Estep
Estep runtime (s): 0.22165393829345703
Mstep
Optimizing phi
Optimizing branch lengths. Current phi: 0.00010866963296253166. Current nu:0.32315015880899844
Optimizing nu
Mstep runtime (s): 0.3963756561279297
Finished EM iter: 20. Current nllh: 10629.012934625955
Starting EM iter: 21
Estep
Estep runtime (s): 0.22338581085205078
Mstep
Optimizing phi
Optimizing branch lengths. Current phi: 0. Current nu:0.32341683753358547
Optimizing nu
Mstep runtime (s): 0.4920310974121094
Finished EM iter: 21. Current nllh: 10628.738398106638
Starting EM iter: 22
Estep
Estep runtime (s): 0.22071123123168945
Mstep
Optimizing phi
Optimizing branch lengths. Current phi: 0. Current nu:0.3235979074242771
Optimizing nu
Mstep runtime (s): 0.45774388313293457
Finished EM iter: 22. Current nllh: 10628.734573316882
Starting EM iter: 23
Estep
Estep runtime (s): 0.21924209594726562
Mstep
Optimizing phi
Optimizing branch lengths. Current phi: 0. Current nu:0.3238379690204885
Optimizing nu
Mstep runtime (s): 0.4824380874633789
Finished EM iter: 23. Current nllh: 10628.729198459912
Starting EM iter: 24
Estep
Estep runtime (s): 0.21966195106506348
Mstep
Optimizing phi
Optimizing branch lengths. Current phi: 0. Current nu:0.32392445548200277
Optimizing nu
Mstep runtime (s): 0.4273848533630371
Finished EM iter: 24. Current nllh: 10628.727769551328
Starting EM iter: 25
Estep
Estep runtime (s): 0.21934986114501953
Mstep
Optimizing phi
Optimizing branch lengths. Current phi: 0. Current nu:0.3239561540160565
Optimizing nu
Mstep runtime (s): 0.4440910816192627
Finished EM iter: 25. Current nllh: 10628.72705014454
Starting EM iter: 26
Estep
Estep runtime (s): 0.2197260856628418
Mstep
Optimizing phi
Optimizing branch lengths. Current phi: 0. Current nu:0.32396784806766504
Optimizing nu
Mstep runtime (s): 0.547003984451294
Finished EM iter: 26. Current nllh: 10628.726534770041
Starting EM iter: 27
Estep
Estep runtime (s): 0.21966886520385742
Mstep
Optimizing phi
Optimizing branch lengths. Current phi: 0. Current nu:0.32397242741279086
Optimizing nu
Mstep runtime (s): 0.5150008201599121
Finished EM iter: 27. Current nllh: 10628.726225715276
Starting EM iter: 28
Estep
Estep runtime (s): 0.221297025680542
Mstep
Optimizing phi
Optimizing branch lengths. Current phi: 0. Current nu:0.32397459456197075
Optimizing nu
Mstep runtime (s): 0.4557340145111084
Finished EM iter: 28. Current nllh: 10628.726014880678
Starting EM iter: 29
Estep
Estep runtime (s): 0.22384071350097656
Mstep
Optimizing phi
Optimizing branch lengths. Current phi: 0. Current nu:0.32397576732360356
Optimizing nu
Mstep runtime (s): 0.4691958427429199
Finished EM iter: 29. Current nllh: 10628.726492951277
Starting EM iter: 30
Estep
Estep runtime (s): 0.21963000297546387
Mstep
Optimizing phi
Optimizing branch lengths. Current phi: 0. Current nu:0.32397729860812785
Optimizing nu
Mstep runtime (s): 0.5207133293151855
Finished EM iter: 30. Current nllh: 10628.726036495771
Starting EM iter: 31
Estep
Estep runtime (s): 0.22090482711791992
Mstep
Optimizing phi
Optimizing branch lengths. Current phi: 0. Current nu:0.32397726789406556
Optimizing nu
Mstep runtime (s): 0.4395639896392822
Finished EM iter: 31. Current nllh: 10628.726428301936
Starting EM iter: 32
Estep
Estep runtime (s): 0.22105002403259277
Mstep
Optimizing phi
Optimizing branch lengths. Current phi: 0. Current nu:0.3239780895031222
Optimizing nu
Mstep runtime (s): 0.5744831562042236
Finished EM iter: 32. Current nllh: 10628.72638207746
EM finished after 32 iterations.
Optimal phi: 0. Optimal nu: 0.3239787833708036. Optimal nllh: 10628.72638207746
Optimal point found for initial point 1
Numerical optimization finished successfully
Tree height pre-scaling: 0.6992105800440132, input timescale: 1.0
Tree height after scaling: 1.0, mutation rate: 0.6992105800440132
Tree height pre-scaling: 0.6992105801552175, input timescale: 1.0
Tree height after scaling: 1.0, mutation rate: 0.6992105801552175
Tree height pre-scaling: 0.699210580012239, input timescale: 1.0
Tree height after scaling: 1.0, mutation rate: 0.699210580012239
Tree height pre-scaling: 0.6992105799911619, input timescale: 1.0
Tree height after scaling: 1.0, mutation rate: 0.6992105799911619
Tree height pre-scaling: 0.6992105799687864, input timescale: 1.0
Tree height after scaling: 0.9999999999999999, mutation rate: 0.6992105799687864
Tree height pre-scaling: 0.6992105800809585, input timescale: 1.0
Tree height after scaling: 1.0, mutation rate: 0.6992105800809585
Tree height pre-scaling: 0.6992105801548432, input timescale: 1.0
Tree height after scaling: 0.9999999999999999, mutation rate: 0.6992105801548432
Tree height pre-scaling: 0.6992105800810985, input timescale: 1.0
Tree height after scaling: 1.0, mutation rate: 0.6992105800810985
Tree height pre-scaling: 0.6992105801330362, input timescale: 1.0
Tree height after scaling: 1.0, mutation rate: 0.6992105801330362
Tree height pre-scaling: 0.6992105800383766, input timescale: 1.0
Tree height after scaling: 1.0000000000000002, mutation rate: 0.6992105800383766
Tree height pre-scaling: 0.6992105802226926, input timescale: 1.0
Tree height after scaling: 1.0, mutation rate: 0.6992105802226926
Tree height pre-scaling: 0.699210580095697, input timescale: 1.0
Tree height after scaling: 1.0, mutation rate: 0.699210580095697
Tree height pre-scaling: 0.699210580056856, input timescale: 1.0
Tree height after scaling: 1.0, mutation rate: 0.699210580056856
Tree height pre-scaling: 0.6992105800661564, input timescale: 1.0
Tree height after scaling: 1.0, mutation rate: 0.6992105800661564
Tree height pre-scaling: 0.699210580104484, input timescale: 1.0
Tree height after scaling: 1.0000000000000002, mutation rate: 0.699210580104484
Tree height pre-scaling: 0.699210580033589, input timescale: 1.0
Tree height after scaling: 1.0, mutation rate: 0.699210580033589
Tree height pre-scaling: 0.6992105804933132, input timescale: 1.0
Tree height after scaling: 0.9999999999999999, mutation rate: 0.6992105804933132
Runtime (s): 24.76381725
