Launching LAML version 0.0.4
LAML was called as follows: /Users/uym2/my_gits/LAML/run_laml.py -c ../../evaluation/Bar23/Bar23_character_matrix.txt -t place_outlier1/augmented_tree_37.nwk -o place_outlier1/augmented_tree_37_optimized -v -p ../../evaluation/Bar23/Bar23_priors.pickle --delimiter tab -m -1 --nInitials 1
Prior keys mismatch with site names.
Prior keys: [0, 1, 2, 3, 4, 5, 6, 7, 8, 9, 10, 11, 12, 13, 14, 15, 16, 17, 18, 19, 20, 21, 22, 23, 24, 25, 26, 27, 28]
Site names: ['r1', 'r2', 'r3', 'r4', 'r5', 'r6', 'r7', 'r8', 'r9', 'r10', 'r11', 'r12', 'r13', 'r14', 'r15', 'r16', 'r17', 'r18', 'r19', 'r20', 'r21', 'r22', 'r23', 'r24', 'r25', 'r26', 'r27', 'r28', 'r29', 'r30']
Attempting to infer mapping between site names and prior keys...
Not all site names are present in the dictionary. Trying offset...
Offset between input site names and prior keys is assumed to be 1
Missing priors at site r30, filling in uniform priors...
{'r1': 0, 'r2': 1, 'r3': 2, 'r4': 3, 'r5': 4, 'r6': 5, 'r7': 6, 'r8': 7, 'r9': 8, 'r10': 9, 'r11': 10, 'r12': 11, 'r13': 12, 'r14': 13, 'r15': 14, 'r16': 15, 'r17': 16, 'r18': 17, 'r19': 18, 'r20': 19, 'r21': 20, 'r22': 21, 'r23': 22, 'r24': 23, 'r25': 24, 'r26': 25, 'r27': 26, 'r28': 27, 'r29': 28, 'r30': 29}
Optimizing branch lengths, phi, and nu without topology search
Optimization by EM algorithm
Optimization start with 1 initials
Initial point 1. Random seed: 5470
Numerical optimization started with ultrametric constraint (default)
Initial phi: 0.3043514869676372. Initial nu: 0.08075496009680727. Initial nllh: 14307.202191956594
Starting EM iter: 1
Estep
Estep runtime (s): 0.15877294540405273
Mstep
Optimizing phi
Optimizing branch lengths. Current phi: 0.09445061716980829. Current nu:0.08075496009680727
Optimizing nu
Mstep runtime (s): 0.4801909923553467
Finished EM iter: 1. Current nllh: 11136.975605229853
Starting EM iter: 2
Estep
Estep runtime (s): 0.2223811149597168
Mstep
Optimizing phi
Optimizing branch lengths. Current phi: 0.05181945586823184. Current nu:0.09800956753781638
Optimizing nu
Mstep runtime (s): 0.4781489372253418
Finished EM iter: 2. Current nllh: 10831.1061784643
Starting EM iter: 3
Estep
Estep runtime (s): 0.22473692893981934
Mstep
Optimizing phi
Optimizing branch lengths. Current phi: 0.032121662388016746. Current nu:0.15108190419964973
Optimizing nu
Mstep runtime (s): 0.4412870407104492
Finished EM iter: 3. Current nllh: 10718.735588013378
Starting EM iter: 4
Estep
Estep runtime (s): 0.22447919845581055
Mstep
Optimizing phi
Optimizing branch lengths. Current phi: 0.021281718874180042. Current nu:0.19835724723069717
Optimizing nu
Mstep runtime (s): 0.5008089542388916
Finished EM iter: 4. Current nllh: 10668.170061202889
Starting EM iter: 5
Estep
Estep runtime (s): 0.22287392616271973
Mstep
Optimizing phi
Optimizing branch lengths. Current phi: 0.014947284581096522. Current nu:0.23321023641205618
Optimizing nu
Mstep runtime (s): 0.4766499996185303
Finished EM iter: 5. Current nllh: 10644.506552074788
Starting EM iter: 6
Estep
Estep runtime (s): 0.22378277778625488
Mstep
Optimizing phi
Optimizing branch lengths. Current phi: 0.010963829144928782. Current nu:0.25741754446109066
Optimizing nu
Mstep runtime (s): 0.6605391502380371
Finished EM iter: 6. Current nllh: 10631.210115114423
Starting EM iter: 7
Estep
Estep runtime (s): 0.2289290428161621
Mstep
Optimizing phi
Optimizing branch lengths. Current phi: 0.00817846149048732. Current nu:0.2742003465147769
Optimizing nu
Mstep runtime (s): 0.5126800537109375
Finished EM iter: 7. Current nllh: 10621.60647762746
Starting EM iter: 8
Estep
Estep runtime (s): 0.2290349006652832
Mstep
Optimizing phi
Optimizing branch lengths. Current phi: 0.006013931229523304. Current nu:0.28631979185691137
Optimizing nu
Mstep runtime (s): 0.48870301246643066
Finished EM iter: 8. Current nllh: 10613.712544856902
Starting EM iter: 9
Estep
Estep runtime (s): 0.22384428977966309
Mstep
Optimizing phi
Optimizing branch lengths. Current phi: 0.004273653754113909. Current nu:0.2956441073501678
Optimizing nu
Mstep runtime (s): 0.41869473457336426
Finished EM iter: 9. Current nllh: 10607.693046227134
Starting EM iter: 10
Estep
Estep runtime (s): 0.22596287727355957
Mstep
Optimizing phi
Optimizing branch lengths. Current phi: 0.0029427413639385976. Current nu:0.3030765086193215
Optimizing nu
Mstep runtime (s): 0.4326908588409424
Finished EM iter: 10. Current nllh: 10603.477269730287
Starting EM iter: 11
Estep
Estep runtime (s): 0.2299060821533203
Mstep
Optimizing phi
Optimizing branch lengths. Current phi: 0.001986533479366866. Current nu:0.30888340188276603
Optimizing nu
Mstep runtime (s): 0.48288512229919434
Finished EM iter: 11. Current nllh: 10600.63403528058
Starting EM iter: 12
Estep
Estep runtime (s): 0.22831320762634277
Mstep
Optimizing phi
Optimizing branch lengths. Current phi: 0.0013263860450478803. Current nu:0.3132229088172269
Optimizing nu
Mstep runtime (s): 0.41438722610473633
Finished EM iter: 12. Current nllh: 10598.738024566488
Starting EM iter: 13
Estep
Estep runtime (s): 0.2349390983581543
Mstep
Optimizing phi
Optimizing branch lengths. Current phi: 0.00088013278901444. Current nu:0.31633838589224
Optimizing nu
Mstep runtime (s): 0.4185659885406494
Finished EM iter: 13. Current nllh: 10597.479611275392
Starting EM iter: 14
Estep
Estep runtime (s): 0.23601579666137695
Mstep
Optimizing phi
Optimizing branch lengths. Current phi: 0.0005818704129125849. Current nu:0.31851143709753416
Optimizing nu
Mstep runtime (s): 0.48996520042419434
Finished EM iter: 14. Current nllh: 10596.646572461617
Starting EM iter: 15
Estep
Estep runtime (s): 0.22592401504516602
Mstep
Optimizing phi
Optimizing branch lengths. Current phi: 0.00038381368958803234. Current nu:0.3199984793262781
Optimizing nu
Mstep runtime (s): 0.47431230545043945
Finished EM iter: 15. Current nllh: 10596.097759981867
Starting EM iter: 16
Estep
Estep runtime (s): 0.22355294227600098
Mstep
Optimizing phi
Optimizing branch lengths. Current phi: 0.0002528090829193099. Current nu:0.32100230525538975
Optimizing nu
Mstep runtime (s): 0.48952603340148926
Finished EM iter: 16. Current nllh: 10595.73576861373
Starting EM iter: 17
Estep
Estep runtime (s): 0.22544574737548828
Mstep
Optimizing phi
Optimizing branch lengths. Current phi: 0.00016636687788551893. Current nu:0.32167473503248417
Optimizing nu
Mstep runtime (s): 0.5161542892456055
Finished EM iter: 17. Current nllh: 10595.497028035903
Starting EM iter: 18
Estep
Estep runtime (s): 0.22238707542419434
Mstep
Optimizing phi
Optimizing branch lengths. Current phi: 0.0001094168349191591. Current nu:0.3221230409407125
Optimizing nu
Mstep runtime (s): 0.4468810558319092
Finished EM iter: 18. Current nllh: 10595.340682574084
Starting EM iter: 19
Estep
Estep runtime (s): 0.22317910194396973
Mstep
Optimizing phi
Optimizing branch lengths. Current phi: 0. Current nu:0.3224206125762274
Optimizing nu
Mstep runtime (s): 0.4712841510772705
Finished EM iter: 19. Current nllh: 10595.050743116422
Starting EM iter: 20
Estep
Estep runtime (s): 0.22243881225585938
Mstep
Optimizing phi
Optimizing branch lengths. Current phi: 0. Current nu:0.3226179562200836
Optimizing nu
Mstep runtime (s): 0.46416425704956055
Finished EM iter: 20. Current nllh: 10595.046454582993
Starting EM iter: 21
Estep
Estep runtime (s): 0.2252049446105957
Mstep
Optimizing phi
Optimizing branch lengths. Current phi: 0. Current nu:0.32286067855198436
Optimizing nu
Mstep runtime (s): 0.4533388614654541
Finished EM iter: 21. Current nllh: 10595.042208818679
Starting EM iter: 22
Estep
Estep runtime (s): 0.2284388542175293
Mstep
Optimizing phi
Optimizing branch lengths. Current phi: 0. Current nu:0.3229488382818826
Optimizing nu
Mstep runtime (s): 0.5371420383453369
Finished EM iter: 22. Current nllh: 10595.040821796445
Starting EM iter: 23
Estep
Estep runtime (s): 0.22951006889343262
Mstep
Optimizing phi
Optimizing branch lengths. Current phi: 0. Current nu:0.3229818326534897
Optimizing nu
Mstep runtime (s): 0.5599122047424316
Finished EM iter: 23. Current nllh: 10595.039854141241
Starting EM iter: 24
Estep
Estep runtime (s): 0.23183631896972656
Mstep
Optimizing phi
Optimizing branch lengths. Current phi: 0. Current nu:0.32299332696347477
Optimizing nu
Mstep runtime (s): 0.4538228511810303
Finished EM iter: 24. Current nllh: 10595.039826037631
EM finished after 24 iterations.
Optimal phi: 0. Optimal nu: 0.32299948381511634. Optimal nllh: 10595.039826037631
Optimal point found for initial point 1
Numerical optimization finished successfully
Tree height pre-scaling: 0.716940881525731, input timescale: 1.0
Tree height after scaling: 1.0, mutation rate: 0.716940881525731
Tree height pre-scaling: 0.716940881536781, input timescale: 1.0
Tree height after scaling: 1.0, mutation rate: 0.716940881536781
Tree height pre-scaling: 0.7169408815222404, input timescale: 1.0
Tree height after scaling: 1.0, mutation rate: 0.7169408815222404
Tree height pre-scaling: 0.7169408815197155, input timescale: 1.0
Tree height after scaling: 0.9999999999999999, mutation rate: 0.7169408815197155
Tree height pre-scaling: 0.7169408815176103, input timescale: 1.0
Tree height after scaling: 1.0, mutation rate: 0.7169408815176103
Tree height pre-scaling: 0.7169408815289158, input timescale: 1.0
Tree height after scaling: 1.0, mutation rate: 0.7169408815289158
Tree height pre-scaling: 0.7169408815351819, input timescale: 1.0
Tree height after scaling: 1.0, mutation rate: 0.7169408815351819
Tree height pre-scaling: 0.7169408815285776, input timescale: 1.0
Tree height after scaling: 1.0, mutation rate: 0.7169408815285776
Tree height pre-scaling: 0.7169408815329925, input timescale: 1.0
Tree height after scaling: 0.9999999999999999, mutation rate: 0.7169408815329925
Tree height pre-scaling: 0.7169408815234177, input timescale: 1.0
Tree height after scaling: 1.0, mutation rate: 0.7169408815234177
Tree height pre-scaling: 0.7169408815423606, input timescale: 1.0
Tree height after scaling: 0.9999999999999999, mutation rate: 0.7169408815423606
Tree height pre-scaling: 0.7169408815298259, input timescale: 1.0
Tree height after scaling: 1.0, mutation rate: 0.7169408815298259
Tree height pre-scaling: 0.7169408815267023, input timescale: 1.0
Tree height after scaling: 1.0, mutation rate: 0.7169408815267023
Tree height pre-scaling: 0.7169408815262142, input timescale: 1.0
Tree height after scaling: 1.0, mutation rate: 0.7169408815262142
Tree height pre-scaling: 0.7169408815227113, input timescale: 1.0
Tree height after scaling: 1.0, mutation rate: 0.7169408815227113
Tree height pre-scaling: 0.716940881524716, input timescale: 1.0
Tree height after scaling: 1.0, mutation rate: 0.716940881524716
Tree height pre-scaling: 0.7169408815704814, input timescale: 1.0
Tree height after scaling: 0.9999999999999999, mutation rate: 0.7169408815704814
Runtime (s): 18.827289667
