Launching LAML version 0.0.4
LAML was called as follows: /Users/uym2/my_gits/LAML/run_laml.py -c ../../evaluation/Bar23/Bar23_character_matrix.txt -t place_outlier1/augmented_tree_310.nwk -o place_outlier1/augmented_tree_310_optimized -v -p ../../evaluation/Bar23/Bar23_priors.pickle --delimiter tab -m -1 --nInitials 1
Prior keys mismatch with site names.
Prior keys: [0, 1, 2, 3, 4, 5, 6, 7, 8, 9, 10, 11, 12, 13, 14, 15, 16, 17, 18, 19, 20, 21, 22, 23, 24, 25, 26, 27, 28]
Site names: ['r1', 'r2', 'r3', 'r4', 'r5', 'r6', 'r7', 'r8', 'r9', 'r10', 'r11', 'r12', 'r13', 'r14', 'r15', 'r16', 'r17', 'r18', 'r19', 'r20', 'r21', 'r22', 'r23', 'r24', 'r25', 'r26', 'r27', 'r28', 'r29', 'r30']
Attempting to infer mapping between site names and prior keys...
Not all site names are present in the dictionary. Trying offset...
Offset between input site names and prior keys is assumed to be 1
Missing priors at site r30, filling in uniform priors...
{'r1': 0, 'r2': 1, 'r3': 2, 'r4': 3, 'r5': 4, 'r6': 5, 'r7': 6, 'r8': 7, 'r9': 8, 'r10': 9, 'r11': 10, 'r12': 11, 'r13': 12, 'r14': 13, 'r15': 14, 'r16': 15, 'r17': 16, 'r18': 17, 'r19': 18, 'r20': 19, 'r21': 20, 'r22': 21, 'r23': 22, 'r24': 23, 'r25': 24, 'r26': 25, 'r27': 26, 'r28': 27, 'r29': 28, 'r30': 29}
Optimizing branch lengths, phi, and nu without topology search
Optimization by EM algorithm
Optimization start with 1 initials
Initial point 1. Random seed: 9939
Numerical optimization started with ultrametric constraint (default)
Initial phi: 0.9057550541384475. Initial nu: 0.941551623810807. Initial nllh: 31007.17374968408
Starting EM iter: 1
Estep
Estep runtime (s): 0.15846705436706543
Mstep
Optimizing phi
Optimizing branch lengths. Current phi: 0.13432823951587464. Current nu:0.941551623810807
Optimizing nu
Mstep runtime (s): 0.42531704902648926
Finished EM iter: 1. Current nllh: 11455.704886517668
Starting EM iter: 2
Estep
Estep runtime (s): 0.21871685981750488
Mstep
Optimizing phi
Optimizing branch lengths. Current phi: 0.05194702311514846. Current nu:0.3416805240206867
Optimizing nu
Mstep runtime (s): 0.5436749458312988
Finished EM iter: 2. Current nllh: 10701.690572882486
Starting EM iter: 3
Estep
Estep runtime (s): 0.21793889999389648
Mstep
Optimizing phi
Optimizing branch lengths. Current phi: 0.03181416274923047. Current nu:0.20985864325743137
Optimizing nu
Mstep runtime (s): 427.33714294433594
Finished EM iter: 3. Current nllh: 10564.885358689633
Starting EM iter: 4
Estep
Estep runtime (s): 0.22036218643188477
Mstep
Optimizing phi
Optimizing branch lengths. Current phi: 0.02112611110954017. Current nu:0.21236938468499536
Optimizing nu
Mstep runtime (s): 0.5603277683258057
Finished EM iter: 4. Current nllh: 10518.768873389865
Starting EM iter: 5
Estep
Estep runtime (s): 0.22775602340698242
Mstep
Optimizing phi
Optimizing branch lengths. Current phi: 0.014840951132386699. Current nu:0.234538368531619
Optimizing nu
Mstep runtime (s): 0.6449778079986572
Finished EM iter: 5. Current nllh: 10496.738761114739
Starting EM iter: 6
Estep
Estep runtime (s): 0.21866488456726074
Mstep
Optimizing phi
Optimizing branch lengths. Current phi: 0.010838061962492694. Current nu:0.25501151023226926
Optimizing nu
Mstep runtime (s): 0.5072331428527832
Finished EM iter: 6. Current nllh: 10483.696695254366
Starting EM iter: 7
Estep
Estep runtime (s): 0.21852898597717285
Mstep
Optimizing phi
Optimizing branch lengths. Current phi: 0.008004556795208992. Current nu:0.2708215949274577
Optimizing nu
Mstep runtime (s): 0.4843590259552002
Finished EM iter: 7. Current nllh: 10474.284122046458
Starting EM iter: 8
Estep
Estep runtime (s): 0.21868586540222168
Mstep
Optimizing phi
Optimizing branch lengths. Current phi: 0.005828723642492874. Current nu:0.28283763814462204
Optimizing nu
Mstep runtime (s): 0.4557523727416992
Finished EM iter: 8. Current nllh: 10466.917618760612
Starting EM iter: 9
Estep
Estep runtime (s): 0.21991586685180664
Mstep
Optimizing phi
Optimizing branch lengths. Current phi: 0.004128969562119255. Current nu:0.2922260967522456
Optimizing nu
Mstep runtime (s): 0.46863317489624023
Finished EM iter: 9. Current nllh: 10461.425301020414
Starting EM iter: 10
Estep
Estep runtime (s): 0.21887612342834473
Mstep
Optimizing phi
Optimizing branch lengths. Current phi: 0.0028528045259268533. Current nu:0.2996369518331047
Optimizing nu
Mstep runtime (s): 0.46969103813171387
Finished EM iter: 10. Current nllh: 10457.57574384711
Starting EM iter: 11
Estep
Estep runtime (s): 0.21942710876464844
Mstep
Optimizing phi
Optimizing branch lengths. Current phi: 0.0019397570616315073. Current nu:0.3053473565784531
Optimizing nu
Mstep runtime (s): 0.4352121353149414
Finished EM iter: 11. Current nllh: 10454.950499416658
Starting EM iter: 12
Estep
Estep runtime (s): 0.21900010108947754
Mstep
Optimizing phi
Optimizing branch lengths. Current phi: 0.0013067419700572285. Current nu:0.309581280162404
Optimizing nu
Mstep runtime (s): 0.4127061367034912
Finished EM iter: 12. Current nllh: 10453.178301132853
Starting EM iter: 13
Estep
Estep runtime (s): 0.21894192695617676
Mstep
Optimizing phi
Optimizing branch lengths. Current phi: 0.0008754881074880704. Current nu:0.31261504773573556
Optimizing nu
Mstep runtime (s): 0.4879610538482666
Finished EM iter: 13. Current nllh: 10451.98875644982
Starting EM iter: 14
Estep
Estep runtime (s): 0.21970200538635254
Mstep
Optimizing phi
Optimizing branch lengths. Current phi: 0.000584587281925844. Current nu:0.3147382137967929
Optimizing nu
Mstep runtime (s): 0.4214451313018799
Finished EM iter: 14. Current nllh: 10451.194349440682
Starting EM iter: 15
Estep
Estep runtime (s): 0.22043514251708984
Mstep
Optimizing phi
Optimizing branch lengths. Current phi: 0.00038951459996115816. Current nu:0.3161989316535764
Optimizing nu
Mstep runtime (s): 423.299929857254
Finished EM iter: 15. Current nllh: 10450.66431401205
Starting EM iter: 16
Estep
Estep runtime (s): 0.23166298866271973
Mstep
Optimizing phi
Optimizing branch lengths. Current phi: 0.0002591816530293242. Current nu:0.3171912405161083
Optimizing nu
Mstep runtime (s): 0.47446393966674805
Finished EM iter: 16. Current nllh: 10450.311737474447
Starting EM iter: 17
Estep
Estep runtime (s): 0.22149014472961426
Mstep
Optimizing phi
Optimizing branch lengths. Current phi: 0.0001723055814606497. Current nu:0.31786356317539005
Optimizing nu
Mstep runtime (s): 0.42918968200683594
Finished EM iter: 17. Current nllh: 10450.077145325806
Starting EM iter: 18
Estep
Estep runtime (s): 0.22234296798706055
Mstep
Optimizing phi
Optimizing branch lengths. Current phi: 0.0001144830370876091. Current nu:0.3183155849167778
Optimizing nu
Mstep runtime (s): 0.4610879421234131
Finished EM iter: 18. Current nllh: 10449.921247634722
Starting EM iter: 19
Estep
Estep runtime (s): 0.2186291217803955
Mstep
Optimizing phi
Optimizing branch lengths. Current phi: 0. Current nu:0.3186181060640046
Optimizing nu
Mstep runtime (s): 0.4256761074066162
Finished EM iter: 19. Current nllh: 10449.624092318725
Starting EM iter: 20
Estep
Estep runtime (s): 0.21898126602172852
Mstep
Optimizing phi
Optimizing branch lengths. Current phi: 0. Current nu:0.3188211213852171
Optimizing nu
Mstep runtime (s): 0.4495542049407959
Finished EM iter: 20. Current nllh: 10449.620537630386
Starting EM iter: 21
Estep
Estep runtime (s): 0.218397855758667
Mstep
Optimizing phi
Optimizing branch lengths. Current phi: 0. Current nu:0.31907664919763673
Optimizing nu
Mstep runtime (s): 0.41528868675231934
Finished EM iter: 21. Current nllh: 10449.615986473673
Starting EM iter: 22
Estep
Estep runtime (s): 0.2197270393371582
Mstep
Optimizing phi
Optimizing branch lengths. Current phi: 0. Current nu:0.31917158516127825
Optimizing nu
Mstep runtime (s): 0.4101676940917969
Finished EM iter: 22. Current nllh: 10449.614108829053
Starting EM iter: 23
Estep
Estep runtime (s): 0.21970486640930176
Mstep
Optimizing phi
Optimizing branch lengths. Current phi: 0. Current nu:0.3192056925593207
Optimizing nu
Mstep runtime (s): 0.4437530040740967
Finished EM iter: 23. Current nllh: 10449.613390208013
Starting EM iter: 24
Estep
Estep runtime (s): 0.21874713897705078
Mstep
Optimizing phi
Optimizing branch lengths. Current phi: 0. Current nu:0.3192183467091009
Optimizing nu
Mstep runtime (s): 0.432417631149292
Finished EM iter: 24. Current nllh: 10449.613090367257
Starting EM iter: 25
Estep
Estep runtime (s): 0.21882295608520508
Mstep
Optimizing phi
Optimizing branch lengths. Current phi: 0. Current nu:0.31922363207517634
Optimizing nu
Mstep runtime (s): 428.93366718292236
Finished EM iter: 25. Current nllh: 10449.612533624895
Starting EM iter: 26
Estep
Estep runtime (s): 0.22700095176696777
Mstep
Optimizing phi
Optimizing branch lengths. Current phi: 0. Current nu:0.31922654763487573
Optimizing nu
Mstep runtime (s): 0.444080114364624
Finished EM iter: 26. Current nllh: 10449.61284437062
Starting EM iter: 27
Estep
Estep runtime (s): 0.22674798965454102
Mstep
Optimizing phi
Optimizing branch lengths. Current phi: 0. Current nu:0.3192280643658794
Optimizing nu
Mstep runtime (s): 0.5668599605560303
Finished EM iter: 27. Current nllh: 10449.612451390063
Starting EM iter: 28
Estep
Estep runtime (s): 0.21947121620178223
Mstep
Optimizing phi
Optimizing branch lengths. Current phi: 0. Current nu:0.3192290013905507
Optimizing nu
Mstep runtime (s): 0.4346489906311035
Finished EM iter: 28. Current nllh: 10449.61272571637
Starting EM iter: 29
Estep
Estep runtime (s): 0.2203540802001953
Mstep
Optimizing phi
Optimizing branch lengths. Current phi: 0. Current nu:0.319229893834866
Optimizing nu
Mstep runtime (s): 0.4193449020385742
Finished EM iter: 29. Current nllh: 10449.612680199889
EM finished after 29 iterations.
Optimal phi: 0. Optimal nu: 0.31923031724005146. Optimal nllh: 10449.612680199889
Optimal point found for initial point 1
Numerical optimization finished successfully
Tree height pre-scaling: 0.706321018500802, input timescale: 1.0
Tree height after scaling: 1.0, mutation rate: 0.706321018500802
Tree height pre-scaling: 0.7063210186500563, input timescale: 1.0
Tree height after scaling: 1.0, mutation rate: 0.7063210186500563
Tree height pre-scaling: 0.7063210184541355, input timescale: 1.0
Tree height after scaling: 0.9999999999999999, mutation rate: 0.7063210184541355
Tree height pre-scaling: 0.7063210184221014, input timescale: 1.0
Tree height after scaling: 1.0, mutation rate: 0.7063210184221014
Tree height pre-scaling: 0.7063210183793796, input timescale: 1.0
Tree height after scaling: 1.0, mutation rate: 0.7063210183793796
Tree height pre-scaling: 0.7063210185470921, input timescale: 1.0
Tree height after scaling: 1.0, mutation rate: 0.7063210185470921
Tree height pre-scaling: 0.706321018657464, input timescale: 1.0
Tree height after scaling: 0.9999999999999999, mutation rate: 0.706321018657464
Tree height pre-scaling: 0.706321018553614, input timescale: 1.0
Tree height after scaling: 1.0, mutation rate: 0.706321018553614
Tree height pre-scaling: 0.7063210185804707, input timescale: 1.0
Tree height after scaling: 1.0000000000000002, mutation rate: 0.7063210185804707
Tree height pre-scaling: 0.7063210184812287, input timescale: 1.0
Tree height after scaling: 1.0, mutation rate: 0.7063210184812287
Tree height pre-scaling: 0.706321018549432, input timescale: 1.0
Tree height after scaling: 1.0, mutation rate: 0.706321018549432
Tree height pre-scaling: 0.7063210184520191, input timescale: 1.0
Tree height after scaling: 1.0, mutation rate: 0.7063210184520191
Tree height pre-scaling: 0.7063210185312104, input timescale: 1.0
Tree height after scaling: 1.0, mutation rate: 0.7063210185312104
Tree height pre-scaling: 0.7063210186050579, input timescale: 1.0
Tree height after scaling: 1.0, mutation rate: 0.7063210186050579
Tree height pre-scaling: 0.706321018669628, input timescale: 1.0
Tree height after scaling: 1.0, mutation rate: 0.706321018669628
Tree height pre-scaling: 0.7063210185765512, input timescale: 1.0
Tree height after scaling: 1.0, mutation rate: 0.7063210185765512
Tree height pre-scaling: 0.7063210189674507, input timescale: 1.0
Tree height after scaling: 1.0, mutation rate: 0.7063210189674507
Runtime (s): 23.289124958
