Launching LAML version 0.0.4
LAML was called as follows: /Users/uym2/my_gits/LAML/run_laml.py -c ../../evaluation/Bar23/Bar23_character_matrix.txt -t place_outlier1/augmented_tree_479.nwk -o place_outlier1/augmented_tree_479_optimized -v -p ../../evaluation/Bar23/Bar23_priors.pickle --delimiter tab -m -1 --nInitials 1
Prior keys mismatch with site names.
Prior keys: [0, 1, 2, 3, 4, 5, 6, 7, 8, 9, 10, 11, 12, 13, 14, 15, 16, 17, 18, 19, 20, 21, 22, 23, 24, 25, 26, 27, 28]
Site names: ['r1', 'r2', 'r3', 'r4', 'r5', 'r6', 'r7', 'r8', 'r9', 'r10', 'r11', 'r12', 'r13', 'r14', 'r15', 'r16', 'r17', 'r18', 'r19', 'r20', 'r21', 'r22', 'r23', 'r24', 'r25', 'r26', 'r27', 'r28', 'r29', 'r30']
Attempting to infer mapping between site names and prior keys...
Not all site names are present in the dictionary. Trying offset...
Offset between input site names and prior keys is assumed to be 1
Missing priors at site r30, filling in uniform priors...
{'r1': 0, 'r2': 1, 'r3': 2, 'r4': 3, 'r5': 4, 'r6': 5, 'r7': 6, 'r8': 7, 'r9': 8, 'r10': 9, 'r11': 10, 'r12': 11, 'r13': 12, 'r14': 13, 'r15': 14, 'r16': 15, 'r17': 16, 'r18': 17, 'r19': 18, 'r20': 19, 'r21': 20, 'r22': 21, 'r23': 22, 'r24': 23, 'r25': 24, 'r26': 25, 'r27': 26, 'r28': 27, 'r29': 28, 'r30': 29}
Optimizing branch lengths, phi, and nu without topology search
Optimization by EM algorithm
Optimization start with 1 initials
Initial point 1. Random seed: 4423
Numerical optimization started with ultrametric constraint (default)
Initial phi: 0.7143000156366123. Initial nu: 0.22852436193100056. Initial nllh: 20556.684772770066
Starting EM iter: 1
Estep
Estep runtime (s): 0.16195392608642578
Mstep
Optimizing phi
Optimizing branch lengths. Current phi: 0.14422358695000137. Current nu:0.22852436193100056
Optimizing nu
Mstep runtime (s): 0.4800739288330078
Finished EM iter: 1. Current nllh: 11431.744127930418
Starting EM iter: 2
Estep
Estep runtime (s): 0.2254960536956787
Mstep
Optimizing phi
Optimizing branch lengths. Current phi: 0.06571648031847607. Current nu:0.10826903387706915
Optimizing nu
Mstep runtime (s): 0.554084062576294
Finished EM iter: 2. Current nllh: 10889.249523316606
Starting EM iter: 3
Estep
Estep runtime (s): 0.22125625610351562
Mstep
Optimizing phi
Optimizing branch lengths. Current phi: 0.03936161354049373. Current nu:0.13737890160460672
Optimizing nu
Mstep runtime (s): 0.542788028717041
Finished EM iter: 3. Current nllh: 10732.793549247868
Starting EM iter: 4
Estep
Estep runtime (s): 0.2205822467803955
Mstep
Optimizing phi
Optimizing branch lengths. Current phi: 0.025605668490105756. Current nu:0.18500527786645163
Optimizing nu
Mstep runtime (s): 0.43318891525268555
Finished EM iter: 4. Current nllh: 10664.863709656103
Starting EM iter: 5
Estep
Estep runtime (s): 0.22422409057617188
Mstep
Optimizing phi
Optimizing branch lengths. Current phi: 0.017624398091370366. Current nu:0.22461731624836945
Optimizing nu
Mstep runtime (s): 0.46505069732666016
Finished EM iter: 5. Current nllh: 10632.590257373693
Starting EM iter: 6
Estep
Estep runtime (s): 0.22543001174926758
Mstep
Optimizing phi
Optimizing branch lengths. Current phi: 0.012750251578286. Current nu:0.2532501338783696
Optimizing nu
Mstep runtime (s): 0.4642801284790039
Finished EM iter: 6. Current nllh: 10615.615516644626
Starting EM iter: 7
Estep
Estep runtime (s): 0.2170400619506836
Mstep
Optimizing phi
Optimizing branch lengths. Current phi: 0.009472994957956627. Current nu:0.27308555516316263
Optimizing nu
Mstep runtime (s): 0.4768509864807129
Finished EM iter: 7. Current nllh: 10604.436554408747
Starting EM iter: 8
Estep
Estep runtime (s): 0.22427582740783691
Mstep
Optimizing phi
Optimizing branch lengths. Current phi: 0.007016756292758051. Current nu:0.28721534327433096
Optimizing nu
Mstep runtime (s): 0.436877965927124
Finished EM iter: 8. Current nllh: 10595.646402464448
Starting EM iter: 9
Estep
Estep runtime (s): 0.22437620162963867
Mstep
Optimizing phi
Optimizing branch lengths. Current phi: 0.00506111268958177. Current nu:0.2978910347819233
Optimizing nu
Mstep runtime (s): 0.44098806381225586
Finished EM iter: 9. Current nllh: 10588.755162678928
Starting EM iter: 10
Estep
Estep runtime (s): 0.22320008277893066
Mstep
Optimizing phi
Optimizing branch lengths. Current phi: 0.003532036550606915. Current nu:0.30633949032003926
Optimizing nu
Mstep runtime (s): 0.44088006019592285
Finished EM iter: 10. Current nllh: 10583.716258344164
Starting EM iter: 11
Estep
Estep runtime (s): 0.2226269245147705
Mstep
Optimizing phi
Optimizing branch lengths. Current phi: 0.0024025748062691346. Current nu:0.31303167388204245
Optimizing nu
Mstep runtime (s): 0.4437129497528076
Finished EM iter: 11. Current nllh: 10580.251496735562
Starting EM iter: 12
Estep
Estep runtime (s): 0.2244408130645752
Mstep
Optimizing phi
Optimizing branch lengths. Current phi: 0.0016100735280906225. Current nu:0.3181446280358093
Optimizing nu
Mstep runtime (s): 0.5126090049743652
Finished EM iter: 12. Current nllh: 10577.929524471077
Starting EM iter: 13
Estep
Estep runtime (s): 0.22278213500976562
Mstep
Optimizing phi
Optimizing branch lengths. Current phi: 0.0010702607500889048. Current nu:0.32188039206746144
Optimizing nu
Mstep runtime (s): 0.4399392604827881
Finished EM iter: 13. Current nllh: 10576.382811695243
Starting EM iter: 14
Estep
Estep runtime (s): 0.2225360870361328
Mstep
Optimizing phi
Optimizing branch lengths. Current phi: 0.0007081341520781236. Current nu:0.3245173077794644
Optimizing nu
Mstep runtime (s): 0.450178861618042
Finished EM iter: 14. Current nllh: 10575.356949246194
Starting EM iter: 15
Estep
Estep runtime (s): 0.2245476245880127
Mstep
Optimizing phi
Optimizing branch lengths. Current phi: 0.0004672226621255104. Current nu:0.32633460101452805
Optimizing nu
Mstep runtime (s): 0.4578559398651123
Finished EM iter: 15. Current nllh: 10574.678908343838
Starting EM iter: 16
Estep
Estep runtime (s): 0.2239530086517334
Mstep
Optimizing phi
Optimizing branch lengths. Current phi: 0.0003077309269816263. Current nu:0.32756805271577155
Optimizing nu
Mstep runtime (s): 0.4437127113342285
Finished EM iter: 16. Current nllh: 10574.231850901608
Starting EM iter: 17
Estep
Estep runtime (s): 0.2255260944366455
Mstep
Optimizing phi
Optimizing branch lengths. Current phi: 0.00020245708303921175. Current nu:0.3283960362474165
Optimizing nu
Mstep runtime (s): 0.4395909309387207
Finished EM iter: 17. Current nllh: 10573.937515194153
Starting EM iter: 18
Estep
Estep runtime (s): 0.22401094436645508
Mstep
Optimizing phi
Optimizing branch lengths. Current phi: 0.00013310066481669563. Current nu:0.32894887520855626
Optimizing nu
Mstep runtime (s): 0.4333178997039795
Finished EM iter: 18. Current nllh: 10573.743898980862
Starting EM iter: 19
Estep
Estep runtime (s): 0.2249300479888916
Mstep
Optimizing phi
Optimizing branch lengths. Current phi: 0. Current nu:0.32931630650030413
Optimizing nu
Mstep runtime (s): 0.4365119934082031
Finished EM iter: 19. Current nllh: 10573.389275732296
Starting EM iter: 20
Estep
Estep runtime (s): 0.22579216957092285
Mstep
Optimizing phi
Optimizing branch lengths. Current phi: 0. Current nu:0.3295601404022625
Optimizing nu
Mstep runtime (s): 0.4082179069519043
Finished EM iter: 20. Current nllh: 10573.38384497898
Starting EM iter: 21
Estep
Estep runtime (s): 0.22443222999572754
Mstep
Optimizing phi
Optimizing branch lengths. Current phi: 0. Current nu:0.32985899416804626
Optimizing nu
Mstep runtime (s): 0.4051017761230469
Finished EM iter: 21. Current nllh: 10573.377078847016
Starting EM iter: 22
Estep
Estep runtime (s): 0.2243518829345703
Mstep
Optimizing phi
Optimizing branch lengths. Current phi: 0. Current nu:0.32996800495182954
Optimizing nu
Mstep runtime (s): 0.48126721382141113
Finished EM iter: 22. Current nllh: 10573.374467701015
Starting EM iter: 23
Estep
Estep runtime (s): 0.22300291061401367
Mstep
Optimizing phi
Optimizing branch lengths. Current phi: 0. Current nu:0.3300064242218679
Optimizing nu
Mstep runtime (s): 0.5028591156005859
Finished EM iter: 23. Current nllh: 10573.37348442033
Starting EM iter: 24
Estep
Estep runtime (s): 0.21751689910888672
Mstep
Optimizing phi
Optimizing branch lengths. Current phi: 0. Current nu:0.3300203505513045
Optimizing nu
Mstep runtime (s): 0.41683006286621094
Finished EM iter: 24. Current nllh: 10573.373189912312
Starting EM iter: 25
Estep
Estep runtime (s): 0.21874570846557617
Mstep
Optimizing phi
Optimizing branch lengths. Current phi: 0. Current nu:0.33002876615069426
Optimizing nu
Mstep runtime (s): 0.4159119129180908
Finished EM iter: 25. Current nllh: 10573.37295956177
Starting EM iter: 26
Estep
Estep runtime (s): 0.22480273246765137
Mstep
Optimizing phi
Optimizing branch lengths. Current phi: 0. Current nu:0.33003255467651427
Optimizing nu
Mstep runtime (s): 0.49770307540893555
Finished EM iter: 26. Current nllh: 10573.372861586775
EM finished after 26 iterations.
Optimal phi: 0. Optimal nu: 0.330034306869665. Optimal nllh: 10573.372861586775
Optimal point found for initial point 1
Numerical optimization finished successfully
Tree height pre-scaling: 0.6825953133675746, input timescale: 1.0
Tree height after scaling: 1.0, mutation rate: 0.6825953133675746
Tree height pre-scaling: 0.6825953133943518, input timescale: 1.0
Tree height after scaling: 1.0, mutation rate: 0.6825953133943518
Tree height pre-scaling: 0.6825953133612461, input timescale: 1.0
Tree height after scaling: 1.0, mutation rate: 0.6825953133612461
Tree height pre-scaling: 0.6825953133849895, input timescale: 1.0
Tree height after scaling: 1.0, mutation rate: 0.6825953133849895
Tree height pre-scaling: 0.682595313367167, input timescale: 1.0
Tree height after scaling: 1.0, mutation rate: 0.682595313367167
Tree height pre-scaling: 0.6825953133788707, input timescale: 1.0
Tree height after scaling: 1.0000000000000002, mutation rate: 0.6825953133788707
Tree height pre-scaling: 0.6825953133612828, input timescale: 1.0
Tree height after scaling: 1.0, mutation rate: 0.6825953133612828
Tree height pre-scaling: 0.6825953133723667, input timescale: 1.0
Tree height after scaling: 1.0, mutation rate: 0.6825953133723667
Tree height pre-scaling: 0.6825953133864044, input timescale: 1.0
Tree height after scaling: 0.9999999999999999, mutation rate: 0.6825953133864044
Tree height pre-scaling: 0.6825953133989249, input timescale: 1.0
Tree height after scaling: 1.0, mutation rate: 0.6825953133989249
Tree height pre-scaling: 0.682595313384167, input timescale: 1.0
Tree height after scaling: 1.0, mutation rate: 0.682595313384167
Tree height pre-scaling: 0.6825953133964634, input timescale: 1.0
Tree height after scaling: 1.0, mutation rate: 0.6825953133964634
Tree height pre-scaling: 0.682595313370967, input timescale: 1.0
Tree height after scaling: 1.0000000000000002, mutation rate: 0.682595313370967
Tree height pre-scaling: 0.6825953133905025, input timescale: 1.0
Tree height after scaling: 1.0, mutation rate: 0.6825953133905025
Tree height pre-scaling: 0.6825953133824437, input timescale: 1.0
Tree height after scaling: 1.0, mutation rate: 0.6825953133824437
Tree height pre-scaling: 0.6825953133510646, input timescale: 1.0
Tree height after scaling: 1.0, mutation rate: 0.6825953133510646
Tree height pre-scaling: 0.6825953133508127, input timescale: 1.0
Tree height after scaling: 1.0, mutation rate: 0.6825953133508127
Runtime (s): 19.643630375
