Launching LAML version 0.0.4
LAML was called as follows: /Users/uym2/my_gits/LAML/run_laml.py -c ../../evaluation/Bar23/Bar23_character_matrix.txt -t place_outlier1/augmented_tree_437.nwk -o place_outlier1/augmented_tree_437_optimized -v -p ../../evaluation/Bar23/Bar23_priors.pickle --delimiter tab -m -1 --nInitials 1
Prior keys mismatch with site names.
Prior keys: [0, 1, 2, 3, 4, 5, 6, 7, 8, 9, 10, 11, 12, 13, 14, 15, 16, 17, 18, 19, 20, 21, 22, 23, 24, 25, 26, 27, 28]
Site names: ['r1', 'r2', 'r3', 'r4', 'r5', 'r6', 'r7', 'r8', 'r9', 'r10', 'r11', 'r12', 'r13', 'r14', 'r15', 'r16', 'r17', 'r18', 'r19', 'r20', 'r21', 'r22', 'r23', 'r24', 'r25', 'r26', 'r27', 'r28', 'r29', 'r30']
Attempting to infer mapping between site names and prior keys...
Not all site names are present in the dictionary. Trying offset...
Offset between input site names and prior keys is assumed to be 1
Missing priors at site r30, filling in uniform priors...
{'r1': 0, 'r2': 1, 'r3': 2, 'r4': 3, 'r5': 4, 'r6': 5, 'r7': 6, 'r8': 7, 'r9': 8, 'r10': 9, 'r11': 10, 'r12': 11, 'r13': 12, 'r14': 13, 'r15': 14, 'r16': 15, 'r17': 16, 'r18': 17, 'r19': 18, 'r20': 19, 'r21': 20, 'r22': 21, 'r23': 22, 'r24': 23, 'r25': 24, 'r26': 25, 'r27': 26, 'r28': 27, 'r29': 28, 'r30': 29}
Optimizing branch lengths, phi, and nu without topology search
Optimization by EM algorithm
Optimization start with 1 initials
Initial point 1. Random seed: 4138
Numerical optimization started with ultrametric constraint (default)
Initial phi: 0.2808969064369609. Initial nu: 0.625566745681594. Initial nllh: 15532.853968873116
Starting EM iter: 1
Estep
Estep runtime (s): 0.16579198837280273
Mstep
Optimizing phi
Optimizing branch lengths. Current phi: 0.0557473729695126. Current nu:0.625566745681594
Optimizing nu
Mstep runtime (s): 0.4329700469970703
Finished EM iter: 1. Current nllh: 11035.705917101519
Starting EM iter: 2
Estep
Estep runtime (s): 0.22226190567016602
Mstep
Optimizing phi
Optimizing branch lengths. Current phi: 0.02898905656416803. Current nu:0.31503888616600517
Optimizing nu
Mstep runtime (s): 0.4739358425140381
Finished EM iter: 2. Current nllh: 10787.607513678991
Starting EM iter: 3
Estep
Estep runtime (s): 0.21818089485168457
Mstep
Optimizing phi
Optimizing branch lengths. Current phi: 0.01867431165123545. Current nu:0.2573975874298826
Optimizing nu
Mstep runtime (s): 0.5506012439727783
Finished EM iter: 3. Current nllh: 10738.173696403546
Starting EM iter: 4
Estep
Estep runtime (s): 0.21852493286132812
Mstep
Optimizing phi
Optimizing branch lengths. Current phi: 0.01288112833925325. Current nu:0.26145134786588226
Optimizing nu
Mstep runtime (s): 0.5161950588226318
Finished EM iter: 4. Current nllh: 10718.523306138548
Starting EM iter: 5
Estep
Estep runtime (s): 0.21871304512023926
Mstep
Optimizing phi
Optimizing branch lengths. Current phi: 0.00915295752460217. Current nu:0.2756715852670148
Optimizing nu
Mstep runtime (s): 0.49805164337158203
Finished EM iter: 5. Current nllh: 10706.41093972202
Starting EM iter: 6
Estep
Estep runtime (s): 0.22908782958984375
Mstep
Optimizing phi
Optimizing branch lengths. Current phi: 0.006518324017855338. Current nu:0.28902749954964535
Optimizing nu
Mstep runtime (s): 0.41768908500671387
Finished EM iter: 6. Current nllh: 10697.605335035707
Starting EM iter: 7
Estep
Estep runtime (s): 0.21815800666809082
Mstep
Optimizing phi
Optimizing branch lengths. Current phi: 0.004557434026447629. Current nu:0.299850194575523
Optimizing nu
Mstep runtime (s): 0.4774322509765625
Finished EM iter: 7. Current nllh: 10691.043971456322
Starting EM iter: 8
Estep
Estep runtime (s): 0.22468805313110352
Mstep
Optimizing phi
Optimizing branch lengths. Current phi: 0.0031095813833852326. Current nu:0.30833759923801973
Optimizing nu
Mstep runtime (s): 0.43189215660095215
Finished EM iter: 8. Current nllh: 10686.445108492606
Starting EM iter: 9
Estep
Estep runtime (s): 0.22325706481933594
Mstep
Optimizing phi
Optimizing branch lengths. Current phi: 0.002084283774460368. Current nu:0.31481975107737753
Optimizing nu
Mstep runtime (s): 0.46697020530700684
Finished EM iter: 9. Current nllh: 10683.339674902429
Starting EM iter: 10
Estep
Estep runtime (s): 0.21931791305541992
Mstep
Optimizing phi
Optimizing branch lengths. Current phi: 0.0013823470733749569. Current nu:0.3195879121978812
Optimizing nu
Mstep runtime (s): 0.48527073860168457
Finished EM iter: 10. Current nllh: 10681.271770759615
Starting EM iter: 11
Estep
Estep runtime (s): 0.22162199020385742
Mstep
Optimizing phi
Optimizing branch lengths. Current phi: 0.0009111014072423274. Current nu:0.32297065090175575
Optimizing nu
Mstep runtime (s): 0.5388197898864746
Finished EM iter: 11. Current nllh: 10679.904973622271
Starting EM iter: 12
Estep
Estep runtime (s): 0.22903919219970703
Mstep
Optimizing phi
Optimizing branch lengths. Current phi: 0.000598223156933303. Current nu:0.325310470806034
Optimizing nu
Mstep runtime (s): 0.41654109954833984
Finished EM iter: 12. Current nllh: 10679.005613099795
Starting EM iter: 13
Estep
Estep runtime (s): 0.22009491920471191
Mstep
Optimizing phi
Optimizing branch lengths. Current phi: 0.00039185641134798746. Current nu:0.32689944588110315
Optimizing nu
Mstep runtime (s): 0.45281505584716797
Finished EM iter: 13. Current nllh: 10678.415564297466
Starting EM iter: 14
Estep
Estep runtime (s): 0.22033309936523438
Mstep
Optimizing phi
Optimizing branch lengths. Current phi: 0.00025629191575680406. Current nu:0.32796466725966295
Optimizing nu
Mstep runtime (s): 0.4795370101928711
Finished EM iter: 14. Current nllh: 10678.029692190918
Starting EM iter: 15
Estep
Estep runtime (s): 0.21915483474731445
Mstep
Optimizing phi
Optimizing branch lengths. Current phi: 0.00016746385939018683. Current nu:0.32867574459719084
Optimizing nu
Mstep runtime (s): 0.46978306770324707
Finished EM iter: 15. Current nllh: 10677.777228661147
Starting EM iter: 16
Estep
Estep runtime (s): 0.22242498397827148
Mstep
Optimizing phi
Optimizing branch lengths. Current phi: 0.00010935406703714661. Current nu:0.3291457606738497
Optimizing nu
Mstep runtime (s): 0.4544529914855957
Finished EM iter: 16. Current nllh: 10677.612337249113
Starting EM iter: 17
Estep
Estep runtime (s): 0.22966575622558594
Mstep
Optimizing phi
Optimizing branch lengths. Current phi: 0. Current nu:0.32945491415473827
Optimizing nu
Mstep runtime (s): 0.42761993408203125
Finished EM iter: 17. Current nllh: 10677.31670979098
Starting EM iter: 18
Estep
Estep runtime (s): 0.22855091094970703
Mstep
Optimizing phi
Optimizing branch lengths. Current phi: 0. Current nu:0.3296590717852013
Optimizing nu
Mstep runtime (s): 0.419234037399292
Finished EM iter: 18. Current nllh: 10677.311558413585
Starting EM iter: 19
Estep
Estep runtime (s): 0.21935296058654785
Mstep
Optimizing phi
Optimizing branch lengths. Current phi: 0. Current nu:0.329904534785494
Optimizing nu
Mstep runtime (s): 0.4704160690307617
Finished EM iter: 19. Current nllh: 10677.305677606677
Starting EM iter: 20
Estep
Estep runtime (s): 0.2189640998840332
Mstep
Optimizing phi
Optimizing branch lengths. Current phi: 0. Current nu:0.32999193472282057
Optimizing nu
Mstep runtime (s): 0.59185791015625
Finished EM iter: 20. Current nllh: 10677.3036153475
Starting EM iter: 21
Estep
Estep runtime (s): 0.21782183647155762
Mstep
Optimizing phi
Optimizing branch lengths. Current phi: 0. Current nu:0.3300245698590761
Optimizing nu
Mstep runtime (s): 0.5178213119506836
Finished EM iter: 21. Current nllh: 10677.302809277066
Starting EM iter: 22
Estep
Estep runtime (s): 0.22360992431640625
Mstep
Optimizing phi
Optimizing branch lengths. Current phi: 0. Current nu:0.3300375621581905
Optimizing nu
Mstep runtime (s): 0.5249888896942139
Finished EM iter: 22. Current nllh: 10677.302543155049
Starting EM iter: 23
Estep
Estep runtime (s): 0.22976207733154297
Mstep
Optimizing phi
Optimizing branch lengths. Current phi: 0. Current nu:0.3300449425825638
Optimizing nu
Mstep runtime (s): 0.4748868942260742
Finished EM iter: 23. Current nllh: 10677.302329004977
Starting EM iter: 24
Estep
Estep runtime (s): 0.22595691680908203
Mstep
Optimizing phi
Optimizing branch lengths. Current phi: 0. Current nu:0.3300484220491278
Optimizing nu
Mstep runtime (s): 0.4822988510131836
Finished EM iter: 24. Current nllh: 10677.302243433489
EM finished after 24 iterations.
Optimal phi: 0. Optimal nu: 0.33004987599501473. Optimal nllh: 10677.302243433489
Optimal point found for initial point 1
Numerical optimization finished successfully
Tree height pre-scaling: 0.6825843175702355, input timescale: 1.0
Tree height after scaling: 1.0, mutation rate: 0.6825843175702355
Tree height pre-scaling: 0.6825843176467447, input timescale: 1.0
Tree height after scaling: 1.0, mutation rate: 0.6825843176467447
Tree height pre-scaling: 0.6825843175498192, input timescale: 1.0
Tree height after scaling: 1.0, mutation rate: 0.6825843175498192
Tree height pre-scaling: 0.6825843176275772, input timescale: 1.0
Tree height after scaling: 0.9999999999999999, mutation rate: 0.6825843176275772
Tree height pre-scaling: 0.6825843175691926, input timescale: 1.0
Tree height after scaling: 1.0, mutation rate: 0.6825843175691926
Tree height pre-scaling: 0.6825843176065369, input timescale: 1.0
Tree height after scaling: 1.0, mutation rate: 0.6825843176065369
Tree height pre-scaling: 0.6825843175535147, input timescale: 1.0
Tree height after scaling: 1.0, mutation rate: 0.6825843175535147
Tree height pre-scaling: 0.682584317585216, input timescale: 1.0
Tree height after scaling: 0.9999999999999999, mutation rate: 0.682584317585216
Tree height pre-scaling: 0.6825843176273281, input timescale: 1.0
Tree height after scaling: 0.9999999999999999, mutation rate: 0.6825843176273281
Tree height pre-scaling: 0.6825843176630828, input timescale: 1.0
Tree height after scaling: 1.0, mutation rate: 0.6825843176630828
Tree height pre-scaling: 0.6825843176177311, input timescale: 1.0
Tree height after scaling: 1.0000000000000002, mutation rate: 0.6825843176177311
Tree height pre-scaling: 0.6825843176561762, input timescale: 1.0
Tree height after scaling: 0.9999999999999999, mutation rate: 0.6825843176561762
Tree height pre-scaling: 0.6825843175780231, input timescale: 1.0
Tree height after scaling: 1.0, mutation rate: 0.6825843175780231
Tree height pre-scaling: 0.6825843176375118, input timescale: 1.0
Tree height after scaling: 1.0, mutation rate: 0.6825843176375118
Tree height pre-scaling: 0.6825843176194165, input timescale: 1.0
Tree height after scaling: 1.0, mutation rate: 0.6825843176194165
Tree height pre-scaling: 0.6825843175205327, input timescale: 1.0
Tree height after scaling: 0.9999999999999999, mutation rate: 0.6825843175205327
Tree height pre-scaling: 0.682584317522774, input timescale: 1.0
Tree height after scaling: 1.0, mutation rate: 0.682584317522774
Runtime (s): 18.639319959
