Launching LAML version 0.0.4
LAML was called as follows: /Users/uym2/my_gits/LAML/run_laml.py -c ../../evaluation/Bar23/Bar23_character_matrix.txt -t place_outlier1/augmented_tree_163.nwk -o place_outlier1/augmented_tree_163_optimized -v -p ../../evaluation/Bar23/Bar23_priors.pickle --delimiter tab -m -1 --nInitials 1
Prior keys mismatch with site names.
Prior keys: [0, 1, 2, 3, 4, 5, 6, 7, 8, 9, 10, 11, 12, 13, 14, 15, 16, 17, 18, 19, 20, 21, 22, 23, 24, 25, 26, 27, 28]
Site names: ['r1', 'r2', 'r3', 'r4', 'r5', 'r6', 'r7', 'r8', 'r9', 'r10', 'r11', 'r12', 'r13', 'r14', 'r15', 'r16', 'r17', 'r18', 'r19', 'r20', 'r21', 'r22', 'r23', 'r24', 'r25', 'r26', 'r27', 'r28', 'r29', 'r30']
Attempting to infer mapping between site names and prior keys...
Not all site names are present in the dictionary. Trying offset...
Offset between input site names and prior keys is assumed to be 1
Missing priors at site r30, filling in uniform priors...
{'r1': 0, 'r2': 1, 'r3': 2, 'r4': 3, 'r5': 4, 'r6': 5, 'r7': 6, 'r8': 7, 'r9': 8, 'r10': 9, 'r11': 10, 'r12': 11, 'r13': 12, 'r14': 13, 'r15': 14, 'r16': 15, 'r17': 16, 'r18': 17, 'r19': 18, 'r20': 19, 'r21': 20, 'r22': 21, 'r23': 22, 'r24': 23, 'r25': 24, 'r26': 25, 'r27': 26, 'r28': 27, 'r29': 28, 'r30': 29}
Optimizing branch lengths, phi, and nu without topology search
Optimization by EM algorithm
Optimization start with 1 initials
Initial point 1. Random seed: 8900
Numerical optimization started with ultrametric constraint (default)
Initial phi: 0.31258758994066715. Initial nu: 0.7964134551772285. Initial nllh: 16028.715563668398
Starting EM iter: 1
Estep
Estep runtime (s): 0.16839909553527832
Mstep
Optimizing phi
Optimizing branch lengths. Current phi: 0.06183670004817577. Current nu:0.7964134551772285
Optimizing nu
Mstep runtime (s): 0.4260890483856201
Finished EM iter: 1. Current nllh: 10940.610025390217
Starting EM iter: 2
Estep
Estep runtime (s): 0.2275388240814209
Mstep
Optimizing phi
Optimizing branch lengths. Current phi: 0.031272557648202165. Current nu:0.3417777431052286
Optimizing nu
Mstep runtime (s): 0.5542881488800049
Finished EM iter: 2. Current nllh: 10586.966642085174
Starting EM iter: 3
Estep
Estep runtime (s): 0.22907066345214844
Mstep
Optimizing phi
Optimizing branch lengths. Current phi: 0.020468929872049957. Current nu:0.24703650520183112
Optimizing nu
Mstep runtime (s): 0.532616138458252
Finished EM iter: 3. Current nllh: 10527.418071447379
Starting EM iter: 4
Estep
Estep runtime (s): 0.22729229927062988
Mstep
Optimizing phi
Optimizing branch lengths. Current phi: 0.014346154108942426. Current nu:0.24334124747234773
Optimizing nu
Mstep runtime (s): 0.500032901763916
Finished EM iter: 4. Current nllh: 10507.06381566017
Starting EM iter: 5
Estep
Estep runtime (s): 0.2249758243560791
Mstep
Optimizing phi
Optimizing branch lengths. Current phi: 0.010400317917297463. Current nu:0.2563740274971044
Optimizing nu
Mstep runtime (s): 0.4960930347442627
Finished EM iter: 5. Current nllh: 10494.940919473205
Starting EM iter: 6
Estep
Estep runtime (s): 0.23001503944396973
Mstep
Optimizing phi
Optimizing branch lengths. Current phi: 0.007611949656869518. Current nu:0.2699423309113227
Optimizing nu
Mstep runtime (s): 0.5545287132263184
Finished EM iter: 6. Current nllh: 10486.177517235634
Starting EM iter: 7
Estep
Estep runtime (s): 0.22594594955444336
Mstep
Optimizing phi
Optimizing branch lengths. Current phi: 0.005505830637997948. Current nu:0.28118044731622094
Optimizing nu
Mstep runtime (s): 0.4440789222717285
Finished EM iter: 7. Current nllh: 10479.376773577247
Starting EM iter: 8
Estep
Estep runtime (s): 0.22757601737976074
Mstep
Optimizing phi
Optimizing branch lengths. Current phi: 0.003888381579836325. Current nu:0.2901362853457277
Optimizing nu
Mstep runtime (s): 0.416201114654541
Finished EM iter: 8. Current nllh: 10474.34167565381
Starting EM iter: 9
Estep
Estep runtime (s): 0.2322380542755127
Mstep
Optimizing phi
Optimizing branch lengths. Current phi: 0.0026884380686965186. Current nu:0.2971815673316678
Optimizing nu
Mstep runtime (s): 0.4233369827270508
Finished EM iter: 9. Current nllh: 10470.824197138243
Starting EM iter: 10
Estep
Estep runtime (s): 0.22510099411010742
Mstep
Optimizing phi
Optimizing branch lengths. Current phi: 0.0018337923702625818. Current nu:0.30256219402203893
Optimizing nu
Mstep runtime (s): 0.5831160545349121
Finished EM iter: 10. Current nllh: 10468.417421038419
Starting EM iter: 11
Estep
Estep runtime (s): 0.22291207313537598
Mstep
Optimizing phi
Optimizing branch lengths. Current phi: 0.001240809143298704. Current nu:0.3065238895527163
Optimizing nu
Mstep runtime (s): 0.4535863399505615
Finished EM iter: 11. Current nllh: 10466.786651783372
Starting EM iter: 12
Estep
Estep runtime (s): 0.22338104248046875
Mstep
Optimizing phi
Optimizing branch lengths. Current phi: 0.0008354769575138369. Current nu:0.3093555242127153
Optimizing nu
Mstep runtime (s): 0.4985928535461426
Finished EM iter: 12. Current nllh: 10465.68665594649
Starting EM iter: 13
Estep
Estep runtime (s): 0.22346210479736328
Mstep
Optimizing phi
Optimizing branch lengths. Current phi: 0.000560830871409547. Current nu:0.3113371280958923
Optimizing nu
Mstep runtime (s): 0.41806602478027344
Finished EM iter: 13. Current nllh: 10464.948397293847
Starting EM iter: 14
Estep
Estep runtime (s): 0.22203803062438965
Mstep
Optimizing phi
Optimizing branch lengths. Current phi: 0.0003757296015961683. Current nu:0.3127036204717758
Optimizing nu
Mstep runtime (s): 0.42499732971191406
Finished EM iter: 14. Current nllh: 10464.453272730552
Starting EM iter: 15
Estep
Estep runtime (s): 0.22279024124145508
Mstep
Optimizing phi
Optimizing branch lengths. Current phi: 0.00025139942181230657. Current nu:0.31363681232973684
Optimizing nu
Mstep runtime (s): 0.5073769092559814
Finished EM iter: 15. Current nllh: 10464.121856661091
Starting EM iter: 16
Estep
Estep runtime (s): 0.22362804412841797
Mstep
Optimizing phi
Optimizing branch lengths. Current phi: 0.00016806947686946955. Current nu:0.31427017486715847
Optimizing nu
Mstep runtime (s): 0.4208180904388428
Finished EM iter: 16. Current nllh: 10463.900216897384
Starting EM iter: 17
Estep
Estep runtime (s): 0.22242522239685059
Mstep
Optimizing phi
Optimizing branch lengths. Current phi: 0.00011229823165472358. Current nu:0.31469792585572676
Optimizing nu
Mstep runtime (s): 0.469785213470459
Finished EM iter: 17. Current nllh: 10463.752064539314
Starting EM iter: 18
Estep
Estep runtime (s): 0.22538995742797852
Mstep
Optimizing phi
Optimizing branch lengths. Current phi: 0. Current nu:0.3149862361591581
Optimizing nu
Mstep runtime (s): 0.43613100051879883
Finished EM iter: 18. Current nllh: 10463.464275711622
Starting EM iter: 19
Estep
Estep runtime (s): 0.22724413871765137
Mstep
Optimizing phi
Optimizing branch lengths. Current phi: 0. Current nu:0.31517931583839437
Optimizing nu
Mstep runtime (s): 0.4898679256439209
Finished EM iter: 19. Current nllh: 10463.461556172755
Starting EM iter: 20
Estep
Estep runtime (s): 0.2259657382965088
Mstep
Optimizing phi
Optimizing branch lengths. Current phi: 0. Current nu:0.31543206187290346
Optimizing nu
Mstep runtime (s): 0.46916985511779785
Finished EM iter: 20. Current nllh: 10463.456240644082
Starting EM iter: 21
Estep
Estep runtime (s): 0.22154498100280762
Mstep
Optimizing phi
Optimizing branch lengths. Current phi: 0. Current nu:0.31552355291003226
Optimizing nu
Mstep runtime (s): 0.45180487632751465
Finished EM iter: 21. Current nllh: 10463.455071913337
Starting EM iter: 22
Estep
Estep runtime (s): 0.22164201736450195
Mstep
Optimizing phi
Optimizing branch lengths. Current phi: 0. Current nu:0.3155551617205736
Optimizing nu
Mstep runtime (s): 0.40909290313720703
Finished EM iter: 22. Current nllh: 10463.454367076582
Starting EM iter: 23
Estep
Estep runtime (s): 0.2214348316192627
Mstep
Optimizing phi
Optimizing branch lengths. Current phi: 0. Current nu:0.3155670075707025
Optimizing nu
Mstep runtime (s): 0.5297749042510986
Finished EM iter: 23. Current nllh: 10463.45405225863
Starting EM iter: 24
Estep
Estep runtime (s): 0.2355022430419922
Mstep
Optimizing phi
Optimizing branch lengths. Current phi: 0. Current nu:0.3155717647204705
Optimizing nu
Mstep runtime (s): 0.6363170146942139
Finished EM iter: 24. Current nllh: 10463.45337195509
Starting EM iter: 25
Estep
Estep runtime (s): 0.22598791122436523
Mstep
Optimizing phi
Optimizing branch lengths. Current phi: 0. Current nu:0.3155745017457883
Optimizing nu
Mstep runtime (s): 0.5753219127655029
Finished EM iter: 25. Current nllh: 10463.453124633148
Starting EM iter: 26
Estep
Estep runtime (s): 0.22578024864196777
Mstep
Optimizing phi
Optimizing branch lengths. Current phi: 0. Current nu:0.31557680158949064
Optimizing nu
Mstep runtime (s): 0.562432050704956
Finished EM iter: 26. Current nllh: 10463.453546555778
Starting EM iter: 27
Estep
Estep runtime (s): 0.22801923751831055
Mstep
Optimizing phi
Optimizing branch lengths. Current phi: 0. Current nu:0.31557646545430096
Optimizing nu
Mstep runtime (s): 0.4478797912597656
Finished EM iter: 27. Current nllh: 10463.453583018374
EM finished after 27 iterations.
Optimal phi: 0. Optimal nu: 0.31557705204895076. Optimal nllh: 10463.453583018374
Optimal point found for initial point 1
Numerical optimization finished successfully
Tree height pre-scaling: 0.706267500298189, input timescale: 1.0
Tree height after scaling: 1.0, mutation rate: 0.706267500298189
Tree height pre-scaling: 0.7062675003905382, input timescale: 1.0
Tree height after scaling: 1.0, mutation rate: 0.7062675003905382
Tree height pre-scaling: 0.706267500271223, input timescale: 1.0
Tree height after scaling: 0.9999999999999999, mutation rate: 0.706267500271223
Tree height pre-scaling: 0.7062675002530334, input timescale: 1.0
Tree height after scaling: 1.0000000000000002, mutation rate: 0.7062675002530334
Tree height pre-scaling: 0.7062675002321177, input timescale: 1.0
Tree height after scaling: 1.0000000000000002, mutation rate: 0.7062675002321177
Tree height pre-scaling: 0.7062675003277743, input timescale: 1.0
Tree height after scaling: 1.0, mutation rate: 0.7062675003277743
Tree height pre-scaling: 0.7062675003913605, input timescale: 1.0
Tree height after scaling: 1.0, mutation rate: 0.7062675003913605
Tree height pre-scaling: 0.7062675003294279, input timescale: 1.0
Tree height after scaling: 1.0, mutation rate: 0.7062675003294279
Tree height pre-scaling: 0.7062675003723582, input timescale: 1.0
Tree height after scaling: 1.0, mutation rate: 0.7062675003723582
Tree height pre-scaling: 0.7062675002917942, input timescale: 1.0
Tree height after scaling: 0.9999999999999998, mutation rate: 0.7062675002917942
Tree height pre-scaling: 0.7062675004488586, input timescale: 1.0
Tree height after scaling: 1.0, mutation rate: 0.7062675004488586
Tree height pre-scaling: 0.7062675003417012, input timescale: 1.0
Tree height after scaling: 0.9999999999999999, mutation rate: 0.7062675003417012
Tree height pre-scaling: 0.7062675003093926, input timescale: 1.0
Tree height after scaling: 1.0, mutation rate: 0.7062675003093926
Tree height pre-scaling: 0.7062675003479393, input timescale: 1.0
Tree height after scaling: 1.0, mutation rate: 0.7062675003479393
Tree height pre-scaling: 0.7062675002887375, input timescale: 1.0
Tree height after scaling: 0.9999999999999999, mutation rate: 0.7062675002887375
Tree height pre-scaling: 0.7062675003291983, input timescale: 1.0
Tree height after scaling: 1.0, mutation rate: 0.7062675003291983
Tree height pre-scaling: 0.706267500489288, input timescale: 1.0
Tree height after scaling: 1.0, mutation rate: 0.706267500489288
Runtime (s): 21.253619875
