Launching LAML version 0.0.4
LAML was called as follows: /Users/uym2/my_gits/LAML/run_laml.py -c ../../evaluation/Bar23/Bar23_character_matrix.txt -t place_outlier1/augmented_tree_439.nwk -o place_outlier1/augmented_tree_439_optimized -v -p ../../evaluation/Bar23/Bar23_priors.pickle --delimiter tab -m -1 --nInitials 1
Prior keys mismatch with site names.
Prior keys: [0, 1, 2, 3, 4, 5, 6, 7, 8, 9, 10, 11, 12, 13, 14, 15, 16, 17, 18, 19, 20, 21, 22, 23, 24, 25, 26, 27, 28]
Site names: ['r1', 'r2', 'r3', 'r4', 'r5', 'r6', 'r7', 'r8', 'r9', 'r10', 'r11', 'r12', 'r13', 'r14', 'r15', 'r16', 'r17', 'r18', 'r19', 'r20', 'r21', 'r22', 'r23', 'r24', 'r25', 'r26', 'r27', 'r28', 'r29', 'r30']
Attempting to infer mapping between site names and prior keys...
Not all site names are present in the dictionary. Trying offset...
Offset between input site names and prior keys is assumed to be 1
Missing priors at site r30, filling in uniform priors...
{'r1': 0, 'r2': 1, 'r3': 2, 'r4': 3, 'r5': 4, 'r6': 5, 'r7': 6, 'r8': 7, 'r9': 8, 'r10': 9, 'r11': 10, 'r12': 11, 'r13': 12, 'r14': 13, 'r15': 14, 'r16': 15, 'r17': 16, 'r18': 17, 'r19': 18, 'r20': 19, 'r21': 20, 'r22': 21, 'r23': 22, 'r24': 23, 'r25': 24, 'r26': 25, 'r27': 26, 'r28': 27, 'r29': 28, 'r30': 29}
Optimizing branch lengths, phi, and nu without topology search
Optimization by EM algorithm
Optimization start with 1 initials
Initial point 1. Random seed: 7297
Numerical optimization started with ultrametric constraint (default)
Initial phi: 0.5836370195624312. Initial nu: 0.04457301579361767. Initial nllh: 17531.78861434508
Starting EM iter: 1
Estep
Estep runtime (s): 0.16351103782653809
Mstep
Optimizing phi
Optimizing branch lengths. Current phi: 0.1549343776456519. Current nu:0.04457301579361767
Optimizing nu
Mstep runtime (s): 0.5496540069580078
Finished EM iter: 1. Current nllh: 11628.175892126297
Starting EM iter: 2
Estep
Estep runtime (s): 0.2211160659790039
Mstep
Optimizing phi
Optimizing branch lengths. Current phi: 0.07750937574323413. Current nu:0.04831951152044305
Optimizing nu
Mstep runtime (s): 0.6069371700286865
Finished EM iter: 2. Current nllh: 11044.107444630754
Starting EM iter: 3
Estep
Estep runtime (s): 0.22110295295715332
Mstep
Optimizing phi
Optimizing branch lengths. Current phi: 0.04489089209476151. Current nu:0.10789163368325659
Optimizing nu
Mstep runtime (s): 0.47628307342529297
Finished EM iter: 3. Current nllh: 10828.038778188224
Starting EM iter: 4
Estep
Estep runtime (s): 0.2239089012145996
Mstep
Optimizing phi
Optimizing branch lengths. Current phi: 0.02831618740274387. Current nu:0.16883583299145544
Optimizing nu
Mstep runtime (s): 0.6224689483642578
Finished EM iter: 4. Current nllh: 10738.15750854863
Starting EM iter: 5
Estep
Estep runtime (s): 0.22140216827392578
Mstep
Optimizing phi
Optimizing branch lengths. Current phi: 0.019173746712442964. Current nu:0.21482151181295112
Optimizing nu
Mstep runtime (s): 0.542762041091919
Finished EM iter: 5. Current nllh: 10697.349296970324
Starting EM iter: 6
Estep
Estep runtime (s): 0.22083210945129395
Mstep
Optimizing phi
Optimizing branch lengths. Current phi: 0.013734958310698604. Current nu:0.2468944350896545
Optimizing nu
Mstep runtime (s): 0.555182695388794
Finished EM iter: 6. Current nllh: 10677.309528587226
Starting EM iter: 7
Estep
Estep runtime (s): 0.22235798835754395
Mstep
Optimizing phi
Optimizing branch lengths. Current phi: 0.010225371811361567. Current nu:0.2686077621054785
Optimizing nu
Mstep runtime (s): 0.5033867359161377
Finished EM iter: 7. Current nllh: 10665.213768509906
Starting EM iter: 8
Estep
Estep runtime (s): 0.22028875350952148
Mstep
Optimizing phi
Optimizing branch lengths. Current phi: 0.007669345920732864. Current nu:0.2836032103629055
Optimizing nu
Mstep runtime (s): 0.46218013763427734
Finished EM iter: 8. Current nllh: 10655.773539767728
Starting EM iter: 9
Estep
Estep runtime (s): 0.22290921211242676
Mstep
Optimizing phi
Optimizing branch lengths. Current phi: 0.005614273763127173. Current nu:0.2946837587307751
Optimizing nu
Mstep runtime (s): 0.41872692108154297
Finished EM iter: 9. Current nllh: 10648.046094038931
Starting EM iter: 10
Estep
Estep runtime (s): 0.2256312370300293
Mstep
Optimizing phi
Optimizing branch lengths. Current phi: 0.003958916939939843. Current nu:0.30347270869769594
Optimizing nu
Mstep runtime (s): 0.41611599922180176
Finished EM iter: 10. Current nllh: 10642.291672024046
Starting EM iter: 11
Estep
Estep runtime (s): 0.22220802307128906
Mstep
Optimizing phi
Optimizing branch lengths. Current phi: 0.0027050148649065647. Current nu:0.31058116219433607
Optimizing nu
Mstep runtime (s): 0.45473718643188477
Finished EM iter: 11. Current nllh: 10638.29208263299
Starting EM iter: 12
Estep
Estep runtime (s): 0.2220020294189453
Mstep
Optimizing phi
Optimizing branch lengths. Current phi: 0.0018129469093521938. Current nu:0.3161430653576114
Optimizing nu
Mstep runtime (s): 0.5345668792724609
Finished EM iter: 12. Current nllh: 10635.612452925838
Starting EM iter: 13
Estep
Estep runtime (s): 0.22415685653686523
Mstep
Optimizing phi
Optimizing branch lengths. Current phi: 0.001202559886069793. Current nu:0.3202789232454054
Optimizing nu
Mstep runtime (s): 0.4558122158050537
Finished EM iter: 13. Current nllh: 10633.833620195488
Starting EM iter: 14
Estep
Estep runtime (s): 0.23387694358825684
Mstep
Optimizing phi
Optimizing branch lengths. Current phi: 0.0007931199605212798. Current nu:0.32322848644560864
Optimizing nu
Mstep runtime (s): 0.4206221103668213
Finished EM iter: 14. Current nllh: 10632.657460293085
Starting EM iter: 15
Estep
Estep runtime (s): 0.22272610664367676
Mstep
Optimizing phi
Optimizing branch lengths. Current phi: 0.000521323122001242. Current nu:0.3252706565995865
Optimizing nu
Mstep runtime (s): 0.5694820880889893
Finished EM iter: 15. Current nllh: 10631.882926687089
Starting EM iter: 16
Estep
Estep runtime (s): 0.23121094703674316
Mstep
Optimizing phi
Optimizing branch lengths. Current phi: 0.0003419610140088369. Current nu:0.3266582864897391
Optimizing nu
Mstep runtime (s): 0.44068098068237305
Finished EM iter: 16. Current nllh: 10631.374306176838
Starting EM iter: 17
Estep
Estep runtime (s): 0.22207093238830566
Mstep
Optimizing phi
Optimizing branch lengths. Current phi: 0.00022401713858673981. Current nu:0.3275888498143139
Optimizing nu
Mstep runtime (s): 0.43621015548706055
Finished EM iter: 17. Current nllh: 10631.040867994812
Starting EM iter: 18
Estep
Estep runtime (s): 0.22122502326965332
Mstep
Optimizing phi
Optimizing branch lengths. Current phi: 0.00014663020373401905. Current nu:0.32820909131511045
Optimizing nu
Mstep runtime (s): 0.4638831615447998
Finished EM iter: 18. Current nllh: 10630.822254438268
Starting EM iter: 19
Estep
Estep runtime (s): 0.22106599807739258
Mstep
Optimizing phi
Optimizing branch lengths. Current phi: 0. Current nu:0.328619798764514
Optimizing nu
Mstep runtime (s): 0.4794900417327881
Finished EM iter: 19. Current nllh: 10630.428204265385
Starting EM iter: 20
Estep
Estep runtime (s): 0.22036314010620117
Mstep
Optimizing phi
Optimizing branch lengths. Current phi: 0. Current nu:0.32889137301236315
Optimizing nu
Mstep runtime (s): 0.4340031147003174
Finished EM iter: 20. Current nllh: 10630.42153294015
Starting EM iter: 21
Estep
Estep runtime (s): 0.22925019264221191
Mstep
Optimizing phi
Optimizing branch lengths. Current phi: 0. Current nu:0.3292210556203569
Optimizing nu
Mstep runtime (s): 0.5496187210083008
Finished EM iter: 21. Current nllh: 10630.413952315963
Starting EM iter: 22
Estep
Estep runtime (s): 0.22985291481018066
Mstep
Optimizing phi
Optimizing branch lengths. Current phi: 0. Current nu:0.32934093928476427
Optimizing nu
Mstep runtime (s): 0.49485325813293457
Finished EM iter: 22. Current nllh: 10630.41090984254
Starting EM iter: 23
Estep
Estep runtime (s): 0.22861695289611816
Mstep
Optimizing phi
Optimizing branch lengths. Current phi: 0. Current nu:0.3293853454040957
Optimizing nu
Mstep runtime (s): 0.5049598217010498
Finished EM iter: 23. Current nllh: 10630.410303794763
Starting EM iter: 24
Estep
Estep runtime (s): 0.2228870391845703
Mstep
Optimizing phi
Optimizing branch lengths. Current phi: 0. Current nu:0.3294023480653017
Optimizing nu
Mstep runtime (s): 0.4541010856628418
Finished EM iter: 24. Current nllh: 10630.409928513945
Starting EM iter: 25
Estep
Estep runtime (s): 0.22402381896972656
Mstep
Optimizing phi
Optimizing branch lengths. Current phi: 0. Current nu:0.3294086046515474
Optimizing nu
Mstep runtime (s): 0.46211719512939453
Finished EM iter: 25. Current nllh: 10630.409782839826
Starting EM iter: 26
Estep
Estep runtime (s): 0.2244396209716797
Mstep
Optimizing phi
Optimizing branch lengths. Current phi: 0. Current nu:0.32941211251317226
Optimizing nu
Mstep runtime (s): 0.4430263042449951
Finished EM iter: 26. Current nllh: 10630.409727420398
EM finished after 26 iterations.
Optimal phi: 0. Optimal nu: 0.32941368079437394. Optimal nllh: 10630.409727420398
Optimal point found for initial point 1
Numerical optimization finished successfully
Tree height pre-scaling: 0.6830145158766845, input timescale: 1.0
Tree height after scaling: 1.0, mutation rate: 0.6830145158766845
Tree height pre-scaling: 0.6830145162644652, input timescale: 1.0
Tree height after scaling: 1.0, mutation rate: 0.6830145162644652
Tree height pre-scaling: 0.6830145157773185, input timescale: 1.0
Tree height after scaling: 1.0, mutation rate: 0.6830145157773185
Tree height pre-scaling: 0.6830145161481307, input timescale: 1.0
Tree height after scaling: 0.9999999999999999, mutation rate: 0.6830145161481307
Tree height pre-scaling: 0.6830145158691702, input timescale: 1.0
Tree height after scaling: 1.0, mutation rate: 0.6830145158691702
Tree height pre-scaling: 0.683014516057083, input timescale: 1.0
Tree height after scaling: 1.0, mutation rate: 0.683014516057083
Tree height pre-scaling: 0.6830145157923857, input timescale: 1.0
Tree height after scaling: 1.0, mutation rate: 0.6830145157923857
Tree height pre-scaling: 0.6830145159469644, input timescale: 1.0
Tree height after scaling: 1.0, mutation rate: 0.6830145159469644
Tree height pre-scaling: 0.6830145161638689, input timescale: 1.0
Tree height after scaling: 1.0, mutation rate: 0.6830145161638689
Tree height pre-scaling: 0.6830145163361424, input timescale: 1.0
Tree height after scaling: 1.0, mutation rate: 0.6830145163361424
Tree height pre-scaling: 0.6830145161254176, input timescale: 1.0
Tree height after scaling: 1.0, mutation rate: 0.6830145161254176
Tree height pre-scaling: 0.6830145163094574, input timescale: 1.0
Tree height after scaling: 1.0, mutation rate: 0.6830145163094574
Tree height pre-scaling: 0.683014515921217, input timescale: 1.0
Tree height after scaling: 1.0, mutation rate: 0.683014515921217
Tree height pre-scaling: 0.6830145162259056, input timescale: 1.0
Tree height after scaling: 0.9999999999999998, mutation rate: 0.6830145162259056
Tree height pre-scaling: 0.6830145161086223, input timescale: 1.0
Tree height after scaling: 1.0, mutation rate: 0.6830145161086223
Tree height pre-scaling: 0.6830145156303125, input timescale: 1.0
Tree height after scaling: 1.0, mutation rate: 0.6830145156303125
Tree height pre-scaling: 0.6830145156354539, input timescale: 1.0
Tree height after scaling: 1.0, mutation rate: 0.6830145156354539
Runtime (s): 20.499971167
