Launching LAML version 0.0.4
LAML was called as follows: /Users/uym2/my_gits/LAML/run_laml.py -c ../../evaluation/Bar23/Bar23_character_matrix.txt -t place_outlier1/augmented_tree_480.nwk -o place_outlier1/augmented_tree_480_optimized -v -p ../../evaluation/Bar23/Bar23_priors.pickle --delimiter tab -m -1 --nInitials 1
Prior keys mismatch with site names.
Prior keys: [0, 1, 2, 3, 4, 5, 6, 7, 8, 9, 10, 11, 12, 13, 14, 15, 16, 17, 18, 19, 20, 21, 22, 23, 24, 25, 26, 27, 28]
Site names: ['r1', 'r2', 'r3', 'r4', 'r5', 'r6', 'r7', 'r8', 'r9', 'r10', 'r11', 'r12', 'r13', 'r14', 'r15', 'r16', 'r17', 'r18', 'r19', 'r20', 'r21', 'r22', 'r23', 'r24', 'r25', 'r26', 'r27', 'r28', 'r29', 'r30']
Attempting to infer mapping between site names and prior keys...
Not all site names are present in the dictionary. Trying offset...
Offset between input site names and prior keys is assumed to be 1
Missing priors at site r30, filling in uniform priors...
{'r1': 0, 'r2': 1, 'r3': 2, 'r4': 3, 'r5': 4, 'r6': 5, 'r7': 6, 'r8': 7, 'r9': 8, 'r10': 9, 'r11': 10, 'r12': 11, 'r13': 12, 'r14': 13, 'r15': 14, 'r16': 15, 'r17': 16, 'r18': 17, 'r19': 18, 'r20': 19, 'r21': 20, 'r22': 21, 'r23': 22, 'r24': 23, 'r25': 24, 'r26': 25, 'r27': 26, 'r28': 27, 'r29': 28, 'r30': 29}
Optimizing branch lengths, phi, and nu without topology search
Optimization by EM algorithm
Optimization start with 1 initials
Initial point 1. Random seed: 1741
Numerical optimization started with ultrametric constraint (default)
Initial phi: 0.8169534158891258. Initial nu: 0.03729356639371622. Initial nllh: 23060.25386207472
Starting EM iter: 1
Estep
Estep runtime (s): 0.15945196151733398
Mstep
Optimizing phi
Optimizing branch lengths. Current phi: 0.21043662481684422. Current nu:0.03729356639371622
Optimizing nu
Mstep runtime (s): 0.5007457733154297
Finished EM iter: 1. Current nllh: 11984.972194931823
Starting EM iter: 2
Estep
Estep runtime (s): 0.21601104736328125
Mstep
Optimizing phi
Optimizing branch lengths. Current phi: 0.09971503799205567. Current nu:0.021746846462414964
Optimizing nu
Mstep runtime (s): 0.679739236831665
Finished EM iter: 2. Current nllh: 11152.308714403163
Starting EM iter: 3
Estep
Estep runtime (s): 0.21507906913757324
Mstep
Optimizing phi
Optimizing branch lengths. Current phi: 0.05909312321715751. Current nu:0.07333055183619704
Optimizing nu
Mstep runtime (s): 0.5864641666412354
Finished EM iter: 3. Current nllh: 10860.031451865236
Starting EM iter: 4
Estep
Estep runtime (s): 0.21728062629699707
Mstep
Optimizing phi
Optimizing branch lengths. Current phi: 0.03738179741758561. Current nu:0.13688980223370376
Optimizing nu
Mstep runtime (s): 0.5144519805908203
Finished EM iter: 4. Current nllh: 10726.874969904648
Starting EM iter: 5
Estep
Estep runtime (s): 0.21491503715515137
Mstep
Optimizing phi
Optimizing branch lengths. Current phi: 0.02491388270158842. Current nu:0.18932868224760246
Optimizing nu
Mstep runtime (s): 0.48940587043762207
Finished EM iter: 5. Current nllh: 10663.691865776993
Starting EM iter: 6
Estep
Estep runtime (s): 0.21590518951416016
Mstep
Optimizing phi
Optimizing branch lengths. Current phi: 0.017429139567767846. Current nu:0.22816141587091923
Optimizing nu
Mstep runtime (s): 0.48509716987609863
Finished EM iter: 6. Current nllh: 10633.04946981783
Starting EM iter: 7
Estep
Estep runtime (s): 0.2234649658203125
Mstep
Optimizing phi
Optimizing branch lengths. Current phi: 0.012821871376704244. Current nu:0.25534584653327486
Optimizing nu
Mstep runtime (s): 0.4749741554260254
Finished EM iter: 7. Current nllh: 10617.093685298927
Starting EM iter: 8
Estep
Estep runtime (s): 0.21947169303894043
Mstep
Optimizing phi
Optimizing branch lengths. Current phi: 0.0097364458958793. Current nu:0.2738536163110423
Optimizing nu
Mstep runtime (s): 0.439115047454834
Finished EM iter: 8. Current nllh: 10606.43589943265
Starting EM iter: 9
Estep
Estep runtime (s): 0.22648406028747559
Mstep
Optimizing phi
Optimizing branch lengths. Current phi: 0.0073798663512618335. Current nu:0.28692086138077055
Optimizing nu
Mstep runtime (s): 0.5043771266937256
Finished EM iter: 9. Current nllh: 10597.525996924873
Starting EM iter: 10
Estep
Estep runtime (s): 0.21779608726501465
Mstep
Optimizing phi
Optimizing branch lengths. Current phi: 0.005420977336786444. Current nu:0.29692882482678457
Optimizing nu
Mstep runtime (s): 0.42394590377807617
Finished EM iter: 10. Current nllh: 10590.174114997353
Starting EM iter: 11
Estep
Estep runtime (s): 0.22646093368530273
Mstep
Optimizing phi
Optimizing branch lengths. Current phi: 0.0038262651171836666. Current nu:0.3051365397296063
Optimizing nu
Mstep runtime (s): 0.5269370079040527
Finished EM iter: 11. Current nllh: 10584.706650257323
Starting EM iter: 12
Estep
Estep runtime (s): 0.22327589988708496
Mstep
Optimizing phi
Optimizing branch lengths. Current phi: 0.0026187383400775727. Current nu:0.3118963584524015
Optimizing nu
Mstep runtime (s): 0.40937304496765137
Finished EM iter: 12. Current nllh: 10580.926349476867
Starting EM iter: 13
Estep
Estep runtime (s): 0.2254347801208496
Mstep
Optimizing phi
Optimizing branch lengths. Current phi: 0.001760414255896718. Current nu:0.31722103037394533
Optimizing nu
Mstep runtime (s): 0.4276149272918701
Finished EM iter: 13. Current nllh: 10578.388503679818
Starting EM iter: 14
Estep
Estep runtime (s): 0.2161109447479248
Mstep
Optimizing phi
Optimizing branch lengths. Current phi: 0.0011721108104586384. Current nu:0.3211892867050453
Optimizing nu
Mstep runtime (s): 0.4279508590698242
Finished EM iter: 14. Current nllh: 10576.696193939166
Starting EM iter: 15
Estep
Estep runtime (s): 0.21560311317443848
Mstep
Optimizing phi
Optimizing branch lengths. Current phi: 0.0007762359388689444. Current nu:0.32402384137371604
Optimizing nu
Mstep runtime (s): 0.42813611030578613
Finished EM iter: 15. Current nllh: 10575.572558774167
Starting EM iter: 16
Estep
Estep runtime (s): 0.2185831069946289
Mstep
Optimizing phi
Optimizing branch lengths. Current phi: 0.0005124346243686945. Current nu:0.3259927187653394
Optimizing nu
Mstep runtime (s): 0.44654226303100586
Finished EM iter: 16. Current nllh: 10574.82931657329
Starting EM iter: 17
Estep
Estep runtime (s): 0.22107791900634766
Mstep
Optimizing phi
Optimizing branch lengths. Current phi: 0.00033762247226788435. Current nu:0.3273348420098851
Optimizing nu
Mstep runtime (s): 0.5576550960540771
Finished EM iter: 17. Current nllh: 10574.33899180649
Starting EM iter: 18
Estep
Estep runtime (s): 0.22246074676513672
Mstep
Optimizing phi
Optimizing branch lengths. Current phi: 0.0002221696134416991. Current nu:0.32823668747052415
Optimizing nu
Mstep runtime (s): 0.43727898597717285
Finished EM iter: 18. Current nllh: 10574.01614721062
Starting EM iter: 19
Estep
Estep runtime (s): 0.21871304512023926
Mstep
Optimizing phi
Optimizing branch lengths. Current phi: 0.0001460799421130051. Current nu:0.32884258111920367
Optimizing nu
Mstep runtime (s): 0.4157528877258301
Finished EM iter: 19. Current nllh: 10573.803656468142
Starting EM iter: 20
Estep
Estep runtime (s): 0.2244107723236084
Mstep
Optimizing phi
Optimizing branch lengths. Current phi: 0. Current nu:0.3292448524679896
Optimizing nu
Mstep runtime (s): 0.41456103324890137
Finished EM iter: 20. Current nllh: 10573.414508364227
Starting EM iter: 21
Estep
Estep runtime (s): 0.21809983253479004
Mstep
Optimizing phi
Optimizing branch lengths. Current phi: 0. Current nu:0.3295114933178799
Optimizing nu
Mstep runtime (s): 0.4322998523712158
Finished EM iter: 21. Current nllh: 10573.408500879108
Starting EM iter: 22
Estep
Estep runtime (s): 0.21492409706115723
Mstep
Optimizing phi
Optimizing branch lengths. Current phi: 0. Current nu:0.3298389389110901
Optimizing nu
Mstep runtime (s): 0.40311622619628906
Finished EM iter: 22. Current nllh: 10573.401073842288
Starting EM iter: 23
Estep
Estep runtime (s): 0.2146317958831787
Mstep
Optimizing phi
Optimizing branch lengths. Current phi: 0. Current nu:0.32995831099636136
Optimizing nu
Mstep runtime (s): 0.43229007720947266
Finished EM iter: 23. Current nllh: 10573.398218335691
Starting EM iter: 24
Estep
Estep runtime (s): 0.22310400009155273
Mstep
Optimizing phi
Optimizing branch lengths. Current phi: 0. Current nu:0.33000241708805067
Optimizing nu
Mstep runtime (s): 0.4079728126525879
Finished EM iter: 24. Current nllh: 10573.397141662968
Starting EM iter: 25
Estep
Estep runtime (s): 0.21887826919555664
Mstep
Optimizing phi
Optimizing branch lengths. Current phi: 0. Current nu:0.33001910829863923
Optimizing nu
Mstep runtime (s): 0.4010910987854004
Finished EM iter: 25. Current nllh: 10573.39672789772
Starting EM iter: 26
Estep
Estep runtime (s): 0.22053098678588867
Mstep
Optimizing phi
Optimizing branch lengths. Current phi: 0. Current nu:0.33002570879832777
Optimizing nu
Mstep runtime (s): 0.4934420585632324
Finished EM iter: 26. Current nllh: 10573.396499196624
Starting EM iter: 27
Estep
Estep runtime (s): 0.2154550552368164
Mstep
Optimizing phi
Optimizing branch lengths. Current phi: 0. Current nu:0.33002584849552047
Optimizing nu
Mstep runtime (s): 0.4134078025817871
Finished EM iter: 27. Current nllh: 10573.396538969559
EM finished after 27 iterations.
Optimal phi: 0. Optimal nu: 0.33002960854540875. Optimal nllh: 10573.396538969559
Optimal point found for initial point 1
Numerical optimization finished successfully
Tree height pre-scaling: 0.6825999253988949, input timescale: 1.0
Tree height after scaling: 1.0, mutation rate: 0.6825999253988949
Tree height pre-scaling: 0.6825999254415464, input timescale: 1.0
Tree height after scaling: 1.0, mutation rate: 0.6825999254415464
Tree height pre-scaling: 0.6825999253887752, input timescale: 1.0
Tree height after scaling: 1.0, mutation rate: 0.6825999253887752
Tree height pre-scaling: 0.6825999254268872, input timescale: 1.0
Tree height after scaling: 1.0, mutation rate: 0.6825999254268872
Tree height pre-scaling: 0.6825999253982373, input timescale: 1.0
Tree height after scaling: 0.9999999999999999, mutation rate: 0.6825999253982373
Tree height pre-scaling: 0.6825999254166768, input timescale: 1.0
Tree height after scaling: 1.0, mutation rate: 0.6825999254166768
Tree height pre-scaling: 0.6825999253888744, input timescale: 1.0
Tree height after scaling: 1.0, mutation rate: 0.6825999253888744
Tree height pre-scaling: 0.6825999254067258, input timescale: 1.0
Tree height after scaling: 1.0, mutation rate: 0.6825999254067258
Tree height pre-scaling: 0.6825999254286809, input timescale: 1.0
Tree height after scaling: 1.0, mutation rate: 0.6825999254286809
Tree height pre-scaling: 0.6825999254488625, input timescale: 1.0
Tree height after scaling: 1.0, mutation rate: 0.6825999254488625
Tree height pre-scaling: 0.6825999254248892, input timescale: 1.0
Tree height after scaling: 0.9999999999999999, mutation rate: 0.6825999254248892
Tree height pre-scaling: 0.6825999254444926, input timescale: 1.0
Tree height after scaling: 1.0, mutation rate: 0.6825999254444926
Tree height pre-scaling: 0.6825999254041624, input timescale: 1.0
Tree height after scaling: 1.0, mutation rate: 0.6825999254041624
Tree height pre-scaling: 0.6825999254352534, input timescale: 1.0
Tree height after scaling: 1.0, mutation rate: 0.6825999254352534
Tree height pre-scaling: 0.6825999254227233, input timescale: 1.0
Tree height after scaling: 0.9999999999999999, mutation rate: 0.6825999254227233
Tree height pre-scaling: 0.682599925372555, input timescale: 1.0
Tree height after scaling: 1.0, mutation rate: 0.682599925372555
Tree height pre-scaling: 0.6825999253722959, input timescale: 1.0
Tree height after scaling: 1.0000000000000002, mutation rate: 0.6825999253722959
Runtime (s): 20.467264166
