Launching LAML version 0.0.4
LAML was called as follows: /Users/uym2/my_gits/LAML/run_laml.py -c ../../evaluation/Bar23/Bar23_character_matrix.txt -t place_outlier1/augmented_tree_431.nwk -o place_outlier1/augmented_tree_431_optimized -v -p ../../evaluation/Bar23/Bar23_priors.pickle --delimiter tab -m -1 --nInitials 1
Prior keys mismatch with site names.
Prior keys: [0, 1, 2, 3, 4, 5, 6, 7, 8, 9, 10, 11, 12, 13, 14, 15, 16, 17, 18, 19, 20, 21, 22, 23, 24, 25, 26, 27, 28]
Site names: ['r1', 'r2', 'r3', 'r4', 'r5', 'r6', 'r7', 'r8', 'r9', 'r10', 'r11', 'r12', 'r13', 'r14', 'r15', 'r16', 'r17', 'r18', 'r19', 'r20', 'r21', 'r22', 'r23', 'r24', 'r25', 'r26', 'r27', 'r28', 'r29', 'r30']
Attempting to infer mapping between site names and prior keys...
Not all site names are present in the dictionary. Trying offset...
Offset between input site names and prior keys is assumed to be 1
Missing priors at site r30, filling in uniform priors...
{'r1': 0, 'r2': 1, 'r3': 2, 'r4': 3, 'r5': 4, 'r6': 5, 'r7': 6, 'r8': 7, 'r9': 8, 'r10': 9, 'r11': 10, 'r12': 11, 'r13': 12, 'r14': 13, 'r15': 14, 'r16': 15, 'r17': 16, 'r18': 17, 'r19': 18, 'r20': 19, 'r21': 20, 'r22': 21, 'r23': 22, 'r24': 23, 'r25': 24, 'r26': 25, 'r27': 26, 'r28': 27, 'r29': 28, 'r30': 29}
Optimizing branch lengths, phi, and nu without topology search
Optimization by EM algorithm
Optimization start with 1 initials
Initial point 1. Random seed: 1049
Numerical optimization started with ultrametric constraint (default)
Initial phi: 0.6889078747652149. Initial nu: 0.09081635716573441. Initial nllh: 19921.564169241316
Starting EM iter: 1
Estep
Estep runtime (s): 0.1598529815673828
Mstep
Optimizing phi
Optimizing branch lengths. Current phi: 0.1632323632243935. Current nu:0.09081635716573441
Optimizing nu
Mstep runtime (s): 0.47089219093322754
Finished EM iter: 1. Current nllh: 11795.638329542637
Starting EM iter: 2
Estep
Estep runtime (s): 0.2204599380493164
Mstep
Optimizing phi
Optimizing branch lengths. Current phi: 0.08040975650058177. Current nu:0.05842138796172939
Optimizing nu
Mstep runtime (s): 0.5172762870788574
Finished EM iter: 2. Current nllh: 11206.87425062293
Starting EM iter: 3
Estep
Estep runtime (s): 0.21997427940368652
Mstep
Optimizing phi
Optimizing branch lengths. Current phi: 0.04769044933298679. Current nu:0.11005708242637688
Optimizing nu
Mstep runtime (s): 0.5176491737365723
Finished EM iter: 3. Current nllh: 10992.515195867789
Starting EM iter: 4
Estep
Estep runtime (s): 0.22101879119873047
Mstep
Optimizing phi
Optimizing branch lengths. Current phi: 0.03033289288197442. Current nu:0.1691411495187058
Optimizing nu
Mstep runtime (s): 0.4388611316680908
Finished EM iter: 4. Current nllh: 10899.164962578117
Starting EM iter: 5
Estep
Estep runtime (s): 0.22014594078063965
Mstep
Optimizing phi
Optimizing branch lengths. Current phi: 0.02055850623396657. Current nu:0.21572524296809872
Optimizing nu
Mstep runtime (s): 0.5376949310302734
Finished EM iter: 5. Current nllh: 10855.665477721355
Starting EM iter: 6
Estep
Estep runtime (s): 0.22156214714050293
Mstep
Optimizing phi
Optimizing branch lengths. Current phi: 0.01470565366065061. Current nu:0.24917510017506087
Optimizing nu
Mstep runtime (s): 0.4514479637145996
Finished EM iter: 6. Current nllh: 10834.07582425686
Starting EM iter: 7
Estep
Estep runtime (s): 0.2223358154296875
Mstep
Optimizing phi
Optimizing branch lengths. Current phi: 0.010952232284076583. Current nu:0.2721258580414581
Optimizing nu
Mstep runtime (s): 0.43848085403442383
Finished EM iter: 7. Current nllh: 10821.354320765206
Starting EM iter: 8
Estep
Estep runtime (s): 0.22465920448303223
Mstep
Optimizing phi
Optimizing branch lengths. Current phi: 0.008260157405165698. Current nu:0.2879649452500874
Optimizing nu
Mstep runtime (s): 0.4847068786621094
Finished EM iter: 8. Current nllh: 10811.680088442447
Starting EM iter: 9
Estep
Estep runtime (s): 0.22197604179382324
Mstep
Optimizing phi
Optimizing branch lengths. Current phi: 0.006113292469496445. Current nu:0.29955012977548634
Optimizing nu
Mstep runtime (s): 0.40752387046813965
Finished EM iter: 9. Current nllh: 10803.663704589246
Starting EM iter: 10
Estep
Estep runtime (s): 0.21909594535827637
Mstep
Optimizing phi
Optimizing branch lengths. Current phi: 0.004366841517955103. Current nu:0.30865814177491346
Optimizing nu
Mstep runtime (s): 0.4325408935546875
Finished EM iter: 10. Current nllh: 10797.573197246013
Starting EM iter: 11
Estep
Estep runtime (s): 0.2250959873199463
Mstep
Optimizing phi
Optimizing branch lengths. Current phi: 0.0030208371718108778. Current nu:0.31604414372034
Optimizing nu
Mstep runtime (s): 0.5037813186645508
Finished EM iter: 11. Current nllh: 10793.268707411984
Starting EM iter: 12
Estep
Estep runtime (s): 0.22552227973937988
Mstep
Optimizing phi
Optimizing branch lengths. Current phi: 0.0020470694032313896. Current nu:0.3218888035660689
Optimizing nu
Mstep runtime (s): 0.4185929298400879
Finished EM iter: 12. Current nllh: 10790.348835672898
Starting EM iter: 13
Estep
Estep runtime (s): 0.22501611709594727
Mstep
Optimizing phi
Optimizing branch lengths. Current phi: 0.0013717066377537293. Current nu:0.3263012146440535
Optimizing nu
Mstep runtime (s): 0.5084009170532227
Finished EM iter: 13. Current nllh: 10788.39071197612
Starting EM iter: 14
Estep
Estep runtime (s): 0.22661900520324707
Mstep
Optimizing phi
Optimizing branch lengths. Current phi: 0.0009134852496744686. Current nu:0.32948905920856014
Optimizing nu
Mstep runtime (s): 0.45438289642333984
Finished EM iter: 14. Current nllh: 10787.083173978099
Starting EM iter: 15
Estep
Estep runtime (s): 0.22121095657348633
Mstep
Optimizing phi
Optimizing branch lengths. Current phi: 0.0006061306140303324. Current nu:0.33172282198171027
Optimizing nu
Mstep runtime (s): 0.41166210174560547
Finished EM iter: 15. Current nllh: 10786.214055914348
Starting EM iter: 16
Estep
Estep runtime (s): 0.22013401985168457
Mstep
Optimizing phi
Optimizing branch lengths. Current phi: 0.0004012934541172245. Current nu:0.3332597643807906
Optimizing nu
Mstep runtime (s): 0.4299619197845459
Finished EM iter: 16. Current nllh: 10785.637599761427
Starting EM iter: 17
Estep
Estep runtime (s): 0.22319316864013672
Mstep
Optimizing phi
Optimizing branch lengths. Current phi: 0.0002653048272761316. Current nu:0.3343019632692864
Optimizing nu
Mstep runtime (s): 0.4598391056060791
Finished EM iter: 17. Current nllh: 10785.256186755394
Starting EM iter: 18
Estep
Estep runtime (s): 0.22040891647338867
Mstep
Optimizing phi
Optimizing branch lengths. Current phi: 0.0001752405542635587. Current nu:0.33500208646417623
Optimizing nu
Mstep runtime (s): 0.4034280776977539
Finished EM iter: 18. Current nllh: 10785.004110143795
Starting EM iter: 19
Estep
Estep runtime (s): 0.2254798412322998
Mstep
Optimizing phi
Optimizing branch lengths. Current phi: 0.00011568243000409582. Current nu:0.3354705023228734
Optimizing nu
Mstep runtime (s): 0.42391109466552734
Finished EM iter: 19. Current nllh: 10784.837636523589
Starting EM iter: 20
Estep
Estep runtime (s): 0.22854399681091309
Mstep
Optimizing phi
Optimizing branch lengths. Current phi: 0. Current nu:0.33578259676921746
Optimizing nu
Mstep runtime (s): 0.41753292083740234
Finished EM iter: 20. Current nllh: 10784.530889296675
Starting EM iter: 21
Estep
Estep runtime (s): 0.22617101669311523
Mstep
Optimizing phi
Optimizing branch lengths. Current phi: 0. Current nu:0.3359907346001387
Optimizing nu
Mstep runtime (s): 0.47518205642700195
Finished EM iter: 21. Current nllh: 10784.524482456876
Starting EM iter: 22
Estep
Estep runtime (s): 0.22828316688537598
Mstep
Optimizing phi
Optimizing branch lengths. Current phi: 0. Current nu:0.3362464581301258
Optimizing nu
Mstep runtime (s): 0.42925214767456055
Finished EM iter: 22. Current nllh: 10784.51853020888
Starting EM iter: 23
Estep
Estep runtime (s): 0.22690773010253906
Mstep
Optimizing phi
Optimizing branch lengths. Current phi: 0. Current nu:0.3363422973777942
Optimizing nu
Mstep runtime (s): 0.42803382873535156
Finished EM iter: 23. Current nllh: 10784.516098560856
Starting EM iter: 24
Estep
Estep runtime (s): 0.2222442626953125
Mstep
Optimizing phi
Optimizing branch lengths. Current phi: 0. Current nu:0.33637755976481026
Optimizing nu
Mstep runtime (s): 0.4795379638671875
Finished EM iter: 24. Current nllh: 10784.514835757778
Starting EM iter: 25
Estep
Estep runtime (s): 0.22969913482666016
Mstep
Optimizing phi
Optimizing branch lengths. Current phi: 0. Current nu:0.33639010710506484
Optimizing nu
Mstep runtime (s): 0.4403667449951172
Finished EM iter: 25. Current nllh: 10784.514857202264
EM finished after 25 iterations.
Optimal phi: 0. Optimal nu: 0.33639653106397166. Optimal nllh: 10784.514857202264
Optimal point found for initial point 1
Numerical optimization finished successfully
Tree height pre-scaling: 0.6783257934597023, input timescale: 1.0
Tree height after scaling: 1.0, mutation rate: 0.6783257934597023
Tree height pre-scaling: 0.6783257940282693, input timescale: 1.0
Tree height after scaling: 1.0, mutation rate: 0.6783257940282693
Tree height pre-scaling: 0.6783257933117797, input timescale: 1.0
Tree height after scaling: 1.0, mutation rate: 0.6783257933117797
Tree height pre-scaling: 0.6783257938681764, input timescale: 1.0
Tree height after scaling: 0.9999999999999999, mutation rate: 0.6783257938681764
Tree height pre-scaling: 0.6783257934505429, input timescale: 1.0
Tree height after scaling: 1.0000000000000002, mutation rate: 0.6783257934505429
Tree height pre-scaling: 0.6783257937282909, input timescale: 1.0
Tree height after scaling: 0.9999999999999999, mutation rate: 0.6783257937282909
Tree height pre-scaling: 0.6783257933301772, input timescale: 1.0
Tree height after scaling: 0.9999999999999998, mutation rate: 0.6783257933301772
Tree height pre-scaling: 0.6783257935665709, input timescale: 1.0
Tree height after scaling: 1.0, mutation rate: 0.6783257935665709
Tree height pre-scaling: 0.6783257938841399, input timescale: 1.0
Tree height after scaling: 1.0, mutation rate: 0.6783257938841399
Tree height pre-scaling: 0.6783257941396557, input timescale: 1.0
Tree height after scaling: 1.0, mutation rate: 0.6783257941396557
Tree height pre-scaling: 0.6783257938202393, input timescale: 1.0
Tree height after scaling: 0.9999999999999999, mutation rate: 0.6783257938202393
Tree height pre-scaling: 0.6783257941072818, input timescale: 1.0
Tree height after scaling: 1.0, mutation rate: 0.6783257941072818
Tree height pre-scaling: 0.678325793521865, input timescale: 1.0
Tree height after scaling: 1.0, mutation rate: 0.678325793521865
Tree height pre-scaling: 0.6783257939634821, input timescale: 1.0
Tree height after scaling: 1.0, mutation rate: 0.6783257939634821
Tree height pre-scaling: 0.6783257938200615, input timescale: 1.0
Tree height after scaling: 1.0, mutation rate: 0.6783257938200615
Tree height pre-scaling: 0.6783257930986013, input timescale: 1.0
Tree height after scaling: 1.0, mutation rate: 0.6783257930986013
Tree height pre-scaling: 0.6783257931790863, input timescale: 1.0
Tree height after scaling: 1.0, mutation rate: 0.6783257931790863
Runtime (s): 18.830334833000002
