Launching LAML version 0.0.4
LAML was called as follows: /Users/uym2/my_gits/LAML/run_laml.py -c ../../evaluation/Bar23/Bar23_character_matrix.txt -t place_outlier1/augmented_tree_540.nwk -o place_outlier1/augmented_tree_540_optimized -v -p ../../evaluation/Bar23/Bar23_priors.pickle --delimiter tab -m -1 --nInitials 1
Prior keys mismatch with site names.
Prior keys: [0, 1, 2, 3, 4, 5, 6, 7, 8, 9, 10, 11, 12, 13, 14, 15, 16, 17, 18, 19, 20, 21, 22, 23, 24, 25, 26, 27, 28]
Site names: ['r1', 'r2', 'r3', 'r4', 'r5', 'r6', 'r7', 'r8', 'r9', 'r10', 'r11', 'r12', 'r13', 'r14', 'r15', 'r16', 'r17', 'r18', 'r19', 'r20', 'r21', 'r22', 'r23', 'r24', 'r25', 'r26', 'r27', 'r28', 'r29', 'r30']
Attempting to infer mapping between site names and prior keys...
Not all site names are present in the dictionary. Trying offset...
Offset between input site names and prior keys is assumed to be 1
Missing priors at site r30, filling in uniform priors...
{'r1': 0, 'r2': 1, 'r3': 2, 'r4': 3, 'r5': 4, 'r6': 5, 'r7': 6, 'r8': 7, 'r9': 8, 'r10': 9, 'r11': 10, 'r12': 11, 'r13': 12, 'r14': 13, 'r15': 14, 'r16': 15, 'r17': 16, 'r18': 17, 'r19': 18, 'r20': 19, 'r21': 20, 'r22': 21, 'r23': 22, 'r24': 23, 'r25': 24, 'r26': 25, 'r27': 26, 'r28': 27, 'r29': 28, 'r30': 29}
Optimizing branch lengths, phi, and nu without topology search
Optimization by EM algorithm
Optimization start with 1 initials
Initial point 1. Random seed: 9922
Numerical optimization started with ultrametric constraint (default)
Initial phi: 0.4621040552416068. Initial nu: 0.36778441660994166. Initial nllh: 16527.486185266225
Starting EM iter: 1
Estep
Estep runtime (s): 0.16286301612854004
Mstep
Optimizing phi
Optimizing branch lengths. Current phi: 0.09110057433217009. Current nu:0.36778441660994166
Optimizing nu
Mstep runtime (s): 0.4582500457763672
Finished EM iter: 1. Current nllh: 11000.292888775733
Starting EM iter: 2
Estep
Estep runtime (s): 0.22100496292114258
Mstep
Optimizing phi
Optimizing branch lengths. Current phi: 0.045091275891061926. Current nu:0.18202253981778588
Optimizing nu
Mstep runtime (s): 0.4555327892303467
Finished EM iter: 2. Current nllh: 10654.711615503751
Starting EM iter: 3
Estep
Estep runtime (s): 0.22389698028564453
Mstep
Optimizing phi
Optimizing branch lengths. Current phi: 0.02823071158944061. Current nu:0.18056393422550082
Optimizing nu
Mstep runtime (s): 0.5287680625915527
Finished EM iter: 3. Current nllh: 10566.03649072996
Starting EM iter: 4
Estep
Estep runtime (s): 0.21825790405273438
Mstep
Optimizing phi
Optimizing branch lengths. Current phi: 0.01905986196513072. Current nu:0.20970796727867247
Optimizing nu
Mstep runtime (s): 0.4319620132446289
Finished EM iter: 4. Current nllh: 10527.304555654337
Starting EM iter: 5
Estep
Estep runtime (s): 0.2211458683013916
Mstep
Optimizing phi
Optimizing branch lengths. Current phi: 0.01359835648193563. Current nu:0.23674171292166374
Optimizing nu
Mstep runtime (s): 0.43312907218933105
Finished EM iter: 5. Current nllh: 10508.182976769604
Starting EM iter: 6
Estep
Estep runtime (s): 0.22344112396240234
Mstep
Optimizing phi
Optimizing branch lengths. Current phi: 0.010044367039616127. Current nu:0.25697025454322775
Optimizing nu
Mstep runtime (s): 0.5045430660247803
Finished EM iter: 6. Current nllh: 10496.708953490986
Starting EM iter: 7
Estep
Estep runtime (s): 0.22473406791687012
Mstep
Optimizing phi
Optimizing branch lengths. Current phi: 0.00746914685932921. Current nu:0.2716808263187278
Optimizing nu
Mstep runtime (s): 0.4967460632324219
Finished EM iter: 7. Current nllh: 10488.025989952524
Starting EM iter: 8
Estep
Estep runtime (s): 0.21998810768127441
Mstep
Optimizing phi
Optimizing branch lengths. Current phi: 0.00544675334177575. Current nu:0.28275877909325686
Optimizing nu
Mstep runtime (s): 0.4372379779815674
Finished EM iter: 8. Current nllh: 10481.115570866275
Starting EM iter: 9
Estep
Estep runtime (s): 0.2259669303894043
Mstep
Optimizing phi
Optimizing branch lengths. Current phi: 0.003854795002859659. Current nu:0.2914626277880845
Optimizing nu
Mstep runtime (s): 0.42974400520324707
Finished EM iter: 9. Current nllh: 10476.007254531058
Starting EM iter: 10
Estep
Estep runtime (s): 0.22296714782714844
Mstep
Optimizing phi
Optimizing branch lengths. Current phi: 0.0026634796780381064. Current nu:0.2983620700651247
Optimizing nu
Mstep runtime (s): 0.5072996616363525
Finished EM iter: 10. Current nllh: 10472.451288918523
Starting EM iter: 11
Estep
Estep runtime (s): 0.22745585441589355
Mstep
Optimizing phi
Optimizing branch lengths. Current phi: 0.001813595101512084. Current nu:0.3036700859702206
Optimizing nu
Mstep runtime (s): 0.48665380477905273
Finished EM iter: 11. Current nllh: 10470.029572016667
Starting EM iter: 12
Estep
Estep runtime (s): 0.22266197204589844
Mstep
Optimizing phi
Optimizing branch lengths. Current phi: 0.001224488436182006. Current nu:0.30759600100820594
Optimizing nu
Mstep runtime (s): 0.4078800678253174
Finished EM iter: 12. Current nllh: 10468.393356296954
Starting EM iter: 13
Estep
Estep runtime (s): 0.22052478790283203
Mstep
Optimizing phi
Optimizing branch lengths. Current phi: 0.000822581696711682. Current nu:0.31040686365958126
Optimizing nu
Mstep runtime (s): 0.41875720024108887
Finished EM iter: 13. Current nllh: 10467.293003629404
Starting EM iter: 14
Estep
Estep runtime (s): 0.22072291374206543
Mstep
Optimizing phi
Optimizing branch lengths. Current phi: 0.0005508751074730053. Current nu:0.31237339153011295
Optimizing nu
Mstep runtime (s): 0.4260549545288086
Finished EM iter: 14. Current nllh: 10466.555189345136
Starting EM iter: 15
Estep
Estep runtime (s): 0.22196507453918457
Mstep
Optimizing phi
Optimizing branch lengths. Current phi: 0.00036819061929276096. Current nu:0.31372861035699434
Optimizing nu
Mstep runtime (s): 0.4092071056365967
Finished EM iter: 15. Current nllh: 10466.061375789623
Starting EM iter: 16
Estep
Estep runtime (s): 0.22680282592773438
Mstep
Optimizing phi
Optimizing branch lengths. Current phi: 0.00024577763211773785. Current nu:0.3146529538579673
Optimizing nu
Mstep runtime (s): 0.4228060245513916
Finished EM iter: 16. Current nllh: 10465.731206180226
Starting EM iter: 17
Estep
Estep runtime (s): 0.22351479530334473
Mstep
Optimizing phi
Optimizing branch lengths. Current phi: 0.00016392863542147128. Current nu:0.31527911553434207
Optimizing nu
Mstep runtime (s): 0.48711395263671875
Finished EM iter: 17. Current nllh: 10465.510540775113
Starting EM iter: 18
Estep
Estep runtime (s): 0.22151708602905273
Mstep
Optimizing phi
Optimizing branch lengths. Current phi: 0.00010927817030289438. Current nu:0.3157014089533212
Optimizing nu
Mstep runtime (s): 0.4006819725036621
Finished EM iter: 18. Current nllh: 10465.363045504486
Starting EM iter: 19
Estep
Estep runtime (s): 0.22185206413269043
Mstep
Optimizing phi
Optimizing branch lengths. Current phi: 0. Current nu:0.31598539272365816
Optimizing nu
Mstep runtime (s): 0.4792470932006836
Finished EM iter: 19. Current nllh: 10465.079881365491
Starting EM iter: 20
Estep
Estep runtime (s): 0.2178969383239746
Mstep
Optimizing phi
Optimizing branch lengths. Current phi: 0. Current nu:0.3161757933598477
Optimizing nu
Mstep runtime (s): 0.40828871726989746
Finished EM iter: 20. Current nllh: 10465.076122956665
Starting EM iter: 21
Estep
Estep runtime (s): 0.2197418212890625
Mstep
Optimizing phi
Optimizing branch lengths. Current phi: 0. Current nu:0.3164227089445015
Optimizing nu
Mstep runtime (s): 0.44091296195983887
Finished EM iter: 21. Current nllh: 10465.070627925354
Starting EM iter: 22
Estep
Estep runtime (s): 0.22452092170715332
Mstep
Optimizing phi
Optimizing branch lengths. Current phi: 0. Current nu:0.31651110762889684
Optimizing nu
Mstep runtime (s): 0.4738781452178955
Finished EM iter: 22. Current nllh: 10465.067546898823
Starting EM iter: 23
Estep
Estep runtime (s): 0.21756196022033691
Mstep
Optimizing phi
Optimizing branch lengths. Current phi: 0. Current nu:0.31654258830046034
Optimizing nu
Mstep runtime (s): 0.4219357967376709
Finished EM iter: 23. Current nllh: 10465.066499080373
Starting EM iter: 24
Estep
Estep runtime (s): 0.21794819831848145
Mstep
Optimizing phi
Optimizing branch lengths. Current phi: 0. Current nu:0.3165551564064616
Optimizing nu
Mstep runtime (s): 0.47452616691589355
Finished EM iter: 24. Current nllh: 10465.065464182537
Starting EM iter: 25
Estep
Estep runtime (s): 0.217789888381958
Mstep
Optimizing phi
Optimizing branch lengths. Current phi: 0. Current nu:0.31656014287983264
Optimizing nu
Mstep runtime (s): 0.42161989212036133
Finished EM iter: 25. Current nllh: 10465.064639353137
Starting EM iter: 26
Estep
Estep runtime (s): 0.2206277847290039
Mstep
Optimizing phi
Optimizing branch lengths. Current phi: 0. Current nu:0.31656308086664287
Optimizing nu
Mstep runtime (s): 0.42849206924438477
Finished EM iter: 26. Current nllh: 10465.063942908126
Starting EM iter: 27
Estep
Estep runtime (s): 0.2263040542602539
Mstep
Optimizing phi
Optimizing branch lengths. Current phi: 0. Current nu:0.3165644241919508
Optimizing nu
Mstep runtime (s): 0.4182300567626953
Finished EM iter: 27. Current nllh: 10465.063329267705
Starting EM iter: 28
Estep
Estep runtime (s): 0.2179858684539795
Mstep
Optimizing phi
Optimizing branch lengths. Current phi: 0. Current nu:0.3165655569489736
Optimizing nu
Mstep runtime (s): 0.4711949825286865
Finished EM iter: 28. Current nllh: 10465.06276752013
Starting EM iter: 29
Estep
Estep runtime (s): 0.21774005889892578
Mstep
Optimizing phi
Optimizing branch lengths. Current phi: 0. Current nu:0.31656679060843823
Optimizing nu
Mstep runtime (s): 0.46996212005615234
Finished EM iter: 29. Current nllh: 10465.061847476441
Starting EM iter: 30
Estep
Estep runtime (s): 0.2203691005706787
Mstep
Optimizing phi
Optimizing branch lengths. Current phi: 0. Current nu:0.31656735702798094
Optimizing nu
Mstep runtime (s): 0.4358689785003662
Finished EM iter: 30. Current nllh: 10465.061822475496
EM finished after 30 iterations.
Optimal phi: 0. Optimal nu: 0.316568086587097. Optimal nllh: 10465.061822475496
Optimal point found for initial point 1
Numerical optimization finished successfully
Tree height pre-scaling: 0.7099764648470409, input timescale: 1.0
Tree height after scaling: 1.0000000000000002, mutation rate: 0.7099764648470409
Tree height pre-scaling: 0.7099764648495639, input timescale: 1.0
Tree height after scaling: 1.0, mutation rate: 0.7099764648495639
Tree height pre-scaling: 0.7099764648452997, input timescale: 1.0
Tree height after scaling: 1.0, mutation rate: 0.7099764648452997
Tree height pre-scaling: 0.7099764648510354, input timescale: 1.0
Tree height after scaling: 1.0, mutation rate: 0.7099764648510354
Tree height pre-scaling: 0.7099764648441698, input timescale: 1.0
Tree height after scaling: 1.0, mutation rate: 0.7099764648441698
Tree height pre-scaling: 0.7099764648485369, input timescale: 1.0
Tree height after scaling: 1.0, mutation rate: 0.7099764648485369
Tree height pre-scaling: 0.7099764648532294, input timescale: 1.0
Tree height after scaling: 0.9999999999999999, mutation rate: 0.7099764648532294
Tree height pre-scaling: 0.7099764648566896, input timescale: 1.0
Tree height after scaling: 1.0, mutation rate: 0.7099764648566896
Tree height pre-scaling: 0.7099764648524877, input timescale: 1.0
Tree height after scaling: 1.0000000000000002, mutation rate: 0.7099764648524877
Tree height pre-scaling: 0.7099764648573416, input timescale: 1.0
Tree height after scaling: 0.9999999999999999, mutation rate: 0.7099764648573416
Tree height pre-scaling: 0.7099764648471429, input timescale: 1.0
Tree height after scaling: 1.0, mutation rate: 0.7099764648471429
Tree height pre-scaling: 0.7099764648557897, input timescale: 1.0
Tree height after scaling: 1.0000000000000002, mutation rate: 0.7099764648557897
Tree height pre-scaling: 0.7099764648524255, input timescale: 1.0
Tree height after scaling: 1.0, mutation rate: 0.7099764648524255
Tree height pre-scaling: 0.7099764648416569, input timescale: 1.0
Tree height after scaling: 0.9999999999999999, mutation rate: 0.7099764648416569
Tree height pre-scaling: 0.7099764648481303, input timescale: 1.0
Tree height after scaling: 1.0, mutation rate: 0.7099764648481303
Tree height pre-scaling: 0.7099764648661957, input timescale: 1.0
Tree height after scaling: 1.0, mutation rate: 0.7099764648661957
Tree height pre-scaling: 0.7099764648837011, input timescale: 1.0
Tree height after scaling: 1.0, mutation rate: 0.7099764648837011
Runtime (s): 22.288179624999998
