Launching LAML version 0.0.4
LAML was called as follows: /Users/uym2/my_gits/LAML/run_laml.py -c ../../evaluation/Bar23/Bar23_character_matrix.txt -t place_outlier1/augmented_tree_560.nwk -o place_outlier1/augmented_tree_560_optimized -v -p ../../evaluation/Bar23/Bar23_priors.pickle --delimiter tab -m -1 --nInitials 1
Prior keys mismatch with site names.
Prior keys: [0, 1, 2, 3, 4, 5, 6, 7, 8, 9, 10, 11, 12, 13, 14, 15, 16, 17, 18, 19, 20, 21, 22, 23, 24, 25, 26, 27, 28]
Site names: ['r1', 'r2', 'r3', 'r4', 'r5', 'r6', 'r7', 'r8', 'r9', 'r10', 'r11', 'r12', 'r13', 'r14', 'r15', 'r16', 'r17', 'r18', 'r19', 'r20', 'r21', 'r22', 'r23', 'r24', 'r25', 'r26', 'r27', 'r28', 'r29', 'r30']
Attempting to infer mapping between site names and prior keys...
Not all site names are present in the dictionary. Trying offset...
Offset between input site names and prior keys is assumed to be 1
Missing priors at site r30, filling in uniform priors...
{'r1': 0, 'r2': 1, 'r3': 2, 'r4': 3, 'r5': 4, 'r6': 5, 'r7': 6, 'r8': 7, 'r9': 8, 'r10': 9, 'r11': 10, 'r12': 11, 'r13': 12, 'r14': 13, 'r15': 14, 'r16': 15, 'r17': 16, 'r18': 17, 'r19': 18, 'r20': 19, 'r21': 20, 'r22': 21, 'r23': 22, 'r24': 23, 'r25': 24, 'r26': 25, 'r27': 26, 'r28': 27, 'r29': 28, 'r30': 29}
Optimizing branch lengths, phi, and nu without topology search
Optimization by EM algorithm
Optimization start with 1 initials
Initial point 1. Random seed: 6076
Numerical optimization started with ultrametric constraint (default)
Initial phi: 0.15027171076323886. Initial nu: 0.5539997599963802. Initial nllh: 13961.55339276211
Starting EM iter: 1
Estep
Estep runtime (s): 0.15805888175964355
Mstep
Optimizing phi
Optimizing branch lengths. Current phi: 0.04005672734721188. Current nu:0.5539997599963802
Optimizing nu
Mstep runtime (s): 0.4388458728790283
Finished EM iter: 1. Current nllh: 10728.497974490305
Starting EM iter: 2
Estep
Estep runtime (s): 0.22532200813293457
Mstep
Optimizing phi
Optimizing branch lengths. Current phi: 0.02299234055845827. Current nu:0.31440058119093195
Optimizing nu
Mstep runtime (s): 0.526298999786377
Finished EM iter: 2. Current nllh: 10542.10413669147
Starting EM iter: 3
Estep
Estep runtime (s): 0.22839784622192383
Mstep
Optimizing phi
Optimizing branch lengths. Current phi: 0.015419425674028582. Current nu:0.2632745907956506
Optimizing nu
Mstep runtime (s): 0.45236706733703613
Finished EM iter: 3. Current nllh: 10506.556488276154
Starting EM iter: 4
Estep
Estep runtime (s): 0.221358060836792
Mstep
Optimizing phi
Optimizing branch lengths. Current phi: 0.010918309551633672. Current nu:0.26335201224903443
Optimizing nu
Mstep runtime (s): 0.46756887435913086
Finished EM iter: 4. Current nllh: 10492.513293557691
Starting EM iter: 5
Estep
Estep runtime (s): 0.2183699607849121
Mstep
Optimizing phi
Optimizing branch lengths. Current phi: 0.007870017218980924. Current nu:0.27391706967513857
Optimizing nu
Mstep runtime (s): 0.4292469024658203
Finished EM iter: 5. Current nllh: 10483.189465020641
Starting EM iter: 6
Estep
Estep runtime (s): 0.225693941116333
Mstep
Optimizing phi
Optimizing branch lengths. Current phi: 0.0056319934402052725. Current nu:0.28475251211427277
Optimizing nu
Mstep runtime (s): 0.4415111541748047
Finished EM iter: 6. Current nllh: 10476.147103728441
Starting EM iter: 7
Estep
Estep runtime (s): 0.2240309715270996
Mstep
Optimizing phi
Optimizing branch lengths. Current phi: 0.003951050283503396. Current nu:0.2938703404107893
Optimizing nu
Mstep runtime (s): 0.4036400318145752
Finished EM iter: 7. Current nllh: 10470.988122789835
Starting EM iter: 8
Estep
Estep runtime (s): 0.2218010425567627
Mstep
Optimizing phi
Optimizing branch lengths. Current phi: 0.0027201669885552754. Current nu:0.30111253806754773
Optimizing nu
Mstep runtime (s): 0.40278100967407227
Finished EM iter: 8. Current nllh: 10467.379741891355
Starting EM iter: 9
Estep
Estep runtime (s): 0.23023223876953125
Mstep
Optimizing phi
Optimizing branch lengths. Current phi: 0.0018489090344979047. Current nu:0.30663487204793355
Optimizing nu
Mstep runtime (s): 0.42905378341674805
Finished EM iter: 9. Current nllh: 10464.912970301897
Starting EM iter: 10
Estep
Estep runtime (s): 0.2225170135498047
Mstep
Optimizing phi
Optimizing branch lengths. Current phi: 0.0012467928120095636. Current nu:0.31069076349273256
Optimizing nu
Mstep runtime (s): 0.40900516510009766
Finished EM iter: 10. Current nllh: 10463.244829034425
Starting EM iter: 11
Estep
Estep runtime (s): 0.22699999809265137
Mstep
Optimizing phi
Optimizing branch lengths. Current phi: 0.0008366581198444698. Current nu:0.31358351446121874
Optimizing nu
Mstep runtime (s): 0.45001792907714844
Finished EM iter: 11. Current nllh: 10462.123624019083
Starting EM iter: 12
Estep
Estep runtime (s): 0.22970223426818848
Mstep
Optimizing phi
Optimizing branch lengths. Current phi: 0.0005597131283192416. Current nu:0.31560167503831016
Optimizing nu
Mstep runtime (s): 0.4092528820037842
Finished EM iter: 12. Current nllh: 10461.372800531286
Starting EM iter: 13
Estep
Estep runtime (s): 0.22298169136047363
Mstep
Optimizing phi
Optimizing branch lengths. Current phi: 0.00037370230528689077. Current nu:0.31699024772544376
Optimizing nu
Mstep runtime (s): 0.46564769744873047
Finished EM iter: 13. Current nllh: 10460.871146030444
Starting EM iter: 14
Estep
Estep runtime (s): 0.22435712814331055
Mstep
Optimizing phi
Optimizing branch lengths. Current phi: 0.00024918902534462996. Current nu:0.3179361305991194
Optimizing nu
Mstep runtime (s): 0.4996910095214844
Finished EM iter: 14. Current nllh: 10460.536467753953
Starting EM iter: 15
Estep
Estep runtime (s): 0.2235100269317627
Mstep
Optimizing phi
Optimizing branch lengths. Current phi: 0.00016602275665105124. Current nu:0.31857531147941637
Optimizing nu
Mstep runtime (s): 0.40891075134277344
Finished EM iter: 15. Current nllh: 10460.313365136153
Starting EM iter: 16
Estep
Estep runtime (s): 0.2296590805053711
Mstep
Optimizing phi
Optimizing branch lengths. Current phi: 0.00011055151923694063. Current nu:0.31900626826994755
Optimizing nu
Mstep runtime (s): 0.4064309597015381
Finished EM iter: 16. Current nllh: 10460.164705251384
Starting EM iter: 17
Estep
Estep runtime (s): 0.2275857925415039
Mstep
Optimizing phi
Optimizing branch lengths. Current phi: 0. Current nu:0.3192956984707308
Optimizing nu
Mstep runtime (s): 0.4791560173034668
Finished EM iter: 17. Current nllh: 10459.879158167649
Starting EM iter: 18
Estep
Estep runtime (s): 0.23152685165405273
Mstep
Optimizing phi
Optimizing branch lengths. Current phi: 0. Current nu:0.31948954212335523
Optimizing nu
Mstep runtime (s): 0.4162318706512451
Finished EM iter: 18. Current nllh: 10459.876468817774
Starting EM iter: 19
Estep
Estep runtime (s): 0.21978187561035156
Mstep
Optimizing phi
Optimizing branch lengths. Current phi: 0. Current nu:0.31973818260700254
Optimizing nu
Mstep runtime (s): 0.4445912837982178
Finished EM iter: 19. Current nllh: 10459.871605370048
Starting EM iter: 20
Estep
Estep runtime (s): 0.2187340259552002
Mstep
Optimizing phi
Optimizing branch lengths. Current phi: 0. Current nu:0.31982803790734593
Optimizing nu
Mstep runtime (s): 0.38672518730163574
Finished EM iter: 20. Current nllh: 10459.869668800575
Starting EM iter: 21
Estep
Estep runtime (s): 0.21916890144348145
Mstep
Optimizing phi
Optimizing branch lengths. Current phi: 0. Current nu:0.3198605035863835
Optimizing nu
Mstep runtime (s): 0.4684889316558838
Finished EM iter: 21. Current nllh: 10459.868436919125
Starting EM iter: 22
Estep
Estep runtime (s): 0.22070908546447754
Mstep
Optimizing phi
Optimizing branch lengths. Current phi: 0. Current nu:0.31987219404386547
Optimizing nu
Mstep runtime (s): 0.5324311256408691
Finished EM iter: 22. Current nllh: 10459.868267770738
Starting EM iter: 23
Estep
Estep runtime (s): 0.22273683547973633
Mstep
Optimizing phi
Optimizing branch lengths. Current phi: 0. Current nu:0.3198764981881883
Optimizing nu
Mstep runtime (s): 0.42002415657043457
Finished EM iter: 23. Current nllh: 10459.86827932423
EM finished after 23 iterations.
Optimal phi: 0. Optimal nu: 0.31987962075399584. Optimal nllh: 10459.86827932423
Optimal point found for initial point 1
Numerical optimization finished successfully
Tree height pre-scaling: 0.7003652463168495, input timescale: 1.0
Tree height after scaling: 1.0, mutation rate: 0.7003652463168495
Tree height pre-scaling: 0.7003652462023515, input timescale: 1.0
Tree height after scaling: 1.0000000000000002, mutation rate: 0.7003652462023515
Tree height pre-scaling: 0.7003652463225936, input timescale: 1.0
Tree height after scaling: 1.0, mutation rate: 0.7003652463225936
Tree height pre-scaling: 0.7003652461839087, input timescale: 1.0
Tree height after scaling: 1.0, mutation rate: 0.7003652461839087
Tree height pre-scaling: 0.7003652462652633, input timescale: 1.0
Tree height after scaling: 1.0, mutation rate: 0.7003652462652633
Tree height pre-scaling: 0.7003652463514574, input timescale: 1.0
Tree height after scaling: 1.0, mutation rate: 0.7003652463514574
Tree height pre-scaling: 0.7003652464318466, input timescale: 1.0
Tree height after scaling: 1.0, mutation rate: 0.7003652464318466
Tree height pre-scaling: 0.7003652463483477, input timescale: 1.0
Tree height after scaling: 1.0, mutation rate: 0.7003652463483477
Tree height pre-scaling: 0.7003652464340514, input timescale: 1.0
Tree height after scaling: 0.9999999999999998, mutation rate: 0.7003652464340514
Tree height pre-scaling: 0.7003652462357864, input timescale: 1.0
Tree height after scaling: 1.0, mutation rate: 0.7003652462357864
Tree height pre-scaling: 0.7003652464068004, input timescale: 1.0
Tree height after scaling: 0.9999999999999999, mutation rate: 0.7003652464068004
Tree height pre-scaling: 0.7003652463378667, input timescale: 1.0
Tree height after scaling: 1.0, mutation rate: 0.7003652463378667
Tree height pre-scaling: 0.700365246124672, input timescale: 1.0
Tree height after scaling: 0.9999999999999999, mutation rate: 0.700365246124672
Tree height pre-scaling: 0.7003652462530772, input timescale: 1.0
Tree height after scaling: 1.0, mutation rate: 0.7003652462530772
Tree height pre-scaling: 0.7003652465795901, input timescale: 1.0
Tree height after scaling: 1.0, mutation rate: 0.7003652465795901
Tree height pre-scaling: 0.7003652463726959, input timescale: 1.0
Tree height after scaling: 1.0, mutation rate: 0.7003652463726959
Tree height pre-scaling: 0.7003652463990047, input timescale: 1.0
Tree height after scaling: 1.0, mutation rate: 0.7003652463990047
Runtime (s): 17.097767834000003
