Launching LAML version 0.0.4
LAML was called as follows: /Users/uym2/my_gits/LAML/run_laml.py -c ../../evaluation/Bar23/Bar23_character_matrix.txt -t place_outlier1/augmented_tree_547.nwk -o place_outlier1/augmented_tree_547_optimized -v -p ../../evaluation/Bar23/Bar23_priors.pickle --delimiter tab -m -1 --nInitials 1
Prior keys mismatch with site names.
Prior keys: [0, 1, 2, 3, 4, 5, 6, 7, 8, 9, 10, 11, 12, 13, 14, 15, 16, 17, 18, 19, 20, 21, 22, 23, 24, 25, 26, 27, 28]
Site names: ['r1', 'r2', 'r3', 'r4', 'r5', 'r6', 'r7', 'r8', 'r9', 'r10', 'r11', 'r12', 'r13', 'r14', 'r15', 'r16', 'r17', 'r18', 'r19', 'r20', 'r21', 'r22', 'r23', 'r24', 'r25', 'r26', 'r27', 'r28', 'r29', 'r30']
Attempting to infer mapping between site names and prior keys...
Not all site names are present in the dictionary. Trying offset...
Offset between input site names and prior keys is assumed to be 1
Missing priors at site r30, filling in uniform priors...
{'r1': 0, 'r2': 1, 'r3': 2, 'r4': 3, 'r5': 4, 'r6': 5, 'r7': 6, 'r8': 7, 'r9': 8, 'r10': 9, 'r11': 10, 'r12': 11, 'r13': 12, 'r14': 13, 'r15': 14, 'r16': 15, 'r17': 16, 'r18': 17, 'r19': 18, 'r20': 19, 'r21': 20, 'r22': 21, 'r23': 22, 'r24': 23, 'r25': 24, 'r26': 25, 'r27': 26, 'r28': 27, 'r29': 28, 'r30': 29}
Optimizing branch lengths, phi, and nu without topology search
Optimization by EM algorithm
Optimization start with 1 initials
Initial point 1. Random seed: 6908
Numerical optimization started with ultrametric constraint (default)
Initial phi: 0.22104553634235768. Initial nu: 0.8642859970139507. Initial nllh: 16078.804493159518
Starting EM iter: 1
Estep
Estep runtime (s): 0.16135597229003906
Mstep
Optimizing phi
Optimizing branch lengths. Current phi: 0.049845736775818064. Current nu:0.8642859970139507
Optimizing nu
Mstep runtime (s): 0.42266106605529785
Finished EM iter: 1. Current nllh: 11420.940708155807
Starting EM iter: 2
Estep
Estep runtime (s): 0.2181239128112793
Mstep
Optimizing phi
Optimizing branch lengths. Current phi: 0.028084957282407737. Current nu:0.38710273777138104
Optimizing nu
Mstep runtime (s): 0.43138599395751953
Finished EM iter: 2. Current nllh: 11084.758536475747
Starting EM iter: 3
Estep
Estep runtime (s): 0.219649076461792
Mstep
Optimizing phi
Optimizing branch lengths. Current phi: 0.01859145511148985. Current nu:0.27979177676327893
Optimizing nu
Mstep runtime (s): 0.42206811904907227
Finished EM iter: 3. Current nllh: 11024.497521602352
Starting EM iter: 4
Estep
Estep runtime (s): 0.2162458896636963
Mstep
Optimizing phi
Optimizing branch lengths. Current phi: 0.013064417702549375. Current nu:0.26609211561005963
Optimizing nu
Mstep runtime (s): 0.47802281379699707
Finished EM iter: 4. Current nllh: 11005.325197231028
Starting EM iter: 5
Estep
Estep runtime (s): 0.2210230827331543
Mstep
Optimizing phi
Optimizing branch lengths. Current phi: 0.009470895680559173. Current nu:0.27317622932478586
Optimizing nu
Mstep runtime (s): 0.40590500831604004
Finished EM iter: 5. Current nllh: 10994.714939095316
Starting EM iter: 6
Estep
Estep runtime (s): 0.2183828353881836
Mstep
Optimizing phi
Optimizing branch lengths. Current phi: 0.006907437391697723. Current nu:0.2833748478974647
Optimizing nu
Mstep runtime (s): 0.4525718688964844
Finished EM iter: 6. Current nllh: 10986.93142122892
Starting EM iter: 7
Estep
Estep runtime (s): 0.22097158432006836
Mstep
Optimizing phi
Optimizing branch lengths. Current phi: 0.004967612393642555. Current nu:0.2926235885273158
Optimizing nu
Mstep runtime (s): 0.3951601982116699
Finished EM iter: 7. Current nllh: 10980.9631334623
Starting EM iter: 8
Estep
Estep runtime (s): 0.22056198120117188
Mstep
Optimizing phi
Optimizing branch lengths. Current phi: 0.0035001881575569774. Current nu:0.30024747742654706
Optimizing nu
Mstep runtime (s): 0.39078497886657715
Finished EM iter: 8. Current nllh: 10976.648093959986
Starting EM iter: 9
Estep
Estep runtime (s): 0.21856904029846191
Mstep
Optimizing phi
Optimizing branch lengths. Current phi: 0.00242791095998154. Current nu:0.30626566262257293
Optimizing nu
Mstep runtime (s): 0.40673208236694336
Finished EM iter: 9. Current nllh: 10973.639619933138
Starting EM iter: 10
Estep
Estep runtime (s): 0.21674895286560059
Mstep
Optimizing phi
Optimizing branch lengths. Current phi: 0.0016677257518793048. Current nu:0.3108292005279204
Optimizing nu
Mstep runtime (s): 0.39061999320983887
Finished EM iter: 10. Current nllh: 10971.568608755279
Starting EM iter: 11
Estep
Estep runtime (s): 0.21984291076660156
Mstep
Optimizing phi
Optimizing branch lengths. Current phi: 0.0011386935061768041. Current nu:0.31417410224291503
Optimizing nu
Mstep runtime (s): 0.4679839611053467
Finished EM iter: 11. Current nllh: 10970.152729422585
Starting EM iter: 12
Estep
Estep runtime (s): 0.2183821201324463
Mstep
Optimizing phi
Optimizing branch lengths. Current phi: 0.0007745482483410253. Current nu:0.31656498863005256
Optimizing nu
Mstep runtime (s): 0.40061497688293457
Finished EM iter: 12. Current nllh: 10969.18858457984
Starting EM iter: 13
Estep
Estep runtime (s): 0.2213292121887207
Mstep
Optimizing phi
Optimizing branch lengths. Current phi: 0.0005255780374148469. Current nu:0.31824466471780594
Optimizing nu
Mstep runtime (s): 0.421292781829834
Finished EM iter: 13. Current nllh: 10968.533602540863
Starting EM iter: 14
Estep
Estep runtime (s): 0.22140288352966309
Mstep
Optimizing phi
Optimizing branch lengths. Current phi: 0.0003560739438196373. Current nu:0.31941055551179537
Optimizing nu
Mstep runtime (s): 0.42611122131347656
Finished EM iter: 14. Current nllh: 10968.089238322407
Starting EM iter: 15
Estep
Estep runtime (s): 0.2183830738067627
Mstep
Optimizing phi
Optimizing branch lengths. Current phi: 0.00024098617454345223. Current nu:0.3202134345354405
Optimizing nu
Mstep runtime (s): 0.3943150043487549
Finished EM iter: 15. Current nllh: 10967.787940692544
Starting EM iter: 16
Estep
Estep runtime (s): 0.21879982948303223
Mstep
Optimizing phi
Optimizing branch lengths. Current phi: 0.0001629839020121404. Current nu:0.3207636146588783
Optimizing nu
Mstep runtime (s): 0.3911130428314209
Finished EM iter: 16. Current nllh: 10967.583655167364
Starting EM iter: 17
Estep
Estep runtime (s): 0.21823883056640625
Mstep
Optimizing phi
Optimizing branch lengths. Current phi: 0.00011017870066390057. Current nu:0.32113947094964973
Optimizing nu
Mstep runtime (s): 0.3996143341064453
Finished EM iter: 17. Current nllh: 10967.44509546522
Starting EM iter: 18
Estep
Estep runtime (s): 0.21825695037841797
Mstep
Optimizing phi
Optimizing branch lengths. Current phi: 0. Current nu:0.321395616115383
Optimizing nu
Mstep runtime (s): 0.45538997650146484
Finished EM iter: 18. Current nllh: 10967.168057441475
Starting EM iter: 19
Estep
Estep runtime (s): 0.21744108200073242
Mstep
Optimizing phi
Optimizing branch lengths. Current phi: 0. Current nu:0.3215700328319765
Optimizing nu
Mstep runtime (s): 0.39122509956359863
Finished EM iter: 19. Current nllh: 10967.162779506292
Starting EM iter: 20
Estep
Estep runtime (s): 0.2218341827392578
Mstep
Optimizing phi
Optimizing branch lengths. Current phi: 0. Current nu:0.32180379147573307
Optimizing nu
Mstep runtime (s): 0.4161801338195801
Finished EM iter: 20. Current nllh: 10967.157959920729
Starting EM iter: 21
Estep
Estep runtime (s): 0.22516512870788574
Mstep
Optimizing phi
Optimizing branch lengths. Current phi: 0. Current nu:0.32188841236680504
Optimizing nu
Mstep runtime (s): 0.3919510841369629
Finished EM iter: 21. Current nllh: 10967.155395543357
Starting EM iter: 22
Estep
Estep runtime (s): 0.2176990509033203
Mstep
Optimizing phi
Optimizing branch lengths. Current phi: 0. Current nu:0.32191958385867936
Optimizing nu
Mstep runtime (s): 0.4091930389404297
Finished EM iter: 22. Current nllh: 10967.153782465464
Starting EM iter: 23
Estep
Estep runtime (s): 0.21778297424316406
Mstep
Optimizing phi
Optimizing branch lengths. Current phi: 0. Current nu:0.32193162390948904
Optimizing nu
Mstep runtime (s): 0.4006929397583008
Finished EM iter: 23. Current nllh: 10967.152586579094
Starting EM iter: 24
Estep
Estep runtime (s): 0.21797609329223633
Mstep
Optimizing phi
Optimizing branch lengths. Current phi: 0. Current nu:0.3219367446857239
Optimizing nu
Mstep runtime (s): 0.40193891525268555
Finished EM iter: 24. Current nllh: 10967.15159206497
Starting EM iter: 25
Estep
Estep runtime (s): 0.21701908111572266
Mstep
Optimizing phi
Optimizing branch lengths. Current phi: 0. Current nu:0.321939710466454
Optimizing nu
Mstep runtime (s): 0.40921926498413086
Finished EM iter: 25. Current nllh: 10967.150735099463
Starting EM iter: 26
Estep
Estep runtime (s): 0.21903181076049805
Mstep
Optimizing phi
Optimizing branch lengths. Current phi: 0. Current nu:0.3219413601552316
Optimizing nu
Mstep runtime (s): 0.4466848373413086
Finished EM iter: 26. Current nllh: 10967.149824598904
Starting EM iter: 27
Estep
Estep runtime (s): 0.22109007835388184
Mstep
Optimizing phi
Optimizing branch lengths. Current phi: 0. Current nu:0.3219408467921577
Optimizing nu
Mstep runtime (s): 0.4224269390106201
Finished EM iter: 27. Current nllh: 10967.149324507915
Starting EM iter: 28
Estep
Estep runtime (s): 0.21811795234680176
Mstep
Optimizing phi
Optimizing branch lengths. Current phi: 0. Current nu:0.32194289288889827
Optimizing nu
Mstep runtime (s): 0.4562649726867676
Finished EM iter: 28. Current nllh: 10967.14869618768
Starting EM iter: 29
Estep
Estep runtime (s): 0.2175579071044922
Mstep
Optimizing phi
Optimizing branch lengths. Current phi: 0. Current nu:0.32194387089877363
Optimizing nu
Mstep runtime (s): 0.3936901092529297
Finished EM iter: 29. Current nllh: 10967.148133740628
Starting EM iter: 30
Estep
Estep runtime (s): 0.2191929817199707
Mstep
Optimizing phi
Optimizing branch lengths. Current phi: 0. Current nu:0.3219446977727735
Optimizing nu
Mstep runtime (s): 0.463641881942749
Finished EM iter: 30. Current nllh: 10967.147161157134
Starting EM iter: 31
Estep
Estep runtime (s): 0.21659278869628906
Mstep
Optimizing phi
Optimizing branch lengths. Current phi: 0. Current nu:0.321944163423348
Optimizing nu
Mstep runtime (s): 0.3959310054779053
Finished EM iter: 31. Current nllh: 10967.147192578075
EM finished after 31 iterations.
Optimal phi: 0. Optimal nu: 0.32194540212082273. Optimal nllh: 10967.147192578075
Optimal point found for initial point 1
Numerical optimization finished successfully
Tree height pre-scaling: 0.7407225297223669, input timescale: 1.0
Tree height after scaling: 1.0, mutation rate: 0.7407225297223669
Tree height pre-scaling: 0.7407225296882046, input timescale: 1.0
Tree height after scaling: 1.0, mutation rate: 0.7407225296882046
Tree height pre-scaling: 0.7407225296545227, input timescale: 1.0
Tree height after scaling: 0.9999999999999999, mutation rate: 0.7407225296545227
Tree height pre-scaling: 0.7407225297195064, input timescale: 1.0
Tree height after scaling: 1.0, mutation rate: 0.7407225297195064
Tree height pre-scaling: 0.7407225296370653, input timescale: 1.0
Tree height after scaling: 1.0, mutation rate: 0.7407225296370653
Tree height pre-scaling: 0.7407225297364431, input timescale: 1.0
Tree height after scaling: 1.0, mutation rate: 0.7407225297364431
Tree height pre-scaling: 0.740722529800628, input timescale: 1.0
Tree height after scaling: 1.0, mutation rate: 0.740722529800628
Tree height pre-scaling: 0.7407225298639897, input timescale: 1.0
Tree height after scaling: 1.0000000000000002, mutation rate: 0.7407225298639897
Tree height pre-scaling: 0.74072252975858, input timescale: 1.0
Tree height after scaling: 1.0000000000000002, mutation rate: 0.74072252975858
Tree height pre-scaling: 0.7407225298568418, input timescale: 1.0
Tree height after scaling: 0.9999999999999999, mutation rate: 0.7407225298568418
Tree height pre-scaling: 0.7407225297076744, input timescale: 1.0
Tree height after scaling: 1.0, mutation rate: 0.7407225297076744
Tree height pre-scaling: 0.7407225297862583, input timescale: 1.0
Tree height after scaling: 1.0, mutation rate: 0.7407225297862583
Tree height pre-scaling: 0.7407225297785264, input timescale: 1.0
Tree height after scaling: 1.0, mutation rate: 0.7407225297785264
Tree height pre-scaling: 0.7407225295937223, input timescale: 1.0
Tree height after scaling: 1.0, mutation rate: 0.7407225295937223
Tree height pre-scaling: 0.7407225297114286, input timescale: 1.0
Tree height after scaling: 1.0, mutation rate: 0.7407225297114286
Tree height pre-scaling: 0.7407225300738095, input timescale: 1.0
Tree height after scaling: 0.9999999999999999, mutation rate: 0.7407225300738095
Tree height pre-scaling: 0.7407225315738617, input timescale: 1.0
Tree height after scaling: 1.0, mutation rate: 0.7407225315738617
Runtime (s): 21.943918583
