Launching LAML version 0.0.4
LAML was called as follows: /Users/uym2/my_gits/LAML/run_laml.py -c ../../evaluation/Bar23/Bar23_character_matrix.txt -t place_outlier1/augmented_tree_132.nwk -o place_outlier1/augmented_tree_132_optimized -v -p ../../evaluation/Bar23/Bar23_priors.pickle --delimiter tab -m -1 --nInitials 1
Prior keys mismatch with site names.
Prior keys: [0, 1, 2, 3, 4, 5, 6, 7, 8, 9, 10, 11, 12, 13, 14, 15, 16, 17, 18, 19, 20, 21, 22, 23, 24, 25, 26, 27, 28]
Site names: ['r1', 'r2', 'r3', 'r4', 'r5', 'r6', 'r7', 'r8', 'r9', 'r10', 'r11', 'r12', 'r13', 'r14', 'r15', 'r16', 'r17', 'r18', 'r19', 'r20', 'r21', 'r22', 'r23', 'r24', 'r25', 'r26', 'r27', 'r28', 'r29', 'r30']
Attempting to infer mapping between site names and prior keys...
Not all site names are present in the dictionary. Trying offset...
Offset between input site names and prior keys is assumed to be 1
Missing priors at site r30, filling in uniform priors...
{'r1': 0, 'r2': 1, 'r3': 2, 'r4': 3, 'r5': 4, 'r6': 5, 'r7': 6, 'r8': 7, 'r9': 8, 'r10': 9, 'r11': 10, 'r12': 11, 'r13': 12, 'r14': 13, 'r15': 14, 'r16': 15, 'r17': 16, 'r18': 17, 'r19': 18, 'r20': 19, 'r21': 20, 'r22': 21, 'r23': 22, 'r24': 23, 'r25': 24, 'r26': 25, 'r27': 26, 'r28': 27, 'r29': 28, 'r30': 29}
Optimizing branch lengths, phi, and nu without topology search
Optimization by EM algorithm
Optimization start with 1 initials
Initial point 1. Random seed: 6169
Numerical optimization started with ultrametric constraint (default)
Initial phi: 0.42040365143850006. Initial nu: 0.003940107369315571. Initial nllh: 15674.002776309728
Starting EM iter: 1
Estep
Estep runtime (s): 0.1577601432800293
Mstep
Optimizing phi
Optimizing branch lengths. Current phi: 0.1579121957684382. Current nu:0.003940107369315571
Optimizing nu
Mstep runtime (s): 0.7092819213867188
Finished EM iter: 1. Current nllh: 11851.785190762825
Starting EM iter: 2
Estep
Estep runtime (s): 0.21694397926330566
Mstep
Optimizing phi
Optimizing branch lengths. Current phi: 0.08921458507011257. Current nu:0.025354414420672627
Optimizing nu
Mstep runtime (s): 0.6672828197479248
Finished EM iter: 2. Current nllh: 11280.24490091831
Starting EM iter: 3
Estep
Estep runtime (s): 0.21647906303405762
Mstep
Optimizing phi
Optimizing branch lengths. Current phi: 0.055632254691815555. Current nu:0.08358712135486583
Optimizing nu
Mstep runtime (s): 0.604055643081665
Finished EM iter: 3. Current nllh: 11046.367694816408
Starting EM iter: 4
Estep
Estep runtime (s): 0.2164762020111084
Mstep
Optimizing phi
Optimizing branch lengths. Current phi: 0.03676452548969411. Current nu:0.14378074495226464
Optimizing nu
Mstep runtime (s): 0.5616040229797363
Finished EM iter: 4. Current nllh: 10936.660438113184
Starting EM iter: 5
Estep
Estep runtime (s): 0.21640396118164062
Mstep
Optimizing phi
Optimizing branch lengths. Current phi: 0.02511829809114223. Current nu:0.1919594526822954
Optimizing nu
Mstep runtime (s): 0.48661112785339355
Finished EM iter: 5. Current nllh: 10878.257333812397
Starting EM iter: 6
Estep
Estep runtime (s): 0.21805524826049805
Mstep
Optimizing phi
Optimizing branch lengths. Current phi: 0.017882061087112548. Current nu:0.22770112598475722
Optimizing nu
Mstep runtime (s): 0.5092489719390869
Finished EM iter: 6. Current nllh: 10850.299813386793
Starting EM iter: 7
Estep
Estep runtime (s): 0.2166280746459961
Mstep
Optimizing phi
Optimizing branch lengths. Current phi: 0.013353027283336675. Current nu:0.2529610092988389
Optimizing nu
Mstep runtime (s): 0.5324211120605469
Finished EM iter: 7. Current nllh: 10835.704496721699
Starting EM iter: 8
Estep
Estep runtime (s): 0.21653509140014648
Mstep
Optimizing phi
Optimizing branch lengths. Current phi: 0.010286628019734831. Current nu:0.2705117736794468
Optimizing nu
Mstep runtime (s): 0.5169429779052734
Finished EM iter: 8. Current nllh: 10826.133567057741
Starting EM iter: 9
Estep
Estep runtime (s): 0.21687602996826172
Mstep
Optimizing phi
Optimizing branch lengths. Current phi: 0.00796288480827342. Current nu:0.2830786799777897
Optimizing nu
Mstep runtime (s): 0.4428541660308838
Finished EM iter: 9. Current nllh: 10818.216936858164
Starting EM iter: 10
Estep
Estep runtime (s): 0.2169780731201172
Mstep
Optimizing phi
Optimizing branch lengths. Current phi: 0.006031216167153947. Current nu:0.2926856481668122
Optimizing nu
Mstep runtime (s): 0.4348948001861572
Finished EM iter: 10. Current nllh: 10811.474606423564
Starting EM iter: 11
Estep
Estep runtime (s): 0.2175428867340088
Mstep
Optimizing phi
Optimizing branch lengths. Current phi: 0.0044173790037081275. Current nu:0.3005444234897186
Optimizing nu
Mstep runtime (s): 0.43403005599975586
Finished EM iter: 11. Current nllh: 10806.228235993065
Starting EM iter: 12
Estep
Estep runtime (s): 0.2170419692993164
Mstep
Optimizing phi
Optimizing branch lengths. Current phi: 0.003143630598661562. Current nu:0.3071047384606107
Optimizing nu
Mstep runtime (s): 0.3980429172515869
Finished EM iter: 12. Current nllh: 10802.445720546646
Starting EM iter: 13
Estep
Estep runtime (s): 0.21718215942382812
Mstep
Optimizing phi
Optimizing branch lengths. Current phi: 0.002197268068805808. Current nu:0.3124195855227729
Optimizing nu
Mstep runtime (s): 0.4113900661468506
Finished EM iter: 13. Current nllh: 10799.817076549523
Starting EM iter: 14
Estep
Estep runtime (s): 0.21801018714904785
Mstep
Optimizing phi
Optimizing branch lengths. Current phi: 0.0015206321290284854. Current nu:0.3165236598968407
Optimizing nu
Mstep runtime (s): 0.47947072982788086
Finished EM iter: 14. Current nllh: 10798.00338454929
Starting EM iter: 15
Estep
Estep runtime (s): 0.2183971405029297
Mstep
Optimizing phi
Optimizing branch lengths. Current phi: 0.001046498227987661. Current nu:0.31956784447552755
Optimizing nu
Mstep runtime (s): 0.4704899787902832
Finished EM iter: 15. Current nllh: 10796.75617002699
Starting EM iter: 16
Estep
Estep runtime (s): 0.21773910522460938
Mstep
Optimizing phi
Optimizing branch lengths. Current phi: 0.000717795817537876. Current nu:0.3217604025569424
Optimizing nu
Mstep runtime (s): 0.4773397445678711
Finished EM iter: 16. Current nllh: 10795.900057300474
Starting EM iter: 17
Estep
Estep runtime (s): 0.21691393852233887
Mstep
Optimizing phi
Optimizing branch lengths. Current phi: 0.0004913085706354688. Current nu:0.3233119266473116
Optimizing nu
Mstep runtime (s): 0.45720911026000977
Finished EM iter: 17. Current nllh: 10795.313873179965
Starting EM iter: 18
Estep
Estep runtime (s): 0.2178821563720703
Mstep
Optimizing phi
Optimizing branch lengths. Current phi: 0.00033583023577421527. Current nu:0.3243965950426087
Optimizing nu
Mstep runtime (s): 0.46561503410339355
Finished EM iter: 18. Current nllh: 10794.913108534845
Starting EM iter: 19
Estep
Estep runtime (s): 0.21819305419921875
Mstep
Optimizing phi
Optimizing branch lengths. Current phi: 0.00022934913809181606. Current nu:0.32514941594897506
Optimizing nu
Mstep runtime (s): 0.48693013191223145
Finished EM iter: 19. Current nllh: 10794.639395510374
Starting EM iter: 20
Estep
Estep runtime (s): 0.22548508644104004
Mstep
Optimizing phi
Optimizing branch lengths. Current phi: 0.00015653650799647576. Current nu:0.3256687586945828
Optimizing nu
Mstep runtime (s): 0.470736026763916
Finished EM iter: 20. Current nllh: 10794.452200552492
Starting EM iter: 21
Estep
Estep runtime (s): 0.217454195022583
Mstep
Optimizing phi
Optimizing branch lengths. Current phi: 0.00010679740947483106. Current nu:0.3260257685982946
Optimizing nu
Mstep runtime (s): 0.43744492530822754
Finished EM iter: 21. Current nllh: 10794.325104816668
Starting EM iter: 22
Estep
Estep runtime (s): 0.21880102157592773
Mstep
Optimizing phi
Optimizing branch lengths. Current phi: 0. Current nu:0.326271608829148
Optimizing nu
Mstep runtime (s): 0.4434380531311035
Finished EM iter: 22. Current nllh: 10794.062110847286
Starting EM iter: 23
Estep
Estep runtime (s): 0.21753311157226562
Mstep
Optimizing phi
Optimizing branch lengths. Current phi: 0. Current nu:0.3264396280098531
Optimizing nu
Mstep runtime (s): 0.4747200012207031
Finished EM iter: 23. Current nllh: 10794.059243383623
Starting EM iter: 24
Estep
Estep runtime (s): 0.21671700477600098
Mstep
Optimizing phi
Optimizing branch lengths. Current phi: 0. Current nu:0.32667121330885235
Optimizing nu
Mstep runtime (s): 0.5089001655578613
Finished EM iter: 24. Current nllh: 10794.054756283434
Starting EM iter: 25
Estep
Estep runtime (s): 0.2168598175048828
Mstep
Optimizing phi
Optimizing branch lengths. Current phi: 0. Current nu:0.32675591999179016
Optimizing nu
Mstep runtime (s): 0.46489906311035156
Finished EM iter: 25. Current nllh: 10794.05285698915
Starting EM iter: 26
Estep
Estep runtime (s): 0.21706104278564453
Mstep
Optimizing phi
Optimizing branch lengths. Current phi: 0. Current nu:0.3267866810317408
Optimizing nu
Mstep runtime (s): 0.4265737533569336
Finished EM iter: 26. Current nllh: 10794.052137467663
Starting EM iter: 27
Estep
Estep runtime (s): 0.21721410751342773
Mstep
Optimizing phi
Optimizing branch lengths. Current phi: 0. Current nu:0.3267983631082877
Optimizing nu
Mstep runtime (s): 0.44584035873413086
Finished EM iter: 27. Current nllh: 10794.051854727488
Starting EM iter: 28
Estep
Estep runtime (s): 0.21718287467956543
Mstep
Optimizing phi
Optimizing branch lengths. Current phi: 0. Current nu:0.32680295482771604
Optimizing nu
Mstep runtime (s): 0.44470715522766113
Finished EM iter: 28. Current nllh: 10794.051743227223
Starting EM iter: 29
Estep
Estep runtime (s): 0.21766400337219238
Mstep
Optimizing phi
Optimizing branch lengths. Current phi: 0. Current nu:0.3268046763119577
Optimizing nu
Mstep runtime (s): 0.46666598320007324
Finished EM iter: 29. Current nllh: 10794.051520427696
Starting EM iter: 30
Estep
Estep runtime (s): 0.21809887886047363
Mstep
Optimizing phi
Optimizing branch lengths. Current phi: 0. Current nu:0.3268050890117092
Optimizing nu
Mstep runtime (s): 0.42389488220214844
Finished EM iter: 30. Current nllh: 10794.051656288482
Starting EM iter: 31
Estep
Estep runtime (s): 0.21609282493591309
Mstep
Optimizing phi
Optimizing branch lengths. Current phi: 0. Current nu:0.3268064672662045
Optimizing nu
Mstep runtime (s): 0.40496301651000977
Finished EM iter: 31. Current nllh: 10794.051605751132
EM finished after 31 iterations.
Optimal phi: 0. Optimal nu: 0.32680740314470247. Optimal nllh: 10794.051605751132
Optimal point found for initial point 1
Numerical optimization finished successfully
Tree height pre-scaling: 0.6884565138143423, input timescale: 1.0
Tree height after scaling: 0.9999999999999999, mutation rate: 0.6884565138143423
Tree height pre-scaling: 0.6884565139546771, input timescale: 1.0
Tree height after scaling: 1.0, mutation rate: 0.6884565139546771
Tree height pre-scaling: 0.6884565137764523, input timescale: 1.0
Tree height after scaling: 1.0000000000000002, mutation rate: 0.6884565137764523
Tree height pre-scaling: 0.6884565137518879, input timescale: 1.0
Tree height after scaling: 1.0, mutation rate: 0.6884565137518879
Tree height pre-scaling: 0.688456513722348, input timescale: 1.0
Tree height after scaling: 0.9999999999999999, mutation rate: 0.688456513722348
Tree height pre-scaling: 0.6884565138630474, input timescale: 1.0
Tree height after scaling: 1.0, mutation rate: 0.6884565138630474
Tree height pre-scaling: 0.688456513959459, input timescale: 1.0
Tree height after scaling: 0.9999999999999999, mutation rate: 0.688456513959459
Tree height pre-scaling: 0.6884565138659552, input timescale: 1.0
Tree height after scaling: 1.0, mutation rate: 0.6884565138659552
Tree height pre-scaling: 0.68845651393285, input timescale: 1.0
Tree height after scaling: 1.0000000000000002, mutation rate: 0.68845651393285
Tree height pre-scaling: 0.6884565138153745, input timescale: 1.0
Tree height after scaling: 1.0, mutation rate: 0.6884565138153745
Tree height pre-scaling: 0.6884565140452937, input timescale: 1.0
Tree height after scaling: 1.0, mutation rate: 0.6884565140452937
Tree height pre-scaling: 0.6884565138844668, input timescale: 1.0
Tree height after scaling: 1.0, mutation rate: 0.6884565138844668
Tree height pre-scaling: 0.6884565138322171, input timescale: 1.0
Tree height after scaling: 1.0, mutation rate: 0.6884565138322171
Tree height pre-scaling: 0.6884565138509401, input timescale: 1.0
Tree height after scaling: 1.0, mutation rate: 0.6884565138509401
Tree height pre-scaling: 0.6884565139040191, input timescale: 1.0
Tree height after scaling: 0.9999999999999999, mutation rate: 0.6884565139040191
Tree height pre-scaling: 0.6884565138085508, input timescale: 1.0
Tree height after scaling: 1.0, mutation rate: 0.6884565138085508
Tree height pre-scaling: 0.6884565138989196, input timescale: 1.0
Tree height after scaling: 1.0, mutation rate: 0.6884565138989196
Runtime (s): 23.898503959
