Launching LAML version 0.0.4
LAML was called as follows: /Users/uym2/my_gits/LAML/run_laml.py -c ../../evaluation/Bar23/Bar23_character_matrix.txt -t place_outlier1/augmented_tree_141.nwk -o place_outlier1/augmented_tree_141_optimized -v -p ../../evaluation/Bar23/Bar23_priors.pickle --delimiter tab -m -1 --nInitials 1
Prior keys mismatch with site names.
Prior keys: [0, 1, 2, 3, 4, 5, 6, 7, 8, 9, 10, 11, 12, 13, 14, 15, 16, 17, 18, 19, 20, 21, 22, 23, 24, 25, 26, 27, 28]
Site names: ['r1', 'r2', 'r3', 'r4', 'r5', 'r6', 'r7', 'r8', 'r9', 'r10', 'r11', 'r12', 'r13', 'r14', 'r15', 'r16', 'r17', 'r18', 'r19', 'r20', 'r21', 'r22', 'r23', 'r24', 'r25', 'r26', 'r27', 'r28', 'r29', 'r30']
Attempting to infer mapping between site names and prior keys...
Not all site names are present in the dictionary. Trying offset...
Offset between input site names and prior keys is assumed to be 1
Missing priors at site r30, filling in uniform priors...
{'r1': 0, 'r2': 1, 'r3': 2, 'r4': 3, 'r5': 4, 'r6': 5, 'r7': 6, 'r8': 7, 'r9': 8, 'r10': 9, 'r11': 10, 'r12': 11, 'r13': 12, 'r14': 13, 'r15': 14, 'r16': 15, 'r17': 16, 'r18': 17, 'r19': 18, 'r20': 19, 'r21': 20, 'r22': 21, 'r23': 22, 'r24': 23, 'r25': 24, 'r26': 25, 'r27': 26, 'r28': 27, 'r29': 28, 'r30': 29}
Optimizing branch lengths, phi, and nu without topology search
Optimization by EM algorithm
Optimization start with 1 initials
Initial point 1. Random seed: 5048
Numerical optimization started with ultrametric constraint (default)
Initial phi: 0.7700555431422673. Initial nu: 0.3402432513735556. Initial nllh: 22587.196426107854
Starting EM iter: 1
Estep
Estep runtime (s): 0.16012001037597656
Mstep
Optimizing phi
Optimizing branch lengths. Current phi: 0.14744443387129097. Current nu:0.3402432513735556
Optimizing nu
Mstep runtime (s): 0.4581429958343506
Finished EM iter: 1. Current nllh: 11448.731264367925
Starting EM iter: 2
Estep
Estep runtime (s): 0.2243342399597168
Mstep
Optimizing phi
Optimizing branch lengths. Current phi: 0.06733651525723362. Current nu:0.1347786342035037
Optimizing nu
Mstep runtime (s): 0.5672829151153564
Finished EM iter: 2. Current nllh: 10838.284102543059
Starting EM iter: 3
Estep
Estep runtime (s): 0.22210407257080078
Mstep
Optimizing phi
Optimizing branch lengths. Current phi: 0.04089161806392002. Current nu:0.13978163786008777
Optimizing nu
Mstep runtime (s): 0.5635671615600586
Finished EM iter: 3. Current nllh: 10678.261899553901
Starting EM iter: 4
Estep
Estep runtime (s): 0.22968387603759766
Mstep
Optimizing phi
Optimizing branch lengths. Current phi: 0.026753711746172693. Current nu:0.18004686638932965
Optimizing nu
Mstep runtime (s): 0.5490751266479492
Finished EM iter: 4. Current nllh: 10603.969311623341
Starting EM iter: 5
Estep
Estep runtime (s): 0.2284388542175293
Mstep
Optimizing phi
Optimizing branch lengths. Current phi: 0.018414797280309893. Current nu:0.21666974476776107
Optimizing nu
Mstep runtime (s): 0.5015628337860107
Finished EM iter: 5. Current nllh: 10570.07755804082
Starting EM iter: 6
Estep
Estep runtime (s): 0.2244882583618164
Mstep
Optimizing phi
Optimizing branch lengths. Current phi: 0.013373777978215713. Current nu:0.24425817594729726
Optimizing nu
Mstep runtime (s): 0.48842287063598633
Finished EM iter: 6. Current nllh: 10553.04152529504
Starting EM iter: 7
Estep
Estep runtime (s): 0.22537493705749512
Mstep
Optimizing phi
Optimizing branch lengths. Current phi: 0.010040394566185126. Current nu:0.26390504786499625
Optimizing nu
Mstep runtime (s): 0.5064780712127686
Finished EM iter: 7. Current nllh: 10542.267373851984
Starting EM iter: 8
Estep
Estep runtime (s): 0.22550511360168457
Mstep
Optimizing phi
Optimizing branch lengths. Current phi: 0.00757556193671722. Current nu:0.277978797619784
Optimizing nu
Mstep runtime (s): 0.5569689273834229
Finished EM iter: 8. Current nllh: 10533.712412545643
Starting EM iter: 9
Estep
Estep runtime (s): 0.22443914413452148
Mstep
Optimizing phi
Optimizing branch lengths. Current phi: 0.0055874704351533445. Current nu:0.28857283522464017
Optimizing nu
Mstep runtime (s): 0.41316819190979004
Finished EM iter: 9. Current nllh: 10526.6844295783
Starting EM iter: 10
Estep
Estep runtime (s): 0.22109174728393555
Mstep
Optimizing phi
Optimizing branch lengths. Current phi: 0.0039832299019616066. Current nu:0.29701971841817704
Optimizing nu
Mstep runtime (s): 0.46830201148986816
Finished EM iter: 10. Current nllh: 10521.393747538494
Starting EM iter: 11
Estep
Estep runtime (s): 0.22277307510375977
Mstep
Optimizing phi
Optimizing branch lengths. Current phi: 0.002762094534932655. Current nu:0.3038500855682507
Optimizing nu
Mstep runtime (s): 0.46536707878112793
Finished EM iter: 11. Current nllh: 10517.686732930588
Starting EM iter: 12
Estep
Estep runtime (s): 0.22128009796142578
Mstep
Optimizing phi
Optimizing branch lengths. Current phi: 0.001883564840969289. Current nu:0.30919986623950213
Optimizing nu
Mstep runtime (s): 0.4462878704071045
Finished EM iter: 12. Current nllh: 10515.164444105834
Starting EM iter: 13
Estep
Estep runtime (s): 0.22310996055603027
Mstep
Optimizing phi
Optimizing branch lengths. Current phi: 0.0012725645806625618. Current nu:0.31320347900629464
Optimizing nu
Mstep runtime (s): 0.47376489639282227
Finished EM iter: 13. Current nllh: 10513.461878256738
Starting EM iter: 14
Estep
Estep runtime (s): 0.22774124145507812
Mstep
Optimizing phi
Optimizing branch lengths. Current phi: 0.0008551704543562677. Current nu:0.3160901675891527
Optimizing nu
Mstep runtime (s): 0.5663743019104004
Finished EM iter: 14. Current nllh: 10512.316982575028
Starting EM iter: 15
Estep
Estep runtime (s): 0.22085094451904297
Mstep
Optimizing phi
Optimizing branch lengths. Current phi: 0.000572822999874959. Current nu:0.3181181621792347
Optimizing nu
Mstep runtime (s): 0.579287052154541
Finished EM iter: 15. Current nllh: 10511.549895595392
Starting EM iter: 16
Estep
Estep runtime (s): 0.2206869125366211
Mstep
Optimizing phi
Optimizing branch lengths. Current phi: 0.00038291955448634514. Current nu:0.3195192433056595
Optimizing nu
Mstep runtime (s): 0.572180986404419
Finished EM iter: 16. Current nllh: 10511.036461691761
Starting EM iter: 17
Estep
Estep runtime (s): 0.22928619384765625
Mstep
Optimizing phi
Optimizing branch lengths. Current phi: 0.000255641477442726. Current nu:0.32047477928477486
Optimizing nu
Mstep runtime (s): 0.4686546325683594
Finished EM iter: 17. Current nllh: 10510.694059371672
Starting EM iter: 18
Estep
Estep runtime (s): 0.2274489402770996
Mstep
Optimizing phi
Optimizing branch lengths. Current phi: 0.00017052528022270646. Current nu:0.3211229142725817
Optimizing nu
Mstep runtime (s): 0.48204803466796875
Finished EM iter: 18. Current nllh: 10510.464788376705
Starting EM iter: 19
Estep
Estep runtime (s): 0.2212827205657959
Mstep
Optimizing phi
Optimizing branch lengths. Current phi: 0.00011368601542751115. Current nu:0.32156093681952974
Optimizing nu
Mstep runtime (s): 0.4591250419616699
Finished EM iter: 19. Current nllh: 10510.312471141597
Starting EM iter: 20
Estep
Estep runtime (s): 0.22031903266906738
Mstep
Optimizing phi
Optimizing branch lengths. Current phi: 0. Current nu:0.3218548918468542
Optimizing nu
Mstep runtime (s): 0.593001127243042
Finished EM iter: 20. Current nllh: 10510.01966686751
Starting EM iter: 21
Estep
Estep runtime (s): 0.21996593475341797
Mstep
Optimizing phi
Optimizing branch lengths. Current phi: 0. Current nu:0.32205223245228126
Optimizing nu
Mstep runtime (s): 0.42978596687316895
Finished EM iter: 21. Current nllh: 10510.015794699873
Starting EM iter: 22
Estep
Estep runtime (s): 0.22083497047424316
Mstep
Optimizing phi
Optimizing branch lengths. Current phi: 0. Current nu:0.32230593445950484
Optimizing nu
Mstep runtime (s): 0.6179831027984619
Finished EM iter: 22. Current nllh: 10510.011181376054
Starting EM iter: 23
Estep
Estep runtime (s): 0.21970295906066895
Mstep
Optimizing phi
Optimizing branch lengths. Current phi: 0. Current nu:0.3223973544549686
Optimizing nu
Mstep runtime (s): 0.43616485595703125
Finished EM iter: 23. Current nllh: 10510.009391485597
Starting EM iter: 24
Estep
Estep runtime (s): 0.22012996673583984
Mstep
Optimizing phi
Optimizing branch lengths. Current phi: 0. Current nu:0.32243094287794954
Optimizing nu
Mstep runtime (s): 0.49828386306762695
Finished EM iter: 24. Current nllh: 10510.008229040754
Starting EM iter: 25
Estep
Estep runtime (s): 0.22055602073669434
Mstep
Optimizing phi
Optimizing branch lengths. Current phi: 0. Current nu:0.32244325100913657
Optimizing nu
Mstep runtime (s): 0.455535888671875
Finished EM iter: 25. Current nllh: 10510.008064875248
Starting EM iter: 26
Estep
Estep runtime (s): 0.2200767993927002
Mstep
Optimizing phi
Optimizing branch lengths. Current phi: 0. Current nu:0.32244810222721776
Optimizing nu
Mstep runtime (s): 0.46056199073791504
Finished EM iter: 26. Current nllh: 10510.007925086347
Starting EM iter: 27
Estep
Estep runtime (s): 0.21984410285949707
Mstep
Optimizing phi
Optimizing branch lengths. Current phi: 0. Current nu:0.32245051319703893
Optimizing nu
Mstep runtime (s): 0.46495723724365234
Finished EM iter: 27. Current nllh: 10510.008182816255
Starting EM iter: 28
Estep
Estep runtime (s): 0.22013282775878906
Mstep
Optimizing phi
Optimizing branch lengths. Current phi: 0. Current nu:0.32245260958274286
Optimizing nu
Mstep runtime (s): 0.4888126850128174
Finished EM iter: 28. Current nllh: 10510.007737385367
Starting EM iter: 29
Estep
Estep runtime (s): 0.22025179862976074
Mstep
Optimizing phi
Optimizing branch lengths. Current phi: 0. Current nu:0.322453098668569
Optimizing nu
Mstep runtime (s): 0.5362529754638672
Finished EM iter: 29. Current nllh: 10510.007667615278
EM finished after 29 iterations.
Optimal phi: 0. Optimal nu: 0.3224535178047624. Optimal nllh: 10510.007667615278
Optimal point found for initial point 1
Numerical optimization finished successfully
Tree height pre-scaling: 0.7072038884278797, input timescale: 1.0
Tree height after scaling: 1.0, mutation rate: 0.7072038884278797
Tree height pre-scaling: 0.7072039632291354, input timescale: 1.0
Tree height after scaling: 1.0, mutation rate: 0.7072039632291354
Tree height pre-scaling: 0.707203863809717, input timescale: 1.0
Tree height after scaling: 1.0, mutation rate: 0.707203863809717
Tree height pre-scaling: 0.7072038511978407, input timescale: 1.0
Tree height after scaling: 1.0, mutation rate: 0.7072038511978407
Tree height pre-scaling: 0.7072038308488096, input timescale: 1.0
Tree height after scaling: 1.0, mutation rate: 0.7072038308488096
Tree height pre-scaling: 0.7072039143012717, input timescale: 1.0
Tree height after scaling: 1.0, mutation rate: 0.7072039143012717
Tree height pre-scaling: 0.7072039617858995, input timescale: 1.0
Tree height after scaling: 1.0, mutation rate: 0.7072039617858995
Tree height pre-scaling: 0.7072039088659128, input timescale: 1.0
Tree height after scaling: 1.0, mutation rate: 0.7072039088659128
Tree height pre-scaling: 0.7072039480712944, input timescale: 1.0
Tree height after scaling: 1.0, mutation rate: 0.7072039480712944
Tree height pre-scaling: 0.707203872793772, input timescale: 1.0
Tree height after scaling: 0.9999999999999999, mutation rate: 0.707203872793772
Tree height pre-scaling: 0.7072040058472879, input timescale: 1.0
Tree height after scaling: 1.0, mutation rate: 0.7072040058472879
Tree height pre-scaling: 0.7072039245718829, input timescale: 1.0
Tree height after scaling: 1.0, mutation rate: 0.7072039245718829
Tree height pre-scaling: 0.70720389622259, input timescale: 1.0
Tree height after scaling: 1.0, mutation rate: 0.70720389622259
Tree height pre-scaling: 0.707203895697785, input timescale: 1.0
Tree height after scaling: 0.9999999999999998, mutation rate: 0.707203895697785
Tree height pre-scaling: 0.7072039314828169, input timescale: 1.0
Tree height after scaling: 1.0, mutation rate: 0.7072039314828169
Tree height pre-scaling: 0.7072038781752509, input timescale: 1.0
Tree height after scaling: 1.0, mutation rate: 0.7072038781752509
Tree height pre-scaling: 0.7072042800377887, input timescale: 1.0
Tree height after scaling: 1.0, mutation rate: 0.7072042800377887
Runtime (s): 23.146014834
