Launching LAML version 0.0.4
LAML was called as follows: /Users/uym2/my_gits/LAML/run_laml.py -c ../../evaluation/Bar23/Bar23_character_matrix.txt -t place_outlier1/augmented_tree_72.nwk -o place_outlier1/augmented_tree_72_optimized -v -p ../../evaluation/Bar23/Bar23_priors.pickle --delimiter tab -m -1 --nInitials 1
Prior keys mismatch with site names.
Prior keys: [0, 1, 2, 3, 4, 5, 6, 7, 8, 9, 10, 11, 12, 13, 14, 15, 16, 17, 18, 19, 20, 21, 22, 23, 24, 25, 26, 27, 28]
Site names: ['r1', 'r2', 'r3', 'r4', 'r5', 'r6', 'r7', 'r8', 'r9', 'r10', 'r11', 'r12', 'r13', 'r14', 'r15', 'r16', 'r17', 'r18', 'r19', 'r20', 'r21', 'r22', 'r23', 'r24', 'r25', 'r26', 'r27', 'r28', 'r29', 'r30']
Attempting to infer mapping between site names and prior keys...
Not all site names are present in the dictionary. Trying offset...
Offset between input site names and prior keys is assumed to be 1
Missing priors at site r30, filling in uniform priors...
{'r1': 0, 'r2': 1, 'r3': 2, 'r4': 3, 'r5': 4, 'r6': 5, 'r7': 6, 'r8': 7, 'r9': 8, 'r10': 9, 'r11': 10, 'r12': 11, 'r13': 12, 'r14': 13, 'r15': 14, 'r16': 15, 'r17': 16, 'r18': 17, 'r19': 18, 'r20': 19, 'r21': 20, 'r22': 21, 'r23': 22, 'r24': 23, 'r25': 24, 'r26': 25, 'r27': 26, 'r28': 27, 'r29': 28, 'r30': 29}
Optimizing branch lengths, phi, and nu without topology search
Optimization by EM algorithm
Optimization start with 1 initials
Initial point 1. Random seed: 552
Numerical optimization started with ultrametric constraint (default)
Initial phi: 0.8622966806795886. Initial nu: 0.344931471517745. Initial nllh: 25914.419110359617
Starting EM iter: 1
Estep
Estep runtime (s): 0.16836810111999512
Mstep
Optimizing phi
Optimizing branch lengths. Current phi: 0.16539657439639216. Current nu:0.344931471517745
Optimizing nu
Mstep runtime (s): 0.43674397468566895
Finished EM iter: 1. Current nllh: 11491.910762410302
Starting EM iter: 2
Estep
Estep runtime (s): 0.21793270111083984
Mstep
Optimizing phi
Optimizing branch lengths. Current phi: 0.07085877907882472. Current nu:0.12493868473086034
Optimizing nu
Mstep runtime (s): 0.5509669780731201
Finished EM iter: 2. Current nllh: 10810.613564152518
Starting EM iter: 3
Estep
Estep runtime (s): 0.21721696853637695
Mstep
Optimizing phi
Optimizing branch lengths. Current phi: 0.04308121595852304. Current nu:0.12966613536372348
Optimizing nu
Mstep runtime (s): 0.5253582000732422
Finished EM iter: 3. Current nllh: 10639.731262908128
Starting EM iter: 4
Estep
Estep runtime (s): 0.21714401245117188
Mstep
Optimizing phi
Optimizing branch lengths. Current phi: 0.028167438617751464. Current nu:0.1725378852722155
Optimizing nu
Mstep runtime (s): 0.6718828678131104
Finished EM iter: 4. Current nllh: 10563.647090108467
Starting EM iter: 5
Estep
Estep runtime (s): 0.21777009963989258
Mstep
Optimizing phi
Optimizing branch lengths. Current phi: 0.01940927774229543. Current nu:0.2115534882427917
Optimizing nu
Mstep runtime (s): 0.4437692165374756
Finished EM iter: 5. Current nllh: 10527.532874423787
Starting EM iter: 6
Estep
Estep runtime (s): 0.21724891662597656
Mstep
Optimizing phi
Optimizing branch lengths. Current phi: 0.01408773690525188. Current nu:0.2408372876176056
Optimizing nu
Mstep runtime (s): 0.484342098236084
Finished EM iter: 6. Current nllh: 10509.381351662483
Starting EM iter: 7
Estep
Estep runtime (s): 0.2181382179260254
Mstep
Optimizing phi
Optimizing branch lengths. Current phi: 0.010600570140270472. Current nu:0.2615611190992723
Optimizing nu
Mstep runtime (s): 0.5210330486297607
Finished EM iter: 7. Current nllh: 10498.269786505673
Starting EM iter: 8
Estep
Estep runtime (s): 0.21745610237121582
Mstep
Optimizing phi
Optimizing branch lengths. Current phi: 0.008057836959928904. Current nu:0.27629078476579294
Optimizing nu
Mstep runtime (s): 0.48855090141296387
Finished EM iter: 8. Current nllh: 10489.575572615702
Starting EM iter: 9
Estep
Estep runtime (s): 0.21814489364624023
Mstep
Optimizing phi
Optimizing branch lengths. Current phi: 0.006009445441373297. Current nu:0.28728432994806935
Optimizing nu
Mstep runtime (s): 0.5111818313598633
Finished EM iter: 9. Current nllh: 10482.247628837025
Starting EM iter: 10
Estep
Estep runtime (s): 0.21747779846191406
Mstep
Optimizing phi
Optimizing branch lengths. Current phi: 0.004329594516347797. Current nu:0.2960275801235175
Optimizing nu
Mstep runtime (s): 0.45950913429260254
Finished EM iter: 10. Current nllh: 10476.60921920956
Starting EM iter: 11
Estep
Estep runtime (s): 0.2177588939666748
Mstep
Optimizing phi
Optimizing branch lengths. Current phi: 0.0030265040618275294. Current nu:0.30317113282788954
Optimizing nu
Mstep runtime (s): 0.44891786575317383
Finished EM iter: 11. Current nllh: 10472.600687284254
Starting EM iter: 12
Estep
Estep runtime (s): 0.21822333335876465
Mstep
Optimizing phi
Optimizing branch lengths. Current phi: 0.0020758460316450096. Current nu:0.3088510950796554
Optimizing nu
Mstep runtime (s): 0.423691987991333
Finished EM iter: 12. Current nllh: 10469.852047918157
Starting EM iter: 13
Estep
Estep runtime (s): 0.22148489952087402
Mstep
Optimizing phi
Optimizing branch lengths. Current phi: 0.0014087481034429795. Current nu:0.3131619878423916
Optimizing nu
Mstep runtime (s): 0.46021294593811035
Finished EM iter: 13. Current nllh: 10467.987295050058
Starting EM iter: 14
Estep
Estep runtime (s): 0.21815800666809082
Mstep
Optimizing phi
Optimizing branch lengths. Current phi: 0.0009502402326420032. Current nu:0.3163040433328729
Optimizing nu
Mstep runtime (s): 0.42725205421447754
Finished EM iter: 14. Current nllh: 10466.728083147344
Starting EM iter: 15
Estep
Estep runtime (s): 0.21784496307373047
Mstep
Optimizing phi
Optimizing branch lengths. Current phi: 0.0006386307259672019. Current nu:0.3185290426781966
Optimizing nu
Mstep runtime (s): 0.5507268905639648
Finished EM iter: 15. Current nllh: 10465.880773704015
Starting EM iter: 16
Estep
Estep runtime (s): 0.2177720069885254
Mstep
Optimizing phi
Optimizing branch lengths. Current phi: 0.0004282304775267491. Current nu:0.32007526611707926
Optimizing nu
Mstep runtime (s): 0.4175839424133301
Finished EM iter: 16. Current nllh: 10465.312115203398
Starting EM iter: 17
Estep
Estep runtime (s): 0.22123432159423828
Mstep
Optimizing phi
Optimizing branch lengths. Current phi: 0.0002867300991761794. Current nu:0.3211360322560718
Optimizing nu
Mstep runtime (s): 0.5160009860992432
Finished EM iter: 17. Current nllh: 10464.931119117147
Starting EM iter: 18
Estep
Estep runtime (s): 0.21814417839050293
Mstep
Optimizing phi
Optimizing branch lengths. Current phi: 0.00019180380395147459. Current nu:0.32185838538761635
Optimizing nu
Mstep runtime (s): 0.4174818992614746
Finished EM iter: 18. Current nllh: 10464.676141634955
Starting EM iter: 19
Estep
Estep runtime (s): 0.21820378303527832
Mstep
Optimizing phi
Optimizing branch lengths. Current phi: 0.00012822452948993348. Current nu:0.32234733327370746
Optimizing nu
Mstep runtime (s): 0.4392390251159668
Finished EM iter: 19. Current nllh: 10464.50562017295
Starting EM iter: 20
Estep
Estep runtime (s): 0.21838068962097168
Mstep
Optimizing phi
Optimizing branch lengths. Current phi: 0. Current nu:0.3226773341296168
Optimizing nu
Mstep runtime (s): 0.49675798416137695
Finished EM iter: 20. Current nllh: 10464.17600541788
Starting EM iter: 21
Estep
Estep runtime (s): 0.21720504760742188
Mstep
Optimizing phi
Optimizing branch lengths. Current phi: 0. Current nu:0.32289843778582256
Optimizing nu
Mstep runtime (s): 0.41957807540893555
Finished EM iter: 21. Current nllh: 10464.171313058428
Starting EM iter: 22
Estep
Estep runtime (s): 0.21821904182434082
Mstep
Optimizing phi
Optimizing branch lengths. Current phi: 0. Current nu:0.3231870181113741
Optimizing nu
Mstep runtime (s): 0.6288259029388428
Finished EM iter: 22. Current nllh: 10464.165685570597
Starting EM iter: 23
Estep
Estep runtime (s): 0.2171342372894287
Mstep
Optimizing phi
Optimizing branch lengths. Current phi: 0. Current nu:0.32329095300413513
Optimizing nu
Mstep runtime (s): 0.4820220470428467
Finished EM iter: 23. Current nllh: 10464.163518847146
Starting EM iter: 24
Estep
Estep runtime (s): 0.21779799461364746
Mstep
Optimizing phi
Optimizing branch lengths. Current phi: 0. Current nu:0.3233291938352408
Optimizing nu
Mstep runtime (s): 0.5390310287475586
Finished EM iter: 24. Current nllh: 10464.162491187757
Starting EM iter: 25
Estep
Estep runtime (s): 0.22031521797180176
Mstep
Optimizing phi
Optimizing branch lengths. Current phi: 0. Current nu:0.3233424366155347
Optimizing nu
Mstep runtime (s): 0.47620511054992676
Finished EM iter: 25. Current nllh: 10464.162094663307
Starting EM iter: 26
Estep
Estep runtime (s): 0.21785402297973633
Mstep
Optimizing phi
Optimizing branch lengths. Current phi: 0. Current nu:0.32334832353069104
Optimizing nu
Mstep runtime (s): 0.5497829914093018
Finished EM iter: 26. Current nllh: 10464.16217673482
EM finished after 26 iterations.
Optimal phi: 0. Optimal nu: 0.32335197687022493. Optimal nllh: 10464.16217673482
Optimal point found for initial point 1
Numerical optimization finished successfully
Tree height pre-scaling: 0.7008548194660418, input timescale: 1.0
Tree height after scaling: 1.0, mutation rate: 0.7008548194660418
Tree height pre-scaling: 0.700854819680419, input timescale: 1.0
Tree height after scaling: 1.0, mutation rate: 0.700854819680419
Tree height pre-scaling: 0.7008548194046751, input timescale: 1.0
Tree height after scaling: 1.0, mutation rate: 0.7008548194046751
Tree height pre-scaling: 0.7008548193654877, input timescale: 1.0
Tree height after scaling: 1.0, mutation rate: 0.7008548193654877
Tree height pre-scaling: 0.7008548193175272, input timescale: 1.0
Tree height after scaling: 1.0, mutation rate: 0.7008548193175272
Tree height pre-scaling: 0.7008548195349064, input timescale: 1.0
Tree height after scaling: 1.0, mutation rate: 0.7008548195349064
Tree height pre-scaling: 0.700854819675394, input timescale: 1.0
Tree height after scaling: 1.0, mutation rate: 0.700854819675394
Tree height pre-scaling: 0.7008548195342288, input timescale: 1.0
Tree height after scaling: 1.0, mutation rate: 0.7008548195342288
Tree height pre-scaling: 0.7008548196338396, input timescale: 1.0
Tree height after scaling: 1.0, mutation rate: 0.7008548196338396
Tree height pre-scaling: 0.7008548194434036, input timescale: 1.0
Tree height after scaling: 1.0, mutation rate: 0.7008548194434036
Tree height pre-scaling: 0.7008548198026978, input timescale: 1.0
Tree height after scaling: 1.0, mutation rate: 0.7008548198026978
Tree height pre-scaling: 0.7008548195663247, input timescale: 1.0
Tree height after scaling: 1.0, mutation rate: 0.7008548195663247
Tree height pre-scaling: 0.7008548194897952, input timescale: 1.0
Tree height after scaling: 1.0000000000000002, mutation rate: 0.7008548194897952
Tree height pre-scaling: 0.7008548195028858, input timescale: 1.0
Tree height after scaling: 1.0, mutation rate: 0.7008548195028858
Tree height pre-scaling: 0.700854819428899, input timescale: 1.0
Tree height after scaling: 1.0, mutation rate: 0.700854819428899
Tree height pre-scaling: 0.7008548195808535, input timescale: 1.0
Tree height after scaling: 1.0, mutation rate: 0.7008548195808535
Tree height pre-scaling: 0.7008548197587583, input timescale: 1.0
Tree height after scaling: 1.0, mutation rate: 0.7008548197587583
Runtime (s): 20.380144042
