Launching LAML version 0.0.4
LAML was called as follows: /Users/uym2/my_gits/LAML/run_laml.py -c ../../evaluation/Bar23/Bar23_character_matrix.txt -t place_outlier1/augmented_tree_61.nwk -o place_outlier1/augmented_tree_61_optimized -v -p ../../evaluation/Bar23/Bar23_priors.pickle --delimiter tab -m -1 --nInitials 1
Prior keys mismatch with site names.
Prior keys: [0, 1, 2, 3, 4, 5, 6, 7, 8, 9, 10, 11, 12, 13, 14, 15, 16, 17, 18, 19, 20, 21, 22, 23, 24, 25, 26, 27, 28]
Site names: ['r1', 'r2', 'r3', 'r4', 'r5', 'r6', 'r7', 'r8', 'r9', 'r10', 'r11', 'r12', 'r13', 'r14', 'r15', 'r16', 'r17', 'r18', 'r19', 'r20', 'r21', 'r22', 'r23', 'r24', 'r25', 'r26', 'r27', 'r28', 'r29', 'r30']
Attempting to infer mapping between site names and prior keys...
Not all site names are present in the dictionary. Trying offset...
Offset between input site names and prior keys is assumed to be 1
Missing priors at site r30, filling in uniform priors...
{'r1': 0, 'r2': 1, 'r3': 2, 'r4': 3, 'r5': 4, 'r6': 5, 'r7': 6, 'r8': 7, 'r9': 8, 'r10': 9, 'r11': 10, 'r12': 11, 'r13': 12, 'r14': 13, 'r15': 14, 'r16': 15, 'r17': 16, 'r18': 17, 'r19': 18, 'r20': 19, 'r21': 20, 'r22': 21, 'r23': 22, 'r24': 23, 'r25': 24, 'r26': 25, 'r27': 26, 'r28': 27, 'r29': 28, 'r30': 29}
Optimizing branch lengths, phi, and nu without topology search
Optimization by EM algorithm
Optimization start with 1 initials
Initial point 1. Random seed: 2302
Numerical optimization started with ultrametric constraint (default)
Initial phi: 0.9014863116738148. Initial nu: 0.8550600434791347. Initial nllh: 30088.220956944802
Starting EM iter: 1
Estep
Estep runtime (s): 0.16110515594482422
Mstep
Optimizing phi
Optimizing branch lengths. Current phi: 0.13790913264281285. Current nu:0.8550600434791347
Optimizing nu
Mstep runtime (s): 0.43278002738952637
Finished EM iter: 1. Current nllh: 11479.478259111722
Starting EM iter: 2
Estep
Estep runtime (s): 0.2236330509185791
Mstep
Optimizing phi
Optimizing branch lengths. Current phi: 0.05317928807436007. Current nu:0.32090435323042793
Optimizing nu
Mstep runtime (s): 0.4425828456878662
Finished EM iter: 2. Current nllh: 10706.129054563413
Starting EM iter: 3
Estep
Estep runtime (s): 0.2232680320739746
Mstep
Optimizing phi
Optimizing branch lengths. Current phi: 0.03171214099600188. Current nu:0.20862057077634
Optimizing nu
Mstep runtime (s): 0.4467458724975586
Finished EM iter: 3. Current nllh: 10569.740712724182
Starting EM iter: 4
Estep
Estep runtime (s): 0.2224118709564209
Mstep
Optimizing phi
Optimizing branch lengths. Current phi: 0.02087529947714763. Current nu:0.2149887219997176
Optimizing nu
Mstep runtime (s): 0.47922706604003906
Finished EM iter: 4. Current nllh: 10523.03207714701
Starting EM iter: 5
Estep
Estep runtime (s): 0.2221989631652832
Mstep
Optimizing phi
Optimizing branch lengths. Current phi: 0.01460182451308377. Current nu:0.2383044320406307
Optimizing nu
Mstep runtime (s): 0.4588160514831543
Finished EM iter: 5. Current nllh: 10500.98021263865
Starting EM iter: 6
Estep
Estep runtime (s): 0.22907614707946777
Mstep
Optimizing phi
Optimizing branch lengths. Current phi: 0.010640996269507222. Current nu:0.25908178722379477
Optimizing nu
Mstep runtime (s): 0.5164408683776855
Finished EM iter: 6. Current nllh: 10488.000611975613
Starting EM iter: 7
Estep
Estep runtime (s): 0.23621034622192383
Mstep
Optimizing phi
Optimizing branch lengths. Current phi: 0.00784835585562251. Current nu:0.27491114863802557
Optimizing nu
Mstep runtime (s): 0.5068469047546387
Finished EM iter: 7. Current nllh: 10478.539636050533
Starting EM iter: 8
Estep
Estep runtime (s): 0.2231309413909912
Mstep
Optimizing phi
Optimizing branch lengths. Current phi: 0.005698577571838872. Current nu:0.286864040939979
Optimizing nu
Mstep runtime (s): 0.4891200065612793
Finished EM iter: 8. Current nllh: 10471.047763957318
Starting EM iter: 9
Estep
Estep runtime (s): 0.22305083274841309
Mstep
Optimizing phi
Optimizing branch lengths. Current phi: 0.004013620449156194. Current nu:0.2961886261685578
Optimizing nu
Mstep runtime (s): 0.45394396781921387
Finished EM iter: 9. Current nllh: 10465.456093480203
Starting EM iter: 10
Estep
Estep runtime (s): 0.22600507736206055
Mstep
Optimizing phi
Optimizing branch lengths. Current phi: 0.00275214571448921. Current nu:0.30355668273407294
Optimizing nu
Mstep runtime (s): 0.42068982124328613
Finished EM iter: 10. Current nllh: 10461.571766702764
Starting EM iter: 11
Estep
Estep runtime (s): 0.22531580924987793
Mstep
Optimizing phi
Optimizing branch lengths. Current phi: 0.0018559429808627122. Current nu:0.30922731188352237
Optimizing nu
Mstep runtime (s): 0.517401933670044
Finished EM iter: 11. Current nllh: 10458.950134433615
Starting EM iter: 12
Estep
Estep runtime (s): 0.23175787925720215
Mstep
Optimizing phi
Optimizing branch lengths. Current phi: 0.0012398033191831604. Current nu:0.31341414945511276
Optimizing nu
Mstep runtime (s): 0.4371788501739502
Finished EM iter: 12. Current nllh: 10457.197970590209
Starting EM iter: 13
Estep
Estep runtime (s): 0.2371959686279297
Mstep
Optimizing phi
Optimizing branch lengths. Current phi: 0.0008236713316876044. Current nu:0.31639856815419365
Optimizing nu
Mstep runtime (s): 0.45964598655700684
Finished EM iter: 13. Current nllh: 10456.032900313206
Starting EM iter: 14
Estep
Estep runtime (s): 0.2270059585571289
Mstep
Optimizing phi
Optimizing branch lengths. Current phi: 0.0005453935446191637. Current nu:0.318472425004171
Optimizing nu
Mstep runtime (s): 0.4268798828125
Finished EM iter: 14. Current nllh: 10455.260878795534
Starting EM iter: 15
Estep
Estep runtime (s): 0.2259812355041504
Mstep
Optimizing phi
Optimizing branch lengths. Current phi: 0.00036038345449836335. Current nu:0.3198888602024164
Optimizing nu
Mstep runtime (s): 0.5167801380157471
Finished EM iter: 15. Current nllh: 10454.749893737418
Starting EM iter: 16
Estep
Estep runtime (s): 0.22691631317138672
Mstep
Optimizing phi
Optimizing branch lengths. Current phi: 0.00023781949478287023. Current nu:0.32084647808341904
Optimizing nu
Mstep runtime (s): 0.5196988582611084
Finished EM iter: 16. Current nllh: 10454.413497789235
Starting EM iter: 17
Estep
Estep runtime (s): 0.22356081008911133
Mstep
Optimizing phi
Optimizing branch lengths. Current phi: 0.00015680505553240424. Current nu:0.3214875318587301
Optimizing nu
Mstep runtime (s): 0.5350830554962158
Finished EM iter: 17. Current nllh: 10454.19080783236
Starting EM iter: 18
Estep
Estep runtime (s): 0.22365593910217285
Mstep
Optimizing phi
Optimizing branch lengths. Current phi: 0.00010333193832317245. Current nu:0.3219151137579988
Optimizing nu
Mstep runtime (s): 0.5287680625915527
Finished EM iter: 18. Current nllh: 10454.04443355769
Starting EM iter: 19
Estep
Estep runtime (s): 0.2229931354522705
Mstep
Optimizing phi
Optimizing branch lengths. Current phi: 0. Current nu:0.3221991983917455
Optimizing nu
Mstep runtime (s): 0.43776893615722656
Finished EM iter: 19. Current nllh: 10453.772150206929
Starting EM iter: 20
Estep
Estep runtime (s): 0.223222017288208
Mstep
Optimizing phi
Optimizing branch lengths. Current phi: 0. Current nu:0.32238827531089415
Optimizing nu
Mstep runtime (s): 0.4814739227294922
Finished EM iter: 20. Current nllh: 10453.768884117228
Starting EM iter: 21
Estep
Estep runtime (s): 0.23255300521850586
Mstep
Optimizing phi
Optimizing branch lengths. Current phi: 0. Current nu:0.32262176896427974
Optimizing nu
Mstep runtime (s): 0.4638042449951172
Finished EM iter: 21. Current nllh: 10453.764302753329
Starting EM iter: 22
Estep
Estep runtime (s): 0.22356128692626953
Mstep
Optimizing phi
Optimizing branch lengths. Current phi: 0. Current nu:0.32270665859052994
Optimizing nu
Mstep runtime (s): 0.5012779235839844
Finished EM iter: 22. Current nllh: 10453.763062133048
Starting EM iter: 23
Estep
Estep runtime (s): 0.22263407707214355
Mstep
Optimizing phi
Optimizing branch lengths. Current phi: 0. Current nu:0.32273825667089046
Optimizing nu
Mstep runtime (s): 0.5152618885040283
Finished EM iter: 23. Current nllh: 10453.762076754765
Starting EM iter: 24
Estep
Estep runtime (s): 0.2232959270477295
Mstep
Optimizing phi
Optimizing branch lengths. Current phi: 0. Current nu:0.3227493290434245
Optimizing nu
Mstep runtime (s): 0.49063992500305176
Finished EM iter: 24. Current nllh: 10453.76211002389
EM finished after 24 iterations.
Optimal phi: 0. Optimal nu: 0.32275517657310937. Optimal nllh: 10453.76211002389
Optimal point found for initial point 1
Numerical optimization finished successfully
Tree height pre-scaling: 0.707098907370603, input timescale: 1.0
Tree height after scaling: 1.0, mutation rate: 0.707098907370603
Tree height pre-scaling: 0.707098907482694, input timescale: 1.0
Tree height after scaling: 1.0, mutation rate: 0.707098907482694
Tree height pre-scaling: 0.707098907336777, input timescale: 1.0
Tree height after scaling: 0.9999999999999999, mutation rate: 0.707098907336777
Tree height pre-scaling: 0.707098907315546, input timescale: 1.0
Tree height after scaling: 0.9999999999999999, mutation rate: 0.707098907315546
Tree height pre-scaling: 0.7070989072915346, input timescale: 1.0
Tree height after scaling: 0.9999999999999998, mutation rate: 0.7070989072915346
Tree height pre-scaling: 0.7070989074062944, input timescale: 1.0
Tree height after scaling: 1.0, mutation rate: 0.7070989074062944
Tree height pre-scaling: 0.7070989074750237, input timescale: 1.0
Tree height after scaling: 1.0, mutation rate: 0.7070989074750237
Tree height pre-scaling: 0.7070989074024598, input timescale: 1.0
Tree height after scaling: 0.9999999999999999, mutation rate: 0.7070989074024598
Tree height pre-scaling: 0.7070989074539937, input timescale: 1.0
Tree height after scaling: 1.0, mutation rate: 0.7070989074539937
Tree height pre-scaling: 0.7070989073530164, input timescale: 1.0
Tree height after scaling: 1.0000000000000002, mutation rate: 0.7070989073530164
Tree height pre-scaling: 0.7070989075419505, input timescale: 1.0
Tree height after scaling: 1.0, mutation rate: 0.7070989075419505
Tree height pre-scaling: 0.7070989074194955, input timescale: 1.0
Tree height after scaling: 1.0, mutation rate: 0.7070989074194955
Tree height pre-scaling: 0.7070989073818201, input timescale: 1.0
Tree height after scaling: 1.0, mutation rate: 0.7070989073818201
Tree height pre-scaling: 0.7070989073833961, input timescale: 1.0
Tree height after scaling: 0.9999999999999999, mutation rate: 0.7070989073833961
Tree height pre-scaling: 0.7070989073473051, input timescale: 1.0
Tree height after scaling: 1.0, mutation rate: 0.7070989073473051
Tree height pre-scaling: 0.7070989073768317, input timescale: 1.0
Tree height after scaling: 1.0, mutation rate: 0.7070989073768317
Tree height pre-scaling: 0.7070989076457281, input timescale: 1.0
Tree height after scaling: 1.0, mutation rate: 0.7070989076457281
Runtime (s): 18.735510542
