Launching LAML version 0.0.4
LAML was called as follows: /Users/uym2/my_gits/LAML/run_laml.py -c ../../evaluation/Bar23/Bar23_character_matrix.txt -t place_outlier1/augmented_tree_50.nwk -o place_outlier1/augmented_tree_50_optimized -v -p ../../evaluation/Bar23/Bar23_priors.pickle --delimiter tab -m -1 --nInitials 1
Prior keys mismatch with site names.
Prior keys: [0, 1, 2, 3, 4, 5, 6, 7, 8, 9, 10, 11, 12, 13, 14, 15, 16, 17, 18, 19, 20, 21, 22, 23, 24, 25, 26, 27, 28]
Site names: ['r1', 'r2', 'r3', 'r4', 'r5', 'r6', 'r7', 'r8', 'r9', 'r10', 'r11', 'r12', 'r13', 'r14', 'r15', 'r16', 'r17', 'r18', 'r19', 'r20', 'r21', 'r22', 'r23', 'r24', 'r25', 'r26', 'r27', 'r28', 'r29', 'r30']
Attempting to infer mapping between site names and prior keys...
Not all site names are present in the dictionary. Trying offset...
Offset between input site names and prior keys is assumed to be 1
Missing priors at site r30, filling in uniform priors...
{'r1': 0, 'r2': 1, 'r3': 2, 'r4': 3, 'r5': 4, 'r6': 5, 'r7': 6, 'r8': 7, 'r9': 8, 'r10': 9, 'r11': 10, 'r12': 11, 'r13': 12, 'r14': 13, 'r15': 14, 'r16': 15, 'r17': 16, 'r18': 17, 'r19': 18, 'r20': 19, 'r21': 20, 'r22': 21, 'r23': 22, 'r24': 23, 'r25': 24, 'r26': 25, 'r27': 26, 'r28': 27, 'r29': 28, 'r30': 29}
Optimizing branch lengths, phi, and nu without topology search
Optimization by EM algorithm
Optimization start with 1 initials
Initial point 1. Random seed: 2691
Numerical optimization started with ultrametric constraint (default)
Initial phi: 0.5382593486604238. Initial nu: 0.5673220753437422. Initial nllh: 18509.527739128538
Starting EM iter: 1
Estep
Estep runtime (s): 0.15961909294128418
Mstep
Optimizing phi
Optimizing branch lengths. Current phi: 0.09707173072785936. Current nu:0.5673220753437422
Optimizing nu
Mstep runtime (s): 0.42801594734191895
Finished EM iter: 1. Current nllh: 11487.982797447768
Starting EM iter: 2
Estep
Estep runtime (s): 0.21983981132507324
Mstep
Optimizing phi
Optimizing branch lengths. Current phi: 0.04719658774124027. Current nu:0.23065640893736944
Optimizing nu
Mstep runtime (s): 0.4732511043548584
Finished EM iter: 2. Current nllh: 11036.924983086783
Starting EM iter: 3
Estep
Estep runtime (s): 0.21984386444091797
Mstep
Optimizing phi
Optimizing branch lengths. Current phi: 0.02958704047383182. Current nu:0.1926585181678228
Optimizing nu
Mstep runtime (s): 0.5444188117980957
Finished EM iter: 3. Current nllh: 10942.569679505115
Starting EM iter: 4
Estep
Estep runtime (s): 0.22599315643310547
Mstep
Optimizing phi
Optimizing branch lengths. Current phi: 0.020022715654747697. Current nu:0.21262639887911147
Optimizing nu
Mstep runtime (s): 0.4538750648498535
Finished EM iter: 4. Current nllh: 10904.431849525346
Starting EM iter: 5
Estep
Estep runtime (s): 0.21846914291381836
Mstep
Optimizing phi
Optimizing branch lengths. Current phi: 0.014337175622801478. Current nu:0.2371152495278605
Optimizing nu
Mstep runtime (s): 0.5712809562683105
Finished EM iter: 5. Current nllh: 10885.456363512094
Starting EM iter: 6
Estep
Estep runtime (s): 0.21870183944702148
Mstep
Optimizing phi
Optimizing branch lengths. Current phi: 0.010630328842163066. Current nu:0.2568521955613844
Optimizing nu
Mstep runtime (s): 0.4692528247833252
Finished EM iter: 6. Current nllh: 10873.837740589583
Starting EM iter: 7
Estep
Estep runtime (s): 0.2181999683380127
Mstep
Optimizing phi
Optimizing branch lengths. Current phi: 0.007955150007019948. Current nu:0.2715861973180809
Optimizing nu
Mstep runtime (s): 0.4424262046813965
Finished EM iter: 7. Current nllh: 10865.240162391663
Starting EM iter: 8
Estep
Estep runtime (s): 0.21764516830444336
Mstep
Optimizing phi
Optimizing branch lengths. Current phi: 0.005869975717157981. Current nu:0.282705086050446
Optimizing nu
Mstep runtime (s): 0.4815819263458252
Finished EM iter: 8. Current nllh: 10858.390711197184
Starting EM iter: 9
Estep
Estep runtime (s): 0.22003793716430664
Mstep
Optimizing phi
Optimizing branch lengths. Current phi: 0.004216984416223633. Current nu:0.2914050137372457
Optimizing nu
Mstep runtime (s): 0.4715390205383301
Finished EM iter: 9. Current nllh: 10853.197894182853
Starting EM iter: 10
Estep
Estep runtime (s): 0.21976971626281738
Mstep
Optimizing phi
Optimizing branch lengths. Current phi: 0.002957093497460918. Current nu:0.29832361657658135
Optimizing nu
Mstep runtime (s): 0.4172630310058594
Finished EM iter: 10. Current nllh: 10849.513605342443
Starting EM iter: 11
Estep
Estep runtime (s): 0.2202138900756836
Mstep
Optimizing phi
Optimizing branch lengths. Current phi: 0.00204171293044097. Current nu:0.30371260682686774
Optimizing nu
Mstep runtime (s): 0.47468113899230957
Finished EM iter: 11. Current nllh: 10846.971596172712
Starting EM iter: 12
Estep
Estep runtime (s): 0.22752833366394043
Mstep
Optimizing phi
Optimizing branch lengths. Current phi: 0.001397111234446714. Current nu:0.3077568286103621
Optimizing nu
Mstep runtime (s): 0.5249741077423096
Finished EM iter: 12. Current nllh: 10845.233522952783
Starting EM iter: 13
Estep
Estep runtime (s): 0.21821999549865723
Mstep
Optimizing phi
Optimizing branch lengths. Current phi: 0.0009509787345242249. Current nu:0.31069443997956414
Optimizing nu
Mstep runtime (s): 0.4534120559692383
Finished EM iter: 13. Current nllh: 10844.050493331622
Starting EM iter: 14
Estep
Estep runtime (s): 0.22034835815429688
Mstep
Optimizing phi
Optimizing branch lengths. Current phi: 0.0006452056246494668. Current nu:0.31277819718949945
Optimizing nu
Mstep runtime (s): 0.4864802360534668
Finished EM iter: 14. Current nllh: 10843.247738486878
Starting EM iter: 15
Estep
Estep runtime (s): 0.2195756435394287
Mstep
Optimizing phi
Optimizing branch lengths. Current phi: 0.0004368448992713802. Current nu:0.3142331491242333
Optimizing nu
Mstep runtime (s): 0.5367460250854492
Finished EM iter: 15. Current nllh: 10842.703524204684
Starting EM iter: 16
Estep
Estep runtime (s): 0.218491792678833
Mstep
Optimizing phi
Optimizing branch lengths. Current phi: 0.0002953756937459522. Current nu:0.3152385448647991
Optimizing nu
Mstep runtime (s): 0.456329345703125
Finished EM iter: 16. Current nllh: 10842.336622798539
Starting EM iter: 17
Estep
Estep runtime (s): 0.21691417694091797
Mstep
Optimizing phi
Optimizing branch lengths. Current phi: 0.00019954334916490329. Current nu:0.3159276604789419
Optimizing nu
Mstep runtime (s): 0.4151301383972168
Finished EM iter: 17. Current nllh: 10842.088332763939
Starting EM iter: 18
Estep
Estep runtime (s): 0.2174997329711914
Mstep
Optimizing phi
Optimizing branch lengths. Current phi: 0.00013472404982440363. Current nu:0.3163977422250397
Optimizing nu
Mstep runtime (s): 0.493588924407959
Finished EM iter: 18. Current nllh: 10841.92011690021
Starting EM iter: 19
Estep
Estep runtime (s): 0.21747899055480957
Mstep
Optimizing phi
Optimizing branch lengths. Current phi: 0. Current nu:0.3167183273749301
Optimizing nu
Mstep runtime (s): 0.5378978252410889
Finished EM iter: 19. Current nllh: 10841.583478090812
Starting EM iter: 20
Estep
Estep runtime (s): 0.22068190574645996
Mstep
Optimizing phi
Optimizing branch lengths. Current phi: 0. Current nu:0.3169361392680085
Optimizing nu
Mstep runtime (s): 0.46562814712524414
Finished EM iter: 20. Current nllh: 10841.58059817056
Starting EM iter: 21
Estep
Estep runtime (s): 0.21815109252929688
Mstep
Optimizing phi
Optimizing branch lengths. Current phi: 0. Current nu:0.31722845108497094
Optimizing nu
Mstep runtime (s): 0.5176026821136475
Finished EM iter: 21. Current nllh: 10841.575771129284
Starting EM iter: 22
Estep
Estep runtime (s): 0.22642922401428223
Mstep
Optimizing phi
Optimizing branch lengths. Current phi: 0. Current nu:0.3173328749806018
Optimizing nu
Mstep runtime (s): 0.4226081371307373
Finished EM iter: 22. Current nllh: 10841.573907559463
Starting EM iter: 23
Estep
Estep runtime (s): 0.21811771392822266
Mstep
Optimizing phi
Optimizing branch lengths. Current phi: 0. Current nu:0.31737078697193005
Optimizing nu
Mstep runtime (s): 0.5192379951477051
Finished EM iter: 23. Current nllh: 10841.572711364384
Starting EM iter: 24
Estep
Estep runtime (s): 0.22165298461914062
Mstep
Optimizing phi
Optimizing branch lengths. Current phi: 0. Current nu:0.3173843457138098
Optimizing nu
Mstep runtime (s): 0.4459259510040283
Finished EM iter: 24. Current nllh: 10841.572890860174
Starting EM iter: 25
Estep
Estep runtime (s): 0.21930289268493652
Mstep
Optimizing phi
Optimizing branch lengths. Current phi: 0. Current nu:0.3173902773776792
Optimizing nu
Mstep runtime (s): 0.4229280948638916
Finished EM iter: 25. Current nllh: 10841.572741517475
Starting EM iter: 26
Estep
Estep runtime (s): 0.22193193435668945
Mstep
Optimizing phi
Optimizing branch lengths. Current phi: 0. Current nu:0.3173929672623932
Optimizing nu
Mstep runtime (s): 0.4341588020324707
Finished EM iter: 26. Current nllh: 10841.572652509218
EM finished after 26 iterations.
Optimal phi: 0. Optimal nu: 0.3173944316012217. Optimal nllh: 10841.572652509218
Optimal point found for initial point 1
Numerical optimization finished successfully
Tree height pre-scaling: 0.7212097367053486, input timescale: 1.0
Tree height after scaling: 1.0, mutation rate: 0.7212097367053486
Tree height pre-scaling: 0.7212097370338759, input timescale: 1.0
Tree height after scaling: 1.0, mutation rate: 0.7212097370338759
Tree height pre-scaling: 0.7212097365992036, input timescale: 1.0
Tree height after scaling: 1.0, mutation rate: 0.7212097365992036
Tree height pre-scaling: 0.7212097365196681, input timescale: 1.0
Tree height after scaling: 0.9999999999999999, mutation rate: 0.7212097365196681
Tree height pre-scaling: 0.721209736437232, input timescale: 1.0
Tree height after scaling: 0.9999999999999998, mutation rate: 0.721209736437232
Tree height pre-scaling: 0.7212097367989403, input timescale: 1.0
Tree height after scaling: 1.0, mutation rate: 0.7212097367989403
Tree height pre-scaling: 0.72120973698995, input timescale: 1.0
Tree height after scaling: 0.9999999999999999, mutation rate: 0.72120973698995
Tree height pre-scaling: 0.7212097367919568, input timescale: 1.0
Tree height after scaling: 0.9999999999999999, mutation rate: 0.7212097367919568
Tree height pre-scaling: 0.721209736927611, input timescale: 1.0
Tree height after scaling: 1.0, mutation rate: 0.721209736927611
Tree height pre-scaling: 0.7212097366220166, input timescale: 1.0
Tree height after scaling: 1.0, mutation rate: 0.7212097366220166
Tree height pre-scaling: 0.7212097372107142, input timescale: 1.0
Tree height after scaling: 1.0, mutation rate: 0.7212097372107142
Tree height pre-scaling: 0.7212097368293324, input timescale: 1.0
Tree height after scaling: 0.9999999999999999, mutation rate: 0.7212097368293324
Tree height pre-scaling: 0.721209736735398, input timescale: 1.0
Tree height after scaling: 1.0, mutation rate: 0.721209736735398
Tree height pre-scaling: 0.7212097367082191, input timescale: 1.0
Tree height after scaling: 0.9999999999999999, mutation rate: 0.7212097367082191
Tree height pre-scaling: 0.7212097366047817, input timescale: 1.0
Tree height after scaling: 1.0, mutation rate: 0.7212097366047817
Tree height pre-scaling: 0.7212097366646862, input timescale: 1.0
Tree height after scaling: 0.9999999999999999, mutation rate: 0.7212097366646862
Tree height pre-scaling: 0.7212097388081324, input timescale: 1.0
Tree height after scaling: 1.0, mutation rate: 0.7212097388081324
Runtime (s): 19.981102083000003
