Launching LAML version 0.0.4
LAML was called as follows: /Users/uym2/my_gits/LAML/run_laml.py -c ../../evaluation/Bar23/Bar23_character_matrix.txt -t place_outlier1/augmented_tree_521.nwk -o place_outlier1/augmented_tree_521_optimized -v -p ../../evaluation/Bar23/Bar23_priors.pickle --delimiter tab -m -1 --nInitials 1
Prior keys mismatch with site names.
Prior keys: [0, 1, 2, 3, 4, 5, 6, 7, 8, 9, 10, 11, 12, 13, 14, 15, 16, 17, 18, 19, 20, 21, 22, 23, 24, 25, 26, 27, 28]
Site names: ['r1', 'r2', 'r3', 'r4', 'r5', 'r6', 'r7', 'r8', 'r9', 'r10', 'r11', 'r12', 'r13', 'r14', 'r15', 'r16', 'r17', 'r18', 'r19', 'r20', 'r21', 'r22', 'r23', 'r24', 'r25', 'r26', 'r27', 'r28', 'r29', 'r30']
Attempting to infer mapping between site names and prior keys...
Not all site names are present in the dictionary. Trying offset...
Offset between input site names and prior keys is assumed to be 1
Missing priors at site r30, filling in uniform priors...
{'r1': 0, 'r2': 1, 'r3': 2, 'r4': 3, 'r5': 4, 'r6': 5, 'r7': 6, 'r8': 7, 'r9': 8, 'r10': 9, 'r11': 10, 'r12': 11, 'r13': 12, 'r14': 13, 'r15': 14, 'r16': 15, 'r17': 16, 'r18': 17, 'r19': 18, 'r20': 19, 'r21': 20, 'r22': 21, 'r23': 22, 'r24': 23, 'r25': 24, 'r26': 25, 'r27': 26, 'r28': 27, 'r29': 28, 'r30': 29}
Optimizing branch lengths, phi, and nu without topology search
Optimization by EM algorithm
Optimization start with 1 initials
Initial point 1. Random seed: 5499
Numerical optimization started with ultrametric constraint (default)
Initial phi: 0.7737831460878002. Initial nu: 0.8468094664670918. Initial nllh: 23982.67870029513
Starting EM iter: 1
Estep
Estep runtime (s): 0.15824484825134277
Mstep
Optimizing phi
Optimizing branch lengths. Current phi: 0.1139421289164371. Current nu:0.8468094664670918
Optimizing nu
Mstep runtime (s): 0.429293155670166
Finished EM iter: 1. Current nllh: 11283.675869277593
Starting EM iter: 2
Estep
Estep runtime (s): 0.22032928466796875
Mstep
Optimizing phi
Optimizing branch lengths. Current phi: 0.04845324054951252. Current nu:0.3103975606460227
Optimizing nu
Mstep runtime (s): 0.4589507579803467
Finished EM iter: 2. Current nllh: 10674.442198542316
Starting EM iter: 3
Estep
Estep runtime (s): 0.2231149673461914
Mstep
Optimizing phi
Optimizing branch lengths. Current phi: 0.030062335538291986. Current nu:0.20981747518846183
Optimizing nu
Mstep runtime (s): 0.4717590808868408
Finished EM iter: 3. Current nllh: 10560.75205933252
Starting EM iter: 4
Estep
Estep runtime (s): 0.219984769821167
Mstep
Optimizing phi
Optimizing branch lengths. Current phi: 0.020198928538274725. Current nu:0.21766842425515529
Optimizing nu
Mstep runtime (s): 0.4207620620727539
Finished EM iter: 4. Current nllh: 10520.537457286424
Starting EM iter: 5
Estep
Estep runtime (s): 0.22683286666870117
Mstep
Optimizing phi
Optimizing branch lengths. Current phi: 0.01428602581820137. Current nu:0.2403431604339839
Optimizing nu
Mstep runtime (s): 0.5280449390411377
Finished EM iter: 5. Current nllh: 10500.304232130711
Starting EM iter: 6
Estep
Estep runtime (s): 0.22317099571228027
Mstep
Optimizing phi
Optimizing branch lengths. Current phi: 0.010455296964973989. Current nu:0.26037660972787846
Optimizing nu
Mstep runtime (s): 0.4241950511932373
Finished EM iter: 6. Current nllh: 10488.150017134663
Starting EM iter: 7
Estep
Estep runtime (s): 0.22636008262634277
Mstep
Optimizing phi
Optimizing branch lengths. Current phi: 0.007729713044524151. Current nu:0.27573733670990525
Optimizing nu
Mstep runtime (s): 0.4348318576812744
Finished EM iter: 7. Current nllh: 10479.297333575425
Starting EM iter: 8
Estep
Estep runtime (s): 0.22398710250854492
Mstep
Optimizing phi
Optimizing branch lengths. Current phi: 0.005636846937817164. Current nu:0.28741082199635265
Optimizing nu
Mstep runtime (s): 0.42972421646118164
Finished EM iter: 8. Current nllh: 10472.345553407415
Starting EM iter: 9
Estep
Estep runtime (s): 0.22783207893371582
Mstep
Optimizing phi
Optimizing branch lengths. Current phi: 0.004002402045658894. Current nu:0.29650772423784644
Optimizing nu
Mstep runtime (s): 0.426361083984375
Finished EM iter: 9. Current nllh: 10467.13086271393
Starting EM iter: 10
Estep
Estep runtime (s): 0.22843408584594727
Mstep
Optimizing phi
Optimizing branch lengths. Current phi: 0.0027737946849052007. Current nu:0.30367604210374083
Optimizing nu
Mstep runtime (s): 0.4104619026184082
Finished EM iter: 10. Current nllh: 10463.463465579483
Starting EM iter: 11
Estep
Estep runtime (s): 0.22458124160766602
Mstep
Optimizing phi
Optimizing branch lengths. Current phi: 0.001892899368033506. Current nu:0.3091974868921417
Optimizing nu
Mstep runtime (s): 0.4301121234893799
Finished EM iter: 11. Current nllh: 10460.956520332955
Starting EM iter: 12
Estep
Estep runtime (s): 0.2273697853088379
Mstep
Optimizing phi
Optimizing branch lengths. Current phi: 0.0012804182028909208. Current nu:0.3132928996456463
Optimizing nu
Mstep runtime (s): 0.41411304473876953
Finished EM iter: 12. Current nllh: 10459.25820430974
Starting EM iter: 13
Estep
Estep runtime (s): 0.22685909271240234
Mstep
Optimizing phi
Optimizing branch lengths. Current phi: 0.0008616446975239741. Current nu:0.31623284221352277
Optimizing nu
Mstep runtime (s): 0.4147961139678955
Finished EM iter: 13. Current nllh: 10458.11336712581
Starting EM iter: 14
Estep
Estep runtime (s): 0.22182393074035645
Mstep
Optimizing phi
Optimizing branch lengths. Current phi: 0.0005779928096048295. Current nu:0.31829436572681113
Optimizing nu
Mstep runtime (s): 0.5547850131988525
Finished EM iter: 14. Current nllh: 10457.344353338998
Starting EM iter: 15
Estep
Estep runtime (s): 0.22258615493774414
Mstep
Optimizing phi
Optimizing branch lengths. Current phi: 0.00038693440042820396. Current nu:0.3197180320604824
Optimizing nu
Mstep runtime (s): 0.4392557144165039
Finished EM iter: 15. Current nllh: 10456.829027233853
Starting EM iter: 16
Estep
Estep runtime (s): 0.2309579849243164
Mstep
Optimizing phi
Optimizing branch lengths. Current phi: 0.00025869135482438853. Current nu:0.3206903336817455
Optimizing nu
Mstep runtime (s): 0.4407541751861572
Finished EM iter: 16. Current nllh: 10456.484217022306
Starting EM iter: 17
Estep
Estep runtime (s): 0.23217105865478516
Mstep
Optimizing phi
Optimizing branch lengths. Current phi: 0.00017280310856668368. Current nu:0.32134975550424166
Optimizing nu
Mstep runtime (s): 0.3999650478363037
Finished EM iter: 17. Current nllh: 10456.25368590128
Starting EM iter: 18
Estep
Estep runtime (s): 0.22922587394714355
Mstep
Optimizing phi
Optimizing branch lengths. Current phi: 0.00011536441093135631. Current nu:0.32179551297332065
Optimizing nu
Mstep runtime (s): 0.3902912139892578
Finished EM iter: 18. Current nllh: 10456.099632923979
Starting EM iter: 19
Estep
Estep runtime (s): 0.2215883731842041
Mstep
Optimizing phi
Optimizing branch lengths. Current phi: 0. Current nu:0.3220958242531226
Optimizing nu
Mstep runtime (s): 0.39841628074645996
Finished EM iter: 19. Current nllh: 10455.802582916462
Starting EM iter: 20
Estep
Estep runtime (s): 0.22039198875427246
Mstep
Optimizing phi
Optimizing branch lengths. Current phi: 0. Current nu:0.3222973933432892
Optimizing nu
Mstep runtime (s): 0.39989304542541504
Finished EM iter: 20. Current nllh: 10455.798250558862
Starting EM iter: 21
Estep
Estep runtime (s): 0.2212541103363037
Mstep
Optimizing phi
Optimizing branch lengths. Current phi: 0. Current nu:0.3225579332695423
Optimizing nu
Mstep runtime (s): 0.4054548740386963
Finished EM iter: 21. Current nllh: 10455.793372314327
Starting EM iter: 22
Estep
Estep runtime (s): 0.22162699699401855
Mstep
Optimizing phi
Optimizing branch lengths. Current phi: 0. Current nu:0.32265202605349647
Optimizing nu
Mstep runtime (s): 0.39630699157714844
Finished EM iter: 22. Current nllh: 10455.791379173459
Starting EM iter: 23
Estep
Estep runtime (s): 0.2207038402557373
Mstep
Optimizing phi
Optimizing branch lengths. Current phi: 0. Current nu:0.3226863272665949
Optimizing nu
Mstep runtime (s): 0.4128577709197998
Finished EM iter: 23. Current nllh: 10455.79052176629
Starting EM iter: 24
Estep
Estep runtime (s): 0.22513723373413086
Mstep
Optimizing phi
Optimizing branch lengths. Current phi: 0. Current nu:0.3226988053368466
Optimizing nu
Mstep runtime (s): 0.435100793838501
Finished EM iter: 24. Current nllh: 10455.790071407719
Starting EM iter: 25
Estep
Estep runtime (s): 0.2211747169494629
Mstep
Optimizing phi
Optimizing branch lengths. Current phi: 0. Current nu:0.322704484743806
Optimizing nu
Mstep runtime (s): 0.4120001792907715
Finished EM iter: 25. Current nllh: 10455.789793247544
Starting EM iter: 26
Estep
Estep runtime (s): 0.2248518466949463
Mstep
Optimizing phi
Optimizing branch lengths. Current phi: 0. Current nu:0.3227070386227697
Optimizing nu
Mstep runtime (s): 0.40706491470336914
Finished EM iter: 26. Current nllh: 10455.789602770834
Starting EM iter: 27
Estep
Estep runtime (s): 0.2237098217010498
Mstep
Optimizing phi
Optimizing branch lengths. Current phi: 0. Current nu:0.3227081725309077
Optimizing nu
Mstep runtime (s): 0.41260790824890137
Finished EM iter: 27. Current nllh: 10455.789470953381
Starting EM iter: 28
Estep
Estep runtime (s): 0.2300090789794922
Mstep
Optimizing phi
Optimizing branch lengths. Current phi: 0. Current nu:0.3227082776650071
Optimizing nu
Mstep runtime (s): 0.42174291610717773
Finished EM iter: 28. Current nllh: 10455.789338459414
Starting EM iter: 29
Estep
Estep runtime (s): 0.23221921920776367
Mstep
Optimizing phi
Optimizing branch lengths. Current phi: 0. Current nu:0.3227091984512768
Optimizing nu
Mstep runtime (s): 0.41898417472839355
Finished EM iter: 29. Current nllh: 10455.78922420046
Starting EM iter: 30
Estep
Estep runtime (s): 0.22594809532165527
Mstep
Optimizing phi
Optimizing branch lengths. Current phi: 0. Current nu:0.322709658911598
Optimizing nu
Mstep runtime (s): 0.3932957649230957
Finished EM iter: 30. Current nllh: 10455.789129782574
EM finished after 30 iterations.
Optimal phi: 0. Optimal nu: 0.3227099011741612. Optimal nllh: 10455.789129782574
Optimal point found for initial point 1
Numerical optimization finished successfully
Tree height pre-scaling: 0.7067284034233331, input timescale: 1.0
Tree height after scaling: 1.0, mutation rate: 0.7067284034233331
Tree height pre-scaling: 0.7067284037599182, input timescale: 1.0
Tree height after scaling: 1.0, mutation rate: 0.7067284037599182
Tree height pre-scaling: 0.7067284033223525, input timescale: 1.0
Tree height after scaling: 1.0, mutation rate: 0.7067284033223525
Tree height pre-scaling: 0.7067284035376731, input timescale: 1.0
Tree height after scaling: 0.9999999999999998, mutation rate: 0.7067284035376731
Tree height pre-scaling: 0.7067284033648782, input timescale: 1.0
Tree height after scaling: 1.0, mutation rate: 0.7067284033648782
Tree height pre-scaling: 0.7067284035288677, input timescale: 1.0
Tree height after scaling: 1.0000000000000002, mutation rate: 0.7067284035288677
Tree height pre-scaling: 0.7067284033121992, input timescale: 1.0
Tree height after scaling: 1.0, mutation rate: 0.7067284033121992
Tree height pre-scaling: 0.7067284034833298, input timescale: 1.0
Tree height after scaling: 1.0, mutation rate: 0.7067284034833298
Tree height pre-scaling: 0.7067284036374544, input timescale: 1.0
Tree height after scaling: 1.0000000000000002, mutation rate: 0.7067284036374544
Tree height pre-scaling: 0.7067284037965327, input timescale: 1.0
Tree height after scaling: 1.0, mutation rate: 0.7067284037965327
Tree height pre-scaling: 0.7067284036094371, input timescale: 1.0
Tree height after scaling: 0.9999999999999999, mutation rate: 0.7067284036094371
Tree height pre-scaling: 0.7067284037686977, input timescale: 1.0
Tree height after scaling: 1.0, mutation rate: 0.7067284037686977
Tree height pre-scaling: 0.7067284034431001, input timescale: 1.0
Tree height after scaling: 1.0, mutation rate: 0.7067284034431001
Tree height pre-scaling: 0.7067284037018189, input timescale: 1.0
Tree height after scaling: 0.9999999999999998, mutation rate: 0.7067284037018189
Tree height pre-scaling: 0.7067284035895313, input timescale: 1.0
Tree height after scaling: 1.0, mutation rate: 0.7067284035895313
Tree height pre-scaling: 0.706728403193697, input timescale: 1.0
Tree height after scaling: 1.0000000000000002, mutation rate: 0.706728403193697
Tree height pre-scaling: 0.7067284044173044, input timescale: 1.0
Tree height after scaling: 1.0, mutation rate: 0.7067284044173044
Runtime (s): 21.764614417
