Launching LAML version 0.0.4
LAML was called as follows: /Users/uym2/my_gits/LAML/run_laml.py -c ../../evaluation/Bar23/Bar23_character_matrix.txt -t place_outlier1/augmented_tree_402.nwk -o place_outlier1/augmented_tree_402_optimized -v -p ../../evaluation/Bar23/Bar23_priors.pickle --delimiter tab -m -1 --nInitials 1
Prior keys mismatch with site names.
Prior keys: [0, 1, 2, 3, 4, 5, 6, 7, 8, 9, 10, 11, 12, 13, 14, 15, 16, 17, 18, 19, 20, 21, 22, 23, 24, 25, 26, 27, 28]
Site names: ['r1', 'r2', 'r3', 'r4', 'r5', 'r6', 'r7', 'r8', 'r9', 'r10', 'r11', 'r12', 'r13', 'r14', 'r15', 'r16', 'r17', 'r18', 'r19', 'r20', 'r21', 'r22', 'r23', 'r24', 'r25', 'r26', 'r27', 'r28', 'r29', 'r30']
Attempting to infer mapping between site names and prior keys...
Not all site names are present in the dictionary. Trying offset...
Offset between input site names and prior keys is assumed to be 1
Missing priors at site r30, filling in uniform priors...
{'r1': 0, 'r2': 1, 'r3': 2, 'r4': 3, 'r5': 4, 'r6': 5, 'r7': 6, 'r8': 7, 'r9': 8, 'r10': 9, 'r11': 10, 'r12': 11, 'r13': 12, 'r14': 13, 'r15': 14, 'r16': 15, 'r17': 16, 'r18': 17, 'r19': 18, 'r20': 19, 'r21': 20, 'r22': 21, 'r23': 22, 'r24': 23, 'r25': 24, 'r26': 25, 'r27': 26, 'r28': 27, 'r29': 28, 'r30': 29}
Optimizing branch lengths, phi, and nu without topology search
Optimization by EM algorithm
Optimization start with 1 initials
Initial point 1. Random seed: 1448
Numerical optimization started with ultrametric constraint (default)
Initial phi: 0.08156136429362819. Initial nu: 0.7601071708360297. Initial nllh: 14160.693310582184
Starting EM iter: 1
Estep
Estep runtime (s): 0.16462469100952148
Mstep
Optimizing phi
Optimizing branch lengths. Current phi: 0.02384918364952008. Current nu:0.7601071708360297
Optimizing nu
Mstep runtime (s): 0.41003990173339844
Finished EM iter: 1. Current nllh: 10658.814747824115
Starting EM iter: 2
Estep
Estep runtime (s): 0.21991491317749023
Mstep
Optimizing phi
Optimizing branch lengths. Current phi: 0.014736954709970187. Current nu:0.4061129445986468
Optimizing nu
Mstep runtime (s): 0.4142909049987793
Finished EM iter: 2. Current nllh: 10496.073101248996
Starting EM iter: 3
Estep
Estep runtime (s): 0.22148609161376953
Mstep
Optimizing phi
Optimizing branch lengths. Current phi: 0.00999846750426742. Current nu:0.31221926654634663
Optimizing nu
Mstep runtime (s): 0.40849876403808594
Finished EM iter: 3. Current nllh: 10466.872696516697
Starting EM iter: 4
Estep
Estep runtime (s): 0.21893000602722168
Mstep
Optimizing phi
Optimizing branch lengths. Current phi: 0.006929405268793098. Current nu:0.2934282657902387
Optimizing nu
Mstep runtime (s): 0.4878959655761719
Finished EM iter: 4. Current nllh: 10457.156280523956
Starting EM iter: 5
Estep
Estep runtime (s): 0.21942496299743652
Mstep
Optimizing phi
Optimizing branch lengths. Current phi: 0.004796131560875674. Current nu:0.2946500893902639
Optimizing nu
Mstep runtime (s): 0.39592480659484863
Finished EM iter: 5. Current nllh: 10450.987863910686
Starting EM iter: 6
Estep
Estep runtime (s): 0.21969103813171387
Mstep
Optimizing phi
Optimizing branch lengths. Current phi: 0.0032839101019840207. Current nu:0.3003325138906614
Optimizing nu
Mstep runtime (s): 0.47583484649658203
Finished EM iter: 6. Current nllh: 10446.595575093537
Starting EM iter: 7
Estep
Estep runtime (s): 0.21996688842773438
Mstep
Optimizing phi
Optimizing branch lengths. Current phi: 0.0022226228464564683. Current nu:0.3060464471073517
Optimizing nu
Mstep runtime (s): 0.47329187393188477
Finished EM iter: 7. Current nllh: 10443.539107777931
Starting EM iter: 8
Estep
Estep runtime (s): 0.2228407859802246
Mstep
Optimizing phi
Optimizing branch lengths. Current phi: 0.0014913034573268808. Current nu:0.31066755604054985
Optimizing nu
Mstep runtime (s): 0.4493288993835449
Finished EM iter: 8. Current nllh: 10441.460946938372
Starting EM iter: 9
Estep
Estep runtime (s): 0.22210311889648438
Mstep
Optimizing phi
Optimizing branch lengths. Current phi: 0.0009948347452727524. Current nu:0.31409883473212397
Optimizing nu
Mstep runtime (s): 0.5198132991790771
Finished EM iter: 9. Current nllh: 10440.066120149113
Starting EM iter: 10
Estep
Estep runtime (s): 0.22184014320373535
Mstep
Optimizing phi
Optimizing branch lengths. Current phi: 0.0006611569471262718. Current nu:0.31653204111468464
Optimizing nu
Mstep runtime (s): 0.4162328243255615
Finished EM iter: 10. Current nllh: 10439.136059685945
Starting EM iter: 11
Estep
Estep runtime (s): 0.2298569679260254
Mstep
Optimizing phi
Optimizing branch lengths. Current phi: 0.0004383310593250306. Current nu:0.31821609947093676
Optimizing nu
Mstep runtime (s): 0.42702412605285645
Finished EM iter: 11. Current nllh: 10438.517731269738
Starting EM iter: 12
Estep
Estep runtime (s): 0.22319579124450684
Mstep
Optimizing phi
Optimizing branch lengths. Current phi: 0.00029014410963267115. Current nu:0.3193628950766604
Optimizing nu
Mstep runtime (s): 0.42676615715026855
Finished EM iter: 12. Current nllh: 10438.107517608558
Starting EM iter: 13
Estep
Estep runtime (s): 0.22185611724853516
Mstep
Optimizing phi
Optimizing branch lengths. Current phi: 0.000191856512163834. Current nu:0.3201366566690496
Optimizing nu
Mstep runtime (s): 0.43473315238952637
Finished EM iter: 13. Current nllh: 10437.835574372783
Starting EM iter: 14
Estep
Estep runtime (s): 0.22079992294311523
Mstep
Optimizing phi
Optimizing branch lengths. Current phi: 0.00012677835477063276. Current nu:0.32065520021531846
Optimizing nu
Mstep runtime (s): 0.4666309356689453
Finished EM iter: 14. Current nllh: 10437.655145343015
Starting EM iter: 15
Estep
Estep runtime (s): 0.2198798656463623
Mstep
Optimizing phi
Optimizing branch lengths. Current phi: 0. Current nu:0.32100068645477836
Optimizing nu
Mstep runtime (s): 0.49653029441833496
Finished EM iter: 15. Current nllh: 10437.320229596055
Starting EM iter: 16
Estep
Estep runtime (s): 0.22550415992736816
Mstep
Optimizing phi
Optimizing branch lengths. Current phi: 0. Current nu:0.32123312305542706
Optimizing nu
Mstep runtime (s): 0.5063350200653076
Finished EM iter: 16. Current nllh: 10437.314189327984
Starting EM iter: 17
Estep
Estep runtime (s): 0.22075986862182617
Mstep
Optimizing phi
Optimizing branch lengths. Current phi: 0. Current nu:0.3215208090474309
Optimizing nu
Mstep runtime (s): 0.4641451835632324
Finished EM iter: 17. Current nllh: 10437.307203810997
Starting EM iter: 18
Estep
Estep runtime (s): 0.22136902809143066
Mstep
Optimizing phi
Optimizing branch lengths. Current phi: 0. Current nu:0.3216269032402725
Optimizing nu
Mstep runtime (s): 0.41797709465026855
Finished EM iter: 18. Current nllh: 10437.303690930448
Starting EM iter: 19
Estep
Estep runtime (s): 0.2201519012451172
Mstep
Optimizing phi
Optimizing branch lengths. Current phi: 0. Current nu:0.32166599400761503
Optimizing nu
Mstep runtime (s): 0.45723795890808105
Finished EM iter: 19. Current nllh: 10437.301687389328
Starting EM iter: 20
Estep
Estep runtime (s): 0.22308921813964844
Mstep
Optimizing phi
Optimizing branch lengths. Current phi: 0. Current nu:0.3216809640053708
Optimizing nu
Mstep runtime (s): 0.46531200408935547
Finished EM iter: 20. Current nllh: 10437.3001050005
Starting EM iter: 21
Estep
Estep runtime (s): 0.22189807891845703
Mstep
Optimizing phi
Optimizing branch lengths. Current phi: 0. Current nu:0.32168586155314544
Optimizing nu
Mstep runtime (s): 0.4818267822265625
Finished EM iter: 21. Current nllh: 10437.299228175045
Starting EM iter: 22
Estep
Estep runtime (s): 0.2198350429534912
Mstep
Optimizing phi
Optimizing branch lengths. Current phi: 0. Current nu:0.3216902688831491
Optimizing nu
Mstep runtime (s): 0.5054459571838379
Finished EM iter: 22. Current nllh: 10437.29824554058
Starting EM iter: 23
Estep
Estep runtime (s): 0.21981120109558105
Mstep
Optimizing phi
Optimizing branch lengths. Current phi: 0. Current nu:0.32169233495022925
Optimizing nu
Mstep runtime (s): 0.4628429412841797
Finished EM iter: 23. Current nllh: 10437.297390560056
Starting EM iter: 24
Estep
Estep runtime (s): 0.22291302680969238
Mstep
Optimizing phi
Optimizing branch lengths. Current phi: 0. Current nu:0.32169386474752204
Optimizing nu
Mstep runtime (s): 0.4781167507171631
Finished EM iter: 24. Current nllh: 10437.296576944223
Starting EM iter: 25
Estep
Estep runtime (s): 0.2229170799255371
Mstep
Optimizing phi
Optimizing branch lengths. Current phi: 0. Current nu:0.32169410253121317
Optimizing nu
Mstep runtime (s): 0.47844886779785156
Finished EM iter: 25. Current nllh: 10437.29594530867
Starting EM iter: 26
Estep
Estep runtime (s): 0.22010588645935059
Mstep
Optimizing phi
Optimizing branch lengths. Current phi: 0. Current nu:0.3216954190677729
Optimizing nu
Mstep runtime (s): 0.4905838966369629
Finished EM iter: 26. Current nllh: 10437.295152330149
Starting EM iter: 27
Estep
Estep runtime (s): 0.22476434707641602
Mstep
Optimizing phi
Optimizing branch lengths. Current phi: 0. Current nu:0.32169500889993
Optimizing nu
Mstep runtime (s): 0.5211808681488037
Finished EM iter: 27. Current nllh: 10437.295366300375
Starting EM iter: 28
Estep
Estep runtime (s): 0.22883200645446777
Mstep
Optimizing phi
Optimizing branch lengths. Current phi: 0. Current nu:0.3216945396301913
Optimizing nu
Mstep runtime (s): 0.5021548271179199
Finished EM iter: 28. Current nllh: 10437.295271637966
EM finished after 28 iterations.
Optimal phi: 0. Optimal nu: 0.3216945252651297. Optimal nllh: 10437.295271637966
Optimal point found for initial point 1
Numerical optimization finished successfully
Tree height pre-scaling: 0.6976207627037831, input timescale: 1.0
Tree height after scaling: 0.9999999999999999, mutation rate: 0.6976207627037831
Tree height pre-scaling: 0.6976208149053993, input timescale: 1.0
Tree height after scaling: 1.0, mutation rate: 0.6976208149053993
Tree height pre-scaling: 0.6976207471623552, input timescale: 1.0
Tree height after scaling: 0.9999999999999999, mutation rate: 0.6976207471623552
Tree height pre-scaling: 0.6976207976002518, input timescale: 1.0
Tree height after scaling: 1.0, mutation rate: 0.6976207976002518
Tree height pre-scaling: 0.6976207591605262, input timescale: 1.0
Tree height after scaling: 0.9999999999999999, mutation rate: 0.6976207591605262
Tree height pre-scaling: 0.697620784924598, input timescale: 1.0
Tree height after scaling: 1.0, mutation rate: 0.697620784924598
Tree height pre-scaling: 0.6976207489367123, input timescale: 1.0
Tree height after scaling: 0.9999999999999999, mutation rate: 0.6976207489367123
Tree height pre-scaling: 0.697620772737294, input timescale: 1.0
Tree height after scaling: 1.0, mutation rate: 0.697620772737294
Tree height pre-scaling: 0.6976208020578216, input timescale: 1.0
Tree height after scaling: 1.0, mutation rate: 0.6976208020578216
Tree height pre-scaling: 0.6976208264507235, input timescale: 1.0
Tree height after scaling: 1.0, mutation rate: 0.6976208264507235
Tree height pre-scaling: 0.69762079247437, input timescale: 1.0
Tree height after scaling: 0.9999999999999998, mutation rate: 0.69762079247437
Tree height pre-scaling: 0.6976208210186446, input timescale: 1.0
Tree height after scaling: 1.0, mutation rate: 0.6976208210186446
Tree height pre-scaling: 0.6976207663812427, input timescale: 1.0
Tree height after scaling: 1.0, mutation rate: 0.6976207663812427
Tree height pre-scaling: 0.6976208063442983, input timescale: 1.0
Tree height after scaling: 1.0, mutation rate: 0.6976208063442983
Tree height pre-scaling: 0.6976207960435699, input timescale: 1.0
Tree height after scaling: 0.9999999999999999, mutation rate: 0.6976207960435699
Tree height pre-scaling: 0.6976207258404795, input timescale: 1.0
Tree height after scaling: 0.9999999999999997, mutation rate: 0.6976207258404795
Tree height pre-scaling: 0.697620793708335, input timescale: 1.0
Tree height after scaling: 0.9999999999999998, mutation rate: 0.697620793708335
Runtime (s): 21.21319075
