Launching LAML version 0.0.4
LAML was called as follows: /Users/uym2/my_gits/LAML/run_laml.py -c ../../evaluation/Bar23/Bar23_character_matrix.txt -t place_outlier1/augmented_tree_180.nwk -o place_outlier1/augmented_tree_180_optimized -v -p ../../evaluation/Bar23/Bar23_priors.pickle --delimiter tab -m -1 --nInitials 1
Prior keys mismatch with site names.
Prior keys: [0, 1, 2, 3, 4, 5, 6, 7, 8, 9, 10, 11, 12, 13, 14, 15, 16, 17, 18, 19, 20, 21, 22, 23, 24, 25, 26, 27, 28]
Site names: ['r1', 'r2', 'r3', 'r4', 'r5', 'r6', 'r7', 'r8', 'r9', 'r10', 'r11', 'r12', 'r13', 'r14', 'r15', 'r16', 'r17', 'r18', 'r19', 'r20', 'r21', 'r22', 'r23', 'r24', 'r25', 'r26', 'r27', 'r28', 'r29', 'r30']
Attempting to infer mapping between site names and prior keys...
Not all site names are present in the dictionary. Trying offset...
Offset between input site names and prior keys is assumed to be 1
Missing priors at site r30, filling in uniform priors...
{'r1': 0, 'r2': 1, 'r3': 2, 'r4': 3, 'r5': 4, 'r6': 5, 'r7': 6, 'r8': 7, 'r9': 8, 'r10': 9, 'r11': 10, 'r12': 11, 'r13': 12, 'r14': 13, 'r15': 14, 'r16': 15, 'r17': 16, 'r18': 17, 'r19': 18, 'r20': 19, 'r21': 20, 'r22': 21, 'r23': 22, 'r24': 23, 'r25': 24, 'r26': 25, 'r27': 26, 'r28': 27, 'r29': 28, 'r30': 29}
Optimizing branch lengths, phi, and nu without topology search
Optimization by EM algorithm
Optimization start with 1 initials
Initial point 1. Random seed: 8053
Numerical optimization started with ultrametric constraint (default)
Initial phi: 0.5014997711875169. Initial nu: 0.7829108284296825. Initial nllh: 18658.510585674292
Starting EM iter: 1
Estep
Estep runtime (s): 0.1577620506286621
Mstep
Optimizing phi
Optimizing branch lengths. Current phi: 0.08776663151846309. Current nu:0.7829108284296825
Optimizing nu
Mstep runtime (s): 0.43819594383239746
Finished EM iter: 1. Current nllh: 11229.037045283243
Starting EM iter: 2
Estep
Estep runtime (s): 0.22149991989135742
Mstep
Optimizing phi
Optimizing branch lengths. Current phi: 0.042326260623023054. Current nu:0.3088483983743491
Optimizing nu
Mstep runtime (s): 0.5460770130157471
Finished EM iter: 2. Current nllh: 10739.34651263765
Starting EM iter: 3
Estep
Estep runtime (s): 0.21851205825805664
Mstep
Optimizing phi
Optimizing branch lengths. Current phi: 0.026519793466644438. Current nu:0.22472760073453188
Optimizing nu
Mstep runtime (s): 0.5791258811950684
Finished EM iter: 3. Current nllh: 10649.833876092562
Starting EM iter: 4
Estep
Estep runtime (s): 0.22752904891967773
Mstep
Optimizing phi
Optimizing branch lengths. Current phi: 0.01806902384067909. Current nu:0.2302425703662287
Optimizing nu
Mstep runtime (s): 0.44200706481933594
Finished EM iter: 4. Current nllh: 10618.730230208497
Starting EM iter: 5
Estep
Estep runtime (s): 0.23077797889709473
Mstep
Optimizing phi
Optimizing branch lengths. Current phi: 0.01296355189813577. Current nu:0.24955780224856702
Optimizing nu
Mstep runtime (s): 0.47518110275268555
Finished EM iter: 5. Current nllh: 10602.261062029713
Starting EM iter: 6
Estep
Estep runtime (s): 0.2289421558380127
Mstep
Optimizing phi
Optimizing branch lengths. Current phi: 0.009543122121664567. Current nu:0.2671636007353657
Optimizing nu
Mstep runtime (s): 0.48892712593078613
Finished EM iter: 6. Current nllh: 10591.430891449247
Starting EM iter: 7
Estep
Estep runtime (s): 0.2191929817199707
Mstep
Optimizing phi
Optimizing branch lengths. Current phi: 0.0070296603908437194. Current nu:0.28094771488912457
Optimizing nu
Mstep runtime (s): 0.44838476181030273
Finished EM iter: 7. Current nllh: 10583.185740355364
Starting EM iter: 8
Estep
Estep runtime (s): 0.21857714653015137
Mstep
Optimizing phi
Optimizing branch lengths. Current phi: 0.0050764448159970055. Current nu:0.2916204025323626
Optimizing nu
Mstep runtime (s): 0.4346740245819092
Finished EM iter: 8. Current nllh: 10576.77680032638
Starting EM iter: 9
Estep
Estep runtime (s): 0.2188730239868164
Mstep
Optimizing phi
Optimizing branch lengths. Current phi: 0.0035702625335400687. Current nu:0.3000162193116852
Optimizing nu
Mstep runtime (s): 0.42221593856811523
Finished EM iter: 9. Current nllh: 10572.117525913814
Starting EM iter: 10
Estep
Estep runtime (s): 0.22748017311096191
Mstep
Optimizing phi
Optimizing branch lengths. Current phi: 0.002461050088041387. Current nu:0.3065903624281644
Optimizing nu
Mstep runtime (s): 0.43534278869628906
Finished EM iter: 10. Current nllh: 10568.888488083823
Starting EM iter: 11
Estep
Estep runtime (s): 0.2317030429840088
Mstep
Optimizing phi
Optimizing branch lengths. Current phi: 0.001676041039994494. Current nu:0.3115794730803845
Optimizing nu
Mstep runtime (s): 0.4454808235168457
Finished EM iter: 11. Current nllh: 10566.687389594486
Starting EM iter: 12
Estep
Estep runtime (s): 0.22985482215881348
Mstep
Optimizing phi
Optimizing branch lengths. Current phi: 0.0011334009415503497. Current nu:0.31523146011412706
Optimizing nu
Mstep runtime (s): 0.4077892303466797
Finished EM iter: 12. Current nllh: 10565.197661888247
Starting EM iter: 13
Estep
Estep runtime (s): 0.2289130687713623
Mstep
Optimizing phi
Optimizing branch lengths. Current phi: 0.000763188841800137. Current nu:0.31783087385874287
Optimizing nu
Mstep runtime (s): 0.4340028762817383
Finished EM iter: 13. Current nllh: 10564.193751657112
Starting EM iter: 14
Estep
Estep runtime (s): 0.2317640781402588
Mstep
Optimizing phi
Optimizing branch lengths. Current phi: 0.000512537535685691. Current nu:0.3196440842157841
Optimizing nu
Mstep runtime (s): 0.40700674057006836
Finished EM iter: 14. Current nllh: 10563.51915224418
Starting EM iter: 15
Estep
Estep runtime (s): 0.2257380485534668
Mstep
Optimizing phi
Optimizing branch lengths. Current phi: 0.0003436209120340442. Current nu:0.32089340356272295
Optimizing nu
Mstep runtime (s): 0.4736161231994629
Finished EM iter: 15. Current nllh: 10563.066707254386
Starting EM iter: 16
Estep
Estep runtime (s): 0.22227787971496582
Mstep
Optimizing phi
Optimizing branch lengths. Current phi: 0.00023011953861193797. Current nu:0.3217455768836346
Optimizing nu
Mstep runtime (s): 0.4638400077819824
Finished EM iter: 16. Current nllh: 10562.763624540568
Starting EM iter: 17
Estep
Estep runtime (s): 0.21896696090698242
Mstep
Optimizing phi
Optimizing branch lengths. Current phi: 0.00015399676702182344. Current nu:0.3223238905296848
Optimizing nu
Mstep runtime (s): 0.47939372062683105
Finished EM iter: 17. Current nllh: 10562.560732768305
Starting EM iter: 18
Estep
Estep runtime (s): 0.22573304176330566
Mstep
Optimizing phi
Optimizing branch lengths. Current phi: 0.00010300552321387839. Current nu:0.3227151464710622
Optimizing nu
Mstep runtime (s): 0.4289979934692383
Finished EM iter: 18. Current nllh: 10562.424993846304
Starting EM iter: 19
Estep
Estep runtime (s): 0.23332595825195312
Mstep
Optimizing phi
Optimizing branch lengths. Current phi: 0. Current nu:0.32297830831450935
Optimizing nu
Mstep runtime (s): 0.4718620777130127
Finished EM iter: 19. Current nllh: 10562.16081219636
Starting EM iter: 20
Estep
Estep runtime (s): 0.22914505004882812
Mstep
Optimizing phi
Optimizing branch lengths. Current phi: 0. Current nu:0.32315461084528246
Optimizing nu
Mstep runtime (s): 0.4232487678527832
Finished EM iter: 20. Current nllh: 10562.158349097706
Starting EM iter: 21
Estep
Estep runtime (s): 0.23337125778198242
Mstep
Optimizing phi
Optimizing branch lengths. Current phi: 0. Current nu:0.3233857048588193
Optimizing nu
Mstep runtime (s): 0.49043798446655273
Finished EM iter: 21. Current nllh: 10562.15344791667
Starting EM iter: 22
Estep
Estep runtime (s): 0.22006511688232422
Mstep
Optimizing phi
Optimizing branch lengths. Current phi: 0. Current nu:0.32346758225980893
Optimizing nu
Mstep runtime (s): 0.41733884811401367
Finished EM iter: 22. Current nllh: 10562.152091091755
Starting EM iter: 23
Estep
Estep runtime (s): 0.22421669960021973
Mstep
Optimizing phi
Optimizing branch lengths. Current phi: 0. Current nu:0.32349944232604755
Optimizing nu
Mstep runtime (s): 0.40908002853393555
Finished EM iter: 23. Current nllh: 10562.151374617517
Starting EM iter: 24
Estep
Estep runtime (s): 0.22430992126464844
Mstep
Optimizing phi
Optimizing branch lengths. Current phi: 0. Current nu:0.3235113235060209
Optimizing nu
Mstep runtime (s): 0.5782558917999268
Finished EM iter: 24. Current nllh: 10562.150874660592
Starting EM iter: 25
Estep
Estep runtime (s): 0.23201823234558105
Mstep
Optimizing phi
Optimizing branch lengths. Current phi: 0. Current nu:0.3235139563877822
Optimizing nu
Mstep runtime (s): 0.43964076042175293
Finished EM iter: 25. Current nllh: 10562.150969293789
EM finished after 25 iterations.
Optimal phi: 0. Optimal nu: 0.32351758478526393. Optimal nllh: 10562.150969293789
Optimal point found for initial point 1
Numerical optimization finished successfully
Tree height pre-scaling: 0.6956765882969907, input timescale: 1.0
Tree height after scaling: 0.9999999999999999, mutation rate: 0.6956765882969907
Tree height pre-scaling: 0.6956765886816126, input timescale: 1.0
Tree height after scaling: 1.0, mutation rate: 0.6956765886816126
Tree height pre-scaling: 0.6956765881841172, input timescale: 1.0
Tree height after scaling: 1.0000000000000002, mutation rate: 0.6956765881841172
Tree height pre-scaling: 0.6956765881203129, input timescale: 1.0
Tree height after scaling: 1.0, mutation rate: 0.6956765881203129
Tree height pre-scaling: 0.695676588026966, input timescale: 1.0
Tree height after scaling: 1.0, mutation rate: 0.695676588026966
Tree height pre-scaling: 0.6956765884303251, input timescale: 1.0
Tree height after scaling: 0.9999999999999999, mutation rate: 0.6956765884303251
Tree height pre-scaling: 0.6956765886932368, input timescale: 1.0
Tree height after scaling: 0.9999999999999999, mutation rate: 0.6956765886932368
Tree height pre-scaling: 0.695676588425616, input timescale: 1.0
Tree height after scaling: 1.0000000000000002, mutation rate: 0.695676588425616
Tree height pre-scaling: 0.6956765886208143, input timescale: 1.0
Tree height after scaling: 1.0, mutation rate: 0.6956765886208143
Tree height pre-scaling: 0.6956765882672087, input timescale: 1.0
Tree height after scaling: 1.0, mutation rate: 0.6956765882672087
Tree height pre-scaling: 0.6956765889224718, input timescale: 1.0
Tree height after scaling: 1.0, mutation rate: 0.6956765889224718
Tree height pre-scaling: 0.6956765884921268, input timescale: 1.0
Tree height after scaling: 1.0, mutation rate: 0.6956765884921268
Tree height pre-scaling: 0.6956765883433591, input timescale: 1.0
Tree height after scaling: 1.0, mutation rate: 0.6956765883433591
Tree height pre-scaling: 0.695676588546789, input timescale: 1.0
Tree height after scaling: 1.0, mutation rate: 0.695676588546789
Tree height pre-scaling: 0.6956765882708338, input timescale: 1.0
Tree height after scaling: 1.0, mutation rate: 0.6956765882708338
Tree height pre-scaling: 0.6956765884436491, input timescale: 1.0
Tree height after scaling: 1.0, mutation rate: 0.6956765884436491
Tree height pre-scaling: 0.6956765887639218, input timescale: 1.0
Tree height after scaling: 1.0, mutation rate: 0.6956765887639218
Runtime (s): 19.010768499999998
