Launching LAML version 0.0.4
LAML was called as follows: /Users/uym2/my_gits/LAML/run_laml.py -c ../../evaluation/Bar23/Bar23_character_matrix.txt -t place_outlier1/augmented_tree_135.nwk -o place_outlier1/augmented_tree_135_optimized -v -p ../../evaluation/Bar23/Bar23_priors.pickle --delimiter tab -m -1 --nInitials 1
Prior keys mismatch with site names.
Prior keys: [0, 1, 2, 3, 4, 5, 6, 7, 8, 9, 10, 11, 12, 13, 14, 15, 16, 17, 18, 19, 20, 21, 22, 23, 24, 25, 26, 27, 28]
Site names: ['r1', 'r2', 'r3', 'r4', 'r5', 'r6', 'r7', 'r8', 'r9', 'r10', 'r11', 'r12', 'r13', 'r14', 'r15', 'r16', 'r17', 'r18', 'r19', 'r20', 'r21', 'r22', 'r23', 'r24', 'r25', 'r26', 'r27', 'r28', 'r29', 'r30']
Attempting to infer mapping between site names and prior keys...
Not all site names are present in the dictionary. Trying offset...
Offset between input site names and prior keys is assumed to be 1
Missing priors at site r30, filling in uniform priors...
{'r1': 0, 'r2': 1, 'r3': 2, 'r4': 3, 'r5': 4, 'r6': 5, 'r7': 6, 'r8': 7, 'r9': 8, 'r10': 9, 'r11': 10, 'r12': 11, 'r13': 12, 'r14': 13, 'r15': 14, 'r16': 15, 'r17': 16, 'r18': 17, 'r19': 18, 'r20': 19, 'r21': 20, 'r22': 21, 'r23': 22, 'r24': 23, 'r25': 24, 'r26': 25, 'r27': 26, 'r28': 27, 'r29': 28, 'r30': 29}
Optimizing branch lengths, phi, and nu without topology search
Optimization by EM algorithm
Optimization start with 1 initials
Initial point 1. Random seed: 3186
Numerical optimization started with ultrametric constraint (default)
Initial phi: 0.6304755074221489. Initial nu: 0.10792207943302479. Initial nllh: 18402.077383212916
Starting EM iter: 1
Estep
Estep runtime (s): 0.1587390899658203
Mstep
Optimizing phi
Optimizing branch lengths. Current phi: 0.14756686697881308. Current nu:0.10792207943302479
Optimizing nu
Mstep runtime (s): 0.49017906188964844
Finished EM iter: 1. Current nllh: 11364.107797828487
Starting EM iter: 2
Estep
Estep runtime (s): 0.21674299240112305
Mstep
Optimizing phi
Optimizing branch lengths. Current phi: 0.07132225804900019. Current nu:0.0655897126165395
Optimizing nu
Mstep runtime (s): 0.5981321334838867
Finished EM iter: 2. Current nllh: 10806.733062217414
Starting EM iter: 3
Estep
Estep runtime (s): 0.21766281127929688
Mstep
Optimizing phi
Optimizing branch lengths. Current phi: 0.04274988198080636. Current nu:0.11273822287376073
Optimizing nu
Mstep runtime (s): 0.5268368721008301
Finished EM iter: 3. Current nllh: 10629.394586107417
Starting EM iter: 4
Estep
Estep runtime (s): 0.21739697456359863
Mstep
Optimizing phi
Optimizing branch lengths. Current phi: 0.027949165024077162. Current nu:0.16527860399861294
Optimizing nu
Mstep runtime (s): 0.5329980850219727
Finished EM iter: 4. Current nllh: 10548.66989791714
Starting EM iter: 5
Estep
Estep runtime (s): 0.21704792976379395
Mstep
Optimizing phi
Optimizing branch lengths. Current phi: 0.019146198233564903. Current nu:0.20696544900964464
Optimizing nu
Mstep runtime (s): 0.5020949840545654
Finished EM iter: 5. Current nllh: 10510.655903962373
Starting EM iter: 6
Estep
Estep runtime (s): 0.21708202362060547
Mstep
Optimizing phi
Optimizing branch lengths. Current phi: 0.013840507406386844. Current nu:0.2370425091485314
Optimizing nu
Mstep runtime (s): 0.4387209415435791
Finished EM iter: 6. Current nllh: 10492.089821836056
Starting EM iter: 7
Estep
Estep runtime (s): 0.2171461582183838
Mstep
Optimizing phi
Optimizing branch lengths. Current phi: 0.010396118415436115. Current nu:0.25790601604953867
Optimizing nu
Mstep runtime (s): 0.5056960582733154
Finished EM iter: 7. Current nllh: 10480.96700177334
Starting EM iter: 8
Estep
Estep runtime (s): 0.21730279922485352
Mstep
Optimizing phi
Optimizing branch lengths. Current phi: 0.007897694437608708. Current nu:0.2725424472552071
Optimizing nu
Mstep runtime (s): 0.4251842498779297
Finished EM iter: 8. Current nllh: 10472.304102076527
Starting EM iter: 9
Estep
Estep runtime (s): 0.21880197525024414
Mstep
Optimizing phi
Optimizing branch lengths. Current phi: 0.005884064710892373. Current nu:0.28338847608949835
Optimizing nu
Mstep runtime (s): 0.43496012687683105
Finished EM iter: 9. Current nllh: 10464.966167089875
Starting EM iter: 10
Estep
Estep runtime (s): 0.21784400939941406
Mstep
Optimizing phi
Optimizing branch lengths. Current phi: 0.004227756911789314. Current nu:0.2920071528165867
Optimizing nu
Mstep runtime (s): 0.427170991897583
Finished EM iter: 10. Current nllh: 10459.306107988265
Starting EM iter: 11
Estep
Estep runtime (s): 0.2179121971130371
Mstep
Optimizing phi
Optimizing branch lengths. Current phi: 0.0029421526032004045. Current nu:0.29905997603918044
Optimizing nu
Mstep runtime (s): 0.4663398265838623
Finished EM iter: 11. Current nllh: 10455.300454488073
Starting EM iter: 12
Estep
Estep runtime (s): 0.2187798023223877
Mstep
Optimizing phi
Optimizing branch lengths. Current phi: 0.002007178910903083. Current nu:0.3046726348817267
Optimizing nu
Mstep runtime (s): 0.4549520015716553
Finished EM iter: 12. Current nllh: 10452.575120991798
Starting EM iter: 13
Estep
Estep runtime (s): 0.21851110458374023
Mstep
Optimizing phi
Optimizing branch lengths. Current phi: 0.0013544134610169304. Current nu:0.3089259316384682
Optimizing nu
Mstep runtime (s): 0.44589996337890625
Finished EM iter: 13. Current nllh: 10450.740462099142
Starting EM iter: 14
Estep
Estep runtime (s): 0.21799278259277344
Mstep
Optimizing phi
Optimizing branch lengths. Current phi: 0.0009083122294172646. Current nu:0.31201473813287284
Optimizing nu
Mstep runtime (s): 0.5072228908538818
Finished EM iter: 14. Current nllh: 10449.509463391505
Starting EM iter: 15
Estep
Estep runtime (s): 0.21914172172546387
Mstep
Optimizing phi
Optimizing branch lengths. Current phi: 0.0006069138749431184. Current nu:0.3141911798605763
Optimizing nu
Mstep runtime (s): 0.48474907875061035
Finished EM iter: 15. Current nllh: 10448.686332362122
Starting EM iter: 16
Estep
Estep runtime (s): 0.21736979484558105
Mstep
Optimizing phi
Optimizing branch lengths. Current phi: 0.000404607659158811. Current nu:0.3156951993948353
Optimizing nu
Mstep runtime (s): 0.6674768924713135
Finished EM iter: 16. Current nllh: 10448.137242723484
Starting EM iter: 17
Estep
Estep runtime (s): 0.21802496910095215
Mstep
Optimizing phi
Optimizing branch lengths. Current phi: 0.00026934893488065324. Current nu:0.31672176558249326
Optimizing nu
Mstep runtime (s): 0.46094226837158203
Finished EM iter: 17. Current nllh: 10447.77107386804
Starting EM iter: 18
Estep
Estep runtime (s): 0.21753692626953125
Mstep
Optimizing phi
Optimizing branch lengths. Current phi: 0.00017914054429125077. Current nu:0.3174164173419897
Optimizing nu
Mstep runtime (s): 0.44015002250671387
Finished EM iter: 18. Current nllh: 10447.528263035765
Starting EM iter: 19
Estep
Estep runtime (s): 0.21904706954956055
Mstep
Optimizing phi
Optimizing branch lengths. Current phi: 0.00011907132472402957. Current nu:0.31788430389141287
Optimizing nu
Mstep runtime (s): 0.6408300399780273
Finished EM iter: 19. Current nllh: 10447.366273697877
Starting EM iter: 20
Estep
Estep runtime (s): 0.21817398071289062
Mstep
Optimizing phi
Optimizing branch lengths. Current phi: 0. Current nu:0.31819758029444867
Optimizing nu
Mstep runtime (s): 0.5317020416259766
Finished EM iter: 20. Current nllh: 10447.057768904146
Starting EM iter: 21
Estep
Estep runtime (s): 0.21849989891052246
Mstep
Optimizing phi
Optimizing branch lengths. Current phi: 0. Current nu:0.3184082123051912
Optimizing nu
Mstep runtime (s): 0.40952181816101074
Finished EM iter: 21. Current nllh: 10447.054495746735
Starting EM iter: 22
Estep
Estep runtime (s): 0.21795368194580078
Mstep
Optimizing phi
Optimizing branch lengths. Current phi: 0. Current nu:0.3186766390460997
Optimizing nu
Mstep runtime (s): 0.534771203994751
Finished EM iter: 22. Current nllh: 10447.049113024126
Starting EM iter: 23
Estep
Estep runtime (s): 0.21768999099731445
Mstep
Optimizing phi
Optimizing branch lengths. Current phi: 0. Current nu:0.3187732270437308
Optimizing nu
Mstep runtime (s): 0.477445125579834
Finished EM iter: 23. Current nllh: 10447.047529221581
Starting EM iter: 24
Estep
Estep runtime (s): 0.21721291542053223
Mstep
Optimizing phi
Optimizing branch lengths. Current phi: 0. Current nu:0.31880798317611136
Optimizing nu
Mstep runtime (s): 0.5100250244140625
Finished EM iter: 24. Current nllh: 10447.04679287322
Starting EM iter: 25
Estep
Estep runtime (s): 0.21763110160827637
Mstep
Optimizing phi
Optimizing branch lengths. Current phi: 0. Current nu:0.3188212388699306
Optimizing nu
Mstep runtime (s): 0.5189721584320068
Finished EM iter: 25. Current nllh: 10447.04606485975
Starting EM iter: 26
Estep
Estep runtime (s): 0.21822595596313477
Mstep
Optimizing phi
Optimizing branch lengths. Current phi: 0. Current nu:0.318826773440248
Optimizing nu
Mstep runtime (s): 0.48888397216796875
Finished EM iter: 26. Current nllh: 10447.04635263902
Starting EM iter: 27
Estep
Estep runtime (s): 0.21723198890686035
Mstep
Optimizing phi
Optimizing branch lengths. Current phi: 0. Current nu:0.31882913648774397
Optimizing nu
Mstep runtime (s): 0.49382710456848145
Finished EM iter: 27. Current nllh: 10447.045877632363
Starting EM iter: 28
Estep
Estep runtime (s): 0.21797513961791992
Mstep
Optimizing phi
Optimizing branch lengths. Current phi: 0. Current nu:0.3188304960462488
Optimizing nu
Mstep runtime (s): 0.5477838516235352
Finished EM iter: 28. Current nllh: 10447.046230567557
Starting EM iter: 29
Estep
Estep runtime (s): 0.21738195419311523
Mstep
Optimizing phi
Optimizing branch lengths. Current phi: 0. Current nu:0.31883126361250586
Optimizing nu
Mstep runtime (s): 0.5014257431030273
Finished EM iter: 29. Current nllh: 10447.045787206545
Starting EM iter: 30
Estep
Estep runtime (s): 0.22134113311767578
Mstep
Optimizing phi
Optimizing branch lengths. Current phi: 0. Current nu:0.3188319552086905
Optimizing nu
Mstep runtime (s): 0.4418928623199463
Finished EM iter: 30. Current nllh: 10447.046162667059
Starting EM iter: 31
Estep
Estep runtime (s): 0.21987605094909668
Mstep
Optimizing phi
Optimizing branch lengths. Current phi: 0. Current nu:0.3188322130401636
Optimizing nu
Mstep runtime (s): 0.4798450469970703
Finished EM iter: 31. Current nllh: 10447.045912608792
Starting EM iter: 32
Estep
Estep runtime (s): 0.21995806694030762
Mstep
Optimizing phi
Optimizing branch lengths. Current phi: 0. Current nu:0.31883209527257456
Optimizing nu
Mstep runtime (s): 0.456920862197876
Finished EM iter: 32. Current nllh: 10447.046124903933
Starting EM iter: 33
Estep
Estep runtime (s): 0.2192080020904541
Mstep
Optimizing phi
Optimizing branch lengths. Current phi: 0. Current nu:0.31883250685990583
Optimizing nu
Mstep runtime (s): 0.41823697090148926
Finished EM iter: 33. Current nllh: 10447.046089146043
EM finished after 33 iterations.
Optimal phi: 0. Optimal nu: 0.31883315447131527. Optimal nllh: 10447.046089146043
Optimal point found for initial point 1
Numerical optimization finished successfully
Tree height pre-scaling: 0.703582614964503, input timescale: 1.0
Tree height after scaling: 1.0, mutation rate: 0.703582614964503
Tree height pre-scaling: 0.7035826151450052, input timescale: 1.0
Tree height after scaling: 1.0, mutation rate: 0.7035826151450052
Tree height pre-scaling: 0.7035826149123745, input timescale: 1.0
Tree height after scaling: 1.0, mutation rate: 0.7035826149123745
Tree height pre-scaling: 0.7035826148769111, input timescale: 1.0
Tree height after scaling: 0.9999999999999999, mutation rate: 0.7035826148769111
Tree height pre-scaling: 0.7035826148386419, input timescale: 1.0
Tree height after scaling: 1.0, mutation rate: 0.7035826148386419
Tree height pre-scaling: 0.7035826150230207, input timescale: 1.0
Tree height after scaling: 1.0, mutation rate: 0.7035826150230207
Tree height pre-scaling: 0.7035826151474097, input timescale: 1.0
Tree height after scaling: 1.0, mutation rate: 0.7035826151474097
Tree height pre-scaling: 0.7035826150264042, input timescale: 1.0
Tree height after scaling: 1.0, mutation rate: 0.7035826150264042
Tree height pre-scaling: 0.7035826151099501, input timescale: 1.0
Tree height after scaling: 1.0, mutation rate: 0.7035826151099501
Tree height pre-scaling: 0.7035826149562184, input timescale: 1.0
Tree height after scaling: 1.0, mutation rate: 0.7035826149562184
Tree height pre-scaling: 0.703582615259407, input timescale: 1.0
Tree height after scaling: 1.0, mutation rate: 0.703582615259407
Tree height pre-scaling: 0.703582615049003, input timescale: 1.0
Tree height after scaling: 1.0, mutation rate: 0.703582615049003
Tree height pre-scaling: 0.7035826149861556, input timescale: 1.0
Tree height after scaling: 1.0, mutation rate: 0.7035826149861556
Tree height pre-scaling: 0.7035826150009039, input timescale: 1.0
Tree height after scaling: 1.0, mutation rate: 0.7035826150009039
Tree height pre-scaling: 0.7035826150615825, input timescale: 1.0
Tree height after scaling: 1.0, mutation rate: 0.7035826150615825
Tree height pre-scaling: 0.7035826149466038, input timescale: 1.0
Tree height after scaling: 1.0, mutation rate: 0.7035826149466038
Tree height pre-scaling: 0.7035826154389458, input timescale: 1.0
Tree height after scaling: 1.0, mutation rate: 0.7035826154389458
Runtime (s): 25.771787
