Launching LAML version 0.0.4
LAML was called as follows: /Users/uym2/my_gits/LAML/run_laml.py -c ../../evaluation/Bar23/Bar23_character_matrix.txt -t place_outlier1/augmented_tree_481.nwk -o place_outlier1/augmented_tree_481_optimized -v -p ../../evaluation/Bar23/Bar23_priors.pickle --delimiter tab -m -1 --nInitials 1
Prior keys mismatch with site names.
Prior keys: [0, 1, 2, 3, 4, 5, 6, 7, 8, 9, 10, 11, 12, 13, 14, 15, 16, 17, 18, 19, 20, 21, 22, 23, 24, 25, 26, 27, 28]
Site names: ['r1', 'r2', 'r3', 'r4', 'r5', 'r6', 'r7', 'r8', 'r9', 'r10', 'r11', 'r12', 'r13', 'r14', 'r15', 'r16', 'r17', 'r18', 'r19', 'r20', 'r21', 'r22', 'r23', 'r24', 'r25', 'r26', 'r27', 'r28', 'r29', 'r30']
Attempting to infer mapping between site names and prior keys...
Not all site names are present in the dictionary. Trying offset...
Offset between input site names and prior keys is assumed to be 1
Missing priors at site r30, filling in uniform priors...
{'r1': 0, 'r2': 1, 'r3': 2, 'r4': 3, 'r5': 4, 'r6': 5, 'r7': 6, 'r8': 7, 'r9': 8, 'r10': 9, 'r11': 10, 'r12': 11, 'r13': 12, 'r14': 13, 'r15': 14, 'r16': 15, 'r17': 16, 'r18': 17, 'r19': 18, 'r20': 19, 'r21': 20, 'r22': 21, 'r23': 22, 'r24': 23, 'r25': 24, 'r26': 25, 'r27': 26, 'r28': 27, 'r29': 28, 'r30': 29}
Optimizing branch lengths, phi, and nu without topology search
Optimization by EM algorithm
Optimization start with 1 initials
Initial point 1. Random seed: 5798
Numerical optimization started with ultrametric constraint (default)
Initial phi: 0.022661279075872637. Initial nu: 0.8747070128844164. Initial nllh: 14155.962507716918
Starting EM iter: 1
Estep
Estep runtime (s): 0.16302108764648438
Mstep
Optimizing phi
Optimizing branch lengths. Current phi: 0.010673493713365206. Current nu:0.8747070128844164
Optimizing nu
Mstep runtime (s): 0.42566394805908203
Finished EM iter: 1. Current nllh: 10711.472783281213
Starting EM iter: 2
Estep
Estep runtime (s): 0.2196199893951416
Mstep
Optimizing phi
Optimizing branch lengths. Current phi: 0.006831935645662076. Current nu:0.4939423203133787
Optimizing nu
Mstep runtime (s): 0.40070414543151855
Finished EM iter: 2. Current nllh: 10565.097911201188
Starting EM iter: 3
Estep
Estep runtime (s): 0.22100186347961426
Mstep
Optimizing phi
Optimizing branch lengths. Current phi: 0.0046093275953246375. Current nu:0.36646541077882483
Optimizing nu
Mstep runtime (s): 0.4708709716796875
Finished EM iter: 3. Current nllh: 10537.89939480591
Starting EM iter: 4
Estep
Estep runtime (s): 0.2200169563293457
Mstep
Optimizing phi
Optimizing branch lengths. Current phi: 0.003104746071868621. Current nu:0.3285373851341353
Optimizing nu
Mstep runtime (s): 0.48163604736328125
Finished EM iter: 4. Current nllh: 10531.896039167117
Starting EM iter: 5
Estep
Estep runtime (s): 0.2207181453704834
Mstep
Optimizing phi
Optimizing branch lengths. Current phi: 0.0020764051086792933. Current nu:0.319158819995499
Optimizing nu
Mstep runtime (s): 0.4283130168914795
Finished EM iter: 5. Current nllh: 10529.090947227172
Starting EM iter: 6
Estep
Estep runtime (s): 0.21990489959716797
Mstep
Optimizing phi
Optimizing branch lengths. Current phi: 0.0013792438709799087. Current nu:0.3184745260424724
Optimizing nu
Mstep runtime (s): 0.42320704460144043
Finished EM iter: 6. Current nllh: 10527.218263679057
Starting EM iter: 7
Estep
Estep runtime (s): 0.21983003616333008
Mstep
Optimizing phi
Optimizing branch lengths. Current phi: 0.0009115549329426524. Current nu:0.3199900395768643
Optimizing nu
Mstep runtime (s): 0.47040510177612305
Finished EM iter: 7. Current nllh: 10525.93275067112
Starting EM iter: 8
Estep
Estep runtime (s): 0.22307300567626953
Mstep
Optimizing phi
Optimizing branch lengths. Current phi: 0.0006004039258755046. Current nu:0.32169705028960727
Optimizing nu
Mstep runtime (s): 0.43102097511291504
Finished EM iter: 8. Current nllh: 10525.066367387313
Starting EM iter: 9
Estep
Estep runtime (s): 0.2206439971923828
Mstep
Optimizing phi
Optimizing branch lengths. Current phi: 0.0003945760222210554. Current nu:0.32307845260510076
Optimizing nu
Mstep runtime (s): 0.4158289432525635
Finished EM iter: 9. Current nllh: 10524.49030811597
Starting EM iter: 10
Estep
Estep runtime (s): 0.22119712829589844
Mstep
Optimizing phi
Optimizing branch lengths. Current phi: 0.00025893056200205865. Current nu:0.32408144250118576
Optimizing nu
Mstep runtime (s): 0.41962409019470215
Finished EM iter: 10. Current nllh: 10524.110082977857
Starting EM iter: 11
Estep
Estep runtime (s): 0.22180604934692383
Mstep
Optimizing phi
Optimizing branch lengths. Current phi: 0.00016975486745622695. Current nu:0.32477602686121315
Optimizing nu
Mstep runtime (s): 0.4452509880065918
Finished EM iter: 11. Current nllh: 10523.860078421114
Starting EM iter: 12
Estep
Estep runtime (s): 0.22499775886535645
Mstep
Optimizing phi
Optimizing branch lengths. Current phi: 0.00011122203393453922. Current nu:0.32524574580275395
Optimizing nu
Mstep runtime (s): 0.49774599075317383
Finished EM iter: 12. Current nllh: 10523.696003043206
Starting EM iter: 13
Estep
Estep runtime (s): 0.21981596946716309
Mstep
Optimizing phi
Optimizing branch lengths. Current phi: 0. Current nu:0.32555995558930295
Optimizing nu
Mstep runtime (s): 0.43204808235168457
Finished EM iter: 13. Current nllh: 10523.397866500623
Starting EM iter: 14
Estep
Estep runtime (s): 0.21810102462768555
Mstep
Optimizing phi
Optimizing branch lengths. Current phi: 0. Current nu:0.3257688543769135
Optimizing nu
Mstep runtime (s): 0.40906476974487305
Finished EM iter: 14. Current nllh: 10523.393397183983
Starting EM iter: 15
Estep
Estep runtime (s): 0.21998882293701172
Mstep
Optimizing phi
Optimizing branch lengths. Current phi: 0. Current nu:0.3260223432682149
Optimizing nu
Mstep runtime (s): 0.42473316192626953
Finished EM iter: 15. Current nllh: 10523.387848079186
Starting EM iter: 16
Estep
Estep runtime (s): 0.21953225135803223
Mstep
Optimizing phi
Optimizing branch lengths. Current phi: 0. Current nu:0.32611588336317915
Optimizing nu
Mstep runtime (s): 0.4336550235748291
Finished EM iter: 16. Current nllh: 10523.385690836849
Starting EM iter: 17
Estep
Estep runtime (s): 0.21704411506652832
Mstep
Optimizing phi
Optimizing branch lengths. Current phi: 0. Current nu:0.32615065176618313
Optimizing nu
Mstep runtime (s): 0.4665858745574951
Finished EM iter: 17. Current nllh: 10523.384860939197
Starting EM iter: 18
Estep
Estep runtime (s): 0.21728301048278809
Mstep
Optimizing phi
Optimizing branch lengths. Current phi: 0. Current nu:0.3261643467634188
Optimizing nu
Mstep runtime (s): 0.4246830940246582
Finished EM iter: 18. Current nllh: 10523.38452679606
Starting EM iter: 19
Estep
Estep runtime (s): 0.21692895889282227
Mstep
Optimizing phi
Optimizing branch lengths. Current phi: 0. Current nu:0.3261700799944301
Optimizing nu
Mstep runtime (s): 0.41012096405029297
Finished EM iter: 19. Current nllh: 10523.384377946497
Starting EM iter: 20
Estep
Estep runtime (s): 0.2172698974609375
Mstep
Optimizing phi
Optimizing branch lengths. Current phi: 0. Current nu:0.3261728971932148
Optimizing nu
Mstep runtime (s): 0.41553521156311035
Finished EM iter: 20. Current nllh: 10523.384292156728
EM finished after 20 iterations.
Optimal phi: 0. Optimal nu: 0.32617493057288294. Optimal nllh: 10523.384292156728
Optimal point found for initial point 1
Numerical optimization finished successfully
Tree height pre-scaling: 0.6852133091721779, input timescale: 1.0
Tree height after scaling: 1.0, mutation rate: 0.6852133091721779
Tree height pre-scaling: 0.685213309421905, input timescale: 1.0
Tree height after scaling: 1.0, mutation rate: 0.685213309421905
Tree height pre-scaling: 0.6852133091133841, input timescale: 1.0
Tree height after scaling: 0.9999999999999999, mutation rate: 0.6852133091133841
Tree height pre-scaling: 0.6852133093354148, input timescale: 1.0
Tree height after scaling: 1.0, mutation rate: 0.6852133093354148
Tree height pre-scaling: 0.6852133091686692, input timescale: 1.0
Tree height after scaling: 1.0, mutation rate: 0.6852133091686692
Tree height pre-scaling: 0.68521330927424, input timescale: 1.0
Tree height after scaling: 1.0, mutation rate: 0.68521330927424
Tree height pre-scaling: 0.6852133091147092, input timescale: 1.0
Tree height after scaling: 0.9999999999999999, mutation rate: 0.6852133091147092
Tree height pre-scaling: 0.6852133092168581, input timescale: 1.0
Tree height after scaling: 1.0, mutation rate: 0.6852133092168581
Tree height pre-scaling: 0.6852133093461019, input timescale: 1.0
Tree height after scaling: 0.9999999999999999, mutation rate: 0.6852133093461019
Tree height pre-scaling: 0.6852133094638638, input timescale: 1.0
Tree height after scaling: 1.0, mutation rate: 0.6852133094638638
Tree height pre-scaling: 0.6852133093231985, input timescale: 1.0
Tree height after scaling: 1.0, mutation rate: 0.6852133093231985
Tree height pre-scaling: 0.685213309435249, input timescale: 1.0
Tree height after scaling: 1.0, mutation rate: 0.685213309435249
Tree height pre-scaling: 0.6852133092036268, input timescale: 1.0
Tree height after scaling: 1.0, mutation rate: 0.6852133092036268
Tree height pre-scaling: 0.6852133093815083, input timescale: 1.0
Tree height after scaling: 1.0, mutation rate: 0.6852133093815083
Tree height pre-scaling: 0.6852133093081514, input timescale: 1.0
Tree height after scaling: 1.0, mutation rate: 0.6852133093081514
Tree height pre-scaling: 0.6852133090172318, input timescale: 1.0
Tree height after scaling: 1.0, mutation rate: 0.6852133090172318
Tree height pre-scaling: 0.6852133090173425, input timescale: 1.0
Tree height after scaling: 1.0, mutation rate: 0.6852133090173425
Runtime (s): 14.687903625
