Launching LAML version 0.0.4
LAML was called as follows: /Users/uym2/my_gits/LAML/run_laml.py -c ../../evaluation/Bar23/Bar23_character_matrix.txt -t place_outlier1/augmented_tree_363.nwk -o place_outlier1/augmented_tree_363_optimized -v -p ../../evaluation/Bar23/Bar23_priors.pickle --delimiter tab -m -1 --nInitials 1
Prior keys mismatch with site names.
Prior keys: [0, 1, 2, 3, 4, 5, 6, 7, 8, 9, 10, 11, 12, 13, 14, 15, 16, 17, 18, 19, 20, 21, 22, 23, 24, 25, 26, 27, 28]
Site names: ['r1', 'r2', 'r3', 'r4', 'r5', 'r6', 'r7', 'r8', 'r9', 'r10', 'r11', 'r12', 'r13', 'r14', 'r15', 'r16', 'r17', 'r18', 'r19', 'r20', 'r21', 'r22', 'r23', 'r24', 'r25', 'r26', 'r27', 'r28', 'r29', 'r30']
Attempting to infer mapping between site names and prior keys...
Not all site names are present in the dictionary. Trying offset...
Offset between input site names and prior keys is assumed to be 1
Missing priors at site r30, filling in uniform priors...
{'r1': 0, 'r2': 1, 'r3': 2, 'r4': 3, 'r5': 4, 'r6': 5, 'r7': 6, 'r8': 7, 'r9': 8, 'r10': 9, 'r11': 10, 'r12': 11, 'r13': 12, 'r14': 13, 'r15': 14, 'r16': 15, 'r17': 16, 'r18': 17, 'r19': 18, 'r20': 19, 'r21': 20, 'r22': 21, 'r23': 22, 'r24': 23, 'r25': 24, 'r26': 25, 'r27': 26, 'r28': 27, 'r29': 28, 'r30': 29}
Optimizing branch lengths, phi, and nu without topology search
Optimization by EM algorithm
Optimization start with 1 initials
Initial point 1. Random seed: 637
Numerical optimization started with ultrametric constraint (default)
Initial phi: 0.6507565617145457. Initial nu: 0.2440352398049055. Initial nllh: 18940.227785013463
Starting EM iter: 1
Estep
Estep runtime (s): 0.16127800941467285
Mstep
Optimizing phi
Optimizing branch lengths. Current phi: 0.13285379601326303. Current nu:0.2440352398049055
Optimizing nu
Mstep runtime (s): 0.5253708362579346
Finished EM iter: 1. Current nllh: 11241.997290493988
Starting EM iter: 2
Estep
Estep runtime (s): 0.21592020988464355
Mstep
Optimizing phi
Optimizing branch lengths. Current phi: 0.0631423192889354. Current nu:0.10973881926858528
Optimizing nu
Mstep runtime (s): 0.5172789096832275
Finished EM iter: 2. Current nllh: 10744.379933960949
Starting EM iter: 3
Estep
Estep runtime (s): 0.21445178985595703
Mstep
Optimizing phi
Optimizing branch lengths. Current phi: 0.03821944155699526. Current nu:0.13683092833556046
Optimizing nu
Mstep runtime (s): 0.6063449382781982
Finished EM iter: 3. Current nllh: 10599.525197917432
Starting EM iter: 4
Estep
Estep runtime (s): 0.2161729335784912
Mstep
Optimizing phi
Optimizing branch lengths. Current phi: 0.025158679104543297. Current nu:0.18213553539786997
Optimizing nu
Mstep runtime (s): 0.5714929103851318
Finished EM iter: 4. Current nllh: 10535.799216089434
Starting EM iter: 5
Estep
Estep runtime (s): 0.21614813804626465
Mstep
Optimizing phi
Optimizing branch lengths. Current phi: 0.017487780498113028. Current nu:0.21998150543710446
Optimizing nu
Mstep runtime (s): 0.47304821014404297
Finished EM iter: 5. Current nllh: 10504.893722490617
Starting EM iter: 6
Estep
Estep runtime (s): 0.21490716934204102
Mstep
Optimizing phi
Optimizing branch lengths. Current phi: 0.012738347917917524. Current nu:0.2473700516569821
Optimizing nu
Mstep runtime (s): 0.5076348781585693
Finished EM iter: 6. Current nllh: 10488.712040408294
Starting EM iter: 7
Estep
Estep runtime (s): 0.21751809120178223
Mstep
Optimizing phi
Optimizing branch lengths. Current phi: 0.009542935095841209. Current nu:0.26640916024928724
Optimizing nu
Mstep runtime (s): 0.5684638023376465
Finished EM iter: 7. Current nllh: 10478.265714985704
Starting EM iter: 8
Estep
Estep runtime (s): 0.2168412208557129
Mstep
Optimizing phi
Optimizing branch lengths. Current phi: 0.007152668728216999. Current nu:0.28001876596603065
Optimizing nu
Mstep runtime (s): 0.42394304275512695
Finished EM iter: 8. Current nllh: 10469.909859000127
Starting EM iter: 9
Estep
Estep runtime (s): 0.21593904495239258
Mstep
Optimizing phi
Optimizing branch lengths. Current phi: 0.005224156712235241. Current nu:0.2903528710176576
Optimizing nu
Mstep runtime (s): 0.5328519344329834
Finished EM iter: 9. Current nllh: 10463.18233257275
Starting EM iter: 10
Estep
Estep runtime (s): 0.21932125091552734
Mstep
Optimizing phi
Optimizing branch lengths. Current phi: 0.003689370606924726. Current nu:0.2986282689440109
Optimizing nu
Mstep runtime (s): 0.4868180751800537
Finished EM iter: 10. Current nllh: 10458.254425697594
Starting EM iter: 11
Estep
Estep runtime (s): 0.221085786819458
Mstep
Optimizing phi
Optimizing branch lengths. Current phi: 0.0025414924010830576. Current nu:0.3052840079187638
Optimizing nu
Mstep runtime (s): 0.4486229419708252
Finished EM iter: 11. Current nllh: 10454.843597809479
Starting EM iter: 12
Estep
Estep runtime (s): 0.22148704528808594
Mstep
Optimizing phi
Optimizing branch lengths. Current phi: 0.0017256767943108716. Current nu:0.31043158110313324
Optimizing nu
Mstep runtime (s): 0.41860198974609375
Finished EM iter: 12. Current nllh: 10452.523739543194
Starting EM iter: 13
Estep
Estep runtime (s): 0.2224419116973877
Mstep
Optimizing phi
Optimizing branch lengths. Current phi: 0.0011623254768401527. Current nu:0.31423946096604
Optimizing nu
Mstep runtime (s): 0.43564534187316895
Finished EM iter: 13. Current nllh: 10450.957489284669
Starting EM iter: 14
Estep
Estep runtime (s): 0.22034788131713867
Mstep
Optimizing phi
Optimizing branch lengths. Current phi: 0.0007791953532287746. Current nu:0.31696178483636384
Optimizing nu
Mstep runtime (s): 0.41840481758117676
Finished EM iter: 14. Current nllh: 10449.905428168002
Starting EM iter: 15
Estep
Estep runtime (s): 0.21640682220458984
Mstep
Optimizing phi
Optimizing branch lengths. Current phi: 0.0005208450135413996. Current nu:0.31886225329499024
Optimizing nu
Mstep runtime (s): 0.399852991104126
Finished EM iter: 15. Current nllh: 10449.201319571474
Starting EM iter: 16
Estep
Estep runtime (s): 0.22113728523254395
Mstep
Optimizing phi
Optimizing branch lengths. Current phi: 0.0003475168236234679. Current nu:0.32016827715237123
Optimizing nu
Mstep runtime (s): 0.40424084663391113
Finished EM iter: 16. Current nllh: 10448.731177765805
Starting EM iter: 17
Estep
Estep runtime (s): 0.21789789199829102
Mstep
Optimizing phi
Optimizing branch lengths. Current phi: 0.00023159549575206198. Current nu:0.3210570408405873
Optimizing nu
Mstep runtime (s): 0.46645188331604004
Finished EM iter: 17. Current nllh: 10448.417737590604
Starting EM iter: 18
Estep
Estep runtime (s): 0.21471905708312988
Mstep
Optimizing phi
Optimizing branch lengths. Current phi: 0.00015422339202413152. Current nu:0.3216569985544288
Optimizing nu
Mstep runtime (s): 0.5115182399749756
Finished EM iter: 18. Current nllh: 10448.20887027544
Starting EM iter: 19
Estep
Estep runtime (s): 0.2195723056793213
Mstep
Optimizing phi
Optimizing branch lengths. Current phi: 0.00010264813217748772. Current nu:0.3220587826510528
Optimizing nu
Mstep runtime (s): 0.42249393463134766
Finished EM iter: 19. Current nllh: 10448.069977582241
Starting EM iter: 20
Estep
Estep runtime (s): 0.2155139446258545
Mstep
Optimizing phi
Optimizing branch lengths. Current phi: 0. Current nu:0.32233126837031373
Optimizing nu
Mstep runtime (s): 0.5498809814453125
Finished EM iter: 20. Current nllh: 10447.803778984056
Starting EM iter: 21
Estep
Estep runtime (s): 0.21758294105529785
Mstep
Optimizing phi
Optimizing branch lengths. Current phi: 0. Current nu:0.32251346779198475
Optimizing nu
Mstep runtime (s): 0.492114782333374
Finished EM iter: 21. Current nllh: 10447.800756773093
Starting EM iter: 22
Estep
Estep runtime (s): 0.21847128868103027
Mstep
Optimizing phi
Optimizing branch lengths. Current phi: 0. Current nu:0.32274579068623266
Optimizing nu
Mstep runtime (s): 0.48546934127807617
Finished EM iter: 22. Current nllh: 10447.796165296008
Starting EM iter: 23
Estep
Estep runtime (s): 0.21729803085327148
Mstep
Optimizing phi
Optimizing branch lengths. Current phi: 0. Current nu:0.32282943592186897
Optimizing nu
Mstep runtime (s): 0.5135259628295898
Finished EM iter: 23. Current nllh: 10447.794639661
Starting EM iter: 24
Estep
Estep runtime (s): 0.21831178665161133
Mstep
Optimizing phi
Optimizing branch lengths. Current phi: 0. Current nu:0.3228606901284468
Optimizing nu
Mstep runtime (s): 0.4943430423736572
Finished EM iter: 24. Current nllh: 10447.793669713748
Starting EM iter: 25
Estep
Estep runtime (s): 0.22330188751220703
Mstep
Optimizing phi
Optimizing branch lengths. Current phi: 0. Current nu:0.32287164499408755
Optimizing nu
Mstep runtime (s): 0.4519307613372803
Finished EM iter: 25. Current nllh: 10447.793661731293
EM finished after 25 iterations.
Optimal phi: 0. Optimal nu: 0.3228772420917848. Optimal nllh: 10447.793661731293
Optimal point found for initial point 1
Numerical optimization finished successfully
Tree height pre-scaling: 0.6994049884616257, input timescale: 1.0
Tree height after scaling: 1.0, mutation rate: 0.6994049884616257
Tree height pre-scaling: 0.6994049885714262, input timescale: 1.0
Tree height after scaling: 1.0, mutation rate: 0.6994049885714262
Tree height pre-scaling: 0.6994049884288731, input timescale: 1.0
Tree height after scaling: 0.9999999999999999, mutation rate: 0.6994049884288731
Tree height pre-scaling: 0.69940498840583, input timescale: 1.0
Tree height after scaling: 1.0, mutation rate: 0.69940498840583
Tree height pre-scaling: 0.6994049883706805, input timescale: 1.0
Tree height after scaling: 1.0000000000000002, mutation rate: 0.6994049883706805
Tree height pre-scaling: 0.6994049885270791, input timescale: 1.0
Tree height after scaling: 0.9999999999999999, mutation rate: 0.6994049885270791
Tree height pre-scaling: 0.6994049884503603, input timescale: 1.0
Tree height after scaling: 0.9999999999999999, mutation rate: 0.6994049884503603
Tree height pre-scaling: 0.6994049885044594, input timescale: 1.0
Tree height after scaling: 1.0, mutation rate: 0.6994049885044594
Tree height pre-scaling: 0.6994049884296696, input timescale: 1.0
Tree height after scaling: 1.0000000000000002, mutation rate: 0.6994049884296696
Tree height pre-scaling: 0.699404988481874, input timescale: 1.0
Tree height after scaling: 1.0, mutation rate: 0.699404988481874
Tree height pre-scaling: 0.6994049885415443, input timescale: 1.0
Tree height after scaling: 0.9999999999999999, mutation rate: 0.6994049885415443
Tree height pre-scaling: 0.6994049885912517, input timescale: 1.0
Tree height after scaling: 1.0, mutation rate: 0.6994049885912517
Tree height pre-scaling: 0.6994049885223114, input timescale: 1.0
Tree height after scaling: 1.0, mutation rate: 0.6994049885223114
Tree height pre-scaling: 0.6994049885843605, input timescale: 1.0
Tree height after scaling: 1.0, mutation rate: 0.6994049885843605
Tree height pre-scaling: 0.6994049884689024, input timescale: 1.0
Tree height after scaling: 1.0, mutation rate: 0.6994049884689024
Tree height pre-scaling: 0.6994049885490204, input timescale: 1.0
Tree height after scaling: 1.0, mutation rate: 0.6994049885490204
Tree height pre-scaling: 0.6994049885817031, input timescale: 1.0
Tree height after scaling: 1.0, mutation rate: 0.6994049885817031
Runtime (s): 19.421201791
