Launching LAML version 0.0.4
LAML was called as follows: /Users/uym2/my_gits/LAML/run_laml.py -c ../../evaluation/Bar23/Bar23_character_matrix.txt -t place_outlier1/augmented_tree_371.nwk -o place_outlier1/augmented_tree_371_optimized -v -p ../../evaluation/Bar23/Bar23_priors.pickle --delimiter tab -m -1 --nInitials 1
Prior keys mismatch with site names.
Prior keys: [0, 1, 2, 3, 4, 5, 6, 7, 8, 9, 10, 11, 12, 13, 14, 15, 16, 17, 18, 19, 20, 21, 22, 23, 24, 25, 26, 27, 28]
Site names: ['r1', 'r2', 'r3', 'r4', 'r5', 'r6', 'r7', 'r8', 'r9', 'r10', 'r11', 'r12', 'r13', 'r14', 'r15', 'r16', 'r17', 'r18', 'r19', 'r20', 'r21', 'r22', 'r23', 'r24', 'r25', 'r26', 'r27', 'r28', 'r29', 'r30']
Attempting to infer mapping between site names and prior keys...
Not all site names are present in the dictionary. Trying offset...
Offset between input site names and prior keys is assumed to be 1
Missing priors at site r30, filling in uniform priors...
{'r1': 0, 'r2': 1, 'r3': 2, 'r4': 3, 'r5': 4, 'r6': 5, 'r7': 6, 'r8': 7, 'r9': 8, 'r10': 9, 'r11': 10, 'r12': 11, 'r13': 12, 'r14': 13, 'r15': 14, 'r16': 15, 'r17': 16, 'r18': 17, 'r19': 18, 'r20': 19, 'r21': 20, 'r22': 21, 'r23': 22, 'r24': 23, 'r25': 24, 'r26': 25, 'r27': 26, 'r28': 27, 'r29': 28, 'r30': 29}
Optimizing branch lengths, phi, and nu without topology search
Optimization by EM algorithm
Optimization start with 1 initials
Initial point 1. Random seed: 2676
Numerical optimization started with ultrametric constraint (default)
Initial phi: 0.21117103928923806. Initial nu: 0.49191558172432315. Initial nllh: 14333.451598615438
Starting EM iter: 1
Estep
Estep runtime (s): 0.16121506690979004
Mstep
Optimizing phi
Optimizing branch lengths. Current phi: 0.056431689647019556. Current nu:0.49191558172432315
Optimizing nu
Mstep runtime (s): 0.4797239303588867
Finished EM iter: 1. Current nllh: 10882.984052351589
Starting EM iter: 2
Estep
Estep runtime (s): 0.21633195877075195
Mstep
Optimizing phi
Optimizing branch lengths. Current phi: 0.03189109096044156. Current nu:0.2691874557111166
Optimizing nu
Mstep runtime (s): 0.4838259220123291
Finished EM iter: 2. Current nllh: 10663.877658320842
Starting EM iter: 3
Estep
Estep runtime (s): 0.21855831146240234
Mstep
Optimizing phi
Optimizing branch lengths. Current phi: 0.020840445185866415. Current nu:0.24013691582914484
Optimizing nu
Mstep runtime (s): 0.5759689807891846
Finished EM iter: 3. Current nllh: 10612.74501013144
Starting EM iter: 4
Estep
Estep runtime (s): 0.21512603759765625
Mstep
Optimizing phi
Optimizing branch lengths. Current phi: 0.01444466190330283. Current nu:0.25287495893558837
Optimizing nu
Mstep runtime (s): 0.5661718845367432
Finished EM iter: 4. Current nllh: 10590.707938501546
Starting EM iter: 5
Estep
Estep runtime (s): 0.21753811836242676
Mstep
Optimizing phi
Optimizing branch lengths. Current phi: 0.01034846047027249. Current nu:0.27059474692010693
Optimizing nu
Mstep runtime (s): 0.4919719696044922
Finished EM iter: 5. Current nllh: 10577.621959463677
Starting EM iter: 6
Estep
Estep runtime (s): 0.2185831069946289
Mstep
Optimizing phi
Optimizing branch lengths. Current phi: 0.007480709037202445. Current nu:0.28570755054337177
Optimizing nu
Mstep runtime (s): 0.47518205642700195
Finished EM iter: 6. Current nllh: 10568.328232452843
Starting EM iter: 7
Estep
Estep runtime (s): 0.2212998867034912
Mstep
Optimizing phi
Optimizing branch lengths. Current phi: 0.005335071829798769. Current nu:0.2975821479379914
Optimizing nu
Mstep runtime (s): 0.4433767795562744
Finished EM iter: 7. Current nllh: 10561.259340606524
Starting EM iter: 8
Estep
Estep runtime (s): 0.2184758186340332
Mstep
Optimizing phi
Optimizing branch lengths. Current phi: 0.0037124361700506896. Current nu:0.3068469591407546
Optimizing nu
Mstep runtime (s): 0.4305000305175781
Finished EM iter: 8. Current nllh: 10556.15429394882
Starting EM iter: 9
Estep
Estep runtime (s): 0.21729302406311035
Mstep
Optimizing phi
Optimizing branch lengths. Current phi: 0.002531566621987275. Current nu:0.31402453693217885
Optimizing nu
Mstep runtime (s): 0.42990779876708984
Finished EM iter: 9. Current nllh: 10552.646559429766
Starting EM iter: 10
Estep
Estep runtime (s): 0.2236328125
Mstep
Optimizing phi
Optimizing branch lengths. Current phi: 0.0017050611519826644. Current nu:0.3194203019573567
Optimizing nu
Mstep runtime (s): 0.42823314666748047
Finished EM iter: 10. Current nllh: 10550.274933978768
Starting EM iter: 11
Estep
Estep runtime (s): 0.21559596061706543
Mstep
Optimizing phi
Optimizing branch lengths. Current phi: 0.001140083915883369. Current nu:0.32333592203289685
Optimizing nu
Mstep runtime (s): 0.4482748508453369
Finished EM iter: 11. Current nllh: 10548.685003071543
Starting EM iter: 12
Estep
Estep runtime (s): 0.21593999862670898
Mstep
Optimizing phi
Optimizing branch lengths. Current phi: 0.0007589674096420977. Current nu:0.3260980426107651
Optimizing nu
Mstep runtime (s): 0.4594120979309082
Finished EM iter: 12. Current nllh: 10547.62488855798
Starting EM iter: 13
Estep
Estep runtime (s): 0.2170581817626953
Mstep
Optimizing phi
Optimizing branch lengths. Current phi: 0.0005038673863553011. Current nu:0.32800703617056387
Optimizing nu
Mstep runtime (s): 0.4378359317779541
Finished EM iter: 13. Current nllh: 10546.920407803524
Starting EM iter: 14
Estep
Estep runtime (s): 0.22136807441711426
Mstep
Optimizing phi
Optimizing branch lengths. Current phi: 0.0003339240439964774. Current nu:0.32930924984217586
Optimizing nu
Mstep runtime (s): 0.42301297187805176
Finished EM iter: 14. Current nllh: 10546.453235158559
Starting EM iter: 15
Estep
Estep runtime (s): 0.21668076515197754
Mstep
Optimizing phi
Optimizing branch lengths. Current phi: 0.00022104824484927283. Current nu:0.33018893137621724
Optimizing nu
Mstep runtime (s): 0.4168579578399658
Finished EM iter: 15. Current nllh: 10546.143839066739
Starting EM iter: 16
Estep
Estep runtime (s): 0.22113394737243652
Mstep
Optimizing phi
Optimizing branch lengths. Current phi: 0.0001462198958175068. Current nu:0.33077901448889985
Optimizing nu
Mstep runtime (s): 0.4171741008758545
Finished EM iter: 16. Current nllh: 10545.939062146703
Starting EM iter: 17
Estep
Estep runtime (s): 0.22092700004577637
Mstep
Optimizing phi
Optimizing branch lengths. Current phi: 0. Current nu:0.33117421323413604
Optimizing nu
Mstep runtime (s): 0.49993395805358887
Finished EM iter: 17. Current nllh: 10545.555298445492
Starting EM iter: 18
Estep
Estep runtime (s): 0.21831321716308594
Mstep
Optimizing phi
Optimizing branch lengths. Current phi: 0. Current nu:0.3314380376968875
Optimizing nu
Mstep runtime (s): 0.4423069953918457
Finished EM iter: 18. Current nllh: 10545.550112507703
Starting EM iter: 19
Estep
Estep runtime (s): 0.21715784072875977
Mstep
Optimizing phi
Optimizing branch lengths. Current phi: 0. Current nu:0.3317662748377478
Optimizing nu
Mstep runtime (s): 0.43412208557128906
Finished EM iter: 19. Current nllh: 10545.543553332069
Starting EM iter: 20
Estep
Estep runtime (s): 0.21698784828186035
Mstep
Optimizing phi
Optimizing branch lengths. Current phi: 0. Current nu:0.33188726819221775
Optimizing nu
Mstep runtime (s): 0.4281127452850342
Finished EM iter: 20. Current nllh: 10545.54093924255
Starting EM iter: 21
Estep
Estep runtime (s): 0.2214031219482422
Mstep
Optimizing phi
Optimizing branch lengths. Current phi: 0. Current nu:0.3319321432855584
Optimizing nu
Mstep runtime (s): 0.4170210361480713
Finished EM iter: 21. Current nllh: 10545.539863018384
Starting EM iter: 22
Estep
Estep runtime (s): 0.21593499183654785
Mstep
Optimizing phi
Optimizing branch lengths. Current phi: 0. Current nu:0.3319494503402632
Optimizing nu
Mstep runtime (s): 0.41338181495666504
Finished EM iter: 22. Current nllh: 10545.539368369871
Starting EM iter: 23
Estep
Estep runtime (s): 0.2188098430633545
Mstep
Optimizing phi
Optimizing branch lengths. Current phi: 0. Current nu:0.33195657301135006
Optimizing nu
Mstep runtime (s): 0.44875288009643555
Finished EM iter: 23. Current nllh: 10545.539089889653
Starting EM iter: 24
Estep
Estep runtime (s): 0.21503496170043945
Mstep
Optimizing phi
Optimizing branch lengths. Current phi: 0. Current nu:0.3319601835890075
Optimizing nu
Mstep runtime (s): 0.47081518173217773
Finished EM iter: 24. Current nllh: 10545.538903763141
Starting EM iter: 25
Estep
Estep runtime (s): 0.216583251953125
Mstep
Optimizing phi
Optimizing branch lengths. Current phi: 0. Current nu:0.331962132564928
Optimizing nu
Mstep runtime (s): 0.4336588382720947
Finished EM iter: 25. Current nllh: 10545.53876623722
Starting EM iter: 26
Estep
Estep runtime (s): 0.21751713752746582
Mstep
Optimizing phi
Optimizing branch lengths. Current phi: 0. Current nu:0.3319632118510236
Optimizing nu
Mstep runtime (s): 0.4494020938873291
Finished EM iter: 26. Current nllh: 10545.538648009619
Starting EM iter: 27
Estep
Estep runtime (s): 0.21847224235534668
Mstep
Optimizing phi
Optimizing branch lengths. Current phi: 0. Current nu:0.3319641863159406
Optimizing nu
Mstep runtime (s): 0.5288052558898926
Finished EM iter: 27. Current nllh: 10545.53854549255
EM finished after 27 iterations.
Optimal phi: 0. Optimal nu: 0.33196478034984367. Optimal nllh: 10545.53854549255
Optimal point found for initial point 1
Numerical optimization finished successfully
Tree height pre-scaling: 0.6990445709185785, input timescale: 1.0
Tree height after scaling: 1.0, mutation rate: 0.6990445709185785
Tree height pre-scaling: 0.6990445710984858, input timescale: 1.0
Tree height after scaling: 1.0, mutation rate: 0.6990445710984858
Tree height pre-scaling: 0.6990445708628176, input timescale: 1.0
Tree height after scaling: 1.0, mutation rate: 0.6990445708628176
Tree height pre-scaling: 0.6990445708211555, input timescale: 1.0
Tree height after scaling: 1.0, mutation rate: 0.6990445708211555
Tree height pre-scaling: 0.6990445707650403, input timescale: 1.0
Tree height after scaling: 0.9999999999999999, mutation rate: 0.6990445707650403
Tree height pre-scaling: 0.699044571014244, input timescale: 1.0
Tree height after scaling: 0.9999999999999998, mutation rate: 0.699044571014244
Tree height pre-scaling: 0.6990445708916527, input timescale: 1.0
Tree height after scaling: 1.0, mutation rate: 0.6990445708916527
Tree height pre-scaling: 0.699044570976619, input timescale: 1.0
Tree height after scaling: 1.0, mutation rate: 0.699044570976619
Tree height pre-scaling: 0.6990445708585213, input timescale: 1.0
Tree height after scaling: 1.0, mutation rate: 0.6990445708585213
Tree height pre-scaling: 0.6990445709481035, input timescale: 1.0
Tree height after scaling: 1.0, mutation rate: 0.6990445709481035
Tree height pre-scaling: 0.699044571049157, input timescale: 1.0
Tree height after scaling: 1.0, mutation rate: 0.699044571049157
Tree height pre-scaling: 0.6990445711256685, input timescale: 1.0
Tree height after scaling: 1.0, mutation rate: 0.6990445711256685
Tree height pre-scaling: 0.6990445710119448, input timescale: 1.0
Tree height after scaling: 1.0, mutation rate: 0.6990445710119448
Tree height pre-scaling: 0.6990445711163257, input timescale: 1.0
Tree height after scaling: 1.0000000000000002, mutation rate: 0.6990445711163257
Tree height pre-scaling: 0.6990445709282702, input timescale: 1.0
Tree height after scaling: 0.9999999999999999, mutation rate: 0.6990445709282702
Tree height pre-scaling: 0.699044571050105, input timescale: 1.0
Tree height after scaling: 1.0000000000000002, mutation rate: 0.699044571050105
Tree height pre-scaling: 0.6990445717735858, input timescale: 1.0
Tree height after scaling: 1.0, mutation rate: 0.6990445717735858
Runtime (s): 20.209181958
