Launching LAML version 0.0.4
LAML was called as follows: /Users/uym2/my_gits/LAML/run_laml.py -c ../../evaluation/Bar23/Bar23_character_matrix.txt -t place_outlier1/augmented_tree_131.nwk -o place_outlier1/augmented_tree_131_optimized -v -p ../../evaluation/Bar23/Bar23_priors.pickle --delimiter tab -m -1 --nInitials 1
Prior keys mismatch with site names.
Prior keys: [0, 1, 2, 3, 4, 5, 6, 7, 8, 9, 10, 11, 12, 13, 14, 15, 16, 17, 18, 19, 20, 21, 22, 23, 24, 25, 26, 27, 28]
Site names: ['r1', 'r2', 'r3', 'r4', 'r5', 'r6', 'r7', 'r8', 'r9', 'r10', 'r11', 'r12', 'r13', 'r14', 'r15', 'r16', 'r17', 'r18', 'r19', 'r20', 'r21', 'r22', 'r23', 'r24', 'r25', 'r26', 'r27', 'r28', 'r29', 'r30']
Attempting to infer mapping between site names and prior keys...
Not all site names are present in the dictionary. Trying offset...
Offset between input site names and prior keys is assumed to be 1
Missing priors at site r30, filling in uniform priors...
{'r1': 0, 'r2': 1, 'r3': 2, 'r4': 3, 'r5': 4, 'r6': 5, 'r7': 6, 'r8': 7, 'r9': 8, 'r10': 9, 'r11': 10, 'r12': 11, 'r13': 12, 'r14': 13, 'r15': 14, 'r16': 15, 'r17': 16, 'r18': 17, 'r19': 18, 'r20': 19, 'r21': 20, 'r22': 21, 'r23': 22, 'r24': 23, 'r25': 24, 'r26': 25, 'r27': 26, 'r28': 27, 'r29': 28, 'r30': 29}
Optimizing branch lengths, phi, and nu without topology search
Optimization by EM algorithm
Optimization start with 1 initials
Initial point 1. Random seed: 787
Numerical optimization started with ultrametric constraint (default)
Initial phi: 0.5256218229238628. Initial nu: 0.859278070168127. Initial nllh: 19210.59740550418
Starting EM iter: 1
Estep
Estep runtime (s): 0.1584608554840088
Mstep
Optimizing phi
Optimizing branch lengths. Current phi: 0.08688081589270284. Current nu:0.859278070168127
Optimizing nu
Mstep runtime (s): 0.41498613357543945
Finished EM iter: 1. Current nllh: 11469.786216245482
Starting EM iter: 2
Estep
Estep runtime (s): 0.21311020851135254
Mstep
Optimizing phi
Optimizing branch lengths. Current phi: 0.04320820849820817. Current nu:0.3363019065122567
Optimizing nu
Mstep runtime (s): 0.49198198318481445
Finished EM iter: 2. Current nllh: 10977.217361509298
Starting EM iter: 3
Estep
Estep runtime (s): 0.21278905868530273
Mstep
Optimizing phi
Optimizing branch lengths. Current phi: 0.027668426007459564. Current nu:0.23422433629520145
Optimizing nu
Mstep runtime (s): 0.4615769386291504
Finished EM iter: 3. Current nllh: 10883.152718715095
Starting EM iter: 4
Estep
Estep runtime (s): 0.21286487579345703
Mstep
Optimizing phi
Optimizing branch lengths. Current phi: 0.019018659551208954. Current nu:0.2342946130856151
Optimizing nu
Mstep runtime (s): 0.4456446170806885
Finished EM iter: 4. Current nllh: 10851.459179227782
Starting EM iter: 5
Estep
Estep runtime (s): 0.21370291709899902
Mstep
Optimizing phi
Optimizing branch lengths. Current phi: 0.013750993559093136. Current nu:0.2519112414578285
Optimizing nu
Mstep runtime (s): 0.444080114364624
Finished EM iter: 5. Current nllh: 10834.986703010682
Starting EM iter: 6
Estep
Estep runtime (s): 0.2130589485168457
Mstep
Optimizing phi
Optimizing branch lengths. Current phi: 0.010224292021302742. Current nu:0.269052417745624
Optimizing nu
Mstep runtime (s): 0.4937901496887207
Finished EM iter: 6. Current nllh: 10824.26540765688
Starting EM iter: 7
Estep
Estep runtime (s): 0.21383905410766602
Mstep
Optimizing phi
Optimizing branch lengths. Current phi: 0.007637921393075622. Current nu:0.2827251013618098
Optimizing nu
Mstep runtime (s): 0.41913580894470215
Finished EM iter: 7. Current nllh: 10816.139686826666
Starting EM iter: 8
Estep
Estep runtime (s): 0.21383881568908691
Mstep
Optimizing phi
Optimizing branch lengths. Current phi: 0.005619151482892571. Current nu:0.29336983498914526
Optimizing nu
Mstep runtime (s): 0.4556310176849365
Finished EM iter: 8. Current nllh: 10809.733173910847
Starting EM iter: 9
Estep
Estep runtime (s): 0.21421480178833008
Mstep
Optimizing phi
Optimizing branch lengths. Current phi: 0.004035887294364887. Current nu:0.30178690595249935
Optimizing nu
Mstep runtime (s): 0.4964568614959717
Finished EM iter: 9. Current nllh: 10804.955387157645
Starting EM iter: 10
Estep
Estep runtime (s): 0.21350502967834473
Mstep
Optimizing phi
Optimizing branch lengths. Current phi: 0.0028417780074429747. Current nu:0.3084593934281676
Optimizing nu
Mstep runtime (s): 0.4217071533203125
Finished EM iter: 10. Current nllh: 10801.57024971906
Starting EM iter: 11
Estep
Estep runtime (s): 0.21340203285217285
Mstep
Optimizing phi
Optimizing branch lengths. Current phi: 0.0019762751894497168. Current nu:0.3136151011127141
Optimizing nu
Mstep runtime (s): 0.4138779640197754
Finished EM iter: 11. Current nllh: 10799.215880464111
Starting EM iter: 12
Estep
Estep runtime (s): 0.21490693092346191
Mstep
Optimizing phi
Optimizing branch lengths. Current phi: 0.0013643535618734842. Current nu:0.317468642672678
Optimizing nu
Mstep runtime (s): 0.45128607749938965
Finished EM iter: 12. Current nllh: 10797.590151364304
Starting EM iter: 13
Estep
Estep runtime (s): 0.21364688873291016
Mstep
Optimizing phi
Optimizing branch lengths. Current phi: 0.0009377395648483531. Current nu:0.32026962724083297
Optimizing nu
Mstep runtime (s): 0.5126922130584717
Finished EM iter: 13. Current nllh: 10796.472261999867
Starting EM iter: 14
Estep
Estep runtime (s): 0.2145540714263916
Mstep
Optimizing phi
Optimizing branch lengths. Current phi: 0.0006427286437654987. Current nu:0.3222651206946853
Optimizing nu
Mstep runtime (s): 0.4219989776611328
Finished EM iter: 14. Current nllh: 10795.705784658443
Starting EM iter: 15
Estep
Estep runtime (s): 0.2138047218322754
Mstep
Optimizing phi
Optimizing branch lengths. Current phi: 0.0004397349064571086. Current nu:0.3236674601462157
Optimizing nu
Mstep runtime (s): 0.4756050109863281
Finished EM iter: 15. Current nllh: 10795.18123981379
Starting EM iter: 16
Estep
Estep runtime (s): 0.21481871604919434
Mstep
Optimizing phi
Optimizing branch lengths. Current phi: 0.00030049524918493155. Current nu:0.3246450072595205
Optimizing nu
Mstep runtime (s): 0.4733250141143799
Finished EM iter: 16. Current nllh: 10794.822742494707
Starting EM iter: 17
Estep
Estep runtime (s): 0.21518206596374512
Mstep
Optimizing phi
Optimizing branch lengths. Current phi: 0.00020518248433591828. Current nu:0.32532105605409656
Optimizing nu
Mstep runtime (s): 0.49546313285827637
Finished EM iter: 17. Current nllh: 10794.57791757653
Starting EM iter: 18
Estep
Estep runtime (s): 0.21463394165039062
Mstep
Optimizing phi
Optimizing branch lengths. Current phi: 0.00014002683851860613. Current nu:0.32578749483377273
Optimizing nu
Mstep runtime (s): 0.4034748077392578
Finished EM iter: 18. Current nllh: 10794.410816777981
Starting EM iter: 19
Estep
Estep runtime (s): 0.21422100067138672
Mstep
Optimizing phi
Optimizing branch lengths. Current phi: 0. Current nu:0.3261077864301127
Optimizing nu
Mstep runtime (s): 0.4838569164276123
Finished EM iter: 19. Current nllh: 10794.066389117377
Starting EM iter: 20
Estep
Estep runtime (s): 0.21478796005249023
Mstep
Optimizing phi
Optimizing branch lengths. Current phi: 0. Current nu:0.32632704325484024
Optimizing nu
Mstep runtime (s): 0.4632539749145508
Finished EM iter: 20. Current nllh: 10794.062344099513
Starting EM iter: 21
Estep
Estep runtime (s): 0.21275115013122559
Mstep
Optimizing phi
Optimizing branch lengths. Current phi: 0. Current nu:0.3266302799616978
Optimizing nu
Mstep runtime (s): 0.4491117000579834
Finished EM iter: 21. Current nllh: 10794.055789602091
Starting EM iter: 22
Estep
Estep runtime (s): 0.21304821968078613
Mstep
Optimizing phi
Optimizing branch lengths. Current phi: 0. Current nu:0.32673938173066175
Optimizing nu
Mstep runtime (s): 0.4644279479980469
Finished EM iter: 22. Current nllh: 10794.053582529532
Starting EM iter: 23
Estep
Estep runtime (s): 0.2135307788848877
Mstep
Optimizing phi
Optimizing branch lengths. Current phi: 0. Current nu:0.32677907217548763
Optimizing nu
Mstep runtime (s): 0.496967077255249
Finished EM iter: 23. Current nllh: 10794.05262823532
Starting EM iter: 24
Estep
Estep runtime (s): 0.21379685401916504
Mstep
Optimizing phi
Optimizing branch lengths. Current phi: 0. Current nu:0.32679383399730966
Optimizing nu
Mstep runtime (s): 0.41514015197753906
Finished EM iter: 24. Current nllh: 10794.052416407096
Starting EM iter: 25
Estep
Estep runtime (s): 0.21787595748901367
Mstep
Optimizing phi
Optimizing branch lengths. Current phi: 0. Current nu:0.32680085925280267
Optimizing nu
Mstep runtime (s): 0.43347787857055664
Finished EM iter: 25. Current nllh: 10794.05219707503
Starting EM iter: 26
Estep
Estep runtime (s): 0.2139420509338379
Mstep
Optimizing phi
Optimizing branch lengths. Current phi: 0. Current nu:0.32680414285360865
Optimizing nu
Mstep runtime (s): 0.5050320625305176
Finished EM iter: 26. Current nllh: 10794.05166890808
Starting EM iter: 27
Estep
Estep runtime (s): 0.2137889862060547
Mstep
Optimizing phi
Optimizing branch lengths. Current phi: 0. Current nu:0.326804585084259
Optimizing nu
Mstep runtime (s): 0.4500541687011719
Finished EM iter: 27. Current nllh: 10794.05163185446
EM finished after 27 iterations.
Optimal phi: 0. Optimal nu: 0.32680485437796. Optimal nllh: 10794.05163185446
Optimal point found for initial point 1
Numerical optimization finished successfully
Tree height pre-scaling: 0.6884592950585644, input timescale: 1.0
Tree height after scaling: 0.9999999999999999, mutation rate: 0.6884592950585644
Tree height pre-scaling: 0.6884593935400489, input timescale: 1.0
Tree height after scaling: 1.0, mutation rate: 0.6884593935400489
Tree height pre-scaling: 0.6884592661686193, input timescale: 1.0
Tree height after scaling: 1.0, mutation rate: 0.6884592661686193
Tree height pre-scaling: 0.6884592523742659, input timescale: 1.0
Tree height after scaling: 1.0, mutation rate: 0.6884592523742659
Tree height pre-scaling: 0.6884592260502087, input timescale: 1.0
Tree height after scaling: 0.9999999999999999, mutation rate: 0.6884592260502087
Tree height pre-scaling: 0.6884593316777254, input timescale: 1.0
Tree height after scaling: 1.0, mutation rate: 0.6884593316777254
Tree height pre-scaling: 0.6884593976804256, input timescale: 1.0
Tree height after scaling: 1.0, mutation rate: 0.6884593976804256
Tree height pre-scaling: 0.688459328127202, input timescale: 1.0
Tree height after scaling: 1.0, mutation rate: 0.688459328127202
Tree height pre-scaling: 0.6884593803320445, input timescale: 1.0
Tree height after scaling: 0.9999999999999999, mutation rate: 0.6884593803320445
Tree height pre-scaling: 0.6884592860806314, input timescale: 1.0
Tree height after scaling: 1.0, mutation rate: 0.6884592860806314
Tree height pre-scaling: 0.6884594544798455, input timescale: 1.0
Tree height after scaling: 1.0, mutation rate: 0.6884594544798455
Tree height pre-scaling: 0.6884593480372048, input timescale: 1.0
Tree height after scaling: 1.0, mutation rate: 0.6884593480372048
Tree height pre-scaling: 0.688459306930508, input timescale: 1.0
Tree height after scaling: 1.0, mutation rate: 0.688459306930508
Tree height pre-scaling: 0.6884593165033117, input timescale: 1.0
Tree height after scaling: 1.0, mutation rate: 0.6884593165033117
Tree height pre-scaling: 0.6884593673821237, input timescale: 1.0
Tree height after scaling: 0.9999999999999999, mutation rate: 0.6884593673821237
Tree height pre-scaling: 0.6884592914585775, input timescale: 1.0
Tree height after scaling: 0.9999999999999999, mutation rate: 0.6884592914585775
Tree height pre-scaling: 0.6884593695481735, input timescale: 1.0
Tree height after scaling: 0.9999999999999999, mutation rate: 0.6884593695481735
Runtime (s): 20.058294208
