Launching LAML version 0.0.4
LAML was called as follows: /Users/uym2/my_gits/LAML/run_laml.py -c ../../evaluation/Bar11/Bar11_character_matrix.txt -t place_outlier1/augmented_tree_39.nwk -o place_outlier1/augmented_tree_39_optimized -v -p ../../evaluation/Bar11/Bar11_priors.pickle --delimiter tab -m -1 --nInitials 1
Prior keys mismatch with site names.
Prior keys: [0, 1, 2, 3, 4, 5, 6, 7, 8, 9, 10, 11, 12, 13, 14, 15, 16, 17, 18, 19, 20, 21, 22, 23, 24, 25, 26]
Site names: ['r1', 'r2', 'r3', 'r4', 'r5', 'r6', 'r7', 'r8', 'r9', 'r10', 'r11', 'r12', 'r13', 'r14', 'r15', 'r16', 'r17', 'r18', 'r19', 'r20', 'r21', 'r22', 'r23', 'r24', 'r25', 'r26', 'r27']
Attempting to infer mapping between site names and prior keys...
{'r1': 0, 'r2': 1, 'r3': 2, 'r4': 3, 'r5': 4, 'r6': 5, 'r7': 6, 'r8': 7, 'r9': 8, 'r10': 9, 'r11': 10, 'r12': 11, 'r13': 12, 'r14': 13, 'r15': 14, 'r16': 15, 'r17': 16, 'r18': 17, 'r19': 18, 'r20': 19, 'r21': 20, 'r22': 21, 'r23': 22, 'r24': 23, 'r25': 24, 'r26': 25, 'r27': 26}
Optimizing branch lengths, phi, and nu without topology search
Optimization by EM algorithm
Optimization start with 1 initials
Initial point 1. Random seed: 8893
Numerical optimization started with ultrametric constraint (default)
Initial phi: 0. Initial nu: 0.26955655566205877. Initial nllh: 8216.081250327114
Starting EM iter: 1
Estep
Estep runtime (s): 0.06019306182861328
Mstep
Optimizing phi
Optimizing branch lengths. Current phi: 0. Current nu:0.26955655566205877
Optimizing nu
Mstep runtime (s): 0.2074108123779297
Finished EM iter: 1. Current nllh: 6846.187858396783
Starting EM iter: 2
Estep
Estep runtime (s): 0.08211088180541992
Mstep
Optimizing phi
Optimizing branch lengths. Current phi: 0. Current nu:0.27513356105905135
Optimizing nu
Mstep runtime (s): 0.18063092231750488
Finished EM iter: 2. Current nllh: 6827.8067461964165
Starting EM iter: 3
Estep
Estep runtime (s): 0.08207511901855469
Mstep
Optimizing phi
Optimizing branch lengths. Current phi: 0. Current nu:0.2732835164083391
Optimizing nu
Mstep runtime (s): 0.20308589935302734
Finished EM iter: 3. Current nllh: 6825.595902483465
Starting EM iter: 4
Estep
Estep runtime (s): 0.08201098442077637
Mstep
Optimizing phi
Optimizing branch lengths. Current phi: 0. Current nu:0.2718031721365841
Optimizing nu
Mstep runtime (s): 0.20061707496643066
Finished EM iter: 4. Current nllh: 6825.151564669288
Starting EM iter: 5
Estep
Estep runtime (s): 0.0822899341583252
Mstep
Optimizing phi
Optimizing branch lengths. Current phi: 0. Current nu:0.27108592213522326
Optimizing nu
Mstep runtime (s): 0.20038390159606934
Finished EM iter: 5. Current nllh: 6825.071466382789
Starting EM iter: 6
Estep
Estep runtime (s): 0.08207297325134277
Mstep
Optimizing phi
Optimizing branch lengths. Current phi: 0. Current nu:0.2707665964387706
Optimizing nu
Mstep runtime (s): 0.1854240894317627
Finished EM iter: 6. Current nllh: 6825.045174537341
Starting EM iter: 7
Estep
Estep runtime (s): 0.08225893974304199
Mstep
Optimizing phi
Optimizing branch lengths. Current phi: 0. Current nu:0.2706414958034844
Optimizing nu
Mstep runtime (s): 0.2450418472290039
Finished EM iter: 7. Current nllh: 6825.037513974684
Starting EM iter: 8
Estep
Estep runtime (s): 0.08224701881408691
Mstep
Optimizing phi
Optimizing branch lengths. Current phi: 0. Current nu:0.27059766172997174
Optimizing nu
Mstep runtime (s): 0.18797802925109863
Finished EM iter: 8. Current nllh: 6825.03414122046
Starting EM iter: 9
Estep
Estep runtime (s): 0.08216094970703125
Mstep
Optimizing phi
Optimizing branch lengths. Current phi: 0. Current nu:0.27058887638055124
Optimizing nu
Mstep runtime (s): 0.22548484802246094
Finished EM iter: 9. Current nllh: 6825.032030742944
Starting EM iter: 10
Estep
Estep runtime (s): 0.08235478401184082
Mstep
Optimizing phi
Optimizing branch lengths. Current phi: 0. Current nu:0.27059473553483454
Optimizing nu
Mstep runtime (s): 0.27852702140808105
Finished EM iter: 10. Current nllh: 6825.030795782231
Starting EM iter: 11
Estep
Estep runtime (s): 0.08232712745666504
Mstep
Optimizing phi
Optimizing branch lengths. Current phi: 0. Current nu:0.27060439416903337
Optimizing nu
Mstep runtime (s): 0.18013477325439453
Finished EM iter: 11. Current nllh: 6825.029908437358
Starting EM iter: 12
Estep
Estep runtime (s): 0.08222627639770508
Mstep
Optimizing phi
Optimizing branch lengths. Current phi: 0. Current nu:0.27061528345500063
Optimizing nu
Mstep runtime (s): 0.22606110572814941
Finished EM iter: 12. Current nllh: 6825.029177508947
Starting EM iter: 13
Estep
Estep runtime (s): 0.08233785629272461
Mstep
Optimizing phi
Optimizing branch lengths. Current phi: 0. Current nu:0.27062588486209194
Optimizing nu
Mstep runtime (s): 0.1911928653717041
Finished EM iter: 13. Current nllh: 6825.028775524268
Starting EM iter: 14
Estep
Estep runtime (s): 0.0822608470916748
Mstep
Optimizing phi
Optimizing branch lengths. Current phi: 0. Current nu:0.27063409359109974
Optimizing nu
Mstep runtime (s): 0.24068498611450195
Finished EM iter: 14. Current nllh: 6825.028452763713
Starting EM iter: 15
Estep
Estep runtime (s): 0.0823371410369873
Mstep
Optimizing phi
Optimizing branch lengths. Current phi: 0. Current nu:0.27064244444583174
Optimizing nu
Mstep runtime (s): 0.19661688804626465
Finished EM iter: 15. Current nllh: 6825.028187943799
Starting EM iter: 16
Estep
Estep runtime (s): 0.0826270580291748
Mstep
Optimizing phi
Optimizing branch lengths. Current phi: 0. Current nu:0.2706494746438456
Optimizing nu
Mstep runtime (s): 0.18564701080322266
Finished EM iter: 16. Current nllh: 6825.027982515901
Starting EM iter: 17
Estep
Estep runtime (s): 0.08225393295288086
Mstep
Optimizing phi
Optimizing branch lengths. Current phi: 0. Current nu:0.27065531872375753
Optimizing nu
Mstep runtime (s): 0.17701101303100586
Finished EM iter: 17. Current nllh: 6825.027834849046
Starting EM iter: 18
Estep
Estep runtime (s): 0.08257722854614258
Mstep
Optimizing phi
Optimizing branch lengths. Current phi: 0. Current nu:0.2706607073256487
Optimizing nu
Mstep runtime (s): 0.18294501304626465
Finished EM iter: 18. Current nllh: 6825.027711156869
Starting EM iter: 19
Estep
Estep runtime (s): 0.08234977722167969
Mstep
Optimizing phi
Optimizing branch lengths. Current phi: 0. Current nu:0.27066518512548676
Optimizing nu
Mstep runtime (s): 0.20023417472839355
Finished EM iter: 19. Current nllh: 6825.027612980342
Starting EM iter: 20
Estep
Estep runtime (s): 0.08254218101501465
Mstep
Optimizing phi
Optimizing branch lengths. Current phi: 0. Current nu:0.27066881681716154
Optimizing nu
Mstep runtime (s): 0.2076561450958252
Finished EM iter: 20. Current nllh: 6825.027543895592
Starting EM iter: 21
Estep
Estep runtime (s): 0.08255195617675781
Mstep
Optimizing phi
Optimizing branch lengths. Current phi: 0. Current nu:0.270672221738234
Optimizing nu
Mstep runtime (s): 0.19475817680358887
Finished EM iter: 21. Current nllh: 6825.027490205552
EM finished after 21 iterations.
Optimal phi: 0. Optimal nu: 0.2706757128986348. Optimal nllh: 6825.027490205552
Optimal point found for initial point 1
Numerical optimization finished successfully
Tree height pre-scaling: 0.7150512266688704, input timescale: 1.0
Tree height after scaling: 1.0, mutation rate: 0.7150512266688704
Tree height pre-scaling: 0.7150512267883296, input timescale: 1.0
Tree height after scaling: 1.0, mutation rate: 0.7150512267883296
Tree height pre-scaling: 0.7150512266563993, input timescale: 1.0
Tree height after scaling: 1.0, mutation rate: 0.7150512266563993
Tree height pre-scaling: 0.715051227019346, input timescale: 1.0
Tree height after scaling: 1.0, mutation rate: 0.715051227019346
Tree height pre-scaling: 0.7150512266135315, input timescale: 1.0
Tree height after scaling: 0.9999999999999999, mutation rate: 0.7150512266135315
Tree height pre-scaling: 0.7150512268087442, input timescale: 1.0
Tree height after scaling: 1.0, mutation rate: 0.7150512268087442
Tree height pre-scaling: 0.7150512267789231, input timescale: 1.0
Tree height after scaling: 1.0, mutation rate: 0.7150512267789231
Tree height pre-scaling: 0.7150512266460999, input timescale: 1.0
Tree height after scaling: 1.0, mutation rate: 0.7150512266460999
Tree height pre-scaling: 0.7150512265583853, input timescale: 1.0
Tree height after scaling: 1.0, mutation rate: 0.7150512265583853
Tree height pre-scaling: 0.7150512267496087, input timescale: 1.0
Tree height after scaling: 0.9999999999999998, mutation rate: 0.7150512267496087
Tree height pre-scaling: 0.7150512266658051, input timescale: 1.0
Tree height after scaling: 1.0, mutation rate: 0.7150512266658051
Tree height pre-scaling: 0.7150512268233478, input timescale: 1.0
Tree height after scaling: 0.9999999999999999, mutation rate: 0.7150512268233478
Tree height pre-scaling: 0.7150512270336218, input timescale: 1.0
Tree height after scaling: 1.0, mutation rate: 0.7150512270336218
Runtime (s): 6.619382208
