Launching LAML version 0.0.4
LAML was called as follows: /Users/uym2/my_gits/LAML/run_laml.py -c ../../evaluation/Bar11/Bar11_character_matrix.txt -t place_outlier1/augmented_tree_244.nwk -o place_outlier1/augmented_tree_244_optimized -v -p ../../evaluation/Bar11/Bar11_priors.pickle --delimiter tab -m -1 --nInitials 1
Prior keys mismatch with site names.
Prior keys: [0, 1, 2, 3, 4, 5, 6, 7, 8, 9, 10, 11, 12, 13, 14, 15, 16, 17, 18, 19, 20, 21, 22, 23, 24, 25, 26]
Site names: ['r1', 'r2', 'r3', 'r4', 'r5', 'r6', 'r7', 'r8', 'r9', 'r10', 'r11', 'r12', 'r13', 'r14', 'r15', 'r16', 'r17', 'r18', 'r19', 'r20', 'r21', 'r22', 'r23', 'r24', 'r25', 'r26', 'r27']
Attempting to infer mapping between site names and prior keys...
{'r1': 0, 'r2': 1, 'r3': 2, 'r4': 3, 'r5': 4, 'r6': 5, 'r7': 6, 'r8': 7, 'r9': 8, 'r10': 9, 'r11': 10, 'r12': 11, 'r13': 12, 'r14': 13, 'r15': 14, 'r16': 15, 'r17': 16, 'r18': 17, 'r19': 18, 'r20': 19, 'r21': 20, 'r22': 21, 'r23': 22, 'r24': 23, 'r25': 24, 'r26': 25, 'r27': 26}
Optimizing branch lengths, phi, and nu without topology search
Optimization by EM algorithm
Optimization start with 1 initials
Initial point 1. Random seed: 8923
Numerical optimization started with ultrametric constraint (default)
Initial phi: 0. Initial nu: 0.26955655566205877. Initial nllh: 8531.942673904257
Starting EM iter: 1
Estep
Estep runtime (s): 0.06023693084716797
Mstep
Optimizing phi
Optimizing branch lengths. Current phi: 0. Current nu:0.26955655566205877
Optimizing nu
Mstep runtime (s): 0.20414280891418457
Finished EM iter: 1. Current nllh: 6952.099285833428
Starting EM iter: 2
Estep
Estep runtime (s): 0.08138084411621094
Mstep
Optimizing phi
Optimizing branch lengths. Current phi: 0. Current nu:0.27736682022021175
Optimizing nu
Mstep runtime (s): 0.21750092506408691
Finished EM iter: 2. Current nllh: 6931.550431817877
Starting EM iter: 3
Estep
Estep runtime (s): 0.081298828125
Mstep
Optimizing phi
Optimizing branch lengths. Current phi: 0. Current nu:0.2743016481593437
Optimizing nu
Mstep runtime (s): 0.21500611305236816
Finished EM iter: 3. Current nllh: 6929.024633755631
Starting EM iter: 4
Estep
Estep runtime (s): 0.08467888832092285
Mstep
Optimizing phi
Optimizing branch lengths. Current phi: 0. Current nu:0.27208085904250734
Optimizing nu
Mstep runtime (s): 0.19957399368286133
Finished EM iter: 4. Current nllh: 6928.577254029665
Starting EM iter: 5
Estep
Estep runtime (s): 0.08055377006530762
Mstep
Optimizing phi
Optimizing branch lengths. Current phi: 0. Current nu:0.27115336789510197
Optimizing nu
Mstep runtime (s): 0.1904158592224121
Finished EM iter: 5. Current nllh: 6928.420440731009
Starting EM iter: 6
Estep
Estep runtime (s): 0.08141875267028809
Mstep
Optimizing phi
Optimizing branch lengths. Current phi: 0. Current nu:0.2708494303845501
Optimizing nu
Mstep runtime (s): 0.2367250919342041
Finished EM iter: 6. Current nllh: 6928.366255448665
Starting EM iter: 7
Estep
Estep runtime (s): 0.08020401000976562
Mstep
Optimizing phi
Optimizing branch lengths. Current phi: 0. Current nu:0.27076605380511315
Optimizing nu
Mstep runtime (s): 0.1906569004058838
Finished EM iter: 7. Current nllh: 6928.3334387912555
Starting EM iter: 8
Estep
Estep runtime (s): 0.08144903182983398
Mstep
Optimizing phi
Optimizing branch lengths. Current phi: 0. Current nu:0.2707635368219425
Optimizing nu
Mstep runtime (s): 0.21744394302368164
Finished EM iter: 8. Current nllh: 6928.3112039307025
Starting EM iter: 9
Estep
Estep runtime (s): 0.08068394660949707
Mstep
Optimizing phi
Optimizing branch lengths. Current phi: 0. Current nu:0.2707836362499529
Optimizing nu
Mstep runtime (s): 0.19557881355285645
Finished EM iter: 9. Current nllh: 6928.296207225054
Starting EM iter: 10
Estep
Estep runtime (s): 0.08014893531799316
Mstep
Optimizing phi
Optimizing branch lengths. Current phi: 0. Current nu:0.2708074468972514
Optimizing nu
Mstep runtime (s): 0.19524502754211426
Finished EM iter: 10. Current nllh: 6928.2854044636115
Starting EM iter: 11
Estep
Estep runtime (s): 0.08010315895080566
Mstep
Optimizing phi
Optimizing branch lengths. Current phi: 0. Current nu:0.27082925695284676
Optimizing nu
Mstep runtime (s): 0.2022550106048584
Finished EM iter: 11. Current nllh: 6928.282085642411
Starting EM iter: 12
Estep
Estep runtime (s): 0.08065414428710938
Mstep
Optimizing phi
Optimizing branch lengths. Current phi: 0. Current nu:0.2708446296949515
Optimizing nu
Mstep runtime (s): 0.21469712257385254
Finished EM iter: 12. Current nllh: 6928.280716455845
Starting EM iter: 13
Estep
Estep runtime (s): 0.08046698570251465
Mstep
Optimizing phi
Optimizing branch lengths. Current phi: 0. Current nu:0.27085873118630177
Optimizing nu
Mstep runtime (s): 0.22164320945739746
Finished EM iter: 13. Current nllh: 6928.279772480929
Starting EM iter: 14
Estep
Estep runtime (s): 0.08017897605895996
Mstep
Optimizing phi
Optimizing branch lengths. Current phi: 0. Current nu:0.27087172911775503
Optimizing nu
Mstep runtime (s): 0.2202620506286621
Finished EM iter: 14. Current nllh: 6928.279078319673
Starting EM iter: 15
Estep
Estep runtime (s): 0.08050990104675293
Mstep
Optimizing phi
Optimizing branch lengths. Current phi: 0. Current nu:0.27088315853743083
Optimizing nu
Mstep runtime (s): 0.21533584594726562
Finished EM iter: 15. Current nllh: 6928.278546233298
Starting EM iter: 16
Estep
Estep runtime (s): 0.08010506629943848
Mstep
Optimizing phi
Optimizing branch lengths. Current phi: 0. Current nu:0.27089247394328947
Optimizing nu
Mstep runtime (s): 0.2105729579925537
Finished EM iter: 16. Current nllh: 6928.278131785177
Starting EM iter: 17
Estep
Estep runtime (s): 0.08156180381774902
Mstep
Optimizing phi
Optimizing branch lengths. Current phi: 0. Current nu:0.27090103135476096
Optimizing nu
Mstep runtime (s): 0.23347115516662598
Finished EM iter: 17. Current nllh: 6928.27789386752
Starting EM iter: 18
Estep
Estep runtime (s): 0.08160281181335449
Mstep
Optimizing phi
Optimizing branch lengths. Current phi: 0. Current nu:0.2709084214335955
Optimizing nu
Mstep runtime (s): 0.18836593627929688
Finished EM iter: 18. Current nllh: 6928.277738241201
Starting EM iter: 19
Estep
Estep runtime (s): 0.08150911331176758
Mstep
Optimizing phi
Optimizing branch lengths. Current phi: 0. Current nu:0.2709143418975558
Optimizing nu
Mstep runtime (s): 0.19738507270812988
Finished EM iter: 19. Current nllh: 6928.277562547244
Starting EM iter: 20
Estep
Estep runtime (s): 0.08184075355529785
Mstep
Optimizing phi
Optimizing branch lengths. Current phi: 0. Current nu:0.2709199119002155
Optimizing nu
Mstep runtime (s): 0.190565824508667
Finished EM iter: 20. Current nllh: 6928.277414274464
Starting EM iter: 21
Estep
Estep runtime (s): 0.08183693885803223
Mstep
Optimizing phi
Optimizing branch lengths. Current phi: 0. Current nu:0.270924309289502
Optimizing nu
Mstep runtime (s): 0.1886601448059082
Finished EM iter: 21. Current nllh: 6928.277308627529
Starting EM iter: 22
Estep
Estep runtime (s): 0.0807652473449707
Mstep
Optimizing phi
Optimizing branch lengths. Current phi: 0. Current nu:0.27092879910144085
Optimizing nu
Mstep runtime (s): 0.17812490463256836
Finished EM iter: 22. Current nllh: 6928.277209761597
Starting EM iter: 23
Estep
Estep runtime (s): 0.08182501792907715
Mstep
Optimizing phi
Optimizing branch lengths. Current phi: 0. Current nu:0.27093224641599356
Optimizing nu
Mstep runtime (s): 0.18790221214294434
Finished EM iter: 23. Current nllh: 6928.2771335702455
Starting EM iter: 24
Estep
Estep runtime (s): 0.08116006851196289
Mstep
Optimizing phi
Optimizing branch lengths. Current phi: 0. Current nu:0.27093500615681315
Optimizing nu
Mstep runtime (s): 0.22418475151062012
Finished EM iter: 24. Current nllh: 6928.277075419625
EM finished after 24 iterations.
Optimal phi: 0. Optimal nu: 0.2709373823603968. Optimal nllh: 6928.277075419625
Optimal point found for initial point 1
Numerical optimization finished successfully
Tree height pre-scaling: 0.7249953262298917, input timescale: 1.0
Tree height after scaling: 1.0, mutation rate: 0.7249953262298917
Tree height pre-scaling: 0.7249953263365025, input timescale: 1.0
Tree height after scaling: 1.0, mutation rate: 0.7249953263365025
Tree height pre-scaling: 0.7249953262150833, input timescale: 1.0
Tree height after scaling: 1.0, mutation rate: 0.7249953262150833
Tree height pre-scaling: 0.7249953262107527, input timescale: 1.0
Tree height after scaling: 1.0, mutation rate: 0.7249953262107527
Tree height pre-scaling: 0.7249953263968923, input timescale: 1.0
Tree height after scaling: 1.0, mutation rate: 0.7249953263968923
Tree height pre-scaling: 0.7249953264991641, input timescale: 1.0
Tree height after scaling: 0.9999999999999999, mutation rate: 0.7249953264991641
Tree height pre-scaling: 0.7249953265911565, input timescale: 1.0
Tree height after scaling: 0.9999999999999998, mutation rate: 0.7249953265911565
Tree height pre-scaling: 0.7249953261095763, input timescale: 1.0
Tree height after scaling: 0.9999999999999999, mutation rate: 0.7249953261095763
Tree height pre-scaling: 0.7249953262037067, input timescale: 1.0
Tree height after scaling: 1.0, mutation rate: 0.7249953262037067
Tree height pre-scaling: 0.7249953263014148, input timescale: 1.0
Tree height after scaling: 0.9999999999999999, mutation rate: 0.7249953263014148
Tree height pre-scaling: 0.7249953264672337, input timescale: 1.0
Tree height after scaling: 1.0, mutation rate: 0.7249953264672337
Tree height pre-scaling: 0.724995326163208, input timescale: 1.0
Tree height after scaling: 1.0, mutation rate: 0.724995326163208
Tree height pre-scaling: 0.724995327190165, input timescale: 1.0
Tree height after scaling: 1.0, mutation rate: 0.724995327190165
Runtime (s): 7.5272345
