Launching LAML version 0.0.4
LAML was called as follows: /Users/uym2/my_gits/LAML/run_laml.py -c ../../evaluation/Bar11/Bar11_character_matrix.txt -t place_outlier1/augmented_tree_271.nwk -o place_outlier1/augmented_tree_271_optimized -v -p ../../evaluation/Bar11/Bar11_priors.pickle --delimiter tab -m -1 --nInitials 1
Prior keys mismatch with site names.
Prior keys: [0, 1, 2, 3, 4, 5, 6, 7, 8, 9, 10, 11, 12, 13, 14, 15, 16, 17, 18, 19, 20, 21, 22, 23, 24, 25, 26]
Site names: ['r1', 'r2', 'r3', 'r4', 'r5', 'r6', 'r7', 'r8', 'r9', 'r10', 'r11', 'r12', 'r13', 'r14', 'r15', 'r16', 'r17', 'r18', 'r19', 'r20', 'r21', 'r22', 'r23', 'r24', 'r25', 'r26', 'r27']
Attempting to infer mapping between site names and prior keys...
{'r1': 0, 'r2': 1, 'r3': 2, 'r4': 3, 'r5': 4, 'r6': 5, 'r7': 6, 'r8': 7, 'r9': 8, 'r10': 9, 'r11': 10, 'r12': 11, 'r13': 12, 'r14': 13, 'r15': 14, 'r16': 15, 'r17': 16, 'r18': 17, 'r19': 18, 'r20': 19, 'r21': 20, 'r22': 21, 'r23': 22, 'r24': 23, 'r25': 24, 'r26': 25, 'r27': 26}
Optimizing branch lengths, phi, and nu without topology search
Optimization by EM algorithm
Optimization start with 1 initials
Initial point 1. Random seed: 129
Numerical optimization started with ultrametric constraint (default)
Initial phi: 0. Initial nu: 0.26955655566205877. Initial nllh: 8102.247791442062
Starting EM iter: 1
Estep
Estep runtime (s): 0.0632638931274414
Mstep
Optimizing phi
Optimizing branch lengths. Current phi: 0. Current nu:0.26955655566205877
Optimizing nu
Mstep runtime (s): 0.23842692375183105
Finished EM iter: 1. Current nllh: 6852.3138843765855
Starting EM iter: 2
Estep
Estep runtime (s): 0.08280682563781738
Mstep
Optimizing phi
Optimizing branch lengths. Current phi: 0. Current nu:0.2770493505453383
Optimizing nu
Mstep runtime (s): 0.19729876518249512
Finished EM iter: 2. Current nllh: 6828.433603137955
Starting EM iter: 3
Estep
Estep runtime (s): 0.08168411254882812
Mstep
Optimizing phi
Optimizing branch lengths. Current phi: 0. Current nu:0.27402538164639306
Optimizing nu
Mstep runtime (s): 0.18600702285766602
Finished EM iter: 3. Current nllh: 6825.454222182591
Starting EM iter: 4
Estep
Estep runtime (s): 0.0815119743347168
Mstep
Optimizing phi
Optimizing branch lengths. Current phi: 0. Current nu:0.27171933525949143
Optimizing nu
Mstep runtime (s): 0.2078258991241455
Finished EM iter: 4. Current nllh: 6825.076144637913
Starting EM iter: 5
Estep
Estep runtime (s): 0.0817258358001709
Mstep
Optimizing phi
Optimizing branch lengths. Current phi: 0. Current nu:0.27084430099132367
Optimizing nu
Mstep runtime (s): 0.19444704055786133
Finished EM iter: 5. Current nllh: 6825.019953937355
Starting EM iter: 6
Estep
Estep runtime (s): 0.08302903175354004
Mstep
Optimizing phi
Optimizing branch lengths. Current phi: 0. Current nu:0.2705631833655654
Optimizing nu
Mstep runtime (s): 0.2613980770111084
Finished EM iter: 6. Current nllh: 6824.9966054267525
Starting EM iter: 7
Estep
Estep runtime (s): 0.0816948413848877
Mstep
Optimizing phi
Optimizing branch lengths. Current phi: 0. Current nu:0.2704997009157049
Optimizing nu
Mstep runtime (s): 0.19978594779968262
Finished EM iter: 7. Current nllh: 6824.981385694896
Starting EM iter: 8
Estep
Estep runtime (s): 0.08184003829956055
Mstep
Optimizing phi
Optimizing branch lengths. Current phi: 0. Current nu:0.270504391372302
Optimizing nu
Mstep runtime (s): 0.1983199119567871
Finished EM iter: 8. Current nllh: 6824.97581318043
Starting EM iter: 9
Estep
Estep runtime (s): 0.08311796188354492
Mstep
Optimizing phi
Optimizing branch lengths. Current phi: 0. Current nu:0.2705231373835155
Optimizing nu
Mstep runtime (s): 0.17972803115844727
Finished EM iter: 9. Current nllh: 6824.97269765862
Starting EM iter: 10
Estep
Estep runtime (s): 0.08308196067810059
Mstep
Optimizing phi
Optimizing branch lengths. Current phi: 0. Current nu:0.27054620734317064
Optimizing nu
Mstep runtime (s): 0.18409395217895508
Finished EM iter: 10. Current nllh: 6824.970498832765
Starting EM iter: 11
Estep
Estep runtime (s): 0.08174014091491699
Mstep
Optimizing phi
Optimizing branch lengths. Current phi: 0. Current nu:0.2705680609486086
Optimizing nu
Mstep runtime (s): 0.19018292427062988
Finished EM iter: 11. Current nllh: 6824.968924122742
Starting EM iter: 12
Estep
Estep runtime (s): 0.08196806907653809
Mstep
Optimizing phi
Optimizing branch lengths. Current phi: 0. Current nu:0.2705870127030538
Optimizing nu
Mstep runtime (s): 0.2110128402709961
Finished EM iter: 12. Current nllh: 6824.967724352902
Starting EM iter: 13
Estep
Estep runtime (s): 0.08358097076416016
Mstep
Optimizing phi
Optimizing branch lengths. Current phi: 0. Current nu:0.2706032983454937
Optimizing nu
Mstep runtime (s): 0.20455193519592285
Finished EM iter: 13. Current nllh: 6824.966855542319
Starting EM iter: 14
Estep
Estep runtime (s): 0.08329391479492188
Mstep
Optimizing phi
Optimizing branch lengths. Current phi: 0. Current nu:0.2706164873385018
Optimizing nu
Mstep runtime (s): 0.19884324073791504
Finished EM iter: 14. Current nllh: 6824.966317844536
Starting EM iter: 15
Estep
Estep runtime (s): 0.08274984359741211
Mstep
Optimizing phi
Optimizing branch lengths. Current phi: 0. Current nu:0.2706286140622552
Optimizing nu
Mstep runtime (s): 0.19166016578674316
Finished EM iter: 15. Current nllh: 6824.965854423599
Starting EM iter: 16
Estep
Estep runtime (s): 0.08316802978515625
Mstep
Optimizing phi
Optimizing branch lengths. Current phi: 0. Current nu:0.2706383751435008
Optimizing nu
Mstep runtime (s): 0.18349719047546387
Finished EM iter: 16. Current nllh: 6824.965512113832
Starting EM iter: 17
Estep
Estep runtime (s): 0.08334493637084961
Mstep
Optimizing phi
Optimizing branch lengths. Current phi: 0. Current nu:0.27064692991691874
Optimizing nu
Mstep runtime (s): 0.2013101577758789
Finished EM iter: 17. Current nllh: 6824.965247017269
Starting EM iter: 18
Estep
Estep runtime (s): 0.08326601982116699
Mstep
Optimizing phi
Optimizing branch lengths. Current phi: 0. Current nu:0.2706539870074071
Optimizing nu
Mstep runtime (s): 0.20137906074523926
Finished EM iter: 18. Current nllh: 6824.965050199629
Starting EM iter: 19
Estep
Estep runtime (s): 0.08219695091247559
Mstep
Optimizing phi
Optimizing branch lengths. Current phi: 0. Current nu:0.27066018656783775
Optimizing nu
Mstep runtime (s): 0.2039327621459961
Finished EM iter: 19. Current nllh: 6824.964892050126
Starting EM iter: 20
Estep
Estep runtime (s): 0.08269691467285156
Mstep
Optimizing phi
Optimizing branch lengths. Current phi: 0. Current nu:0.2706652974411344
Optimizing nu
Mstep runtime (s): 0.19284820556640625
Finished EM iter: 20. Current nllh: 6824.964776293233
Starting EM iter: 21
Estep
Estep runtime (s): 0.08347916603088379
Mstep
Optimizing phi
Optimizing branch lengths. Current phi: 0. Current nu:0.270670002979638
Optimizing nu
Mstep runtime (s): 0.17972469329833984
Finished EM iter: 21. Current nllh: 6824.96467975011
Starting EM iter: 22
Estep
Estep runtime (s): 0.08351778984069824
Mstep
Optimizing phi
Optimizing branch lengths. Current phi: 0. Current nu:0.2706739208693999
Optimizing nu
Mstep runtime (s): 0.20692992210388184
Finished EM iter: 22. Current nllh: 6824.964536469595
Starting EM iter: 23
Estep
Estep runtime (s): 0.0829617977142334
Mstep
Optimizing phi
Optimizing branch lengths. Current phi: 0. Current nu:0.2706759892947073
Optimizing nu
Mstep runtime (s): 0.2092130184173584
Finished EM iter: 23. Current nllh: 6824.96455786716
EM finished after 23 iterations.
Optimal phi: 0. Optimal nu: 0.2706803792857967. Optimal nllh: 6824.96455786716
Optimal point found for initial point 1
Numerical optimization finished successfully
Tree height pre-scaling: 0.7142947849485921, input timescale: 1.0
Tree height after scaling: 0.9999999999999999, mutation rate: 0.7142947849485921
Tree height pre-scaling: 0.7142947851551869, input timescale: 1.0
Tree height after scaling: 1.0, mutation rate: 0.7142947851551869
Tree height pre-scaling: 0.7142947849216379, input timescale: 1.0
Tree height after scaling: 1.0, mutation rate: 0.7142947849216379
Tree height pre-scaling: 0.7142947853013814, input timescale: 1.0
Tree height after scaling: 1.0, mutation rate: 0.7142947853013814
Tree height pre-scaling: 0.7142947855647919, input timescale: 1.0
Tree height after scaling: 1.0, mutation rate: 0.7142947855647919
Tree height pre-scaling: 0.7142947856842556, input timescale: 1.0
Tree height after scaling: 1.0, mutation rate: 0.7142947856842556
Tree height pre-scaling: 0.7142947847123203, input timescale: 1.0
Tree height after scaling: 1.0000000000000002, mutation rate: 0.7142947847123203
Tree height pre-scaling: 0.7142947849198811, input timescale: 1.0
Tree height after scaling: 1.0, mutation rate: 0.7142947849198811
Tree height pre-scaling: 0.7142947850846268, input timescale: 1.0
Tree height after scaling: 0.9999999999999999, mutation rate: 0.7142947850846268
Tree height pre-scaling: 0.7142947854802459, input timescale: 1.0
Tree height after scaling: 1.0, mutation rate: 0.7142947854802459
Tree height pre-scaling: 0.714294784846581, input timescale: 1.0
Tree height after scaling: 1.0, mutation rate: 0.714294784846581
Tree height pre-scaling: 0.7142947857416502, input timescale: 1.0
Tree height after scaling: 1.0, mutation rate: 0.7142947857416502
Tree height pre-scaling: 0.7142947849341522, input timescale: 1.0
Tree height after scaling: 0.9999999999999999, mutation rate: 0.7142947849341522
Runtime (s): 7.163347916999999
