Launching LAML version 0.0.4
LAML was called as follows: /Users/uym2/my_gits/LAML/run_laml.py -c ../../evaluation/Bar11/Bar11_character_matrix.txt -t place_outlier1/augmented_tree_3.nwk -o place_outlier1/augmented_tree_3_optimized -v -p ../../evaluation/Bar11/Bar11_priors.pickle --delimiter tab -m -1 --nInitials 1
Prior keys mismatch with site names.
Prior keys: [0, 1, 2, 3, 4, 5, 6, 7, 8, 9, 10, 11, 12, 13, 14, 15, 16, 17, 18, 19, 20, 21, 22, 23, 24, 25, 26]
Site names: ['r1', 'r2', 'r3', 'r4', 'r5', 'r6', 'r7', 'r8', 'r9', 'r10', 'r11', 'r12', 'r13', 'r14', 'r15', 'r16', 'r17', 'r18', 'r19', 'r20', 'r21', 'r22', 'r23', 'r24', 'r25', 'r26', 'r27']
Attempting to infer mapping between site names and prior keys...
{'r1': 0, 'r2': 1, 'r3': 2, 'r4': 3, 'r5': 4, 'r6': 5, 'r7': 6, 'r8': 7, 'r9': 8, 'r10': 9, 'r11': 10, 'r12': 11, 'r13': 12, 'r14': 13, 'r15': 14, 'r16': 15, 'r17': 16, 'r18': 17, 'r19': 18, 'r20': 19, 'r21': 20, 'r22': 21, 'r23': 22, 'r24': 23, 'r25': 24, 'r26': 25, 'r27': 26}
Optimizing branch lengths, phi, and nu without topology search
Optimization by EM algorithm
Optimization start with 1 initials
Initial point 1. Random seed: 4652
Numerical optimization started with ultrametric constraint (default)
Initial phi: 0. Initial nu: 0.26955655566205877. Initial nllh: 8157.652630314991
Starting EM iter: 1
Estep
Estep runtime (s): 0.06120491027832031
Mstep
Optimizing phi
Optimizing branch lengths. Current phi: 0. Current nu:0.26955655566205877
Optimizing nu
Mstep runtime (s): 0.23906302452087402
Finished EM iter: 1. Current nllh: 6854.012835474472
Starting EM iter: 2
Estep
Estep runtime (s): 0.08400487899780273
Mstep
Optimizing phi
Optimizing branch lengths. Current phi: 0. Current nu:0.2753288949218639
Optimizing nu
Mstep runtime (s): 0.18796801567077637
Finished EM iter: 2. Current nllh: 6828.933717409214
Starting EM iter: 3
Estep
Estep runtime (s): 0.0845649242401123
Mstep
Optimizing phi
Optimizing branch lengths. Current phi: 0. Current nu:0.27296646220971266
Optimizing nu
Mstep runtime (s): 0.18688297271728516
Finished EM iter: 3. Current nllh: 6825.983461873083
Starting EM iter: 4
Estep
Estep runtime (s): 0.08423900604248047
Mstep
Optimizing phi
Optimizing branch lengths. Current phi: 0. Current nu:0.2714735463880889
Optimizing nu
Mstep runtime (s): 0.22015905380249023
Finished EM iter: 4. Current nllh: 6825.356411916065
Starting EM iter: 5
Estep
Estep runtime (s): 0.0843040943145752
Mstep
Optimizing phi
Optimizing branch lengths. Current phi: 0. Current nu:0.2708318521753503
Optimizing nu
Mstep runtime (s): 0.19580888748168945
Finished EM iter: 5. Current nllh: 6825.1740112247435
Starting EM iter: 6
Estep
Estep runtime (s): 0.08429121971130371
Mstep
Optimizing phi
Optimizing branch lengths. Current phi: 0. Current nu:0.2705950092961859
Optimizing nu
Mstep runtime (s): 0.19354796409606934
Finished EM iter: 6. Current nllh: 6825.104289803685
Starting EM iter: 7
Estep
Estep runtime (s): 0.08425593376159668
Mstep
Optimizing phi
Optimizing branch lengths. Current phi: 0. Current nu:0.27052302768305697
Optimizing nu
Mstep runtime (s): 0.18017292022705078
Finished EM iter: 7. Current nllh: 6825.065715639596
Starting EM iter: 8
Estep
Estep runtime (s): 0.08437037467956543
Mstep
Optimizing phi
Optimizing branch lengths. Current phi: 0. Current nu:0.27051786925076055
Optimizing nu
Mstep runtime (s): 0.18695402145385742
Finished EM iter: 8. Current nllh: 6825.0416199312
Starting EM iter: 9
Estep
Estep runtime (s): 0.0842733383178711
Mstep
Optimizing phi
Optimizing branch lengths. Current phi: 0. Current nu:0.27053431831509717
Optimizing nu
Mstep runtime (s): 0.22278594970703125
Finished EM iter: 9. Current nllh: 6825.025568051172
Starting EM iter: 10
Estep
Estep runtime (s): 0.0844411849975586
Mstep
Optimizing phi
Optimizing branch lengths. Current phi: 0. Current nu:0.2705566265651877
Optimizing nu
Mstep runtime (s): 0.18251800537109375
Finished EM iter: 10. Current nllh: 6825.014422670261
Starting EM iter: 11
Estep
Estep runtime (s): 0.08401203155517578
Mstep
Optimizing phi
Optimizing branch lengths. Current phi: 0. Current nu:0.27057801739381454
Optimizing nu
Mstep runtime (s): 0.1794910430908203
Finished EM iter: 11. Current nllh: 6825.011732823706
Starting EM iter: 12
Estep
Estep runtime (s): 0.08365321159362793
Mstep
Optimizing phi
Optimizing branch lengths. Current phi: 0. Current nu:0.27059293665595535
Optimizing nu
Mstep runtime (s): 0.18048787117004395
Finished EM iter: 12. Current nllh: 6825.010439024047
Starting EM iter: 13
Estep
Estep runtime (s): 0.08431887626647949
Mstep
Optimizing phi
Optimizing branch lengths. Current phi: 0. Current nu:0.27060745118075946
Optimizing nu
Mstep runtime (s): 0.18192410469055176
Finished EM iter: 13. Current nllh: 6825.009516439906
Starting EM iter: 14
Estep
Estep runtime (s): 0.08478188514709473
Mstep
Optimizing phi
Optimizing branch lengths. Current phi: 0. Current nu:0.2706212474130163
Optimizing nu
Mstep runtime (s): 0.1816539764404297
Finished EM iter: 14. Current nllh: 6825.008828620357
Starting EM iter: 15
Estep
Estep runtime (s): 0.08433723449707031
Mstep
Optimizing phi
Optimizing branch lengths. Current phi: 0. Current nu:0.27063314579503495
Optimizing nu
Mstep runtime (s): 0.19593095779418945
Finished EM iter: 15. Current nllh: 6825.008315541741
Starting EM iter: 16
Estep
Estep runtime (s): 0.08466625213623047
Mstep
Optimizing phi
Optimizing branch lengths. Current phi: 0. Current nu:0.2706431486912655
Optimizing nu
Mstep runtime (s): 0.23658180236816406
Finished EM iter: 16. Current nllh: 6825.007832059113
Starting EM iter: 17
Estep
Estep runtime (s): 0.08358287811279297
Mstep
Optimizing phi
Optimizing branch lengths. Current phi: 0. Current nu:0.27065131682359
Optimizing nu
Mstep runtime (s): 0.1911182403564453
Finished EM iter: 17. Current nllh: 6825.007632415711
Starting EM iter: 18
Estep
Estep runtime (s): 0.08478593826293945
Mstep
Optimizing phi
Optimizing branch lengths. Current phi: 0. Current nu:0.2706591986229066
Optimizing nu
Mstep runtime (s): 0.20577502250671387
Finished EM iter: 18. Current nllh: 6825.007280574546
Starting EM iter: 19
Estep
Estep runtime (s): 0.08400201797485352
Mstep
Optimizing phi
Optimizing branch lengths. Current phi: 0. Current nu:0.27066560631991204
Optimizing nu
Mstep runtime (s): 0.21254587173461914
Finished EM iter: 19. Current nllh: 6825.007240875942
EM finished after 19 iterations.
Optimal phi: 0. Optimal nu: 0.2706718608253535. Optimal nllh: 6825.007240875942
Optimal point found for initial point 1
Numerical optimization finished successfully
Tree height pre-scaling: 0.71465644382816, input timescale: 1.0
Tree height after scaling: 1.0, mutation rate: 0.71465644382816
Tree height pre-scaling: 0.7146564438421114, input timescale: 1.0
Tree height after scaling: 1.0, mutation rate: 0.7146564438421114
Tree height pre-scaling: 0.7146564438262684, input timescale: 1.0
Tree height after scaling: 1.0, mutation rate: 0.7146564438262684
Tree height pre-scaling: 0.7146564438707728, input timescale: 1.0
Tree height after scaling: 1.0, mutation rate: 0.7146564438707728
Tree height pre-scaling: 0.7146564438210186, input timescale: 1.0
Tree height after scaling: 1.0, mutation rate: 0.7146564438210186
Tree height pre-scaling: 0.7146564438435796, input timescale: 1.0
Tree height after scaling: 1.0, mutation rate: 0.7146564438435796
Tree height pre-scaling: 0.7146564438438747, input timescale: 1.0
Tree height after scaling: 1.0, mutation rate: 0.7146564438438747
Tree height pre-scaling: 0.7146564438260673, input timescale: 1.0
Tree height after scaling: 1.0000000000000002, mutation rate: 0.7146564438260673
Tree height pre-scaling: 0.7146564438140363, input timescale: 1.0
Tree height after scaling: 1.0, mutation rate: 0.7146564438140363
Tree height pre-scaling: 0.7146564438384664, input timescale: 1.0
Tree height after scaling: 1.0, mutation rate: 0.7146564438384664
Tree height pre-scaling: 0.714656443862064, input timescale: 1.0
Tree height after scaling: 1.0, mutation rate: 0.714656443862064
Tree height pre-scaling: 0.7146564438553025, input timescale: 1.0
Tree height after scaling: 0.9999999999999998, mutation rate: 0.7146564438553025
Tree height pre-scaling: 0.7146564438346826, input timescale: 1.0
Tree height after scaling: 1.0, mutation rate: 0.7146564438346826
Runtime (s): 5.919803459000001
