Launching LAML version 0.0.4
LAML was called as follows: /Users/uym2/my_gits/LAML/run_laml.py -c ../../evaluation/Bar11/Bar11_character_matrix.txt -t place_outlier1/augmented_tree_171.nwk -o place_outlier1/augmented_tree_171_optimized -v -p ../../evaluation/Bar11/Bar11_priors.pickle --delimiter tab -m -1 --nInitials 1
Prior keys mismatch with site names.
Prior keys: [0, 1, 2, 3, 4, 5, 6, 7, 8, 9, 10, 11, 12, 13, 14, 15, 16, 17, 18, 19, 20, 21, 22, 23, 24, 25, 26]
Site names: ['r1', 'r2', 'r3', 'r4', 'r5', 'r6', 'r7', 'r8', 'r9', 'r10', 'r11', 'r12', 'r13', 'r14', 'r15', 'r16', 'r17', 'r18', 'r19', 'r20', 'r21', 'r22', 'r23', 'r24', 'r25', 'r26', 'r27']
Attempting to infer mapping between site names and prior keys...
{'r1': 0, 'r2': 1, 'r3': 2, 'r4': 3, 'r5': 4, 'r6': 5, 'r7': 6, 'r8': 7, 'r9': 8, 'r10': 9, 'r11': 10, 'r12': 11, 'r13': 12, 'r14': 13, 'r15': 14, 'r16': 15, 'r17': 16, 'r18': 17, 'r19': 18, 'r20': 19, 'r21': 20, 'r22': 21, 'r23': 22, 'r24': 23, 'r25': 24, 'r26': 25, 'r27': 26}
Optimizing branch lengths, phi, and nu without topology search
Optimization by EM algorithm
Optimization start with 1 initials
Initial point 1. Random seed: 1966
Numerical optimization started with ultrametric constraint (default)
Initial phi: 0. Initial nu: 0.26955655566205877. Initial nllh: 8107.127321008759
Starting EM iter: 1
Estep
Estep runtime (s): 0.06083393096923828
Mstep
Optimizing phi
Optimizing branch lengths. Current phi: 0. Current nu:0.26955655566205877
Optimizing nu
Mstep runtime (s): 0.21221017837524414
Finished EM iter: 1. Current nllh: 6851.8665420768375
Starting EM iter: 2
Estep
Estep runtime (s): 0.08275389671325684
Mstep
Optimizing phi
Optimizing branch lengths. Current phi: 0. Current nu:0.27378811474306736
Optimizing nu
Mstep runtime (s): 0.18809890747070312
Finished EM iter: 2. Current nllh: 6836.527602522964
Starting EM iter: 3
Estep
Estep runtime (s): 0.08293294906616211
Mstep
Optimizing phi
Optimizing branch lengths. Current phi: 0. Current nu:0.27297049462500705
Optimizing nu
Mstep runtime (s): 0.20087289810180664
Finished EM iter: 3. Current nllh: 6834.847902324918
Starting EM iter: 4
Estep
Estep runtime (s): 0.08304905891418457
Mstep
Optimizing phi
Optimizing branch lengths. Current phi: 0. Current nu:0.27231589974024306
Optimizing nu
Mstep runtime (s): 0.22362899780273438
Finished EM iter: 4. Current nllh: 6834.446710522984
Starting EM iter: 5
Estep
Estep runtime (s): 0.0829768180847168
Mstep
Optimizing phi
Optimizing branch lengths. Current phi: 0. Current nu:0.2719521233989294
Optimizing nu
Mstep runtime (s): 0.17738986015319824
Finished EM iter: 5. Current nllh: 6834.322554524736
Starting EM iter: 6
Estep
Estep runtime (s): 0.08299612998962402
Mstep
Optimizing phi
Optimizing branch lengths. Current phi: 0. Current nu:0.2717849339627811
Optimizing nu
Mstep runtime (s): 0.22497010231018066
Finished EM iter: 6. Current nllh: 6834.266706636109
Starting EM iter: 7
Estep
Estep runtime (s): 0.08302497863769531
Mstep
Optimizing phi
Optimizing branch lengths. Current phi: 0. Current nu:0.2717275260795733
Optimizing nu
Mstep runtime (s): 0.1989288330078125
Finished EM iter: 7. Current nllh: 6834.235894638165
Starting EM iter: 8
Estep
Estep runtime (s): 0.08312869071960449
Mstep
Optimizing phi
Optimizing branch lengths. Current phi: 0. Current nu:0.2717176942070176
Optimizing nu
Mstep runtime (s): 0.18773460388183594
Finished EM iter: 8. Current nllh: 6834.216589254676
Starting EM iter: 9
Estep
Estep runtime (s): 0.08281588554382324
Mstep
Optimizing phi
Optimizing branch lengths. Current phi: 0. Current nu:0.27172667699576625
Optimizing nu
Mstep runtime (s): 0.20663690567016602
Finished EM iter: 9. Current nllh: 6834.20362875361
Starting EM iter: 10
Estep
Estep runtime (s): 0.08322477340698242
Mstep
Optimizing phi
Optimizing branch lengths. Current phi: 0. Current nu:0.2717428596150759
Optimizing nu
Mstep runtime (s): 0.1909182071685791
Finished EM iter: 10. Current nllh: 6834.197458339663
Starting EM iter: 11
Estep
Estep runtime (s): 0.08311295509338379
Mstep
Optimizing phi
Optimizing branch lengths. Current phi: 0. Current nu:0.27175682218154845
Optimizing nu
Mstep runtime (s): 0.2398509979248047
Finished EM iter: 11. Current nllh: 6834.195900231504
Starting EM iter: 12
Estep
Estep runtime (s): 0.08307814598083496
Mstep
Optimizing phi
Optimizing branch lengths. Current phi: 0. Current nu:0.2717699637229682
Optimizing nu
Mstep runtime (s): 0.1928098201751709
Finished EM iter: 12. Current nllh: 6834.1949605911905
Starting EM iter: 13
Estep
Estep runtime (s): 0.0832209587097168
Mstep
Optimizing phi
Optimizing branch lengths. Current phi: 0. Current nu:0.2717831649979132
Optimizing nu
Mstep runtime (s): 0.2102982997894287
Finished EM iter: 13. Current nllh: 6834.194219856925
Starting EM iter: 14
Estep
Estep runtime (s): 0.0831611156463623
Mstep
Optimizing phi
Optimizing branch lengths. Current phi: 0. Current nu:0.27179485211713356
Optimizing nu
Mstep runtime (s): 0.19992613792419434
Finished EM iter: 14. Current nllh: 6834.193679680209
Starting EM iter: 15
Estep
Estep runtime (s): 0.08328795433044434
Mstep
Optimizing phi
Optimizing branch lengths. Current phi: 0. Current nu:0.27180544605940904
Optimizing nu
Mstep runtime (s): 0.1851058006286621
Finished EM iter: 15. Current nllh: 6834.1932722756865
Starting EM iter: 16
Estep
Estep runtime (s): 0.08333015441894531
Mstep
Optimizing phi
Optimizing branch lengths. Current phi: 0. Current nu:0.2718145554425723
Optimizing nu
Mstep runtime (s): 0.2340087890625
Finished EM iter: 16. Current nllh: 6834.192866806151
Starting EM iter: 17
Estep
Estep runtime (s): 0.08346796035766602
Mstep
Optimizing phi
Optimizing branch lengths. Current phi: 0. Current nu:0.2718216442022158
Optimizing nu
Mstep runtime (s): 0.2073040008544922
Finished EM iter: 17. Current nllh: 6834.192716914477
Starting EM iter: 18
Estep
Estep runtime (s): 0.08292698860168457
Mstep
Optimizing phi
Optimizing branch lengths. Current phi: 0. Current nu:0.271828684142561
Optimizing nu
Mstep runtime (s): 0.1940779685974121
Finished EM iter: 18. Current nllh: 6834.1925373699405
Starting EM iter: 19
Estep
Estep runtime (s): 0.08313608169555664
Mstep
Optimizing phi
Optimizing branch lengths. Current phi: 0. Current nu:0.2718347380078499
Optimizing nu
Mstep runtime (s): 0.20328760147094727
Finished EM iter: 19. Current nllh: 6834.192395360707
Starting EM iter: 20
Estep
Estep runtime (s): 0.08351993560791016
Mstep
Optimizing phi
Optimizing branch lengths. Current phi: 0. Current nu:0.27183978310800466
Optimizing nu
Mstep runtime (s): 0.20847201347351074
Finished EM iter: 20. Current nllh: 6834.192286833532
Starting EM iter: 21
Estep
Estep runtime (s): 0.08351588249206543
Mstep
Optimizing phi
Optimizing branch lengths. Current phi: 0. Current nu:0.2718441950385066
Optimizing nu
Mstep runtime (s): 0.19879388809204102
Finished EM iter: 21. Current nllh: 6834.192083284915
Starting EM iter: 22
Estep
Estep runtime (s): 0.08312821388244629
Mstep
Optimizing phi
Optimizing branch lengths. Current phi: 0. Current nu:0.27184677181459305
Optimizing nu
Mstep runtime (s): 0.20746088027954102
Finished EM iter: 22. Current nllh: 6834.1921383917
EM finished after 22 iterations.
Optimal phi: 0. Optimal nu: 0.2718511177163028. Optimal nllh: 6834.1921383917
Optimal point found for initial point 1
Numerical optimization finished successfully
Tree height pre-scaling: 0.7136344845602783, input timescale: 1.0
Tree height after scaling: 1.0, mutation rate: 0.7136344845602783
Tree height pre-scaling: 0.7136344846675448, input timescale: 1.0
Tree height after scaling: 1.0, mutation rate: 0.7136344846675448
Tree height pre-scaling: 0.7136344845523227, input timescale: 1.0
Tree height after scaling: 1.0, mutation rate: 0.7136344845523227
Tree height pre-scaling: 0.7136344848936338, input timescale: 1.0
Tree height after scaling: 1.0, mutation rate: 0.7136344848936338
Tree height pre-scaling: 0.7136344845096594, input timescale: 1.0
Tree height after scaling: 1.0, mutation rate: 0.7136344845096594
Tree height pre-scaling: 0.7136344846879301, input timescale: 1.0
Tree height after scaling: 1.0, mutation rate: 0.7136344846879301
Tree height pre-scaling: 0.7136344846649683, input timescale: 1.0
Tree height after scaling: 1.0, mutation rate: 0.7136344846649683
Tree height pre-scaling: 0.7136344845504501, input timescale: 1.0
Tree height after scaling: 1.0, mutation rate: 0.7136344845504501
Tree height pre-scaling: 0.713634484722204, input timescale: 1.0
Tree height after scaling: 0.9999999999999999, mutation rate: 0.713634484722204
Tree height pre-scaling: 0.7136344848613678, input timescale: 1.0
Tree height after scaling: 1.0, mutation rate: 0.7136344848613678
Tree height pre-scaling: 0.7136344849248459, input timescale: 1.0
Tree height after scaling: 1.0, mutation rate: 0.7136344849248459
Tree height pre-scaling: 0.7136344844542919, input timescale: 1.0
Tree height after scaling: 1.0, mutation rate: 0.7136344844542919
Tree height pre-scaling: 0.7136344845718587, input timescale: 1.0
Tree height after scaling: 1.0, mutation rate: 0.7136344845718587
Runtime (s): 6.92855025
