Launching LAML version 0.0.4
LAML was called as follows: /Users/uym2/my_gits/LAML/run_laml.py -c ../../evaluation/Bar11/Bar11_character_matrix.txt -t place_outlier1/augmented_tree_85.nwk -o place_outlier1/augmented_tree_85_optimized -v -p ../../evaluation/Bar11/Bar11_priors.pickle --delimiter tab -m -1 --nInitials 1
Prior keys mismatch with site names.
Prior keys: [0, 1, 2, 3, 4, 5, 6, 7, 8, 9, 10, 11, 12, 13, 14, 15, 16, 17, 18, 19, 20, 21, 22, 23, 24, 25, 26]
Site names: ['r1', 'r2', 'r3', 'r4', 'r5', 'r6', 'r7', 'r8', 'r9', 'r10', 'r11', 'r12', 'r13', 'r14', 'r15', 'r16', 'r17', 'r18', 'r19', 'r20', 'r21', 'r22', 'r23', 'r24', 'r25', 'r26', 'r27']
Attempting to infer mapping between site names and prior keys...
{'r1': 0, 'r2': 1, 'r3': 2, 'r4': 3, 'r5': 4, 'r6': 5, 'r7': 6, 'r8': 7, 'r9': 8, 'r10': 9, 'r11': 10, 'r12': 11, 'r13': 12, 'r14': 13, 'r15': 14, 'r16': 15, 'r17': 16, 'r18': 17, 'r19': 18, 'r20': 19, 'r21': 20, 'r22': 21, 'r23': 22, 'r24': 23, 'r25': 24, 'r26': 25, 'r27': 26}
Optimizing branch lengths, phi, and nu without topology search
Optimization by EM algorithm
Optimization start with 1 initials
Initial point 1. Random seed: 6461
Numerical optimization started with ultrametric constraint (default)
Initial phi: 0. Initial nu: 0.26955655566205877. Initial nllh: 8338.377427230826
Starting EM iter: 1
Estep
Estep runtime (s): 0.06147575378417969
Mstep
Optimizing phi
Optimizing branch lengths. Current phi: 0. Current nu:0.26955655566205877
Optimizing nu
Mstep runtime (s): 0.20830488204956055
Finished EM iter: 1. Current nllh: 7027.781810892346
Starting EM iter: 2
Estep
Estep runtime (s): 0.08233499526977539
Mstep
Optimizing phi
Optimizing branch lengths. Current phi: 0. Current nu:0.2851021973119938
Optimizing nu
Mstep runtime (s): 0.1906278133392334
Finished EM iter: 2. Current nllh: 7002.576370188777
Starting EM iter: 3
Estep
Estep runtime (s): 0.08263993263244629
Mstep
Optimizing phi
Optimizing branch lengths. Current phi: 0. Current nu:0.28515694162642363
Optimizing nu
Mstep runtime (s): 0.19771909713745117
Finished EM iter: 3. Current nllh: 6998.178083131196
Starting EM iter: 4
Estep
Estep runtime (s): 0.08220434188842773
Mstep
Optimizing phi
Optimizing branch lengths. Current phi: 0. Current nu:0.2833862382291809
Optimizing nu
Mstep runtime (s): 0.22334718704223633
Finished EM iter: 4. Current nllh: 6997.448028382391
Starting EM iter: 5
Estep
Estep runtime (s): 0.0823211669921875
Mstep
Optimizing phi
Optimizing branch lengths. Current phi: 0. Current nu:0.2823796515732242
Optimizing nu
Mstep runtime (s): 0.21033287048339844
Finished EM iter: 5. Current nllh: 6997.298268195625
Starting EM iter: 6
Estep
Estep runtime (s): 0.08238697052001953
Mstep
Optimizing phi
Optimizing branch lengths. Current phi: 0. Current nu:0.2819614464302469
Optimizing nu
Mstep runtime (s): 0.2100050449371338
Finished EM iter: 6. Current nllh: 6997.237210406946
Starting EM iter: 7
Estep
Estep runtime (s): 0.08243203163146973
Mstep
Optimizing phi
Optimizing branch lengths. Current phi: 0. Current nu:0.2818182512189859
Optimizing nu
Mstep runtime (s): 0.2045888900756836
Finished EM iter: 7. Current nllh: 6997.204253159136
Starting EM iter: 8
Estep
Estep runtime (s): 0.08243799209594727
Mstep
Optimizing phi
Optimizing branch lengths. Current phi: 0. Current nu:0.28177923836989355
Optimizing nu
Mstep runtime (s): 0.1914989948272705
Finished EM iter: 8. Current nllh: 6997.183230711373
Starting EM iter: 9
Estep
Estep runtime (s): 0.08270883560180664
Mstep
Optimizing phi
Optimizing branch lengths. Current phi: 0. Current nu:0.2817767604472782
Optimizing nu
Mstep runtime (s): 0.22339987754821777
Finished EM iter: 9. Current nllh: 6997.168809878152
Starting EM iter: 10
Estep
Estep runtime (s): 0.08245563507080078
Mstep
Optimizing phi
Optimizing branch lengths. Current phi: 0. Current nu:0.2817856472039892
Optimizing nu
Mstep runtime (s): 0.2100849151611328
Finished EM iter: 10. Current nllh: 6997.1585058577075
Starting EM iter: 11
Estep
Estep runtime (s): 0.08287715911865234
Mstep
Optimizing phi
Optimizing branch lengths. Current phi: 0. Current nu:0.2817980671560475
Optimizing nu
Mstep runtime (s): 0.20711207389831543
Finished EM iter: 11. Current nllh: 6997.15656457381
Starting EM iter: 12
Estep
Estep runtime (s): 0.08243131637573242
Mstep
Optimizing phi
Optimizing branch lengths. Current phi: 0. Current nu:0.2818073188123161
Optimizing nu
Mstep runtime (s): 0.19750213623046875
Finished EM iter: 12. Current nllh: 6997.155388478017
Starting EM iter: 13
Estep
Estep runtime (s): 0.08248710632324219
Mstep
Optimizing phi
Optimizing branch lengths. Current phi: 0. Current nu:0.281816679724404
Optimizing nu
Mstep runtime (s): 0.2126452922821045
Finished EM iter: 13. Current nllh: 6997.155084693644
Starting EM iter: 14
Estep
Estep runtime (s): 0.08266496658325195
Mstep
Optimizing phi
Optimizing branch lengths. Current phi: 0. Current nu:0.28182677377495574
Optimizing nu
Mstep runtime (s): 0.21964001655578613
Finished EM iter: 14. Current nllh: 6997.154350157123
Starting EM iter: 15
Estep
Estep runtime (s): 0.0828700065612793
Mstep
Optimizing phi
Optimizing branch lengths. Current phi: 0. Current nu:0.28183495224044486
Optimizing nu
Mstep runtime (s): 0.21353816986083984
Finished EM iter: 15. Current nllh: 6997.153902067482
Starting EM iter: 16
Estep
Estep runtime (s): 0.08255887031555176
Mstep
Optimizing phi
Optimizing branch lengths. Current phi: 0. Current nu:0.2818429497694802
Optimizing nu
Mstep runtime (s): 0.21346497535705566
Finished EM iter: 16. Current nllh: 6997.1537384923195
Starting EM iter: 17
Estep
Estep runtime (s): 0.08255195617675781
Mstep
Optimizing phi
Optimizing branch lengths. Current phi: 0. Current nu:0.28184984620001
Optimizing nu
Mstep runtime (s): 0.20061373710632324
Finished EM iter: 17. Current nllh: 6997.15363478822
Starting EM iter: 18
Estep
Estep runtime (s): 0.08252692222595215
Mstep
Optimizing phi
Optimizing branch lengths. Current phi: 0. Current nu:0.2818561501916451
Optimizing nu
Mstep runtime (s): 0.2213146686553955
Finished EM iter: 18. Current nllh: 6997.153442623848
Starting EM iter: 19
Estep
Estep runtime (s): 0.08264803886413574
Mstep
Optimizing phi
Optimizing branch lengths. Current phi: 0. Current nu:0.28186166945933694
Optimizing nu
Mstep runtime (s): 0.23187899589538574
Finished EM iter: 19. Current nllh: 6997.153149238486
Starting EM iter: 20
Estep
Estep runtime (s): 0.08272218704223633
Mstep
Optimizing phi
Optimizing branch lengths. Current phi: 0. Current nu:0.28186618018428083
Optimizing nu
Mstep runtime (s): 0.18341684341430664
Finished EM iter: 20. Current nllh: 6997.153164547986
EM finished after 20 iterations.
Optimal phi: 0. Optimal nu: 0.28187058094518974. Optimal nllh: 6997.153164547986
Optimal point found for initial point 1
Numerical optimization finished successfully
Tree height pre-scaling: 0.7177252036046868, input timescale: 1.0
Tree height after scaling: 1.0, mutation rate: 0.7177252036046868
Tree height pre-scaling: 0.7177252036186968, input timescale: 1.0
Tree height after scaling: 1.0, mutation rate: 0.7177252036186968
Tree height pre-scaling: 0.7177252036015584, input timescale: 1.0
Tree height after scaling: 1.0, mutation rate: 0.7177252036015584
Tree height pre-scaling: 0.7177252036457344, input timescale: 1.0
Tree height after scaling: 1.0, mutation rate: 0.7177252036457344
Tree height pre-scaling: 0.7177252035966704, input timescale: 1.0
Tree height after scaling: 1.0, mutation rate: 0.7177252035966704
Tree height pre-scaling: 0.7177252036170374, input timescale: 1.0
Tree height after scaling: 1.0, mutation rate: 0.7177252036170374
Tree height pre-scaling: 0.7177252036172953, input timescale: 1.0
Tree height after scaling: 1.0, mutation rate: 0.7177252036172953
Tree height pre-scaling: 0.7177252036003524, input timescale: 1.0
Tree height after scaling: 1.0, mutation rate: 0.7177252036003524
Tree height pre-scaling: 0.7177252035898096, input timescale: 1.0
Tree height after scaling: 1.0, mutation rate: 0.7177252035898096
Tree height pre-scaling: 0.7177252036066903, input timescale: 1.0
Tree height after scaling: 0.9999999999999999, mutation rate: 0.7177252036066903
Tree height pre-scaling: 0.7177252036026229, input timescale: 1.0
Tree height after scaling: 1.0, mutation rate: 0.7177252036026229
Tree height pre-scaling: 0.7177252036235142, input timescale: 1.0
Tree height after scaling: 1.0, mutation rate: 0.7177252036235142
Tree height pre-scaling: 0.7177252037491489, input timescale: 1.0
Tree height after scaling: 1.0, mutation rate: 0.7177252037491489
Runtime (s): 6.397031500000001
