Launching LAML version 0.0.4
LAML was called as follows: /Users/uym2/my_gits/LAML/run_laml.py -c ../../evaluation/Bar11/Bar11_character_matrix.txt -t place_outlier1/augmented_tree_247.nwk -o place_outlier1/augmented_tree_247_optimized -v -p ../../evaluation/Bar11/Bar11_priors.pickle --delimiter tab -m -1 --nInitials 1
Prior keys mismatch with site names.
Prior keys: [0, 1, 2, 3, 4, 5, 6, 7, 8, 9, 10, 11, 12, 13, 14, 15, 16, 17, 18, 19, 20, 21, 22, 23, 24, 25, 26]
Site names: ['r1', 'r2', 'r3', 'r4', 'r5', 'r6', 'r7', 'r8', 'r9', 'r10', 'r11', 'r12', 'r13', 'r14', 'r15', 'r16', 'r17', 'r18', 'r19', 'r20', 'r21', 'r22', 'r23', 'r24', 'r25', 'r26', 'r27']
Attempting to infer mapping between site names and prior keys...
{'r1': 0, 'r2': 1, 'r3': 2, 'r4': 3, 'r5': 4, 'r6': 5, 'r7': 6, 'r8': 7, 'r9': 8, 'r10': 9, 'r11': 10, 'r12': 11, 'r13': 12, 'r14': 13, 'r15': 14, 'r16': 15, 'r17': 16, 'r18': 17, 'r19': 18, 'r20': 19, 'r21': 20, 'r22': 21, 'r23': 22, 'r24': 23, 'r25': 24, 'r26': 25, 'r27': 26}
Optimizing branch lengths, phi, and nu without topology search
Optimization by EM algorithm
Optimization start with 1 initials
Initial point 1. Random seed: 6762
Numerical optimization started with ultrametric constraint (default)
Initial phi: 0. Initial nu: 0.26955655566205877. Initial nllh: 8398.068378356735
Starting EM iter: 1
Estep
Estep runtime (s): 0.06001019477844238
Mstep
Optimizing phi
Optimizing branch lengths. Current phi: 0. Current nu:0.26955655566205877
Optimizing nu
Mstep runtime (s): 0.20599913597106934
Finished EM iter: 1. Current nllh: 6996.580169924196
Starting EM iter: 2
Estep
Estep runtime (s): 0.07968783378601074
Mstep
Optimizing phi
Optimizing branch lengths. Current phi: 0. Current nu:0.27587882656628665
Optimizing nu
Mstep runtime (s): 0.1942598819732666
Finished EM iter: 2. Current nllh: 6972.9586853459405
Starting EM iter: 3
Estep
Estep runtime (s): 0.08109021186828613
Mstep
Optimizing phi
Optimizing branch lengths. Current phi: 0. Current nu:0.273431593562011
Optimizing nu
Mstep runtime (s): 0.22611379623413086
Finished EM iter: 3. Current nllh: 6970.251079513849
Starting EM iter: 4
Estep
Estep runtime (s): 0.07981228828430176
Mstep
Optimizing phi
Optimizing branch lengths. Current phi: 0. Current nu:0.27153887144752553
Optimizing nu
Mstep runtime (s): 0.19829082489013672
Finished EM iter: 4. Current nllh: 6969.791195815502
Starting EM iter: 5
Estep
Estep runtime (s): 0.08002996444702148
Mstep
Optimizing phi
Optimizing branch lengths. Current phi: 0. Current nu:0.27075174971071375
Optimizing nu
Mstep runtime (s): 0.21584200859069824
Finished EM iter: 5. Current nllh: 6969.6317229932765
Starting EM iter: 6
Estep
Estep runtime (s): 0.07972097396850586
Mstep
Optimizing phi
Optimizing branch lengths. Current phi: 0. Current nu:0.27049657772025143
Optimizing nu
Mstep runtime (s): 0.2158050537109375
Finished EM iter: 6. Current nllh: 6969.577235843457
Starting EM iter: 7
Estep
Estep runtime (s): 0.08089804649353027
Mstep
Optimizing phi
Optimizing branch lengths. Current phi: 0. Current nu:0.27043165411308306
Optimizing nu
Mstep runtime (s): 0.180433988571167
Finished EM iter: 7. Current nllh: 6969.544047639819
Starting EM iter: 8
Estep
Estep runtime (s): 0.08030486106872559
Mstep
Optimizing phi
Optimizing branch lengths. Current phi: 0. Current nu:0.27043449285211246
Optimizing nu
Mstep runtime (s): 0.19227099418640137
Finished EM iter: 8. Current nllh: 6969.522058506158
Starting EM iter: 9
Estep
Estep runtime (s): 0.08098578453063965
Mstep
Optimizing phi
Optimizing branch lengths. Current phi: 0. Current nu:0.27045600623216903
Optimizing nu
Mstep runtime (s): 0.20716404914855957
Finished EM iter: 9. Current nllh: 6969.5068724343255
Starting EM iter: 10
Estep
Estep runtime (s): 0.08124184608459473
Mstep
Optimizing phi
Optimizing branch lengths. Current phi: 0. Current nu:0.27047938905230234
Optimizing nu
Mstep runtime (s): 0.19467711448669434
Finished EM iter: 10. Current nllh: 6969.496131180668
Starting EM iter: 11
Estep
Estep runtime (s): 0.0804591178894043
Mstep
Optimizing phi
Optimizing branch lengths. Current phi: 0. Current nu:0.27050178944752007
Optimizing nu
Mstep runtime (s): 0.21036791801452637
Finished EM iter: 11. Current nllh: 6969.49278710714
Starting EM iter: 12
Estep
Estep runtime (s): 0.0804750919342041
Mstep
Optimizing phi
Optimizing branch lengths. Current phi: 0. Current nu:0.2705167933787162
Optimizing nu
Mstep runtime (s): 0.18186211585998535
Finished EM iter: 12. Current nllh: 6969.491594364496
Starting EM iter: 13
Estep
Estep runtime (s): 0.08152604103088379
Mstep
Optimizing phi
Optimizing branch lengths. Current phi: 0. Current nu:0.2705310276526629
Optimizing nu
Mstep runtime (s): 0.2274467945098877
Finished EM iter: 13. Current nllh: 6969.490711279392
Starting EM iter: 14
Estep
Estep runtime (s): 0.08020782470703125
Mstep
Optimizing phi
Optimizing branch lengths. Current phi: 0. Current nu:0.27054349083139506
Optimizing nu
Mstep runtime (s): 0.1944868564605713
Finished EM iter: 14. Current nllh: 6969.490058180079
Starting EM iter: 15
Estep
Estep runtime (s): 0.0801539421081543
Mstep
Optimizing phi
Optimizing branch lengths. Current phi: 0. Current nu:0.2705547037209311
Optimizing nu
Mstep runtime (s): 0.21642017364501953
Finished EM iter: 15. Current nllh: 6969.489477090037
Starting EM iter: 16
Estep
Estep runtime (s): 0.08151984214782715
Mstep
Optimizing phi
Optimizing branch lengths. Current phi: 0. Current nu:0.2705630941394864
Optimizing nu
Mstep runtime (s): 0.20879912376403809
Finished EM iter: 16. Current nllh: 6969.489191990311
Starting EM iter: 17
Estep
Estep runtime (s): 0.08209609985351562
Mstep
Optimizing phi
Optimizing branch lengths. Current phi: 0. Current nu:0.27057252790076036
Optimizing nu
Mstep runtime (s): 0.19133210182189941
Finished EM iter: 17. Current nllh: 6969.488889914139
Starting EM iter: 18
Estep
Estep runtime (s): 0.08142685890197754
Mstep
Optimizing phi
Optimizing branch lengths. Current phi: 0. Current nu:0.2705799180491129
Optimizing nu
Mstep runtime (s): 0.20421385765075684
Finished EM iter: 18. Current nllh: 6969.488667058858
Starting EM iter: 19
Estep
Estep runtime (s): 0.08036208152770996
Mstep
Optimizing phi
Optimizing branch lengths. Current phi: 0. Current nu:0.27058625730496055
Optimizing nu
Mstep runtime (s): 0.2118511199951172
Finished EM iter: 19. Current nllh: 6969.488493712675
Starting EM iter: 20
Estep
Estep runtime (s): 0.08090901374816895
Mstep
Optimizing phi
Optimizing branch lengths. Current phi: 0. Current nu:0.27059178950615437
Optimizing nu
Mstep runtime (s): 0.2216169834136963
Finished EM iter: 20. Current nllh: 6969.48835584363
Starting EM iter: 21
Estep
Estep runtime (s): 0.08137893676757812
Mstep
Optimizing phi
Optimizing branch lengths. Current phi: 0. Current nu:0.270596447993243
Optimizing nu
Mstep runtime (s): 0.2004239559173584
Finished EM iter: 21. Current nllh: 6969.488123412182
Starting EM iter: 22
Estep
Estep runtime (s): 0.0816810131072998
Mstep
Optimizing phi
Optimizing branch lengths. Current phi: 0. Current nu:0.27059909861582
Optimizing nu
Mstep runtime (s): 0.2102341651916504
Finished EM iter: 22. Current nllh: 6969.488120776132
EM finished after 22 iterations.
Optimal phi: 0. Optimal nu: 0.27060249275459347. Optimal nllh: 6969.488120776132
Optimal point found for initial point 1
Numerical optimization finished successfully
Tree height pre-scaling: 0.7260759250173128, input timescale: 1.0
Tree height after scaling: 1.0, mutation rate: 0.7260759250173128
Tree height pre-scaling: 0.7260759502726487, input timescale: 1.0
Tree height after scaling: 1.0, mutation rate: 0.7260759502726487
Tree height pre-scaling: 0.7260759227661862, input timescale: 1.0
Tree height after scaling: 1.0, mutation rate: 0.7260759227661862
Tree height pre-scaling: 0.7260759208049091, input timescale: 1.0
Tree height after scaling: 1.0, mutation rate: 0.7260759208049091
Tree height pre-scaling: 0.7260759633455801, input timescale: 1.0
Tree height after scaling: 1.0, mutation rate: 0.7260759633455801
Tree height pre-scaling: 0.7260759858011863, input timescale: 1.0
Tree height after scaling: 0.9999999999999999, mutation rate: 0.7260759858011863
Tree height pre-scaling: 0.7260760103741868, input timescale: 1.0
Tree height after scaling: 0.9999999999999998, mutation rate: 0.7260760103741868
Tree height pre-scaling: 0.7260758965907872, input timescale: 1.0
Tree height after scaling: 1.0, mutation rate: 0.7260758965907872
Tree height pre-scaling: 0.7260759182605871, input timescale: 1.0
Tree height after scaling: 1.0, mutation rate: 0.7260759182605871
Tree height pre-scaling: 0.7260759418499182, input timescale: 1.0
Tree height after scaling: 1.0, mutation rate: 0.7260759418499182
Tree height pre-scaling: 0.7260759813573362, input timescale: 1.0
Tree height after scaling: 1.0, mutation rate: 0.7260759813573362
Tree height pre-scaling: 0.7260759090926381, input timescale: 1.0
Tree height after scaling: 1.0, mutation rate: 0.7260759090926381
Tree height pre-scaling: 0.7260761588668545, input timescale: 1.0
Tree height after scaling: 0.9999999999999999, mutation rate: 0.7260761588668545
Runtime (s): 6.890850833
