Launching LAML version 0.0.4
LAML was called as follows: /Users/uym2/my_gits/LAML/run_laml.py -c ../../evaluation/Bar11/Bar11_character_matrix.txt -t place_outlier1/augmented_tree_38.nwk -o place_outlier1/augmented_tree_38_optimized -v -p ../../evaluation/Bar11/Bar11_priors.pickle --delimiter tab -m -1 --nInitials 1
Prior keys mismatch with site names.
Prior keys: [0, 1, 2, 3, 4, 5, 6, 7, 8, 9, 10, 11, 12, 13, 14, 15, 16, 17, 18, 19, 20, 21, 22, 23, 24, 25, 26]
Site names: ['r1', 'r2', 'r3', 'r4', 'r5', 'r6', 'r7', 'r8', 'r9', 'r10', 'r11', 'r12', 'r13', 'r14', 'r15', 'r16', 'r17', 'r18', 'r19', 'r20', 'r21', 'r22', 'r23', 'r24', 'r25', 'r26', 'r27']
Attempting to infer mapping between site names and prior keys...
{'r1': 0, 'r2': 1, 'r3': 2, 'r4': 3, 'r5': 4, 'r6': 5, 'r7': 6, 'r8': 7, 'r9': 8, 'r10': 9, 'r11': 10, 'r12': 11, 'r13': 12, 'r14': 13, 'r15': 14, 'r16': 15, 'r17': 16, 'r18': 17, 'r19': 18, 'r20': 19, 'r21': 20, 'r22': 21, 'r23': 22, 'r24': 23, 'r25': 24, 'r26': 25, 'r27': 26}
Optimizing branch lengths, phi, and nu without topology search
Optimization by EM algorithm
Optimization start with 1 initials
Initial point 1. Random seed: 8285
Numerical optimization started with ultrametric constraint (default)
Initial phi: 0. Initial nu: 0.26955655566205877. Initial nllh: 8296.382697819641
Starting EM iter: 1
Estep
Estep runtime (s): 0.06102299690246582
Mstep
Optimizing phi
Optimizing branch lengths. Current phi: 0. Current nu:0.26955655566205877
Optimizing nu
Mstep runtime (s): 0.24885916709899902
Finished EM iter: 1. Current nllh: 6959.3606030604815
Starting EM iter: 2
Estep
Estep runtime (s): 0.08127593994140625
Mstep
Optimizing phi
Optimizing branch lengths. Current phi: 0. Current nu:0.284440530150084
Optimizing nu
Mstep runtime (s): 0.1887669563293457
Finished EM iter: 2. Current nllh: 6934.779808485233
Starting EM iter: 3
Estep
Estep runtime (s): 0.08121609687805176
Mstep
Optimizing phi
Optimizing branch lengths. Current phi: 0. Current nu:0.2833123098136228
Optimizing nu
Mstep runtime (s): 0.18805909156799316
Finished EM iter: 3. Current nllh: 6931.10103523679
Starting EM iter: 4
Estep
Estep runtime (s): 0.0811772346496582
Mstep
Optimizing phi
Optimizing branch lengths. Current phi: 0. Current nu:0.2814572746098618
Optimizing nu
Mstep runtime (s): 0.25133705139160156
Finished EM iter: 4. Current nllh: 6930.427024539228
Starting EM iter: 5
Estep
Estep runtime (s): 0.08159923553466797
Mstep
Optimizing phi
Optimizing branch lengths. Current phi: 0. Current nu:0.2804361953176683
Optimizing nu
Mstep runtime (s): 0.187575101852417
Finished EM iter: 5. Current nllh: 6930.266721642292
Starting EM iter: 6
Estep
Estep runtime (s): 0.08093810081481934
Mstep
Optimizing phi
Optimizing branch lengths. Current phi: 0. Current nu:0.2799827625025105
Optimizing nu
Mstep runtime (s): 0.2056429386138916
Finished EM iter: 6. Current nllh: 6930.2130104745265
Starting EM iter: 7
Estep
Estep runtime (s): 0.0813603401184082
Mstep
Optimizing phi
Optimizing branch lengths. Current phi: 0. Current nu:0.27979645789413465
Optimizing nu
Mstep runtime (s): 0.27147531509399414
Finished EM iter: 7. Current nllh: 6930.183296845333
Starting EM iter: 8
Estep
Estep runtime (s): 0.08192992210388184
Mstep
Optimizing phi
Optimizing branch lengths. Current phi: 0. Current nu:0.27972797862639726
Optimizing nu
Mstep runtime (s): 0.20520401000976562
Finished EM iter: 8. Current nllh: 6930.164175530617
Starting EM iter: 9
Estep
Estep runtime (s): 0.08136796951293945
Mstep
Optimizing phi
Optimizing branch lengths. Current phi: 0. Current nu:0.279707085478436
Optimizing nu
Mstep runtime (s): 0.20215201377868652
Finished EM iter: 9. Current nllh: 6930.150992995888
Starting EM iter: 10
Estep
Estep runtime (s): 0.08134198188781738
Mstep
Optimizing phi
Optimizing branch lengths. Current phi: 0. Current nu:0.2797049308859581
Optimizing nu
Mstep runtime (s): 0.2204759120941162
Finished EM iter: 10. Current nllh: 6930.141571700649
Starting EM iter: 11
Estep
Estep runtime (s): 0.08192086219787598
Mstep
Optimizing phi
Optimizing branch lengths. Current phi: 0. Current nu:0.2797100368545603
Optimizing nu
Mstep runtime (s): 0.19634795188903809
Finished EM iter: 11. Current nllh: 6930.139235375628
Starting EM iter: 12
Estep
Estep runtime (s): 0.08136892318725586
Mstep
Optimizing phi
Optimizing branch lengths. Current phi: 0. Current nu:0.27971378306695566
Optimizing nu
Mstep runtime (s): 0.20905494689941406
Finished EM iter: 12. Current nllh: 6930.138613400911
Starting EM iter: 13
Estep
Estep runtime (s): 0.08173394203186035
Mstep
Optimizing phi
Optimizing branch lengths. Current phi: 0. Current nu:0.279719489200296
Optimizing nu
Mstep runtime (s): 0.1956491470336914
Finished EM iter: 13. Current nllh: 6930.138109780682
Starting EM iter: 14
Estep
Estep runtime (s): 0.08138298988342285
Mstep
Optimizing phi
Optimizing branch lengths. Current phi: 0. Current nu:0.27972642722400576
Optimizing nu
Mstep runtime (s): 0.22688698768615723
Finished EM iter: 14. Current nllh: 6930.137492296506
Starting EM iter: 15
Estep
Estep runtime (s): 0.08333015441894531
Mstep
Optimizing phi
Optimizing branch lengths. Current phi: 0. Current nu:0.2797328502077281
Optimizing nu
Mstep runtime (s): 0.19113922119140625
Finished EM iter: 15. Current nllh: 6930.137342712636
Starting EM iter: 16
Estep
Estep runtime (s): 0.0839238166809082
Mstep
Optimizing phi
Optimizing branch lengths. Current phi: 0. Current nu:0.2797391298815895
Optimizing nu
Mstep runtime (s): 0.19471001625061035
Finished EM iter: 16. Current nllh: 6930.1370584129345
Starting EM iter: 17
Estep
Estep runtime (s): 0.08152174949645996
Mstep
Optimizing phi
Optimizing branch lengths. Current phi: 0. Current nu:0.2797444552535328
Optimizing nu
Mstep runtime (s): 0.1848282814025879
Finished EM iter: 17. Current nllh: 6930.136822877897
Starting EM iter: 18
Estep
Estep runtime (s): 0.08167600631713867
Mstep
Optimizing phi
Optimizing branch lengths. Current phi: 0. Current nu:0.2797492404469166
Optimizing nu
Mstep runtime (s): 0.1882021427154541
Finished EM iter: 18. Current nllh: 6930.136628136884
Starting EM iter: 19
Estep
Estep runtime (s): 0.08163213729858398
Mstep
Optimizing phi
Optimizing branch lengths. Current phi: 0. Current nu:0.27975335706657806
Optimizing nu
Mstep runtime (s): 0.22238898277282715
Finished EM iter: 19. Current nllh: 6930.136468845333
Starting EM iter: 20
Estep
Estep runtime (s): 0.08210372924804688
Mstep
Optimizing phi
Optimizing branch lengths. Current phi: 0. Current nu:0.27975676966043744
Optimizing nu
Mstep runtime (s): 0.1965630054473877
Finished EM iter: 20. Current nllh: 6930.136336474658
Starting EM iter: 21
Estep
Estep runtime (s): 0.08227205276489258
Mstep
Optimizing phi
Optimizing branch lengths. Current phi: 0. Current nu:0.27976034577048464
Optimizing nu
Mstep runtime (s): 0.22822785377502441
Finished EM iter: 21. Current nllh: 6930.136165913958
Starting EM iter: 22
Estep
Estep runtime (s): 0.08172273635864258
Mstep
Optimizing phi
Optimizing branch lengths. Current phi: 0. Current nu:0.27976181914795395
Optimizing nu
Mstep runtime (s): 0.20848584175109863
Finished EM iter: 22. Current nllh: 6930.136136263376
EM finished after 22 iterations.
Optimal phi: 0. Optimal nu: 0.2797654771354644. Optimal nllh: 6930.136136263376
Optimal point found for initial point 1
Numerical optimization finished successfully
Tree height pre-scaling: 0.722839817770573, input timescale: 1.0
Tree height after scaling: 1.0, mutation rate: 0.722839817770573
Tree height pre-scaling: 0.7228398178605991, input timescale: 1.0
Tree height after scaling: 1.0, mutation rate: 0.7228398178605991
Tree height pre-scaling: 0.7228398177620402, input timescale: 1.0
Tree height after scaling: 1.0, mutation rate: 0.7228398177620402
Tree height pre-scaling: 0.7228398180423443, input timescale: 1.0
Tree height after scaling: 1.0, mutation rate: 0.7228398180423443
Tree height pre-scaling: 0.7228398177074099, input timescale: 1.0
Tree height after scaling: 1.0, mutation rate: 0.7228398177074099
Tree height pre-scaling: 0.722839817848393, input timescale: 1.0
Tree height after scaling: 1.0, mutation rate: 0.722839817848393
Tree height pre-scaling: 0.7228398178274298, input timescale: 1.0
Tree height after scaling: 1.0000000000000002, mutation rate: 0.7228398178274298
Tree height pre-scaling: 0.7228398177517072, input timescale: 1.0
Tree height after scaling: 1.0, mutation rate: 0.7228398177517072
Tree height pre-scaling: 0.722839817658731, input timescale: 1.0
Tree height after scaling: 1.0, mutation rate: 0.722839817658731
Tree height pre-scaling: 0.722839817771638, input timescale: 1.0
Tree height after scaling: 1.0, mutation rate: 0.722839817771638
Tree height pre-scaling: 0.7228398179448492, input timescale: 1.0
Tree height after scaling: 1.0, mutation rate: 0.7228398179448492
Tree height pre-scaling: 0.7228398177579436, input timescale: 1.0
Tree height after scaling: 1.0, mutation rate: 0.7228398177579436
Tree height pre-scaling: 0.7228398187234639, input timescale: 1.0
Tree height after scaling: 1.0, mutation rate: 0.7228398187234639
Runtime (s): 7.024255875000001
