Launching LAML version 0.0.4
LAML was called as follows: /Users/uym2/my_gits/LAML/run_laml.py -c ../../evaluation/Bar11/Bar11_character_matrix.txt -t place_outlier1/augmented_tree_121.nwk -o place_outlier1/augmented_tree_121_optimized -v -p ../../evaluation/Bar11/Bar11_priors.pickle --delimiter tab -m -1 --nInitials 1
Prior keys mismatch with site names.
Prior keys: [0, 1, 2, 3, 4, 5, 6, 7, 8, 9, 10, 11, 12, 13, 14, 15, 16, 17, 18, 19, 20, 21, 22, 23, 24, 25, 26]
Site names: ['r1', 'r2', 'r3', 'r4', 'r5', 'r6', 'r7', 'r8', 'r9', 'r10', 'r11', 'r12', 'r13', 'r14', 'r15', 'r16', 'r17', 'r18', 'r19', 'r20', 'r21', 'r22', 'r23', 'r24', 'r25', 'r26', 'r27']
Attempting to infer mapping between site names and prior keys...
{'r1': 0, 'r2': 1, 'r3': 2, 'r4': 3, 'r5': 4, 'r6': 5, 'r7': 6, 'r8': 7, 'r9': 8, 'r10': 9, 'r11': 10, 'r12': 11, 'r13': 12, 'r14': 13, 'r15': 14, 'r16': 15, 'r17': 16, 'r18': 17, 'r19': 18, 'r20': 19, 'r21': 20, 'r22': 21, 'r23': 22, 'r24': 23, 'r25': 24, 'r26': 25, 'r27': 26}
Optimizing branch lengths, phi, and nu without topology search
Optimization by EM algorithm
Optimization start with 1 initials
Initial point 1. Random seed: 5867
Numerical optimization started with ultrametric constraint (default)
Initial phi: 0. Initial nu: 0.26955655566205877. Initial nllh: 8442.602479036826
Starting EM iter: 1
Estep
Estep runtime (s): 0.06262683868408203
Mstep
Optimizing phi
Optimizing branch lengths. Current phi: 0. Current nu:0.26955655566205877
Optimizing nu
Mstep runtime (s): 0.20535778999328613
Finished EM iter: 1. Current nllh: 7028.205175970368
Starting EM iter: 2
Estep
Estep runtime (s): 0.08081269264221191
Mstep
Optimizing phi
Optimizing branch lengths. Current phi: 0. Current nu:0.26617596668967575
Optimizing nu
Mstep runtime (s): 0.19764208793640137
Finished EM iter: 2. Current nllh: 7017.641350657512
Starting EM iter: 3
Estep
Estep runtime (s): 0.08083200454711914
Mstep
Optimizing phi
Optimizing branch lengths. Current phi: 0. Current nu:0.26315518555344336
Optimizing nu
Mstep runtime (s): 0.20261192321777344
Finished EM iter: 3. Current nllh: 7016.103316670741
Starting EM iter: 4
Estep
Estep runtime (s): 0.08085918426513672
Mstep
Optimizing phi
Optimizing branch lengths. Current phi: 0. Current nu:0.26181661644217413
Optimizing nu
Mstep runtime (s): 0.19255304336547852
Finished EM iter: 4. Current nllh: 7015.716554027135
Starting EM iter: 5
Estep
Estep runtime (s): 0.08130979537963867
Mstep
Optimizing phi
Optimizing branch lengths. Current phi: 0. Current nu:0.26125165410737966
Optimizing nu
Mstep runtime (s): 0.219041109085083
Finished EM iter: 5. Current nllh: 7015.597727887958
Starting EM iter: 6
Estep
Estep runtime (s): 0.08477020263671875
Mstep
Optimizing phi
Optimizing branch lengths. Current phi: 0. Current nu:0.26102785887737895
Optimizing nu
Mstep runtime (s): 0.21794700622558594
Finished EM iter: 6. Current nllh: 7015.5439988924
Starting EM iter: 7
Estep
Estep runtime (s): 0.08098602294921875
Mstep
Optimizing phi
Optimizing branch lengths. Current phi: 0. Current nu:0.26095510561922475
Optimizing nu
Mstep runtime (s): 0.21164679527282715
Finished EM iter: 7. Current nllh: 7015.5140102706
Starting EM iter: 8
Estep
Estep runtime (s): 0.08256673812866211
Mstep
Optimizing phi
Optimizing branch lengths. Current phi: 0. Current nu:0.2609416051589275
Optimizing nu
Mstep runtime (s): 0.18471002578735352
Finished EM iter: 8. Current nllh: 7015.495409082677
Starting EM iter: 9
Estep
Estep runtime (s): 0.08099913597106934
Mstep
Optimizing phi
Optimizing branch lengths. Current phi: 0. Current nu:0.2609498764691532
Optimizing nu
Mstep runtime (s): 0.20996928215026855
Finished EM iter: 9. Current nllh: 7015.482549869976
Starting EM iter: 10
Estep
Estep runtime (s): 0.08128714561462402
Mstep
Optimizing phi
Optimizing branch lengths. Current phi: 0. Current nu:0.2609650029145877
Optimizing nu
Mstep runtime (s): 0.2024698257446289
Finished EM iter: 10. Current nllh: 7015.47572157653
Starting EM iter: 11
Estep
Estep runtime (s): 0.08105611801147461
Mstep
Optimizing phi
Optimizing branch lengths. Current phi: 0. Current nu:0.2609796482042932
Optimizing nu
Mstep runtime (s): 0.20025110244750977
Finished EM iter: 11. Current nllh: 7015.474427762681
Starting EM iter: 12
Estep
Estep runtime (s): 0.08092689514160156
Mstep
Optimizing phi
Optimizing branch lengths. Current phi: 0. Current nu:0.2609907590116557
Optimizing nu
Mstep runtime (s): 0.22464990615844727
Finished EM iter: 12. Current nllh: 7015.473769820443
Starting EM iter: 13
Estep
Estep runtime (s): 0.08148479461669922
Mstep
Optimizing phi
Optimizing branch lengths. Current phi: 0. Current nu:0.2610027298592684
Optimizing nu
Mstep runtime (s): 0.255357027053833
Finished EM iter: 13. Current nllh: 7015.473147709034
Starting EM iter: 14
Estep
Estep runtime (s): 0.0812370777130127
Mstep
Optimizing phi
Optimizing branch lengths. Current phi: 0. Current nu:0.26101290837467656
Optimizing nu
Mstep runtime (s): 0.201768159866333
Finished EM iter: 14. Current nllh: 7015.472715389577
Starting EM iter: 15
Estep
Estep runtime (s): 0.08118391036987305
Mstep
Optimizing phi
Optimizing branch lengths. Current phi: 0. Current nu:0.26102246905229354
Optimizing nu
Mstep runtime (s): 0.19946908950805664
Finished EM iter: 15. Current nllh: 7015.472380506624
Starting EM iter: 16
Estep
Estep runtime (s): 0.08109784126281738
Mstep
Optimizing phi
Optimizing branch lengths. Current phi: 0. Current nu:0.26103005624781883
Optimizing nu
Mstep runtime (s): 0.1878211498260498
Finished EM iter: 16. Current nllh: 7015.472148268215
Starting EM iter: 17
Estep
Estep runtime (s): 0.08139300346374512
Mstep
Optimizing phi
Optimizing branch lengths. Current phi: 0. Current nu:0.2610368919806445
Optimizing nu
Mstep runtime (s): 0.18276095390319824
Finished EM iter: 17. Current nllh: 7015.471968076183
Starting EM iter: 18
Estep
Estep runtime (s): 0.08119893074035645
Mstep
Optimizing phi
Optimizing branch lengths. Current phi: 0. Current nu:0.2610427130151512
Optimizing nu
Mstep runtime (s): 0.18304991722106934
Finished EM iter: 18. Current nllh: 7015.471828260284
Starting EM iter: 19
Estep
Estep runtime (s): 0.08126521110534668
Mstep
Optimizing phi
Optimizing branch lengths. Current phi: 0. Current nu:0.2610476084605235
Optimizing nu
Mstep runtime (s): 0.1961050033569336
Finished EM iter: 19. Current nllh: 7015.471722825326
Starting EM iter: 20
Estep
Estep runtime (s): 0.08135700225830078
Mstep
Optimizing phi
Optimizing branch lengths. Current phi: 0. Current nu:0.26105157786945704
Optimizing nu
Mstep runtime (s): 0.18784785270690918
Finished EM iter: 20. Current nllh: 7015.47164600231
Starting EM iter: 21
Estep
Estep runtime (s): 0.08133697509765625
Mstep
Optimizing phi
Optimizing branch lengths. Current phi: 0. Current nu:0.2610552115165286
Optimizing nu
Mstep runtime (s): 0.1890561580657959
Finished EM iter: 21. Current nllh: 7015.471577941664
EM finished after 21 iterations.
Optimal phi: 0. Optimal nu: 0.26105782869116395. Optimal nllh: 7015.471577941664
Optimal point found for initial point 1
Numerical optimization finished successfully
Tree height pre-scaling: 0.7341031209336716, input timescale: 1.0
Tree height after scaling: 1.0, mutation rate: 0.7341031209336716
Tree height pre-scaling: 0.7341031210751656, input timescale: 1.0
Tree height after scaling: 1.0, mutation rate: 0.7341031210751656
Tree height pre-scaling: 0.7341031209136081, input timescale: 1.0
Tree height after scaling: 1.0, mutation rate: 0.7341031209136081
Tree height pre-scaling: 0.7341031213317297, input timescale: 1.0
Tree height after scaling: 1.0, mutation rate: 0.7341031213317297
Tree height pre-scaling: 0.7341031208575737, input timescale: 1.0
Tree height after scaling: 1.0, mutation rate: 0.7341031208575737
Tree height pre-scaling: 0.7341031210608802, input timescale: 1.0
Tree height after scaling: 1.0, mutation rate: 0.7341031210608802
Tree height pre-scaling: 0.7341031210445506, input timescale: 1.0
Tree height after scaling: 1.0, mutation rate: 0.7341031210445506
Tree height pre-scaling: 0.7341031208922095, input timescale: 1.0
Tree height after scaling: 1.0, mutation rate: 0.7341031208922095
Tree height pre-scaling: 0.7341031207938508, input timescale: 1.0
Tree height after scaling: 1.0, mutation rate: 0.7341031207938508
Tree height pre-scaling: 0.7341031209101384, input timescale: 1.0
Tree height after scaling: 1.0, mutation rate: 0.7341031209101384
Tree height pre-scaling: 0.7341031211054388, input timescale: 1.0
Tree height after scaling: 1.0, mutation rate: 0.7341031211054388
Tree height pre-scaling: 0.7341031212354778, input timescale: 1.0
Tree height after scaling: 1.0, mutation rate: 0.7341031212354778
Tree height pre-scaling: 0.7341031221703058, input timescale: 1.0
Tree height after scaling: 1.0, mutation rate: 0.7341031221703058
Runtime (s): 6.552436999999999
