Launching LAML version 0.0.4
LAML was called as follows: /Users/uym2/my_gits/LAML/run_laml.py -c ../../evaluation/Bar11/Bar11_character_matrix.txt -t place_outlier1/augmented_tree_35.nwk -o place_outlier1/augmented_tree_35_optimized -v -p ../../evaluation/Bar11/Bar11_priors.pickle --delimiter tab -m -1 --nInitials 1
Prior keys mismatch with site names.
Prior keys: [0, 1, 2, 3, 4, 5, 6, 7, 8, 9, 10, 11, 12, 13, 14, 15, 16, 17, 18, 19, 20, 21, 22, 23, 24, 25, 26]
Site names: ['r1', 'r2', 'r3', 'r4', 'r5', 'r6', 'r7', 'r8', 'r9', 'r10', 'r11', 'r12', 'r13', 'r14', 'r15', 'r16', 'r17', 'r18', 'r19', 'r20', 'r21', 'r22', 'r23', 'r24', 'r25', 'r26', 'r27']
Attempting to infer mapping between site names and prior keys...
{'r1': 0, 'r2': 1, 'r3': 2, 'r4': 3, 'r5': 4, 'r6': 5, 'r7': 6, 'r8': 7, 'r9': 8, 'r10': 9, 'r11': 10, 'r12': 11, 'r13': 12, 'r14': 13, 'r15': 14, 'r16': 15, 'r17': 16, 'r18': 17, 'r19': 18, 'r20': 19, 'r21': 20, 'r22': 21, 'r23': 22, 'r24': 23, 'r25': 24, 'r26': 25, 'r27': 26}
Optimizing branch lengths, phi, and nu without topology search
Optimization by EM algorithm
Optimization start with 1 initials
Initial point 1. Random seed: 5496
Numerical optimization started with ultrametric constraint (default)
Initial phi: 0. Initial nu: 0.26955655566205877. Initial nllh: 8446.016317192565
Starting EM iter: 1
Estep
Estep runtime (s): 0.060881853103637695
Mstep
Optimizing phi
Optimizing branch lengths. Current phi: 0. Current nu:0.26955655566205877
Optimizing nu
Mstep runtime (s): 0.22828125953674316
Finished EM iter: 1. Current nllh: 7069.279632049878
Starting EM iter: 2
Estep
Estep runtime (s): 0.08154296875
Mstep
Optimizing phi
Optimizing branch lengths. Current phi: 0. Current nu:0.29482771435162186
Optimizing nu
Mstep runtime (s): 0.2181258201599121
Finished EM iter: 2. Current nllh: 7046.793047942586
Starting EM iter: 3
Estep
Estep runtime (s): 0.08155989646911621
Mstep
Optimizing phi
Optimizing branch lengths. Current phi: 0. Current nu:0.2985289560721153
Optimizing nu
Mstep runtime (s): 0.19743013381958008
Finished EM iter: 3. Current nllh: 7043.9952827435645
Starting EM iter: 4
Estep
Estep runtime (s): 0.08159589767456055
Mstep
Optimizing phi
Optimizing branch lengths. Current phi: 0. Current nu:0.2987751885669841
Optimizing nu
Mstep runtime (s): 0.2046499252319336
Finished EM iter: 4. Current nllh: 7043.420918299688
Starting EM iter: 5
Estep
Estep runtime (s): 0.08170604705810547
Mstep
Optimizing phi
Optimizing branch lengths. Current phi: 0. Current nu:0.29858378721114337
Optimizing nu
Mstep runtime (s): 0.20770907402038574
Finished EM iter: 5. Current nllh: 7043.254059837454
Starting EM iter: 6
Estep
Estep runtime (s): 0.08159494400024414
Mstep
Optimizing phi
Optimizing branch lengths. Current phi: 0. Current nu:0.2984318012709211
Optimizing nu
Mstep runtime (s): 0.1964399814605713
Finished EM iter: 6. Current nllh: 7043.195371797736
Starting EM iter: 7
Estep
Estep runtime (s): 0.08159995079040527
Mstep
Optimizing phi
Optimizing branch lengths. Current phi: 0. Current nu:0.2983507419937629
Optimizing nu
Mstep runtime (s): 0.2060108184814453
Finished EM iter: 7. Current nllh: 7043.163146767551
Starting EM iter: 8
Estep
Estep runtime (s): 0.08166098594665527
Mstep
Optimizing phi
Optimizing branch lengths. Current phi: 0. Current nu:0.2983199233384685
Optimizing nu
Mstep runtime (s): 0.20538592338562012
Finished EM iter: 8. Current nllh: 7043.1426650150615
Starting EM iter: 9
Estep
Estep runtime (s): 0.08223509788513184
Mstep
Optimizing phi
Optimizing branch lengths. Current phi: 0. Current nu:0.2983135325749483
Optimizing nu
Mstep runtime (s): 0.1845262050628662
Finished EM iter: 9. Current nllh: 7043.12861628873
Starting EM iter: 10
Estep
Estep runtime (s): 0.08178210258483887
Mstep
Optimizing phi
Optimizing branch lengths. Current phi: 0. Current nu:0.2983180102599203
Optimizing nu
Mstep runtime (s): 0.21675801277160645
Finished EM iter: 10. Current nllh: 7043.11836613417
Starting EM iter: 11
Estep
Estep runtime (s): 0.08198332786560059
Mstep
Optimizing phi
Optimizing branch lengths. Current phi: 0. Current nu:0.29832508006280295
Optimizing nu
Mstep runtime (s): 0.22287797927856445
Finished EM iter: 11. Current nllh: 7043.115338980049
Starting EM iter: 12
Estep
Estep runtime (s): 0.08172106742858887
Mstep
Optimizing phi
Optimizing branch lengths. Current phi: 0. Current nu:0.2983323792300376
Optimizing nu
Mstep runtime (s): 0.19095277786254883
Finished EM iter: 12. Current nllh: 7043.114303633002
Starting EM iter: 13
Estep
Estep runtime (s): 0.08182311058044434
Mstep
Optimizing phi
Optimizing branch lengths. Current phi: 0. Current nu:0.29833974118726564
Optimizing nu
Mstep runtime (s): 0.18665313720703125
Finished EM iter: 13. Current nllh: 7043.113471570825
Starting EM iter: 14
Estep
Estep runtime (s): 0.08181476593017578
Mstep
Optimizing phi
Optimizing branch lengths. Current phi: 0. Current nu:0.2983481288966508
Optimizing nu
Mstep runtime (s): 0.18558382987976074
Finished EM iter: 14. Current nllh: 7043.112774632303
Starting EM iter: 15
Estep
Estep runtime (s): 0.08184671401977539
Mstep
Optimizing phi
Optimizing branch lengths. Current phi: 0. Current nu:0.2983564997440181
Optimizing nu
Mstep runtime (s): 0.19221925735473633
Finished EM iter: 15. Current nllh: 7043.112192074111
Starting EM iter: 16
Estep
Estep runtime (s): 0.08189105987548828
Mstep
Optimizing phi
Optimizing branch lengths. Current phi: 0. Current nu:0.29836375230149814
Optimizing nu
Mstep runtime (s): 0.23604202270507812
Finished EM iter: 16. Current nllh: 7043.111496352174
Starting EM iter: 17
Estep
Estep runtime (s): 0.08192682266235352
Mstep
Optimizing phi
Optimizing branch lengths. Current phi: 0. Current nu:0.2983694572394488
Optimizing nu
Mstep runtime (s): 0.1951580047607422
Finished EM iter: 17. Current nllh: 7043.111311641563
Starting EM iter: 18
Estep
Estep runtime (s): 0.08176589012145996
Mstep
Optimizing phi
Optimizing branch lengths. Current phi: 0. Current nu:0.29837616115412385
Optimizing nu
Mstep runtime (s): 0.20480895042419434
Finished EM iter: 18. Current nllh: 7043.110849380674
Starting EM iter: 19
Estep
Estep runtime (s): 0.08212614059448242
Mstep
Optimizing phi
Optimizing branch lengths. Current phi: 0. Current nu:0.2983797702895847
Optimizing nu
Mstep runtime (s): 0.2301349639892578
Finished EM iter: 19. Current nllh: 7043.110684052744
Starting EM iter: 20
Estep
Estep runtime (s): 0.08191704750061035
Mstep
Optimizing phi
Optimizing branch lengths. Current phi: 0. Current nu:0.2983858639099684
Optimizing nu
Mstep runtime (s): 0.20486211776733398
Finished EM iter: 20. Current nllh: 7043.110414006336
Starting EM iter: 21
Estep
Estep runtime (s): 0.0821220874786377
Mstep
Optimizing phi
Optimizing branch lengths. Current phi: 0. Current nu:0.29839065303937323
Optimizing nu
Mstep runtime (s): 0.19318199157714844
Finished EM iter: 21. Current nllh: 7043.110187826365
Starting EM iter: 22
Estep
Estep runtime (s): 0.08203721046447754
Mstep
Optimizing phi
Optimizing branch lengths. Current phi: 0. Current nu:0.29839492019346814
Optimizing nu
Mstep runtime (s): 0.21524667739868164
Finished EM iter: 22. Current nllh: 7043.109841600828
Starting EM iter: 23
Estep
Estep runtime (s): 0.08202481269836426
Mstep
Optimizing phi
Optimizing branch lengths. Current phi: 0. Current nu:0.2983971791103659
Optimizing nu
Mstep runtime (s): 0.2317807674407959
Finished EM iter: 23. Current nllh: 7043.109672808767
Starting EM iter: 24
Estep
Estep runtime (s): 0.08210897445678711
Mstep
Optimizing phi
Optimizing branch lengths. Current phi: 0. Current nu:0.2984001482519291
Optimizing nu
Mstep runtime (s): 0.17896389961242676
Finished EM iter: 24. Current nllh: 7043.1096935545365
EM finished after 24 iterations.
Optimal phi: 0. Optimal nu: 0.2984049242257086. Optimal nllh: 7043.1096935545365
Optimal point found for initial point 1
Numerical optimization finished successfully
Tree height pre-scaling: 0.7217900490128644, input timescale: 1.0
Tree height after scaling: 1.0, mutation rate: 0.7217900490128644
Tree height pre-scaling: 0.7217900490678457, input timescale: 1.0
Tree height after scaling: 0.9999999999999999, mutation rate: 0.7217900490678457
Tree height pre-scaling: 0.7217900489976674, input timescale: 1.0
Tree height after scaling: 1.0, mutation rate: 0.7217900489976674
Tree height pre-scaling: 0.7217900491911848, input timescale: 1.0
Tree height after scaling: 1.0, mutation rate: 0.7217900491911848
Tree height pre-scaling: 0.7217900489610684, input timescale: 1.0
Tree height after scaling: 1.0, mutation rate: 0.7217900489610684
Tree height pre-scaling: 0.7217900490520532, input timescale: 1.0
Tree height after scaling: 1.0, mutation rate: 0.7217900490520532
Tree height pre-scaling: 0.7217900490403041, input timescale: 1.0
Tree height after scaling: 0.9999999999999998, mutation rate: 0.7217900490403041
Tree height pre-scaling: 0.7217900489921958, input timescale: 1.0
Tree height after scaling: 0.9999999999999999, mutation rate: 0.7217900489921958
Tree height pre-scaling: 0.7217900489235839, input timescale: 1.0
Tree height after scaling: 1.0, mutation rate: 0.7217900489235839
Tree height pre-scaling: 0.721790048981931, input timescale: 1.0
Tree height after scaling: 0.9999999999999999, mutation rate: 0.721790048981931
Tree height pre-scaling: 0.7217900491060372, input timescale: 1.0
Tree height after scaling: 0.9999999999999999, mutation rate: 0.7217900491060372
Tree height pre-scaling: 0.7217900489870348, input timescale: 1.0
Tree height after scaling: 1.0000000000000002, mutation rate: 0.7217900489870348
Tree height pre-scaling: 0.7217900499837134, input timescale: 1.0
Tree height after scaling: 1.0, mutation rate: 0.7217900499837134
Runtime (s): 7.546176041
