Launching LAML version 0.0.4
LAML was called as follows: /Users/uym2/my_gits/LAML/run_laml.py -c ../../evaluation/Bar11/Bar11_character_matrix.txt -t place_outlier1/augmented_tree_170.nwk -o place_outlier1/augmented_tree_170_optimized -v -p ../../evaluation/Bar11/Bar11_priors.pickle --delimiter tab -m -1 --nInitials 1
Prior keys mismatch with site names.
Prior keys: [0, 1, 2, 3, 4, 5, 6, 7, 8, 9, 10, 11, 12, 13, 14, 15, 16, 17, 18, 19, 20, 21, 22, 23, 24, 25, 26]
Site names: ['r1', 'r2', 'r3', 'r4', 'r5', 'r6', 'r7', 'r8', 'r9', 'r10', 'r11', 'r12', 'r13', 'r14', 'r15', 'r16', 'r17', 'r18', 'r19', 'r20', 'r21', 'r22', 'r23', 'r24', 'r25', 'r26', 'r27']
Attempting to infer mapping between site names and prior keys...
{'r1': 0, 'r2': 1, 'r3': 2, 'r4': 3, 'r5': 4, 'r6': 5, 'r7': 6, 'r8': 7, 'r9': 8, 'r10': 9, 'r11': 10, 'r12': 11, 'r13': 12, 'r14': 13, 'r15': 14, 'r16': 15, 'r17': 16, 'r18': 17, 'r19': 18, 'r20': 19, 'r21': 20, 'r22': 21, 'r23': 22, 'r24': 23, 'r25': 24, 'r26': 25, 'r27': 26}
Optimizing branch lengths, phi, and nu without topology search
Optimization by EM algorithm
Optimization start with 1 initials
Initial point 1. Random seed: 6033
Numerical optimization started with ultrametric constraint (default)
Initial phi: 0. Initial nu: 0.26955655566205877. Initial nllh: 8176.433063529447
Starting EM iter: 1
Estep
Estep runtime (s): 0.059921979904174805
Mstep
Optimizing phi
Optimizing branch lengths. Current phi: 0. Current nu:0.26955655566205877
Optimizing nu
Mstep runtime (s): 0.22131991386413574
Finished EM iter: 1. Current nllh: 6922.626382246546
Starting EM iter: 2
Estep
Estep runtime (s): 0.08124780654907227
Mstep
Optimizing phi
Optimizing branch lengths. Current phi: 0. Current nu:0.27466650066032694
Optimizing nu
Mstep runtime (s): 0.19181180000305176
Finished EM iter: 2. Current nllh: 6903.860812080983
Starting EM iter: 3
Estep
Estep runtime (s): 0.08139991760253906
Mstep
Optimizing phi
Optimizing branch lengths. Current phi: 0. Current nu:0.2731686656514897
Optimizing nu
Mstep runtime (s): 0.2385571002960205
Finished EM iter: 3. Current nllh: 6901.747241362094
Starting EM iter: 4
Estep
Estep runtime (s): 0.0811319351196289
Mstep
Optimizing phi
Optimizing branch lengths. Current phi: 0. Current nu:0.2720650208586984
Optimizing nu
Mstep runtime (s): 0.1803431510925293
Finished EM iter: 4. Current nllh: 6901.25617726816
Starting EM iter: 5
Estep
Estep runtime (s): 0.0813298225402832
Mstep
Optimizing phi
Optimizing branch lengths. Current phi: 0. Current nu:0.2715241750438846
Optimizing nu
Mstep runtime (s): 0.20627999305725098
Finished EM iter: 5. Current nllh: 6901.1307431181385
Starting EM iter: 6
Estep
Estep runtime (s): 0.08134078979492188
Mstep
Optimizing phi
Optimizing branch lengths. Current phi: 0. Current nu:0.27128711203249856
Optimizing nu
Mstep runtime (s): 0.22833609580993652
Finished EM iter: 6. Current nllh: 6901.074958318748
Starting EM iter: 7
Estep
Estep runtime (s): 0.08142614364624023
Mstep
Optimizing phi
Optimizing branch lengths. Current phi: 0. Current nu:0.27120460694370724
Optimizing nu
Mstep runtime (s): 0.23436284065246582
Finished EM iter: 7. Current nllh: 6901.044370268782
Starting EM iter: 8
Estep
Estep runtime (s): 0.08119392395019531
Mstep
Optimizing phi
Optimizing branch lengths. Current phi: 0. Current nu:0.27118558401894827
Optimizing nu
Mstep runtime (s): 0.19257497787475586
Finished EM iter: 8. Current nllh: 6901.025296888472
Starting EM iter: 9
Estep
Estep runtime (s): 0.0816349983215332
Mstep
Optimizing phi
Optimizing branch lengths. Current phi: 0. Current nu:0.2711916228081778
Optimizing nu
Mstep runtime (s): 0.19274020195007324
Finished EM iter: 9. Current nllh: 6901.012381435691
Starting EM iter: 10
Estep
Estep runtime (s): 0.08151602745056152
Mstep
Optimizing phi
Optimizing branch lengths. Current phi: 0. Current nu:0.27120604580038854
Optimizing nu
Mstep runtime (s): 0.21421217918395996
Finished EM iter: 10. Current nllh: 6901.005930094417
Starting EM iter: 11
Estep
Estep runtime (s): 0.08142995834350586
Mstep
Optimizing phi
Optimizing branch lengths. Current phi: 0. Current nu:0.27121991579960886
Optimizing nu
Mstep runtime (s): 0.18719792366027832
Finished EM iter: 11. Current nllh: 6901.004450474917
Starting EM iter: 12
Estep
Estep runtime (s): 0.08162403106689453
Mstep
Optimizing phi
Optimizing branch lengths. Current phi: 0. Current nu:0.27123203875284835
Optimizing nu
Mstep runtime (s): 0.182966947555542
Finished EM iter: 12. Current nllh: 6901.003462803004
Starting EM iter: 13
Estep
Estep runtime (s): 0.08161187171936035
Mstep
Optimizing phi
Optimizing branch lengths. Current phi: 0. Current nu:0.27124498892280163
Optimizing nu
Mstep runtime (s): 0.19641995429992676
Finished EM iter: 13. Current nllh: 6901.0027333374055
Starting EM iter: 14
Estep
Estep runtime (s): 0.08161091804504395
Mstep
Optimizing phi
Optimizing branch lengths. Current phi: 0. Current nu:0.27125664216484185
Optimizing nu
Mstep runtime (s): 0.1882469654083252
Finished EM iter: 14. Current nllh: 6901.002193812169
Starting EM iter: 15
Estep
Estep runtime (s): 0.08123517036437988
Mstep
Optimizing phi
Optimizing branch lengths. Current phi: 0. Current nu:0.2712667232165507
Optimizing nu
Mstep runtime (s): 0.2274482250213623
Finished EM iter: 15. Current nllh: 6901.001610177226
Starting EM iter: 16
Estep
Estep runtime (s): 0.08142685890197754
Mstep
Optimizing phi
Optimizing branch lengths. Current phi: 0. Current nu:0.2712752422914202
Optimizing nu
Mstep runtime (s): 0.18672704696655273
Finished EM iter: 16. Current nllh: 6901.001486188193
Starting EM iter: 17
Estep
Estep runtime (s): 0.08164620399475098
Mstep
Optimizing phi
Optimizing branch lengths. Current phi: 0. Current nu:0.2712830098889866
Optimizing nu
Mstep runtime (s): 0.19779014587402344
Finished EM iter: 17. Current nllh: 6901.00125280613
Starting EM iter: 18
Estep
Estep runtime (s): 0.0816650390625
Mstep
Optimizing phi
Optimizing branch lengths. Current phi: 0. Current nu:0.2712894965377022
Optimizing nu
Mstep runtime (s): 0.2048187255859375
Finished EM iter: 18. Current nllh: 6901.001075455308
Starting EM iter: 19
Estep
Estep runtime (s): 0.08182311058044434
Mstep
Optimizing phi
Optimizing branch lengths. Current phi: 0. Current nu:0.271295064698063
Optimizing nu
Mstep runtime (s): 0.19976186752319336
Finished EM iter: 19. Current nllh: 6901.000942037885
Starting EM iter: 20
Estep
Estep runtime (s): 0.0821237564086914
Mstep
Optimizing phi
Optimizing branch lengths. Current phi: 0. Current nu:0.27129980450805724
Optimizing nu
Mstep runtime (s): 0.1820671558380127
Finished EM iter: 20. Current nllh: 6901.000844203074
Starting EM iter: 21
Estep
Estep runtime (s): 0.08190202713012695
Mstep
Optimizing phi
Optimizing branch lengths. Current phi: 0. Current nu:0.2713043193899852
Optimizing nu
Mstep runtime (s): 0.18015789985656738
Finished EM iter: 21. Current nllh: 6901.000761945486
Starting EM iter: 22
Estep
Estep runtime (s): 0.08192992210388184
Mstep
Optimizing phi
Optimizing branch lengths. Current phi: 0. Current nu:0.27130837748977793
Optimizing nu
Mstep runtime (s): 0.18237590789794922
Finished EM iter: 22. Current nllh: 6901.0006879331795
Starting EM iter: 23
Estep
Estep runtime (s): 0.08199286460876465
Mstep
Optimizing phi
Optimizing branch lengths. Current phi: 0. Current nu:0.27131134931383105
Optimizing nu
Mstep runtime (s): 0.24216866493225098
Finished EM iter: 23. Current nllh: 6901.00058680226
Starting EM iter: 24
Estep
Estep runtime (s): 0.0819399356842041
Mstep
Optimizing phi
Optimizing branch lengths. Current phi: 0. Current nu:0.27131224466981957
Optimizing nu
Mstep runtime (s): 0.18513202667236328
Finished EM iter: 24. Current nllh: 6901.000628326629
EM finished after 24 iterations.
Optimal phi: 0. Optimal nu: 0.27131638336403313. Optimal nllh: 6901.000628326629
Optimal point found for initial point 1
Numerical optimization finished successfully
Tree height pre-scaling: 0.719354994504458, input timescale: 1.0
Tree height after scaling: 1.0, mutation rate: 0.719354994504458
Tree height pre-scaling: 0.719354994514734, input timescale: 1.0
Tree height after scaling: 1.0, mutation rate: 0.719354994514734
Tree height pre-scaling: 0.7193549945035242, input timescale: 1.0
Tree height after scaling: 1.0, mutation rate: 0.7193549945035242
Tree height pre-scaling: 0.7193549945348111, input timescale: 1.0
Tree height after scaling: 1.0, mutation rate: 0.7193549945348111
Tree height pre-scaling: 0.7193549944995168, input timescale: 1.0
Tree height after scaling: 1.0, mutation rate: 0.7193549944995168
Tree height pre-scaling: 0.7193549945142108, input timescale: 1.0
Tree height after scaling: 1.0, mutation rate: 0.7193549945142108
Tree height pre-scaling: 0.7193549945133523, input timescale: 1.0
Tree height after scaling: 1.0, mutation rate: 0.7193549945133523
Tree height pre-scaling: 0.719354994503423, input timescale: 1.0
Tree height after scaling: 1.0, mutation rate: 0.719354994503423
Tree height pre-scaling: 0.719354994518297, input timescale: 1.0
Tree height after scaling: 1.0, mutation rate: 0.719354994518297
Tree height pre-scaling: 0.7193549945302793, input timescale: 1.0
Tree height after scaling: 1.0, mutation rate: 0.7193549945302793
Tree height pre-scaling: 0.7193549945373616, input timescale: 1.0
Tree height after scaling: 1.0, mutation rate: 0.7193549945373616
Tree height pre-scaling: 0.7193549944945561, input timescale: 1.0
Tree height after scaling: 1.0, mutation rate: 0.7193549944945561
Tree height pre-scaling: 0.7193549945288338, input timescale: 1.0
Tree height after scaling: 1.0, mutation rate: 0.7193549945288338
Runtime (s): 7.450063959
