Launching LAML version 0.0.4
LAML was called as follows: /Users/uym2/my_gits/LAML/run_laml.py -c ../../evaluation/Bar11/Bar11_character_matrix.txt -t place_outlier1/augmented_tree_129.nwk -o place_outlier1/augmented_tree_129_optimized -v -p ../../evaluation/Bar11/Bar11_priors.pickle --delimiter tab -m -1 --nInitials 1
Prior keys mismatch with site names.
Prior keys: [0, 1, 2, 3, 4, 5, 6, 7, 8, 9, 10, 11, 12, 13, 14, 15, 16, 17, 18, 19, 20, 21, 22, 23, 24, 25, 26]
Site names: ['r1', 'r2', 'r3', 'r4', 'r5', 'r6', 'r7', 'r8', 'r9', 'r10', 'r11', 'r12', 'r13', 'r14', 'r15', 'r16', 'r17', 'r18', 'r19', 'r20', 'r21', 'r22', 'r23', 'r24', 'r25', 'r26', 'r27']
Attempting to infer mapping between site names and prior keys...
{'r1': 0, 'r2': 1, 'r3': 2, 'r4': 3, 'r5': 4, 'r6': 5, 'r7': 6, 'r8': 7, 'r9': 8, 'r10': 9, 'r11': 10, 'r12': 11, 'r13': 12, 'r14': 13, 'r15': 14, 'r16': 15, 'r17': 16, 'r18': 17, 'r19': 18, 'r20': 19, 'r21': 20, 'r22': 21, 'r23': 22, 'r24': 23, 'r25': 24, 'r26': 25, 'r27': 26}
Optimizing branch lengths, phi, and nu without topology search
Optimization by EM algorithm
Optimization start with 1 initials
Initial point 1. Random seed: 7846
Numerical optimization started with ultrametric constraint (default)
Initial phi: 0. Initial nu: 0.26955655566205877. Initial nllh: 8793.569950154477
Starting EM iter: 1
Estep
Estep runtime (s): 0.06222391128540039
Mstep
Optimizing phi
Optimizing branch lengths. Current phi: 0. Current nu:0.26955655566205877
Optimizing nu
Mstep runtime (s): 0.20294499397277832
Finished EM iter: 1. Current nllh: 7303.116913917305
Starting EM iter: 2
Estep
Estep runtime (s): 0.07925295829772949
Mstep
Optimizing phi
Optimizing branch lengths. Current phi: 0. Current nu:0.26387061755398206
Optimizing nu
Mstep runtime (s): 0.18228602409362793
Finished EM iter: 2. Current nllh: 7290.153458811699
Starting EM iter: 3
Estep
Estep runtime (s): 0.07927608489990234
Mstep
Optimizing phi
Optimizing branch lengths. Current phi: 0. Current nu:0.2600597013900086
Optimizing nu
Mstep runtime (s): 0.183380126953125
Finished EM iter: 3. Current nllh: 7288.227019819555
Starting EM iter: 4
Estep
Estep runtime (s): 0.07943224906921387
Mstep
Optimizing phi
Optimizing branch lengths. Current phi: 0. Current nu:0.258458907623513
Optimizing nu
Mstep runtime (s): 0.20641303062438965
Finished EM iter: 4. Current nllh: 7287.762562508742
Starting EM iter: 5
Estep
Estep runtime (s): 0.07933998107910156
Mstep
Optimizing phi
Optimizing branch lengths. Current phi: 0. Current nu:0.2578221107161995
Optimizing nu
Mstep runtime (s): 0.20855927467346191
Finished EM iter: 5. Current nllh: 7287.642018919506
Starting EM iter: 6
Estep
Estep runtime (s): 0.07938003540039062
Mstep
Optimizing phi
Optimizing branch lengths. Current phi: 0. Current nu:0.2575782138157436
Optimizing nu
Mstep runtime (s): 0.1880168914794922
Finished EM iter: 6. Current nllh: 7287.58848715847
Starting EM iter: 7
Estep
Estep runtime (s): 0.07970094680786133
Mstep
Optimizing phi
Optimizing branch lengths. Current phi: 0. Current nu:0.2575037984821894
Optimizing nu
Mstep runtime (s): 0.18477725982666016
Finished EM iter: 7. Current nllh: 7287.5587553843125
Starting EM iter: 8
Estep
Estep runtime (s): 0.07940006256103516
Mstep
Optimizing phi
Optimizing branch lengths. Current phi: 0. Current nu:0.2574903935159357
Optimizing nu
Mstep runtime (s): 0.21245622634887695
Finished EM iter: 8. Current nllh: 7287.5399241015
Starting EM iter: 9
Estep
Estep runtime (s): 0.07948803901672363
Mstep
Optimizing phi
Optimizing branch lengths. Current phi: 0. Current nu:0.25749604669454795
Optimizing nu
Mstep runtime (s): 0.18599200248718262
Finished EM iter: 9. Current nllh: 7287.527569991038
Starting EM iter: 10
Estep
Estep runtime (s): 0.0794980525970459
Mstep
Optimizing phi
Optimizing branch lengths. Current phi: 0. Current nu:0.2575118677526009
Optimizing nu
Mstep runtime (s): 0.19885611534118652
Finished EM iter: 10. Current nllh: 7287.519690770183
Starting EM iter: 11
Estep
Estep runtime (s): 0.07964777946472168
Mstep
Optimizing phi
Optimizing branch lengths. Current phi: 0. Current nu:0.25752426822982427
Optimizing nu
Mstep runtime (s): 0.18538689613342285
Finished EM iter: 11. Current nllh: 7287.518607453809
Starting EM iter: 12
Estep
Estep runtime (s): 0.07971906661987305
Mstep
Optimizing phi
Optimizing branch lengths. Current phi: 0. Current nu:0.25753658836919313
Optimizing nu
Mstep runtime (s): 0.19903898239135742
Finished EM iter: 12. Current nllh: 7287.517765756089
Starting EM iter: 13
Estep
Estep runtime (s): 0.0795588493347168
Mstep
Optimizing phi
Optimizing branch lengths. Current phi: 0. Current nu:0.2575481205172634
Optimizing nu
Mstep runtime (s): 0.19320893287658691
Finished EM iter: 13. Current nllh: 7287.517172798698
Starting EM iter: 14
Estep
Estep runtime (s): 0.07956290245056152
Mstep
Optimizing phi
Optimizing branch lengths. Current phi: 0. Current nu:0.25755813603005656
Optimizing nu
Mstep runtime (s): 0.20354986190795898
Finished EM iter: 14. Current nllh: 7287.51674679814
Starting EM iter: 15
Estep
Estep runtime (s): 0.07968997955322266
Mstep
Optimizing phi
Optimizing branch lengths. Current phi: 0. Current nu:0.2575666942566841
Optimizing nu
Mstep runtime (s): 0.1949617862701416
Finished EM iter: 15. Current nllh: 7287.516458898819
Starting EM iter: 16
Estep
Estep runtime (s): 0.07969021797180176
Mstep
Optimizing phi
Optimizing branch lengths. Current phi: 0. Current nu:0.2575747042766085
Optimizing nu
Mstep runtime (s): 0.2178938388824463
Finished EM iter: 16. Current nllh: 7287.516220545927
Starting EM iter: 17
Estep
Estep runtime (s): 0.08019399642944336
Mstep
Optimizing phi
Optimizing branch lengths. Current phi: 0. Current nu:0.25758077649114997
Optimizing nu
Mstep runtime (s): 0.19775104522705078
Finished EM iter: 17. Current nllh: 7287.5157210053185
Starting EM iter: 18
Estep
Estep runtime (s): 0.07964897155761719
Mstep
Optimizing phi
Optimizing branch lengths. Current phi: 0. Current nu:0.2575845666587205
Optimizing nu
Mstep runtime (s): 0.22963976860046387
Finished EM iter: 18. Current nllh: 7287.515592305479
Starting EM iter: 19
Estep
Estep runtime (s): 0.07972407341003418
Mstep
Optimizing phi
Optimizing branch lengths. Current phi: 0. Current nu:0.2575879540875593
Optimizing nu
Mstep runtime (s): 0.23829889297485352
Finished EM iter: 19. Current nllh: 7287.51560585938
EM finished after 19 iterations.
Optimal phi: 0. Optimal nu: 0.25759257422775905. Optimal nllh: 7287.51560585938
Optimal point found for initial point 1
Numerical optimization finished successfully
Tree height pre-scaling: 0.7524923762876641, input timescale: 1.0
Tree height after scaling: 1.0, mutation rate: 0.7524923762876641
Tree height pre-scaling: 0.7524924090305417, input timescale: 1.0
Tree height after scaling: 1.0, mutation rate: 0.7524924090305417
Tree height pre-scaling: 0.7524923737717438, input timescale: 1.0
Tree height after scaling: 1.0, mutation rate: 0.7524923737717438
Tree height pre-scaling: 0.7524924629730246, input timescale: 1.0
Tree height after scaling: 1.0, mutation rate: 0.7524924629730246
Tree height pre-scaling: 0.7524923551646483, input timescale: 1.0
Tree height after scaling: 1.0, mutation rate: 0.7524923551646483
Tree height pre-scaling: 0.7524924018596812, input timescale: 1.0
Tree height after scaling: 1.0000000000000002, mutation rate: 0.7524924018596812
Tree height pre-scaling: 0.7524923918515148, input timescale: 1.0
Tree height after scaling: 0.9999999999999999, mutation rate: 0.7524923918515148
Tree height pre-scaling: 0.7524923647310864, input timescale: 1.0
Tree height after scaling: 1.0, mutation rate: 0.7524923647310864
Tree height pre-scaling: 0.752492340308166, input timescale: 1.0
Tree height after scaling: 1.0, mutation rate: 0.752492340308166
Tree height pre-scaling: 0.7524923644372354, input timescale: 1.0
Tree height after scaling: 1.0, mutation rate: 0.7524923644372354
Tree height pre-scaling: 0.7524924143094192, input timescale: 1.0
Tree height after scaling: 1.0, mutation rate: 0.7524924143094192
Tree height pre-scaling: 0.7524924190457696, input timescale: 1.0
Tree height after scaling: 1.0, mutation rate: 0.7524924190457696
Tree height pre-scaling: 0.7524932327494378, input timescale: 1.0
Tree height after scaling: 1.0, mutation rate: 0.7524932327494378
Runtime (s): 5.86387975
