Launching LAML version 0.0.4
LAML was called as follows: /Users/uym2/my_gits/LAML/run_laml.py -c ../../evaluation/Bar11/Bar11_character_matrix.txt -t place_outlier1/augmented_tree_56.nwk -o place_outlier1/augmented_tree_56_optimized -v -p ../../evaluation/Bar11/Bar11_priors.pickle --delimiter tab -m -1 --nInitials 1
Prior keys mismatch with site names.
Prior keys: [0, 1, 2, 3, 4, 5, 6, 7, 8, 9, 10, 11, 12, 13, 14, 15, 16, 17, 18, 19, 20, 21, 22, 23, 24, 25, 26]
Site names: ['r1', 'r2', 'r3', 'r4', 'r5', 'r6', 'r7', 'r8', 'r9', 'r10', 'r11', 'r12', 'r13', 'r14', 'r15', 'r16', 'r17', 'r18', 'r19', 'r20', 'r21', 'r22', 'r23', 'r24', 'r25', 'r26', 'r27']
Attempting to infer mapping between site names and prior keys...
{'r1': 0, 'r2': 1, 'r3': 2, 'r4': 3, 'r5': 4, 'r6': 5, 'r7': 6, 'r8': 7, 'r9': 8, 'r10': 9, 'r11': 10, 'r12': 11, 'r13': 12, 'r14': 13, 'r15': 14, 'r16': 15, 'r17': 16, 'r18': 17, 'r19': 18, 'r20': 19, 'r21': 20, 'r22': 21, 'r23': 22, 'r24': 23, 'r25': 24, 'r26': 25, 'r27': 26}
Optimizing branch lengths, phi, and nu without topology search
Optimization by EM algorithm
Optimization start with 1 initials
Initial point 1. Random seed: 5615
Numerical optimization started with ultrametric constraint (default)
Initial phi: 0. Initial nu: 0.26955655566205877. Initial nllh: 8323.579578389423
Starting EM iter: 1
Estep
Estep runtime (s): 0.0599827766418457
Mstep
Optimizing phi
Optimizing branch lengths. Current phi: 0. Current nu:0.26955655566205877
Optimizing nu
Mstep runtime (s): 0.22490811347961426
Finished EM iter: 1. Current nllh: 6884.822375043928
Starting EM iter: 2
Estep
Estep runtime (s): 0.08272576332092285
Mstep
Optimizing phi
Optimizing branch lengths. Current phi: 0. Current nu:0.2765344146959184
Optimizing nu
Mstep runtime (s): 0.22074484825134277
Finished EM iter: 2. Current nllh: 6862.192390471687
Starting EM iter: 3
Estep
Estep runtime (s): 0.08269691467285156
Mstep
Optimizing phi
Optimizing branch lengths. Current phi: 0. Current nu:0.27409381237793956
Optimizing nu
Mstep runtime (s): 0.19300413131713867
Finished EM iter: 3. Current nllh: 6859.541330013282
Starting EM iter: 4
Estep
Estep runtime (s): 0.08263111114501953
Mstep
Optimizing phi
Optimizing branch lengths. Current phi: 0. Current nu:0.2722599500326852
Optimizing nu
Mstep runtime (s): 0.2190549373626709
Finished EM iter: 4. Current nllh: 6859.00760802194
Starting EM iter: 5
Estep
Estep runtime (s): 0.08282017707824707
Mstep
Optimizing phi
Optimizing branch lengths. Current phi: 0. Current nu:0.2714130657605056
Optimizing nu
Mstep runtime (s): 0.20854902267456055
Finished EM iter: 5. Current nllh: 6858.869340835164
Starting EM iter: 6
Estep
Estep runtime (s): 0.08278298377990723
Mstep
Optimizing phi
Optimizing branch lengths. Current phi: 0. Current nu:0.2710579399400144
Optimizing nu
Mstep runtime (s): 0.19924187660217285
Finished EM iter: 6. Current nllh: 6858.812007644671
Starting EM iter: 7
Estep
Estep runtime (s): 0.08312010765075684
Mstep
Optimizing phi
Optimizing branch lengths. Current phi: 0. Current nu:0.270922856585049
Optimizing nu
Mstep runtime (s): 0.2079601287841797
Finished EM iter: 7. Current nllh: 6858.779807374435
Starting EM iter: 8
Estep
Estep runtime (s): 0.08282804489135742
Mstep
Optimizing phi
Optimizing branch lengths. Current phi: 0. Current nu:0.27088059159096123
Optimizing nu
Mstep runtime (s): 0.19490313529968262
Finished EM iter: 8. Current nllh: 6858.759828122244
Starting EM iter: 9
Estep
Estep runtime (s): 0.08287525177001953
Mstep
Optimizing phi
Optimizing branch lengths. Current phi: 0. Current nu:0.27087211187033045
Optimizing nu
Mstep runtime (s): 0.18095827102661133
Finished EM iter: 9. Current nllh: 6858.746161968729
Starting EM iter: 10
Estep
Estep runtime (s): 0.08292007446289062
Mstep
Optimizing phi
Optimizing branch lengths. Current phi: 0. Current nu:0.2708774330798948
Optimizing nu
Mstep runtime (s): 0.17792177200317383
Finished EM iter: 10. Current nllh: 6858.736544064639
Starting EM iter: 11
Estep
Estep runtime (s): 0.0830228328704834
Mstep
Optimizing phi
Optimizing branch lengths. Current phi: 0. Current nu:0.2708870545436278
Optimizing nu
Mstep runtime (s): 0.2418820858001709
Finished EM iter: 11. Current nllh: 6858.734634425723
Starting EM iter: 12
Estep
Estep runtime (s): 0.08294796943664551
Mstep
Optimizing phi
Optimizing branch lengths. Current phi: 0. Current nu:0.2708930779166591
Optimizing nu
Mstep runtime (s): 0.21146202087402344
Finished EM iter: 12. Current nllh: 6858.733878970248
Starting EM iter: 13
Estep
Estep runtime (s): 0.08296918869018555
Mstep
Optimizing phi
Optimizing branch lengths. Current phi: 0. Current nu:0.2709019191583609
Optimizing nu
Mstep runtime (s): 0.21236395835876465
Finished EM iter: 13. Current nllh: 6858.733528499919
Starting EM iter: 14
Estep
Estep runtime (s): 0.08296823501586914
Mstep
Optimizing phi
Optimizing branch lengths. Current phi: 0. Current nu:0.2709098371663562
Optimizing nu
Mstep runtime (s): 0.1836385726928711
Finished EM iter: 14. Current nllh: 6858.733181609081
Starting EM iter: 15
Estep
Estep runtime (s): 0.08301091194152832
Mstep
Optimizing phi
Optimizing branch lengths. Current phi: 0. Current nu:0.2709178410606723
Optimizing nu
Mstep runtime (s): 0.22234582901000977
Finished EM iter: 15. Current nllh: 6858.732898658423
Starting EM iter: 16
Estep
Estep runtime (s): 0.08296823501586914
Mstep
Optimizing phi
Optimizing branch lengths. Current phi: 0. Current nu:0.2709246090048991
Optimizing nu
Mstep runtime (s): 0.18821406364440918
Finished EM iter: 16. Current nllh: 6858.732691495047
Starting EM iter: 17
Estep
Estep runtime (s): 0.0830078125
Mstep
Optimizing phi
Optimizing branch lengths. Current phi: 0. Current nu:0.27093080331848934
Optimizing nu
Mstep runtime (s): 0.26494598388671875
Finished EM iter: 17. Current nllh: 6858.732514294503
Starting EM iter: 18
Estep
Estep runtime (s): 0.08327484130859375
Mstep
Optimizing phi
Optimizing branch lengths. Current phi: 0. Current nu:0.2709354370411256
Optimizing nu
Mstep runtime (s): 0.2105550765991211
Finished EM iter: 18. Current nllh: 6858.732231014248
Starting EM iter: 19
Estep
Estep runtime (s): 0.08308196067810059
Mstep
Optimizing phi
Optimizing branch lengths. Current phi: 0. Current nu:0.2709389926346524
Optimizing nu
Mstep runtime (s): 0.22751903533935547
Finished EM iter: 19. Current nllh: 6858.7321096002015
Starting EM iter: 20
Estep
Estep runtime (s): 0.08335423469543457
Mstep
Optimizing phi
Optimizing branch lengths. Current phi: 0. Current nu:0.2709435180506034
Optimizing nu
Mstep runtime (s): 0.2312150001525879
Finished EM iter: 20. Current nllh: 6858.7320651207865
EM finished after 20 iterations.
Optimal phi: 0. Optimal nu: 0.27094784062138644. Optimal nllh: 6858.7320651207865
Optimal point found for initial point 1
Numerical optimization finished successfully
Tree height pre-scaling: 0.7182816373062004, input timescale: 1.0
Tree height after scaling: 1.0, mutation rate: 0.7182816373062004
Tree height pre-scaling: 0.7182816956393597, input timescale: 1.0
Tree height after scaling: 1.0, mutation rate: 0.7182816956393597
Tree height pre-scaling: 0.7182816321587571, input timescale: 1.0
Tree height after scaling: 1.0, mutation rate: 0.7182816321587571
Tree height pre-scaling: 0.718281799453329, input timescale: 1.0
Tree height after scaling: 1.0, mutation rate: 0.718281799453329
Tree height pre-scaling: 0.7182816085481589, input timescale: 1.0
Tree height after scaling: 1.0, mutation rate: 0.7182816085481589
Tree height pre-scaling: 0.718281696072685, input timescale: 1.0
Tree height after scaling: 1.0, mutation rate: 0.718281696072685
Tree height pre-scaling: 0.7182816849244973, input timescale: 1.0
Tree height after scaling: 1.0, mutation rate: 0.7182816849244973
Tree height pre-scaling: 0.7182816234632565, input timescale: 1.0
Tree height after scaling: 1.0, mutation rate: 0.7182816234632565
Tree height pre-scaling: 0.7182815838311353, input timescale: 1.0
Tree height after scaling: 1.0, mutation rate: 0.7182815838311353
Tree height pre-scaling: 0.7182816683019726, input timescale: 1.0
Tree height after scaling: 1.0, mutation rate: 0.7182816683019726
Tree height pre-scaling: 0.7182816361759499, input timescale: 1.0
Tree height after scaling: 0.9999999999999999, mutation rate: 0.7182816361759499
Tree height pre-scaling: 0.7182817023239413, input timescale: 1.0
Tree height after scaling: 1.0, mutation rate: 0.7182817023239413
Tree height pre-scaling: 0.7182819355139163, input timescale: 1.0
Tree height after scaling: 1.0, mutation rate: 0.7182819355139163
Runtime (s): 6.454979541
