Launching LAML version 0.0.4
LAML was called as follows: /Users/uym2/my_gits/LAML/run_laml.py -c ../../evaluation/Bar11/Bar11_character_matrix.txt -t place_outlier1/augmented_tree_234.nwk -o place_outlier1/augmented_tree_234_optimized -v -p ../../evaluation/Bar11/Bar11_priors.pickle --delimiter tab -m -1 --nInitials 1
Prior keys mismatch with site names.
Prior keys: [0, 1, 2, 3, 4, 5, 6, 7, 8, 9, 10, 11, 12, 13, 14, 15, 16, 17, 18, 19, 20, 21, 22, 23, 24, 25, 26]
Site names: ['r1', 'r2', 'r3', 'r4', 'r5', 'r6', 'r7', 'r8', 'r9', 'r10', 'r11', 'r12', 'r13', 'r14', 'r15', 'r16', 'r17', 'r18', 'r19', 'r20', 'r21', 'r22', 'r23', 'r24', 'r25', 'r26', 'r27']
Attempting to infer mapping between site names and prior keys...
{'r1': 0, 'r2': 1, 'r3': 2, 'r4': 3, 'r5': 4, 'r6': 5, 'r7': 6, 'r8': 7, 'r9': 8, 'r10': 9, 'r11': 10, 'r12': 11, 'r13': 12, 'r14': 13, 'r15': 14, 'r16': 15, 'r17': 16, 'r18': 17, 'r19': 18, 'r20': 19, 'r21': 20, 'r22': 21, 'r23': 22, 'r24': 23, 'r25': 24, 'r26': 25, 'r27': 26}
Optimizing branch lengths, phi, and nu without topology search
Optimization by EM algorithm
Optimization start with 1 initials
Initial point 1. Random seed: 1388
Numerical optimization started with ultrametric constraint (default)
Initial phi: 0. Initial nu: 0.26955655566205877. Initial nllh: 8200.148498094797
Starting EM iter: 1
Estep
Estep runtime (s): 0.059966325759887695
Mstep
Optimizing phi
Optimizing branch lengths. Current phi: 0. Current nu:0.26955655566205877
Optimizing nu
Mstep runtime (s): 0.2838132381439209
Finished EM iter: 1. Current nllh: 6864.46403355305
Starting EM iter: 2
Estep
Estep runtime (s): 0.07995486259460449
Mstep
Optimizing phi
Optimizing branch lengths. Current phi: 0. Current nu:0.27715991751939156
Optimizing nu
Mstep runtime (s): 0.21721506118774414
Finished EM iter: 2. Current nllh: 6841.559382402543
Starting EM iter: 3
Estep
Estep runtime (s): 0.07979393005371094
Mstep
Optimizing phi
Optimizing branch lengths. Current phi: 0. Current nu:0.27384031433317646
Optimizing nu
Mstep runtime (s): 0.18637323379516602
Finished EM iter: 3. Current nllh: 6838.543359586612
Starting EM iter: 4
Estep
Estep runtime (s): 0.08002924919128418
Mstep
Optimizing phi
Optimizing branch lengths. Current phi: 0. Current nu:0.27139555503849755
Optimizing nu
Mstep runtime (s): 0.188093900680542
Finished EM iter: 4. Current nllh: 6837.9101297279085
Starting EM iter: 5
Estep
Estep runtime (s): 0.08150196075439453
Mstep
Optimizing phi
Optimizing branch lengths. Current phi: 0. Current nu:0.27031368855253785
Optimizing nu
Mstep runtime (s): 0.18799209594726562
Finished EM iter: 5. Current nllh: 6837.708699222127
Starting EM iter: 6
Estep
Estep runtime (s): 0.08147001266479492
Mstep
Optimizing phi
Optimizing branch lengths. Current phi: 0. Current nu:0.2699070717406339
Optimizing nu
Mstep runtime (s): 0.2280423641204834
Finished EM iter: 6. Current nllh: 6837.641504828249
Starting EM iter: 7
Estep
Estep runtime (s): 0.08145308494567871
Mstep
Optimizing phi
Optimizing branch lengths. Current phi: 0. Current nu:0.2697661360233715
Optimizing nu
Mstep runtime (s): 0.20675206184387207
Finished EM iter: 7. Current nllh: 6837.604356777474
Starting EM iter: 8
Estep
Estep runtime (s): 0.08131575584411621
Mstep
Optimizing phi
Optimizing branch lengths. Current phi: 0. Current nu:0.2697339729722583
Optimizing nu
Mstep runtime (s): 0.20701980590820312
Finished EM iter: 8. Current nllh: 6837.581142904369
Starting EM iter: 9
Estep
Estep runtime (s): 0.08019304275512695
Mstep
Optimizing phi
Optimizing branch lengths. Current phi: 0. Current nu:0.26973889935874
Optimizing nu
Mstep runtime (s): 0.19907689094543457
Finished EM iter: 9. Current nllh: 6837.5656628095
Starting EM iter: 10
Estep
Estep runtime (s): 0.08154487609863281
Mstep
Optimizing phi
Optimizing branch lengths. Current phi: 0. Current nu:0.26975526246004433
Optimizing nu
Mstep runtime (s): 0.18372488021850586
Finished EM iter: 10. Current nllh: 6837.554844206886
Starting EM iter: 11
Estep
Estep runtime (s): 0.08048796653747559
Mstep
Optimizing phi
Optimizing branch lengths. Current phi: 0. Current nu:0.269774118120876
Optimizing nu
Mstep runtime (s): 0.21840119361877441
Finished EM iter: 11. Current nllh: 6837.552280182825
Starting EM iter: 12
Estep
Estep runtime (s): 0.08162188529968262
Mstep
Optimizing phi
Optimizing branch lengths. Current phi: 0. Current nu:0.26978706123186086
Optimizing nu
Mstep runtime (s): 0.20825600624084473
Finished EM iter: 12. Current nllh: 6837.551202342651
Starting EM iter: 13
Estep
Estep runtime (s): 0.08174395561218262
Mstep
Optimizing phi
Optimizing branch lengths. Current phi: 0. Current nu:0.26980046085065973
Optimizing nu
Mstep runtime (s): 0.23380684852600098
Finished EM iter: 13. Current nllh: 6837.550391188046
Starting EM iter: 14
Estep
Estep runtime (s): 0.08016109466552734
Mstep
Optimizing phi
Optimizing branch lengths. Current phi: 0. Current nu:0.26981278797281594
Optimizing nu
Mstep runtime (s): 0.216033935546875
Finished EM iter: 14. Current nllh: 6837.549725297981
Starting EM iter: 15
Estep
Estep runtime (s): 0.08170080184936523
Mstep
Optimizing phi
Optimizing branch lengths. Current phi: 0. Current nu:0.2698241647131012
Optimizing nu
Mstep runtime (s): 0.21433091163635254
Finished EM iter: 15. Current nllh: 6837.549253209993
Starting EM iter: 16
Estep
Estep runtime (s): 0.08173799514770508
Mstep
Optimizing phi
Optimizing branch lengths. Current phi: 0. Current nu:0.26983399855445195
Optimizing nu
Mstep runtime (s): 0.2340707778930664
Finished EM iter: 16. Current nllh: 6837.549002591114
Starting EM iter: 17
Estep
Estep runtime (s): 0.0816950798034668
Mstep
Optimizing phi
Optimizing branch lengths. Current phi: 0. Current nu:0.26984215770749176
Optimizing nu
Mstep runtime (s): 0.17913508415222168
Finished EM iter: 17. Current nllh: 6837.5487532655
Starting EM iter: 18
Estep
Estep runtime (s): 0.08064889907836914
Mstep
Optimizing phi
Optimizing branch lengths. Current phi: 0. Current nu:0.2698492985219652
Optimizing nu
Mstep runtime (s): 0.1919100284576416
Finished EM iter: 18. Current nllh: 6837.548558733217
Starting EM iter: 19
Estep
Estep runtime (s): 0.08185195922851562
Mstep
Optimizing phi
Optimizing branch lengths. Current phi: 0. Current nu:0.2698552744197268
Optimizing nu
Mstep runtime (s): 0.23692798614501953
Finished EM iter: 19. Current nllh: 6837.5483909528575
Starting EM iter: 20
Estep
Estep runtime (s): 0.08188629150390625
Mstep
Optimizing phi
Optimizing branch lengths. Current phi: 0. Current nu:0.26986000646367336
Optimizing nu
Mstep runtime (s): 0.23208284378051758
Finished EM iter: 20. Current nllh: 6837.548299281446
Starting EM iter: 21
Estep
Estep runtime (s): 0.08070993423461914
Mstep
Optimizing phi
Optimizing branch lengths. Current phi: 0. Current nu:0.26986484789088244
Optimizing nu
Mstep runtime (s): 0.21226191520690918
Finished EM iter: 21. Current nllh: 6837.548171118073
Starting EM iter: 22
Estep
Estep runtime (s): 0.0818490982055664
Mstep
Optimizing phi
Optimizing branch lengths. Current phi: 0. Current nu:0.2698673023442466
Optimizing nu
Mstep runtime (s): 0.19577693939208984
Finished EM iter: 22. Current nllh: 6837.548150975999
EM finished after 22 iterations.
Optimal phi: 0. Optimal nu: 0.2698721895596438. Optimal nllh: 6837.548150975999
Optimal point found for initial point 1
Numerical optimization finished successfully
Tree height pre-scaling: 0.713158672195169, input timescale: 1.0
Tree height after scaling: 0.9999999999999999, mutation rate: 0.713158672195169
Tree height pre-scaling: 0.7131586723421819, input timescale: 1.0
Tree height after scaling: 1.0, mutation rate: 0.7131586723421819
Tree height pre-scaling: 0.7131586721777481, input timescale: 1.0
Tree height after scaling: 0.9999999999999999, mutation rate: 0.7131586721777481
Tree height pre-scaling: 0.7131586726556086, input timescale: 1.0
Tree height after scaling: 1.0, mutation rate: 0.7131586726556086
Tree height pre-scaling: 0.7131586721895206, input timescale: 1.0
Tree height after scaling: 1.0, mutation rate: 0.7131586721895206
Tree height pre-scaling: 0.7131586724067787, input timescale: 1.0
Tree height after scaling: 1.0, mutation rate: 0.7131586724067787
Tree height pre-scaling: 0.7131586726093735, input timescale: 1.0
Tree height after scaling: 1.0, mutation rate: 0.7131586726093735
Tree height pre-scaling: 0.7131586727089878, input timescale: 1.0
Tree height after scaling: 1.0, mutation rate: 0.7131586727089878
Tree height pre-scaling: 0.7131586720548158, input timescale: 1.0
Tree height after scaling: 1.0, mutation rate: 0.7131586720548158
Tree height pre-scaling: 0.7131586721775143, input timescale: 1.0
Tree height after scaling: 1.0, mutation rate: 0.7131586721775143
Tree height pre-scaling: 0.7131586722997797, input timescale: 1.0
Tree height after scaling: 1.0, mutation rate: 0.7131586722997797
Tree height pre-scaling: 0.713158672541385, input timescale: 1.0
Tree height after scaling: 1.0, mutation rate: 0.713158672541385
Tree height pre-scaling: 0.7131586721180969, input timescale: 1.0
Tree height after scaling: 0.9999999999999999, mutation rate: 0.7131586721180969
Runtime (s): 7.048695125
