Launching LAML version 0.0.4
LAML was called as follows: /Users/uym2/my_gits/LAML/run_laml.py -c ../../evaluation/Bar11/Bar11_character_matrix.txt -t place_outlier1/augmented_tree_111.nwk -o place_outlier1/augmented_tree_111_optimized -v -p ../../evaluation/Bar11/Bar11_priors.pickle --delimiter tab -m -1 --nInitials 1
Prior keys mismatch with site names.
Prior keys: [0, 1, 2, 3, 4, 5, 6, 7, 8, 9, 10, 11, 12, 13, 14, 15, 16, 17, 18, 19, 20, 21, 22, 23, 24, 25, 26]
Site names: ['r1', 'r2', 'r3', 'r4', 'r5', 'r6', 'r7', 'r8', 'r9', 'r10', 'r11', 'r12', 'r13', 'r14', 'r15', 'r16', 'r17', 'r18', 'r19', 'r20', 'r21', 'r22', 'r23', 'r24', 'r25', 'r26', 'r27']
Attempting to infer mapping between site names and prior keys...
{'r1': 0, 'r2': 1, 'r3': 2, 'r4': 3, 'r5': 4, 'r6': 5, 'r7': 6, 'r8': 7, 'r9': 8, 'r10': 9, 'r11': 10, 'r12': 11, 'r13': 12, 'r14': 13, 'r15': 14, 'r16': 15, 'r17': 16, 'r18': 17, 'r19': 18, 'r20': 19, 'r21': 20, 'r22': 21, 'r23': 22, 'r24': 23, 'r25': 24, 'r26': 25, 'r27': 26}
Optimizing branch lengths, phi, and nu without topology search
Optimization by EM algorithm
Optimization start with 1 initials
Initial point 1. Random seed: 6769
Numerical optimization started with ultrametric constraint (default)
Initial phi: 0. Initial nu: 0.26955655566205877. Initial nllh: 8053.904831902583
Starting EM iter: 1
Estep
Estep runtime (s): 0.06317400932312012
Mstep
Optimizing phi
Optimizing branch lengths. Current phi: 0. Current nu:0.26955655566205877
Optimizing nu
Mstep runtime (s): 0.20050907135009766
Finished EM iter: 1. Current nllh: 6869.1650985846045
Starting EM iter: 2
Estep
Estep runtime (s): 0.08254194259643555
Mstep
Optimizing phi
Optimizing branch lengths. Current phi: 0. Current nu:0.2721511436523457
Optimizing nu
Mstep runtime (s): 0.1977980136871338
Finished EM iter: 2. Current nllh: 6855.220732578119
Starting EM iter: 3
Estep
Estep runtime (s): 0.08172798156738281
Mstep
Optimizing phi
Optimizing branch lengths. Current phi: 0. Current nu:0.2707094140911902
Optimizing nu
Mstep runtime (s): 0.20809602737426758
Finished EM iter: 3. Current nllh: 6853.237672834164
Starting EM iter: 4
Estep
Estep runtime (s): 0.08233022689819336
Mstep
Optimizing phi
Optimizing branch lengths. Current phi: 0. Current nu:0.26967171635381515
Optimizing nu
Mstep runtime (s): 0.21242594718933105
Finished EM iter: 4. Current nllh: 6852.793925256241
Starting EM iter: 5
Estep
Estep runtime (s): 0.08212399482727051
Mstep
Optimizing phi
Optimizing branch lengths. Current phi: 0. Current nu:0.2691362085499875
Optimizing nu
Mstep runtime (s): 0.19991397857666016
Finished EM iter: 5. Current nllh: 6852.669355942371
Starting EM iter: 6
Estep
Estep runtime (s): 0.08243894577026367
Mstep
Optimizing phi
Optimizing branch lengths. Current phi: 0. Current nu:0.268901055998121
Optimizing nu
Mstep runtime (s): 0.24265289306640625
Finished EM iter: 6. Current nllh: 6852.61404450523
Starting EM iter: 7
Estep
Estep runtime (s): 0.08230113983154297
Mstep
Optimizing phi
Optimizing branch lengths. Current phi: 0. Current nu:0.26881846181830393
Optimizing nu
Mstep runtime (s): 0.2318131923675537
Finished EM iter: 7. Current nllh: 6852.583636315272
Starting EM iter: 8
Estep
Estep runtime (s): 0.08192062377929688
Mstep
Optimizing phi
Optimizing branch lengths. Current phi: 0. Current nu:0.26879940727979373
Optimizing nu
Mstep runtime (s): 0.2163069248199463
Finished EM iter: 8. Current nllh: 6852.564626802483
Starting EM iter: 9
Estep
Estep runtime (s): 0.08181214332580566
Mstep
Optimizing phi
Optimizing branch lengths. Current phi: 0. Current nu:0.26880600694612644
Optimizing nu
Mstep runtime (s): 0.27108311653137207
Finished EM iter: 9. Current nllh: 6852.551770923348
Starting EM iter: 10
Estep
Estep runtime (s): 0.08181095123291016
Mstep
Optimizing phi
Optimizing branch lengths. Current phi: 0. Current nu:0.2688205762796832
Optimizing nu
Mstep runtime (s): 0.20260095596313477
Finished EM iter: 10. Current nllh: 6852.545476852898
Starting EM iter: 11
Estep
Estep runtime (s): 0.08173680305480957
Mstep
Optimizing phi
Optimizing branch lengths. Current phi: 0. Current nu:0.2688352947719992
Optimizing nu
Mstep runtime (s): 0.18335580825805664
Finished EM iter: 11. Current nllh: 6852.5441704076675
Starting EM iter: 12
Estep
Estep runtime (s): 0.08203506469726562
Mstep
Optimizing phi
Optimizing branch lengths. Current phi: 0. Current nu:0.2688473497548551
Optimizing nu
Mstep runtime (s): 0.21176719665527344
Finished EM iter: 12. Current nllh: 6852.543162625583
Starting EM iter: 13
Estep
Estep runtime (s): 0.0818338394165039
Mstep
Optimizing phi
Optimizing branch lengths. Current phi: 0. Current nu:0.2688590946006454
Optimizing nu
Mstep runtime (s): 0.2128770351409912
Finished EM iter: 13. Current nllh: 6852.54251288489
Starting EM iter: 14
Estep
Estep runtime (s): 0.08298325538635254
Mstep
Optimizing phi
Optimizing branch lengths. Current phi: 0. Current nu:0.26887089230907113
Optimizing nu
Mstep runtime (s): 0.19336891174316406
Finished EM iter: 14. Current nllh: 6852.54200218209
Starting EM iter: 15
Estep
Estep runtime (s): 0.08272910118103027
Mstep
Optimizing phi
Optimizing branch lengths. Current phi: 0. Current nu:0.2688813111207305
Optimizing nu
Mstep runtime (s): 0.18276095390319824
Finished EM iter: 15. Current nllh: 6852.541613827094
Starting EM iter: 16
Estep
Estep runtime (s): 0.08260202407836914
Mstep
Optimizing phi
Optimizing branch lengths. Current phi: 0. Current nu:0.2688897271606613
Optimizing nu
Mstep runtime (s): 0.20117807388305664
Finished EM iter: 16. Current nllh: 6852.541323625684
Starting EM iter: 17
Estep
Estep runtime (s): 0.08250594139099121
Mstep
Optimizing phi
Optimizing branch lengths. Current phi: 0. Current nu:0.26889707418093295
Optimizing nu
Mstep runtime (s): 0.21211004257202148
Finished EM iter: 17. Current nllh: 6852.54093036811
Starting EM iter: 18
Estep
Estep runtime (s): 0.08288407325744629
Mstep
Optimizing phi
Optimizing branch lengths. Current phi: 0. Current nu:0.26890431210379845
Optimizing nu
Mstep runtime (s): 0.18493008613586426
Finished EM iter: 18. Current nllh: 6852.540925301884
EM finished after 18 iterations.
Optimal phi: 0. Optimal nu: 0.26891008534618704. Optimal nllh: 6852.540925301884
Optimal point found for initial point 1
Numerical optimization finished successfully
Tree height pre-scaling: 0.7163088139243424, input timescale: 1.0
Tree height after scaling: 1.0, mutation rate: 0.7163088139243424
Tree height pre-scaling: 0.7163088143653826, input timescale: 1.0
Tree height after scaling: 1.0, mutation rate: 0.7163088143653826
Tree height pre-scaling: 0.7163088138798737, input timescale: 1.0
Tree height after scaling: 0.9999999999999999, mutation rate: 0.7163088138798737
Tree height pre-scaling: 0.7163088151472685, input timescale: 1.0
Tree height after scaling: 1.0, mutation rate: 0.7163088151472685
Tree height pre-scaling: 0.7163088137270042, input timescale: 1.0
Tree height after scaling: 1.0, mutation rate: 0.7163088137270042
Tree height pre-scaling: 0.7163088143493312, input timescale: 1.0
Tree height after scaling: 1.0, mutation rate: 0.7163088143493312
Tree height pre-scaling: 0.7163088143334867, input timescale: 1.0
Tree height after scaling: 1.0, mutation rate: 0.7163088143334867
Tree height pre-scaling: 0.7163088138352882, input timescale: 1.0
Tree height after scaling: 1.0, mutation rate: 0.7163088138352882
Tree height pre-scaling: 0.7163088135531472, input timescale: 1.0
Tree height after scaling: 1.0, mutation rate: 0.7163088135531472
Tree height pre-scaling: 0.7163088139348182, input timescale: 1.0
Tree height after scaling: 1.0, mutation rate: 0.7163088139348182
Tree height pre-scaling: 0.7163088144443447, input timescale: 1.0
Tree height after scaling: 1.0, mutation rate: 0.7163088144443447
Tree height pre-scaling: 0.716308815022756, input timescale: 1.0
Tree height after scaling: 1.0, mutation rate: 0.716308815022756
Tree height pre-scaling: 0.7163088144518024, input timescale: 1.0
Tree height after scaling: 1.0, mutation rate: 0.7163088144518024
Runtime (s): 5.792242792
