Launching LAML version 0.0.4
LAML was called as follows: /Users/uym2/my_gits/LAML/run_laml.py -c ../../evaluation/Bar11/Bar11_character_matrix.txt -t place_outlier1/augmented_tree_68.nwk -o place_outlier1/augmented_tree_68_optimized -v -p ../../evaluation/Bar11/Bar11_priors.pickle --delimiter tab -m -1 --nInitials 1
Prior keys mismatch with site names.
Prior keys: [0, 1, 2, 3, 4, 5, 6, 7, 8, 9, 10, 11, 12, 13, 14, 15, 16, 17, 18, 19, 20, 21, 22, 23, 24, 25, 26]
Site names: ['r1', 'r2', 'r3', 'r4', 'r5', 'r6', 'r7', 'r8', 'r9', 'r10', 'r11', 'r12', 'r13', 'r14', 'r15', 'r16', 'r17', 'r18', 'r19', 'r20', 'r21', 'r22', 'r23', 'r24', 'r25', 'r26', 'r27']
Attempting to infer mapping between site names and prior keys...
{'r1': 0, 'r2': 1, 'r3': 2, 'r4': 3, 'r5': 4, 'r6': 5, 'r7': 6, 'r8': 7, 'r9': 8, 'r10': 9, 'r11': 10, 'r12': 11, 'r13': 12, 'r14': 13, 'r15': 14, 'r16': 15, 'r17': 16, 'r18': 17, 'r19': 18, 'r20': 19, 'r21': 20, 'r22': 21, 'r23': 22, 'r24': 23, 'r25': 24, 'r26': 25, 'r27': 26}
Optimizing branch lengths, phi, and nu without topology search
Optimization by EM algorithm
Optimization start with 1 initials
Initial point 1. Random seed: 1130
Numerical optimization started with ultrametric constraint (default)
Initial phi: 0. Initial nu: 0.26955655566205877. Initial nllh: 8431.586500049834
Starting EM iter: 1
Estep
Estep runtime (s): 0.06058979034423828
Mstep
Optimizing phi
Optimizing branch lengths. Current phi: 0. Current nu:0.26955655566205877
Optimizing nu
Mstep runtime (s): 0.22103500366210938
Finished EM iter: 1. Current nllh: 6986.263983177577
Starting EM iter: 2
Estep
Estep runtime (s): 0.08052992820739746
Mstep
Optimizing phi
Optimizing branch lengths. Current phi: 0. Current nu:0.27511368487452365
Optimizing nu
Mstep runtime (s): 0.22071075439453125
Finished EM iter: 2. Current nllh: 6960.071716856086
Starting EM iter: 3
Estep
Estep runtime (s): 0.08102011680603027
Mstep
Optimizing phi
Optimizing branch lengths. Current phi: 0. Current nu:0.2721121730548041
Optimizing nu
Mstep runtime (s): 0.2369687557220459
Finished EM iter: 3. Current nllh: 6955.906798776548
Starting EM iter: 4
Estep
Estep runtime (s): 0.08070015907287598
Mstep
Optimizing phi
Optimizing branch lengths. Current phi: 0. Current nu:0.269515162700832
Optimizing nu
Mstep runtime (s): 0.21982407569885254
Finished EM iter: 4. Current nllh: 6955.369425392687
Starting EM iter: 5
Estep
Estep runtime (s): 0.08065104484558105
Mstep
Optimizing phi
Optimizing branch lengths. Current phi: 0. Current nu:0.2682828763740551
Optimizing nu
Mstep runtime (s): 0.22703909873962402
Finished EM iter: 5. Current nllh: 6955.293128651144
Starting EM iter: 6
Estep
Estep runtime (s): 0.0813140869140625
Mstep
Optimizing phi
Optimizing branch lengths. Current phi: 0. Current nu:0.26781671833682064
Optimizing nu
Mstep runtime (s): 0.19863605499267578
Finished EM iter: 6. Current nllh: 6955.274384643216
Starting EM iter: 7
Estep
Estep runtime (s): 0.08074498176574707
Mstep
Optimizing phi
Optimizing branch lengths. Current phi: 0. Current nu:0.2676593574616511
Optimizing nu
Mstep runtime (s): 0.22910594940185547
Finished EM iter: 7. Current nllh: 6955.268077675962
Starting EM iter: 8
Estep
Estep runtime (s): 0.08072710037231445
Mstep
Optimizing phi
Optimizing branch lengths. Current phi: 0. Current nu:0.26761509054644195
Optimizing nu
Mstep runtime (s): 0.1803908348083496
Finished EM iter: 8. Current nllh: 6955.26497780217
Starting EM iter: 9
Estep
Estep runtime (s): 0.08072590827941895
Mstep
Optimizing phi
Optimizing branch lengths. Current phi: 0. Current nu:0.2676102380097933
Optimizing nu
Mstep runtime (s): 0.2127361297607422
Finished EM iter: 9. Current nllh: 6955.262982449502
Starting EM iter: 10
Estep
Estep runtime (s): 0.08080506324768066
Mstep
Optimizing phi
Optimizing branch lengths. Current phi: 0. Current nu:0.26761723067012916
Optimizing nu
Mstep runtime (s): 0.2084369659423828
Finished EM iter: 10. Current nllh: 6955.261756941951
Starting EM iter: 11
Estep
Estep runtime (s): 0.08095598220825195
Mstep
Optimizing phi
Optimizing branch lengths. Current phi: 0. Current nu:0.2676284882998453
Optimizing nu
Mstep runtime (s): 0.21007370948791504
Finished EM iter: 11. Current nllh: 6955.261044767911
Starting EM iter: 12
Estep
Estep runtime (s): 0.08089232444763184
Mstep
Optimizing phi
Optimizing branch lengths. Current phi: 0. Current nu:0.26763937467891735
Optimizing nu
Mstep runtime (s): 0.24370098114013672
Finished EM iter: 12. Current nllh: 6955.260375674866
Starting EM iter: 13
Estep
Estep runtime (s): 0.08092594146728516
Mstep
Optimizing phi
Optimizing branch lengths. Current phi: 0. Current nu:0.26764955120909917
Optimizing nu
Mstep runtime (s): 0.1839008331298828
Finished EM iter: 13. Current nllh: 6955.260064237357
Starting EM iter: 14
Estep
Estep runtime (s): 0.08113694190979004
Mstep
Optimizing phi
Optimizing branch lengths. Current phi: 0. Current nu:0.26765861518522116
Optimizing nu
Mstep runtime (s): 0.19172024726867676
Finished EM iter: 14. Current nllh: 6955.259754105595
Starting EM iter: 15
Estep
Estep runtime (s): 0.08094620704650879
Mstep
Optimizing phi
Optimizing branch lengths. Current phi: 0. Current nu:0.2676665495032437
Optimizing nu
Mstep runtime (s): 0.18258929252624512
Finished EM iter: 15. Current nllh: 6955.259509457509
Starting EM iter: 16
Estep
Estep runtime (s): 0.08122682571411133
Mstep
Optimizing phi
Optimizing branch lengths. Current phi: 0. Current nu:0.267672830017127
Optimizing nu
Mstep runtime (s): 0.22142410278320312
Finished EM iter: 16. Current nllh: 6955.259188137824
Starting EM iter: 17
Estep
Estep runtime (s): 0.08086085319519043
Mstep
Optimizing phi
Optimizing branch lengths. Current phi: 0. Current nu:0.26767788092115036
Optimizing nu
Mstep runtime (s): 0.18860197067260742
Finished EM iter: 17. Current nllh: 6955.259201744886
EM finished after 17 iterations.
Optimal phi: 0. Optimal nu: 0.2676834608802813. Optimal nllh: 6955.259201744886
Optimal point found for initial point 1
Numerical optimization finished successfully
Tree height pre-scaling: 0.7208207260261925, input timescale: 1.0
Tree height after scaling: 1.0, mutation rate: 0.7208207260261925
Tree height pre-scaling: 0.7208207260354327, input timescale: 1.0
Tree height after scaling: 1.0, mutation rate: 0.7208207260354327
Tree height pre-scaling: 0.7208207260246715, input timescale: 1.0
Tree height after scaling: 1.0, mutation rate: 0.7208207260246715
Tree height pre-scaling: 0.7208207260539903, input timescale: 1.0
Tree height after scaling: 1.0, mutation rate: 0.7208207260539903
Tree height pre-scaling: 0.7208207260213737, input timescale: 1.0
Tree height after scaling: 0.9999999999999999, mutation rate: 0.7208207260213737
Tree height pre-scaling: 0.7208207260352579, input timescale: 1.0
Tree height after scaling: 1.0, mutation rate: 0.7208207260352579
Tree height pre-scaling: 0.7208207260355037, input timescale: 1.0
Tree height after scaling: 1.0, mutation rate: 0.7208207260355037
Tree height pre-scaling: 0.7208207260240588, input timescale: 1.0
Tree height after scaling: 0.9999999999999999, mutation rate: 0.7208207260240588
Tree height pre-scaling: 0.7208207260169117, input timescale: 1.0
Tree height after scaling: 1.0, mutation rate: 0.7208207260169117
Tree height pre-scaling: 0.7208207260310688, input timescale: 1.0
Tree height after scaling: 0.9999999999999999, mutation rate: 0.7208207260310688
Tree height pre-scaling: 0.7208207260256414, input timescale: 1.0
Tree height after scaling: 1.0, mutation rate: 0.7208207260256414
Tree height pre-scaling: 0.7208207260388932, input timescale: 1.0
Tree height after scaling: 1.0, mutation rate: 0.7208207260388932
Tree height pre-scaling: 0.7208207260689754, input timescale: 1.0
Tree height after scaling: 1.0000000000000002, mutation rate: 0.7208207260689754
Runtime (s): 5.465142167
