Launching LAML version 0.0.4
LAML was called as follows: /Users/uym2/my_gits/LAML/run_laml.py -c ../../evaluation/Bar11/Bar11_character_matrix.txt -t place_outlier1/augmented_tree_243.nwk -o place_outlier1/augmented_tree_243_optimized -v -p ../../evaluation/Bar11/Bar11_priors.pickle --delimiter tab -m -1 --nInitials 1
Prior keys mismatch with site names.
Prior keys: [0, 1, 2, 3, 4, 5, 6, 7, 8, 9, 10, 11, 12, 13, 14, 15, 16, 17, 18, 19, 20, 21, 22, 23, 24, 25, 26]
Site names: ['r1', 'r2', 'r3', 'r4', 'r5', 'r6', 'r7', 'r8', 'r9', 'r10', 'r11', 'r12', 'r13', 'r14', 'r15', 'r16', 'r17', 'r18', 'r19', 'r20', 'r21', 'r22', 'r23', 'r24', 'r25', 'r26', 'r27']
Attempting to infer mapping between site names and prior keys...
{'r1': 0, 'r2': 1, 'r3': 2, 'r4': 3, 'r5': 4, 'r6': 5, 'r7': 6, 'r8': 7, 'r9': 8, 'r10': 9, 'r11': 10, 'r12': 11, 'r13': 12, 'r14': 13, 'r15': 14, 'r16': 15, 'r17': 16, 'r18': 17, 'r19': 18, 'r20': 19, 'r21': 20, 'r22': 21, 'r23': 22, 'r24': 23, 'r25': 24, 'r26': 25, 'r27': 26}
Optimizing branch lengths, phi, and nu without topology search
Optimization by EM algorithm
Optimization start with 1 initials
Initial point 1. Random seed: 9822
Numerical optimization started with ultrametric constraint (default)
Initial phi: 0. Initial nu: 0.26955655566205877. Initial nllh: 8340.316300430499
Starting EM iter: 1
Estep
Estep runtime (s): 0.06056022644042969
Mstep
Optimizing phi
Optimizing branch lengths. Current phi: 0. Current nu:0.26955655566205877
Optimizing nu
Mstep runtime (s): 0.2444159984588623
Finished EM iter: 1. Current nllh: 6951.812172311143
Starting EM iter: 2
Estep
Estep runtime (s): 0.0819709300994873
Mstep
Optimizing phi
Optimizing branch lengths. Current phi: 0. Current nu:0.2770266012799553
Optimizing nu
Mstep runtime (s): 0.23131108283996582
Finished EM iter: 2. Current nllh: 6931.456707159791
Starting EM iter: 3
Estep
Estep runtime (s): 0.08314275741577148
Mstep
Optimizing phi
Optimizing branch lengths. Current phi: 0. Current nu:0.2741891170885655
Optimizing nu
Mstep runtime (s): 0.20786094665527344
Finished EM iter: 3. Current nllh: 6928.884961728338
Starting EM iter: 4
Estep
Estep runtime (s): 0.0819540023803711
Mstep
Optimizing phi
Optimizing branch lengths. Current phi: 0. Current nu:0.2720548894166756
Optimizing nu
Mstep runtime (s): 0.2094578742980957
Finished EM iter: 4. Current nllh: 6928.4418898215645
Starting EM iter: 5
Estep
Estep runtime (s): 0.08194708824157715
Mstep
Optimizing phi
Optimizing branch lengths. Current phi: 0. Current nu:0.2711550711758232
Optimizing nu
Mstep runtime (s): 0.1937880516052246
Finished EM iter: 5. Current nllh: 6928.286012532076
Starting EM iter: 6
Estep
Estep runtime (s): 0.08263206481933594
Mstep
Optimizing phi
Optimizing branch lengths. Current phi: 0. Current nu:0.27086401913685465
Optimizing nu
Mstep runtime (s): 0.184675931930542
Finished EM iter: 6. Current nllh: 6928.232269635598
Starting EM iter: 7
Estep
Estep runtime (s): 0.08194613456726074
Mstep
Optimizing phi
Optimizing branch lengths. Current phi: 0. Current nu:0.2707864089025186
Optimizing nu
Mstep runtime (s): 0.18517804145812988
Finished EM iter: 7. Current nllh: 6928.199240742373
Starting EM iter: 8
Estep
Estep runtime (s): 0.08349013328552246
Mstep
Optimizing phi
Optimizing branch lengths. Current phi: 0. Current nu:0.27078623769223575
Optimizing nu
Mstep runtime (s): 0.2027440071105957
Finished EM iter: 8. Current nllh: 6928.177235148923
Starting EM iter: 9
Estep
Estep runtime (s): 0.0833890438079834
Mstep
Optimizing phi
Optimizing branch lengths. Current phi: 0. Current nu:0.27080713396838274
Optimizing nu
Mstep runtime (s): 0.1870441436767578
Finished EM iter: 9. Current nllh: 6928.162008320889
Starting EM iter: 10
Estep
Estep runtime (s): 0.08330321311950684
Mstep
Optimizing phi
Optimizing branch lengths. Current phi: 0. Current nu:0.27083139960737396
Optimizing nu
Mstep runtime (s): 0.20706415176391602
Finished EM iter: 10. Current nllh: 6928.151150866052
Starting EM iter: 11
Estep
Estep runtime (s): 0.08361697196960449
Mstep
Optimizing phi
Optimizing branch lengths. Current phi: 0. Current nu:0.2708528625447006
Optimizing nu
Mstep runtime (s): 0.18645286560058594
Finished EM iter: 11. Current nllh: 6928.147892168722
Starting EM iter: 12
Estep
Estep runtime (s): 0.08171701431274414
Mstep
Optimizing phi
Optimizing branch lengths. Current phi: 0. Current nu:0.2708693672190625
Optimizing nu
Mstep runtime (s): 0.21340584754943848
Finished EM iter: 12. Current nllh: 6928.146558875
Starting EM iter: 13
Estep
Estep runtime (s): 0.08228874206542969
Mstep
Optimizing phi
Optimizing branch lengths. Current phi: 0. Current nu:0.2708812179799775
Optimizing nu
Mstep runtime (s): 0.20165181159973145
Finished EM iter: 13. Current nllh: 6928.145639452847
Starting EM iter: 14
Estep
Estep runtime (s): 0.08239006996154785
Mstep
Optimizing phi
Optimizing branch lengths. Current phi: 0. Current nu:0.27089343753250994
Optimizing nu
Mstep runtime (s): 0.1795330047607422
Finished EM iter: 14. Current nllh: 6928.145056174265
Starting EM iter: 15
Estep
Estep runtime (s): 0.08234095573425293
Mstep
Optimizing phi
Optimizing branch lengths. Current phi: 0. Current nu:0.27090684609920757
Optimizing nu
Mstep runtime (s): 0.19502687454223633
Finished EM iter: 15. Current nllh: 6928.1445149749925
Starting EM iter: 16
Estep
Estep runtime (s): 0.08237290382385254
Mstep
Optimizing phi
Optimizing branch lengths. Current phi: 0. Current nu:0.27091705331254307
Optimizing nu
Mstep runtime (s): 0.19634509086608887
Finished EM iter: 16. Current nllh: 6928.144110011488
Starting EM iter: 17
Estep
Estep runtime (s): 0.0836029052734375
Mstep
Optimizing phi
Optimizing branch lengths. Current phi: 0. Current nu:0.2709255070034944
Optimizing nu
Mstep runtime (s): 0.2117922306060791
Finished EM iter: 17. Current nllh: 6928.143803302657
Starting EM iter: 18
Estep
Estep runtime (s): 0.08218502998352051
Mstep
Optimizing phi
Optimizing branch lengths. Current phi: 0. Current nu:0.27093283074288294
Optimizing nu
Mstep runtime (s): 0.28315114974975586
Finished EM iter: 18. Current nllh: 6928.143561779193
Starting EM iter: 19
Estep
Estep runtime (s): 0.08240771293640137
Mstep
Optimizing phi
Optimizing branch lengths. Current phi: 0. Current nu:0.270938578499209
Optimizing nu
Mstep runtime (s): 0.2278449535369873
Finished EM iter: 19. Current nllh: 6928.143380055643
Starting EM iter: 20
Estep
Estep runtime (s): 0.0834503173828125
Mstep
Optimizing phi
Optimizing branch lengths. Current phi: 0. Current nu:0.27094425956256135
Optimizing nu
Mstep runtime (s): 0.20081400871276855
Finished EM iter: 20. Current nllh: 6928.143116921914
Starting EM iter: 21
Estep
Estep runtime (s): 0.08214473724365234
Mstep
Optimizing phi
Optimizing branch lengths. Current phi: 0. Current nu:0.27094725311161394
Optimizing nu
Mstep runtime (s): 0.20032501220703125
Finished EM iter: 21. Current nllh: 6928.142999527213
Starting EM iter: 22
Estep
Estep runtime (s): 0.08368206024169922
Mstep
Optimizing phi
Optimizing branch lengths. Current phi: 0. Current nu:0.27095128977288496
Optimizing nu
Mstep runtime (s): 0.20351505279541016
Finished EM iter: 22. Current nllh: 6928.142887665865
Starting EM iter: 23
Estep
Estep runtime (s): 0.08382105827331543
Mstep
Optimizing phi
Optimizing branch lengths. Current phi: 0. Current nu:0.27095527861204954
Optimizing nu
Mstep runtime (s): 0.19938397407531738
Finished EM iter: 23. Current nllh: 6928.142799683145
Starting EM iter: 24
Estep
Estep runtime (s): 0.08356213569641113
Mstep
Optimizing phi
Optimizing branch lengths. Current phi: 0. Current nu:0.2709594037456458
Optimizing nu
Mstep runtime (s): 0.19071722030639648
Finished EM iter: 24. Current nllh: 6928.142858752842
EM finished after 24 iterations.
Optimal phi: 0. Optimal nu: 0.2709639441575793. Optimal nllh: 6928.142858752842
Optimal point found for initial point 1
Numerical optimization finished successfully
Tree height pre-scaling: 0.7247422596599333, input timescale: 1.0
Tree height after scaling: 1.0, mutation rate: 0.7247422596599333
Tree height pre-scaling: 0.7247422596673074, input timescale: 1.0
Tree height after scaling: 1.0, mutation rate: 0.7247422596673074
Tree height pre-scaling: 0.7247422596587569, input timescale: 1.0
Tree height after scaling: 1.0, mutation rate: 0.7247422596587569
Tree height pre-scaling: 0.724742259658262, input timescale: 1.0
Tree height after scaling: 1.0, mutation rate: 0.724742259658262
Tree height pre-scaling: 0.7247422596717593, input timescale: 1.0
Tree height after scaling: 1.0, mutation rate: 0.7247422596717593
Tree height pre-scaling: 0.7247422596789828, input timescale: 1.0
Tree height after scaling: 1.0000000000000002, mutation rate: 0.7247422596789828
Tree height pre-scaling: 0.7247422596845112, input timescale: 1.0
Tree height after scaling: 1.0, mutation rate: 0.7247422596845112
Tree height pre-scaling: 0.7247422596514518, input timescale: 1.0
Tree height after scaling: 1.0, mutation rate: 0.7247422596514518
Tree height pre-scaling: 0.7247422596581841, input timescale: 1.0
Tree height after scaling: 1.0, mutation rate: 0.7247422596581841
Tree height pre-scaling: 0.7247422596649109, input timescale: 1.0
Tree height after scaling: 1.0, mutation rate: 0.7247422596649109
Tree height pre-scaling: 0.7247422596761521, input timescale: 1.0
Tree height after scaling: 1.0, mutation rate: 0.7247422596761521
Tree height pre-scaling: 0.7247422596554434, input timescale: 1.0
Tree height after scaling: 1.0, mutation rate: 0.7247422596554434
Tree height pre-scaling: 0.7247422597382526, input timescale: 1.0
Tree height after scaling: 1.0, mutation rate: 0.7247422597382526
Runtime (s): 7.590198542
