Launching LAML version 0.0.4
LAML was called as follows: /Users/uym2/my_gits/LAML/run_laml.py -c ../../evaluation/Bar11/Bar11_character_matrix.txt -t place_outlier1/augmented_tree_7.nwk -o place_outlier1/augmented_tree_7_optimized -v -p ../../evaluation/Bar11/Bar11_priors.pickle --delimiter tab -m -1 --nInitials 1
Prior keys mismatch with site names.
Prior keys: [0, 1, 2, 3, 4, 5, 6, 7, 8, 9, 10, 11, 12, 13, 14, 15, 16, 17, 18, 19, 20, 21, 22, 23, 24, 25, 26]
Site names: ['r1', 'r2', 'r3', 'r4', 'r5', 'r6', 'r7', 'r8', 'r9', 'r10', 'r11', 'r12', 'r13', 'r14', 'r15', 'r16', 'r17', 'r18', 'r19', 'r20', 'r21', 'r22', 'r23', 'r24', 'r25', 'r26', 'r27']
Attempting to infer mapping between site names and prior keys...
{'r1': 0, 'r2': 1, 'r3': 2, 'r4': 3, 'r5': 4, 'r6': 5, 'r7': 6, 'r8': 7, 'r9': 8, 'r10': 9, 'r11': 10, 'r12': 11, 'r13': 12, 'r14': 13, 'r15': 14, 'r16': 15, 'r17': 16, 'r18': 17, 'r19': 18, 'r20': 19, 'r21': 20, 'r22': 21, 'r23': 22, 'r24': 23, 'r25': 24, 'r26': 25, 'r27': 26}
Optimizing branch lengths, phi, and nu without topology search
Optimization by EM algorithm
Optimization start with 1 initials
Initial point 1. Random seed: 1682
Numerical optimization started with ultrametric constraint (default)
Initial phi: 0. Initial nu: 0.26955655566205877. Initial nllh: 8312.122417544462
Starting EM iter: 1
Estep
Estep runtime (s): 0.06057095527648926
Mstep
Optimizing phi
Optimizing branch lengths. Current phi: 0. Current nu:0.26955655566205877
Optimizing nu
Mstep runtime (s): 0.2123579978942871
Finished EM iter: 1. Current nllh: 6947.748897572177
Starting EM iter: 2
Estep
Estep runtime (s): 0.08266711235046387
Mstep
Optimizing phi
Optimizing branch lengths. Current phi: 0. Current nu:0.2746907901880493
Optimizing nu
Mstep runtime (s): 0.18882417678833008
Finished EM iter: 2. Current nllh: 6920.467670255442
Starting EM iter: 3
Estep
Estep runtime (s): 0.08249711990356445
Mstep
Optimizing phi
Optimizing branch lengths. Current phi: 0. Current nu:0.2718609638891239
Optimizing nu
Mstep runtime (s): 0.17880606651306152
Finished EM iter: 3. Current nllh: 6917.2519860222255
Starting EM iter: 4
Estep
Estep runtime (s): 0.08252978324890137
Mstep
Optimizing phi
Optimizing branch lengths. Current phi: 0. Current nu:0.2700356079531687
Optimizing nu
Mstep runtime (s): 0.18166399002075195
Finished EM iter: 4. Current nllh: 6916.588399943046
Starting EM iter: 5
Estep
Estep runtime (s): 0.08263921737670898
Mstep
Optimizing phi
Optimizing branch lengths. Current phi: 0. Current nu:0.26927436847845726
Optimizing nu
Mstep runtime (s): 0.2003190517425537
Finished EM iter: 5. Current nllh: 6916.406192650824
Starting EM iter: 6
Estep
Estep runtime (s): 0.08272409439086914
Mstep
Optimizing phi
Optimizing branch lengths. Current phi: 0. Current nu:0.26899205938641646
Optimizing nu
Mstep runtime (s): 0.1827411651611328
Finished EM iter: 6. Current nllh: 6916.337029802704
Starting EM iter: 7
Estep
Estep runtime (s): 0.08291196823120117
Mstep
Optimizing phi
Optimizing branch lengths. Current phi: 0. Current nu:0.26890574766332914
Optimizing nu
Mstep runtime (s): 0.2184748649597168
Finished EM iter: 7. Current nllh: 6916.298703521147
Starting EM iter: 8
Estep
Estep runtime (s): 0.08269596099853516
Mstep
Optimizing phi
Optimizing branch lengths. Current phi: 0. Current nu:0.26889278468947025
Optimizing nu
Mstep runtime (s): 0.19181013107299805
Finished EM iter: 8. Current nllh: 6916.2748436549555
Starting EM iter: 9
Estep
Estep runtime (s): 0.0827479362487793
Mstep
Optimizing phi
Optimizing branch lengths. Current phi: 0. Current nu:0.26890824123181073
Optimizing nu
Mstep runtime (s): 0.20928692817687988
Finished EM iter: 9. Current nllh: 6916.258837109784
Starting EM iter: 10
Estep
Estep runtime (s): 0.08268094062805176
Mstep
Optimizing phi
Optimizing branch lengths. Current phi: 0. Current nu:0.2689278772546849
Optimizing nu
Mstep runtime (s): 0.2176351547241211
Finished EM iter: 10. Current nllh: 6916.247820100532
Starting EM iter: 11
Estep
Estep runtime (s): 0.08276200294494629
Mstep
Optimizing phi
Optimizing branch lengths. Current phi: 0. Current nu:0.26894808187823566
Optimizing nu
Mstep runtime (s): 0.20760178565979004
Finished EM iter: 11. Current nllh: 6916.245097229116
Starting EM iter: 12
Estep
Estep runtime (s): 0.0828850269317627
Mstep
Optimizing phi
Optimizing branch lengths. Current phi: 0. Current nu:0.2689634954665091
Optimizing nu
Mstep runtime (s): 0.20093011856079102
Finished EM iter: 12. Current nllh: 6916.243757360313
Starting EM iter: 13
Estep
Estep runtime (s): 0.08246994018554688
Mstep
Optimizing phi
Optimizing branch lengths. Current phi: 0. Current nu:0.26897800066109884
Optimizing nu
Mstep runtime (s): 0.18680071830749512
Finished EM iter: 13. Current nllh: 6916.242963908736
Starting EM iter: 14
Estep
Estep runtime (s): 0.08284974098205566
Mstep
Optimizing phi
Optimizing branch lengths. Current phi: 0. Current nu:0.26899202531669847
Optimizing nu
Mstep runtime (s): 0.19972825050354004
Finished EM iter: 14. Current nllh: 6916.242168044111
Starting EM iter: 15
Estep
Estep runtime (s): 0.08280611038208008
Mstep
Optimizing phi
Optimizing branch lengths. Current phi: 0. Current nu:0.26900375630571544
Optimizing nu
Mstep runtime (s): 0.24571514129638672
Finished EM iter: 15. Current nllh: 6916.241690123245
Starting EM iter: 16
Estep
Estep runtime (s): 0.08291292190551758
Mstep
Optimizing phi
Optimizing branch lengths. Current phi: 0. Current nu:0.2690135745076616
Optimizing nu
Mstep runtime (s): 0.18779897689819336
Finished EM iter: 16. Current nllh: 6916.241423468866
Starting EM iter: 17
Estep
Estep runtime (s): 0.08295798301696777
Mstep
Optimizing phi
Optimizing branch lengths. Current phi: 0. Current nu:0.2690221920489731
Optimizing nu
Mstep runtime (s): 0.24328112602233887
Finished EM iter: 17. Current nllh: 6916.241148416937
Starting EM iter: 18
Estep
Estep runtime (s): 0.08276915550231934
Mstep
Optimizing phi
Optimizing branch lengths. Current phi: 0. Current nu:0.2690298128609989
Optimizing nu
Mstep runtime (s): 0.2037959098815918
Finished EM iter: 18. Current nllh: 6916.24071201748
Starting EM iter: 19
Estep
Estep runtime (s): 0.08320212364196777
Mstep
Optimizing phi
Optimizing branch lengths. Current phi: 0. Current nu:0.2690371228687308
Optimizing nu
Mstep runtime (s): 0.21387267112731934
Finished EM iter: 19. Current nllh: 6916.240761566376
EM finished after 19 iterations.
Optimal phi: 0. Optimal nu: 0.26904205533427394. Optimal nllh: 6916.240761566376
Optimal point found for initial point 1
Numerical optimization finished successfully
Tree height pre-scaling: 0.7163187565913807, input timescale: 1.0
Tree height after scaling: 1.0, mutation rate: 0.7163187565913807
Tree height pre-scaling: 0.7163187567463255, input timescale: 1.0
Tree height after scaling: 1.0, mutation rate: 0.7163187567463255
Tree height pre-scaling: 0.7163187565738485, input timescale: 1.0
Tree height after scaling: 1.0, mutation rate: 0.7163187565738485
Tree height pre-scaling: 0.7163187570394853, input timescale: 1.0
Tree height after scaling: 1.0, mutation rate: 0.7163187570394853
Tree height pre-scaling: 0.7163187565143583, input timescale: 1.0
Tree height after scaling: 1.0, mutation rate: 0.7163187565143583
Tree height pre-scaling: 0.7163187567422313, input timescale: 1.0
Tree height after scaling: 1.0, mutation rate: 0.7163187567422313
Tree height pre-scaling: 0.7163187567499019, input timescale: 1.0
Tree height after scaling: 1.0, mutation rate: 0.7163187567499019
Tree height pre-scaling: 0.7163187565615161, input timescale: 1.0
Tree height after scaling: 1.0, mutation rate: 0.7163187565615161
Tree height pre-scaling: 0.7163187564444307, input timescale: 1.0
Tree height after scaling: 1.0, mutation rate: 0.7163187564444307
Tree height pre-scaling: 0.7163187566983372, input timescale: 1.0
Tree height after scaling: 1.0000000000000002, mutation rate: 0.7163187566983372
Tree height pre-scaling: 0.7163187569413998, input timescale: 1.0
Tree height after scaling: 1.0, mutation rate: 0.7163187569413998
Tree height pre-scaling: 0.7163187568792972, input timescale: 1.0
Tree height after scaling: 1.0, mutation rate: 0.7163187568792972
Tree height pre-scaling: 0.7163187565963381, input timescale: 1.0
Tree height after scaling: 1.0, mutation rate: 0.7163187565963381
Runtime (s): 5.996745874999999
