Launching LAML version 0.0.4
LAML was called as follows: /Users/uym2/my_gits/LAML/run_laml.py -c ../../evaluation/Bar11/Bar11_character_matrix.txt -t place_outlier1/augmented_tree_114.nwk -o place_outlier1/augmented_tree_114_optimized -v -p ../../evaluation/Bar11/Bar11_priors.pickle --delimiter tab -m -1 --nInitials 1
Prior keys mismatch with site names.
Prior keys: [0, 1, 2, 3, 4, 5, 6, 7, 8, 9, 10, 11, 12, 13, 14, 15, 16, 17, 18, 19, 20, 21, 22, 23, 24, 25, 26]
Site names: ['r1', 'r2', 'r3', 'r4', 'r5', 'r6', 'r7', 'r8', 'r9', 'r10', 'r11', 'r12', 'r13', 'r14', 'r15', 'r16', 'r17', 'r18', 'r19', 'r20', 'r21', 'r22', 'r23', 'r24', 'r25', 'r26', 'r27']
Attempting to infer mapping between site names and prior keys...
{'r1': 0, 'r2': 1, 'r3': 2, 'r4': 3, 'r5': 4, 'r6': 5, 'r7': 6, 'r8': 7, 'r9': 8, 'r10': 9, 'r11': 10, 'r12': 11, 'r13': 12, 'r14': 13, 'r15': 14, 'r16': 15, 'r17': 16, 'r18': 17, 'r19': 18, 'r20': 19, 'r21': 20, 'r22': 21, 'r23': 22, 'r24': 23, 'r25': 24, 'r26': 25, 'r27': 26}
Optimizing branch lengths, phi, and nu without topology search
Optimization by EM algorithm
Optimization start with 1 initials
Initial point 1. Random seed: 767
Numerical optimization started with ultrametric constraint (default)
Initial phi: 0. Initial nu: 0.26955655566205877. Initial nllh: 8084.497594854059
Starting EM iter: 1
Estep
Estep runtime (s): 0.06039118766784668
Mstep
Optimizing phi
Optimizing branch lengths. Current phi: 0. Current nu:0.26955655566205877
Optimizing nu
Mstep runtime (s): 0.226456880569458
Finished EM iter: 1. Current nllh: 6852.429151228534
Starting EM iter: 2
Estep
Estep runtime (s): 0.08253121376037598
Mstep
Optimizing phi
Optimizing branch lengths. Current phi: 0. Current nu:0.2725611100798214
Optimizing nu
Mstep runtime (s): 0.1878528594970703
Finished EM iter: 2. Current nllh: 6839.507163117806
Starting EM iter: 3
Estep
Estep runtime (s): 0.08209586143493652
Mstep
Optimizing phi
Optimizing branch lengths. Current phi: 0. Current nu:0.2714933130109516
Optimizing nu
Mstep runtime (s): 0.19121193885803223
Finished EM iter: 3. Current nllh: 6837.615671501507
Starting EM iter: 4
Estep
Estep runtime (s): 0.08342885971069336
Mstep
Optimizing phi
Optimizing branch lengths. Current phi: 0. Current nu:0.2706836438758484
Optimizing nu
Mstep runtime (s): 0.19812679290771484
Finished EM iter: 4. Current nllh: 6837.166047044729
Starting EM iter: 5
Estep
Estep runtime (s): 0.08184504508972168
Mstep
Optimizing phi
Optimizing branch lengths. Current phi: 0. Current nu:0.2702573589234437
Optimizing nu
Mstep runtime (s): 0.18669390678405762
Finished EM iter: 5. Current nllh: 6837.042702929846
Starting EM iter: 6
Estep
Estep runtime (s): 0.08185076713562012
Mstep
Optimizing phi
Optimizing branch lengths. Current phi: 0. Current nu:0.27006444915094546
Optimizing nu
Mstep runtime (s): 0.19028878211975098
Finished EM iter: 6. Current nllh: 6836.9873498300785
Starting EM iter: 7
Estep
Estep runtime (s): 0.08195614814758301
Mstep
Optimizing phi
Optimizing branch lengths. Current phi: 0. Current nu:0.2699977579921973
Optimizing nu
Mstep runtime (s): 0.17984294891357422
Finished EM iter: 7. Current nllh: 6836.956757745704
Starting EM iter: 8
Estep
Estep runtime (s): 0.08228802680969238
Mstep
Optimizing phi
Optimizing branch lengths. Current phi: 0. Current nu:0.269985446740588
Optimizing nu
Mstep runtime (s): 0.1898789405822754
Finished EM iter: 8. Current nllh: 6836.937532670576
Starting EM iter: 9
Estep
Estep runtime (s): 0.0823209285736084
Mstep
Optimizing phi
Optimizing branch lengths. Current phi: 0. Current nu:0.26999380013070434
Optimizing nu
Mstep runtime (s): 0.18703913688659668
Finished EM iter: 9. Current nllh: 6836.924598364452
Starting EM iter: 10
Estep
Estep runtime (s): 0.08273482322692871
Mstep
Optimizing phi
Optimizing branch lengths. Current phi: 0. Current nu:0.27000989397140607
Optimizing nu
Mstep runtime (s): 0.22869205474853516
Finished EM iter: 10. Current nllh: 6836.91834650708
Starting EM iter: 11
Estep
Estep runtime (s): 0.08223390579223633
Mstep
Optimizing phi
Optimizing branch lengths. Current phi: 0. Current nu:0.2700247598634994
Optimizing nu
Mstep runtime (s): 0.1995401382446289
Finished EM iter: 11. Current nllh: 6836.916859906978
Starting EM iter: 12
Estep
Estep runtime (s): 0.08220386505126953
Mstep
Optimizing phi
Optimizing branch lengths. Current phi: 0. Current nu:0.2700374510832467
Optimizing nu
Mstep runtime (s): 0.21655011177062988
Finished EM iter: 12. Current nllh: 6836.915850781993
Starting EM iter: 13
Estep
Estep runtime (s): 0.08263802528381348
Mstep
Optimizing phi
Optimizing branch lengths. Current phi: 0. Current nu:0.27004972766589475
Optimizing nu
Mstep runtime (s): 0.19347190856933594
Finished EM iter: 13. Current nllh: 6836.915135859513
Starting EM iter: 14
Estep
Estep runtime (s): 0.08208394050598145
Mstep
Optimizing phi
Optimizing branch lengths. Current phi: 0. Current nu:0.2700618252541387
Optimizing nu
Mstep runtime (s): 0.1811976432800293
Finished EM iter: 14. Current nllh: 6836.914595232674
Starting EM iter: 15
Estep
Estep runtime (s): 0.0821378231048584
Mstep
Optimizing phi
Optimizing branch lengths. Current phi: 0. Current nu:0.2700724299925114
Optimizing nu
Mstep runtime (s): 0.23172998428344727
Finished EM iter: 15. Current nllh: 6836.914180759331
Starting EM iter: 16
Estep
Estep runtime (s): 0.0821230411529541
Mstep
Optimizing phi
Optimizing branch lengths. Current phi: 0. Current nu:0.2700810930450886
Optimizing nu
Mstep runtime (s): 0.21242070198059082
Finished EM iter: 16. Current nllh: 6836.913877700087
Starting EM iter: 17
Estep
Estep runtime (s): 0.08218002319335938
Mstep
Optimizing phi
Optimizing branch lengths. Current phi: 0. Current nu:0.27008869672208186
Optimizing nu
Mstep runtime (s): 0.23479914665222168
Finished EM iter: 17. Current nllh: 6836.91364656062
Starting EM iter: 18
Estep
Estep runtime (s): 0.0820317268371582
Mstep
Optimizing phi
Optimizing branch lengths. Current phi: 0. Current nu:0.2700953050437453
Optimizing nu
Mstep runtime (s): 0.23983263969421387
Finished EM iter: 18. Current nllh: 6836.91339092238
Starting EM iter: 19
Estep
Estep runtime (s): 0.08225083351135254
Mstep
Optimizing phi
Optimizing branch lengths. Current phi: 0. Current nu:0.2701010632878562
Optimizing nu
Mstep runtime (s): 0.21470093727111816
Finished EM iter: 19. Current nllh: 6836.9133291966955
EM finished after 19 iterations.
Optimal phi: 0. Optimal nu: 0.27010630894343807. Optimal nllh: 6836.9133291966955
Optimal point found for initial point 1
Numerical optimization finished successfully
Tree height pre-scaling: 0.7162708664428569, input timescale: 1.0
Tree height after scaling: 1.0, mutation rate: 0.7162708664428569
Tree height pre-scaling: 0.7162708665917568, input timescale: 1.0
Tree height after scaling: 1.0, mutation rate: 0.7162708665917568
Tree height pre-scaling: 0.7162708664235763, input timescale: 1.0
Tree height after scaling: 1.0, mutation rate: 0.7162708664235763
Tree height pre-scaling: 0.7162708668847839, input timescale: 1.0
Tree height after scaling: 0.9999999999999999, mutation rate: 0.7162708668847839
Tree height pre-scaling: 0.7162708663766275, input timescale: 1.0
Tree height after scaling: 1.0, mutation rate: 0.7162708663766275
Tree height pre-scaling: 0.7162708665993859, input timescale: 1.0
Tree height after scaling: 1.0, mutation rate: 0.7162708665993859
Tree height pre-scaling: 0.7162708665917381, input timescale: 1.0
Tree height after scaling: 1.0, mutation rate: 0.7162708665917381
Tree height pre-scaling: 0.7162708664121449, input timescale: 1.0
Tree height after scaling: 0.9999999999999999, mutation rate: 0.7162708664121449
Tree height pre-scaling: 0.7162708663051337, input timescale: 1.0
Tree height after scaling: 1.0, mutation rate: 0.7162708663051337
Tree height pre-scaling: 0.716270866437238, input timescale: 1.0
Tree height after scaling: 1.0, mutation rate: 0.716270866437238
Tree height pre-scaling: 0.7162708666363442, input timescale: 1.0
Tree height after scaling: 0.9999999999999999, mutation rate: 0.7162708666363442
Tree height pre-scaling: 0.7162708668425473, input timescale: 1.0
Tree height after scaling: 1.0, mutation rate: 0.7162708668425473
Tree height pre-scaling: 0.7162708669331689, input timescale: 1.0
Tree height after scaling: 1.0, mutation rate: 0.7162708669331689
Runtime (s): 6.004814042
