Launching LAML version 0.0.4
LAML was called as follows: /Users/uym2/my_gits/LAML/run_laml.py -c ../../evaluation/Bar11/Bar11_character_matrix.txt -t place_outlier1/augmented_tree_189.nwk -o place_outlier1/augmented_tree_189_optimized -v -p ../../evaluation/Bar11/Bar11_priors.pickle --delimiter tab -m -1 --nInitials 1
Prior keys mismatch with site names.
Prior keys: [0, 1, 2, 3, 4, 5, 6, 7, 8, 9, 10, 11, 12, 13, 14, 15, 16, 17, 18, 19, 20, 21, 22, 23, 24, 25, 26]
Site names: ['r1', 'r2', 'r3', 'r4', 'r5', 'r6', 'r7', 'r8', 'r9', 'r10', 'r11', 'r12', 'r13', 'r14', 'r15', 'r16', 'r17', 'r18', 'r19', 'r20', 'r21', 'r22', 'r23', 'r24', 'r25', 'r26', 'r27']
Attempting to infer mapping between site names and prior keys...
{'r1': 0, 'r2': 1, 'r3': 2, 'r4': 3, 'r5': 4, 'r6': 5, 'r7': 6, 'r8': 7, 'r9': 8, 'r10': 9, 'r11': 10, 'r12': 11, 'r13': 12, 'r14': 13, 'r15': 14, 'r16': 15, 'r17': 16, 'r18': 17, 'r19': 18, 'r20': 19, 'r21': 20, 'r22': 21, 'r23': 22, 'r24': 23, 'r25': 24, 'r26': 25, 'r27': 26}
Optimizing branch lengths, phi, and nu without topology search
Optimization by EM algorithm
Optimization start with 1 initials
Initial point 1. Random seed: 3627
Numerical optimization started with ultrametric constraint (default)
Initial phi: 0. Initial nu: 0.26955655566205877. Initial nllh: 8755.944320179646
Starting EM iter: 1
Estep
Estep runtime (s): 0.06073188781738281
Mstep
Optimizing phi
Optimizing branch lengths. Current phi: 0. Current nu:0.26955655566205877
Optimizing nu
Mstep runtime (s): 0.20307612419128418
Finished EM iter: 1. Current nllh: 7177.195100916426
Starting EM iter: 2
Estep
Estep runtime (s): 0.08196210861206055
Mstep
Optimizing phi
Optimizing branch lengths. Current phi: 0. Current nu:0.2681660488020648
Optimizing nu
Mstep runtime (s): 0.1861860752105713
Finished EM iter: 2. Current nllh: 7148.21247036022
Starting EM iter: 3
Estep
Estep runtime (s): 0.08207821846008301
Mstep
Optimizing phi
Optimizing branch lengths. Current phi: 0. Current nu:0.26523631955002214
Optimizing nu
Mstep runtime (s): 0.19093108177185059
Finished EM iter: 3. Current nllh: 7144.417518781843
Starting EM iter: 4
Estep
Estep runtime (s): 0.08194112777709961
Mstep
Optimizing phi
Optimizing branch lengths. Current phi: 0. Current nu:0.26338708501141544
Optimizing nu
Mstep runtime (s): 0.20821094512939453
Finished EM iter: 4. Current nllh: 7143.595077870499
Starting EM iter: 5
Estep
Estep runtime (s): 0.0816490650177002
Mstep
Optimizing phi
Optimizing branch lengths. Current phi: 0. Current nu:0.26262596353341294
Optimizing nu
Mstep runtime (s): 0.18912220001220703
Finished EM iter: 5. Current nllh: 7143.315703905961
Starting EM iter: 6
Estep
Estep runtime (s): 0.0822608470916748
Mstep
Optimizing phi
Optimizing branch lengths. Current phi: 0. Current nu:0.26234869213693146
Optimizing nu
Mstep runtime (s): 0.23924779891967773
Finished EM iter: 6. Current nllh: 7143.207615712106
Starting EM iter: 7
Estep
Estep runtime (s): 0.08218693733215332
Mstep
Optimizing phi
Optimizing branch lengths. Current phi: 0. Current nu:0.2622548431625609
Optimizing nu
Mstep runtime (s): 0.20453286170959473
Finished EM iter: 7. Current nllh: 7143.160110074934
Starting EM iter: 8
Estep
Estep runtime (s): 0.08173990249633789
Mstep
Optimizing phi
Optimizing branch lengths. Current phi: 0. Current nu:0.2622334838706513
Optimizing nu
Mstep runtime (s): 0.19564485549926758
Finished EM iter: 8. Current nllh: 7143.130814142139
Starting EM iter: 9
Estep
Estep runtime (s): 0.08128786087036133
Mstep
Optimizing phi
Optimizing branch lengths. Current phi: 0. Current nu:0.2622401954621221
Optimizing nu
Mstep runtime (s): 0.2574152946472168
Finished EM iter: 9. Current nllh: 7143.111462925621
Starting EM iter: 10
Estep
Estep runtime (s): 0.08226323127746582
Mstep
Optimizing phi
Optimizing branch lengths. Current phi: 0. Current nu:0.2622556504654869
Optimizing nu
Mstep runtime (s): 0.20032191276550293
Finished EM iter: 10. Current nllh: 7143.098120747227
Starting EM iter: 11
Estep
Estep runtime (s): 0.08215808868408203
Mstep
Optimizing phi
Optimizing branch lengths. Current phi: 0. Current nu:0.2622718689650803
Optimizing nu
Mstep runtime (s): 0.1948378086090088
Finished EM iter: 11. Current nllh: 7143.088672560426
Starting EM iter: 12
Estep
Estep runtime (s): 0.08162879943847656
Mstep
Optimizing phi
Optimizing branch lengths. Current phi: 0. Current nu:0.26228720602397615
Optimizing nu
Mstep runtime (s): 0.20696377754211426
Finished EM iter: 12. Current nllh: 7143.086152166454
Starting EM iter: 13
Estep
Estep runtime (s): 0.08251285552978516
Mstep
Optimizing phi
Optimizing branch lengths. Current phi: 0. Current nu:0.26229737075533444
Optimizing nu
Mstep runtime (s): 0.24618196487426758
Finished EM iter: 13. Current nllh: 7143.085488798365
Starting EM iter: 14
Estep
Estep runtime (s): 0.08254528045654297
Mstep
Optimizing phi
Optimizing branch lengths. Current phi: 0. Current nu:0.2623074276987772
Optimizing nu
Mstep runtime (s): 0.19804978370666504
Finished EM iter: 14. Current nllh: 7143.084752601484
Starting EM iter: 15
Estep
Estep runtime (s): 0.08194923400878906
Mstep
Optimizing phi
Optimizing branch lengths. Current phi: 0. Current nu:0.2623174590066414
Optimizing nu
Mstep runtime (s): 0.21728205680847168
Finished EM iter: 15. Current nllh: 7143.084464846242
Starting EM iter: 16
Estep
Estep runtime (s): 0.08177924156188965
Mstep
Optimizing phi
Optimizing branch lengths. Current phi: 0. Current nu:0.26232567048769484
Optimizing nu
Mstep runtime (s): 0.21627497673034668
Finished EM iter: 16. Current nllh: 7143.0842431411465
Starting EM iter: 17
Estep
Estep runtime (s): 0.0826878547668457
Mstep
Optimizing phi
Optimizing branch lengths. Current phi: 0. Current nu:0.26233274521270944
Optimizing nu
Mstep runtime (s): 0.20858120918273926
Finished EM iter: 17. Current nllh: 7143.084158382928
Starting EM iter: 18
Estep
Estep runtime (s): 0.08225893974304199
Mstep
Optimizing phi
Optimizing branch lengths. Current phi: 0. Current nu:0.26233881811908677
Optimizing nu
Mstep runtime (s): 0.21985626220703125
Finished EM iter: 18. Current nllh: 7143.083991619757
Starting EM iter: 19
Estep
Estep runtime (s): 0.08251595497131348
Mstep
Optimizing phi
Optimizing branch lengths. Current phi: 0. Current nu:0.26234418079608135
Optimizing nu
Mstep runtime (s): 0.20232701301574707
Finished EM iter: 19. Current nllh: 7143.083856390697
Starting EM iter: 20
Estep
Estep runtime (s): 0.08280777931213379
Mstep
Optimizing phi
Optimizing branch lengths. Current phi: 0. Current nu:0.26234837974549674
Optimizing nu
Mstep runtime (s): 0.19075584411621094
Finished EM iter: 20. Current nllh: 7143.083756094753
Starting EM iter: 21
Estep
Estep runtime (s): 0.08306097984313965
Mstep
Optimizing phi
Optimizing branch lengths. Current phi: 0. Current nu:0.2623518800203722
Optimizing nu
Mstep runtime (s): 0.18934893608093262
Finished EM iter: 21. Current nllh: 7143.083684363183
Starting EM iter: 22
Estep
Estep runtime (s): 0.08239412307739258
Mstep
Optimizing phi
Optimizing branch lengths. Current phi: 0. Current nu:0.2623553266693645
Optimizing nu
Mstep runtime (s): 0.18918514251708984
Finished EM iter: 22. Current nllh: 7143.083623090995
EM finished after 22 iterations.
Optimal phi: 0. Optimal nu: 0.26235826038068205. Optimal nllh: 7143.083623090995
Optimal point found for initial point 1
Numerical optimization finished successfully
Tree height pre-scaling: 0.7418376516993455, input timescale: 1.0
Tree height after scaling: 1.0, mutation rate: 0.7418376516993455
Tree height pre-scaling: 0.7418376518101764, input timescale: 1.0
Tree height after scaling: 1.0, mutation rate: 0.7418376518101764
Tree height pre-scaling: 0.7418376516835112, input timescale: 1.0
Tree height after scaling: 1.0, mutation rate: 0.7418376516835112
Tree height pre-scaling: 0.7418376520569617, input timescale: 1.0
Tree height after scaling: 1.0, mutation rate: 0.7418376520569617
Tree height pre-scaling: 0.741837651610959, input timescale: 1.0
Tree height after scaling: 1.0, mutation rate: 0.741837651610959
Tree height pre-scaling: 0.7418376518130073, input timescale: 1.0
Tree height after scaling: 1.0, mutation rate: 0.7418376518130073
Tree height pre-scaling: 0.7418376516616635, input timescale: 1.0
Tree height after scaling: 0.9999999999999999, mutation rate: 0.7418376516616635
Tree height pre-scaling: 0.7418376518860514, input timescale: 1.0
Tree height after scaling: 1.0, mutation rate: 0.7418376518860514
Tree height pre-scaling: 0.7418376519440764, input timescale: 1.0
Tree height after scaling: 1.0, mutation rate: 0.7418376519440764
Tree height pre-scaling: 0.7418376520641654, input timescale: 1.0
Tree height after scaling: 1.0, mutation rate: 0.7418376520641654
Tree height pre-scaling: 0.7418376515472784, input timescale: 1.0
Tree height after scaling: 1.0, mutation rate: 0.7418376515472784
Tree height pre-scaling: 0.7418376516575805, input timescale: 1.0
Tree height after scaling: 1.0, mutation rate: 0.7418376516575805
Tree height pre-scaling: 0.7418376533239026, input timescale: 1.0
Tree height after scaling: 0.9999999999999999, mutation rate: 0.7418376533239026
Runtime (s): 6.971825208
