Launching LAML version 0.0.4
LAML was called as follows: /Users/uym2/my_gits/LAML/run_laml.py -c ../../evaluation/Bar11/Bar11_character_matrix.txt -t place_outlier1/augmented_tree_164.nwk -o place_outlier1/augmented_tree_164_optimized -v -p ../../evaluation/Bar11/Bar11_priors.pickle --delimiter tab -m -1 --nInitials 1
Prior keys mismatch with site names.
Prior keys: [0, 1, 2, 3, 4, 5, 6, 7, 8, 9, 10, 11, 12, 13, 14, 15, 16, 17, 18, 19, 20, 21, 22, 23, 24, 25, 26]
Site names: ['r1', 'r2', 'r3', 'r4', 'r5', 'r6', 'r7', 'r8', 'r9', 'r10', 'r11', 'r12', 'r13', 'r14', 'r15', 'r16', 'r17', 'r18', 'r19', 'r20', 'r21', 'r22', 'r23', 'r24', 'r25', 'r26', 'r27']
Attempting to infer mapping between site names and prior keys...
{'r1': 0, 'r2': 1, 'r3': 2, 'r4': 3, 'r5': 4, 'r6': 5, 'r7': 6, 'r8': 7, 'r9': 8, 'r10': 9, 'r11': 10, 'r12': 11, 'r13': 12, 'r14': 13, 'r15': 14, 'r16': 15, 'r17': 16, 'r18': 17, 'r19': 18, 'r20': 19, 'r21': 20, 'r22': 21, 'r23': 22, 'r24': 23, 'r25': 24, 'r26': 25, 'r27': 26}
Optimizing branch lengths, phi, and nu without topology search
Optimization by EM algorithm
Optimization start with 1 initials
Initial point 1. Random seed: 1874
Numerical optimization started with ultrametric constraint (default)
Initial phi: 0. Initial nu: 0.26955655566205877. Initial nllh: 8088.215555807031
Starting EM iter: 1
Estep
Estep runtime (s): 0.06235170364379883
Mstep
Optimizing phi
Optimizing branch lengths. Current phi: 0. Current nu:0.26955655566205877
Optimizing nu
Mstep runtime (s): 0.2135930061340332
Finished EM iter: 1. Current nllh: 6853.919794106764
Starting EM iter: 2
Estep
Estep runtime (s): 0.08352208137512207
Mstep
Optimizing phi
Optimizing branch lengths. Current phi: 0. Current nu:0.274193454663181
Optimizing nu
Mstep runtime (s): 0.2111060619354248
Finished EM iter: 2. Current nllh: 6836.940023583257
Starting EM iter: 3
Estep
Estep runtime (s): 0.08358097076416016
Mstep
Optimizing phi
Optimizing branch lengths. Current phi: 0. Current nu:0.27322127299338816
Optimizing nu
Mstep runtime (s): 0.18782901763916016
Finished EM iter: 3. Current nllh: 6834.972419945055
Starting EM iter: 4
Estep
Estep runtime (s): 0.08411502838134766
Mstep
Optimizing phi
Optimizing branch lengths. Current phi: 0. Current nu:0.272412958986344
Optimizing nu
Mstep runtime (s): 0.20891904830932617
Finished EM iter: 4. Current nllh: 6834.509259415154
Starting EM iter: 5
Estep
Estep runtime (s): 0.08461999893188477
Mstep
Optimizing phi
Optimizing branch lengths. Current phi: 0. Current nu:0.27198507145062417
Optimizing nu
Mstep runtime (s): 0.21839690208435059
Finished EM iter: 5. Current nllh: 6834.384337815945
Starting EM iter: 6
Estep
Estep runtime (s): 0.08425593376159668
Mstep
Optimizing phi
Optimizing branch lengths. Current phi: 0. Current nu:0.2717901555921383
Optimizing nu
Mstep runtime (s): 0.19997692108154297
Finished EM iter: 6. Current nllh: 6834.328692380303
Starting EM iter: 7
Estep
Estep runtime (s): 0.0854041576385498
Mstep
Optimizing phi
Optimizing branch lengths. Current phi: 0. Current nu:0.27172220870227504
Optimizing nu
Mstep runtime (s): 0.26543307304382324
Finished EM iter: 7. Current nllh: 6834.29798121717
Starting EM iter: 8
Estep
Estep runtime (s): 0.08550882339477539
Mstep
Optimizing phi
Optimizing branch lengths. Current phi: 0. Current nu:0.27170811546405277
Optimizing nu
Mstep runtime (s): 0.24837517738342285
Finished EM iter: 8. Current nllh: 6834.278736370319
Starting EM iter: 9
Estep
Estep runtime (s): 0.08392500877380371
Mstep
Optimizing phi
Optimizing branch lengths. Current phi: 0. Current nu:0.2717157370515571
Optimizing nu
Mstep runtime (s): 0.18237590789794922
Finished EM iter: 9. Current nllh: 6834.265799155548
Starting EM iter: 10
Estep
Estep runtime (s): 0.08395075798034668
Mstep
Optimizing phi
Optimizing branch lengths. Current phi: 0. Current nu:0.2717311952788854
Optimizing nu
Mstep runtime (s): 0.19469189643859863
Finished EM iter: 10. Current nllh: 6834.25965364941
Starting EM iter: 11
Estep
Estep runtime (s): 0.08401370048522949
Mstep
Optimizing phi
Optimizing branch lengths. Current phi: 0. Current nu:0.2717457024502913
Optimizing nu
Mstep runtime (s): 0.1976017951965332
Finished EM iter: 11. Current nllh: 6834.25817034365
Starting EM iter: 12
Estep
Estep runtime (s): 0.08357715606689453
Mstep
Optimizing phi
Optimizing branch lengths. Current phi: 0. Current nu:0.2717582906277132
Optimizing nu
Mstep runtime (s): 0.1937870979309082
Finished EM iter: 12. Current nllh: 6834.257171770398
Starting EM iter: 13
Estep
Estep runtime (s): 0.08416986465454102
Mstep
Optimizing phi
Optimizing branch lengths. Current phi: 0. Current nu:0.2717715098669989
Optimizing nu
Mstep runtime (s): 0.20027399063110352
Finished EM iter: 13. Current nllh: 6834.256427314356
Starting EM iter: 14
Estep
Estep runtime (s): 0.08388972282409668
Mstep
Optimizing phi
Optimizing branch lengths. Current phi: 0. Current nu:0.2717831350855651
Optimizing nu
Mstep runtime (s): 0.1870419979095459
Finished EM iter: 14. Current nllh: 6834.255882909609
Starting EM iter: 15
Estep
Estep runtime (s): 0.08417415618896484
Mstep
Optimizing phi
Optimizing branch lengths. Current phi: 0. Current nu:0.2717934263012411
Optimizing nu
Mstep runtime (s): 0.18626999855041504
Finished EM iter: 15. Current nllh: 6834.255476948073
Starting EM iter: 16
Estep
Estep runtime (s): 0.08392691612243652
Mstep
Optimizing phi
Optimizing branch lengths. Current phi: 0. Current nu:0.27180256229650873
Optimizing nu
Mstep runtime (s): 0.17841386795043945
Finished EM iter: 16. Current nllh: 6834.2551568515055
Starting EM iter: 17
Estep
Estep runtime (s): 0.08427286148071289
Mstep
Optimizing phi
Optimizing branch lengths. Current phi: 0. Current nu:0.2718098685680841
Optimizing nu
Mstep runtime (s): 0.1889650821685791
Finished EM iter: 17. Current nllh: 6834.254930008483
Starting EM iter: 18
Estep
Estep runtime (s): 0.0842280387878418
Mstep
Optimizing phi
Optimizing branch lengths. Current phi: 0. Current nu:0.2718168451989844
Optimizing nu
Mstep runtime (s): 0.17899322509765625
Finished EM iter: 18. Current nllh: 6834.254747581767
Starting EM iter: 19
Estep
Estep runtime (s): 0.08438301086425781
Mstep
Optimizing phi
Optimizing branch lengths. Current phi: 0. Current nu:0.2718226679999403
Optimizing nu
Mstep runtime (s): 0.21830511093139648
Finished EM iter: 19. Current nllh: 6834.254596284953
Starting EM iter: 20
Estep
Estep runtime (s): 0.0840752124786377
Mstep
Optimizing phi
Optimizing branch lengths. Current phi: 0. Current nu:0.2718272574945322
Optimizing nu
Mstep runtime (s): 0.20983386039733887
Finished EM iter: 20. Current nllh: 6834.254437444921
Starting EM iter: 21
Estep
Estep runtime (s): 0.08464479446411133
Mstep
Optimizing phi
Optimizing branch lengths. Current phi: 0. Current nu:0.27183067020401924
Optimizing nu
Mstep runtime (s): 0.22870898246765137
Finished EM iter: 21. Current nllh: 6834.254417889662
EM finished after 21 iterations.
Optimal phi: 0. Optimal nu: 0.27183579758491944. Optimal nllh: 6834.254417889662
Optimal point found for initial point 1
Numerical optimization finished successfully
Tree height pre-scaling: 0.7137419954774702, input timescale: 1.0
Tree height after scaling: 1.0, mutation rate: 0.7137419954774702
Tree height pre-scaling: 0.7137419955853581, input timescale: 1.0
Tree height after scaling: 0.9999999999999999, mutation rate: 0.7137419955853581
Tree height pre-scaling: 0.7137419954628672, input timescale: 1.0
Tree height after scaling: 1.0, mutation rate: 0.7137419954628672
Tree height pre-scaling: 0.713741995819829, input timescale: 1.0
Tree height after scaling: 1.0, mutation rate: 0.713741995819829
Tree height pre-scaling: 0.7137419954259878, input timescale: 1.0
Tree height after scaling: 1.0, mutation rate: 0.7137419954259878
Tree height pre-scaling: 0.7137419956144442, input timescale: 1.0
Tree height after scaling: 1.0, mutation rate: 0.7137419956144442
Tree height pre-scaling: 0.7137419955887354, input timescale: 1.0
Tree height after scaling: 1.0, mutation rate: 0.7137419955887354
Tree height pre-scaling: 0.713741995469327, input timescale: 1.0
Tree height after scaling: 1.0, mutation rate: 0.713741995469327
Tree height pre-scaling: 0.7137419956396872, input timescale: 1.0
Tree height after scaling: 1.0, mutation rate: 0.7137419956396872
Tree height pre-scaling: 0.713741995789271, input timescale: 1.0
Tree height after scaling: 1.0, mutation rate: 0.713741995789271
Tree height pre-scaling: 0.7137419958502762, input timescale: 1.0
Tree height after scaling: 1.0, mutation rate: 0.7137419958502762
Tree height pre-scaling: 0.7137419953694615, input timescale: 1.0
Tree height after scaling: 1.0, mutation rate: 0.7137419953694615
Tree height pre-scaling: 0.7137419956237154, input timescale: 1.0
Tree height after scaling: 0.9999999999999999, mutation rate: 0.7137419956237154
Runtime (s): 6.6719497500000005
