Launching LAML version 0.0.4
LAML was called as follows: /Users/uym2/my_gits/LAML/run_laml.py -c ../../evaluation/Bar11/Bar11_character_matrix.txt -t place_outlier1/augmented_tree_293.nwk -o place_outlier1/augmented_tree_293_optimized -v -p ../../evaluation/Bar11/Bar11_priors.pickle --delimiter tab -m -1 --nInitials 1
Prior keys mismatch with site names.
Prior keys: [0, 1, 2, 3, 4, 5, 6, 7, 8, 9, 10, 11, 12, 13, 14, 15, 16, 17, 18, 19, 20, 21, 22, 23, 24, 25, 26]
Site names: ['r1', 'r2', 'r3', 'r4', 'r5', 'r6', 'r7', 'r8', 'r9', 'r10', 'r11', 'r12', 'r13', 'r14', 'r15', 'r16', 'r17', 'r18', 'r19', 'r20', 'r21', 'r22', 'r23', 'r24', 'r25', 'r26', 'r27']
Attempting to infer mapping between site names and prior keys...
{'r1': 0, 'r2': 1, 'r3': 2, 'r4': 3, 'r5': 4, 'r6': 5, 'r7': 6, 'r8': 7, 'r9': 8, 'r10': 9, 'r11': 10, 'r12': 11, 'r13': 12, 'r14': 13, 'r15': 14, 'r16': 15, 'r17': 16, 'r18': 17, 'r19': 18, 'r20': 19, 'r21': 20, 'r22': 21, 'r23': 22, 'r24': 23, 'r25': 24, 'r26': 25, 'r27': 26}
Optimizing branch lengths, phi, and nu without topology search
Optimization by EM algorithm
Optimization start with 1 initials
Initial point 1. Random seed: 9870
Numerical optimization started with ultrametric constraint (default)
Initial phi: 0. Initial nu: 0.26955655566205877. Initial nllh: 8359.463629828417
Starting EM iter: 1
Estep
Estep runtime (s): 0.06083512306213379
Mstep
Optimizing phi
Optimizing branch lengths. Current phi: 0. Current nu:0.26955655566205877
Optimizing nu
Mstep runtime (s): 0.21919894218444824
Finished EM iter: 1. Current nllh: 7060.423975359061
Starting EM iter: 2
Estep
Estep runtime (s): 0.08351898193359375
Mstep
Optimizing phi
Optimizing branch lengths. Current phi: 0. Current nu:0.27473819759117296
Optimizing nu
Mstep runtime (s): 0.2050161361694336
Finished EM iter: 2. Current nllh: 7031.894503100294
Starting EM iter: 3
Estep
Estep runtime (s): 0.08336305618286133
Mstep
Optimizing phi
Optimizing branch lengths. Current phi: 0. Current nu:0.269959907036047
Optimizing nu
Mstep runtime (s): 0.21963906288146973
Finished EM iter: 3. Current nllh: 7028.19925646312
Starting EM iter: 4
Estep
Estep runtime (s): 0.08240890502929688
Mstep
Optimizing phi
Optimizing branch lengths. Current phi: 0. Current nu:0.2667880086789415
Optimizing nu
Mstep runtime (s): 0.2712681293487549
Finished EM iter: 4. Current nllh: 7027.75400308585
Starting EM iter: 5
Estep
Estep runtime (s): 0.08345603942871094
Mstep
Optimizing phi
Optimizing branch lengths. Current phi: 0. Current nu:0.2655559892496282
Optimizing nu
Mstep runtime (s): 0.19498491287231445
Finished EM iter: 5. Current nllh: 7027.694724376188
Starting EM iter: 6
Estep
Estep runtime (s): 0.08356499671936035
Mstep
Optimizing phi
Optimizing branch lengths. Current phi: 0. Current nu:0.26515001735630533
Optimizing nu
Mstep runtime (s): 0.24393892288208008
Finished EM iter: 6. Current nllh: 7027.672218588721
Starting EM iter: 7
Estep
Estep runtime (s): 0.08377218246459961
Mstep
Optimizing phi
Optimizing branch lengths. Current phi: 0. Current nu:0.26503488321818913
Optimizing nu
Mstep runtime (s): 0.1875319480895996
Finished EM iter: 7. Current nllh: 7027.657644684707
Starting EM iter: 8
Estep
Estep runtime (s): 0.08314990997314453
Mstep
Optimizing phi
Optimizing branch lengths. Current phi: 0. Current nu:0.2650203290578155
Optimizing nu
Mstep runtime (s): 0.18622899055480957
Finished EM iter: 8. Current nllh: 7027.651997841856
Starting EM iter: 9
Estep
Estep runtime (s): 0.08406281471252441
Mstep
Optimizing phi
Optimizing branch lengths. Current phi: 0. Current nu:0.2650315991447693
Optimizing nu
Mstep runtime (s): 0.20182299613952637
Finished EM iter: 9. Current nllh: 7027.648824595561
Starting EM iter: 10
Estep
Estep runtime (s): 0.08377790451049805
Mstep
Optimizing phi
Optimizing branch lengths. Current phi: 0. Current nu:0.26505179890974107
Optimizing nu
Mstep runtime (s): 0.2014310359954834
Finished EM iter: 10. Current nllh: 7027.646596719209
Starting EM iter: 11
Estep
Estep runtime (s): 0.08386898040771484
Mstep
Optimizing phi
Optimizing branch lengths. Current phi: 0. Current nu:0.26507476178158607
Optimizing nu
Mstep runtime (s): 0.24103093147277832
Finished EM iter: 11. Current nllh: 7027.645270823166
Starting EM iter: 12
Estep
Estep runtime (s): 0.08409500122070312
Mstep
Optimizing phi
Optimizing branch lengths. Current phi: 0. Current nu:0.2650915095784253
Optimizing nu
Mstep runtime (s): 0.20862889289855957
Finished EM iter: 12. Current nllh: 7027.644276032451
Starting EM iter: 13
Estep
Estep runtime (s): 0.08318781852722168
Mstep
Optimizing phi
Optimizing branch lengths. Current phi: 0. Current nu:0.26510538791479066
Optimizing nu
Mstep runtime (s): 0.18542003631591797
Finished EM iter: 13. Current nllh: 7027.643809673682
Starting EM iter: 14
Estep
Estep runtime (s): 0.08393001556396484
Mstep
Optimizing phi
Optimizing branch lengths. Current phi: 0. Current nu:0.26511676277980156
Optimizing nu
Mstep runtime (s): 0.19882512092590332
Finished EM iter: 14. Current nllh: 7027.643285455726
Starting EM iter: 15
Estep
Estep runtime (s): 0.08355402946472168
Mstep
Optimizing phi
Optimizing branch lengths. Current phi: 0. Current nu:0.265126274460143
Optimizing nu
Mstep runtime (s): 0.2869880199432373
Finished EM iter: 15. Current nllh: 7027.642914374434
Starting EM iter: 16
Estep
Estep runtime (s): 0.08595514297485352
Mstep
Optimizing phi
Optimizing branch lengths. Current phi: 0. Current nu:0.26513516918492136
Optimizing nu
Mstep runtime (s): 0.2270033359527588
Finished EM iter: 16. Current nllh: 7027.6424267218135
Starting EM iter: 17
Estep
Estep runtime (s): 0.08327913284301758
Mstep
Optimizing phi
Optimizing branch lengths. Current phi: 0. Current nu:0.26514318407348575
Optimizing nu
Mstep runtime (s): 0.1994171142578125
Finished EM iter: 17. Current nllh: 7027.642402550502
EM finished after 17 iterations.
Optimal phi: 0. Optimal nu: 0.26514979471296657. Optimal nllh: 7027.642402550502
Optimal point found for initial point 1
Numerical optimization finished successfully
Tree height pre-scaling: 0.7234985379972136, input timescale: 1.0
Tree height after scaling: 0.9999999999999999, mutation rate: 0.7234985379972136
Tree height pre-scaling: 0.7234985379198832, input timescale: 1.0
Tree height after scaling: 0.9999999999999999, mutation rate: 0.7234985379198832
Tree height pre-scaling: 0.7234985387274171, input timescale: 1.0
Tree height after scaling: 1.0, mutation rate: 0.7234985387274171
Tree height pre-scaling: 0.7234985392854183, input timescale: 1.0
Tree height after scaling: 1.0, mutation rate: 0.7234985392854183
Tree height pre-scaling: 0.7234985396159848, input timescale: 1.0
Tree height after scaling: 1.0, mutation rate: 0.7234985396159848
Tree height pre-scaling: 0.7234985374807592, input timescale: 1.0
Tree height after scaling: 0.9999999999999999, mutation rate: 0.7234985374807592
Tree height pre-scaling: 0.7234985379154897, input timescale: 1.0
Tree height after scaling: 1.0, mutation rate: 0.7234985379154897
Tree height pre-scaling: 0.7234985383186657, input timescale: 1.0
Tree height after scaling: 1.0, mutation rate: 0.7234985383186657
Tree height pre-scaling: 0.7234985390738042, input timescale: 1.0
Tree height after scaling: 1.0, mutation rate: 0.7234985390738042
Tree height pre-scaling: 0.7234985377405247, input timescale: 1.0
Tree height after scaling: 1.0, mutation rate: 0.7234985377405247
Tree height pre-scaling: 0.7234985397172472, input timescale: 1.0
Tree height after scaling: 1.0, mutation rate: 0.7234985397172472
Tree height pre-scaling: 0.7234985379131598, input timescale: 1.0
Tree height after scaling: 1.0000000000000002, mutation rate: 0.7234985379131598
Tree height pre-scaling: 0.7234985394894267, input timescale: 1.0
Tree height after scaling: 1.0, mutation rate: 0.7234985394894267
Runtime (s): 5.630485125
