Launching LAML version 0.0.4
LAML was called as follows: /Users/uym2/my_gits/LAML/run_laml.py -c ../../evaluation/Bar11/Bar11_character_matrix.txt -t place_outlier1/augmented_tree_21.nwk -o place_outlier1/augmented_tree_21_optimized -v -p ../../evaluation/Bar11/Bar11_priors.pickle --delimiter tab -m -1 --nInitials 1
Prior keys mismatch with site names.
Prior keys: [0, 1, 2, 3, 4, 5, 6, 7, 8, 9, 10, 11, 12, 13, 14, 15, 16, 17, 18, 19, 20, 21, 22, 23, 24, 25, 26]
Site names: ['r1', 'r2', 'r3', 'r4', 'r5', 'r6', 'r7', 'r8', 'r9', 'r10', 'r11', 'r12', 'r13', 'r14', 'r15', 'r16', 'r17', 'r18', 'r19', 'r20', 'r21', 'r22', 'r23', 'r24', 'r25', 'r26', 'r27']
Attempting to infer mapping between site names and prior keys...
{'r1': 0, 'r2': 1, 'r3': 2, 'r4': 3, 'r5': 4, 'r6': 5, 'r7': 6, 'r8': 7, 'r9': 8, 'r10': 9, 'r11': 10, 'r12': 11, 'r13': 12, 'r14': 13, 'r15': 14, 'r16': 15, 'r17': 16, 'r18': 17, 'r19': 18, 'r20': 19, 'r21': 20, 'r22': 21, 'r23': 22, 'r24': 23, 'r25': 24, 'r26': 25, 'r27': 26}
Optimizing branch lengths, phi, and nu without topology search
Optimization by EM algorithm
Optimization start with 1 initials
Initial point 1. Random seed: 7307
Numerical optimization started with ultrametric constraint (default)
Initial phi: 0. Initial nu: 0.26955655566205877. Initial nllh: 8160.188935984943
Starting EM iter: 1
Estep
Estep runtime (s): 0.061018943786621094
Mstep
Optimizing phi
Optimizing branch lengths. Current phi: 0. Current nu:0.26955655566205877
Optimizing nu
Mstep runtime (s): 0.25565576553344727
Finished EM iter: 1. Current nllh: 6909.8179903861865
Starting EM iter: 2
Estep
Estep runtime (s): 0.08493804931640625
Mstep
Optimizing phi
Optimizing branch lengths. Current phi: 0. Current nu:0.27591064302539475
Optimizing nu
Mstep runtime (s): 0.1815810203552246
Finished EM iter: 2. Current nllh: 6889.024751848734
Starting EM iter: 3
Estep
Estep runtime (s): 0.08482098579406738
Mstep
Optimizing phi
Optimizing branch lengths. Current phi: 0. Current nu:0.2729096921560387
Optimizing nu
Mstep runtime (s): 0.21668791770935059
Finished EM iter: 3. Current nllh: 6886.259073210628
Starting EM iter: 4
Estep
Estep runtime (s): 0.08425235748291016
Mstep
Optimizing phi
Optimizing branch lengths. Current phi: 0. Current nu:0.2709690327763691
Optimizing nu
Mstep runtime (s): 0.22071385383605957
Finished EM iter: 4. Current nllh: 6885.667234490058
Starting EM iter: 5
Estep
Estep runtime (s): 0.08481001853942871
Mstep
Optimizing phi
Optimizing branch lengths. Current phi: 0. Current nu:0.2700517682072331
Optimizing nu
Mstep runtime (s): 0.2017378807067871
Finished EM iter: 5. Current nllh: 6885.516572666636
Starting EM iter: 6
Estep
Estep runtime (s): 0.08400392532348633
Mstep
Optimizing phi
Optimizing branch lengths. Current phi: 0. Current nu:0.26964258081740705
Optimizing nu
Mstep runtime (s): 0.21352386474609375
Finished EM iter: 6. Current nllh: 6885.464173048416
Starting EM iter: 7
Estep
Estep runtime (s): 0.0835881233215332
Mstep
Optimizing phi
Optimizing branch lengths. Current phi: 0. Current nu:0.269463250763607
Optimizing nu
Mstep runtime (s): 0.1782081127166748
Finished EM iter: 7. Current nllh: 6885.435893356169
Starting EM iter: 8
Estep
Estep runtime (s): 0.08492374420166016
Mstep
Optimizing phi
Optimizing branch lengths. Current phi: 0. Current nu:0.26938559725466305
Optimizing nu
Mstep runtime (s): 0.2616097927093506
Finished EM iter: 8. Current nllh: 6885.418080981581
Starting EM iter: 9
Estep
Estep runtime (s): 0.08353281021118164
Mstep
Optimizing phi
Optimizing branch lengths. Current phi: 0. Current nu:0.2693511289767951
Optimizing nu
Mstep runtime (s): 0.21146011352539062
Finished EM iter: 9. Current nllh: 6885.405980184647
Starting EM iter: 10
Estep
Estep runtime (s): 0.08502984046936035
Mstep
Optimizing phi
Optimizing branch lengths. Current phi: 0. Current nu:0.269335944596493
Optimizing nu
Mstep runtime (s): 0.22395682334899902
Finished EM iter: 10. Current nllh: 6885.397584291016
Starting EM iter: 11
Estep
Estep runtime (s): 0.08366179466247559
Mstep
Optimizing phi
Optimizing branch lengths. Current phi: 0. Current nu:0.2693283491582428
Optimizing nu
Mstep runtime (s): 0.2285470962524414
Finished EM iter: 11. Current nllh: 6885.39651949173
Starting EM iter: 12
Estep
Estep runtime (s): 0.08341407775878906
Mstep
Optimizing phi
Optimizing branch lengths. Current phi: 0. Current nu:0.2693211567510941
Optimizing nu
Mstep runtime (s): 0.21236777305603027
Finished EM iter: 12. Current nllh: 6885.39664994359
Starting EM iter: 13
Estep
Estep runtime (s): 0.08380794525146484
Mstep
Optimizing phi
Optimizing branch lengths. Current phi: 0. Current nu:0.2693173200442609
Optimizing nu
Mstep runtime (s): 0.21230697631835938
Finished EM iter: 13. Current nllh: 6885.396676122598
EM finished after 13 iterations.
Optimal phi: 0. Optimal nu: 0.2693158766287549. Optimal nllh: 6885.396676122598
Optimal point found for initial point 1
Numerical optimization finished successfully
Tree height pre-scaling: 0.7184818135357822, input timescale: 1.0
Tree height after scaling: 1.0, mutation rate: 0.7184818135357822
Tree height pre-scaling: 0.7184818137488045, input timescale: 1.0
Tree height after scaling: 1.0, mutation rate: 0.7184818137488045
Tree height pre-scaling: 0.7184818135153896, input timescale: 1.0
Tree height after scaling: 1.0, mutation rate: 0.7184818135153896
Tree height pre-scaling: 0.7184818141659474, input timescale: 1.0
Tree height after scaling: 1.0, mutation rate: 0.7184818141659474
Tree height pre-scaling: 0.7184818134272984, input timescale: 1.0
Tree height after scaling: 1.0, mutation rate: 0.7184818134272984
Tree height pre-scaling: 0.7184818137492914, input timescale: 1.0
Tree height after scaling: 1.0, mutation rate: 0.7184818137492914
Tree height pre-scaling: 0.7184818137404301, input timescale: 1.0
Tree height after scaling: 1.0, mutation rate: 0.7184818137404301
Tree height pre-scaling: 0.7184818134931399, input timescale: 1.0
Tree height after scaling: 1.0, mutation rate: 0.7184818134931399
Tree height pre-scaling: 0.7184818133288094, input timescale: 1.0
Tree height after scaling: 1.0, mutation rate: 0.7184818133288094
Tree height pre-scaling: 0.7184818136629607, input timescale: 1.0
Tree height after scaling: 1.0, mutation rate: 0.7184818136629607
Tree height pre-scaling: 0.718481814007912, input timescale: 1.0
Tree height after scaling: 1.0, mutation rate: 0.718481814007912
Tree height pre-scaling: 0.7184818139178512, input timescale: 1.0
Tree height after scaling: 1.0, mutation rate: 0.7184818139178512
Tree height pre-scaling: 0.718481813969726, input timescale: 1.0
Tree height after scaling: 1.0, mutation rate: 0.718481813969726
Runtime (s): 4.35301
