Launching LAML version 0.0.4
LAML was called as follows: /Users/uym2/my_gits/LAML/run_laml.py -c ../../evaluation/Bar11/Bar11_character_matrix.txt -t place_outlier1/augmented_tree_231.nwk -o place_outlier1/augmented_tree_231_optimized -v -p ../../evaluation/Bar11/Bar11_priors.pickle --delimiter tab -m -1 --nInitials 1
Prior keys mismatch with site names.
Prior keys: [0, 1, 2, 3, 4, 5, 6, 7, 8, 9, 10, 11, 12, 13, 14, 15, 16, 17, 18, 19, 20, 21, 22, 23, 24, 25, 26]
Site names: ['r1', 'r2', 'r3', 'r4', 'r5', 'r6', 'r7', 'r8', 'r9', 'r10', 'r11', 'r12', 'r13', 'r14', 'r15', 'r16', 'r17', 'r18', 'r19', 'r20', 'r21', 'r22', 'r23', 'r24', 'r25', 'r26', 'r27']
Attempting to infer mapping between site names and prior keys...
{'r1': 0, 'r2': 1, 'r3': 2, 'r4': 3, 'r5': 4, 'r6': 5, 'r7': 6, 'r8': 7, 'r9': 8, 'r10': 9, 'r11': 10, 'r12': 11, 'r13': 12, 'r14': 13, 'r15': 14, 'r16': 15, 'r17': 16, 'r18': 17, 'r19': 18, 'r20': 19, 'r21': 20, 'r22': 21, 'r23': 22, 'r24': 23, 'r25': 24, 'r26': 25, 'r27': 26}
Optimizing branch lengths, phi, and nu without topology search
Optimization by EM algorithm
Optimization start with 1 initials
Initial point 1. Random seed: 2033
Numerical optimization started with ultrametric constraint (default)
Initial phi: 0. Initial nu: 0.26955655566205877. Initial nllh: 8348.491882056918
Starting EM iter: 1
Estep
Estep runtime (s): 0.06166505813598633
Mstep
Optimizing phi
Optimizing branch lengths. Current phi: 0. Current nu:0.26955655566205877
Optimizing nu
Mstep runtime (s): 0.22463488578796387
Finished EM iter: 1. Current nllh: 6925.365333523479
Starting EM iter: 2
Estep
Estep runtime (s): 0.08325386047363281
Mstep
Optimizing phi
Optimizing branch lengths. Current phi: 0. Current nu:0.28048404017703454
Optimizing nu
Mstep runtime (s): 0.2111358642578125
Finished EM iter: 2. Current nllh: 6905.053347081501
Starting EM iter: 3
Estep
Estep runtime (s): 0.08304715156555176
Mstep
Optimizing phi
Optimizing branch lengths. Current phi: 0. Current nu:0.2796543680239212
Optimizing nu
Mstep runtime (s): 0.2136211395263672
Finished EM iter: 3. Current nllh: 6901.960949570726
Starting EM iter: 4
Estep
Estep runtime (s): 0.08456301689147949
Mstep
Optimizing phi
Optimizing branch lengths. Current phi: 0. Current nu:0.27835858719961865
Optimizing nu
Mstep runtime (s): 0.19896984100341797
Finished EM iter: 4. Current nllh: 6901.261057999533
Starting EM iter: 5
Estep
Estep runtime (s): 0.08375215530395508
Mstep
Optimizing phi
Optimizing branch lengths. Current phi: 0. Current nu:0.2776785628198608
Optimizing nu
Mstep runtime (s): 0.20119929313659668
Finished EM iter: 5. Current nllh: 6901.0495838125125
Starting EM iter: 6
Estep
Estep runtime (s): 0.08236217498779297
Mstep
Optimizing phi
Optimizing branch lengths. Current phi: 0. Current nu:0.27739554683804674
Optimizing nu
Mstep runtime (s): 0.22468781471252441
Finished EM iter: 6. Current nllh: 6900.978950670799
Starting EM iter: 7
Estep
Estep runtime (s): 0.0829923152923584
Mstep
Optimizing phi
Optimizing branch lengths. Current phi: 0. Current nu:0.27729362922529643
Optimizing nu
Mstep runtime (s): 0.21243691444396973
Finished EM iter: 7. Current nllh: 6900.940324257722
Starting EM iter: 8
Estep
Estep runtime (s): 0.0825800895690918
Mstep
Optimizing phi
Optimizing branch lengths. Current phi: 0. Current nu:0.2772744304000118
Optimizing nu
Mstep runtime (s): 0.22429513931274414
Finished EM iter: 8. Current nllh: 6900.916214683691
Starting EM iter: 9
Estep
Estep runtime (s): 0.08346295356750488
Mstep
Optimizing phi
Optimizing branch lengths. Current phi: 0. Current nu:0.2772848954575114
Optimizing nu
Mstep runtime (s): 0.20096516609191895
Finished EM iter: 9. Current nllh: 6900.900337118673
Starting EM iter: 10
Estep
Estep runtime (s): 0.08264803886413574
Mstep
Optimizing phi
Optimizing branch lengths. Current phi: 0. Current nu:0.2773033105914496
Optimizing nu
Mstep runtime (s): 0.1863727569580078
Finished EM iter: 10. Current nllh: 6900.889127597502
Starting EM iter: 11
Estep
Estep runtime (s): 0.08385992050170898
Mstep
Optimizing phi
Optimizing branch lengths. Current phi: 0. Current nu:0.2773226004156535
Optimizing nu
Mstep runtime (s): 0.1856217384338379
Finished EM iter: 11. Current nllh: 6900.885827888364
Starting EM iter: 12
Estep
Estep runtime (s): 0.08271431922912598
Mstep
Optimizing phi
Optimizing branch lengths. Current phi: 0. Current nu:0.2773372524771641
Optimizing nu
Mstep runtime (s): 0.22855091094970703
Finished EM iter: 12. Current nllh: 6900.884287107128
Starting EM iter: 13
Estep
Estep runtime (s): 0.08400297164916992
Mstep
Optimizing phi
Optimizing branch lengths. Current phi: 0. Current nu:0.2773519843987652
Optimizing nu
Mstep runtime (s): 0.21220016479492188
Finished EM iter: 13. Current nllh: 6900.883463854481
Starting EM iter: 14
Estep
Estep runtime (s): 0.08397912979125977
Mstep
Optimizing phi
Optimizing branch lengths. Current phi: 0. Current nu:0.27736527708008785
Optimizing nu
Mstep runtime (s): 0.23596405982971191
Finished EM iter: 14. Current nllh: 6900.8826120059
Starting EM iter: 15
Estep
Estep runtime (s): 0.08355021476745605
Mstep
Optimizing phi
Optimizing branch lengths. Current phi: 0. Current nu:0.27737659205091364
Optimizing nu
Mstep runtime (s): 0.19582796096801758
Finished EM iter: 15. Current nllh: 6900.8820778853615
Starting EM iter: 16
Estep
Estep runtime (s): 0.08387994766235352
Mstep
Optimizing phi
Optimizing branch lengths. Current phi: 0. Current nu:0.2773858890370547
Optimizing nu
Mstep runtime (s): 0.19536185264587402
Finished EM iter: 16. Current nllh: 6900.8816139153505
Starting EM iter: 17
Estep
Estep runtime (s): 0.08310413360595703
Mstep
Optimizing phi
Optimizing branch lengths. Current phi: 0. Current nu:0.27739431952682375
Optimizing nu
Mstep runtime (s): 0.18954205513000488
Finished EM iter: 17. Current nllh: 6900.881397460305
Starting EM iter: 18
Estep
Estep runtime (s): 0.08398103713989258
Mstep
Optimizing phi
Optimizing branch lengths. Current phi: 0. Current nu:0.2774037384507243
Optimizing nu
Mstep runtime (s): 0.22719073295593262
Finished EM iter: 18. Current nllh: 6900.88113683359
Starting EM iter: 19
Estep
Estep runtime (s): 0.08448481559753418
Mstep
Optimizing phi
Optimizing branch lengths. Current phi: 0. Current nu:0.2774108359555248
Optimizing nu
Mstep runtime (s): 0.21492886543273926
Finished EM iter: 19. Current nllh: 6900.880839421365
Starting EM iter: 20
Estep
Estep runtime (s): 0.0833749771118164
Mstep
Optimizing phi
Optimizing branch lengths. Current phi: 0. Current nu:0.2774165700570413
Optimizing nu
Mstep runtime (s): 0.1831967830657959
Finished EM iter: 20. Current nllh: 6900.880789222812
EM finished after 20 iterations.
Optimal phi: 0. Optimal nu: 0.2774222130521507. Optimal nllh: 6900.880789222812
Optimal point found for initial point 1
Numerical optimization finished successfully
Tree height pre-scaling: 0.7177747576729671, input timescale: 1.0
Tree height after scaling: 0.9999999999999999, mutation rate: 0.7177747576729671
Tree height pre-scaling: 0.717774757835307, input timescale: 1.0
Tree height after scaling: 1.0, mutation rate: 0.717774757835307
Tree height pre-scaling: 0.7177747576483154, input timescale: 1.0
Tree height after scaling: 1.0, mutation rate: 0.7177747576483154
Tree height pre-scaling: 0.7177747581773862, input timescale: 1.0
Tree height after scaling: 1.0, mutation rate: 0.7177747581773862
Tree height pre-scaling: 0.7177747575787005, input timescale: 1.0
Tree height after scaling: 1.0, mutation rate: 0.7177747575787005
Tree height pre-scaling: 0.717774757642824, input timescale: 1.0
Tree height after scaling: 1.0, mutation rate: 0.717774757642824
Tree height pre-scaling: 0.7177747579236136, input timescale: 1.0
Tree height after scaling: 1.0, mutation rate: 0.7177747579236136
Tree height pre-scaling: 0.7177747580960004, input timescale: 1.0
Tree height after scaling: 0.9999999999999999, mutation rate: 0.7177747580960004
Tree height pre-scaling: 0.717774758211773, input timescale: 1.0
Tree height after scaling: 1.0, mutation rate: 0.717774758211773
Tree height pre-scaling: 0.7177747574978479, input timescale: 1.0
Tree height after scaling: 0.9999999999999999, mutation rate: 0.7177747574978479
Tree height pre-scaling: 0.717774757638131, input timescale: 1.0
Tree height after scaling: 1.0, mutation rate: 0.717774757638131
Tree height pre-scaling: 0.7177747577838302, input timescale: 1.0
Tree height after scaling: 0.9999999999999999, mutation rate: 0.7177747577838302
Tree height pre-scaling: 0.7177747588035607, input timescale: 1.0
Tree height after scaling: 1.0, mutation rate: 0.7177747588035607
Runtime (s): 6.411913291
