Launching LAML version 0.0.4
LAML was called as follows: /Users/uym2/my_gits/LAML/run_laml.py -c ../../evaluation/Bar11/Bar11_character_matrix.txt -t place_outlier6/augmented_tree_196.nwk -o place_outlier6/augmented_tree_196_optimized -v -p ../../evaluation/Bar11/Bar11_priors.pickle --delimiter tab -m -1 --nInitials 1
Prior keys mismatch with site names.
Prior keys: [0, 1, 2, 3, 4, 5, 6, 7, 8, 9, 10, 11, 12, 13, 14, 15, 16, 17, 18, 19, 20, 21, 22, 23, 24, 25, 26]
Site names: ['r1', 'r2', 'r3', 'r4', 'r5', 'r6', 'r7', 'r8', 'r9', 'r10', 'r11', 'r12', 'r13', 'r14', 'r15', 'r16', 'r17', 'r18', 'r19', 'r20', 'r21', 'r22', 'r23', 'r24', 'r25', 'r26', 'r27']
Attempting to infer mapping between site names and prior keys...
{'r1': 0, 'r2': 1, 'r3': 2, 'r4': 3, 'r5': 4, 'r6': 5, 'r7': 6, 'r8': 7, 'r9': 8, 'r10': 9, 'r11': 10, 'r12': 11, 'r13': 12, 'r14': 13, 'r15': 14, 'r16': 15, 'r17': 16, 'r18': 17, 'r19': 18, 'r20': 19, 'r21': 20, 'r22': 21, 'r23': 22, 'r24': 23, 'r25': 24, 'r26': 25, 'r27': 26}
Optimizing branch lengths, phi, and nu without topology search
Optimization by EM algorithm
Optimization start with 1 initials
Initial point 1. Random seed: 9013
Numerical optimization started with ultrametric constraint (default)
Initial phi: 0. Initial nu: 0.26955655566205877. Initial nllh: 9486.052720244019
Starting EM iter: 1
Estep
Estep runtime (s): 0.06516718864440918
Mstep
Optimizing phi
Optimizing branch lengths. Current phi: 0. Current nu:0.26955655566205877
Optimizing nu
Mstep runtime (s): 0.2458040714263916
Finished EM iter: 1. Current nllh: 7973.145354269263
Starting EM iter: 2
Estep
Estep runtime (s): 0.08714103698730469
Mstep
Optimizing phi
Optimizing branch lengths. Current phi: 0. Current nu:0.2720439645881418
Optimizing nu
Mstep runtime (s): 0.19391632080078125
Finished EM iter: 2. Current nllh: 7934.70169909877
Starting EM iter: 3
Estep
Estep runtime (s): 0.08754301071166992
Mstep
Optimizing phi
Optimizing branch lengths. Current phi: 0. Current nu:0.267345598892952
Optimizing nu
Mstep runtime (s): 0.1981971263885498
Finished EM iter: 3. Current nllh: 7930.239081603667
Starting EM iter: 4
Estep
Estep runtime (s): 0.08686494827270508
Mstep
Optimizing phi
Optimizing branch lengths. Current phi: 0. Current nu:0.26391370332405234
Optimizing nu
Mstep runtime (s): 0.2157430648803711
Finished EM iter: 4. Current nllh: 7929.771271514988
Starting EM iter: 5
Estep
Estep runtime (s): 0.08730196952819824
Mstep
Optimizing phi
Optimizing branch lengths. Current phi: 0. Current nu:0.2624336277825031
Optimizing nu
Mstep runtime (s): 0.20001721382141113
Finished EM iter: 5. Current nllh: 7929.678168211303
Starting EM iter: 6
Estep
Estep runtime (s): 0.08702731132507324
Mstep
Optimizing phi
Optimizing branch lengths. Current phi: 0. Current nu:0.2618838957538938
Optimizing nu
Mstep runtime (s): 0.19005203247070312
Finished EM iter: 6. Current nllh: 7929.638011459083
Starting EM iter: 7
Estep
Estep runtime (s): 0.08689498901367188
Mstep
Optimizing phi
Optimizing branch lengths. Current phi: 0. Current nu:0.2616884112774301
Optimizing nu
Mstep runtime (s): 0.20833587646484375
Finished EM iter: 7. Current nllh: 7929.614359433504
Starting EM iter: 8
Estep
Estep runtime (s): 0.08710503578186035
Mstep
Optimizing phi
Optimizing branch lengths. Current phi: 0. Current nu:0.261618880383772
Optimizing nu
Mstep runtime (s): 0.20699501037597656
Finished EM iter: 8. Current nllh: 7929.5985090818185
Starting EM iter: 9
Estep
Estep runtime (s): 0.08696508407592773
Mstep
Optimizing phi
Optimizing branch lengths. Current phi: 0. Current nu:0.26159296552471595
Optimizing nu
Mstep runtime (s): 0.19013309478759766
Finished EM iter: 9. Current nllh: 7929.587789657893
Starting EM iter: 10
Estep
Estep runtime (s): 0.08706784248352051
Mstep
Optimizing phi
Optimizing branch lengths. Current phi: 0. Current nu:0.26158435783641665
Optimizing nu
Mstep runtime (s): 0.20968914031982422
Finished EM iter: 10. Current nllh: 7929.579835377891
Starting EM iter: 11
Estep
Estep runtime (s): 0.08712506294250488
Mstep
Optimizing phi
Optimizing branch lengths. Current phi: 0. Current nu:0.26158004589364037
Optimizing nu
Mstep runtime (s): 0.19484281539916992
Finished EM iter: 11. Current nllh: 7929.579221950268
Starting EM iter: 12
Estep
Estep runtime (s): 0.08711767196655273
Mstep
Optimizing phi
Optimizing branch lengths. Current phi: 0. Current nu:0.26157611591467
Optimizing nu
Mstep runtime (s): 0.1950070858001709
Finished EM iter: 12. Current nllh: 7929.579217562683
EM finished after 12 iterations.
Optimal phi: 0. Optimal nu: 0.2615741986210651. Optimal nllh: 7929.579217562683
Optimal point found for initial point 1
Numerical optimization finished successfully
Tree height pre-scaling: 0.7404019837117456, input timescale: 1.0
Tree height after scaling: 1.0, mutation rate: 0.7404019837117456
Tree height pre-scaling: 0.740401983709051, input timescale: 1.0
Tree height after scaling: 1.0, mutation rate: 0.740401983709051
Tree height pre-scaling: 0.7404019837193688, input timescale: 1.0
Tree height after scaling: 1.0, mutation rate: 0.7404019837193688
Tree height pre-scaling: 0.740401983722468, input timescale: 1.0
Tree height after scaling: 0.9999999999999999, mutation rate: 0.740401983722468
Tree height pre-scaling: 0.7404019837207428, input timescale: 1.0
Tree height after scaling: 1.0, mutation rate: 0.7404019837207428
Tree height pre-scaling: 0.7404019837228467, input timescale: 1.0
Tree height after scaling: 1.0000000000000002, mutation rate: 0.7404019837228467
Tree height pre-scaling: 0.7404019837057277, input timescale: 1.0
Tree height after scaling: 1.0, mutation rate: 0.7404019837057277
Tree height pre-scaling: 0.7404019837108586, input timescale: 1.0
Tree height after scaling: 1.0, mutation rate: 0.7404019837108586
Tree height pre-scaling: 0.7404019837278484, input timescale: 1.0
Tree height after scaling: 1.0, mutation rate: 0.7404019837278484
Tree height pre-scaling: 0.7404019837083325, input timescale: 1.0
Tree height after scaling: 1.0, mutation rate: 0.7404019837083325
Tree height pre-scaling: 0.740401983715905, input timescale: 1.0
Tree height after scaling: 1.0, mutation rate: 0.740401983715905
Tree height pre-scaling: 0.7404019837102472, input timescale: 1.0
Tree height after scaling: 1.0, mutation rate: 0.7404019837102472
Tree height pre-scaling: 0.7404019837054368, input timescale: 1.0
Tree height after scaling: 1.0, mutation rate: 0.7404019837054368
Tree height pre-scaling: 0.7404019838313027, input timescale: 1.0
Tree height after scaling: 1.0, mutation rate: 0.7404019838313027
Runtime (s): 3.9358880000000003
