Launching LAML version 0.0.4
LAML was called as follows: /Users/uym2/my_gits/LAML/run_laml.py -c ../../evaluation/Bar11/Bar11_character_matrix.txt -t place_outlier6/augmented_tree_215.nwk -o place_outlier6/augmented_tree_215_optimized -v -p ../../evaluation/Bar11/Bar11_priors.pickle --delimiter tab -m -1 --nInitials 1
Prior keys mismatch with site names.
Prior keys: [0, 1, 2, 3, 4, 5, 6, 7, 8, 9, 10, 11, 12, 13, 14, 15, 16, 17, 18, 19, 20, 21, 22, 23, 24, 25, 26]
Site names: ['r1', 'r2', 'r3', 'r4', 'r5', 'r6', 'r7', 'r8', 'r9', 'r10', 'r11', 'r12', 'r13', 'r14', 'r15', 'r16', 'r17', 'r18', 'r19', 'r20', 'r21', 'r22', 'r23', 'r24', 'r25', 'r26', 'r27']
Attempting to infer mapping between site names and prior keys...
{'r1': 0, 'r2': 1, 'r3': 2, 'r4': 3, 'r5': 4, 'r6': 5, 'r7': 6, 'r8': 7, 'r9': 8, 'r10': 9, 'r11': 10, 'r12': 11, 'r13': 12, 'r14': 13, 'r15': 14, 'r16': 15, 'r17': 16, 'r18': 17, 'r19': 18, 'r20': 19, 'r21': 20, 'r22': 21, 'r23': 22, 'r24': 23, 'r25': 24, 'r26': 25, 'r27': 26}
Optimizing branch lengths, phi, and nu without topology search
Optimization by EM algorithm
Optimization start with 1 initials
Initial point 1. Random seed: 1934
Numerical optimization started with ultrametric constraint (default)
Initial phi: 0. Initial nu: 0.26955655566205877. Initial nllh: 9280.609147996007
Starting EM iter: 1
Estep
Estep runtime (s): 0.06504702568054199
Mstep
Optimizing phi
Optimizing branch lengths. Current phi: 0. Current nu:0.26955655566205877
Optimizing nu
Mstep runtime (s): 0.22441887855529785
Finished EM iter: 1. Current nllh: 7604.136227947574
Starting EM iter: 2
Estep
Estep runtime (s): 0.08548808097839355
Mstep
Optimizing phi
Optimizing branch lengths. Current phi: 0. Current nu:0.27575598032605286
Optimizing nu
Mstep runtime (s): 0.2513279914855957
Finished EM iter: 2. Current nllh: 7568.3201909097725
Starting EM iter: 3
Estep
Estep runtime (s): 0.08555912971496582
Mstep
Optimizing phi
Optimizing branch lengths. Current phi: 0. Current nu:0.27190626611787494
Optimizing nu
Mstep runtime (s): 0.2000288963317871
Finished EM iter: 3. Current nllh: 7564.057834224588
Starting EM iter: 4
Estep
Estep runtime (s): 0.08702301979064941
Mstep
Optimizing phi
Optimizing branch lengths. Current phi: 0. Current nu:0.2684679507486487
Optimizing nu
Mstep runtime (s): 0.19472122192382812
Finished EM iter: 4. Current nllh: 7563.617986738496
Starting EM iter: 5
Estep
Estep runtime (s): 0.08659696578979492
Mstep
Optimizing phi
Optimizing branch lengths. Current phi: 0. Current nu:0.266897869067007
Optimizing nu
Mstep runtime (s): 0.22129106521606445
Finished EM iter: 5. Current nllh: 7563.531275132811
Starting EM iter: 6
Estep
Estep runtime (s): 0.08525896072387695
Mstep
Optimizing phi
Optimizing branch lengths. Current phi: 0. Current nu:0.26629546558515815
Optimizing nu
Mstep runtime (s): 0.1933917999267578
Finished EM iter: 6. Current nllh: 7563.493138283863
Starting EM iter: 7
Estep
Estep runtime (s): 0.0854482650756836
Mstep
Optimizing phi
Optimizing branch lengths. Current phi: 0. Current nu:0.26607543992097815
Optimizing nu
Mstep runtime (s): 0.21765804290771484
Finished EM iter: 7. Current nllh: 7563.470010824422
Starting EM iter: 8
Estep
Estep runtime (s): 0.08585596084594727
Mstep
Optimizing phi
Optimizing branch lengths. Current phi: 0. Current nu:0.2659954804800445
Optimizing nu
Mstep runtime (s): 0.23029303550720215
Finished EM iter: 8. Current nllh: 7563.454503135879
Starting EM iter: 9
Estep
Estep runtime (s): 0.08621501922607422
Mstep
Optimizing phi
Optimizing branch lengths. Current phi: 0. Current nu:0.2659661166569534
Optimizing nu
Mstep runtime (s): 0.20920228958129883
Finished EM iter: 9. Current nllh: 7563.443648881683
Starting EM iter: 10
Estep
Estep runtime (s): 0.08581805229187012
Mstep
Optimizing phi
Optimizing branch lengths. Current phi: 0. Current nu:0.26595443491210485
Optimizing nu
Mstep runtime (s): 0.2034013271331787
Finished EM iter: 10. Current nllh: 7563.436281109235
Starting EM iter: 11
Estep
Estep runtime (s): 0.08539390563964844
Mstep
Optimizing phi
Optimizing branch lengths. Current phi: 0. Current nu:0.2659498269851825
Optimizing nu
Mstep runtime (s): 0.26665616035461426
Finished EM iter: 11. Current nllh: 7563.436252390951
EM finished after 11 iterations.
Optimal phi: 0. Optimal nu: 0.26594359938524076. Optimal nllh: 7563.436252390951
Optimal point found for initial point 1
Numerical optimization finished successfully
Tree height pre-scaling: 0.719941101840752, input timescale: 1.0
Tree height after scaling: 1.0, mutation rate: 0.719941101840752
Tree height pre-scaling: 0.7199411019874635, input timescale: 1.0
Tree height after scaling: 1.0, mutation rate: 0.7199411019874635
Tree height pre-scaling: 0.7199411052433653, input timescale: 1.0
Tree height after scaling: 1.0, mutation rate: 0.7199411052433653
Tree height pre-scaling: 0.7199411080717717, input timescale: 1.0
Tree height after scaling: 1.0000000000000002, mutation rate: 0.7199411080717717
Tree height pre-scaling: 0.7199411056096241, input timescale: 1.0
Tree height after scaling: 1.0, mutation rate: 0.7199411056096241
Tree height pre-scaling: 0.71994110701703, input timescale: 1.0
Tree height after scaling: 1.0000000000000002, mutation rate: 0.71994110701703
Tree height pre-scaling: 0.7199410996786362, input timescale: 1.0
Tree height after scaling: 1.0, mutation rate: 0.7199410996786362
Tree height pre-scaling: 0.7199411015154911, input timescale: 1.0
Tree height after scaling: 1.0, mutation rate: 0.7199411015154911
Tree height pre-scaling: 0.7199411093163475, input timescale: 1.0
Tree height after scaling: 1.0, mutation rate: 0.7199411093163475
Tree height pre-scaling: 0.7199411006971029, input timescale: 1.0
Tree height after scaling: 1.0, mutation rate: 0.7199411006971029
Tree height pre-scaling: 0.7199411042505737, input timescale: 1.0
Tree height after scaling: 1.0, mutation rate: 0.7199411042505737
Tree height pre-scaling: 0.7199411013786865, input timescale: 1.0
Tree height after scaling: 0.9999999999999998, mutation rate: 0.7199411013786865
Tree height pre-scaling: 0.7199410994803369, input timescale: 1.0
Tree height after scaling: 1.0, mutation rate: 0.7199410994803369
Tree height pre-scaling: 0.7199411050247589, input timescale: 1.0
Tree height after scaling: 1.0, mutation rate: 0.7199411050247589
Runtime (s): 3.771898083
