Launching LAML version 0.0.4
LAML was called as follows: /Users/uym2/my_gits/LAML/run_laml.py -c ../../evaluation/Bar11/Bar11_character_matrix.txt -t place_outlier6/augmented_tree_227.nwk -o place_outlier6/augmented_tree_227_optimized -v -p ../../evaluation/Bar11/Bar11_priors.pickle --delimiter tab -m -1 --nInitials 1
Prior keys mismatch with site names.
Prior keys: [0, 1, 2, 3, 4, 5, 6, 7, 8, 9, 10, 11, 12, 13, 14, 15, 16, 17, 18, 19, 20, 21, 22, 23, 24, 25, 26]
Site names: ['r1', 'r2', 'r3', 'r4', 'r5', 'r6', 'r7', 'r8', 'r9', 'r10', 'r11', 'r12', 'r13', 'r14', 'r15', 'r16', 'r17', 'r18', 'r19', 'r20', 'r21', 'r22', 'r23', 'r24', 'r25', 'r26', 'r27']
Attempting to infer mapping between site names and prior keys...
{'r1': 0, 'r2': 1, 'r3': 2, 'r4': 3, 'r5': 4, 'r6': 5, 'r7': 6, 'r8': 7, 'r9': 8, 'r10': 9, 'r11': 10, 'r12': 11, 'r13': 12, 'r14': 13, 'r15': 14, 'r16': 15, 'r17': 16, 'r18': 17, 'r19': 18, 'r20': 19, 'r21': 20, 'r22': 21, 'r23': 22, 'r24': 23, 'r25': 24, 'r26': 25, 'r27': 26}
Optimizing branch lengths, phi, and nu without topology search
Optimization by EM algorithm
Optimization start with 1 initials
Initial point 1. Random seed: 2175
Numerical optimization started with ultrametric constraint (default)
Initial phi: 0. Initial nu: 0.26955655566205877. Initial nllh: 9106.303063892796
Starting EM iter: 1
Estep
Estep runtime (s): 0.06455492973327637
Mstep
Optimizing phi
Optimizing branch lengths. Current phi: 0. Current nu:0.26955655566205877
Optimizing nu
Mstep runtime (s): 0.21357369422912598
Finished EM iter: 1. Current nllh: 7528.845005530922
Starting EM iter: 2
Estep
Estep runtime (s): 0.08685970306396484
Mstep
Optimizing phi
Optimizing branch lengths. Current phi: 0. Current nu:0.27855455929795464
Optimizing nu
Mstep runtime (s): 0.20879602432250977
Finished EM iter: 2. Current nllh: 7493.307923043378
Starting EM iter: 3
Estep
Estep runtime (s): 0.09032797813415527
Mstep
Optimizing phi
Optimizing branch lengths. Current phi: 0. Current nu:0.27603555979256533
Optimizing nu
Mstep runtime (s): 0.25211095809936523
Finished EM iter: 3. Current nllh: 7489.056825599866
Starting EM iter: 4
Estep
Estep runtime (s): 0.08699965476989746
Mstep
Optimizing phi
Optimizing branch lengths. Current phi: 0. Current nu:0.273220597287793
Optimizing nu
Mstep runtime (s): 0.22280478477478027
Finished EM iter: 4. Current nllh: 7488.600622125928
Starting EM iter: 5
Estep
Estep runtime (s): 0.0870201587677002
Mstep
Optimizing phi
Optimizing branch lengths. Current phi: 0. Current nu:0.2718623047003195
Optimizing nu
Mstep runtime (s): 0.22841691970825195
Finished EM iter: 5. Current nllh: 7488.506611305886
Starting EM iter: 6
Estep
Estep runtime (s): 0.08712410926818848
Mstep
Optimizing phi
Optimizing branch lengths. Current phi: 0. Current nu:0.2713171962285294
Optimizing nu
Mstep runtime (s): 0.2296459674835205
Finished EM iter: 6. Current nllh: 7488.465498169779
Starting EM iter: 7
Estep
Estep runtime (s): 0.0869290828704834
Mstep
Optimizing phi
Optimizing branch lengths. Current phi: 0. Current nu:0.27110810305584887
Optimizing nu
Mstep runtime (s): 0.21478509902954102
Finished EM iter: 7. Current nllh: 7488.441213920334
Starting EM iter: 8
Estep
Estep runtime (s): 0.08716225624084473
Mstep
Optimizing phi
Optimizing branch lengths. Current phi: 0. Current nu:0.27102689072989317
Optimizing nu
Mstep runtime (s): 0.25086307525634766
Finished EM iter: 8. Current nllh: 7488.425216690066
Starting EM iter: 9
Estep
Estep runtime (s): 0.08713006973266602
Mstep
Optimizing phi
Optimizing branch lengths. Current phi: 0. Current nu:0.2709945767628917
Optimizing nu
Mstep runtime (s): 0.21709203720092773
Finished EM iter: 9. Current nllh: 7488.414079983769
Starting EM iter: 10
Estep
Estep runtime (s): 0.08732104301452637
Mstep
Optimizing phi
Optimizing branch lengths. Current phi: 0. Current nu:0.27098165480127845
Optimizing nu
Mstep runtime (s): 0.2452399730682373
Finished EM iter: 10. Current nllh: 7488.4069840736565
Starting EM iter: 11
Estep
Estep runtime (s): 0.0875389575958252
Mstep
Optimizing phi
Optimizing branch lengths. Current phi: 0. Current nu:0.27097417584240635
Optimizing nu
Mstep runtime (s): 0.2015678882598877
Finished EM iter: 11. Current nllh: 7488.406918275979
EM finished after 11 iterations.
Optimal phi: 0. Optimal nu: 0.2709672132758382. Optimal nllh: 7488.406918275979
Optimal point found for initial point 1
Numerical optimization finished successfully
Tree height pre-scaling: 0.7137532068453822, input timescale: 1.0
Tree height after scaling: 1.0, mutation rate: 0.7137532068453822
Tree height pre-scaling: 0.7137532068543632, input timescale: 1.0
Tree height after scaling: 1.0, mutation rate: 0.7137532068543632
Tree height pre-scaling: 0.7137532071980024, input timescale: 1.0
Tree height after scaling: 1.0, mutation rate: 0.7137532071980024
Tree height pre-scaling: 0.7137532074371303, input timescale: 1.0
Tree height after scaling: 1.0, mutation rate: 0.7137532074371303
Tree height pre-scaling: 0.713753207206286, input timescale: 1.0
Tree height after scaling: 1.0, mutation rate: 0.713753207206286
Tree height pre-scaling: 0.7137532073110937, input timescale: 1.0
Tree height after scaling: 1.0, mutation rate: 0.7137532073110937
Tree height pre-scaling: 0.713753206621151, input timescale: 1.0
Tree height after scaling: 1.0, mutation rate: 0.713753206621151
Tree height pre-scaling: 0.7137532068275574, input timescale: 1.0
Tree height after scaling: 1.0, mutation rate: 0.7137532068275574
Tree height pre-scaling: 0.7137532075719057, input timescale: 1.0
Tree height after scaling: 1.0, mutation rate: 0.7137532075719057
Tree height pre-scaling: 0.7137532067412661, input timescale: 1.0
Tree height after scaling: 1.0, mutation rate: 0.7137532067412661
Tree height pre-scaling: 0.713753207068346, input timescale: 1.0
Tree height after scaling: 0.9999999999999999, mutation rate: 0.713753207068346
Tree height pre-scaling: 0.7137532068205208, input timescale: 1.0
Tree height after scaling: 1.0, mutation rate: 0.7137532068205208
Tree height pre-scaling: 0.7137532066196225, input timescale: 1.0
Tree height after scaling: 1.0, mutation rate: 0.7137532066196225
Tree height pre-scaling: 0.7137532070136984, input timescale: 1.0
Tree height after scaling: 1.0, mutation rate: 0.7137532070136984
Runtime (s): 3.866226416
