Launching LAML version 0.0.4
LAML was called as follows: /Users/uym2/my_gits/LAML/run_laml.py -c ../../evaluation/Bar11/Bar11_character_matrix.txt -t place_outlier6/augmented_tree_257.nwk -o place_outlier6/augmented_tree_257_optimized -v -p ../../evaluation/Bar11/Bar11_priors.pickle --delimiter tab -m -1 --nInitials 1
Prior keys mismatch with site names.
Prior keys: [0, 1, 2, 3, 4, 5, 6, 7, 8, 9, 10, 11, 12, 13, 14, 15, 16, 17, 18, 19, 20, 21, 22, 23, 24, 25, 26]
Site names: ['r1', 'r2', 'r3', 'r4', 'r5', 'r6', 'r7', 'r8', 'r9', 'r10', 'r11', 'r12', 'r13', 'r14', 'r15', 'r16', 'r17', 'r18', 'r19', 'r20', 'r21', 'r22', 'r23', 'r24', 'r25', 'r26', 'r27']
Attempting to infer mapping between site names and prior keys...
{'r1': 0, 'r2': 1, 'r3': 2, 'r4': 3, 'r5': 4, 'r6': 5, 'r7': 6, 'r8': 7, 'r9': 8, 'r10': 9, 'r11': 10, 'r12': 11, 'r13': 12, 'r14': 13, 'r15': 14, 'r16': 15, 'r17': 16, 'r18': 17, 'r19': 18, 'r20': 19, 'r21': 20, 'r22': 21, 'r23': 22, 'r24': 23, 'r25': 24, 'r26': 25, 'r27': 26}
Optimizing branch lengths, phi, and nu without topology search
Optimization by EM algorithm
Optimization start with 1 initials
Initial point 1. Random seed: 6533
Numerical optimization started with ultrametric constraint (default)
Initial phi: 0. Initial nu: 0.26955655566205877. Initial nllh: 9147.946663017548
Starting EM iter: 1
Estep
Estep runtime (s): 0.06511712074279785
Mstep
Optimizing phi
Optimizing branch lengths. Current phi: 0. Current nu:0.26955655566205877
Optimizing nu
Mstep runtime (s): 0.23634576797485352
Finished EM iter: 1. Current nllh: 7591.9472995527685
Starting EM iter: 2
Estep
Estep runtime (s): 0.08643412590026855
Mstep
Optimizing phi
Optimizing branch lengths. Current phi: 0. Current nu:0.27471227390731
Optimizing nu
Mstep runtime (s): 0.19679522514343262
Finished EM iter: 2. Current nllh: 7559.1102121744225
Starting EM iter: 3
Estep
Estep runtime (s): 0.08809113502502441
Mstep
Optimizing phi
Optimizing branch lengths. Current phi: 0. Current nu:0.271224827030126
Optimizing nu
Mstep runtime (s): 0.19555211067199707
Finished EM iter: 3. Current nllh: 7555.883956287683
Starting EM iter: 4
Estep
Estep runtime (s): 0.08650493621826172
Mstep
Optimizing phi
Optimizing branch lengths. Current phi: 0. Current nu:0.26835470346434037
Optimizing nu
Mstep runtime (s): 0.22646498680114746
Finished EM iter: 4. Current nllh: 7555.571466175008
Starting EM iter: 5
Estep
Estep runtime (s): 0.08686208724975586
Mstep
Optimizing phi
Optimizing branch lengths. Current phi: 0. Current nu:0.26704658975062306
Optimizing nu
Mstep runtime (s): 0.2354419231414795
Finished EM iter: 5. Current nllh: 7555.542620189469
Starting EM iter: 6
Estep
Estep runtime (s): 0.08665108680725098
Mstep
Optimizing phi
Optimizing branch lengths. Current phi: 0. Current nu:0.26653328472434956
Optimizing nu
Mstep runtime (s): 0.22998809814453125
Finished EM iter: 6. Current nllh: 7555.538901141019
Starting EM iter: 7
Estep
Estep runtime (s): 0.08871912956237793
Mstep
Optimizing phi
Optimizing branch lengths. Current phi: 0. Current nu:0.2663393943844433
Optimizing nu
Mstep runtime (s): 0.24546575546264648
Finished EM iter: 7. Current nllh: 7555.538556706274
Starting EM iter: 8
Estep
Estep runtime (s): 0.08706808090209961
Mstep
Optimizing phi
Optimizing branch lengths. Current phi: 0. Current nu:0.26626508107489444
Optimizing nu
Mstep runtime (s): 0.25986576080322266
Finished EM iter: 8. Current nllh: 7555.538590022003
EM finished after 8 iterations.
Optimal phi: 0. Optimal nu: 0.2662352084220263. Optimal nllh: 7555.538590022003
Optimal point found for initial point 1
Numerical optimization finished successfully
Tree height pre-scaling: 0.7186112364877044, input timescale: 1.0
Tree height after scaling: 1.0, mutation rate: 0.7186112364877044
Tree height pre-scaling: 0.7186112414750319, input timescale: 1.0
Tree height after scaling: 1.0, mutation rate: 0.7186112414750319
Tree height pre-scaling: 0.718611275905079, input timescale: 1.0
Tree height after scaling: 1.0, mutation rate: 0.718611275905079
Tree height pre-scaling: 0.7186112843076942, input timescale: 1.0
Tree height after scaling: 1.0, mutation rate: 0.7186112843076942
Tree height pre-scaling: 0.7186113075579267, input timescale: 1.0
Tree height after scaling: 1.0, mutation rate: 0.7186113075579267
Tree height pre-scaling: 0.7186112116342558, input timescale: 1.0
Tree height after scaling: 1.0, mutation rate: 0.7186112116342558
Tree height pre-scaling: 0.7186112325321719, input timescale: 1.0
Tree height after scaling: 1.0, mutation rate: 0.7186112325321719
Tree height pre-scaling: 0.7186113319123217, input timescale: 1.0
Tree height after scaling: 1.0, mutation rate: 0.7186113319123217
Tree height pre-scaling: 0.7186112214373831, input timescale: 1.0
Tree height after scaling: 1.0, mutation rate: 0.7186112214373831
Tree height pre-scaling: 0.7186112701405338, input timescale: 1.0
Tree height after scaling: 1.0, mutation rate: 0.7186112701405338
Tree height pre-scaling: 0.71861122851442, input timescale: 1.0
Tree height after scaling: 1.0, mutation rate: 0.71861122851442
Tree height pre-scaling: 0.7186112068261404, input timescale: 1.0
Tree height after scaling: 1.0, mutation rate: 0.7186112068261404
Tree height pre-scaling: 0.7186112515968867, input timescale: 1.0
Tree height after scaling: 1.0, mutation rate: 0.7186112515968867
Tree height pre-scaling: 0.7186112544711293, input timescale: 1.0
Tree height after scaling: 1.0, mutation rate: 0.7186112544711293
Runtime (s): 2.860450959
