Launching LAML version 0.0.4
LAML was called as follows: /Users/uym2/my_gits/LAML/run_laml.py -c ../../evaluation/Bar11/Bar11_character_matrix.txt -t place_outlier6/augmented_tree_135.nwk -o place_outlier6/augmented_tree_135_optimized -v -p ../../evaluation/Bar11/Bar11_priors.pickle --delimiter tab -m -1 --nInitials 1
Prior keys mismatch with site names.
Prior keys: [0, 1, 2, 3, 4, 5, 6, 7, 8, 9, 10, 11, 12, 13, 14, 15, 16, 17, 18, 19, 20, 21, 22, 23, 24, 25, 26]
Site names: ['r1', 'r2', 'r3', 'r4', 'r5', 'r6', 'r7', 'r8', 'r9', 'r10', 'r11', 'r12', 'r13', 'r14', 'r15', 'r16', 'r17', 'r18', 'r19', 'r20', 'r21', 'r22', 'r23', 'r24', 'r25', 'r26', 'r27']
Attempting to infer mapping between site names and prior keys...
{'r1': 0, 'r2': 1, 'r3': 2, 'r4': 3, 'r5': 4, 'r6': 5, 'r7': 6, 'r8': 7, 'r9': 8, 'r10': 9, 'r11': 10, 'r12': 11, 'r13': 12, 'r14': 13, 'r15': 14, 'r16': 15, 'r17': 16, 'r18': 17, 'r19': 18, 'r20': 19, 'r21': 20, 'r22': 21, 'r23': 22, 'r24': 23, 'r25': 24, 'r26': 25, 'r27': 26}
Optimizing branch lengths, phi, and nu without topology search
Optimization by EM algorithm
Optimization start with 1 initials
Initial point 1. Random seed: 2626
Numerical optimization started with ultrametric constraint (default)
Initial phi: 0. Initial nu: 0.26955655566205877. Initial nllh: 8973.311136454104
Starting EM iter: 1
Estep
Estep runtime (s): 0.06605696678161621
Mstep
Optimizing phi
Optimizing branch lengths. Current phi: 0. Current nu:0.26955655566205877
Optimizing nu
Mstep runtime (s): 0.24742984771728516
Finished EM iter: 1. Current nllh: 7504.53210036923
Starting EM iter: 2
Estep
Estep runtime (s): 0.09043216705322266
Mstep
Optimizing phi
Optimizing branch lengths. Current phi: 0. Current nu:0.2765636734158887
Optimizing nu
Mstep runtime (s): 0.22046375274658203
Finished EM iter: 2. Current nllh: 7470.307633455039
Starting EM iter: 3
Estep
Estep runtime (s): 0.08742880821228027
Mstep
Optimizing phi
Optimizing branch lengths. Current phi: 0. Current nu:0.27358873998519173
Optimizing nu
Mstep runtime (s): 0.2242870330810547
Finished EM iter: 3. Current nllh: 7467.579344964788
Starting EM iter: 4
Estep
Estep runtime (s): 0.09239792823791504
Mstep
Optimizing phi
Optimizing branch lengths. Current phi: 0. Current nu:0.27149615549358436
Optimizing nu
Mstep runtime (s): 0.2291882038116455
Finished EM iter: 4. Current nllh: 7467.378788128023
Starting EM iter: 5
Estep
Estep runtime (s): 0.0920100212097168
Mstep
Optimizing phi
Optimizing branch lengths. Current phi: 0. Current nu:0.2706535361949778
Optimizing nu
Mstep runtime (s): 0.20840883255004883
Finished EM iter: 5. Current nllh: 7467.32100179784
Starting EM iter: 6
Estep
Estep runtime (s): 0.09117388725280762
Mstep
Optimizing phi
Optimizing branch lengths. Current phi: 0. Current nu:0.270361012364234
Optimizing nu
Mstep runtime (s): 0.2431349754333496
Finished EM iter: 6. Current nllh: 7467.289128146866
Starting EM iter: 7
Estep
Estep runtime (s): 0.08738899230957031
Mstep
Optimizing phi
Optimizing branch lengths. Current phi: 0. Current nu:0.27025862825694563
Optimizing nu
Mstep runtime (s): 0.19808197021484375
Finished EM iter: 7. Current nllh: 7467.268099581037
Starting EM iter: 8
Estep
Estep runtime (s): 0.08995294570922852
Mstep
Optimizing phi
Optimizing branch lengths. Current phi: 0. Current nu:0.2702226105719262
Optimizing nu
Mstep runtime (s): 0.19756007194519043
Finished EM iter: 8. Current nllh: 7467.253395896948
Starting EM iter: 9
Estep
Estep runtime (s): 0.08809089660644531
Mstep
Optimizing phi
Optimizing branch lengths. Current phi: 0. Current nu:0.2702086405312035
Optimizing nu
Mstep runtime (s): 0.19782710075378418
Finished EM iter: 9. Current nllh: 7467.242893060689
Starting EM iter: 10
Estep
Estep runtime (s): 0.0902559757232666
Mstep
Optimizing phi
Optimizing branch lengths. Current phi: 0. Current nu:0.2702022963830949
Optimizing nu
Mstep runtime (s): 0.2293539047241211
Finished EM iter: 10. Current nllh: 7467.235946536775
Starting EM iter: 11
Estep
Estep runtime (s): 0.0864558219909668
Mstep
Optimizing phi
Optimizing branch lengths. Current phi: 0. Current nu:0.27019779478324385
Optimizing nu
Mstep runtime (s): 0.2129230499267578
Finished EM iter: 11. Current nllh: 7467.235921196862
EM finished after 11 iterations.
Optimal phi: 0. Optimal nu: 0.2701918963502782. Optimal nllh: 7467.235921196862
Optimal point found for initial point 1
Numerical optimization finished successfully
Tree height pre-scaling: 0.7136653081526244, input timescale: 1.0
Tree height after scaling: 1.0, mutation rate: 0.7136653081526244
Tree height pre-scaling: 0.7136653184766004, input timescale: 1.0
Tree height after scaling: 1.0, mutation rate: 0.7136653184766004
Tree height pre-scaling: 0.7136654427353677, input timescale: 1.0
Tree height after scaling: 1.0, mutation rate: 0.7136654427353677
Tree height pre-scaling: 0.7136655764223374, input timescale: 1.0
Tree height after scaling: 1.0, mutation rate: 0.7136655764223374
Tree height pre-scaling: 0.7136655052345864, input timescale: 1.0
Tree height after scaling: 1.0, mutation rate: 0.7136655052345864
Tree height pre-scaling: 0.7136652150127945, input timescale: 1.0
Tree height after scaling: 1.0, mutation rate: 0.7136652150127945
Tree height pre-scaling: 0.7136652938415735, input timescale: 1.0
Tree height after scaling: 1.0, mutation rate: 0.7136652938415735
Tree height pre-scaling: 0.7136654649395364, input timescale: 1.0
Tree height after scaling: 1.0, mutation rate: 0.7136654649395364
Tree height pre-scaling: 0.7136655184980082, input timescale: 1.0
Tree height after scaling: 1.0, mutation rate: 0.7136655184980082
Tree height pre-scaling: 0.7136652237619701, input timescale: 1.0
Tree height after scaling: 1.0, mutation rate: 0.7136652237619701
Tree height pre-scaling: 0.7136652924411072, input timescale: 1.0
Tree height after scaling: 1.0, mutation rate: 0.7136652924411072
Tree height pre-scaling: 0.7136656127081542, input timescale: 1.0
Tree height after scaling: 1.0, mutation rate: 0.7136656127081542
Tree height pre-scaling: 0.713665258910712, input timescale: 1.0
Tree height after scaling: 1.0, mutation rate: 0.713665258910712
Tree height pre-scaling: 0.7136655036274591, input timescale: 1.0
Tree height after scaling: 1.0, mutation rate: 0.7136655036274591
Runtime (s): 3.815340125
