Launching LAML version 0.0.4
LAML was called as follows: /Users/uym2/my_gits/LAML/run_laml.py -c ../../evaluation/Bar11/Bar11_character_matrix.txt -t place_outlier6/augmented_tree_158.nwk -o place_outlier6/augmented_tree_158_optimized -v -p ../../evaluation/Bar11/Bar11_priors.pickle --delimiter tab -m -1 --nInitials 1
Prior keys mismatch with site names.
Prior keys: [0, 1, 2, 3, 4, 5, 6, 7, 8, 9, 10, 11, 12, 13, 14, 15, 16, 17, 18, 19, 20, 21, 22, 23, 24, 25, 26]
Site names: ['r1', 'r2', 'r3', 'r4', 'r5', 'r6', 'r7', 'r8', 'r9', 'r10', 'r11', 'r12', 'r13', 'r14', 'r15', 'r16', 'r17', 'r18', 'r19', 'r20', 'r21', 'r22', 'r23', 'r24', 'r25', 'r26', 'r27']
Attempting to infer mapping between site names and prior keys...
{'r1': 0, 'r2': 1, 'r3': 2, 'r4': 3, 'r5': 4, 'r6': 5, 'r7': 6, 'r8': 7, 'r9': 8, 'r10': 9, 'r11': 10, 'r12': 11, 'r13': 12, 'r14': 13, 'r15': 14, 'r16': 15, 'r17': 16, 'r18': 17, 'r19': 18, 'r20': 19, 'r21': 20, 'r22': 21, 'r23': 22, 'r24': 23, 'r25': 24, 'r26': 25, 'r27': 26}
Optimizing branch lengths, phi, and nu without topology search
Optimization by EM algorithm
Optimization start with 1 initials
Initial point 1. Random seed: 8076
Numerical optimization started with ultrametric constraint (default)
Initial phi: 0. Initial nu: 0.26955655566205877. Initial nllh: 9002.696103136757
Starting EM iter: 1
Estep
Estep runtime (s): 0.06523489952087402
Mstep
Optimizing phi
Optimizing branch lengths. Current phi: 0. Current nu:0.26955655566205877
Optimizing nu
Mstep runtime (s): 0.2178940773010254
Finished EM iter: 1. Current nllh: 7591.050823234425
Starting EM iter: 2
Estep
Estep runtime (s): 0.09132122993469238
Mstep
Optimizing phi
Optimizing branch lengths. Current phi: 0. Current nu:0.2785504824057057
Optimizing nu
Mstep runtime (s): 0.2114250659942627
Finished EM iter: 2. Current nllh: 7555.863003012795
Starting EM iter: 3
Estep
Estep runtime (s): 0.08827710151672363
Mstep
Optimizing phi
Optimizing branch lengths. Current phi: 0. Current nu:0.27623015575562626
Optimizing nu
Mstep runtime (s): 0.20628809928894043
Finished EM iter: 3. Current nllh: 7553.063447774804
Starting EM iter: 4
Estep
Estep runtime (s): 0.08940625190734863
Mstep
Optimizing phi
Optimizing branch lengths. Current phi: 0. Current nu:0.274352066554337
Optimizing nu
Mstep runtime (s): 0.20003986358642578
Finished EM iter: 4. Current nllh: 7552.847664184059
Starting EM iter: 5
Estep
Estep runtime (s): 0.09004807472229004
Mstep
Optimizing phi
Optimizing branch lengths. Current phi: 0. Current nu:0.2735718824928772
Optimizing nu
Mstep runtime (s): 0.20889496803283691
Finished EM iter: 5. Current nllh: 7552.7828246363915
Starting EM iter: 6
Estep
Estep runtime (s): 0.08805179595947266
Mstep
Optimizing phi
Optimizing branch lengths. Current phi: 0. Current nu:0.27329560901757016
Optimizing nu
Mstep runtime (s): 0.18882083892822266
Finished EM iter: 6. Current nllh: 7552.747459330433
Starting EM iter: 7
Estep
Estep runtime (s): 0.08812904357910156
Mstep
Optimizing phi
Optimizing branch lengths. Current phi: 0. Current nu:0.2731974761036055
Optimizing nu
Mstep runtime (s): 0.20659875869750977
Finished EM iter: 7. Current nllh: 7552.724427334318
Starting EM iter: 8
Estep
Estep runtime (s): 0.08814191818237305
Mstep
Optimizing phi
Optimizing branch lengths. Current phi: 0. Current nu:0.27315926284802206
Optimizing nu
Mstep runtime (s): 0.2033700942993164
Finished EM iter: 8. Current nllh: 7552.708692695275
Starting EM iter: 9
Estep
Estep runtime (s): 0.0887751579284668
Mstep
Optimizing phi
Optimizing branch lengths. Current phi: 0. Current nu:0.2731445949657347
Optimizing nu
Mstep runtime (s): 0.18453001976013184
Finished EM iter: 9. Current nllh: 7552.697527378952
Starting EM iter: 10
Estep
Estep runtime (s): 0.09189009666442871
Mstep
Optimizing phi
Optimizing branch lengths. Current phi: 0. Current nu:0.27313788666053607
Optimizing nu
Mstep runtime (s): 0.2308638095855713
Finished EM iter: 10. Current nllh: 7552.690088408564
Starting EM iter: 11
Estep
Estep runtime (s): 0.0891258716583252
Mstep
Optimizing phi
Optimizing branch lengths. Current phi: 0. Current nu:0.2731332568970087
Optimizing nu
Mstep runtime (s): 0.2259082794189453
Finished EM iter: 11. Current nllh: 7552.689853864349
Starting EM iter: 12
Estep
Estep runtime (s): 0.09435892105102539
Mstep
Optimizing phi
Optimizing branch lengths. Current phi: 0. Current nu:0.2731272646510405
Optimizing nu
Mstep runtime (s): 0.21955513954162598
Finished EM iter: 12. Current nllh: 7552.689711101206
Starting EM iter: 13
Estep
Estep runtime (s): 0.09489607810974121
Mstep
Optimizing phi
Optimizing branch lengths. Current phi: 0. Current nu:0.27312312013988904
Optimizing nu
Mstep runtime (s): 0.19447588920593262
Finished EM iter: 13. Current nllh: 7552.689699214547
EM finished after 13 iterations.
Optimal phi: 0. Optimal nu: 0.27312245982244954. Optimal nllh: 7552.689699214547
Optimal point found for initial point 1
Numerical optimization finished successfully
Tree height pre-scaling: 0.7130373428402892, input timescale: 1.0
Tree height after scaling: 1.0, mutation rate: 0.7130373428402892
Tree height pre-scaling: 0.7130373428411741, input timescale: 1.0
Tree height after scaling: 1.0, mutation rate: 0.7130373428411741
Tree height pre-scaling: 0.7130373428667833, input timescale: 1.0
Tree height after scaling: 1.0, mutation rate: 0.7130373428667833
Tree height pre-scaling: 0.7130373428865759, input timescale: 1.0
Tree height after scaling: 0.9999999999999998, mutation rate: 0.7130373428865759
Tree height pre-scaling: 0.7130373428723262, input timescale: 1.0
Tree height after scaling: 1.0000000000000002, mutation rate: 0.7130373428723262
Tree height pre-scaling: 0.7130373428234119, input timescale: 1.0
Tree height after scaling: 0.9999999999999999, mutation rate: 0.7130373428234119
Tree height pre-scaling: 0.7130373428670986, input timescale: 1.0
Tree height after scaling: 1.0, mutation rate: 0.7130373428670986
Tree height pre-scaling: 0.713037342878779, input timescale: 1.0
Tree height after scaling: 0.9999999999999999, mutation rate: 0.713037342878779
Tree height pre-scaling: 0.7130373428256022, input timescale: 1.0
Tree height after scaling: 0.9999999999999999, mutation rate: 0.7130373428256022
Tree height pre-scaling: 0.7130373428384649, input timescale: 1.0
Tree height after scaling: 1.0000000000000002, mutation rate: 0.7130373428384649
Tree height pre-scaling: 0.7130373428932515, input timescale: 1.0
Tree height after scaling: 1.0, mutation rate: 0.7130373428932515
Tree height pre-scaling: 0.7130373428326171, input timescale: 1.0
Tree height after scaling: 1.0, mutation rate: 0.7130373428326171
Tree height pre-scaling: 0.7130373428562371, input timescale: 1.0
Tree height after scaling: 1.0, mutation rate: 0.7130373428562371
Tree height pre-scaling: 0.7130373428378438, input timescale: 1.0
Tree height after scaling: 0.9999999999999999, mutation rate: 0.7130373428378438
Runtime (s): 4.346762167
