Launching LAML version 0.0.4
LAML was called as follows: /Users/uym2/my_gits/LAML/run_laml.py -c ../../evaluation/Bar11/Bar11_character_matrix.txt -t place_outlier6/augmented_tree_211.nwk -o place_outlier6/augmented_tree_211_optimized -v -p ../../evaluation/Bar11/Bar11_priors.pickle --delimiter tab -m -1 --nInitials 1
Prior keys mismatch with site names.
Prior keys: [0, 1, 2, 3, 4, 5, 6, 7, 8, 9, 10, 11, 12, 13, 14, 15, 16, 17, 18, 19, 20, 21, 22, 23, 24, 25, 26]
Site names: ['r1', 'r2', 'r3', 'r4', 'r5', 'r6', 'r7', 'r8', 'r9', 'r10', 'r11', 'r12', 'r13', 'r14', 'r15', 'r16', 'r17', 'r18', 'r19', 'r20', 'r21', 'r22', 'r23', 'r24', 'r25', 'r26', 'r27']
Attempting to infer mapping between site names and prior keys...
{'r1': 0, 'r2': 1, 'r3': 2, 'r4': 3, 'r5': 4, 'r6': 5, 'r7': 6, 'r8': 7, 'r9': 8, 'r10': 9, 'r11': 10, 'r12': 11, 'r13': 12, 'r14': 13, 'r15': 14, 'r16': 15, 'r17': 16, 'r18': 17, 'r19': 18, 'r20': 19, 'r21': 20, 'r22': 21, 'r23': 22, 'r24': 23, 'r25': 24, 'r26': 25, 'r27': 26}
Optimizing branch lengths, phi, and nu without topology search
Optimization by EM algorithm
Optimization start with 1 initials
Initial point 1. Random seed: 5366
Numerical optimization started with ultrametric constraint (default)
Initial phi: 0. Initial nu: 0.26955655566205877. Initial nllh: 9049.087586295665
Starting EM iter: 1
Estep
Estep runtime (s): 0.06438899040222168
Mstep
Optimizing phi
Optimizing branch lengths. Current phi: 0. Current nu:0.26955655566205877
Optimizing nu
Mstep runtime (s): 0.21590590476989746
Finished EM iter: 1. Current nllh: 7511.26027507738
Starting EM iter: 2
Estep
Estep runtime (s): 0.08624625205993652
Mstep
Optimizing phi
Optimizing branch lengths. Current phi: 0. Current nu:0.27924821438308056
Optimizing nu
Mstep runtime (s): 0.2247459888458252
Finished EM iter: 2. Current nllh: 7477.631481912395
Starting EM iter: 3
Estep
Estep runtime (s): 0.08640909194946289
Mstep
Optimizing phi
Optimizing branch lengths. Current phi: 0. Current nu:0.27692581180215853
Optimizing nu
Mstep runtime (s): 0.19196605682373047
Finished EM iter: 3. Current nllh: 7473.500948899811
Starting EM iter: 4
Estep
Estep runtime (s): 0.08632397651672363
Mstep
Optimizing phi
Optimizing branch lengths. Current phi: 0. Current nu:0.27416564142830435
Optimizing nu
Mstep runtime (s): 0.20083308219909668
Finished EM iter: 4. Current nllh: 7473.0701030956625
Starting EM iter: 5
Estep
Estep runtime (s): 0.08621907234191895
Mstep
Optimizing phi
Optimizing branch lengths. Current phi: 0. Current nu:0.27283789402710396
Optimizing nu
Mstep runtime (s): 0.21683788299560547
Finished EM iter: 5. Current nllh: 7472.984351789099
Starting EM iter: 6
Estep
Estep runtime (s): 0.0865788459777832
Mstep
Optimizing phi
Optimizing branch lengths. Current phi: 0. Current nu:0.27231188992766003
Optimizing nu
Mstep runtime (s): 0.19614887237548828
Finished EM iter: 6. Current nllh: 7472.945720923734
Starting EM iter: 7
Estep
Estep runtime (s): 0.08643674850463867
Mstep
Optimizing phi
Optimizing branch lengths. Current phi: 0. Current nu:0.2721150821932186
Optimizing nu
Mstep runtime (s): 0.24321198463439941
Finished EM iter: 7. Current nllh: 7472.922179008911
Starting EM iter: 8
Estep
Estep runtime (s): 0.08679604530334473
Mstep
Optimizing phi
Optimizing branch lengths. Current phi: 0. Current nu:0.27204148244789106
Optimizing nu
Mstep runtime (s): 0.2245161533355713
Finished EM iter: 8. Current nllh: 7472.906251202958
Starting EM iter: 9
Estep
Estep runtime (s): 0.08651185035705566
Mstep
Optimizing phi
Optimizing branch lengths. Current phi: 0. Current nu:0.27201395971126285
Optimizing nu
Mstep runtime (s): 0.23065710067749023
Finished EM iter: 9. Current nllh: 7472.895032652604
Starting EM iter: 10
Estep
Estep runtime (s): 0.08953022956848145
Mstep
Optimizing phi
Optimizing branch lengths. Current phi: 0. Current nu:0.2720024554287274
Optimizing nu
Mstep runtime (s): 0.22325873374938965
Finished EM iter: 10. Current nllh: 7472.8877735781025
Starting EM iter: 11
Estep
Estep runtime (s): 0.08660507202148438
Mstep
Optimizing phi
Optimizing branch lengths. Current phi: 0. Current nu:0.27199747344772635
Optimizing nu
Mstep runtime (s): 0.21599507331848145
Finished EM iter: 11. Current nllh: 7472.88766743587
Starting EM iter: 12
Estep
Estep runtime (s): 0.08694076538085938
Mstep
Optimizing phi
Optimizing branch lengths. Current phi: 0. Current nu:0.2719915529068153
Optimizing nu
Mstep runtime (s): 0.2010180950164795
Finished EM iter: 12. Current nllh: 7472.887688703422
EM finished after 12 iterations.
Optimal phi: 0. Optimal nu: 0.2719899029489549. Optimal nllh: 7472.887688703422
Optimal point found for initial point 1
Numerical optimization finished successfully
Tree height pre-scaling: 0.7136305015999572, input timescale: 1.0
Tree height after scaling: 1.0, mutation rate: 0.7136305015999572
Tree height pre-scaling: 0.713630501629352, input timescale: 1.0
Tree height after scaling: 1.0, mutation rate: 0.713630501629352
Tree height pre-scaling: 0.7136305018457489, input timescale: 1.0
Tree height after scaling: 1.0, mutation rate: 0.7136305018457489
Tree height pre-scaling: 0.7136305020741105, input timescale: 1.0
Tree height after scaling: 1.0000000000000002, mutation rate: 0.7136305020741105
Tree height pre-scaling: 0.7136305018867568, input timescale: 1.0
Tree height after scaling: 1.0, mutation rate: 0.7136305018867568
Tree height pre-scaling: 0.7136305020005851, input timescale: 1.0
Tree height after scaling: 1.0000000000000002, mutation rate: 0.7136305020005851
Tree height pre-scaling: 0.7136305014461659, input timescale: 1.0
Tree height after scaling: 1.0, mutation rate: 0.7136305014461659
Tree height pre-scaling: 0.7136305015774014, input timescale: 1.0
Tree height after scaling: 1.0, mutation rate: 0.7136305015774014
Tree height pre-scaling: 0.7136305021787315, input timescale: 1.0
Tree height after scaling: 1.0, mutation rate: 0.7136305021787315
Tree height pre-scaling: 0.7136305015153424, input timescale: 1.0
Tree height after scaling: 1.0, mutation rate: 0.7136305015153424
Tree height pre-scaling: 0.7136305017816972, input timescale: 1.0
Tree height after scaling: 1.0, mutation rate: 0.7136305017816972
Tree height pre-scaling: 0.713630501563947, input timescale: 1.0
Tree height after scaling: 0.9999999999999999, mutation rate: 0.713630501563947
Tree height pre-scaling: 0.7136305014279047, input timescale: 1.0
Tree height after scaling: 1.0, mutation rate: 0.7136305014279047
Tree height pre-scaling: 0.7136305017671984, input timescale: 1.0
Tree height after scaling: 1.0, mutation rate: 0.7136305017671984
Runtime (s): 4.0638640420000005
