Launching LAML version 0.0.4
LAML was called as follows: /Users/uym2/my_gits/LAML/run_laml.py -c ../../evaluation/Bar11/Bar11_character_matrix.txt -t place_outlier6/augmented_tree_112.nwk -o place_outlier6/augmented_tree_112_optimized -v -p ../../evaluation/Bar11/Bar11_priors.pickle --delimiter tab -m -1 --nInitials 1
Prior keys mismatch with site names.
Prior keys: [0, 1, 2, 3, 4, 5, 6, 7, 8, 9, 10, 11, 12, 13, 14, 15, 16, 17, 18, 19, 20, 21, 22, 23, 24, 25, 26]
Site names: ['r1', 'r2', 'r3', 'r4', 'r5', 'r6', 'r7', 'r8', 'r9', 'r10', 'r11', 'r12', 'r13', 'r14', 'r15', 'r16', 'r17', 'r18', 'r19', 'r20', 'r21', 'r22', 'r23', 'r24', 'r25', 'r26', 'r27']
Attempting to infer mapping between site names and prior keys...
{'r1': 0, 'r2': 1, 'r3': 2, 'r4': 3, 'r5': 4, 'r6': 5, 'r7': 6, 'r8': 7, 'r9': 8, 'r10': 9, 'r11': 10, 'r12': 11, 'r13': 12, 'r14': 13, 'r15': 14, 'r16': 15, 'r17': 16, 'r18': 17, 'r19': 18, 'r20': 19, 'r21': 20, 'r22': 21, 'r23': 22, 'r24': 23, 'r25': 24, 'r26': 25, 'r27': 26}
Optimizing branch lengths, phi, and nu without topology search
Optimization by EM algorithm
Optimization start with 1 initials
Initial point 1. Random seed: 6574
Numerical optimization started with ultrametric constraint (default)
Initial phi: 0. Initial nu: 0.26955655566205877. Initial nllh: 9171.867877130722
Starting EM iter: 1
Estep
Estep runtime (s): 0.06321167945861816
Mstep
Optimizing phi
Optimizing branch lengths. Current phi: 0. Current nu:0.26955655566205877
Optimizing nu
Mstep runtime (s): 0.21596884727478027
Finished EM iter: 1. Current nllh: 7631.394927112401
Starting EM iter: 2
Estep
Estep runtime (s): 0.08767271041870117
Mstep
Optimizing phi
Optimizing branch lengths. Current phi: 0. Current nu:0.27153726389724325
Optimizing nu
Mstep runtime (s): 0.20321106910705566
Finished EM iter: 2. Current nllh: 7606.427612850779
Starting EM iter: 3
Estep
Estep runtime (s): 0.08754110336303711
Mstep
Optimizing phi
Optimizing branch lengths. Current phi: 0. Current nu:0.26804614037813573
Optimizing nu
Mstep runtime (s): 0.2031872272491455
Finished EM iter: 3. Current nllh: 7603.949338940379
Starting EM iter: 4
Estep
Estep runtime (s): 0.08974504470825195
Mstep
Optimizing phi
Optimizing branch lengths. Current phi: 0. Current nu:0.26615567395168516
Optimizing nu
Mstep runtime (s): 0.20842504501342773
Finished EM iter: 4. Current nllh: 7603.72659860794
Starting EM iter: 5
Estep
Estep runtime (s): 0.08727478981018066
Mstep
Optimizing phi
Optimizing branch lengths. Current phi: 0. Current nu:0.2654122549699853
Optimizing nu
Mstep runtime (s): 0.19744586944580078
Finished EM iter: 5. Current nllh: 7603.65791821969
Starting EM iter: 6
Estep
Estep runtime (s): 0.08734774589538574
Mstep
Optimizing phi
Optimizing branch lengths. Current phi: 0. Current nu:0.2651490797679399
Optimizing nu
Mstep runtime (s): 0.20086312294006348
Finished EM iter: 6. Current nllh: 7603.622705320132
Starting EM iter: 7
Estep
Estep runtime (s): 0.08680391311645508
Mstep
Optimizing phi
Optimizing branch lengths. Current phi: 0. Current nu:0.2650551741812612
Optimizing nu
Mstep runtime (s): 0.21148920059204102
Finished EM iter: 7. Current nllh: 7603.600519820909
Starting EM iter: 8
Estep
Estep runtime (s): 0.08777499198913574
Mstep
Optimizing phi
Optimizing branch lengths. Current phi: 0. Current nu:0.2650202026734049
Optimizing nu
Mstep runtime (s): 0.20327997207641602
Finished EM iter: 8. Current nllh: 7603.585421015493
Starting EM iter: 9
Estep
Estep runtime (s): 0.08690190315246582
Mstep
Optimizing phi
Optimizing branch lengths. Current phi: 0. Current nu:0.2650063302103541
Optimizing nu
Mstep runtime (s): 0.19916415214538574
Finished EM iter: 9. Current nllh: 7603.574773103162
Starting EM iter: 10
Estep
Estep runtime (s): 0.08695602416992188
Mstep
Optimizing phi
Optimizing branch lengths. Current phi: 0. Current nu:0.26500054925315286
Optimizing nu
Mstep runtime (s): 0.1885979175567627
Finished EM iter: 10. Current nllh: 7603.5673062230035
Starting EM iter: 11
Estep
Estep runtime (s): 0.0870668888092041
Mstep
Optimizing phi
Optimizing branch lengths. Current phi: 0. Current nu:0.2649978094067114
Optimizing nu
Mstep runtime (s): 0.19237089157104492
Finished EM iter: 11. Current nllh: 7603.567305348437
EM finished after 11 iterations.
Optimal phi: 0. Optimal nu: 0.26499256556832645. Optimal nllh: 7603.567305348437
Optimal point found for initial point 1
Numerical optimization finished successfully
Tree height pre-scaling: 0.7234967496209846, input timescale: 1.0
Tree height after scaling: 1.0, mutation rate: 0.7234967496209846
Tree height pre-scaling: 0.7234967496019903, input timescale: 1.0
Tree height after scaling: 1.0, mutation rate: 0.7234967496019903
Tree height pre-scaling: 0.7234967499314804, input timescale: 1.0
Tree height after scaling: 1.0, mutation rate: 0.7234967499314804
Tree height pre-scaling: 0.7234967501772076, input timescale: 1.0
Tree height after scaling: 1.0, mutation rate: 0.7234967501772076
Tree height pre-scaling: 0.72349674998259, input timescale: 1.0
Tree height after scaling: 1.0, mutation rate: 0.72349674998259
Tree height pre-scaling: 0.7234967493819235, input timescale: 1.0
Tree height after scaling: 1.0, mutation rate: 0.7234967493819235
Tree height pre-scaling: 0.7234967495676069, input timescale: 1.0
Tree height after scaling: 1.0, mutation rate: 0.7234967495676069
Tree height pre-scaling: 0.723496749881238, input timescale: 1.0
Tree height after scaling: 1.0, mutation rate: 0.723496749881238
Tree height pre-scaling: 0.72349674949493, input timescale: 1.0
Tree height after scaling: 1.0, mutation rate: 0.72349674949493
Tree height pre-scaling: 0.7234967499620859, input timescale: 1.0
Tree height after scaling: 1.0000000000000002, mutation rate: 0.7234967499620859
Tree height pre-scaling: 0.7234967501375658, input timescale: 1.0
Tree height after scaling: 1.0, mutation rate: 0.7234967501375658
Tree height pre-scaling: 0.7234967494219978, input timescale: 1.0
Tree height after scaling: 1.0, mutation rate: 0.7234967494219978
Tree height pre-scaling: 0.7234967495814492, input timescale: 1.0
Tree height after scaling: 1.0, mutation rate: 0.7234967495814492
Tree height pre-scaling: 0.7234967507218303, input timescale: 1.0
Tree height after scaling: 1.0, mutation rate: 0.7234967507218303
Runtime (s): 3.6032505410000004
