Launching LAML version 0.0.4
LAML was called as follows: /Users/uym2/my_gits/LAML/run_laml.py -c ../../evaluation/Bar11/Bar11_character_matrix.txt -t place_outlier6/augmented_tree_129.nwk -o place_outlier6/augmented_tree_129_optimized -v -p ../../evaluation/Bar11/Bar11_priors.pickle --delimiter tab -m -1 --nInitials 1
Prior keys mismatch with site names.
Prior keys: [0, 1, 2, 3, 4, 5, 6, 7, 8, 9, 10, 11, 12, 13, 14, 15, 16, 17, 18, 19, 20, 21, 22, 23, 24, 25, 26]
Site names: ['r1', 'r2', 'r3', 'r4', 'r5', 'r6', 'r7', 'r8', 'r9', 'r10', 'r11', 'r12', 'r13', 'r14', 'r15', 'r16', 'r17', 'r18', 'r19', 'r20', 'r21', 'r22', 'r23', 'r24', 'r25', 'r26', 'r27']
Attempting to infer mapping between site names and prior keys...
{'r1': 0, 'r2': 1, 'r3': 2, 'r4': 3, 'r5': 4, 'r6': 5, 'r7': 6, 'r8': 7, 'r9': 8, 'r10': 9, 'r11': 10, 'r12': 11, 'r13': 12, 'r14': 13, 'r15': 14, 'r16': 15, 'r17': 16, 'r18': 17, 'r19': 18, 'r20': 19, 'r21': 20, 'r22': 21, 'r23': 22, 'r24': 23, 'r25': 24, 'r26': 25, 'r27': 26}
Optimizing branch lengths, phi, and nu without topology search
Optimization by EM algorithm
Optimization start with 1 initials
Initial point 1. Random seed: 4293
Numerical optimization started with ultrametric constraint (default)
Initial phi: 0. Initial nu: 0.26955655566205877. Initial nllh: 8995.149155381401
Starting EM iter: 1
Estep
Estep runtime (s): 0.06412696838378906
Mstep
Optimizing phi
Optimizing branch lengths. Current phi: 0. Current nu:0.26955655566205877
Optimizing nu
Mstep runtime (s): 0.2590939998626709
Finished EM iter: 1. Current nllh: 7553.223885855489
Starting EM iter: 2
Estep
Estep runtime (s): 0.08619809150695801
Mstep
Optimizing phi
Optimizing branch lengths. Current phi: 0. Current nu:0.2785136001933417
Optimizing nu
Mstep runtime (s): 0.22263193130493164
Finished EM iter: 2. Current nllh: 7517.159456255061
Starting EM iter: 3
Estep
Estep runtime (s): 0.0880889892578125
Mstep
Optimizing phi
Optimizing branch lengths. Current phi: 0. Current nu:0.27531588654237216
Optimizing nu
Mstep runtime (s): 0.19443416595458984
Finished EM iter: 3. Current nllh: 7513.046219809643
Starting EM iter: 4
Estep
Estep runtime (s): 0.08687400817871094
Mstep
Optimizing phi
Optimizing branch lengths. Current phi: 0. Current nu:0.27230852173465775
Optimizing nu
Mstep runtime (s): 0.235548734664917
Finished EM iter: 4. Current nllh: 7512.692314858562
Starting EM iter: 5
Estep
Estep runtime (s): 0.08847999572753906
Mstep
Optimizing phi
Optimizing branch lengths. Current phi: 0. Current nu:0.2709966544743234
Optimizing nu
Mstep runtime (s): 0.2193610668182373
Finished EM iter: 5. Current nllh: 7512.59921522978
Starting EM iter: 6
Estep
Estep runtime (s): 0.08917927742004395
Mstep
Optimizing phi
Optimizing branch lengths. Current phi: 0. Current nu:0.27051231378506374
Optimizing nu
Mstep runtime (s): 0.21568512916564941
Finished EM iter: 6. Current nllh: 7512.557837911616
Starting EM iter: 7
Estep
Estep runtime (s): 0.08679986000061035
Mstep
Optimizing phi
Optimizing branch lengths. Current phi: 0. Current nu:0.270336829405363
Optimizing nu
Mstep runtime (s): 0.2120060920715332
Finished EM iter: 7. Current nllh: 7512.5337225623
Starting EM iter: 8
Estep
Estep runtime (s): 0.08766889572143555
Mstep
Optimizing phi
Optimizing branch lengths. Current phi: 0. Current nu:0.27027195461362824
Optimizing nu
Mstep runtime (s): 0.19959521293640137
Finished EM iter: 8. Current nllh: 7512.517902678113
Starting EM iter: 9
Estep
Estep runtime (s): 0.08875107765197754
Mstep
Optimizing phi
Optimizing branch lengths. Current phi: 0. Current nu:0.2702467953359523
Optimizing nu
Mstep runtime (s): 0.2216942310333252
Finished EM iter: 9. Current nllh: 7512.506800371379
Starting EM iter: 10
Estep
Estep runtime (s): 0.09009575843811035
Mstep
Optimizing phi
Optimizing branch lengths. Current phi: 0. Current nu:0.27023807032468344
Optimizing nu
Mstep runtime (s): 0.19838595390319824
Finished EM iter: 10. Current nllh: 7512.499942282482
Starting EM iter: 11
Estep
Estep runtime (s): 0.09058713912963867
Mstep
Optimizing phi
Optimizing branch lengths. Current phi: 0. Current nu:0.27023233797381696
Optimizing nu
Mstep runtime (s): 0.18342018127441406
Finished EM iter: 11. Current nllh: 7512.499910932489
EM finished after 11 iterations.
Optimal phi: 0. Optimal nu: 0.27022650774223334. Optimal nllh: 7512.499910932489
Optimal point found for initial point 1
Numerical optimization finished successfully
Tree height pre-scaling: 0.7116918079800156, input timescale: 1.0
Tree height after scaling: 1.0, mutation rate: 0.7116918079800156
Tree height pre-scaling: 0.7116918080255519, input timescale: 1.0
Tree height after scaling: 0.9999999999999999, mutation rate: 0.7116918080255519
Tree height pre-scaling: 0.7116918083091018, input timescale: 1.0
Tree height after scaling: 1.0, mutation rate: 0.7116918083091018
Tree height pre-scaling: 0.7116918086564843, input timescale: 1.0
Tree height after scaling: 0.9999999999999999, mutation rate: 0.7116918086564843
Tree height pre-scaling: 0.7116918084974885, input timescale: 1.0
Tree height after scaling: 1.0, mutation rate: 0.7116918084974885
Tree height pre-scaling: 0.7116918077598986, input timescale: 1.0
Tree height after scaling: 1.0, mutation rate: 0.7116918077598986
Tree height pre-scaling: 0.711691807941526, input timescale: 1.0
Tree height after scaling: 0.9999999999999999, mutation rate: 0.711691807941526
Tree height pre-scaling: 0.71169180824938, input timescale: 1.0
Tree height after scaling: 1.0, mutation rate: 0.71169180824938
Tree height pre-scaling: 0.7116918083254976, input timescale: 1.0
Tree height after scaling: 1.0, mutation rate: 0.7116918083254976
Tree height pre-scaling: 0.7116918085296841, input timescale: 1.0
Tree height after scaling: 1.0, mutation rate: 0.7116918085296841
Tree height pre-scaling: 0.7116918078099477, input timescale: 1.0
Tree height after scaling: 1.0, mutation rate: 0.7116918078099477
Tree height pre-scaling: 0.71169180794191, input timescale: 1.0
Tree height after scaling: 1.0, mutation rate: 0.71169180794191
Tree height pre-scaling: 0.711691808686517, input timescale: 1.0
Tree height after scaling: 1.0, mutation rate: 0.711691808686517
Tree height pre-scaling: 0.7116918077574019, input timescale: 1.0
Tree height after scaling: 1.0, mutation rate: 0.7116918077574019
Runtime (s): 3.754182125
