Launching LAML version 0.0.4
LAML was called as follows: /Users/uym2/my_gits/LAML/run_laml.py -c ../../evaluation/Bar11/Bar11_character_matrix.txt -t place_outlier6/augmented_tree_136.nwk -o place_outlier6/augmented_tree_136_optimized -v -p ../../evaluation/Bar11/Bar11_priors.pickle --delimiter tab -m -1 --nInitials 1
Prior keys mismatch with site names.
Prior keys: [0, 1, 2, 3, 4, 5, 6, 7, 8, 9, 10, 11, 12, 13, 14, 15, 16, 17, 18, 19, 20, 21, 22, 23, 24, 25, 26]
Site names: ['r1', 'r2', 'r3', 'r4', 'r5', 'r6', 'r7', 'r8', 'r9', 'r10', 'r11', 'r12', 'r13', 'r14', 'r15', 'r16', 'r17', 'r18', 'r19', 'r20', 'r21', 'r22', 'r23', 'r24', 'r25', 'r26', 'r27']
Attempting to infer mapping between site names and prior keys...
{'r1': 0, 'r2': 1, 'r3': 2, 'r4': 3, 'r5': 4, 'r6': 5, 'r7': 6, 'r8': 7, 'r9': 8, 'r10': 9, 'r11': 10, 'r12': 11, 'r13': 12, 'r14': 13, 'r15': 14, 'r16': 15, 'r17': 16, 'r18': 17, 'r19': 18, 'r20': 19, 'r21': 20, 'r22': 21, 'r23': 22, 'r24': 23, 'r25': 24, 'r26': 25, 'r27': 26}
Optimizing branch lengths, phi, and nu without topology search
Optimization by EM algorithm
Optimization start with 1 initials
Initial point 1. Random seed: 8686
Numerical optimization started with ultrametric constraint (default)
Initial phi: 0. Initial nu: 0.26955655566205877. Initial nllh: 9015.933658002356
Starting EM iter: 1
Estep
Estep runtime (s): 0.06350588798522949
Mstep
Optimizing phi
Optimizing branch lengths. Current phi: 0. Current nu:0.26955655566205877
Optimizing nu
Mstep runtime (s): 0.2368159294128418
Finished EM iter: 1. Current nllh: 7553.521004510951
Starting EM iter: 2
Estep
Estep runtime (s): 0.08579397201538086
Mstep
Optimizing phi
Optimizing branch lengths. Current phi: 0. Current nu:0.2747834181559357
Optimizing nu
Mstep runtime (s): 0.22173213958740234
Finished EM iter: 2. Current nllh: 7520.466197204442
Starting EM iter: 3
Estep
Estep runtime (s): 0.0915532112121582
Mstep
Optimizing phi
Optimizing branch lengths. Current phi: 0. Current nu:0.2710121942161205
Optimizing nu
Mstep runtime (s): 0.20571398735046387
Finished EM iter: 3. Current nllh: 7517.709584971295
Starting EM iter: 4
Estep
Estep runtime (s): 0.09235501289367676
Mstep
Optimizing phi
Optimizing branch lengths. Current phi: 0. Current nu:0.26866020159197634
Optimizing nu
Mstep runtime (s): 0.2597348690032959
Finished EM iter: 4. Current nllh: 7517.510252750245
Starting EM iter: 5
Estep
Estep runtime (s): 0.08691024780273438
Mstep
Optimizing phi
Optimizing branch lengths. Current phi: 0. Current nu:0.2677377174141205
Optimizing nu
Mstep runtime (s): 0.24518108367919922
Finished EM iter: 5. Current nllh: 7517.453861389123
Starting EM iter: 6
Estep
Estep runtime (s): 0.09016704559326172
Mstep
Optimizing phi
Optimizing branch lengths. Current phi: 0. Current nu:0.2674222011534185
Optimizing nu
Mstep runtime (s): 0.2671852111816406
Finished EM iter: 6. Current nllh: 7517.422701106197
Starting EM iter: 7
Estep
Estep runtime (s): 0.08886981010437012
Mstep
Optimizing phi
Optimizing branch lengths. Current phi: 0. Current nu:0.26731613374305124
Optimizing nu
Mstep runtime (s): 0.24947118759155273
Finished EM iter: 7. Current nllh: 7517.401852529918
Starting EM iter: 8
Estep
Estep runtime (s): 0.08602404594421387
Mstep
Optimizing phi
Optimizing branch lengths. Current phi: 0. Current nu:0.2672782420039515
Optimizing nu
Mstep runtime (s): 0.2049698829650879
Finished EM iter: 8. Current nllh: 7517.387236086237
Starting EM iter: 9
Estep
Estep runtime (s): 0.08586597442626953
Mstep
Optimizing phi
Optimizing branch lengths. Current phi: 0. Current nu:0.2672642189008576
Optimizing nu
Mstep runtime (s): 0.1955089569091797
Finished EM iter: 9. Current nllh: 7517.37677338738
Starting EM iter: 10
Estep
Estep runtime (s): 0.0862581729888916
Mstep
Optimizing phi
Optimizing branch lengths. Current phi: 0. Current nu:0.26725867473290327
Optimizing nu
Mstep runtime (s): 0.2724130153656006
Finished EM iter: 10. Current nllh: 7517.369657338436
Starting EM iter: 11
Estep
Estep runtime (s): 0.09210681915283203
Mstep
Optimizing phi
Optimizing branch lengths. Current phi: 0. Current nu:0.2672559830308683
Optimizing nu
Mstep runtime (s): 0.2295069694519043
Finished EM iter: 11. Current nllh: 7517.369691356029
EM finished after 11 iterations.
Optimal phi: 0. Optimal nu: 0.2672508629156171. Optimal nllh: 7517.369691356029
Optimal point found for initial point 1
Numerical optimization finished successfully
Tree height pre-scaling: 0.7176098124945962, input timescale: 1.0
Tree height after scaling: 0.9999999999999998, mutation rate: 0.7176098124945962
Tree height pre-scaling: 0.7176098124950379, input timescale: 1.0
Tree height after scaling: 1.0, mutation rate: 0.7176098124950379
Tree height pre-scaling: 0.7176098125191237, input timescale: 1.0
Tree height after scaling: 1.0, mutation rate: 0.7176098125191237
Tree height pre-scaling: 0.7176098125402919, input timescale: 1.0
Tree height after scaling: 1.0, mutation rate: 0.7176098125402919
Tree height pre-scaling: 0.717609812524356, input timescale: 1.0
Tree height after scaling: 1.0, mutation rate: 0.717609812524356
Tree height pre-scaling: 0.7176098124782853, input timescale: 1.0
Tree height after scaling: 1.0, mutation rate: 0.7176098124782853
Tree height pre-scaling: 0.7176098124922293, input timescale: 1.0
Tree height after scaling: 1.0, mutation rate: 0.7176098124922293
Tree height pre-scaling: 0.7176098125201931, input timescale: 1.0
Tree height after scaling: 1.0, mutation rate: 0.7176098125201931
Tree height pre-scaling: 0.7176098125289598, input timescale: 1.0
Tree height after scaling: 1.0, mutation rate: 0.7176098125289598
Tree height pre-scaling: 0.7176098124798191, input timescale: 1.0
Tree height after scaling: 1.0, mutation rate: 0.7176098124798191
Tree height pre-scaling: 0.7176098124913639, input timescale: 1.0
Tree height after scaling: 0.9999999999999999, mutation rate: 0.7176098124913639
Tree height pre-scaling: 0.7176098125443919, input timescale: 1.0
Tree height after scaling: 1.0, mutation rate: 0.7176098125443919
Tree height pre-scaling: 0.7176098124865382, input timescale: 1.0
Tree height after scaling: 1.0, mutation rate: 0.7176098124865382
Tree height pre-scaling: 0.7176098125363006, input timescale: 1.0
Tree height after scaling: 1.0, mutation rate: 0.7176098125363006
Runtime (s): 3.9795549589999997
