Launching LAML version 0.0.4
LAML was called as follows: /Users/uym2/my_gits/LAML/run_laml.py -c ../../evaluation/Bar11/Bar11_character_matrix.txt -t place_outlier6/augmented_tree_293.nwk -o place_outlier6/augmented_tree_293_optimized -v -p ../../evaluation/Bar11/Bar11_priors.pickle --delimiter tab -m -1 --nInitials 1
Prior keys mismatch with site names.
Prior keys: [0, 1, 2, 3, 4, 5, 6, 7, 8, 9, 10, 11, 12, 13, 14, 15, 16, 17, 18, 19, 20, 21, 22, 23, 24, 25, 26]
Site names: ['r1', 'r2', 'r3', 'r4', 'r5', 'r6', 'r7', 'r8', 'r9', 'r10', 'r11', 'r12', 'r13', 'r14', 'r15', 'r16', 'r17', 'r18', 'r19', 'r20', 'r21', 'r22', 'r23', 'r24', 'r25', 'r26', 'r27']
Attempting to infer mapping between site names and prior keys...
{'r1': 0, 'r2': 1, 'r3': 2, 'r4': 3, 'r5': 4, 'r6': 5, 'r7': 6, 'r8': 7, 'r9': 8, 'r10': 9, 'r11': 10, 'r12': 11, 'r13': 12, 'r14': 13, 'r15': 14, 'r16': 15, 'r17': 16, 'r18': 17, 'r19': 18, 'r20': 19, 'r21': 20, 'r22': 21, 'r23': 22, 'r24': 23, 'r25': 24, 'r26': 25, 'r27': 26}
Optimizing branch lengths, phi, and nu without topology search
Optimization by EM algorithm
Optimization start with 1 initials
Initial point 1. Random seed: 536
Numerical optimization started with ultrametric constraint (default)
Initial phi: 0. Initial nu: 0.26955655566205877. Initial nllh: 9211.563867821094
Starting EM iter: 1
Estep
Estep runtime (s): 0.06328487396240234
Mstep
Optimizing phi
Optimizing branch lengths. Current phi: 0. Current nu:0.26955655566205877
Optimizing nu
Mstep runtime (s): 0.21724629402160645
Finished EM iter: 1. Current nllh: 7607.55229079191
Starting EM iter: 2
Estep
Estep runtime (s): 0.08589410781860352
Mstep
Optimizing phi
Optimizing branch lengths. Current phi: 0. Current nu:0.2808260983604018
Optimizing nu
Mstep runtime (s): 0.21828317642211914
Finished EM iter: 2. Current nllh: 7574.819443714374
Starting EM iter: 3
Estep
Estep runtime (s): 0.08893704414367676
Mstep
Optimizing phi
Optimizing branch lengths. Current phi: 0. Current nu:0.2802139336383173
Optimizing nu
Mstep runtime (s): 0.20195388793945312
Finished EM iter: 3. Current nllh: 7571.266668059439
Starting EM iter: 4
Estep
Estep runtime (s): 0.08582520484924316
Mstep
Optimizing phi
Optimizing branch lengths. Current phi: 0. Current nu:0.27844947545936016
Optimizing nu
Mstep runtime (s): 0.1935739517211914
Finished EM iter: 4. Current nllh: 7570.898369880033
Starting EM iter: 5
Estep
Estep runtime (s): 0.0857698917388916
Mstep
Optimizing phi
Optimizing branch lengths. Current phi: 0. Current nu:0.2775913664219195
Optimizing nu
Mstep runtime (s): 0.24991202354431152
Finished EM iter: 5. Current nllh: 7570.809538814766
Starting EM iter: 6
Estep
Estep runtime (s): 0.08572888374328613
Mstep
Optimizing phi
Optimizing branch lengths. Current phi: 0. Current nu:0.2772824166920489
Optimizing nu
Mstep runtime (s): 0.2335069179534912
Finished EM iter: 6. Current nllh: 7570.777377623108
Starting EM iter: 7
Estep
Estep runtime (s): 0.0859367847442627
Mstep
Optimizing phi
Optimizing branch lengths. Current phi: 0. Current nu:0.2771810964297974
Optimizing nu
Mstep runtime (s): 0.2141580581665039
Finished EM iter: 7. Current nllh: 7570.7563806011685
Starting EM iter: 8
Estep
Estep runtime (s): 0.0861501693725586
Mstep
Optimizing phi
Optimizing branch lengths. Current phi: 0. Current nu:0.2771510601607537
Optimizing nu
Mstep runtime (s): 0.18911290168762207
Finished EM iter: 8. Current nllh: 7570.741709450148
Starting EM iter: 9
Estep
Estep runtime (s): 0.08581399917602539
Mstep
Optimizing phi
Optimizing branch lengths. Current phi: 0. Current nu:0.27714422154267526
Optimizing nu
Mstep runtime (s): 0.21539616584777832
Finished EM iter: 9. Current nllh: 7570.731115022699
Starting EM iter: 10
Estep
Estep runtime (s): 0.0860891342163086
Mstep
Optimizing phi
Optimizing branch lengths. Current phi: 0. Current nu:0.27714169839138153
Optimizing nu
Mstep runtime (s): 0.19211697578430176
Finished EM iter: 10. Current nllh: 7570.723816275308
Starting EM iter: 11
Estep
Estep runtime (s): 0.08588194847106934
Mstep
Optimizing phi
Optimizing branch lengths. Current phi: 0. Current nu:0.27714232469157646
Optimizing nu
Mstep runtime (s): 0.18697214126586914
Finished EM iter: 11. Current nllh: 7570.723821070346
EM finished after 11 iterations.
Optimal phi: 0. Optimal nu: 0.2771391157766546. Optimal nllh: 7570.723821070346
Optimal point found for initial point 1
Numerical optimization finished successfully
Tree height pre-scaling: 0.7193767735782359, input timescale: 1.0
Tree height after scaling: 1.0, mutation rate: 0.7193767735782359
Tree height pre-scaling: 0.7193767735571456, input timescale: 1.0
Tree height after scaling: 1.0, mutation rate: 0.7193767735571456
Tree height pre-scaling: 0.7193767741565293, input timescale: 1.0
Tree height after scaling: 1.0, mutation rate: 0.7193767741565293
Tree height pre-scaling: 0.7193767743791333, input timescale: 1.0
Tree height after scaling: 1.0, mutation rate: 0.7193767743791333
Tree height pre-scaling: 0.719376773242602, input timescale: 1.0
Tree height after scaling: 0.9999999999999999, mutation rate: 0.719376773242602
Tree height pre-scaling: 0.7193767735086226, input timescale: 1.0
Tree height after scaling: 1.0, mutation rate: 0.7193767735086226
Tree height pre-scaling: 0.7193767746958697, input timescale: 1.0
Tree height after scaling: 1.0, mutation rate: 0.7193767746958697
Tree height pre-scaling: 0.7193767733708479, input timescale: 1.0
Tree height after scaling: 1.0, mutation rate: 0.7193767733708479
Tree height pre-scaling: 0.7193767738816244, input timescale: 1.0
Tree height after scaling: 1.0, mutation rate: 0.7193767738816244
Tree height pre-scaling: 0.719376773488931, input timescale: 1.0
Tree height after scaling: 1.0, mutation rate: 0.719376773488931
Tree height pre-scaling: 0.7193767731788892, input timescale: 1.0
Tree height after scaling: 1.0, mutation rate: 0.7193767731788892
Tree height pre-scaling: 0.719376773693444, input timescale: 1.0
Tree height after scaling: 1.0, mutation rate: 0.719376773693444
Tree height pre-scaling: 0.7193767743440522, input timescale: 1.0
Tree height after scaling: 1.0, mutation rate: 0.7193767743440522
Tree height pre-scaling: 0.7193767754547062, input timescale: 1.0
Tree height after scaling: 1.0, mutation rate: 0.7193767754547062
Runtime (s): 3.673862083
