Launching LAML version 0.0.4
LAML was called as follows: /Users/uym2/my_gits/LAML/run_laml.py -c ../../evaluation/Bar11/Bar11_character_matrix.txt -t place_outlier7/augmented_tree_106.nwk -o place_outlier7/augmented_tree_106_optimized -v -p ../../evaluation/Bar11/Bar11_priors.pickle --delimiter tab -m -1 --nInitials 1
Prior keys mismatch with site names.
Prior keys: [0, 1, 2, 3, 4, 5, 6, 7, 8, 9, 10, 11, 12, 13, 14, 15, 16, 17, 18, 19, 20, 21, 22, 23, 24, 25, 26]
Site names: ['r1', 'r2', 'r3', 'r4', 'r5', 'r6', 'r7', 'r8', 'r9', 'r10', 'r11', 'r12', 'r13', 'r14', 'r15', 'r16', 'r17', 'r18', 'r19', 'r20', 'r21', 'r22', 'r23', 'r24', 'r25', 'r26', 'r27']
Attempting to infer mapping between site names and prior keys...
{'r1': 0, 'r2': 1, 'r3': 2, 'r4': 3, 'r5': 4, 'r6': 5, 'r7': 6, 'r8': 7, 'r9': 8, 'r10': 9, 'r11': 10, 'r12': 11, 'r13': 12, 'r14': 13, 'r15': 14, 'r16': 15, 'r17': 16, 'r18': 17, 'r19': 18, 'r20': 19, 'r21': 20, 'r22': 21, 'r23': 22, 'r24': 23, 'r25': 24, 'r26': 25, 'r27': 26}
Optimizing branch lengths, phi, and nu without topology search
Optimization by EM algorithm
Optimization start with 1 initials
Initial point 1. Random seed: 5581
Numerical optimization started with ultrametric constraint (default)
Initial phi: 0. Initial nu: 0.26955655566205877. Initial nllh: 9161.807687589042
Starting EM iter: 1
Estep
Estep runtime (s): 0.06370401382446289
Mstep
Optimizing phi
Optimizing branch lengths. Current phi: 0. Current nu:0.26955655566205877
Optimizing nu
Mstep runtime (s): 0.2121279239654541
Finished EM iter: 1. Current nllh: 7664.685856845708
Starting EM iter: 2
Estep
Estep runtime (s): 0.0885617733001709
Mstep
Optimizing phi
Optimizing branch lengths. Current phi: 0. Current nu:0.2770318238323333
Optimizing nu
Mstep runtime (s): 0.24038910865783691
Finished EM iter: 2. Current nllh: 7625.458765942265
Starting EM iter: 3
Estep
Estep runtime (s): 0.0885319709777832
Mstep
Optimizing phi
Optimizing branch lengths. Current phi: 0. Current nu:0.27455665412394975
Optimizing nu
Mstep runtime (s): 0.23537373542785645
Finished EM iter: 3. Current nllh: 7618.916294118705
Starting EM iter: 4
Estep
Estep runtime (s): 0.08871078491210938
Mstep
Optimizing phi
Optimizing branch lengths. Current phi: 0. Current nu:0.27159924454096335
Optimizing nu
Mstep runtime (s): 0.20491290092468262
Finished EM iter: 4. Current nllh: 7618.135594069858
Starting EM iter: 5
Estep
Estep runtime (s): 0.08872509002685547
Mstep
Optimizing phi
Optimizing branch lengths. Current phi: 0. Current nu:0.27003554831789306
Optimizing nu
Mstep runtime (s): 0.24332594871520996
Finished EM iter: 5. Current nllh: 7618.032922065037
Starting EM iter: 6
Estep
Estep runtime (s): 0.08874797821044922
Mstep
Optimizing phi
Optimizing branch lengths. Current phi: 0. Current nu:0.26943405284982724
Optimizing nu
Mstep runtime (s): 0.20715713500976562
Finished EM iter: 6. Current nllh: 7617.996333546527
Starting EM iter: 7
Estep
Estep runtime (s): 0.08871102333068848
Mstep
Optimizing phi
Optimizing branch lengths. Current phi: 0. Current nu:0.2692211211889768
Optimizing nu
Mstep runtime (s): 0.19618725776672363
Finished EM iter: 7. Current nllh: 7617.974752082537
Starting EM iter: 8
Estep
Estep runtime (s): 0.08872580528259277
Mstep
Optimizing phi
Optimizing branch lengths. Current phi: 0. Current nu:0.26914641427834596
Optimizing nu
Mstep runtime (s): 0.19922685623168945
Finished EM iter: 8. Current nllh: 7617.960043308564
Starting EM iter: 9
Estep
Estep runtime (s): 0.08885502815246582
Mstep
Optimizing phi
Optimizing branch lengths. Current phi: 0. Current nu:0.26911926176099765
Optimizing nu
Mstep runtime (s): 0.20896005630493164
Finished EM iter: 9. Current nllh: 7617.949551660815
Starting EM iter: 10
Estep
Estep runtime (s): 0.09384393692016602
Mstep
Optimizing phi
Optimizing branch lengths. Current phi: 0. Current nu:0.26910822445339955
Optimizing nu
Mstep runtime (s): 0.230118989944458
Finished EM iter: 10. Current nllh: 7617.942591295987
Starting EM iter: 11
Estep
Estep runtime (s): 0.08894824981689453
Mstep
Optimizing phi
Optimizing branch lengths. Current phi: 0. Current nu:0.26910294202976637
Optimizing nu
Mstep runtime (s): 0.23288393020629883
Finished EM iter: 11. Current nllh: 7617.94262466956
EM finished after 11 iterations.
Optimal phi: 0. Optimal nu: 0.26909744584773765. Optimal nllh: 7617.94262466956
Optimal point found for initial point 1
Numerical optimization finished successfully
Tree height pre-scaling: 0.714561508837406, input timescale: 1.0
Tree height after scaling: 1.0, mutation rate: 0.714561508837406
Tree height pre-scaling: 0.7145615088547117, input timescale: 1.0
Tree height after scaling: 1.0, mutation rate: 0.7145615088547117
Tree height pre-scaling: 0.714561509277591, input timescale: 1.0
Tree height after scaling: 1.0, mutation rate: 0.714561509277591
Tree height pre-scaling: 0.7145615093347149, input timescale: 1.0
Tree height after scaling: 1.0, mutation rate: 0.7145615093347149
Tree height pre-scaling: 0.7145615092761908, input timescale: 1.0
Tree height after scaling: 1.0, mutation rate: 0.7145615092761908
Tree height pre-scaling: 0.7145615086692357, input timescale: 1.0
Tree height after scaling: 1.0, mutation rate: 0.7145615086692357
Tree height pre-scaling: 0.7145615088104225, input timescale: 1.0
Tree height after scaling: 1.0, mutation rate: 0.7145615088104225
Tree height pre-scaling: 0.7145615091180746, input timescale: 1.0
Tree height after scaling: 1.0, mutation rate: 0.7145615091180746
Tree height pre-scaling: 0.7145615091818651, input timescale: 1.0
Tree height after scaling: 1.0, mutation rate: 0.7145615091818651
Tree height pre-scaling: 0.714561508751306, input timescale: 1.0
Tree height after scaling: 1.0, mutation rate: 0.714561508751306
Tree height pre-scaling: 0.7145615094629602, input timescale: 1.0
Tree height after scaling: 1.0, mutation rate: 0.7145615094629602
Tree height pre-scaling: 0.7145615088049485, input timescale: 1.0
Tree height after scaling: 1.0, mutation rate: 0.7145615088049485
Tree height pre-scaling: 0.7145615088403687, input timescale: 1.0
Tree height after scaling: 1.0, mutation rate: 0.7145615088403687
Tree height pre-scaling: 0.7145615089957734, input timescale: 1.0
Tree height after scaling: 0.9999999999999999, mutation rate: 0.7145615089957734
Runtime (s): 3.817725291
