Launching LAML version 0.0.4
LAML was called as follows: /Users/uym2/my_gits/LAML/run_laml.py -c ../../evaluation/Bar11/Bar11_character_matrix.txt -t place_outlier7/augmented_tree_39.nwk -o place_outlier7/augmented_tree_39_optimized -v -p ../../evaluation/Bar11/Bar11_priors.pickle --delimiter tab -m -1 --nInitials 1
Prior keys mismatch with site names.
Prior keys: [0, 1, 2, 3, 4, 5, 6, 7, 8, 9, 10, 11, 12, 13, 14, 15, 16, 17, 18, 19, 20, 21, 22, 23, 24, 25, 26]
Site names: ['r1', 'r2', 'r3', 'r4', 'r5', 'r6', 'r7', 'r8', 'r9', 'r10', 'r11', 'r12', 'r13', 'r14', 'r15', 'r16', 'r17', 'r18', 'r19', 'r20', 'r21', 'r22', 'r23', 'r24', 'r25', 'r26', 'r27']
Attempting to infer mapping between site names and prior keys...
{'r1': 0, 'r2': 1, 'r3': 2, 'r4': 3, 'r5': 4, 'r6': 5, 'r7': 6, 'r8': 7, 'r9': 8, 'r10': 9, 'r11': 10, 'r12': 11, 'r13': 12, 'r14': 13, 'r15': 14, 'r16': 15, 'r17': 16, 'r18': 17, 'r19': 18, 'r20': 19, 'r21': 20, 'r22': 21, 'r23': 22, 'r24': 23, 'r25': 24, 'r26': 25, 'r27': 26}
Optimizing branch lengths, phi, and nu without topology search
Optimization by EM algorithm
Optimization start with 1 initials
Initial point 1. Random seed: 31
Numerical optimization started with ultrametric constraint (default)
Initial phi: 0. Initial nu: 0.26955655566205877. Initial nllh: 9237.49289544579
Starting EM iter: 1
Estep
Estep runtime (s): 0.06553006172180176
Mstep
Optimizing phi
Optimizing branch lengths. Current phi: 0. Current nu:0.26955655566205877
Optimizing nu
Mstep runtime (s): 0.22233104705810547
Finished EM iter: 1. Current nllh: 7639.528484378105
Starting EM iter: 2
Estep
Estep runtime (s): 0.08731698989868164
Mstep
Optimizing phi
Optimizing branch lengths. Current phi: 0. Current nu:0.27523149312337375
Optimizing nu
Mstep runtime (s): 0.2264547348022461
Finished EM iter: 2. Current nllh: 7606.054215713422
Starting EM iter: 3
Estep
Estep runtime (s): 0.08710598945617676
Mstep
Optimizing phi
Optimizing branch lengths. Current phi: 0. Current nu:0.27291562487784965
Optimizing nu
Mstep runtime (s): 0.23779582977294922
Finished EM iter: 3. Current nllh: 7602.710502088286
Starting EM iter: 4
Estep
Estep runtime (s): 0.08961200714111328
Mstep
Optimizing phi
Optimizing branch lengths. Current phi: 0. Current nu:0.2711716033439837
Optimizing nu
Mstep runtime (s): 0.1963520050048828
Finished EM iter: 4. Current nllh: 7602.333523688875
Starting EM iter: 5
Estep
Estep runtime (s): 0.08593082427978516
Mstep
Optimizing phi
Optimizing branch lengths. Current phi: 0. Current nu:0.27045263232796335
Optimizing nu
Mstep runtime (s): 0.2016749382019043
Finished EM iter: 5. Current nllh: 7602.264128780865
Starting EM iter: 6
Estep
Estep runtime (s): 0.08710718154907227
Mstep
Optimizing phi
Optimizing branch lengths. Current phi: 0. Current nu:0.2701861976606877
Optimizing nu
Mstep runtime (s): 0.1982269287109375
Finished EM iter: 6. Current nllh: 7602.22918312006
Starting EM iter: 7
Estep
Estep runtime (s): 0.0872030258178711
Mstep
Optimizing phi
Optimizing branch lengths. Current phi: 0. Current nu:0.2700897347385073
Optimizing nu
Mstep runtime (s): 0.19903206825256348
Finished EM iter: 7. Current nllh: 7602.207061261024
Starting EM iter: 8
Estep
Estep runtime (s): 0.08608675003051758
Mstep
Optimizing phi
Optimizing branch lengths. Current phi: 0. Current nu:0.27005348355660547
Optimizing nu
Mstep runtime (s): 0.21507692337036133
Finished EM iter: 8. Current nllh: 7602.191951085495
Starting EM iter: 9
Estep
Estep runtime (s): 0.08637499809265137
Mstep
Optimizing phi
Optimizing branch lengths. Current phi: 0. Current nu:0.2700390240105665
Optimizing nu
Mstep runtime (s): 0.19577383995056152
Finished EM iter: 9. Current nllh: 7602.18127464773
Starting EM iter: 10
Estep
Estep runtime (s): 0.08599686622619629
Mstep
Optimizing phi
Optimizing branch lengths. Current phi: 0. Current nu:0.2700325890242359
Optimizing nu
Mstep runtime (s): 0.19603395462036133
Finished EM iter: 10. Current nllh: 7602.174164318831
Starting EM iter: 11
Estep
Estep runtime (s): 0.08628463745117188
Mstep
Optimizing phi
Optimizing branch lengths. Current phi: 0. Current nu:0.2700287764929731
Optimizing nu
Mstep runtime (s): 0.21158909797668457
Finished EM iter: 11. Current nllh: 7602.17417158947
EM finished after 11 iterations.
Optimal phi: 0. Optimal nu: 0.27002315054511883. Optimal nllh: 7602.17417158947
Optimal point found for initial point 1
Numerical optimization finished successfully
Tree height pre-scaling: 0.7148674308731738, input timescale: 1.0
Tree height after scaling: 1.0, mutation rate: 0.7148674308731738
Tree height pre-scaling: 0.7148674308870875, input timescale: 1.0
Tree height after scaling: 1.0, mutation rate: 0.7148674308870875
Tree height pre-scaling: 0.7148674311292597, input timescale: 1.0
Tree height after scaling: 1.0, mutation rate: 0.7148674311292597
Tree height pre-scaling: 0.7148674311726203, input timescale: 1.0
Tree height after scaling: 1.0, mutation rate: 0.7148674311726203
Tree height pre-scaling: 0.7148674311522467, input timescale: 1.0
Tree height after scaling: 0.9999999999999999, mutation rate: 0.7148674311522467
Tree height pre-scaling: 0.7148674307703857, input timescale: 1.0
Tree height after scaling: 1.0, mutation rate: 0.7148674307703857
Tree height pre-scaling: 0.7148674308546079, input timescale: 1.0
Tree height after scaling: 0.9999999999999999, mutation rate: 0.7148674308546079
Tree height pre-scaling: 0.7148674310485172, input timescale: 1.0
Tree height after scaling: 0.9999999999999998, mutation rate: 0.7148674310485172
Tree height pre-scaling: 0.7148674309514951, input timescale: 1.0
Tree height after scaling: 1.0, mutation rate: 0.7148674309514951
Tree height pre-scaling: 0.7148674307808147, input timescale: 1.0
Tree height after scaling: 0.9999999999999999, mutation rate: 0.7148674307808147
Tree height pre-scaling: 0.7148674308579585, input timescale: 1.0
Tree height after scaling: 1.0, mutation rate: 0.7148674308579585
Tree height pre-scaling: 0.7148674311169162, input timescale: 1.0
Tree height after scaling: 1.0, mutation rate: 0.7148674311169162
Tree height pre-scaling: 0.7148674308152938, input timescale: 1.0
Tree height after scaling: 1.0, mutation rate: 0.7148674308152938
Tree height pre-scaling: 0.7148674312460586, input timescale: 1.0
Tree height after scaling: 1.0, mutation rate: 0.7148674312460586
Runtime (s): 3.6764619579999995
