Launching LAML version 0.0.4
LAML was called as follows: /Users/uym2/my_gits/LAML/run_laml.py -c ../../evaluation/Bar11/Bar11_character_matrix.txt -t place_outlier7/augmented_tree_295.nwk -o place_outlier7/augmented_tree_295_optimized -v -p ../../evaluation/Bar11/Bar11_priors.pickle --delimiter tab -m -1 --nInitials 1
Prior keys mismatch with site names.
Prior keys: [0, 1, 2, 3, 4, 5, 6, 7, 8, 9, 10, 11, 12, 13, 14, 15, 16, 17, 18, 19, 20, 21, 22, 23, 24, 25, 26]
Site names: ['r1', 'r2', 'r3', 'r4', 'r5', 'r6', 'r7', 'r8', 'r9', 'r10', 'r11', 'r12', 'r13', 'r14', 'r15', 'r16', 'r17', 'r18', 'r19', 'r20', 'r21', 'r22', 'r23', 'r24', 'r25', 'r26', 'r27']
Attempting to infer mapping between site names and prior keys...
{'r1': 0, 'r2': 1, 'r3': 2, 'r4': 3, 'r5': 4, 'r6': 5, 'r7': 6, 'r8': 7, 'r9': 8, 'r10': 9, 'r11': 10, 'r12': 11, 'r13': 12, 'r14': 13, 'r15': 14, 'r16': 15, 'r17': 16, 'r18': 17, 'r19': 18, 'r20': 19, 'r21': 20, 'r22': 21, 'r23': 22, 'r24': 23, 'r25': 24, 'r26': 25, 'r27': 26}
Optimizing branch lengths, phi, and nu without topology search
Optimization by EM algorithm
Optimization start with 1 initials
Initial point 1. Random seed: 2991
Numerical optimization started with ultrametric constraint (default)
Initial phi: 0. Initial nu: 0.26955655566205877. Initial nllh: 9290.761284864868
Starting EM iter: 1
Estep
Estep runtime (s): 0.06521296501159668
Mstep
Optimizing phi
Optimizing branch lengths. Current phi: 0. Current nu:0.26955655566205877
Optimizing nu
Mstep runtime (s): 0.23569512367248535
Finished EM iter: 1. Current nllh: 7602.752572077925
Starting EM iter: 2
Estep
Estep runtime (s): 0.08788704872131348
Mstep
Optimizing phi
Optimizing branch lengths. Current phi: 0. Current nu:0.28093890081248873
Optimizing nu
Mstep runtime (s): 0.22883200645446777
Finished EM iter: 2. Current nllh: 7574.9745167633755
Starting EM iter: 3
Estep
Estep runtime (s): 0.08796215057373047
Mstep
Optimizing phi
Optimizing branch lengths. Current phi: 0. Current nu:0.2800636625923479
Optimizing nu
Mstep runtime (s): 0.24387598037719727
Finished EM iter: 3. Current nllh: 7572.451469085623
Starting EM iter: 4
Estep
Estep runtime (s): 0.09306025505065918
Mstep
Optimizing phi
Optimizing branch lengths. Current phi: 0. Current nu:0.2783397521469847
Optimizing nu
Mstep runtime (s): 0.2288510799407959
Finished EM iter: 4. Current nllh: 7572.118771592099
Starting EM iter: 5
Estep
Estep runtime (s): 0.08838224411010742
Mstep
Optimizing phi
Optimizing branch lengths. Current phi: 0. Current nu:0.27752619711192367
Optimizing nu
Mstep runtime (s): 0.26661109924316406
Finished EM iter: 5. Current nllh: 7572.029110672071
Starting EM iter: 6
Estep
Estep runtime (s): 0.08825993537902832
Mstep
Optimizing phi
Optimizing branch lengths. Current phi: 0. Current nu:0.2772084633850199
Optimizing nu
Mstep runtime (s): 0.19367003440856934
Finished EM iter: 6. Current nllh: 7571.99577487323
Starting EM iter: 7
Estep
Estep runtime (s): 0.0881807804107666
Mstep
Optimizing phi
Optimizing branch lengths. Current phi: 0. Current nu:0.2770891306887553
Optimizing nu
Mstep runtime (s): 0.19328522682189941
Finished EM iter: 7. Current nllh: 7571.974342689586
Starting EM iter: 8
Estep
Estep runtime (s): 0.08825922012329102
Mstep
Optimizing phi
Optimizing branch lengths. Current phi: 0. Current nu:0.27704589184076606
Optimizing nu
Mstep runtime (s): 0.23680591583251953
Finished EM iter: 8. Current nllh: 7571.959512395372
Starting EM iter: 9
Estep
Estep runtime (s): 0.08830833435058594
Mstep
Optimizing phi
Optimizing branch lengths. Current phi: 0. Current nu:0.27702945999095024
Optimizing nu
Mstep runtime (s): 0.2021040916442871
Finished EM iter: 9. Current nllh: 7571.948975243156
Starting EM iter: 10
Estep
Estep runtime (s): 0.08824396133422852
Mstep
Optimizing phi
Optimizing branch lengths. Current phi: 0. Current nu:0.2770231127724003
Optimizing nu
Mstep runtime (s): 0.19745802879333496
Finished EM iter: 10. Current nllh: 7571.94212917058
Starting EM iter: 11
Estep
Estep runtime (s): 0.08820080757141113
Mstep
Optimizing phi
Optimizing branch lengths. Current phi: 0. Current nu:0.27701900177802424
Optimizing nu
Mstep runtime (s): 0.2072768211364746
Finished EM iter: 11. Current nllh: 7571.9421521728245
EM finished after 11 iterations.
Optimal phi: 0. Optimal nu: 0.2770134923396969. Optimal nllh: 7571.9421521728245
Optimal point found for initial point 1
Numerical optimization finished successfully
Tree height pre-scaling: 0.7098914680759085, input timescale: 1.0
Tree height after scaling: 0.9999999999999999, mutation rate: 0.7098914680759085
Tree height pre-scaling: 0.7098914681506059, input timescale: 1.0
Tree height after scaling: 1.0, mutation rate: 0.7098914681506059
Tree height pre-scaling: 0.7098914684424014, input timescale: 1.0
Tree height after scaling: 1.0, mutation rate: 0.7098914684424014
Tree height pre-scaling: 0.7098914679366917, input timescale: 1.0
Tree height after scaling: 0.9999999999999999, mutation rate: 0.7098914679366917
Tree height pre-scaling: 0.709891468830811, input timescale: 1.0
Tree height after scaling: 1.0, mutation rate: 0.709891468830811
Tree height pre-scaling: 0.7098914679976297, input timescale: 1.0
Tree height after scaling: 1.0, mutation rate: 0.7098914679976297
Tree height pre-scaling: 0.7098914681366507, input timescale: 1.0
Tree height after scaling: 1.0, mutation rate: 0.7098914681366507
Tree height pre-scaling: 0.7098914682001194, input timescale: 1.0
Tree height after scaling: 1.0, mutation rate: 0.7098914682001194
Tree height pre-scaling: 0.7098914683985984, input timescale: 1.0
Tree height after scaling: 1.0, mutation rate: 0.7098914683985984
Tree height pre-scaling: 0.709891468043726, input timescale: 1.0
Tree height after scaling: 1.0, mutation rate: 0.709891468043726
Tree height pre-scaling: 0.7098914678332696, input timescale: 1.0
Tree height after scaling: 1.0, mutation rate: 0.7098914678332696
Tree height pre-scaling: 0.7098914683015128, input timescale: 1.0
Tree height after scaling: 0.9999999999999998, mutation rate: 0.7098914683015128
Tree height pre-scaling: 0.7098914686178696, input timescale: 1.0
Tree height after scaling: 1.0, mutation rate: 0.7098914686178696
Tree height pre-scaling: 0.709891468666516, input timescale: 1.0
Tree height after scaling: 1.0, mutation rate: 0.709891468666516
Runtime (s): 3.834731208
