Launching LAML version 0.0.4
LAML was called as follows: /Users/uym2/my_gits/LAML/run_laml.py -c ../../evaluation/Bar11/Bar11_character_matrix.txt -t place_outlier7/augmented_tree_284.nwk -o place_outlier7/augmented_tree_284_optimized -v -p ../../evaluation/Bar11/Bar11_priors.pickle --delimiter tab -m -1 --nInitials 1
Prior keys mismatch with site names.
Prior keys: [0, 1, 2, 3, 4, 5, 6, 7, 8, 9, 10, 11, 12, 13, 14, 15, 16, 17, 18, 19, 20, 21, 22, 23, 24, 25, 26]
Site names: ['r1', 'r2', 'r3', 'r4', 'r5', 'r6', 'r7', 'r8', 'r9', 'r10', 'r11', 'r12', 'r13', 'r14', 'r15', 'r16', 'r17', 'r18', 'r19', 'r20', 'r21', 'r22', 'r23', 'r24', 'r25', 'r26', 'r27']
Attempting to infer mapping between site names and prior keys...
{'r1': 0, 'r2': 1, 'r3': 2, 'r4': 3, 'r5': 4, 'r6': 5, 'r7': 6, 'r8': 7, 'r9': 8, 'r10': 9, 'r11': 10, 'r12': 11, 'r13': 12, 'r14': 13, 'r15': 14, 'r16': 15, 'r17': 16, 'r18': 17, 'r19': 18, 'r20': 19, 'r21': 20, 'r22': 21, 'r23': 22, 'r24': 23, 'r25': 24, 'r26': 25, 'r27': 26}
Optimizing branch lengths, phi, and nu without topology search
Optimization by EM algorithm
Optimization start with 1 initials
Initial point 1. Random seed: 6115
Numerical optimization started with ultrametric constraint (default)
Initial phi: 0. Initial nu: 0.26955655566205877. Initial nllh: 9079.52154555119
Starting EM iter: 1
Estep
Estep runtime (s): 0.0653688907623291
Mstep
Optimizing phi
Optimizing branch lengths. Current phi: 0. Current nu:0.26955655566205877
Optimizing nu
Mstep runtime (s): 0.22571301460266113
Finished EM iter: 1. Current nllh: 7580.296202366189
Starting EM iter: 2
Estep
Estep runtime (s): 0.08818912506103516
Mstep
Optimizing phi
Optimizing branch lengths. Current phi: 0. Current nu:0.2798507543552081
Optimizing nu
Mstep runtime (s): 0.19676804542541504
Finished EM iter: 2. Current nllh: 7547.910830672249
Starting EM iter: 3
Estep
Estep runtime (s): 0.09047794342041016
Mstep
Optimizing phi
Optimizing branch lengths. Current phi: 0. Current nu:0.27731618018989607
Optimizing nu
Mstep runtime (s): 0.24108290672302246
Finished EM iter: 3. Current nllh: 7543.244078598689
Starting EM iter: 4
Estep
Estep runtime (s): 0.08886075019836426
Mstep
Optimizing phi
Optimizing branch lengths. Current phi: 0. Current nu:0.27491612368366297
Optimizing nu
Mstep runtime (s): 0.1986701488494873
Finished EM iter: 4. Current nllh: 7542.360509448634
Starting EM iter: 5
Estep
Estep runtime (s): 0.08875584602355957
Mstep
Optimizing phi
Optimizing branch lengths. Current phi: 0. Current nu:0.2738456171544312
Optimizing nu
Mstep runtime (s): 0.2076117992401123
Finished EM iter: 5. Current nllh: 7542.129198365834
Starting EM iter: 6
Estep
Estep runtime (s): 0.08802008628845215
Mstep
Optimizing phi
Optimizing branch lengths. Current phi: 0. Current nu:0.2734307728772815
Optimizing nu
Mstep runtime (s): 0.22039175033569336
Finished EM iter: 6. Current nllh: 7542.0822814873845
Starting EM iter: 7
Estep
Estep runtime (s): 0.08852815628051758
Mstep
Optimizing phi
Optimizing branch lengths. Current phi: 0. Current nu:0.27326569765882114
Optimizing nu
Mstep runtime (s): 0.2295999526977539
Finished EM iter: 7. Current nllh: 7542.054670060046
Starting EM iter: 8
Estep
Estep runtime (s): 0.08841300010681152
Mstep
Optimizing phi
Optimizing branch lengths. Current phi: 0. Current nu:0.27320907740043426
Optimizing nu
Mstep runtime (s): 0.22665882110595703
Finished EM iter: 8. Current nllh: 7542.036366479134
Starting EM iter: 9
Estep
Estep runtime (s): 0.08847188949584961
Mstep
Optimizing phi
Optimizing branch lengths. Current phi: 0. Current nu:0.27318880292824055
Optimizing nu
Mstep runtime (s): 0.20167899131774902
Finished EM iter: 9. Current nllh: 7542.023573810751
Starting EM iter: 10
Estep
Estep runtime (s): 0.08842802047729492
Mstep
Optimizing phi
Optimizing branch lengths. Current phi: 0. Current nu:0.2731810752896653
Optimizing nu
Mstep runtime (s): 0.19189691543579102
Finished EM iter: 10. Current nllh: 7542.014443980521
Starting EM iter: 11
Estep
Estep runtime (s): 0.08846378326416016
Mstep
Optimizing phi
Optimizing branch lengths. Current phi: 0. Current nu:0.2731778829194678
Optimizing nu
Mstep runtime (s): 0.19629907608032227
Finished EM iter: 11. Current nllh: 7542.011310204908
Starting EM iter: 12
Estep
Estep runtime (s): 0.08834099769592285
Mstep
Optimizing phi
Optimizing branch lengths. Current phi: 0. Current nu:0.2731735584378161
Optimizing nu
Mstep runtime (s): 0.20447421073913574
Finished EM iter: 12. Current nllh: 7542.011344459929
EM finished after 12 iterations.
Optimal phi: 0. Optimal nu: 0.27316958288844895. Optimal nllh: 7542.011344459929
Optimal point found for initial point 1
Numerical optimization finished successfully
Tree height pre-scaling: 0.7118712035335928, input timescale: 1.0
Tree height after scaling: 1.0, mutation rate: 0.7118712035335928
Tree height pre-scaling: 0.711871203555995, input timescale: 1.0
Tree height after scaling: 1.0, mutation rate: 0.711871203555995
Tree height pre-scaling: 0.7118712037412247, input timescale: 1.0
Tree height after scaling: 1.0, mutation rate: 0.7118712037412247
Tree height pre-scaling: 0.711871203685445, input timescale: 1.0
Tree height after scaling: 0.9999999999999999, mutation rate: 0.711871203685445
Tree height pre-scaling: 0.7118712034863672, input timescale: 1.0
Tree height after scaling: 1.0, mutation rate: 0.7118712034863672
Tree height pre-scaling: 0.7118712038146098, input timescale: 1.0
Tree height after scaling: 1.0, mutation rate: 0.7118712038146098
Tree height pre-scaling: 0.7118712035096104, input timescale: 1.0
Tree height after scaling: 0.9999999999999998, mutation rate: 0.7118712035096104
Tree height pre-scaling: 0.7118712035517488, input timescale: 1.0
Tree height after scaling: 1.0, mutation rate: 0.7118712035517488
Tree height pre-scaling: 0.7118712035790314, input timescale: 1.0
Tree height after scaling: 0.9999999999999999, mutation rate: 0.7118712035790314
Tree height pre-scaling: 0.7118712036483908, input timescale: 1.0
Tree height after scaling: 1.0, mutation rate: 0.7118712036483908
Tree height pre-scaling: 0.7118712035185012, input timescale: 1.0
Tree height after scaling: 0.9999999999999999, mutation rate: 0.7118712035185012
Tree height pre-scaling: 0.7118712034464111, input timescale: 1.0
Tree height after scaling: 1.0, mutation rate: 0.7118712034464111
Tree height pre-scaling: 0.711871203614196, input timescale: 1.0
Tree height after scaling: 1.0, mutation rate: 0.711871203614196
Tree height pre-scaling: 0.71187120372082, input timescale: 1.0
Tree height after scaling: 1.0, mutation rate: 0.71187120372082
Runtime (s): 4.0510888750000005
