Launching LAML version 0.0.4
LAML was called as follows: /Users/uym2/my_gits/LAML/run_laml.py -c ../../evaluation/Bar11/Bar11_character_matrix.txt -t place_outlier7/augmented_tree_343.nwk -o place_outlier7/augmented_tree_343_optimized -v -p ../../evaluation/Bar11/Bar11_priors.pickle --delimiter tab -m -1 --nInitials 1
Prior keys mismatch with site names.
Prior keys: [0, 1, 2, 3, 4, 5, 6, 7, 8, 9, 10, 11, 12, 13, 14, 15, 16, 17, 18, 19, 20, 21, 22, 23, 24, 25, 26]
Site names: ['r1', 'r2', 'r3', 'r4', 'r5', 'r6', 'r7', 'r8', 'r9', 'r10', 'r11', 'r12', 'r13', 'r14', 'r15', 'r16', 'r17', 'r18', 'r19', 'r20', 'r21', 'r22', 'r23', 'r24', 'r25', 'r26', 'r27']
Attempting to infer mapping between site names and prior keys...
{'r1': 0, 'r2': 1, 'r3': 2, 'r4': 3, 'r5': 4, 'r6': 5, 'r7': 6, 'r8': 7, 'r9': 8, 'r10': 9, 'r11': 10, 'r12': 11, 'r13': 12, 'r14': 13, 'r15': 14, 'r16': 15, 'r17': 16, 'r18': 17, 'r19': 18, 'r20': 19, 'r21': 20, 'r22': 21, 'r23': 22, 'r24': 23, 'r25': 24, 'r26': 25, 'r27': 26}
Optimizing branch lengths, phi, and nu without topology search
Optimization by EM algorithm
Optimization start with 1 initials
Initial point 1. Random seed: 2375
Numerical optimization started with ultrametric constraint (default)
Initial phi: 0. Initial nu: 0.26955655566205877. Initial nllh: 9144.414694751218
Starting EM iter: 1
Estep
Estep runtime (s): 0.0641019344329834
Mstep
Optimizing phi
Optimizing branch lengths. Current phi: 0. Current nu:0.26955655566205877
Optimizing nu
Mstep runtime (s): 0.24863219261169434
Finished EM iter: 1. Current nllh: 7559.424184492646
Starting EM iter: 2
Estep
Estep runtime (s): 0.08726787567138672
Mstep
Optimizing phi
Optimizing branch lengths. Current phi: 0. Current nu:0.2806197754968806
Optimizing nu
Mstep runtime (s): 0.20098209381103516
Finished EM iter: 2. Current nllh: 7536.253725291307
Starting EM iter: 3
Estep
Estep runtime (s): 0.08713102340698242
Mstep
Optimizing phi
Optimizing branch lengths. Current phi: 0. Current nu:0.2805758057170682
Optimizing nu
Mstep runtime (s): 0.21376776695251465
Finished EM iter: 3. Current nllh: 7531.86160215745
Starting EM iter: 4
Estep
Estep runtime (s): 0.08712983131408691
Mstep
Optimizing phi
Optimizing branch lengths. Current phi: 0. Current nu:0.2788570779702904
Optimizing nu
Mstep runtime (s): 0.2411341667175293
Finished EM iter: 4. Current nllh: 7530.804216530003
Starting EM iter: 5
Estep
Estep runtime (s): 0.08727288246154785
Mstep
Optimizing phi
Optimizing branch lengths. Current phi: 0. Current nu:0.2777648973853891
Optimizing nu
Mstep runtime (s): 0.19600415229797363
Finished EM iter: 5. Current nllh: 7530.639237906956
Starting EM iter: 6
Estep
Estep runtime (s): 0.0874338150024414
Mstep
Optimizing phi
Optimizing branch lengths. Current phi: 0. Current nu:0.27718800909268376
Optimizing nu
Mstep runtime (s): 0.2305140495300293
Finished EM iter: 6. Current nllh: 7530.594787682496
Starting EM iter: 7
Estep
Estep runtime (s): 0.0876612663269043
Mstep
Optimizing phi
Optimizing branch lengths. Current phi: 0. Current nu:0.27693930846115133
Optimizing nu
Mstep runtime (s): 0.21303701400756836
Finished EM iter: 7. Current nllh: 7530.569740509135
Starting EM iter: 8
Estep
Estep runtime (s): 0.08914518356323242
Mstep
Optimizing phi
Optimizing branch lengths. Current phi: 0. Current nu:0.27683918907932076
Optimizing nu
Mstep runtime (s): 0.26180601119995117
Finished EM iter: 8. Current nllh: 7530.553118082461
Starting EM iter: 9
Estep
Estep runtime (s): 0.0875251293182373
Mstep
Optimizing phi
Optimizing branch lengths. Current phi: 0. Current nu:0.2767983441832417
Optimizing nu
Mstep runtime (s): 0.27948689460754395
Finished EM iter: 9. Current nllh: 7530.541676000179
Starting EM iter: 10
Estep
Estep runtime (s): 0.08740830421447754
Mstep
Optimizing phi
Optimizing branch lengths. Current phi: 0. Current nu:0.2767814484023223
Optimizing nu
Mstep runtime (s): 0.20330595970153809
Finished EM iter: 10. Current nllh: 7530.533530216394
Starting EM iter: 11
Estep
Estep runtime (s): 0.08761811256408691
Mstep
Optimizing phi
Optimizing branch lengths. Current phi: 0. Current nu:0.2767737081648163
Optimizing nu
Mstep runtime (s): 0.25551414489746094
Finished EM iter: 11. Current nllh: 7530.532770708059
Starting EM iter: 12
Estep
Estep runtime (s): 0.08739304542541504
Mstep
Optimizing phi
Optimizing branch lengths. Current phi: 0. Current nu:0.27676738237789156
Optimizing nu
Mstep runtime (s): 0.25724291801452637
Finished EM iter: 12. Current nllh: 7530.532851434392
Starting EM iter: 13
Estep
Estep runtime (s): 0.08799886703491211
Mstep
Optimizing phi
Optimizing branch lengths. Current phi: 0. Current nu:0.27676435876692934
Optimizing nu
Mstep runtime (s): 0.20231294631958008
Finished EM iter: 13. Current nllh: 7530.533059037733
Starting EM iter: 14
Estep
Estep runtime (s): 0.08758306503295898
Mstep
Optimizing phi
Optimizing branch lengths. Current phi: 0. Current nu:0.27676242430058023
Optimizing nu
Mstep runtime (s): 0.22106385231018066
Finished EM iter: 14. Current nllh: 7530.5330740559075
EM finished after 14 iterations.
Optimal phi: 0. Optimal nu: 0.2767612300798598. Optimal nllh: 7530.5330740559075
Optimal point found for initial point 1
Numerical optimization finished successfully
Tree height pre-scaling: 0.7086267100496769, input timescale: 1.0
Tree height after scaling: 1.0, mutation rate: 0.7086267100496769
Tree height pre-scaling: 0.7086267099477934, input timescale: 1.0
Tree height after scaling: 1.0, mutation rate: 0.7086267099477934
Tree height pre-scaling: 0.7086267101906416, input timescale: 1.0
Tree height after scaling: 0.9999999999999999, mutation rate: 0.7086267101906416
Tree height pre-scaling: 0.7086267099638944, input timescale: 1.0
Tree height after scaling: 1.0, mutation rate: 0.7086267099638944
Tree height pre-scaling: 0.7086267099707616, input timescale: 1.0
Tree height after scaling: 1.0, mutation rate: 0.7086267099707616
Tree height pre-scaling: 0.7086267099983674, input timescale: 1.0
Tree height after scaling: 1.0, mutation rate: 0.7086267099983674
Tree height pre-scaling: 0.7086267100707093, input timescale: 1.0
Tree height after scaling: 0.9999999999999999, mutation rate: 0.7086267100707093
Tree height pre-scaling: 0.7086267099695338, input timescale: 1.0
Tree height after scaling: 1.0, mutation rate: 0.7086267099695338
Tree height pre-scaling: 0.7086267099129506, input timescale: 1.0
Tree height after scaling: 0.9999999999999999, mutation rate: 0.7086267099129506
Tree height pre-scaling: 0.708626710036814, input timescale: 1.0
Tree height after scaling: 0.9999999999999999, mutation rate: 0.708626710036814
Tree height pre-scaling: 0.7086267101249748, input timescale: 1.0
Tree height after scaling: 1.0, mutation rate: 0.7086267101249748
Tree height pre-scaling: 0.7086267100944894, input timescale: 1.0
Tree height after scaling: 0.9999999999999999, mutation rate: 0.7086267100944894
Tree height pre-scaling: 0.7086267100785454, input timescale: 1.0
Tree height after scaling: 1.0, mutation rate: 0.7086267100785454
Tree height pre-scaling: 0.7086267098733874, input timescale: 1.0
Tree height after scaling: 1.0, mutation rate: 0.7086267098733874
Runtime (s): 4.941344167
