Launching LAML version 0.0.4
LAML was called as follows: /Users/uym2/my_gits/LAML/run_laml.py -c ../../evaluation/Bar11/Bar11_character_matrix.txt -t place_outlier7/augmented_tree_71.nwk -o place_outlier7/augmented_tree_71_optimized -v -p ../../evaluation/Bar11/Bar11_priors.pickle --delimiter tab -m -1 --nInitials 1
Prior keys mismatch with site names.
Prior keys: [0, 1, 2, 3, 4, 5, 6, 7, 8, 9, 10, 11, 12, 13, 14, 15, 16, 17, 18, 19, 20, 21, 22, 23, 24, 25, 26]
Site names: ['r1', 'r2', 'r3', 'r4', 'r5', 'r6', 'r7', 'r8', 'r9', 'r10', 'r11', 'r12', 'r13', 'r14', 'r15', 'r16', 'r17', 'r18', 'r19', 'r20', 'r21', 'r22', 'r23', 'r24', 'r25', 'r26', 'r27']
Attempting to infer mapping between site names and prior keys...
{'r1': 0, 'r2': 1, 'r3': 2, 'r4': 3, 'r5': 4, 'r6': 5, 'r7': 6, 'r8': 7, 'r9': 8, 'r10': 9, 'r11': 10, 'r12': 11, 'r13': 12, 'r14': 13, 'r15': 14, 'r16': 15, 'r17': 16, 'r18': 17, 'r19': 18, 'r20': 19, 'r21': 20, 'r22': 21, 'r23': 22, 'r24': 23, 'r25': 24, 'r26': 25, 'r27': 26}
Optimizing branch lengths, phi, and nu without topology search
Optimization by EM algorithm
Optimization start with 1 initials
Initial point 1. Random seed: 5466
Numerical optimization started with ultrametric constraint (default)
Initial phi: 0. Initial nu: 0.26955655566205877. Initial nllh: 9255.250113898826
Starting EM iter: 1
Estep
Estep runtime (s): 0.0634760856628418
Mstep
Optimizing phi
Optimizing branch lengths. Current phi: 0. Current nu:0.26955655566205877
Optimizing nu
Mstep runtime (s): 0.23574209213256836
Finished EM iter: 1. Current nllh: 7728.683717857368
Starting EM iter: 2
Estep
Estep runtime (s): 0.09032297134399414
Mstep
Optimizing phi
Optimizing branch lengths. Current phi: 0. Current nu:0.2718390271528355
Optimizing nu
Mstep runtime (s): 0.20859694480895996
Finished EM iter: 2. Current nllh: 7693.093828805993
Starting EM iter: 3
Estep
Estep runtime (s): 0.08604598045349121
Mstep
Optimizing phi
Optimizing branch lengths. Current phi: 0. Current nu:0.2677673848572095
Optimizing nu
Mstep runtime (s): 0.20570015907287598
Finished EM iter: 3. Current nllh: 7689.86944479045
Starting EM iter: 4
Estep
Estep runtime (s): 0.08606314659118652
Mstep
Optimizing phi
Optimizing branch lengths. Current phi: 0. Current nu:0.26556298923323024
Optimizing nu
Mstep runtime (s): 0.2114543914794922
Finished EM iter: 4. Current nllh: 7689.62573339004
Starting EM iter: 5
Estep
Estep runtime (s): 0.08619403839111328
Mstep
Optimizing phi
Optimizing branch lengths. Current phi: 0. Current nu:0.2647332259053951
Optimizing nu
Mstep runtime (s): 0.24522709846496582
Finished EM iter: 5. Current nllh: 7689.563326899
Starting EM iter: 6
Estep
Estep runtime (s): 0.08615469932556152
Mstep
Optimizing phi
Optimizing branch lengths. Current phi: 0. Current nu:0.26446325135731075
Optimizing nu
Mstep runtime (s): 0.20105218887329102
Finished EM iter: 6. Current nllh: 7689.53150620817
Starting EM iter: 7
Estep
Estep runtime (s): 0.08633804321289062
Mstep
Optimizing phi
Optimizing branch lengths. Current phi: 0. Current nu:0.2643760996510745
Optimizing nu
Mstep runtime (s): 0.1997230052947998
Finished EM iter: 7. Current nllh: 7689.510699965356
Starting EM iter: 8
Estep
Estep runtime (s): 0.08641505241394043
Mstep
Optimizing phi
Optimizing branch lengths. Current phi: 0. Current nu:0.26434722148550527
Optimizing nu
Mstep runtime (s): 0.22838592529296875
Finished EM iter: 8. Current nllh: 7689.496130807579
Starting EM iter: 9
Estep
Estep runtime (s): 0.08635807037353516
Mstep
Optimizing phi
Optimizing branch lengths. Current phi: 0. Current nu:0.2643364268271777
Optimizing nu
Mstep runtime (s): 0.19231891632080078
Finished EM iter: 9. Current nllh: 7689.4857044308965
Starting EM iter: 10
Estep
Estep runtime (s): 0.08689689636230469
Mstep
Optimizing phi
Optimizing branch lengths. Current phi: 0. Current nu:0.264332249859633
Optimizing nu
Mstep runtime (s): 0.19130182266235352
Finished EM iter: 10. Current nllh: 7689.478843385216
Starting EM iter: 11
Estep
Estep runtime (s): 0.08750391006469727
Mstep
Optimizing phi
Optimizing branch lengths. Current phi: 0. Current nu:0.2643295347443889
Optimizing nu
Mstep runtime (s): 0.21770882606506348
Finished EM iter: 11. Current nllh: 7689.478715723788
Starting EM iter: 12
Estep
Estep runtime (s): 0.08878612518310547
Mstep
Optimizing phi
Optimizing branch lengths. Current phi: 0. Current nu:0.26432567768999443
Optimizing nu
Mstep runtime (s): 0.2101292610168457
Finished EM iter: 12. Current nllh: 7689.478792886475
Starting EM iter: 13
Estep
Estep runtime (s): 0.08655571937561035
Mstep
Optimizing phi
Optimizing branch lengths. Current phi: 0. Current nu:0.2643236308160206
Optimizing nu
Mstep runtime (s): 0.23188281059265137
Finished EM iter: 13. Current nllh: 7689.478906294401
Starting EM iter: 14
Estep
Estep runtime (s): 0.08649802207946777
Mstep
Optimizing phi
Optimizing branch lengths. Current phi: 0. Current nu:0.2643219119345074
Optimizing nu
Mstep runtime (s): 0.216202974319458
Finished EM iter: 14. Current nllh: 7689.47889645653
EM finished after 14 iterations.
Optimal phi: 0. Optimal nu: 0.26432236971627815. Optimal nllh: 7689.47889645653
Optimal point found for initial point 1
Numerical optimization finished successfully
Tree height pre-scaling: 0.714867064769444, input timescale: 1.0
Tree height after scaling: 1.0, mutation rate: 0.714867064769444
Tree height pre-scaling: 0.7148670835392397, input timescale: 1.0
Tree height after scaling: 1.0, mutation rate: 0.7148670835392397
Tree height pre-scaling: 0.7148673318001649, input timescale: 1.0
Tree height after scaling: 1.0, mutation rate: 0.7148673318001649
Tree height pre-scaling: 0.7148673823133388, input timescale: 1.0
Tree height after scaling: 1.0, mutation rate: 0.7148673823133388
Tree height pre-scaling: 0.7148673449001767, input timescale: 1.0
Tree height after scaling: 1.0, mutation rate: 0.7148673449001767
Tree height pre-scaling: 0.7148669599730855, input timescale: 1.0
Tree height after scaling: 1.0, mutation rate: 0.7148669599730855
Tree height pre-scaling: 0.7148670508819792, input timescale: 1.0
Tree height after scaling: 1.0, mutation rate: 0.7148670508819792
Tree height pre-scaling: 0.7148672400570093, input timescale: 1.0
Tree height after scaling: 1.0, mutation rate: 0.7148672400570093
Tree height pre-scaling: 0.7148671525479782, input timescale: 1.0
Tree height after scaling: 1.0, mutation rate: 0.7148671525479782
Tree height pre-scaling: 0.7148669687418345, input timescale: 1.0
Tree height after scaling: 1.0, mutation rate: 0.7148669687418345
Tree height pre-scaling: 0.7148673030494239, input timescale: 1.0
Tree height after scaling: 1.0, mutation rate: 0.7148673030494239
Tree height pre-scaling: 0.7148670121083498, input timescale: 1.0
Tree height after scaling: 1.0, mutation rate: 0.7148670121083498
Tree height pre-scaling: 0.714867454884653, input timescale: 1.0
Tree height after scaling: 1.0, mutation rate: 0.714867454884653
Tree height pre-scaling: 0.7148669966708513, input timescale: 1.0
Tree height after scaling: 1.0, mutation rate: 0.7148669966708513
Runtime (s): 4.698565416
