Launching LAML version 0.0.4
LAML was called as follows: /Users/uym2/my_gits/LAML/run_laml.py -c ../../evaluation/Bar11/Bar11_character_matrix.txt -t place_outlier7/augmented_tree_70.nwk -o place_outlier7/augmented_tree_70_optimized -v -p ../../evaluation/Bar11/Bar11_priors.pickle --delimiter tab -m -1 --nInitials 1
Prior keys mismatch with site names.
Prior keys: [0, 1, 2, 3, 4, 5, 6, 7, 8, 9, 10, 11, 12, 13, 14, 15, 16, 17, 18, 19, 20, 21, 22, 23, 24, 25, 26]
Site names: ['r1', 'r2', 'r3', 'r4', 'r5', 'r6', 'r7', 'r8', 'r9', 'r10', 'r11', 'r12', 'r13', 'r14', 'r15', 'r16', 'r17', 'r18', 'r19', 'r20', 'r21', 'r22', 'r23', 'r24', 'r25', 'r26', 'r27']
Attempting to infer mapping between site names and prior keys...
{'r1': 0, 'r2': 1, 'r3': 2, 'r4': 3, 'r5': 4, 'r6': 5, 'r7': 6, 'r8': 7, 'r9': 8, 'r10': 9, 'r11': 10, 'r12': 11, 'r13': 12, 'r14': 13, 'r15': 14, 'r16': 15, 'r17': 16, 'r18': 17, 'r19': 18, 'r20': 19, 'r21': 20, 'r22': 21, 'r23': 22, 'r24': 23, 'r25': 24, 'r26': 25, 'r27': 26}
Optimizing branch lengths, phi, and nu without topology search
Optimization by EM algorithm
Optimization start with 1 initials
Initial point 1. Random seed: 6143
Numerical optimization started with ultrametric constraint (default)
Initial phi: 0. Initial nu: 0.26955655566205877. Initial nllh: 9319.213643731064
Starting EM iter: 1
Estep
Estep runtime (s): 0.06485795974731445
Mstep
Optimizing phi
Optimizing branch lengths. Current phi: 0. Current nu:0.26955655566205877
Optimizing nu
Mstep runtime (s): 0.23114323616027832
Finished EM iter: 1. Current nllh: 7730.6019930497405
Starting EM iter: 2
Estep
Estep runtime (s): 0.08724784851074219
Mstep
Optimizing phi
Optimizing branch lengths. Current phi: 0. Current nu:0.27233180214277136
Optimizing nu
Mstep runtime (s): 0.19689178466796875
Finished EM iter: 2. Current nllh: 7693.133141150291
Starting EM iter: 3
Estep
Estep runtime (s): 0.08721184730529785
Mstep
Optimizing phi
Optimizing branch lengths. Current phi: 0. Current nu:0.26800689457290044
Optimizing nu
Mstep runtime (s): 0.2006378173828125
Finished EM iter: 3. Current nllh: 7689.88176077011
Starting EM iter: 4
Estep
Estep runtime (s): 0.08731508255004883
Mstep
Optimizing phi
Optimizing branch lengths. Current phi: 0. Current nu:0.2656583117759447
Optimizing nu
Mstep runtime (s): 0.20551705360412598
Finished EM iter: 4. Current nllh: 7689.639759003528
Starting EM iter: 5
Estep
Estep runtime (s): 0.09060025215148926
Mstep
Optimizing phi
Optimizing branch lengths. Current phi: 0. Current nu:0.26477079897013683
Optimizing nu
Mstep runtime (s): 0.24329495429992676
Finished EM iter: 5. Current nllh: 7689.5775446442185
Starting EM iter: 6
Estep
Estep runtime (s): 0.08738303184509277
Mstep
Optimizing phi
Optimizing branch lengths. Current phi: 0. Current nu:0.2644780406093094
Optimizing nu
Mstep runtime (s): 0.2133171558380127
Finished EM iter: 6. Current nllh: 7689.545804242997
Starting EM iter: 7
Estep
Estep runtime (s): 0.08741307258605957
Mstep
Optimizing phi
Optimizing branch lengths. Current phi: 0. Current nu:0.2643809681073561
Optimizing nu
Mstep runtime (s): 0.19295787811279297
Finished EM iter: 7. Current nllh: 7689.524906915746
Starting EM iter: 8
Estep
Estep runtime (s): 0.08750605583190918
Mstep
Optimizing phi
Optimizing branch lengths. Current phi: 0. Current nu:0.2643478759134541
Optimizing nu
Mstep runtime (s): 0.23632287979125977
Finished EM iter: 8. Current nllh: 7689.510275867286
Starting EM iter: 9
Estep
Estep runtime (s): 0.08743405342102051
Mstep
Optimizing phi
Optimizing branch lengths. Current phi: 0. Current nu:0.26433528517331845
Optimizing nu
Mstep runtime (s): 0.21173310279846191
Finished EM iter: 9. Current nllh: 7689.499813826449
Starting EM iter: 10
Estep
Estep runtime (s): 0.08742094039916992
Mstep
Optimizing phi
Optimizing branch lengths. Current phi: 0. Current nu:0.2643300982299691
Optimizing nu
Mstep runtime (s): 0.18635892868041992
Finished EM iter: 10. Current nllh: 7689.492941018029
Starting EM iter: 11
Estep
Estep runtime (s): 0.08787107467651367
Mstep
Optimizing phi
Optimizing branch lengths. Current phi: 0. Current nu:0.2643269225328897
Optimizing nu
Mstep runtime (s): 0.2591552734375
Finished EM iter: 11. Current nllh: 7689.492866053536
EM finished after 11 iterations.
Optimal phi: 0. Optimal nu: 0.26432189959151353. Optimal nllh: 7689.492866053536
Optimal point found for initial point 1
Numerical optimization finished successfully
Tree height pre-scaling: 0.71486938784565, input timescale: 1.0
Tree height after scaling: 1.0, mutation rate: 0.71486938784565
Tree height pre-scaling: 0.7148694026121907, input timescale: 1.0
Tree height after scaling: 1.0, mutation rate: 0.7148694026121907
Tree height pre-scaling: 0.7148696204942211, input timescale: 1.0
Tree height after scaling: 1.0, mutation rate: 0.7148696204942211
Tree height pre-scaling: 0.7148696626425814, input timescale: 1.0
Tree height after scaling: 1.0, mutation rate: 0.7148696626425814
Tree height pre-scaling: 0.7148696281366637, input timescale: 1.0
Tree height after scaling: 1.0, mutation rate: 0.7148696281366637
Tree height pre-scaling: 0.7148692960128329, input timescale: 1.0
Tree height after scaling: 0.9999999999999999, mutation rate: 0.7148692960128329
Tree height pre-scaling: 0.714869376056812, input timescale: 1.0
Tree height after scaling: 1.0, mutation rate: 0.714869376056812
Tree height pre-scaling: 0.71486954025247, input timescale: 1.0
Tree height after scaling: 1.0, mutation rate: 0.71486954025247
Tree height pre-scaling: 0.7148694630537534, input timescale: 1.0
Tree height after scaling: 1.0000000000000002, mutation rate: 0.7148694630537534
Tree height pre-scaling: 0.7148693028529061, input timescale: 1.0
Tree height after scaling: 1.0, mutation rate: 0.7148693028529061
Tree height pre-scaling: 0.7148695942336237, input timescale: 1.0
Tree height after scaling: 1.0, mutation rate: 0.7148695942336237
Tree height pre-scaling: 0.7148693425772126, input timescale: 1.0
Tree height after scaling: 1.0, mutation rate: 0.7148693425772126
Tree height pre-scaling: 0.7148697263731028, input timescale: 1.0
Tree height after scaling: 1.0, mutation rate: 0.7148697263731028
Tree height pre-scaling: 0.7148693282318869, input timescale: 1.0
Tree height after scaling: 1.0, mutation rate: 0.7148693282318869
Runtime (s): 3.764093625
