Launching LAML version 0.0.4
LAML was called as follows: /Users/uym2/my_gits/LAML/run_laml.py -c ../../evaluation/Bar11/Bar11_character_matrix.txt -t place_outlier7/augmented_tree_325.nwk -o place_outlier7/augmented_tree_325_optimized -v -p ../../evaluation/Bar11/Bar11_priors.pickle --delimiter tab -m -1 --nInitials 1
Prior keys mismatch with site names.
Prior keys: [0, 1, 2, 3, 4, 5, 6, 7, 8, 9, 10, 11, 12, 13, 14, 15, 16, 17, 18, 19, 20, 21, 22, 23, 24, 25, 26]
Site names: ['r1', 'r2', 'r3', 'r4', 'r5', 'r6', 'r7', 'r8', 'r9', 'r10', 'r11', 'r12', 'r13', 'r14', 'r15', 'r16', 'r17', 'r18', 'r19', 'r20', 'r21', 'r22', 'r23', 'r24', 'r25', 'r26', 'r27']
Attempting to infer mapping between site names and prior keys...
{'r1': 0, 'r2': 1, 'r3': 2, 'r4': 3, 'r5': 4, 'r6': 5, 'r7': 6, 'r8': 7, 'r9': 8, 'r10': 9, 'r11': 10, 'r12': 11, 'r13': 12, 'r14': 13, 'r15': 14, 'r16': 15, 'r17': 16, 'r18': 17, 'r19': 18, 'r20': 19, 'r21': 20, 'r22': 21, 'r23': 22, 'r24': 23, 'r25': 24, 'r26': 25, 'r27': 26}
Optimizing branch lengths, phi, and nu without topology search
Optimization by EM algorithm
Optimization start with 1 initials
Initial point 1. Random seed: 2419
Numerical optimization started with ultrametric constraint (default)
Initial phi: 0. Initial nu: 0.26955655566205877. Initial nllh: 9416.40968385113
Starting EM iter: 1
Estep
Estep runtime (s): 0.06535196304321289
Mstep
Optimizing phi
Optimizing branch lengths. Current phi: 0. Current nu:0.26955655566205877
Optimizing nu
Mstep runtime (s): 0.2174680233001709
Finished EM iter: 1. Current nllh: 7634.709773905163
Starting EM iter: 2
Estep
Estep runtime (s): 0.0877847671508789
Mstep
Optimizing phi
Optimizing branch lengths. Current phi: 0. Current nu:0.2740592000830852
Optimizing nu
Mstep runtime (s): 0.2662546634674072
Finished EM iter: 2. Current nllh: 7621.0067308673715
Starting EM iter: 3
Estep
Estep runtime (s): 0.08788394927978516
Mstep
Optimizing phi
Optimizing branch lengths. Current phi: 0. Current nu:0.27333533560083056
Optimizing nu
Mstep runtime (s): 0.21593093872070312
Finished EM iter: 3. Current nllh: 7619.593137455869
Starting EM iter: 4
Estep
Estep runtime (s): 0.08798789978027344
Mstep
Optimizing phi
Optimizing branch lengths. Current phi: 0. Current nu:0.27259730649292546
Optimizing nu
Mstep runtime (s): 0.24597907066345215
Finished EM iter: 4. Current nllh: 7619.376523893984
Starting EM iter: 5
Estep
Estep runtime (s): 0.08806014060974121
Mstep
Optimizing phi
Optimizing branch lengths. Current phi: 0. Current nu:0.27221055642555403
Optimizing nu
Mstep runtime (s): 0.2359921932220459
Finished EM iter: 5. Current nllh: 7619.321173999783
Starting EM iter: 6
Estep
Estep runtime (s): 0.08802580833435059
Mstep
Optimizing phi
Optimizing branch lengths. Current phi: 0. Current nu:0.27204295335024103
Optimizing nu
Mstep runtime (s): 0.2149817943572998
Finished EM iter: 6. Current nllh: 7619.300255989969
Starting EM iter: 7
Estep
Estep runtime (s): 0.09029006958007812
Mstep
Optimizing phi
Optimizing branch lengths. Current phi: 0. Current nu:0.2719729204210604
Optimizing nu
Mstep runtime (s): 0.26545000076293945
Finished EM iter: 7. Current nllh: 7619.288806414158
Starting EM iter: 8
Estep
Estep runtime (s): 0.08820104598999023
Mstep
Optimizing phi
Optimizing branch lengths. Current phi: 0. Current nu:0.2719440637077298
Optimizing nu
Mstep runtime (s): 0.21436500549316406
Finished EM iter: 8. Current nllh: 7619.283856291311
Starting EM iter: 9
Estep
Estep runtime (s): 0.09132003784179688
Mstep
Optimizing phi
Optimizing branch lengths. Current phi: 0. Current nu:0.2719291437158072
Optimizing nu
Mstep runtime (s): 0.22334694862365723
Finished EM iter: 9. Current nllh: 7619.28359789774
Starting EM iter: 10
Estep
Estep runtime (s): 0.08879899978637695
Mstep
Optimizing phi
Optimizing branch lengths. Current phi: 0. Current nu:0.27192129702263723
Optimizing nu
Mstep runtime (s): 0.21271014213562012
Finished EM iter: 10. Current nllh: 7619.283915337789
Starting EM iter: 11
Estep
Estep runtime (s): 0.0884242057800293
Mstep
Optimizing phi
Optimizing branch lengths. Current phi: 0. Current nu:0.27191661976075565
Optimizing nu
Mstep runtime (s): 0.22910785675048828
Finished EM iter: 11. Current nllh: 7619.283835735574
Starting EM iter: 12
Estep
Estep runtime (s): 0.088165283203125
Mstep
Optimizing phi
Optimizing branch lengths. Current phi: 0. Current nu:0.27191524194182615
Optimizing nu
Mstep runtime (s): 0.2125382423400879
Finished EM iter: 12. Current nllh: 7619.283994672732
Starting EM iter: 13
Estep
Estep runtime (s): 0.0881960391998291
Mstep
Optimizing phi
Optimizing branch lengths. Current phi: 0. Current nu:0.2719139337153297
Optimizing nu
Mstep runtime (s): 0.2128279209136963
Finished EM iter: 13. Current nllh: 7619.284018889358
EM finished after 13 iterations.
Optimal phi: 0. Optimal nu: 0.2719134922429717. Optimal nllh: 7619.284018889358
Optimal point found for initial point 1
Numerical optimization finished successfully
Tree height pre-scaling: 0.7157688786572323, input timescale: 1.0
Tree height after scaling: 1.0, mutation rate: 0.7157688786572323
Tree height pre-scaling: 0.7157688788046765, input timescale: 1.0
Tree height after scaling: 1.0, mutation rate: 0.7157688788046765
Tree height pre-scaling: 0.7157688786065787, input timescale: 1.0
Tree height after scaling: 1.0, mutation rate: 0.7157688786065787
Tree height pre-scaling: 0.7157688789565317, input timescale: 1.0
Tree height after scaling: 1.0, mutation rate: 0.7157688789565317
Tree height pre-scaling: 0.7157688786284786, input timescale: 1.0
Tree height after scaling: 1.0, mutation rate: 0.7157688786284786
Tree height pre-scaling: 0.7157688786683436, input timescale: 1.0
Tree height after scaling: 1.0, mutation rate: 0.7157688786683436
Tree height pre-scaling: 0.7157688786988899, input timescale: 1.0
Tree height after scaling: 1.0, mutation rate: 0.7157688786988899
Tree height pre-scaling: 0.7157688787877833, input timescale: 1.0
Tree height after scaling: 1.0, mutation rate: 0.7157688787877833
Tree height pre-scaling: 0.7157688786470543, input timescale: 1.0
Tree height after scaling: 1.0, mutation rate: 0.7157688786470543
Tree height pre-scaling: 0.7157688785613278, input timescale: 1.0
Tree height after scaling: 1.0, mutation rate: 0.7157688785613278
Tree height pre-scaling: 0.7157688787363015, input timescale: 1.0
Tree height after scaling: 1.0, mutation rate: 0.7157688787363015
Tree height pre-scaling: 0.7157688788649859, input timescale: 1.0
Tree height after scaling: 0.9999999999999999, mutation rate: 0.7157688788649859
Tree height pre-scaling: 0.7157688788244089, input timescale: 1.0
Tree height after scaling: 1.0, mutation rate: 0.7157688788244089
Tree height pre-scaling: 0.7157688787909018, input timescale: 1.0
Tree height after scaling: 0.9999999999999999, mutation rate: 0.7157688787909018
Runtime (s): 4.585984875
