Launching LAML version 0.0.4
LAML was called as follows: /Users/uym2/my_gits/LAML/run_laml.py -c ../../evaluation/Bar11/Bar11_character_matrix.txt -t place_outlier7/augmented_tree_148.nwk -o place_outlier7/augmented_tree_148_optimized -v -p ../../evaluation/Bar11/Bar11_priors.pickle --delimiter tab -m -1 --nInitials 1
Prior keys mismatch with site names.
Prior keys: [0, 1, 2, 3, 4, 5, 6, 7, 8, 9, 10, 11, 12, 13, 14, 15, 16, 17, 18, 19, 20, 21, 22, 23, 24, 25, 26]
Site names: ['r1', 'r2', 'r3', 'r4', 'r5', 'r6', 'r7', 'r8', 'r9', 'r10', 'r11', 'r12', 'r13', 'r14', 'r15', 'r16', 'r17', 'r18', 'r19', 'r20', 'r21', 'r22', 'r23', 'r24', 'r25', 'r26', 'r27']
Attempting to infer mapping between site names and prior keys...
{'r1': 0, 'r2': 1, 'r3': 2, 'r4': 3, 'r5': 4, 'r6': 5, 'r7': 6, 'r8': 7, 'r9': 8, 'r10': 9, 'r11': 10, 'r12': 11, 'r13': 12, 'r14': 13, 'r15': 14, 'r16': 15, 'r17': 16, 'r18': 17, 'r19': 18, 'r20': 19, 'r21': 20, 'r22': 21, 'r23': 22, 'r24': 23, 'r25': 24, 'r26': 25, 'r27': 26}
Optimizing branch lengths, phi, and nu without topology search
Optimization by EM algorithm
Optimization start with 1 initials
Initial point 1. Random seed: 7588
Numerical optimization started with ultrametric constraint (default)
Initial phi: 0. Initial nu: 0.26955655566205877. Initial nllh: 8917.374582970955
Starting EM iter: 1
Estep
Estep runtime (s): 0.06352806091308594
Mstep
Optimizing phi
Optimizing branch lengths. Current phi: 0. Current nu:0.26955655566205877
Optimizing nu
Mstep runtime (s): 0.24345707893371582
Finished EM iter: 1. Current nllh: 7547.905897167336
Starting EM iter: 2
Estep
Estep runtime (s): 0.08773922920227051
Mstep
Optimizing phi
Optimizing branch lengths. Current phi: 0. Current nu:0.28058513484666253
Optimizing nu
Mstep runtime (s): 0.2330307960510254
Finished EM iter: 2. Current nllh: 7508.610562752513
Starting EM iter: 3
Estep
Estep runtime (s): 0.0861213207244873
Mstep
Optimizing phi
Optimizing branch lengths. Current phi: 0. Current nu:0.278951302957207
Optimizing nu
Mstep runtime (s): 0.19263792037963867
Finished EM iter: 3. Current nllh: 7505.0244843800265
Starting EM iter: 4
Estep
Estep runtime (s): 0.08626413345336914
Mstep
Optimizing phi
Optimizing branch lengths. Current phi: 0. Current nu:0.2767070452143346
Optimizing nu
Mstep runtime (s): 0.2021160125732422
Finished EM iter: 4. Current nllh: 7504.7399794678595
Starting EM iter: 5
Estep
Estep runtime (s): 0.08617401123046875
Mstep
Optimizing phi
Optimizing branch lengths. Current phi: 0. Current nu:0.27570353026708416
Optimizing nu
Mstep runtime (s): 0.22037196159362793
Finished EM iter: 5. Current nllh: 7504.6729669573615
Starting EM iter: 6
Estep
Estep runtime (s): 0.08606696128845215
Mstep
Optimizing phi
Optimizing branch lengths. Current phi: 0. Current nu:0.27534499179329247
Optimizing nu
Mstep runtime (s): 0.2260761260986328
Finished EM iter: 6. Current nllh: 7504.640443377262
Starting EM iter: 7
Estep
Estep runtime (s): 0.08616280555725098
Mstep
Optimizing phi
Optimizing branch lengths. Current phi: 0. Current nu:0.2752217152247172
Optimizing nu
Mstep runtime (s): 0.2019977569580078
Finished EM iter: 7. Current nllh: 7504.619656829166
Starting EM iter: 8
Estep
Estep runtime (s): 0.08667612075805664
Mstep
Optimizing phi
Optimizing branch lengths. Current phi: 0. Current nu:0.27517810215352795
Optimizing nu
Mstep runtime (s): 0.2669498920440674
Finished EM iter: 8. Current nllh: 7504.605083936427
Starting EM iter: 9
Estep
Estep runtime (s): 0.08906412124633789
Mstep
Optimizing phi
Optimizing branch lengths. Current phi: 0. Current nu:0.27516200786361206
Optimizing nu
Mstep runtime (s): 0.21565794944763184
Finished EM iter: 9. Current nllh: 7504.594635123987
Starting EM iter: 10
Estep
Estep runtime (s): 0.08624815940856934
Mstep
Optimizing phi
Optimizing branch lengths. Current phi: 0. Current nu:0.27515500574138796
Optimizing nu
Mstep runtime (s): 0.21016812324523926
Finished EM iter: 10. Current nllh: 7504.588014857854
Starting EM iter: 11
Estep
Estep runtime (s): 0.0862889289855957
Mstep
Optimizing phi
Optimizing branch lengths. Current phi: 0. Current nu:0.2751513196998376
Optimizing nu
Mstep runtime (s): 0.23223400115966797
Finished EM iter: 11. Current nllh: 7504.587965273451
EM finished after 11 iterations.
Optimal phi: 0. Optimal nu: 0.2751465465034373. Optimal nllh: 7504.587965273451
Optimal point found for initial point 1
Numerical optimization finished successfully
Tree height pre-scaling: 0.7065098708236104, input timescale: 1.0
Tree height after scaling: 1.0, mutation rate: 0.7065098708236104
Tree height pre-scaling: 0.7065098819900395, input timescale: 1.0
Tree height after scaling: 0.9999999999999999, mutation rate: 0.7065098819900395
Tree height pre-scaling: 0.7065100549318062, input timescale: 1.0
Tree height after scaling: 1.0, mutation rate: 0.7065100549318062
Tree height pre-scaling: 0.706510087652215, input timescale: 1.0
Tree height after scaling: 1.0, mutation rate: 0.706510087652215
Tree height pre-scaling: 0.7065100552043788, input timescale: 1.0
Tree height after scaling: 1.0, mutation rate: 0.7065100552043788
Tree height pre-scaling: 0.7065097990372333, input timescale: 1.0
Tree height after scaling: 1.0, mutation rate: 0.7065097990372333
Tree height pre-scaling: 0.7065098635797937, input timescale: 1.0
Tree height after scaling: 1.0, mutation rate: 0.7065098635797937
Tree height pre-scaling: 0.7065100401754322, input timescale: 1.0
Tree height after scaling: 1.0, mutation rate: 0.7065100401754322
Tree height pre-scaling: 0.7065098367929107, input timescale: 1.0
Tree height after scaling: 1.0, mutation rate: 0.7065098367929107
Tree height pre-scaling: 0.7065101392869355, input timescale: 1.0
Tree height after scaling: 1.0, mutation rate: 0.7065101392869355
Tree height pre-scaling: 0.70650986110387, input timescale: 1.0
Tree height after scaling: 1.0, mutation rate: 0.70650986110387
Tree height pre-scaling: 0.7065098683502004, input timescale: 1.0
Tree height after scaling: 0.9999999999999999, mutation rate: 0.7065098683502004
Tree height pre-scaling: 0.7065099009960258, input timescale: 1.0
Tree height after scaling: 1.0, mutation rate: 0.7065099009960258
Tree height pre-scaling: 0.7065099211859861, input timescale: 1.0
Tree height after scaling: 1.0, mutation rate: 0.7065099211859861
Runtime (s): 3.8165340000000003
