Launching LAML version 0.0.4
LAML was called as follows: /Users/uym2/my_gits/LAML/run_laml.py -c ../../evaluation/Bar11/Bar11_character_matrix.txt -t place_outlier7/augmented_tree_171.nwk -o place_outlier7/augmented_tree_171_optimized -v -p ../../evaluation/Bar11/Bar11_priors.pickle --delimiter tab -m -1 --nInitials 1
Prior keys mismatch with site names.
Prior keys: [0, 1, 2, 3, 4, 5, 6, 7, 8, 9, 10, 11, 12, 13, 14, 15, 16, 17, 18, 19, 20, 21, 22, 23, 24, 25, 26]
Site names: ['r1', 'r2', 'r3', 'r4', 'r5', 'r6', 'r7', 'r8', 'r9', 'r10', 'r11', 'r12', 'r13', 'r14', 'r15', 'r16', 'r17', 'r18', 'r19', 'r20', 'r21', 'r22', 'r23', 'r24', 'r25', 'r26', 'r27']
Attempting to infer mapping between site names and prior keys...
{'r1': 0, 'r2': 1, 'r3': 2, 'r4': 3, 'r5': 4, 'r6': 5, 'r7': 6, 'r8': 7, 'r9': 8, 'r10': 9, 'r11': 10, 'r12': 11, 'r13': 12, 'r14': 13, 'r15': 14, 'r16': 15, 'r17': 16, 'r18': 17, 'r19': 18, 'r20': 19, 'r21': 20, 'r22': 21, 'r23': 22, 'r24': 23, 'r25': 24, 'r26': 25, 'r27': 26}
Optimizing branch lengths, phi, and nu without topology search
Optimization by EM algorithm
Optimization start with 1 initials
Initial point 1. Random seed: 9879
Numerical optimization started with ultrametric constraint (default)
Initial phi: 0. Initial nu: 0.26955655566205877. Initial nllh: 9032.957926182391
Starting EM iter: 1
Estep
Estep runtime (s): 0.0646209716796875
Mstep
Optimizing phi
Optimizing branch lengths. Current phi: 0. Current nu:0.26955655566205877
Optimizing nu
Mstep runtime (s): 0.2584397792816162
Finished EM iter: 1. Current nllh: 7538.829595557258
Starting EM iter: 2
Estep
Estep runtime (s): 0.08768606185913086
Mstep
Optimizing phi
Optimizing branch lengths. Current phi: 0. Current nu:0.27943117664241524
Optimizing nu
Mstep runtime (s): 0.19914913177490234
Finished EM iter: 2. Current nllh: 7508.520545482858
Starting EM iter: 3
Estep
Estep runtime (s): 0.08752894401550293
Mstep
Optimizing phi
Optimizing branch lengths. Current phi: 0. Current nu:0.27791758924375703
Optimizing nu
Mstep runtime (s): 0.2014908790588379
Finished EM iter: 3. Current nllh: 7505.101504951577
Starting EM iter: 4
Estep
Estep runtime (s): 0.09155082702636719
Mstep
Optimizing phi
Optimizing branch lengths. Current phi: 0. Current nu:0.2762532096309422
Optimizing nu
Mstep runtime (s): 0.2028648853302002
Finished EM iter: 4. Current nllh: 7504.704057008445
Starting EM iter: 5
Estep
Estep runtime (s): 0.08843803405761719
Mstep
Optimizing phi
Optimizing branch lengths. Current phi: 0. Current nu:0.2755552968447193
Optimizing nu
Mstep runtime (s): 0.2072911262512207
Finished EM iter: 5. Current nllh: 7504.635109934472
Starting EM iter: 6
Estep
Estep runtime (s): 0.08757615089416504
Mstep
Optimizing phi
Optimizing branch lengths. Current phi: 0. Current nu:0.27530367943351913
Optimizing nu
Mstep runtime (s): 0.19610810279846191
Finished EM iter: 6. Current nllh: 7504.601137038413
Starting EM iter: 7
Estep
Estep runtime (s): 0.08775568008422852
Mstep
Optimizing phi
Optimizing branch lengths. Current phi: 0. Current nu:0.2752182209379436
Optimizing nu
Mstep runtime (s): 0.18337798118591309
Finished EM iter: 7. Current nllh: 7504.579487877355
Starting EM iter: 8
Estep
Estep runtime (s): 0.08754706382751465
Mstep
Optimizing phi
Optimizing branch lengths. Current phi: 0. Current nu:0.27518827123722844
Optimizing nu
Mstep runtime (s): 0.21976280212402344
Finished EM iter: 8. Current nllh: 7504.564552726237
Starting EM iter: 9
Estep
Estep runtime (s): 0.08767509460449219
Mstep
Optimizing phi
Optimizing branch lengths. Current phi: 0. Current nu:0.27517695000108966
Optimizing nu
Mstep runtime (s): 0.24363923072814941
Finished EM iter: 9. Current nllh: 7504.553941456455
Starting EM iter: 10
Estep
Estep runtime (s): 0.08758282661437988
Mstep
Optimizing phi
Optimizing branch lengths. Current phi: 0. Current nu:0.2751726697237759
Optimizing nu
Mstep runtime (s): 0.23989105224609375
Finished EM iter: 10. Current nllh: 7504.547182453833
Starting EM iter: 11
Estep
Estep runtime (s): 0.08767390251159668
Mstep
Optimizing phi
Optimizing branch lengths. Current phi: 0. Current nu:0.2751699629185287
Optimizing nu
Mstep runtime (s): 0.19469308853149414
Finished EM iter: 11. Current nllh: 7504.547195001243
EM finished after 11 iterations.
Optimal phi: 0. Optimal nu: 0.2751650495563388. Optimal nllh: 7504.547195001243
Optimal point found for initial point 1
Numerical optimization finished successfully
Tree height pre-scaling: 0.7071957037727212, input timescale: 1.0
Tree height after scaling: 1.0000000000000002, mutation rate: 0.7071957037727212
Tree height pre-scaling: 0.7071957037753869, input timescale: 1.0
Tree height after scaling: 0.9999999999999999, mutation rate: 0.7071957037753869
Tree height pre-scaling: 0.7071957038004139, input timescale: 1.0
Tree height after scaling: 1.0, mutation rate: 0.7071957038004139
Tree height pre-scaling: 0.7071957038067112, input timescale: 1.0
Tree height after scaling: 1.0, mutation rate: 0.7071957038067112
Tree height pre-scaling: 0.7071957037938225, input timescale: 1.0
Tree height after scaling: 1.0, mutation rate: 0.7071957037938225
Tree height pre-scaling: 0.7071957037676727, input timescale: 1.0
Tree height after scaling: 1.0, mutation rate: 0.7071957037676727
Tree height pre-scaling: 0.7071957038111369, input timescale: 1.0
Tree height after scaling: 1.0, mutation rate: 0.7071957038111369
Tree height pre-scaling: 0.7071957037706563, input timescale: 1.0
Tree height after scaling: 1.0, mutation rate: 0.7071957037706563
Tree height pre-scaling: 0.7071957037742185, input timescale: 1.0
Tree height after scaling: 1.0, mutation rate: 0.7071957037742185
Tree height pre-scaling: 0.7071957037784822, input timescale: 1.0
Tree height after scaling: 1.0, mutation rate: 0.7071957037784822
Tree height pre-scaling: 0.7071957037882524, input timescale: 1.0
Tree height after scaling: 0.9999999999999999, mutation rate: 0.7071957037882524
Tree height pre-scaling: 0.7071957037709138, input timescale: 1.0
Tree height after scaling: 1.0, mutation rate: 0.7071957037709138
Tree height pre-scaling: 0.7071957037623212, input timescale: 1.0
Tree height after scaling: 1.0, mutation rate: 0.7071957037623212
Tree height pre-scaling: 0.7071957037946299, input timescale: 1.0
Tree height after scaling: 1.0, mutation rate: 0.7071957037946299
Runtime (s): 3.738555333
