Launching LAML version 0.0.4
LAML was called as follows: /Users/uym2/my_gits/LAML/run_laml.py -c ../../evaluation/Bar11/Bar11_character_matrix.txt -t place_outlier7/augmented_tree_40.nwk -o place_outlier7/augmented_tree_40_optimized -v -p ../../evaluation/Bar11/Bar11_priors.pickle --delimiter tab -m -1 --nInitials 1
Prior keys mismatch with site names.
Prior keys: [0, 1, 2, 3, 4, 5, 6, 7, 8, 9, 10, 11, 12, 13, 14, 15, 16, 17, 18, 19, 20, 21, 22, 23, 24, 25, 26]
Site names: ['r1', 'r2', 'r3', 'r4', 'r5', 'r6', 'r7', 'r8', 'r9', 'r10', 'r11', 'r12', 'r13', 'r14', 'r15', 'r16', 'r17', 'r18', 'r19', 'r20', 'r21', 'r22', 'r23', 'r24', 'r25', 'r26', 'r27']
Attempting to infer mapping between site names and prior keys...
{'r1': 0, 'r2': 1, 'r3': 2, 'r4': 3, 'r5': 4, 'r6': 5, 'r7': 6, 'r8': 7, 'r9': 8, 'r10': 9, 'r11': 10, 'r12': 11, 'r13': 12, 'r14': 13, 'r15': 14, 'r16': 15, 'r17': 16, 'r18': 17, 'r19': 18, 'r20': 19, 'r21': 20, 'r22': 21, 'r23': 22, 'r24': 23, 'r25': 24, 'r26': 25, 'r27': 26}
Optimizing branch lengths, phi, and nu without topology search
Optimization by EM algorithm
Optimization start with 1 initials
Initial point 1. Random seed: 1955
Numerical optimization started with ultrametric constraint (default)
Initial phi: 0. Initial nu: 0.26955655566205877. Initial nllh: 9288.721233425587
Starting EM iter: 1
Estep
Estep runtime (s): 0.06504082679748535
Mstep
Optimizing phi
Optimizing branch lengths. Current phi: 0. Current nu:0.26955655566205877
Optimizing nu
Mstep runtime (s): 0.24944305419921875
Finished EM iter: 1. Current nllh: 7638.277765410592
Starting EM iter: 2
Estep
Estep runtime (s): 0.08856987953186035
Mstep
Optimizing phi
Optimizing branch lengths. Current phi: 0. Current nu:0.2755290679037722
Optimizing nu
Mstep runtime (s): 0.2182462215423584
Finished EM iter: 2. Current nllh: 7604.328797931045
Starting EM iter: 3
Estep
Estep runtime (s): 0.09033799171447754
Mstep
Optimizing phi
Optimizing branch lengths. Current phi: 0. Current nu:0.2726236199553875
Optimizing nu
Mstep runtime (s): 0.2079000473022461
Finished EM iter: 3. Current nllh: 7600.792339616118
Starting EM iter: 4
Estep
Estep runtime (s): 0.08861899375915527
Mstep
Optimizing phi
Optimizing branch lengths. Current phi: 0. Current nu:0.2704248899159099
Optimizing nu
Mstep runtime (s): 0.21534204483032227
Finished EM iter: 4. Current nllh: 7600.38886795789
Starting EM iter: 5
Estep
Estep runtime (s): 0.08709883689880371
Mstep
Optimizing phi
Optimizing branch lengths. Current phi: 0. Current nu:0.2694520323221024
Optimizing nu
Mstep runtime (s): 0.2098071575164795
Finished EM iter: 5. Current nllh: 7600.3186554365275
Starting EM iter: 6
Estep
Estep runtime (s): 0.08709883689880371
Mstep
Optimizing phi
Optimizing branch lengths. Current phi: 0. Current nu:0.26906522509100367
Optimizing nu
Mstep runtime (s): 0.20153403282165527
Finished EM iter: 6. Current nllh: 7600.284723599169
Starting EM iter: 7
Estep
Estep runtime (s): 0.08889293670654297
Mstep
Optimizing phi
Optimizing branch lengths. Current phi: 0. Current nu:0.26891586229344716
Optimizing nu
Mstep runtime (s): 0.19646000862121582
Finished EM iter: 7. Current nllh: 7600.263144044381
Starting EM iter: 8
Estep
Estep runtime (s): 0.08714818954467773
Mstep
Optimizing phi
Optimizing branch lengths. Current phi: 0. Current nu:0.26885780472775345
Optimizing nu
Mstep runtime (s): 0.21779108047485352
Finished EM iter: 8. Current nllh: 7600.248243346577
Starting EM iter: 9
Estep
Estep runtime (s): 0.08890700340270996
Mstep
Optimizing phi
Optimizing branch lengths. Current phi: 0. Current nu:0.2688342676799621
Optimizing nu
Mstep runtime (s): 0.19944190979003906
Finished EM iter: 9. Current nllh: 7600.237648575505
Starting EM iter: 10
Estep
Estep runtime (s): 0.08729100227355957
Mstep
Optimizing phi
Optimizing branch lengths. Current phi: 0. Current nu:0.2688237500281822
Optimizing nu
Mstep runtime (s): 0.22092700004577637
Finished EM iter: 10. Current nllh: 7600.230559837359
Starting EM iter: 11
Estep
Estep runtime (s): 0.08742904663085938
Mstep
Optimizing phi
Optimizing branch lengths. Current phi: 0. Current nu:0.2688187478975597
Optimizing nu
Mstep runtime (s): 0.19307899475097656
Finished EM iter: 11. Current nllh: 7600.230567966832
EM finished after 11 iterations.
Optimal phi: 0. Optimal nu: 0.26881271804685086. Optimal nllh: 7600.230567966832
Optimal point found for initial point 1
Numerical optimization finished successfully
Tree height pre-scaling: 0.715795109884108, input timescale: 1.0
Tree height after scaling: 1.0, mutation rate: 0.715795109884108
Tree height pre-scaling: 0.7157951098913429, input timescale: 1.0
Tree height after scaling: 1.0, mutation rate: 0.7157951098913429
Tree height pre-scaling: 0.7157951102268789, input timescale: 1.0
Tree height after scaling: 1.0, mutation rate: 0.7157951102268789
Tree height pre-scaling: 0.7157951102761915, input timescale: 1.0
Tree height after scaling: 1.0, mutation rate: 0.7157951102761915
Tree height pre-scaling: 0.715795110234066, input timescale: 1.0
Tree height after scaling: 1.0, mutation rate: 0.715795110234066
Tree height pre-scaling: 0.7157951097391, input timescale: 1.0
Tree height after scaling: 1.0, mutation rate: 0.7157951097391
Tree height pre-scaling: 0.7157951098641155, input timescale: 1.0
Tree height after scaling: 1.0, mutation rate: 0.7157951098641155
Tree height pre-scaling: 0.7157951101224237, input timescale: 1.0
Tree height after scaling: 1.0, mutation rate: 0.7157951101224237
Tree height pre-scaling: 0.7157951099842776, input timescale: 1.0
Tree height after scaling: 1.0000000000000002, mutation rate: 0.7157951099842776
Tree height pre-scaling: 0.7157951097426064, input timescale: 1.0
Tree height after scaling: 1.0, mutation rate: 0.7157951097426064
Tree height pre-scaling: 0.7157951098542188, input timescale: 1.0
Tree height after scaling: 1.0, mutation rate: 0.7157951098542188
Tree height pre-scaling: 0.7157951102130924, input timescale: 1.0
Tree height after scaling: 1.0, mutation rate: 0.7157951102130924
Tree height pre-scaling: 0.7157951098101023, input timescale: 1.0
Tree height after scaling: 1.0, mutation rate: 0.7157951098101023
Tree height pre-scaling: 0.7157951103910511, input timescale: 1.0
Tree height after scaling: 1.0, mutation rate: 0.7157951103910511
Runtime (s): 3.7197492499999996
