Launching LAML version 0.0.4
LAML was called as follows: /Users/uym2/my_gits/LAML/run_laml.py -c ../../evaluation/Bar11/Bar11_character_matrix.txt -t place_outlier7/augmented_tree_120.nwk -o place_outlier7/augmented_tree_120_optimized -v -p ../../evaluation/Bar11/Bar11_priors.pickle --delimiter tab -m -1 --nInitials 1
Prior keys mismatch with site names.
Prior keys: [0, 1, 2, 3, 4, 5, 6, 7, 8, 9, 10, 11, 12, 13, 14, 15, 16, 17, 18, 19, 20, 21, 22, 23, 24, 25, 26]
Site names: ['r1', 'r2', 'r3', 'r4', 'r5', 'r6', 'r7', 'r8', 'r9', 'r10', 'r11', 'r12', 'r13', 'r14', 'r15', 'r16', 'r17', 'r18', 'r19', 'r20', 'r21', 'r22', 'r23', 'r24', 'r25', 'r26', 'r27']
Attempting to infer mapping between site names and prior keys...
{'r1': 0, 'r2': 1, 'r3': 2, 'r4': 3, 'r5': 4, 'r6': 5, 'r7': 6, 'r8': 7, 'r9': 8, 'r10': 9, 'r11': 10, 'r12': 11, 'r13': 12, 'r14': 13, 'r15': 14, 'r16': 15, 'r17': 16, 'r18': 17, 'r19': 18, 'r20': 19, 'r21': 20, 'r22': 21, 'r23': 22, 'r24': 23, 'r25': 24, 'r26': 25, 'r27': 26}
Optimizing branch lengths, phi, and nu without topology search
Optimization by EM algorithm
Optimization start with 1 initials
Initial point 1. Random seed: 1928
Numerical optimization started with ultrametric constraint (default)
Initial phi: 0. Initial nu: 0.26955655566205877. Initial nllh: 9264.070468666487
Starting EM iter: 1
Estep
Estep runtime (s): 0.06769204139709473
Mstep
Optimizing phi
Optimizing branch lengths. Current phi: 0. Current nu:0.26955655566205877
Optimizing nu
Mstep runtime (s): 0.2361164093017578
Finished EM iter: 1. Current nllh: 7811.5548685054755
Starting EM iter: 2
Estep
Estep runtime (s): 0.09312605857849121
Mstep
Optimizing phi
Optimizing branch lengths. Current phi: 0. Current nu:0.26884484867087893
Optimizing nu
Mstep runtime (s): 0.20287680625915527
Finished EM iter: 2. Current nllh: 7775.5526466397905
Starting EM iter: 3
Estep
Estep runtime (s): 0.08678698539733887
Mstep
Optimizing phi
Optimizing branch lengths. Current phi: 0. Current nu:0.26506995219973023
Optimizing nu
Mstep runtime (s): 0.2091219425201416
Finished EM iter: 3. Current nllh: 7770.66326351117
Starting EM iter: 4
Estep
Estep runtime (s): 0.08591628074645996
Mstep
Optimizing phi
Optimizing branch lengths. Current phi: 0. Current nu:0.26209753818581377
Optimizing nu
Mstep runtime (s): 0.20899391174316406
Finished EM iter: 4. Current nllh: 7770.176866313264
Starting EM iter: 5
Estep
Estep runtime (s): 0.0861351490020752
Mstep
Optimizing phi
Optimizing branch lengths. Current phi: 0. Current nu:0.26078131218540385
Optimizing nu
Mstep runtime (s): 0.2108616828918457
Finished EM iter: 5. Current nllh: 7770.085136221402
Starting EM iter: 6
Estep
Estep runtime (s): 0.08616113662719727
Mstep
Optimizing phi
Optimizing branch lengths. Current phi: 0. Current nu:0.26032300732224356
Optimizing nu
Mstep runtime (s): 0.198228120803833
Finished EM iter: 6. Current nllh: 7770.048035499854
Starting EM iter: 7
Estep
Estep runtime (s): 0.08624815940856934
Mstep
Optimizing phi
Optimizing branch lengths. Current phi: 0. Current nu:0.2601688776961952
Optimizing nu
Mstep runtime (s): 0.20013213157653809
Finished EM iter: 7. Current nllh: 7770.026147256799
Starting EM iter: 8
Estep
Estep runtime (s): 0.08619213104248047
Mstep
Optimizing phi
Optimizing branch lengths. Current phi: 0. Current nu:0.26011561621073426
Optimizing nu
Mstep runtime (s): 0.20888710021972656
Finished EM iter: 8. Current nllh: 7770.011191129354
Starting EM iter: 9
Estep
Estep runtime (s): 0.08608579635620117
Mstep
Optimizing phi
Optimizing branch lengths. Current phi: 0. Current nu:0.26009618726006345
Optimizing nu
Mstep runtime (s): 0.2273709774017334
Finished EM iter: 9. Current nllh: 7770.000718441509
Starting EM iter: 10
Estep
Estep runtime (s): 0.08629035949707031
Mstep
Optimizing phi
Optimizing branch lengths. Current phi: 0. Current nu:0.2600888895281886
Optimizing nu
Mstep runtime (s): 0.2063579559326172
Finished EM iter: 10. Current nllh: 7769.993249777224
Starting EM iter: 11
Estep
Estep runtime (s): 0.0863499641418457
Mstep
Optimizing phi
Optimizing branch lengths. Current phi: 0. Current nu:0.2600851644191208
Optimizing nu
Mstep runtime (s): 0.2548177242279053
Finished EM iter: 11. Current nllh: 7769.99326163667
EM finished after 11 iterations.
Optimal phi: 0. Optimal nu: 0.2600789568353795. Optimal nllh: 7769.99326163667
Optimal point found for initial point 1
Numerical optimization finished successfully
Tree height pre-scaling: 0.7285644738601472, input timescale: 1.0
Tree height after scaling: 1.0, mutation rate: 0.7285644738601472
Tree height pre-scaling: 0.7285644738385701, input timescale: 1.0
Tree height after scaling: 1.0, mutation rate: 0.7285644738385701
Tree height pre-scaling: 0.7285644743018951, input timescale: 1.0
Tree height after scaling: 1.0, mutation rate: 0.7285644743018951
Tree height pre-scaling: 0.7285644743209911, input timescale: 1.0
Tree height after scaling: 1.0, mutation rate: 0.7285644743209911
Tree height pre-scaling: 0.7285644742622012, input timescale: 1.0
Tree height after scaling: 0.9999999999999999, mutation rate: 0.7285644742622012
Tree height pre-scaling: 0.7285644736604893, input timescale: 1.0
Tree height after scaling: 0.9999999999999999, mutation rate: 0.7285644736604893
Tree height pre-scaling: 0.7285644738308483, input timescale: 1.0
Tree height after scaling: 1.0, mutation rate: 0.7285644738308483
Tree height pre-scaling: 0.728564474153842, input timescale: 1.0
Tree height after scaling: 1.0, mutation rate: 0.728564474153842
Tree height pre-scaling: 0.7285644741790737, input timescale: 1.0
Tree height after scaling: 1.0, mutation rate: 0.7285644741790737
Tree height pre-scaling: 0.7285644737612956, input timescale: 1.0
Tree height after scaling: 1.0, mutation rate: 0.7285644737612956
Tree height pre-scaling: 0.7285644744883228, input timescale: 1.0
Tree height after scaling: 1.0, mutation rate: 0.7285644744883228
Tree height pre-scaling: 0.7285644738193482, input timescale: 1.0
Tree height after scaling: 1.0, mutation rate: 0.7285644738193482
Tree height pre-scaling: 0.7285644738184466, input timescale: 1.0
Tree height after scaling: 1.0, mutation rate: 0.7285644738184466
Tree height pre-scaling: 0.7285644748673153, input timescale: 1.0
Tree height after scaling: 1.0, mutation rate: 0.7285644748673153
Runtime (s): 3.743774625
