Launching LAML version 0.0.4
LAML was called as follows: /Users/uym2/my_gits/LAML/run_laml.py -c ../../evaluation/Bar11/Bar11_character_matrix.txt -t place_outlier7/augmented_tree_99.nwk -o place_outlier7/augmented_tree_99_optimized -v -p ../../evaluation/Bar11/Bar11_priors.pickle --delimiter tab -m -1 --nInitials 1
Prior keys mismatch with site names.
Prior keys: [0, 1, 2, 3, 4, 5, 6, 7, 8, 9, 10, 11, 12, 13, 14, 15, 16, 17, 18, 19, 20, 21, 22, 23, 24, 25, 26]
Site names: ['r1', 'r2', 'r3', 'r4', 'r5', 'r6', 'r7', 'r8', 'r9', 'r10', 'r11', 'r12', 'r13', 'r14', 'r15', 'r16', 'r17', 'r18', 'r19', 'r20', 'r21', 'r22', 'r23', 'r24', 'r25', 'r26', 'r27']
Attempting to infer mapping between site names and prior keys...
{'r1': 0, 'r2': 1, 'r3': 2, 'r4': 3, 'r5': 4, 'r6': 5, 'r7': 6, 'r8': 7, 'r9': 8, 'r10': 9, 'r11': 10, 'r12': 11, 'r13': 12, 'r14': 13, 'r15': 14, 'r16': 15, 'r17': 16, 'r18': 17, 'r19': 18, 'r20': 19, 'r21': 20, 'r22': 21, 'r23': 22, 'r24': 23, 'r25': 24, 'r26': 25, 'r27': 26}
Optimizing branch lengths, phi, and nu without topology search
Optimization by EM algorithm
Optimization start with 1 initials
Initial point 1. Random seed: 2757
Numerical optimization started with ultrametric constraint (default)
Initial phi: 0. Initial nu: 0.26955655566205877. Initial nllh: 9288.032165594668
Starting EM iter: 1
Estep
Estep runtime (s): 0.06302905082702637
Mstep
Optimizing phi
Optimizing branch lengths. Current phi: 0. Current nu:0.26955655566205877
Optimizing nu
Mstep runtime (s): 0.25229811668395996
Finished EM iter: 1. Current nllh: 7673.369850273686
Starting EM iter: 2
Estep
Estep runtime (s): 0.08669495582580566
Mstep
Optimizing phi
Optimizing branch lengths. Current phi: 0. Current nu:0.27611731265743805
Optimizing nu
Mstep runtime (s): 0.2002730369567871
Finished EM iter: 2. Current nllh: 7634.97134943309
Starting EM iter: 3
Estep
Estep runtime (s): 0.08656620979309082
Mstep
Optimizing phi
Optimizing branch lengths. Current phi: 0. Current nu:0.27307031585636693
Optimizing nu
Mstep runtime (s): 0.19356107711791992
Finished EM iter: 3. Current nllh: 7630.749275701697
Starting EM iter: 4
Estep
Estep runtime (s): 0.08724617958068848
Mstep
Optimizing phi
Optimizing branch lengths. Current phi: 0. Current nu:0.27080203732034785
Optimizing nu
Mstep runtime (s): 0.23526597023010254
Finished EM iter: 4. Current nllh: 7630.215857047286
Starting EM iter: 5
Estep
Estep runtime (s): 0.08994889259338379
Mstep
Optimizing phi
Optimizing branch lengths. Current phi: 0. Current nu:0.2697051279508653
Optimizing nu
Mstep runtime (s): 0.24250388145446777
Finished EM iter: 5. Current nllh: 7630.147777162915
Starting EM iter: 6
Estep
Estep runtime (s): 0.08664298057556152
Mstep
Optimizing phi
Optimizing branch lengths. Current phi: 0. Current nu:0.26926935657462847
Optimizing nu
Mstep runtime (s): 0.20704102516174316
Finished EM iter: 6. Current nllh: 7630.115864989394
Starting EM iter: 7
Estep
Estep runtime (s): 0.0867919921875
Mstep
Optimizing phi
Optimizing branch lengths. Current phi: 0. Current nu:0.2691122583420694
Optimizing nu
Mstep runtime (s): 0.2259509563446045
Finished EM iter: 7. Current nllh: 7630.094864314615
Starting EM iter: 8
Estep
Estep runtime (s): 0.08663606643676758
Mstep
Optimizing phi
Optimizing branch lengths. Current phi: 0. Current nu:0.2690570473148346
Optimizing nu
Mstep runtime (s): 0.18935608863830566
Finished EM iter: 8. Current nllh: 7630.080402121217
Starting EM iter: 9
Estep
Estep runtime (s): 0.08695101737976074
Mstep
Optimizing phi
Optimizing branch lengths. Current phi: 0. Current nu:0.26903576081057473
Optimizing nu
Mstep runtime (s): 0.19877910614013672
Finished EM iter: 9. Current nllh: 7630.069930790912
Starting EM iter: 10
Estep
Estep runtime (s): 0.08689570426940918
Mstep
Optimizing phi
Optimizing branch lengths. Current phi: 0. Current nu:0.26902724473513495
Optimizing nu
Mstep runtime (s): 0.22615408897399902
Finished EM iter: 10. Current nllh: 7630.062921360567
Starting EM iter: 11
Estep
Estep runtime (s): 0.08701801300048828
Mstep
Optimizing phi
Optimizing branch lengths. Current phi: 0. Current nu:0.26902266947737596
Optimizing nu
Mstep runtime (s): 0.24320006370544434
Finished EM iter: 11. Current nllh: 7630.0628971373035
EM finished after 11 iterations.
Optimal phi: 0. Optimal nu: 0.2690170866909461. Optimal nllh: 7630.0628971373035
Optimal point found for initial point 1
Numerical optimization finished successfully
Tree height pre-scaling: 0.7144180672881076, input timescale: 1.0
Tree height after scaling: 1.0, mutation rate: 0.7144180672881076
Tree height pre-scaling: 0.7144180754346003, input timescale: 1.0
Tree height after scaling: 1.0, mutation rate: 0.7144180754346003
Tree height pre-scaling: 0.7144182075117358, input timescale: 1.0
Tree height after scaling: 1.0, mutation rate: 0.7144182075117358
Tree height pre-scaling: 0.7144182313504573, input timescale: 1.0
Tree height after scaling: 1.0, mutation rate: 0.7144182313504573
Tree height pre-scaling: 0.7144182167092341, input timescale: 1.0
Tree height after scaling: 1.0000000000000002, mutation rate: 0.7144182167092341
Tree height pre-scaling: 0.7144180109143892, input timescale: 1.0
Tree height after scaling: 0.9999999999999999, mutation rate: 0.7144180109143892
Tree height pre-scaling: 0.7144180582753827, input timescale: 1.0
Tree height after scaling: 1.0, mutation rate: 0.7144180582753827
Tree height pre-scaling: 0.7144181620725278, input timescale: 1.0
Tree height after scaling: 1.0, mutation rate: 0.7144181620725278
Tree height pre-scaling: 0.714418112089436, input timescale: 1.0
Tree height after scaling: 1.0, mutation rate: 0.714418112089436
Tree height pre-scaling: 0.7144181964810025, input timescale: 1.0
Tree height after scaling: 1.0, mutation rate: 0.7144181964810025
Tree height pre-scaling: 0.7144180364495443, input timescale: 1.0
Tree height after scaling: 0.9999999999999999, mutation rate: 0.7144180364495443
Tree height pre-scaling: 0.7144182760989741, input timescale: 1.0
Tree height after scaling: 1.0, mutation rate: 0.7144182760989741
Tree height pre-scaling: 0.7144180568406283, input timescale: 1.0
Tree height after scaling: 1.0, mutation rate: 0.7144180568406283
Tree height pre-scaling: 0.7144180066013601, input timescale: 1.0
Tree height after scaling: 0.9999999999999999, mutation rate: 0.7144180066013601
Runtime (s): 3.7891545
