Launching LAML version 0.0.4
LAML was called as follows: /Users/uym2/my_gits/LAML/run_laml.py -c ../../evaluation/Bar11/Bar11_character_matrix.txt -t place_outlier7/augmented_tree_216.nwk -o place_outlier7/augmented_tree_216_optimized -v -p ../../evaluation/Bar11/Bar11_priors.pickle --delimiter tab -m -1 --nInitials 1
Prior keys mismatch with site names.
Prior keys: [0, 1, 2, 3, 4, 5, 6, 7, 8, 9, 10, 11, 12, 13, 14, 15, 16, 17, 18, 19, 20, 21, 22, 23, 24, 25, 26]
Site names: ['r1', 'r2', 'r3', 'r4', 'r5', 'r6', 'r7', 'r8', 'r9', 'r10', 'r11', 'r12', 'r13', 'r14', 'r15', 'r16', 'r17', 'r18', 'r19', 'r20', 'r21', 'r22', 'r23', 'r24', 'r25', 'r26', 'r27']
Attempting to infer mapping between site names and prior keys...
{'r1': 0, 'r2': 1, 'r3': 2, 'r4': 3, 'r5': 4, 'r6': 5, 'r7': 6, 'r8': 7, 'r9': 8, 'r10': 9, 'r11': 10, 'r12': 11, 'r13': 12, 'r14': 13, 'r15': 14, 'r16': 15, 'r17': 16, 'r18': 17, 'r19': 18, 'r20': 19, 'r21': 20, 'r22': 21, 'r23': 22, 'r24': 23, 'r25': 24, 'r26': 25, 'r27': 26}
Optimizing branch lengths, phi, and nu without topology search
Optimization by EM algorithm
Optimization start with 1 initials
Initial point 1. Random seed: 3798
Numerical optimization started with ultrametric constraint (default)
Initial phi: 0. Initial nu: 0.26955655566205877. Initial nllh: 8984.705651770857
Starting EM iter: 1
Estep
Estep runtime (s): 0.06472420692443848
Mstep
Optimizing phi
Optimizing branch lengths. Current phi: 0. Current nu:0.26955655566205877
Optimizing nu
Mstep runtime (s): 0.22799897193908691
Finished EM iter: 1. Current nllh: 7538.584512269288
Starting EM iter: 2
Estep
Estep runtime (s): 0.0879371166229248
Mstep
Optimizing phi
Optimizing branch lengths. Current phi: 0. Current nu:0.2792531636250537
Optimizing nu
Mstep runtime (s): 0.193526029586792
Finished EM iter: 2. Current nllh: 7508.5889927244825
Starting EM iter: 3
Estep
Estep runtime (s): 0.08738136291503906
Mstep
Optimizing phi
Optimizing branch lengths. Current phi: 0. Current nu:0.27793190351013725
Optimizing nu
Mstep runtime (s): 0.22313499450683594
Finished EM iter: 3. Current nllh: 7504.95674036194
Starting EM iter: 4
Estep
Estep runtime (s): 0.0890510082244873
Mstep
Optimizing phi
Optimizing branch lengths. Current phi: 0. Current nu:0.2763325552376501
Optimizing nu
Mstep runtime (s): 0.2374870777130127
Finished EM iter: 4. Current nllh: 7504.4283980712025
Starting EM iter: 5
Estep
Estep runtime (s): 0.08739805221557617
Mstep
Optimizing phi
Optimizing branch lengths. Current phi: 0. Current nu:0.2756313593270432
Optimizing nu
Mstep runtime (s): 0.22852301597595215
Finished EM iter: 5. Current nllh: 7504.289804361272
Starting EM iter: 6
Estep
Estep runtime (s): 0.09202194213867188
Mstep
Optimizing phi
Optimizing branch lengths. Current phi: 0. Current nu:0.2753638768432236
Optimizing nu
Mstep runtime (s): 0.21336913108825684
Finished EM iter: 6. Current nllh: 7504.225285158759
Starting EM iter: 7
Estep
Estep runtime (s): 0.09116291999816895
Mstep
Optimizing phi
Optimizing branch lengths. Current phi: 0. Current nu:0.27526402081962065
Optimizing nu
Mstep runtime (s): 0.26799893379211426
Finished EM iter: 7. Current nllh: 7504.203266860617
Starting EM iter: 8
Estep
Estep runtime (s): 0.08762598037719727
Mstep
Optimizing phi
Optimizing branch lengths. Current phi: 0. Current nu:0.27522146398420655
Optimizing nu
Mstep runtime (s): 0.23625802993774414
Finished EM iter: 8. Current nllh: 7504.188208591101
Starting EM iter: 9
Estep
Estep runtime (s): 0.08934617042541504
Mstep
Optimizing phi
Optimizing branch lengths. Current phi: 0. Current nu:0.2752048053109287
Optimizing nu
Mstep runtime (s): 0.24833917617797852
Finished EM iter: 9. Current nllh: 7504.177631060282
Starting EM iter: 10
Estep
Estep runtime (s): 0.08966517448425293
Mstep
Optimizing phi
Optimizing branch lengths. Current phi: 0. Current nu:0.2751968201749108
Optimizing nu
Mstep runtime (s): 0.21979403495788574
Finished EM iter: 10. Current nllh: 7504.171064821025
Starting EM iter: 11
Estep
Estep runtime (s): 0.08764886856079102
Mstep
Optimizing phi
Optimizing branch lengths. Current phi: 0. Current nu:0.2751916012862732
Optimizing nu
Mstep runtime (s): 0.21083688735961914
Finished EM iter: 11. Current nllh: 7504.171116455691
EM finished after 11 iterations.
Optimal phi: 0. Optimal nu: 0.2751853546680373. Optimal nllh: 7504.171116455691
Optimal point found for initial point 1
Numerical optimization finished successfully
Tree height pre-scaling: 0.7076744551627949, input timescale: 1.0
Tree height after scaling: 1.0, mutation rate: 0.7076744551627949
Tree height pre-scaling: 0.7076744552147717, input timescale: 1.0
Tree height after scaling: 1.0, mutation rate: 0.7076744552147717
Tree height pre-scaling: 0.7076744557470519, input timescale: 1.0
Tree height after scaling: 1.0, mutation rate: 0.7076744557470519
Tree height pre-scaling: 0.7076744558975783, input timescale: 1.0
Tree height after scaling: 1.0, mutation rate: 0.7076744558975783
Tree height pre-scaling: 0.7076744556228582, input timescale: 1.0
Tree height after scaling: 0.9999999999999999, mutation rate: 0.7076744556228582
Tree height pre-scaling: 0.7076744550473139, input timescale: 1.0
Tree height after scaling: 1.0, mutation rate: 0.7076744550473139
Tree height pre-scaling: 0.7076744559972253, input timescale: 1.0
Tree height after scaling: 1.0, mutation rate: 0.7076744559972253
Tree height pre-scaling: 0.7076744551097157, input timescale: 1.0
Tree height after scaling: 0.9999999999999999, mutation rate: 0.7076744551097157
Tree height pre-scaling: 0.7076744551897935, input timescale: 1.0
Tree height after scaling: 0.9999999999999998, mutation rate: 0.7076744551897935
Tree height pre-scaling: 0.7076744552792832, input timescale: 1.0
Tree height after scaling: 0.9999999999999999, mutation rate: 0.7076744552792832
Tree height pre-scaling: 0.7076744555077148, input timescale: 1.0
Tree height after scaling: 1.0, mutation rate: 0.7076744555077148
Tree height pre-scaling: 0.7076744551288612, input timescale: 1.0
Tree height after scaling: 1.0, mutation rate: 0.7076744551288612
Tree height pre-scaling: 0.7076744549262358, input timescale: 1.0
Tree height after scaling: 1.0, mutation rate: 0.7076744549262358
Tree height pre-scaling: 0.7076744553038563, input timescale: 1.0
Tree height after scaling: 1.0, mutation rate: 0.7076744553038563
Runtime (s): 3.9069803330000004
