Launching LAML version 0.0.4
LAML was called as follows: /Users/uym2/my_gits/LAML/run_laml.py -c ../../evaluation/Bar11/Bar11_character_matrix.txt -t place_outlier7/augmented_tree_68.nwk -o place_outlier7/augmented_tree_68_optimized -v -p ../../evaluation/Bar11/Bar11_priors.pickle --delimiter tab -m -1 --nInitials 1
Prior keys mismatch with site names.
Prior keys: [0, 1, 2, 3, 4, 5, 6, 7, 8, 9, 10, 11, 12, 13, 14, 15, 16, 17, 18, 19, 20, 21, 22, 23, 24, 25, 26]
Site names: ['r1', 'r2', 'r3', 'r4', 'r5', 'r6', 'r7', 'r8', 'r9', 'r10', 'r11', 'r12', 'r13', 'r14', 'r15', 'r16', 'r17', 'r18', 'r19', 'r20', 'r21', 'r22', 'r23', 'r24', 'r25', 'r26', 'r27']
Attempting to infer mapping between site names and prior keys...
{'r1': 0, 'r2': 1, 'r3': 2, 'r4': 3, 'r5': 4, 'r6': 5, 'r7': 6, 'r8': 7, 'r9': 8, 'r10': 9, 'r11': 10, 'r12': 11, 'r13': 12, 'r14': 13, 'r15': 14, 'r16': 15, 'r17': 16, 'r18': 17, 'r19': 18, 'r20': 19, 'r21': 20, 'r22': 21, 'r23': 22, 'r24': 23, 'r25': 24, 'r26': 25, 'r27': 26}
Optimizing branch lengths, phi, and nu without topology search
Optimization by EM algorithm
Optimization start with 1 initials
Initial point 1. Random seed: 3573
Numerical optimization started with ultrametric constraint (default)
Initial phi: 0. Initial nu: 0.26955655566205877. Initial nllh: 9092.649555217704
Starting EM iter: 1
Estep
Estep runtime (s): 0.06329083442687988
Mstep
Optimizing phi
Optimizing branch lengths. Current phi: 0. Current nu:0.26955655566205877
Optimizing nu
Mstep runtime (s): 0.2153780460357666
Finished EM iter: 1. Current nllh: 7645.538692247051
Starting EM iter: 2
Estep
Estep runtime (s): 0.08738422393798828
Mstep
Optimizing phi
Optimizing branch lengths. Current phi: 0. Current nu:0.27562793570195415
Optimizing nu
Mstep runtime (s): 0.19330811500549316
Finished EM iter: 2. Current nllh: 7607.750010730479
Starting EM iter: 3
Estep
Estep runtime (s): 0.08671021461486816
Mstep
Optimizing phi
Optimizing branch lengths. Current phi: 0. Current nu:0.2724331250135393
Optimizing nu
Mstep runtime (s): 0.19111013412475586
Finished EM iter: 3. Current nllh: 7604.382213484059
Starting EM iter: 4
Estep
Estep runtime (s): 0.08683609962463379
Mstep
Optimizing phi
Optimizing branch lengths. Current phi: 0. Current nu:0.2704163361588719
Optimizing nu
Mstep runtime (s): 0.30128931999206543
Finished EM iter: 4. Current nllh: 7604.124834626477
Starting EM iter: 5
Estep
Estep runtime (s): 0.08678507804870605
Mstep
Optimizing phi
Optimizing branch lengths. Current phi: 0. Current nu:0.269646252395111
Optimizing nu
Mstep runtime (s): 0.22308921813964844
Finished EM iter: 5. Current nllh: 7604.059355301992
Starting EM iter: 6
Estep
Estep runtime (s): 0.08884596824645996
Mstep
Optimizing phi
Optimizing branch lengths. Current phi: 0. Current nu:0.26940444201692204
Optimizing nu
Mstep runtime (s): 0.200059175491333
Finished EM iter: 6. Current nllh: 7604.02650238425
Starting EM iter: 7
Estep
Estep runtime (s): 0.08682489395141602
Mstep
Optimizing phi
Optimizing branch lengths. Current phi: 0. Current nu:0.26933188102839367
Optimizing nu
Mstep runtime (s): 0.1919569969177246
Finished EM iter: 7. Current nllh: 7604.005172321839
Starting EM iter: 8
Estep
Estep runtime (s): 0.08700799942016602
Mstep
Optimizing phi
Optimizing branch lengths. Current phi: 0. Current nu:0.269311011134604
Optimizing nu
Mstep runtime (s): 0.19427704811096191
Finished EM iter: 8. Current nllh: 7603.990341289644
Starting EM iter: 9
Estep
Estep runtime (s): 0.08719706535339355
Mstep
Optimizing phi
Optimizing branch lengths. Current phi: 0. Current nu:0.26930485856770026
Optimizing nu
Mstep runtime (s): 0.20368003845214844
Finished EM iter: 9. Current nllh: 7603.979771154995
Starting EM iter: 10
Estep
Estep runtime (s): 0.08695292472839355
Mstep
Optimizing phi
Optimizing branch lengths. Current phi: 0. Current nu:0.2693028125628481
Optimizing nu
Mstep runtime (s): 0.1977691650390625
Finished EM iter: 10. Current nllh: 7603.9729473985735
Starting EM iter: 11
Estep
Estep runtime (s): 0.08699202537536621
Mstep
Optimizing phi
Optimizing branch lengths. Current phi: 0. Current nu:0.26930153245616323
Optimizing nu
Mstep runtime (s): 0.21500706672668457
Finished EM iter: 11. Current nllh: 7603.9729541127535
EM finished after 11 iterations.
Optimal phi: 0. Optimal nu: 0.26929705879211874. Optimal nllh: 7603.9729541127535
Optimal point found for initial point 1
Numerical optimization finished successfully
Tree height pre-scaling: 0.7110505897957216, input timescale: 1.0
Tree height after scaling: 1.0, mutation rate: 0.7110505897957216
Tree height pre-scaling: 0.7110505897975303, input timescale: 1.0
Tree height after scaling: 1.0, mutation rate: 0.7110505897975303
Tree height pre-scaling: 0.7110505898218078, input timescale: 1.0
Tree height after scaling: 1.0, mutation rate: 0.7110505898218078
Tree height pre-scaling: 0.7110505898265966, input timescale: 1.0
Tree height after scaling: 1.0, mutation rate: 0.7110505898265966
Tree height pre-scaling: 0.7110505898213004, input timescale: 1.0
Tree height after scaling: 0.9999999999999998, mutation rate: 0.7110505898213004
Tree height pre-scaling: 0.7110505897860504, input timescale: 1.0
Tree height after scaling: 1.0, mutation rate: 0.7110505897860504
Tree height pre-scaling: 0.7110505897945911, input timescale: 1.0
Tree height after scaling: 1.0, mutation rate: 0.7110505897945911
Tree height pre-scaling: 0.7110505898115357, input timescale: 1.0
Tree height after scaling: 1.0, mutation rate: 0.7110505898115357
Tree height pre-scaling: 0.7110505898047235, input timescale: 1.0
Tree height after scaling: 1.0, mutation rate: 0.7110505898047235
Tree height pre-scaling: 0.7110505897872039, input timescale: 1.0
Tree height after scaling: 1.0, mutation rate: 0.7110505897872039
Tree height pre-scaling: 0.7110505898150244, input timescale: 1.0
Tree height after scaling: 1.0, mutation rate: 0.7110505898150244
Tree height pre-scaling: 0.7110505897910615, input timescale: 1.0
Tree height after scaling: 1.0, mutation rate: 0.7110505897910615
Tree height pre-scaling: 0.7110505898315145, input timescale: 1.0
Tree height after scaling: 1.0, mutation rate: 0.7110505898315145
Tree height pre-scaling: 0.7110505897891206, input timescale: 1.0
Tree height after scaling: 1.0, mutation rate: 0.7110505897891206
Runtime (s): 3.70566425
