Launching LAML version 0.0.4
LAML was called as follows: /Users/uym2/my_gits/LAML/run_laml.py -c ../../evaluation/Bar11/Bar11_character_matrix.txt -t place_outlier7/augmented_tree_123.nwk -o place_outlier7/augmented_tree_123_optimized -v -p ../../evaluation/Bar11/Bar11_priors.pickle --delimiter tab -m -1 --nInitials 1
Prior keys mismatch with site names.
Prior keys: [0, 1, 2, 3, 4, 5, 6, 7, 8, 9, 10, 11, 12, 13, 14, 15, 16, 17, 18, 19, 20, 21, 22, 23, 24, 25, 26]
Site names: ['r1', 'r2', 'r3', 'r4', 'r5', 'r6', 'r7', 'r8', 'r9', 'r10', 'r11', 'r12', 'r13', 'r14', 'r15', 'r16', 'r17', 'r18', 'r19', 'r20', 'r21', 'r22', 'r23', 'r24', 'r25', 'r26', 'r27']
Attempting to infer mapping between site names and prior keys...
{'r1': 0, 'r2': 1, 'r3': 2, 'r4': 3, 'r5': 4, 'r6': 5, 'r7': 6, 'r8': 7, 'r9': 8, 'r10': 9, 'r11': 10, 'r12': 11, 'r13': 12, 'r14': 13, 'r15': 14, 'r16': 15, 'r17': 16, 'r18': 17, 'r19': 18, 'r20': 19, 'r21': 20, 'r22': 21, 'r23': 22, 'r24': 23, 'r25': 24, 'r26': 25, 'r27': 26}
Optimizing branch lengths, phi, and nu without topology search
Optimization by EM algorithm
Optimization start with 1 initials
Initial point 1. Random seed: 9253
Numerical optimization started with ultrametric constraint (default)
Initial phi: 0. Initial nu: 0.26955655566205877. Initial nllh: 9365.054006154129
Starting EM iter: 1
Estep
Estep runtime (s): 0.0646810531616211
Mstep
Optimizing phi
Optimizing branch lengths. Current phi: 0. Current nu:0.26955655566205877
Optimizing nu
Mstep runtime (s): 0.21805596351623535
Finished EM iter: 1. Current nllh: 7932.570876067508
Starting EM iter: 2
Estep
Estep runtime (s): 0.0869748592376709
Mstep
Optimizing phi
Optimizing branch lengths. Current phi: 0. Current nu:0.2677440487893527
Optimizing nu
Mstep runtime (s): 0.24923276901245117
Finished EM iter: 2. Current nllh: 7896.649512217857
Starting EM iter: 3
Estep
Estep runtime (s): 0.08705615997314453
Mstep
Optimizing phi
Optimizing branch lengths. Current phi: 0. Current nu:0.26370895342783357
Optimizing nu
Mstep runtime (s): 0.22254681587219238
Finished EM iter: 3. Current nllh: 7891.518993114128
Starting EM iter: 4
Estep
Estep runtime (s): 0.08720016479492188
Mstep
Optimizing phi
Optimizing branch lengths. Current phi: 0. Current nu:0.26066390577910836
Optimizing nu
Mstep runtime (s): 0.21198534965515137
Finished EM iter: 4. Current nllh: 7890.940121715643
Starting EM iter: 5
Estep
Estep runtime (s): 0.08770394325256348
Mstep
Optimizing phi
Optimizing branch lengths. Current phi: 0. Current nu:0.25929004050011384
Optimizing nu
Mstep runtime (s): 0.23214983940124512
Finished EM iter: 5. Current nllh: 7890.839595894777
Starting EM iter: 6
Estep
Estep runtime (s): 0.08852601051330566
Mstep
Optimizing phi
Optimizing branch lengths. Current phi: 0. Current nu:0.25880271885378653
Optimizing nu
Mstep runtime (s): 0.2115800380706787
Finished EM iter: 6. Current nllh: 7890.8008677238795
Starting EM iter: 7
Estep
Estep runtime (s): 0.09081006050109863
Mstep
Optimizing phi
Optimizing branch lengths. Current phi: 0. Current nu:0.25863580527103686
Optimizing nu
Mstep runtime (s): 0.24544596672058105
Finished EM iter: 7. Current nllh: 7890.778618565515
Starting EM iter: 8
Estep
Estep runtime (s): 0.0873868465423584
Mstep
Optimizing phi
Optimizing branch lengths. Current phi: 0. Current nu:0.25857754945238515
Optimizing nu
Mstep runtime (s): 0.20409488677978516
Finished EM iter: 8. Current nllh: 7890.763700186559
Starting EM iter: 9
Estep
Estep runtime (s): 0.08763694763183594
Mstep
Optimizing phi
Optimizing branch lengths. Current phi: 0. Current nu:0.25855598514092665
Optimizing nu
Mstep runtime (s): 0.23547101020812988
Finished EM iter: 9. Current nllh: 7890.753141606898
Starting EM iter: 10
Estep
Estep runtime (s): 0.08735513687133789
Mstep
Optimizing phi
Optimizing branch lengths. Current phi: 0. Current nu:0.2585468241350123
Optimizing nu
Mstep runtime (s): 0.2501251697540283
Finished EM iter: 10. Current nllh: 7890.745569384131
Starting EM iter: 11
Estep
Estep runtime (s): 0.08909988403320312
Mstep
Optimizing phi
Optimizing branch lengths. Current phi: 0. Current nu:0.2585426705782077
Optimizing nu
Mstep runtime (s): 0.23587465286254883
Finished EM iter: 11. Current nllh: 7890.745180463118
Starting EM iter: 12
Estep
Estep runtime (s): 0.08723616600036621
Mstep
Optimizing phi
Optimizing branch lengths. Current phi: 0. Current nu:0.2585376646908901
Optimizing nu
Mstep runtime (s): 0.2140190601348877
Finished EM iter: 12. Current nllh: 7890.745422772631
Starting EM iter: 13
Estep
Estep runtime (s): 0.08752679824829102
Mstep
Optimizing phi
Optimizing branch lengths. Current phi: 0. Current nu:0.2585355691804106
Optimizing nu
Mstep runtime (s): 0.2018129825592041
Finished EM iter: 13. Current nllh: 7890.745460169872
EM finished after 13 iterations.
Optimal phi: 0. Optimal nu: 0.2585346843875196. Optimal nllh: 7890.745460169872
Optimal point found for initial point 1
Numerical optimization finished successfully
Tree height pre-scaling: 0.7335119927836002, input timescale: 1.0
Tree height after scaling: 1.0000000000000002, mutation rate: 0.7335119927836002
Tree height pre-scaling: 0.7335119927580829, input timescale: 1.0
Tree height after scaling: 1.0, mutation rate: 0.7335119927580829
Tree height pre-scaling: 0.7335119930963144, input timescale: 1.0
Tree height after scaling: 1.0, mutation rate: 0.7335119930963144
Tree height pre-scaling: 0.7335119930922833, input timescale: 1.0
Tree height after scaling: 1.0, mutation rate: 0.7335119930922833
Tree height pre-scaling: 0.733511993057851, input timescale: 1.0
Tree height after scaling: 1.0, mutation rate: 0.733511993057851
Tree height pre-scaling: 0.7335119926428039, input timescale: 1.0
Tree height after scaling: 0.9999999999999999, mutation rate: 0.7335119926428039
Tree height pre-scaling: 0.7335119927592115, input timescale: 1.0
Tree height after scaling: 1.0, mutation rate: 0.7335119927592115
Tree height pre-scaling: 0.7335119929861404, input timescale: 1.0
Tree height after scaling: 1.0, mutation rate: 0.7335119929861404
Tree height pre-scaling: 0.7335119929934628, input timescale: 1.0
Tree height after scaling: 1.0, mutation rate: 0.7335119929934628
Tree height pre-scaling: 0.7335119927119624, input timescale: 1.0
Tree height after scaling: 1.0, mutation rate: 0.7335119927119624
Tree height pre-scaling: 0.733511993215335, input timescale: 1.0
Tree height after scaling: 1.0, mutation rate: 0.733511993215335
Tree height pre-scaling: 0.7335119927528511, input timescale: 1.0
Tree height after scaling: 1.0, mutation rate: 0.7335119927528511
Tree height pre-scaling: 0.7335119927517663, input timescale: 1.0
Tree height after scaling: 1.0, mutation rate: 0.7335119927517663
Tree height pre-scaling: 0.7335119937772344, input timescale: 1.0
Tree height after scaling: 1.0, mutation rate: 0.7335119937772344
Runtime (s): 4.539256416
