Launching LAML version 0.0.4
LAML was called as follows: /Users/uym2/my_gits/LAML/run_laml.py -c ../../evaluation/Bar11/Bar11_character_matrix.txt -t place_outlier7/augmented_tree_195.nwk -o place_outlier7/augmented_tree_195_optimized -v -p ../../evaluation/Bar11/Bar11_priors.pickle --delimiter tab -m -1 --nInitials 1
Prior keys mismatch with site names.
Prior keys: [0, 1, 2, 3, 4, 5, 6, 7, 8, 9, 10, 11, 12, 13, 14, 15, 16, 17, 18, 19, 20, 21, 22, 23, 24, 25, 26]
Site names: ['r1', 'r2', 'r3', 'r4', 'r5', 'r6', 'r7', 'r8', 'r9', 'r10', 'r11', 'r12', 'r13', 'r14', 'r15', 'r16', 'r17', 'r18', 'r19', 'r20', 'r21', 'r22', 'r23', 'r24', 'r25', 'r26', 'r27']
Attempting to infer mapping between site names and prior keys...
{'r1': 0, 'r2': 1, 'r3': 2, 'r4': 3, 'r5': 4, 'r6': 5, 'r7': 6, 'r8': 7, 'r9': 8, 'r10': 9, 'r11': 10, 'r12': 11, 'r13': 12, 'r14': 13, 'r15': 14, 'r16': 15, 'r17': 16, 'r18': 17, 'r19': 18, 'r20': 19, 'r21': 20, 'r22': 21, 'r23': 22, 'r24': 23, 'r25': 24, 'r26': 25, 'r27': 26}
Optimizing branch lengths, phi, and nu without topology search
Optimization by EM algorithm
Optimization start with 1 initials
Initial point 1. Random seed: 4238
Numerical optimization started with ultrametric constraint (default)
Initial phi: 0. Initial nu: 0.26955655566205877. Initial nllh: 9376.4128365885
Starting EM iter: 1
Estep
Estep runtime (s): 0.06580018997192383
Mstep
Optimizing phi
Optimizing branch lengths. Current phi: 0. Current nu:0.26955655566205877
Optimizing nu
Mstep runtime (s): 0.23563694953918457
Finished EM iter: 1. Current nllh: 7722.0242676718935
Starting EM iter: 2
Estep
Estep runtime (s): 0.0882120132446289
Mstep
Optimizing phi
Optimizing branch lengths. Current phi: 0. Current nu:0.27186869419408655
Optimizing nu
Mstep runtime (s): 0.23612308502197266
Finished EM iter: 2. Current nllh: 7692.081450455627
Starting EM iter: 3
Estep
Estep runtime (s): 0.08826613426208496
Mstep
Optimizing phi
Optimizing branch lengths. Current phi: 0. Current nu:0.2675460222903616
Optimizing nu
Mstep runtime (s): 0.23952794075012207
Finished EM iter: 3. Current nllh: 7688.7006904709215
Starting EM iter: 4
Estep
Estep runtime (s): 0.08895373344421387
Mstep
Optimizing phi
Optimizing branch lengths. Current phi: 0. Current nu:0.26493578266856344
Optimizing nu
Mstep runtime (s): 0.1981370449066162
Finished EM iter: 4. Current nllh: 7688.302667859419
Starting EM iter: 5
Estep
Estep runtime (s): 0.08765482902526855
Mstep
Optimizing phi
Optimizing branch lengths. Current phi: 0. Current nu:0.2639340868352014
Optimizing nu
Mstep runtime (s): 0.22496891021728516
Finished EM iter: 5. Current nllh: 7688.233070920996
Starting EM iter: 6
Estep
Estep runtime (s): 0.08782005310058594
Mstep
Optimizing phi
Optimizing branch lengths. Current phi: 0. Current nu:0.26358409203478034
Optimizing nu
Mstep runtime (s): 0.18715405464172363
Finished EM iter: 6. Current nllh: 7688.198755776339
Starting EM iter: 7
Estep
Estep runtime (s): 0.08835887908935547
Mstep
Optimizing phi
Optimizing branch lengths. Current phi: 0. Current nu:0.2634648322650091
Optimizing nu
Mstep runtime (s): 0.2341771125793457
Finished EM iter: 7. Current nllh: 7688.176786255095
Starting EM iter: 8
Estep
Estep runtime (s): 0.08781695365905762
Mstep
Optimizing phi
Optimizing branch lengths. Current phi: 0. Current nu:0.2634226633654762
Optimizing nu
Mstep runtime (s): 0.22727417945861816
Finished EM iter: 8. Current nllh: 7688.161750253164
Starting EM iter: 9
Estep
Estep runtime (s): 0.08787870407104492
Mstep
Optimizing phi
Optimizing branch lengths. Current phi: 0. Current nu:0.26340731672642903
Optimizing nu
Mstep runtime (s): 0.22094082832336426
Finished EM iter: 9. Current nllh: 7688.151073318871
Starting EM iter: 10
Estep
Estep runtime (s): 0.08814001083374023
Mstep
Optimizing phi
Optimizing branch lengths. Current phi: 0. Current nu:0.2634009695166208
Optimizing nu
Mstep runtime (s): 0.21919608116149902
Finished EM iter: 10. Current nllh: 7688.14370770773
Starting EM iter: 11
Estep
Estep runtime (s): 0.08843779563903809
Mstep
Optimizing phi
Optimizing branch lengths. Current phi: 0. Current nu:0.26339722720815356
Optimizing nu
Mstep runtime (s): 0.1988680362701416
Finished EM iter: 11. Current nllh: 7688.143689215197
EM finished after 11 iterations.
Optimal phi: 0. Optimal nu: 0.26339162412876027. Optimal nllh: 7688.143689215197
Optimal point found for initial point 1
Numerical optimization finished successfully
Tree height pre-scaling: 0.7238674796791464, input timescale: 1.0
Tree height after scaling: 1.0, mutation rate: 0.7238674796791464
Tree height pre-scaling: 0.7238674796961102, input timescale: 1.0
Tree height after scaling: 1.0, mutation rate: 0.7238674796961102
Tree height pre-scaling: 0.7238674798819467, input timescale: 1.0
Tree height after scaling: 1.0, mutation rate: 0.7238674798819467
Tree height pre-scaling: 0.7238674799157121, input timescale: 1.0
Tree height after scaling: 1.0, mutation rate: 0.7238674799157121
Tree height pre-scaling: 0.7238674798353094, input timescale: 1.0
Tree height after scaling: 0.9999999999999999, mutation rate: 0.7238674798353094
Tree height pre-scaling: 0.7238674796273625, input timescale: 1.0
Tree height after scaling: 1.0, mutation rate: 0.7238674796273625
Tree height pre-scaling: 0.7238674799689208, input timescale: 1.0
Tree height after scaling: 1.0, mutation rate: 0.7238674799689208
Tree height pre-scaling: 0.723867479652987, input timescale: 1.0
Tree height after scaling: 1.0, mutation rate: 0.723867479652987
Tree height pre-scaling: 0.7238674796922617, input timescale: 1.0
Tree height after scaling: 1.0000000000000002, mutation rate: 0.7238674796922617
Tree height pre-scaling: 0.723867479723417, input timescale: 1.0
Tree height after scaling: 0.9999999999999999, mutation rate: 0.723867479723417
Tree height pre-scaling: 0.7238674797987983, input timescale: 1.0
Tree height after scaling: 1.0, mutation rate: 0.7238674797987983
Tree height pre-scaling: 0.7238674796618836, input timescale: 1.0
Tree height after scaling: 1.0, mutation rate: 0.7238674796618836
Tree height pre-scaling: 0.7238674795878224, input timescale: 1.0
Tree height after scaling: 0.9999999999999999, mutation rate: 0.7238674795878224
Tree height pre-scaling: 0.7238674801894672, input timescale: 1.0
Tree height after scaling: 1.0, mutation rate: 0.7238674801894672
Runtime (s): 3.82323475
