Launching LAML version 0.0.4
LAML was called as follows: /Users/uym2/my_gits/LAML/run_laml.py -c ../../evaluation/Bar11/Bar11_character_matrix.txt -t place_outlier7/augmented_tree_58.nwk -o place_outlier7/augmented_tree_58_optimized -v -p ../../evaluation/Bar11/Bar11_priors.pickle --delimiter tab -m -1 --nInitials 1
Prior keys mismatch with site names.
Prior keys: [0, 1, 2, 3, 4, 5, 6, 7, 8, 9, 10, 11, 12, 13, 14, 15, 16, 17, 18, 19, 20, 21, 22, 23, 24, 25, 26]
Site names: ['r1', 'r2', 'r3', 'r4', 'r5', 'r6', 'r7', 'r8', 'r9', 'r10', 'r11', 'r12', 'r13', 'r14', 'r15', 'r16', 'r17', 'r18', 'r19', 'r20', 'r21', 'r22', 'r23', 'r24', 'r25', 'r26', 'r27']
Attempting to infer mapping between site names and prior keys...
{'r1': 0, 'r2': 1, 'r3': 2, 'r4': 3, 'r5': 4, 'r6': 5, 'r7': 6, 'r8': 7, 'r9': 8, 'r10': 9, 'r11': 10, 'r12': 11, 'r13': 12, 'r14': 13, 'r15': 14, 'r16': 15, 'r17': 16, 'r18': 17, 'r19': 18, 'r20': 19, 'r21': 20, 'r22': 21, 'r23': 22, 'r24': 23, 'r25': 24, 'r26': 25, 'r27': 26}
Optimizing branch lengths, phi, and nu without topology search
Optimization by EM algorithm
Optimization start with 1 initials
Initial point 1. Random seed: 66
Numerical optimization started with ultrametric constraint (default)
Initial phi: 0. Initial nu: 0.26955655566205877. Initial nllh: 9452.00830973595
Starting EM iter: 1
Estep
Estep runtime (s): 0.06349706649780273
Mstep
Optimizing phi
Optimizing branch lengths. Current phi: 0. Current nu:0.26955655566205877
Optimizing nu
Mstep runtime (s): 0.25086188316345215
Finished EM iter: 1. Current nllh: 7678.3981390816725
Starting EM iter: 2
Estep
Estep runtime (s): 0.08615303039550781
Mstep
Optimizing phi
Optimizing branch lengths. Current phi: 0. Current nu:0.27463780007506433
Optimizing nu
Mstep runtime (s): 0.23795771598815918
Finished EM iter: 2. Current nllh: 7647.113576418735
Starting EM iter: 3
Estep
Estep runtime (s): 0.08610010147094727
Mstep
Optimizing phi
Optimizing branch lengths. Current phi: 0. Current nu:0.27226615067927235
Optimizing nu
Mstep runtime (s): 0.23624134063720703
Finished EM iter: 3. Current nllh: 7644.555726070757
Starting EM iter: 4
Estep
Estep runtime (s): 0.0893700122833252
Mstep
Optimizing phi
Optimizing branch lengths. Current phi: 0. Current nu:0.27068909566421206
Optimizing nu
Mstep runtime (s): 0.22273683547973633
Finished EM iter: 4. Current nllh: 7644.328647799514
Starting EM iter: 5
Estep
Estep runtime (s): 0.08657121658325195
Mstep
Optimizing phi
Optimizing branch lengths. Current phi: 0. Current nu:0.2700576432872639
Optimizing nu
Mstep runtime (s): 0.1917130947113037
Finished EM iter: 5. Current nllh: 7644.26429067566
Starting EM iter: 6
Estep
Estep runtime (s): 0.08636093139648438
Mstep
Optimizing phi
Optimizing branch lengths. Current phi: 0. Current nu:0.26983404992852317
Optimizing nu
Mstep runtime (s): 0.21399569511413574
Finished EM iter: 6. Current nllh: 7644.230202713456
Starting EM iter: 7
Estep
Estep runtime (s): 0.09098100662231445
Mstep
Optimizing phi
Optimizing branch lengths. Current phi: 0. Current nu:0.2697529882939845
Optimizing nu
Mstep runtime (s): 0.20105981826782227
Finished EM iter: 7. Current nllh: 7644.208284226442
Starting EM iter: 8
Estep
Estep runtime (s): 0.08637738227844238
Mstep
Optimizing phi
Optimizing branch lengths. Current phi: 0. Current nu:0.26972277604562706
Optimizing nu
Mstep runtime (s): 0.19690990447998047
Finished EM iter: 8. Current nllh: 7644.193172431941
Starting EM iter: 9
Estep
Estep runtime (s): 0.08661603927612305
Mstep
Optimizing phi
Optimizing branch lengths. Current phi: 0. Current nu:0.26970998639091276
Optimizing nu
Mstep runtime (s): 0.24736523628234863
Finished EM iter: 9. Current nllh: 7644.18246078304
Starting EM iter: 10
Estep
Estep runtime (s): 0.08649682998657227
Mstep
Optimizing phi
Optimizing branch lengths. Current phi: 0. Current nu:0.26970364259105567
Optimizing nu
Mstep runtime (s): 0.20809483528137207
Finished EM iter: 10. Current nllh: 7644.1753441995725
Starting EM iter: 11
Estep
Estep runtime (s): 0.08661580085754395
Mstep
Optimizing phi
Optimizing branch lengths. Current phi: 0. Current nu:0.2697009658783079
Optimizing nu
Mstep runtime (s): 0.23368501663208008
Finished EM iter: 11. Current nllh: 7644.175288709678
EM finished after 11 iterations.
Optimal phi: 0. Optimal nu: 0.2696953455811526. Optimal nllh: 7644.175288709678
Optimal point found for initial point 1
Numerical optimization finished successfully
Tree height pre-scaling: 0.7161959548779916, input timescale: 1.0
Tree height after scaling: 1.0, mutation rate: 0.7161959548779916
Tree height pre-scaling: 0.7161959570413067, input timescale: 1.0
Tree height after scaling: 0.9999999999999999, mutation rate: 0.7161959570413067
Tree height pre-scaling: 0.7161960788084001, input timescale: 1.0
Tree height after scaling: 0.9999999999999999, mutation rate: 0.7161960788084001
Tree height pre-scaling: 0.7161960966504177, input timescale: 1.0
Tree height after scaling: 1.0, mutation rate: 0.7161960966504177
Tree height pre-scaling: 0.716196080900497, input timescale: 1.0
Tree height after scaling: 1.0, mutation rate: 0.716196080900497
Tree height pre-scaling: 0.7161959027336533, input timescale: 1.0
Tree height after scaling: 1.0, mutation rate: 0.7161959027336533
Tree height pre-scaling: 0.7161959476195146, input timescale: 1.0
Tree height after scaling: 1.0, mutation rate: 0.7161959476195146
Tree height pre-scaling: 0.7161960404139589, input timescale: 1.0
Tree height after scaling: 1.0, mutation rate: 0.7161960404139589
Tree height pre-scaling: 0.7161959909883252, input timescale: 1.0
Tree height after scaling: 0.9999999999999999, mutation rate: 0.7161959909883252
Tree height pre-scaling: 0.7161959049778086, input timescale: 1.0
Tree height after scaling: 1.0, mutation rate: 0.7161959049778086
Tree height pre-scaling: 0.7161959439416845, input timescale: 1.0
Tree height after scaling: 0.9999999999999999, mutation rate: 0.7161959439416845
Tree height pre-scaling: 0.7161960653574009, input timescale: 1.0
Tree height after scaling: 1.0, mutation rate: 0.7161960653574009
Tree height pre-scaling: 0.7161959283138658, input timescale: 1.0
Tree height after scaling: 1.0, mutation rate: 0.7161959283138658
Tree height pre-scaling: 0.7161961591446522, input timescale: 1.0
Tree height after scaling: 1.0, mutation rate: 0.7161961591446522
Runtime (s): 3.817410208
