Launching LAML version 0.0.4
LAML was called as follows: /Users/uym2/my_gits/LAML/run_laml.py -c ../../evaluation/Bar11/Bar11_character_matrix.txt -t place_outlier7/augmented_tree_292.nwk -o place_outlier7/augmented_tree_292_optimized -v -p ../../evaluation/Bar11/Bar11_priors.pickle --delimiter tab -m -1 --nInitials 1
Prior keys mismatch with site names.
Prior keys: [0, 1, 2, 3, 4, 5, 6, 7, 8, 9, 10, 11, 12, 13, 14, 15, 16, 17, 18, 19, 20, 21, 22, 23, 24, 25, 26]
Site names: ['r1', 'r2', 'r3', 'r4', 'r5', 'r6', 'r7', 'r8', 'r9', 'r10', 'r11', 'r12', 'r13', 'r14', 'r15', 'r16', 'r17', 'r18', 'r19', 'r20', 'r21', 'r22', 'r23', 'r24', 'r25', 'r26', 'r27']
Attempting to infer mapping between site names and prior keys...
{'r1': 0, 'r2': 1, 'r3': 2, 'r4': 3, 'r5': 4, 'r6': 5, 'r7': 6, 'r8': 7, 'r9': 8, 'r10': 9, 'r11': 10, 'r12': 11, 'r13': 12, 'r14': 13, 'r15': 14, 'r16': 15, 'r17': 16, 'r18': 17, 'r19': 18, 'r20': 19, 'r21': 20, 'r22': 21, 'r23': 22, 'r24': 23, 'r25': 24, 'r26': 25, 'r27': 26}
Optimizing branch lengths, phi, and nu without topology search
Optimization by EM algorithm
Optimization start with 1 initials
Initial point 1. Random seed: 7200
Numerical optimization started with ultrametric constraint (default)
Initial phi: 0. Initial nu: 0.26955655566205877. Initial nllh: 9394.25365589597
Starting EM iter: 1
Estep
Estep runtime (s): 0.06435990333557129
Mstep
Optimizing phi
Optimizing branch lengths. Current phi: 0. Current nu:0.26955655566205877
Optimizing nu
Mstep runtime (s): 0.23541498184204102
Finished EM iter: 1. Current nllh: 7677.666449648405
Starting EM iter: 2
Estep
Estep runtime (s): 0.08696794509887695
Mstep
Optimizing phi
Optimizing branch lengths. Current phi: 0. Current nu:0.28777437468796013
Optimizing nu
Mstep runtime (s): 0.19531917572021484
Finished EM iter: 2. Current nllh: 7649.359036199008
Starting EM iter: 3
Estep
Estep runtime (s): 0.08737516403198242
Mstep
Optimizing phi
Optimizing branch lengths. Current phi: 0. Current nu:0.28958830299009874
Optimizing nu
Mstep runtime (s): 0.22214603424072266
Finished EM iter: 3. Current nllh: 7646.769979409907
Starting EM iter: 4
Estep
Estep runtime (s): 0.08701300621032715
Mstep
Optimizing phi
Optimizing branch lengths. Current phi: 0. Current nu:0.28881466773164527
Optimizing nu
Mstep runtime (s): 0.24127697944641113
Finished EM iter: 4. Current nllh: 7646.424667081669
Starting EM iter: 5
Estep
Estep runtime (s): 0.0875098705291748
Mstep
Optimizing phi
Optimizing branch lengths. Current phi: 0. Current nu:0.28830854942130846
Optimizing nu
Mstep runtime (s): 0.23547792434692383
Finished EM iter: 5. Current nllh: 7646.3307709353085
Starting EM iter: 6
Estep
Estep runtime (s): 0.08758783340454102
Mstep
Optimizing phi
Optimizing branch lengths. Current phi: 0. Current nu:0.28808609106578376
Optimizing nu
Mstep runtime (s): 0.19885993003845215
Finished EM iter: 6. Current nllh: 7646.295977428174
Starting EM iter: 7
Estep
Estep runtime (s): 0.08729386329650879
Mstep
Optimizing phi
Optimizing branch lengths. Current phi: 0. Current nu:0.2879971290529225
Optimizing nu
Mstep runtime (s): 0.2235550880432129
Finished EM iter: 7. Current nllh: 7646.274055642498
Starting EM iter: 8
Estep
Estep runtime (s): 0.08724379539489746
Mstep
Optimizing phi
Optimizing branch lengths. Current phi: 0. Current nu:0.28796355178605515
Optimizing nu
Mstep runtime (s): 0.29774999618530273
Finished EM iter: 8. Current nllh: 7646.259049805216
Starting EM iter: 9
Estep
Estep runtime (s): 0.08769798278808594
Mstep
Optimizing phi
Optimizing branch lengths. Current phi: 0. Current nu:0.28794991550691795
Optimizing nu
Mstep runtime (s): 0.22133612632751465
Finished EM iter: 9. Current nllh: 7646.248334039812
Starting EM iter: 10
Estep
Estep runtime (s): 0.0886998176574707
Mstep
Optimizing phi
Optimizing branch lengths. Current phi: 0. Current nu:0.2879458835404215
Optimizing nu
Mstep runtime (s): 0.23123478889465332
Finished EM iter: 10. Current nllh: 7646.241495801209
Starting EM iter: 11
Estep
Estep runtime (s): 0.08774614334106445
Mstep
Optimizing phi
Optimizing branch lengths. Current phi: 0. Current nu:0.28794183802663015
Optimizing nu
Mstep runtime (s): 0.2662038803100586
Finished EM iter: 11. Current nllh: 7646.241470467681
EM finished after 11 iterations.
Optimal phi: 0. Optimal nu: 0.2879362881785628. Optimal nllh: 7646.241470467681
Optimal point found for initial point 1
Numerical optimization finished successfully
Tree height pre-scaling: 0.7061630781419256, input timescale: 1.0
Tree height after scaling: 0.9999999999999999, mutation rate: 0.7061630781419256
Tree height pre-scaling: 0.7061630781586506, input timescale: 1.0
Tree height after scaling: 1.0, mutation rate: 0.7061630781586506
Tree height pre-scaling: 0.7061630783439974, input timescale: 1.0
Tree height after scaling: 1.0, mutation rate: 0.7061630783439974
Tree height pre-scaling: 0.7061630780656567, input timescale: 1.0
Tree height after scaling: 1.0, mutation rate: 0.7061630780656567
Tree height pre-scaling: 0.7061630785780454, input timescale: 1.0
Tree height after scaling: 1.0, mutation rate: 0.7061630785780454
Tree height pre-scaling: 0.7061630781007091, input timescale: 1.0
Tree height after scaling: 0.9999999999999999, mutation rate: 0.7061630781007091
Tree height pre-scaling: 0.7061630781518482, input timescale: 1.0
Tree height after scaling: 1.0, mutation rate: 0.7061630781518482
Tree height pre-scaling: 0.7061630781985806, input timescale: 1.0
Tree height after scaling: 0.9999999999999999, mutation rate: 0.7061630781985806
Tree height pre-scaling: 0.7061630783285827, input timescale: 1.0
Tree height after scaling: 1.0, mutation rate: 0.7061630783285827
Tree height pre-scaling: 0.7061630781177097, input timescale: 1.0
Tree height after scaling: 1.0, mutation rate: 0.7061630781177097
Tree height pre-scaling: 0.7061630780013523, input timescale: 1.0
Tree height after scaling: 0.9999999999999999, mutation rate: 0.7061630780013523
Tree height pre-scaling: 0.7061630782309665, input timescale: 1.0
Tree height after scaling: 1.0, mutation rate: 0.7061630782309665
Tree height pre-scaling: 0.7061630784366106, input timescale: 1.0
Tree height after scaling: 1.0, mutation rate: 0.7061630784366106
Tree height pre-scaling: 0.706163078676872, input timescale: 1.0
Tree height after scaling: 1.0, mutation rate: 0.706163078676872
Runtime (s): 3.9559982500000004
