Launching LAML version 0.0.4
LAML was called as follows: /Users/uym2/my_gits/LAML/run_laml.py -c ../../bar24/Bar24_character_matrix.txt -t place_outlier_2/augmented_tree_231.nwk -o place_outlier_2/augmented_tree_231_optimized -v -p ../../bar24/Bar24_priors.pickle --delimiter tab -m -1 --nInitials 1
Prior keys mismatch with site names.
Prior keys: [0, 1, 2, 3, 4, 5, 6, 7, 8, 9, 10, 11, 12, 13, 14, 15, 16, 17, 18, 19, 20, 21, 22, 23, 24, 25, 26, 27, 28]
Site names: ['r1', 'r2', 'r3', 'r4', 'r5', 'r6', 'r7', 'r8', 'r9', 'r10', 'r11', 'r12', 'r13', 'r14', 'r15', 'r16', 'r17', 'r18', 'r19', 'r20', 'r21', 'r22', 'r23', 'r24', 'r25', 'r26', 'r27', 'r28', 'r29', 'r30']
Attempting to infer mapping between site names and prior keys...
Not all site names are present in the dictionary. Trying offset...
Offset between input site names and prior keys is assumed to be 1
Missing priors at site r30, filling in uniform priors...
{'r1': 0, 'r2': 1, 'r3': 2, 'r4': 3, 'r5': 4, 'r6': 5, 'r7': 6, 'r8': 7, 'r9': 8, 'r10': 9, 'r11': 10, 'r12': 11, 'r13': 12, 'r14': 13, 'r15': 14, 'r16': 15, 'r17': 16, 'r18': 17, 'r19': 18, 'r20': 19, 'r21': 20, 'r22': 21, 'r23': 22, 'r24': 23, 'r25': 24, 'r26': 25, 'r27': 26, 'r28': 27, 'r29': 28, 'r30': 29}
Optimizing branch lengths, phi, and nu without topology search
Optimization by EM algorithm
Optimization start with 1 initials
Initial point 1. Random seed: 1922
Numerical optimization started with ultrametric constraint (default)
Initial phi: 0.18235904332653471. Initial nu: 0.7501890519186789. Initial nllh: 8646.10760728974
Starting EM iter: 1
Estep
Estep runtime (s): 0.09222793579101562
Mstep
Optimizing phi
Optimizing branch lengths. Current phi: 0.0344192064342052. Current nu:0.7501890519186789
Optimizing nu
Mstep runtime (s): 0.26406311988830566
Finished EM iter: 1. Current nllh: 6222.503556728798
Starting EM iter: 2
Estep
Estep runtime (s): 0.12578630447387695
Mstep
Optimizing phi
Optimizing branch lengths. Current phi: 0.019780947220694723. Current nu:0.31772503755371784
Optimizing nu
Mstep runtime (s): 0.3175020217895508
Finished EM iter: 2. Current nllh: 6071.428003736977
Starting EM iter: 3
Estep
Estep runtime (s): 0.12531089782714844
Mstep
Optimizing phi
Optimizing branch lengths. Current phi: 0.013191393123358836. Current nu:0.2303331371349576
Optimizing nu
Mstep runtime (s): 0.2934119701385498
Finished EM iter: 3. Current nllh: 6048.180151998562
Starting EM iter: 4
Estep
Estep runtime (s): 0.1253490447998047
Mstep
Optimizing phi
Optimizing branch lengths. Current phi: 0.009058818979680756. Current nu:0.22222450844826383
Optimizing nu
Mstep runtime (s): 0.2806248664855957
Finished EM iter: 4. Current nllh: 6039.799835412823
Starting EM iter: 5
Estep
Estep runtime (s): 0.12555289268493652
Mstep
Optimizing phi
Optimizing branch lengths. Current phi: 0.006269052993108291. Current nu:0.23040885953056306
Optimizing nu
Mstep runtime (s): 0.3046901226043701
Finished EM iter: 5. Current nllh: 6034.522665489139
Starting EM iter: 6
Estep
Estep runtime (s): 0.1255779266357422
Mstep
Optimizing phi
Optimizing branch lengths. Current phi: 0.004320855374751655. Current nu:0.23991209134926234
Optimizing nu
Mstep runtime (s): 0.2892642021179199
Finished EM iter: 6. Current nllh: 6030.818971136823
Starting EM iter: 7
Estep
Estep runtime (s): 0.12547016143798828
Mstep
Optimizing phi
Optimizing branch lengths. Current phi: 0.002937762339221435. Current nu:0.24770245600834337
Optimizing nu
Mstep runtime (s): 0.26412510871887207
Finished EM iter: 7. Current nllh: 6028.299451387739
Starting EM iter: 8
Estep
Estep runtime (s): 0.12566089630126953
Mstep
Optimizing phi
Optimizing branch lengths. Current phi: 0.0019748156772682914. Current nu:0.2535713836814224
Optimizing nu
Mstep runtime (s): 0.2766530513763428
Finished EM iter: 8. Current nllh: 6026.651796787487
Starting EM iter: 9
Estep
Estep runtime (s): 0.12548303604125977
Mstep
Optimizing phi
Optimizing branch lengths. Current phi: 0.0013192494756707888. Current nu:0.2578153806575016
Optimizing nu
Mstep runtime (s): 0.261929988861084
Finished EM iter: 9. Current nllh: 6025.561141538698
Starting EM iter: 10
Estep
Estep runtime (s): 0.12560510635375977
Mstep
Optimizing phi
Optimizing branch lengths. Current phi: 0.0008783400793853766. Current nu:0.2608076250949647
Optimizing nu
Mstep runtime (s): 0.26080989837646484
Finished EM iter: 10. Current nllh: 6024.838602899161
Starting EM iter: 11
Estep
Estep runtime (s): 0.12561726570129395
Mstep
Optimizing phi
Optimizing branch lengths. Current phi: 0.0005836277765556544. Current nu:0.26287236046238094
Optimizing nu
Mstep runtime (s): 0.2665128707885742
Finished EM iter: 11. Current nllh: 6024.359868498389
Starting EM iter: 12
Estep
Estep runtime (s): 0.12686991691589355
Mstep
Optimizing phi
Optimizing branch lengths. Current phi: 0.0003873162991039382. Current nu:0.26427777772112704
Optimizing nu
Mstep runtime (s): 0.2843320369720459
Finished EM iter: 12. Current nllh: 6024.042555466789
Starting EM iter: 13
Estep
Estep runtime (s): 0.12749695777893066
Mstep
Optimizing phi
Optimizing branch lengths. Current phi: 0.00025682608925305106. Current nu:0.26522773706754704
Optimizing nu
Mstep runtime (s): 0.28543686866760254
Finished EM iter: 13. Current nllh: 6023.832125377876
Starting EM iter: 14
Estep
Estep runtime (s): 0.12585902214050293
Mstep
Optimizing phi
Optimizing branch lengths. Current phi: 0. Current nu:0.26586681410557805
Optimizing nu
Mstep runtime (s): 0.2821509838104248
Finished EM iter: 14. Current nllh: 6023.436103901386
Starting EM iter: 15
Estep
Estep runtime (s): 0.1252129077911377
Mstep
Optimizing phi
Optimizing branch lengths. Current phi: 0. Current nu:0.2662959209449898
Optimizing nu
Mstep runtime (s): 0.2979090213775635
Finished EM iter: 15. Current nllh: 6023.43063855349
Starting EM iter: 16
Estep
Estep runtime (s): 0.12552332878112793
Mstep
Optimizing phi
Optimizing branch lengths. Current phi: 0. Current nu:0.26687054418500183
Optimizing nu
Mstep runtime (s): 0.33211612701416016
Finished EM iter: 16. Current nllh: 6023.422995793633
Starting EM iter: 17
Estep
Estep runtime (s): 0.125593900680542
Mstep
Optimizing phi
Optimizing branch lengths. Current phi: 0. Current nu:0.26705770096974635
Optimizing nu
Mstep runtime (s): 0.30354809761047363
Finished EM iter: 17. Current nllh: 6023.41976979703
Starting EM iter: 18
Estep
Estep runtime (s): 0.12540912628173828
Mstep
Optimizing phi
Optimizing branch lengths. Current phi: 0. Current nu:0.2671231283963664
Optimizing nu
Mstep runtime (s): 0.27991700172424316
Finished EM iter: 18. Current nllh: 6023.418445881256
Starting EM iter: 19
Estep
Estep runtime (s): 0.12613821029663086
Mstep
Optimizing phi
Optimizing branch lengths. Current phi: 0. Current nu:0.26714842034765873
Optimizing nu
Mstep runtime (s): 0.28714513778686523
Finished EM iter: 19. Current nllh: 6023.4175566293825
Starting EM iter: 20
Estep
Estep runtime (s): 0.12550878524780273
Mstep
Optimizing phi
Optimizing branch lengths. Current phi: 0. Current nu:0.2671612086152121
Optimizing nu
Mstep runtime (s): 0.30251216888427734
Finished EM iter: 20. Current nllh: 6023.416927680395
Starting EM iter: 21
Estep
Estep runtime (s): 0.12577366828918457
Mstep
Optimizing phi
Optimizing branch lengths. Current phi: 0. Current nu:0.267169429269607
Optimizing nu
Mstep runtime (s): 0.29335880279541016
Finished EM iter: 21. Current nllh: 6023.416429882233
Starting EM iter: 22
Estep
Estep runtime (s): 0.12544894218444824
Mstep
Optimizing phi
Optimizing branch lengths. Current phi: 0. Current nu:0.2671762499969899
Optimizing nu
Mstep runtime (s): 0.30086493492126465
Finished EM iter: 22. Current nllh: 6023.415974387144
Starting EM iter: 23
Estep
Estep runtime (s): 0.12502121925354004
Mstep
Optimizing phi
Optimizing branch lengths. Current phi: 0. Current nu:0.26717941110647303
Optimizing nu
Mstep runtime (s): 0.30621814727783203
Finished EM iter: 23. Current nllh: 6023.415698138651
Starting EM iter: 24
Estep
Estep runtime (s): 0.12543201446533203
Mstep
Optimizing phi
Optimizing branch lengths. Current phi: 0. Current nu:0.2671837864299088
Optimizing nu
Mstep runtime (s): 0.3045921325683594
Finished EM iter: 24. Current nllh: 6023.415382568599
Starting EM iter: 25
Estep
Estep runtime (s): 0.1256401538848877
Mstep
Optimizing phi
Optimizing branch lengths. Current phi: 0. Current nu:0.26718805853645783
Optimizing nu
Mstep runtime (s): 0.2622370719909668
Finished EM iter: 25. Current nllh: 6023.415187738191
Starting EM iter: 26
Estep
Estep runtime (s): 0.1258242130279541
Mstep
Optimizing phi
Optimizing branch lengths. Current phi: 0. Current nu:0.26719359437788043
Optimizing nu
Mstep runtime (s): 0.3781092166900635
Finished EM iter: 26. Current nllh: 6023.414815406839
Starting EM iter: 27
Estep
Estep runtime (s): 0.1257338523864746
Mstep
Optimizing phi
Optimizing branch lengths. Current phi: 0. Current nu:0.26719815012273307
Optimizing nu
Mstep runtime (s): 0.3513600826263428
Finished EM iter: 27. Current nllh: 6023.414760904893
EM finished after 27 iterations.
Optimal phi: 0. Optimal nu: 0.26720215342902054. Optimal nllh: 6023.414760904893
Optimal point found for initial point 1
Numerical optimization finished successfully
Tree height pre-scaling: 0.6780628123102709, input timescale: 1.0
Tree height after scaling: 1.0000000000000002, mutation rate: 0.6780628123102709
Tree height pre-scaling: 0.678062812286695, input timescale: 1.0
Tree height after scaling: 0.9999999999999999, mutation rate: 0.678062812286695
Tree height pre-scaling: 0.678062812227058, input timescale: 1.0
Tree height after scaling: 1.0, mutation rate: 0.678062812227058
Tree height pre-scaling: 0.6780628125456252, input timescale: 1.0
Tree height after scaling: 0.9999999999999999, mutation rate: 0.6780628125456252
Tree height pre-scaling: 0.6780628122503288, input timescale: 1.0
Tree height after scaling: 1.0, mutation rate: 0.6780628122503288
Tree height pre-scaling: 0.678062812169502, input timescale: 1.0
Tree height after scaling: 1.0, mutation rate: 0.678062812169502
Tree height pre-scaling: 0.6780628123023674, input timescale: 1.0
Tree height after scaling: 1.0000000000000002, mutation rate: 0.6780628123023674
Tree height pre-scaling: 0.6780628121884693, input timescale: 1.0
Tree height after scaling: 1.0, mutation rate: 0.6780628121884693
Tree height pre-scaling: 0.6780628121931055, input timescale: 1.0
Tree height after scaling: 1.0, mutation rate: 0.6780628121931055
Tree height pre-scaling: 0.678062812527799, input timescale: 1.0
Tree height after scaling: 0.9999999999999998, mutation rate: 0.678062812527799
Runtime (s): 12.439861584
