Launching LAML version 0.0.4
LAML was called as follows: /Users/uym2/my_gits/LAML/run_laml.py -c ../../bar24/Bar24_character_matrix.txt -t place_outlier_2/augmented_tree_291.nwk -o place_outlier_2/augmented_tree_291_optimized -v -p ../../bar24/Bar24_priors.pickle --delimiter tab -m -1 --nInitials 1
Prior keys mismatch with site names.
Prior keys: [0, 1, 2, 3, 4, 5, 6, 7, 8, 9, 10, 11, 12, 13, 14, 15, 16, 17, 18, 19, 20, 21, 22, 23, 24, 25, 26, 27, 28]
Site names: ['r1', 'r2', 'r3', 'r4', 'r5', 'r6', 'r7', 'r8', 'r9', 'r10', 'r11', 'r12', 'r13', 'r14', 'r15', 'r16', 'r17', 'r18', 'r19', 'r20', 'r21', 'r22', 'r23', 'r24', 'r25', 'r26', 'r27', 'r28', 'r29', 'r30']
Attempting to infer mapping between site names and prior keys...
Not all site names are present in the dictionary. Trying offset...
Offset between input site names and prior keys is assumed to be 1
Missing priors at site r30, filling in uniform priors...
{'r1': 0, 'r2': 1, 'r3': 2, 'r4': 3, 'r5': 4, 'r6': 5, 'r7': 6, 'r8': 7, 'r9': 8, 'r10': 9, 'r11': 10, 'r12': 11, 'r13': 12, 'r14': 13, 'r15': 14, 'r16': 15, 'r17': 16, 'r18': 17, 'r19': 18, 'r20': 19, 'r21': 20, 'r22': 21, 'r23': 22, 'r24': 23, 'r25': 24, 'r26': 25, 'r27': 26, 'r28': 27, 'r29': 28, 'r30': 29}
Optimizing branch lengths, phi, and nu without topology search
Optimization by EM algorithm
Optimization start with 1 initials
Initial point 1. Random seed: 6693
Numerical optimization started with ultrametric constraint (default)
Initial phi: 0.32460506613260987. Initial nu: 0.08003401614294332. Initial nllh: 8053.166184148684
Starting EM iter: 1
Estep
Estep runtime (s): 0.09087896347045898
Mstep
Optimizing phi
Optimizing branch lengths. Current phi: 0.07645618761166068. Current nu:0.08003401614294332
Optimizing nu
Mstep runtime (s): 0.3097400665283203
Finished EM iter: 1. Current nllh: 6226.545712817821
Starting EM iter: 2
Estep
Estep runtime (s): 0.12534403800964355
Mstep
Optimizing phi
Optimizing branch lengths. Current phi: 0.04063858893393186. Current nu:0.0851031530954509
Optimizing nu
Mstep runtime (s): 0.30875515937805176
Finished EM iter: 2. Current nllh: 6087.120941157956
Starting EM iter: 3
Estep
Estep runtime (s): 0.12557601928710938
Mstep
Optimizing phi
Optimizing branch lengths. Current phi: 0.025309127119384434. Current nu:0.13020613261571343
Optimizing nu
Mstep runtime (s): 0.39301085472106934
Finished EM iter: 3. Current nllh: 6037.397192426001
Starting EM iter: 4
Estep
Estep runtime (s): 0.12574172019958496
Mstep
Optimizing phi
Optimizing branch lengths. Current phi: 0.016699789417121094. Current nu:0.1700457674514609
Optimizing nu
Mstep runtime (s): 0.3334782123565674
Finished EM iter: 4. Current nllh: 6014.563922041692
Starting EM iter: 5
Estep
Estep runtime (s): 0.12636280059814453
Mstep
Optimizing phi
Optimizing branch lengths. Current phi: 0.011378208011126574. Current nu:0.19920480687761424
Optimizing nu
Mstep runtime (s): 0.2723352909088135
Finished EM iter: 5. Current nllh: 6002.44242967701
Starting EM iter: 6
Estep
Estep runtime (s): 0.12837886810302734
Mstep
Optimizing phi
Optimizing branch lengths. Current phi: 0.007886901725122929. Current nu:0.22006652148504818
Optimizing nu
Mstep runtime (s): 0.3011589050292969
Finished EM iter: 6. Current nllh: 5995.443950390557
Starting EM iter: 7
Estep
Estep runtime (s): 0.126007080078125
Mstep
Optimizing phi
Optimizing branch lengths. Current phi: 0.005533505513456224. Current nu:0.23479989337346027
Optimizing nu
Mstep runtime (s): 0.2861649990081787
Finished EM iter: 7. Current nllh: 5990.85410582636
Starting EM iter: 8
Estep
Estep runtime (s): 0.12597393989562988
Mstep
Optimizing phi
Optimizing branch lengths. Current phi: 0.003852585583384114. Current nu:0.2451173871284493
Optimizing nu
Mstep runtime (s): 0.2924199104309082
Finished EM iter: 8. Current nllh: 5987.379185972025
Starting EM iter: 9
Estep
Estep runtime (s): 0.1259150505065918
Mstep
Optimizing phi
Optimizing branch lengths. Current phi: 0.002610331206416303. Current nu:0.25247173116404725
Optimizing nu
Mstep runtime (s): 0.2730250358581543
Finished EM iter: 9. Current nllh: 5984.981628165696
Starting EM iter: 10
Estep
Estep runtime (s): 0.12607169151306152
Mstep
Optimizing phi
Optimizing branch lengths. Current phi: 0.0017362668274720446. Current nu:0.2578487918800537
Optimizing nu
Mstep runtime (s): 0.2897920608520508
Finished EM iter: 10. Current nllh: 5983.446029585803
Starting EM iter: 11
Estep
Estep runtime (s): 0.12618803977966309
Mstep
Optimizing phi
Optimizing branch lengths. Current phi: 0.0011460535888907864. Current nu:0.2617273917205779
Optimizing nu
Mstep runtime (s): 0.276508092880249
Finished EM iter: 11. Current nllh: 5982.445919952573
Starting EM iter: 12
Estep
Estep runtime (s): 0.12598896026611328
Mstep
Optimizing phi
Optimizing branch lengths. Current phi: 0.0007538472940836663. Current nu:0.26444533237084206
Optimizing nu
Mstep runtime (s): 0.31133604049682617
Finished EM iter: 12. Current nllh: 5981.790485756579
Starting EM iter: 13
Estep
Estep runtime (s): 0.12617802619934082
Mstep
Optimizing phi
Optimizing branch lengths. Current phi: 0.0004949172363330739. Current nu:0.2663060708777034
Optimizing nu
Mstep runtime (s): 0.2667989730834961
Finished EM iter: 13. Current nllh: 5981.361491525178
Starting EM iter: 14
Estep
Estep runtime (s): 0.1260840892791748
Mstep
Optimizing phi
Optimizing branch lengths. Current phi: 0.00032454064073889337. Current nu:0.2675611655246919
Optimizing nu
Mstep runtime (s): 0.2705869674682617
Finished EM iter: 14. Current nllh: 5981.0803413927615
Starting EM iter: 15
Estep
Estep runtime (s): 0.12618422508239746
Mstep
Optimizing phi
Optimizing branch lengths. Current phi: 0.00021265551706989403. Current nu:0.2684005562975786
Optimizing nu
Mstep runtime (s): 0.34088134765625
Finished EM iter: 15. Current nllh: 5980.896108041296
Starting EM iter: 16
Estep
Estep runtime (s): 0.12645292282104492
Mstep
Optimizing phi
Optimizing branch lengths. Current phi: 0. Current nu:0.2689585560646976
Optimizing nu
Mstep runtime (s): 0.2938878536224365
Finished EM iter: 16. Current nllh: 5980.560505996684
Starting EM iter: 17
Estep
Estep runtime (s): 0.12584710121154785
Mstep
Optimizing phi
Optimizing branch lengths. Current phi: 0. Current nu:0.2693302679245951
Optimizing nu
Mstep runtime (s): 0.31917691230773926
Finished EM iter: 17. Current nllh: 5980.556055292405
Starting EM iter: 18
Estep
Estep runtime (s): 0.12579584121704102
Mstep
Optimizing phi
Optimizing branch lengths. Current phi: 0. Current nu:0.269812248173603
Optimizing nu
Mstep runtime (s): 0.30131983757019043
Finished EM iter: 18. Current nllh: 5980.54984672479
Starting EM iter: 19
Estep
Estep runtime (s): 0.12569117546081543
Mstep
Optimizing phi
Optimizing branch lengths. Current phi: 0. Current nu:0.269971068971538
Optimizing nu
Mstep runtime (s): 0.289715051651001
Finished EM iter: 19. Current nllh: 5980.547282265251
Starting EM iter: 20
Estep
Estep runtime (s): 0.12514424324035645
Mstep
Optimizing phi
Optimizing branch lengths. Current phi: 0. Current nu:0.27002690103281896
Optimizing nu
Mstep runtime (s): 0.2672441005706787
Finished EM iter: 20. Current nllh: 5980.545989104158
Starting EM iter: 21
Estep
Estep runtime (s): 0.12566614151000977
Mstep
Optimizing phi
Optimizing branch lengths. Current phi: 0. Current nu:0.2700499373368828
Optimizing nu
Mstep runtime (s): 0.3199648857116699
Finished EM iter: 21. Current nllh: 5980.545164347572
Starting EM iter: 22
Estep
Estep runtime (s): 0.12603306770324707
Mstep
Optimizing phi
Optimizing branch lengths. Current phi: 0. Current nu:0.2700628609076353
Optimizing nu
Mstep runtime (s): 0.29236507415771484
Finished EM iter: 22. Current nllh: 5980.544551480927
Starting EM iter: 23
Estep
Estep runtime (s): 0.12589716911315918
Mstep
Optimizing phi
Optimizing branch lengths. Current phi: 0. Current nu:0.2700715459582504
Optimizing nu
Mstep runtime (s): 0.2880260944366455
Finished EM iter: 23. Current nllh: 5980.544063379188
Starting EM iter: 24
Estep
Estep runtime (s): 0.12606310844421387
Mstep
Optimizing phi
Optimizing branch lengths. Current phi: 0. Current nu:0.2700782896769911
Optimizing nu
Mstep runtime (s): 0.3421518802642822
Finished EM iter: 24. Current nllh: 5980.5436587489485
Starting EM iter: 25
Estep
Estep runtime (s): 0.1260206699371338
Mstep
Optimizing phi
Optimizing branch lengths. Current phi: 0. Current nu:0.2700838377293216
Optimizing nu
Mstep runtime (s): 0.2864549160003662
Finished EM iter: 25. Current nllh: 5980.543314181185
Starting EM iter: 26
Estep
Estep runtime (s): 0.12608814239501953
Mstep
Optimizing phi
Optimizing branch lengths. Current phi: 0. Current nu:0.2700890981587846
Optimizing nu
Mstep runtime (s): 0.2895960807800293
Finished EM iter: 26. Current nllh: 5980.543017010552
Starting EM iter: 27
Estep
Estep runtime (s): 0.12592792510986328
Mstep
Optimizing phi
Optimizing branch lengths. Current phi: 0. Current nu:0.2700938570039
Optimizing nu
Mstep runtime (s): 0.28217387199401855
Finished EM iter: 27. Current nllh: 5980.542762155046
Starting EM iter: 28
Estep
Estep runtime (s): 0.12556791305541992
Mstep
Optimizing phi
Optimizing branch lengths. Current phi: 0. Current nu:0.2700980958166359
Optimizing nu
Mstep runtime (s): 0.29495716094970703
Finished EM iter: 28. Current nllh: 5980.542535694585
Starting EM iter: 29
Estep
Estep runtime (s): 0.12568902969360352
Mstep
Optimizing phi
Optimizing branch lengths. Current phi: 0. Current nu:0.27010221069657553
Optimizing nu
Mstep runtime (s): 0.3254542350769043
Finished EM iter: 29. Current nllh: 5980.542313212861
Starting EM iter: 30
Estep
Estep runtime (s): 0.12619376182556152
Mstep
Optimizing phi
Optimizing branch lengths. Current phi: 0. Current nu:0.27010476365754515
Optimizing nu
Mstep runtime (s): 0.29283976554870605
Finished EM iter: 30. Current nllh: 5980.54216848766
Starting EM iter: 31
Estep
Estep runtime (s): 0.12628793716430664
Mstep
Optimizing phi
Optimizing branch lengths. Current phi: 0. Current nu:0.27010905846446714
Optimizing nu
Mstep runtime (s): 0.3232700824737549
Finished EM iter: 31. Current nllh: 5980.542002135771
Starting EM iter: 32
Estep
Estep runtime (s): 0.12598609924316406
Mstep
Optimizing phi
Optimizing branch lengths. Current phi: 0. Current nu:0.27011260422007066
Optimizing nu
Mstep runtime (s): 0.27121686935424805
Finished EM iter: 32. Current nllh: 5980.541873363477
Starting EM iter: 33
Estep
Estep runtime (s): 0.12597012519836426
Mstep
Optimizing phi
Optimizing branch lengths. Current phi: 0. Current nu:0.27011477264652733
Optimizing nu
Mstep runtime (s): 0.3646571636199951
Finished EM iter: 33. Current nllh: 5980.541639043059
Starting EM iter: 34
Estep
Estep runtime (s): 0.12598514556884766
Mstep
Optimizing phi
Optimizing branch lengths. Current phi: 0. Current nu:0.2701183514569232
Optimizing nu
Mstep runtime (s): 0.2993330955505371
Finished EM iter: 34. Current nllh: 5980.541629780929
EM finished after 34 iterations.
Optimal phi: 0. Optimal nu: 0.2701207423636042. Optimal nllh: 5980.541629780929
Optimal point found for initial point 1
Numerical optimization finished successfully
Tree height pre-scaling: 0.6751581701153248, input timescale: 1.0
Tree height after scaling: 1.0, mutation rate: 0.6751581701153248
Tree height pre-scaling: 0.6751581700839369, input timescale: 1.0
Tree height after scaling: 1.0, mutation rate: 0.6751581700839369
Tree height pre-scaling: 0.6751581700733839, input timescale: 1.0
Tree height after scaling: 0.9999999999999999, mutation rate: 0.6751581700733839
Tree height pre-scaling: 0.6751581700916974, input timescale: 1.0
Tree height after scaling: 1.0, mutation rate: 0.6751581700916974
Tree height pre-scaling: 0.675158170075129, input timescale: 1.0
Tree height after scaling: 1.0, mutation rate: 0.675158170075129
Tree height pre-scaling: 0.6751581700751257, input timescale: 1.0
Tree height after scaling: 1.0, mutation rate: 0.6751581700751257
Tree height pre-scaling: 0.6751581700906244, input timescale: 1.0
Tree height after scaling: 1.0, mutation rate: 0.6751581700906244
Tree height pre-scaling: 0.6751581700818173, input timescale: 1.0
Tree height after scaling: 1.0, mutation rate: 0.6751581700818173
Tree height pre-scaling: 0.6751581700742579, input timescale: 1.0
Tree height after scaling: 0.9999999999999998, mutation rate: 0.6751581700742579
Tree height pre-scaling: 0.6751581700735872, input timescale: 1.0
Tree height after scaling: 1.0, mutation rate: 0.6751581700735872
Runtime (s): 15.915743541000001
