Launching LAML version 0.0.4
LAML was called as follows: /Users/uym2/my_gits/LAML/run_laml.py -c ../../bar24/Bar24_character_matrix.txt -t place_outlier_2/augmented_tree_164.nwk -o place_outlier_2/augmented_tree_164_optimized -v -p ../../bar24/Bar24_priors.pickle --delimiter tab -m -1 --nInitials 1
Prior keys mismatch with site names.
Prior keys: [0, 1, 2, 3, 4, 5, 6, 7, 8, 9, 10, 11, 12, 13, 14, 15, 16, 17, 18, 19, 20, 21, 22, 23, 24, 25, 26, 27, 28]
Site names: ['r1', 'r2', 'r3', 'r4', 'r5', 'r6', 'r7', 'r8', 'r9', 'r10', 'r11', 'r12', 'r13', 'r14', 'r15', 'r16', 'r17', 'r18', 'r19', 'r20', 'r21', 'r22', 'r23', 'r24', 'r25', 'r26', 'r27', 'r28', 'r29', 'r30']
Attempting to infer mapping between site names and prior keys...
Not all site names are present in the dictionary. Trying offset...
Offset between input site names and prior keys is assumed to be 1
Missing priors at site r30, filling in uniform priors...
{'r1': 0, 'r2': 1, 'r3': 2, 'r4': 3, 'r5': 4, 'r6': 5, 'r7': 6, 'r8': 7, 'r9': 8, 'r10': 9, 'r11': 10, 'r12': 11, 'r13': 12, 'r14': 13, 'r15': 14, 'r16': 15, 'r17': 16, 'r18': 17, 'r19': 18, 'r20': 19, 'r21': 20, 'r22': 21, 'r23': 22, 'r24': 23, 'r25': 24, 'r26': 25, 'r27': 26, 'r28': 27, 'r29': 28, 'r30': 29}
Optimizing branch lengths, phi, and nu without topology search
Optimization by EM algorithm
Optimization start with 1 initials
Initial point 1. Random seed: 2946
Numerical optimization started with ultrametric constraint (default)
Initial phi: 0.44409900744501546. Initial nu: 0.47483909472617575. Initial nllh: 10691.204947697175
Starting EM iter: 1
Estep
Estep runtime (s): 0.09274435043334961
Mstep
Optimizing phi
Optimizing branch lengths. Current phi: 0.067021411672001. Current nu:0.47483909472617575
Optimizing nu
Mstep runtime (s): 0.29352903366088867
Finished EM iter: 1. Current nllh: 6920.838849757426
Starting EM iter: 2
Estep
Estep runtime (s): 0.12511014938354492
Mstep
Optimizing phi
Optimizing branch lengths. Current phi: 0.036483837621981555. Current nu:0.17913708292304464
Optimizing nu
Mstep runtime (s): 0.303804874420166
Finished EM iter: 2. Current nllh: 6739.11612649137
Starting EM iter: 3
Estep
Estep runtime (s): 0.1252591609954834
Mstep
Optimizing phi
Optimizing branch lengths. Current phi: 0.024344417082545897. Current nu:0.15222366948319763
Optimizing nu
Mstep runtime (s): 0.41579389572143555
Finished EM iter: 3. Current nllh: 6704.319177980042
Starting EM iter: 4
Estep
Estep runtime (s): 0.12529897689819336
Mstep
Optimizing phi
Optimizing branch lengths. Current phi: 0.017297719238974333. Current nu:0.16809936800107894
Optimizing nu
Mstep runtime (s): 0.29393982887268066
Finished EM iter: 4. Current nllh: 6688.678761158191
Starting EM iter: 5
Estep
Estep runtime (s): 0.12567400932312012
Mstep
Optimizing phi
Optimizing branch lengths. Current phi: 0.0125637218415397. Current nu:0.18679054507626616
Optimizing nu
Mstep runtime (s): 0.3299291133880615
Finished EM iter: 5. Current nllh: 6679.075838554114
Starting EM iter: 6
Estep
Estep runtime (s): 0.12528705596923828
Mstep
Optimizing phi
Optimizing branch lengths. Current phi: 0.009241558354341825. Current nu:0.20221922838785494
Optimizing nu
Mstep runtime (s): 0.2739579677581787
Finished EM iter: 6. Current nllh: 6673.229895114261
Starting EM iter: 7
Estep
Estep runtime (s): 0.12535905838012695
Mstep
Optimizing phi
Optimizing branch lengths. Current phi: 0.006892106970881882. Current nu:0.21391904095261466
Optimizing nu
Mstep runtime (s): 0.27222704887390137
Finished EM iter: 7. Current nllh: 6669.375988671867
Starting EM iter: 8
Estep
Estep runtime (s): 0.12535405158996582
Mstep
Optimizing phi
Optimizing branch lengths. Current phi: 0.0051637272844350865. Current nu:0.2225292476833262
Optimizing nu
Mstep runtime (s): 0.29595088958740234
Finished EM iter: 8. Current nllh: 6666.414897632519
Starting EM iter: 9
Estep
Estep runtime (s): 0.12542414665222168
Mstep
Optimizing phi
Optimizing branch lengths. Current phi: 0.003816761181401497. Current nu:0.2289014102397923
Optimizing nu
Mstep runtime (s): 0.3313767910003662
Finished EM iter: 9. Current nllh: 6664.118857425556
Starting EM iter: 10
Estep
Estep runtime (s): 0.1254730224609375
Mstep
Optimizing phi
Optimizing branch lengths. Current phi: 0.0027719844388627854. Current nu:0.23377087622440756
Optimizing nu
Mstep runtime (s): 0.31547021865844727
Finished EM iter: 10. Current nllh: 6662.5095166232095
Starting EM iter: 11
Estep
Estep runtime (s): 0.12549781799316406
Mstep
Optimizing phi
Optimizing branch lengths. Current phi: 0.0019948666699418135. Current nu:0.23754874081971755
Optimizing nu
Mstep runtime (s): 0.3213381767272949
Finished EM iter: 11. Current nllh: 6661.39227921216
Starting EM iter: 12
Estep
Estep runtime (s): 0.12797808647155762
Mstep
Optimizing phi
Optimizing branch lengths. Current phi: 0.001430188983705756. Current nu:0.24042446367749307
Optimizing nu
Mstep runtime (s): 0.32096290588378906
Finished EM iter: 12. Current nllh: 6660.60248826942
Starting EM iter: 13
Estep
Estep runtime (s): 0.12554717063903809
Mstep
Optimizing phi
Optimizing branch lengths. Current phi: 0.0010235050044573482. Current nu:0.2425626853494451
Optimizing nu
Mstep runtime (s): 0.31906986236572266
Finished EM iter: 13. Current nllh: 6660.041688585842
Starting EM iter: 14
Estep
Estep runtime (s): 0.12569403648376465
Mstep
Optimizing phi
Optimizing branch lengths. Current phi: 0.0007316875795677131. Current nu:0.24412863958959846
Optimizing nu
Mstep runtime (s): 0.3366570472717285
Finished EM iter: 14. Current nllh: 6659.642733553746
Starting EM iter: 15
Estep
Estep runtime (s): 0.12563300132751465
Mstep
Optimizing phi
Optimizing branch lengths. Current phi: 0.0005227104330916342. Current nu:0.2452677613243683
Optimizing nu
Mstep runtime (s): 0.304279088973999
Finished EM iter: 15. Current nllh: 6659.358404173208
Starting EM iter: 16
Estep
Estep runtime (s): 0.1256868839263916
Mstep
Optimizing phi
Optimizing branch lengths. Current phi: 0.0003732342469100119. Current nu:0.24608789668468384
Optimizing nu
Mstep runtime (s): 0.2999851703643799
Finished EM iter: 16. Current nllh: 6659.156072742902
Starting EM iter: 17
Estep
Estep runtime (s): 0.1256399154663086
Mstep
Optimizing phi
Optimizing branch lengths. Current phi: 0.00026640935514895593. Current nu:0.24667998184852769
Optimizing nu
Mstep runtime (s): 0.2959012985229492
Finished EM iter: 17. Current nllh: 6659.011253904729
Starting EM iter: 18
Estep
Estep runtime (s): 0.12569189071655273
Mstep
Optimizing phi
Optimizing branch lengths. Current phi: 0.00019011029489317692. Current nu:0.2471064577717634
Optimizing nu
Mstep runtime (s): 0.30684781074523926
Finished EM iter: 18. Current nllh: 6658.90861638759
Starting EM iter: 19
Estep
Estep runtime (s): 0.125777006149292
Mstep
Optimizing phi
Optimizing branch lengths. Current phi: 0. Current nu:0.24741229167384532
Optimizing nu
Mstep runtime (s): 0.3001828193664551
Finished EM iter: 19. Current nllh: 6658.661611851725
Starting EM iter: 20
Estep
Estep runtime (s): 0.1253039836883545
Mstep
Optimizing phi
Optimizing branch lengths. Current phi: 0. Current nu:0.2476315257380962
Optimizing nu
Mstep runtime (s): 0.2776792049407959
Finished EM iter: 20. Current nllh: 6658.6600579193055
Starting EM iter: 21
Estep
Estep runtime (s): 0.1305999755859375
Mstep
Optimizing phi
Optimizing branch lengths. Current phi: 0. Current nu:0.24801149421863775
Optimizing nu
Mstep runtime (s): 0.27149081230163574
Finished EM iter: 21. Current nllh: 6658.655329132633
Starting EM iter: 22
Estep
Estep runtime (s): 0.12559199333190918
Mstep
Optimizing phi
Optimizing branch lengths. Current phi: 0. Current nu:0.24812748726268813
Optimizing nu
Mstep runtime (s): 0.3004322052001953
Finished EM iter: 22. Current nllh: 6658.653582820142
Starting EM iter: 23
Estep
Estep runtime (s): 0.12532973289489746
Mstep
Optimizing phi
Optimizing branch lengths. Current phi: 0. Current nu:0.2481647735510063
Optimizing nu
Mstep runtime (s): 0.27611494064331055
Finished EM iter: 23. Current nllh: 6658.652800267651
Starting EM iter: 24
Estep
Estep runtime (s): 0.1252131462097168
Mstep
Optimizing phi
Optimizing branch lengths. Current phi: 0. Current nu:0.24817911725243136
Optimizing nu
Mstep runtime (s): 0.29111814498901367
Finished EM iter: 24. Current nllh: 6658.652355393358
Starting EM iter: 25
Estep
Estep runtime (s): 0.12552499771118164
Mstep
Optimizing phi
Optimizing branch lengths. Current phi: 0. Current nu:0.2481860088866422
Optimizing nu
Mstep runtime (s): 0.28289794921875
Finished EM iter: 25. Current nllh: 6658.652026793928
Starting EM iter: 26
Estep
Estep runtime (s): 0.1254439353942871
Mstep
Optimizing phi
Optimizing branch lengths. Current phi: 0. Current nu:0.24819095489930204
Optimizing nu
Mstep runtime (s): 0.33731818199157715
Finished EM iter: 26. Current nllh: 6658.651781321861
Starting EM iter: 27
Estep
Estep runtime (s): 0.1253650188446045
Mstep
Optimizing phi
Optimizing branch lengths. Current phi: 0. Current nu:0.24819477352579733
Optimizing nu
Mstep runtime (s): 0.2992560863494873
Finished EM iter: 27. Current nllh: 6658.651211889592
Starting EM iter: 28
Estep
Estep runtime (s): 0.12552499771118164
Mstep
Optimizing phi
Optimizing branch lengths. Current phi: 0. Current nu:0.24819581045584233
Optimizing nu
Mstep runtime (s): 0.3092799186706543
Finished EM iter: 28. Current nllh: 6658.651438527331
Starting EM iter: 29
Estep
Estep runtime (s): 0.12581706047058105
Mstep
Optimizing phi
Optimizing branch lengths. Current phi: 0. Current nu:0.2482003168813575
Optimizing nu
Mstep runtime (s): 0.3120462894439697
Finished EM iter: 29. Current nllh: 6658.650859020766
Starting EM iter: 30
Estep
Estep runtime (s): 0.12554025650024414
Mstep
Optimizing phi
Optimizing branch lengths. Current phi: 0. Current nu:0.24820414243369926
Optimizing nu
Mstep runtime (s): 0.3179757595062256
Finished EM iter: 30. Current nllh: 6658.650880069003
EM finished after 30 iterations.
Optimal phi: 0. Optimal nu: 0.24820712266048842. Optimal nllh: 6658.650880069003
Optimal point found for initial point 1
Numerical optimization finished successfully
Tree height pre-scaling: 0.7252215031233029, input timescale: 1.0
Tree height after scaling: 1.0, mutation rate: 0.7252215031233029
Tree height pre-scaling: 0.7252214554499189, input timescale: 1.0
Tree height after scaling: 1.0, mutation rate: 0.7252214554499189
Tree height pre-scaling: 0.7252214298245877, input timescale: 1.0
Tree height after scaling: 1.0, mutation rate: 0.7252214298245877
Tree height pre-scaling: 0.7252214317223201, input timescale: 1.0
Tree height after scaling: 1.0, mutation rate: 0.7252214317223201
Tree height pre-scaling: 0.725221430763658, input timescale: 1.0
Tree height after scaling: 1.0, mutation rate: 0.725221430763658
Tree height pre-scaling: 0.7252213668346755, input timescale: 1.0
Tree height after scaling: 1.0, mutation rate: 0.7252213668346755
Tree height pre-scaling: 0.7252216029179052, input timescale: 1.0
Tree height after scaling: 1.0, mutation rate: 0.7252216029179052
Tree height pre-scaling: 0.7252214766324669, input timescale: 1.0
Tree height after scaling: 0.9999999999999999, mutation rate: 0.7252214766324669
Tree height pre-scaling: 0.7252213495942428, input timescale: 1.0
Tree height after scaling: 1.0, mutation rate: 0.7252213495942428
Tree height pre-scaling: 0.7252223036610008, input timescale: 1.0
Tree height after scaling: 1.0, mutation rate: 0.7252223036610008
Runtime (s): 14.194292584
