Launching LAML version 0.0.4
LAML was called as follows: /Users/uym2/my_gits/LAML/run_laml.py -c ../../bar24/Bar24_character_matrix.txt -t place_outlier_2/augmented_tree_270.nwk -o place_outlier_2/augmented_tree_270_optimized -v -p ../../bar24/Bar24_priors.pickle --delimiter tab -m -1 --nInitials 1
Prior keys mismatch with site names.
Prior keys: [0, 1, 2, 3, 4, 5, 6, 7, 8, 9, 10, 11, 12, 13, 14, 15, 16, 17, 18, 19, 20, 21, 22, 23, 24, 25, 26, 27, 28]
Site names: ['r1', 'r2', 'r3', 'r4', 'r5', 'r6', 'r7', 'r8', 'r9', 'r10', 'r11', 'r12', 'r13', 'r14', 'r15', 'r16', 'r17', 'r18', 'r19', 'r20', 'r21', 'r22', 'r23', 'r24', 'r25', 'r26', 'r27', 'r28', 'r29', 'r30']
Attempting to infer mapping between site names and prior keys...
Not all site names are present in the dictionary. Trying offset...
Offset between input site names and prior keys is assumed to be 1
Missing priors at site r30, filling in uniform priors...
{'r1': 0, 'r2': 1, 'r3': 2, 'r4': 3, 'r5': 4, 'r6': 5, 'r7': 6, 'r8': 7, 'r9': 8, 'r10': 9, 'r11': 10, 'r12': 11, 'r13': 12, 'r14': 13, 'r15': 14, 'r16': 15, 'r17': 16, 'r18': 17, 'r19': 18, 'r20': 19, 'r21': 20, 'r22': 21, 'r23': 22, 'r24': 23, 'r25': 24, 'r26': 25, 'r27': 26, 'r28': 27, 'r29': 28, 'r30': 29}
Optimizing branch lengths, phi, and nu without topology search
Optimization by EM algorithm
Optimization start with 1 initials
Initial point 1. Random seed: 6141
Numerical optimization started with ultrametric constraint (default)
Initial phi: 0.21738509376412313. Initial nu: 0.22021621742540518. Initial nllh: 8086.063050851964
Starting EM iter: 1
Estep
Estep runtime (s): 0.09128189086914062
Mstep
Optimizing phi
Optimizing branch lengths. Current phi: 0.053590555690699516. Current nu:0.22021621742540518
Optimizing nu
Mstep runtime (s): 0.2847869396209717
Finished EM iter: 1. Current nllh: 6259.266683380488
Starting EM iter: 2
Estep
Estep runtime (s): 0.12437582015991211
Mstep
Optimizing phi
Optimizing branch lengths. Current phi: 0.030884198656582006. Current nu:0.1459202207673039
Optimizing nu
Mstep runtime (s): 0.28322672843933105
Finished EM iter: 2. Current nllh: 6166.41350197025
Starting EM iter: 3
Estep
Estep runtime (s): 0.12432098388671875
Mstep
Optimizing phi
Optimizing branch lengths. Current phi: 0.01999407704295502. Current nu:0.16639192523694318
Optimizing nu
Mstep runtime (s): 0.2678709030151367
Finished EM iter: 3. Current nllh: 6137.206718626569
Starting EM iter: 4
Estep
Estep runtime (s): 0.1245119571685791
Mstep
Optimizing phi
Optimizing branch lengths. Current phi: 0.013531412031840063. Current nu:0.19460400790111687
Optimizing nu
Mstep runtime (s): 0.3212261199951172
Finished EM iter: 4. Current nllh: 6121.815005333278
Starting EM iter: 5
Estep
Estep runtime (s): 0.12461376190185547
Mstep
Optimizing phi
Optimizing branch lengths. Current phi: 0.00931449651944199. Current nu:0.217416526995467
Optimizing nu
Mstep runtime (s): 0.329632043838501
Finished EM iter: 5. Current nllh: 6112.891650292307
Starting EM iter: 6
Estep
Estep runtime (s): 0.12461996078491211
Mstep
Optimizing phi
Optimizing branch lengths. Current phi: 0.006488147998741711. Current nu:0.23422622412546498
Optimizing nu
Mstep runtime (s): 0.31073904037475586
Finished EM iter: 6. Current nllh: 6107.304826559097
Starting EM iter: 7
Estep
Estep runtime (s): 0.1253671646118164
Mstep
Optimizing phi
Optimizing branch lengths. Current phi: 0.004513271374272062. Current nu:0.24619065269384188
Optimizing nu
Mstep runtime (s): 0.29221510887145996
Finished EM iter: 7. Current nllh: 6103.311088733717
Starting EM iter: 8
Estep
Estep runtime (s): 0.12450790405273438
Mstep
Optimizing phi
Optimizing branch lengths. Current phi: 0.00307339209496819. Current nu:0.2546879623035788
Optimizing nu
Mstep runtime (s): 0.25583481788635254
Finished EM iter: 8. Current nllh: 6100.511368973093
Starting EM iter: 9
Estep
Estep runtime (s): 0.12480616569519043
Mstep
Optimizing phi
Optimizing branch lengths. Current phi: 0.002053752906473571. Current nu:0.26084722453441256
Optimizing nu
Mstep runtime (s): 0.27745485305786133
Finished EM iter: 9. Current nllh: 6098.698435099206
Starting EM iter: 10
Estep
Estep runtime (s): 0.12461209297180176
Mstep
Optimizing phi
Optimizing branch lengths. Current phi: 0.00136047945313074. Current nu:0.2652908734890735
Optimizing nu
Mstep runtime (s): 0.30512094497680664
Finished EM iter: 10. Current nllh: 6097.517400818003
Starting EM iter: 11
Estep
Estep runtime (s): 0.1250927448272705
Mstep
Optimizing phi
Optimizing branch lengths. Current phi: 0.0008976654403458544. Current nu:0.26841728250350816
Optimizing nu
Mstep runtime (s): 0.2975270748138428
Finished EM iter: 11. Current nllh: 6096.742219371709
Starting EM iter: 12
Estep
Estep runtime (s): 0.12464380264282227
Mstep
Optimizing phi
Optimizing branch lengths. Current phi: 0.0005910248751309873. Current nu:0.2705673476107032
Optimizing nu
Mstep runtime (s): 0.2596731185913086
Finished EM iter: 12. Current nllh: 6096.232933010758
Starting EM iter: 13
Estep
Estep runtime (s): 0.12470817565917969
Mstep
Optimizing phi
Optimizing branch lengths. Current phi: 0.0003886212336402241. Current nu:0.27202368335481963
Optimizing nu
Mstep runtime (s): 0.31411314010620117
Finished EM iter: 13. Current nllh: 6095.898165230975
Starting EM iter: 14
Estep
Estep runtime (s): 0.1246800422668457
Mstep
Optimizing phi
Optimizing branch lengths. Current phi: 0.0002553155299866967. Current nu:0.2729980256164394
Optimizing nu
Mstep runtime (s): 0.2680511474609375
Finished EM iter: 14. Current nllh: 6095.678130248454
Starting EM iter: 15
Estep
Estep runtime (s): 0.12490606307983398
Mstep
Optimizing phi
Optimizing branch lengths. Current phi: 0. Current nu:0.273652766727799
Optimizing nu
Mstep runtime (s): 0.30765295028686523
Finished EM iter: 15. Current nllh: 6095.275844713412
Starting EM iter: 16
Estep
Estep runtime (s): 0.12468814849853516
Mstep
Optimizing phi
Optimizing branch lengths. Current phi: 0. Current nu:0.27408699808502995
Optimizing nu
Mstep runtime (s): 0.2651798725128174
Finished EM iter: 16. Current nllh: 6095.268936130309
Starting EM iter: 17
Estep
Estep runtime (s): 0.12450790405273438
Mstep
Optimizing phi
Optimizing branch lengths. Current phi: 0. Current nu:0.27465115556304387
Optimizing nu
Mstep runtime (s): 0.2811558246612549
Finished EM iter: 17. Current nllh: 6095.261100475396
Starting EM iter: 18
Estep
Estep runtime (s): 0.1245570182800293
Mstep
Optimizing phi
Optimizing branch lengths. Current phi: 0. Current nu:0.2748387688689834
Optimizing nu
Mstep runtime (s): 0.3285698890686035
Finished EM iter: 18. Current nllh: 6095.257681890048
Starting EM iter: 19
Estep
Estep runtime (s): 0.1248021125793457
Mstep
Optimizing phi
Optimizing branch lengths. Current phi: 0. Current nu:0.2749048842783982
Optimizing nu
Mstep runtime (s): 0.33025312423706055
Finished EM iter: 19. Current nllh: 6095.25581997213
Starting EM iter: 20
Estep
Estep runtime (s): 0.12475705146789551
Mstep
Optimizing phi
Optimizing branch lengths. Current phi: 0. Current nu:0.2749319420583151
Optimizing nu
Mstep runtime (s): 0.3008687496185303
Finished EM iter: 20. Current nllh: 6095.254590254458
Starting EM iter: 21
Estep
Estep runtime (s): 0.12462687492370605
Mstep
Optimizing phi
Optimizing branch lengths. Current phi: 0. Current nu:0.27494758133457364
Optimizing nu
Mstep runtime (s): 0.36221814155578613
Finished EM iter: 21. Current nllh: 6095.2535825559335
Starting EM iter: 22
Estep
Estep runtime (s): 0.12460017204284668
Mstep
Optimizing phi
Optimizing branch lengths. Current phi: 0. Current nu:0.2749587977067458
Optimizing nu
Mstep runtime (s): 0.2706902027130127
Finished EM iter: 22. Current nllh: 6095.252813387006
Starting EM iter: 23
Estep
Estep runtime (s): 0.12464523315429688
Mstep
Optimizing phi
Optimizing branch lengths. Current phi: 0. Current nu:0.27496513083685326
Optimizing nu
Mstep runtime (s): 0.2798469066619873
Finished EM iter: 23. Current nllh: 6095.252201024133
Starting EM iter: 24
Estep
Estep runtime (s): 0.12449002265930176
Mstep
Optimizing phi
Optimizing branch lengths. Current phi: 0. Current nu:0.2749709581424473
Optimizing nu
Mstep runtime (s): 0.3422400951385498
Finished EM iter: 24. Current nllh: 6095.251657154766
Starting EM iter: 25
Estep
Estep runtime (s): 0.12493586540222168
Mstep
Optimizing phi
Optimizing branch lengths. Current phi: 0. Current nu:0.2749773240827771
Optimizing nu
Mstep runtime (s): 0.3023197650909424
Finished EM iter: 25. Current nllh: 6095.250981193398
Starting EM iter: 26
Estep
Estep runtime (s): 0.12468099594116211
Mstep
Optimizing phi
Optimizing branch lengths. Current phi: 0. Current nu:0.27498166296818277
Optimizing nu
Mstep runtime (s): 0.3200807571411133
Finished EM iter: 26. Current nllh: 6095.250612629596
Starting EM iter: 27
Estep
Estep runtime (s): 0.12492609024047852
Mstep
Optimizing phi
Optimizing branch lengths. Current phi: 0. Current nu:0.2749877666899422
Optimizing nu
Mstep runtime (s): 0.26947999000549316
Finished EM iter: 27. Current nllh: 6095.250427544534
Starting EM iter: 28
Estep
Estep runtime (s): 0.1246037483215332
Mstep
Optimizing phi
Optimizing branch lengths. Current phi: 0. Current nu:0.2749916705259526
Optimizing nu
Mstep runtime (s): 0.3755640983581543
Finished EM iter: 28. Current nllh: 6095.249981515301
Starting EM iter: 29
Estep
Estep runtime (s): 0.12496209144592285
Mstep
Optimizing phi
Optimizing branch lengths. Current phi: 0. Current nu:0.27499467096164626
Optimizing nu
Mstep runtime (s): 0.2955451011657715
Finished EM iter: 29. Current nllh: 6095.249884637908
Starting EM iter: 30
Estep
Estep runtime (s): 0.12475419044494629
Mstep
Optimizing phi
Optimizing branch lengths. Current phi: 0. Current nu:0.27499870902532175
Optimizing nu
Mstep runtime (s): 0.2981698513031006
Finished EM iter: 30. Current nllh: 6095.249648720657
Starting EM iter: 31
Estep
Estep runtime (s): 0.12501287460327148
Mstep
Optimizing phi
Optimizing branch lengths. Current phi: 0. Current nu:0.27500186008628114
Optimizing nu
Mstep runtime (s): 0.2834889888763428
Finished EM iter: 31. Current nllh: 6095.2494446375695
Starting EM iter: 32
Estep
Estep runtime (s): 0.1247711181640625
Mstep
Optimizing phi
Optimizing branch lengths. Current phi: 0. Current nu:0.27500466674261603
Optimizing nu
Mstep runtime (s): 0.34220385551452637
Finished EM iter: 32. Current nllh: 6095.249263367347
Starting EM iter: 33
Estep
Estep runtime (s): 0.12486100196838379
Mstep
Optimizing phi
Optimizing branch lengths. Current phi: 0. Current nu:0.2750073066448712
Optimizing nu
Mstep runtime (s): 0.2962779998779297
Finished EM iter: 33. Current nllh: 6095.249094906111
Starting EM iter: 34
Estep
Estep runtime (s): 0.12468194961547852
Mstep
Optimizing phi
Optimizing branch lengths. Current phi: 0. Current nu:0.2750102180517855
Optimizing nu
Mstep runtime (s): 0.2727530002593994
Finished EM iter: 34. Current nllh: 6095.248942078723
Starting EM iter: 35
Estep
Estep runtime (s): 0.12526416778564453
Mstep
Optimizing phi
Optimizing branch lengths. Current phi: 0. Current nu:0.2750126712464306
Optimizing nu
Mstep runtime (s): 0.31775617599487305
Finished EM iter: 35. Current nllh: 6095.248733938426
Starting EM iter: 36
Estep
Estep runtime (s): 0.1252460479736328
Mstep
Optimizing phi
Optimizing branch lengths. Current phi: 0. Current nu:0.27501467031189747
Optimizing nu
Mstep runtime (s): 0.2767062187194824
Finished EM iter: 36. Current nllh: 6095.248681514739
EM finished after 36 iterations.
Optimal phi: 0. Optimal nu: 0.27501747890045863. Optimal nllh: 6095.248681514739
Optimal point found for initial point 1
Numerical optimization finished successfully
Tree height pre-scaling: 0.6891407541155361, input timescale: 1.0
Tree height after scaling: 1.0, mutation rate: 0.6891407541155361
Tree height pre-scaling: 0.6891407542712453, input timescale: 1.0
Tree height after scaling: 1.0, mutation rate: 0.6891407542712453
Tree height pre-scaling: 0.6891407540616888, input timescale: 1.0
Tree height after scaling: 0.9999999999999998, mutation rate: 0.6891407540616888
Tree height pre-scaling: 0.6891407539851927, input timescale: 1.0
Tree height after scaling: 0.9999999999999999, mutation rate: 0.6891407539851927
Tree height pre-scaling: 0.6891407541020279, input timescale: 1.0
Tree height after scaling: 0.9999999999999999, mutation rate: 0.6891407541020279
Tree height pre-scaling: 0.6891407539910899, input timescale: 1.0
Tree height after scaling: 1.0, mutation rate: 0.6891407539910899
Tree height pre-scaling: 0.689140754012287, input timescale: 1.0
Tree height after scaling: 0.9999999999999998, mutation rate: 0.689140754012287
Tree height pre-scaling: 0.6891407540976077, input timescale: 1.0
Tree height after scaling: 1.0, mutation rate: 0.6891407540976077
Tree height pre-scaling: 0.6891407540364758, input timescale: 1.0
Tree height after scaling: 0.9999999999999998, mutation rate: 0.6891407540364758
Tree height pre-scaling: 0.6891407546406303, input timescale: 1.0
Tree height after scaling: 1.0, mutation rate: 0.6891407546406303
Runtime (s): 16.692273333000003
