Launching LAML version 0.0.4
LAML was called as follows: /Users/uym2/my_gits/LAML/run_laml.py -c ../../bar24/Bar24_character_matrix.txt -t place_outlier_2/augmented_tree_140.nwk -o place_outlier_2/augmented_tree_140_optimized -v -p ../../bar24/Bar24_priors.pickle --delimiter tab -m -1 --nInitials 1
Prior keys mismatch with site names.
Prior keys: [0, 1, 2, 3, 4, 5, 6, 7, 8, 9, 10, 11, 12, 13, 14, 15, 16, 17, 18, 19, 20, 21, 22, 23, 24, 25, 26, 27, 28]
Site names: ['r1', 'r2', 'r3', 'r4', 'r5', 'r6', 'r7', 'r8', 'r9', 'r10', 'r11', 'r12', 'r13', 'r14', 'r15', 'r16', 'r17', 'r18', 'r19', 'r20', 'r21', 'r22', 'r23', 'r24', 'r25', 'r26', 'r27', 'r28', 'r29', 'r30']
Attempting to infer mapping between site names and prior keys...
Not all site names are present in the dictionary. Trying offset...
Offset between input site names and prior keys is assumed to be 1
Missing priors at site r30, filling in uniform priors...
{'r1': 0, 'r2': 1, 'r3': 2, 'r4': 3, 'r5': 4, 'r6': 5, 'r7': 6, 'r8': 7, 'r9': 8, 'r10': 9, 'r11': 10, 'r12': 11, 'r13': 12, 'r14': 13, 'r15': 14, 'r16': 15, 'r17': 16, 'r18': 17, 'r19': 18, 'r20': 19, 'r21': 20, 'r22': 21, 'r23': 22, 'r24': 23, 'r25': 24, 'r26': 25, 'r27': 26, 'r28': 27, 'r29': 28, 'r30': 29}
Optimizing branch lengths, phi, and nu without topology search
Optimization by EM algorithm
Optimization start with 1 initials
Initial point 1. Random seed: 804
Numerical optimization started with ultrametric constraint (default)
Initial phi: 0.47810936353655814. Initial nu: 0.012055774097617794. Initial nllh: 9509.609792101332
Starting EM iter: 1
Estep
Estep runtime (s): 0.09203886985778809
Mstep
Optimizing phi
Optimizing branch lengths. Current phi: 0.12100093535404025. Current nu:0.012055774097617794
Optimizing nu
Mstep runtime (s): 0.6295878887176514
Finished EM iter: 1. Current nllh: 6606.861852797596
Starting EM iter: 2
Estep
Estep runtime (s): 0.12443113327026367
Mstep
Optimizing phi
Optimizing branch lengths. Current phi: 0.05893743260678715. Current nu:0.031710854882422895
Optimizing nu
Mstep runtime (s): 0.4005870819091797
Finished EM iter: 2. Current nllh: 6316.139317023744
Starting EM iter: 3
Estep
Estep runtime (s): 0.12330198287963867
Mstep
Optimizing phi
Optimizing branch lengths. Current phi: 0.035515916968452896. Current nu:0.08630689352656468
Optimizing nu
Mstep runtime (s): 0.3064711093902588
Finished EM iter: 3. Current nllh: 6229.649017240848
Starting EM iter: 4
Estep
Estep runtime (s): 0.12351202964782715
Mstep
Optimizing phi
Optimizing branch lengths. Current phi: 0.023348213126455776. Current nu:0.1340903856832168
Optimizing nu
Mstep runtime (s): 0.3098418712615967
Finished EM iter: 4. Current nllh: 6193.564547619072
Starting EM iter: 5
Estep
Estep runtime (s): 0.12352514266967773
Mstep
Optimizing phi
Optimizing branch lengths. Current phi: 0.016220311847501896. Current nu:0.1692913496865607
Optimizing nu
Mstep runtime (s): 0.2739090919494629
Finished EM iter: 5. Current nllh: 6174.833840557825
Starting EM iter: 6
Estep
Estep runtime (s): 0.1237180233001709
Mstep
Optimizing phi
Optimizing branch lengths. Current phi: 0.011436123817583865. Current nu:0.1941757969063074
Optimizing nu
Mstep runtime (s): 0.276594877243042
Finished EM iter: 6. Current nllh: 6163.686012396395
Starting EM iter: 7
Estep
Estep runtime (s): 0.12367606163024902
Mstep
Optimizing phi
Optimizing branch lengths. Current phi: 0.008113899904296631. Current nu:0.2123616667022593
Optimizing nu
Mstep runtime (s): 0.29065394401550293
Finished EM iter: 7. Current nllh: 6157.147558902886
Starting EM iter: 8
Estep
Estep runtime (s): 0.1236717700958252
Mstep
Optimizing phi
Optimizing branch lengths. Current phi: 0.005816047649099418. Current nu:0.22562643327507828
Optimizing nu
Mstep runtime (s): 0.31974077224731445
Finished EM iter: 8. Current nllh: 6152.848856866547
Starting EM iter: 9
Estep
Estep runtime (s): 0.12370896339416504
Mstep
Optimizing phi
Optimizing branch lengths. Current phi: 0.004150243197691071. Current nu:0.23514685113087566
Optimizing nu
Mstep runtime (s): 0.2755708694458008
Finished EM iter: 9. Current nllh: 6149.576169198861
Starting EM iter: 10
Estep
Estep runtime (s): 0.12380504608154297
Mstep
Optimizing phi
Optimizing branch lengths. Current phi: 0.0028927240644356566. Current nu:0.24205699116750096
Optimizing nu
Mstep runtime (s): 0.2791011333465576
Finished EM iter: 10. Current nllh: 6147.254386039749
Starting EM iter: 11
Estep
Estep runtime (s): 0.12375593185424805
Mstep
Optimizing phi
Optimizing branch lengths. Current phi: 0.0019803469340478274. Current nu:0.2472061829614832
Optimizing nu
Mstep runtime (s): 0.27425718307495117
Finished EM iter: 11. Current nllh: 6145.729513958502
Starting EM iter: 12
Estep
Estep runtime (s): 0.12400102615356445
Mstep
Optimizing phi
Optimizing branch lengths. Current phi: 0.0013453132195945408. Current nu:0.2510170663259028
Optimizing nu
Mstep runtime (s): 0.3094468116760254
Finished EM iter: 12. Current nllh: 6144.712367039854
Starting EM iter: 13
Estep
Estep runtime (s): 0.1240091323852539
Mstep
Optimizing phi
Optimizing branch lengths. Current phi: 0.0009108018549395344. Current nu:0.25375994416567527
Optimizing nu
Mstep runtime (s): 0.25946903228759766
Finished EM iter: 13. Current nllh: 6144.028464446024
Starting EM iter: 14
Estep
Estep runtime (s): 0.12381315231323242
Mstep
Optimizing phi
Optimizing branch lengths. Current phi: 0.0006154937391786404. Current nu:0.25568845120744377
Optimizing nu
Mstep runtime (s): 0.27886366844177246
Finished EM iter: 14. Current nllh: 6143.567653419177
Starting EM iter: 15
Estep
Estep runtime (s): 0.12398266792297363
Mstep
Optimizing phi
Optimizing branch lengths. Current phi: 0.00041545836681219613. Current nu:0.25702300723666394
Optimizing nu
Mstep runtime (s): 0.2660510540008545
Finished EM iter: 15. Current nllh: 6143.257134150414
Starting EM iter: 16
Estep
Estep runtime (s): 0.12509512901306152
Mstep
Optimizing phi
Optimizing branch lengths. Current phi: 0.0002802227091594949. Current nu:0.25793943155442656
Optimizing nu
Mstep runtime (s): 0.2532639503479004
Finished EM iter: 16. Current nllh: 6143.047782447498
Starting EM iter: 17
Estep
Estep runtime (s): 0.12403631210327148
Mstep
Optimizing phi
Optimizing branch lengths. Current phi: 0.00018891057486031994. Current nu:0.2585660370126563
Optimizing nu
Mstep runtime (s): 0.2553238868713379
Finished EM iter: 17. Current nllh: 6142.906568898944
Starting EM iter: 18
Estep
Estep runtime (s): 0.12408900260925293
Mstep
Optimizing phi
Optimizing branch lengths. Current phi: 0. Current nu:0.258992989656198
Optimizing nu
Mstep runtime (s): 0.30022215843200684
Finished EM iter: 18. Current nllh: 6142.625766479335
Starting EM iter: 19
Estep
Estep runtime (s): 0.12376022338867188
Mstep
Optimizing phi
Optimizing branch lengths. Current phi: 0. Current nu:0.25928447441922703
Optimizing nu
Mstep runtime (s): 0.2861771583557129
Finished EM iter: 19. Current nllh: 6142.622979556977
Starting EM iter: 20
Estep
Estep runtime (s): 0.12378287315368652
Mstep
Optimizing phi
Optimizing branch lengths. Current phi: 0. Current nu:0.25969748738206117
Optimizing nu
Mstep runtime (s): 0.3619251251220703
Finished EM iter: 20. Current nllh: 6142.617526183361
Starting EM iter: 21
Estep
Estep runtime (s): 0.12373781204223633
Mstep
Optimizing phi
Optimizing branch lengths. Current phi: 0. Current nu:0.2598274055188426
Optimizing nu
Mstep runtime (s): 0.2687652111053467
Finished EM iter: 21. Current nllh: 6142.615582474859
Starting EM iter: 22
Estep
Estep runtime (s): 0.12374496459960938
Mstep
Optimizing phi
Optimizing branch lengths. Current phi: 0. Current nu:0.25987417182785433
Optimizing nu
Mstep runtime (s): 0.3236382007598877
Finished EM iter: 22. Current nllh: 6142.6145411464995
Starting EM iter: 23
Estep
Estep runtime (s): 0.12374281883239746
Mstep
Optimizing phi
Optimizing branch lengths. Current phi: 0. Current nu:0.2598929118365993
Optimizing nu
Mstep runtime (s): 0.2747828960418701
Finished EM iter: 23. Current nllh: 6142.613919459386
Starting EM iter: 24
Estep
Estep runtime (s): 0.12381291389465332
Mstep
Optimizing phi
Optimizing branch lengths. Current phi: 0. Current nu:0.25990222688717646
Optimizing nu
Mstep runtime (s): 0.303739070892334
Finished EM iter: 24. Current nllh: 6142.613480600397
Starting EM iter: 25
Estep
Estep runtime (s): 0.12389302253723145
Mstep
Optimizing phi
Optimizing branch lengths. Current phi: 0. Current nu:0.2599084745902451
Optimizing nu
Mstep runtime (s): 0.32656097412109375
Finished EM iter: 25. Current nllh: 6142.613133368641
Starting EM iter: 26
Estep
Estep runtime (s): 0.12387609481811523
Mstep
Optimizing phi
Optimizing branch lengths. Current phi: 0. Current nu:0.2599139080867983
Optimizing nu
Mstep runtime (s): 0.3005211353302002
Finished EM iter: 26. Current nllh: 6142.612849136512
Starting EM iter: 27
Estep
Estep runtime (s): 0.12376809120178223
Mstep
Optimizing phi
Optimizing branch lengths. Current phi: 0. Current nu:0.2599184235794374
Optimizing nu
Mstep runtime (s): 0.3295109272003174
Finished EM iter: 27. Current nllh: 6142.612611269798
Starting EM iter: 28
Estep
Estep runtime (s): 0.12394213676452637
Mstep
Optimizing phi
Optimizing branch lengths. Current phi: 0. Current nu:0.25992250227259583
Optimizing nu
Mstep runtime (s): 0.29943084716796875
Finished EM iter: 28. Current nllh: 6142.612416179376
Starting EM iter: 29
Estep
Estep runtime (s): 0.12370920181274414
Mstep
Optimizing phi
Optimizing branch lengths. Current phi: 0. Current nu:0.25992579443139935
Optimizing nu
Mstep runtime (s): 0.2730140686035156
Finished EM iter: 29. Current nllh: 6142.612248502998
Starting EM iter: 30
Estep
Estep runtime (s): 0.12402701377868652
Mstep
Optimizing phi
Optimizing branch lengths. Current phi: 0. Current nu:0.25992914006285306
Optimizing nu
Mstep runtime (s): 0.2817368507385254
Finished EM iter: 30. Current nllh: 6142.6121021324925
Starting EM iter: 31
Estep
Estep runtime (s): 0.12580418586730957
Mstep
Optimizing phi
Optimizing branch lengths. Current phi: 0. Current nu:0.2599322444746823
Optimizing nu
Mstep runtime (s): 0.3170030117034912
Finished EM iter: 31. Current nllh: 6142.611958818123
Starting EM iter: 32
Estep
Estep runtime (s): 0.1238100528717041
Mstep
Optimizing phi
Optimizing branch lengths. Current phi: 0. Current nu:0.25993382998222886
Optimizing nu
Mstep runtime (s): 0.3245279788970947
Finished EM iter: 32. Current nllh: 6142.611886527722
Starting EM iter: 33
Estep
Estep runtime (s): 0.12413287162780762
Mstep
Optimizing phi
Optimizing branch lengths. Current phi: 0. Current nu:0.2599368489510858
Optimizing nu
Mstep runtime (s): 0.2762620449066162
Finished EM iter: 33. Current nllh: 6142.61178404296
Starting EM iter: 34
Estep
Estep runtime (s): 0.12432098388671875
Mstep
Optimizing phi
Optimizing branch lengths. Current phi: 0. Current nu:0.2599396068152917
Optimizing nu
Mstep runtime (s): 0.30855870246887207
Finished EM iter: 34. Current nllh: 6142.611696554787
Starting EM iter: 35
Estep
Estep runtime (s): 0.12383317947387695
Mstep
Optimizing phi
Optimizing branch lengths. Current phi: 0. Current nu:0.2599419187801884
Optimizing nu
Mstep runtime (s): 0.29750919342041016
Finished EM iter: 35. Current nllh: 6142.6116264136635
Starting EM iter: 36
Estep
Estep runtime (s): 0.12390899658203125
Mstep
Optimizing phi
Optimizing branch lengths. Current phi: 0. Current nu:0.25994357165604537
Optimizing nu
Mstep runtime (s): 0.29236602783203125
Finished EM iter: 36. Current nllh: 6142.611568192093
EM finished after 36 iterations.
Optimal phi: 0. Optimal nu: 0.25994518818704004. Optimal nllh: 6142.611568192093
Optimal point found for initial point 1
Numerical optimization finished successfully
Tree height pre-scaling: 0.6899012214997523, input timescale: 1.0
Tree height after scaling: 0.9999999999999998, mutation rate: 0.6899012214997523
Tree height pre-scaling: 0.689901221484406, input timescale: 1.0
Tree height after scaling: 0.9999999999999999, mutation rate: 0.689901221484406
Tree height pre-scaling: 0.6899012214700053, input timescale: 1.0
Tree height after scaling: 1.0, mutation rate: 0.6899012214700053
Tree height pre-scaling: 0.6899012214697565, input timescale: 1.0
Tree height after scaling: 1.0, mutation rate: 0.6899012214697565
Tree height pre-scaling: 0.6899012214661758, input timescale: 1.0
Tree height after scaling: 1.0, mutation rate: 0.6899012214661758
Tree height pre-scaling: 0.6899012214582024, input timescale: 1.0
Tree height after scaling: 1.0, mutation rate: 0.6899012214582024
Tree height pre-scaling: 0.68990122157214, input timescale: 1.0
Tree height after scaling: 1.0, mutation rate: 0.68990122157214
Tree height pre-scaling: 0.6899012214828424, input timescale: 1.0
Tree height after scaling: 1.0, mutation rate: 0.6899012214828424
Tree height pre-scaling: 0.6899012214430316, input timescale: 1.0
Tree height after scaling: 1.0, mutation rate: 0.6899012214430316
Tree height pre-scaling: 0.6899012216558545, input timescale: 1.0
Tree height after scaling: 1.0, mutation rate: 0.6899012216558545
Runtime (s): 16.872303875
