Launching LAML version 0.0.4
LAML was called as follows: /Users/uym2/my_gits/LAML/run_laml.py -c ../../bar24/Bar24_character_matrix.txt -t place_outlier_2/augmented_tree_115.nwk -o place_outlier_2/augmented_tree_115_optimized -v -p ../../bar24/Bar24_priors.pickle --delimiter tab -m -1 --nInitials 1
Prior keys mismatch with site names.
Prior keys: [0, 1, 2, 3, 4, 5, 6, 7, 8, 9, 10, 11, 12, 13, 14, 15, 16, 17, 18, 19, 20, 21, 22, 23, 24, 25, 26, 27, 28]
Site names: ['r1', 'r2', 'r3', 'r4', 'r5', 'r6', 'r7', 'r8', 'r9', 'r10', 'r11', 'r12', 'r13', 'r14', 'r15', 'r16', 'r17', 'r18', 'r19', 'r20', 'r21', 'r22', 'r23', 'r24', 'r25', 'r26', 'r27', 'r28', 'r29', 'r30']
Attempting to infer mapping between site names and prior keys...
Not all site names are present in the dictionary. Trying offset...
Offset between input site names and prior keys is assumed to be 1
Missing priors at site r30, filling in uniform priors...
{'r1': 0, 'r2': 1, 'r3': 2, 'r4': 3, 'r5': 4, 'r6': 5, 'r7': 6, 'r8': 7, 'r9': 8, 'r10': 9, 'r11': 10, 'r12': 11, 'r13': 12, 'r14': 13, 'r15': 14, 'r16': 15, 'r17': 16, 'r18': 17, 'r19': 18, 'r20': 19, 'r21': 20, 'r22': 21, 'r23': 22, 'r24': 23, 'r25': 24, 'r26': 25, 'r27': 26, 'r28': 27, 'r29': 28, 'r30': 29}
Optimizing branch lengths, phi, and nu without topology search
Optimization by EM algorithm
Optimization start with 1 initials
Initial point 1. Random seed: 6307
Numerical optimization started with ultrametric constraint (default)
Initial phi: 0.3467973156800159. Initial nu: 0.08114868387451377. Initial nllh: 8674.186409210075
Starting EM iter: 1
Estep
Estep runtime (s): 0.09316015243530273
Mstep
Optimizing phi
Optimizing branch lengths. Current phi: 0.07843984378397457. Current nu:0.08114868387451377
Optimizing nu
Mstep runtime (s): 0.3788161277770996
Finished EM iter: 1. Current nllh: 6369.263372885996
Starting EM iter: 2
Estep
Estep runtime (s): 0.1271061897277832
Mstep
Optimizing phi
Optimizing branch lengths. Current phi: 0.040358121172232364. Current nu:0.08157637732997756
Optimizing nu
Mstep runtime (s): 0.35781097412109375
Finished EM iter: 2. Current nllh: 6211.509092904322
Starting EM iter: 3
Estep
Estep runtime (s): 0.1271381378173828
Mstep
Optimizing phi
Optimizing branch lengths. Current phi: 0.02530550384546703. Current nu:0.12538408690008437
Optimizing nu
Mstep runtime (s): 0.38820886611938477
Finished EM iter: 3. Current nllh: 6163.899100528324
Starting EM iter: 4
Estep
Estep runtime (s): 0.1276230812072754
Mstep
Optimizing phi
Optimizing branch lengths. Current phi: 0.017075403613960195. Current nu:0.16418826952394236
Optimizing nu
Mstep runtime (s): 0.27417898178100586
Finished EM iter: 4. Current nllh: 6141.916789144318
Starting EM iter: 5
Estep
Estep runtime (s): 0.1271212100982666
Mstep
Optimizing phi
Optimizing branch lengths. Current phi: 0.011810700095996291. Current nu:0.19261146492868694
Optimizing nu
Mstep runtime (s): 0.2851111888885498
Finished EM iter: 5. Current nllh: 6129.18724939287
Starting EM iter: 6
Estep
Estep runtime (s): 0.12745118141174316
Mstep
Optimizing phi
Optimizing branch lengths. Current phi: 0.00823286982096166. Current nu:0.21313579823946202
Optimizing nu
Mstep runtime (s): 0.3031167984008789
Finished EM iter: 6. Current nllh: 6121.729715998283
Starting EM iter: 7
Estep
Estep runtime (s): 0.12822604179382324
Mstep
Optimizing phi
Optimizing branch lengths. Current phi: 0.005798239344084513. Current nu:0.22785377620672023
Optimizing nu
Mstep runtime (s): 0.26470398902893066
Finished EM iter: 7. Current nllh: 6116.9532850369105
Starting EM iter: 8
Estep
Estep runtime (s): 0.12734389305114746
Mstep
Optimizing phi
Optimizing branch lengths. Current phi: 0.004067548880760939. Current nu:0.2382582170767731
Optimizing nu
Mstep runtime (s): 0.2633931636810303
Finished EM iter: 8. Current nllh: 6113.369552456608
Starting EM iter: 9
Estep
Estep runtime (s): 0.12793612480163574
Mstep
Optimizing phi
Optimizing branch lengths. Current phi: 0.002780429258620105. Current nu:0.24569035449319074
Optimizing nu
Mstep runtime (s): 0.2749209403991699
Finished EM iter: 9. Current nllh: 6110.864030060898
Starting EM iter: 10
Estep
Estep runtime (s): 0.12812113761901855
Mstep
Optimizing phi
Optimizing branch lengths. Current phi: 0.0018619227727330156. Current nu:0.2511278620472242
Optimizing nu
Mstep runtime (s): 0.33159494400024414
Finished EM iter: 10. Current nllh: 6109.256204987765
Starting EM iter: 11
Estep
Estep runtime (s): 0.12739109992980957
Mstep
Optimizing phi
Optimizing branch lengths. Current phi: 0.0012359430138918234. Current nu:0.2550886754385203
Optimizing nu
Mstep runtime (s): 0.26735806465148926
Finished EM iter: 11. Current nllh: 6108.2077342023995
Starting EM iter: 12
Estep
Estep runtime (s): 0.12775707244873047
Mstep
Optimizing phi
Optimizing branch lengths. Current phi: 0.0008172800517755893. Current nu:0.2578899368824453
Optimizing nu
Mstep runtime (s): 0.29723596572875977
Finished EM iter: 12. Current nllh: 6107.517879159713
Starting EM iter: 13
Estep
Estep runtime (s): 0.12788605690002441
Mstep
Optimizing phi
Optimizing branch lengths. Current phi: 0.0005393297622437506. Current nu:0.25982079219768195
Optimizing nu
Mstep runtime (s): 0.26476287841796875
Finished EM iter: 13. Current nllh: 6107.063713952759
Starting EM iter: 14
Estep
Estep runtime (s): 0.12775301933288574
Mstep
Optimizing phi
Optimizing branch lengths. Current phi: 0.0003554665637292976. Current nu:0.2611317634526453
Optimizing nu
Mstep runtime (s): 0.2698049545288086
Finished EM iter: 14. Current nllh: 6106.76455262836
Starting EM iter: 15
Estep
Estep runtime (s): 0.12772035598754883
Mstep
Optimizing phi
Optimizing branch lengths. Current phi: 0.00023409598334781358. Current nu:0.26201281499372403
Optimizing nu
Mstep runtime (s): 0.29158711433410645
Finished EM iter: 15. Current nllh: 6106.567457121508
Starting EM iter: 16
Estep
Estep runtime (s): 0.12835121154785156
Mstep
Optimizing phi
Optimizing branch lengths. Current phi: 0. Current nu:0.2626023960575874
Optimizing nu
Mstep runtime (s): 0.2708148956298828
Finished EM iter: 16. Current nllh: 6106.202233403232
Starting EM iter: 17
Estep
Estep runtime (s): 0.12739109992980957
Mstep
Optimizing phi
Optimizing branch lengths. Current phi: 0. Current nu:0.2629956624465873
Optimizing nu
Mstep runtime (s): 0.29003381729125977
Finished EM iter: 17. Current nllh: 6106.198451228875
Starting EM iter: 18
Estep
Estep runtime (s): 0.12749409675598145
Mstep
Optimizing phi
Optimizing branch lengths. Current phi: 0. Current nu:0.2635144905054289
Optimizing nu
Mstep runtime (s): 0.2963283061981201
Finished EM iter: 18. Current nllh: 6106.191632566081
Starting EM iter: 19
Estep
Estep runtime (s): 0.12785887718200684
Mstep
Optimizing phi
Optimizing branch lengths. Current phi: 0. Current nu:0.26368222905190236
Optimizing nu
Mstep runtime (s): 0.3527059555053711
Finished EM iter: 19. Current nllh: 6106.188793324648
Starting EM iter: 20
Estep
Estep runtime (s): 0.12757420539855957
Mstep
Optimizing phi
Optimizing branch lengths. Current phi: 0. Current nu:0.2637392643768219
Optimizing nu
Mstep runtime (s): 0.33544492721557617
Finished EM iter: 20. Current nllh: 6106.1875387402815
Starting EM iter: 21
Estep
Estep runtime (s): 0.12783002853393555
Mstep
Optimizing phi
Optimizing branch lengths. Current phi: 0. Current nu:0.26376365991917367
Optimizing nu
Mstep runtime (s): 0.36729907989501953
Finished EM iter: 21. Current nllh: 6106.18670296418
Starting EM iter: 22
Estep
Estep runtime (s): 0.12746691703796387
Mstep
Optimizing phi
Optimizing branch lengths. Current phi: 0. Current nu:0.26377596446701496
Optimizing nu
Mstep runtime (s): 0.3041951656341553
Finished EM iter: 22. Current nllh: 6106.185954815017
Starting EM iter: 23
Estep
Estep runtime (s): 0.12804913520812988
Mstep
Optimizing phi
Optimizing branch lengths. Current phi: 0. Current nu:0.26378401684655634
Optimizing nu
Mstep runtime (s): 0.28173398971557617
Finished EM iter: 23. Current nllh: 6106.185663049239
Starting EM iter: 24
Estep
Estep runtime (s): 0.12789702415466309
Mstep
Optimizing phi
Optimizing branch lengths. Current phi: 0. Current nu:0.2637904881783665
Optimizing nu
Mstep runtime (s): 0.3291640281677246
Finished EM iter: 24. Current nllh: 6106.185288503677
Starting EM iter: 25
Estep
Estep runtime (s): 0.12801074981689453
Mstep
Optimizing phi
Optimizing branch lengths. Current phi: 0. Current nu:0.2637958154811811
Optimizing nu
Mstep runtime (s): 0.3382551670074463
Finished EM iter: 25. Current nllh: 6106.184819029138
Starting EM iter: 26
Estep
Estep runtime (s): 0.12762904167175293
Mstep
Optimizing phi
Optimizing branch lengths. Current phi: 0. Current nu:0.26379961895474197
Optimizing nu
Mstep runtime (s): 0.3533930778503418
Finished EM iter: 26. Current nllh: 6106.1847066631235
Starting EM iter: 27
Estep
Estep runtime (s): 0.1280219554901123
Mstep
Optimizing phi
Optimizing branch lengths. Current phi: 0. Current nu:0.26380552775180516
Optimizing nu
Mstep runtime (s): 0.2914440631866455
Finished EM iter: 27. Current nllh: 6106.184476385705
Starting EM iter: 28
Estep
Estep runtime (s): 0.12771987915039062
Mstep
Optimizing phi
Optimizing branch lengths. Current phi: 0. Current nu:0.263809633803122
Optimizing nu
Mstep runtime (s): 0.3173403739929199
Finished EM iter: 28. Current nllh: 6106.184295319097
Starting EM iter: 29
Estep
Estep runtime (s): 0.12760114669799805
Mstep
Optimizing phi
Optimizing branch lengths. Current phi: 0. Current nu:0.2638132481937522
Optimizing nu
Mstep runtime (s): 0.2882349491119385
Finished EM iter: 29. Current nllh: 6106.184147673545
Starting EM iter: 30
Estep
Estep runtime (s): 0.1284348964691162
Mstep
Optimizing phi
Optimizing branch lengths. Current phi: 0. Current nu:0.26381584407594083
Optimizing nu
Mstep runtime (s): 0.27706193923950195
Finished EM iter: 30. Current nllh: 6106.184021450928
Starting EM iter: 31
Estep
Estep runtime (s): 0.12768101692199707
Mstep
Optimizing phi
Optimizing branch lengths. Current phi: 0. Current nu:0.2638188554865761
Optimizing nu
Mstep runtime (s): 0.32019805908203125
Finished EM iter: 31. Current nllh: 6106.1839080390455
Starting EM iter: 32
Estep
Estep runtime (s): 0.1278378963470459
Mstep
Optimizing phi
Optimizing branch lengths. Current phi: 0. Current nu:0.26382159055196464
Optimizing nu
Mstep runtime (s): 0.3088839054107666
Finished EM iter: 32. Current nllh: 6106.183733401547
Starting EM iter: 33
Estep
Estep runtime (s): 0.12753009796142578
Mstep
Optimizing phi
Optimizing branch lengths. Current phi: 0. Current nu:0.26382304528911604
Optimizing nu
Mstep runtime (s): 0.29500818252563477
Finished EM iter: 33. Current nllh: 6106.183727113688
EM finished after 33 iterations.
Optimal phi: 0. Optimal nu: 0.26382622445605614. Optimal nllh: 6106.183727113688
Optimal point found for initial point 1
Numerical optimization finished successfully
Tree height pre-scaling: 0.6726024197153285, input timescale: 1.0
Tree height after scaling: 1.0000000000000002, mutation rate: 0.6726024197153285
Tree height pre-scaling: 0.6726024196796232, input timescale: 1.0
Tree height after scaling: 1.0, mutation rate: 0.6726024196796232
Tree height pre-scaling: 0.6726024196389861, input timescale: 1.0
Tree height after scaling: 1.0, mutation rate: 0.6726024196389861
Tree height pre-scaling: 0.6726024196290986, input timescale: 1.0
Tree height after scaling: 1.0, mutation rate: 0.6726024196290986
Tree height pre-scaling: 0.6726024196269993, input timescale: 1.0
Tree height after scaling: 1.0, mutation rate: 0.6726024196269993
Tree height pre-scaling: 0.6726024196127778, input timescale: 1.0
Tree height after scaling: 1.0, mutation rate: 0.6726024196127778
Tree height pre-scaling: 0.6726024198562941, input timescale: 1.0
Tree height after scaling: 0.9999999999999999, mutation rate: 0.6726024198562941
Tree height pre-scaling: 0.6726024199748908, input timescale: 1.0
Tree height after scaling: 1.0, mutation rate: 0.6726024199748908
Tree height pre-scaling: 0.6726024196789534, input timescale: 1.0
Tree height after scaling: 1.0, mutation rate: 0.6726024196789534
Tree height pre-scaling: 0.6726024196483477, input timescale: 1.0
Tree height after scaling: 1.0, mutation rate: 0.6726024196483477
Runtime (s): 15.677508083
