Launching LAML version 0.0.4
LAML was called as follows: /Users/uym2/my_gits/LAML/run_laml.py -c ../../bar24/Bar24_character_matrix.txt -t place_outlier_2/augmented_tree_281.nwk -o place_outlier_2/augmented_tree_281_optimized -v -p ../../bar24/Bar24_priors.pickle --delimiter tab -m -1 --nInitials 1
Prior keys mismatch with site names.
Prior keys: [0, 1, 2, 3, 4, 5, 6, 7, 8, 9, 10, 11, 12, 13, 14, 15, 16, 17, 18, 19, 20, 21, 22, 23, 24, 25, 26, 27, 28]
Site names: ['r1', 'r2', 'r3', 'r4', 'r5', 'r6', 'r7', 'r8', 'r9', 'r10', 'r11', 'r12', 'r13', 'r14', 'r15', 'r16', 'r17', 'r18', 'r19', 'r20', 'r21', 'r22', 'r23', 'r24', 'r25', 'r26', 'r27', 'r28', 'r29', 'r30']
Attempting to infer mapping between site names and prior keys...
Not all site names are present in the dictionary. Trying offset...
Offset between input site names and prior keys is assumed to be 1
Missing priors at site r30, filling in uniform priors...
{'r1': 0, 'r2': 1, 'r3': 2, 'r4': 3, 'r5': 4, 'r6': 5, 'r7': 6, 'r8': 7, 'r9': 8, 'r10': 9, 'r11': 10, 'r12': 11, 'r13': 12, 'r14': 13, 'r15': 14, 'r16': 15, 'r17': 16, 'r18': 17, 'r19': 18, 'r20': 19, 'r21': 20, 'r22': 21, 'r23': 22, 'r24': 23, 'r25': 24, 'r26': 25, 'r27': 26, 'r28': 27, 'r29': 28, 'r30': 29}
Optimizing branch lengths, phi, and nu without topology search
Optimization by EM algorithm
Optimization start with 1 initials
Initial point 1. Random seed: 5047
Numerical optimization started with ultrametric constraint (default)
Initial phi: 0.892795477213278. Initial nu: 0.8775982587257196. Initial nllh: 17681.71188403024
Starting EM iter: 1
Estep
Estep runtime (s): 0.09289312362670898
Mstep
Optimizing phi
Optimizing branch lengths. Current phi: 0.11339640422819364. Current nu:0.8775982587257196
Optimizing nu
Mstep runtime (s): 0.26136207580566406
Finished EM iter: 1. Current nllh: 6489.852729639255
Starting EM iter: 2
Estep
Estep runtime (s): 0.1241910457611084
Mstep
Optimizing phi
Optimizing branch lengths. Current phi: 0.03915461437099299. Current nu:0.3175127839230339
Optimizing nu
Mstep runtime (s): 0.3034391403198242
Finished EM iter: 2. Current nllh: 6098.100950279107
Starting EM iter: 3
Estep
Estep runtime (s): 0.12407827377319336
Mstep
Optimizing phi
Optimizing branch lengths. Current phi: 0.02440180692060261. Current nu:0.18576019098473706
Optimizing nu
Mstep runtime (s): 0.31089186668395996
Finished EM iter: 3. Current nllh: 6039.4284467774605
Starting EM iter: 4
Estep
Estep runtime (s): 0.12412405014038086
Mstep
Optimizing phi
Optimizing branch lengths. Current phi: 0.01638670968048101. Current nu:0.18614344890999268
Optimizing nu
Mstep runtime (s): 0.30891990661621094
Finished EM iter: 4. Current nllh: 6020.00683800288
Starting EM iter: 5
Estep
Estep runtime (s): 0.1242990493774414
Mstep
Optimizing phi
Optimizing branch lengths. Current phi: 0.011302539314961913. Current nu:0.20430647575281413
Optimizing nu
Mstep runtime (s): 0.2936067581176758
Finished EM iter: 5. Current nllh: 6008.910700687831
Starting EM iter: 6
Estep
Estep runtime (s): 0.12439990043640137
Mstep
Optimizing phi
Optimizing branch lengths. Current phi: 0.007897186901687414. Current nu:0.22172724431860932
Optimizing nu
Mstep runtime (s): 0.2668769359588623
Finished EM iter: 6. Current nllh: 6002.22885805182
Starting EM iter: 7
Estep
Estep runtime (s): 0.12467288970947266
Mstep
Optimizing phi
Optimizing branch lengths. Current phi: 0.005573221560019424. Current nu:0.2352997221742929
Optimizing nu
Mstep runtime (s): 0.285402774810791
Finished EM iter: 7. Current nllh: 5997.731006348826
Starting EM iter: 8
Estep
Estep runtime (s): 0.12428689002990723
Mstep
Optimizing phi
Optimizing branch lengths. Current phi: 0.0038942644459658343. Current nu:0.24521207470863343
Optimizing nu
Mstep runtime (s): 0.3156619071960449
Finished EM iter: 8. Current nllh: 5994.321438621725
Starting EM iter: 9
Estep
Estep runtime (s): 0.12430596351623535
Mstep
Optimizing phi
Optimizing branch lengths. Current phi: 0.0026513341100975734. Current nu:0.25245170838399733
Optimizing nu
Mstep runtime (s): 0.28066396713256836
Finished EM iter: 9. Current nllh: 5991.99696217337
Starting EM iter: 10
Estep
Estep runtime (s): 0.12485671043395996
Mstep
Optimizing phi
Optimizing branch lengths. Current phi: 0.0017763419708140226. Current nu:0.25781171192602603
Optimizing nu
Mstep runtime (s): 0.2781188488006592
Finished EM iter: 10. Current nllh: 5990.497526135372
Starting EM iter: 11
Estep
Estep runtime (s): 0.1251082420349121
Mstep
Optimizing phi
Optimizing branch lengths. Current phi: 0.0011822813184393052. Current nu:0.261703235550136
Optimizing nu
Mstep runtime (s): 0.2767817974090576
Finished EM iter: 11. Current nllh: 5989.511819271103
Starting EM iter: 12
Estep
Estep runtime (s): 0.12436509132385254
Mstep
Optimizing phi
Optimizing branch lengths. Current phi: 0.0007844753423730048. Current nu:0.2644442878689102
Optimizing nu
Mstep runtime (s): 0.29174208641052246
Finished EM iter: 12. Current nllh: 5988.860503186416
Starting EM iter: 13
Estep
Estep runtime (s): 0.12448525428771973
Mstep
Optimizing phi
Optimizing branch lengths. Current phi: 0.0005196140519037335. Current nu:0.2663319669786681
Optimizing nu
Mstep runtime (s): 0.26737523078918457
Finished EM iter: 13. Current nllh: 5988.430108400991
Starting EM iter: 14
Estep
Estep runtime (s): 0.12457966804504395
Mstep
Optimizing phi
Optimizing branch lengths. Current phi: 0.00034380136654401543. Current nu:0.2676139492688751
Optimizing nu
Mstep runtime (s): 0.35637998580932617
Finished EM iter: 14. Current nllh: 5988.145538683981
Starting EM iter: 15
Estep
Estep runtime (s): 0.12450814247131348
Mstep
Optimizing phi
Optimizing branch lengths. Current phi: 0.00022731143754363908. Current nu:0.26847540426857613
Optimizing nu
Mstep runtime (s): 0.2599778175354004
Finished EM iter: 15. Current nllh: 5987.957319626317
Starting EM iter: 16
Estep
Estep runtime (s): 0.12465691566467285
Mstep
Optimizing phi
Optimizing branch lengths. Current phi: 0. Current nu:0.269056244518596
Optimizing nu
Mstep runtime (s): 0.29145193099975586
Finished EM iter: 16. Current nllh: 5987.605098465344
Starting EM iter: 17
Estep
Estep runtime (s): 0.12448883056640625
Mstep
Optimizing phi
Optimizing branch lengths. Current phi: 0. Current nu:0.26944449329829634
Optimizing nu
Mstep runtime (s): 0.2827799320220947
Finished EM iter: 17. Current nllh: 5987.601021094864
Starting EM iter: 18
Estep
Estep runtime (s): 0.12432312965393066
Mstep
Optimizing phi
Optimizing branch lengths. Current phi: 0. Current nu:0.269959404653534
Optimizing nu
Mstep runtime (s): 0.30480408668518066
Finished EM iter: 18. Current nllh: 5987.594206178025
Starting EM iter: 19
Estep
Estep runtime (s): 0.12417078018188477
Mstep
Optimizing phi
Optimizing branch lengths. Current phi: 0. Current nu:0.2701275539863456
Optimizing nu
Mstep runtime (s): 0.295957088470459
Finished EM iter: 19. Current nllh: 5987.591464941666
Starting EM iter: 20
Estep
Estep runtime (s): 0.12506699562072754
Mstep
Optimizing phi
Optimizing branch lengths. Current phi: 0. Current nu:0.2701861563764395
Optimizing nu
Mstep runtime (s): 0.2643392086029053
Finished EM iter: 20. Current nllh: 5987.590130889609
Starting EM iter: 21
Estep
Estep runtime (s): 0.12436914443969727
Mstep
Optimizing phi
Optimizing branch lengths. Current phi: 0. Current nu:0.2702100766152271
Optimizing nu
Mstep runtime (s): 0.28766608238220215
Finished EM iter: 21. Current nllh: 5987.589324575083
Starting EM iter: 22
Estep
Estep runtime (s): 0.12463068962097168
Mstep
Optimizing phi
Optimizing branch lengths. Current phi: 0. Current nu:0.2702221845529501
Optimizing nu
Mstep runtime (s): 0.312791109085083
Finished EM iter: 22. Current nllh: 5987.5887530707
Starting EM iter: 23
Estep
Estep runtime (s): 0.12445783615112305
Mstep
Optimizing phi
Optimizing branch lengths. Current phi: 0. Current nu:0.2702297527744654
Optimizing nu
Mstep runtime (s): 0.3149147033691406
Finished EM iter: 23. Current nllh: 5987.588309586669
Starting EM iter: 24
Estep
Estep runtime (s): 0.12459111213684082
Mstep
Optimizing phi
Optimizing branch lengths. Current phi: 0. Current nu:0.27023580698238436
Optimizing nu
Mstep runtime (s): 0.2763557434082031
Finished EM iter: 24. Current nllh: 5987.587940720217
Starting EM iter: 25
Estep
Estep runtime (s): 0.12449002265930176
Mstep
Optimizing phi
Optimizing branch lengths. Current phi: 0. Current nu:0.27024140331325464
Optimizing nu
Mstep runtime (s): 0.2790389060974121
Finished EM iter: 25. Current nllh: 5987.5876294242
Starting EM iter: 26
Estep
Estep runtime (s): 0.12506413459777832
Mstep
Optimizing phi
Optimizing branch lengths. Current phi: 0. Current nu:0.2702463623009339
Optimizing nu
Mstep runtime (s): 0.2751607894897461
Finished EM iter: 26. Current nllh: 5987.587369333237
Starting EM iter: 27
Estep
Estep runtime (s): 0.12451910972595215
Mstep
Optimizing phi
Optimizing branch lengths. Current phi: 0. Current nu:0.27025047376424804
Optimizing nu
Mstep runtime (s): 0.28505587577819824
Finished EM iter: 27. Current nllh: 5987.587148564899
Starting EM iter: 28
Estep
Estep runtime (s): 0.12467718124389648
Mstep
Optimizing phi
Optimizing branch lengths. Current phi: 0. Current nu:0.27025432691162077
Optimizing nu
Mstep runtime (s): 0.32157206535339355
Finished EM iter: 28. Current nllh: 5987.586957301904
Starting EM iter: 29
Estep
Estep runtime (s): 0.12460994720458984
Mstep
Optimizing phi
Optimizing branch lengths. Current phi: 0. Current nu:0.2702578963147193
Optimizing nu
Mstep runtime (s): 0.3237318992614746
Finished EM iter: 29. Current nllh: 5987.586791438981
Starting EM iter: 30
Estep
Estep runtime (s): 0.12449193000793457
Mstep
Optimizing phi
Optimizing branch lengths. Current phi: 0. Current nu:0.2702611273418345
Optimizing nu
Mstep runtime (s): 0.30905723571777344
Finished EM iter: 30. Current nllh: 5987.586570844137
Starting EM iter: 31
Estep
Estep runtime (s): 0.12502503395080566
Mstep
Optimizing phi
Optimizing branch lengths. Current phi: 0. Current nu:0.27026432022362773
Optimizing nu
Mstep runtime (s): 0.30172300338745117
Finished EM iter: 31. Current nllh: 5987.586495626951
Starting EM iter: 32
Estep
Estep runtime (s): 0.12448930740356445
Mstep
Optimizing phi
Optimizing branch lengths. Current phi: 0. Current nu:0.27026771956927564
Optimizing nu
Mstep runtime (s): 0.2690577507019043
Finished EM iter: 32. Current nllh: 5987.586382031046
Starting EM iter: 33
Estep
Estep runtime (s): 0.1245110034942627
Mstep
Optimizing phi
Optimizing branch lengths. Current phi: 0. Current nu:0.2702701592541101
Optimizing nu
Mstep runtime (s): 0.2791407108306885
Finished EM iter: 33. Current nllh: 5987.586283273358
Starting EM iter: 34
Estep
Estep runtime (s): 0.12497997283935547
Mstep
Optimizing phi
Optimizing branch lengths. Current phi: 0. Current nu:0.2702729562879338
Optimizing nu
Mstep runtime (s): 0.2862091064453125
Finished EM iter: 34. Current nllh: 5987.586202243927
Starting EM iter: 35
Estep
Estep runtime (s): 0.12473225593566895
Mstep
Optimizing phi
Optimizing branch lengths. Current phi: 0. Current nu:0.2702747017503172
Optimizing nu
Mstep runtime (s): 0.3057992458343506
Finished EM iter: 35. Current nllh: 5987.5861351425465
Starting EM iter: 36
Estep
Estep runtime (s): 0.12478804588317871
Mstep
Optimizing phi
Optimizing branch lengths. Current phi: 0. Current nu:0.2702765907813628
Optimizing nu
Mstep runtime (s): 0.29826903343200684
Finished EM iter: 36. Current nllh: 5987.586077006283
EM finished after 36 iterations.
Optimal phi: 0. Optimal nu: 0.27027703473089665. Optimal nllh: 5987.586077006283
Optimal point found for initial point 1
Numerical optimization finished successfully
Tree height pre-scaling: 0.6622394683771696, input timescale: 1.0
Tree height after scaling: 1.0, mutation rate: 0.6622394683771696
Tree height pre-scaling: 0.6622396722462349, input timescale: 1.0
Tree height after scaling: 1.0, mutation rate: 0.6622396722462349
Tree height pre-scaling: 0.6622394403902122, input timescale: 1.0
Tree height after scaling: 1.0, mutation rate: 0.6622394403902122
Tree height pre-scaling: 0.6622393873876966, input timescale: 1.0
Tree height after scaling: 0.9999999999999999, mutation rate: 0.6622393873876966
Tree height pre-scaling: 0.6622394808465599, input timescale: 1.0
Tree height after scaling: 1.0, mutation rate: 0.6622394808465599
Tree height pre-scaling: 0.6622394045602742, input timescale: 1.0
Tree height after scaling: 1.0, mutation rate: 0.6622394045602742
Tree height pre-scaling: 0.6622393961774196, input timescale: 1.0
Tree height after scaling: 1.0, mutation rate: 0.6622393961774196
Tree height pre-scaling: 0.6622394734574241, input timescale: 1.0
Tree height after scaling: 1.0, mutation rate: 0.6622394734574241
Tree height pre-scaling: 0.6622394444230959, input timescale: 1.0
Tree height after scaling: 1.0000000000000002, mutation rate: 0.6622394444230959
Tree height pre-scaling: 0.6622393909598354, input timescale: 1.0
Tree height after scaling: 1.0, mutation rate: 0.6622393909598354
Runtime (s): 16.4196475
