Launching LAML version 0.0.4
LAML was called as follows: /Users/uym2/my_gits/LAML/run_laml.py -c ../../bar24/Bar24_character_matrix.txt -t place_outlier_2/augmented_tree_100.nwk -o place_outlier_2/augmented_tree_100_optimized -v -p ../../bar24/Bar24_priors.pickle --delimiter tab -m -1 --nInitials 1
Prior keys mismatch with site names.
Prior keys: [0, 1, 2, 3, 4, 5, 6, 7, 8, 9, 10, 11, 12, 13, 14, 15, 16, 17, 18, 19, 20, 21, 22, 23, 24, 25, 26, 27, 28]
Site names: ['r1', 'r2', 'r3', 'r4', 'r5', 'r6', 'r7', 'r8', 'r9', 'r10', 'r11', 'r12', 'r13', 'r14', 'r15', 'r16', 'r17', 'r18', 'r19', 'r20', 'r21', 'r22', 'r23', 'r24', 'r25', 'r26', 'r27', 'r28', 'r29', 'r30']
Attempting to infer mapping between site names and prior keys...
Not all site names are present in the dictionary. Trying offset...
Offset between input site names and prior keys is assumed to be 1
Missing priors at site r30, filling in uniform priors...
{'r1': 0, 'r2': 1, 'r3': 2, 'r4': 3, 'r5': 4, 'r6': 5, 'r7': 6, 'r8': 7, 'r9': 8, 'r10': 9, 'r11': 10, 'r12': 11, 'r13': 12, 'r14': 13, 'r15': 14, 'r16': 15, 'r17': 16, 'r18': 17, 'r19': 18, 'r20': 19, 'r21': 20, 'r22': 21, 'r23': 22, 'r24': 23, 'r25': 24, 'r26': 25, 'r27': 26, 'r28': 27, 'r29': 28, 'r30': 29}
Optimizing branch lengths, phi, and nu without topology search
Optimization by EM algorithm
Optimization start with 1 initials
Initial point 1. Random seed: 1752
Numerical optimization started with ultrametric constraint (default)
Initial phi: 0.9023562649318482. Initial nu: 0.043509278579498725. Initial nllh: 16698.475949240677
Starting EM iter: 1
Estep
Estep runtime (s): 0.1453549861907959
Mstep
Optimizing phi
Optimizing branch lengths. Current phi: 0.20215620402785214. Current nu:0.043509278579498725
Optimizing nu
Mstep runtime (s): 0.494704008102417
Finished EM iter: 1. Current nllh: 7021.067401456857
Starting EM iter: 2
Estep
Estep runtime (s): 0.13542985916137695
Mstep
Optimizing phi
Optimizing branch lengths. Current phi: 0.08247192373564899. Current nu:0.019211546081959928
Optimizing nu
Mstep runtime (s): 0.4726588726043701
Finished EM iter: 2. Current nllh: 6484.981879534735
Starting EM iter: 3
Estep
Estep runtime (s): 0.13559508323669434
Mstep
Optimizing phi
Optimizing branch lengths. Current phi: 0.04699696863213874. Current nu:0.06226447875470792
Optimizing nu
Mstep runtime (s): 0.4158358573913574
Finished EM iter: 3. Current nllh: 6343.945679933147
Starting EM iter: 4
Estep
Estep runtime (s): 0.1352980136871338
Mstep
Optimizing phi
Optimizing branch lengths. Current phi: 0.02970965288512607. Current nu:0.11528222216090662
Optimizing nu
Mstep runtime (s): 0.31650304794311523
Finished EM iter: 4. Current nllh: 6286.772960009279
Starting EM iter: 5
Estep
Estep runtime (s): 0.1350710391998291
Mstep
Optimizing phi
Optimizing branch lengths. Current phi: 0.01995251675235702. Current nu:0.15851221927451378
Optimizing nu
Mstep runtime (s): 0.35252809524536133
Finished EM iter: 5. Current nllh: 6259.663676102059
Starting EM iter: 6
Estep
Estep runtime (s): 0.13095998764038086
Mstep
Optimizing phi
Optimizing branch lengths. Current phi: 0.013848985213123742. Current nu:0.18981549531569927
Optimizing nu
Mstep runtime (s): 0.3172307014465332
Finished EM iter: 6. Current nllh: 6243.8044862837405
Starting EM iter: 7
Estep
Estep runtime (s): 0.13595104217529297
Mstep
Optimizing phi
Optimizing branch lengths. Current phi: 0.009634003835533481. Current nu:0.21226423374063277
Optimizing nu
Mstep runtime (s): 0.2984960079193115
Finished EM iter: 7. Current nllh: 6234.40612849683
Starting EM iter: 8
Estep
Estep runtime (s): 0.12903881072998047
Mstep
Optimizing phi
Optimizing branch lengths. Current phi: 0.006745629004121632. Current nu:0.22869024055204215
Optimizing nu
Mstep runtime (s): 0.2940659523010254
Finished EM iter: 8. Current nllh: 6228.733570419073
Starting EM iter: 9
Estep
Estep runtime (s): 0.129058837890625
Mstep
Optimizing phi
Optimizing branch lengths. Current phi: 0.0047401808082134095. Current nu:0.24051428035304048
Optimizing nu
Mstep runtime (s): 0.34363412857055664
Finished EM iter: 9. Current nllh: 6224.691619356568
Starting EM iter: 10
Estep
Estep runtime (s): 0.12889981269836426
Mstep
Optimizing phi
Optimizing branch lengths. Current phi: 0.0032660564922055244. Current nu:0.24895143939762282
Optimizing nu
Mstep runtime (s): 0.2737288475036621
Finished EM iter: 10. Current nllh: 6221.709148487827
Starting EM iter: 11
Estep
Estep runtime (s): 0.1289050579071045
Mstep
Optimizing phi
Optimizing branch lengths. Current phi: 0.0021935405632493524. Current nu:0.25508940022943666
Optimizing nu
Mstep runtime (s): 0.2787659168243408
Finished EM iter: 11. Current nllh: 6219.760203971535
Starting EM iter: 12
Estep
Estep runtime (s): 0.1366889476776123
Mstep
Optimizing phi
Optimizing branch lengths. Current phi: 0.0014545288412593745. Current nu:0.25959024028138955
Optimizing nu
Mstep runtime (s): 0.2814350128173828
Finished EM iter: 12. Current nllh: 6218.501090253284
Starting EM iter: 13
Estep
Estep runtime (s): 0.1380932331085205
Mstep
Optimizing phi
Optimizing branch lengths. Current phi: 0.0009593170644428792. Current nu:0.2628065840548183
Optimizing nu
Mstep runtime (s): 0.36806511878967285
Finished EM iter: 13. Current nllh: 6217.675990073226
Starting EM iter: 14
Estep
Estep runtime (s): 0.13029098510742188
Mstep
Optimizing phi
Optimizing branch lengths. Current phi: 0.0006309978363279529. Current nu:0.26503511170515004
Optimizing nu
Mstep runtime (s): 0.30156373977661133
Finished EM iter: 14. Current nllh: 6217.134361264144
Starting EM iter: 15
Estep
Estep runtime (s): 0.13392376899719238
Mstep
Optimizing phi
Optimizing branch lengths. Current phi: 0.00041438599814444033. Current nu:0.2665532258512515
Optimizing nu
Mstep runtime (s): 0.2813570499420166
Finished EM iter: 15. Current nllh: 6216.778876714853
Starting EM iter: 16
Estep
Estep runtime (s): 0.13294291496276855
Mstep
Optimizing phi
Optimizing branch lengths. Current phi: 0.0002718600768936113. Current nu:0.2675752874628979
Optimizing nu
Mstep runtime (s): 0.27988719940185547
Finished EM iter: 16. Current nllh: 6216.545535014526
Starting EM iter: 17
Estep
Estep runtime (s): 0.1350877285003662
Mstep
Optimizing phi
Optimizing branch lengths. Current phi: 0.00017823752979010174. Current nu:0.2682563860804662
Optimizing nu
Mstep runtime (s): 0.3034210205078125
Finished EM iter: 17. Current nllh: 6216.392229831445
Starting EM iter: 18
Estep
Estep runtime (s): 0.1337130069732666
Mstep
Optimizing phi
Optimizing branch lengths. Current phi: 0. Current nu:0.268708195497989
Optimizing nu
Mstep runtime (s): 0.34842395782470703
Finished EM iter: 18. Current nllh: 6216.1117266279725
Starting EM iter: 19
Estep
Estep runtime (s): 0.13013195991516113
Mstep
Optimizing phi
Optimizing branch lengths. Current phi: 0. Current nu:0.2690105643611907
Optimizing nu
Mstep runtime (s): 0.26648902893066406
Finished EM iter: 19. Current nllh: 6216.1087375691595
Starting EM iter: 20
Estep
Estep runtime (s): 0.12993788719177246
Mstep
Optimizing phi
Optimizing branch lengths. Current phi: 0. Current nu:0.2694001837449488
Optimizing nu
Mstep runtime (s): 0.34590792655944824
Finished EM iter: 20. Current nllh: 6216.1034105868675
Starting EM iter: 21
Estep
Estep runtime (s): 0.14819693565368652
Mstep
Optimizing phi
Optimizing branch lengths. Current phi: 0. Current nu:0.2695278514984644
Optimizing nu
Mstep runtime (s): 0.29961085319519043
Finished EM iter: 21. Current nllh: 6216.101286770213
Starting EM iter: 22
Estep
Estep runtime (s): 0.12939810752868652
Mstep
Optimizing phi
Optimizing branch lengths. Current phi: 0. Current nu:0.26957382547250014
Optimizing nu
Mstep runtime (s): 0.32219386100769043
Finished EM iter: 22. Current nllh: 6216.100158316755
Starting EM iter: 23
Estep
Estep runtime (s): 0.12882304191589355
Mstep
Optimizing phi
Optimizing branch lengths. Current phi: 0. Current nu:0.26959251590177824
Optimizing nu
Mstep runtime (s): 0.30626416206359863
Finished EM iter: 23. Current nllh: 6216.099446019522
Starting EM iter: 24
Estep
Estep runtime (s): 0.12800288200378418
Mstep
Optimizing phi
Optimizing branch lengths. Current phi: 0. Current nu:0.2696027995562291
Optimizing nu
Mstep runtime (s): 0.3154609203338623
Finished EM iter: 24. Current nllh: 6216.098921507519
Starting EM iter: 25
Estep
Estep runtime (s): 0.13689422607421875
Mstep
Optimizing phi
Optimizing branch lengths. Current phi: 0. Current nu:0.2696097378029174
Optimizing nu
Mstep runtime (s): 0.28311705589294434
Finished EM iter: 25. Current nllh: 6216.098503698158
Starting EM iter: 26
Estep
Estep runtime (s): 0.12981510162353516
Mstep
Optimizing phi
Optimizing branch lengths. Current phi: 0. Current nu:0.2696155866107425
Optimizing nu
Mstep runtime (s): 0.29651618003845215
Finished EM iter: 26. Current nllh: 6216.098158557219
Starting EM iter: 27
Estep
Estep runtime (s): 0.12903380393981934
Mstep
Optimizing phi
Optimizing branch lengths. Current phi: 0. Current nu:0.26962048137213024
Optimizing nu
Mstep runtime (s): 0.301393985748291
Finished EM iter: 27. Current nllh: 6216.097794415328
Starting EM iter: 28
Estep
Estep runtime (s): 0.13557028770446777
Mstep
Optimizing phi
Optimizing branch lengths. Current phi: 0. Current nu:0.2696235932152664
Optimizing nu
Mstep runtime (s): 0.29904890060424805
Finished EM iter: 28. Current nllh: 6216.097620116318
Starting EM iter: 29
Estep
Estep runtime (s): 0.12936615943908691
Mstep
Optimizing phi
Optimizing branch lengths. Current phi: 0. Current nu:0.26962836132649826
Optimizing nu
Mstep runtime (s): 0.3190500736236572
Finished EM iter: 29. Current nllh: 6216.097398803096
Starting EM iter: 30
Estep
Estep runtime (s): 0.12813186645507812
Mstep
Optimizing phi
Optimizing branch lengths. Current phi: 0. Current nu:0.2696323134406405
Optimizing nu
Mstep runtime (s): 0.2799549102783203
Finished EM iter: 30. Current nllh: 6216.097214651991
Starting EM iter: 31
Estep
Estep runtime (s): 0.12801384925842285
Mstep
Optimizing phi
Optimizing branch lengths. Current phi: 0. Current nu:0.26963574621766845
Optimizing nu
Mstep runtime (s): 0.3162400722503662
Finished EM iter: 31. Current nllh: 6216.096934408842
Starting EM iter: 32
Estep
Estep runtime (s): 0.1277909278869629
Mstep
Optimizing phi
Optimizing branch lengths. Current phi: 0. Current nu:0.2696387067838925
Optimizing nu
Mstep runtime (s): 0.27088284492492676
Finished EM iter: 32. Current nllh: 6216.09690522787
EM finished after 32 iterations.
Optimal phi: 0. Optimal nu: 0.2696421174873213. Optimal nllh: 6216.09690522787
Optimal point found for initial point 1
Numerical optimization finished successfully
Tree height pre-scaling: 0.6682196230940918, input timescale: 1.0
Tree height after scaling: 1.0, mutation rate: 0.6682196230940918
Tree height pre-scaling: 0.6682196230251489, input timescale: 1.0
Tree height after scaling: 1.0000000000000002, mutation rate: 0.6682196230251489
Tree height pre-scaling: 0.6682196229105785, input timescale: 1.0
Tree height after scaling: 1.0, mutation rate: 0.6682196229105785
Tree height pre-scaling: 0.6682196229077, input timescale: 1.0
Tree height after scaling: 1.0, mutation rate: 0.6682196229077
Tree height pre-scaling: 0.6682196228893146, input timescale: 1.0
Tree height after scaling: 1.0, mutation rate: 0.6682196228893146
Tree height pre-scaling: 0.6682196228458197, input timescale: 1.0
Tree height after scaling: 1.0000000000000002, mutation rate: 0.6682196228458197
Tree height pre-scaling: 0.6682196234270028, input timescale: 1.0
Tree height after scaling: 1.0000000000000002, mutation rate: 0.6682196234270028
Tree height pre-scaling: 0.6682196236858157, input timescale: 1.0
Tree height after scaling: 1.0, mutation rate: 0.6682196236858157
Tree height pre-scaling: 0.6682196229917445, input timescale: 1.0
Tree height after scaling: 1.0, mutation rate: 0.6682196229917445
Tree height pre-scaling: 0.6682196231899332, input timescale: 1.0
Tree height after scaling: 1.0, mutation rate: 0.6682196231899332
Runtime (s): 15.856125917000002
