Launching LAML version 0.0.4
LAML was called as follows: /Users/uym2/my_gits/LAML/run_laml.py -c ../../bar24/Bar24_character_matrix.txt -t place_outlier_2/augmented_tree_319.nwk -o place_outlier_2/augmented_tree_319_optimized -v -p ../../bar24/Bar24_priors.pickle --delimiter tab -m -1 --nInitials 1
Prior keys mismatch with site names.
Prior keys: [0, 1, 2, 3, 4, 5, 6, 7, 8, 9, 10, 11, 12, 13, 14, 15, 16, 17, 18, 19, 20, 21, 22, 23, 24, 25, 26, 27, 28]
Site names: ['r1', 'r2', 'r3', 'r4', 'r5', 'r6', 'r7', 'r8', 'r9', 'r10', 'r11', 'r12', 'r13', 'r14', 'r15', 'r16', 'r17', 'r18', 'r19', 'r20', 'r21', 'r22', 'r23', 'r24', 'r25', 'r26', 'r27', 'r28', 'r29', 'r30']
Attempting to infer mapping between site names and prior keys...
Not all site names are present in the dictionary. Trying offset...
Offset between input site names and prior keys is assumed to be 1
Missing priors at site r30, filling in uniform priors...
{'r1': 0, 'r2': 1, 'r3': 2, 'r4': 3, 'r5': 4, 'r6': 5, 'r7': 6, 'r8': 7, 'r9': 8, 'r10': 9, 'r11': 10, 'r12': 11, 'r13': 12, 'r14': 13, 'r15': 14, 'r16': 15, 'r17': 16, 'r18': 17, 'r19': 18, 'r20': 19, 'r21': 20, 'r22': 21, 'r23': 22, 'r24': 23, 'r25': 24, 'r26': 25, 'r27': 26, 'r28': 27, 'r29': 28, 'r30': 29}
Optimizing branch lengths, phi, and nu without topology search
Optimization by EM algorithm
Optimization start with 1 initials
Initial point 1. Random seed: 6841
Numerical optimization started with ultrametric constraint (default)
Initial phi: 0.5339048166845446. Initial nu: 0.8007249274164019. Initial nllh: 10844.293110345934
Starting EM iter: 1
Estep
Estep runtime (s): 0.09214305877685547
Mstep
Optimizing phi
Optimizing branch lengths. Current phi: 0.06586337529310325. Current nu:0.8007249274164019
Optimizing nu
Mstep runtime (s): 0.26918768882751465
Finished EM iter: 1. Current nllh: 6383.344945162783
Starting EM iter: 2
Estep
Estep runtime (s): 0.12535619735717773
Mstep
Optimizing phi
Optimizing branch lengths. Current phi: 0.030765755326446764. Current nu:0.30608470533688187
Optimizing nu
Mstep runtime (s): 0.2822530269622803
Finished EM iter: 2. Current nllh: 6157.588232478312
Starting EM iter: 3
Estep
Estep runtime (s): 0.12502312660217285
Mstep
Optimizing phi
Optimizing branch lengths. Current phi: 0.019103960922314894. Current nu:0.21458225035915668
Optimizing nu
Mstep runtime (s): 0.2588820457458496
Finished EM iter: 3. Current nllh: 6118.718161092754
Starting EM iter: 4
Estep
Estep runtime (s): 0.12542724609375
Mstep
Optimizing phi
Optimizing branch lengths. Current phi: 0.01267184866137126. Current nu:0.21485077982836687
Optimizing nu
Mstep runtime (s): 0.28263282775878906
Finished EM iter: 4. Current nllh: 6104.7120138633645
Starting EM iter: 5
Estep
Estep runtime (s): 0.12525105476379395
Mstep
Optimizing phi
Optimizing branch lengths. Current phi: 0.008611405594469957. Current nu:0.22981687762213437
Optimizing nu
Mstep runtime (s): 0.3264472484588623
Finished EM iter: 5. Current nllh: 6096.542621121483
Starting EM iter: 6
Estep
Estep runtime (s): 0.12537813186645508
Mstep
Optimizing phi
Optimizing branch lengths. Current phi: 0.005912260192821954. Current nu:0.24414211439744615
Optimizing nu
Mstep runtime (s): 0.26727819442749023
Finished EM iter: 6. Current nllh: 6091.19122494092
Starting EM iter: 7
Estep
Estep runtime (s): 0.12533235549926758
Mstep
Optimizing phi
Optimizing branch lengths. Current phi: 0.004028913141057638. Current nu:0.25517415094782836
Optimizing nu
Mstep runtime (s): 0.27031397819519043
Finished EM iter: 7. Current nllh: 6087.378904188472
Starting EM iter: 8
Estep
Estep runtime (s): 0.1254420280456543
Mstep
Optimizing phi
Optimizing branch lengths. Current phi: 0.002688077633824547. Current nu:0.2632501451576334
Optimizing nu
Mstep runtime (s): 0.27086305618286133
Finished EM iter: 8. Current nllh: 6084.81327130971
Starting EM iter: 9
Estep
Estep runtime (s): 0.1248161792755127
Mstep
Optimizing phi
Optimizing branch lengths. Current phi: 0.0017667742689003046. Current nu:0.2690992746361388
Optimizing nu
Mstep runtime (s): 0.26850199699401855
Finished EM iter: 9. Current nllh: 6083.164190021568
Starting EM iter: 10
Estep
Estep runtime (s): 0.12553191184997559
Mstep
Optimizing phi
Optimizing branch lengths. Current phi: 0.0011531005071824215. Current nu:0.27324423679334336
Optimizing nu
Mstep runtime (s): 0.30933094024658203
Finished EM iter: 10. Current nllh: 6082.098448670097
Starting EM iter: 11
Estep
Estep runtime (s): 0.12564301490783691
Mstep
Optimizing phi
Optimizing branch lengths. Current phi: 0.0007499938576347433. Current nu:0.276101998063811
Optimizing nu
Mstep runtime (s): 0.2690739631652832
Finished EM iter: 11. Current nllh: 6081.408132114043
Starting EM iter: 12
Estep
Estep runtime (s): 0.12564992904663086
Mstep
Optimizing phi
Optimizing branch lengths. Current phi: 0.00048686798882025873. Current nu:0.27803363303941964
Optimizing nu
Mstep runtime (s): 0.30034899711608887
Finished EM iter: 12. Current nllh: 6080.960676746881
Starting EM iter: 13
Estep
Estep runtime (s): 0.12572479248046875
Mstep
Optimizing phi
Optimizing branch lengths. Current phi: 0.0003156845295762942. Current nu:0.27932085393753586
Optimizing nu
Mstep runtime (s): 0.28640294075012207
Finished EM iter: 13. Current nllh: 6080.670641940285
Starting EM iter: 14
Estep
Estep runtime (s): 0.12573719024658203
Mstep
Optimizing phi
Optimizing branch lengths. Current phi: 0.00020453670131552552. Current nu:0.28017236552427155
Optimizing nu
Mstep runtime (s): 0.31881093978881836
Finished EM iter: 14. Current nllh: 6080.48252642467
Starting EM iter: 15
Estep
Estep runtime (s): 0.12565016746520996
Mstep
Optimizing phi
Optimizing branch lengths. Current phi: 0. Current nu:0.2807336563092351
Optimizing nu
Mstep runtime (s): 0.29734206199645996
Finished EM iter: 15. Current nllh: 6080.151518159498
Starting EM iter: 16
Estep
Estep runtime (s): 0.12546086311340332
Mstep
Optimizing phi
Optimizing branch lengths. Current phi: 0. Current nu:0.28110335298595673
Optimizing nu
Mstep runtime (s): 0.26752305030822754
Finished EM iter: 16. Current nllh: 6080.146570599361
Starting EM iter: 17
Estep
Estep runtime (s): 0.12537026405334473
Mstep
Optimizing phi
Optimizing branch lengths. Current phi: 0. Current nu:0.2815645327274738
Optimizing nu
Mstep runtime (s): 0.31015610694885254
Finished EM iter: 17. Current nllh: 6080.139851638003
Starting EM iter: 18
Estep
Estep runtime (s): 0.1253368854522705
Mstep
Optimizing phi
Optimizing branch lengths. Current phi: 0. Current nu:0.2817192858041255
Optimizing nu
Mstep runtime (s): 0.2843639850616455
Finished EM iter: 18. Current nllh: 6080.1369459093985
Starting EM iter: 19
Estep
Estep runtime (s): 0.1254119873046875
Mstep
Optimizing phi
Optimizing branch lengths. Current phi: 0. Current nu:0.28177498899775216
Optimizing nu
Mstep runtime (s): 0.2776648998260498
Finished EM iter: 19. Current nllh: 6080.135411499365
Starting EM iter: 20
Estep
Estep runtime (s): 0.12519502639770508
Mstep
Optimizing phi
Optimizing branch lengths. Current phi: 0. Current nu:0.28179849722428385
Optimizing nu
Mstep runtime (s): 0.3097498416900635
Finished EM iter: 20. Current nllh: 6080.134187018594
Starting EM iter: 21
Estep
Estep runtime (s): 0.12531614303588867
Mstep
Optimizing phi
Optimizing branch lengths. Current phi: 0. Current nu:0.28181096748208834
Optimizing nu
Mstep runtime (s): 0.31009793281555176
Finished EM iter: 21. Current nllh: 6080.133366125035
Starting EM iter: 22
Estep
Estep runtime (s): 0.12548017501831055
Mstep
Optimizing phi
Optimizing branch lengths. Current phi: 0. Current nu:0.2818206813559403
Optimizing nu
Mstep runtime (s): 0.28386688232421875
Finished EM iter: 22. Current nllh: 6080.132925231958
Starting EM iter: 23
Estep
Estep runtime (s): 0.12549400329589844
Mstep
Optimizing phi
Optimizing branch lengths. Current phi: 0. Current nu:0.2818285779445253
Optimizing nu
Mstep runtime (s): 0.33509016036987305
Finished EM iter: 23. Current nllh: 6080.132405524557
Starting EM iter: 24
Estep
Estep runtime (s): 0.12541580200195312
Mstep
Optimizing phi
Optimizing branch lengths. Current phi: 0. Current nu:0.28183505087368865
Optimizing nu
Mstep runtime (s): 0.28575992584228516
Finished EM iter: 24. Current nllh: 6080.1319650146825
Starting EM iter: 25
Estep
Estep runtime (s): 0.12536287307739258
Mstep
Optimizing phi
Optimizing branch lengths. Current phi: 0. Current nu:0.28184071364092184
Optimizing nu
Mstep runtime (s): 0.3153238296508789
Finished EM iter: 25. Current nllh: 6080.131588773398
Starting EM iter: 26
Estep
Estep runtime (s): 0.12537884712219238
Mstep
Optimizing phi
Optimizing branch lengths. Current phi: 0. Current nu:0.28184562688266773
Optimizing nu
Mstep runtime (s): 0.30472683906555176
Finished EM iter: 26. Current nllh: 6080.131260402967
Starting EM iter: 27
Estep
Estep runtime (s): 0.1253049373626709
Mstep
Optimizing phi
Optimizing branch lengths. Current phi: 0. Current nu:0.28185034226645067
Optimizing nu
Mstep runtime (s): 0.27753210067749023
Finished EM iter: 27. Current nllh: 6080.130975205138
Starting EM iter: 28
Estep
Estep runtime (s): 0.12555694580078125
Mstep
Optimizing phi
Optimizing branch lengths. Current phi: 0. Current nu:0.28185432710918445
Optimizing nu
Mstep runtime (s): 0.33191561698913574
Finished EM iter: 28. Current nllh: 6080.130723239752
Starting EM iter: 29
Estep
Estep runtime (s): 0.12536191940307617
Mstep
Optimizing phi
Optimizing branch lengths. Current phi: 0. Current nu:0.2818581504293731
Optimizing nu
Mstep runtime (s): 0.3098948001861572
Finished EM iter: 29. Current nllh: 6080.130498411309
Starting EM iter: 30
Estep
Estep runtime (s): 0.12552785873413086
Mstep
Optimizing phi
Optimizing branch lengths. Current phi: 0. Current nu:0.28186175284500875
Optimizing nu
Mstep runtime (s): 0.32036828994750977
Finished EM iter: 30. Current nllh: 6080.130039249448
Starting EM iter: 31
Estep
Estep runtime (s): 0.12559890747070312
Mstep
Optimizing phi
Optimizing branch lengths. Current phi: 0. Current nu:0.28186412360323426
Optimizing nu
Mstep runtime (s): 0.3144361972808838
Finished EM iter: 31. Current nllh: 6080.130078256145
EM finished after 31 iterations.
Optimal phi: 0. Optimal nu: 0.28186660717320666. Optimal nllh: 6080.130078256145
Optimal point found for initial point 1
Numerical optimization finished successfully
Tree height pre-scaling: 0.6551147364161334, input timescale: 1.0
Tree height after scaling: 1.0, mutation rate: 0.6551147364161334
Tree height pre-scaling: 0.6551146686897868, input timescale: 1.0
Tree height after scaling: 0.9999999999999999, mutation rate: 0.6551146686897868
Tree height pre-scaling: 0.6551146387532049, input timescale: 1.0
Tree height after scaling: 1.0, mutation rate: 0.6551146387532049
Tree height pre-scaling: 0.6551146847940564, input timescale: 1.0
Tree height after scaling: 0.9999999999999999, mutation rate: 0.6551146847940564
Tree height pre-scaling: 0.6551146549325477, input timescale: 1.0
Tree height after scaling: 1.0, mutation rate: 0.6551146549325477
Tree height pre-scaling: 0.6551146492155371, input timescale: 1.0
Tree height after scaling: 0.9999999999999998, mutation rate: 0.6551146492155371
Tree height pre-scaling: 0.6551146851587839, input timescale: 1.0
Tree height after scaling: 1.0, mutation rate: 0.6551146851587839
Tree height pre-scaling: 0.6551146772751419, input timescale: 1.0
Tree height after scaling: 1.0, mutation rate: 0.6551146772751419
Tree height pre-scaling: 0.6551146473551437, input timescale: 1.0
Tree height after scaling: 1.0, mutation rate: 0.6551146473551437
Tree height pre-scaling: 0.6551148302093686, input timescale: 1.0
Tree height after scaling: 0.9999999999999999, mutation rate: 0.6551148302093686
Runtime (s): 14.257385459
