Launching LAML version 0.0.4
LAML was called as follows: /Users/uym2/my_gits/LAML/run_laml.py -c ../../bar24/Bar24_character_matrix.txt -t place_outlier_2/augmented_tree_113.nwk -o place_outlier_2/augmented_tree_113_optimized -v -p ../../bar24/Bar24_priors.pickle --delimiter tab -m -1 --nInitials 1
Prior keys mismatch with site names.
Prior keys: [0, 1, 2, 3, 4, 5, 6, 7, 8, 9, 10, 11, 12, 13, 14, 15, 16, 17, 18, 19, 20, 21, 22, 23, 24, 25, 26, 27, 28]
Site names: ['r1', 'r2', 'r3', 'r4', 'r5', 'r6', 'r7', 'r8', 'r9', 'r10', 'r11', 'r12', 'r13', 'r14', 'r15', 'r16', 'r17', 'r18', 'r19', 'r20', 'r21', 'r22', 'r23', 'r24', 'r25', 'r26', 'r27', 'r28', 'r29', 'r30']
Attempting to infer mapping between site names and prior keys...
Not all site names are present in the dictionary. Trying offset...
Offset between input site names and prior keys is assumed to be 1
Missing priors at site r30, filling in uniform priors...
{'r1': 0, 'r2': 1, 'r3': 2, 'r4': 3, 'r5': 4, 'r6': 5, 'r7': 6, 'r8': 7, 'r9': 8, 'r10': 9, 'r11': 10, 'r12': 11, 'r13': 12, 'r14': 13, 'r15': 14, 'r16': 15, 'r17': 16, 'r18': 17, 'r19': 18, 'r20': 19, 'r21': 20, 'r22': 21, 'r23': 22, 'r24': 23, 'r25': 24, 'r26': 25, 'r27': 26, 'r28': 27, 'r29': 28, 'r30': 29}
Optimizing branch lengths, phi, and nu without topology search
Optimization by EM algorithm
Optimization start with 1 initials
Initial point 1. Random seed: 1914
Numerical optimization started with ultrametric constraint (default)
Initial phi: 0.9092298131907006. Initial nu: 0.7126464774165397. Initial nllh: 18847.360496083806
Starting EM iter: 1
Estep
Estep runtime (s): 0.09150314331054688
Mstep
Optimizing phi
Optimizing branch lengths. Current phi: 0.12243876565467794. Current nu:0.7126464774165397
Optimizing nu
Mstep runtime (s): 0.2686891555786133
Finished EM iter: 1. Current nllh: 6881.106170433123
Starting EM iter: 2
Estep
Estep runtime (s): 0.12610793113708496
Mstep
Optimizing phi
Optimizing branch lengths. Current phi: 0.04528172143024696. Current nu:0.2384635807521397
Optimizing nu
Mstep runtime (s): 0.284146785736084
Finished EM iter: 2. Current nllh: 6490.057058563572
Starting EM iter: 3
Estep
Estep runtime (s): 0.1259169578552246
Mstep
Optimizing phi
Optimizing branch lengths. Current phi: 0.027922563465472876. Current nu:0.16010982775831636
Optimizing nu
Mstep runtime (s): 0.3014969825744629
Finished EM iter: 3. Current nllh: 6430.417588375061
Starting EM iter: 4
Estep
Estep runtime (s): 0.1260678768157959
Mstep
Optimizing phi
Optimizing branch lengths. Current phi: 0.01872350985401882. Current nu:0.17476613559812942
Optimizing nu
Mstep runtime (s): 0.2691841125488281
Finished EM iter: 4. Current nllh: 6407.784167108019
Starting EM iter: 5
Estep
Estep runtime (s): 0.12610387802124023
Mstep
Optimizing phi
Optimizing branch lengths. Current phi: 0.012956958596584687. Current nu:0.1980084252819586
Optimizing nu
Mstep runtime (s): 0.30806875228881836
Finished EM iter: 5. Current nllh: 6394.445157607094
Starting EM iter: 6
Estep
Estep runtime (s): 0.12645506858825684
Mstep
Optimizing phi
Optimizing branch lengths. Current phi: 0.009054409437710513. Current nu:0.21760838320739728
Optimizing nu
Mstep runtime (s): 0.3290410041809082
Finished EM iter: 6. Current nllh: 6386.442005202091
Starting EM iter: 7
Estep
Estep runtime (s): 0.126755952835083
Mstep
Optimizing phi
Optimizing branch lengths. Current phi: 0.006394838720650092. Current nu:0.23242836444773624
Optimizing nu
Mstep runtime (s): 0.30812597274780273
Finished EM iter: 7. Current nllh: 6381.373054894038
Starting EM iter: 8
Estep
Estep runtime (s): 0.1261591911315918
Mstep
Optimizing phi
Optimizing branch lengths. Current phi: 0.004519343464349065. Current nu:0.24314543455054938
Optimizing nu
Mstep runtime (s): 0.2800748348236084
Finished EM iter: 8. Current nllh: 6377.617994170069
Starting EM iter: 9
Estep
Estep runtime (s): 0.12622833251953125
Mstep
Optimizing phi
Optimizing branch lengths. Current phi: 0.003123320789698088. Current nu:0.2508511734998716
Optimizing nu
Mstep runtime (s): 0.28525400161743164
Finished EM iter: 9. Current nllh: 6374.889170301532
Starting EM iter: 10
Estep
Estep runtime (s): 0.12618613243103027
Mstep
Optimizing phi
Optimizing branch lengths. Current phi: 0.002109971485316293. Current nu:0.2565102338129632
Optimizing nu
Mstep runtime (s): 0.3453950881958008
Finished EM iter: 10. Current nllh: 6373.115809488447
Starting EM iter: 11
Estep
Estep runtime (s): 0.12627100944519043
Mstep
Optimizing phi
Optimizing branch lengths. Current phi: 0.0014103898308829234. Current nu:0.26066938094434045
Optimizing nu
Mstep runtime (s): 0.27347874641418457
Finished EM iter: 11. Current nllh: 6371.955793777257
Starting EM iter: 12
Estep
Estep runtime (s): 0.12636113166809082
Mstep
Optimizing phi
Optimizing branch lengths. Current phi: 0.0009384428554758263. Current nu:0.2636475670449903
Optimizing nu
Mstep runtime (s): 0.2755591869354248
Finished EM iter: 12. Current nllh: 6371.188111802636
Starting EM iter: 13
Estep
Estep runtime (s): 0.1262671947479248
Mstep
Optimizing phi
Optimizing branch lengths. Current phi: 0.0006229248089904477. Current nu:0.265721419783898
Optimizing nu
Mstep runtime (s): 0.3092679977416992
Finished EM iter: 13. Current nllh: 6370.679541832766
Starting EM iter: 14
Estep
Estep runtime (s): 0.1263599395751953
Mstep
Optimizing phi
Optimizing branch lengths. Current phi: 0.00041288977500782115. Current nu:0.2671396823258652
Optimizing nu
Mstep runtime (s): 0.30929994583129883
Finished EM iter: 14. Current nllh: 6370.342669411571
Starting EM iter: 15
Estep
Estep runtime (s): 0.12639689445495605
Mstep
Optimizing phi
Optimizing branch lengths. Current phi: 0.0002734172717347466. Current nu:0.26809966325978746
Optimizing nu
Mstep runtime (s): 0.2835879325866699
Finished EM iter: 15. Current nllh: 6370.119493697289
Starting EM iter: 16
Estep
Estep runtime (s): 0.12659311294555664
Mstep
Optimizing phi
Optimizing branch lengths. Current phi: 0.00018094518194318218. Current nu:0.2687463077332194
Optimizing nu
Mstep runtime (s): 0.269481897354126
Finished EM iter: 16. Current nllh: 6369.971586670415
Starting EM iter: 17
Estep
Estep runtime (s): 0.12682509422302246
Mstep
Optimizing phi
Optimizing branch lengths. Current phi: 0. Current nu:0.26918035649926986
Optimizing nu
Mstep runtime (s): 0.28622007369995117
Finished EM iter: 17. Current nllh: 6369.692372736788
Starting EM iter: 18
Estep
Estep runtime (s): 0.12602877616882324
Mstep
Optimizing phi
Optimizing branch lengths. Current phi: 0. Current nu:0.2694711646828836
Optimizing nu
Mstep runtime (s): 0.28553295135498047
Finished EM iter: 18. Current nllh: 6369.690031847619
Starting EM iter: 19
Estep
Estep runtime (s): 0.12672686576843262
Mstep
Optimizing phi
Optimizing branch lengths. Current phi: 0. Current nu:0.26985794537100033
Optimizing nu
Mstep runtime (s): 0.27529215812683105
Finished EM iter: 19. Current nllh: 6369.684961241916
Starting EM iter: 20
Estep
Estep runtime (s): 0.12641286849975586
Mstep
Optimizing phi
Optimizing branch lengths. Current phi: 0. Current nu:0.2699845871015744
Optimizing nu
Mstep runtime (s): 0.29173803329467773
Finished EM iter: 20. Current nllh: 6369.68282451035
Starting EM iter: 21
Estep
Estep runtime (s): 0.1262199878692627
Mstep
Optimizing phi
Optimizing branch lengths. Current phi: 0. Current nu:0.2700287297912018
Optimizing nu
Mstep runtime (s): 0.294299840927124
Finished EM iter: 21. Current nllh: 6369.681466998013
Starting EM iter: 22
Estep
Estep runtime (s): 0.12628912925720215
Mstep
Optimizing phi
Optimizing branch lengths. Current phi: 0. Current nu:0.2700474932389158
Optimizing nu
Mstep runtime (s): 0.29522013664245605
Finished EM iter: 22. Current nllh: 6369.681015445317
Starting EM iter: 23
Estep
Estep runtime (s): 0.12620306015014648
Mstep
Optimizing phi
Optimizing branch lengths. Current phi: 0. Current nu:0.27005753544667477
Optimizing nu
Mstep runtime (s): 0.33722901344299316
Finished EM iter: 23. Current nllh: 6369.680479096559
Starting EM iter: 24
Estep
Estep runtime (s): 0.12617182731628418
Mstep
Optimizing phi
Optimizing branch lengths. Current phi: 0. Current nu:0.2700649971526788
Optimizing nu
Mstep runtime (s): 0.34835124015808105
Finished EM iter: 24. Current nllh: 6369.679818566322
Starting EM iter: 25
Estep
Estep runtime (s): 0.12612700462341309
Mstep
Optimizing phi
Optimizing branch lengths. Current phi: 0. Current nu:0.2700703398713637
Optimizing nu
Mstep runtime (s): 0.3105173110961914
Finished EM iter: 25. Current nllh: 6369.679675626636
Starting EM iter: 26
Estep
Estep runtime (s): 0.1261587142944336
Mstep
Optimizing phi
Optimizing branch lengths. Current phi: 0. Current nu:0.27007557577247515
Optimizing nu
Mstep runtime (s): 0.28163671493530273
Finished EM iter: 26. Current nllh: 6369.679383548739
Starting EM iter: 27
Estep
Estep runtime (s): 0.12632179260253906
Mstep
Optimizing phi
Optimizing branch lengths. Current phi: 0. Current nu:0.2700799750206843
Optimizing nu
Mstep runtime (s): 0.3151512145996094
Finished EM iter: 27. Current nllh: 6369.678972525879
Starting EM iter: 28
Estep
Estep runtime (s): 0.1264820098876953
Mstep
Optimizing phi
Optimizing branch lengths. Current phi: 0. Current nu:0.27008288159417365
Optimizing nu
Mstep runtime (s): 0.34270691871643066
Finished EM iter: 28. Current nllh: 6369.678828919164
Starting EM iter: 29
Estep
Estep runtime (s): 0.12622928619384766
Mstep
Optimizing phi
Optimizing branch lengths. Current phi: 0. Current nu:0.2700864331260373
Optimizing nu
Mstep runtime (s): 0.32965683937072754
Finished EM iter: 29. Current nllh: 6369.678735250217
Starting EM iter: 30
Estep
Estep runtime (s): 0.12621498107910156
Mstep
Optimizing phi
Optimizing branch lengths. Current phi: 0. Current nu:0.27009078343302867
Optimizing nu
Mstep runtime (s): 0.32742881774902344
Finished EM iter: 30. Current nllh: 6369.678472845799
Starting EM iter: 31
Estep
Estep runtime (s): 0.1264200210571289
Mstep
Optimizing phi
Optimizing branch lengths. Current phi: 0. Current nu:0.27009386161577087
Optimizing nu
Mstep runtime (s): 0.3071269989013672
Finished EM iter: 31. Current nllh: 6369.6781030264265
Starting EM iter: 32
Estep
Estep runtime (s): 0.12637901306152344
Mstep
Optimizing phi
Optimizing branch lengths. Current phi: 0. Current nu:0.27009873862002354
Optimizing nu
Mstep runtime (s): 0.3028841018676758
Finished EM iter: 32. Current nllh: 6369.678194836364
Starting EM iter: 33
Estep
Estep runtime (s): 0.12644720077514648
Mstep
Optimizing phi
Optimizing branch lengths. Current phi: 0. Current nu:0.2700999498446898
Optimizing nu
Mstep runtime (s): 0.29764628410339355
Finished EM iter: 33. Current nllh: 6369.6781802030955
EM finished after 33 iterations.
Optimal phi: 0. Optimal nu: 0.2701025777712764. Optimal nllh: 6369.6781802030955
Optimal point found for initial point 1
Numerical optimization finished successfully
Tree height pre-scaling: 0.6685588502227294, input timescale: 1.0
Tree height after scaling: 1.0, mutation rate: 0.6685588502227294
Tree height pre-scaling: 0.6685588501455227, input timescale: 1.0
Tree height after scaling: 1.0, mutation rate: 0.6685588501455227
Tree height pre-scaling: 0.6685588500275708, input timescale: 1.0
Tree height after scaling: 1.0, mutation rate: 0.6685588500275708
Tree height pre-scaling: 0.6685588500217753, input timescale: 1.0
Tree height after scaling: 1.0, mutation rate: 0.6685588500217753
Tree height pre-scaling: 0.6685588500056057, input timescale: 1.0
Tree height after scaling: 1.0, mutation rate: 0.6685588500056057
Tree height pre-scaling: 0.6685588499582821, input timescale: 1.0
Tree height after scaling: 1.0, mutation rate: 0.6685588499582821
Tree height pre-scaling: 0.6685588505750573, input timescale: 1.0
Tree height after scaling: 0.9999999999999998, mutation rate: 0.6685588505750573
Tree height pre-scaling: 0.6685588508535004, input timescale: 1.0
Tree height after scaling: 1.0, mutation rate: 0.6685588508535004
Tree height pre-scaling: 0.668558850119513, input timescale: 1.0
Tree height after scaling: 1.0, mutation rate: 0.668558850119513
Tree height pre-scaling: 0.6685588506520024, input timescale: 1.0
Tree height after scaling: 1.0, mutation rate: 0.6685588506520024
Runtime (s): 15.428805542
