Launching LAML version 0.0.4
LAML was called as follows: /Users/uym2/my_gits/LAML/run_laml.py -c ../../bar24/Bar24_character_matrix.txt -t place_outlier_2/augmented_tree_128.nwk -o place_outlier_2/augmented_tree_128_optimized -v -p ../../bar24/Bar24_priors.pickle --delimiter tab -m -1 --nInitials 1
Prior keys mismatch with site names.
Prior keys: [0, 1, 2, 3, 4, 5, 6, 7, 8, 9, 10, 11, 12, 13, 14, 15, 16, 17, 18, 19, 20, 21, 22, 23, 24, 25, 26, 27, 28]
Site names: ['r1', 'r2', 'r3', 'r4', 'r5', 'r6', 'r7', 'r8', 'r9', 'r10', 'r11', 'r12', 'r13', 'r14', 'r15', 'r16', 'r17', 'r18', 'r19', 'r20', 'r21', 'r22', 'r23', 'r24', 'r25', 'r26', 'r27', 'r28', 'r29', 'r30']
Attempting to infer mapping between site names and prior keys...
Not all site names are present in the dictionary. Trying offset...
Offset between input site names and prior keys is assumed to be 1
Missing priors at site r30, filling in uniform priors...
{'r1': 0, 'r2': 1, 'r3': 2, 'r4': 3, 'r5': 4, 'r6': 5, 'r7': 6, 'r8': 7, 'r9': 8, 'r10': 9, 'r11': 10, 'r12': 11, 'r13': 12, 'r14': 13, 'r15': 14, 'r16': 15, 'r17': 16, 'r18': 17, 'r19': 18, 'r20': 19, 'r21': 20, 'r22': 21, 'r23': 22, 'r24': 23, 'r25': 24, 'r26': 25, 'r27': 26, 'r28': 27, 'r29': 28, 'r30': 29}
Optimizing branch lengths, phi, and nu without topology search
Optimization by EM algorithm
Optimization start with 1 initials
Initial point 1. Random seed: 4663
Numerical optimization started with ultrametric constraint (default)
Initial phi: 0.9813149490275612. Initial nu: 0.8014608149136827. Initial nllh: 25302.50285132356
Starting EM iter: 1
Estep
Estep runtime (s): 0.09308314323425293
Mstep
Optimizing phi
Optimizing branch lengths. Current phi: 0.13632735937359397. Current nu:0.8014608149136827
Optimizing nu
Mstep runtime (s): 0.28035521507263184
Finished EM iter: 1. Current nllh: 6598.287965524463
Starting EM iter: 2
Estep
Estep runtime (s): 0.12725186347961426
Mstep
Optimizing phi
Optimizing branch lengths. Current phi: 0.04335927586910512. Current nu:0.28571530450821536
Optimizing nu
Mstep runtime (s): 0.28720998764038086
Finished EM iter: 2. Current nllh: 6129.496855797324
Starting EM iter: 3
Estep
Estep runtime (s): 0.12719011306762695
Mstep
Optimizing phi
Optimizing branch lengths. Current phi: 0.026171897538356987. Current nu:0.16928427597581336
Optimizing nu
Mstep runtime (s): 0.27405500411987305
Finished EM iter: 3. Current nllh: 6064.829345951656
Starting EM iter: 4
Estep
Estep runtime (s): 0.12803196907043457
Mstep
Optimizing phi
Optimizing branch lengths. Current phi: 0.017496540552713425. Current nu:0.17603034805268622
Optimizing nu
Mstep runtime (s): 0.29537391662597656
Finished EM iter: 4. Current nllh: 6043.070387830071
Starting EM iter: 5
Estep
Estep runtime (s): 0.12836313247680664
Mstep
Optimizing phi
Optimizing branch lengths. Current phi: 0.012046392020599497. Current nu:0.19718142793604224
Optimizing nu
Mstep runtime (s): 0.2854011058807373
Finished EM iter: 5. Current nllh: 6030.249907074176
Starting EM iter: 6
Estep
Estep runtime (s): 0.12724971771240234
Mstep
Optimizing phi
Optimizing branch lengths. Current phi: 0.008365273302733534. Current nu:0.21619263363636154
Optimizing nu
Mstep runtime (s): 0.3250410556793213
Finished EM iter: 6. Current nllh: 6022.584963367915
Starting EM iter: 7
Estep
Estep runtime (s): 0.1273350715637207
Mstep
Optimizing phi
Optimizing branch lengths. Current phi: 0.005869066086444524. Current nu:0.2308029003626221
Optimizing nu
Mstep runtime (s): 0.27300000190734863
Finished EM iter: 7. Current nllh: 6017.666528786549
Starting EM iter: 8
Estep
Estep runtime (s): 0.12885785102844238
Mstep
Optimizing phi
Optimizing branch lengths. Current phi: 0.00410322728478814. Current nu:0.24139684322011887
Optimizing nu
Mstep runtime (s): 0.30673789978027344
Finished EM iter: 8. Current nllh: 6013.989513630954
Starting EM iter: 9
Estep
Estep runtime (s): 0.1283559799194336
Mstep
Optimizing phi
Optimizing branch lengths. Current phi: 0.002795347764787012. Current nu:0.24903053535350994
Optimizing nu
Mstep runtime (s): 0.29189181327819824
Finished EM iter: 9. Current nllh: 6011.415473363561
Starting EM iter: 10
Estep
Estep runtime (s): 0.1276109218597412
Mstep
Optimizing phi
Optimizing branch lengths. Current phi: 0.001864985256524391. Current nu:0.25462642636382676
Optimizing nu
Mstep runtime (s): 0.27571606636047363
Finished EM iter: 10. Current nllh: 6009.771842183451
Starting EM iter: 11
Estep
Estep runtime (s): 0.1291031837463379
Mstep
Optimizing phi
Optimizing branch lengths. Current phi: 0.0012332081238469676. Current nu:0.25869646959562925
Optimizing nu
Mstep runtime (s): 0.29021286964416504
Finished EM iter: 11. Current nllh: 6008.703854361006
Starting EM iter: 12
Estep
Estep runtime (s): 0.1289529800415039
Mstep
Optimizing phi
Optimizing branch lengths. Current phi: 0.0008122801565268809. Current nu:0.26157029945135996
Optimizing nu
Mstep runtime (s): 0.29094505310058594
Finished EM iter: 12. Current nllh: 6008.003744042479
Starting EM iter: 13
Estep
Estep runtime (s): 0.13750815391540527
Mstep
Optimizing phi
Optimizing branch lengths. Current phi: 0.0005339170239210414. Current nu:0.2635476213386807
Optimizing nu
Mstep runtime (s): 0.2892768383026123
Finished EM iter: 13. Current nllh: 6007.544457107864
Starting EM iter: 14
Estep
Estep runtime (s): 0.13250494003295898
Mstep
Optimizing phi
Optimizing branch lengths. Current phi: 0.0003505054457105048. Current nu:0.26488467531230114
Optimizing nu
Mstep runtime (s): 0.27631425857543945
Finished EM iter: 14. Current nllh: 6007.243127680576
Starting EM iter: 15
Estep
Estep runtime (s): 0.1332240104675293
Mstep
Optimizing phi
Optimizing branch lengths. Current phi: 0.0002299128437034862. Current nu:0.2657801608603573
Optimizing nu
Mstep runtime (s): 0.2779088020324707
Finished EM iter: 15. Current nllh: 6007.045348076923
Starting EM iter: 16
Estep
Estep runtime (s): 0.133836030960083
Mstep
Optimizing phi
Optimizing branch lengths. Current phi: 0. Current nu:0.26637730901193385
Optimizing nu
Mstep runtime (s): 0.3173501491546631
Finished EM iter: 16. Current nllh: 6006.683390979927
Starting EM iter: 17
Estep
Estep runtime (s): 0.13144683837890625
Mstep
Optimizing phi
Optimizing branch lengths. Current phi: 0. Current nu:0.2667738635303163
Optimizing nu
Mstep runtime (s): 0.30664801597595215
Finished EM iter: 17. Current nllh: 6006.679283418795
Starting EM iter: 18
Estep
Estep runtime (s): 0.13163208961486816
Mstep
Optimizing phi
Optimizing branch lengths. Current phi: 0. Current nu:0.2672904898003442
Optimizing nu
Mstep runtime (s): 0.3513479232788086
Finished EM iter: 18. Current nllh: 6006.6722443295475
Starting EM iter: 19
Estep
Estep runtime (s): 0.13274526596069336
Mstep
Optimizing phi
Optimizing branch lengths. Current phi: 0. Current nu:0.26745943367132385
Optimizing nu
Mstep runtime (s): 0.3617558479309082
Finished EM iter: 19. Current nllh: 6006.669607456554
Starting EM iter: 20
Estep
Estep runtime (s): 0.13253521919250488
Mstep
Optimizing phi
Optimizing branch lengths. Current phi: 0. Current nu:0.26751770029478966
Optimizing nu
Mstep runtime (s): 0.301145076751709
Finished EM iter: 20. Current nllh: 6006.6682103823605
Starting EM iter: 21
Estep
Estep runtime (s): 0.13309288024902344
Mstep
Optimizing phi
Optimizing branch lengths. Current phi: 0. Current nu:0.26754155751700087
Optimizing nu
Mstep runtime (s): 0.3277719020843506
Finished EM iter: 21. Current nllh: 6006.667248105183
Starting EM iter: 22
Estep
Estep runtime (s): 0.13492989540100098
Mstep
Optimizing phi
Optimizing branch lengths. Current phi: 0. Current nu:0.26755373455638115
Optimizing nu
Mstep runtime (s): 0.3201150894165039
Finished EM iter: 22. Current nllh: 6006.666724011602
Starting EM iter: 23
Estep
Estep runtime (s): 0.13022613525390625
Mstep
Optimizing phi
Optimizing branch lengths. Current phi: 0. Current nu:0.26756241171430906
Optimizing nu
Mstep runtime (s): 0.28293895721435547
Finished EM iter: 23. Current nllh: 6006.666227150338
Starting EM iter: 24
Estep
Estep runtime (s): 0.13589000701904297
Mstep
Optimizing phi
Optimizing branch lengths. Current phi: 0. Current nu:0.2675690548539856
Optimizing nu
Mstep runtime (s): 0.33002305030822754
Finished EM iter: 24. Current nllh: 6006.665828959812
Starting EM iter: 25
Estep
Estep runtime (s): 0.12915921211242676
Mstep
Optimizing phi
Optimizing branch lengths. Current phi: 0. Current nu:0.2675742553048605
Optimizing nu
Mstep runtime (s): 0.3321347236633301
Finished EM iter: 25. Current nllh: 6006.665497076836
Starting EM iter: 26
Estep
Estep runtime (s): 0.1336209774017334
Mstep
Optimizing phi
Optimizing branch lengths. Current phi: 0. Current nu:0.2675792909476637
Optimizing nu
Mstep runtime (s): 0.34948205947875977
Finished EM iter: 26. Current nllh: 6006.665215854586
Starting EM iter: 27
Estep
Estep runtime (s): 0.13402509689331055
Mstep
Optimizing phi
Optimizing branch lengths. Current phi: 0. Current nu:0.26758361301090183
Optimizing nu
Mstep runtime (s): 0.3472468852996826
Finished EM iter: 27. Current nllh: 6006.664852915072
Starting EM iter: 28
Estep
Estep runtime (s): 0.13295698165893555
Mstep
Optimizing phi
Optimizing branch lengths. Current phi: 0. Current nu:0.26758625398763397
Optimizing nu
Mstep runtime (s): 0.341001033782959
Finished EM iter: 28. Current nllh: 6006.664616480823
Starting EM iter: 29
Estep
Estep runtime (s): 0.1318042278289795
Mstep
Optimizing phi
Optimizing branch lengths. Current phi: 0. Current nu:0.26759056374281676
Optimizing nu
Mstep runtime (s): 0.29529881477355957
Finished EM iter: 29. Current nllh: 6006.664561743656
EM finished after 29 iterations.
Optimal phi: 0. Optimal nu: 0.2675954648456629. Optimal nllh: 6006.664561743656
Optimal point found for initial point 1
Numerical optimization finished successfully
Tree height pre-scaling: 0.6733437316701422, input timescale: 1.0
Tree height after scaling: 1.0000000000000002, mutation rate: 0.6733437316701422
Tree height pre-scaling: 0.6733437316393687, input timescale: 1.0
Tree height after scaling: 1.0, mutation rate: 0.6733437316393687
Tree height pre-scaling: 0.673343731601452, input timescale: 1.0
Tree height after scaling: 1.0, mutation rate: 0.673343731601452
Tree height pre-scaling: 0.6733437315986155, input timescale: 1.0
Tree height after scaling: 1.0, mutation rate: 0.6733437315986155
Tree height pre-scaling: 0.6733437315920603, input timescale: 1.0
Tree height after scaling: 0.9999999999999999, mutation rate: 0.6733437315920603
Tree height pre-scaling: 0.6733437315785182, input timescale: 1.0
Tree height after scaling: 1.0, mutation rate: 0.6733437315785182
Tree height pre-scaling: 0.673343731783249, input timescale: 1.0
Tree height after scaling: 0.9999999999999999, mutation rate: 0.673343731783249
Tree height pre-scaling: 0.6733437318761571, input timescale: 1.0
Tree height after scaling: 1.0, mutation rate: 0.6733437318761571
Tree height pre-scaling: 0.6733437316310349, input timescale: 1.0
Tree height after scaling: 1.0, mutation rate: 0.6733437316310349
Tree height pre-scaling: 0.6733437317251605, input timescale: 1.0
Tree height after scaling: 1.0, mutation rate: 0.6733437317251605
Runtime (s): 13.920349042
