Launching LAML version 0.0.4
LAML was called as follows: /Users/uym2/my_gits/LAML/run_laml.py -c ../../bar24/Bar24_character_matrix.txt -t place_outlier_2/augmented_tree_6.nwk -o place_outlier_2/augmented_tree_6_optimized -v -p ../../bar24/Bar24_priors.pickle --delimiter tab -m -1 --nInitials 1
Prior keys mismatch with site names.
Prior keys: [0, 1, 2, 3, 4, 5, 6, 7, 8, 9, 10, 11, 12, 13, 14, 15, 16, 17, 18, 19, 20, 21, 22, 23, 24, 25, 26, 27, 28]
Site names: ['r1', 'r2', 'r3', 'r4', 'r5', 'r6', 'r7', 'r8', 'r9', 'r10', 'r11', 'r12', 'r13', 'r14', 'r15', 'r16', 'r17', 'r18', 'r19', 'r20', 'r21', 'r22', 'r23', 'r24', 'r25', 'r26', 'r27', 'r28', 'r29', 'r30']
Attempting to infer mapping between site names and prior keys...
Not all site names are present in the dictionary. Trying offset...
Offset between input site names and prior keys is assumed to be 1
Missing priors at site r30, filling in uniform priors...
{'r1': 0, 'r2': 1, 'r3': 2, 'r4': 3, 'r5': 4, 'r6': 5, 'r7': 6, 'r8': 7, 'r9': 8, 'r10': 9, 'r11': 10, 'r12': 11, 'r13': 12, 'r14': 13, 'r15': 14, 'r16': 15, 'r17': 16, 'r18': 17, 'r19': 18, 'r20': 19, 'r21': 20, 'r22': 21, 'r23': 22, 'r24': 23, 'r25': 24, 'r26': 25, 'r27': 26, 'r28': 27, 'r29': 28, 'r30': 29}
Optimizing branch lengths, phi, and nu without topology search
Optimization by EM algorithm
Optimization start with 1 initials
Initial point 1. Random seed: 2764
Numerical optimization started with ultrametric constraint (default)
Initial phi: 0.15662750766585312. Initial nu: 0.29449255663593915. Initial nllh: 7925.5902094832045
Starting EM iter: 1
Estep
Estep runtime (s): 0.0923607349395752
Mstep
Optimizing phi
Optimizing branch lengths. Current phi: 0.04101543928324492. Current nu:0.29449255663593915
Optimizing nu
Mstep runtime (s): 0.3330650329589844
Finished EM iter: 1. Current nllh: 6120.0443190960295
Starting EM iter: 2
Estep
Estep runtime (s): 0.1266031265258789
Mstep
Optimizing phi
Optimizing branch lengths. Current phi: 0.024158386943022338. Current nu:0.1851403169715231
Optimizing nu
Mstep runtime (s): 0.30824804306030273
Finished EM iter: 2. Current nllh: 6035.65977327473
Starting EM iter: 3
Estep
Estep runtime (s): 0.12670373916625977
Mstep
Optimizing phi
Optimizing branch lengths. Current phi: 0.016032683399640184. Current nu:0.18685708379858149
Optimizing nu
Mstep runtime (s): 0.272428035736084
Finished EM iter: 3. Current nllh: 6013.437274146682
Starting EM iter: 4
Estep
Estep runtime (s): 0.12673306465148926
Mstep
Optimizing phi
Optimizing branch lengths. Current phi: 0.010941609492227819. Current nu:0.20571857801350873
Optimizing nu
Mstep runtime (s): 0.2763950824737549
Finished EM iter: 4. Current nllh: 6001.77338227168
Starting EM iter: 5
Estep
Estep runtime (s): 0.12667012214660645
Mstep
Optimizing phi
Optimizing branch lengths. Current phi: 0.007533709019275988. Current nu:0.22369996685376034
Optimizing nu
Mstep runtime (s): 0.2961759567260742
Finished EM iter: 5. Current nllh: 5994.6998509188925
Starting EM iter: 6
Estep
Estep runtime (s): 0.12716984748840332
Mstep
Optimizing phi
Optimizing branch lengths. Current phi: 0.005203685356818638. Current nu:0.23760561317122372
Optimizing nu
Mstep runtime (s): 0.32419300079345703
Finished EM iter: 6. Current nllh: 5989.966269346615
Starting EM iter: 7
Estep
Estep runtime (s): 0.12723016738891602
Mstep
Optimizing phi
Optimizing branch lengths. Current phi: 0.0035472341900438693. Current nu:0.24771159971379283
Optimizing nu
Mstep runtime (s): 0.31217169761657715
Finished EM iter: 7. Current nllh: 5986.651079714764
Starting EM iter: 8
Estep
Estep runtime (s): 0.1272411346435547
Mstep
Optimizing phi
Optimizing branch lengths. Current phi: 0.0023730081309021045. Current nu:0.25500481550319387
Optimizing nu
Mstep runtime (s): 0.31496286392211914
Finished EM iter: 8. Current nllh: 5984.482864919129
Starting EM iter: 9
Estep
Estep runtime (s): 0.12697410583496094
Mstep
Optimizing phi
Optimizing branch lengths. Current phi: 0.001570044255019628. Current nu:0.260240778901442
Optimizing nu
Mstep runtime (s): 0.27608704566955566
Finished EM iter: 9. Current nllh: 5983.0923445977605
Starting EM iter: 10
Estep
Estep runtime (s): 0.12688016891479492
Mstep
Optimizing phi
Optimizing branch lengths. Current phi: 0.0010333522430799385. Current nu:0.263927858798805
Optimizing nu
Mstep runtime (s): 0.31835079193115234
Finished EM iter: 10. Current nllh: 5982.183944005824
Starting EM iter: 11
Estep
Estep runtime (s): 0.12714695930480957
Mstep
Optimizing phi
Optimizing branch lengths. Current phi: 0.0006782443691092851. Current nu:0.266471245213209
Optimizing nu
Mstep runtime (s): 0.3206648826599121
Finished EM iter: 11. Current nllh: 5981.58970737452
Starting EM iter: 12
Estep
Estep runtime (s): 0.126953125
Mstep
Optimizing phi
Optimizing branch lengths. Current phi: 0.0004444390173156324. Current nu:0.2681955861466365
Optimizing nu
Mstep runtime (s): 0.26705312728881836
Finished EM iter: 12. Current nllh: 5981.200840688348
Starting EM iter: 13
Estep
Estep runtime (s): 0.1271681785583496
Mstep
Optimizing phi
Optimizing branch lengths. Current phi: 0.000290929662825675. Current nu:0.26935149439842004
Optimizing nu
Mstep runtime (s): 0.34450387954711914
Finished EM iter: 13. Current nllh: 5980.946182443423
Starting EM iter: 14
Estep
Estep runtime (s): 0.1270911693572998
Mstep
Optimizing phi
Optimizing branch lengths. Current phi: 0.00019031246717335568. Current nu:0.270120127868145
Optimizing nu
Mstep runtime (s): 0.39818406105041504
Finished EM iter: 14. Current nllh: 5980.77941990545
Starting EM iter: 15
Estep
Estep runtime (s): 0.12744975090026855
Mstep
Optimizing phi
Optimizing branch lengths. Current phi: 0. Current nu:0.2706335752287086
Optimizing nu
Mstep runtime (s): 0.3375990390777588
Finished EM iter: 15. Current nllh: 5980.4771832661445
Starting EM iter: 16
Estep
Estep runtime (s): 0.1267991065979004
Mstep
Optimizing phi
Optimizing branch lengths. Current phi: 0. Current nu:0.2709747337904157
Optimizing nu
Mstep runtime (s): 0.3034050464630127
Finished EM iter: 16. Current nllh: 5980.472894748669
Starting EM iter: 17
Estep
Estep runtime (s): 0.1273500919342041
Mstep
Optimizing phi
Optimizing branch lengths. Current phi: 0. Current nu:0.27141074539413673
Optimizing nu
Mstep runtime (s): 0.26975297927856445
Finished EM iter: 17. Current nllh: 5980.46696640324
Starting EM iter: 18
Estep
Estep runtime (s): 0.12690973281860352
Mstep
Optimizing phi
Optimizing branch lengths. Current phi: 0. Current nu:0.2715562382080074
Optimizing nu
Mstep runtime (s): 0.3134751319885254
Finished EM iter: 18. Current nllh: 5980.464238752067
Starting EM iter: 19
Estep
Estep runtime (s): 0.12717270851135254
Mstep
Optimizing phi
Optimizing branch lengths. Current phi: 0. Current nu:0.2716082644188674
Optimizing nu
Mstep runtime (s): 0.29230284690856934
Finished EM iter: 19. Current nllh: 5980.462757593673
Starting EM iter: 20
Estep
Estep runtime (s): 0.127000093460083
Mstep
Optimizing phi
Optimizing branch lengths. Current phi: 0. Current nu:0.2716310884809857
Optimizing nu
Mstep runtime (s): 0.27876710891723633
Finished EM iter: 20. Current nllh: 5980.461775431792
Starting EM iter: 21
Estep
Estep runtime (s): 0.12700891494750977
Mstep
Optimizing phi
Optimizing branch lengths. Current phi: 0. Current nu:0.27164393757486327
Optimizing nu
Mstep runtime (s): 0.3092777729034424
Finished EM iter: 21. Current nllh: 5980.461035611398
Starting EM iter: 22
Estep
Estep runtime (s): 0.12717199325561523
Mstep
Optimizing phi
Optimizing branch lengths. Current phi: 0. Current nu:0.2716528478340596
Optimizing nu
Mstep runtime (s): 0.2926337718963623
Finished EM iter: 22. Current nllh: 5980.460446641674
Starting EM iter: 23
Estep
Estep runtime (s): 0.12685179710388184
Mstep
Optimizing phi
Optimizing branch lengths. Current phi: 0. Current nu:0.2716597670637851
Optimizing nu
Mstep runtime (s): 0.27333498001098633
Finished EM iter: 23. Current nllh: 5980.459959103466
Starting EM iter: 24
Estep
Estep runtime (s): 0.12735891342163086
Mstep
Optimizing phi
Optimizing branch lengths. Current phi: 0. Current nu:0.27166585997648524
Optimizing nu
Mstep runtime (s): 0.3244330883026123
Finished EM iter: 24. Current nllh: 5980.459547377703
Starting EM iter: 25
Estep
Estep runtime (s): 0.12688016891479492
Mstep
Optimizing phi
Optimizing branch lengths. Current phi: 0. Current nu:0.27167128395657286
Optimizing nu
Mstep runtime (s): 0.2946128845214844
Finished EM iter: 25. Current nllh: 5980.459160396263
Starting EM iter: 26
Estep
Estep runtime (s): 0.1272728443145752
Mstep
Optimizing phi
Optimizing branch lengths. Current phi: 0. Current nu:0.27167460652127734
Optimizing nu
Mstep runtime (s): 0.30170226097106934
Finished EM iter: 26. Current nllh: 5980.458918128759
Starting EM iter: 27
Estep
Estep runtime (s): 0.12723684310913086
Mstep
Optimizing phi
Optimizing branch lengths. Current phi: 0. Current nu:0.27168035081842384
Optimizing nu
Mstep runtime (s): 0.415463924407959
Finished EM iter: 27. Current nllh: 5980.4586448795835
Starting EM iter: 28
Estep
Estep runtime (s): 0.12688994407653809
Mstep
Optimizing phi
Optimizing branch lengths. Current phi: 0. Current nu:0.27168437046825206
Optimizing nu
Mstep runtime (s): 0.27034807205200195
Finished EM iter: 28. Current nllh: 5980.458411718512
Starting EM iter: 29
Estep
Estep runtime (s): 0.12702012062072754
Mstep
Optimizing phi
Optimizing branch lengths. Current phi: 0. Current nu:0.27168879643427346
Optimizing nu
Mstep runtime (s): 0.31988000869750977
Finished EM iter: 29. Current nllh: 5980.458212151147
Starting EM iter: 30
Estep
Estep runtime (s): 0.13062024116516113
Mstep
Optimizing phi
Optimizing branch lengths. Current phi: 0. Current nu:0.27169181077217763
Optimizing nu
Mstep runtime (s): 0.3183751106262207
Finished EM iter: 30. Current nllh: 5980.458008912048
Starting EM iter: 31
Estep
Estep runtime (s): 0.12734508514404297
Mstep
Optimizing phi
Optimizing branch lengths. Current phi: 0. Current nu:0.27169404098131106
Optimizing nu
Mstep runtime (s): 0.3230869770050049
Finished EM iter: 31. Current nllh: 5980.4579015367235
Starting EM iter: 32
Estep
Estep runtime (s): 0.12721514701843262
Mstep
Optimizing phi
Optimizing branch lengths. Current phi: 0. Current nu:0.27169774449660156
Optimizing nu
Mstep runtime (s): 0.28289008140563965
Finished EM iter: 32. Current nllh: 5980.457756162041
Starting EM iter: 33
Estep
Estep runtime (s): 0.12714314460754395
Mstep
Optimizing phi
Optimizing branch lengths. Current phi: 0. Current nu:0.27170074601705285
Optimizing nu
Mstep runtime (s): 0.27985286712646484
Finished EM iter: 33. Current nllh: 5980.457632858575
Starting EM iter: 34
Estep
Estep runtime (s): 0.12712597846984863
Mstep
Optimizing phi
Optimizing branch lengths. Current phi: 0. Current nu:0.27170338051931076
Optimizing nu
Mstep runtime (s): 0.31403493881225586
Finished EM iter: 34. Current nllh: 5980.457527009254
Starting EM iter: 35
Estep
Estep runtime (s): 0.126997709274292
Mstep
Optimizing phi
Optimizing branch lengths. Current phi: 0. Current nu:0.2717053996855759
Optimizing nu
Mstep runtime (s): 0.3352057933807373
Finished EM iter: 35. Current nllh: 5980.4572999339425
Starting EM iter: 36
Estep
Estep runtime (s): 0.12703919410705566
Mstep
Optimizing phi
Optimizing branch lengths. Current phi: 0. Current nu:0.2717082862934301
Optimizing nu
Mstep runtime (s): 0.3327217102050781
Finished EM iter: 36. Current nllh: 5980.457335521564
EM finished after 36 iterations.
Optimal phi: 0. Optimal nu: 0.27171021522645744. Optimal nllh: 5980.457335521564
Optimal point found for initial point 1
Numerical optimization finished successfully
Tree height pre-scaling: 0.6755581188512897, input timescale: 1.0
Tree height after scaling: 0.9999999999999998, mutation rate: 0.6755581188512897
Tree height pre-scaling: 0.6755581188190936, input timescale: 1.0
Tree height after scaling: 0.9999999999999999, mutation rate: 0.6755581188190936
Tree height pre-scaling: 0.6755581187903059, input timescale: 1.0
Tree height after scaling: 1.0, mutation rate: 0.6755581187903059
Tree height pre-scaling: 0.6755581187858379, input timescale: 1.0
Tree height after scaling: 1.0, mutation rate: 0.6755581187858379
Tree height pre-scaling: 0.6755581187841274, input timescale: 1.0
Tree height after scaling: 1.0, mutation rate: 0.6755581187841274
Tree height pre-scaling: 0.6755581187653644, input timescale: 1.0
Tree height after scaling: 0.9999999999999999, mutation rate: 0.6755581187653644
Tree height pre-scaling: 0.6755581189464804, input timescale: 1.0
Tree height after scaling: 1.0, mutation rate: 0.6755581189464804
Tree height pre-scaling: 0.675558118713214, input timescale: 1.0
Tree height after scaling: 1.0, mutation rate: 0.675558118713214
Tree height pre-scaling: 0.6755581188284953, input timescale: 1.0
Tree height after scaling: 1.0, mutation rate: 0.6755581188284953
Tree height pre-scaling: 0.6755581192341553, input timescale: 1.0
Tree height after scaling: 1.0, mutation rate: 0.6755581192341553
Runtime (s): 17.170897416
