Launching LAML version 0.0.4
LAML was called as follows: /Users/uym2/my_gits/LAML/run_laml.py -c ../../bar24/Bar24_character_matrix.txt -t place_outlier_2/augmented_tree_168.nwk -o place_outlier_2/augmented_tree_168_optimized -v -p ../../bar24/Bar24_priors.pickle --delimiter tab -m -1 --nInitials 1
Prior keys mismatch with site names.
Prior keys: [0, 1, 2, 3, 4, 5, 6, 7, 8, 9, 10, 11, 12, 13, 14, 15, 16, 17, 18, 19, 20, 21, 22, 23, 24, 25, 26, 27, 28]
Site names: ['r1', 'r2', 'r3', 'r4', 'r5', 'r6', 'r7', 'r8', 'r9', 'r10', 'r11', 'r12', 'r13', 'r14', 'r15', 'r16', 'r17', 'r18', 'r19', 'r20', 'r21', 'r22', 'r23', 'r24', 'r25', 'r26', 'r27', 'r28', 'r29', 'r30']
Attempting to infer mapping between site names and prior keys...
Not all site names are present in the dictionary. Trying offset...
Offset between input site names and prior keys is assumed to be 1
Missing priors at site r30, filling in uniform priors...
{'r1': 0, 'r2': 1, 'r3': 2, 'r4': 3, 'r5': 4, 'r6': 5, 'r7': 6, 'r8': 7, 'r9': 8, 'r10': 9, 'r11': 10, 'r12': 11, 'r13': 12, 'r14': 13, 'r15': 14, 'r16': 15, 'r17': 16, 'r18': 17, 'r19': 18, 'r20': 19, 'r21': 20, 'r22': 21, 'r23': 22, 'r24': 23, 'r25': 24, 'r26': 25, 'r27': 26, 'r28': 27, 'r29': 28, 'r30': 29}
Optimizing branch lengths, phi, and nu without topology search
Optimization by EM algorithm
Optimization start with 1 initials
Initial point 1. Random seed: 9702
Numerical optimization started with ultrametric constraint (default)
Initial phi: 0.09023196789199102. Initial nu: 0.6354948859003245. Initial nllh: 8310.805012047791
Starting EM iter: 1
Estep
Estep runtime (s): 0.09443926811218262
Mstep
Optimizing phi
Optimizing branch lengths. Current phi: 0.02672388313668367. Current nu:0.6354948859003245
Optimizing nu
Mstep runtime (s): 0.28325700759887695
Finished EM iter: 1. Current nllh: 6176.382714601003
Starting EM iter: 2
Estep
Estep runtime (s): 0.12497091293334961
Mstep
Optimizing phi
Optimizing branch lengths. Current phi: 0.016752425859808354. Current nu:0.3141117228789033
Optimizing nu
Mstep runtime (s): 0.2954831123352051
Finished EM iter: 2. Current nllh: 6056.685256287075
Starting EM iter: 3
Estep
Estep runtime (s): 0.1247859001159668
Mstep
Optimizing phi
Optimizing branch lengths. Current phi: 0.011174483420631714. Current nu:0.24108807884623712
Optimizing nu
Mstep runtime (s): 0.29604411125183105
Finished EM iter: 3. Current nllh: 6035.41321543685
Starting EM iter: 4
Estep
Estep runtime (s): 0.1251051425933838
Mstep
Optimizing phi
Optimizing branch lengths. Current phi: 0.007568710301455647. Current nu:0.23289406217949316
Optimizing nu
Mstep runtime (s): 0.36083197593688965
Finished EM iter: 4. Current nllh: 6027.955476122432
Starting EM iter: 5
Estep
Estep runtime (s): 0.12491893768310547
Mstep
Optimizing phi
Optimizing branch lengths. Current phi: 0.00514847848103921. Current nu:0.23945986418188026
Optimizing nu
Mstep runtime (s): 0.2703258991241455
Finished EM iter: 5. Current nllh: 6023.378053252822
Starting EM iter: 6
Estep
Estep runtime (s): 0.12485122680664062
Mstep
Optimizing phi
Optimizing branch lengths. Current phi: 0.0034773390172746846. Current nu:0.24756716962881162
Optimizing nu
Mstep runtime (s): 0.29461097717285156
Finished EM iter: 6. Current nllh: 6020.270464646978
Starting EM iter: 7
Estep
Estep runtime (s): 0.12508511543273926
Mstep
Optimizing phi
Optimizing branch lengths. Current phi: 0.0023235637277780117. Current nu:0.2542977002597135
Optimizing nu
Mstep runtime (s): 0.26771998405456543
Finished EM iter: 7. Current nllh: 6018.232932902184
Starting EM iter: 8
Estep
Estep runtime (s): 0.1253952980041504
Mstep
Optimizing phi
Optimizing branch lengths. Current phi: 0.0015411788344177019. Current nu:0.25931480088918824
Optimizing nu
Mstep runtime (s): 0.28095197677612305
Finished EM iter: 8. Current nllh: 6016.892130597764
Starting EM iter: 9
Estep
Estep runtime (s): 0.1251988410949707
Mstep
Optimizing phi
Optimizing branch lengths. Current phi: 0.0010178833470974949. Current nu:0.2628896922919732
Optimizing nu
Mstep runtime (s): 0.29276204109191895
Finished EM iter: 9. Current nllh: 6016.011414117372
Starting EM iter: 10
Estep
Estep runtime (s): 0.1249849796295166
Mstep
Optimizing phi
Optimizing branch lengths. Current phi: 0.0006705844401832191. Current nu:0.2653618502239253
Optimizing nu
Mstep runtime (s): 0.32256293296813965
Finished EM iter: 10. Current nllh: 6015.433046308784
Starting EM iter: 11
Estep
Estep runtime (s): 0.12517404556274414
Mstep
Optimizing phi
Optimizing branch lengths. Current phi: 0.000441095935134799. Current nu:0.26704208118630113
Optimizing nu
Mstep runtime (s): 0.27704596519470215
Finished EM iter: 11. Current nllh: 6015.053124030805
Starting EM iter: 12
Estep
Estep runtime (s): 0.12559294700622559
Mstep
Optimizing phi
Optimizing branch lengths. Current phi: 0.0002898530229227125. Current nu:0.2681720405604284
Optimizing nu
Mstep runtime (s): 0.27968502044677734
Finished EM iter: 12. Current nllh: 6014.803407428042
Starting EM iter: 13
Estep
Estep runtime (s): 0.1252458095550537
Mstep
Optimizing phi
Optimizing branch lengths. Current phi: 0.00019034274267180402. Current nu:0.26892786884894954
Optimizing nu
Mstep runtime (s): 0.2853572368621826
Finished EM iter: 13. Current nllh: 6014.639143437118
Starting EM iter: 14
Estep
Estep runtime (s): 0.12496423721313477
Mstep
Optimizing phi
Optimizing branch lengths. Current phi: 0. Current nu:0.2694321199066459
Optimizing nu
Mstep runtime (s): 0.2743349075317383
Finished EM iter: 14. Current nllh: 6014.339076585386
Starting EM iter: 15
Estep
Estep runtime (s): 0.12502002716064453
Mstep
Optimizing phi
Optimizing branch lengths. Current phi: 0. Current nu:0.2697685513504357
Optimizing nu
Mstep runtime (s): 0.30665087699890137
Finished EM iter: 15. Current nllh: 6014.334577283361
Starting EM iter: 16
Estep
Estep runtime (s): 0.12504315376281738
Mstep
Optimizing phi
Optimizing branch lengths. Current phi: 0. Current nu:0.2702014933046963
Optimizing nu
Mstep runtime (s): 0.27089786529541016
Finished EM iter: 16. Current nllh: 6014.328350031956
Starting EM iter: 17
Estep
Estep runtime (s): 0.12481999397277832
Mstep
Optimizing phi
Optimizing branch lengths. Current phi: 0. Current nu:0.2703468904591485
Optimizing nu
Mstep runtime (s): 0.3872799873352051
Finished EM iter: 17. Current nllh: 6014.325519113466
Starting EM iter: 18
Estep
Estep runtime (s): 0.12543582916259766
Mstep
Optimizing phi
Optimizing branch lengths. Current phi: 0. Current nu:0.2704001275862242
Optimizing nu
Mstep runtime (s): 0.32471394538879395
Finished EM iter: 18. Current nllh: 6014.323883235489
Starting EM iter: 19
Estep
Estep runtime (s): 0.12521886825561523
Mstep
Optimizing phi
Optimizing branch lengths. Current phi: 0. Current nu:0.27042272774694587
Optimizing nu
Mstep runtime (s): 0.36795592308044434
Finished EM iter: 19. Current nllh: 6014.322872805318
Starting EM iter: 20
Estep
Estep runtime (s): 0.12524008750915527
Mstep
Optimizing phi
Optimizing branch lengths. Current phi: 0. Current nu:0.2704369392097475
Optimizing nu
Mstep runtime (s): 0.3657400608062744
Finished EM iter: 20. Current nllh: 6014.321793860794
Starting EM iter: 21
Estep
Estep runtime (s): 0.12509584426879883
Mstep
Optimizing phi
Optimizing branch lengths. Current phi: 0. Current nu:0.27044779314111245
Optimizing nu
Mstep runtime (s): 0.2937138080596924
Finished EM iter: 21. Current nllh: 6014.321317569903
Starting EM iter: 22
Estep
Estep runtime (s): 0.12545084953308105
Mstep
Optimizing phi
Optimizing branch lengths. Current phi: 0. Current nu:0.27045550528527496
Optimizing nu
Mstep runtime (s): 0.28037500381469727
Finished EM iter: 22. Current nllh: 6014.320801856837
Starting EM iter: 23
Estep
Estep runtime (s): 0.12511706352233887
Mstep
Optimizing phi
Optimizing branch lengths. Current phi: 0. Current nu:0.27046143474115447
Optimizing nu
Mstep runtime (s): 0.2789449691772461
Finished EM iter: 23. Current nllh: 6014.320368225826
Starting EM iter: 24
Estep
Estep runtime (s): 0.1248471736907959
Mstep
Optimizing phi
Optimizing branch lengths. Current phi: 0. Current nu:0.27046704020798057
Optimizing nu
Mstep runtime (s): 0.2925300598144531
Finished EM iter: 24. Current nllh: 6014.319997221922
Starting EM iter: 25
Estep
Estep runtime (s): 0.12546682357788086
Mstep
Optimizing phi
Optimizing branch lengths. Current phi: 0. Current nu:0.2704722069273099
Optimizing nu
Mstep runtime (s): 0.284984827041626
Finished EM iter: 25. Current nllh: 6014.319676676297
Starting EM iter: 26
Estep
Estep runtime (s): 0.12513113021850586
Mstep
Optimizing phi
Optimizing branch lengths. Current phi: 0. Current nu:0.2704768617805484
Optimizing nu
Mstep runtime (s): 0.30655694007873535
Finished EM iter: 26. Current nllh: 6014.319403741831
Starting EM iter: 27
Estep
Estep runtime (s): 0.12546610832214355
Mstep
Optimizing phi
Optimizing branch lengths. Current phi: 0. Current nu:0.27048079599232777
Optimizing nu
Mstep runtime (s): 0.3139679431915283
Finished EM iter: 27. Current nllh: 6014.319165170776
Starting EM iter: 28
Estep
Estep runtime (s): 0.125230073928833
Mstep
Optimizing phi
Optimizing branch lengths. Current phi: 0. Current nu:0.2704845740914081
Optimizing nu
Mstep runtime (s): 0.31685709953308105
Finished EM iter: 28. Current nllh: 6014.318958426905
Starting EM iter: 29
Estep
Estep runtime (s): 0.12516522407531738
Mstep
Optimizing phi
Optimizing branch lengths. Current phi: 0. Current nu:0.27048764640079603
Optimizing nu
Mstep runtime (s): 0.292712926864624
Finished EM iter: 29. Current nllh: 6014.318780121902
Starting EM iter: 30
Estep
Estep runtime (s): 0.12500882148742676
Mstep
Optimizing phi
Optimizing branch lengths. Current phi: 0. Current nu:0.27049075216257784
Optimizing nu
Mstep runtime (s): 0.27459287643432617
Finished EM iter: 30. Current nllh: 6014.318619234669
Starting EM iter: 31
Estep
Estep runtime (s): 0.1256861686706543
Mstep
Optimizing phi
Optimizing branch lengths. Current phi: 0. Current nu:0.2704937104974854
Optimizing nu
Mstep runtime (s): 0.3063700199127197
Finished EM iter: 31. Current nllh: 6014.318473677822
Starting EM iter: 32
Estep
Estep runtime (s): 0.12512493133544922
Mstep
Optimizing phi
Optimizing branch lengths. Current phi: 0. Current nu:0.27049667486945533
Optimizing nu
Mstep runtime (s): 0.3051929473876953
Finished EM iter: 32. Current nllh: 6014.318346818902
Starting EM iter: 33
Estep
Estep runtime (s): 0.1254279613494873
Mstep
Optimizing phi
Optimizing branch lengths. Current phi: 0. Current nu:0.27049910367095953
Optimizing nu
Mstep runtime (s): 0.2849142551422119
Finished EM iter: 33. Current nllh: 6014.318227619011
Starting EM iter: 34
Estep
Estep runtime (s): 0.12534403800964355
Mstep
Optimizing phi
Optimizing branch lengths. Current phi: 0. Current nu:0.2705019612451104
Optimizing nu
Mstep runtime (s): 0.32747793197631836
Finished EM iter: 34. Current nllh: 6014.318121247514
Starting EM iter: 35
Estep
Estep runtime (s): 0.12566399574279785
Mstep
Optimizing phi
Optimizing branch lengths. Current phi: 0. Current nu:0.2705042892135138
Optimizing nu
Mstep runtime (s): 0.30701494216918945
Finished EM iter: 35. Current nllh: 6014.318032173431
Starting EM iter: 36
Estep
Estep runtime (s): 0.12535929679870605
Mstep
Optimizing phi
Optimizing branch lengths. Current phi: 0. Current nu:0.27050612735465634
Optimizing nu
Mstep runtime (s): 0.31253910064697266
Finished EM iter: 36. Current nllh: 6014.317953078596
Starting EM iter: 37
Estep
Estep runtime (s): 0.12545204162597656
Mstep
Optimizing phi
Optimizing branch lengths. Current phi: 0. Current nu:0.27050798458940184
Optimizing nu
Mstep runtime (s): 0.31220293045043945
Finished EM iter: 37. Current nllh: 6014.317878859436
Starting EM iter: 38
Estep
Estep runtime (s): 0.12514400482177734
Mstep
Optimizing phi
Optimizing branch lengths. Current phi: 0. Current nu:0.27050971178420474
Optimizing nu
Mstep runtime (s): 0.3586568832397461
Finished EM iter: 38. Current nllh: 6014.317662783161
Starting EM iter: 39
Estep
Estep runtime (s): 0.1254899501800537
Mstep
Optimizing phi
Optimizing branch lengths. Current phi: 0. Current nu:0.2705123706370073
Optimizing nu
Mstep runtime (s): 0.28926801681518555
Finished EM iter: 39. Current nllh: 6014.317735060599
Starting EM iter: 40
Estep
Estep runtime (s): 0.12540698051452637
Mstep
Optimizing phi
Optimizing branch lengths. Current phi: 0. Current nu:0.2705134567082713
Optimizing nu
Mstep runtime (s): 0.2920210361480713
Finished EM iter: 40. Current nllh: 6014.317677492052
EM finished after 40 iterations.
Optimal phi: 0. Optimal nu: 0.27051541025079584. Optimal nllh: 6014.317677492052
Optimal point found for initial point 1
Numerical optimization finished successfully
Tree height pre-scaling: 0.6821458421652613, input timescale: 1.0
Tree height after scaling: 1.0, mutation rate: 0.6821458421652613
Tree height pre-scaling: 0.6821458420918277, input timescale: 1.0
Tree height after scaling: 1.0, mutation rate: 0.6821458420918277
Tree height pre-scaling: 0.6821458420114029, input timescale: 1.0
Tree height after scaling: 1.0, mutation rate: 0.6821458420114029
Tree height pre-scaling: 0.6821458420180497, input timescale: 1.0
Tree height after scaling: 1.0, mutation rate: 0.6821458420180497
Tree height pre-scaling: 0.6821458419975281, input timescale: 1.0
Tree height after scaling: 0.9999999999999999, mutation rate: 0.6821458419975281
Tree height pre-scaling: 0.6821458419488841, input timescale: 1.0
Tree height after scaling: 1.0, mutation rate: 0.6821458419488841
Tree height pre-scaling: 0.6821458425217044, input timescale: 1.0
Tree height after scaling: 1.0, mutation rate: 0.6821458425217044
Tree height pre-scaling: 0.682145842067589, input timescale: 1.0
Tree height after scaling: 1.0, mutation rate: 0.682145842067589
Tree height pre-scaling: 0.6821458419024999, input timescale: 1.0
Tree height after scaling: 1.0, mutation rate: 0.6821458419024999
Tree height pre-scaling: 0.6821458425073579, input timescale: 1.0
Tree height after scaling: 1.0, mutation rate: 0.6821458425073579
Runtime (s): 18.697491916
