Launching LAML version 0.0.4
LAML was called as follows: /Users/uym2/my_gits/LAML/run_laml.py -c ../../bar24/Bar24_character_matrix.txt -t place_outlier_2/augmented_tree_220.nwk -o place_outlier_2/augmented_tree_220_optimized -v -p ../../bar24/Bar24_priors.pickle --delimiter tab -m -1 --nInitials 1
Prior keys mismatch with site names.
Prior keys: [0, 1, 2, 3, 4, 5, 6, 7, 8, 9, 10, 11, 12, 13, 14, 15, 16, 17, 18, 19, 20, 21, 22, 23, 24, 25, 26, 27, 28]
Site names: ['r1', 'r2', 'r3', 'r4', 'r5', 'r6', 'r7', 'r8', 'r9', 'r10', 'r11', 'r12', 'r13', 'r14', 'r15', 'r16', 'r17', 'r18', 'r19', 'r20', 'r21', 'r22', 'r23', 'r24', 'r25', 'r26', 'r27', 'r28', 'r29', 'r30']
Attempting to infer mapping between site names and prior keys...
Not all site names are present in the dictionary. Trying offset...
Offset between input site names and prior keys is assumed to be 1
Missing priors at site r30, filling in uniform priors...
{'r1': 0, 'r2': 1, 'r3': 2, 'r4': 3, 'r5': 4, 'r6': 5, 'r7': 6, 'r8': 7, 'r9': 8, 'r10': 9, 'r11': 10, 'r12': 11, 'r13': 12, 'r14': 13, 'r15': 14, 'r16': 15, 'r17': 16, 'r18': 17, 'r19': 18, 'r20': 19, 'r21': 20, 'r22': 21, 'r23': 22, 'r24': 23, 'r25': 24, 'r26': 25, 'r27': 26, 'r28': 27, 'r29': 28, 'r30': 29}
Optimizing branch lengths, phi, and nu without topology search
Optimization by EM algorithm
Optimization start with 1 initials
Initial point 1. Random seed: 9442
Numerical optimization started with ultrametric constraint (default)
Initial phi: 0.14523032075489975. Initial nu: 0.9463766858226635. Initial nllh: 8642.724499686086
Starting EM iter: 1
Estep
Estep runtime (s): 0.09342122077941895
Mstep
Optimizing phi
Optimizing branch lengths. Current phi: 0.027212368633274524. Current nu:0.9463766858226635
Optimizing nu
Mstep runtime (s): 0.30090904235839844
Finished EM iter: 1. Current nllh: 6285.911180708226
Starting EM iter: 2
Estep
Estep runtime (s): 0.12689995765686035
Mstep
Optimizing phi
Optimizing branch lengths. Current phi: 0.015883487413615265. Current nu:0.39826212693898355
Optimizing nu
Mstep runtime (s): 0.2747788429260254
Finished EM iter: 2. Current nllh: 6115.137608251741
Starting EM iter: 3
Estep
Estep runtime (s): 0.12719106674194336
Mstep
Optimizing phi
Optimizing branch lengths. Current phi: 0.010439835952900666. Current nu:0.2658088100611709
Optimizing nu
Mstep runtime (s): 0.2613668441772461
Finished EM iter: 3. Current nllh: 6088.429948565694
Starting EM iter: 4
Estep
Estep runtime (s): 0.12719416618347168
Mstep
Optimizing phi
Optimizing branch lengths. Current phi: 0.007095880290629719. Current nu:0.24088420916938866
Optimizing nu
Mstep runtime (s): 0.2896251678466797
Finished EM iter: 4. Current nllh: 6081.340910842822
Starting EM iter: 5
Estep
Estep runtime (s): 0.12712502479553223
Mstep
Optimizing phi
Optimizing branch lengths. Current phi: 0.004841321422148113. Current nu:0.24192428583821105
Optimizing nu
Mstep runtime (s): 0.25550007820129395
Finished EM iter: 5. Current nllh: 6077.130364286627
Starting EM iter: 6
Estep
Estep runtime (s): 0.12723517417907715
Mstep
Optimizing phi
Optimizing branch lengths. Current phi: 0.0032729594042088866. Current nu:0.24786390692262267
Optimizing nu
Mstep runtime (s): 0.27065610885620117
Finished EM iter: 6. Current nllh: 6074.236666760526
Starting EM iter: 7
Estep
Estep runtime (s): 0.12727785110473633
Mstep
Optimizing phi
Optimizing branch lengths. Current phi: 0.0021884875184843577. Current nu:0.25358083730606396
Optimizing nu
Mstep runtime (s): 0.2949707508087158
Finished EM iter: 7. Current nllh: 6072.311501373437
Starting EM iter: 8
Estep
Estep runtime (s): 0.1273179054260254
Mstep
Optimizing phi
Optimizing branch lengths. Current phi: 0.0014528969292681413. Current nu:0.2580482810614352
Optimizing nu
Mstep runtime (s): 0.25927281379699707
Finished EM iter: 8. Current nllh: 6071.065274934388
Starting EM iter: 9
Estep
Estep runtime (s): 0.12744975090026855
Mstep
Optimizing phi
Optimizing branch lengths. Current phi: 0.0009607003213916324. Current nu:0.2612711101402558
Optimizing nu
Mstep runtime (s): 0.26766395568847656
Finished EM iter: 9. Current nllh: 6070.2437206965005
Starting EM iter: 10
Estep
Estep runtime (s): 0.12755107879638672
Mstep
Optimizing phi
Optimizing branch lengths. Current phi: 0.0006337573899117761. Current nu:0.26351855030320576
Optimizing nu
Mstep runtime (s): 0.27149295806884766
Finished EM iter: 10. Current nllh: 6069.702812438421
Starting EM iter: 11
Estep
Estep runtime (s): 0.1278209686279297
Mstep
Optimizing phi
Optimizing branch lengths. Current phi: 0.000417469134550659. Current nu:0.26505136564029147
Optimizing nu
Mstep runtime (s): 0.26824116706848145
Finished EM iter: 11. Current nllh: 6069.346781690099
Starting EM iter: 12
Estep
Estep runtime (s): 0.127655029296875
Mstep
Optimizing phi
Optimizing branch lengths. Current phi: 0.000274736160601323. Current nu:0.26608471180847704
Optimizing nu
Mstep runtime (s): 0.3138279914855957
Finished EM iter: 12. Current nllh: 6069.112291619438
Starting EM iter: 13
Estep
Estep runtime (s): 0.12803101539611816
Mstep
Optimizing phi
Optimizing branch lengths. Current phi: 0.00018069168558804174. Current nu:0.2667749770984659
Optimizing nu
Mstep runtime (s): 0.32193589210510254
Finished EM iter: 13. Current nllh: 6068.957956486534
Starting EM iter: 14
Estep
Estep runtime (s): 0.12757182121276855
Mstep
Optimizing phi
Optimizing branch lengths. Current phi: 0. Current nu:0.2672380057159394
Optimizing nu
Mstep runtime (s): 0.2793159484863281
Finished EM iter: 14. Current nllh: 6068.674244163207
Starting EM iter: 15
Estep
Estep runtime (s): 0.12719416618347168
Mstep
Optimizing phi
Optimizing branch lengths. Current phi: 0. Current nu:0.2675463753647631
Optimizing nu
Mstep runtime (s): 0.3365786075592041
Finished EM iter: 15. Current nllh: 6068.67002720747
Starting EM iter: 16
Estep
Estep runtime (s): 0.1273491382598877
Mstep
Optimizing phi
Optimizing branch lengths. Current phi: 0. Current nu:0.2679459071337735
Optimizing nu
Mstep runtime (s): 0.2656068801879883
Finished EM iter: 16. Current nllh: 6068.664366317544
Starting EM iter: 17
Estep
Estep runtime (s): 0.12726616859436035
Mstep
Optimizing phi
Optimizing branch lengths. Current phi: 0. Current nu:0.26808095704236545
Optimizing nu
Mstep runtime (s): 0.2917759418487549
Finished EM iter: 17. Current nllh: 6068.661838242748
Starting EM iter: 18
Estep
Estep runtime (s): 0.12729120254516602
Mstep
Optimizing phi
Optimizing branch lengths. Current phi: 0. Current nu:0.26812690915582715
Optimizing nu
Mstep runtime (s): 0.27711987495422363
Finished EM iter: 18. Current nllh: 6068.660603660712
Starting EM iter: 19
Estep
Estep runtime (s): 0.12738394737243652
Mstep
Optimizing phi
Optimizing branch lengths. Current phi: 0. Current nu:0.26814826328066654
Optimizing nu
Mstep runtime (s): 0.29867100715637207
Finished EM iter: 19. Current nllh: 6068.659742874506
Starting EM iter: 20
Estep
Estep runtime (s): 0.12742304801940918
Mstep
Optimizing phi
Optimizing branch lengths. Current phi: 0. Current nu:0.2681595682653235
Optimizing nu
Mstep runtime (s): 0.2938828468322754
Finished EM iter: 20. Current nllh: 6068.659104841005
Starting EM iter: 21
Estep
Estep runtime (s): 0.12739324569702148
Mstep
Optimizing phi
Optimizing branch lengths. Current phi: 0. Current nu:0.2681676753393893
Optimizing nu
Mstep runtime (s): 0.2807810306549072
Finished EM iter: 21. Current nllh: 6068.65859678868
Starting EM iter: 22
Estep
Estep runtime (s): 0.12753009796142578
Mstep
Optimizing phi
Optimizing branch lengths. Current phi: 0. Current nu:0.26817402554657477
Optimizing nu
Mstep runtime (s): 0.27091503143310547
Finished EM iter: 22. Current nllh: 6068.658176502881
Starting EM iter: 23
Estep
Estep runtime (s): 0.12749195098876953
Mstep
Optimizing phi
Optimizing branch lengths. Current phi: 0. Current nu:0.2681796848089584
Optimizing nu
Mstep runtime (s): 0.3350498676300049
Finished EM iter: 23. Current nllh: 6068.657823932934
Starting EM iter: 24
Estep
Estep runtime (s): 0.12759613990783691
Mstep
Optimizing phi
Optimizing branch lengths. Current phi: 0. Current nu:0.26818458015184343
Optimizing nu
Mstep runtime (s): 0.3039569854736328
Finished EM iter: 24. Current nllh: 6068.657532482256
Starting EM iter: 25
Estep
Estep runtime (s): 0.12757492065429688
Mstep
Optimizing phi
Optimizing branch lengths. Current phi: 0. Current nu:0.26818859341724327
Optimizing nu
Mstep runtime (s): 0.37215709686279297
Finished EM iter: 25. Current nllh: 6068.65728596079
Starting EM iter: 26
Estep
Estep runtime (s): 0.12763595581054688
Mstep
Optimizing phi
Optimizing branch lengths. Current phi: 0. Current nu:0.2681922809958999
Optimizing nu
Mstep runtime (s): 0.28605079650878906
Finished EM iter: 26. Current nllh: 6068.657064580183
Starting EM iter: 27
Estep
Estep runtime (s): 0.12749505043029785
Mstep
Optimizing phi
Optimizing branch lengths. Current phi: 0. Current nu:0.2681960536414359
Optimizing nu
Mstep runtime (s): 0.295482873916626
Finished EM iter: 27. Current nllh: 6068.656869703358
Starting EM iter: 28
Estep
Estep runtime (s): 0.1274411678314209
Mstep
Optimizing phi
Optimizing branch lengths. Current phi: 0. Current nu:0.2681997386579068
Optimizing nu
Mstep runtime (s): 0.3255617618560791
Finished EM iter: 28. Current nllh: 6068.656648902484
Starting EM iter: 29
Estep
Estep runtime (s): 0.128098726272583
Mstep
Optimizing phi
Optimizing branch lengths. Current phi: 0. Current nu:0.26820059026008364
Optimizing nu
Mstep runtime (s): 0.2724142074584961
Finished EM iter: 29. Current nllh: 6068.656581798009
Starting EM iter: 30
Estep
Estep runtime (s): 0.12737107276916504
Mstep
Optimizing phi
Optimizing branch lengths. Current phi: 0. Current nu:0.26820519494436795
Optimizing nu
Mstep runtime (s): 0.2818150520324707
Finished EM iter: 30. Current nllh: 6068.656434735185
Starting EM iter: 31
Estep
Estep runtime (s): 0.12758398056030273
Mstep
Optimizing phi
Optimizing branch lengths. Current phi: 0. Current nu:0.26820807927373563
Optimizing nu
Mstep runtime (s): 0.30935120582580566
Finished EM iter: 31. Current nllh: 6068.6563230104775
Starting EM iter: 32
Estep
Estep runtime (s): 0.12734603881835938
Mstep
Optimizing phi
Optimizing branch lengths. Current phi: 0. Current nu:0.268210425614556
Optimizing nu
Mstep runtime (s): 0.2854447364807129
Finished EM iter: 32. Current nllh: 6068.656221309728
Starting EM iter: 33
Estep
Estep runtime (s): 0.12752389907836914
Mstep
Optimizing phi
Optimizing branch lengths. Current phi: 0. Current nu:0.26821276528341237
Optimizing nu
Mstep runtime (s): 0.28848695755004883
Finished EM iter: 33. Current nllh: 6068.655832649742
Starting EM iter: 34
Estep
Estep runtime (s): 0.1277000904083252
Mstep
Optimizing phi
Optimizing branch lengths. Current phi: 0. Current nu:0.2682170602803602
Optimizing nu
Mstep runtime (s): 0.29017114639282227
Finished EM iter: 34. Current nllh: 6068.65599366994
Starting EM iter: 35
Estep
Estep runtime (s): 0.1278541088104248
Mstep
Optimizing phi
Optimizing branch lengths. Current phi: 0. Current nu:0.26821867349806816
Optimizing nu
Mstep runtime (s): 0.3624298572540283
Finished EM iter: 35. Current nllh: 6068.655927712283
Starting EM iter: 36
Estep
Estep runtime (s): 0.12755608558654785
Mstep
Optimizing phi
Optimizing branch lengths. Current phi: 0. Current nu:0.26822018229653743
Optimizing nu
Mstep runtime (s): 0.35895395278930664
Finished EM iter: 36. Current nllh: 6068.655869717423
EM finished after 36 iterations.
Optimal phi: 0. Optimal nu: 0.26822171529061883. Optimal nllh: 6068.655869717423
Optimal point found for initial point 1
Numerical optimization finished successfully
Tree height pre-scaling: 0.6750886459743828, input timescale: 1.0
Tree height after scaling: 1.0, mutation rate: 0.6750886459743828
Tree height pre-scaling: 0.6750886459715905, input timescale: 1.0
Tree height after scaling: 1.0, mutation rate: 0.6750886459715905
Tree height pre-scaling: 0.6750886459638341, input timescale: 1.0
Tree height after scaling: 1.0, mutation rate: 0.6750886459638341
Tree height pre-scaling: 0.6750886459649322, input timescale: 1.0
Tree height after scaling: 0.9999999999999999, mutation rate: 0.6750886459649322
Tree height pre-scaling: 0.6750886460052018, input timescale: 1.0
Tree height after scaling: 1.0, mutation rate: 0.6750886460052018
Tree height pre-scaling: 0.6750886459674191, input timescale: 1.0
Tree height after scaling: 1.0, mutation rate: 0.6750886459674191
Tree height pre-scaling: 0.6750886459568038, input timescale: 1.0
Tree height after scaling: 1.0, mutation rate: 0.6750886459568038
Tree height pre-scaling: 0.6750886459734269, input timescale: 1.0
Tree height after scaling: 0.9999999999999998, mutation rate: 0.6750886459734269
Tree height pre-scaling: 0.6750886459596473, input timescale: 1.0
Tree height after scaling: 1.0, mutation rate: 0.6750886459596473
Tree height pre-scaling: 0.6750886459798655, input timescale: 1.0
Tree height after scaling: 1.0000000000000002, mutation rate: 0.6750886459798655
Runtime (s): 16.636955708
