Launching LAML version 0.0.4
LAML was called as follows: /Users/uym2/my_gits/LAML/run_laml.py -c ../../bar24/Bar24_character_matrix.txt -t place_outlier_2/augmented_tree_84.nwk -o place_outlier_2/augmented_tree_84_optimized -v -p ../../bar24/Bar24_priors.pickle --delimiter tab -m -1 --nInitials 1
Prior keys mismatch with site names.
Prior keys: [0, 1, 2, 3, 4, 5, 6, 7, 8, 9, 10, 11, 12, 13, 14, 15, 16, 17, 18, 19, 20, 21, 22, 23, 24, 25, 26, 27, 28]
Site names: ['r1', 'r2', 'r3', 'r4', 'r5', 'r6', 'r7', 'r8', 'r9', 'r10', 'r11', 'r12', 'r13', 'r14', 'r15', 'r16', 'r17', 'r18', 'r19', 'r20', 'r21', 'r22', 'r23', 'r24', 'r25', 'r26', 'r27', 'r28', 'r29', 'r30']
Attempting to infer mapping between site names and prior keys...
Not all site names are present in the dictionary. Trying offset...
Offset between input site names and prior keys is assumed to be 1
Missing priors at site r30, filling in uniform priors...
{'r1': 0, 'r2': 1, 'r3': 2, 'r4': 3, 'r5': 4, 'r6': 5, 'r7': 6, 'r8': 7, 'r9': 8, 'r10': 9, 'r11': 10, 'r12': 11, 'r13': 12, 'r14': 13, 'r15': 14, 'r16': 15, 'r17': 16, 'r18': 17, 'r19': 18, 'r20': 19, 'r21': 20, 'r22': 21, 'r23': 22, 'r24': 23, 'r25': 24, 'r26': 25, 'r27': 26, 'r28': 27, 'r29': 28, 'r30': 29}
Optimizing branch lengths, phi, and nu without topology search
Optimization by EM algorithm
Optimization start with 1 initials
Initial point 1. Random seed: 9788
Numerical optimization started with ultrametric constraint (default)
Initial phi: 0.23622692430729442. Initial nu: 0.28599431203391223. Initial nllh: 8267.963455528188
Starting EM iter: 1
Estep
Estep runtime (s): 0.0928487777709961
Mstep
Optimizing phi
Optimizing branch lengths. Current phi: 0.04658586542785165. Current nu:0.28599431203391223
Optimizing nu
Mstep runtime (s): 0.3278341293334961
Finished EM iter: 1. Current nllh: 6171.871383859254
Starting EM iter: 2
Estep
Estep runtime (s): 0.12699389457702637
Mstep
Optimizing phi
Optimizing branch lengths. Current phi: 0.02639008164021801. Current nu:0.17138160564424332
Optimizing nu
Mstep runtime (s): 0.32825398445129395
Finished EM iter: 2. Current nllh: 6073.968974471549
Starting EM iter: 3
Estep
Estep runtime (s): 0.1269230842590332
Mstep
Optimizing phi
Optimizing branch lengths. Current phi: 0.017225709600412174. Current nu:0.17656755064058077
Optimizing nu
Mstep runtime (s): 0.3055241107940674
Finished EM iter: 3. Current nllh: 6049.441337603998
Starting EM iter: 4
Estep
Estep runtime (s): 0.1264340877532959
Mstep
Optimizing phi
Optimizing branch lengths. Current phi: 0.011760274763273348. Current nu:0.19751578339070935
Optimizing nu
Mstep runtime (s): 0.299105167388916
Finished EM iter: 4. Current nllh: 6036.8364451161
Starting EM iter: 5
Estep
Estep runtime (s): 0.12683892250061035
Mstep
Optimizing phi
Optimizing branch lengths. Current phi: 0.008130691393646108. Current nu:0.2167161918743774
Optimizing nu
Mstep runtime (s): 0.3174252510070801
Finished EM iter: 5. Current nllh: 6029.223798339799
Starting EM iter: 6
Estep
Estep runtime (s): 0.12731599807739258
Mstep
Optimizing phi
Optimizing branch lengths. Current phi: 0.0056643844665957965. Current nu:0.23137969775056494
Optimizing nu
Mstep runtime (s): 0.29051995277404785
Finished EM iter: 6. Current nllh: 6024.245720654611
Starting EM iter: 7
Estep
Estep runtime (s): 0.12707901000976562
Mstep
Optimizing phi
Optimizing branch lengths. Current phi: 0.003912385469958914. Current nu:0.24197679371943037
Optimizing nu
Mstep runtime (s): 0.27637505531311035
Finished EM iter: 7. Current nllh: 6020.640409501023
Starting EM iter: 8
Estep
Estep runtime (s): 0.12719297409057617
Mstep
Optimizing phi
Optimizing branch lengths. Current phi: 0.0026406187770908938. Current nu:0.2496131136995482
Optimizing nu
Mstep runtime (s): 0.2641642093658447
Finished EM iter: 8. Current nllh: 6018.214253445646
Starting EM iter: 9
Estep
Estep runtime (s): 0.12707018852233887
Mstep
Optimizing phi
Optimizing branch lengths. Current phi: 0.0017542200244167073. Current nu:0.25515644272352417
Optimizing nu
Mstep runtime (s): 0.29509973526000977
Finished EM iter: 9. Current nllh: 6016.662407577152
Starting EM iter: 10
Estep
Estep runtime (s): 0.12726211547851562
Mstep
Optimizing phi
Optimizing branch lengths. Current phi: 0.001157086474352117. Current nu:0.25912008658964225
Optimizing nu
Mstep runtime (s): 0.2791910171508789
Finished EM iter: 10. Current nllh: 6015.650394531344
Starting EM iter: 11
Estep
Estep runtime (s): 0.12734317779541016
Mstep
Optimizing phi
Optimizing branch lengths. Current phi: 0.0007606022090579965. Current nu:0.26188562548926037
Optimizing nu
Mstep runtime (s): 0.29929018020629883
Finished EM iter: 11. Current nllh: 6014.987850074187
Starting EM iter: 12
Estep
Estep runtime (s): 0.12720894813537598
Mstep
Optimizing phi
Optimizing branch lengths. Current phi: 0.0004990091361365881. Current nu:0.2637737516243594
Optimizing nu
Mstep runtime (s): 0.32993507385253906
Finished EM iter: 12. Current nllh: 6014.553954898429
Starting EM iter: 13
Estep
Estep runtime (s): 0.12742090225219727
Mstep
Optimizing phi
Optimizing branch lengths. Current phi: 0.0003269921112713225. Current nu:0.2650447632096744
Optimizing nu
Mstep runtime (s): 0.3105049133300781
Finished EM iter: 13. Current nllh: 6014.269709416544
Starting EM iter: 14
Estep
Estep runtime (s): 0.12744402885437012
Mstep
Optimizing phi
Optimizing branch lengths. Current phi: 0.00021410544568327162. Current nu:0.26589413812311485
Optimizing nu
Mstep runtime (s): 0.2965860366821289
Finished EM iter: 14. Current nllh: 6014.083402183251
Starting EM iter: 15
Estep
Estep runtime (s): 0.127899169921875
Mstep
Optimizing phi
Optimizing branch lengths. Current phi: 0. Current nu:0.2664597551564727
Optimizing nu
Mstep runtime (s): 0.29375576972961426
Finished EM iter: 15. Current nllh: 6013.744796406179
Starting EM iter: 16
Estep
Estep runtime (s): 0.12691617012023926
Mstep
Optimizing phi
Optimizing branch lengths. Current phi: 0. Current nu:0.26683565861285835
Optimizing nu
Mstep runtime (s): 0.29757094383239746
Finished EM iter: 16. Current nllh: 6013.740493205072
Starting EM iter: 17
Estep
Estep runtime (s): 0.12701892852783203
Mstep
Optimizing phi
Optimizing branch lengths. Current phi: 0. Current nu:0.267318180820557
Optimizing nu
Mstep runtime (s): 0.3150057792663574
Finished EM iter: 17. Current nllh: 6013.733823728658
Starting EM iter: 18
Estep
Estep runtime (s): 0.1267106533050537
Mstep
Optimizing phi
Optimizing branch lengths. Current phi: 0. Current nu:0.26747825907399286
Optimizing nu
Mstep runtime (s): 0.35636115074157715
Finished EM iter: 18. Current nllh: 6013.731015338726
Starting EM iter: 19
Estep
Estep runtime (s): 0.127424955368042
Mstep
Optimizing phi
Optimizing branch lengths. Current phi: 0. Current nu:0.2675348445034985
Optimizing nu
Mstep runtime (s): 0.2859797477722168
Finished EM iter: 19. Current nllh: 6013.7296412335545
Starting EM iter: 20
Estep
Estep runtime (s): 0.12719988822937012
Mstep
Optimizing phi
Optimizing branch lengths. Current phi: 0. Current nu:0.2675589807577416
Optimizing nu
Mstep runtime (s): 0.2890329360961914
Finished EM iter: 20. Current nllh: 6013.728701100989
Starting EM iter: 21
Estep
Estep runtime (s): 0.1271681785583496
Mstep
Optimizing phi
Optimizing branch lengths. Current phi: 0. Current nu:0.2675719285845438
Optimizing nu
Mstep runtime (s): 0.3446168899536133
Finished EM iter: 21. Current nllh: 6013.72798212495
Starting EM iter: 22
Estep
Estep runtime (s): 0.12726902961730957
Mstep
Optimizing phi
Optimizing branch lengths. Current phi: 0. Current nu:0.26757990694964406
Optimizing nu
Mstep runtime (s): 0.2918558120727539
Finished EM iter: 22. Current nllh: 6013.7273074164195
Starting EM iter: 23
Estep
Estep runtime (s): 0.127122163772583
Mstep
Optimizing phi
Optimizing branch lengths. Current phi: 0. Current nu:0.2675869901754776
Optimizing nu
Mstep runtime (s): 0.2876741886138916
Finished EM iter: 23. Current nllh: 6013.726988322214
Starting EM iter: 24
Estep
Estep runtime (s): 0.1271350383758545
Mstep
Optimizing phi
Optimizing branch lengths. Current phi: 0. Current nu:0.2675943632854153
Optimizing nu
Mstep runtime (s): 0.27132391929626465
Finished EM iter: 24. Current nllh: 6013.726610462957
Starting EM iter: 25
Estep
Estep runtime (s): 0.12732410430908203
Mstep
Optimizing phi
Optimizing branch lengths. Current phi: 0. Current nu:0.26759998323358253
Optimizing nu
Mstep runtime (s): 0.28156185150146484
Finished EM iter: 25. Current nllh: 6013.726303599301
Starting EM iter: 26
Estep
Estep runtime (s): 0.1271500587463379
Mstep
Optimizing phi
Optimizing branch lengths. Current phi: 0. Current nu:0.26760478905469226
Optimizing nu
Mstep runtime (s): 0.32807183265686035
Finished EM iter: 26. Current nllh: 6013.72605158694
Starting EM iter: 27
Estep
Estep runtime (s): 0.12714600563049316
Mstep
Optimizing phi
Optimizing branch lengths. Current phi: 0. Current nu:0.2676085226371394
Optimizing nu
Mstep runtime (s): 0.30876898765563965
Finished EM iter: 27. Current nllh: 6013.725734332518
Starting EM iter: 28
Estep
Estep runtime (s): 0.12711286544799805
Mstep
Optimizing phi
Optimizing branch lengths. Current phi: 0. Current nu:0.2676115968032274
Optimizing nu
Mstep runtime (s): 0.3201630115509033
Finished EM iter: 28. Current nllh: 6013.725641685995
Starting EM iter: 29
Estep
Estep runtime (s): 0.12720108032226562
Mstep
Optimizing phi
Optimizing branch lengths. Current phi: 0. Current nu:0.267615671493088
Optimizing nu
Mstep runtime (s): 0.310056209564209
Finished EM iter: 29. Current nllh: 6013.725470120727
Starting EM iter: 30
Estep
Estep runtime (s): 0.12746906280517578
Mstep
Optimizing phi
Optimizing branch lengths. Current phi: 0. Current nu:0.2676192978549105
Optimizing nu
Mstep runtime (s): 0.33407020568847656
Finished EM iter: 30. Current nllh: 6013.725258499939
Starting EM iter: 31
Estep
Estep runtime (s): 0.12708616256713867
Mstep
Optimizing phi
Optimizing branch lengths. Current phi: 0. Current nu:0.2676220792839532
Optimizing nu
Mstep runtime (s): 0.335864782333374
Finished EM iter: 31. Current nllh: 6013.725016891088
Starting EM iter: 32
Estep
Estep runtime (s): 0.12723302841186523
Mstep
Optimizing phi
Optimizing branch lengths. Current phi: 0. Current nu:0.2676260448888655
Optimizing nu
Mstep runtime (s): 0.26867198944091797
Finished EM iter: 32. Current nllh: 6013.725051479778
EM finished after 32 iterations.
Optimal phi: 0. Optimal nu: 0.2676288479613518. Optimal nllh: 6013.725051479778
Optimal point found for initial point 1
Numerical optimization finished successfully
Tree height pre-scaling: 0.672410225039124, input timescale: 1.0
Tree height after scaling: 1.0000000000000002, mutation rate: 0.672410225039124
Tree height pre-scaling: 0.6724102250140441, input timescale: 1.0
Tree height after scaling: 1.0, mutation rate: 0.6724102250140441
Tree height pre-scaling: 0.6724102249798347, input timescale: 1.0
Tree height after scaling: 1.0, mutation rate: 0.6724102249798347
Tree height pre-scaling: 0.6724102249790533, input timescale: 1.0
Tree height after scaling: 1.0, mutation rate: 0.6724102249790533
Tree height pre-scaling: 0.6724102249715506, input timescale: 1.0
Tree height after scaling: 1.0, mutation rate: 0.6724102249715506
Tree height pre-scaling: 0.6724102249584049, input timescale: 1.0
Tree height after scaling: 1.0, mutation rate: 0.6724102249584049
Tree height pre-scaling: 0.6724102251384332, input timescale: 1.0
Tree height after scaling: 1.0, mutation rate: 0.6724102251384332
Tree height pre-scaling: 0.6724102252148991, input timescale: 1.0
Tree height after scaling: 0.9999999999999998, mutation rate: 0.6724102252148991
Tree height pre-scaling: 0.6724102250037782, input timescale: 1.0
Tree height after scaling: 0.9999999999999999, mutation rate: 0.6724102250037782
Tree height pre-scaling: 0.6724102250569152, input timescale: 1.0
Tree height after scaling: 1.0, mutation rate: 0.6724102250569152
Runtime (s): 15.107188458
