Launching LAML version 0.0.4
LAML was called as follows: /Users/uym2/my_gits/LAML/run_laml.py -c ../../bar24/Bar24_character_matrix.txt -t place_outlier_2/augmented_tree_67.nwk -o place_outlier_2/augmented_tree_67_optimized -v -p ../../bar24/Bar24_priors.pickle --delimiter tab -m -1 --nInitials 1
Prior keys mismatch with site names.
Prior keys: [0, 1, 2, 3, 4, 5, 6, 7, 8, 9, 10, 11, 12, 13, 14, 15, 16, 17, 18, 19, 20, 21, 22, 23, 24, 25, 26, 27, 28]
Site names: ['r1', 'r2', 'r3', 'r4', 'r5', 'r6', 'r7', 'r8', 'r9', 'r10', 'r11', 'r12', 'r13', 'r14', 'r15', 'r16', 'r17', 'r18', 'r19', 'r20', 'r21', 'r22', 'r23', 'r24', 'r25', 'r26', 'r27', 'r28', 'r29', 'r30']
Attempting to infer mapping between site names and prior keys...
Not all site names are present in the dictionary. Trying offset...
Offset between input site names and prior keys is assumed to be 1
Missing priors at site r30, filling in uniform priors...
{'r1': 0, 'r2': 1, 'r3': 2, 'r4': 3, 'r5': 4, 'r6': 5, 'r7': 6, 'r8': 7, 'r9': 8, 'r10': 9, 'r11': 10, 'r12': 11, 'r13': 12, 'r14': 13, 'r15': 14, 'r16': 15, 'r17': 16, 'r18': 17, 'r19': 18, 'r20': 19, 'r21': 20, 'r22': 21, 'r23': 22, 'r24': 23, 'r25': 24, 'r26': 25, 'r27': 26, 'r28': 27, 'r29': 28, 'r30': 29}
Optimizing branch lengths, phi, and nu without topology search
Optimization by EM algorithm
Optimization start with 1 initials
Initial point 1. Random seed: 1047
Numerical optimization started with ultrametric constraint (default)
Initial phi: 0.45928132808694994. Initial nu: 0.7633329768645261. Initial nllh: 10602.854547942901
Starting EM iter: 1
Estep
Estep runtime (s): 0.09321188926696777
Mstep
Optimizing phi
Optimizing branch lengths. Current phi: 0.05721758267089916. Current nu:0.7633329768645261
Optimizing nu
Mstep runtime (s): 0.3365488052368164
Finished EM iter: 1. Current nllh: 6326.978701403104
Starting EM iter: 2
Estep
Estep runtime (s): 0.1252129077911377
Mstep
Optimizing phi
Optimizing branch lengths. Current phi: 0.028962252157628838. Current nu:0.2865259302112718
Optimizing nu
Mstep runtime (s): 0.2750728130340576
Finished EM iter: 2. Current nllh: 6112.331629452814
Starting EM iter: 3
Estep
Estep runtime (s): 0.12585186958312988
Mstep
Optimizing phi
Optimizing branch lengths. Current phi: 0.018767436542932725. Current nu:0.2036758383798332
Optimizing nu
Mstep runtime (s): 0.323361873626709
Finished EM iter: 3. Current nllh: 6077.512947721844
Starting EM iter: 4
Estep
Estep runtime (s): 0.12795209884643555
Mstep
Optimizing phi
Optimizing branch lengths. Current phi: 0.01284861542569307. Current nu:0.20434406481840575
Optimizing nu
Mstep runtime (s): 0.2945408821105957
Finished EM iter: 4. Current nllh: 6064.1471915228085
Starting EM iter: 5
Estep
Estep runtime (s): 0.1281299591064453
Mstep
Optimizing phi
Optimizing branch lengths. Current phi: 0.008942384679258113. Current nu:0.21845570121578672
Optimizing nu
Mstep runtime (s): 0.30376696586608887
Finished EM iter: 5. Current nllh: 6056.191407557328
Starting EM iter: 6
Estep
Estep runtime (s): 0.12703394889831543
Mstep
Optimizing phi
Optimizing branch lengths. Current phi: 0.006296560436942517. Current nu:0.2319010890010674
Optimizing nu
Mstep runtime (s): 0.2800569534301758
Finished EM iter: 6. Current nllh: 6051.106012250091
Starting EM iter: 7
Estep
Estep runtime (s): 0.12540888786315918
Mstep
Optimizing phi
Optimizing branch lengths. Current phi: 0.004428009453506267. Current nu:0.24235875030902554
Optimizing nu
Mstep runtime (s): 0.30619096755981445
Finished EM iter: 7. Current nllh: 6047.36757676458
Starting EM iter: 8
Estep
Estep runtime (s): 0.12575626373291016
Mstep
Optimizing phi
Optimizing branch lengths. Current phi: 0.003048390089294966. Current nu:0.25014591857345664
Optimizing nu
Mstep runtime (s): 0.2685811519622803
Finished EM iter: 8. Current nllh: 6044.71912804036
Starting EM iter: 9
Estep
Estep runtime (s): 0.12565016746520996
Mstep
Optimizing phi
Optimizing branch lengths. Current phi: 0.00205898978010338. Current nu:0.255950162707305
Optimizing nu
Mstep runtime (s): 0.30095791816711426
Finished EM iter: 9. Current nllh: 6042.9985832757275
Starting EM iter: 10
Estep
Estep runtime (s): 0.12575387954711914
Mstep
Optimizing phi
Optimizing branch lengths. Current phi: 0.0013785183265923994. Current nu:0.26021730403775556
Optimizing nu
Mstep runtime (s): 0.27158188819885254
Finished EM iter: 10. Current nllh: 6041.866323315001
Starting EM iter: 11
Estep
Estep runtime (s): 0.1255948543548584
Mstep
Optimizing phi
Optimizing branch lengths. Current phi: 0.0009192846729840927. Current nu:0.2632674624476999
Optimizing nu
Mstep runtime (s): 0.33507800102233887
Finished EM iter: 11. Current nllh: 6041.115179047119
Starting EM iter: 12
Estep
Estep runtime (s): 0.1258399486541748
Mstep
Optimizing phi
Optimizing branch lengths. Current phi: 0.0006117324753777395. Current nu:0.26539137539583535
Optimizing nu
Mstep runtime (s): 0.2806997299194336
Finished EM iter: 12. Current nllh: 6040.616798870238
Starting EM iter: 13
Estep
Estep runtime (s): 0.12587428092956543
Mstep
Optimizing phi
Optimizing branch lengths. Current phi: 0.0004065458855449381. Current nu:0.26684641078064475
Optimizing nu
Mstep runtime (s): 0.39006996154785156
Finished EM iter: 13. Current nllh: 6040.285752737011
Starting EM iter: 14
Estep
Estep runtime (s): 0.1258869171142578
Mstep
Optimizing phi
Optimizing branch lengths. Current phi: 0.00026995461005245954. Current nu:0.2678325497468174
Optimizing nu
Mstep runtime (s): 0.312640905380249
Finished EM iter: 14. Current nllh: 6040.065836269183
Starting EM iter: 15
Estep
Estep runtime (s): 0.12586069107055664
Mstep
Optimizing phi
Optimizing branch lengths. Current phi: 0.0001791541306926543. Current nu:0.26849819353839555
Optimizing nu
Mstep runtime (s): 0.28188180923461914
Finished EM iter: 15. Current nllh: 6039.9196404625945
Starting EM iter: 16
Estep
Estep runtime (s): 0.12592506408691406
Mstep
Optimizing phi
Optimizing branch lengths. Current phi: 0. Current nu:0.26894727386674955
Optimizing nu
Mstep runtime (s): 0.2711310386657715
Finished EM iter: 16. Current nllh: 6039.643546289857
Starting EM iter: 17
Estep
Estep runtime (s): 0.1254258155822754
Mstep
Optimizing phi
Optimizing branch lengths. Current phi: 0. Current nu:0.2692485927110314
Optimizing nu
Mstep runtime (s): 0.3541278839111328
Finished EM iter: 17. Current nllh: 6039.6398195787415
Starting EM iter: 18
Estep
Estep runtime (s): 0.1254289150238037
Mstep
Optimizing phi
Optimizing branch lengths. Current phi: 0. Current nu:0.26964979450739934
Optimizing nu
Mstep runtime (s): 0.29064297676086426
Finished EM iter: 18. Current nllh: 6039.63425270544
Starting EM iter: 19
Estep
Estep runtime (s): 0.1257169246673584
Mstep
Optimizing phi
Optimizing branch lengths. Current phi: 0. Current nu:0.2697849343197447
Optimizing nu
Mstep runtime (s): 0.2823970317840576
Finished EM iter: 19. Current nllh: 6039.631776606853
Starting EM iter: 20
Estep
Estep runtime (s): 0.12574172019958496
Mstep
Optimizing phi
Optimizing branch lengths. Current phi: 0. Current nu:0.2698330566792684
Optimizing nu
Mstep runtime (s): 0.321702241897583
Finished EM iter: 20. Current nllh: 6039.6301614470485
Starting EM iter: 21
Estep
Estep runtime (s): 0.12552809715270996
Mstep
Optimizing phi
Optimizing branch lengths. Current phi: 0. Current nu:0.2698535888963726
Optimizing nu
Mstep runtime (s): 0.31726908683776855
Finished EM iter: 21. Current nllh: 6039.629467190049
Starting EM iter: 22
Estep
Estep runtime (s): 0.12546586990356445
Mstep
Optimizing phi
Optimizing branch lengths. Current phi: 0. Current nu:0.2698658618569062
Optimizing nu
Mstep runtime (s): 0.3266148567199707
Finished EM iter: 22. Current nllh: 6039.628644447797
Starting EM iter: 23
Estep
Estep runtime (s): 0.12562918663024902
Mstep
Optimizing phi
Optimizing branch lengths. Current phi: 0. Current nu:0.2698750808246263
Optimizing nu
Mstep runtime (s): 0.3385920524597168
Finished EM iter: 23. Current nllh: 6039.628198256907
Starting EM iter: 24
Estep
Estep runtime (s): 0.12562274932861328
Mstep
Optimizing phi
Optimizing branch lengths. Current phi: 0. Current nu:0.2698816566102754
Optimizing nu
Mstep runtime (s): 0.35955095291137695
Finished EM iter: 24. Current nllh: 6039.627864652304
Starting EM iter: 25
Estep
Estep runtime (s): 0.1257312297821045
Mstep
Optimizing phi
Optimizing branch lengths. Current phi: 0. Current nu:0.26988672178034756
Optimizing nu
Mstep runtime (s): 0.3031039237976074
Finished EM iter: 25. Current nllh: 6039.627508554102
Starting EM iter: 26
Estep
Estep runtime (s): 0.12557697296142578
Mstep
Optimizing phi
Optimizing branch lengths. Current phi: 0. Current nu:0.26989150340403173
Optimizing nu
Mstep runtime (s): 0.3004300594329834
Finished EM iter: 26. Current nllh: 6039.627203697486
Starting EM iter: 27
Estep
Estep runtime (s): 0.12566399574279785
Mstep
Optimizing phi
Optimizing branch lengths. Current phi: 0. Current nu:0.2698958433268613
Optimizing nu
Mstep runtime (s): 0.2962932586669922
Finished EM iter: 27. Current nllh: 6039.6269394284445
Starting EM iter: 28
Estep
Estep runtime (s): 0.12595891952514648
Mstep
Optimizing phi
Optimizing branch lengths. Current phi: 0. Current nu:0.26989991880602954
Optimizing nu
Mstep runtime (s): 0.28394174575805664
Finished EM iter: 28. Current nllh: 6039.626711713941
Starting EM iter: 29
Estep
Estep runtime (s): 0.12567496299743652
Mstep
Optimizing phi
Optimizing branch lengths. Current phi: 0. Current nu:0.26990355433606655
Optimizing nu
Mstep runtime (s): 0.335695743560791
Finished EM iter: 29. Current nllh: 6039.62644336719
Starting EM iter: 30
Estep
Estep runtime (s): 0.12564611434936523
Mstep
Optimizing phi
Optimizing branch lengths. Current phi: 0. Current nu:0.2699059665785261
Optimizing nu
Mstep runtime (s): 0.28414177894592285
Finished EM iter: 30. Current nllh: 6039.626352835474
Starting EM iter: 31
Estep
Estep runtime (s): 0.12560105323791504
Mstep
Optimizing phi
Optimizing branch lengths. Current phi: 0. Current nu:0.2699095230948999
Optimizing nu
Mstep runtime (s): 0.3314859867095947
Finished EM iter: 31. Current nllh: 6039.626076981907
Starting EM iter: 32
Estep
Estep runtime (s): 0.12575197219848633
Mstep
Optimizing phi
Optimizing branch lengths. Current phi: 0. Current nu:0.26991177135428635
Optimizing nu
Mstep runtime (s): 0.4203767776489258
Finished EM iter: 32. Current nllh: 6039.626068601842
EM finished after 32 iterations.
Optimal phi: 0. Optimal nu: 0.26991503052138716. Optimal nllh: 6039.626068601842
Optimal point found for initial point 1
Numerical optimization finished successfully
Tree height pre-scaling: 0.6810401565642881, input timescale: 1.0
Tree height after scaling: 1.0000000000000002, mutation rate: 0.6810401565642881
Tree height pre-scaling: 0.6810401563162872, input timescale: 1.0
Tree height after scaling: 1.0, mutation rate: 0.6810401563162872
Tree height pre-scaling: 0.6810401560941424, input timescale: 1.0
Tree height after scaling: 1.0, mutation rate: 0.6810401560941424
Tree height pre-scaling: 0.6810401560295409, input timescale: 1.0
Tree height after scaling: 1.0, mutation rate: 0.6810401560295409
Tree height pre-scaling: 0.6810401560704982, input timescale: 1.0
Tree height after scaling: 1.0, mutation rate: 0.6810401560704982
Tree height pre-scaling: 0.6810401558348598, input timescale: 1.0
Tree height after scaling: 1.0, mutation rate: 0.6810401558348598
Tree height pre-scaling: 0.68104015740801, input timescale: 1.0
Tree height after scaling: 1.0, mutation rate: 0.68104015740801
Tree height pre-scaling: 0.6810401553920281, input timescale: 1.0
Tree height after scaling: 1.0, mutation rate: 0.6810401553920281
Tree height pre-scaling: 0.6810401564543304, input timescale: 1.0
Tree height after scaling: 1.0, mutation rate: 0.6810401564543304
Tree height pre-scaling: 0.6810401607462967, input timescale: 1.0
Tree height after scaling: 1.0, mutation rate: 0.6810401607462967
Runtime (s): 15.302267791
