Launching LAML version 0.0.4
LAML was called as follows: /Users/uym2/my_gits/LAML/run_laml.py -c ../../bar24/Bar24_character_matrix.txt -t place_outlier_2/augmented_tree_66.nwk -o place_outlier_2/augmented_tree_66_optimized -v -p ../../bar24/Bar24_priors.pickle --delimiter tab -m -1 --nInitials 1
Prior keys mismatch with site names.
Prior keys: [0, 1, 2, 3, 4, 5, 6, 7, 8, 9, 10, 11, 12, 13, 14, 15, 16, 17, 18, 19, 20, 21, 22, 23, 24, 25, 26, 27, 28]
Site names: ['r1', 'r2', 'r3', 'r4', 'r5', 'r6', 'r7', 'r8', 'r9', 'r10', 'r11', 'r12', 'r13', 'r14', 'r15', 'r16', 'r17', 'r18', 'r19', 'r20', 'r21', 'r22', 'r23', 'r24', 'r25', 'r26', 'r27', 'r28', 'r29', 'r30']
Attempting to infer mapping between site names and prior keys...
Not all site names are present in the dictionary. Trying offset...
Offset between input site names and prior keys is assumed to be 1
Missing priors at site r30, filling in uniform priors...
{'r1': 0, 'r2': 1, 'r3': 2, 'r4': 3, 'r5': 4, 'r6': 5, 'r7': 6, 'r8': 7, 'r9': 8, 'r10': 9, 'r11': 10, 'r12': 11, 'r13': 12, 'r14': 13, 'r15': 14, 'r16': 15, 'r17': 16, 'r18': 17, 'r19': 18, 'r20': 19, 'r21': 20, 'r22': 21, 'r23': 22, 'r24': 23, 'r25': 24, 'r26': 25, 'r27': 26, 'r28': 27, 'r29': 28, 'r30': 29}
Optimizing branch lengths, phi, and nu without topology search
Optimization by EM algorithm
Optimization start with 1 initials
Initial point 1. Random seed: 3466
Numerical optimization started with ultrametric constraint (default)
Initial phi: 0.2597969784357018. Initial nu: 0.5679025907778561. Initial nllh: 8855.103772457096
Starting EM iter: 1
Estep
Estep runtime (s): 0.0933382511138916
Mstep
Optimizing phi
Optimizing branch lengths. Current phi: 0.04400853703596419. Current nu:0.5679025907778561
Optimizing nu
Mstep runtime (s): 0.272780179977417
Finished EM iter: 1. Current nllh: 6184.367293242959
Starting EM iter: 2
Estep
Estep runtime (s): 0.12723994255065918
Mstep
Optimizing phi
Optimizing branch lengths. Current phi: 0.02438191595420603. Current nu:0.2526760718347332
Optimizing nu
Mstep runtime (s): 0.28376126289367676
Finished EM iter: 2. Current nllh: 6040.950419752471
Starting EM iter: 3
Estep
Estep runtime (s): 0.12717604637145996
Mstep
Optimizing phi
Optimizing branch lengths. Current phi: 0.016026257033488492. Current nu:0.20388383683718792
Optimizing nu
Mstep runtime (s): 0.32787489891052246
Finished EM iter: 3. Current nllh: 6016.058624596177
Starting EM iter: 4
Estep
Estep runtime (s): 0.12714409828186035
Mstep
Optimizing phi
Optimizing branch lengths. Current phi: 0.010970123643008053. Current nu:0.20951520561245626
Optimizing nu
Mstep runtime (s): 0.2676510810852051
Finished EM iter: 4. Current nllh: 6004.863873114046
Starting EM iter: 5
Estep
Estep runtime (s): 0.12723207473754883
Mstep
Optimizing phi
Optimizing branch lengths. Current phi: 0.007604799357103016. Current nu:0.2233220606844144
Optimizing nu
Mstep runtime (s): 0.3057279586791992
Finished EM iter: 5. Current nllh: 5998.045860278768
Starting EM iter: 6
Estep
Estep runtime (s): 0.12736201286315918
Mstep
Optimizing phi
Optimizing branch lengths. Current phi: 0.00529600238118803. Current nu:0.23556696228445703
Optimizing nu
Mstep runtime (s): 0.3329432010650635
Finished EM iter: 6. Current nllh: 5993.4788944279035
Starting EM iter: 7
Estep
Estep runtime (s): 0.12731313705444336
Mstep
Optimizing phi
Optimizing branch lengths. Current phi: 0.0036435451497882397. Current nu:0.24496047708411758
Optimizing nu
Mstep runtime (s): 0.27591800689697266
Finished EM iter: 7. Current nllh: 5990.232762022257
Starting EM iter: 8
Estep
Estep runtime (s): 0.12741994857788086
Mstep
Optimizing phi
Optimizing branch lengths. Current phi: 0.0024599032883566266. Current nu:0.2519680710252369
Optimizing nu
Mstep runtime (s): 0.2985107898712158
Finished EM iter: 8. Current nllh: 5988.09378673445
Starting EM iter: 9
Estep
Estep runtime (s): 0.12772107124328613
Mstep
Optimizing phi
Optimizing branch lengths. Current phi: 0.0016421448750188533. Current nu:0.2571087586486203
Optimizing nu
Mstep runtime (s): 0.27199411392211914
Finished EM iter: 9. Current nllh: 5986.696419558653
Starting EM iter: 10
Estep
Estep runtime (s): 0.12750792503356934
Mstep
Optimizing phi
Optimizing branch lengths. Current phi: 0.0010903553002955388. Current nu:0.26079330487106295
Optimizing nu
Mstep runtime (s): 0.2962148189544678
Finished EM iter: 10. Current nllh: 5985.775494644466
Starting EM iter: 11
Estep
Estep runtime (s): 0.12760210037231445
Mstep
Optimizing phi
Optimizing branch lengths. Current phi: 0.000721932368268448. Current nu:0.26336573865403046
Optimizing nu
Mstep runtime (s): 0.2814929485321045
Finished EM iter: 11. Current nllh: 5985.167768720741
Starting EM iter: 12
Estep
Estep runtime (s): 0.12756085395812988
Mstep
Optimizing phi
Optimizing branch lengths. Current phi: 0.00047719321832291926. Current nu:0.26512780054259993
Optimizing nu
Mstep runtime (s): 0.27535319328308105
Finished EM iter: 12. Current nllh: 5984.766662897336
Starting EM iter: 13
Estep
Estep runtime (s): 0.12771368026733398
Mstep
Optimizing phi
Optimizing branch lengths. Current phi: 0.0003150847326034211. Current nu:0.2663199165114525
Optimizing nu
Mstep runtime (s): 0.2765929698944092
Finished EM iter: 13. Current nllh: 5984.501842696844
Starting EM iter: 14
Estep
Estep runtime (s): 0.12743782997131348
Mstep
Optimizing phi
Optimizing branch lengths. Current phi: 0.0002079003870768523. Current nu:0.26712087685631364
Optimizing nu
Mstep runtime (s): 0.3220858573913574
Finished EM iter: 14. Current nllh: 5984.326856402427
Starting EM iter: 15
Estep
Estep runtime (s): 0.12769389152526855
Mstep
Optimizing phi
Optimizing branch lengths. Current phi: 0. Current nu:0.2676565657331471
Optimizing nu
Mstep runtime (s): 0.2793569564819336
Finished EM iter: 15. Current nllh: 5984.002592231782
Starting EM iter: 16
Estep
Estep runtime (s): 0.12708401679992676
Mstep
Optimizing phi
Optimizing branch lengths. Current phi: 0. Current nu:0.26801771247857514
Optimizing nu
Mstep runtime (s): 0.3704409599304199
Finished EM iter: 16. Current nllh: 5983.997972006509
Starting EM iter: 17
Estep
Estep runtime (s): 0.12717723846435547
Mstep
Optimizing phi
Optimizing branch lengths. Current phi: 0. Current nu:0.268489503205889
Optimizing nu
Mstep runtime (s): 0.2866489887237549
Finished EM iter: 17. Current nllh: 5983.991344721615
Starting EM iter: 18
Estep
Estep runtime (s): 0.1272120475769043
Mstep
Optimizing phi
Optimizing branch lengths. Current phi: 0. Current nu:0.2686466945020204
Optimizing nu
Mstep runtime (s): 0.29296207427978516
Finished EM iter: 18. Current nllh: 5983.988495081198
Starting EM iter: 19
Estep
Estep runtime (s): 0.13250494003295898
Mstep
Optimizing phi
Optimizing branch lengths. Current phi: 0. Current nu:0.26870241365629266
Optimizing nu
Mstep runtime (s): 0.2671980857849121
Finished EM iter: 19. Current nllh: 5983.986998144816
Starting EM iter: 20
Estep
Estep runtime (s): 0.12750697135925293
Mstep
Optimizing phi
Optimizing branch lengths. Current phi: 0. Current nu:0.2687262980899406
Optimizing nu
Mstep runtime (s): 0.27970409393310547
Finished EM iter: 20. Current nllh: 5983.986034477134
Starting EM iter: 21
Estep
Estep runtime (s): 0.12748408317565918
Mstep
Optimizing phi
Optimizing branch lengths. Current phi: 0. Current nu:0.26873871028025476
Optimizing nu
Mstep runtime (s): 0.27375197410583496
Finished EM iter: 21. Current nllh: 5983.985320320751
Starting EM iter: 22
Estep
Estep runtime (s): 0.12735581398010254
Mstep
Optimizing phi
Optimizing branch lengths. Current phi: 0. Current nu:0.268747532370667
Optimizing nu
Mstep runtime (s): 0.2951798439025879
Finished EM iter: 22. Current nllh: 5983.984747403015
Starting EM iter: 23
Estep
Estep runtime (s): 0.12744998931884766
Mstep
Optimizing phi
Optimizing branch lengths. Current phi: 0. Current nu:0.2687551203104833
Optimizing nu
Mstep runtime (s): 0.30330681800842285
Finished EM iter: 23. Current nllh: 5983.984251771959
Starting EM iter: 24
Estep
Estep runtime (s): 0.12723112106323242
Mstep
Optimizing phi
Optimizing branch lengths. Current phi: 0. Current nu:0.2687599502181164
Optimizing nu
Mstep runtime (s): 0.2811100482940674
Finished EM iter: 24. Current nllh: 5983.9839057160425
Starting EM iter: 25
Estep
Estep runtime (s): 0.1276400089263916
Mstep
Optimizing phi
Optimizing branch lengths. Current phi: 0. Current nu:0.26876601835360403
Optimizing nu
Mstep runtime (s): 0.2902090549468994
Finished EM iter: 25. Current nllh: 5983.9835685948765
Starting EM iter: 26
Estep
Estep runtime (s): 0.12727093696594238
Mstep
Optimizing phi
Optimizing branch lengths. Current phi: 0. Current nu:0.26877072907762767
Optimizing nu
Mstep runtime (s): 0.3273000717163086
Finished EM iter: 26. Current nllh: 5983.983283669997
Starting EM iter: 27
Estep
Estep runtime (s): 0.12751507759094238
Mstep
Optimizing phi
Optimizing branch lengths. Current phi: 0. Current nu:0.26877519636353536
Optimizing nu
Mstep runtime (s): 0.2857630252838135
Finished EM iter: 27. Current nllh: 5983.98304392714
Starting EM iter: 28
Estep
Estep runtime (s): 0.1274549961090088
Mstep
Optimizing phi
Optimizing branch lengths. Current phi: 0. Current nu:0.26877910746539724
Optimizing nu
Mstep runtime (s): 0.3179452419281006
Finished EM iter: 28. Current nllh: 5983.982832176346
Starting EM iter: 29
Estep
Estep runtime (s): 0.12741994857788086
Mstep
Optimizing phi
Optimizing branch lengths. Current phi: 0. Current nu:0.2687827755862089
Optimizing nu
Mstep runtime (s): 0.33057618141174316
Finished EM iter: 29. Current nllh: 5983.982664161872
Starting EM iter: 30
Estep
Estep runtime (s): 0.12735486030578613
Mstep
Optimizing phi
Optimizing branch lengths. Current phi: 0. Current nu:0.26878445503666903
Optimizing nu
Mstep runtime (s): 0.310805082321167
Finished EM iter: 30. Current nllh: 5983.982493107787
Starting EM iter: 31
Estep
Estep runtime (s): 0.12744498252868652
Mstep
Optimizing phi
Optimizing branch lengths. Current phi: 0. Current nu:0.26878687337480345
Optimizing nu
Mstep runtime (s): 0.28768324851989746
Finished EM iter: 31. Current nllh: 5983.982381285507
Starting EM iter: 32
Estep
Estep runtime (s): 0.12734389305114746
Mstep
Optimizing phi
Optimizing branch lengths. Current phi: 0. Current nu:0.268791449828287
Optimizing nu
Mstep runtime (s): 0.29709696769714355
Finished EM iter: 32. Current nllh: 5983.9822334774835
Starting EM iter: 33
Estep
Estep runtime (s): 0.1275029182434082
Mstep
Optimizing phi
Optimizing branch lengths. Current phi: 0. Current nu:0.2687945445001411
Optimizing nu
Mstep runtime (s): 0.3124988079071045
Finished EM iter: 33. Current nllh: 5983.982122925756
Starting EM iter: 34
Estep
Estep runtime (s): 0.12770295143127441
Mstep
Optimizing phi
Optimizing branch lengths. Current phi: 0. Current nu:0.26879690175550847
Optimizing nu
Mstep runtime (s): 0.2790069580078125
Finished EM iter: 34. Current nllh: 5983.9820245587325
Starting EM iter: 35
Estep
Estep runtime (s): 0.1275467872619629
Mstep
Optimizing phi
Optimizing branch lengths. Current phi: 0. Current nu:0.26879917052200547
Optimizing nu
Mstep runtime (s): 0.2677628993988037
Finished EM iter: 35. Current nllh: 5983.981939126037
Starting EM iter: 36
Estep
Estep runtime (s): 0.12758135795593262
Mstep
Optimizing phi
Optimizing branch lengths. Current phi: 0. Current nu:0.26880123956386637
Optimizing nu
Mstep runtime (s): 0.3828608989715576
Finished EM iter: 36. Current nllh: 5983.981861983925
Starting EM iter: 37
Estep
Estep runtime (s): 0.12758302688598633
Mstep
Optimizing phi
Optimizing branch lengths. Current phi: 0. Current nu:0.26880323627570246
Optimizing nu
Mstep runtime (s): 0.26651477813720703
Finished EM iter: 37. Current nllh: 5983.981793602213
Starting EM iter: 38
Estep
Estep runtime (s): 0.12755203247070312
Mstep
Optimizing phi
Optimizing branch lengths. Current phi: 0. Current nu:0.26880518489042804
Optimizing nu
Mstep runtime (s): 0.28745222091674805
Finished EM iter: 38. Current nllh: 5983.9817273371955
Starting EM iter: 39
Estep
Estep runtime (s): 0.12744998931884766
Mstep
Optimizing phi
Optimizing branch lengths. Current phi: 0. Current nu:0.26880709236244965
Optimizing nu
Mstep runtime (s): 0.2636289596557617
Finished EM iter: 39. Current nllh: 5983.981674341005
EM finished after 39 iterations.
Optimal phi: 0. Optimal nu: 0.26880831974048053. Optimal nllh: 5983.981674341005
Optimal point found for initial point 1
Numerical optimization finished successfully
Tree height pre-scaling: 0.6768081421175345, input timescale: 1.0
Tree height after scaling: 0.9999999999999999, mutation rate: 0.6768081421175345
Tree height pre-scaling: 0.6768081419537534, input timescale: 1.0
Tree height after scaling: 1.0, mutation rate: 0.6768081419537534
Tree height pre-scaling: 0.6768081417910858, input timescale: 1.0
Tree height after scaling: 1.0, mutation rate: 0.6768081417910858
Tree height pre-scaling: 0.676808141769055, input timescale: 1.0
Tree height after scaling: 1.0, mutation rate: 0.676808141769055
Tree height pre-scaling: 0.6768081417640823, input timescale: 1.0
Tree height after scaling: 1.0, mutation rate: 0.6768081417640823
Tree height pre-scaling: 0.6768081416515138, input timescale: 1.0
Tree height after scaling: 0.9999999999999999, mutation rate: 0.6768081416515138
Tree height pre-scaling: 0.6768081426470862, input timescale: 1.0
Tree height after scaling: 0.9999999999999998, mutation rate: 0.6768081426470862
Tree height pre-scaling: 0.676808141367145, input timescale: 1.0
Tree height after scaling: 1.0000000000000002, mutation rate: 0.676808141367145
Tree height pre-scaling: 0.6768081420064082, input timescale: 1.0
Tree height after scaling: 1.0, mutation rate: 0.6768081420064082
Tree height pre-scaling: 0.6768081437309106, input timescale: 1.0
Tree height after scaling: 1.0000000000000002, mutation rate: 0.6768081437309106
Runtime (s): 18.043503458000004
