Launching LAML version 0.0.4
LAML was called as follows: /Users/uym2/my_gits/LAML/run_laml.py -c ../../bar24/Bar24_character_matrix.txt -t place_outlier_2/augmented_tree_283.nwk -o place_outlier_2/augmented_tree_283_optimized -v -p ../../bar24/Bar24_priors.pickle --delimiter tab -m -1 --nInitials 1
Prior keys mismatch with site names.
Prior keys: [0, 1, 2, 3, 4, 5, 6, 7, 8, 9, 10, 11, 12, 13, 14, 15, 16, 17, 18, 19, 20, 21, 22, 23, 24, 25, 26, 27, 28]
Site names: ['r1', 'r2', 'r3', 'r4', 'r5', 'r6', 'r7', 'r8', 'r9', 'r10', 'r11', 'r12', 'r13', 'r14', 'r15', 'r16', 'r17', 'r18', 'r19', 'r20', 'r21', 'r22', 'r23', 'r24', 'r25', 'r26', 'r27', 'r28', 'r29', 'r30']
Attempting to infer mapping between site names and prior keys...
Not all site names are present in the dictionary. Trying offset...
Offset between input site names and prior keys is assumed to be 1
Missing priors at site r30, filling in uniform priors...
{'r1': 0, 'r2': 1, 'r3': 2, 'r4': 3, 'r5': 4, 'r6': 5, 'r7': 6, 'r8': 7, 'r9': 8, 'r10': 9, 'r11': 10, 'r12': 11, 'r13': 12, 'r14': 13, 'r15': 14, 'r16': 15, 'r17': 16, 'r18': 17, 'r19': 18, 'r20': 19, 'r21': 20, 'r22': 21, 'r23': 22, 'r24': 23, 'r25': 24, 'r26': 25, 'r27': 26, 'r28': 27, 'r29': 28, 'r30': 29}
Optimizing branch lengths, phi, and nu without topology search
Optimization by EM algorithm
Optimization start with 1 initials
Initial point 1. Random seed: 8687
Numerical optimization started with ultrametric constraint (default)
Initial phi: 0.07693517508790414. Initial nu: 0.31670708100105494. Initial nllh: 7587.803278180962
Starting EM iter: 1
Estep
Estep runtime (s): 0.09149169921875
Mstep
Optimizing phi
Optimizing branch lengths. Current phi: 0.02970342063714712. Current nu:0.31670708100105494
Optimizing nu
Mstep runtime (s): 0.3298220634460449
Finished EM iter: 1. Current nllh: 6120.40910811779
Starting EM iter: 2
Estep
Estep runtime (s): 0.12353634834289551
Mstep
Optimizing phi
Optimizing branch lengths. Current phi: 0.018769500828079287. Current nu:0.21736069663886204
Optimizing nu
Mstep runtime (s): 0.33124208450317383
Finished EM iter: 2. Current nllh: 6071.410952115855
Starting EM iter: 3
Estep
Estep runtime (s): 0.1235048770904541
Mstep
Optimizing phi
Optimizing branch lengths. Current phi: 0.012783385394340166. Current nu:0.2111906708547695
Optimizing nu
Mstep runtime (s): 0.3422560691833496
Finished EM iter: 3. Current nllh: 6057.762582295201
Starting EM iter: 4
Estep
Estep runtime (s): 0.12376093864440918
Mstep
Optimizing phi
Optimizing branch lengths. Current phi: 0.008871596964021324. Current nu:0.22373190149434719
Optimizing nu
Mstep runtime (s): 0.3015010356903076
Finished EM iter: 4. Current nllh: 6050.138642518599
Starting EM iter: 5
Estep
Estep runtime (s): 0.12369823455810547
Mstep
Optimizing phi
Optimizing branch lengths. Current phi: 0.006194954774353487. Current nu:0.23723532492898156
Optimizing nu
Mstep runtime (s): 0.2847869396209717
Finished EM iter: 5. Current nllh: 6045.162063285409
Starting EM iter: 6
Estep
Estep runtime (s): 0.12367510795593262
Mstep
Optimizing phi
Optimizing branch lengths. Current phi: 0.0043062082272512375. Current nu:0.24813297708092907
Optimizing nu
Mstep runtime (s): 0.28110194206237793
Finished EM iter: 6. Current nllh: 6041.7649696278495
Starting EM iter: 7
Estep
Estep runtime (s): 0.12359499931335449
Mstep
Optimizing phi
Optimizing branch lengths. Current phi: 0.0029634773690341587. Current nu:0.25630098437339077
Optimizing nu
Mstep runtime (s): 0.28670716285705566
Finished EM iter: 7. Current nllh: 6039.464413803733
Starting EM iter: 8
Estep
Estep runtime (s): 0.12401199340820312
Mstep
Optimizing phi
Optimizing branch lengths. Current phi: 0.002023307155074447. Current nu:0.2622823254733682
Optimizing nu
Mstep runtime (s): 0.2867448329925537
Finished EM iter: 8. Current nllh: 6037.917292716344
Starting EM iter: 9
Estep
Estep runtime (s): 0.12381291389465332
Mstep
Optimizing phi
Optimizing branch lengths. Current phi: 0.0013748995087996968. Current nu:0.2665837168052538
Optimizing nu
Mstep runtime (s): 0.2826731204986572
Finished EM iter: 9. Current nllh: 6036.876341033112
Starting EM iter: 10
Estep
Estep runtime (s): 0.12387585639953613
Mstep
Optimizing phi
Optimizing branch lengths. Current phi: 0.0009316989173032406. Current nu:0.26962201607550246
Optimizing nu
Mstep runtime (s): 0.28310704231262207
Finished EM iter: 10. Current nllh: 6036.175150198258
Starting EM iter: 11
Estep
Estep runtime (s): 0.12399983406066895
Mstep
Optimizing phi
Optimizing branch lengths. Current phi: 0.0006302754957338532. Current nu:0.2717390719721632
Optimizing nu
Mstep runtime (s): 0.3422069549560547
Finished EM iter: 11. Current nllh: 6035.702505392646
Starting EM iter: 12
Estep
Estep runtime (s): 0.12418198585510254
Mstep
Optimizing phi
Optimizing branch lengths. Current phi: 0.00042588753141305496. Current nu:0.27319790410351674
Optimizing nu
Mstep runtime (s): 0.2785189151763916
Finished EM iter: 12. Current nllh: 6035.3836211989
Starting EM iter: 13
Estep
Estep runtime (s): 0.12403202056884766
Mstep
Optimizing phi
Optimizing branch lengths. Current phi: 0.0002875645662282083. Current nu:0.27420292925192047
Optimizing nu
Mstep runtime (s): 0.2966139316558838
Finished EM iter: 13. Current nllh: 6035.168296940722
Starting EM iter: 14
Estep
Estep runtime (s): 0.12421488761901855
Mstep
Optimizing phi
Optimizing branch lengths. Current phi: 0.00019406765035439742. Current nu:0.2748904011642932
Optimizing nu
Mstep runtime (s): 0.32897496223449707
Finished EM iter: 14. Current nllh: 6035.022818492353
Starting EM iter: 15
Estep
Estep runtime (s): 0.12422609329223633
Mstep
Optimizing phi
Optimizing branch lengths. Current phi: 0. Current nu:0.2753600898779493
Optimizing nu
Mstep runtime (s): 0.2665588855743408
Finished EM iter: 15. Current nllh: 6034.734078603322
Starting EM iter: 16
Estep
Estep runtime (s): 0.12368106842041016
Mstep
Optimizing phi
Optimizing branch lengths. Current phi: 0. Current nu:0.27568184410049673
Optimizing nu
Mstep runtime (s): 0.27541375160217285
Finished EM iter: 16. Current nllh: 6034.731143272937
Starting EM iter: 17
Estep
Estep runtime (s): 0.12372684478759766
Mstep
Optimizing phi
Optimizing branch lengths. Current phi: 0. Current nu:0.27612884883035016
Optimizing nu
Mstep runtime (s): 0.2655489444732666
Finished EM iter: 17. Current nllh: 6034.724727697387
Starting EM iter: 18
Estep
Estep runtime (s): 0.12368988990783691
Mstep
Optimizing phi
Optimizing branch lengths. Current phi: 0. Current nu:0.27627838910014
Optimizing nu
Mstep runtime (s): 0.3056972026824951
Finished EM iter: 18. Current nllh: 6034.721969241103
Starting EM iter: 19
Estep
Estep runtime (s): 0.12425088882446289
Mstep
Optimizing phi
Optimizing branch lengths. Current phi: 0. Current nu:0.2763321172504021
Optimizing nu
Mstep runtime (s): 0.2788248062133789
Finished EM iter: 19. Current nllh: 6034.720530884997
Starting EM iter: 20
Estep
Estep runtime (s): 0.12385797500610352
Mstep
Optimizing phi
Optimizing branch lengths. Current phi: 0. Current nu:0.2763552715079326
Optimizing nu
Mstep runtime (s): 0.30120086669921875
Finished EM iter: 20. Current nllh: 6034.719605198305
Starting EM iter: 21
Estep
Estep runtime (s): 0.12392926216125488
Mstep
Optimizing phi
Optimizing branch lengths. Current phi: 0. Current nu:0.2763677807144654
Optimizing nu
Mstep runtime (s): 0.3030118942260742
Finished EM iter: 21. Current nllh: 6034.718918986694
Starting EM iter: 22
Estep
Estep runtime (s): 0.1250448226928711
Mstep
Optimizing phi
Optimizing branch lengths. Current phi: 0. Current nu:0.27637656487418927
Optimizing nu
Mstep runtime (s): 0.2827870845794678
Finished EM iter: 22. Current nllh: 6034.718371321154
Starting EM iter: 23
Estep
Estep runtime (s): 0.12404203414916992
Mstep
Optimizing phi
Optimizing branch lengths. Current phi: 0. Current nu:0.27638354995876985
Optimizing nu
Mstep runtime (s): 0.28805112838745117
Finished EM iter: 23. Current nllh: 6034.717915427361
Starting EM iter: 24
Estep
Estep runtime (s): 0.12429380416870117
Mstep
Optimizing phi
Optimizing branch lengths. Current phi: 0. Current nu:0.27638980658396833
Optimizing nu
Mstep runtime (s): 0.2897028923034668
Finished EM iter: 24. Current nllh: 6034.717531550476
Starting EM iter: 25
Estep
Estep runtime (s): 0.12390494346618652
Mstep
Optimizing phi
Optimizing branch lengths. Current phi: 0. Current nu:0.27639515111663016
Optimizing nu
Mstep runtime (s): 0.2810842990875244
Finished EM iter: 25. Current nllh: 6034.7172047477625
Starting EM iter: 26
Estep
Estep runtime (s): 0.12403416633605957
Mstep
Optimizing phi
Optimizing branch lengths. Current phi: 0. Current nu:0.27639989102795187
Optimizing nu
Mstep runtime (s): 0.28764796257019043
Finished EM iter: 26. Current nllh: 6034.716924906159
Starting EM iter: 27
Estep
Estep runtime (s): 0.12401366233825684
Mstep
Optimizing phi
Optimizing branch lengths. Current phi: 0. Current nu:0.27640424180677176
Optimizing nu
Mstep runtime (s): 0.2740302085876465
Finished EM iter: 27. Current nllh: 6034.716684864734
Starting EM iter: 28
Estep
Estep runtime (s): 0.12455129623413086
Mstep
Optimizing phi
Optimizing branch lengths. Current phi: 0. Current nu:0.27640810379868797
Optimizing nu
Mstep runtime (s): 0.322998046875
Finished EM iter: 28. Current nllh: 6034.716476380188
Starting EM iter: 29
Estep
Estep runtime (s): 0.12392807006835938
Mstep
Optimizing phi
Optimizing branch lengths. Current phi: 0. Current nu:0.27641167977571895
Optimizing nu
Mstep runtime (s): 0.2967381477355957
Finished EM iter: 29. Current nllh: 6034.716294687886
Starting EM iter: 30
Estep
Estep runtime (s): 0.12416386604309082
Mstep
Optimizing phi
Optimizing branch lengths. Current phi: 0. Current nu:0.2764149171077229
Optimizing nu
Mstep runtime (s): 0.3267538547515869
Finished EM iter: 30. Current nllh: 6034.716048040237
Starting EM iter: 31
Estep
Estep runtime (s): 0.12410402297973633
Mstep
Optimizing phi
Optimizing branch lengths. Current phi: 0. Current nu:0.2764184502459017
Optimizing nu
Mstep runtime (s): 0.3290529251098633
Finished EM iter: 31. Current nllh: 6034.715985335484
Starting EM iter: 32
Estep
Estep runtime (s): 0.1242530345916748
Mstep
Optimizing phi
Optimizing branch lengths. Current phi: 0. Current nu:0.27642101275100933
Optimizing nu
Mstep runtime (s): 0.2709391117095947
Finished EM iter: 32. Current nllh: 6034.7158595320325
Starting EM iter: 33
Estep
Estep runtime (s): 0.12408113479614258
Mstep
Optimizing phi
Optimizing branch lengths. Current phi: 0. Current nu:0.2764236674982819
Optimizing nu
Mstep runtime (s): 0.2836942672729492
Finished EM iter: 33. Current nllh: 6034.715748894632
Starting EM iter: 34
Estep
Estep runtime (s): 0.12426877021789551
Mstep
Optimizing phi
Optimizing branch lengths. Current phi: 0. Current nu:0.2764260872429606
Optimizing nu
Mstep runtime (s): 0.35681605339050293
Finished EM iter: 34. Current nllh: 6034.715618400283
Starting EM iter: 35
Estep
Estep runtime (s): 0.12613487243652344
Mstep
Optimizing phi
Optimizing branch lengths. Current phi: 0. Current nu:0.27642797398289765
Optimizing nu
Mstep runtime (s): 0.2991800308227539
Finished EM iter: 35. Current nllh: 6034.715579904412
EM finished after 35 iterations.
Optimal phi: 0. Optimal nu: 0.27643003345417894. Optimal nllh: 6034.715579904412
Optimal point found for initial point 1
Numerical optimization finished successfully
Tree height pre-scaling: 0.6543326199573417, input timescale: 1.0
Tree height after scaling: 0.9999999999999999, mutation rate: 0.6543326199573417
Tree height pre-scaling: 0.6543326199902568, input timescale: 1.0
Tree height after scaling: 0.9999999999999999, mutation rate: 0.6543326199902568
Tree height pre-scaling: 0.6543326199515711, input timescale: 1.0
Tree height after scaling: 0.9999999999999999, mutation rate: 0.6543326199515711
Tree height pre-scaling: 0.6543326199443547, input timescale: 1.0
Tree height after scaling: 1.0, mutation rate: 0.6543326199443547
Tree height pre-scaling: 0.6543326199578143, input timescale: 1.0
Tree height after scaling: 1.0, mutation rate: 0.6543326199578143
Tree height pre-scaling: 0.654332619946741, input timescale: 1.0
Tree height after scaling: 1.0, mutation rate: 0.654332619946741
Tree height pre-scaling: 0.6543326199448665, input timescale: 1.0
Tree height after scaling: 1.0, mutation rate: 0.6543326199448665
Tree height pre-scaling: 0.6543326199567225, input timescale: 1.0
Tree height after scaling: 1.0, mutation rate: 0.6543326199567225
Tree height pre-scaling: 0.6543326199513596, input timescale: 1.0
Tree height after scaling: 1.0, mutation rate: 0.6543326199513596
Tree height pre-scaling: 0.654332619941404, input timescale: 1.0
Tree height after scaling: 1.0, mutation rate: 0.654332619941404
Runtime (s): 16.156692125
