Launching LAML version 0.0.4
LAML was called as follows: /Users/uym2/my_gits/LAML/run_laml.py -c ../../evaluation/Bar10/Bar10_character_matrix.txt -t place_outlier2/augmented_tree_402.nwk -o place_outlier2/augmented_tree_402_optimized -v -p ../../evaluation/Bar10/Bar10_priors.pickle --delimiter tab -m -1 --nInitials 1
Prior keys mismatch with site names.
Prior keys: [0, 1, 2, 3, 4, 5, 6, 7, 8, 9, 10, 11, 12, 13, 14, 15, 16, 17, 18, 19, 20, 21, 22, 23, 24, 25, 26, 27, 28, 29]
Site names: ['r1', 'r2', 'r3', 'r4', 'r5', 'r6', 'r7', 'r8', 'r9', 'r10', 'r11', 'r12', 'r13', 'r14', 'r15', 'r16', 'r17', 'r18', 'r19', 'r20', 'r21', 'r22', 'r23', 'r24', 'r25', 'r26', 'r27', 'r28', 'r29', 'r30']
Attempting to infer mapping between site names and prior keys...
{'r1': 0, 'r2': 1, 'r3': 2, 'r4': 3, 'r5': 4, 'r6': 5, 'r7': 6, 'r8': 7, 'r9': 8, 'r10': 9, 'r11': 10, 'r12': 11, 'r13': 12, 'r14': 13, 'r15': 14, 'r16': 15, 'r17': 16, 'r18': 17, 'r19': 18, 'r20': 19, 'r21': 20, 'r22': 21, 'r23': 22, 'r24': 23, 'r25': 24, 'r26': 25, 'r27': 26, 'r28': 27, 'r29': 28, 'r30': 29}
Optimizing branch lengths, phi, and nu without topology search
Optimization by EM algorithm
Optimization start with 1 initials
Initial point 1. Random seed: 1231
Numerical optimization started with ultrametric constraint (default)
Initial phi: 0. Initial nu: 0.26955655566205877. Initial nllh: 13335.593890786291
Starting EM iter: 1
Estep
Estep runtime (s): 0.10767698287963867
Mstep
Optimizing phi
Optimizing branch lengths. Current phi: 0. Current nu:0.26955655566205877
Optimizing nu
Mstep runtime (s): 0.3288259506225586
Finished EM iter: 1. Current nllh: 10706.664058535329
Starting EM iter: 2
Estep
Estep runtime (s): 0.14847803115844727
Mstep
Optimizing phi
Optimizing branch lengths. Current phi: 0. Current nu:0.2864260993608252
Optimizing nu
Mstep runtime (s): 0.27163028717041016
Finished EM iter: 2. Current nllh: 10680.997130415102
Starting EM iter: 3
Estep
Estep runtime (s): 0.14950180053710938
Mstep
Optimizing phi
Optimizing branch lengths. Current phi: 0. Current nu:0.28749533178231024
Optimizing nu
Mstep runtime (s): 0.2786281108856201
Finished EM iter: 3. Current nllh: 10679.363293364377
Starting EM iter: 4
Estep
Estep runtime (s): 0.14882206916809082
Mstep
Optimizing phi
Optimizing branch lengths. Current phi: 0. Current nu:0.2873677765055258
Optimizing nu
Mstep runtime (s): 0.31583213806152344
Finished EM iter: 4. Current nllh: 10679.085632679944
Starting EM iter: 5
Estep
Estep runtime (s): 0.149946928024292
Mstep
Optimizing phi
Optimizing branch lengths. Current phi: 0. Current nu:0.2873889608607509
Optimizing nu
Mstep runtime (s): 0.30410218238830566
Finished EM iter: 5. Current nllh: 10679.039966516219
Starting EM iter: 6
Estep
Estep runtime (s): 0.14908719062805176
Mstep
Optimizing phi
Optimizing branch lengths. Current phi: 0. Current nu:0.2874677636789596
Optimizing nu
Mstep runtime (s): 0.28347206115722656
Finished EM iter: 6. Current nllh: 10679.017783056848
Starting EM iter: 7
Estep
Estep runtime (s): 0.1495349407196045
Mstep
Optimizing phi
Optimizing branch lengths. Current phi: 0. Current nu:0.28755549010239556
Optimizing nu
Mstep runtime (s): 0.2740778923034668
Finished EM iter: 7. Current nllh: 10679.004083691329
Starting EM iter: 8
Estep
Estep runtime (s): 0.14948081970214844
Mstep
Optimizing phi
Optimizing branch lengths. Current phi: 0. Current nu:0.28763090940139596
Optimizing nu
Mstep runtime (s): 0.28946614265441895
Finished EM iter: 8. Current nllh: 10678.995099070806
Starting EM iter: 9
Estep
Estep runtime (s): 0.14934992790222168
Mstep
Optimizing phi
Optimizing branch lengths. Current phi: 0. Current nu:0.2876900411510816
Optimizing nu
Mstep runtime (s): 0.30435991287231445
Finished EM iter: 9. Current nllh: 10678.9889945843
Starting EM iter: 10
Estep
Estep runtime (s): 0.14954805374145508
Mstep
Optimizing phi
Optimizing branch lengths. Current phi: 0. Current nu:0.28773600081216044
Optimizing nu
Mstep runtime (s): 0.29611802101135254
Finished EM iter: 10. Current nllh: 10678.984703280177
Starting EM iter: 11
Estep
Estep runtime (s): 0.15249896049499512
Mstep
Optimizing phi
Optimizing branch lengths. Current phi: 0. Current nu:0.287772648405118
Optimizing nu
Mstep runtime (s): 0.3684232234954834
Finished EM iter: 11. Current nllh: 10678.981626133067
Starting EM iter: 12
Estep
Estep runtime (s): 0.14954400062561035
Mstep
Optimizing phi
Optimizing branch lengths. Current phi: 0. Current nu:0.2878013287980755
Optimizing nu
Mstep runtime (s): 0.2875051498413086
Finished EM iter: 12. Current nllh: 10678.979360361805
Starting EM iter: 13
Estep
Estep runtime (s): 0.1497490406036377
Mstep
Optimizing phi
Optimizing branch lengths. Current phi: 0. Current nu:0.2878252095846445
Optimizing nu
Mstep runtime (s): 0.3353879451751709
Finished EM iter: 13. Current nllh: 10678.977669371141
Starting EM iter: 14
Estep
Estep runtime (s): 0.14994573593139648
Mstep
Optimizing phi
Optimizing branch lengths. Current phi: 0. Current nu:0.2878443215525011
Optimizing nu
Mstep runtime (s): 0.270277738571167
Finished EM iter: 14. Current nllh: 10678.976374207876
Starting EM iter: 15
Estep
Estep runtime (s): 0.14983391761779785
Mstep
Optimizing phi
Optimizing branch lengths. Current phi: 0. Current nu:0.28786084299966735
Optimizing nu
Mstep runtime (s): 0.2822129726409912
Finished EM iter: 15. Current nllh: 10678.975376724791
Starting EM iter: 16
Estep
Estep runtime (s): 0.14967012405395508
Mstep
Optimizing phi
Optimizing branch lengths. Current phi: 0. Current nu:0.28787425819888546
Optimizing nu
Mstep runtime (s): 0.2786710262298584
Finished EM iter: 16. Current nllh: 10678.974590038766
Starting EM iter: 17
Estep
Estep runtime (s): 0.14970993995666504
Mstep
Optimizing phi
Optimizing branch lengths. Current phi: 0. Current nu:0.28788585621708285
Optimizing nu
Mstep runtime (s): 0.33203816413879395
Finished EM iter: 17. Current nllh: 10678.973969454624
Starting EM iter: 18
Estep
Estep runtime (s): 0.149766206741333
Mstep
Optimizing phi
Optimizing branch lengths. Current phi: 0. Current nu:0.2878956369907275
Optimizing nu
Mstep runtime (s): 0.30345702171325684
Finished EM iter: 18. Current nllh: 10678.973483793816
Starting EM iter: 19
Estep
Estep runtime (s): 0.1535961627960205
Mstep
Optimizing phi
Optimizing branch lengths. Current phi: 0. Current nu:0.2879036294410435
Optimizing nu
Mstep runtime (s): 0.2776832580566406
Finished EM iter: 19. Current nllh: 10678.973091073196
Starting EM iter: 20
Estep
Estep runtime (s): 0.1501171588897705
Mstep
Optimizing phi
Optimizing branch lengths. Current phi: 0. Current nu:0.28791097578388136
Optimizing nu
Mstep runtime (s): 0.30896592140197754
Finished EM iter: 20. Current nllh: 10678.972759029615
Starting EM iter: 21
Estep
Estep runtime (s): 0.14953184127807617
Mstep
Optimizing phi
Optimizing branch lengths. Current phi: 0. Current nu:0.28791717960911684
Optimizing nu
Mstep runtime (s): 0.33121776580810547
Finished EM iter: 21. Current nllh: 10678.97249003088
Starting EM iter: 22
Estep
Estep runtime (s): 0.150054931640625
Mstep
Optimizing phi
Optimizing branch lengths. Current phi: 0. Current nu:0.28792280743638565
Optimizing nu
Mstep runtime (s): 0.2729647159576416
Finished EM iter: 22. Current nllh: 10678.97227146422
Starting EM iter: 23
Estep
Estep runtime (s): 0.14977407455444336
Mstep
Optimizing phi
Optimizing branch lengths. Current phi: 0. Current nu:0.28792727336620233
Optimizing nu
Mstep runtime (s): 0.31142401695251465
Finished EM iter: 23. Current nllh: 10678.97208923838
Starting EM iter: 24
Estep
Estep runtime (s): 0.1500568389892578
Mstep
Optimizing phi
Optimizing branch lengths. Current phi: 0. Current nu:0.2879313361758078
Optimizing nu
Mstep runtime (s): 0.2976858615875244
Finished EM iter: 24. Current nllh: 10678.971931252758
Starting EM iter: 25
Estep
Estep runtime (s): 0.15004801750183105
Mstep
Optimizing phi
Optimizing branch lengths. Current phi: 0. Current nu:0.287935055537047
Optimizing nu
Mstep runtime (s): 0.2982778549194336
Finished EM iter: 25. Current nllh: 10678.971793563864
Starting EM iter: 26
Estep
Estep runtime (s): 0.1498579978942871
Mstep
Optimizing phi
Optimizing branch lengths. Current phi: 0. Current nu:0.28793836678305756
Optimizing nu
Mstep runtime (s): 0.28470396995544434
Finished EM iter: 26. Current nllh: 10678.97167922917
Starting EM iter: 27
Estep
Estep runtime (s): 0.14953303337097168
Mstep
Optimizing phi
Optimizing branch lengths. Current phi: 0. Current nu:0.28794108827629783
Optimizing nu
Mstep runtime (s): 0.33147192001342773
Finished EM iter: 27. Current nllh: 10678.97165244231
EM finished after 27 iterations.
Optimal phi: 0. Optimal nu: 0.28794169798850533. Optimal nllh: 10678.97165244231
Optimal point found for initial point 1
Numerical optimization finished successfully
Tree height pre-scaling: 0.6839000676859279, input timescale: 1.0
Tree height after scaling: 1.0, mutation rate: 0.6839000676859279
Tree height pre-scaling: 0.6839002578951265, input timescale: 1.0
Tree height after scaling: 1.0, mutation rate: 0.6839002578951265
Tree height pre-scaling: 0.6839000859698952, input timescale: 1.0
Tree height after scaling: 0.9999999999999999, mutation rate: 0.6839000859698952
Tree height pre-scaling: 0.6839001200198555, input timescale: 1.0
Tree height after scaling: 1.0, mutation rate: 0.6839001200198555
Tree height pre-scaling: 0.6839000618443654, input timescale: 1.0
Tree height after scaling: 0.9999999999999999, mutation rate: 0.6839000618443654
Tree height pre-scaling: 0.6839000796855048, input timescale: 1.0
Tree height after scaling: 1.0, mutation rate: 0.6839000796855048
Tree height pre-scaling: 0.683900018029906, input timescale: 1.0
Tree height after scaling: 1.0, mutation rate: 0.683900018029906
Tree height pre-scaling: 0.6839001206105015, input timescale: 1.0
Tree height after scaling: 0.9999999999999998, mutation rate: 0.6839001206105015
Tree height pre-scaling: 0.6839001126820756, input timescale: 1.0
Tree height after scaling: 1.0, mutation rate: 0.6839001126820756
Tree height pre-scaling: 0.6839000635643411, input timescale: 1.0
Tree height after scaling: 1.0, mutation rate: 0.6839000635643411
Tree height pre-scaling: 0.6839000922264211, input timescale: 1.0
Tree height after scaling: 1.0, mutation rate: 0.6839000922264211
Tree height pre-scaling: 0.6839000774244187, input timescale: 1.0
Tree height after scaling: 1.0, mutation rate: 0.6839000774244187
Tree height pre-scaling: 0.6839000334729981, input timescale: 1.0
Tree height after scaling: 0.9999999999999999, mutation rate: 0.6839000334729981
Tree height pre-scaling: 0.6839000712743192, input timescale: 1.0
Tree height after scaling: 1.0, mutation rate: 0.6839000712743192
Tree height pre-scaling: 0.6839001177621293, input timescale: 1.0
Tree height after scaling: 1.0, mutation rate: 0.6839001177621293
Tree height pre-scaling: 0.6839000689178056, input timescale: 1.0
Tree height after scaling: 1.0, mutation rate: 0.6839000689178056
Tree height pre-scaling: 0.6839000900329718, input timescale: 1.0
Tree height after scaling: 0.9999999999999999, mutation rate: 0.6839000900329718
Runtime (s): 13.515553209
