Launching LAML version 0.0.4
LAML was called as follows: /Users/uym2/my_gits/LAML/run_laml.py -c ../../evaluation/Bar10/Bar10_character_matrix.txt -t place_outlier2/augmented_tree_280.nwk -o place_outlier2/augmented_tree_280_optimized -v -p ../../evaluation/Bar10/Bar10_priors.pickle --delimiter tab -m -1 --nInitials 1
Prior keys mismatch with site names.
Prior keys: [0, 1, 2, 3, 4, 5, 6, 7, 8, 9, 10, 11, 12, 13, 14, 15, 16, 17, 18, 19, 20, 21, 22, 23, 24, 25, 26, 27, 28, 29]
Site names: ['r1', 'r2', 'r3', 'r4', 'r5', 'r6', 'r7', 'r8', 'r9', 'r10', 'r11', 'r12', 'r13', 'r14', 'r15', 'r16', 'r17', 'r18', 'r19', 'r20', 'r21', 'r22', 'r23', 'r24', 'r25', 'r26', 'r27', 'r28', 'r29', 'r30']
Attempting to infer mapping between site names and prior keys...
{'r1': 0, 'r2': 1, 'r3': 2, 'r4': 3, 'r5': 4, 'r6': 5, 'r7': 6, 'r8': 7, 'r9': 8, 'r10': 9, 'r11': 10, 'r12': 11, 'r13': 12, 'r14': 13, 'r15': 14, 'r16': 15, 'r17': 16, 'r18': 17, 'r19': 18, 'r20': 19, 'r21': 20, 'r22': 21, 'r23': 22, 'r24': 23, 'r25': 24, 'r26': 25, 'r27': 26, 'r28': 27, 'r29': 28, 'r30': 29}
Optimizing branch lengths, phi, and nu without topology search
Optimization by EM algorithm
Optimization start with 1 initials
Initial point 1. Random seed: 6878
Numerical optimization started with ultrametric constraint (default)
Initial phi: 0. Initial nu: 0.26955655566205877. Initial nllh: 12709.990069744383
Starting EM iter: 1
Estep
Estep runtime (s): 0.1101529598236084
Mstep
Optimizing phi
Optimizing branch lengths. Current phi: 0. Current nu:0.26955655566205877
Optimizing nu
Mstep runtime (s): 0.318187952041626
Finished EM iter: 1. Current nllh: 10624.175262459867
Starting EM iter: 2
Estep
Estep runtime (s): 0.14844107627868652
Mstep
Optimizing phi
Optimizing branch lengths. Current phi: 0. Current nu:0.28751720264865815
Optimizing nu
Mstep runtime (s): 0.2930572032928467
Finished EM iter: 2. Current nllh: 10596.363889124426
Starting EM iter: 3
Estep
Estep runtime (s): 0.14752984046936035
Mstep
Optimizing phi
Optimizing branch lengths. Current phi: 0. Current nu:0.2895775631110451
Optimizing nu
Mstep runtime (s): 0.28992509841918945
Finished EM iter: 3. Current nllh: 10594.343421347265
Starting EM iter: 4
Estep
Estep runtime (s): 0.1485898494720459
Mstep
Optimizing phi
Optimizing branch lengths. Current phi: 0. Current nu:0.2896480680191593
Optimizing nu
Mstep runtime (s): 0.34092187881469727
Finished EM iter: 4. Current nllh: 10594.129954213051
Starting EM iter: 5
Estep
Estep runtime (s): 0.14768481254577637
Mstep
Optimizing phi
Optimizing branch lengths. Current phi: 0. Current nu:0.28972506050100016
Optimizing nu
Mstep runtime (s): 0.27350902557373047
Finished EM iter: 5. Current nllh: 10594.058607967116
Starting EM iter: 6
Estep
Estep runtime (s): 0.1474759578704834
Mstep
Optimizing phi
Optimizing branch lengths. Current phi: 0. Current nu:0.28983845110938206
Optimizing nu
Mstep runtime (s): 0.3204779624938965
Finished EM iter: 6. Current nllh: 10594.02820705573
Starting EM iter: 7
Estep
Estep runtime (s): 0.1480419635772705
Mstep
Optimizing phi
Optimizing branch lengths. Current phi: 0. Current nu:0.2899383047733722
Optimizing nu
Mstep runtime (s): 0.32214808464050293
Finished EM iter: 7. Current nllh: 10594.009612843769
Starting EM iter: 8
Estep
Estep runtime (s): 0.14772987365722656
Mstep
Optimizing phi
Optimizing branch lengths. Current phi: 0. Current nu:0.2900225995109167
Optimizing nu
Mstep runtime (s): 0.29125499725341797
Finished EM iter: 8. Current nllh: 10593.997433214709
Starting EM iter: 9
Estep
Estep runtime (s): 0.1516590118408203
Mstep
Optimizing phi
Optimizing branch lengths. Current phi: 0. Current nu:0.2900885993682684
Optimizing nu
Mstep runtime (s): 0.33664393424987793
Finished EM iter: 9. Current nllh: 10593.989143766952
Starting EM iter: 10
Estep
Estep runtime (s): 0.14791107177734375
Mstep
Optimizing phi
Optimizing branch lengths. Current phi: 0. Current nu:0.2901397069669775
Optimizing nu
Mstep runtime (s): 0.31111812591552734
Finished EM iter: 10. Current nllh: 10593.983192130328
Starting EM iter: 11
Estep
Estep runtime (s): 0.14795398712158203
Mstep
Optimizing phi
Optimizing branch lengths. Current phi: 0. Current nu:0.29017997692704695
Optimizing nu
Mstep runtime (s): 0.29293203353881836
Finished EM iter: 11. Current nllh: 10593.979052591243
Starting EM iter: 12
Estep
Estep runtime (s): 0.14853191375732422
Mstep
Optimizing phi
Optimizing branch lengths. Current phi: 0. Current nu:0.29021365797246157
Optimizing nu
Mstep runtime (s): 0.31548309326171875
Finished EM iter: 12. Current nllh: 10593.975920269664
Starting EM iter: 13
Estep
Estep runtime (s): 0.1479630470275879
Mstep
Optimizing phi
Optimizing branch lengths. Current phi: 0. Current nu:0.29024079904204875
Optimizing nu
Mstep runtime (s): 0.31804490089416504
Finished EM iter: 13. Current nllh: 10593.973561603174
Starting EM iter: 14
Estep
Estep runtime (s): 0.14992094039916992
Mstep
Optimizing phi
Optimizing branch lengths. Current phi: 0. Current nu:0.29026324912510004
Optimizing nu
Mstep runtime (s): 0.32611894607543945
Finished EM iter: 14. Current nllh: 10593.971704744945
Starting EM iter: 15
Estep
Estep runtime (s): 0.14818882942199707
Mstep
Optimizing phi
Optimizing branch lengths. Current phi: 0. Current nu:0.2902814547261524
Optimizing nu
Mstep runtime (s): 0.2899281978607178
Finished EM iter: 15. Current nllh: 10593.97035451617
Starting EM iter: 16
Estep
Estep runtime (s): 0.14815807342529297
Mstep
Optimizing phi
Optimizing branch lengths. Current phi: 0. Current nu:0.2902976688942812
Optimizing nu
Mstep runtime (s): 0.29630517959594727
Finished EM iter: 16. Current nllh: 10593.969240950391
Starting EM iter: 17
Estep
Estep runtime (s): 0.1485300064086914
Mstep
Optimizing phi
Optimizing branch lengths. Current phi: 0. Current nu:0.2903112057432774
Optimizing nu
Mstep runtime (s): 0.32525110244750977
Finished EM iter: 17. Current nllh: 10593.968237284545
Starting EM iter: 18
Estep
Estep runtime (s): 0.150068998336792
Mstep
Optimizing phi
Optimizing branch lengths. Current phi: 0. Current nu:0.2903231752566896
Optimizing nu
Mstep runtime (s): 0.3289971351623535
Finished EM iter: 18. Current nllh: 10593.96742416102
Starting EM iter: 19
Estep
Estep runtime (s): 0.14893388748168945
Mstep
Optimizing phi
Optimizing branch lengths. Current phi: 0. Current nu:0.2903345675272114
Optimizing nu
Mstep runtime (s): 0.3097250461578369
Finished EM iter: 19. Current nllh: 10593.96701171869
Starting EM iter: 20
Estep
Estep runtime (s): 0.149183988571167
Mstep
Optimizing phi
Optimizing branch lengths. Current phi: 0. Current nu:0.2903425249328149
Optimizing nu
Mstep runtime (s): 0.3613450527191162
Finished EM iter: 20. Current nllh: 10593.966435743227
Starting EM iter: 21
Estep
Estep runtime (s): 0.1483910083770752
Mstep
Optimizing phi
Optimizing branch lengths. Current phi: 0. Current nu:0.2903502961431315
Optimizing nu
Mstep runtime (s): 0.2993321418762207
Finished EM iter: 21. Current nllh: 10593.966153886704
Starting EM iter: 22
Estep
Estep runtime (s): 0.14830803871154785
Mstep
Optimizing phi
Optimizing branch lengths. Current phi: 0. Current nu:0.29035652514068827
Optimizing nu
Mstep runtime (s): 0.29988598823547363
Finished EM iter: 22. Current nllh: 10593.96583223858
Starting EM iter: 23
Estep
Estep runtime (s): 0.14847517013549805
Mstep
Optimizing phi
Optimizing branch lengths. Current phi: 0. Current nu:0.2903623271953878
Optimizing nu
Mstep runtime (s): 0.3326890468597412
Finished EM iter: 23. Current nllh: 10593.965567606823
Starting EM iter: 24
Estep
Estep runtime (s): 0.1482391357421875
Mstep
Optimizing phi
Optimizing branch lengths. Current phi: 0. Current nu:0.29036715965701637
Optimizing nu
Mstep runtime (s): 0.307481050491333
Finished EM iter: 24. Current nllh: 10593.965345418275
Starting EM iter: 25
Estep
Estep runtime (s): 0.15062189102172852
Mstep
Optimizing phi
Optimizing branch lengths. Current phi: 0. Current nu:0.29037153184819736
Optimizing nu
Mstep runtime (s): 0.31807422637939453
Finished EM iter: 25. Current nllh: 10593.96515046873
Starting EM iter: 26
Estep
Estep runtime (s): 0.14967989921569824
Mstep
Optimizing phi
Optimizing branch lengths. Current phi: 0. Current nu:0.2903755481023103
Optimizing nu
Mstep runtime (s): 0.31357812881469727
Finished EM iter: 26. Current nllh: 10593.964977004525
Starting EM iter: 27
Estep
Estep runtime (s): 0.1484980583190918
Mstep
Optimizing phi
Optimizing branch lengths. Current phi: 0. Current nu:0.29037936347422405
Optimizing nu
Mstep runtime (s): 0.3323662281036377
Finished EM iter: 27. Current nllh: 10593.964836905963
Starting EM iter: 28
Estep
Estep runtime (s): 0.14893198013305664
Mstep
Optimizing phi
Optimizing branch lengths. Current phi: 0. Current nu:0.2903823071282799
Optimizing nu
Mstep runtime (s): 0.29430603981018066
Finished EM iter: 28. Current nllh: 10593.964716421062
Starting EM iter: 29
Estep
Estep runtime (s): 0.153778076171875
Mstep
Optimizing phi
Optimizing branch lengths. Current phi: 0. Current nu:0.2903851444369963
Optimizing nu
Mstep runtime (s): 0.36461400985717773
Finished EM iter: 29. Current nllh: 10593.964614009341
EM finished after 29 iterations.
Optimal phi: 0. Optimal nu: 0.2903875116284952. Optimal nllh: 10593.964614009341
Optimal point found for initial point 1
Numerical optimization finished successfully
Tree height pre-scaling: 0.688499138310158, input timescale: 1.0
Tree height after scaling: 1.0, mutation rate: 0.688499138310158
Tree height pre-scaling: 0.6884991385520403, input timescale: 1.0
Tree height after scaling: 1.0, mutation rate: 0.6884991385520403
Tree height pre-scaling: 0.6884991384320831, input timescale: 1.0
Tree height after scaling: 1.0000000000000002, mutation rate: 0.6884991384320831
Tree height pre-scaling: 0.6884991385778363, input timescale: 1.0
Tree height after scaling: 1.0, mutation rate: 0.6884991385778363
Tree height pre-scaling: 0.6884991394688369, input timescale: 1.0
Tree height after scaling: 1.0, mutation rate: 0.6884991394688369
Tree height pre-scaling: 0.6884991384617871, input timescale: 1.0
Tree height after scaling: 1.0, mutation rate: 0.6884991384617871
Tree height pre-scaling: 0.6884991386332486, input timescale: 1.0
Tree height after scaling: 1.0, mutation rate: 0.6884991386332486
Tree height pre-scaling: 0.6884991382888164, input timescale: 1.0
Tree height after scaling: 0.9999999999999999, mutation rate: 0.6884991382888164
Tree height pre-scaling: 0.688499138386779, input timescale: 1.0
Tree height after scaling: 1.0, mutation rate: 0.688499138386779
Tree height pre-scaling: 0.6884991380203832, input timescale: 1.0
Tree height after scaling: 1.0, mutation rate: 0.6884991380203832
Tree height pre-scaling: 0.6884991385889555, input timescale: 1.0
Tree height after scaling: 1.0, mutation rate: 0.6884991385889555
Tree height pre-scaling: 0.6884991385925802, input timescale: 1.0
Tree height after scaling: 1.0, mutation rate: 0.6884991385925802
Tree height pre-scaling: 0.688499138257176, input timescale: 1.0
Tree height after scaling: 1.0000000000000002, mutation rate: 0.688499138257176
Tree height pre-scaling: 0.6884991384569643, input timescale: 1.0
Tree height after scaling: 1.0, mutation rate: 0.6884991384569643
Tree height pre-scaling: 0.6884991383830095, input timescale: 1.0
Tree height after scaling: 1.0, mutation rate: 0.6884991383830095
Tree height pre-scaling: 0.6884991380525175, input timescale: 1.0
Tree height after scaling: 1.0, mutation rate: 0.6884991380525175
Tree height pre-scaling: 0.688499138167777, input timescale: 1.0
Tree height after scaling: 1.0, mutation rate: 0.688499138167777
Runtime (s): 14.868203292
