Launching LAML version 0.0.4
LAML was called as follows: /Users/uym2/my_gits/LAML/run_laml.py -c ../../evaluation/Bar10/Bar10_character_matrix.txt -t place_outlier2/augmented_tree_331.nwk -o place_outlier2/augmented_tree_331_optimized -v -p ../../evaluation/Bar10/Bar10_priors.pickle --delimiter tab -m -1 --nInitials 1
Prior keys mismatch with site names.
Prior keys: [0, 1, 2, 3, 4, 5, 6, 7, 8, 9, 10, 11, 12, 13, 14, 15, 16, 17, 18, 19, 20, 21, 22, 23, 24, 25, 26, 27, 28, 29]
Site names: ['r1', 'r2', 'r3', 'r4', 'r5', 'r6', 'r7', 'r8', 'r9', 'r10', 'r11', 'r12', 'r13', 'r14', 'r15', 'r16', 'r17', 'r18', 'r19', 'r20', 'r21', 'r22', 'r23', 'r24', 'r25', 'r26', 'r27', 'r28', 'r29', 'r30']
Attempting to infer mapping between site names and prior keys...
{'r1': 0, 'r2': 1, 'r3': 2, 'r4': 3, 'r5': 4, 'r6': 5, 'r7': 6, 'r8': 7, 'r9': 8, 'r10': 9, 'r11': 10, 'r12': 11, 'r13': 12, 'r14': 13, 'r15': 14, 'r16': 15, 'r17': 16, 'r18': 17, 'r19': 18, 'r20': 19, 'r21': 20, 'r22': 21, 'r23': 22, 'r24': 23, 'r25': 24, 'r26': 25, 'r27': 26, 'r28': 27, 'r29': 28, 'r30': 29}
Optimizing branch lengths, phi, and nu without topology search
Optimization by EM algorithm
Optimization start with 1 initials
Initial point 1. Random seed: 7600
Numerical optimization started with ultrametric constraint (default)
Initial phi: 0. Initial nu: 0.26955655566205877. Initial nllh: 12950.897545889306
Starting EM iter: 1
Estep
Estep runtime (s): 0.11071419715881348
Mstep
Optimizing phi
Optimizing branch lengths. Current phi: 0. Current nu:0.26955655566205877
Optimizing nu
Mstep runtime (s): 0.32233428955078125
Finished EM iter: 1. Current nllh: 10677.141687183344
Starting EM iter: 2
Estep
Estep runtime (s): 0.15070891380310059
Mstep
Optimizing phi
Optimizing branch lengths. Current phi: 0. Current nu:0.2788806445414712
Optimizing nu
Mstep runtime (s): 0.28696703910827637
Finished EM iter: 2. Current nllh: 10661.980790835702
Starting EM iter: 3
Estep
Estep runtime (s): 0.14976096153259277
Mstep
Optimizing phi
Optimizing branch lengths. Current phi: 0. Current nu:0.28126226767561674
Optimizing nu
Mstep runtime (s): 0.32108211517333984
Finished EM iter: 3. Current nllh: 10660.76954137492
Starting EM iter: 4
Estep
Estep runtime (s): 0.14996004104614258
Mstep
Optimizing phi
Optimizing branch lengths. Current phi: 0. Current nu:0.28210112581557356
Optimizing nu
Mstep runtime (s): 0.29927992820739746
Finished EM iter: 4. Current nllh: 10660.55727725839
Starting EM iter: 5
Estep
Estep runtime (s): 0.15051507949829102
Mstep
Optimizing phi
Optimizing branch lengths. Current phi: 0. Current nu:0.28252388772349585
Optimizing nu
Mstep runtime (s): 0.2936289310455322
Finished EM iter: 5. Current nllh: 10660.477156276182
Starting EM iter: 6
Estep
Estep runtime (s): 0.15242886543273926
Mstep
Optimizing phi
Optimizing branch lengths. Current phi: 0. Current nu:0.2827708397767416
Optimizing nu
Mstep runtime (s): 0.29278993606567383
Finished EM iter: 6. Current nllh: 10660.443973426974
Starting EM iter: 7
Estep
Estep runtime (s): 0.15009689331054688
Mstep
Optimizing phi
Optimizing branch lengths. Current phi: 0. Current nu:0.2829228582611888
Optimizing nu
Mstep runtime (s): 0.3006629943847656
Finished EM iter: 7. Current nllh: 10660.425082198673
Starting EM iter: 8
Estep
Estep runtime (s): 0.15009307861328125
Mstep
Optimizing phi
Optimizing branch lengths. Current phi: 0. Current nu:0.28302537661777794
Optimizing nu
Mstep runtime (s): 0.2936570644378662
Finished EM iter: 8. Current nllh: 10660.413390868038
Starting EM iter: 9
Estep
Estep runtime (s): 0.15326595306396484
Mstep
Optimizing phi
Optimizing branch lengths. Current phi: 0. Current nu:0.2830975176211024
Optimizing nu
Mstep runtime (s): 0.28650593757629395
Finished EM iter: 9. Current nllh: 10660.405743460155
Starting EM iter: 10
Estep
Estep runtime (s): 0.15277576446533203
Mstep
Optimizing phi
Optimizing branch lengths. Current phi: 0. Current nu:0.2831507816864173
Optimizing nu
Mstep runtime (s): 0.2860910892486572
Finished EM iter: 10. Current nllh: 10660.400533003802
Starting EM iter: 11
Estep
Estep runtime (s): 0.15021896362304688
Mstep
Optimizing phi
Optimizing branch lengths. Current phi: 0. Current nu:0.2831911670598266
Optimizing nu
Mstep runtime (s): 0.28490495681762695
Finished EM iter: 11. Current nllh: 10660.396880192293
Starting EM iter: 12
Estep
Estep runtime (s): 0.15030813217163086
Mstep
Optimizing phi
Optimizing branch lengths. Current phi: 0. Current nu:0.2832222822514887
Optimizing nu
Mstep runtime (s): 0.3015432357788086
Finished EM iter: 12. Current nllh: 10660.394236223336
Starting EM iter: 13
Estep
Estep runtime (s): 0.15040802955627441
Mstep
Optimizing phi
Optimizing branch lengths. Current phi: 0. Current nu:0.2832473744027821
Optimizing nu
Mstep runtime (s): 0.34691715240478516
Finished EM iter: 13. Current nllh: 10660.392358388224
Starting EM iter: 14
Estep
Estep runtime (s): 0.15128016471862793
Mstep
Optimizing phi
Optimizing branch lengths. Current phi: 0. Current nu:0.28326573281516626
Optimizing nu
Mstep runtime (s): 0.34215497970581055
Finished EM iter: 14. Current nllh: 10660.3908342649
Starting EM iter: 15
Estep
Estep runtime (s): 0.15075206756591797
Mstep
Optimizing phi
Optimizing branch lengths. Current phi: 0. Current nu:0.2832844922826754
Optimizing nu
Mstep runtime (s): 0.3111720085144043
Finished EM iter: 15. Current nllh: 10660.389644482932
Starting EM iter: 16
Estep
Estep runtime (s): 0.15084600448608398
Mstep
Optimizing phi
Optimizing branch lengths. Current phi: 0. Current nu:0.2832993386105031
Optimizing nu
Mstep runtime (s): 0.296903133392334
Finished EM iter: 16. Current nllh: 10660.388740383018
Starting EM iter: 17
Estep
Estep runtime (s): 0.1514749526977539
Mstep
Optimizing phi
Optimizing branch lengths. Current phi: 0. Current nu:0.28331143131790787
Optimizing nu
Mstep runtime (s): 0.3017299175262451
Finished EM iter: 17. Current nllh: 10660.388039878435
Starting EM iter: 18
Estep
Estep runtime (s): 0.15299415588378906
Mstep
Optimizing phi
Optimizing branch lengths. Current phi: 0. Current nu:0.2833214830774031
Optimizing nu
Mstep runtime (s): 0.30976104736328125
Finished EM iter: 18. Current nllh: 10660.38757265769
Starting EM iter: 19
Estep
Estep runtime (s): 0.15091395378112793
Mstep
Optimizing phi
Optimizing branch lengths. Current phi: 0. Current nu:0.2833276195528675
Optimizing nu
Mstep runtime (s): 0.29291605949401855
Finished EM iter: 19. Current nllh: 10660.387106584396
Starting EM iter: 20
Estep
Estep runtime (s): 0.15221023559570312
Mstep
Optimizing phi
Optimizing branch lengths. Current phi: 0. Current nu:0.2833363091468782
Optimizing nu
Mstep runtime (s): 0.30652403831481934
Finished EM iter: 20. Current nllh: 10660.386715110715
Starting EM iter: 21
Estep
Estep runtime (s): 0.15215301513671875
Mstep
Optimizing phi
Optimizing branch lengths. Current phi: 0. Current nu:0.28334286186118757
Optimizing nu
Mstep runtime (s): 0.28501391410827637
Finished EM iter: 21. Current nllh: 10660.386383930962
Starting EM iter: 22
Estep
Estep runtime (s): 0.15089702606201172
Mstep
Optimizing phi
Optimizing branch lengths. Current phi: 0. Current nu:0.28334894816767686
Optimizing nu
Mstep runtime (s): 0.3305168151855469
Finished EM iter: 22. Current nllh: 10660.386231963728
Starting EM iter: 23
Estep
Estep runtime (s): 0.15146589279174805
Mstep
Optimizing phi
Optimizing branch lengths. Current phi: 0. Current nu:0.283351250578767
Optimizing nu
Mstep runtime (s): 0.3000521659851074
Finished EM iter: 23. Current nllh: 10660.385995253304
Starting EM iter: 24
Estep
Estep runtime (s): 0.15055394172668457
Mstep
Optimizing phi
Optimizing branch lengths. Current phi: 0. Current nu:0.2833565257602058
Optimizing nu
Mstep runtime (s): 0.3027658462524414
Finished EM iter: 24. Current nllh: 10660.385778105916
Starting EM iter: 25
Estep
Estep runtime (s): 0.15123391151428223
Mstep
Optimizing phi
Optimizing branch lengths. Current phi: 0. Current nu:0.2833608198791376
Optimizing nu
Mstep runtime (s): 0.28881001472473145
Finished EM iter: 25. Current nllh: 10660.385610491388
Starting EM iter: 26
Estep
Estep runtime (s): 0.15091395378112793
Mstep
Optimizing phi
Optimizing branch lengths. Current phi: 0. Current nu:0.2833641904658756
Optimizing nu
Mstep runtime (s): 0.2933359146118164
Finished EM iter: 26. Current nllh: 10660.385484635897
Starting EM iter: 27
Estep
Estep runtime (s): 0.15306496620178223
Mstep
Optimizing phi
Optimizing branch lengths. Current phi: 0. Current nu:0.28336695266378525
Optimizing nu
Mstep runtime (s): 0.29836487770080566
Finished EM iter: 27. Current nllh: 10660.38537390286
Starting EM iter: 28
Estep
Estep runtime (s): 0.1506638526916504
Mstep
Optimizing phi
Optimizing branch lengths. Current phi: 0. Current nu:0.2833693917024024
Optimizing nu
Mstep runtime (s): 0.2778201103210449
Finished EM iter: 28. Current nllh: 10660.385295636795
EM finished after 28 iterations.
Optimal phi: 0. Optimal nu: 0.28337115165599847. Optimal nllh: 10660.385295636795
Optimal point found for initial point 1
Numerical optimization finished successfully
Tree height pre-scaling: 0.6948237748544444, input timescale: 1.0
Tree height after scaling: 1.0, mutation rate: 0.6948237748544444
Tree height pre-scaling: 0.6948237752031499, input timescale: 1.0
Tree height after scaling: 1.0, mutation rate: 0.6948237752031499
Tree height pre-scaling: 0.694823775022582, input timescale: 1.0
Tree height after scaling: 1.0, mutation rate: 0.694823775022582
Tree height pre-scaling: 0.6948237764553051, input timescale: 1.0
Tree height after scaling: 0.9999999999999999, mutation rate: 0.6948237764553051
Tree height pre-scaling: 0.6948237750428576, input timescale: 1.0
Tree height after scaling: 0.9999999999999999, mutation rate: 0.6948237750428576
Tree height pre-scaling: 0.69482377533178, input timescale: 1.0
Tree height after scaling: 0.9999999999999999, mutation rate: 0.69482377533178
Tree height pre-scaling: 0.6948237748207564, input timescale: 1.0
Tree height after scaling: 1.0, mutation rate: 0.6948237748207564
Tree height pre-scaling: 0.6948237749586123, input timescale: 1.0
Tree height after scaling: 1.0, mutation rate: 0.6948237749586123
Tree height pre-scaling: 0.694823774430498, input timescale: 1.0
Tree height after scaling: 1.0, mutation rate: 0.694823774430498
Tree height pre-scaling: 0.6948237752540951, input timescale: 1.0
Tree height after scaling: 1.0, mutation rate: 0.6948237752540951
Tree height pre-scaling: 0.6948237752559728, input timescale: 1.0
Tree height after scaling: 1.0, mutation rate: 0.6948237752559728
Tree height pre-scaling: 0.6948237747773318, input timescale: 1.0
Tree height after scaling: 1.0, mutation rate: 0.6948237747773318
Tree height pre-scaling: 0.6948237750611703, input timescale: 1.0
Tree height after scaling: 1.0, mutation rate: 0.6948237750611703
Tree height pre-scaling: 0.6948237749535155, input timescale: 1.0
Tree height after scaling: 1.0, mutation rate: 0.6948237749535155
Tree height pre-scaling: 0.6948237744808725, input timescale: 1.0
Tree height after scaling: 1.0, mutation rate: 0.6948237744808725
Tree height pre-scaling: 0.694823774880049, input timescale: 1.0
Tree height after scaling: 1.0, mutation rate: 0.694823774880049
Tree height pre-scaling: 0.6948237755422673, input timescale: 1.0
Tree height after scaling: 1.0, mutation rate: 0.6948237755422673
Runtime (s): 14.087056333000001
