Launching LAML version 0.0.4
LAML was called as follows: /Users/uym2/my_gits/LAML/run_laml.py -c ../../evaluation/Bar10/Bar10_character_matrix.txt -t place_outlier2/augmented_tree_292.nwk -o place_outlier2/augmented_tree_292_optimized -v -p ../../evaluation/Bar10/Bar10_priors.pickle --delimiter tab -m -1 --nInitials 1
Prior keys mismatch with site names.
Prior keys: [0, 1, 2, 3, 4, 5, 6, 7, 8, 9, 10, 11, 12, 13, 14, 15, 16, 17, 18, 19, 20, 21, 22, 23, 24, 25, 26, 27, 28, 29]
Site names: ['r1', 'r2', 'r3', 'r4', 'r5', 'r6', 'r7', 'r8', 'r9', 'r10', 'r11', 'r12', 'r13', 'r14', 'r15', 'r16', 'r17', 'r18', 'r19', 'r20', 'r21', 'r22', 'r23', 'r24', 'r25', 'r26', 'r27', 'r28', 'r29', 'r30']
Attempting to infer mapping between site names and prior keys...
{'r1': 0, 'r2': 1, 'r3': 2, 'r4': 3, 'r5': 4, 'r6': 5, 'r7': 6, 'r8': 7, 'r9': 8, 'r10': 9, 'r11': 10, 'r12': 11, 'r13': 12, 'r14': 13, 'r15': 14, 'r16': 15, 'r17': 16, 'r18': 17, 'r19': 18, 'r20': 19, 'r21': 20, 'r22': 21, 'r23': 22, 'r24': 23, 'r25': 24, 'r26': 25, 'r27': 26, 'r28': 27, 'r29': 28, 'r30': 29}
Optimizing branch lengths, phi, and nu without topology search
Optimization by EM algorithm
Optimization start with 1 initials
Initial point 1. Random seed: 1035
Numerical optimization started with ultrametric constraint (default)
Initial phi: 0. Initial nu: 0.26955655566205877. Initial nllh: 12876.151820245863
Starting EM iter: 1
Estep
Estep runtime (s): 0.11321401596069336
Mstep
Optimizing phi
Optimizing branch lengths. Current phi: 0. Current nu:0.26955655566205877
Optimizing nu
Mstep runtime (s): 0.3109629154205322
Finished EM iter: 1. Current nllh: 10619.127893765335
Starting EM iter: 2
Estep
Estep runtime (s): 0.1481637954711914
Mstep
Optimizing phi
Optimizing branch lengths. Current phi: 0. Current nu:0.2862938156551764
Optimizing nu
Mstep runtime (s): 0.2958340644836426
Finished EM iter: 2. Current nllh: 10592.518329184804
Starting EM iter: 3
Estep
Estep runtime (s): 0.1508159637451172
Mstep
Optimizing phi
Optimizing branch lengths. Current phi: 0. Current nu:0.28798029357372235
Optimizing nu
Mstep runtime (s): 0.31579017639160156
Finished EM iter: 3. Current nllh: 10590.722959562123
Starting EM iter: 4
Estep
Estep runtime (s): 0.1492922306060791
Mstep
Optimizing phi
Optimizing branch lengths. Current phi: 0. Current nu:0.28782262232649963
Optimizing nu
Mstep runtime (s): 0.27463507652282715
Finished EM iter: 4. Current nllh: 10590.575838413026
Starting EM iter: 5
Estep
Estep runtime (s): 0.14917588233947754
Mstep
Optimizing phi
Optimizing branch lengths. Current phi: 0. Current nu:0.2877537748754602
Optimizing nu
Mstep runtime (s): 0.2735748291015625
Finished EM iter: 5. Current nllh: 10590.536333325295
Starting EM iter: 6
Estep
Estep runtime (s): 0.14939594268798828
Mstep
Optimizing phi
Optimizing branch lengths. Current phi: 0. Current nu:0.28777030549907723
Optimizing nu
Mstep runtime (s): 0.27928686141967773
Finished EM iter: 6. Current nllh: 10590.523435172552
Starting EM iter: 7
Estep
Estep runtime (s): 0.14872121810913086
Mstep
Optimizing phi
Optimizing branch lengths. Current phi: 0. Current nu:0.2878067321034342
Optimizing nu
Mstep runtime (s): 0.2971310615539551
Finished EM iter: 7. Current nllh: 10590.515399456486
Starting EM iter: 8
Estep
Estep runtime (s): 0.15096616744995117
Mstep
Optimizing phi
Optimizing branch lengths. Current phi: 0. Current nu:0.2878445579112525
Optimizing nu
Mstep runtime (s): 0.2942960262298584
Finished EM iter: 8. Current nllh: 10590.509975650833
Starting EM iter: 9
Estep
Estep runtime (s): 0.14888620376586914
Mstep
Optimizing phi
Optimizing branch lengths. Current phi: 0. Current nu:0.2878766956672222
Optimizing nu
Mstep runtime (s): 0.30328798294067383
Finished EM iter: 9. Current nllh: 10590.506185255257
Starting EM iter: 10
Estep
Estep runtime (s): 0.1494591236114502
Mstep
Optimizing phi
Optimizing branch lengths. Current phi: 0. Current nu:0.28790282275752804
Optimizing nu
Mstep runtime (s): 0.2781360149383545
Finished EM iter: 10. Current nllh: 10590.503450175986
Starting EM iter: 11
Estep
Estep runtime (s): 0.14912009239196777
Mstep
Optimizing phi
Optimizing branch lengths. Current phi: 0. Current nu:0.2879244425179133
Optimizing nu
Mstep runtime (s): 0.329470157623291
Finished EM iter: 11. Current nllh: 10590.501419100376
Starting EM iter: 12
Estep
Estep runtime (s): 0.14900588989257812
Mstep
Optimizing phi
Optimizing branch lengths. Current phi: 0. Current nu:0.28794053359849736
Optimizing nu
Mstep runtime (s): 0.2993772029876709
Finished EM iter: 12. Current nllh: 10590.499973239712
Starting EM iter: 13
Estep
Estep runtime (s): 0.14914584159851074
Mstep
Optimizing phi
Optimizing branch lengths. Current phi: 0. Current nu:0.2879557582970389
Optimizing nu
Mstep runtime (s): 0.28994297981262207
Finished EM iter: 13. Current nllh: 10590.498795208154
Starting EM iter: 14
Estep
Estep runtime (s): 0.14960885047912598
Mstep
Optimizing phi
Optimizing branch lengths. Current phi: 0. Current nu:0.28796821601511857
Optimizing nu
Mstep runtime (s): 0.289323091506958
Finished EM iter: 14. Current nllh: 10590.497896971083
Starting EM iter: 15
Estep
Estep runtime (s): 0.14989519119262695
Mstep
Optimizing phi
Optimizing branch lengths. Current phi: 0. Current nu:0.287978353252937
Optimizing nu
Mstep runtime (s): 0.28473806381225586
Finished EM iter: 15. Current nllh: 10590.497196701233
Starting EM iter: 16
Estep
Estep runtime (s): 0.1499640941619873
Mstep
Optimizing phi
Optimizing branch lengths. Current phi: 0. Current nu:0.2879869428583129
Optimizing nu
Mstep runtime (s): 0.3479340076446533
Finished EM iter: 16. Current nllh: 10590.49663741098
Starting EM iter: 17
Estep
Estep runtime (s): 0.14978575706481934
Mstep
Optimizing phi
Optimizing branch lengths. Current phi: 0. Current nu:0.2879943852612021
Optimizing nu
Mstep runtime (s): 0.28681397438049316
Finished EM iter: 17. Current nllh: 10590.4961864996
Starting EM iter: 18
Estep
Estep runtime (s): 0.1497330665588379
Mstep
Optimizing phi
Optimizing branch lengths. Current phi: 0. Current nu:0.2880007562881824
Optimizing nu
Mstep runtime (s): 0.28604626655578613
Finished EM iter: 18. Current nllh: 10590.495812753079
Starting EM iter: 19
Estep
Estep runtime (s): 0.14951395988464355
Mstep
Optimizing phi
Optimizing branch lengths. Current phi: 0. Current nu:0.28800643067203957
Optimizing nu
Mstep runtime (s): 0.32228827476501465
Finished EM iter: 19. Current nllh: 10590.495513662603
Starting EM iter: 20
Estep
Estep runtime (s): 0.14967083930969238
Mstep
Optimizing phi
Optimizing branch lengths. Current phi: 0. Current nu:0.28801111765742854
Optimizing nu
Mstep runtime (s): 0.2984809875488281
Finished EM iter: 20. Current nllh: 10590.49526832277
Starting EM iter: 21
Estep
Estep runtime (s): 0.14946198463439941
Mstep
Optimizing phi
Optimizing branch lengths. Current phi: 0. Current nu:0.28801523747111885
Optimizing nu
Mstep runtime (s): 0.3089179992675781
Finished EM iter: 21. Current nllh: 10590.495064833663
Starting EM iter: 22
Estep
Estep runtime (s): 0.1499488353729248
Mstep
Optimizing phi
Optimizing branch lengths. Current phi: 0. Current nu:0.2880187655504951
Optimizing nu
Mstep runtime (s): 0.29650306701660156
Finished EM iter: 22. Current nllh: 10590.494892203486
Starting EM iter: 23
Estep
Estep runtime (s): 0.14934206008911133
Mstep
Optimizing phi
Optimizing branch lengths. Current phi: 0. Current nu:0.288022029761747
Optimizing nu
Mstep runtime (s): 0.29719972610473633
Finished EM iter: 23. Current nllh: 10590.494754308742
Starting EM iter: 24
Estep
Estep runtime (s): 0.14986181259155273
Mstep
Optimizing phi
Optimizing branch lengths. Current phi: 0. Current nu:0.2880245835778381
Optimizing nu
Mstep runtime (s): 0.29266905784606934
Finished EM iter: 24. Current nllh: 10590.494631842625
Starting EM iter: 25
Estep
Estep runtime (s): 0.15242290496826172
Mstep
Optimizing phi
Optimizing branch lengths. Current phi: 0. Current nu:0.2880271376561825
Optimizing nu
Mstep runtime (s): 0.3347179889678955
Finished EM iter: 25. Current nllh: 10590.494416129832
Starting EM iter: 26
Estep
Estep runtime (s): 0.15006685256958008
Mstep
Optimizing phi
Optimizing branch lengths. Current phi: 0. Current nu:0.2880296519366961
Optimizing nu
Mstep runtime (s): 0.3207590579986572
Finished EM iter: 26. Current nllh: 10590.494429998987
EM finished after 26 iterations.
Optimal phi: 0. Optimal nu: 0.2880315208737628. Optimal nllh: 10590.494429998987
Optimal point found for initial point 1
Numerical optimization finished successfully
Tree height pre-scaling: 0.6896806184029067, input timescale: 1.0
Tree height after scaling: 1.0, mutation rate: 0.6896806184029067
Tree height pre-scaling: 0.6896806186351372, input timescale: 1.0
Tree height after scaling: 1.0000000000000002, mutation rate: 0.6896806186351372
Tree height pre-scaling: 0.6896806185119486, input timescale: 1.0
Tree height after scaling: 1.0, mutation rate: 0.6896806185119486
Tree height pre-scaling: 0.6896806186583524, input timescale: 1.0
Tree height after scaling: 1.0, mutation rate: 0.6896806186583524
Tree height pre-scaling: 0.6896806195021601, input timescale: 1.0
Tree height after scaling: 1.0, mutation rate: 0.6896806195021601
Tree height pre-scaling: 0.6896806185363341, input timescale: 1.0
Tree height after scaling: 0.9999999999999999, mutation rate: 0.6896806185363341
Tree height pre-scaling: 0.6896806187077356, input timescale: 1.0
Tree height after scaling: 1.0, mutation rate: 0.6896806187077356
Tree height pre-scaling: 0.6896806183908304, input timescale: 1.0
Tree height after scaling: 0.9999999999999999, mutation rate: 0.6896806183908304
Tree height pre-scaling: 0.6896806184772821, input timescale: 1.0
Tree height after scaling: 1.0, mutation rate: 0.6896806184772821
Tree height pre-scaling: 0.6896806181441562, input timescale: 1.0
Tree height after scaling: 1.0, mutation rate: 0.6896806181441562
Tree height pre-scaling: 0.6896806186412516, input timescale: 1.0
Tree height after scaling: 1.0000000000000002, mutation rate: 0.6896806186412516
Tree height pre-scaling: 0.6896806186635942, input timescale: 1.0
Tree height after scaling: 1.0000000000000002, mutation rate: 0.6896806186635942
Tree height pre-scaling: 0.6896806183458407, input timescale: 1.0
Tree height after scaling: 1.0, mutation rate: 0.6896806183458407
Tree height pre-scaling: 0.6896806185388501, input timescale: 1.0
Tree height after scaling: 1.0, mutation rate: 0.6896806185388501
Tree height pre-scaling: 0.6896806184734006, input timescale: 1.0
Tree height after scaling: 1.0000000000000002, mutation rate: 0.6896806184734006
Tree height pre-scaling: 0.6896806181542326, input timescale: 1.0
Tree height after scaling: 1.0, mutation rate: 0.6896806181542326
Tree height pre-scaling: 0.6896806182414387, input timescale: 1.0
Tree height after scaling: 1.0, mutation rate: 0.6896806182414387
Runtime (s): 13.030340958
