Launching LAML version 0.0.4
LAML was called as follows: /Users/uym2/my_gits/LAML/run_laml.py -c ../../evaluation/Bar10/Bar10_character_matrix.txt -t place_outlier2/augmented_tree_220.nwk -o place_outlier2/augmented_tree_220_optimized -v -p ../../evaluation/Bar10/Bar10_priors.pickle --delimiter tab -m -1 --nInitials 1
Prior keys mismatch with site names.
Prior keys: [0, 1, 2, 3, 4, 5, 6, 7, 8, 9, 10, 11, 12, 13, 14, 15, 16, 17, 18, 19, 20, 21, 22, 23, 24, 25, 26, 27, 28, 29]
Site names: ['r1', 'r2', 'r3', 'r4', 'r5', 'r6', 'r7', 'r8', 'r9', 'r10', 'r11', 'r12', 'r13', 'r14', 'r15', 'r16', 'r17', 'r18', 'r19', 'r20', 'r21', 'r22', 'r23', 'r24', 'r25', 'r26', 'r27', 'r28', 'r29', 'r30']
Attempting to infer mapping between site names and prior keys...
{'r1': 0, 'r2': 1, 'r3': 2, 'r4': 3, 'r5': 4, 'r6': 5, 'r7': 6, 'r8': 7, 'r9': 8, 'r10': 9, 'r11': 10, 'r12': 11, 'r13': 12, 'r14': 13, 'r15': 14, 'r16': 15, 'r17': 16, 'r18': 17, 'r19': 18, 'r20': 19, 'r21': 20, 'r22': 21, 'r23': 22, 'r24': 23, 'r25': 24, 'r26': 25, 'r27': 26, 'r28': 27, 'r29': 28, 'r30': 29}
Optimizing branch lengths, phi, and nu without topology search
Optimization by EM algorithm
Optimization start with 1 initials
Initial point 1. Random seed: 1227
Numerical optimization started with ultrametric constraint (default)
Initial phi: 0. Initial nu: 0.26955655566205877. Initial nllh: 12948.534625209357
Starting EM iter: 1
Estep
Estep runtime (s): 0.10933804512023926
Mstep
Optimizing phi
Optimizing branch lengths. Current phi: 0. Current nu:0.26955655566205877
Optimizing nu
Mstep runtime (s): 0.315748929977417
Finished EM iter: 1. Current nllh: 10657.635204620072
Starting EM iter: 2
Estep
Estep runtime (s): 0.15035581588745117
Mstep
Optimizing phi
Optimizing branch lengths. Current phi: 0. Current nu:0.28505364885312273
Optimizing nu
Mstep runtime (s): 0.29155516624450684
Finished EM iter: 2. Current nllh: 10632.86870128201
Starting EM iter: 3
Estep
Estep runtime (s): 0.15093183517456055
Mstep
Optimizing phi
Optimizing branch lengths. Current phi: 0. Current nu:0.2874763316107777
Optimizing nu
Mstep runtime (s): 0.30818605422973633
Finished EM iter: 3. Current nllh: 10629.668483815061
Starting EM iter: 4
Estep
Estep runtime (s): 0.14921307563781738
Mstep
Optimizing phi
Optimizing branch lengths. Current phi: 0. Current nu:0.28750123441266634
Optimizing nu
Mstep runtime (s): 0.3039090633392334
Finished EM iter: 4. Current nllh: 10629.26500633479
Starting EM iter: 5
Estep
Estep runtime (s): 0.1509382724761963
Mstep
Optimizing phi
Optimizing branch lengths. Current phi: 0. Current nu:0.28744501290745245
Optimizing nu
Mstep runtime (s): 0.2920520305633545
Finished EM iter: 5. Current nllh: 10629.174601551169
Starting EM iter: 6
Estep
Estep runtime (s): 0.15136289596557617
Mstep
Optimizing phi
Optimizing branch lengths. Current phi: 0. Current nu:0.2875421241433466
Optimizing nu
Mstep runtime (s): 0.28996777534484863
Finished EM iter: 6. Current nllh: 10629.134894006424
Starting EM iter: 7
Estep
Estep runtime (s): 0.1507127285003662
Mstep
Optimizing phi
Optimizing branch lengths. Current phi: 0. Current nu:0.28767306402909965
Optimizing nu
Mstep runtime (s): 0.27814507484436035
Finished EM iter: 7. Current nllh: 10629.110559267
Starting EM iter: 8
Estep
Estep runtime (s): 0.15099596977233887
Mstep
Optimizing phi
Optimizing branch lengths. Current phi: 0. Current nu:0.28779048490923415
Optimizing nu
Mstep runtime (s): 0.3013420104980469
Finished EM iter: 8. Current nllh: 10629.09479179807
Starting EM iter: 9
Estep
Estep runtime (s): 0.14900708198547363
Mstep
Optimizing phi
Optimizing branch lengths. Current phi: 0. Current nu:0.2878846258194853
Optimizing nu
Mstep runtime (s): 0.3050498962402344
Finished EM iter: 9. Current nllh: 10629.084233635223
Starting EM iter: 10
Estep
Estep runtime (s): 0.1506810188293457
Mstep
Optimizing phi
Optimizing branch lengths. Current phi: 0. Current nu:0.2879580844403337
Optimizing nu
Mstep runtime (s): 0.3282439708709717
Finished EM iter: 10. Current nllh: 10629.076889851838
Starting EM iter: 11
Estep
Estep runtime (s): 0.15008902549743652
Mstep
Optimizing phi
Optimizing branch lengths. Current phi: 0. Current nu:0.28801506614899974
Optimizing nu
Mstep runtime (s): 0.353193998336792
Finished EM iter: 11. Current nllh: 10629.07174385354
Starting EM iter: 12
Estep
Estep runtime (s): 0.15154409408569336
Mstep
Optimizing phi
Optimizing branch lengths. Current phi: 0. Current nu:0.2880612223006865
Optimizing nu
Mstep runtime (s): 0.29769015312194824
Finished EM iter: 12. Current nllh: 10629.06806248508
Starting EM iter: 13
Estep
Estep runtime (s): 0.15146112442016602
Mstep
Optimizing phi
Optimizing branch lengths. Current phi: 0. Current nu:0.2880991528574583
Optimizing nu
Mstep runtime (s): 0.3316168785095215
Finished EM iter: 13. Current nllh: 10629.065246133716
Starting EM iter: 14
Estep
Estep runtime (s): 0.15169501304626465
Mstep
Optimizing phi
Optimizing branch lengths. Current phi: 0. Current nu:0.2881290924749377
Optimizing nu
Mstep runtime (s): 0.29114699363708496
Finished EM iter: 14. Current nllh: 10629.063231530326
Starting EM iter: 15
Estep
Estep runtime (s): 0.1485741138458252
Mstep
Optimizing phi
Optimizing branch lengths. Current phi: 0. Current nu:0.2881551847726786
Optimizing nu
Mstep runtime (s): 0.30600500106811523
Finished EM iter: 15. Current nllh: 10629.061654797966
Starting EM iter: 16
Estep
Estep runtime (s): 0.14981317520141602
Mstep
Optimizing phi
Optimizing branch lengths. Current phi: 0. Current nu:0.2881761359819932
Optimizing nu
Mstep runtime (s): 0.28034520149230957
Finished EM iter: 16. Current nllh: 10629.0604471451
Starting EM iter: 17
Estep
Estep runtime (s): 0.15102887153625488
Mstep
Optimizing phi
Optimizing branch lengths. Current phi: 0. Current nu:0.288193787496244
Optimizing nu
Mstep runtime (s): 0.2895181179046631
Finished EM iter: 17. Current nllh: 10629.059508547753
Starting EM iter: 18
Estep
Estep runtime (s): 0.15126991271972656
Mstep
Optimizing phi
Optimizing branch lengths. Current phi: 0. Current nu:0.28820840367116574
Optimizing nu
Mstep runtime (s): 0.2910311222076416
Finished EM iter: 18. Current nllh: 10629.058756194405
Starting EM iter: 19
Estep
Estep runtime (s): 0.14977693557739258
Mstep
Optimizing phi
Optimizing branch lengths. Current phi: 0. Current nu:0.28822148466150616
Optimizing nu
Mstep runtime (s): 0.307873010635376
Finished EM iter: 19. Current nllh: 10629.058146908297
Starting EM iter: 20
Estep
Estep runtime (s): 0.14890027046203613
Mstep
Optimizing phi
Optimizing branch lengths. Current phi: 0. Current nu:0.28823264646110225
Optimizing nu
Mstep runtime (s): 0.2812471389770508
Finished EM iter: 20. Current nllh: 10629.057656354915
Starting EM iter: 21
Estep
Estep runtime (s): 0.1509387493133545
Mstep
Optimizing phi
Optimizing branch lengths. Current phi: 0. Current nu:0.28824224129624176
Optimizing nu
Mstep runtime (s): 0.31021714210510254
Finished EM iter: 21. Current nllh: 10629.057269746245
Starting EM iter: 22
Estep
Estep runtime (s): 0.1496567726135254
Mstep
Optimizing phi
Optimizing branch lengths. Current phi: 0. Current nu:0.2882499865177908
Optimizing nu
Mstep runtime (s): 0.34746313095092773
Finished EM iter: 22. Current nllh: 10629.056769694866
Starting EM iter: 23
Estep
Estep runtime (s): 0.14901995658874512
Mstep
Optimizing phi
Optimizing branch lengths. Current phi: 0. Current nu:0.2882583974492906
Optimizing nu
Mstep runtime (s): 0.2998321056365967
Finished EM iter: 23. Current nllh: 10629.056647173906
Starting EM iter: 24
Estep
Estep runtime (s): 0.14877891540527344
Mstep
Optimizing phi
Optimizing branch lengths. Current phi: 0. Current nu:0.28826411944686314
Optimizing nu
Mstep runtime (s): 0.30968689918518066
Finished EM iter: 24. Current nllh: 10629.05643808575
Starting EM iter: 25
Estep
Estep runtime (s): 0.15085887908935547
Mstep
Optimizing phi
Optimizing branch lengths. Current phi: 0. Current nu:0.2882691041891649
Optimizing nu
Mstep runtime (s): 0.4587368965148926
Finished EM iter: 25. Current nllh: 10629.056256065613
Starting EM iter: 26
Estep
Estep runtime (s): 0.15128588676452637
Mstep
Optimizing phi
Optimizing branch lengths. Current phi: 0. Current nu:0.2882737771451724
Optimizing nu
Mstep runtime (s): 0.32065892219543457
Finished EM iter: 26. Current nllh: 10629.056092748706
Starting EM iter: 27
Estep
Estep runtime (s): 0.1511821746826172
Mstep
Optimizing phi
Optimizing branch lengths. Current phi: 0. Current nu:0.2882781414937414
Optimizing nu
Mstep runtime (s): 0.28546786308288574
Finished EM iter: 27. Current nllh: 10629.055953140025
Starting EM iter: 28
Estep
Estep runtime (s): 0.14890813827514648
Mstep
Optimizing phi
Optimizing branch lengths. Current phi: 0. Current nu:0.2882819217742047
Optimizing nu
Mstep runtime (s): 0.2782878875732422
Finished EM iter: 28. Current nllh: 10629.055847410782
EM finished after 28 iterations.
Optimal phi: 0. Optimal nu: 0.28828474886633837. Optimal nllh: 10629.055847410782
Optimal point found for initial point 1
Numerical optimization finished successfully
Tree height pre-scaling: 0.6930195094620614, input timescale: 1.0
Tree height after scaling: 1.0, mutation rate: 0.6930195094620614
Tree height pre-scaling: 0.693019509733401, input timescale: 1.0
Tree height after scaling: 1.0, mutation rate: 0.693019509733401
Tree height pre-scaling: 0.693019509552338, input timescale: 1.0
Tree height after scaling: 1.0, mutation rate: 0.693019509552338
Tree height pre-scaling: 0.6930195097738876, input timescale: 1.0
Tree height after scaling: 1.0, mutation rate: 0.6930195097738876
Tree height pre-scaling: 0.6930195092163902, input timescale: 1.0
Tree height after scaling: 1.0, mutation rate: 0.6930195092163902
Tree height pre-scaling: 0.6930195094921768, input timescale: 1.0
Tree height after scaling: 1.0, mutation rate: 0.6930195094921768
Tree height pre-scaling: 0.6930195096644911, input timescale: 1.0
Tree height after scaling: 1.0, mutation rate: 0.6930195096644911
Tree height pre-scaling: 0.6930195106213981, input timescale: 1.0
Tree height after scaling: 0.9999999999999999, mutation rate: 0.6930195106213981
Tree height pre-scaling: 0.6930195096025552, input timescale: 1.0
Tree height after scaling: 1.0, mutation rate: 0.6930195096025552
Tree height pre-scaling: 0.6930195097676547, input timescale: 1.0
Tree height after scaling: 0.9999999999999999, mutation rate: 0.6930195097676547
Tree height pre-scaling: 0.6930195094749368, input timescale: 1.0
Tree height after scaling: 1.0, mutation rate: 0.6930195094749368
Tree height pre-scaling: 0.6930195095241075, input timescale: 1.0
Tree height after scaling: 1.0, mutation rate: 0.6930195095241075
Tree height pre-scaling: 0.6930195091946363, input timescale: 1.0
Tree height after scaling: 1.0, mutation rate: 0.6930195091946363
Tree height pre-scaling: 0.6930195096285623, input timescale: 1.0
Tree height after scaling: 1.0000000000000002, mutation rate: 0.6930195096285623
Tree height pre-scaling: 0.6930195097155726, input timescale: 1.0
Tree height after scaling: 1.0, mutation rate: 0.6930195097155726
Tree height pre-scaling: 0.6930195093674463, input timescale: 1.0
Tree height after scaling: 0.9999999999999999, mutation rate: 0.6930195093674463
Tree height pre-scaling: 0.6930195101383015, input timescale: 1.0
Tree height after scaling: 1.0, mutation rate: 0.6930195101383015
Runtime (s): 14.254121916999999
