Launching LAML version 0.0.4
LAML was called as follows: /Users/uym2/my_gits/LAML/run_laml.py -c ../../evaluation/Bar10/Bar10_character_matrix.txt -t place_outlier2/augmented_tree_344.nwk -o place_outlier2/augmented_tree_344_optimized -v -p ../../evaluation/Bar10/Bar10_priors.pickle --delimiter tab -m -1 --nInitials 1
Prior keys mismatch with site names.
Prior keys: [0, 1, 2, 3, 4, 5, 6, 7, 8, 9, 10, 11, 12, 13, 14, 15, 16, 17, 18, 19, 20, 21, 22, 23, 24, 25, 26, 27, 28, 29]
Site names: ['r1', 'r2', 'r3', 'r4', 'r5', 'r6', 'r7', 'r8', 'r9', 'r10', 'r11', 'r12', 'r13', 'r14', 'r15', 'r16', 'r17', 'r18', 'r19', 'r20', 'r21', 'r22', 'r23', 'r24', 'r25', 'r26', 'r27', 'r28', 'r29', 'r30']
Attempting to infer mapping between site names and prior keys...
{'r1': 0, 'r2': 1, 'r3': 2, 'r4': 3, 'r5': 4, 'r6': 5, 'r7': 6, 'r8': 7, 'r9': 8, 'r10': 9, 'r11': 10, 'r12': 11, 'r13': 12, 'r14': 13, 'r15': 14, 'r16': 15, 'r17': 16, 'r18': 17, 'r19': 18, 'r20': 19, 'r21': 20, 'r22': 21, 'r23': 22, 'r24': 23, 'r25': 24, 'r26': 25, 'r27': 26, 'r28': 27, 'r29': 28, 'r30': 29}
Optimizing branch lengths, phi, and nu without topology search
Optimization by EM algorithm
Optimization start with 1 initials
Initial point 1. Random seed: 8586
Numerical optimization started with ultrametric constraint (default)
Initial phi: 0. Initial nu: 0.26955655566205877. Initial nllh: 13195.397087749234
Starting EM iter: 1
Estep
Estep runtime (s): 0.10724401473999023
Mstep
Optimizing phi
Optimizing branch lengths. Current phi: 0. Current nu:0.26955655566205877
Optimizing nu
Mstep runtime (s): 0.30997705459594727
Finished EM iter: 1. Current nllh: 10731.499883455284
Starting EM iter: 2
Estep
Estep runtime (s): 0.15279197692871094
Mstep
Optimizing phi
Optimizing branch lengths. Current phi: 0. Current nu:0.28030338202539923
Optimizing nu
Mstep runtime (s): 0.2780749797821045
Finished EM iter: 2. Current nllh: 10716.509678271404
Starting EM iter: 3
Estep
Estep runtime (s): 0.1459980010986328
Mstep
Optimizing phi
Optimizing branch lengths. Current phi: 0. Current nu:0.28276556886873505
Optimizing nu
Mstep runtime (s): 0.28964781761169434
Finished EM iter: 3. Current nllh: 10715.328894147326
Starting EM iter: 4
Estep
Estep runtime (s): 0.14618515968322754
Mstep
Optimizing phi
Optimizing branch lengths. Current phi: 0. Current nu:0.283329201170041
Optimizing nu
Mstep runtime (s): 0.28795695304870605
Finished EM iter: 4. Current nllh: 10715.104644968087
Starting EM iter: 5
Estep
Estep runtime (s): 0.14628195762634277
Mstep
Optimizing phi
Optimizing branch lengths. Current phi: 0. Current nu:0.2835565560110873
Optimizing nu
Mstep runtime (s): 0.2750699520111084
Finished EM iter: 5. Current nllh: 10715.023693493766
Starting EM iter: 6
Estep
Estep runtime (s): 0.14810395240783691
Mstep
Optimizing phi
Optimizing branch lengths. Current phi: 0. Current nu:0.28368943703092114
Optimizing nu
Mstep runtime (s): 0.2897617816925049
Finished EM iter: 6. Current nllh: 10714.9844830581
Starting EM iter: 7
Estep
Estep runtime (s): 0.14672112464904785
Mstep
Optimizing phi
Optimizing branch lengths. Current phi: 0. Current nu:0.28377676715050887
Optimizing nu
Mstep runtime (s): 0.27631688117980957
Finished EM iter: 7. Current nllh: 10714.962879645482
Starting EM iter: 8
Estep
Estep runtime (s): 0.14598774909973145
Mstep
Optimizing phi
Optimizing branch lengths. Current phi: 0. Current nu:0.2838374506294039
Optimizing nu
Mstep runtime (s): 0.26622796058654785
Finished EM iter: 8. Current nllh: 10714.950065234629
Starting EM iter: 9
Estep
Estep runtime (s): 0.14641690254211426
Mstep
Optimizing phi
Optimizing branch lengths. Current phi: 0. Current nu:0.28388207947648153
Optimizing nu
Mstep runtime (s): 0.29250001907348633
Finished EM iter: 9. Current nllh: 10714.942026239158
Starting EM iter: 10
Estep
Estep runtime (s): 0.14716815948486328
Mstep
Optimizing phi
Optimizing branch lengths. Current phi: 0. Current nu:0.28391677225108836
Optimizing nu
Mstep runtime (s): 0.28414082527160645
Finished EM iter: 10. Current nllh: 10714.936719986466
Starting EM iter: 11
Estep
Estep runtime (s): 0.14612579345703125
Mstep
Optimizing phi
Optimizing branch lengths. Current phi: 0. Current nu:0.2839453898442917
Optimizing nu
Mstep runtime (s): 0.28883814811706543
Finished EM iter: 11. Current nllh: 10714.933068967723
Starting EM iter: 12
Estep
Estep runtime (s): 0.14614295959472656
Mstep
Optimizing phi
Optimizing branch lengths. Current phi: 0. Current nu:0.28396932612446096
Optimizing nu
Mstep runtime (s): 0.27384233474731445
Finished EM iter: 12. Current nllh: 10714.930480426345
Starting EM iter: 13
Estep
Estep runtime (s): 0.1460268497467041
Mstep
Optimizing phi
Optimizing branch lengths. Current phi: 0. Current nu:0.2839893188075933
Optimizing nu
Mstep runtime (s): 0.3260650634765625
Finished EM iter: 13. Current nllh: 10714.928582540751
Starting EM iter: 14
Estep
Estep runtime (s): 0.1481471061706543
Mstep
Optimizing phi
Optimizing branch lengths. Current phi: 0. Current nu:0.28400661291432544
Optimizing nu
Mstep runtime (s): 0.31566905975341797
Finished EM iter: 14. Current nllh: 10714.92717162096
Starting EM iter: 15
Estep
Estep runtime (s): 0.14655375480651855
Mstep
Optimizing phi
Optimizing branch lengths. Current phi: 0. Current nu:0.28402105490877
Optimizing nu
Mstep runtime (s): 0.33291077613830566
Finished EM iter: 15. Current nllh: 10714.926085299501
Starting EM iter: 16
Estep
Estep runtime (s): 0.146453857421875
Mstep
Optimizing phi
Optimizing branch lengths. Current phi: 0. Current nu:0.2840341247010538
Optimizing nu
Mstep runtime (s): 0.3237571716308594
Finished EM iter: 16. Current nllh: 10714.925239037482
Starting EM iter: 17
Estep
Estep runtime (s): 0.14793014526367188
Mstep
Optimizing phi
Optimizing branch lengths. Current phi: 0. Current nu:0.28404388675330094
Optimizing nu
Mstep runtime (s): 0.2800309658050537
Finished EM iter: 17. Current nllh: 10714.92460969041
Starting EM iter: 18
Estep
Estep runtime (s): 0.14741110801696777
Mstep
Optimizing phi
Optimizing branch lengths. Current phi: 0. Current nu:0.28405433610520303
Optimizing nu
Mstep runtime (s): 0.431581974029541
Finished EM iter: 18. Current nllh: 10714.924057350165
Starting EM iter: 19
Estep
Estep runtime (s): 0.1464829444885254
Mstep
Optimizing phi
Optimizing branch lengths. Current phi: 0. Current nu:0.2840629755454329
Optimizing nu
Mstep runtime (s): 0.28427696228027344
Finished EM iter: 19. Current nllh: 10714.923634106417
Starting EM iter: 20
Estep
Estep runtime (s): 0.14659595489501953
Mstep
Optimizing phi
Optimizing branch lengths. Current phi: 0. Current nu:0.28406995969465115
Optimizing nu
Mstep runtime (s): 0.2727680206298828
Finished EM iter: 20. Current nllh: 10714.923292957552
Starting EM iter: 21
Estep
Estep runtime (s): 0.14640402793884277
Mstep
Optimizing phi
Optimizing branch lengths. Current phi: 0. Current nu:0.28407626580569695
Optimizing nu
Mstep runtime (s): 0.28528618812561035
Finished EM iter: 21. Current nllh: 10714.923011149282
Starting EM iter: 22
Estep
Estep runtime (s): 0.14665913581848145
Mstep
Optimizing phi
Optimizing branch lengths. Current phi: 0. Current nu:0.28408158866271266
Optimizing nu
Mstep runtime (s): 0.33815503120422363
Finished EM iter: 22. Current nllh: 10714.922784870994
Starting EM iter: 23
Estep
Estep runtime (s): 0.14682435989379883
Mstep
Optimizing phi
Optimizing branch lengths. Current phi: 0. Current nu:0.28408603462534643
Optimizing nu
Mstep runtime (s): 0.2760021686553955
Finished EM iter: 23. Current nllh: 10714.922601539516
Starting EM iter: 24
Estep
Estep runtime (s): 0.14664196968078613
Mstep
Optimizing phi
Optimizing branch lengths. Current phi: 0. Current nu:0.2840900887094724
Optimizing nu
Mstep runtime (s): 0.28528881072998047
Finished EM iter: 24. Current nllh: 10714.922440280003
Starting EM iter: 25
Estep
Estep runtime (s): 0.14699006080627441
Mstep
Optimizing phi
Optimizing branch lengths. Current phi: 0. Current nu:0.28409366393395896
Optimizing nu
Mstep runtime (s): 0.31844210624694824
Finished EM iter: 25. Current nllh: 10714.92230344081
Starting EM iter: 26
Estep
Estep runtime (s): 0.14660882949829102
Mstep
Optimizing phi
Optimizing branch lengths. Current phi: 0. Current nu:0.28409674530425005
Optimizing nu
Mstep runtime (s): 0.26984500885009766
Finished EM iter: 26. Current nllh: 10714.922180377
Starting EM iter: 27
Estep
Estep runtime (s): 0.1463930606842041
Mstep
Optimizing phi
Optimizing branch lengths. Current phi: 0. Current nu:0.2840998927183484
Optimizing nu
Mstep runtime (s): 0.3219339847564697
Finished EM iter: 27. Current nllh: 10714.922127542868
EM finished after 27 iterations.
Optimal phi: 0. Optimal nu: 0.2841003067919587. Optimal nllh: 10714.922127542868
Optimal point found for initial point 1
Numerical optimization finished successfully
Tree height pre-scaling: 0.6928076621839117, input timescale: 1.0
Tree height after scaling: 1.0, mutation rate: 0.6928076621839117
Tree height pre-scaling: 0.6928077115218751, input timescale: 1.0
Tree height after scaling: 1.0, mutation rate: 0.6928077115218751
Tree height pre-scaling: 0.6928078848638733, input timescale: 1.0
Tree height after scaling: 1.0, mutation rate: 0.6928078848638733
Tree height pre-scaling: 0.6928076851111413, input timescale: 1.0
Tree height after scaling: 0.9999999999999999, mutation rate: 0.6928076851111413
Tree height pre-scaling: 0.6928077263495345, input timescale: 1.0
Tree height after scaling: 1.0, mutation rate: 0.6928077263495345
Tree height pre-scaling: 0.6928076545963505, input timescale: 1.0
Tree height after scaling: 1.0, mutation rate: 0.6928076545963505
Tree height pre-scaling: 0.6928076749275108, input timescale: 1.0
Tree height after scaling: 1.0, mutation rate: 0.6928076749275108
Tree height pre-scaling: 0.6928076004038766, input timescale: 1.0
Tree height after scaling: 1.0, mutation rate: 0.6928076004038766
Tree height pre-scaling: 0.6928077241633297, input timescale: 1.0
Tree height after scaling: 0.9999999999999998, mutation rate: 0.6928077241633297
Tree height pre-scaling: 0.6928077165902787, input timescale: 1.0
Tree height after scaling: 1.0, mutation rate: 0.6928077165902787
Tree height pre-scaling: 0.6928076546268406, input timescale: 1.0
Tree height after scaling: 1.0, mutation rate: 0.6928076546268406
Tree height pre-scaling: 0.6928076910459539, input timescale: 1.0
Tree height after scaling: 1.0, mutation rate: 0.6928076910459539
Tree height pre-scaling: 0.6928076738573702, input timescale: 1.0
Tree height after scaling: 1.0, mutation rate: 0.6928076738573702
Tree height pre-scaling: 0.6928076167815259, input timescale: 1.0
Tree height after scaling: 1.0, mutation rate: 0.6928076167815259
Tree height pre-scaling: 0.6928076655962252, input timescale: 1.0
Tree height after scaling: 1.0, mutation rate: 0.6928076655962252
Tree height pre-scaling: 0.6928077236390053, input timescale: 1.0
Tree height after scaling: 1.0, mutation rate: 0.6928077236390053
Tree height pre-scaling: 0.6928077041152644, input timescale: 1.0
Tree height after scaling: 1.0, mutation rate: 0.6928077041152644
Runtime (s): 13.3826325
