Launching LAML version 0.0.4
LAML was called as follows: /Users/uym2/my_gits/LAML/run_laml.py -c ../../evaluation/Bar10/Bar10_character_matrix.txt -t place_outlier2/augmented_tree_418.nwk -o place_outlier2/augmented_tree_418_optimized -v -p ../../evaluation/Bar10/Bar10_priors.pickle --delimiter tab -m -1 --nInitials 1
Prior keys mismatch with site names.
Prior keys: [0, 1, 2, 3, 4, 5, 6, 7, 8, 9, 10, 11, 12, 13, 14, 15, 16, 17, 18, 19, 20, 21, 22, 23, 24, 25, 26, 27, 28, 29]
Site names: ['r1', 'r2', 'r3', 'r4', 'r5', 'r6', 'r7', 'r8', 'r9', 'r10', 'r11', 'r12', 'r13', 'r14', 'r15', 'r16', 'r17', 'r18', 'r19', 'r20', 'r21', 'r22', 'r23', 'r24', 'r25', 'r26', 'r27', 'r28', 'r29', 'r30']
Attempting to infer mapping between site names and prior keys...
{'r1': 0, 'r2': 1, 'r3': 2, 'r4': 3, 'r5': 4, 'r6': 5, 'r7': 6, 'r8': 7, 'r9': 8, 'r10': 9, 'r11': 10, 'r12': 11, 'r13': 12, 'r14': 13, 'r15': 14, 'r16': 15, 'r17': 16, 'r18': 17, 'r19': 18, 'r20': 19, 'r21': 20, 'r22': 21, 'r23': 22, 'r24': 23, 'r25': 24, 'r26': 25, 'r27': 26, 'r28': 27, 'r29': 28, 'r30': 29}
Optimizing branch lengths, phi, and nu without topology search
Optimization by EM algorithm
Optimization start with 1 initials
Initial point 1. Random seed: 2613
Numerical optimization started with ultrametric constraint (default)
Initial phi: 0. Initial nu: 0.26955655566205877. Initial nllh: 13510.747563569032
Starting EM iter: 1
Estep
Estep runtime (s): 0.11048078536987305
Mstep
Optimizing phi
Optimizing branch lengths. Current phi: 0. Current nu:0.26955655566205877
Optimizing nu
Mstep runtime (s): 0.4075469970703125
Finished EM iter: 1. Current nllh: 10955.576603245212
Starting EM iter: 2
Estep
Estep runtime (s): 0.14774084091186523
Mstep
Optimizing phi
Optimizing branch lengths. Current phi: 0. Current nu:0.2763999596395613
Optimizing nu
Mstep runtime (s): 0.30979204177856445
Finished EM iter: 2. Current nllh: 10936.013692712926
Starting EM iter: 3
Estep
Estep runtime (s): 0.1479051113128662
Mstep
Optimizing phi
Optimizing branch lengths. Current phi: 0. Current nu:0.275472188325979
Optimizing nu
Mstep runtime (s): 0.29677581787109375
Finished EM iter: 3. Current nllh: 10934.704591438467
Starting EM iter: 4
Estep
Estep runtime (s): 0.14763593673706055
Mstep
Optimizing phi
Optimizing branch lengths. Current phi: 0. Current nu:0.27498629596559043
Optimizing nu
Mstep runtime (s): 0.2825779914855957
Finished EM iter: 4. Current nllh: 10934.447716928884
Starting EM iter: 5
Estep
Estep runtime (s): 0.14790010452270508
Mstep
Optimizing phi
Optimizing branch lengths. Current phi: 0. Current nu:0.2749112707280718
Optimizing nu
Mstep runtime (s): 0.30189085006713867
Finished EM iter: 5. Current nllh: 10934.409051958217
Starting EM iter: 6
Estep
Estep runtime (s): 0.1478729248046875
Mstep
Optimizing phi
Optimizing branch lengths. Current phi: 0. Current nu:0.27495202094626325
Optimizing nu
Mstep runtime (s): 0.40714216232299805
Finished EM iter: 6. Current nllh: 10934.390585618128
Starting EM iter: 7
Estep
Estep runtime (s): 0.14809179306030273
Mstep
Optimizing phi
Optimizing branch lengths. Current phi: 0. Current nu:0.27502154947411567
Optimizing nu
Mstep runtime (s): 0.31921911239624023
Finished EM iter: 7. Current nllh: 10934.37890444
Starting EM iter: 8
Estep
Estep runtime (s): 0.14807391166687012
Mstep
Optimizing phi
Optimizing branch lengths. Current phi: 0. Current nu:0.27508603374035717
Optimizing nu
Mstep runtime (s): 0.3097257614135742
Finished EM iter: 8. Current nllh: 10934.371425548889
Starting EM iter: 9
Estep
Estep runtime (s): 0.14820528030395508
Mstep
Optimizing phi
Optimizing branch lengths. Current phi: 0. Current nu:0.275136859586617
Optimizing nu
Mstep runtime (s): 0.3244450092315674
Finished EM iter: 9. Current nllh: 10934.366314642224
Starting EM iter: 10
Estep
Estep runtime (s): 0.14832282066345215
Mstep
Optimizing phi
Optimizing branch lengths. Current phi: 0. Current nu:0.2751766056398416
Optimizing nu
Mstep runtime (s): 0.37511491775512695
Finished EM iter: 10. Current nllh: 10934.362681179135
Starting EM iter: 11
Estep
Estep runtime (s): 0.14829683303833008
Mstep
Optimizing phi
Optimizing branch lengths. Current phi: 0. Current nu:0.2752085547866214
Optimizing nu
Mstep runtime (s): 0.34024691581726074
Finished EM iter: 11. Current nllh: 10934.360147885549
Starting EM iter: 12
Estep
Estep runtime (s): 0.14836812019348145
Mstep
Optimizing phi
Optimizing branch lengths. Current phi: 0. Current nu:0.2752337189810295
Optimizing nu
Mstep runtime (s): 0.3370633125305176
Finished EM iter: 12. Current nllh: 10934.358355336472
Starting EM iter: 13
Estep
Estep runtime (s): 0.1481931209564209
Mstep
Optimizing phi
Optimizing branch lengths. Current phi: 0. Current nu:0.27525357222281466
Optimizing nu
Mstep runtime (s): 0.3032529354095459
Finished EM iter: 13. Current nllh: 10934.357012870603
Starting EM iter: 14
Estep
Estep runtime (s): 0.14865994453430176
Mstep
Optimizing phi
Optimizing branch lengths. Current phi: 0. Current nu:0.2752693982280714
Optimizing nu
Mstep runtime (s): 0.33524608612060547
Finished EM iter: 14. Current nllh: 10934.355989052574
Starting EM iter: 15
Estep
Estep runtime (s): 0.14845919609069824
Mstep
Optimizing phi
Optimizing branch lengths. Current phi: 0. Current nu:0.2752829709595429
Optimizing nu
Mstep runtime (s): 0.3423140048980713
Finished EM iter: 15. Current nllh: 10934.35519489391
Starting EM iter: 16
Estep
Estep runtime (s): 0.14879798889160156
Mstep
Optimizing phi
Optimizing branch lengths. Current phi: 0. Current nu:0.2752943863151841
Optimizing nu
Mstep runtime (s): 0.28145718574523926
Finished EM iter: 16. Current nllh: 10934.35458054783
Starting EM iter: 17
Estep
Estep runtime (s): 0.14879202842712402
Mstep
Optimizing phi
Optimizing branch lengths. Current phi: 0. Current nu:0.2753037752328715
Optimizing nu
Mstep runtime (s): 0.3244471549987793
Finished EM iter: 17. Current nllh: 10934.354100496132
Starting EM iter: 18
Estep
Estep runtime (s): 0.1487419605255127
Mstep
Optimizing phi
Optimizing branch lengths. Current phi: 0. Current nu:0.27531167313153565
Optimizing nu
Mstep runtime (s): 0.31401896476745605
Finished EM iter: 18. Current nllh: 10934.353723795892
Starting EM iter: 19
Estep
Estep runtime (s): 0.14858293533325195
Mstep
Optimizing phi
Optimizing branch lengths. Current phi: 0. Current nu:0.2753182684097562
Optimizing nu
Mstep runtime (s): 0.27592015266418457
Finished EM iter: 19. Current nllh: 10934.353417522101
Starting EM iter: 20
Estep
Estep runtime (s): 0.14869093894958496
Mstep
Optimizing phi
Optimizing branch lengths. Current phi: 0. Current nu:0.2753239436346197
Optimizing nu
Mstep runtime (s): 0.32169604301452637
Finished EM iter: 20. Current nllh: 10934.353173182575
Starting EM iter: 21
Estep
Estep runtime (s): 0.1492781639099121
Mstep
Optimizing phi
Optimizing branch lengths. Current phi: 0. Current nu:0.2753286935903828
Optimizing nu
Mstep runtime (s): 0.3290829658508301
Finished EM iter: 21. Current nllh: 10934.352969538606
Starting EM iter: 22
Estep
Estep runtime (s): 0.14853286743164062
Mstep
Optimizing phi
Optimizing branch lengths. Current phi: 0. Current nu:0.2753328876143542
Optimizing nu
Mstep runtime (s): 0.3316829204559326
Finished EM iter: 22. Current nllh: 10934.352803963155
Starting EM iter: 23
Estep
Estep runtime (s): 0.1489090919494629
Mstep
Optimizing phi
Optimizing branch lengths. Current phi: 0. Current nu:0.275336381785762
Optimizing nu
Mstep runtime (s): 0.33142709732055664
Finished EM iter: 23. Current nllh: 10934.352666720488
Starting EM iter: 24
Estep
Estep runtime (s): 0.1484050750732422
Mstep
Optimizing phi
Optimizing branch lengths. Current phi: 0. Current nu:0.27533946174591006
Optimizing nu
Mstep runtime (s): 0.31140875816345215
Finished EM iter: 24. Current nllh: 10934.352374094535
Starting EM iter: 25
Estep
Estep runtime (s): 0.1488189697265625
Mstep
Optimizing phi
Optimizing branch lengths. Current phi: 0. Current nu:0.27534377647185604
Optimizing nu
Mstep runtime (s): 0.3107719421386719
Finished EM iter: 25. Current nllh: 10934.352431449728
EM finished after 25 iterations.
Optimal phi: 0. Optimal nu: 0.27534457645812355. Optimal nllh: 10934.352431449728
Optimal point found for initial point 1
Numerical optimization finished successfully
Tree height pre-scaling: 0.6925369911792871, input timescale: 1.0
Tree height after scaling: 1.0, mutation rate: 0.6925369911792871
Tree height pre-scaling: 0.692536992344735, input timescale: 1.0
Tree height after scaling: 1.0, mutation rate: 0.692536992344735
Tree height pre-scaling: 0.6925369913182727, input timescale: 1.0
Tree height after scaling: 1.0, mutation rate: 0.6925369913182727
Tree height pre-scaling: 0.6925369915093327, input timescale: 1.0
Tree height after scaling: 0.9999999999999999, mutation rate: 0.6925369915093327
Tree height pre-scaling: 0.6925369911598274, input timescale: 1.0
Tree height after scaling: 1.0, mutation rate: 0.6925369911598274
Tree height pre-scaling: 0.6925369912493899, input timescale: 1.0
Tree height after scaling: 1.0, mutation rate: 0.6925369912493899
Tree height pre-scaling: 0.6925369909094186, input timescale: 1.0
Tree height after scaling: 1.0, mutation rate: 0.6925369909094186
Tree height pre-scaling: 0.6925369914524133, input timescale: 1.0
Tree height after scaling: 1.0, mutation rate: 0.6925369914524133
Tree height pre-scaling: 0.6925369914471063, input timescale: 1.0
Tree height after scaling: 1.0, mutation rate: 0.6925369914471063
Tree height pre-scaling: 0.6925369911363355, input timescale: 1.0
Tree height after scaling: 1.0, mutation rate: 0.6925369911363355
Tree height pre-scaling: 0.6925369913264787, input timescale: 1.0
Tree height after scaling: 1.0, mutation rate: 0.6925369913264787
Tree height pre-scaling: 0.6925369912487613, input timescale: 1.0
Tree height after scaling: 1.0, mutation rate: 0.6925369912487613
Tree height pre-scaling: 0.6925369909433388, input timescale: 1.0
Tree height after scaling: 1.0, mutation rate: 0.6925369909433388
Tree height pre-scaling: 0.6925369912132998, input timescale: 1.0
Tree height after scaling: 1.0, mutation rate: 0.6925369912132998
Tree height pre-scaling: 0.6925369914854572, input timescale: 1.0
Tree height after scaling: 1.0, mutation rate: 0.6925369914854572
Tree height pre-scaling: 0.692536991195897, input timescale: 1.0
Tree height after scaling: 1.0, mutation rate: 0.692536991195897
Tree height pre-scaling: 0.6925369912758401, input timescale: 1.0
Tree height after scaling: 1.0000000000000002, mutation rate: 0.6925369912758401
Runtime (s): 13.105979167000001
