Launching LAML version 0.0.4
LAML was called as follows: /Users/uym2/my_gits/LAML/run_laml.py -c ../../evaluation/Bar10/Bar10_character_matrix.txt -t place_outlier2/augmented_tree_193.nwk -o place_outlier2/augmented_tree_193_optimized -v -p ../../evaluation/Bar10/Bar10_priors.pickle --delimiter tab -m -1 --nInitials 1
Prior keys mismatch with site names.
Prior keys: [0, 1, 2, 3, 4, 5, 6, 7, 8, 9, 10, 11, 12, 13, 14, 15, 16, 17, 18, 19, 20, 21, 22, 23, 24, 25, 26, 27, 28, 29]
Site names: ['r1', 'r2', 'r3', 'r4', 'r5', 'r6', 'r7', 'r8', 'r9', 'r10', 'r11', 'r12', 'r13', 'r14', 'r15', 'r16', 'r17', 'r18', 'r19', 'r20', 'r21', 'r22', 'r23', 'r24', 'r25', 'r26', 'r27', 'r28', 'r29', 'r30']
Attempting to infer mapping between site names and prior keys...
{'r1': 0, 'r2': 1, 'r3': 2, 'r4': 3, 'r5': 4, 'r6': 5, 'r7': 6, 'r8': 7, 'r9': 8, 'r10': 9, 'r11': 10, 'r12': 11, 'r13': 12, 'r14': 13, 'r15': 14, 'r16': 15, 'r17': 16, 'r18': 17, 'r19': 18, 'r20': 19, 'r21': 20, 'r22': 21, 'r23': 22, 'r24': 23, 'r25': 24, 'r26': 25, 'r27': 26, 'r28': 27, 'r29': 28, 'r30': 29}
Optimizing branch lengths, phi, and nu without topology search
Optimization by EM algorithm
Optimization start with 1 initials
Initial point 1. Random seed: 5582
Numerical optimization started with ultrametric constraint (default)
Initial phi: 0. Initial nu: 0.26955655566205877. Initial nllh: 12797.775712997729
Starting EM iter: 1
Estep
Estep runtime (s): 0.11066317558288574
Mstep
Optimizing phi
Optimizing branch lengths. Current phi: 0. Current nu:0.26955655566205877
Optimizing nu
Mstep runtime (s): 0.3231658935546875
Finished EM iter: 1. Current nllh: 10664.487499663874
Starting EM iter: 2
Estep
Estep runtime (s): 0.1486828327178955
Mstep
Optimizing phi
Optimizing branch lengths. Current phi: 0. Current nu:0.2860825354867173
Optimizing nu
Mstep runtime (s): 0.3055760860443115
Finished EM iter: 2. Current nllh: 10636.224868944013
Starting EM iter: 3
Estep
Estep runtime (s): 0.14862990379333496
Mstep
Optimizing phi
Optimizing branch lengths. Current phi: 0. Current nu:0.2882565217750251
Optimizing nu
Mstep runtime (s): 0.3414900302886963
Finished EM iter: 3. Current nllh: 10633.687348505631
Starting EM iter: 4
Estep
Estep runtime (s): 0.15111398696899414
Mstep
Optimizing phi
Optimizing branch lengths. Current phi: 0. Current nu:0.28836951991380694
Optimizing nu
Mstep runtime (s): 0.3280510902404785
Finished EM iter: 4. Current nllh: 10633.444175638286
Starting EM iter: 5
Estep
Estep runtime (s): 0.15099215507507324
Mstep
Optimizing phi
Optimizing branch lengths. Current phi: 0. Current nu:0.2884754986353825
Optimizing nu
Mstep runtime (s): 0.28921079635620117
Finished EM iter: 5. Current nllh: 10633.369173692776
Starting EM iter: 6
Estep
Estep runtime (s): 0.15117406845092773
Mstep
Optimizing phi
Optimizing branch lengths. Current phi: 0. Current nu:0.2886114526424549
Optimizing nu
Mstep runtime (s): 0.29854726791381836
Finished EM iter: 6. Current nllh: 10633.338725926544
Starting EM iter: 7
Estep
Estep runtime (s): 0.1487891674041748
Mstep
Optimizing phi
Optimizing branch lengths. Current phi: 0. Current nu:0.28872674629459405
Optimizing nu
Mstep runtime (s): 0.3582570552825928
Finished EM iter: 7. Current nllh: 10633.320809902712
Starting EM iter: 8
Estep
Estep runtime (s): 0.14873290061950684
Mstep
Optimizing phi
Optimizing branch lengths. Current phi: 0. Current nu:0.2888182127726285
Optimizing nu
Mstep runtime (s): 0.2847330570220947
Finished EM iter: 8. Current nllh: 10633.309395206452
Starting EM iter: 9
Estep
Estep runtime (s): 0.14868712425231934
Mstep
Optimizing phi
Optimizing branch lengths. Current phi: 0. Current nu:0.28888733654970805
Optimizing nu
Mstep runtime (s): 0.29346489906311035
Finished EM iter: 9. Current nllh: 10633.301772962272
Starting EM iter: 10
Estep
Estep runtime (s): 0.15124726295471191
Mstep
Optimizing phi
Optimizing branch lengths. Current phi: 0. Current nu:0.28894044256875034
Optimizing nu
Mstep runtime (s): 0.3013589382171631
Finished EM iter: 10. Current nllh: 10633.296491587893
Starting EM iter: 11
Estep
Estep runtime (s): 0.15139102935791016
Mstep
Optimizing phi
Optimizing branch lengths. Current phi: 0. Current nu:0.28898190902168064
Optimizing nu
Mstep runtime (s): 0.37319087982177734
Finished EM iter: 11. Current nllh: 10633.292699207677
Starting EM iter: 12
Estep
Estep runtime (s): 0.14990019798278809
Mstep
Optimizing phi
Optimizing branch lengths. Current phi: 0. Current nu:0.28901329007206017
Optimizing nu
Mstep runtime (s): 0.2876148223876953
Finished EM iter: 12. Current nllh: 10633.290023528694
Starting EM iter: 13
Estep
Estep runtime (s): 0.15187692642211914
Mstep
Optimizing phi
Optimizing branch lengths. Current phi: 0. Current nu:0.28904021546394243
Optimizing nu
Mstep runtime (s): 0.2973349094390869
Finished EM iter: 13. Current nllh: 10633.28797567643
Starting EM iter: 14
Estep
Estep runtime (s): 0.15148377418518066
Mstep
Optimizing phi
Optimizing branch lengths. Current phi: 0. Current nu:0.2890617851151756
Optimizing nu
Mstep runtime (s): 0.28535008430480957
Finished EM iter: 14. Current nllh: 10633.286417043844
Starting EM iter: 15
Estep
Estep runtime (s): 0.14895415306091309
Mstep
Optimizing phi
Optimizing branch lengths. Current phi: 0. Current nu:0.28907992127304705
Optimizing nu
Mstep runtime (s): 0.3236868381500244
Finished EM iter: 15. Current nllh: 10633.285217403458
Starting EM iter: 16
Estep
Estep runtime (s): 0.14896416664123535
Mstep
Optimizing phi
Optimizing branch lengths. Current phi: 0. Current nu:0.28909486591974065
Optimizing nu
Mstep runtime (s): 0.29722094535827637
Finished EM iter: 16. Current nllh: 10633.284285234275
Starting EM iter: 17
Estep
Estep runtime (s): 0.14931106567382812
Mstep
Optimizing phi
Optimizing branch lengths. Current phi: 0. Current nu:0.2891075748580321
Optimizing nu
Mstep runtime (s): 0.3207430839538574
Finished EM iter: 17. Current nllh: 10633.283471739749
Starting EM iter: 18
Estep
Estep runtime (s): 0.14897608757019043
Mstep
Optimizing phi
Optimizing branch lengths. Current phi: 0. Current nu:0.2891172898159969
Optimizing nu
Mstep runtime (s): 0.3252737522125244
Finished EM iter: 18. Current nllh: 10633.282959118764
Starting EM iter: 19
Estep
Estep runtime (s): 0.14951610565185547
Mstep
Optimizing phi
Optimizing branch lengths. Current phi: 0. Current nu:0.2891275974481393
Optimizing nu
Mstep runtime (s): 0.2837028503417969
Finished EM iter: 19. Current nllh: 10633.282448794971
Starting EM iter: 20
Estep
Estep runtime (s): 0.1495370864868164
Mstep
Optimizing phi
Optimizing branch lengths. Current phi: 0. Current nu:0.2891362006940906
Optimizing nu
Mstep runtime (s): 0.2948901653289795
Finished EM iter: 20. Current nllh: 10633.282051555687
Starting EM iter: 21
Estep
Estep runtime (s): 0.14936494827270508
Mstep
Optimizing phi
Optimizing branch lengths. Current phi: 0. Current nu:0.2891431990502057
Optimizing nu
Mstep runtime (s): 0.29052209854125977
Finished EM iter: 21. Current nllh: 10633.281724778877
Starting EM iter: 22
Estep
Estep runtime (s): 0.1519169807434082
Mstep
Optimizing phi
Optimizing branch lengths. Current phi: 0. Current nu:0.2891492821254848
Optimizing nu
Mstep runtime (s): 0.28799986839294434
Finished EM iter: 22. Current nllh: 10633.281465966398
Starting EM iter: 23
Estep
Estep runtime (s): 0.15108895301818848
Mstep
Optimizing phi
Optimizing branch lengths. Current phi: 0. Current nu:0.2891543432855532
Optimizing nu
Mstep runtime (s): 0.28759098052978516
Finished EM iter: 23. Current nllh: 10633.281255081281
Starting EM iter: 24
Estep
Estep runtime (s): 0.15173125267028809
Mstep
Optimizing phi
Optimizing branch lengths. Current phi: 0. Current nu:0.2891586595193612
Optimizing nu
Mstep runtime (s): 0.30928516387939453
Finished EM iter: 24. Current nllh: 10633.281063386146
Starting EM iter: 25
Estep
Estep runtime (s): 0.15168380737304688
Mstep
Optimizing phi
Optimizing branch lengths. Current phi: 0. Current nu:0.28916283384346847
Optimizing nu
Mstep runtime (s): 0.27766895294189453
Finished EM iter: 25. Current nllh: 10633.280903837422
Starting EM iter: 26
Estep
Estep runtime (s): 0.1493978500366211
Mstep
Optimizing phi
Optimizing branch lengths. Current phi: 0. Current nu:0.28916634648692047
Optimizing nu
Mstep runtime (s): 0.2810177803039551
Finished EM iter: 26. Current nllh: 10633.280775470745
Starting EM iter: 27
Estep
Estep runtime (s): 0.14911389350891113
Mstep
Optimizing phi
Optimizing branch lengths. Current phi: 0. Current nu:0.2891692373286352
Optimizing nu
Mstep runtime (s): 0.3103771209716797
Finished EM iter: 27. Current nllh: 10633.280786028461
EM finished after 27 iterations.
Optimal phi: 0. Optimal nu: 0.28916867077826425. Optimal nllh: 10633.280786028461
Optimal point found for initial point 1
Numerical optimization finished successfully
Tree height pre-scaling: 0.6940199747019999, input timescale: 1.0
Tree height after scaling: 0.9999999999999998, mutation rate: 0.6940199747019999
Tree height pre-scaling: 0.6940200283747657, input timescale: 1.0
Tree height after scaling: 1.0, mutation rate: 0.6940200283747657
Tree height pre-scaling: 0.6940199891335865, input timescale: 1.0
Tree height after scaling: 1.0, mutation rate: 0.6940199891335865
Tree height pre-scaling: 0.6940200276754146, input timescale: 1.0
Tree height after scaling: 1.0, mutation rate: 0.6940200276754146
Tree height pre-scaling: 0.69401992555637, input timescale: 1.0
Tree height after scaling: 1.0, mutation rate: 0.69401992555637
Tree height pre-scaling: 0.6940199785592971, input timescale: 1.0
Tree height after scaling: 1.0, mutation rate: 0.6940199785592971
Tree height pre-scaling: 0.6940200126641842, input timescale: 1.0
Tree height after scaling: 1.0, mutation rate: 0.6940200126641842
Tree height pre-scaling: 0.6940200059987792, input timescale: 1.0
Tree height after scaling: 1.0, mutation rate: 0.6940200059987792
Tree height pre-scaling: 0.6940199482475466, input timescale: 1.0
Tree height after scaling: 1.0, mutation rate: 0.6940199482475466
Tree height pre-scaling: 0.6940201917298953, input timescale: 1.0
Tree height after scaling: 1.0, mutation rate: 0.6940201917298953
Tree height pre-scaling: 0.6940199950985777, input timescale: 1.0
Tree height after scaling: 1.0000000000000002, mutation rate: 0.6940199950985777
Tree height pre-scaling: 0.6940200306034037, input timescale: 1.0
Tree height after scaling: 0.9999999999999999, mutation rate: 0.6940200306034037
Tree height pre-scaling: 0.6940199772411271, input timescale: 1.0
Tree height after scaling: 1.0, mutation rate: 0.6940199772411271
Tree height pre-scaling: 0.6940199866493924, input timescale: 1.0
Tree height after scaling: 1.0, mutation rate: 0.6940199866493924
Tree height pre-scaling: 0.6940199194029535, input timescale: 1.0
Tree height after scaling: 1.0, mutation rate: 0.6940199194029535
Tree height pre-scaling: 0.6940200061164028, input timescale: 1.0
Tree height after scaling: 1.0000000000000002, mutation rate: 0.6940200061164028
Tree height pre-scaling: 0.6940200994694329, input timescale: 1.0
Tree height after scaling: 0.9999999999999999, mutation rate: 0.6940200994694329
Runtime (s): 13.671151958
