Launching LAML version 0.0.4
LAML was called as follows: /Users/uym2/my_gits/LAML/run_laml.py -c ../../evaluation/Bar10/Bar10_character_matrix.txt -t place_outlier2/augmented_tree_37.nwk -o place_outlier2/augmented_tree_37_optimized -v -p ../../evaluation/Bar10/Bar10_priors.pickle --delimiter tab -m -1 --nInitials 1
Prior keys mismatch with site names.
Prior keys: [0, 1, 2, 3, 4, 5, 6, 7, 8, 9, 10, 11, 12, 13, 14, 15, 16, 17, 18, 19, 20, 21, 22, 23, 24, 25, 26, 27, 28, 29]
Site names: ['r1', 'r2', 'r3', 'r4', 'r5', 'r6', 'r7', 'r8', 'r9', 'r10', 'r11', 'r12', 'r13', 'r14', 'r15', 'r16', 'r17', 'r18', 'r19', 'r20', 'r21', 'r22', 'r23', 'r24', 'r25', 'r26', 'r27', 'r28', 'r29', 'r30']
Attempting to infer mapping between site names and prior keys...
{'r1': 0, 'r2': 1, 'r3': 2, 'r4': 3, 'r5': 4, 'r6': 5, 'r7': 6, 'r8': 7, 'r9': 8, 'r10': 9, 'r11': 10, 'r12': 11, 'r13': 12, 'r14': 13, 'r15': 14, 'r16': 15, 'r17': 16, 'r18': 17, 'r19': 18, 'r20': 19, 'r21': 20, 'r22': 21, 'r23': 22, 'r24': 23, 'r25': 24, 'r26': 25, 'r27': 26, 'r28': 27, 'r29': 28, 'r30': 29}
Optimizing branch lengths, phi, and nu without topology search
Optimization by EM algorithm
Optimization start with 1 initials
Initial point 1. Random seed: 6441
Numerical optimization started with ultrametric constraint (default)
Initial phi: 0. Initial nu: 0.26955655566205877. Initial nllh: 13022.186078329802
Starting EM iter: 1
Estep
Estep runtime (s): 0.1075279712677002
Mstep
Optimizing phi
Optimizing branch lengths. Current phi: 0. Current nu:0.26955655566205877
Optimizing nu
Mstep runtime (s): 0.3128650188446045
Finished EM iter: 1. Current nllh: 10742.882583214825
Starting EM iter: 2
Estep
Estep runtime (s): 0.14644885063171387
Mstep
Optimizing phi
Optimizing branch lengths. Current phi: 0. Current nu:0.27782021346662855
Optimizing nu
Mstep runtime (s): 0.28231120109558105
Finished EM iter: 2. Current nllh: 10718.825285501413
Starting EM iter: 3
Estep
Estep runtime (s): 0.14899802207946777
Mstep
Optimizing phi
Optimizing branch lengths. Current phi: 0. Current nu:0.2794627653447645
Optimizing nu
Mstep runtime (s): 0.3002500534057617
Finished EM iter: 3. Current nllh: 10717.359039637613
Starting EM iter: 4
Estep
Estep runtime (s): 0.14599204063415527
Mstep
Optimizing phi
Optimizing branch lengths. Current phi: 0. Current nu:0.28003295807330175
Optimizing nu
Mstep runtime (s): 0.39882802963256836
Finished EM iter: 4. Current nllh: 10717.140963339041
Starting EM iter: 5
Estep
Estep runtime (s): 0.1463451385498047
Mstep
Optimizing phi
Optimizing branch lengths. Current phi: 0. Current nu:0.28037157405881197
Optimizing nu
Mstep runtime (s): 0.3415558338165283
Finished EM iter: 5. Current nllh: 10717.06467145254
Starting EM iter: 6
Estep
Estep runtime (s): 0.14621710777282715
Mstep
Optimizing phi
Optimizing branch lengths. Current phi: 0. Current nu:0.2805851789263447
Optimizing nu
Mstep runtime (s): 0.34192991256713867
Finished EM iter: 6. Current nllh: 10717.033770334821
Starting EM iter: 7
Estep
Estep runtime (s): 0.14638900756835938
Mstep
Optimizing phi
Optimizing branch lengths. Current phi: 0. Current nu:0.28072293129821957
Optimizing nu
Mstep runtime (s): 0.3253297805786133
Finished EM iter: 7. Current nllh: 10717.016045488352
Starting EM iter: 8
Estep
Estep runtime (s): 0.14644694328308105
Mstep
Optimizing phi
Optimizing branch lengths. Current phi: 0. Current nu:0.2808172978616273
Optimizing nu
Mstep runtime (s): 0.2933692932128906
Finished EM iter: 8. Current nllh: 10717.004998688622
Starting EM iter: 9
Estep
Estep runtime (s): 0.14644813537597656
Mstep
Optimizing phi
Optimizing branch lengths. Current phi: 0. Current nu:0.28088539301592086
Optimizing nu
Mstep runtime (s): 0.2901010513305664
Finished EM iter: 9. Current nllh: 10716.997738183803
Starting EM iter: 10
Estep
Estep runtime (s): 0.14652514457702637
Mstep
Optimizing phi
Optimizing branch lengths. Current phi: 0. Current nu:0.28093590962061105
Optimizing nu
Mstep runtime (s): 0.32058000564575195
Finished EM iter: 10. Current nllh: 10716.992780628274
Starting EM iter: 11
Estep
Estep runtime (s): 0.14640378952026367
Mstep
Optimizing phi
Optimizing branch lengths. Current phi: 0. Current nu:0.2809725907867163
Optimizing nu
Mstep runtime (s): 0.29443812370300293
Finished EM iter: 11. Current nllh: 10716.989330235829
Starting EM iter: 12
Estep
Estep runtime (s): 0.14688324928283691
Mstep
Optimizing phi
Optimizing branch lengths. Current phi: 0. Current nu:0.2810042145473289
Optimizing nu
Mstep runtime (s): 0.31949901580810547
Finished EM iter: 12. Current nllh: 10716.986759328642
Starting EM iter: 13
Estep
Estep runtime (s): 0.14667320251464844
Mstep
Optimizing phi
Optimizing branch lengths. Current phi: 0. Current nu:0.2810290015562668
Optimizing nu
Mstep runtime (s): 0.3137691020965576
Finished EM iter: 13. Current nllh: 10716.984852672153
Starting EM iter: 14
Estep
Estep runtime (s): 0.1468820571899414
Mstep
Optimizing phi
Optimizing branch lengths. Current phi: 0. Current nu:0.2810491006759643
Optimizing nu
Mstep runtime (s): 0.35488224029541016
Finished EM iter: 14. Current nllh: 10716.983432187659
Starting EM iter: 15
Estep
Estep runtime (s): 0.14671683311462402
Mstep
Optimizing phi
Optimizing branch lengths. Current phi: 0. Current nu:0.28106521481805374
Optimizing nu
Mstep runtime (s): 0.3099400997161865
Finished EM iter: 15. Current nllh: 10716.982358172514
Starting EM iter: 16
Estep
Estep runtime (s): 0.14646291732788086
Mstep
Optimizing phi
Optimizing branch lengths. Current phi: 0. Current nu:0.2810785434051045
Optimizing nu
Mstep runtime (s): 0.3232078552246094
Finished EM iter: 16. Current nllh: 10716.981318553468
Starting EM iter: 17
Estep
Estep runtime (s): 0.1468210220336914
Mstep
Optimizing phi
Optimizing branch lengths. Current phi: 0. Current nu:0.28108965836371974
Optimizing nu
Mstep runtime (s): 0.32436609268188477
Finished EM iter: 17. Current nllh: 10716.980679902455
Starting EM iter: 18
Estep
Estep runtime (s): 0.14699721336364746
Mstep
Optimizing phi
Optimizing branch lengths. Current phi: 0. Current nu:0.281098865597179
Optimizing nu
Mstep runtime (s): 0.3026559352874756
Finished EM iter: 18. Current nllh: 10716.980298090299
Starting EM iter: 19
Estep
Estep runtime (s): 0.1469588279724121
Mstep
Optimizing phi
Optimizing branch lengths. Current phi: 0. Current nu:0.2811085157683137
Optimizing nu
Mstep runtime (s): 0.2957727909088135
Finished EM iter: 19. Current nllh: 10716.979822679472
Starting EM iter: 20
Estep
Estep runtime (s): 0.14676403999328613
Mstep
Optimizing phi
Optimizing branch lengths. Current phi: 0. Current nu:0.28111611622678356
Optimizing nu
Mstep runtime (s): 0.290128231048584
Finished EM iter: 20. Current nllh: 10716.979466191055
Starting EM iter: 21
Estep
Estep runtime (s): 0.14692997932434082
Mstep
Optimizing phi
Optimizing branch lengths. Current phi: 0. Current nu:0.2811220964427106
Optimizing nu
Mstep runtime (s): 0.30536985397338867
Finished EM iter: 21. Current nllh: 10716.979189060317
Starting EM iter: 22
Estep
Estep runtime (s): 0.14681172370910645
Mstep
Optimizing phi
Optimizing branch lengths. Current phi: 0. Current nu:0.281126913801296
Optimizing nu
Mstep runtime (s): 0.30722713470458984
Finished EM iter: 22. Current nllh: 10716.978951327621
Starting EM iter: 23
Estep
Estep runtime (s): 0.1471729278564453
Mstep
Optimizing phi
Optimizing branch lengths. Current phi: 0. Current nu:0.28113160490180894
Optimizing nu
Mstep runtime (s): 0.30299878120422363
Finished EM iter: 23. Current nllh: 10716.978753293653
Starting EM iter: 24
Estep
Estep runtime (s): 0.14688682556152344
Mstep
Optimizing phi
Optimizing branch lengths. Current phi: 0. Current nu:0.2811353683205971
Optimizing nu
Mstep runtime (s): 0.32382798194885254
Finished EM iter: 24. Current nllh: 10716.978592171912
Starting EM iter: 25
Estep
Estep runtime (s): 0.14711308479309082
Mstep
Optimizing phi
Optimizing branch lengths. Current phi: 0. Current nu:0.28113868640969464
Optimizing nu
Mstep runtime (s): 0.2956268787384033
Finished EM iter: 25. Current nllh: 10716.978456191795
Starting EM iter: 26
Estep
Estep runtime (s): 0.1469898223876953
Mstep
Optimizing phi
Optimizing branch lengths. Current phi: 0. Current nu:0.28114158360063357
Optimizing nu
Mstep runtime (s): 0.30087780952453613
Finished EM iter: 26. Current nllh: 10716.978343727294
Starting EM iter: 27
Estep
Estep runtime (s): 0.14719796180725098
Mstep
Optimizing phi
Optimizing branch lengths. Current phi: 0. Current nu:0.28114393316595776
Optimizing nu
Mstep runtime (s): 0.3443868160247803
Finished EM iter: 27. Current nllh: 10716.978133377179
Starting EM iter: 28
Estep
Estep runtime (s): 0.14689302444458008
Mstep
Optimizing phi
Optimizing branch lengths. Current phi: 0. Current nu:0.2811441227073284
Optimizing nu
Mstep runtime (s): 0.32794761657714844
Finished EM iter: 28. Current nllh: 10716.978217256346
EM finished after 28 iterations.
Optimal phi: 0. Optimal nu: 0.28114748239468296. Optimal nllh: 10716.978217256346
Optimal point found for initial point 1
Numerical optimization finished successfully
Tree height pre-scaling: 0.6973253823692883, input timescale: 1.0
Tree height after scaling: 1.0, mutation rate: 0.6973253823692883
Tree height pre-scaling: 0.6973253823813601, input timescale: 1.0
Tree height after scaling: 1.0, mutation rate: 0.6973253823813601
Tree height pre-scaling: 0.6973253823734387, input timescale: 1.0
Tree height after scaling: 1.0, mutation rate: 0.6973253823734387
Tree height pre-scaling: 0.6973253823814586, input timescale: 1.0
Tree height after scaling: 1.0, mutation rate: 0.6973253823814586
Tree height pre-scaling: 0.6973253823596205, input timescale: 1.0
Tree height after scaling: 1.0, mutation rate: 0.6973253823596205
Tree height pre-scaling: 0.6973253823709737, input timescale: 1.0
Tree height after scaling: 1.0, mutation rate: 0.6973253823709737
Tree height pre-scaling: 0.69732538237756, input timescale: 1.0
Tree height after scaling: 1.0, mutation rate: 0.69732538237756
Tree height pre-scaling: 0.6973253823770592, input timescale: 1.0
Tree height after scaling: 0.9999999999999999, mutation rate: 0.6973253823770592
Tree height pre-scaling: 0.6973253823639103, input timescale: 1.0
Tree height after scaling: 1.0, mutation rate: 0.6973253823639103
Tree height pre-scaling: 0.6973253823748639, input timescale: 1.0
Tree height after scaling: 1.0, mutation rate: 0.6973253823748639
Tree height pre-scaling: 0.697325382374331, input timescale: 1.0
Tree height after scaling: 0.9999999999999999, mutation rate: 0.697325382374331
Tree height pre-scaling: 0.6973253823646521, input timescale: 1.0
Tree height after scaling: 1.0, mutation rate: 0.6973253823646521
Tree height pre-scaling: 0.697325382373095, input timescale: 1.0
Tree height after scaling: 1.0, mutation rate: 0.697325382373095
Tree height pre-scaling: 0.6973253823721662, input timescale: 1.0
Tree height after scaling: 1.0, mutation rate: 0.6973253823721662
Tree height pre-scaling: 0.6973253823853375, input timescale: 1.0
Tree height after scaling: 0.9999999999999999, mutation rate: 0.6973253823853375
Tree height pre-scaling: 0.6973253823739751, input timescale: 1.0
Tree height after scaling: 1.0, mutation rate: 0.6973253823739751
Tree height pre-scaling: 0.6973253824320604, input timescale: 1.0
Tree height after scaling: 0.9999999999999999, mutation rate: 0.6973253824320604
Runtime (s): 14.328648583000001
