Launching LAML version 0.0.4
LAML was called as follows: /Users/uym2/my_gits/LAML/run_laml.py -c ../../evaluation/Bar10/Bar10_character_matrix.txt -t place_outlier2/augmented_tree_83.nwk -o place_outlier2/augmented_tree_83_optimized -v -p ../../evaluation/Bar10/Bar10_priors.pickle --delimiter tab -m -1 --nInitials 1
Prior keys mismatch with site names.
Prior keys: [0, 1, 2, 3, 4, 5, 6, 7, 8, 9, 10, 11, 12, 13, 14, 15, 16, 17, 18, 19, 20, 21, 22, 23, 24, 25, 26, 27, 28, 29]
Site names: ['r1', 'r2', 'r3', 'r4', 'r5', 'r6', 'r7', 'r8', 'r9', 'r10', 'r11', 'r12', 'r13', 'r14', 'r15', 'r16', 'r17', 'r18', 'r19', 'r20', 'r21', 'r22', 'r23', 'r24', 'r25', 'r26', 'r27', 'r28', 'r29', 'r30']
Attempting to infer mapping between site names and prior keys...
{'r1': 0, 'r2': 1, 'r3': 2, 'r4': 3, 'r5': 4, 'r6': 5, 'r7': 6, 'r8': 7, 'r9': 8, 'r10': 9, 'r11': 10, 'r12': 11, 'r13': 12, 'r14': 13, 'r15': 14, 'r16': 15, 'r17': 16, 'r18': 17, 'r19': 18, 'r20': 19, 'r21': 20, 'r22': 21, 'r23': 22, 'r24': 23, 'r25': 24, 'r26': 25, 'r27': 26, 'r28': 27, 'r29': 28, 'r30': 29}
Optimizing branch lengths, phi, and nu without topology search
Optimization by EM algorithm
Optimization start with 1 initials
Initial point 1. Random seed: 5864
Numerical optimization started with ultrametric constraint (default)
Initial phi: 0. Initial nu: 0.26955655566205877. Initial nllh: 12856.608795710694
Starting EM iter: 1
Estep
Estep runtime (s): 0.1111612319946289
Mstep
Optimizing phi
Optimizing branch lengths. Current phi: 0. Current nu:0.26955655566205877
Optimizing nu
Mstep runtime (s): 0.3540189266204834
Finished EM iter: 1. Current nllh: 10704.540601422921
Starting EM iter: 2
Estep
Estep runtime (s): 0.14839768409729004
Mstep
Optimizing phi
Optimizing branch lengths. Current phi: 0. Current nu:0.28035924544226515
Optimizing nu
Mstep runtime (s): 0.3028981685638428
Finished EM iter: 2. Current nllh: 10679.485090270222
Starting EM iter: 3
Estep
Estep runtime (s): 0.14895415306091309
Mstep
Optimizing phi
Optimizing branch lengths. Current phi: 0. Current nu:0.2829439122735814
Optimizing nu
Mstep runtime (s): 0.3336219787597656
Finished EM iter: 3. Current nllh: 10678.161125151357
Starting EM iter: 4
Estep
Estep runtime (s): 0.14704084396362305
Mstep
Optimizing phi
Optimizing branch lengths. Current phi: 0. Current nu:0.28402088433845446
Optimizing nu
Mstep runtime (s): 0.28856515884399414
Finished EM iter: 4. Current nllh: 10677.956541736554
Starting EM iter: 5
Estep
Estep runtime (s): 0.14764690399169922
Mstep
Optimizing phi
Optimizing branch lengths. Current phi: 0. Current nu:0.2845674005787395
Optimizing nu
Mstep runtime (s): 0.2987539768218994
Finished EM iter: 5. Current nllh: 10677.881375988763
Starting EM iter: 6
Estep
Estep runtime (s): 0.1468489170074463
Mstep
Optimizing phi
Optimizing branch lengths. Current phi: 0. Current nu:0.28486880746397025
Optimizing nu
Mstep runtime (s): 0.2983279228210449
Finished EM iter: 6. Current nllh: 10677.85083917452
Starting EM iter: 7
Estep
Estep runtime (s): 0.14767074584960938
Mstep
Optimizing phi
Optimizing branch lengths. Current phi: 0. Current nu:0.285044318313095
Optimizing nu
Mstep runtime (s): 0.28545188903808594
Finished EM iter: 7. Current nllh: 10677.83347344013
Starting EM iter: 8
Estep
Estep runtime (s): 0.14725923538208008
Mstep
Optimizing phi
Optimizing branch lengths. Current phi: 0. Current nu:0.2851571644494768
Optimizing nu
Mstep runtime (s): 0.30036187171936035
Finished EM iter: 8. Current nllh: 10677.822718649026
Starting EM iter: 9
Estep
Estep runtime (s): 0.14767193794250488
Mstep
Optimizing phi
Optimizing branch lengths. Current phi: 0. Current nu:0.28523343732607637
Optimizing nu
Mstep runtime (s): 0.30533289909362793
Finished EM iter: 9. Current nllh: 10677.815675476517
Starting EM iter: 10
Estep
Estep runtime (s): 0.14716792106628418
Mstep
Optimizing phi
Optimizing branch lengths. Current phi: 0. Current nu:0.2852885463762564
Optimizing nu
Mstep runtime (s): 0.2935149669647217
Finished EM iter: 10. Current nllh: 10677.810859237119
Starting EM iter: 11
Estep
Estep runtime (s): 0.14804601669311523
Mstep
Optimizing phi
Optimizing branch lengths. Current phi: 0. Current nu:0.2853302157151997
Optimizing nu
Mstep runtime (s): 0.3166477680206299
Finished EM iter: 11. Current nllh: 10677.807477842063
Starting EM iter: 12
Estep
Estep runtime (s): 0.1474919319152832
Mstep
Optimizing phi
Optimizing branch lengths. Current phi: 0. Current nu:0.28536190577229675
Optimizing nu
Mstep runtime (s): 0.28845715522766113
Finished EM iter: 12. Current nllh: 10677.805041423346
Starting EM iter: 13
Estep
Estep runtime (s): 0.1474599838256836
Mstep
Optimizing phi
Optimizing branch lengths. Current phi: 0. Current nu:0.2853873409012962
Optimizing nu
Mstep runtime (s): 0.3027830123901367
Finished EM iter: 13. Current nllh: 10677.80323783521
Starting EM iter: 14
Estep
Estep runtime (s): 0.14795398712158203
Mstep
Optimizing phi
Optimizing branch lengths. Current phi: 0. Current nu:0.2854083172626512
Optimizing nu
Mstep runtime (s): 0.2963063716888428
Finished EM iter: 14. Current nllh: 10677.801881279542
Starting EM iter: 15
Estep
Estep runtime (s): 0.14796209335327148
Mstep
Optimizing phi
Optimizing branch lengths. Current phi: 0. Current nu:0.2854254038625795
Optimizing nu
Mstep runtime (s): 0.282426118850708
Finished EM iter: 15. Current nllh: 10677.800860631914
Starting EM iter: 16
Estep
Estep runtime (s): 0.14803004264831543
Mstep
Optimizing phi
Optimizing branch lengths. Current phi: 0. Current nu:0.28543932115525045
Optimizing nu
Mstep runtime (s): 0.28310394287109375
Finished EM iter: 16. Current nllh: 10677.800061572987
Starting EM iter: 17
Estep
Estep runtime (s): 0.14793014526367188
Mstep
Optimizing phi
Optimizing branch lengths. Current phi: 0. Current nu:0.28545138552727667
Optimizing nu
Mstep runtime (s): 0.2908458709716797
Finished EM iter: 17. Current nllh: 10677.79942455927
Starting EM iter: 18
Estep
Estep runtime (s): 0.14765119552612305
Mstep
Optimizing phi
Optimizing branch lengths. Current phi: 0. Current nu:0.28546176780782156
Optimizing nu
Mstep runtime (s): 0.2944059371948242
Finished EM iter: 18. Current nllh: 10677.798929490686
Starting EM iter: 19
Estep
Estep runtime (s): 0.14815497398376465
Mstep
Optimizing phi
Optimizing branch lengths. Current phi: 0. Current nu:0.28547029510119537
Optimizing nu
Mstep runtime (s): 0.29855990409851074
Finished EM iter: 19. Current nllh: 10677.798548442348
Starting EM iter: 20
Estep
Estep runtime (s): 0.1478111743927002
Mstep
Optimizing phi
Optimizing branch lengths. Current phi: 0. Current nu:0.2854769729187233
Optimizing nu
Mstep runtime (s): 0.2980058193206787
Finished EM iter: 20. Current nllh: 10677.798224819251
Starting EM iter: 21
Estep
Estep runtime (s): 0.1479969024658203
Mstep
Optimizing phi
Optimizing branch lengths. Current phi: 0. Current nu:0.2854837659290647
Optimizing nu
Mstep runtime (s): 0.3172471523284912
Finished EM iter: 21. Current nllh: 10677.797968398156
Starting EM iter: 22
Estep
Estep runtime (s): 0.14754819869995117
Mstep
Optimizing phi
Optimizing branch lengths. Current phi: 0. Current nu:0.2854888627971262
Optimizing nu
Mstep runtime (s): 0.3186671733856201
Finished EM iter: 22. Current nllh: 10677.797750273246
Starting EM iter: 23
Estep
Estep runtime (s): 0.14809513092041016
Mstep
Optimizing phi
Optimizing branch lengths. Current phi: 0. Current nu:0.2854938971743451
Optimizing nu
Mstep runtime (s): 0.3158440589904785
Finished EM iter: 23. Current nllh: 10677.797575266695
Starting EM iter: 24
Estep
Estep runtime (s): 0.14752793312072754
Mstep
Optimizing phi
Optimizing branch lengths. Current phi: 0. Current nu:0.2854977266887988
Optimizing nu
Mstep runtime (s): 0.3137068748474121
Finished EM iter: 24. Current nllh: 10677.79742024399
Starting EM iter: 25
Estep
Estep runtime (s): 0.1479189395904541
Mstep
Optimizing phi
Optimizing branch lengths. Current phi: 0. Current nu:0.2855016123558201
Optimizing nu
Mstep runtime (s): 0.30514979362487793
Finished EM iter: 25. Current nllh: 10677.797283892518
Starting EM iter: 26
Estep
Estep runtime (s): 0.1482241153717041
Mstep
Optimizing phi
Optimizing branch lengths. Current phi: 0. Current nu:0.28550504309375496
Optimizing nu
Mstep runtime (s): 0.30306482315063477
Finished EM iter: 26. Current nllh: 10677.797174810485
Starting EM iter: 27
Estep
Estep runtime (s): 0.14773225784301758
Mstep
Optimizing phi
Optimizing branch lengths. Current phi: 0. Current nu:0.2855078053915845
Optimizing nu
Mstep runtime (s): 0.32654571533203125
Finished EM iter: 27. Current nllh: 10677.797146611601
EM finished after 27 iterations.
Optimal phi: 0. Optimal nu: 0.2855080979353227. Optimal nllh: 10677.797146611601
Optimal point found for initial point 1
Numerical optimization finished successfully
Tree height pre-scaling: 0.6864390299370462, input timescale: 1.0
Tree height after scaling: 1.0, mutation rate: 0.6864390299370462
Tree height pre-scaling: 0.6864390861026342, input timescale: 1.0
Tree height after scaling: 1.0, mutation rate: 0.6864390861026342
Tree height pre-scaling: 0.6864390428223097, input timescale: 1.0
Tree height after scaling: 0.9999999999999999, mutation rate: 0.6864390428223097
Tree height pre-scaling: 0.6864390726591202, input timescale: 1.0
Tree height after scaling: 1.0, mutation rate: 0.6864390726591202
Tree height pre-scaling: 0.6864389960713303, input timescale: 1.0
Tree height after scaling: 1.0, mutation rate: 0.6864389960713303
Tree height pre-scaling: 0.6864390352281282, input timescale: 1.0
Tree height after scaling: 1.0, mutation rate: 0.6864390352281282
Tree height pre-scaling: 0.6864390594646523, input timescale: 1.0
Tree height after scaling: 0.9999999999999999, mutation rate: 0.6864390594646523
Tree height pre-scaling: 0.6864390586194522, input timescale: 1.0
Tree height after scaling: 1.0, mutation rate: 0.6864390586194522
Tree height pre-scaling: 0.686439012458026, input timescale: 1.0
Tree height after scaling: 1.0, mutation rate: 0.686439012458026
Tree height pre-scaling: 0.6864390496405107, input timescale: 1.0
Tree height after scaling: 1.0, mutation rate: 0.6864390496405107
Tree height pre-scaling: 0.6864390478990874, input timescale: 1.0
Tree height after scaling: 1.0, mutation rate: 0.6864390478990874
Tree height pre-scaling: 0.6864390118337969, input timescale: 1.0
Tree height after scaling: 1.0, mutation rate: 0.6864390118337969
Tree height pre-scaling: 0.6864390347163984, input timescale: 1.0
Tree height after scaling: 1.0, mutation rate: 0.6864390347163984
Tree height pre-scaling: 0.686439041554219, input timescale: 1.0
Tree height after scaling: 1.0, mutation rate: 0.686439041554219
Tree height pre-scaling: 0.6864390887804455, input timescale: 1.0
Tree height after scaling: 1.0, mutation rate: 0.6864390887804455
Tree height pre-scaling: 0.6864392112137387, input timescale: 1.0
Tree height after scaling: 1.0, mutation rate: 0.6864392112137387
Tree height pre-scaling: 0.6864390226864729, input timescale: 1.0
Tree height after scaling: 0.9999999999999999, mutation rate: 0.6864390226864729
Runtime (s): 13.546449458000001
