Launching LAML version 0.0.4
LAML was called as follows: /Users/uym2/my_gits/LAML/run_laml.py -c ../../evaluation/Bar10/Bar10_character_matrix.txt -t place_outlier2/augmented_tree_88.nwk -o place_outlier2/augmented_tree_88_optimized -v -p ../../evaluation/Bar10/Bar10_priors.pickle --delimiter tab -m -1 --nInitials 1
Prior keys mismatch with site names.
Prior keys: [0, 1, 2, 3, 4, 5, 6, 7, 8, 9, 10, 11, 12, 13, 14, 15, 16, 17, 18, 19, 20, 21, 22, 23, 24, 25, 26, 27, 28, 29]
Site names: ['r1', 'r2', 'r3', 'r4', 'r5', 'r6', 'r7', 'r8', 'r9', 'r10', 'r11', 'r12', 'r13', 'r14', 'r15', 'r16', 'r17', 'r18', 'r19', 'r20', 'r21', 'r22', 'r23', 'r24', 'r25', 'r26', 'r27', 'r28', 'r29', 'r30']
Attempting to infer mapping between site names and prior keys...
{'r1': 0, 'r2': 1, 'r3': 2, 'r4': 3, 'r5': 4, 'r6': 5, 'r7': 6, 'r8': 7, 'r9': 8, 'r10': 9, 'r11': 10, 'r12': 11, 'r13': 12, 'r14': 13, 'r15': 14, 'r16': 15, 'r17': 16, 'r18': 17, 'r19': 18, 'r20': 19, 'r21': 20, 'r22': 21, 'r23': 22, 'r24': 23, 'r25': 24, 'r26': 25, 'r27': 26, 'r28': 27, 'r29': 28, 'r30': 29}
Optimizing branch lengths, phi, and nu without topology search
Optimization by EM algorithm
Optimization start with 1 initials
Initial point 1. Random seed: 3485
Numerical optimization started with ultrametric constraint (default)
Initial phi: 0. Initial nu: 0.26955655566205877. Initial nllh: 12756.048468338771
Starting EM iter: 1
Estep
Estep runtime (s): 0.1097569465637207
Mstep
Optimizing phi
Optimizing branch lengths. Current phi: 0. Current nu:0.26955655566205877
Optimizing nu
Mstep runtime (s): 0.30701708793640137
Finished EM iter: 1. Current nllh: 10758.924706598951
Starting EM iter: 2
Estep
Estep runtime (s): 0.15133190155029297
Mstep
Optimizing phi
Optimizing branch lengths. Current phi: 0. Current nu:0.28550676437847855
Optimizing nu
Mstep runtime (s): 0.2844729423522949
Finished EM iter: 2. Current nllh: 10714.336160037818
Starting EM iter: 3
Estep
Estep runtime (s): 0.14941692352294922
Mstep
Optimizing phi
Optimizing branch lengths. Current phi: 0. Current nu:0.2877379757181364
Optimizing nu
Mstep runtime (s): 0.3129231929779053
Finished EM iter: 3. Current nllh: 10704.745393455503
Starting EM iter: 4
Estep
Estep runtime (s): 0.14909887313842773
Mstep
Optimizing phi
Optimizing branch lengths. Current phi: 0. Current nu:0.2868491897911553
Optimizing nu
Mstep runtime (s): 0.2832350730895996
Finished EM iter: 4. Current nllh: 10703.791238605707
Starting EM iter: 5
Estep
Estep runtime (s): 0.14960789680480957
Mstep
Optimizing phi
Optimizing branch lengths. Current phi: 0. Current nu:0.28610911604135153
Optimizing nu
Mstep runtime (s): 0.2815208435058594
Finished EM iter: 5. Current nllh: 10703.720020767967
Starting EM iter: 6
Estep
Estep runtime (s): 0.1497499942779541
Mstep
Optimizing phi
Optimizing branch lengths. Current phi: 0. Current nu:0.2859339953308415
Optimizing nu
Mstep runtime (s): 0.3434171676635742
Finished EM iter: 6. Current nllh: 10703.697633731119
Starting EM iter: 7
Estep
Estep runtime (s): 0.1496739387512207
Mstep
Optimizing phi
Optimizing branch lengths. Current phi: 0. Current nu:0.2859509210735772
Optimizing nu
Mstep runtime (s): 0.2874321937561035
Finished EM iter: 7. Current nllh: 10703.683543349032
Starting EM iter: 8
Estep
Estep runtime (s): 0.14983510971069336
Mstep
Optimizing phi
Optimizing branch lengths. Current phi: 0. Current nu:0.28600786094148756
Optimizing nu
Mstep runtime (s): 0.2821030616760254
Finished EM iter: 8. Current nllh: 10703.67376061954
Starting EM iter: 9
Estep
Estep runtime (s): 0.15000009536743164
Mstep
Optimizing phi
Optimizing branch lengths. Current phi: 0. Current nu:0.2860653242882384
Optimizing nu
Mstep runtime (s): 0.3261539936065674
Finished EM iter: 9. Current nllh: 10703.667018467562
Starting EM iter: 10
Estep
Estep runtime (s): 0.14961028099060059
Mstep
Optimizing phi
Optimizing branch lengths. Current phi: 0. Current nu:0.2861131895910346
Optimizing nu
Mstep runtime (s): 0.28421473503112793
Finished EM iter: 10. Current nllh: 10703.662296684011
Starting EM iter: 11
Estep
Estep runtime (s): 0.15015602111816406
Mstep
Optimizing phi
Optimizing branch lengths. Current phi: 0. Current nu:0.2861520033991546
Optimizing nu
Mstep runtime (s): 0.28921079635620117
Finished EM iter: 11. Current nllh: 10703.658936436877
Starting EM iter: 12
Estep
Estep runtime (s): 0.1498548984527588
Mstep
Optimizing phi
Optimizing branch lengths. Current phi: 0. Current nu:0.2861827297256802
Optimizing nu
Mstep runtime (s): 0.2899959087371826
Finished EM iter: 12. Current nllh: 10703.656503940845
Starting EM iter: 13
Estep
Estep runtime (s): 0.1505289077758789
Mstep
Optimizing phi
Optimizing branch lengths. Current phi: 0. Current nu:0.28620764943701366
Optimizing nu
Mstep runtime (s): 0.297379732131958
Finished EM iter: 13. Current nllh: 10703.654698246171
Starting EM iter: 14
Estep
Estep runtime (s): 0.14992904663085938
Mstep
Optimizing phi
Optimizing branch lengths. Current phi: 0. Current nu:0.2862279683846158
Optimizing nu
Mstep runtime (s): 0.30387091636657715
Finished EM iter: 14. Current nllh: 10703.653353998498
Starting EM iter: 15
Estep
Estep runtime (s): 0.15279197692871094
Mstep
Optimizing phi
Optimizing branch lengths. Current phi: 0. Current nu:0.2862444359632169
Optimizing nu
Mstep runtime (s): 0.2910499572753906
Finished EM iter: 15. Current nllh: 10703.652309738181
Starting EM iter: 16
Estep
Estep runtime (s): 0.1499030590057373
Mstep
Optimizing phi
Optimizing branch lengths. Current phi: 0. Current nu:0.2862587176202693
Optimizing nu
Mstep runtime (s): 0.2915630340576172
Finished EM iter: 16. Current nllh: 10703.651506486001
Starting EM iter: 17
Estep
Estep runtime (s): 0.1509230136871338
Mstep
Optimizing phi
Optimizing branch lengths. Current phi: 0. Current nu:0.28627044619876096
Optimizing nu
Mstep runtime (s): 0.33962082862854004
Finished EM iter: 17. Current nllh: 10703.65087119578
Starting EM iter: 18
Estep
Estep runtime (s): 0.15174412727355957
Mstep
Optimizing phi
Optimizing branch lengths. Current phi: 0. Current nu:0.28628056930877954
Optimizing nu
Mstep runtime (s): 0.29125285148620605
Finished EM iter: 18. Current nllh: 10703.65037598219
Starting EM iter: 19
Estep
Estep runtime (s): 0.1509549617767334
Mstep
Optimizing phi
Optimizing branch lengths. Current phi: 0. Current nu:0.286288797533869
Optimizing nu
Mstep runtime (s): 0.3016021251678467
Finished EM iter: 19. Current nllh: 10703.649969941831
Starting EM iter: 20
Estep
Estep runtime (s): 0.14991092681884766
Mstep
Optimizing phi
Optimizing branch lengths. Current phi: 0. Current nu:0.286296461467919
Optimizing nu
Mstep runtime (s): 0.2989659309387207
Finished EM iter: 20. Current nllh: 10703.64964866285
Starting EM iter: 21
Estep
Estep runtime (s): 0.15075302124023438
Mstep
Optimizing phi
Optimizing branch lengths. Current phi: 0. Current nu:0.28630238201138386
Optimizing nu
Mstep runtime (s): 0.29619312286376953
Finished EM iter: 21. Current nllh: 10703.64938570697
Starting EM iter: 22
Estep
Estep runtime (s): 0.1506350040435791
Mstep
Optimizing phi
Optimizing branch lengths. Current phi: 0. Current nu:0.28630794976492446
Optimizing nu
Mstep runtime (s): 0.3055281639099121
Finished EM iter: 22. Current nllh: 10703.64915880423
Starting EM iter: 23
Estep
Estep runtime (s): 0.14999914169311523
Mstep
Optimizing phi
Optimizing branch lengths. Current phi: 0. Current nu:0.28631285757655195
Optimizing nu
Mstep runtime (s): 0.3021681308746338
Finished EM iter: 23. Current nllh: 10703.648966601033
Starting EM iter: 24
Estep
Estep runtime (s): 0.1500232219696045
Mstep
Optimizing phi
Optimizing branch lengths. Current phi: 0. Current nu:0.2863172036830167
Optimizing nu
Mstep runtime (s): 0.28421902656555176
Finished EM iter: 24. Current nllh: 10703.648806178346
Starting EM iter: 25
Estep
Estep runtime (s): 0.1503148078918457
Mstep
Optimizing phi
Optimizing branch lengths. Current phi: 0. Current nu:0.2863209833657228
Optimizing nu
Mstep runtime (s): 0.2840700149536133
Finished EM iter: 25. Current nllh: 10703.648682107134
Starting EM iter: 26
Estep
Estep runtime (s): 0.15016603469848633
Mstep
Optimizing phi
Optimizing branch lengths. Current phi: 0. Current nu:0.2863240015334249
Optimizing nu
Mstep runtime (s): 0.28971004486083984
Finished EM iter: 26. Current nllh: 10703.648576285488
EM finished after 26 iterations.
Optimal phi: 0. Optimal nu: 0.2863265850854162. Optimal nllh: 10703.648576285488
Optimal point found for initial point 1
Numerical optimization finished successfully
Tree height pre-scaling: 0.6850611203703758, input timescale: 1.0
Tree height after scaling: 1.0, mutation rate: 0.6850611203703758
Tree height pre-scaling: 0.6850611203859559, input timescale: 1.0
Tree height after scaling: 1.0, mutation rate: 0.6850611203859559
Tree height pre-scaling: 0.6850611203753765, input timescale: 1.0
Tree height after scaling: 1.0, mutation rate: 0.6850611203753765
Tree height pre-scaling: 0.6850611203852942, input timescale: 1.0
Tree height after scaling: 1.0, mutation rate: 0.6850611203852942
Tree height pre-scaling: 0.6850611203606348, input timescale: 1.0
Tree height after scaling: 1.0, mutation rate: 0.6850611203606348
Tree height pre-scaling: 0.6850611203724939, input timescale: 1.0
Tree height after scaling: 1.0, mutation rate: 0.6850611203724939
Tree height pre-scaling: 0.6850611203798278, input timescale: 1.0
Tree height after scaling: 1.0, mutation rate: 0.6850611203798278
Tree height pre-scaling: 0.685061120379244, input timescale: 1.0
Tree height after scaling: 1.0, mutation rate: 0.685061120379244
Tree height pre-scaling: 0.68506112036525, input timescale: 1.0
Tree height after scaling: 0.9999999999999999, mutation rate: 0.68506112036525
Tree height pre-scaling: 0.6850611203764149, input timescale: 1.0
Tree height after scaling: 1.0, mutation rate: 0.6850611203764149
Tree height pre-scaling: 0.6850611203759243, input timescale: 1.0
Tree height after scaling: 1.0, mutation rate: 0.6850611203759243
Tree height pre-scaling: 0.6850611203658862, input timescale: 1.0
Tree height after scaling: 1.0, mutation rate: 0.6850611203658862
Tree height pre-scaling: 0.6850611203722891, input timescale: 1.0
Tree height after scaling: 1.0, mutation rate: 0.6850611203722891
Tree height pre-scaling: 0.6850611203742586, input timescale: 1.0
Tree height after scaling: 1.0, mutation rate: 0.6850611203742586
Tree height pre-scaling: 0.6850611203885675, input timescale: 1.0
Tree height after scaling: 1.0, mutation rate: 0.6850611203885675
Tree height pre-scaling: 0.6850611204253211, input timescale: 1.0
Tree height after scaling: 1.0, mutation rate: 0.6850611204253211
Tree height pre-scaling: 0.685061120367538, input timescale: 1.0
Tree height after scaling: 0.9999999999999999, mutation rate: 0.685061120367538
Runtime (s): 12.977923083
