Launching LAML version 0.0.4
LAML was called as follows: /Users/uym2/my_gits/LAML/run_laml.py -c ../../evaluation/Bar10/Bar10_character_matrix.txt -t place_outlier2/augmented_tree_336.nwk -o place_outlier2/augmented_tree_336_optimized -v -p ../../evaluation/Bar10/Bar10_priors.pickle --delimiter tab -m -1 --nInitials 1
Prior keys mismatch with site names.
Prior keys: [0, 1, 2, 3, 4, 5, 6, 7, 8, 9, 10, 11, 12, 13, 14, 15, 16, 17, 18, 19, 20, 21, 22, 23, 24, 25, 26, 27, 28, 29]
Site names: ['r1', 'r2', 'r3', 'r4', 'r5', 'r6', 'r7', 'r8', 'r9', 'r10', 'r11', 'r12', 'r13', 'r14', 'r15', 'r16', 'r17', 'r18', 'r19', 'r20', 'r21', 'r22', 'r23', 'r24', 'r25', 'r26', 'r27', 'r28', 'r29', 'r30']
Attempting to infer mapping between site names and prior keys...
{'r1': 0, 'r2': 1, 'r3': 2, 'r4': 3, 'r5': 4, 'r6': 5, 'r7': 6, 'r8': 7, 'r9': 8, 'r10': 9, 'r11': 10, 'r12': 11, 'r13': 12, 'r14': 13, 'r15': 14, 'r16': 15, 'r17': 16, 'r18': 17, 'r19': 18, 'r20': 19, 'r21': 20, 'r22': 21, 'r23': 22, 'r24': 23, 'r25': 24, 'r26': 25, 'r27': 26, 'r28': 27, 'r29': 28, 'r30': 29}
Optimizing branch lengths, phi, and nu without topology search
Optimization by EM algorithm
Optimization start with 1 initials
Initial point 1. Random seed: 5970
Numerical optimization started with ultrametric constraint (default)
Initial phi: 0. Initial nu: 0.26955655566205877. Initial nllh: 13104.424168004192
Starting EM iter: 1
Estep
Estep runtime (s): 0.11094903945922852
Mstep
Optimizing phi
Optimizing branch lengths. Current phi: 0. Current nu:0.26955655566205877
Optimizing nu
Mstep runtime (s): 0.32859206199645996
Finished EM iter: 1. Current nllh: 10727.998383907523
Starting EM iter: 2
Estep
Estep runtime (s): 0.15049433708190918
Mstep
Optimizing phi
Optimizing branch lengths. Current phi: 0. Current nu:0.2774987332367059
Optimizing nu
Mstep runtime (s): 0.28020310401916504
Finished EM iter: 2. Current nllh: 10712.404238220437
Starting EM iter: 3
Estep
Estep runtime (s): 0.15118885040283203
Mstep
Optimizing phi
Optimizing branch lengths. Current phi: 0. Current nu:0.2794786115370131
Optimizing nu
Mstep runtime (s): 0.28899693489074707
Finished EM iter: 3. Current nllh: 10711.163335062254
Starting EM iter: 4
Estep
Estep runtime (s): 0.15070080757141113
Mstep
Optimizing phi
Optimizing branch lengths. Current phi: 0. Current nu:0.2801848740316031
Optimizing nu
Mstep runtime (s): 0.3533511161804199
Finished EM iter: 4. Current nllh: 10710.945132871822
Starting EM iter: 5
Estep
Estep runtime (s): 0.15071511268615723
Mstep
Optimizing phi
Optimizing branch lengths. Current phi: 0. Current nu:0.2805637111757198
Optimizing nu
Mstep runtime (s): 0.3112609386444092
Finished EM iter: 5. Current nllh: 10710.86482755501
Starting EM iter: 6
Estep
Estep runtime (s): 0.15233993530273438
Mstep
Optimizing phi
Optimizing branch lengths. Current phi: 0. Current nu:0.2807930693708629
Optimizing nu
Mstep runtime (s): 0.30511903762817383
Finished EM iter: 6. Current nllh: 10710.831962587981
Starting EM iter: 7
Estep
Estep runtime (s): 0.15093612670898438
Mstep
Optimizing phi
Optimizing branch lengths. Current phi: 0. Current nu:0.280938813897767
Optimizing nu
Mstep runtime (s): 0.32603883743286133
Finished EM iter: 7. Current nllh: 10710.813319544053
Starting EM iter: 8
Estep
Estep runtime (s): 0.15118193626403809
Mstep
Optimizing phi
Optimizing branch lengths. Current phi: 0. Current nu:0.28103776299719385
Optimizing nu
Mstep runtime (s): 0.29793214797973633
Finished EM iter: 8. Current nllh: 10710.801821432027
Starting EM iter: 9
Estep
Estep runtime (s): 0.15099596977233887
Mstep
Optimizing phi
Optimizing branch lengths. Current phi: 0. Current nu:0.28110756751094707
Optimizing nu
Mstep runtime (s): 0.31850695610046387
Finished EM iter: 9. Current nllh: 10710.794306966754
Starting EM iter: 10
Estep
Estep runtime (s): 0.15129995346069336
Mstep
Optimizing phi
Optimizing branch lengths. Current phi: 0. Current nu:0.2811594372013864
Optimizing nu
Mstep runtime (s): 0.30442285537719727
Finished EM iter: 10. Current nllh: 10710.789174363732
Starting EM iter: 11
Estep
Estep runtime (s): 0.1514146327972412
Mstep
Optimizing phi
Optimizing branch lengths. Current phi: 0. Current nu:0.28119936899021875
Optimizing nu
Mstep runtime (s): 0.28977489471435547
Finished EM iter: 11. Current nllh: 10710.78556293723
Starting EM iter: 12
Estep
Estep runtime (s): 0.15365314483642578
Mstep
Optimizing phi
Optimizing branch lengths. Current phi: 0. Current nu:0.28123046822482084
Optimizing nu
Mstep runtime (s): 0.3273591995239258
Finished EM iter: 12. Current nllh: 10710.78296770653
Starting EM iter: 13
Estep
Estep runtime (s): 0.15174388885498047
Mstep
Optimizing phi
Optimizing branch lengths. Current phi: 0. Current nu:0.2812548208342553
Optimizing nu
Mstep runtime (s): 0.3214101791381836
Finished EM iter: 13. Current nllh: 10710.781032865758
Starting EM iter: 14
Estep
Estep runtime (s): 0.1545109748840332
Mstep
Optimizing phi
Optimizing branch lengths. Current phi: 0. Current nu:0.28127541623261487
Optimizing nu
Mstep runtime (s): 0.31616997718811035
Finished EM iter: 14. Current nllh: 10710.779576665807
Starting EM iter: 15
Estep
Estep runtime (s): 0.15137815475463867
Mstep
Optimizing phi
Optimizing branch lengths. Current phi: 0. Current nu:0.28129181918688184
Optimizing nu
Mstep runtime (s): 0.2819681167602539
Finished EM iter: 15. Current nllh: 10710.778458274484
Starting EM iter: 16
Estep
Estep runtime (s): 0.1540827751159668
Mstep
Optimizing phi
Optimizing branch lengths. Current phi: 0. Current nu:0.2813058554590572
Optimizing nu
Mstep runtime (s): 0.2967190742492676
Finished EM iter: 16. Current nllh: 10710.777596070679
Starting EM iter: 17
Estep
Estep runtime (s): 0.15150713920593262
Mstep
Optimizing phi
Optimizing branch lengths. Current phi: 0. Current nu:0.2813171068997626
Optimizing nu
Mstep runtime (s): 0.2909688949584961
Finished EM iter: 17. Current nllh: 10710.776928069354
Starting EM iter: 18
Estep
Estep runtime (s): 0.15155410766601562
Mstep
Optimizing phi
Optimizing branch lengths. Current phi: 0. Current nu:0.2813267479500629
Optimizing nu
Mstep runtime (s): 0.29119324684143066
Finished EM iter: 18. Current nllh: 10710.776386609286
Starting EM iter: 19
Estep
Estep runtime (s): 0.1512160301208496
Mstep
Optimizing phi
Optimizing branch lengths. Current phi: 0. Current nu:0.2813349199418896
Optimizing nu
Mstep runtime (s): 0.2808399200439453
Finished EM iter: 19. Current nllh: 10710.77594522634
Starting EM iter: 20
Estep
Estep runtime (s): 0.15178298950195312
Mstep
Optimizing phi
Optimizing branch lengths. Current phi: 0. Current nu:0.28134222519980395
Optimizing nu
Mstep runtime (s): 0.3042292594909668
Finished EM iter: 20. Current nllh: 10710.775572585235
Starting EM iter: 21
Estep
Estep runtime (s): 0.15140795707702637
Mstep
Optimizing phi
Optimizing branch lengths. Current phi: 0. Current nu:0.2813484976503989
Optimizing nu
Mstep runtime (s): 0.30901408195495605
Finished EM iter: 21. Current nllh: 10710.775290684824
Starting EM iter: 22
Estep
Estep runtime (s): 0.15168213844299316
Mstep
Optimizing phi
Optimizing branch lengths. Current phi: 0. Current nu:0.2813534345456802
Optimizing nu
Mstep runtime (s): 0.2826120853424072
Finished EM iter: 22. Current nllh: 10710.775051783643
Starting EM iter: 23
Estep
Estep runtime (s): 0.15125131607055664
Mstep
Optimizing phi
Optimizing branch lengths. Current phi: 0. Current nu:0.2813578691985422
Optimizing nu
Mstep runtime (s): 0.2788548469543457
Finished EM iter: 23. Current nllh: 10710.774835438797
Starting EM iter: 24
Estep
Estep runtime (s): 0.1517031192779541
Mstep
Optimizing phi
Optimizing branch lengths. Current phi: 0. Current nu:0.28136226148120447
Optimizing nu
Mstep runtime (s): 0.28837013244628906
Finished EM iter: 24. Current nllh: 10710.77466222511
Starting EM iter: 25
Estep
Estep runtime (s): 0.15168404579162598
Mstep
Optimizing phi
Optimizing branch lengths. Current phi: 0. Current nu:0.2813655951954774
Optimizing nu
Mstep runtime (s): 0.2913060188293457
Finished EM iter: 25. Current nllh: 10710.774536477811
Starting EM iter: 26
Estep
Estep runtime (s): 0.152268648147583
Mstep
Optimizing phi
Optimizing branch lengths. Current phi: 0. Current nu:0.2813680858570705
Optimizing nu
Mstep runtime (s): 0.32096219062805176
Finished EM iter: 26. Current nllh: 10710.774426612192
Starting EM iter: 27
Estep
Estep runtime (s): 0.15172600746154785
Mstep
Optimizing phi
Optimizing branch lengths. Current phi: 0. Current nu:0.2813705445349022
Optimizing nu
Mstep runtime (s): 0.2883338928222656
Finished EM iter: 27. Current nllh: 10710.7743190966
Starting EM iter: 28
Estep
Estep runtime (s): 0.15216779708862305
Mstep
Optimizing phi
Optimizing branch lengths. Current phi: 0. Current nu:0.2813730004715107
Optimizing nu
Mstep runtime (s): 0.3106248378753662
Finished EM iter: 28. Current nllh: 10710.774331939603
EM finished after 28 iterations.
Optimal phi: 0. Optimal nu: 0.2813725887424647. Optimal nllh: 10710.774331939603
Optimal point found for initial point 1
Numerical optimization finished successfully
Tree height pre-scaling: 0.6959887623804266, input timescale: 1.0
Tree height after scaling: 1.0, mutation rate: 0.6959887623804266
Tree height pre-scaling: 0.6959888140079704, input timescale: 1.0
Tree height after scaling: 1.0, mutation rate: 0.6959888140079704
Tree height pre-scaling: 0.6959887865364854, input timescale: 1.0
Tree height after scaling: 1.0, mutation rate: 0.6959887865364854
Tree height pre-scaling: 0.6959889904584153, input timescale: 1.0
Tree height after scaling: 1.0, mutation rate: 0.6959889904584153
Tree height pre-scaling: 0.6959887840811794, input timescale: 1.0
Tree height after scaling: 1.0, mutation rate: 0.6959887840811794
Tree height pre-scaling: 0.6959888317614912, input timescale: 1.0
Tree height after scaling: 1.0, mutation rate: 0.6959888317614912
Tree height pre-scaling: 0.6959887558115458, input timescale: 1.0
Tree height after scaling: 1.0, mutation rate: 0.6959887558115458
Tree height pre-scaling: 0.6959887764466682, input timescale: 1.0
Tree height after scaling: 1.0, mutation rate: 0.6959887764466682
Tree height pre-scaling: 0.6959886971545636, input timescale: 1.0
Tree height after scaling: 1.0, mutation rate: 0.6959886971545636
Tree height pre-scaling: 0.6959888275007535, input timescale: 1.0
Tree height after scaling: 1.0, mutation rate: 0.6959888275007535
Tree height pre-scaling: 0.6959888222938606, input timescale: 1.0
Tree height after scaling: 1.0, mutation rate: 0.6959888222938606
Tree height pre-scaling: 0.6959887544759702, input timescale: 1.0
Tree height after scaling: 0.9999999999999999, mutation rate: 0.6959887544759702
Tree height pre-scaling: 0.6959887936573942, input timescale: 1.0
Tree height after scaling: 1.0, mutation rate: 0.6959887936573942
Tree height pre-scaling: 0.6959887757801484, input timescale: 1.0
Tree height after scaling: 1.0, mutation rate: 0.6959887757801484
Tree height pre-scaling: 0.695988710514887, input timescale: 1.0
Tree height after scaling: 0.9999999999999999, mutation rate: 0.695988710514887
Tree height pre-scaling: 0.6959887644544178, input timescale: 1.0
Tree height after scaling: 1.0, mutation rate: 0.6959887644544178
Tree height pre-scaling: 0.69598880534094, input timescale: 1.0
Tree height after scaling: 1.0, mutation rate: 0.69598880534094
Runtime (s): 14.136194999999999
