Launching LAML version 0.0.4
LAML was called as follows: /Users/uym2/my_gits/LAML/run_laml.py -c ../../evaluation/Bar10/Bar10_character_matrix.txt -t place_outlier2/augmented_tree_36.nwk -o place_outlier2/augmented_tree_36_optimized -v -p ../../evaluation/Bar10/Bar10_priors.pickle --delimiter tab -m -1 --nInitials 1
Prior keys mismatch with site names.
Prior keys: [0, 1, 2, 3, 4, 5, 6, 7, 8, 9, 10, 11, 12, 13, 14, 15, 16, 17, 18, 19, 20, 21, 22, 23, 24, 25, 26, 27, 28, 29]
Site names: ['r1', 'r2', 'r3', 'r4', 'r5', 'r6', 'r7', 'r8', 'r9', 'r10', 'r11', 'r12', 'r13', 'r14', 'r15', 'r16', 'r17', 'r18', 'r19', 'r20', 'r21', 'r22', 'r23', 'r24', 'r25', 'r26', 'r27', 'r28', 'r29', 'r30']
Attempting to infer mapping between site names and prior keys...
{'r1': 0, 'r2': 1, 'r3': 2, 'r4': 3, 'r5': 4, 'r6': 5, 'r7': 6, 'r8': 7, 'r9': 8, 'r10': 9, 'r11': 10, 'r12': 11, 'r13': 12, 'r14': 13, 'r15': 14, 'r16': 15, 'r17': 16, 'r18': 17, 'r19': 18, 'r20': 19, 'r21': 20, 'r22': 21, 'r23': 22, 'r24': 23, 'r25': 24, 'r26': 25, 'r27': 26, 'r28': 27, 'r29': 28, 'r30': 29}
Optimizing branch lengths, phi, and nu without topology search
Optimization by EM algorithm
Optimization start with 1 initials
Initial point 1. Random seed: 8750
Numerical optimization started with ultrametric constraint (default)
Initial phi: 0. Initial nu: 0.26955655566205877. Initial nllh: 13284.090864127169
Starting EM iter: 1
Estep
Estep runtime (s): 0.10842680931091309
Mstep
Optimizing phi
Optimizing branch lengths. Current phi: 0. Current nu:0.26955655566205877
Optimizing nu
Mstep runtime (s): 0.3364872932434082
Finished EM iter: 1. Current nllh: 10802.586941415046
Starting EM iter: 2
Estep
Estep runtime (s): 0.14914488792419434
Mstep
Optimizing phi
Optimizing branch lengths. Current phi: 0. Current nu:0.2769528037788554
Optimizing nu
Mstep runtime (s): 0.2924010753631592
Finished EM iter: 2. Current nllh: 10776.062697094621
Starting EM iter: 3
Estep
Estep runtime (s): 0.14690923690795898
Mstep
Optimizing phi
Optimizing branch lengths. Current phi: 0. Current nu:0.277278668685284
Optimizing nu
Mstep runtime (s): 0.3094789981842041
Finished EM iter: 3. Current nllh: 10774.392211054963
Starting EM iter: 4
Estep
Estep runtime (s): 0.1484818458557129
Mstep
Optimizing phi
Optimizing branch lengths. Current phi: 0. Current nu:0.2771984934791515
Optimizing nu
Mstep runtime (s): 0.30991196632385254
Finished EM iter: 4. Current nllh: 10774.171287943962
Starting EM iter: 5
Estep
Estep runtime (s): 0.14566707611083984
Mstep
Optimizing phi
Optimizing branch lengths. Current phi: 0. Current nu:0.2773069638759833
Optimizing nu
Mstep runtime (s): 0.33912086486816406
Finished EM iter: 5. Current nllh: 10774.09864912555
Starting EM iter: 6
Estep
Estep runtime (s): 0.14580202102661133
Mstep
Optimizing phi
Optimizing branch lengths. Current phi: 0. Current nu:0.27744628251408826
Optimizing nu
Mstep runtime (s): 0.3470041751861572
Finished EM iter: 6. Current nllh: 10774.069237334134
Starting EM iter: 7
Estep
Estep runtime (s): 0.14798212051391602
Mstep
Optimizing phi
Optimizing branch lengths. Current phi: 0. Current nu:0.27755903586761543
Optimizing nu
Mstep runtime (s): 0.3030877113342285
Finished EM iter: 7. Current nllh: 10774.052131350472
Starting EM iter: 8
Estep
Estep runtime (s): 0.14552092552185059
Mstep
Optimizing phi
Optimizing branch lengths. Current phi: 0. Current nu:0.27764472483622094
Optimizing nu
Mstep runtime (s): 0.30561304092407227
Finished EM iter: 8. Current nllh: 10774.040943135002
Starting EM iter: 9
Estep
Estep runtime (s): 0.1475229263305664
Mstep
Optimizing phi
Optimizing branch lengths. Current phi: 0. Current nu:0.27770913341090925
Optimizing nu
Mstep runtime (s): 0.30025506019592285
Finished EM iter: 9. Current nllh: 10774.034167656057
Starting EM iter: 10
Estep
Estep runtime (s): 0.14808440208435059
Mstep
Optimizing phi
Optimizing branch lengths. Current phi: 0. Current nu:0.2777576321617956
Optimizing nu
Mstep runtime (s): 0.32521891593933105
Finished EM iter: 10. Current nllh: 10774.029328383582
Starting EM iter: 11
Estep
Estep runtime (s): 0.14574790000915527
Mstep
Optimizing phi
Optimizing branch lengths. Current phi: 0. Current nu:0.27779516386793535
Optimizing nu
Mstep runtime (s): 0.34629201889038086
Finished EM iter: 11. Current nllh: 10774.025925465983
Starting EM iter: 12
Estep
Estep runtime (s): 0.14583277702331543
Mstep
Optimizing phi
Optimizing branch lengths. Current phi: 0. Current nu:0.2778242168401187
Optimizing nu
Mstep runtime (s): 0.33560800552368164
Finished EM iter: 12. Current nllh: 10774.023457546731
Starting EM iter: 13
Estep
Estep runtime (s): 0.1456010341644287
Mstep
Optimizing phi
Optimizing branch lengths. Current phi: 0. Current nu:0.27784773194803764
Optimizing nu
Mstep runtime (s): 0.3312251567840576
Finished EM iter: 13. Current nllh: 10774.02151487176
Starting EM iter: 14
Estep
Estep runtime (s): 0.14606904983520508
Mstep
Optimizing phi
Optimizing branch lengths. Current phi: 0. Current nu:0.2778640837643949
Optimizing nu
Mstep runtime (s): 0.3091909885406494
Finished EM iter: 14. Current nllh: 10774.020352574691
Starting EM iter: 15
Estep
Estep runtime (s): 0.14582228660583496
Mstep
Optimizing phi
Optimizing branch lengths. Current phi: 0. Current nu:0.27788096145592256
Optimizing nu
Mstep runtime (s): 0.3413410186767578
Finished EM iter: 15. Current nllh: 10774.01928149993
Starting EM iter: 16
Estep
Estep runtime (s): 0.1484661102294922
Mstep
Optimizing phi
Optimizing branch lengths. Current phi: 0. Current nu:0.27789253583357654
Optimizing nu
Mstep runtime (s): 0.41010379791259766
Finished EM iter: 16. Current nllh: 10774.018456809014
Starting EM iter: 17
Estep
Estep runtime (s): 0.14863920211791992
Mstep
Optimizing phi
Optimizing branch lengths. Current phi: 0. Current nu:0.27790518952459237
Optimizing nu
Mstep runtime (s): 0.3170158863067627
Finished EM iter: 17. Current nllh: 10774.017743064214
Starting EM iter: 18
Estep
Estep runtime (s): 0.14682912826538086
Mstep
Optimizing phi
Optimizing branch lengths. Current phi: 0. Current nu:0.2779119242980566
Optimizing nu
Mstep runtime (s): 0.34104204177856445
Finished EM iter: 18. Current nllh: 10774.01731112056
Starting EM iter: 19
Estep
Estep runtime (s): 0.14647603034973145
Mstep
Optimizing phi
Optimizing branch lengths. Current phi: 0. Current nu:0.27792181339884237
Optimizing nu
Mstep runtime (s): 0.29564595222473145
Finished EM iter: 19. Current nllh: 10774.016847790743
Starting EM iter: 20
Estep
Estep runtime (s): 0.14638304710388184
Mstep
Optimizing phi
Optimizing branch lengths. Current phi: 0. Current nu:0.2779287112093069
Optimizing nu
Mstep runtime (s): 0.33215904235839844
Finished EM iter: 20. Current nllh: 10774.016450849464
Starting EM iter: 21
Estep
Estep runtime (s): 0.14899301528930664
Mstep
Optimizing phi
Optimizing branch lengths. Current phi: 0. Current nu:0.2779321114620986
Optimizing nu
Mstep runtime (s): 0.3161289691925049
Finished EM iter: 21. Current nllh: 10774.016261159903
Starting EM iter: 22
Estep
Estep runtime (s): 0.1463301181793213
Mstep
Optimizing phi
Optimizing branch lengths. Current phi: 0. Current nu:0.2779392070768335
Optimizing nu
Mstep runtime (s): 0.30061888694763184
Finished EM iter: 22. Current nllh: 10774.015987664976
Starting EM iter: 23
Estep
Estep runtime (s): 0.1464989185333252
Mstep
Optimizing phi
Optimizing branch lengths. Current phi: 0. Current nu:0.2779435434008214
Optimizing nu
Mstep runtime (s): 0.2948281764984131
Finished EM iter: 23. Current nllh: 10774.015770733431
Starting EM iter: 24
Estep
Estep runtime (s): 0.1464080810546875
Mstep
Optimizing phi
Optimizing branch lengths. Current phi: 0. Current nu:0.2779477700988111
Optimizing nu
Mstep runtime (s): 0.31848931312561035
Finished EM iter: 24. Current nllh: 10774.015563528264
Starting EM iter: 25
Estep
Estep runtime (s): 0.14704489707946777
Mstep
Optimizing phi
Optimizing branch lengths. Current phi: 0. Current nu:0.2779480665221945
Optimizing nu
Mstep runtime (s): 0.2856571674346924
Finished EM iter: 25. Current nllh: 10774.015545037948
EM finished after 25 iterations.
Optimal phi: 0. Optimal nu: 0.27795272168772295. Optimal nllh: 10774.015545037948
Optimal point found for initial point 1
Numerical optimization finished successfully
Tree height pre-scaling: 0.7004787648413231, input timescale: 1.0
Tree height after scaling: 1.0, mutation rate: 0.7004787648413231
Tree height pre-scaling: 0.7004787651267849, input timescale: 1.0
Tree height after scaling: 1.0, mutation rate: 0.7004787651267849
Tree height pre-scaling: 0.7004787649329624, input timescale: 1.0
Tree height after scaling: 1.0, mutation rate: 0.7004787649329624
Tree height pre-scaling: 0.700478765107078, input timescale: 1.0
Tree height after scaling: 1.0, mutation rate: 0.700478765107078
Tree height pre-scaling: 0.7004787646233603, input timescale: 1.0
Tree height after scaling: 0.9999999999999999, mutation rate: 0.7004787646233603
Tree height pre-scaling: 0.7004787648799402, input timescale: 1.0
Tree height after scaling: 1.0, mutation rate: 0.7004787648799402
Tree height pre-scaling: 0.7004787650270259, input timescale: 1.0
Tree height after scaling: 1.0, mutation rate: 0.7004787650270259
Tree height pre-scaling: 0.7004787650206572, input timescale: 1.0
Tree height after scaling: 1.0, mutation rate: 0.7004787650206572
Tree height pre-scaling: 0.7004787647212696, input timescale: 1.0
Tree height after scaling: 1.0, mutation rate: 0.7004787647212696
Tree height pre-scaling: 0.700478764969466, input timescale: 1.0
Tree height after scaling: 1.0, mutation rate: 0.700478764969466
Tree height pre-scaling: 0.7004787649586044, input timescale: 1.0
Tree height after scaling: 1.0, mutation rate: 0.7004787649586044
Tree height pre-scaling: 0.7004787647343742, input timescale: 1.0
Tree height after scaling: 1.0, mutation rate: 0.7004787647343742
Tree height pre-scaling: 0.7004787649270031, input timescale: 1.0
Tree height after scaling: 1.0, mutation rate: 0.7004787649270031
Tree height pre-scaling: 0.7004787649061004, input timescale: 1.0
Tree height after scaling: 1.0, mutation rate: 0.7004787649061004
Tree height pre-scaling: 0.7004787652085108, input timescale: 1.0
Tree height after scaling: 0.9999999999999999, mutation rate: 0.7004787652085108
Tree height pre-scaling: 0.7004787649410265, input timescale: 1.0
Tree height after scaling: 0.9999999999999999, mutation rate: 0.7004787649410265
Tree height pre-scaling: 0.7004787660738344, input timescale: 1.0
Tree height after scaling: 1.0, mutation rate: 0.7004787660738344
Runtime (s): 12.963525083999999
