Launching LAML version 0.0.4
LAML was called as follows: /Users/uym2/my_gits/LAML/run_laml.py -c ../../evaluation/Bar10/Bar10_character_matrix.txt -t place_outlier2/augmented_tree_478.nwk -o place_outlier2/augmented_tree_478_optimized -v -p ../../evaluation/Bar10/Bar10_priors.pickle --delimiter tab -m -1 --nInitials 1
Prior keys mismatch with site names.
Prior keys: [0, 1, 2, 3, 4, 5, 6, 7, 8, 9, 10, 11, 12, 13, 14, 15, 16, 17, 18, 19, 20, 21, 22, 23, 24, 25, 26, 27, 28, 29]
Site names: ['r1', 'r2', 'r3', 'r4', 'r5', 'r6', 'r7', 'r8', 'r9', 'r10', 'r11', 'r12', 'r13', 'r14', 'r15', 'r16', 'r17', 'r18', 'r19', 'r20', 'r21', 'r22', 'r23', 'r24', 'r25', 'r26', 'r27', 'r28', 'r29', 'r30']
Attempting to infer mapping between site names and prior keys...
{'r1': 0, 'r2': 1, 'r3': 2, 'r4': 3, 'r5': 4, 'r6': 5, 'r7': 6, 'r8': 7, 'r9': 8, 'r10': 9, 'r11': 10, 'r12': 11, 'r13': 12, 'r14': 13, 'r15': 14, 'r16': 15, 'r17': 16, 'r18': 17, 'r19': 18, 'r20': 19, 'r21': 20, 'r22': 21, 'r23': 22, 'r24': 23, 'r25': 24, 'r26': 25, 'r27': 26, 'r28': 27, 'r29': 28, 'r30': 29}
Optimizing branch lengths, phi, and nu without topology search
Optimization by EM algorithm
Optimization start with 1 initials
Initial point 1. Random seed: 1856
Numerical optimization started with ultrametric constraint (default)
Initial phi: 0. Initial nu: 0.26955655566205877. Initial nllh: 13459.997666325982
Starting EM iter: 1
Estep
Estep runtime (s): 0.11075806617736816
Mstep
Optimizing phi
Optimizing branch lengths. Current phi: 0. Current nu:0.26955655566205877
Optimizing nu
Mstep runtime (s): 0.33245277404785156
Finished EM iter: 1. Current nllh: 10917.105271775614
Starting EM iter: 2
Estep
Estep runtime (s): 0.14725708961486816
Mstep
Optimizing phi
Optimizing branch lengths. Current phi: 0. Current nu:0.2773185624050764
Optimizing nu
Mstep runtime (s): 0.30638694763183594
Finished EM iter: 2. Current nllh: 10895.019325508887
Starting EM iter: 3
Estep
Estep runtime (s): 0.14788317680358887
Mstep
Optimizing phi
Optimizing branch lengths. Current phi: 0. Current nu:0.2770030501526789
Optimizing nu
Mstep runtime (s): 0.28322625160217285
Finished EM iter: 3. Current nllh: 10893.475060380062
Starting EM iter: 4
Estep
Estep runtime (s): 0.14830303192138672
Mstep
Optimizing phi
Optimizing branch lengths. Current phi: 0. Current nu:0.2765322420599318
Optimizing nu
Mstep runtime (s): 0.3324909210205078
Finished EM iter: 4. Current nllh: 10893.21029204378
Starting EM iter: 5
Estep
Estep runtime (s): 0.14797496795654297
Mstep
Optimizing phi
Optimizing branch lengths. Current phi: 0. Current nu:0.27644123291408834
Optimizing nu
Mstep runtime (s): 0.2916829586029053
Finished EM iter: 5. Current nllh: 10893.170296478447
Starting EM iter: 6
Estep
Estep runtime (s): 0.14860320091247559
Mstep
Optimizing phi
Optimizing branch lengths. Current phi: 0. Current nu:0.27647379252694876
Optimizing nu
Mstep runtime (s): 0.2912251949310303
Finished EM iter: 6. Current nllh: 10893.151785923568
Starting EM iter: 7
Estep
Estep runtime (s): 0.14773201942443848
Mstep
Optimizing phi
Optimizing branch lengths. Current phi: 0. Current nu:0.27653955372542094
Optimizing nu
Mstep runtime (s): 0.31054091453552246
Finished EM iter: 7. Current nllh: 10893.140301267053
Starting EM iter: 8
Estep
Estep runtime (s): 0.14794278144836426
Mstep
Optimizing phi
Optimizing branch lengths. Current phi: 0. Current nu:0.2765998750283919
Optimizing nu
Mstep runtime (s): 0.32042717933654785
Finished EM iter: 8. Current nllh: 10893.132741384721
Starting EM iter: 9
Estep
Estep runtime (s): 0.14874911308288574
Mstep
Optimizing phi
Optimizing branch lengths. Current phi: 0. Current nu:0.2766525904778434
Optimizing nu
Mstep runtime (s): 0.27437615394592285
Finished EM iter: 9. Current nllh: 10893.127566002488
Starting EM iter: 10
Estep
Estep runtime (s): 0.14873790740966797
Mstep
Optimizing phi
Optimizing branch lengths. Current phi: 0. Current nu:0.27669352256332985
Optimizing nu
Mstep runtime (s): 0.2975008487701416
Finished EM iter: 10. Current nllh: 10893.123978828646
Starting EM iter: 11
Estep
Estep runtime (s): 0.1482558250427246
Mstep
Optimizing phi
Optimizing branch lengths. Current phi: 0. Current nu:0.2767255659889725
Optimizing nu
Mstep runtime (s): 0.2876548767089844
Finished EM iter: 11. Current nllh: 10893.121439991932
Starting EM iter: 12
Estep
Estep runtime (s): 0.1491231918334961
Mstep
Optimizing phi
Optimizing branch lengths. Current phi: 0. Current nu:0.2767508901835633
Optimizing nu
Mstep runtime (s): 0.28000521659851074
Finished EM iter: 12. Current nllh: 10893.119582691288
Starting EM iter: 13
Estep
Estep runtime (s): 0.14828085899353027
Mstep
Optimizing phi
Optimizing branch lengths. Current phi: 0. Current nu:0.27677155309862983
Optimizing nu
Mstep runtime (s): 0.3835601806640625
Finished EM iter: 13. Current nllh: 10893.118220942888
Starting EM iter: 14
Estep
Estep runtime (s): 0.14995408058166504
Mstep
Optimizing phi
Optimizing branch lengths. Current phi: 0. Current nu:0.2767880732758773
Optimizing nu
Mstep runtime (s): 0.30742597579956055
Finished EM iter: 14. Current nllh: 10893.117183254843
Starting EM iter: 15
Estep
Estep runtime (s): 0.14872312545776367
Mstep
Optimizing phi
Optimizing branch lengths. Current phi: 0. Current nu:0.27680230489453916
Optimizing nu
Mstep runtime (s): 0.34813404083251953
Finished EM iter: 15. Current nllh: 10893.116376889291
Starting EM iter: 16
Estep
Estep runtime (s): 0.14933300018310547
Mstep
Optimizing phi
Optimizing branch lengths. Current phi: 0. Current nu:0.27681311824257476
Optimizing nu
Mstep runtime (s): 0.3038930892944336
Finished EM iter: 16. Current nllh: 10893.115808850163
Starting EM iter: 17
Estep
Estep runtime (s): 0.14888620376586914
Mstep
Optimizing phi
Optimizing branch lengths. Current phi: 0. Current nu:0.27682290420211914
Optimizing nu
Mstep runtime (s): 0.31571507453918457
Finished EM iter: 17. Current nllh: 10893.115315948711
Starting EM iter: 18
Estep
Estep runtime (s): 0.14940834045410156
Mstep
Optimizing phi
Optimizing branch lengths. Current phi: 0. Current nu:0.27683154884083083
Optimizing nu
Mstep runtime (s): 0.3000490665435791
Finished EM iter: 18. Current nllh: 10893.114928999621
Starting EM iter: 19
Estep
Estep runtime (s): 0.1492462158203125
Mstep
Optimizing phi
Optimizing branch lengths. Current phi: 0. Current nu:0.2768384426747183
Optimizing nu
Mstep runtime (s): 0.3324730396270752
Finished EM iter: 19. Current nllh: 10893.114618353375
Starting EM iter: 20
Estep
Estep runtime (s): 0.14904189109802246
Mstep
Optimizing phi
Optimizing branch lengths. Current phi: 0. Current nu:0.27684473842661955
Optimizing nu
Mstep runtime (s): 0.30826807022094727
Finished EM iter: 20. Current nllh: 10893.114363923765
Starting EM iter: 21
Estep
Estep runtime (s): 0.14864397048950195
Mstep
Optimizing phi
Optimizing branch lengths. Current phi: 0. Current nu:0.2768498006134435
Optimizing nu
Mstep runtime (s): 0.28800177574157715
Finished EM iter: 21. Current nllh: 10893.11417381312
Starting EM iter: 22
Estep
Estep runtime (s): 0.14925003051757812
Mstep
Optimizing phi
Optimizing branch lengths. Current phi: 0. Current nu:0.27685383323341156
Optimizing nu
Mstep runtime (s): 0.33978700637817383
Finished EM iter: 22. Current nllh: 10893.11409339971
EM finished after 22 iterations.
Optimal phi: 0. Optimal nu: 0.2768556241918826. Optimal nllh: 10893.11409339971
Optimal point found for initial point 1
Numerical optimization finished successfully
Tree height pre-scaling: 0.700488742600023, input timescale: 1.0
Tree height after scaling: 1.0, mutation rate: 0.700488742600023
Tree height pre-scaling: 0.7004888366378365, input timescale: 1.0
Tree height after scaling: 0.9999999999999998, mutation rate: 0.7004888366378365
Tree height pre-scaling: 0.7004887508391856, input timescale: 1.0
Tree height after scaling: 1.0, mutation rate: 0.7004887508391856
Tree height pre-scaling: 0.7004887683387973, input timescale: 1.0
Tree height after scaling: 1.0, mutation rate: 0.7004887683387973
Tree height pre-scaling: 0.7004887410846481, input timescale: 1.0
Tree height after scaling: 1.0, mutation rate: 0.7004887410846481
Tree height pre-scaling: 0.7004887497920751, input timescale: 1.0
Tree height after scaling: 1.0, mutation rate: 0.7004887497920751
Tree height pre-scaling: 0.700488717712784, input timescale: 1.0
Tree height after scaling: 1.0, mutation rate: 0.700488717712784
Tree height pre-scaling: 0.7004887613697299, input timescale: 1.0
Tree height after scaling: 0.9999999999999999, mutation rate: 0.7004887613697299
Tree height pre-scaling: 0.7004887647504711, input timescale: 1.0
Tree height after scaling: 1.0, mutation rate: 0.7004887647504711
Tree height pre-scaling: 0.7004887363875141, input timescale: 1.0
Tree height after scaling: 1.0, mutation rate: 0.7004887363875141
Tree height pre-scaling: 0.7004887538876301, input timescale: 1.0
Tree height after scaling: 1.0, mutation rate: 0.7004887538876301
Tree height pre-scaling: 0.7004887483670696, input timescale: 1.0
Tree height after scaling: 0.9999999999999999, mutation rate: 0.7004887483670696
Tree height pre-scaling: 0.700488719189636, input timescale: 1.0
Tree height after scaling: 1.0, mutation rate: 0.700488719189636
Tree height pre-scaling: 0.7004887437795009, input timescale: 1.0
Tree height after scaling: 0.9999999999999999, mutation rate: 0.7004887437795009
Tree height pre-scaling: 0.7004887646539164, input timescale: 1.0
Tree height after scaling: 1.0, mutation rate: 0.7004887646539164
Tree height pre-scaling: 0.7004887422527655, input timescale: 1.0
Tree height after scaling: 0.9999999999999998, mutation rate: 0.7004887422527655
Tree height pre-scaling: 0.7004888287827972, input timescale: 1.0
Tree height after scaling: 1.0, mutation rate: 0.7004888287827972
Runtime (s): 11.256090250000002
