Launching LAML version 0.0.4
LAML was called as follows: /Users/uym2/my_gits/LAML/run_laml.py -c ../../evaluation/Bar10/Bar10_character_matrix.txt -t place_outlier2/augmented_tree_225.nwk -o place_outlier2/augmented_tree_225_optimized -v -p ../../evaluation/Bar10/Bar10_priors.pickle --delimiter tab -m -1 --nInitials 1
Prior keys mismatch with site names.
Prior keys: [0, 1, 2, 3, 4, 5, 6, 7, 8, 9, 10, 11, 12, 13, 14, 15, 16, 17, 18, 19, 20, 21, 22, 23, 24, 25, 26, 27, 28, 29]
Site names: ['r1', 'r2', 'r3', 'r4', 'r5', 'r6', 'r7', 'r8', 'r9', 'r10', 'r11', 'r12', 'r13', 'r14', 'r15', 'r16', 'r17', 'r18', 'r19', 'r20', 'r21', 'r22', 'r23', 'r24', 'r25', 'r26', 'r27', 'r28', 'r29', 'r30']
Attempting to infer mapping between site names and prior keys...
{'r1': 0, 'r2': 1, 'r3': 2, 'r4': 3, 'r5': 4, 'r6': 5, 'r7': 6, 'r8': 7, 'r9': 8, 'r10': 9, 'r11': 10, 'r12': 11, 'r13': 12, 'r14': 13, 'r15': 14, 'r16': 15, 'r17': 16, 'r18': 17, 'r19': 18, 'r20': 19, 'r21': 20, 'r22': 21, 'r23': 22, 'r24': 23, 'r25': 24, 'r26': 25, 'r27': 26, 'r28': 27, 'r29': 28, 'r30': 29}
Optimizing branch lengths, phi, and nu without topology search
Optimization by EM algorithm
Optimization start with 1 initials
Initial point 1. Random seed: 9564
Numerical optimization started with ultrametric constraint (default)
Initial phi: 0. Initial nu: 0.26955655566205877. Initial nllh: 12891.335171333163
Starting EM iter: 1
Estep
Estep runtime (s): 0.10911107063293457
Mstep
Optimizing phi
Optimizing branch lengths. Current phi: 0. Current nu:0.26955655566205877
Optimizing nu
Mstep runtime (s): 0.33727002143859863
Finished EM iter: 1. Current nllh: 10697.958174333811
Starting EM iter: 2
Estep
Estep runtime (s): 0.14836382865905762
Mstep
Optimizing phi
Optimizing branch lengths. Current phi: 0. Current nu:0.2849179944582087
Optimizing nu
Mstep runtime (s): 0.2974870204925537
Finished EM iter: 2. Current nllh: 10664.295825991478
Starting EM iter: 3
Estep
Estep runtime (s): 0.14904189109802246
Mstep
Optimizing phi
Optimizing branch lengths. Current phi: 0. Current nu:0.28689316583329594
Optimizing nu
Mstep runtime (s): 0.2957911491394043
Finished EM iter: 3. Current nllh: 10659.992070544342
Starting EM iter: 4
Estep
Estep runtime (s): 0.1462109088897705
Mstep
Optimizing phi
Optimizing branch lengths. Current phi: 0. Current nu:0.28627548086349563
Optimizing nu
Mstep runtime (s): 0.27903294563293457
Finished EM iter: 4. Current nllh: 10659.553036892608
Starting EM iter: 5
Estep
Estep runtime (s): 0.14669179916381836
Mstep
Optimizing phi
Optimizing branch lengths. Current phi: 0. Current nu:0.2858101744670692
Optimizing nu
Mstep runtime (s): 0.32601118087768555
Finished EM iter: 5. Current nllh: 10659.490460629899
Starting EM iter: 6
Estep
Estep runtime (s): 0.1490013599395752
Mstep
Optimizing phi
Optimizing branch lengths. Current phi: 0. Current nu:0.28570211153094344
Optimizing nu
Mstep runtime (s): 0.30291199684143066
Finished EM iter: 6. Current nllh: 10659.466381451603
Starting EM iter: 7
Estep
Estep runtime (s): 0.14929890632629395
Mstep
Optimizing phi
Optimizing branch lengths. Current phi: 0. Current nu:0.285732413055897
Optimizing nu
Mstep runtime (s): 0.28505516052246094
Finished EM iter: 7. Current nllh: 10659.45085338546
Starting EM iter: 8
Estep
Estep runtime (s): 0.14714813232421875
Mstep
Optimizing phi
Optimizing branch lengths. Current phi: 0. Current nu:0.2857942638145362
Optimizing nu
Mstep runtime (s): 0.26741814613342285
Finished EM iter: 8. Current nllh: 10659.44035970392
Starting EM iter: 9
Estep
Estep runtime (s): 0.1471550464630127
Mstep
Optimizing phi
Optimizing branch lengths. Current phi: 0. Current nu:0.2858537627468964
Optimizing nu
Mstep runtime (s): 0.2897942066192627
Finished EM iter: 9. Current nllh: 10659.433148795637
Starting EM iter: 10
Estep
Estep runtime (s): 0.14687323570251465
Mstep
Optimizing phi
Optimizing branch lengths. Current phi: 0. Current nu:0.28590323605550566
Optimizing nu
Mstep runtime (s): 0.29009199142456055
Finished EM iter: 10. Current nllh: 10659.428119512711
Starting EM iter: 11
Estep
Estep runtime (s): 0.14684700965881348
Mstep
Optimizing phi
Optimizing branch lengths. Current phi: 0. Current nu:0.28594230984151187
Optimizing nu
Mstep runtime (s): 0.2966189384460449
Finished EM iter: 11. Current nllh: 10659.424514208808
Starting EM iter: 12
Estep
Estep runtime (s): 0.14711499214172363
Mstep
Optimizing phi
Optimizing branch lengths. Current phi: 0. Current nu:0.2859743759500404
Optimizing nu
Mstep runtime (s): 0.2979719638824463
Finished EM iter: 12. Current nllh: 10659.421896930739
Starting EM iter: 13
Estep
Estep runtime (s): 0.14858698844909668
Mstep
Optimizing phi
Optimizing branch lengths. Current phi: 0. Current nu:0.2859996464081574
Optimizing nu
Mstep runtime (s): 0.3193390369415283
Finished EM iter: 13. Current nllh: 10659.419952081891
Starting EM iter: 14
Estep
Estep runtime (s): 0.14700913429260254
Mstep
Optimizing phi
Optimizing branch lengths. Current phi: 0. Current nu:0.2860205619720472
Optimizing nu
Mstep runtime (s): 0.31055307388305664
Finished EM iter: 14. Current nllh: 10659.418466532185
Starting EM iter: 15
Estep
Estep runtime (s): 0.1473369598388672
Mstep
Optimizing phi
Optimizing branch lengths. Current phi: 0. Current nu:0.28603840743191095
Optimizing nu
Mstep runtime (s): 0.3068370819091797
Finished EM iter: 15. Current nllh: 10659.417329883025
Starting EM iter: 16
Estep
Estep runtime (s): 0.14703941345214844
Mstep
Optimizing phi
Optimizing branch lengths. Current phi: 0. Current nu:0.28605292431578194
Optimizing nu
Mstep runtime (s): 0.2845187187194824
Finished EM iter: 16. Current nllh: 10659.416458533438
Starting EM iter: 17
Estep
Estep runtime (s): 0.14740514755249023
Mstep
Optimizing phi
Optimizing branch lengths. Current phi: 0. Current nu:0.2860647963967675
Optimizing nu
Mstep runtime (s): 0.30883097648620605
Finished EM iter: 17. Current nllh: 10659.415769351412
Starting EM iter: 18
Estep
Estep runtime (s): 0.1469879150390625
Mstep
Optimizing phi
Optimizing branch lengths. Current phi: 0. Current nu:0.2860752746053238
Optimizing nu
Mstep runtime (s): 0.2924952507019043
Finished EM iter: 18. Current nllh: 10659.415200005218
Starting EM iter: 19
Estep
Estep runtime (s): 0.1498870849609375
Mstep
Optimizing phi
Optimizing branch lengths. Current phi: 0. Current nu:0.2860845328881187
Optimizing nu
Mstep runtime (s): 0.3021049499511719
Finished EM iter: 19. Current nllh: 10659.414751205055
Starting EM iter: 20
Estep
Estep runtime (s): 0.14696407318115234
Mstep
Optimizing phi
Optimizing branch lengths. Current phi: 0. Current nu:0.2860920569471085
Optimizing nu
Mstep runtime (s): 0.3046731948852539
Finished EM iter: 20. Current nllh: 10659.414390370312
Starting EM iter: 21
Estep
Estep runtime (s): 0.14740800857543945
Mstep
Optimizing phi
Optimizing branch lengths. Current phi: 0. Current nu:0.2860985975912641
Optimizing nu
Mstep runtime (s): 0.2780630588531494
Finished EM iter: 21. Current nllh: 10659.414094792868
Starting EM iter: 22
Estep
Estep runtime (s): 0.14962315559387207
Mstep
Optimizing phi
Optimizing branch lengths. Current phi: 0. Current nu:0.28610434627495246
Optimizing nu
Mstep runtime (s): 0.2862410545349121
Finished EM iter: 22. Current nllh: 10659.41385312992
Starting EM iter: 23
Estep
Estep runtime (s): 0.15247416496276855
Mstep
Optimizing phi
Optimizing branch lengths. Current phi: 0. Current nu:0.28610911375673964
Optimizing nu
Mstep runtime (s): 0.3089890480041504
Finished EM iter: 23. Current nllh: 10659.413660126604
Starting EM iter: 24
Estep
Estep runtime (s): 0.1469588279724121
Mstep
Optimizing phi
Optimizing branch lengths. Current phi: 0. Current nu:0.28611320328796563
Optimizing nu
Mstep runtime (s): 0.2988302707672119
Finished EM iter: 24. Current nllh: 10659.413483788967
Starting EM iter: 25
Estep
Estep runtime (s): 0.1477031707763672
Mstep
Optimizing phi
Optimizing branch lengths. Current phi: 0. Current nu:0.28611714498993474
Optimizing nu
Mstep runtime (s): 0.281757116317749
Finished EM iter: 25. Current nllh: 10659.413330753807
Starting EM iter: 26
Estep
Estep runtime (s): 0.14696192741394043
Mstep
Optimizing phi
Optimizing branch lengths. Current phi: 0. Current nu:0.286120674258582
Optimizing nu
Mstep runtime (s): 0.2798142433166504
Finished EM iter: 26. Current nllh: 10659.413201368374
Starting EM iter: 27
Estep
Estep runtime (s): 0.1483168601989746
Mstep
Optimizing phi
Optimizing branch lengths. Current phi: 0. Current nu:0.2861235703184582
Optimizing nu
Mstep runtime (s): 0.28450679779052734
Finished EM iter: 27. Current nllh: 10659.413096885148
EM finished after 27 iterations.
Optimal phi: 0. Optimal nu: 0.28612625175130996. Optimal nllh: 10659.413096885148
Optimal point found for initial point 1
Numerical optimization finished successfully
Tree height pre-scaling: 0.6937235214435158, input timescale: 1.0
Tree height after scaling: 1.0, mutation rate: 0.6937235214435158
Tree height pre-scaling: 0.6937235216809715, input timescale: 1.0
Tree height after scaling: 0.9999999999999998, mutation rate: 0.6937235216809715
Tree height pre-scaling: 0.6937235215206976, input timescale: 1.0
Tree height after scaling: 1.0, mutation rate: 0.6937235215206976
Tree height pre-scaling: 0.6937235217116352, input timescale: 1.0
Tree height after scaling: 0.9999999999999999, mutation rate: 0.6937235217116352
Tree height pre-scaling: 0.6937235212366994, input timescale: 1.0
Tree height after scaling: 1.0, mutation rate: 0.6937235212366994
Tree height pre-scaling: 0.6937235214696355, input timescale: 1.0
Tree height after scaling: 0.9999999999999999, mutation rate: 0.6937235214696355
Tree height pre-scaling: 0.6937235216165184, input timescale: 1.0
Tree height after scaling: 1.0, mutation rate: 0.6937235216165184
Tree height pre-scaling: 0.6937235224391207, input timescale: 1.0
Tree height after scaling: 1.0, mutation rate: 0.6937235224391207
Tree height pre-scaling: 0.6937235215634042, input timescale: 1.0
Tree height after scaling: 1.0, mutation rate: 0.6937235215634042
Tree height pre-scaling: 0.6937235217016059, input timescale: 1.0
Tree height after scaling: 1.0, mutation rate: 0.6937235217016059
Tree height pre-scaling: 0.6937235214555041, input timescale: 1.0
Tree height after scaling: 1.0, mutation rate: 0.6937235214555041
Tree height pre-scaling: 0.6937235214942081, input timescale: 1.0
Tree height after scaling: 1.0, mutation rate: 0.6937235214942081
Tree height pre-scaling: 0.6937235212179091, input timescale: 1.0
Tree height after scaling: 1.0, mutation rate: 0.6937235212179091
Tree height pre-scaling: 0.693723521585786, input timescale: 1.0
Tree height after scaling: 1.0000000000000002, mutation rate: 0.693723521585786
Tree height pre-scaling: 0.693723521658994, input timescale: 1.0
Tree height after scaling: 1.0, mutation rate: 0.693723521658994
Tree height pre-scaling: 0.6937235213647813, input timescale: 1.0
Tree height after scaling: 1.0, mutation rate: 0.6937235213647813
Tree height pre-scaling: 0.6937235217865507, input timescale: 1.0
Tree height after scaling: 0.9999999999999999, mutation rate: 0.6937235217865507
Runtime (s): 13.340552667
