Launching LAML version 0.0.4
LAML was called as follows: /Users/uym2/my_gits/LAML/run_laml.py -c ../../evaluation/Bar10/Bar10_character_matrix.txt -t place_outlier2/augmented_tree_73.nwk -o place_outlier2/augmented_tree_73_optimized -v -p ../../evaluation/Bar10/Bar10_priors.pickle --delimiter tab -m -1 --nInitials 1
Prior keys mismatch with site names.
Prior keys: [0, 1, 2, 3, 4, 5, 6, 7, 8, 9, 10, 11, 12, 13, 14, 15, 16, 17, 18, 19, 20, 21, 22, 23, 24, 25, 26, 27, 28, 29]
Site names: ['r1', 'r2', 'r3', 'r4', 'r5', 'r6', 'r7', 'r8', 'r9', 'r10', 'r11', 'r12', 'r13', 'r14', 'r15', 'r16', 'r17', 'r18', 'r19', 'r20', 'r21', 'r22', 'r23', 'r24', 'r25', 'r26', 'r27', 'r28', 'r29', 'r30']
Attempting to infer mapping between site names and prior keys...
{'r1': 0, 'r2': 1, 'r3': 2, 'r4': 3, 'r5': 4, 'r6': 5, 'r7': 6, 'r8': 7, 'r9': 8, 'r10': 9, 'r11': 10, 'r12': 11, 'r13': 12, 'r14': 13, 'r15': 14, 'r16': 15, 'r17': 16, 'r18': 17, 'r19': 18, 'r20': 19, 'r21': 20, 'r22': 21, 'r23': 22, 'r24': 23, 'r25': 24, 'r26': 25, 'r27': 26, 'r28': 27, 'r29': 28, 'r30': 29}
Optimizing branch lengths, phi, and nu without topology search
Optimization by EM algorithm
Optimization start with 1 initials
Initial point 1. Random seed: 1307
Numerical optimization started with ultrametric constraint (default)
Initial phi: 0. Initial nu: 0.26955655566205877. Initial nllh: 12506.214380283718
Starting EM iter: 1
Estep
Estep runtime (s): 0.10906100273132324
Mstep
Optimizing phi
Optimizing branch lengths. Current phi: 0. Current nu:0.26955655566205877
Optimizing nu
Mstep runtime (s): 0.3056612014770508
Finished EM iter: 1. Current nllh: 10620.51470889065
Starting EM iter: 2
Estep
Estep runtime (s): 0.15027284622192383
Mstep
Optimizing phi
Optimizing branch lengths. Current phi: 0. Current nu:0.28584106097910356
Optimizing nu
Mstep runtime (s): 0.2764873504638672
Finished EM iter: 2. Current nllh: 10599.508761056284
Starting EM iter: 3
Estep
Estep runtime (s): 0.1489241123199463
Mstep
Optimizing phi
Optimizing branch lengths. Current phi: 0. Current nu:0.28899885371391204
Optimizing nu
Mstep runtime (s): 0.29454708099365234
Finished EM iter: 3. Current nllh: 10598.179194493901
Starting EM iter: 4
Estep
Estep runtime (s): 0.14881181716918945
Mstep
Optimizing phi
Optimizing branch lengths. Current phi: 0. Current nu:0.2899977540829328
Optimizing nu
Mstep runtime (s): 0.36142683029174805
Finished EM iter: 4. Current nllh: 10597.962342514305
Starting EM iter: 5
Estep
Estep runtime (s): 0.14879369735717773
Mstep
Optimizing phi
Optimizing branch lengths. Current phi: 0. Current nu:0.29045905231183305
Optimizing nu
Mstep runtime (s): 0.30853891372680664
Finished EM iter: 5. Current nllh: 10597.883399220622
Starting EM iter: 6
Estep
Estep runtime (s): 0.14887118339538574
Mstep
Optimizing phi
Optimizing branch lengths. Current phi: 0. Current nu:0.2907157798270661
Optimizing nu
Mstep runtime (s): 0.2868967056274414
Finished EM iter: 6. Current nllh: 10597.850742541832
Starting EM iter: 7
Estep
Estep runtime (s): 0.1487898826599121
Mstep
Optimizing phi
Optimizing branch lengths. Current phi: 0. Current nu:0.29087045145946555
Optimizing nu
Mstep runtime (s): 0.29105305671691895
Finished EM iter: 7. Current nllh: 10597.831904336108
Starting EM iter: 8
Estep
Estep runtime (s): 0.14887404441833496
Mstep
Optimizing phi
Optimizing branch lengths. Current phi: 0. Current nu:0.29097513482721904
Optimizing nu
Mstep runtime (s): 0.3509690761566162
Finished EM iter: 8. Current nllh: 10597.820042278463
Starting EM iter: 9
Estep
Estep runtime (s): 0.14903807640075684
Mstep
Optimizing phi
Optimizing branch lengths. Current phi: 0. Current nu:0.29104952162494174
Optimizing nu
Mstep runtime (s): 0.2971658706665039
Finished EM iter: 9. Current nllh: 10597.81217284772
Starting EM iter: 10
Estep
Estep runtime (s): 0.14895200729370117
Mstep
Optimizing phi
Optimizing branch lengths. Current phi: 0. Current nu:0.29110399627825256
Optimizing nu
Mstep runtime (s): 0.2964661121368408
Finished EM iter: 10. Current nllh: 10597.80672722452
Starting EM iter: 11
Estep
Estep runtime (s): 0.1490631103515625
Mstep
Optimizing phi
Optimizing branch lengths. Current phi: 0. Current nu:0.29114617576918317
Optimizing nu
Mstep runtime (s): 0.32439112663269043
Finished EM iter: 11. Current nllh: 10597.802843470528
Starting EM iter: 12
Estep
Estep runtime (s): 0.14917612075805664
Mstep
Optimizing phi
Optimizing branch lengths. Current phi: 0. Current nu:0.29117913760826775
Optimizing nu
Mstep runtime (s): 0.3031432628631592
Finished EM iter: 12. Current nllh: 10597.800018614289
Starting EM iter: 13
Estep
Estep runtime (s): 0.14905810356140137
Mstep
Optimizing phi
Optimizing branch lengths. Current phi: 0. Current nu:0.29120535421418836
Optimizing nu
Mstep runtime (s): 0.32549309730529785
Finished EM iter: 13. Current nllh: 10597.797894160338
Starting EM iter: 14
Estep
Estep runtime (s): 0.14947009086608887
Mstep
Optimizing phi
Optimizing branch lengths. Current phi: 0. Current nu:0.291227349227075
Optimizing nu
Mstep runtime (s): 0.29620790481567383
Finished EM iter: 14. Current nllh: 10597.796284600787
Starting EM iter: 15
Estep
Estep runtime (s): 0.14957165718078613
Mstep
Optimizing phi
Optimizing branch lengths. Current phi: 0. Current nu:0.29124525266274104
Optimizing nu
Mstep runtime (s): 0.29315829277038574
Finished EM iter: 15. Current nllh: 10597.795031630547
Starting EM iter: 16
Estep
Estep runtime (s): 0.1495990753173828
Mstep
Optimizing phi
Optimizing branch lengths. Current phi: 0. Current nu:0.2912606330255678
Optimizing nu
Mstep runtime (s): 0.28342509269714355
Finished EM iter: 16. Current nllh: 10597.794045433373
Starting EM iter: 17
Estep
Estep runtime (s): 0.1496140956878662
Mstep
Optimizing phi
Optimizing branch lengths. Current phi: 0. Current nu:0.2912736356695605
Optimizing nu
Mstep runtime (s): 0.30646610260009766
Finished EM iter: 17. Current nllh: 10597.793252519858
Starting EM iter: 18
Estep
Estep runtime (s): 0.1501932144165039
Mstep
Optimizing phi
Optimizing branch lengths. Current phi: 0. Current nu:0.2912848788997016
Optimizing nu
Mstep runtime (s): 0.30103087425231934
Finished EM iter: 18. Current nllh: 10597.792626313858
Starting EM iter: 19
Estep
Estep runtime (s): 0.15004801750183105
Mstep
Optimizing phi
Optimizing branch lengths. Current phi: 0. Current nu:0.2912941566857777
Optimizing nu
Mstep runtime (s): 0.3184700012207031
Finished EM iter: 19. Current nllh: 10597.79212363352
Starting EM iter: 20
Estep
Estep runtime (s): 0.14942288398742676
Mstep
Optimizing phi
Optimizing branch lengths. Current phi: 0. Current nu:0.29130212902607844
Optimizing nu
Mstep runtime (s): 0.3249318599700928
Finished EM iter: 20. Current nllh: 10597.791711127094
Starting EM iter: 21
Estep
Estep runtime (s): 0.14971208572387695
Mstep
Optimizing phi
Optimizing branch lengths. Current phi: 0. Current nu:0.2913090780061138
Optimizing nu
Mstep runtime (s): 0.3075699806213379
Finished EM iter: 21. Current nllh: 10597.79136118462
Starting EM iter: 22
Estep
Estep runtime (s): 0.14923596382141113
Mstep
Optimizing phi
Optimizing branch lengths. Current phi: 0. Current nu:0.291315557949092
Optimizing nu
Mstep runtime (s): 0.3217928409576416
Finished EM iter: 22. Current nllh: 10597.791009144104
Starting EM iter: 23
Estep
Estep runtime (s): 0.1498401165008545
Mstep
Optimizing phi
Optimizing branch lengths. Current phi: 0. Current nu:0.2913202030071277
Optimizing nu
Mstep runtime (s): 0.29755115509033203
Finished EM iter: 23. Current nllh: 10597.790838571666
Starting EM iter: 24
Estep
Estep runtime (s): 0.14930415153503418
Mstep
Optimizing phi
Optimizing branch lengths. Current phi: 0. Current nu:0.2913257616601873
Optimizing nu
Mstep runtime (s): 0.29673075675964355
Finished EM iter: 24. Current nllh: 10597.790622152404
Starting EM iter: 25
Estep
Estep runtime (s): 0.1517162322998047
Mstep
Optimizing phi
Optimizing branch lengths. Current phi: 0. Current nu:0.2913299630289446
Optimizing nu
Mstep runtime (s): 0.2974519729614258
Finished EM iter: 25. Current nllh: 10597.790448099917
Starting EM iter: 26
Estep
Estep runtime (s): 0.14959406852722168
Mstep
Optimizing phi
Optimizing branch lengths. Current phi: 0. Current nu:0.2913336251521759
Optimizing nu
Mstep runtime (s): 0.37267208099365234
Finished EM iter: 26. Current nllh: 10597.790305362525
Starting EM iter: 27
Estep
Estep runtime (s): 0.1520979404449463
Mstep
Optimizing phi
Optimizing branch lengths. Current phi: 0. Current nu:0.29133671286356316
Optimizing nu
Mstep runtime (s): 0.2957167625427246
Finished EM iter: 27. Current nllh: 10597.79018174097
Starting EM iter: 28
Estep
Estep runtime (s): 0.14955401420593262
Mstep
Optimizing phi
Optimizing branch lengths. Current phi: 0. Current nu:0.291339619035331
Optimizing nu
Mstep runtime (s): 0.3176589012145996
Finished EM iter: 28. Current nllh: 10597.790083321825
EM finished after 28 iterations.
Optimal phi: 0. Optimal nu: 0.2913418078871865. Optimal nllh: 10597.790083321825
Optimal point found for initial point 1
Numerical optimization finished successfully
Tree height pre-scaling: 0.6919812941290677, input timescale: 1.0
Tree height after scaling: 0.9999999999999999, mutation rate: 0.6919812941290677
Tree height pre-scaling: 0.6919812944436873, input timescale: 1.0
Tree height after scaling: 1.0, mutation rate: 0.6919812944436873
Tree height pre-scaling: 0.6919812942524399, input timescale: 1.0
Tree height after scaling: 1.0, mutation rate: 0.6919812942524399
Tree height pre-scaling: 0.6919812944794443, input timescale: 1.0
Tree height after scaling: 0.9999999999999999, mutation rate: 0.6919812944794443
Tree height pre-scaling: 0.6919812938339474, input timescale: 1.0
Tree height after scaling: 1.0, mutation rate: 0.6919812938339474
Tree height pre-scaling: 0.691981294175766, input timescale: 1.0
Tree height after scaling: 1.0, mutation rate: 0.691981294175766
Tree height pre-scaling: 0.691981294370424, input timescale: 1.0
Tree height after scaling: 1.0, mutation rate: 0.691981294370424
Tree height pre-scaling: 0.6919812943455628, input timescale: 1.0
Tree height after scaling: 1.0000000000000002, mutation rate: 0.6919812943455628
Tree height pre-scaling: 0.6919812939622465, input timescale: 1.0
Tree height after scaling: 0.9999999999999999, mutation rate: 0.6919812939622465
Tree height pre-scaling: 0.6919812942844707, input timescale: 1.0
Tree height after scaling: 1.0, mutation rate: 0.6919812942844707
Tree height pre-scaling: 0.6919812942667901, input timescale: 1.0
Tree height after scaling: 1.0, mutation rate: 0.6919812942667901
Tree height pre-scaling: 0.6919812939876971, input timescale: 1.0
Tree height after scaling: 1.0, mutation rate: 0.6919812939876971
Tree height pre-scaling: 0.6919812942207734, input timescale: 1.0
Tree height after scaling: 1.0, mutation rate: 0.6919812942207734
Tree height pre-scaling: 0.6919812942115711, input timescale: 1.0
Tree height after scaling: 1.0, mutation rate: 0.6919812942115711
Tree height pre-scaling: 0.6919812945734473, input timescale: 1.0
Tree height after scaling: 1.0, mutation rate: 0.6919812945734473
Tree height pre-scaling: 0.6919812955404242, input timescale: 1.0
Tree height after scaling: 1.0, mutation rate: 0.6919812955404242
Tree height pre-scaling: 0.6919812942872559, input timescale: 1.0
Tree height after scaling: 1.0000000000000002, mutation rate: 0.6919812942872559
Runtime (s): 14.231733708
