Launching LAML version 0.0.4
LAML was called as follows: /Users/uym2/my_gits/LAML/run_laml.py -c ../../evaluation/Bar10/Bar10_character_matrix.txt -t place_outlier2/augmented_tree_22.nwk -o place_outlier2/augmented_tree_22_optimized -v -p ../../evaluation/Bar10/Bar10_priors.pickle --delimiter tab -m -1 --nInitials 1
Prior keys mismatch with site names.
Prior keys: [0, 1, 2, 3, 4, 5, 6, 7, 8, 9, 10, 11, 12, 13, 14, 15, 16, 17, 18, 19, 20, 21, 22, 23, 24, 25, 26, 27, 28, 29]
Site names: ['r1', 'r2', 'r3', 'r4', 'r5', 'r6', 'r7', 'r8', 'r9', 'r10', 'r11', 'r12', 'r13', 'r14', 'r15', 'r16', 'r17', 'r18', 'r19', 'r20', 'r21', 'r22', 'r23', 'r24', 'r25', 'r26', 'r27', 'r28', 'r29', 'r30']
Attempting to infer mapping between site names and prior keys...
{'r1': 0, 'r2': 1, 'r3': 2, 'r4': 3, 'r5': 4, 'r6': 5, 'r7': 6, 'r8': 7, 'r9': 8, 'r10': 9, 'r11': 10, 'r12': 11, 'r13': 12, 'r14': 13, 'r15': 14, 'r16': 15, 'r17': 16, 'r18': 17, 'r19': 18, 'r20': 19, 'r21': 20, 'r22': 21, 'r23': 22, 'r24': 23, 'r25': 24, 'r26': 25, 'r27': 26, 'r28': 27, 'r29': 28, 'r30': 29}
Optimizing branch lengths, phi, and nu without topology search
Optimization by EM algorithm
Optimization start with 1 initials
Initial point 1. Random seed: 3388
Numerical optimization started with ultrametric constraint (default)
Initial phi: 0. Initial nu: 0.26955655566205877. Initial nllh: 12572.260823132712
Starting EM iter: 1
Estep
Estep runtime (s): 0.11125779151916504
Mstep
Optimizing phi
Optimizing branch lengths. Current phi: 0. Current nu:0.26955655566205877
Optimizing nu
Mstep runtime (s): 0.31992602348327637
Finished EM iter: 1. Current nllh: 10615.438336366611
Starting EM iter: 2
Estep
Estep runtime (s): 0.1477658748626709
Mstep
Optimizing phi
Optimizing branch lengths. Current phi: 0. Current nu:0.2843059027846431
Optimizing nu
Mstep runtime (s): 0.29657697677612305
Finished EM iter: 2. Current nllh: 10589.525741979161
Starting EM iter: 3
Estep
Estep runtime (s): 0.15035700798034668
Mstep
Optimizing phi
Optimizing branch lengths. Current phi: 0. Current nu:0.2871657036393061
Optimizing nu
Mstep runtime (s): 0.2853059768676758
Finished EM iter: 3. Current nllh: 10587.5724528734
Starting EM iter: 4
Estep
Estep runtime (s): 0.14869403839111328
Mstep
Optimizing phi
Optimizing branch lengths. Current phi: 0. Current nu:0.2876944670734367
Optimizing nu
Mstep runtime (s): 0.29845499992370605
Finished EM iter: 4. Current nllh: 10587.329181727133
Starting EM iter: 5
Estep
Estep runtime (s): 0.14803099632263184
Mstep
Optimizing phi
Optimizing branch lengths. Current phi: 0. Current nu:0.28797335579458466
Optimizing nu
Mstep runtime (s): 0.322429895401001
Finished EM iter: 5. Current nllh: 10587.251425334229
Starting EM iter: 6
Estep
Estep runtime (s): 0.15078115463256836
Mstep
Optimizing phi
Optimizing branch lengths. Current phi: 0. Current nu:0.2881697253964991
Optimizing nu
Mstep runtime (s): 0.3150501251220703
Finished EM iter: 6. Current nllh: 10587.21991935976
Starting EM iter: 7
Estep
Estep runtime (s): 0.148237943649292
Mstep
Optimizing phi
Optimizing branch lengths. Current phi: 0. Current nu:0.28830535175196087
Optimizing nu
Mstep runtime (s): 0.300156831741333
Finished EM iter: 7. Current nllh: 10587.201692993332
Starting EM iter: 8
Estep
Estep runtime (s): 0.14880800247192383
Mstep
Optimizing phi
Optimizing branch lengths. Current phi: 0. Current nu:0.2884028292249766
Optimizing nu
Mstep runtime (s): 0.29008936882019043
Finished EM iter: 8. Current nllh: 10587.190224735317
Starting EM iter: 9
Estep
Estep runtime (s): 0.14835500717163086
Mstep
Optimizing phi
Optimizing branch lengths. Current phi: 0. Current nu:0.28847374041592766
Optimizing nu
Mstep runtime (s): 0.31409311294555664
Finished EM iter: 9. Current nllh: 10587.182644305609
Starting EM iter: 10
Estep
Estep runtime (s): 0.1484541893005371
Mstep
Optimizing phi
Optimizing branch lengths. Current phi: 0. Current nu:0.2885264851346712
Optimizing nu
Mstep runtime (s): 0.30066680908203125
Finished EM iter: 10. Current nllh: 10587.17741422411
Starting EM iter: 11
Estep
Estep runtime (s): 0.1481461524963379
Mstep
Optimizing phi
Optimizing branch lengths. Current phi: 0. Current nu:0.2885678258591701
Optimizing nu
Mstep runtime (s): 0.3108839988708496
Finished EM iter: 11. Current nllh: 10587.173686334447
Starting EM iter: 12
Estep
Estep runtime (s): 0.14825701713562012
Mstep
Optimizing phi
Optimizing branch lengths. Current phi: 0. Current nu:0.2886004761252551
Optimizing nu
Mstep runtime (s): 0.28792238235473633
Finished EM iter: 12. Current nllh: 10587.170966838816
Starting EM iter: 13
Estep
Estep runtime (s): 0.1511092185974121
Mstep
Optimizing phi
Optimizing branch lengths. Current phi: 0. Current nu:0.28862708421588623
Optimizing nu
Mstep runtime (s): 0.30172204971313477
Finished EM iter: 13. Current nllh: 10587.168948664334
Starting EM iter: 14
Estep
Estep runtime (s): 0.15081024169921875
Mstep
Optimizing phi
Optimizing branch lengths. Current phi: 0. Current nu:0.28864851985576184
Optimizing nu
Mstep runtime (s): 0.3387758731842041
Finished EM iter: 14. Current nllh: 10587.167431769953
Starting EM iter: 15
Estep
Estep runtime (s): 0.15040111541748047
Mstep
Optimizing phi
Optimizing branch lengths. Current phi: 0. Current nu:0.28866592230975796
Optimizing nu
Mstep runtime (s): 0.3071150779724121
Finished EM iter: 15. Current nllh: 10587.166248592956
Starting EM iter: 16
Estep
Estep runtime (s): 0.14998602867126465
Mstep
Optimizing phi
Optimizing branch lengths. Current phi: 0. Current nu:0.2886813008787856
Optimizing nu
Mstep runtime (s): 0.28460025787353516
Finished EM iter: 16. Current nllh: 10587.165342415376
Starting EM iter: 17
Estep
Estep runtime (s): 0.14951705932617188
Mstep
Optimizing phi
Optimizing branch lengths. Current phi: 0. Current nu:0.2886935089257928
Optimizing nu
Mstep runtime (s): 0.331632137298584
Finished EM iter: 17. Current nllh: 10587.164627719387
Starting EM iter: 18
Estep
Estep runtime (s): 0.14940810203552246
Mstep
Optimizing phi
Optimizing branch lengths. Current phi: 0. Current nu:0.288703894895869
Optimizing nu
Mstep runtime (s): 0.312730073928833
Finished EM iter: 18. Current nllh: 10587.164047667946
Starting EM iter: 19
Estep
Estep runtime (s): 0.14975905418395996
Mstep
Optimizing phi
Optimizing branch lengths. Current phi: 0. Current nu:0.28871294505086115
Optimizing nu
Mstep runtime (s): 0.3090219497680664
Finished EM iter: 19. Current nllh: 10587.163578650148
Starting EM iter: 20
Estep
Estep runtime (s): 0.14954710006713867
Mstep
Optimizing phi
Optimizing branch lengths. Current phi: 0. Current nu:0.28872097313816997
Optimizing nu
Mstep runtime (s): 0.3428070545196533
Finished EM iter: 20. Current nllh: 10587.163196064697
Starting EM iter: 21
Estep
Estep runtime (s): 0.1497189998626709
Mstep
Optimizing phi
Optimizing branch lengths. Current phi: 0. Current nu:0.2887277924958483
Optimizing nu
Mstep runtime (s): 0.4060499668121338
Finished EM iter: 21. Current nllh: 10587.162871251865
Starting EM iter: 22
Estep
Estep runtime (s): 0.15131688117980957
Mstep
Optimizing phi
Optimizing branch lengths. Current phi: 0. Current nu:0.2887338716117734
Optimizing nu
Mstep runtime (s): 0.3167867660522461
Finished EM iter: 22. Current nllh: 10587.162608712568
Starting EM iter: 23
Estep
Estep runtime (s): 0.15160322189331055
Mstep
Optimizing phi
Optimizing branch lengths. Current phi: 0. Current nu:0.2887389354292643
Optimizing nu
Mstep runtime (s): 0.3078479766845703
Finished EM iter: 23. Current nllh: 10587.162390711004
Starting EM iter: 24
Estep
Estep runtime (s): 0.15122771263122559
Mstep
Optimizing phi
Optimizing branch lengths. Current phi: 0. Current nu:0.2887436282810471
Optimizing nu
Mstep runtime (s): 0.3488757610321045
Finished EM iter: 24. Current nllh: 10587.162195347766
Starting EM iter: 25
Estep
Estep runtime (s): 0.14927887916564941
Mstep
Optimizing phi
Optimizing branch lengths. Current phi: 0. Current nu:0.2887478167399915
Optimizing nu
Mstep runtime (s): 0.29071998596191406
Finished EM iter: 25. Current nllh: 10587.162033860659
Starting EM iter: 26
Estep
Estep runtime (s): 0.15084314346313477
Mstep
Optimizing phi
Optimizing branch lengths. Current phi: 0. Current nu:0.288751473944215
Optimizing nu
Mstep runtime (s): 0.28877806663513184
Finished EM iter: 26. Current nllh: 10587.161904288143
Starting EM iter: 27
Estep
Estep runtime (s): 0.1491529941558838
Mstep
Optimizing phi
Optimizing branch lengths. Current phi: 0. Current nu:0.28875449194217767
Optimizing nu
Mstep runtime (s): 0.28910398483276367
Finished EM iter: 27. Current nllh: 10587.161792455789
Starting EM iter: 28
Estep
Estep runtime (s): 0.15138602256774902
Mstep
Optimizing phi
Optimizing branch lengths. Current phi: 0. Current nu:0.2887570747995867
Optimizing nu
Mstep runtime (s): 0.30849575996398926
Finished EM iter: 28. Current nllh: 10587.1617087566
EM finished after 28 iterations.
Optimal phi: 0. Optimal nu: 0.28875914589169505. Optimal nllh: 10587.1617087566
Optimal point found for initial point 1
Numerical optimization finished successfully
Tree height pre-scaling: 0.6902295873299156, input timescale: 1.0
Tree height after scaling: 1.0, mutation rate: 0.6902295873299156
Tree height pre-scaling: 0.6902295875276335, input timescale: 1.0
Tree height after scaling: 1.0, mutation rate: 0.6902295875276335
Tree height pre-scaling: 0.6902295873940453, input timescale: 1.0
Tree height after scaling: 1.0, mutation rate: 0.6902295873940453
Tree height pre-scaling: 0.6902295875079504, input timescale: 1.0
Tree height after scaling: 1.0, mutation rate: 0.6902295875079504
Tree height pre-scaling: 0.6902295871773005, input timescale: 1.0
Tree height after scaling: 1.0, mutation rate: 0.6902295871773005
Tree height pre-scaling: 0.6902295873565264, input timescale: 1.0
Tree height after scaling: 1.0, mutation rate: 0.6902295873565264
Tree height pre-scaling: 0.6902295874591251, input timescale: 1.0
Tree height after scaling: 1.0, mutation rate: 0.6902295874591251
Tree height pre-scaling: 0.6902295874555529, input timescale: 1.0
Tree height after scaling: 0.9999999999999999, mutation rate: 0.6902295874555529
Tree height pre-scaling: 0.690229587246252, input timescale: 1.0
Tree height after scaling: 1.0, mutation rate: 0.690229587246252
Tree height pre-scaling: 0.6902295874179883, input timescale: 1.0
Tree height after scaling: 0.9999999999999998, mutation rate: 0.6902295874179883
Tree height pre-scaling: 0.6902295874112299, input timescale: 1.0
Tree height after scaling: 0.9999999999999999, mutation rate: 0.6902295874112299
Tree height pre-scaling: 0.6902295872559474, input timescale: 1.0
Tree height after scaling: 0.9999999999999999, mutation rate: 0.6902295872559474
Tree height pre-scaling: 0.6902295873876069, input timescale: 1.0
Tree height after scaling: 1.0, mutation rate: 0.6902295873876069
Tree height pre-scaling: 0.6902295873762185, input timescale: 1.0
Tree height after scaling: 1.0, mutation rate: 0.6902295873762185
Tree height pre-scaling: 0.6902295875933567, input timescale: 1.0
Tree height after scaling: 0.9999999999999999, mutation rate: 0.6902295875933567
Tree height pre-scaling: 0.6902295873958901, input timescale: 1.0
Tree height after scaling: 0.9999999999999999, mutation rate: 0.6902295873958901
Tree height pre-scaling: 0.6902295884589855, input timescale: 1.0
Tree height after scaling: 1.0, mutation rate: 0.6902295884589855
Runtime (s): 14.312239292
