Launching LAML version 0.0.4
LAML was called as follows: /Users/uym2/my_gits/LAML/run_laml.py -c ../../evaluation/Bar10/Bar10_character_matrix.txt -t place_outlier2/augmented_tree_123.nwk -o place_outlier2/augmented_tree_123_optimized -v -p ../../evaluation/Bar10/Bar10_priors.pickle --delimiter tab -m -1 --nInitials 1
Prior keys mismatch with site names.
Prior keys: [0, 1, 2, 3, 4, 5, 6, 7, 8, 9, 10, 11, 12, 13, 14, 15, 16, 17, 18, 19, 20, 21, 22, 23, 24, 25, 26, 27, 28, 29]
Site names: ['r1', 'r2', 'r3', 'r4', 'r5', 'r6', 'r7', 'r8', 'r9', 'r10', 'r11', 'r12', 'r13', 'r14', 'r15', 'r16', 'r17', 'r18', 'r19', 'r20', 'r21', 'r22', 'r23', 'r24', 'r25', 'r26', 'r27', 'r28', 'r29', 'r30']
Attempting to infer mapping between site names and prior keys...
{'r1': 0, 'r2': 1, 'r3': 2, 'r4': 3, 'r5': 4, 'r6': 5, 'r7': 6, 'r8': 7, 'r9': 8, 'r10': 9, 'r11': 10, 'r12': 11, 'r13': 12, 'r14': 13, 'r15': 14, 'r16': 15, 'r17': 16, 'r18': 17, 'r19': 18, 'r20': 19, 'r21': 20, 'r22': 21, 'r23': 22, 'r24': 23, 'r25': 24, 'r26': 25, 'r27': 26, 'r28': 27, 'r29': 28, 'r30': 29}
Optimizing branch lengths, phi, and nu without topology search
Optimization by EM algorithm
Optimization start with 1 initials
Initial point 1. Random seed: 2440
Numerical optimization started with ultrametric constraint (default)
Initial phi: 0. Initial nu: 0.26955655566205877. Initial nllh: 13123.577523841634
Starting EM iter: 1
Estep
Estep runtime (s): 0.1101691722869873
Mstep
Optimizing phi
Optimizing branch lengths. Current phi: 0. Current nu:0.26955655566205877
Optimizing nu
Mstep runtime (s): 0.2996189594268799
Finished EM iter: 1. Current nllh: 10709.569774606167
Starting EM iter: 2
Estep
Estep runtime (s): 0.14686298370361328
Mstep
Optimizing phi
Optimizing branch lengths. Current phi: 0. Current nu:0.28127054646793664
Optimizing nu
Mstep runtime (s): 0.2903759479522705
Finished EM iter: 2. Current nllh: 10689.220608801632
Starting EM iter: 3
Estep
Estep runtime (s): 0.1473240852355957
Mstep
Optimizing phi
Optimizing branch lengths. Current phi: 0. Current nu:0.28418391185805514
Optimizing nu
Mstep runtime (s): 0.3077840805053711
Finished EM iter: 3. Current nllh: 10687.785994772295
Starting EM iter: 4
Estep
Estep runtime (s): 0.14730381965637207
Mstep
Optimizing phi
Optimizing branch lengths. Current phi: 0. Current nu:0.28533892396624366
Optimizing nu
Mstep runtime (s): 0.30998992919921875
Finished EM iter: 4. Current nllh: 10687.46164732701
Starting EM iter: 5
Estep
Estep runtime (s): 0.14730286598205566
Mstep
Optimizing phi
Optimizing branch lengths. Current phi: 0. Current nu:0.28595666625131927
Optimizing nu
Mstep runtime (s): 0.28135108947753906
Finished EM iter: 5. Current nllh: 10687.319904548054
Starting EM iter: 6
Estep
Estep runtime (s): 0.14747309684753418
Mstep
Optimizing phi
Optimizing branch lengths. Current phi: 0. Current nu:0.2863176841008167
Optimizing nu
Mstep runtime (s): 0.3062100410461426
Finished EM iter: 6. Current nllh: 10687.249197595685
Starting EM iter: 7
Estep
Estep runtime (s): 0.14775705337524414
Mstep
Optimizing phi
Optimizing branch lengths. Current phi: 0. Current nu:0.28654169554945547
Optimizing nu
Mstep runtime (s): 0.28424596786499023
Finished EM iter: 7. Current nllh: 10687.20554609146
Starting EM iter: 8
Estep
Estep runtime (s): 0.14816689491271973
Mstep
Optimizing phi
Optimizing branch lengths. Current phi: 0. Current nu:0.2866928987368156
Optimizing nu
Mstep runtime (s): 0.29238295555114746
Finished EM iter: 8. Current nllh: 10687.17655483818
Starting EM iter: 9
Estep
Estep runtime (s): 0.1475520133972168
Mstep
Optimizing phi
Optimizing branch lengths. Current phi: 0. Current nu:0.28679980134174043
Optimizing nu
Mstep runtime (s): 0.29189109802246094
Finished EM iter: 9. Current nllh: 10687.156292835429
Starting EM iter: 10
Estep
Estep runtime (s): 0.148392915725708
Mstep
Optimizing phi
Optimizing branch lengths. Current phi: 0. Current nu:0.2868786815175576
Optimizing nu
Mstep runtime (s): 0.31864380836486816
Finished EM iter: 10. Current nllh: 10687.141533518583
Starting EM iter: 11
Estep
Estep runtime (s): 0.14729905128479004
Mstep
Optimizing phi
Optimizing branch lengths. Current phi: 0. Current nu:0.2869398073633526
Optimizing nu
Mstep runtime (s): 0.29597997665405273
Finished EM iter: 11. Current nllh: 10687.130459457698
Starting EM iter: 12
Estep
Estep runtime (s): 0.1483449935913086
Mstep
Optimizing phi
Optimizing branch lengths. Current phi: 0. Current nu:0.28698772302737957
Optimizing nu
Mstep runtime (s): 0.29227280616760254
Finished EM iter: 12. Current nllh: 10687.122362324986
Starting EM iter: 13
Estep
Estep runtime (s): 0.1476893424987793
Mstep
Optimizing phi
Optimizing branch lengths. Current phi: 0. Current nu:0.28702590547695656
Optimizing nu
Mstep runtime (s): 0.3673880100250244
Finished EM iter: 13. Current nllh: 10687.120183037401
Starting EM iter: 14
Estep
Estep runtime (s): 0.14865708351135254
Mstep
Optimizing phi
Optimizing branch lengths. Current phi: 0. Current nu:0.28705363067578293
Optimizing nu
Mstep runtime (s): 0.3398308753967285
Finished EM iter: 14. Current nllh: 10687.118465268166
Starting EM iter: 15
Estep
Estep runtime (s): 0.14818882942199707
Mstep
Optimizing phi
Optimizing branch lengths. Current phi: 0. Current nu:0.28707272412344104
Optimizing nu
Mstep runtime (s): 0.3588900566101074
Finished EM iter: 15. Current nllh: 10687.117287301371
Starting EM iter: 16
Estep
Estep runtime (s): 0.1498708724975586
Mstep
Optimizing phi
Optimizing branch lengths. Current phi: 0. Current nu:0.2870878660379485
Optimizing nu
Mstep runtime (s): 0.3484921455383301
Finished EM iter: 16. Current nllh: 10687.116383736846
Starting EM iter: 17
Estep
Estep runtime (s): 0.14788579940795898
Mstep
Optimizing phi
Optimizing branch lengths. Current phi: 0. Current nu:0.28710124503273776
Optimizing nu
Mstep runtime (s): 0.3043098449707031
Finished EM iter: 17. Current nllh: 10687.11564446693
Starting EM iter: 18
Estep
Estep runtime (s): 0.1482100486755371
Mstep
Optimizing phi
Optimizing branch lengths. Current phi: 0. Current nu:0.28711221273891985
Optimizing nu
Mstep runtime (s): 0.3284599781036377
Finished EM iter: 18. Current nllh: 10687.11506986381
Starting EM iter: 19
Estep
Estep runtime (s): 0.1497631072998047
Mstep
Optimizing phi
Optimizing branch lengths. Current phi: 0. Current nu:0.2871211330373493
Optimizing nu
Mstep runtime (s): 0.2991049289703369
Finished EM iter: 19. Current nllh: 10687.114605432605
Starting EM iter: 20
Estep
Estep runtime (s): 0.14812111854553223
Mstep
Optimizing phi
Optimizing branch lengths. Current phi: 0. Current nu:0.2871289894982934
Optimizing nu
Mstep runtime (s): 0.2940199375152588
Finished EM iter: 20. Current nllh: 10687.114225982597
Starting EM iter: 21
Estep
Estep runtime (s): 0.14788413047790527
Mstep
Optimizing phi
Optimizing branch lengths. Current phi: 0. Current nu:0.2871358288933637
Optimizing nu
Mstep runtime (s): 0.33351922035217285
Finished EM iter: 21. Current nllh: 10687.113917881263
Starting EM iter: 22
Estep
Estep runtime (s): 0.14812207221984863
Mstep
Optimizing phi
Optimizing branch lengths. Current phi: 0. Current nu:0.2871416558686514
Optimizing nu
Mstep runtime (s): 0.29895877838134766
Finished EM iter: 22. Current nllh: 10687.113660224313
Starting EM iter: 23
Estep
Estep runtime (s): 0.14794278144836426
Mstep
Optimizing phi
Optimizing branch lengths. Current phi: 0. Current nu:0.2871468607824146
Optimizing nu
Mstep runtime (s): 0.2891228199005127
Finished EM iter: 23. Current nllh: 10687.113448949642
Starting EM iter: 24
Estep
Estep runtime (s): 0.14894914627075195
Mstep
Optimizing phi
Optimizing branch lengths. Current phi: 0. Current nu:0.2871512139808488
Optimizing nu
Mstep runtime (s): 0.2979600429534912
Finished EM iter: 24. Current nllh: 10687.113275322808
Starting EM iter: 25
Estep
Estep runtime (s): 0.14818572998046875
Mstep
Optimizing phi
Optimizing branch lengths. Current phi: 0. Current nu:0.28715491279600536
Optimizing nu
Mstep runtime (s): 0.30223584175109863
Finished EM iter: 25. Current nllh: 10687.11312770038
Starting EM iter: 26
Estep
Estep runtime (s): 0.14856910705566406
Mstep
Optimizing phi
Optimizing branch lengths. Current phi: 0. Current nu:0.2871583715414419
Optimizing nu
Mstep runtime (s): 0.31677794456481934
Finished EM iter: 26. Current nllh: 10687.112988734369
Starting EM iter: 27
Estep
Estep runtime (s): 0.148298978805542
Mstep
Optimizing phi
Optimizing branch lengths. Current phi: 0. Current nu:0.2871617725677371
Optimizing nu
Mstep runtime (s): 0.3093550205230713
Finished EM iter: 27. Current nllh: 10687.112884329783
EM finished after 27 iterations.
Optimal phi: 0. Optimal nu: 0.2871640493998029. Optimal nllh: 10687.112884329783
Optimal point found for initial point 1
Numerical optimization finished successfully
Tree height pre-scaling: 0.6951970340091544, input timescale: 1.0
Tree height after scaling: 1.0, mutation rate: 0.6951970340091544
Tree height pre-scaling: 0.6951970341007631, input timescale: 1.0
Tree height after scaling: 1.0, mutation rate: 0.6951970341007631
Tree height pre-scaling: 0.6951970340442072, input timescale: 1.0
Tree height after scaling: 1.0, mutation rate: 0.6951970340442072
Tree height pre-scaling: 0.6951970341330127, input timescale: 1.0
Tree height after scaling: 1.0, mutation rate: 0.6951970341330127
Tree height pre-scaling: 0.6951970339193969, input timescale: 1.0
Tree height after scaling: 0.9999999999999999, mutation rate: 0.6951970339193969
Tree height pre-scaling: 0.6951970340216524, input timescale: 1.0
Tree height after scaling: 1.0, mutation rate: 0.6951970340216524
Tree height pre-scaling: 0.6951970340815988, input timescale: 1.0
Tree height after scaling: 1.0, mutation rate: 0.6951970340815988
Tree height pre-scaling: 0.6951970340663861, input timescale: 1.0
Tree height after scaling: 0.9999999999999999, mutation rate: 0.6951970340663861
Tree height pre-scaling: 0.6951970339591816, input timescale: 1.0
Tree height after scaling: 1.0, mutation rate: 0.6951970339591816
Tree height pre-scaling: 0.6951970340532062, input timescale: 1.0
Tree height after scaling: 1.0, mutation rate: 0.6951970340532062
Tree height pre-scaling: 0.6951970340436344, input timescale: 1.0
Tree height after scaling: 1.0, mutation rate: 0.6951970340436344
Tree height pre-scaling: 0.69519703395885, input timescale: 1.0
Tree height after scaling: 1.0, mutation rate: 0.69519703395885
Tree height pre-scaling: 0.6951970340269173, input timescale: 1.0
Tree height after scaling: 1.0, mutation rate: 0.6951970340269173
Tree height pre-scaling: 0.6951970340356421, input timescale: 1.0
Tree height after scaling: 1.0, mutation rate: 0.6951970340356421
Tree height pre-scaling: 0.6951970344116358, input timescale: 1.0
Tree height after scaling: 1.0, mutation rate: 0.6951970344116358
Tree height pre-scaling: 0.6951970340668596, input timescale: 1.0
Tree height after scaling: 1.0, mutation rate: 0.6951970340668596
Tree height pre-scaling: 0.6951970343068722, input timescale: 1.0
Tree height after scaling: 1.0, mutation rate: 0.6951970343068722
Runtime (s): 13.690072458000001
