Launching LAML version 0.0.4
LAML was called as follows: /Users/uym2/my_gits/LAML/run_laml.py -c ../../evaluation/Bar10/Bar10_character_matrix.txt -t place_outlier2/augmented_tree_134.nwk -o place_outlier2/augmented_tree_134_optimized -v -p ../../evaluation/Bar10/Bar10_priors.pickle --delimiter tab -m -1 --nInitials 1
Prior keys mismatch with site names.
Prior keys: [0, 1, 2, 3, 4, 5, 6, 7, 8, 9, 10, 11, 12, 13, 14, 15, 16, 17, 18, 19, 20, 21, 22, 23, 24, 25, 26, 27, 28, 29]
Site names: ['r1', 'r2', 'r3', 'r4', 'r5', 'r6', 'r7', 'r8', 'r9', 'r10', 'r11', 'r12', 'r13', 'r14', 'r15', 'r16', 'r17', 'r18', 'r19', 'r20', 'r21', 'r22', 'r23', 'r24', 'r25', 'r26', 'r27', 'r28', 'r29', 'r30']
Attempting to infer mapping between site names and prior keys...
{'r1': 0, 'r2': 1, 'r3': 2, 'r4': 3, 'r5': 4, 'r6': 5, 'r7': 6, 'r8': 7, 'r9': 8, 'r10': 9, 'r11': 10, 'r12': 11, 'r13': 12, 'r14': 13, 'r15': 14, 'r16': 15, 'r17': 16, 'r18': 17, 'r19': 18, 'r20': 19, 'r21': 20, 'r22': 21, 'r23': 22, 'r24': 23, 'r25': 24, 'r26': 25, 'r27': 26, 'r28': 27, 'r29': 28, 'r30': 29}
Optimizing branch lengths, phi, and nu without topology search
Optimization by EM algorithm
Optimization start with 1 initials
Initial point 1. Random seed: 6984
Numerical optimization started with ultrametric constraint (default)
Initial phi: 0. Initial nu: 0.26955655566205877. Initial nllh: 13038.82134061134
Starting EM iter: 1
Estep
Estep runtime (s): 0.10802316665649414
Mstep
Optimizing phi
Optimizing branch lengths. Current phi: 0. Current nu:0.26955655566205877
Optimizing nu
Mstep runtime (s): 0.32149720191955566
Finished EM iter: 1. Current nllh: 10716.641223126318
Starting EM iter: 2
Estep
Estep runtime (s): 0.14786195755004883
Mstep
Optimizing phi
Optimizing branch lengths. Current phi: 0. Current nu:0.2854700485407855
Optimizing nu
Mstep runtime (s): 0.3011019229888916
Finished EM iter: 2. Current nllh: 10688.653129580605
Starting EM iter: 3
Estep
Estep runtime (s): 0.1473379135131836
Mstep
Optimizing phi
Optimizing branch lengths. Current phi: 0. Current nu:0.28814069073288634
Optimizing nu
Mstep runtime (s): 0.28220510482788086
Finished EM iter: 3. Current nllh: 10683.157417755825
Starting EM iter: 4
Estep
Estep runtime (s): 0.14748120307922363
Mstep
Optimizing phi
Optimizing branch lengths. Current phi: 0. Current nu:0.2875895638950849
Optimizing nu
Mstep runtime (s): 0.34437012672424316
Finished EM iter: 4. Current nllh: 10682.48019024795
Starting EM iter: 5
Estep
Estep runtime (s): 0.1476609706878662
Mstep
Optimizing phi
Optimizing branch lengths. Current phi: 0. Current nu:0.28708867857464915
Optimizing nu
Mstep runtime (s): 0.28867101669311523
Finished EM iter: 5. Current nllh: 10682.39359627523
Starting EM iter: 6
Estep
Estep runtime (s): 0.14763593673706055
Mstep
Optimizing phi
Optimizing branch lengths. Current phi: 0. Current nu:0.28698692937712256
Optimizing nu
Mstep runtime (s): 0.2871129512786865
Finished EM iter: 6. Current nllh: 10682.366558607198
Starting EM iter: 7
Estep
Estep runtime (s): 0.1479029655456543
Mstep
Optimizing phi
Optimizing branch lengths. Current phi: 0. Current nu:0.2870241896524812
Optimizing nu
Mstep runtime (s): 0.2942690849304199
Finished EM iter: 7. Current nllh: 10682.350336570153
Starting EM iter: 8
Estep
Estep runtime (s): 0.14787793159484863
Mstep
Optimizing phi
Optimizing branch lengths. Current phi: 0. Current nu:0.28708992364156843
Optimizing nu
Mstep runtime (s): 0.2994821071624756
Finished EM iter: 8. Current nllh: 10682.339595339607
Starting EM iter: 9
Estep
Estep runtime (s): 0.14790010452270508
Mstep
Optimizing phi
Optimizing branch lengths. Current phi: 0. Current nu:0.28715090993906195
Optimizing nu
Mstep runtime (s): 0.29959583282470703
Finished EM iter: 9. Current nllh: 10682.332267482192
Starting EM iter: 10
Estep
Estep runtime (s): 0.14850997924804688
Mstep
Optimizing phi
Optimizing branch lengths. Current phi: 0. Current nu:0.2872012158309825
Optimizing nu
Mstep runtime (s): 0.28955817222595215
Finished EM iter: 10. Current nllh: 10682.32716967014
Starting EM iter: 11
Estep
Estep runtime (s): 0.14832305908203125
Mstep
Optimizing phi
Optimizing branch lengths. Current phi: 0. Current nu:0.2872409006050794
Optimizing nu
Mstep runtime (s): 0.29230809211730957
Finished EM iter: 11. Current nllh: 10682.32353611019
Starting EM iter: 12
Estep
Estep runtime (s): 0.14865708351135254
Mstep
Optimizing phi
Optimizing branch lengths. Current phi: 0. Current nu:0.2872727547573491
Optimizing nu
Mstep runtime (s): 0.2969369888305664
Finished EM iter: 12. Current nllh: 10682.320909831913
Starting EM iter: 13
Estep
Estep runtime (s): 0.14814996719360352
Mstep
Optimizing phi
Optimizing branch lengths. Current phi: 0. Current nu:0.28729785369342786
Optimizing nu
Mstep runtime (s): 0.31679677963256836
Finished EM iter: 13. Current nllh: 10682.318959204917
Starting EM iter: 14
Estep
Estep runtime (s): 0.14885592460632324
Mstep
Optimizing phi
Optimizing branch lengths. Current phi: 0. Current nu:0.28731867967104685
Optimizing nu
Mstep runtime (s): 0.2957768440246582
Finished EM iter: 14. Current nllh: 10682.317467235773
Starting EM iter: 15
Estep
Estep runtime (s): 0.14851117134094238
Mstep
Optimizing phi
Optimizing branch lengths. Current phi: 0. Current nu:0.2873364778720324
Optimizing nu
Mstep runtime (s): 0.28351879119873047
Finished EM iter: 15. Current nllh: 10682.316317142266
Starting EM iter: 16
Estep
Estep runtime (s): 0.14902400970458984
Mstep
Optimizing phi
Optimizing branch lengths. Current phi: 0. Current nu:0.2873512124137833
Optimizing nu
Mstep runtime (s): 0.29137706756591797
Finished EM iter: 16. Current nllh: 10682.315424061024
Starting EM iter: 17
Estep
Estep runtime (s): 0.14840984344482422
Mstep
Optimizing phi
Optimizing branch lengths. Current phi: 0. Current nu:0.2873635524912089
Optimizing nu
Mstep runtime (s): 0.3453788757324219
Finished EM iter: 17. Current nllh: 10682.314703860793
Starting EM iter: 18
Estep
Estep runtime (s): 0.14914894104003906
Mstep
Optimizing phi
Optimizing branch lengths. Current phi: 0. Current nu:0.2873733298615459
Optimizing nu
Mstep runtime (s): 0.320620059967041
Finished EM iter: 18. Current nllh: 10682.314176626056
Starting EM iter: 19
Estep
Estep runtime (s): 0.14850592613220215
Mstep
Optimizing phi
Optimizing branch lengths. Current phi: 0. Current nu:0.28738276144139113
Optimizing nu
Mstep runtime (s): 0.30944395065307617
Finished EM iter: 19. Current nllh: 10682.313632934181
Starting EM iter: 20
Estep
Estep runtime (s): 0.1487140655517578
Mstep
Optimizing phi
Optimizing branch lengths. Current phi: 0. Current nu:0.28738966695392476
Optimizing nu
Mstep runtime (s): 0.30216479301452637
Finished EM iter: 20. Current nllh: 10682.313355864644
Starting EM iter: 21
Estep
Estep runtime (s): 0.1485130786895752
Mstep
Optimizing phi
Optimizing branch lengths. Current phi: 0. Current nu:0.2873973836398879
Optimizing nu
Mstep runtime (s): 0.29633092880249023
Finished EM iter: 21. Current nllh: 10682.313027766277
Starting EM iter: 22
Estep
Estep runtime (s): 0.14892792701721191
Mstep
Optimizing phi
Optimizing branch lengths. Current phi: 0. Current nu:0.2874036738865676
Optimizing nu
Mstep runtime (s): 0.28562474250793457
Finished EM iter: 22. Current nllh: 10682.312756615027
Starting EM iter: 23
Estep
Estep runtime (s): 0.1485438346862793
Mstep
Optimizing phi
Optimizing branch lengths. Current phi: 0. Current nu:0.28740914457714534
Optimizing nu
Mstep runtime (s): 0.31635379791259766
Finished EM iter: 23. Current nllh: 10682.312548498447
Starting EM iter: 24
Estep
Estep runtime (s): 0.14814281463623047
Mstep
Optimizing phi
Optimizing branch lengths. Current phi: 0. Current nu:0.2874134803982348
Optimizing nu
Mstep runtime (s): 0.40677618980407715
Finished EM iter: 24. Current nllh: 10682.312393937107
Starting EM iter: 25
Estep
Estep runtime (s): 0.1487751007080078
Mstep
Optimizing phi
Optimizing branch lengths. Current phi: 0. Current nu:0.28741676373947195
Optimizing nu
Mstep runtime (s): 0.28978991508483887
Finished EM iter: 25. Current nllh: 10682.3122394521
Starting EM iter: 26
Estep
Estep runtime (s): 0.14885783195495605
Mstep
Optimizing phi
Optimizing branch lengths. Current phi: 0. Current nu:0.2874204534715027
Optimizing nu
Mstep runtime (s): 0.316849946975708
Finished EM iter: 26. Current nllh: 10682.312125283577
Starting EM iter: 27
Estep
Estep runtime (s): 0.14878010749816895
Mstep
Optimizing phi
Optimizing branch lengths. Current phi: 0. Current nu:0.2874229827795441
Optimizing nu
Mstep runtime (s): 0.2769002914428711
Finished EM iter: 27. Current nllh: 10682.3120239134
EM finished after 27 iterations.
Optimal phi: 0. Optimal nu: 0.2874257379199082. Optimal nllh: 10682.3120239134
Optimal point found for initial point 1
Numerical optimization finished successfully
Tree height pre-scaling: 0.6921787046939473, input timescale: 1.0
Tree height after scaling: 1.0, mutation rate: 0.6921787046939473
Tree height pre-scaling: 0.69217870505222, input timescale: 1.0
Tree height after scaling: 0.9999999999999999, mutation rate: 0.69217870505222
Tree height pre-scaling: 0.6921787048145855, input timescale: 1.0
Tree height after scaling: 1.0, mutation rate: 0.6921787048145855
Tree height pre-scaling: 0.6921787051087279, input timescale: 1.0
Tree height after scaling: 1.0, mutation rate: 0.6921787051087279
Tree height pre-scaling: 0.6921787043705914, input timescale: 1.0
Tree height after scaling: 1.0, mutation rate: 0.6921787043705914
Tree height pre-scaling: 0.6921787047311345, input timescale: 1.0
Tree height after scaling: 0.9999999999999999, mutation rate: 0.6921787047311345
Tree height pre-scaling: 0.692178704961924, input timescale: 1.0
Tree height after scaling: 1.0, mutation rate: 0.692178704961924
Tree height pre-scaling: 0.6921787049102048, input timescale: 1.0
Tree height after scaling: 1.0, mutation rate: 0.6921787049102048
Tree height pre-scaling: 0.6921787045168785, input timescale: 1.0
Tree height after scaling: 1.0, mutation rate: 0.6921787045168785
Tree height pre-scaling: 0.6921787048615586, input timescale: 1.0
Tree height after scaling: 1.0, mutation rate: 0.6921787048615586
Tree height pre-scaling: 0.6921787048244677, input timescale: 1.0
Tree height after scaling: 1.0, mutation rate: 0.6921787048244677
Tree height pre-scaling: 0.6921787045027048, input timescale: 1.0
Tree height after scaling: 0.9999999999999998, mutation rate: 0.6921787045027048
Tree height pre-scaling: 0.6921787048040624, input timescale: 1.0
Tree height after scaling: 1.0, mutation rate: 0.6921787048040624
Tree height pre-scaling: 0.6921787062440892, input timescale: 1.0
Tree height after scaling: 1.0, mutation rate: 0.6921787062440892
Tree height pre-scaling: 0.6921787048757586, input timescale: 1.0
Tree height after scaling: 1.0, mutation rate: 0.6921787048757586
Tree height pre-scaling: 0.6921787050954664, input timescale: 1.0
Tree height after scaling: 1.0000000000000002, mutation rate: 0.6921787050954664
Tree height pre-scaling: 0.6921787052179698, input timescale: 1.0
Tree height after scaling: 1.0, mutation rate: 0.6921787052179698
Runtime (s): 13.606614417
