Launching LAML version 0.0.4
LAML was called as follows: /Users/uym2/my_gits/LAML/run_laml.py -c ../../evaluation/Bar10/Bar10_character_matrix.txt -t place_outlier2/augmented_tree_204.nwk -o place_outlier2/augmented_tree_204_optimized -v -p ../../evaluation/Bar10/Bar10_priors.pickle --delimiter tab -m -1 --nInitials 1
Prior keys mismatch with site names.
Prior keys: [0, 1, 2, 3, 4, 5, 6, 7, 8, 9, 10, 11, 12, 13, 14, 15, 16, 17, 18, 19, 20, 21, 22, 23, 24, 25, 26, 27, 28, 29]
Site names: ['r1', 'r2', 'r3', 'r4', 'r5', 'r6', 'r7', 'r8', 'r9', 'r10', 'r11', 'r12', 'r13', 'r14', 'r15', 'r16', 'r17', 'r18', 'r19', 'r20', 'r21', 'r22', 'r23', 'r24', 'r25', 'r26', 'r27', 'r28', 'r29', 'r30']
Attempting to infer mapping between site names and prior keys...
{'r1': 0, 'r2': 1, 'r3': 2, 'r4': 3, 'r5': 4, 'r6': 5, 'r7': 6, 'r8': 7, 'r9': 8, 'r10': 9, 'r11': 10, 'r12': 11, 'r13': 12, 'r14': 13, 'r15': 14, 'r16': 15, 'r17': 16, 'r18': 17, 'r19': 18, 'r20': 19, 'r21': 20, 'r22': 21, 'r23': 22, 'r24': 23, 'r25': 24, 'r26': 25, 'r27': 26, 'r28': 27, 'r29': 28, 'r30': 29}
Optimizing branch lengths, phi, and nu without topology search
Optimization by EM algorithm
Optimization start with 1 initials
Initial point 1. Random seed: 1401
Numerical optimization started with ultrametric constraint (default)
Initial phi: 0. Initial nu: 0.26955655566205877. Initial nllh: 12829.299581877072
Starting EM iter: 1
Estep
Estep runtime (s): 0.1087808609008789
Mstep
Optimizing phi
Optimizing branch lengths. Current phi: 0. Current nu:0.26955655566205877
Optimizing nu
Mstep runtime (s): 0.3441290855407715
Finished EM iter: 1. Current nllh: 10629.3091641685
Starting EM iter: 2
Estep
Estep runtime (s): 0.15296006202697754
Mstep
Optimizing phi
Optimizing branch lengths. Current phi: 0. Current nu:0.2859311182436062
Optimizing nu
Mstep runtime (s): 0.30736517906188965
Finished EM iter: 2. Current nllh: 10604.830855066824
Starting EM iter: 3
Estep
Estep runtime (s): 0.1505260467529297
Mstep
Optimizing phi
Optimizing branch lengths. Current phi: 0. Current nu:0.2883242606671386
Optimizing nu
Mstep runtime (s): 0.29078221321105957
Finished EM iter: 3. Current nllh: 10601.516058284822
Starting EM iter: 4
Estep
Estep runtime (s): 0.15056300163269043
Mstep
Optimizing phi
Optimizing branch lengths. Current phi: 0. Current nu:0.2880947665046619
Optimizing nu
Mstep runtime (s): 0.3014059066772461
Finished EM iter: 4. Current nllh: 10601.128315743337
Starting EM iter: 5
Estep
Estep runtime (s): 0.15029001235961914
Mstep
Optimizing phi
Optimizing branch lengths. Current phi: 0. Current nu:0.2878498242832931
Optimizing nu
Mstep runtime (s): 0.3085179328918457
Finished EM iter: 5. Current nllh: 10601.057126208627
Starting EM iter: 6
Estep
Estep runtime (s): 0.14864778518676758
Mstep
Optimizing phi
Optimizing branch lengths. Current phi: 0. Current nu:0.28783266287059694
Optimizing nu
Mstep runtime (s): 0.28593015670776367
Finished EM iter: 6. Current nllh: 10601.029830592373
Starting EM iter: 7
Estep
Estep runtime (s): 0.1484508514404297
Mstep
Optimizing phi
Optimizing branch lengths. Current phi: 0. Current nu:0.28789278475509245
Optimizing nu
Mstep runtime (s): 0.2872471809387207
Finished EM iter: 7. Current nllh: 10601.013095740049
Starting EM iter: 8
Estep
Estep runtime (s): 0.1489851474761963
Mstep
Optimizing phi
Optimizing branch lengths. Current phi: 0. Current nu:0.28796439871214247
Optimizing nu
Mstep runtime (s): 0.29730701446533203
Finished EM iter: 8. Current nllh: 10601.002062848831
Starting EM iter: 9
Estep
Estep runtime (s): 0.14857220649719238
Mstep
Optimizing phi
Optimizing branch lengths. Current phi: 0. Current nu:0.28802751578344604
Optimizing nu
Mstep runtime (s): 0.27513885498046875
Finished EM iter: 9. Current nllh: 10600.994562996682
Starting EM iter: 10
Estep
Estep runtime (s): 0.14870071411132812
Mstep
Optimizing phi
Optimizing branch lengths. Current phi: 0. Current nu:0.28807847878979426
Optimizing nu
Mstep runtime (s): 0.302401065826416
Finished EM iter: 10. Current nllh: 10600.989336745135
Starting EM iter: 11
Estep
Estep runtime (s): 0.14960002899169922
Mstep
Optimizing phi
Optimizing branch lengths. Current phi: 0. Current nu:0.2881188477817683
Optimizing nu
Mstep runtime (s): 0.3268558979034424
Finished EM iter: 11. Current nllh: 10600.98560880614
Starting EM iter: 12
Estep
Estep runtime (s): 0.1492459774017334
Mstep
Optimizing phi
Optimizing branch lengths. Current phi: 0. Current nu:0.2881513226747701
Optimizing nu
Mstep runtime (s): 0.28921008110046387
Finished EM iter: 12. Current nllh: 10600.982888617813
Starting EM iter: 13
Estep
Estep runtime (s): 0.15096807479858398
Mstep
Optimizing phi
Optimizing branch lengths. Current phi: 0. Current nu:0.2881772498196824
Optimizing nu
Mstep runtime (s): 0.30346202850341797
Finished EM iter: 13. Current nllh: 10600.980859771042
Starting EM iter: 14
Estep
Estep runtime (s): 0.14844703674316406
Mstep
Optimizing phi
Optimizing branch lengths. Current phi: 0. Current nu:0.2881990665038672
Optimizing nu
Mstep runtime (s): 0.28061413764953613
Finished EM iter: 14. Current nllh: 10600.979311895751
Starting EM iter: 15
Estep
Estep runtime (s): 0.14868402481079102
Mstep
Optimizing phi
Optimizing branch lengths. Current phi: 0. Current nu:0.2882171798259864
Optimizing nu
Mstep runtime (s): 0.29726195335388184
Finished EM iter: 15. Current nllh: 10600.978138516946
Starting EM iter: 16
Estep
Estep runtime (s): 0.15120601654052734
Mstep
Optimizing phi
Optimizing branch lengths. Current phi: 0. Current nu:0.2882316497847772
Optimizing nu
Mstep runtime (s): 0.29389095306396484
Finished EM iter: 16. Current nllh: 10600.977225299692
Starting EM iter: 17
Estep
Estep runtime (s): 0.15040183067321777
Mstep
Optimizing phi
Optimizing branch lengths. Current phi: 0. Current nu:0.28824415054587227
Optimizing nu
Mstep runtime (s): 0.2935307025909424
Finished EM iter: 17. Current nllh: 10600.976487608406
Starting EM iter: 18
Estep
Estep runtime (s): 0.14918017387390137
Mstep
Optimizing phi
Optimizing branch lengths. Current phi: 0. Current nu:0.28825525980024197
Optimizing nu
Mstep runtime (s): 0.27905917167663574
Finished EM iter: 18. Current nllh: 10600.975899449066
Starting EM iter: 19
Estep
Estep runtime (s): 0.15108799934387207
Mstep
Optimizing phi
Optimizing branch lengths. Current phi: 0. Current nu:0.28826463055674173
Optimizing nu
Mstep runtime (s): 0.2865571975708008
Finished EM iter: 19. Current nllh: 10600.975423645055
Starting EM iter: 20
Estep
Estep runtime (s): 0.14956212043762207
Mstep
Optimizing phi
Optimizing branch lengths. Current phi: 0. Current nu:0.28827251487856964
Optimizing nu
Mstep runtime (s): 0.3107459545135498
Finished EM iter: 20. Current nllh: 10600.975045289924
Starting EM iter: 21
Estep
Estep runtime (s): 0.14879727363586426
Mstep
Optimizing phi
Optimizing branch lengths. Current phi: 0. Current nu:0.28827931819932884
Optimizing nu
Mstep runtime (s): 0.30112218856811523
Finished EM iter: 21. Current nllh: 10600.974735138614
Starting EM iter: 22
Estep
Estep runtime (s): 0.15186309814453125
Mstep
Optimizing phi
Optimizing branch lengths. Current phi: 0. Current nu:0.2882852173327416
Optimizing nu
Mstep runtime (s): 0.28960084915161133
Finished EM iter: 22. Current nllh: 10600.974476282883
Starting EM iter: 23
Estep
Estep runtime (s): 0.15081381797790527
Mstep
Optimizing phi
Optimizing branch lengths. Current phi: 0. Current nu:0.2882902744971017
Optimizing nu
Mstep runtime (s): 0.3312389850616455
Finished EM iter: 23. Current nllh: 10600.974254609424
Starting EM iter: 24
Estep
Estep runtime (s): 0.1491389274597168
Mstep
Optimizing phi
Optimizing branch lengths. Current phi: 0. Current nu:0.28829498542705734
Optimizing nu
Mstep runtime (s): 0.27863025665283203
Finished EM iter: 24. Current nllh: 10600.974063151107
Starting EM iter: 25
Estep
Estep runtime (s): 0.14881110191345215
Mstep
Optimizing phi
Optimizing branch lengths. Current phi: 0. Current nu:0.2882990979488861
Optimizing nu
Mstep runtime (s): 0.28690290451049805
Finished EM iter: 25. Current nllh: 10600.973907637555
Starting EM iter: 26
Estep
Estep runtime (s): 0.15142297744750977
Mstep
Optimizing phi
Optimizing branch lengths. Current phi: 0. Current nu:0.2883025613174915
Optimizing nu
Mstep runtime (s): 0.3264610767364502
Finished EM iter: 26. Current nllh: 10600.973774855944
Starting EM iter: 27
Estep
Estep runtime (s): 0.14891600608825684
Mstep
Optimizing phi
Optimizing branch lengths. Current phi: 0. Current nu:0.2883056688679566
Optimizing nu
Mstep runtime (s): 0.2853071689605713
Finished EM iter: 27. Current nllh: 10600.973681522008
EM finished after 27 iterations.
Optimal phi: 0. Optimal nu: 0.28830782993446435. Optimal nllh: 10600.973681522008
Optimal point found for initial point 1
Numerical optimization finished successfully
Tree height pre-scaling: 0.6904923552563614, input timescale: 1.0
Tree height after scaling: 1.0, mutation rate: 0.6904923552563614
Tree height pre-scaling: 0.690492355493695, input timescale: 1.0
Tree height after scaling: 1.0, mutation rate: 0.690492355493695
Tree height pre-scaling: 0.6904923553324427, input timescale: 1.0
Tree height after scaling: 1.0, mutation rate: 0.6904923553324427
Tree height pre-scaling: 0.690492355494697, input timescale: 1.0
Tree height after scaling: 1.0, mutation rate: 0.690492355494697
Tree height pre-scaling: 0.6904923550721401, input timescale: 1.0
Tree height after scaling: 1.0, mutation rate: 0.6904923550721401
Tree height pre-scaling: 0.690492355284184, input timescale: 1.0
Tree height after scaling: 1.0, mutation rate: 0.690492355284184
Tree height pre-scaling: 0.6904923554179222, input timescale: 1.0
Tree height after scaling: 1.0, mutation rate: 0.6904923554179222
Tree height pre-scaling: 0.690492355398416, input timescale: 1.0
Tree height after scaling: 0.9999999999999999, mutation rate: 0.690492355398416
Tree height pre-scaling: 0.6904923562011516, input timescale: 1.0
Tree height after scaling: 0.9999999999999999, mutation rate: 0.6904923562011516
Tree height pre-scaling: 0.6904923553604374, input timescale: 1.0
Tree height after scaling: 1.0, mutation rate: 0.6904923553604374
Tree height pre-scaling: 0.6904923555077741, input timescale: 1.0
Tree height after scaling: 1.0, mutation rate: 0.6904923555077741
Tree height pre-scaling: 0.6904923552646052, input timescale: 1.0
Tree height after scaling: 1.0, mutation rate: 0.6904923552646052
Tree height pre-scaling: 0.6904923552952941, input timescale: 1.0
Tree height after scaling: 1.0, mutation rate: 0.6904923552952941
Tree height pre-scaling: 0.6904923550405406, input timescale: 1.0
Tree height after scaling: 1.0, mutation rate: 0.6904923550405406
Tree height pre-scaling: 0.6904923554116216, input timescale: 1.0
Tree height after scaling: 1.0, mutation rate: 0.6904923554116216
Tree height pre-scaling: 0.6904923554663154, input timescale: 1.0
Tree height after scaling: 1.0, mutation rate: 0.6904923554663154
Tree height pre-scaling: 0.6904923552138602, input timescale: 1.0
Tree height after scaling: 0.9999999999999999, mutation rate: 0.6904923552138602
Runtime (s): 13.454541375
