Launching LAML version 0.0.4
LAML was called as follows: /Users/uym2/my_gits/LAML/run_laml.py -c ../../evaluation/Bar10/Bar10_character_matrix.txt -t place_outlier2/augmented_tree_97.nwk -o place_outlier2/augmented_tree_97_optimized -v -p ../../evaluation/Bar10/Bar10_priors.pickle --delimiter tab -m -1 --nInitials 1
Prior keys mismatch with site names.
Prior keys: [0, 1, 2, 3, 4, 5, 6, 7, 8, 9, 10, 11, 12, 13, 14, 15, 16, 17, 18, 19, 20, 21, 22, 23, 24, 25, 26, 27, 28, 29]
Site names: ['r1', 'r2', 'r3', 'r4', 'r5', 'r6', 'r7', 'r8', 'r9', 'r10', 'r11', 'r12', 'r13', 'r14', 'r15', 'r16', 'r17', 'r18', 'r19', 'r20', 'r21', 'r22', 'r23', 'r24', 'r25', 'r26', 'r27', 'r28', 'r29', 'r30']
Attempting to infer mapping between site names and prior keys...
{'r1': 0, 'r2': 1, 'r3': 2, 'r4': 3, 'r5': 4, 'r6': 5, 'r7': 6, 'r8': 7, 'r9': 8, 'r10': 9, 'r11': 10, 'r12': 11, 'r13': 12, 'r14': 13, 'r15': 14, 'r16': 15, 'r17': 16, 'r18': 17, 'r19': 18, 'r20': 19, 'r21': 20, 'r22': 21, 'r23': 22, 'r24': 23, 'r25': 24, 'r26': 25, 'r27': 26, 'r28': 27, 'r29': 28, 'r30': 29}
Optimizing branch lengths, phi, and nu without topology search
Optimization by EM algorithm
Optimization start with 1 initials
Initial point 1. Random seed: 9975
Numerical optimization started with ultrametric constraint (default)
Initial phi: 0. Initial nu: 0.26955655566205877. Initial nllh: 12763.764640635594
Starting EM iter: 1
Estep
Estep runtime (s): 0.10785818099975586
Mstep
Optimizing phi
Optimizing branch lengths. Current phi: 0. Current nu:0.26955655566205877
Optimizing nu
Mstep runtime (s): 0.33978796005249023
Finished EM iter: 1. Current nllh: 10798.703248212916
Starting EM iter: 2
Estep
Estep runtime (s): 0.14675092697143555
Mstep
Optimizing phi
Optimizing branch lengths. Current phi: 0. Current nu:0.27926623569128517
Optimizing nu
Mstep runtime (s): 0.27480077743530273
Finished EM iter: 2. Current nllh: 10778.733345078124
Starting EM iter: 3
Estep
Estep runtime (s): 0.14728689193725586
Mstep
Optimizing phi
Optimizing branch lengths. Current phi: 0. Current nu:0.28084261101930846
Optimizing nu
Mstep runtime (s): 0.3195469379425049
Finished EM iter: 3. Current nllh: 10777.383391654132
Starting EM iter: 4
Estep
Estep runtime (s): 0.14737796783447266
Mstep
Optimizing phi
Optimizing branch lengths. Current phi: 0. Current nu:0.28152380484094414
Optimizing nu
Mstep runtime (s): 0.4624300003051758
Finished EM iter: 4. Current nllh: 10777.147825779051
Starting EM iter: 5
Estep
Estep runtime (s): 0.1470959186553955
Mstep
Optimizing phi
Optimizing branch lengths. Current phi: 0. Current nu:0.28192283090010894
Optimizing nu
Mstep runtime (s): 0.3715662956237793
Finished EM iter: 5. Current nllh: 10777.066807514044
Starting EM iter: 6
Estep
Estep runtime (s): 0.14715886116027832
Mstep
Optimizing phi
Optimizing branch lengths. Current phi: 0. Current nu:0.2821603505858398
Optimizing nu
Mstep runtime (s): 0.3250241279602051
Finished EM iter: 6. Current nllh: 10777.037120748766
Starting EM iter: 7
Estep
Estep runtime (s): 0.14725613594055176
Mstep
Optimizing phi
Optimizing branch lengths. Current phi: 0. Current nu:0.28230726402413564
Optimizing nu
Mstep runtime (s): 0.27847719192504883
Finished EM iter: 7. Current nllh: 10777.02011931134
Starting EM iter: 8
Estep
Estep runtime (s): 0.14878511428833008
Mstep
Optimizing phi
Optimizing branch lengths. Current phi: 0. Current nu:0.2824055963596825
Optimizing nu
Mstep runtime (s): 0.3575477600097656
Finished EM iter: 8. Current nllh: 10777.009576350447
Starting EM iter: 9
Estep
Estep runtime (s): 0.14823603630065918
Mstep
Optimizing phi
Optimizing branch lengths. Current phi: 0. Current nu:0.2824732297375513
Optimizing nu
Mstep runtime (s): 0.3286750316619873
Finished EM iter: 9. Current nllh: 10777.00274433524
Starting EM iter: 10
Estep
Estep runtime (s): 0.1479201316833496
Mstep
Optimizing phi
Optimizing branch lengths. Current phi: 0. Current nu:0.28252435940917053
Optimizing nu
Mstep runtime (s): 0.30843305587768555
Finished EM iter: 10. Current nllh: 10776.99797849953
Starting EM iter: 11
Estep
Estep runtime (s): 0.1475999355316162
Mstep
Optimizing phi
Optimizing branch lengths. Current phi: 0. Current nu:0.28256323422530355
Optimizing nu
Mstep runtime (s): 0.3218700885772705
Finished EM iter: 11. Current nllh: 10776.994723854164
Starting EM iter: 12
Estep
Estep runtime (s): 0.14764118194580078
Mstep
Optimizing phi
Optimizing branch lengths. Current phi: 0. Current nu:0.2825937131143144
Optimizing nu
Mstep runtime (s): 0.2839548587799072
Finished EM iter: 12. Current nllh: 10776.992453484218
Starting EM iter: 13
Estep
Estep runtime (s): 0.1476292610168457
Mstep
Optimizing phi
Optimizing branch lengths. Current phi: 0. Current nu:0.28261866644573463
Optimizing nu
Mstep runtime (s): 0.28668212890625
Finished EM iter: 13. Current nllh: 10776.990709617397
Starting EM iter: 14
Estep
Estep runtime (s): 0.1479663848876953
Mstep
Optimizing phi
Optimizing branch lengths. Current phi: 0. Current nu:0.2826388610502415
Optimizing nu
Mstep runtime (s): 0.32255077362060547
Finished EM iter: 14. Current nllh: 10776.989321570602
Starting EM iter: 15
Estep
Estep runtime (s): 0.14795708656311035
Mstep
Optimizing phi
Optimizing branch lengths. Current phi: 0. Current nu:0.2826542112266789
Optimizing nu
Mstep runtime (s): 0.33688998222351074
Finished EM iter: 15. Current nllh: 10776.988334188953
Starting EM iter: 16
Estep
Estep runtime (s): 0.148057222366333
Mstep
Optimizing phi
Optimizing branch lengths. Current phi: 0. Current nu:0.2826682540387143
Optimizing nu
Mstep runtime (s): 0.28735899925231934
Finished EM iter: 16. Current nllh: 10776.987636242393
Starting EM iter: 17
Estep
Estep runtime (s): 0.14804315567016602
Mstep
Optimizing phi
Optimizing branch lengths. Current phi: 0. Current nu:0.2826805012439174
Optimizing nu
Mstep runtime (s): 0.32525014877319336
Finished EM iter: 17. Current nllh: 10776.986968890646
Starting EM iter: 18
Estep
Estep runtime (s): 0.14816713333129883
Mstep
Optimizing phi
Optimizing branch lengths. Current phi: 0. Current nu:0.2826890405719346
Optimizing nu
Mstep runtime (s): 0.28575682640075684
Finished EM iter: 18. Current nllh: 10776.986567946977
Starting EM iter: 19
Estep
Estep runtime (s): 0.14811110496520996
Mstep
Optimizing phi
Optimizing branch lengths. Current phi: 0. Current nu:0.2826985348677045
Optimizing nu
Mstep runtime (s): 0.34247612953186035
Finished EM iter: 19. Current nllh: 10776.986181385013
Starting EM iter: 20
Estep
Estep runtime (s): 0.14811301231384277
Mstep
Optimizing phi
Optimizing branch lengths. Current phi: 0. Current nu:0.28270279899566075
Optimizing nu
Mstep runtime (s): 0.3032660484313965
Finished EM iter: 20. Current nllh: 10776.985929078504
Starting EM iter: 21
Estep
Estep runtime (s): 0.14774489402770996
Mstep
Optimizing phi
Optimizing branch lengths. Current phi: 0. Current nu:0.2827108676370538
Optimizing nu
Mstep runtime (s): 0.28371500968933105
Finished EM iter: 21. Current nllh: 10776.98563875368
Starting EM iter: 22
Estep
Estep runtime (s): 0.14847493171691895
Mstep
Optimizing phi
Optimizing branch lengths. Current phi: 0. Current nu:0.28271652146064713
Optimizing nu
Mstep runtime (s): 0.3093571662902832
Finished EM iter: 22. Current nllh: 10776.985422407863
Starting EM iter: 23
Estep
Estep runtime (s): 0.14804506301879883
Mstep
Optimizing phi
Optimizing branch lengths. Current phi: 0. Current nu:0.2827209862913977
Optimizing nu
Mstep runtime (s): 0.33280467987060547
Finished EM iter: 23. Current nllh: 10776.985347134585
EM finished after 23 iterations.
Optimal phi: 0. Optimal nu: 0.28272199231048645. Optimal nllh: 10776.985347134585
Optimal point found for initial point 1
Numerical optimization finished successfully
Tree height pre-scaling: 0.6858453058240392, input timescale: 1.0
Tree height after scaling: 1.0, mutation rate: 0.6858453058240392
Tree height pre-scaling: 0.6858453858130362, input timescale: 1.0
Tree height after scaling: 0.9999999999999999, mutation rate: 0.6858453858130362
Tree height pre-scaling: 0.6858453264773591, input timescale: 1.0
Tree height after scaling: 1.0, mutation rate: 0.6858453264773591
Tree height pre-scaling: 0.6858453571977777, input timescale: 1.0
Tree height after scaling: 1.0, mutation rate: 0.6858453571977777
Tree height pre-scaling: 0.6858452655770959, input timescale: 1.0
Tree height after scaling: 1.0, mutation rate: 0.6858452655770959
Tree height pre-scaling: 0.6858453170790968, input timescale: 1.0
Tree height after scaling: 1.0000000000000002, mutation rate: 0.6858453170790968
Tree height pre-scaling: 0.6858453449975628, input timescale: 1.0
Tree height after scaling: 1.0, mutation rate: 0.6858453449975628
Tree height pre-scaling: 0.685845349027503, input timescale: 1.0
Tree height after scaling: 1.0, mutation rate: 0.685845349027503
Tree height pre-scaling: 0.6858452845854481, input timescale: 1.0
Tree height after scaling: 1.0, mutation rate: 0.6858452845854481
Tree height pre-scaling: 0.6858453336236825, input timescale: 1.0
Tree height after scaling: 0.9999999999999999, mutation rate: 0.6858453336236825
Tree height pre-scaling: 0.6858453351220656, input timescale: 1.0
Tree height after scaling: 1.0000000000000002, mutation rate: 0.6858453351220656
Tree height pre-scaling: 0.6858452907002391, input timescale: 1.0
Tree height after scaling: 0.9999999999999999, mutation rate: 0.6858452907002391
Tree height pre-scaling: 0.6858453102497594, input timescale: 1.0
Tree height after scaling: 1.0, mutation rate: 0.6858453102497594
Tree height pre-scaling: 0.6858453210923118, input timescale: 1.0
Tree height after scaling: 1.0, mutation rate: 0.6858453210923118
Tree height pre-scaling: 0.6858454028683179, input timescale: 1.0
Tree height after scaling: 1.0, mutation rate: 0.6858454028683179
Tree height pre-scaling: 0.6858455567781707, input timescale: 1.0
Tree height after scaling: 1.0000000000000002, mutation rate: 0.6858455567781707
Tree height pre-scaling: 0.6858452409137439, input timescale: 1.0
Tree height after scaling: 1.0, mutation rate: 0.6858452409137439
Runtime (s): 11.966125792000001
