Launching LAML version 0.0.4
LAML was called as follows: /Users/uym2/my_gits/LAML/run_laml.py -c ../../evaluation/Bar10/Bar10_character_matrix.txt -t place_outlier2/augmented_tree_510.nwk -o place_outlier2/augmented_tree_510_optimized -v -p ../../evaluation/Bar10/Bar10_priors.pickle --delimiter tab -m -1 --nInitials 1
Prior keys mismatch with site names.
Prior keys: [0, 1, 2, 3, 4, 5, 6, 7, 8, 9, 10, 11, 12, 13, 14, 15, 16, 17, 18, 19, 20, 21, 22, 23, 24, 25, 26, 27, 28, 29]
Site names: ['r1', 'r2', 'r3', 'r4', 'r5', 'r6', 'r7', 'r8', 'r9', 'r10', 'r11', 'r12', 'r13', 'r14', 'r15', 'r16', 'r17', 'r18', 'r19', 'r20', 'r21', 'r22', 'r23', 'r24', 'r25', 'r26', 'r27', 'r28', 'r29', 'r30']
Attempting to infer mapping between site names and prior keys...
{'r1': 0, 'r2': 1, 'r3': 2, 'r4': 3, 'r5': 4, 'r6': 5, 'r7': 6, 'r8': 7, 'r9': 8, 'r10': 9, 'r11': 10, 'r12': 11, 'r13': 12, 'r14': 13, 'r15': 14, 'r16': 15, 'r17': 16, 'r18': 17, 'r19': 18, 'r20': 19, 'r21': 20, 'r22': 21, 'r23': 22, 'r24': 23, 'r25': 24, 'r26': 25, 'r27': 26, 'r28': 27, 'r29': 28, 'r30': 29}
Optimizing branch lengths, phi, and nu without topology search
Optimization by EM algorithm
Optimization start with 1 initials
Initial point 1. Random seed: 5635
Numerical optimization started with ultrametric constraint (default)
Initial phi: 0. Initial nu: 0.26955655566205877. Initial nllh: 13025.941125853127
Starting EM iter: 1
Estep
Estep runtime (s): 0.10928606986999512
Mstep
Optimizing phi
Optimizing branch lengths. Current phi: 0. Current nu:0.26955655566205877
Optimizing nu
Mstep runtime (s): 0.36437010765075684
Finished EM iter: 1. Current nllh: 10667.728149960238
Starting EM iter: 2
Estep
Estep runtime (s): 0.14708900451660156
Mstep
Optimizing phi
Optimizing branch lengths. Current phi: 0. Current nu:0.28514856809244493
Optimizing nu
Mstep runtime (s): 0.2910621166229248
Finished EM iter: 2. Current nllh: 10649.793190598883
Starting EM iter: 3
Estep
Estep runtime (s): 0.14760398864746094
Mstep
Optimizing phi
Optimizing branch lengths. Current phi: 0. Current nu:0.28649341653883925
Optimizing nu
Mstep runtime (s): 0.2948906421661377
Finished EM iter: 3. Current nllh: 10648.258423156194
Starting EM iter: 4
Estep
Estep runtime (s): 0.14812994003295898
Mstep
Optimizing phi
Optimizing branch lengths. Current phi: 0. Current nu:0.28646184620153786
Optimizing nu
Mstep runtime (s): 0.30562710762023926
Finished EM iter: 4. Current nllh: 10647.944052033541
Starting EM iter: 5
Estep
Estep runtime (s): 0.1477360725402832
Mstep
Optimizing phi
Optimizing branch lengths. Current phi: 0. Current nu:0.28635547192500443
Optimizing nu
Mstep runtime (s): 0.29583215713500977
Finished EM iter: 5. Current nllh: 10647.860406777121
Starting EM iter: 6
Estep
Estep runtime (s): 0.14775776863098145
Mstep
Optimizing phi
Optimizing branch lengths. Current phi: 0. Current nu:0.2863181005398039
Optimizing nu
Mstep runtime (s): 0.2889692783355713
Finished EM iter: 6. Current nllh: 10647.826929423603
Starting EM iter: 7
Estep
Estep runtime (s): 0.14779901504516602
Mstep
Optimizing phi
Optimizing branch lengths. Current phi: 0. Current nu:0.2863245358553041
Optimizing nu
Mstep runtime (s): 0.2908899784088135
Finished EM iter: 7. Current nllh: 10647.817689840564
Starting EM iter: 8
Estep
Estep runtime (s): 0.147705078125
Mstep
Optimizing phi
Optimizing branch lengths. Current phi: 0. Current nu:0.28634301552919456
Optimizing nu
Mstep runtime (s): 0.29729390144348145
Finished EM iter: 8. Current nllh: 10647.812192350655
Starting EM iter: 9
Estep
Estep runtime (s): 0.14770913124084473
Mstep
Optimizing phi
Optimizing branch lengths. Current phi: 0. Current nu:0.2863650211191399
Optimizing nu
Mstep runtime (s): 0.36478519439697266
Finished EM iter: 9. Current nllh: 10647.80871438748
Starting EM iter: 10
Estep
Estep runtime (s): 0.14783215522766113
Mstep
Optimizing phi
Optimizing branch lengths. Current phi: 0. Current nu:0.2863814960281184
Optimizing nu
Mstep runtime (s): 0.2877671718597412
Finished EM iter: 10. Current nllh: 10647.80636301831
Starting EM iter: 11
Estep
Estep runtime (s): 0.1479170322418213
Mstep
Optimizing phi
Optimizing branch lengths. Current phi: 0. Current nu:0.2863998740843823
Optimizing nu
Mstep runtime (s): 0.2924532890319824
Finished EM iter: 11. Current nllh: 10647.804670762753
Starting EM iter: 12
Estep
Estep runtime (s): 0.1479811668395996
Mstep
Optimizing phi
Optimizing branch lengths. Current phi: 0. Current nu:0.2864133025922486
Optimizing nu
Mstep runtime (s): 0.27994227409362793
Finished EM iter: 12. Current nllh: 10647.803511971459
Starting EM iter: 13
Estep
Estep runtime (s): 0.14831066131591797
Mstep
Optimizing phi
Optimizing branch lengths. Current phi: 0. Current nu:0.28642344879704473
Optimizing nu
Mstep runtime (s): 0.29485201835632324
Finished EM iter: 13. Current nllh: 10647.802694781185
Starting EM iter: 14
Estep
Estep runtime (s): 0.14813995361328125
Mstep
Optimizing phi
Optimizing branch lengths. Current phi: 0. Current nu:0.2864314213897209
Optimizing nu
Mstep runtime (s): 0.27129411697387695
Finished EM iter: 14. Current nllh: 10647.802118669799
Starting EM iter: 15
Estep
Estep runtime (s): 0.14850211143493652
Mstep
Optimizing phi
Optimizing branch lengths. Current phi: 0. Current nu:0.28643742717657267
Optimizing nu
Mstep runtime (s): 0.2885730266571045
Finished EM iter: 15. Current nllh: 10647.801687479368
Starting EM iter: 16
Estep
Estep runtime (s): 0.1536712646484375
Mstep
Optimizing phi
Optimizing branch lengths. Current phi: 0. Current nu:0.286442465014779
Optimizing nu
Mstep runtime (s): 0.29114389419555664
Finished EM iter: 16. Current nllh: 10647.801366953257
Starting EM iter: 17
Estep
Estep runtime (s): 0.14863801002502441
Mstep
Optimizing phi
Optimizing branch lengths. Current phi: 0. Current nu:0.28644656007718033
Optimizing nu
Mstep runtime (s): 0.28247618675231934
Finished EM iter: 17. Current nllh: 10647.801135453517
Starting EM iter: 18
Estep
Estep runtime (s): 0.14876890182495117
Mstep
Optimizing phi
Optimizing branch lengths. Current phi: 0. Current nu:0.2864497915174889
Optimizing nu
Mstep runtime (s): 0.29334402084350586
Finished EM iter: 18. Current nllh: 10647.8009518793
Starting EM iter: 19
Estep
Estep runtime (s): 0.14818882942199707
Mstep
Optimizing phi
Optimizing branch lengths. Current phi: 0. Current nu:0.2864525482668784
Optimizing nu
Mstep runtime (s): 0.2776648998260498
Finished EM iter: 19. Current nllh: 10647.800817581812
Starting EM iter: 20
Estep
Estep runtime (s): 0.148712158203125
Mstep
Optimizing phi
Optimizing branch lengths. Current phi: 0. Current nu:0.28645469309477295
Optimizing nu
Mstep runtime (s): 0.29561281204223633
Finished EM iter: 20. Current nllh: 10647.80071497742
EM finished after 20 iterations.
Optimal phi: 0. Optimal nu: 0.28645642894332873. Optimal nllh: 10647.80071497742
Optimal point found for initial point 1
Numerical optimization finished successfully
Tree height pre-scaling: 0.6950924320925707, input timescale: 1.0
Tree height after scaling: 0.9999999999999999, mutation rate: 0.6950924320925707
Tree height pre-scaling: 0.6950924312394102, input timescale: 1.0
Tree height after scaling: 0.9999999999999999, mutation rate: 0.6950924312394102
Tree height pre-scaling: 0.6950924315551923, input timescale: 1.0
Tree height after scaling: 1.0, mutation rate: 0.6950924315551923
Tree height pre-scaling: 0.6950924310589381, input timescale: 1.0
Tree height after scaling: 1.0, mutation rate: 0.6950924310589381
Tree height pre-scaling: 0.6950924309996493, input timescale: 1.0
Tree height after scaling: 1.0, mutation rate: 0.6950924309996493
Tree height pre-scaling: 0.695092430629902, input timescale: 1.0
Tree height after scaling: 1.0, mutation rate: 0.695092430629902
Tree height pre-scaling: 0.6950924314478824, input timescale: 1.0
Tree height after scaling: 1.0, mutation rate: 0.6950924314478824
Tree height pre-scaling: 0.6950924314647138, input timescale: 1.0
Tree height after scaling: 1.0, mutation rate: 0.6950924314647138
Tree height pre-scaling: 0.6950924309023452, input timescale: 1.0
Tree height after scaling: 1.0, mutation rate: 0.6950924309023452
Tree height pre-scaling: 0.6950924312260603, input timescale: 1.0
Tree height after scaling: 1.0, mutation rate: 0.6950924312260603
Tree height pre-scaling: 0.6950924311082537, input timescale: 1.0
Tree height after scaling: 1.0, mutation rate: 0.6950924311082537
Tree height pre-scaling: 0.6950924305786499, input timescale: 1.0
Tree height after scaling: 1.0, mutation rate: 0.6950924305786499
Tree height pre-scaling: 0.6950924310353167, input timescale: 1.0
Tree height after scaling: 1.0, mutation rate: 0.6950924310353167
Tree height pre-scaling: 0.6950924314683913, input timescale: 1.0
Tree height after scaling: 1.0000000000000002, mutation rate: 0.6950924314683913
Tree height pre-scaling: 0.6950924309879731, input timescale: 1.0
Tree height after scaling: 0.9999999999999999, mutation rate: 0.6950924309879731
Tree height pre-scaling: 0.6950924316783966, input timescale: 1.0
Tree height after scaling: 1.0000000000000002, mutation rate: 0.6950924316783966
Tree height pre-scaling: 0.6950924318572604, input timescale: 1.0
Tree height after scaling: 1.0, mutation rate: 0.6950924318572604
Runtime (s): 9.971650959
