Launching LAML version 0.0.4
LAML was called as follows: /Users/uym2/my_gits/LAML/run_laml.py -c ../../evaluation/Bar10/Bar10_character_matrix.txt -t place_outlier2/augmented_tree_163.nwk -o place_outlier2/augmented_tree_163_optimized -v -p ../../evaluation/Bar10/Bar10_priors.pickle --delimiter tab -m -1 --nInitials 1
Prior keys mismatch with site names.
Prior keys: [0, 1, 2, 3, 4, 5, 6, 7, 8, 9, 10, 11, 12, 13, 14, 15, 16, 17, 18, 19, 20, 21, 22, 23, 24, 25, 26, 27, 28, 29]
Site names: ['r1', 'r2', 'r3', 'r4', 'r5', 'r6', 'r7', 'r8', 'r9', 'r10', 'r11', 'r12', 'r13', 'r14', 'r15', 'r16', 'r17', 'r18', 'r19', 'r20', 'r21', 'r22', 'r23', 'r24', 'r25', 'r26', 'r27', 'r28', 'r29', 'r30']
Attempting to infer mapping between site names and prior keys...
{'r1': 0, 'r2': 1, 'r3': 2, 'r4': 3, 'r5': 4, 'r6': 5, 'r7': 6, 'r8': 7, 'r9': 8, 'r10': 9, 'r11': 10, 'r12': 11, 'r13': 12, 'r14': 13, 'r15': 14, 'r16': 15, 'r17': 16, 'r18': 17, 'r19': 18, 'r20': 19, 'r21': 20, 'r22': 21, 'r23': 22, 'r24': 23, 'r25': 24, 'r26': 25, 'r27': 26, 'r28': 27, 'r29': 28, 'r30': 29}
Optimizing branch lengths, phi, and nu without topology search
Optimization by EM algorithm
Optimization start with 1 initials
Initial point 1. Random seed: 7677
Numerical optimization started with ultrametric constraint (default)
Initial phi: 0. Initial nu: 0.26955655566205877. Initial nllh: 12718.442356699075
Starting EM iter: 1
Estep
Estep runtime (s): 0.1094057559967041
Mstep
Optimizing phi
Optimizing branch lengths. Current phi: 0. Current nu:0.26955655566205877
Optimizing nu
Mstep runtime (s): 0.38988423347473145
Finished EM iter: 1. Current nllh: 10694.133134391775
Starting EM iter: 2
Estep
Estep runtime (s): 0.1502838134765625
Mstep
Optimizing phi
Optimizing branch lengths. Current phi: 0. Current nu:0.2842233814944852
Optimizing nu
Mstep runtime (s): 0.29009103775024414
Finished EM iter: 2. Current nllh: 10667.685372751957
Starting EM iter: 3
Estep
Estep runtime (s): 0.1476740837097168
Mstep
Optimizing phi
Optimizing branch lengths. Current phi: 0. Current nu:0.28570008934299773
Optimizing nu
Mstep runtime (s): 0.294269323348999
Finished EM iter: 3. Current nllh: 10664.967782754358
Starting EM iter: 4
Estep
Estep runtime (s): 0.14777708053588867
Mstep
Optimizing phi
Optimizing branch lengths. Current phi: 0. Current nu:0.2855277806985643
Optimizing nu
Mstep runtime (s): 0.2903470993041992
Finished EM iter: 4. Current nllh: 10664.705578304603
Starting EM iter: 5
Estep
Estep runtime (s): 0.1487901210784912
Mstep
Optimizing phi
Optimizing branch lengths. Current phi: 0. Current nu:0.2855275198125871
Optimizing nu
Mstep runtime (s): 0.31290292739868164
Finished EM iter: 5. Current nllh: 10664.630150204363
Starting EM iter: 6
Estep
Estep runtime (s): 0.14858388900756836
Mstep
Optimizing phi
Optimizing branch lengths. Current phi: 0. Current nu:0.2856259795534306
Optimizing nu
Mstep runtime (s): 0.2893829345703125
Finished EM iter: 6. Current nllh: 10664.600405043584
Starting EM iter: 7
Estep
Estep runtime (s): 0.15025687217712402
Mstep
Optimizing phi
Optimizing branch lengths. Current phi: 0. Current nu:0.28572884183398717
Optimizing nu
Mstep runtime (s): 0.296097993850708
Finished EM iter: 7. Current nllh: 10664.583053222152
Starting EM iter: 8
Estep
Estep runtime (s): 0.14832496643066406
Mstep
Optimizing phi
Optimizing branch lengths. Current phi: 0. Current nu:0.28581374898293727
Optimizing nu
Mstep runtime (s): 0.27510809898376465
Finished EM iter: 8. Current nllh: 10664.572011522338
Starting EM iter: 9
Estep
Estep runtime (s): 0.14806294441223145
Mstep
Optimizing phi
Optimizing branch lengths. Current phi: 0. Current nu:0.28588089093522945
Optimizing nu
Mstep runtime (s): 0.2731490135192871
Finished EM iter: 9. Current nllh: 10664.564646856816
Starting EM iter: 10
Estep
Estep runtime (s): 0.1482241153717041
Mstep
Optimizing phi
Optimizing branch lengths. Current phi: 0. Current nu:0.28593257858302795
Optimizing nu
Mstep runtime (s): 0.32856011390686035
Finished EM iter: 10. Current nllh: 10664.559564625402
Starting EM iter: 11
Estep
Estep runtime (s): 0.15021300315856934
Mstep
Optimizing phi
Optimizing branch lengths. Current phi: 0. Current nu:0.28597296177120646
Optimizing nu
Mstep runtime (s): 0.28299593925476074
Finished EM iter: 11. Current nllh: 10664.555979006409
Starting EM iter: 12
Estep
Estep runtime (s): 0.15017914772033691
Mstep
Optimizing phi
Optimizing branch lengths. Current phi: 0. Current nu:0.2860043389556602
Optimizing nu
Mstep runtime (s): 0.29790782928466797
Finished EM iter: 12. Current nllh: 10664.553380242827
Starting EM iter: 13
Estep
Estep runtime (s): 0.1482830047607422
Mstep
Optimizing phi
Optimizing branch lengths. Current phi: 0. Current nu:0.2860294498524816
Optimizing nu
Mstep runtime (s): 0.34005093574523926
Finished EM iter: 13. Current nllh: 10664.551449571098
Starting EM iter: 14
Estep
Estep runtime (s): 0.1484689712524414
Mstep
Optimizing phi
Optimizing branch lengths. Current phi: 0. Current nu:0.2860503448428873
Optimizing nu
Mstep runtime (s): 0.2834920883178711
Finished EM iter: 14. Current nllh: 10664.549980234915
Starting EM iter: 15
Estep
Estep runtime (s): 0.14844298362731934
Mstep
Optimizing phi
Optimizing branch lengths. Current phi: 0. Current nu:0.2860676858636159
Optimizing nu
Mstep runtime (s): 0.29192209243774414
Finished EM iter: 15. Current nllh: 10664.548856755908
Starting EM iter: 16
Estep
Estep runtime (s): 0.14849305152893066
Mstep
Optimizing phi
Optimizing branch lengths. Current phi: 0. Current nu:0.2860820754591112
Optimizing nu
Mstep runtime (s): 0.2920200824737549
Finished EM iter: 16. Current nllh: 10664.547983545135
Starting EM iter: 17
Estep
Estep runtime (s): 0.15020203590393066
Mstep
Optimizing phi
Optimizing branch lengths. Current phi: 0. Current nu:0.28609413111813004
Optimizing nu
Mstep runtime (s): 0.29973506927490234
Finished EM iter: 17. Current nllh: 10664.54729464111
Starting EM iter: 18
Estep
Estep runtime (s): 0.14860892295837402
Mstep
Optimizing phi
Optimizing branch lengths. Current phi: 0. Current nu:0.2861043861074914
Optimizing nu
Mstep runtime (s): 0.3304603099822998
Finished EM iter: 18. Current nllh: 10664.546731658374
Starting EM iter: 19
Estep
Estep runtime (s): 0.14972209930419922
Mstep
Optimizing phi
Optimizing branch lengths. Current phi: 0. Current nu:0.2861135909810076
Optimizing nu
Mstep runtime (s): 0.2852611541748047
Finished EM iter: 19. Current nllh: 10664.546285159839
Starting EM iter: 20
Estep
Estep runtime (s): 0.14851665496826172
Mstep
Optimizing phi
Optimizing branch lengths. Current phi: 0. Current nu:0.2861210850405316
Optimizing nu
Mstep runtime (s): 0.3769528865814209
Finished EM iter: 20. Current nllh: 10664.54592531106
Starting EM iter: 21
Estep
Estep runtime (s): 0.14875316619873047
Mstep
Optimizing phi
Optimizing branch lengths. Current phi: 0. Current nu:0.28612757994312954
Optimizing nu
Mstep runtime (s): 0.33745718002319336
Finished EM iter: 21. Current nllh: 10664.545636610865
Starting EM iter: 22
Estep
Estep runtime (s): 0.14834809303283691
Mstep
Optimizing phi
Optimizing branch lengths. Current phi: 0. Current nu:0.2861331134516254
Optimizing nu
Mstep runtime (s): 0.3744499683380127
Finished EM iter: 22. Current nllh: 10664.545436749864
Starting EM iter: 23
Estep
Estep runtime (s): 0.14836382865905762
Mstep
Optimizing phi
Optimizing branch lengths. Current phi: 0. Current nu:0.28613520236024576
Optimizing nu
Mstep runtime (s): 0.288499116897583
Finished EM iter: 23. Current nllh: 10664.54524215218
Starting EM iter: 24
Estep
Estep runtime (s): 0.1482539176940918
Mstep
Optimizing phi
Optimizing branch lengths. Current phi: 0. Current nu:0.2861418828382628
Optimizing nu
Mstep runtime (s): 0.2889578342437744
Finished EM iter: 24. Current nllh: 10664.545022407616
Starting EM iter: 25
Estep
Estep runtime (s): 0.1488351821899414
Mstep
Optimizing phi
Optimizing branch lengths. Current phi: 0. Current nu:0.28614608023783866
Optimizing nu
Mstep runtime (s): 0.2864842414855957
Finished EM iter: 25. Current nllh: 10664.544872172468
Starting EM iter: 26
Estep
Estep runtime (s): 0.14844179153442383
Mstep
Optimizing phi
Optimizing branch lengths. Current phi: 0. Current nu:0.28614938478842095
Optimizing nu
Mstep runtime (s): 0.285869836807251
Finished EM iter: 26. Current nllh: 10664.54474627473
Starting EM iter: 27
Estep
Estep runtime (s): 0.14867305755615234
Mstep
Optimizing phi
Optimizing branch lengths. Current phi: 0. Current nu:0.2861521759473186
Optimizing nu
Mstep runtime (s): 0.3049778938293457
Finished EM iter: 27. Current nllh: 10664.544640865199
EM finished after 27 iterations.
Optimal phi: 0. Optimal nu: 0.28615486713136373. Optimal nllh: 10664.544640865199
Optimal point found for initial point 1
Numerical optimization finished successfully
Tree height pre-scaling: 0.6922223300235963, input timescale: 1.0
Tree height after scaling: 1.0, mutation rate: 0.6922223300235963
Tree height pre-scaling: 0.6922223301887735, input timescale: 1.0
Tree height after scaling: 1.0000000000000002, mutation rate: 0.6922223301887735
Tree height pre-scaling: 0.692222330077419, input timescale: 1.0
Tree height after scaling: 1.0, mutation rate: 0.692222330077419
Tree height pre-scaling: 0.6922223301859107, input timescale: 1.0
Tree height after scaling: 1.0, mutation rate: 0.6922223301859107
Tree height pre-scaling: 0.6922223298958514, input timescale: 1.0
Tree height after scaling: 1.0, mutation rate: 0.6922223298958514
Tree height pre-scaling: 0.6922223300436762, input timescale: 1.0
Tree height after scaling: 0.9999999999999999, mutation rate: 0.6922223300436762
Tree height pre-scaling: 0.6922223301351484, input timescale: 1.0
Tree height after scaling: 0.9999999999999998, mutation rate: 0.6922223301351484
Tree height pre-scaling: 0.6922223301236206, input timescale: 1.0
Tree height after scaling: 1.0, mutation rate: 0.6922223301236206
Tree height pre-scaling: 0.6922223299546575, input timescale: 1.0
Tree height after scaling: 1.0, mutation rate: 0.6922223299546575
Tree height pre-scaling: 0.692222330095684, input timescale: 1.0
Tree height after scaling: 1.0, mutation rate: 0.692222330095684
Tree height pre-scaling: 0.6922223306911395, input timescale: 1.0
Tree height after scaling: 1.0, mutation rate: 0.6922223306911395
Tree height pre-scaling: 0.6922223300948256, input timescale: 1.0
Tree height after scaling: 1.0, mutation rate: 0.6922223300948256
Tree height pre-scaling: 0.6922223302038435, input timescale: 1.0
Tree height after scaling: 0.9999999999999998, mutation rate: 0.6922223302038435
Tree height pre-scaling: 0.6922223300263208, input timescale: 1.0
Tree height after scaling: 1.0, mutation rate: 0.6922223300263208
Tree height pre-scaling: 0.6922223300447505, input timescale: 1.0
Tree height after scaling: 1.0, mutation rate: 0.6922223300447505
Tree height pre-scaling: 0.6922223298686203, input timescale: 1.0
Tree height after scaling: 1.0, mutation rate: 0.6922223298686203
Tree height pre-scaling: 0.6922223301305858, input timescale: 1.0
Tree height after scaling: 1.0, mutation rate: 0.6922223301305858
Runtime (s): 13.653682042
