Launching LAML version 0.0.4
LAML was called as follows: /Users/uym2/my_gits/LAML/run_laml.py -c ../../evaluation/Bar10/Bar10_character_matrix.txt -t place_outlier2/augmented_tree_267.nwk -o place_outlier2/augmented_tree_267_optimized -v -p ../../evaluation/Bar10/Bar10_priors.pickle --delimiter tab -m -1 --nInitials 1
Prior keys mismatch with site names.
Prior keys: [0, 1, 2, 3, 4, 5, 6, 7, 8, 9, 10, 11, 12, 13, 14, 15, 16, 17, 18, 19, 20, 21, 22, 23, 24, 25, 26, 27, 28, 29]
Site names: ['r1', 'r2', 'r3', 'r4', 'r5', 'r6', 'r7', 'r8', 'r9', 'r10', 'r11', 'r12', 'r13', 'r14', 'r15', 'r16', 'r17', 'r18', 'r19', 'r20', 'r21', 'r22', 'r23', 'r24', 'r25', 'r26', 'r27', 'r28', 'r29', 'r30']
Attempting to infer mapping between site names and prior keys...
{'r1': 0, 'r2': 1, 'r3': 2, 'r4': 3, 'r5': 4, 'r6': 5, 'r7': 6, 'r8': 7, 'r9': 8, 'r10': 9, 'r11': 10, 'r12': 11, 'r13': 12, 'r14': 13, 'r15': 14, 'r16': 15, 'r17': 16, 'r18': 17, 'r19': 18, 'r20': 19, 'r21': 20, 'r22': 21, 'r23': 22, 'r24': 23, 'r25': 24, 'r26': 25, 'r27': 26, 'r28': 27, 'r29': 28, 'r30': 29}
Optimizing branch lengths, phi, and nu without topology search
Optimization by EM algorithm
Optimization start with 1 initials
Initial point 1. Random seed: 533
Numerical optimization started with ultrametric constraint (default)
Initial phi: 0. Initial nu: 0.26955655566205877. Initial nllh: 13057.716102852255
Starting EM iter: 1
Estep
Estep runtime (s): 0.11168313026428223
Mstep
Optimizing phi
Optimizing branch lengths. Current phi: 0. Current nu:0.26955655566205877
Optimizing nu
Mstep runtime (s): 0.31734800338745117
Finished EM iter: 1. Current nllh: 10817.352953296986
Starting EM iter: 2
Estep
Estep runtime (s): 0.15300297737121582
Mstep
Optimizing phi
Optimizing branch lengths. Current phi: 0. Current nu:0.28152602295895796
Optimizing nu
Mstep runtime (s): 0.28826284408569336
Finished EM iter: 2. Current nllh: 10793.428872003014
Starting EM iter: 3
Estep
Estep runtime (s): 0.154188871383667
Mstep
Optimizing phi
Optimizing branch lengths. Current phi: 0. Current nu:0.2825382087871124
Optimizing nu
Mstep runtime (s): 0.30532097816467285
Finished EM iter: 3. Current nllh: 10791.824148394444
Starting EM iter: 4
Estep
Estep runtime (s): 0.15285181999206543
Mstep
Optimizing phi
Optimizing branch lengths. Current phi: 0. Current nu:0.28246370410201843
Optimizing nu
Mstep runtime (s): 0.30220913887023926
Finished EM iter: 4. Current nllh: 10791.617528876679
Starting EM iter: 5
Estep
Estep runtime (s): 0.1521620750427246
Mstep
Optimizing phi
Optimizing branch lengths. Current phi: 0. Current nu:0.2825588500020004
Optimizing nu
Mstep runtime (s): 0.29888176918029785
Finished EM iter: 5. Current nllh: 10791.5462189065
Starting EM iter: 6
Estep
Estep runtime (s): 0.15178704261779785
Mstep
Optimizing phi
Optimizing branch lengths. Current phi: 0. Current nu:0.2826952502745596
Optimizing nu
Mstep runtime (s): 0.28199219703674316
Finished EM iter: 6. Current nllh: 10791.516697316887
Starting EM iter: 7
Estep
Estep runtime (s): 0.1522541046142578
Mstep
Optimizing phi
Optimizing branch lengths. Current phi: 0. Current nu:0.28280956305055294
Optimizing nu
Mstep runtime (s): 0.2734200954437256
Finished EM iter: 7. Current nllh: 10791.499369556886
Starting EM iter: 8
Estep
Estep runtime (s): 0.1527552604675293
Mstep
Optimizing phi
Optimizing branch lengths. Current phi: 0. Current nu:0.2828978652884103
Optimizing nu
Mstep runtime (s): 0.27750587463378906
Finished EM iter: 8. Current nllh: 10791.488441661011
Starting EM iter: 9
Estep
Estep runtime (s): 0.15467596054077148
Mstep
Optimizing phi
Optimizing branch lengths. Current phi: 0. Current nu:0.28296441049980325
Optimizing nu
Mstep runtime (s): 0.28017711639404297
Finished EM iter: 9. Current nllh: 10791.481221728876
Starting EM iter: 10
Estep
Estep runtime (s): 0.15300202369689941
Mstep
Optimizing phi
Optimizing branch lengths. Current phi: 0. Current nu:0.28301516656102677
Optimizing nu
Mstep runtime (s): 0.28006911277770996
Finished EM iter: 10. Current nllh: 10791.476274260258
Starting EM iter: 11
Estep
Estep runtime (s): 0.15482306480407715
Mstep
Optimizing phi
Optimizing branch lengths. Current phi: 0. Current nu:0.28305467287104646
Optimizing nu
Mstep runtime (s): 0.28946685791015625
Finished EM iter: 11. Current nllh: 10791.472792765984
Starting EM iter: 12
Estep
Estep runtime (s): 0.15289664268493652
Mstep
Optimizing phi
Optimizing branch lengths. Current phi: 0. Current nu:0.2830855827783303
Optimizing nu
Mstep runtime (s): 0.3044400215148926
Finished EM iter: 12. Current nllh: 10791.470283016646
Starting EM iter: 13
Estep
Estep runtime (s): 0.1533820629119873
Mstep
Optimizing phi
Optimizing branch lengths. Current phi: 0. Current nu:0.28311041910595225
Optimizing nu
Mstep runtime (s): 0.31442809104919434
Finished EM iter: 13. Current nllh: 10791.468425191973
Starting EM iter: 14
Estep
Estep runtime (s): 0.15507912635803223
Mstep
Optimizing phi
Optimizing branch lengths. Current phi: 0. Current nu:0.28313090202558117
Optimizing nu
Mstep runtime (s): 0.2914309501647949
Finished EM iter: 14. Current nllh: 10791.467030299318
Starting EM iter: 15
Estep
Estep runtime (s): 0.15395689010620117
Mstep
Optimizing phi
Optimizing branch lengths. Current phi: 0. Current nu:0.28314770732268435
Optimizing nu
Mstep runtime (s): 0.3435649871826172
Finished EM iter: 15. Current nllh: 10791.46595204163
Starting EM iter: 16
Estep
Estep runtime (s): 0.1538219451904297
Mstep
Optimizing phi
Optimizing branch lengths. Current phi: 0. Current nu:0.28316208737604504
Optimizing nu
Mstep runtime (s): 0.314208984375
Finished EM iter: 16. Current nllh: 10791.465131333933
Starting EM iter: 17
Estep
Estep runtime (s): 0.15531086921691895
Mstep
Optimizing phi
Optimizing branch lengths. Current phi: 0. Current nu:0.2831735059210495
Optimizing nu
Mstep runtime (s): 0.300961971282959
Finished EM iter: 17. Current nllh: 10791.464493588319
Starting EM iter: 18
Estep
Estep runtime (s): 0.15390396118164062
Mstep
Optimizing phi
Optimizing branch lengths. Current phi: 0. Current nu:0.28318340308182854
Optimizing nu
Mstep runtime (s): 0.31888318061828613
Finished EM iter: 18. Current nllh: 10791.464009435726
Starting EM iter: 19
Estep
Estep runtime (s): 0.15550494194030762
Mstep
Optimizing phi
Optimizing branch lengths. Current phi: 0. Current nu:0.2831894188057463
Optimizing nu
Mstep runtime (s): 0.3262608051300049
Finished EM iter: 19. Current nllh: 10791.463627928279
Starting EM iter: 20
Estep
Estep runtime (s): 0.15284204483032227
Mstep
Optimizing phi
Optimizing branch lengths. Current phi: 0. Current nu:0.283198241480546
Optimizing nu
Mstep runtime (s): 0.28879714012145996
Finished EM iter: 20. Current nllh: 10791.463247062386
Starting EM iter: 21
Estep
Estep runtime (s): 0.15568304061889648
Mstep
Optimizing phi
Optimizing branch lengths. Current phi: 0. Current nu:0.28320527515880767
Optimizing nu
Mstep runtime (s): 0.3041820526123047
Finished EM iter: 21. Current nllh: 10791.462958438162
Starting EM iter: 22
Estep
Estep runtime (s): 0.15259194374084473
Mstep
Optimizing phi
Optimizing branch lengths. Current phi: 0. Current nu:0.28321064991895994
Optimizing nu
Mstep runtime (s): 0.28752899169921875
Finished EM iter: 22. Current nllh: 10791.46273013811
Starting EM iter: 23
Estep
Estep runtime (s): 0.1555161476135254
Mstep
Optimizing phi
Optimizing branch lengths. Current phi: 0. Current nu:0.28321540473131707
Optimizing nu
Mstep runtime (s): 0.29737281799316406
Finished EM iter: 23. Current nllh: 10791.462543544076
Starting EM iter: 24
Estep
Estep runtime (s): 0.15279912948608398
Mstep
Optimizing phi
Optimizing branch lengths. Current phi: 0. Current nu:0.28321936088855726
Optimizing nu
Mstep runtime (s): 0.2769339084625244
Finished EM iter: 24. Current nllh: 10791.462392356221
Starting EM iter: 25
Estep
Estep runtime (s): 0.15570998191833496
Mstep
Optimizing phi
Optimizing branch lengths. Current phi: 0. Current nu:0.2832228581325696
Optimizing nu
Mstep runtime (s): 0.32074713706970215
Finished EM iter: 25. Current nllh: 10791.462264261125
Starting EM iter: 26
Estep
Estep runtime (s): 0.15425467491149902
Mstep
Optimizing phi
Optimizing branch lengths. Current phi: 0. Current nu:0.2832257654591534
Optimizing nu
Mstep runtime (s): 0.28777027130126953
Finished EM iter: 26. Current nllh: 10791.46216323548
EM finished after 26 iterations.
Optimal phi: 0. Optimal nu: 0.2832283240959361. Optimal nllh: 10791.46216323548
Optimal point found for initial point 1
Numerical optimization finished successfully
Tree height pre-scaling: 0.6909079077311618, input timescale: 1.0
Tree height after scaling: 1.0, mutation rate: 0.6909079077311618
Tree height pre-scaling: 0.6909079085219829, input timescale: 1.0
Tree height after scaling: 0.9999999999999999, mutation rate: 0.6909079085219829
Tree height pre-scaling: 0.6909079080319362, input timescale: 1.0
Tree height after scaling: 0.9999999999999999, mutation rate: 0.6909079080319362
Tree height pre-scaling: 0.6909079084835736, input timescale: 1.0
Tree height after scaling: 1.0, mutation rate: 0.6909079084835736
Tree height pre-scaling: 0.6909079071820651, input timescale: 1.0
Tree height after scaling: 1.0000000000000002, mutation rate: 0.6909079071820651
Tree height pre-scaling: 0.6909079108431055, input timescale: 1.0
Tree height after scaling: 1.0, mutation rate: 0.6909079108431055
Tree height pre-scaling: 0.6909079080987781, input timescale: 1.0
Tree height after scaling: 1.0, mutation rate: 0.6909079080987781
Tree height pre-scaling: 0.6909079086454408, input timescale: 1.0
Tree height after scaling: 1.0, mutation rate: 0.6909079086454408
Tree height pre-scaling: 0.690907907718461, input timescale: 1.0
Tree height after scaling: 1.0, mutation rate: 0.690907907718461
Tree height pre-scaling: 0.6909079078535635, input timescale: 1.0
Tree height after scaling: 1.0, mutation rate: 0.6909079078535635
Tree height pre-scaling: 0.690907907005894, input timescale: 1.0
Tree height after scaling: 1.0000000000000002, mutation rate: 0.690907907005894
Tree height pre-scaling: 0.6909079083826182, input timescale: 1.0
Tree height after scaling: 1.0, mutation rate: 0.6909079083826182
Tree height pre-scaling: 0.6909079084593737, input timescale: 1.0
Tree height after scaling: 1.0, mutation rate: 0.6909079084593737
Tree height pre-scaling: 0.6909079075781175, input timescale: 1.0
Tree height after scaling: 1.0, mutation rate: 0.6909079075781175
Tree height pre-scaling: 0.6909079081456799, input timescale: 1.0
Tree height after scaling: 1.0, mutation rate: 0.6909079081456799
Tree height pre-scaling: 0.6909079079564797, input timescale: 1.0
Tree height after scaling: 1.0, mutation rate: 0.6909079079564797
Tree height pre-scaling: 0.6909079069937425, input timescale: 1.0
Tree height after scaling: 1.0, mutation rate: 0.6909079069937425
Runtime (s): 13.128801500000002
