Launching LAML version 0.0.4
LAML was called as follows: /Users/uym2/my_gits/LAML/run_laml.py -c ../../evaluation/Bar10/Bar10_character_matrix.txt -t place_outlier2/augmented_tree_167.nwk -o place_outlier2/augmented_tree_167_optimized -v -p ../../evaluation/Bar10/Bar10_priors.pickle --delimiter tab -m -1 --nInitials 1
Prior keys mismatch with site names.
Prior keys: [0, 1, 2, 3, 4, 5, 6, 7, 8, 9, 10, 11, 12, 13, 14, 15, 16, 17, 18, 19, 20, 21, 22, 23, 24, 25, 26, 27, 28, 29]
Site names: ['r1', 'r2', 'r3', 'r4', 'r5', 'r6', 'r7', 'r8', 'r9', 'r10', 'r11', 'r12', 'r13', 'r14', 'r15', 'r16', 'r17', 'r18', 'r19', 'r20', 'r21', 'r22', 'r23', 'r24', 'r25', 'r26', 'r27', 'r28', 'r29', 'r30']
Attempting to infer mapping between site names and prior keys...
{'r1': 0, 'r2': 1, 'r3': 2, 'r4': 3, 'r5': 4, 'r6': 5, 'r7': 6, 'r8': 7, 'r9': 8, 'r10': 9, 'r11': 10, 'r12': 11, 'r13': 12, 'r14': 13, 'r15': 14, 'r16': 15, 'r17': 16, 'r18': 17, 'r19': 18, 'r20': 19, 'r21': 20, 'r22': 21, 'r23': 22, 'r24': 23, 'r25': 24, 'r26': 25, 'r27': 26, 'r28': 27, 'r29': 28, 'r30': 29}
Optimizing branch lengths, phi, and nu without topology search
Optimization by EM algorithm
Optimization start with 1 initials
Initial point 1. Random seed: 2281
Numerical optimization started with ultrametric constraint (default)
Initial phi: 0. Initial nu: 0.26955655566205877. Initial nllh: 12846.444152907998
Starting EM iter: 1
Estep
Estep runtime (s): 0.10904407501220703
Mstep
Optimizing phi
Optimizing branch lengths. Current phi: 0. Current nu:0.26955655566205877
Optimizing nu
Mstep runtime (s): 0.3063039779663086
Finished EM iter: 1. Current nllh: 10643.277004216452
Starting EM iter: 2
Estep
Estep runtime (s): 0.14579987525939941
Mstep
Optimizing phi
Optimizing branch lengths. Current phi: 0. Current nu:0.2873871402637345
Optimizing nu
Mstep runtime (s): 0.28620219230651855
Finished EM iter: 2. Current nllh: 10612.837642441758
Starting EM iter: 3
Estep
Estep runtime (s): 0.14606499671936035
Mstep
Optimizing phi
Optimizing branch lengths. Current phi: 0. Current nu:0.2893927533850381
Optimizing nu
Mstep runtime (s): 0.286639928817749
Finished EM iter: 3. Current nllh: 10609.72400035665
Starting EM iter: 4
Estep
Estep runtime (s): 0.14620494842529297
Mstep
Optimizing phi
Optimizing branch lengths. Current phi: 0. Current nu:0.2891727772200504
Optimizing nu
Mstep runtime (s): 0.2931230068206787
Finished EM iter: 4. Current nllh: 10609.45340938887
Starting EM iter: 5
Estep
Estep runtime (s): 0.14617323875427246
Mstep
Optimizing phi
Optimizing branch lengths. Current phi: 0. Current nu:0.28913490319518126
Optimizing nu
Mstep runtime (s): 0.29363203048706055
Finished EM iter: 5. Current nllh: 10609.377762525164
Starting EM iter: 6
Estep
Estep runtime (s): 0.14893293380737305
Mstep
Optimizing phi
Optimizing branch lengths. Current phi: 0. Current nu:0.2892235440107773
Optimizing nu
Mstep runtime (s): 0.3826320171356201
Finished EM iter: 6. Current nllh: 10609.34754433406
Starting EM iter: 7
Estep
Estep runtime (s): 0.14635372161865234
Mstep
Optimizing phi
Optimizing branch lengths. Current phi: 0. Current nu:0.28932530109227145
Optimizing nu
Mstep runtime (s): 0.29488205909729004
Finished EM iter: 7. Current nllh: 10609.32970885207
Starting EM iter: 8
Estep
Estep runtime (s): 0.14644098281860352
Mstep
Optimizing phi
Optimizing branch lengths. Current phi: 0. Current nu:0.28941233777326625
Optimizing nu
Mstep runtime (s): 0.2824692726135254
Finished EM iter: 8. Current nllh: 10609.318278903393
Starting EM iter: 9
Estep
Estep runtime (s): 0.14617109298706055
Mstep
Optimizing phi
Optimizing branch lengths. Current phi: 0. Current nu:0.2894809396317556
Optimizing nu
Mstep runtime (s): 0.33142518997192383
Finished EM iter: 9. Current nllh: 10609.310582868744
Starting EM iter: 10
Estep
Estep runtime (s): 0.14654302597045898
Mstep
Optimizing phi
Optimizing branch lengths. Current phi: 0. Current nu:0.28953316856721173
Optimizing nu
Mstep runtime (s): 0.35379886627197266
Finished EM iter: 10. Current nllh: 10609.305268816443
Starting EM iter: 11
Estep
Estep runtime (s): 0.1463019847869873
Mstep
Optimizing phi
Optimizing branch lengths. Current phi: 0. Current nu:0.28957361400360376
Optimizing nu
Mstep runtime (s): 0.3188190460205078
Finished EM iter: 11. Current nllh: 10609.301554670923
Starting EM iter: 12
Estep
Estep runtime (s): 0.14641475677490234
Mstep
Optimizing phi
Optimizing branch lengths. Current phi: 0. Current nu:0.2896076106032446
Optimizing nu
Mstep runtime (s): 0.30130529403686523
Finished EM iter: 12. Current nllh: 10609.29877496957
Starting EM iter: 13
Estep
Estep runtime (s): 0.15032696723937988
Mstep
Optimizing phi
Optimizing branch lengths. Current phi: 0. Current nu:0.28963418458181434
Optimizing nu
Mstep runtime (s): 0.36446285247802734
Finished EM iter: 13. Current nllh: 10609.296724529666
Starting EM iter: 14
Estep
Estep runtime (s): 0.1478738784790039
Mstep
Optimizing phi
Optimizing branch lengths. Current phi: 0. Current nu:0.2896556077979997
Optimizing nu
Mstep runtime (s): 0.3332369327545166
Finished EM iter: 14. Current nllh: 10609.295159783589
Starting EM iter: 15
Estep
Estep runtime (s): 0.14674711227416992
Mstep
Optimizing phi
Optimizing branch lengths. Current phi: 0. Current nu:0.28967384471057817
Optimizing nu
Mstep runtime (s): 0.31398606300354004
Finished EM iter: 15. Current nllh: 10609.293963419666
Starting EM iter: 16
Estep
Estep runtime (s): 0.1468353271484375
Mstep
Optimizing phi
Optimizing branch lengths. Current phi: 0. Current nu:0.28968855442517105
Optimizing nu
Mstep runtime (s): 0.3306088447570801
Finished EM iter: 16. Current nllh: 10609.29302422442
Starting EM iter: 17
Estep
Estep runtime (s): 0.146744966506958
Mstep
Optimizing phi
Optimizing branch lengths. Current phi: 0. Current nu:0.2897013983531273
Optimizing nu
Mstep runtime (s): 0.34662818908691406
Finished EM iter: 17. Current nllh: 10609.292221770878
Starting EM iter: 18
Estep
Estep runtime (s): 0.14681339263916016
Mstep
Optimizing phi
Optimizing branch lengths. Current phi: 0. Current nu:0.28971146950409765
Optimizing nu
Mstep runtime (s): 0.2804429531097412
Finished EM iter: 18. Current nllh: 10609.291698352226
Starting EM iter: 19
Estep
Estep runtime (s): 0.1470029354095459
Mstep
Optimizing phi
Optimizing branch lengths. Current phi: 0. Current nu:0.28972136774591223
Optimizing nu
Mstep runtime (s): 0.28159308433532715
Finished EM iter: 19. Current nllh: 10609.29119445556
Starting EM iter: 20
Estep
Estep runtime (s): 0.1467430591583252
Mstep
Optimizing phi
Optimizing branch lengths. Current phi: 0. Current nu:0.28972981581650875
Optimizing nu
Mstep runtime (s): 0.3110620975494385
Finished EM iter: 20. Current nllh: 10609.290805402135
Starting EM iter: 21
Estep
Estep runtime (s): 0.14685893058776855
Mstep
Optimizing phi
Optimizing branch lengths. Current phi: 0. Current nu:0.2897364289612178
Optimizing nu
Mstep runtime (s): 0.3246738910675049
Finished EM iter: 21. Current nllh: 10609.290329497759
Starting EM iter: 22
Estep
Estep runtime (s): 0.14719915390014648
Mstep
Optimizing phi
Optimizing branch lengths. Current phi: 0. Current nu:0.28974222779062514
Optimizing nu
Mstep runtime (s): 0.31220579147338867
Finished EM iter: 22. Current nllh: 10609.29004590733
Starting EM iter: 23
Estep
Estep runtime (s): 0.14697027206420898
Mstep
Optimizing phi
Optimizing branch lengths. Current phi: 0. Current nu:0.2897482443878548
Optimizing nu
Mstep runtime (s): 0.29197001457214355
Finished EM iter: 23. Current nllh: 10609.289977039669
EM finished after 23 iterations.
Optimal phi: 0. Optimal nu: 0.28975278416289646. Optimal nllh: 10609.289977039669
Optimal point found for initial point 1
Numerical optimization finished successfully
Tree height pre-scaling: 0.6919122471815925, input timescale: 1.0
Tree height after scaling: 1.0, mutation rate: 0.6919122471815925
Tree height pre-scaling: 0.691912247476515, input timescale: 1.0
Tree height after scaling: 1.0, mutation rate: 0.691912247476515
Tree height pre-scaling: 0.6919122472932168, input timescale: 1.0
Tree height after scaling: 1.0, mutation rate: 0.6919122472932168
Tree height pre-scaling: 0.691912247527707, input timescale: 1.0
Tree height after scaling: 1.0, mutation rate: 0.691912247527707
Tree height pre-scaling: 0.6919122469185685, input timescale: 1.0
Tree height after scaling: 0.9999999999999999, mutation rate: 0.6919122469185685
Tree height pre-scaling: 0.6919122472209017, input timescale: 1.0
Tree height after scaling: 1.0, mutation rate: 0.6919122472209017
Tree height pre-scaling: 0.6919122474078295, input timescale: 1.0
Tree height after scaling: 1.0, mutation rate: 0.6919122474078295
Tree height pre-scaling: 0.6919122473746664, input timescale: 1.0
Tree height after scaling: 1.0, mutation rate: 0.6919122473746664
Tree height pre-scaling: 0.6919122470371549, input timescale: 1.0
Tree height after scaling: 1.0, mutation rate: 0.6919122470371549
Tree height pre-scaling: 0.6919122473239355, input timescale: 1.0
Tree height after scaling: 1.0, mutation rate: 0.6919122473239355
Tree height pre-scaling: 0.6919122484746036, input timescale: 1.0
Tree height after scaling: 1.0000000000000002, mutation rate: 0.6919122484746036
Tree height pre-scaling: 0.6919122473473353, input timescale: 1.0
Tree height after scaling: 1.0, mutation rate: 0.6919122473473353
Tree height pre-scaling: 0.6919122475435404, input timescale: 1.0
Tree height after scaling: 1.0, mutation rate: 0.6919122475435404
Tree height pre-scaling: 0.691912247184623, input timescale: 1.0
Tree height after scaling: 1.0, mutation rate: 0.691912247184623
Tree height pre-scaling: 0.6919122472369572, input timescale: 1.0
Tree height after scaling: 1.0, mutation rate: 0.6919122472369572
Tree height pre-scaling: 0.6919122468770964, input timescale: 1.0
Tree height after scaling: 1.0, mutation rate: 0.6919122468770964
Tree height pre-scaling: 0.6919122477834734, input timescale: 1.0
Tree height after scaling: 1.0, mutation rate: 0.6919122477834734
Runtime (s): 11.784532208
