Launching LAML version 0.0.4
LAML was called as follows: /Users/uym2/my_gits/LAML/run_laml.py -c ../../evaluation/Bar10/Bar10_character_matrix.txt -t place_outlier2/augmented_tree_214.nwk -o place_outlier2/augmented_tree_214_optimized -v -p ../../evaluation/Bar10/Bar10_priors.pickle --delimiter tab -m -1 --nInitials 1
Prior keys mismatch with site names.
Prior keys: [0, 1, 2, 3, 4, 5, 6, 7, 8, 9, 10, 11, 12, 13, 14, 15, 16, 17, 18, 19, 20, 21, 22, 23, 24, 25, 26, 27, 28, 29]
Site names: ['r1', 'r2', 'r3', 'r4', 'r5', 'r6', 'r7', 'r8', 'r9', 'r10', 'r11', 'r12', 'r13', 'r14', 'r15', 'r16', 'r17', 'r18', 'r19', 'r20', 'r21', 'r22', 'r23', 'r24', 'r25', 'r26', 'r27', 'r28', 'r29', 'r30']
Attempting to infer mapping between site names and prior keys...
{'r1': 0, 'r2': 1, 'r3': 2, 'r4': 3, 'r5': 4, 'r6': 5, 'r7': 6, 'r8': 7, 'r9': 8, 'r10': 9, 'r11': 10, 'r12': 11, 'r13': 12, 'r14': 13, 'r15': 14, 'r16': 15, 'r17': 16, 'r18': 17, 'r19': 18, 'r20': 19, 'r21': 20, 'r22': 21, 'r23': 22, 'r24': 23, 'r25': 24, 'r26': 25, 'r27': 26, 'r28': 27, 'r29': 28, 'r30': 29}
Optimizing branch lengths, phi, and nu without topology search
Optimization by EM algorithm
Optimization start with 1 initials
Initial point 1. Random seed: 854
Numerical optimization started with ultrametric constraint (default)
Initial phi: 0. Initial nu: 0.26955655566205877. Initial nllh: 13305.578335788263
Starting EM iter: 1
Estep
Estep runtime (s): 0.11304521560668945
Mstep
Optimizing phi
Optimizing branch lengths. Current phi: 0. Current nu:0.26955655566205877
Optimizing nu
Mstep runtime (s): 0.3265981674194336
Finished EM iter: 1. Current nllh: 10891.8298192769
Starting EM iter: 2
Estep
Estep runtime (s): 0.1495523452758789
Mstep
Optimizing phi
Optimizing branch lengths. Current phi: 0. Current nu:0.2775849789310962
Optimizing nu
Mstep runtime (s): 0.3590657711029053
Finished EM iter: 2. Current nllh: 10866.04291427503
Starting EM iter: 3
Estep
Estep runtime (s): 0.14702415466308594
Mstep
Optimizing phi
Optimizing branch lengths. Current phi: 0. Current nu:0.2771383083303261
Optimizing nu
Mstep runtime (s): 0.27963709831237793
Finished EM iter: 3. Current nllh: 10862.790968839756
Starting EM iter: 4
Estep
Estep runtime (s): 0.14726805686950684
Mstep
Optimizing phi
Optimizing branch lengths. Current phi: 0. Current nu:0.2760734302142806
Optimizing nu
Mstep runtime (s): 0.2851898670196533
Finished EM iter: 4. Current nllh: 10862.440284711422
Starting EM iter: 5
Estep
Estep runtime (s): 0.14977216720581055
Mstep
Optimizing phi
Optimizing branch lengths. Current phi: 0. Current nu:0.2756185570288017
Optimizing nu
Mstep runtime (s): 0.43475890159606934
Finished EM iter: 5. Current nllh: 10862.376999215729
Starting EM iter: 6
Estep
Estep runtime (s): 0.14713501930236816
Mstep
Optimizing phi
Optimizing branch lengths. Current phi: 0. Current nu:0.27554685758357195
Optimizing nu
Mstep runtime (s): 0.2980778217315674
Finished EM iter: 6. Current nllh: 10862.352961484943
Starting EM iter: 7
Estep
Estep runtime (s): 0.1474440097808838
Mstep
Optimizing phi
Optimizing branch lengths. Current phi: 0. Current nu:0.2755899830533806
Optimizing nu
Mstep runtime (s): 0.3303029537200928
Finished EM iter: 7. Current nllh: 10862.337993670639
Starting EM iter: 8
Estep
Estep runtime (s): 0.14728784561157227
Mstep
Optimizing phi
Optimizing branch lengths. Current phi: 0. Current nu:0.2756531177268559
Optimizing nu
Mstep runtime (s): 0.3166782855987549
Finished EM iter: 8. Current nllh: 10862.328154157345
Starting EM iter: 9
Estep
Estep runtime (s): 0.14717793464660645
Mstep
Optimizing phi
Optimizing branch lengths. Current phi: 0. Current nu:0.27571019706689515
Optimizing nu
Mstep runtime (s): 0.27997493743896484
Finished EM iter: 9. Current nllh: 10862.32153619815
Starting EM iter: 10
Estep
Estep runtime (s): 0.14808273315429688
Mstep
Optimizing phi
Optimizing branch lengths. Current phi: 0. Current nu:0.2757561336088853
Optimizing nu
Mstep runtime (s): 0.2960391044616699
Finished EM iter: 10. Current nllh: 10862.316988701687
Starting EM iter: 11
Estep
Estep runtime (s): 0.14746594429016113
Mstep
Optimizing phi
Optimizing branch lengths. Current phi: 0. Current nu:0.2757924412455049
Optimizing nu
Mstep runtime (s): 0.2923572063446045
Finished EM iter: 11. Current nllh: 10862.31379786179
Starting EM iter: 12
Estep
Estep runtime (s): 0.15005707740783691
Mstep
Optimizing phi
Optimizing branch lengths. Current phi: 0. Current nu:0.2758211303258692
Optimizing nu
Mstep runtime (s): 0.2835111618041992
Finished EM iter: 12. Current nllh: 10862.311498828141
Starting EM iter: 13
Estep
Estep runtime (s): 0.1501009464263916
Mstep
Optimizing phi
Optimizing branch lengths. Current phi: 0. Current nu:0.27584412066892144
Optimizing nu
Mstep runtime (s): 0.295928955078125
Finished EM iter: 13. Current nllh: 10862.309811846748
Starting EM iter: 14
Estep
Estep runtime (s): 0.14766693115234375
Mstep
Optimizing phi
Optimizing branch lengths. Current phi: 0. Current nu:0.2758629103036976
Optimizing nu
Mstep runtime (s): 0.30637526512145996
Finished EM iter: 14. Current nllh: 10862.308548039953
Starting EM iter: 15
Estep
Estep runtime (s): 0.14766693115234375
Mstep
Optimizing phi
Optimizing branch lengths. Current phi: 0. Current nu:0.2758784637405088
Optimizing nu
Mstep runtime (s): 0.3276989459991455
Finished EM iter: 15. Current nllh: 10862.307466508995
Starting EM iter: 16
Estep
Estep runtime (s): 0.14977788925170898
Mstep
Optimizing phi
Optimizing branch lengths. Current phi: 0. Current nu:0.27589075895737125
Optimizing nu
Mstep runtime (s): 0.3816828727722168
Finished EM iter: 16. Current nllh: 10862.30680152293
Starting EM iter: 17
Estep
Estep runtime (s): 0.14911890029907227
Mstep
Optimizing phi
Optimizing branch lengths. Current phi: 0. Current nu:0.2759017257304968
Optimizing nu
Mstep runtime (s): 0.33066320419311523
Finished EM iter: 17. Current nllh: 10862.306209916162
Starting EM iter: 18
Estep
Estep runtime (s): 0.14772725105285645
Mstep
Optimizing phi
Optimizing branch lengths. Current phi: 0. Current nu:0.27591089012903464
Optimizing nu
Mstep runtime (s): 0.2848358154296875
Finished EM iter: 18. Current nllh: 10862.305805392894
Starting EM iter: 19
Estep
Estep runtime (s): 0.15058207511901855
Mstep
Optimizing phi
Optimizing branch lengths. Current phi: 0. Current nu:0.27591883053693117
Optimizing nu
Mstep runtime (s): 0.30890583992004395
Finished EM iter: 19. Current nllh: 10862.305438788608
Starting EM iter: 20
Estep
Estep runtime (s): 0.1495521068572998
Mstep
Optimizing phi
Optimizing branch lengths. Current phi: 0. Current nu:0.27592521886718574
Optimizing nu
Mstep runtime (s): 0.31828808784484863
Finished EM iter: 20. Current nllh: 10862.305056239276
Starting EM iter: 21
Estep
Estep runtime (s): 0.14784502983093262
Mstep
Optimizing phi
Optimizing branch lengths. Current phi: 0. Current nu:0.27592951415549477
Optimizing nu
Mstep runtime (s): 0.2848479747772217
Finished EM iter: 21. Current nllh: 10862.304942593624
Starting EM iter: 22
Estep
Estep runtime (s): 0.14753508567810059
Mstep
Optimizing phi
Optimizing branch lengths. Current phi: 0. Current nu:0.2759350834612798
Optimizing nu
Mstep runtime (s): 0.28849101066589355
Finished EM iter: 22. Current nllh: 10862.304724643302
Starting EM iter: 23
Estep
Estep runtime (s): 0.1477968692779541
Mstep
Optimizing phi
Optimizing branch lengths. Current phi: 0. Current nu:0.275939309409916
Optimizing nu
Mstep runtime (s): 0.33742380142211914
Finished EM iter: 23. Current nllh: 10862.304568879546
Starting EM iter: 24
Estep
Estep runtime (s): 0.1476123332977295
Mstep
Optimizing phi
Optimizing branch lengths. Current phi: 0. Current nu:0.27594241808774883
Optimizing nu
Mstep runtime (s): 0.30120396614074707
Finished EM iter: 24. Current nllh: 10862.304432620356
Starting EM iter: 25
Estep
Estep runtime (s): 0.14994597434997559
Mstep
Optimizing phi
Optimizing branch lengths. Current phi: 0. Current nu:0.27594553727598226
Optimizing nu
Mstep runtime (s): 0.2996819019317627
Finished EM iter: 25. Current nllh: 10862.304314360832
Starting EM iter: 26
Estep
Estep runtime (s): 0.14910101890563965
Mstep
Optimizing phi
Optimizing branch lengths. Current phi: 0. Current nu:0.27594826572507986
Optimizing nu
Mstep runtime (s): 0.300922155380249
Finished EM iter: 26. Current nllh: 10862.304222137318
EM finished after 26 iterations.
Optimal phi: 0. Optimal nu: 0.27595034252650563. Optimal nllh: 10862.304222137318
Optimal point found for initial point 1
Numerical optimization finished successfully
Tree height pre-scaling: 0.7027735215057433, input timescale: 1.0
Tree height after scaling: 1.0000000000000002, mutation rate: 0.7027735215057433
Tree height pre-scaling: 0.7027735216614004, input timescale: 1.0
Tree height after scaling: 1.0, mutation rate: 0.7027735216614004
Tree height pre-scaling: 0.7027735215586809, input timescale: 1.0
Tree height after scaling: 0.9999999999999998, mutation rate: 0.7027735215586809
Tree height pre-scaling: 0.7027735216889954, input timescale: 1.0
Tree height after scaling: 1.0, mutation rate: 0.7027735216889954
Tree height pre-scaling: 0.7027735213642707, input timescale: 1.0
Tree height after scaling: 1.0, mutation rate: 0.7027735213642707
Tree height pre-scaling: 0.702773521521998, input timescale: 1.0
Tree height after scaling: 1.0, mutation rate: 0.702773521521998
Tree height pre-scaling: 0.7027735216233271, input timescale: 1.0
Tree height after scaling: 1.0, mutation rate: 0.7027735216233271
Tree height pre-scaling: 0.7027735215997133, input timescale: 1.0
Tree height after scaling: 1.0, mutation rate: 0.7027735215997133
Tree height pre-scaling: 0.702773522141111, input timescale: 1.0
Tree height after scaling: 1.0, mutation rate: 0.702773522141111
Tree height pre-scaling: 0.7027735215894695, input timescale: 1.0
Tree height after scaling: 0.9999999999999999, mutation rate: 0.7027735215894695
Tree height pre-scaling: 0.7027735216821493, input timescale: 1.0
Tree height after scaling: 0.9999999999999998, mutation rate: 0.7027735216821493
Tree height pre-scaling: 0.702773521511759, input timescale: 1.0
Tree height after scaling: 1.0, mutation rate: 0.702773521511759
Tree height pre-scaling: 0.7027735215523501, input timescale: 1.0
Tree height after scaling: 1.0, mutation rate: 0.7027735215523501
Tree height pre-scaling: 0.7027735213506179, input timescale: 1.0
Tree height after scaling: 1.0, mutation rate: 0.7027735213506179
Tree height pre-scaling: 0.7027735216049118, input timescale: 1.0
Tree height after scaling: 1.0, mutation rate: 0.7027735216049118
Tree height pre-scaling: 0.7027735216540446, input timescale: 1.0
Tree height after scaling: 1.0, mutation rate: 0.7027735216540446
Tree height pre-scaling: 0.7027735219304316, input timescale: 1.0
Tree height after scaling: 1.0, mutation rate: 0.7027735219304316
Runtime (s): 13.320700625
