Launching LAML version 0.0.4
LAML was called as follows: /Users/uym2/my_gits/LAML/run_laml.py -c ../../evaluation/Bar10/Bar10_character_matrix.txt -t place_outlier2/augmented_tree_71.nwk -o place_outlier2/augmented_tree_71_optimized -v -p ../../evaluation/Bar10/Bar10_priors.pickle --delimiter tab -m -1 --nInitials 1
Prior keys mismatch with site names.
Prior keys: [0, 1, 2, 3, 4, 5, 6, 7, 8, 9, 10, 11, 12, 13, 14, 15, 16, 17, 18, 19, 20, 21, 22, 23, 24, 25, 26, 27, 28, 29]
Site names: ['r1', 'r2', 'r3', 'r4', 'r5', 'r6', 'r7', 'r8', 'r9', 'r10', 'r11', 'r12', 'r13', 'r14', 'r15', 'r16', 'r17', 'r18', 'r19', 'r20', 'r21', 'r22', 'r23', 'r24', 'r25', 'r26', 'r27', 'r28', 'r29', 'r30']
Attempting to infer mapping between site names and prior keys...
{'r1': 0, 'r2': 1, 'r3': 2, 'r4': 3, 'r5': 4, 'r6': 5, 'r7': 6, 'r8': 7, 'r9': 8, 'r10': 9, 'r11': 10, 'r12': 11, 'r13': 12, 'r14': 13, 'r15': 14, 'r16': 15, 'r17': 16, 'r18': 17, 'r19': 18, 'r20': 19, 'r21': 20, 'r22': 21, 'r23': 22, 'r24': 23, 'r25': 24, 'r26': 25, 'r27': 26, 'r28': 27, 'r29': 28, 'r30': 29}
Optimizing branch lengths, phi, and nu without topology search
Optimization by EM algorithm
Optimization start with 1 initials
Initial point 1. Random seed: 6629
Numerical optimization started with ultrametric constraint (default)
Initial phi: 0. Initial nu: 0.26955655566205877. Initial nllh: 12941.54086193565
Starting EM iter: 1
Estep
Estep runtime (s): 0.10986590385437012
Mstep
Optimizing phi
Optimizing branch lengths. Current phi: 0. Current nu:0.26955655566205877
Optimizing nu
Mstep runtime (s): 0.33778905868530273
Finished EM iter: 1. Current nllh: 10626.427796604194
Starting EM iter: 2
Estep
Estep runtime (s): 0.146406888961792
Mstep
Optimizing phi
Optimizing branch lengths. Current phi: 0. Current nu:0.2852651976360576
Optimizing nu
Mstep runtime (s): 0.31807613372802734
Finished EM iter: 2. Current nllh: 10600.813351925815
Starting EM iter: 3
Estep
Estep runtime (s): 0.14692401885986328
Mstep
Optimizing phi
Optimizing branch lengths. Current phi: 0. Current nu:0.2879543652586453
Optimizing nu
Mstep runtime (s): 0.32360410690307617
Finished EM iter: 3. Current nllh: 10598.329311827727
Starting EM iter: 4
Estep
Estep runtime (s): 0.14672279357910156
Mstep
Optimizing phi
Optimizing branch lengths. Current phi: 0. Current nu:0.2882966964006501
Optimizing nu
Mstep runtime (s): 0.2866523265838623
Finished EM iter: 4. Current nllh: 10597.964898840577
Starting EM iter: 5
Estep
Estep runtime (s): 0.14729595184326172
Mstep
Optimizing phi
Optimizing branch lengths. Current phi: 0. Current nu:0.2885548043339348
Optimizing nu
Mstep runtime (s): 0.30228400230407715
Finished EM iter: 5. Current nllh: 10597.83764312177
Starting EM iter: 6
Estep
Estep runtime (s): 0.1468040943145752
Mstep
Optimizing phi
Optimizing branch lengths. Current phi: 0. Current nu:0.28879493129722944
Optimizing nu
Mstep runtime (s): 0.3448309898376465
Finished EM iter: 6. Current nllh: 10597.780440426774
Starting EM iter: 7
Estep
Estep runtime (s): 0.1469571590423584
Mstep
Optimizing phi
Optimizing branch lengths. Current phi: 0. Current nu:0.2889812599786165
Optimizing nu
Mstep runtime (s): 0.2986910343170166
Finished EM iter: 7. Current nllh: 10597.74748910694
Starting EM iter: 8
Estep
Estep runtime (s): 0.14687895774841309
Mstep
Optimizing phi
Optimizing branch lengths. Current phi: 0. Current nu:0.28912083423039725
Optimizing nu
Mstep runtime (s): 0.2781407833099365
Finished EM iter: 8. Current nllh: 10597.727095532347
Starting EM iter: 9
Estep
Estep runtime (s): 0.1468210220336914
Mstep
Optimizing phi
Optimizing branch lengths. Current phi: 0. Current nu:0.2892249707606227
Optimizing nu
Mstep runtime (s): 0.2882721424102783
Finished EM iter: 9. Current nllh: 10597.713876773842
Starting EM iter: 10
Estep
Estep runtime (s): 0.14704203605651855
Mstep
Optimizing phi
Optimizing branch lengths. Current phi: 0. Current nu:0.2893032709751022
Optimizing nu
Mstep runtime (s): 0.3220698833465576
Finished EM iter: 10. Current nllh: 10597.704902501318
Starting EM iter: 11
Estep
Estep runtime (s): 0.14770007133483887
Mstep
Optimizing phi
Optimizing branch lengths. Current phi: 0. Current nu:0.2893629860574348
Optimizing nu
Mstep runtime (s): 0.2859311103820801
Finished EM iter: 11. Current nllh: 10597.698829150386
Starting EM iter: 12
Estep
Estep runtime (s): 0.14693522453308105
Mstep
Optimizing phi
Optimizing branch lengths. Current phi: 0. Current nu:0.28941158383535315
Optimizing nu
Mstep runtime (s): 0.2911691665649414
Finished EM iter: 12. Current nllh: 10597.694429941104
Starting EM iter: 13
Estep
Estep runtime (s): 0.1481168270111084
Mstep
Optimizing phi
Optimizing branch lengths. Current phi: 0. Current nu:0.2894502611147725
Optimizing nu
Mstep runtime (s): 0.3187141418457031
Finished EM iter: 13. Current nllh: 10597.691256169903
Starting EM iter: 14
Estep
Estep runtime (s): 0.1475520133972168
Mstep
Optimizing phi
Optimizing branch lengths. Current phi: 0. Current nu:0.28948120475378436
Optimizing nu
Mstep runtime (s): 0.3025050163269043
Finished EM iter: 14. Current nllh: 10597.688920629398
Starting EM iter: 15
Estep
Estep runtime (s): 0.14781498908996582
Mstep
Optimizing phi
Optimizing branch lengths. Current phi: 0. Current nu:0.28950667319903733
Optimizing nu
Mstep runtime (s): 0.2758750915527344
Finished EM iter: 15. Current nllh: 10597.687148776264
Starting EM iter: 16
Estep
Estep runtime (s): 0.147475004196167
Mstep
Optimizing phi
Optimizing branch lengths. Current phi: 0. Current nu:0.289528521474487
Optimizing nu
Mstep runtime (s): 0.28351497650146484
Finished EM iter: 16. Current nllh: 10597.68579770055
Starting EM iter: 17
Estep
Estep runtime (s): 0.1544511318206787
Mstep
Optimizing phi
Optimizing branch lengths. Current phi: 0. Current nu:0.2895465457843204
Optimizing nu
Mstep runtime (s): 0.2971823215484619
Finished EM iter: 17. Current nllh: 10597.684752854046
Starting EM iter: 18
Estep
Estep runtime (s): 0.1480250358581543
Mstep
Optimizing phi
Optimizing branch lengths. Current phi: 0. Current nu:0.28956202513949
Optimizing nu
Mstep runtime (s): 0.2930178642272949
Finished EM iter: 18. Current nllh: 10597.68393293788
Starting EM iter: 19
Estep
Estep runtime (s): 0.14732599258422852
Mstep
Optimizing phi
Optimizing branch lengths. Current phi: 0. Current nu:0.28957516656017335
Optimizing nu
Mstep runtime (s): 0.2982490062713623
Finished EM iter: 19. Current nllh: 10597.683299352031
Starting EM iter: 20
Estep
Estep runtime (s): 0.14743995666503906
Mstep
Optimizing phi
Optimizing branch lengths. Current phi: 0. Current nu:0.2895857498280155
Optimizing nu
Mstep runtime (s): 0.33441996574401855
Finished EM iter: 20. Current nllh: 10597.682854592487
Starting EM iter: 21
Estep
Estep runtime (s): 0.1474471092224121
Mstep
Optimizing phi
Optimizing branch lengths. Current phi: 0. Current nu:0.2895922197120402
Optimizing nu
Mstep runtime (s): 0.3138151168823242
Finished EM iter: 21. Current nllh: 10597.682444228627
Starting EM iter: 22
Estep
Estep runtime (s): 0.14755511283874512
Mstep
Optimizing phi
Optimizing branch lengths. Current phi: 0. Current nu:0.2896028745963799
Optimizing nu
Mstep runtime (s): 0.3175508975982666
Finished EM iter: 22. Current nllh: 10597.682038115965
Starting EM iter: 23
Estep
Estep runtime (s): 0.14742183685302734
Mstep
Optimizing phi
Optimizing branch lengths. Current phi: 0. Current nu:0.2896112628261638
Optimizing nu
Mstep runtime (s): 0.28505969047546387
Finished EM iter: 23. Current nllh: 10597.68174903038
Starting EM iter: 24
Estep
Estep runtime (s): 0.14745116233825684
Mstep
Optimizing phi
Optimizing branch lengths. Current phi: 0. Current nu:0.2896175243978877
Optimizing nu
Mstep runtime (s): 0.3352241516113281
Finished EM iter: 24. Current nllh: 10597.681522361207
Starting EM iter: 25
Estep
Estep runtime (s): 0.14754271507263184
Mstep
Optimizing phi
Optimizing branch lengths. Current phi: 0. Current nu:0.2896227583232755
Optimizing nu
Mstep runtime (s): 0.3039109706878662
Finished EM iter: 25. Current nllh: 10597.681324364585
Starting EM iter: 26
Estep
Estep runtime (s): 0.1476583480834961
Mstep
Optimizing phi
Optimizing branch lengths. Current phi: 0. Current nu:0.2896278637986634
Optimizing nu
Mstep runtime (s): 0.3727238178253174
Finished EM iter: 26. Current nllh: 10597.68116016418
Starting EM iter: 27
Estep
Estep runtime (s): 0.14753389358520508
Mstep
Optimizing phi
Optimizing branch lengths. Current phi: 0. Current nu:0.28963202559466367
Optimizing nu
Mstep runtime (s): 0.31288576126098633
Finished EM iter: 27. Current nllh: 10597.681044224213
Starting EM iter: 28
Estep
Estep runtime (s): 0.14754390716552734
Mstep
Optimizing phi
Optimizing branch lengths. Current phi: 0. Current nu:0.28963332122425156
Optimizing nu
Mstep runtime (s): 0.3212699890136719
Finished EM iter: 28. Current nllh: 10597.680950361688
EM finished after 28 iterations.
Optimal phi: 0. Optimal nu: 0.2896387253390626. Optimal nllh: 10597.680950361688
Optimal point found for initial point 1
Numerical optimization finished successfully
Tree height pre-scaling: 0.6908526400023003, input timescale: 1.0
Tree height after scaling: 1.0000000000000002, mutation rate: 0.6908526400023003
Tree height pre-scaling: 0.6908526401298875, input timescale: 1.0
Tree height after scaling: 1.0, mutation rate: 0.6908526401298875
Tree height pre-scaling: 0.6908526400458375, input timescale: 1.0
Tree height after scaling: 0.9999999999999999, mutation rate: 0.6908526400458375
Tree height pre-scaling: 0.6908526401236548, input timescale: 1.0
Tree height after scaling: 1.0, mutation rate: 0.6908526401236548
Tree height pre-scaling: 0.6908526398981688, input timescale: 1.0
Tree height after scaling: 1.0, mutation rate: 0.6908526398981688
Tree height pre-scaling: 0.6908526400195647, input timescale: 1.0
Tree height after scaling: 1.0, mutation rate: 0.6908526400195647
Tree height pre-scaling: 0.6908526400894067, input timescale: 1.0
Tree height after scaling: 1.0, mutation rate: 0.6908526400894067
Tree height pre-scaling: 0.6908526400854227, input timescale: 1.0
Tree height after scaling: 1.0, mutation rate: 0.6908526400854227
Tree height pre-scaling: 0.6908526399449801, input timescale: 1.0
Tree height after scaling: 1.0, mutation rate: 0.6908526399449801
Tree height pre-scaling: 0.6908526400609034, input timescale: 1.0
Tree height after scaling: 0.9999999999999999, mutation rate: 0.6908526400609034
Tree height pre-scaling: 0.690852640055768, input timescale: 1.0
Tree height after scaling: 0.9999999999999999, mutation rate: 0.690852640055768
Tree height pre-scaling: 0.6908526399496109, input timescale: 1.0
Tree height after scaling: 1.0, mutation rate: 0.6908526399496109
Tree height pre-scaling: 0.6908526400352191, input timescale: 1.0
Tree height after scaling: 1.0, mutation rate: 0.6908526400352191
Tree height pre-scaling: 0.6908526400329894, input timescale: 1.0
Tree height after scaling: 1.0, mutation rate: 0.6908526400329894
Tree height pre-scaling: 0.6908526401707045, input timescale: 1.0
Tree height after scaling: 1.0, mutation rate: 0.6908526401707045
Tree height pre-scaling: 0.6908526400478966, input timescale: 1.0
Tree height after scaling: 0.9999999999999999, mutation rate: 0.6908526400478966
Tree height pre-scaling: 0.690852640734593, input timescale: 1.0
Tree height after scaling: 1.0000000000000002, mutation rate: 0.690852640734593
Runtime (s): 14.16247925
