Launching LAML version 0.0.4
LAML was called as follows: /Users/uym2/my_gits/LAML/run_laml.py -c ../../evaluation/Bar10/Bar10_character_matrix.txt -t place_outlier2/augmented_tree_7.nwk -o place_outlier2/augmented_tree_7_optimized -v -p ../../evaluation/Bar10/Bar10_priors.pickle --delimiter tab -m -1 --nInitials 1
Prior keys mismatch with site names.
Prior keys: [0, 1, 2, 3, 4, 5, 6, 7, 8, 9, 10, 11, 12, 13, 14, 15, 16, 17, 18, 19, 20, 21, 22, 23, 24, 25, 26, 27, 28, 29]
Site names: ['r1', 'r2', 'r3', 'r4', 'r5', 'r6', 'r7', 'r8', 'r9', 'r10', 'r11', 'r12', 'r13', 'r14', 'r15', 'r16', 'r17', 'r18', 'r19', 'r20', 'r21', 'r22', 'r23', 'r24', 'r25', 'r26', 'r27', 'r28', 'r29', 'r30']
Attempting to infer mapping between site names and prior keys...
{'r1': 0, 'r2': 1, 'r3': 2, 'r4': 3, 'r5': 4, 'r6': 5, 'r7': 6, 'r8': 7, 'r9': 8, 'r10': 9, 'r11': 10, 'r12': 11, 'r13': 12, 'r14': 13, 'r15': 14, 'r16': 15, 'r17': 16, 'r18': 17, 'r19': 18, 'r20': 19, 'r21': 20, 'r22': 21, 'r23': 22, 'r24': 23, 'r25': 24, 'r26': 25, 'r27': 26, 'r28': 27, 'r29': 28, 'r30': 29}
Optimizing branch lengths, phi, and nu without topology search
Optimization by EM algorithm
Optimization start with 1 initials
Initial point 1. Random seed: 6106
Numerical optimization started with ultrametric constraint (default)
Initial phi: 0. Initial nu: 0.26955655566205877. Initial nllh: 12950.34224005849
Starting EM iter: 1
Estep
Estep runtime (s): 0.10974478721618652
Mstep
Optimizing phi
Optimizing branch lengths. Current phi: 0. Current nu:0.26955655566205877
Optimizing nu
Mstep runtime (s): 0.40952396392822266
Finished EM iter: 1. Current nllh: 10618.138767961063
Starting EM iter: 2
Estep
Estep runtime (s): 0.1493518352508545
Mstep
Optimizing phi
Optimizing branch lengths. Current phi: 0. Current nu:0.284338930589974
Optimizing nu
Mstep runtime (s): 0.32391810417175293
Finished EM iter: 2. Current nllh: 10590.725898333378
Starting EM iter: 3
Estep
Estep runtime (s): 0.14982986450195312
Mstep
Optimizing phi
Optimizing branch lengths. Current phi: 0. Current nu:0.2872862566264922
Optimizing nu
Mstep runtime (s): 0.3045659065246582
Finished EM iter: 3. Current nllh: 10588.336949713881
Starting EM iter: 4
Estep
Estep runtime (s): 0.14993000030517578
Mstep
Optimizing phi
Optimizing branch lengths. Current phi: 0. Current nu:0.2876771357528251
Optimizing nu
Mstep runtime (s): 0.349437952041626
Finished EM iter: 4. Current nllh: 10588.065974059688
Starting EM iter: 5
Estep
Estep runtime (s): 0.14987707138061523
Mstep
Optimizing phi
Optimizing branch lengths. Current phi: 0. Current nu:0.2878892578458435
Optimizing nu
Mstep runtime (s): 0.34076476097106934
Finished EM iter: 5. Current nllh: 10587.985443369793
Starting EM iter: 6
Estep
Estep runtime (s): 0.14999985694885254
Mstep
Optimizing phi
Optimizing branch lengths. Current phi: 0. Current nu:0.2880673506666809
Optimizing nu
Mstep runtime (s): 0.3471040725708008
Finished EM iter: 6. Current nllh: 10587.952831186234
Starting EM iter: 7
Estep
Estep runtime (s): 0.1501619815826416
Mstep
Optimizing phi
Optimizing branch lengths. Current phi: 0. Current nu:0.2881965480516041
Optimizing nu
Mstep runtime (s): 0.2993490695953369
Finished EM iter: 7. Current nllh: 10587.933627671682
Starting EM iter: 8
Estep
Estep runtime (s): 0.15004897117614746
Mstep
Optimizing phi
Optimizing branch lengths. Current phi: 0. Current nu:0.28829755686304853
Optimizing nu
Mstep runtime (s): 0.3291769027709961
Finished EM iter: 8. Current nllh: 10587.921418547157
Starting EM iter: 9
Estep
Estep runtime (s): 0.14996814727783203
Mstep
Optimizing phi
Optimizing branch lengths. Current phi: 0. Current nu:0.288370943836898
Optimizing nu
Mstep runtime (s): 0.2948911190032959
Finished EM iter: 9. Current nllh: 10587.91332260948
Starting EM iter: 10
Estep
Estep runtime (s): 0.15027880668640137
Mstep
Optimizing phi
Optimizing branch lengths. Current phi: 0. Current nu:0.2884254475381689
Optimizing nu
Mstep runtime (s): 0.349215030670166
Finished EM iter: 10. Current nllh: 10587.907730450499
Starting EM iter: 11
Estep
Estep runtime (s): 0.15017008781433105
Mstep
Optimizing phi
Optimizing branch lengths. Current phi: 0. Current nu:0.28846753513360723
Optimizing nu
Mstep runtime (s): 0.285219669342041
Finished EM iter: 11. Current nllh: 10587.903745038455
Starting EM iter: 12
Estep
Estep runtime (s): 0.15187883377075195
Mstep
Optimizing phi
Optimizing branch lengths. Current phi: 0. Current nu:0.28850066852833595
Optimizing nu
Mstep runtime (s): 0.3102588653564453
Finished EM iter: 12. Current nllh: 10587.90083240086
Starting EM iter: 13
Estep
Estep runtime (s): 0.15031814575195312
Mstep
Optimizing phi
Optimizing branch lengths. Current phi: 0. Current nu:0.2885273123089283
Optimizing nu
Mstep runtime (s): 0.3065321445465088
Finished EM iter: 13. Current nllh: 10587.898644331617
Starting EM iter: 14
Estep
Estep runtime (s): 0.1503608226776123
Mstep
Optimizing phi
Optimizing branch lengths. Current phi: 0. Current nu:0.2885495595926747
Optimizing nu
Mstep runtime (s): 0.2831101417541504
Finished EM iter: 14. Current nllh: 10587.89697036547
Starting EM iter: 15
Estep
Estep runtime (s): 0.15038585662841797
Mstep
Optimizing phi
Optimizing branch lengths. Current phi: 0. Current nu:0.2885681712312042
Optimizing nu
Mstep runtime (s): 0.3133881092071533
Finished EM iter: 15. Current nllh: 10587.89566859729
Starting EM iter: 16
Estep
Estep runtime (s): 0.15531182289123535
Mstep
Optimizing phi
Optimizing branch lengths. Current phi: 0. Current nu:0.28858368131874634
Optimizing nu
Mstep runtime (s): 0.3257138729095459
Finished EM iter: 16. Current nllh: 10587.894723372849
Starting EM iter: 17
Estep
Estep runtime (s): 0.15050196647644043
Mstep
Optimizing phi
Optimizing branch lengths. Current phi: 0. Current nu:0.288594184034112
Optimizing nu
Mstep runtime (s): 0.3116769790649414
Finished EM iter: 17. Current nllh: 10587.893902337484
Starting EM iter: 18
Estep
Estep runtime (s): 0.15877914428710938
Mstep
Optimizing phi
Optimizing branch lengths. Current phi: 0. Current nu:0.2886070195828064
Optimizing nu
Mstep runtime (s): 0.29495811462402344
Finished EM iter: 18. Current nllh: 10587.893213946945
Starting EM iter: 19
Estep
Estep runtime (s): 0.1513209342956543
Mstep
Optimizing phi
Optimizing branch lengths. Current phi: 0. Current nu:0.28861726298141976
Optimizing nu
Mstep runtime (s): 0.32807302474975586
Finished EM iter: 19. Current nllh: 10587.892709483733
Starting EM iter: 20
Estep
Estep runtime (s): 0.15050196647644043
Mstep
Optimizing phi
Optimizing branch lengths. Current phi: 0. Current nu:0.2886235852660915
Optimizing nu
Mstep runtime (s): 0.30642104148864746
Finished EM iter: 20. Current nllh: 10587.892279778082
Starting EM iter: 21
Estep
Estep runtime (s): 0.15057778358459473
Mstep
Optimizing phi
Optimizing branch lengths. Current phi: 0. Current nu:0.28863230176702376
Optimizing nu
Mstep runtime (s): 0.33392810821533203
Finished EM iter: 21. Current nllh: 10587.89191638341
Starting EM iter: 22
Estep
Estep runtime (s): 0.1508021354675293
Mstep
Optimizing phi
Optimizing branch lengths. Current phi: 0. Current nu:0.2886373352369072
Optimizing nu
Mstep runtime (s): 0.3896210193634033
Finished EM iter: 22. Current nllh: 10587.89160207767
Starting EM iter: 23
Estep
Estep runtime (s): 0.15078997611999512
Mstep
Optimizing phi
Optimizing branch lengths. Current phi: 0. Current nu:0.28864227813437016
Optimizing nu
Mstep runtime (s): 0.3070189952850342
Finished EM iter: 23. Current nllh: 10587.891374519633
Starting EM iter: 24
Estep
Estep runtime (s): 0.15166687965393066
Mstep
Optimizing phi
Optimizing branch lengths. Current phi: 0. Current nu:0.2886491329380365
Optimizing nu
Mstep runtime (s): 0.29128289222717285
Finished EM iter: 24. Current nllh: 10587.89111850383
Starting EM iter: 25
Estep
Estep runtime (s): 0.15077590942382812
Mstep
Optimizing phi
Optimizing branch lengths. Current phi: 0. Current nu:0.2886538517591041
Optimizing nu
Mstep runtime (s): 0.29540300369262695
Finished EM iter: 25. Current nllh: 10587.890924311338
Starting EM iter: 26
Estep
Estep runtime (s): 0.15113091468811035
Mstep
Optimizing phi
Optimizing branch lengths. Current phi: 0. Current nu:0.2886578560918432
Optimizing nu
Mstep runtime (s): 0.297698974609375
Finished EM iter: 26. Current nllh: 10587.89076561351
Starting EM iter: 27
Estep
Estep runtime (s): 0.15066981315612793
Mstep
Optimizing phi
Optimizing branch lengths. Current phi: 0. Current nu:0.28866127195589886
Optimizing nu
Mstep runtime (s): 0.30852413177490234
Finished EM iter: 27. Current nllh: 10587.890637318531
Starting EM iter: 28
Estep
Estep runtime (s): 0.15137815475463867
Mstep
Optimizing phi
Optimizing branch lengths. Current phi: 0. Current nu:0.2886640029903225
Optimizing nu
Mstep runtime (s): 0.3286411762237549
Finished EM iter: 28. Current nllh: 10587.890514240253
Starting EM iter: 29
Estep
Estep runtime (s): 0.1506500244140625
Mstep
Optimizing phi
Optimizing branch lengths. Current phi: 0. Current nu:0.28866499415805996
Optimizing nu
Mstep runtime (s): 0.3073909282684326
Finished EM iter: 29. Current nllh: 10587.890464899456
EM finished after 29 iterations.
Optimal phi: 0. Optimal nu: 0.28866862469705923. Optimal nllh: 10587.890464899456
Optimal point found for initial point 1
Numerical optimization finished successfully
Tree height pre-scaling: 0.6901327140735316, input timescale: 1.0
Tree height after scaling: 1.0, mutation rate: 0.6901327140735316
Tree height pre-scaling: 0.6901327141696723, input timescale: 1.0
Tree height after scaling: 1.0, mutation rate: 0.6901327141696723
Tree height pre-scaling: 0.6901327141091083, input timescale: 1.0
Tree height after scaling: 1.0, mutation rate: 0.6901327141091083
Tree height pre-scaling: 0.6901327141751767, input timescale: 1.0
Tree height after scaling: 1.0, mutation rate: 0.6901327141751767
Tree height pre-scaling: 0.6901327139956039, input timescale: 1.0
Tree height after scaling: 1.0, mutation rate: 0.6901327139956039
Tree height pre-scaling: 0.6901327140878306, input timescale: 1.0
Tree height after scaling: 1.0, mutation rate: 0.6901327140878306
Tree height pre-scaling: 0.6901327141411696, input timescale: 1.0
Tree height after scaling: 1.0, mutation rate: 0.6901327141411696
Tree height pre-scaling: 0.6901327141362971, input timescale: 1.0
Tree height after scaling: 1.0, mutation rate: 0.6901327141362971
Tree height pre-scaling: 0.6901327140303122, input timescale: 1.0
Tree height after scaling: 1.0, mutation rate: 0.6901327140303122
Tree height pre-scaling: 0.690132714117842, input timescale: 1.0
Tree height after scaling: 1.0, mutation rate: 0.690132714117842
Tree height pre-scaling: 0.6901327141134899, input timescale: 1.0
Tree height after scaling: 1.0, mutation rate: 0.6901327141134899
Tree height pre-scaling: 0.6901327140363334, input timescale: 1.0
Tree height after scaling: 1.0, mutation rate: 0.6901327140363334
Tree height pre-scaling: 0.6901327141002207, input timescale: 1.0
Tree height after scaling: 1.0, mutation rate: 0.6901327141002207
Tree height pre-scaling: 0.6901327140983313, input timescale: 1.0
Tree height after scaling: 0.9999999999999999, mutation rate: 0.6901327140983313
Tree height pre-scaling: 0.6901327142025167, input timescale: 1.0
Tree height after scaling: 1.0, mutation rate: 0.6901327142025167
Tree height pre-scaling: 0.6901327141133838, input timescale: 1.0
Tree height after scaling: 1.0, mutation rate: 0.6901327141133838
Tree height pre-scaling: 0.6901327146144156, input timescale: 1.0
Tree height after scaling: 1.0, mutation rate: 0.6901327146144156
Runtime (s): 15.103251666
