Launching LAML version 0.0.4
LAML was called as follows: /Users/uym2/my_gits/LAML/run_laml.py -c ../../evaluation/Bar11/Bar11_character_matrix.txt -t place_outlier2/augmented_tree_249.nwk -o place_outlier2/augmented_tree_249_optimized -v -p ../../evaluation/Bar11/Bar11_priors.pickle --delimiter tab -m -1 --nInitials 1
Prior keys mismatch with site names.
Prior keys: [0, 1, 2, 3, 4, 5, 6, 7, 8, 9, 10, 11, 12, 13, 14, 15, 16, 17, 18, 19, 20, 21, 22, 23, 24, 25, 26]
Site names: ['r1', 'r2', 'r3', 'r4', 'r5', 'r6', 'r7', 'r8', 'r9', 'r10', 'r11', 'r12', 'r13', 'r14', 'r15', 'r16', 'r17', 'r18', 'r19', 'r20', 'r21', 'r22', 'r23', 'r24', 'r25', 'r26', 'r27']
Attempting to infer mapping between site names and prior keys...
{'r1': 0, 'r2': 1, 'r3': 2, 'r4': 3, 'r5': 4, 'r6': 5, 'r7': 6, 'r8': 7, 'r9': 8, 'r10': 9, 'r11': 10, 'r12': 11, 'r13': 12, 'r14': 13, 'r15': 14, 'r16': 15, 'r17': 16, 'r18': 17, 'r19': 18, 'r20': 19, 'r21': 20, 'r22': 21, 'r23': 22, 'r24': 23, 'r25': 24, 'r26': 25, 'r27': 26}
Optimizing branch lengths, phi, and nu without topology search
Optimization by EM algorithm
Optimization start with 1 initials
Initial point 1. Random seed: 6295
Numerical optimization started with ultrametric constraint (default)
Initial phi: 0. Initial nu: 0.26955655566205877. Initial nllh: 8329.658545340555
Starting EM iter: 1
Estep
Estep runtime (s): 0.0641028881072998
Mstep
Optimizing phi
Optimizing branch lengths. Current phi: 0. Current nu:0.26955655566205877
Optimizing nu
Mstep runtime (s): 0.20637106895446777
Finished EM iter: 1. Current nllh: 7150.861567540676
Starting EM iter: 2
Estep
Estep runtime (s): 0.08400893211364746
Mstep
Optimizing phi
Optimizing branch lengths. Current phi: 0. Current nu:0.27520379570912046
Optimizing nu
Mstep runtime (s): 0.2006981372833252
Finished EM iter: 2. Current nllh: 7130.836629244281
Starting EM iter: 3
Estep
Estep runtime (s): 0.08399200439453125
Mstep
Optimizing phi
Optimizing branch lengths. Current phi: 0. Current nu:0.2710624958194048
Optimizing nu
Mstep runtime (s): 0.20461702346801758
Finished EM iter: 3. Current nllh: 7128.624503830389
Starting EM iter: 4
Estep
Estep runtime (s): 0.08400917053222656
Mstep
Optimizing phi
Optimizing branch lengths. Current phi: 0. Current nu:0.2685857443010277
Optimizing nu
Mstep runtime (s): 0.223801851272583
Finished EM iter: 4. Current nllh: 7128.206104635674
Starting EM iter: 5
Estep
Estep runtime (s): 0.08549308776855469
Mstep
Optimizing phi
Optimizing branch lengths. Current phi: 0. Current nu:0.2675161331559159
Optimizing nu
Mstep runtime (s): 0.20897603034973145
Finished EM iter: 5. Current nllh: 7128.114260456674
Starting EM iter: 6
Estep
Estep runtime (s): 0.08417010307312012
Mstep
Optimizing phi
Optimizing branch lengths. Current phi: 0. Current nu:0.26706514206262894
Optimizing nu
Mstep runtime (s): 0.1921539306640625
Finished EM iter: 6. Current nllh: 7128.079774092076
Starting EM iter: 7
Estep
Estep runtime (s): 0.08408117294311523
Mstep
Optimizing phi
Optimizing branch lengths. Current phi: 0. Current nu:0.2668785973288158
Optimizing nu
Mstep runtime (s): 0.23668599128723145
Finished EM iter: 7. Current nllh: 7128.061519680618
Starting EM iter: 8
Estep
Estep runtime (s): 0.08657193183898926
Mstep
Optimizing phi
Optimizing branch lengths. Current phi: 0. Current nu:0.26680033926419655
Optimizing nu
Mstep runtime (s): 0.2799828052520752
Finished EM iter: 8. Current nllh: 7128.049952751143
Starting EM iter: 9
Estep
Estep runtime (s): 0.08486390113830566
Mstep
Optimizing phi
Optimizing branch lengths. Current phi: 0. Current nu:0.26676597428627874
Optimizing nu
Mstep runtime (s): 0.20496392250061035
Finished EM iter: 9. Current nllh: 7128.044286941536
Starting EM iter: 10
Estep
Estep runtime (s): 0.08428311347961426
Mstep
Optimizing phi
Optimizing branch lengths. Current phi: 0. Current nu:0.26674999567442126
Optimizing nu
Mstep runtime (s): 0.29075193405151367
Finished EM iter: 10. Current nllh: 7128.044151304435
Starting EM iter: 11
Estep
Estep runtime (s): 0.08427977561950684
Mstep
Optimizing phi
Optimizing branch lengths. Current phi: 0. Current nu:0.266739631259225
Optimizing nu
Mstep runtime (s): 0.24545884132385254
Finished EM iter: 11. Current nllh: 7128.044141634333
EM finished after 11 iterations.
Optimal phi: 0. Optimal nu: 0.2667348897230329. Optimal nllh: 7128.044141634333
Optimal point found for initial point 1
Numerical optimization finished successfully
Tree height pre-scaling: 0.7073100384732702, input timescale: 1.0
Tree height after scaling: 0.9999999999999999, mutation rate: 0.7073100384732702
Tree height pre-scaling: 0.7073100386894746, input timescale: 1.0
Tree height after scaling: 1.0, mutation rate: 0.7073100386894746
Tree height pre-scaling: 0.7073100384466913, input timescale: 1.0
Tree height after scaling: 1.0, mutation rate: 0.7073100384466913
Tree height pre-scaling: 0.7073100391052927, input timescale: 1.0
Tree height after scaling: 1.0, mutation rate: 0.7073100391052927
Tree height pre-scaling: 0.7073100385474888, input timescale: 1.0
Tree height after scaling: 1.0, mutation rate: 0.7073100385474888
Tree height pre-scaling: 0.7073100387555342, input timescale: 1.0
Tree height after scaling: 0.9999999999999998, mutation rate: 0.7073100387555342
Tree height pre-scaling: 0.7073100390998577, input timescale: 1.0
Tree height after scaling: 0.9999999999999999, mutation rate: 0.7073100390998577
Tree height pre-scaling: 0.7073100390086898, input timescale: 1.0
Tree height after scaling: 1.0, mutation rate: 0.7073100390086898
Tree height pre-scaling: 0.7073100383049412, input timescale: 1.0
Tree height after scaling: 1.0, mutation rate: 0.7073100383049412
Tree height pre-scaling: 0.707310038454759, input timescale: 1.0
Tree height after scaling: 0.9999999999999999, mutation rate: 0.707310038454759
Tree height pre-scaling: 0.7073100386460387, input timescale: 1.0
Tree height after scaling: 0.9999999999999999, mutation rate: 0.7073100386460387
Tree height pre-scaling: 0.7073100386938449, input timescale: 1.0
Tree height after scaling: 1.0, mutation rate: 0.7073100386938449
Tree height pre-scaling: 0.707310038124636, input timescale: 1.0
Tree height after scaling: 1.0, mutation rate: 0.707310038124636
Runtime (s): 3.8278341670000002
