Launching LAML version 0.0.4
LAML was called as follows: /Users/uym2/my_gits/LAML/run_laml.py -c ../../evaluation/Bar11/Bar11_character_matrix.txt -t place_outlier2/augmented_tree_184.nwk -o place_outlier2/augmented_tree_184_optimized -v -p ../../evaluation/Bar11/Bar11_priors.pickle --delimiter tab -m -1 --nInitials 1
Prior keys mismatch with site names.
Prior keys: [0, 1, 2, 3, 4, 5, 6, 7, 8, 9, 10, 11, 12, 13, 14, 15, 16, 17, 18, 19, 20, 21, 22, 23, 24, 25, 26]
Site names: ['r1', 'r2', 'r3', 'r4', 'r5', 'r6', 'r7', 'r8', 'r9', 'r10', 'r11', 'r12', 'r13', 'r14', 'r15', 'r16', 'r17', 'r18', 'r19', 'r20', 'r21', 'r22', 'r23', 'r24', 'r25', 'r26', 'r27']
Attempting to infer mapping between site names and prior keys...
{'r1': 0, 'r2': 1, 'r3': 2, 'r4': 3, 'r5': 4, 'r6': 5, 'r7': 6, 'r8': 7, 'r9': 8, 'r10': 9, 'r11': 10, 'r12': 11, 'r13': 12, 'r14': 13, 'r15': 14, 'r16': 15, 'r17': 16, 'r18': 17, 'r19': 18, 'r20': 19, 'r21': 20, 'r22': 21, 'r23': 22, 'r24': 23, 'r25': 24, 'r26': 25, 'r27': 26}
Optimizing branch lengths, phi, and nu without topology search
Optimization by EM algorithm
Optimization start with 1 initials
Initial point 1. Random seed: 5064
Numerical optimization started with ultrametric constraint (default)
Initial phi: 0. Initial nu: 0.26955655566205877. Initial nllh: 8428.511128288452
Starting EM iter: 1
Estep
Estep runtime (s): 0.06292200088500977
Mstep
Optimizing phi
Optimizing branch lengths. Current phi: 0. Current nu:0.26955655566205877
Optimizing nu
Mstep runtime (s): 0.2715339660644531
Finished EM iter: 1. Current nllh: 7111.985340979904
Starting EM iter: 2
Estep
Estep runtime (s): 0.08434104919433594
Mstep
Optimizing phi
Optimizing branch lengths. Current phi: 0. Current nu:0.2739988728683018
Optimizing nu
Mstep runtime (s): 0.19566082954406738
Finished EM iter: 2. Current nllh: 7094.007971874227
Starting EM iter: 3
Estep
Estep runtime (s): 0.08479189872741699
Mstep
Optimizing phi
Optimizing branch lengths. Current phi: 0. Current nu:0.2724862457573155
Optimizing nu
Mstep runtime (s): 0.21290206909179688
Finished EM iter: 3. Current nllh: 7091.857266561562
Starting EM iter: 4
Estep
Estep runtime (s): 0.08478021621704102
Mstep
Optimizing phi
Optimizing branch lengths. Current phi: 0. Current nu:0.27130760149621547
Optimizing nu
Mstep runtime (s): 0.19989895820617676
Finished EM iter: 4. Current nllh: 7091.479736778087
Starting EM iter: 5
Estep
Estep runtime (s): 0.08484292030334473
Mstep
Optimizing phi
Optimizing branch lengths. Current phi: 0. Current nu:0.2706992172804002
Optimizing nu
Mstep runtime (s): 0.22614192962646484
Finished EM iter: 5. Current nllh: 7091.369077709238
Starting EM iter: 6
Estep
Estep runtime (s): 0.08482694625854492
Mstep
Optimizing phi
Optimizing branch lengths. Current phi: 0. Current nu:0.2704288643796212
Optimizing nu
Mstep runtime (s): 0.20745515823364258
Finished EM iter: 6. Current nllh: 7091.32050282815
Starting EM iter: 7
Estep
Estep runtime (s): 0.08428502082824707
Mstep
Optimizing phi
Optimizing branch lengths. Current phi: 0. Current nu:0.2703161954544484
Optimizing nu
Mstep runtime (s): 0.18671798706054688
Finished EM iter: 7. Current nllh: 7091.293950193949
Starting EM iter: 8
Estep
Estep runtime (s): 0.08517980575561523
Mstep
Optimizing phi
Optimizing branch lengths. Current phi: 0. Current nu:0.2702695213498271
Optimizing nu
Mstep runtime (s): 0.186798095703125
Finished EM iter: 8. Current nllh: 7091.277317219459
Starting EM iter: 9
Estep
Estep runtime (s): 0.084320068359375
Mstep
Optimizing phi
Optimizing branch lengths. Current phi: 0. Current nu:0.2702492018296811
Optimizing nu
Mstep runtime (s): 0.1912550926208496
Finished EM iter: 9. Current nllh: 7091.266152186823
Starting EM iter: 10
Estep
Estep runtime (s): 0.08414316177368164
Mstep
Optimizing phi
Optimizing branch lengths. Current phi: 0. Current nu:0.27024130342473923
Optimizing nu
Mstep runtime (s): 0.18753910064697266
Finished EM iter: 10. Current nllh: 7091.259691926639
Starting EM iter: 11
Estep
Estep runtime (s): 0.08507323265075684
Mstep
Optimizing phi
Optimizing branch lengths. Current phi: 0. Current nu:0.2702370012383157
Optimizing nu
Mstep runtime (s): 0.2462751865386963
Finished EM iter: 11. Current nllh: 7091.259574221327
Starting EM iter: 12
Estep
Estep runtime (s): 0.08514595031738281
Mstep
Optimizing phi
Optimizing branch lengths. Current phi: 0. Current nu:0.27023174634030084
Optimizing nu
Mstep runtime (s): 0.18743014335632324
Finished EM iter: 12. Current nllh: 7091.259580894929
EM finished after 12 iterations.
Optimal phi: 0. Optimal nu: 0.27022959588355144. Optimal nllh: 7091.259580894929
Optimal point found for initial point 1
Numerical optimization finished successfully
Tree height pre-scaling: 0.7080514152977746, input timescale: 1.0
Tree height after scaling: 1.0, mutation rate: 0.7080514152977746
Tree height pre-scaling: 0.7080514154446312, input timescale: 1.0
Tree height after scaling: 1.0, mutation rate: 0.7080514154446312
Tree height pre-scaling: 0.7080514152764374, input timescale: 1.0
Tree height after scaling: 1.0, mutation rate: 0.7080514152764374
Tree height pre-scaling: 0.7080514157171159, input timescale: 1.0
Tree height after scaling: 1.0, mutation rate: 0.7080514157171159
Tree height pre-scaling: 0.7080514152279915, input timescale: 1.0
Tree height after scaling: 1.0, mutation rate: 0.7080514152279915
Tree height pre-scaling: 0.708051415461951, input timescale: 1.0
Tree height after scaling: 1.0, mutation rate: 0.708051415461951
Tree height pre-scaling: 0.7080514156721921, input timescale: 1.0
Tree height after scaling: 1.0, mutation rate: 0.7080514156721921
Tree height pre-scaling: 0.7080514153408127, input timescale: 1.0
Tree height after scaling: 1.0, mutation rate: 0.7080514153408127
Tree height pre-scaling: 0.708051415491254, input timescale: 1.0
Tree height after scaling: 1.0, mutation rate: 0.708051415491254
Tree height pre-scaling: 0.7080514157266904, input timescale: 1.0
Tree height after scaling: 1.0, mutation rate: 0.7080514157266904
Tree height pre-scaling: 0.7080514156453639, input timescale: 1.0
Tree height after scaling: 1.0, mutation rate: 0.7080514156453639
Tree height pre-scaling: 0.7080514151699807, input timescale: 1.0
Tree height after scaling: 0.9999999999999999, mutation rate: 0.7080514151699807
Tree height pre-scaling: 0.7080514151698858, input timescale: 1.0
Tree height after scaling: 1.0, mutation rate: 0.7080514151698858
Runtime (s): 3.939033042
