Launching LAML version 0.0.4
LAML was called as follows: /Users/uym2/my_gits/LAML/run_laml.py -c ../../evaluation/Bar11/Bar11_character_matrix.txt -t place_outlier2/augmented_tree_310.nwk -o place_outlier2/augmented_tree_310_optimized -v -p ../../evaluation/Bar11/Bar11_priors.pickle --delimiter tab -m -1 --nInitials 1
Prior keys mismatch with site names.
Prior keys: [0, 1, 2, 3, 4, 5, 6, 7, 8, 9, 10, 11, 12, 13, 14, 15, 16, 17, 18, 19, 20, 21, 22, 23, 24, 25, 26]
Site names: ['r1', 'r2', 'r3', 'r4', 'r5', 'r6', 'r7', 'r8', 'r9', 'r10', 'r11', 'r12', 'r13', 'r14', 'r15', 'r16', 'r17', 'r18', 'r19', 'r20', 'r21', 'r22', 'r23', 'r24', 'r25', 'r26', 'r27']
Attempting to infer mapping between site names and prior keys...
{'r1': 0, 'r2': 1, 'r3': 2, 'r4': 3, 'r5': 4, 'r6': 5, 'r7': 6, 'r8': 7, 'r9': 8, 'r10': 9, 'r11': 10, 'r12': 11, 'r13': 12, 'r14': 13, 'r15': 14, 'r16': 15, 'r17': 16, 'r18': 17, 'r19': 18, 'r20': 19, 'r21': 20, 'r22': 21, 'r23': 22, 'r24': 23, 'r25': 24, 'r26': 25, 'r27': 26}
Optimizing branch lengths, phi, and nu without topology search
Optimization by EM algorithm
Optimization start with 1 initials
Initial point 1. Random seed: 9530
Numerical optimization started with ultrametric constraint (default)
Initial phi: 0. Initial nu: 0.26955655566205877. Initial nllh: 8751.369214970215
Starting EM iter: 1
Estep
Estep runtime (s): 0.06268906593322754
Mstep
Optimizing phi
Optimizing branch lengths. Current phi: 0. Current nu:0.26955655566205877
Optimizing nu
Mstep runtime (s): 0.20731687545776367
Finished EM iter: 1. Current nllh: 7247.212033731359
Starting EM iter: 2
Estep
Estep runtime (s): 0.08708930015563965
Mstep
Optimizing phi
Optimizing branch lengths. Current phi: 0. Current nu:0.27275670811255465
Optimizing nu
Mstep runtime (s): 0.20428681373596191
Finished EM iter: 2. Current nllh: 7217.183858805392
Starting EM iter: 3
Estep
Estep runtime (s): 0.08500075340270996
Mstep
Optimizing phi
Optimizing branch lengths. Current phi: 0. Current nu:0.26883294110150546
Optimizing nu
Mstep runtime (s): 0.19587302207946777
Finished EM iter: 3. Current nllh: 7214.663679248607
Starting EM iter: 4
Estep
Estep runtime (s): 0.08504891395568848
Mstep
Optimizing phi
Optimizing branch lengths. Current phi: 0. Current nu:0.26676883523366685
Optimizing nu
Mstep runtime (s): 0.21714377403259277
Finished EM iter: 4. Current nllh: 7214.475051958539
Starting EM iter: 5
Estep
Estep runtime (s): 0.08504104614257812
Mstep
Optimizing phi
Optimizing branch lengths. Current phi: 0. Current nu:0.26600240204050957
Optimizing nu
Mstep runtime (s): 0.23405075073242188
Finished EM iter: 5. Current nllh: 7214.414525461269
Starting EM iter: 6
Estep
Estep runtime (s): 0.08556294441223145
Mstep
Optimizing phi
Optimizing branch lengths. Current phi: 0. Current nu:0.26574727780122137
Optimizing nu
Mstep runtime (s): 0.22748184204101562
Finished EM iter: 6. Current nllh: 7214.381361515894
Starting EM iter: 7
Estep
Estep runtime (s): 0.0851750373840332
Mstep
Optimizing phi
Optimizing branch lengths. Current phi: 0. Current nu:0.26566108717451425
Optimizing nu
Mstep runtime (s): 0.24134016036987305
Finished EM iter: 7. Current nllh: 7214.359907428125
Starting EM iter: 8
Estep
Estep runtime (s): 0.08507204055786133
Mstep
Optimizing phi
Optimizing branch lengths. Current phi: 0. Current nu:0.2656304037974769
Optimizing nu
Mstep runtime (s): 0.20716404914855957
Finished EM iter: 8. Current nllh: 7214.344894885669
Starting EM iter: 9
Estep
Estep runtime (s): 0.08535599708557129
Mstep
Optimizing phi
Optimizing branch lengths. Current phi: 0. Current nu:0.2656188819250568
Optimizing nu
Mstep runtime (s): 0.22175264358520508
Finished EM iter: 9. Current nllh: 7214.334336785279
Starting EM iter: 10
Estep
Estep runtime (s): 0.08499908447265625
Mstep
Optimizing phi
Optimizing branch lengths. Current phi: 0. Current nu:0.26561398349408155
Optimizing nu
Mstep runtime (s): 0.18754220008850098
Finished EM iter: 10. Current nllh: 7214.327739080372
Starting EM iter: 11
Estep
Estep runtime (s): 0.08530712127685547
Mstep
Optimizing phi
Optimizing branch lengths. Current phi: 0. Current nu:0.2656102968430544
Optimizing nu
Mstep runtime (s): 0.24843096733093262
Finished EM iter: 11. Current nllh: 7214.3277890377785
EM finished after 11 iterations.
Optimal phi: 0. Optimal nu: 0.26560527303873155. Optimal nllh: 7214.3277890377785
Optimal point found for initial point 1
Numerical optimization finished successfully
Tree height pre-scaling: 0.7105055476377479, input timescale: 1.0
Tree height after scaling: 1.0, mutation rate: 0.7105055476377479
Tree height pre-scaling: 0.7105055476502959, input timescale: 1.0
Tree height after scaling: 1.0, mutation rate: 0.7105055476502959
Tree height pre-scaling: 0.7105055476927954, input timescale: 1.0
Tree height after scaling: 1.0, mutation rate: 0.7105055476927954
Tree height pre-scaling: 0.7105055477572839, input timescale: 1.0
Tree height after scaling: 1.0, mutation rate: 0.7105055477572839
Tree height pre-scaling: 0.7105055477355647, input timescale: 1.0
Tree height after scaling: 0.9999999999999999, mutation rate: 0.7105055477355647
Tree height pre-scaling: 0.7105055476046002, input timescale: 1.0
Tree height after scaling: 0.9999999999999999, mutation rate: 0.7105055476046002
Tree height pre-scaling: 0.7105055476340372, input timescale: 1.0
Tree height after scaling: 1.0, mutation rate: 0.7105055476340372
Tree height pre-scaling: 0.7105055476701913, input timescale: 1.0
Tree height after scaling: 1.0, mutation rate: 0.7105055476701913
Tree height pre-scaling: 0.7105055476790797, input timescale: 1.0
Tree height after scaling: 1.0, mutation rate: 0.7105055476790797
Tree height pre-scaling: 0.7105055476204296, input timescale: 1.0
Tree height after scaling: 1.0, mutation rate: 0.7105055476204296
Tree height pre-scaling: 0.7105055477764339, input timescale: 1.0
Tree height after scaling: 1.0, mutation rate: 0.7105055477764339
Tree height pre-scaling: 0.71050554763308, input timescale: 1.0
Tree height after scaling: 1.0, mutation rate: 0.71050554763308
Tree height pre-scaling: 0.710505547596683, input timescale: 1.0
Tree height after scaling: 1.0, mutation rate: 0.710505547596683
Runtime (s): 3.7373685419999996
