Launching LAML version 0.0.4
LAML was called as follows: /Users/uym2/my_gits/LAML/run_laml.py -c ../../evaluation/Bar11/Bar11_character_matrix.txt -t place_outlier2/augmented_tree_124.nwk -o place_outlier2/augmented_tree_124_optimized -v -p ../../evaluation/Bar11/Bar11_priors.pickle --delimiter tab -m -1 --nInitials 1
Prior keys mismatch with site names.
Prior keys: [0, 1, 2, 3, 4, 5, 6, 7, 8, 9, 10, 11, 12, 13, 14, 15, 16, 17, 18, 19, 20, 21, 22, 23, 24, 25, 26]
Site names: ['r1', 'r2', 'r3', 'r4', 'r5', 'r6', 'r7', 'r8', 'r9', 'r10', 'r11', 'r12', 'r13', 'r14', 'r15', 'r16', 'r17', 'r18', 'r19', 'r20', 'r21', 'r22', 'r23', 'r24', 'r25', 'r26', 'r27']
Attempting to infer mapping between site names and prior keys...
{'r1': 0, 'r2': 1, 'r3': 2, 'r4': 3, 'r5': 4, 'r6': 5, 'r7': 6, 'r8': 7, 'r9': 8, 'r10': 9, 'r11': 10, 'r12': 11, 'r13': 12, 'r14': 13, 'r15': 14, 'r16': 15, 'r17': 16, 'r18': 17, 'r19': 18, 'r20': 19, 'r21': 20, 'r22': 21, 'r23': 22, 'r24': 23, 'r25': 24, 'r26': 25, 'r27': 26}
Optimizing branch lengths, phi, and nu without topology search
Optimization by EM algorithm
Optimization start with 1 initials
Initial point 1. Random seed: 999
Numerical optimization started with ultrametric constraint (default)
Initial phi: 0. Initial nu: 0.26955655566205877. Initial nllh: 8751.567593384665
Starting EM iter: 1
Estep
Estep runtime (s): 0.06231093406677246
Mstep
Optimizing phi
Optimizing branch lengths. Current phi: 0. Current nu:0.26955655566205877
Optimizing nu
Mstep runtime (s): 0.25430989265441895
Finished EM iter: 1. Current nllh: 7211.42290511207
Starting EM iter: 2
Estep
Estep runtime (s): 0.08467602729797363
Mstep
Optimizing phi
Optimizing branch lengths. Current phi: 0. Current nu:0.2713826169228796
Optimizing nu
Mstep runtime (s): 0.19698786735534668
Finished EM iter: 2. Current nllh: 7193.542740120722
Starting EM iter: 3
Estep
Estep runtime (s): 0.0843350887298584
Mstep
Optimizing phi
Optimizing branch lengths. Current phi: 0. Current nu:0.26863712214364205
Optimizing nu
Mstep runtime (s): 0.19276809692382812
Finished EM iter: 3. Current nllh: 7191.256981131357
Starting EM iter: 4
Estep
Estep runtime (s): 0.08465933799743652
Mstep
Optimizing phi
Optimizing branch lengths. Current phi: 0. Current nu:0.26689748556518167
Optimizing nu
Mstep runtime (s): 0.19402766227722168
Finished EM iter: 4. Current nllh: 7190.866114085222
Starting EM iter: 5
Estep
Estep runtime (s): 0.08582901954650879
Mstep
Optimizing phi
Optimizing branch lengths. Current phi: 0. Current nu:0.26608353786480726
Optimizing nu
Mstep runtime (s): 0.1832408905029297
Finished EM iter: 5. Current nllh: 7190.758570316187
Starting EM iter: 6
Estep
Estep runtime (s): 0.08493423461914062
Mstep
Optimizing phi
Optimizing branch lengths. Current phi: 0. Current nu:0.26573824464075596
Optimizing nu
Mstep runtime (s): 0.19551324844360352
Finished EM iter: 6. Current nllh: 7190.711399351733
Starting EM iter: 7
Estep
Estep runtime (s): 0.0840902328491211
Mstep
Optimizing phi
Optimizing branch lengths. Current phi: 0. Current nu:0.26559589629853503
Optimizing nu
Mstep runtime (s): 0.2136528491973877
Finished EM iter: 7. Current nllh: 7190.685421555871
Starting EM iter: 8
Estep
Estep runtime (s): 0.08435606956481934
Mstep
Optimizing phi
Optimizing branch lengths. Current phi: 0. Current nu:0.2655367172892248
Optimizing nu
Mstep runtime (s): 0.2054917812347412
Finished EM iter: 8. Current nllh: 7190.668991436153
Starting EM iter: 9
Estep
Estep runtime (s): 0.08465909957885742
Mstep
Optimizing phi
Optimizing branch lengths. Current phi: 0. Current nu:0.2655091852811774
Optimizing nu
Mstep runtime (s): 0.19579195976257324
Finished EM iter: 9. Current nllh: 7190.657947557557
Starting EM iter: 10
Estep
Estep runtime (s): 0.08505010604858398
Mstep
Optimizing phi
Optimizing branch lengths. Current phi: 0. Current nu:0.26549892819418397
Optimizing nu
Mstep runtime (s): 0.21057796478271484
Finished EM iter: 10. Current nllh: 7190.651253379615
Starting EM iter: 11
Estep
Estep runtime (s): 0.08484387397766113
Mstep
Optimizing phi
Optimizing branch lengths. Current phi: 0. Current nu:0.26549151947544203
Optimizing nu
Mstep runtime (s): 0.18276405334472656
Finished EM iter: 11. Current nllh: 7190.651172218344
Starting EM iter: 12
Estep
Estep runtime (s): 0.08381223678588867
Mstep
Optimizing phi
Optimizing branch lengths. Current phi: 0. Current nu:0.2654870831820831
Optimizing nu
Mstep runtime (s): 0.19636893272399902
Finished EM iter: 12. Current nllh: 7190.651171097269
EM finished after 12 iterations.
Optimal phi: 0. Optimal nu: 0.26548521420838644. Optimal nllh: 7190.651171097269
Optimal point found for initial point 1
Numerical optimization finished successfully
Tree height pre-scaling: 0.7145726751921685, input timescale: 1.0
Tree height after scaling: 1.0, mutation rate: 0.7145726751921685
Tree height pre-scaling: 0.714572675515633, input timescale: 1.0
Tree height after scaling: 1.0, mutation rate: 0.714572675515633
Tree height pre-scaling: 0.7145726751324748, input timescale: 1.0
Tree height after scaling: 1.0, mutation rate: 0.7145726751324748
Tree height pre-scaling: 0.7145726760173022, input timescale: 1.0
Tree height after scaling: 1.0, mutation rate: 0.7145726760173022
Tree height pre-scaling: 0.7145726750369058, input timescale: 1.0
Tree height after scaling: 1.0, mutation rate: 0.7145726750369058
Tree height pre-scaling: 0.7145726755439206, input timescale: 1.0
Tree height after scaling: 1.0, mutation rate: 0.7145726755439206
Tree height pre-scaling: 0.71457267594321, input timescale: 1.0
Tree height after scaling: 0.9999999999999999, mutation rate: 0.71457267594321
Tree height pre-scaling: 0.7145726751159316, input timescale: 1.0
Tree height after scaling: 1.0, mutation rate: 0.7145726751159316
Tree height pre-scaling: 0.7145726749239447, input timescale: 1.0
Tree height after scaling: 1.0, mutation rate: 0.7145726749239447
Tree height pre-scaling: 0.714572675293293, input timescale: 1.0
Tree height after scaling: 1.0, mutation rate: 0.714572675293293
Tree height pre-scaling: 0.7145726755073898, input timescale: 1.0
Tree height after scaling: 1.0000000000000002, mutation rate: 0.7145726755073898
Tree height pre-scaling: 0.7145726759766906, input timescale: 1.0
Tree height after scaling: 1.0, mutation rate: 0.7145726759766906
Tree height pre-scaling: 0.7145726752959717, input timescale: 1.0
Tree height after scaling: 1.0, mutation rate: 0.7145726752959717
Runtime (s): 3.8635470829999994
