Launching LAML version 0.0.4
LAML was called as follows: /Users/uym2/my_gits/LAML/run_laml.py -c ../../evaluation/Bar11/Bar11_character_matrix.txt -t place_outlier2/augmented_tree_168.nwk -o place_outlier2/augmented_tree_168_optimized -v -p ../../evaluation/Bar11/Bar11_priors.pickle --delimiter tab -m -1 --nInitials 1
Prior keys mismatch with site names.
Prior keys: [0, 1, 2, 3, 4, 5, 6, 7, 8, 9, 10, 11, 12, 13, 14, 15, 16, 17, 18, 19, 20, 21, 22, 23, 24, 25, 26]
Site names: ['r1', 'r2', 'r3', 'r4', 'r5', 'r6', 'r7', 'r8', 'r9', 'r10', 'r11', 'r12', 'r13', 'r14', 'r15', 'r16', 'r17', 'r18', 'r19', 'r20', 'r21', 'r22', 'r23', 'r24', 'r25', 'r26', 'r27']
Attempting to infer mapping between site names and prior keys...
{'r1': 0, 'r2': 1, 'r3': 2, 'r4': 3, 'r5': 4, 'r6': 5, 'r7': 6, 'r8': 7, 'r9': 8, 'r10': 9, 'r11': 10, 'r12': 11, 'r13': 12, 'r14': 13, 'r15': 14, 'r16': 15, 'r17': 16, 'r18': 17, 'r19': 18, 'r20': 19, 'r21': 20, 'r22': 21, 'r23': 22, 'r24': 23, 'r25': 24, 'r26': 25, 'r27': 26}
Optimizing branch lengths, phi, and nu without topology search
Optimization by EM algorithm
Optimization start with 1 initials
Initial point 1. Random seed: 8789
Numerical optimization started with ultrametric constraint (default)
Initial phi: 0. Initial nu: 0.26955655566205877. Initial nllh: 8469.32546705065
Starting EM iter: 1
Estep
Estep runtime (s): 0.06381011009216309
Mstep
Optimizing phi
Optimizing branch lengths. Current phi: 0. Current nu:0.26955655566205877
Optimizing nu
Mstep runtime (s): 0.2307429313659668
Finished EM iter: 1. Current nllh: 7105.453782947641
Starting EM iter: 2
Estep
Estep runtime (s): 0.08652067184448242
Mstep
Optimizing phi
Optimizing branch lengths. Current phi: 0. Current nu:0.2747006102637671
Optimizing nu
Mstep runtime (s): 0.2149031162261963
Finished EM iter: 2. Current nllh: 7088.398908886197
Starting EM iter: 3
Estep
Estep runtime (s): 0.08673286437988281
Mstep
Optimizing phi
Optimizing branch lengths. Current phi: 0. Current nu:0.27343953203459814
Optimizing nu
Mstep runtime (s): 0.21432924270629883
Finished EM iter: 3. Current nllh: 7086.087570912067
Starting EM iter: 4
Estep
Estep runtime (s): 0.08670330047607422
Mstep
Optimizing phi
Optimizing branch lengths. Current phi: 0. Current nu:0.2722973181708494
Optimizing nu
Mstep runtime (s): 0.22417521476745605
Finished EM iter: 4. Current nllh: 7085.657338878095
Starting EM iter: 5
Estep
Estep runtime (s): 0.08661413192749023
Mstep
Optimizing phi
Optimizing branch lengths. Current phi: 0. Current nu:0.27169938087445206
Optimizing nu
Mstep runtime (s): 0.1967470645904541
Finished EM iter: 5. Current nllh: 7085.544900991964
Starting EM iter: 6
Estep
Estep runtime (s): 0.08662819862365723
Mstep
Optimizing phi
Optimizing branch lengths. Current phi: 0. Current nu:0.2714284642937507
Optimizing nu
Mstep runtime (s): 0.1977231502532959
Finished EM iter: 6. Current nllh: 7085.495949259547
Starting EM iter: 7
Estep
Estep runtime (s): 0.08690476417541504
Mstep
Optimizing phi
Optimizing branch lengths. Current phi: 0. Current nu:0.27131521565900535
Optimizing nu
Mstep runtime (s): 0.2219080924987793
Finished EM iter: 7. Current nllh: 7085.469297631656
Starting EM iter: 8
Estep
Estep runtime (s): 0.08682489395141602
Mstep
Optimizing phi
Optimizing branch lengths. Current phi: 0. Current nu:0.2712670710199915
Optimizing nu
Mstep runtime (s): 0.23032569885253906
Finished EM iter: 8. Current nllh: 7085.452672637297
Starting EM iter: 9
Estep
Estep runtime (s): 0.08688092231750488
Mstep
Optimizing phi
Optimizing branch lengths. Current phi: 0. Current nu:0.2712469204142951
Optimizing nu
Mstep runtime (s): 0.18999099731445312
Finished EM iter: 9. Current nllh: 7085.4414964872585
Starting EM iter: 10
Estep
Estep runtime (s): 0.08686995506286621
Mstep
Optimizing phi
Optimizing branch lengths. Current phi: 0. Current nu:0.27123882529718435
Optimizing nu
Mstep runtime (s): 0.18879199028015137
Finished EM iter: 10. Current nllh: 7085.4350732092025
Starting EM iter: 11
Estep
Estep runtime (s): 0.08696818351745605
Mstep
Optimizing phi
Optimizing branch lengths. Current phi: 0. Current nu:0.27123436420918634
Optimizing nu
Mstep runtime (s): 0.21495413780212402
Finished EM iter: 11. Current nllh: 7085.43495830843
Starting EM iter: 12
Estep
Estep runtime (s): 0.08705496788024902
Mstep
Optimizing phi
Optimizing branch lengths. Current phi: 0. Current nu:0.27122908379617
Optimizing nu
Mstep runtime (s): 0.21808171272277832
Finished EM iter: 12. Current nllh: 7085.434967263814
EM finished after 12 iterations.
Optimal phi: 0. Optimal nu: 0.27122667222640445. Optimal nllh: 7085.434967263814
Optimal point found for initial point 1
Numerical optimization finished successfully
Tree height pre-scaling: 0.7070065230627584, input timescale: 1.0
Tree height after scaling: 1.0, mutation rate: 0.7070065230627584
Tree height pre-scaling: 0.7070065235895524, input timescale: 1.0
Tree height after scaling: 1.0, mutation rate: 0.7070065235895524
Tree height pre-scaling: 0.7070065229774112, input timescale: 1.0
Tree height after scaling: 1.0, mutation rate: 0.7070065229774112
Tree height pre-scaling: 0.7070065245283876, input timescale: 1.0
Tree height after scaling: 1.0, mutation rate: 0.7070065245283876
Tree height pre-scaling: 0.7070065228370688, input timescale: 1.0
Tree height after scaling: 1.0, mutation rate: 0.7070065228370688
Tree height pre-scaling: 0.707006523649444, input timescale: 1.0
Tree height after scaling: 1.0, mutation rate: 0.707006523649444
Tree height pre-scaling: 0.7070065243309566, input timescale: 1.0
Tree height after scaling: 1.0, mutation rate: 0.7070065243309566
Tree height pre-scaling: 0.7070065229694285, input timescale: 1.0
Tree height after scaling: 1.0, mutation rate: 0.7070065229694285
Tree height pre-scaling: 0.7070065232209636, input timescale: 1.0
Tree height after scaling: 1.0, mutation rate: 0.7070065232209636
Tree height pre-scaling: 0.7070065236856053, input timescale: 1.0
Tree height after scaling: 1.0, mutation rate: 0.7070065236856053
Tree height pre-scaling: 0.7070065245060045, input timescale: 1.0
Tree height after scaling: 1.0, mutation rate: 0.7070065245060045
Tree height pre-scaling: 0.7070065242618658, input timescale: 1.0
Tree height after scaling: 1.0, mutation rate: 0.7070065242618658
Tree height pre-scaling: 0.7070065221893496, input timescale: 1.0
Tree height after scaling: 1.0, mutation rate: 0.7070065221893496
Runtime (s): 4.012930625
