Launching LAML version 0.0.4
LAML was called as follows: /Users/uym2/my_gits/LAML/run_laml.py -c ../../evaluation/Bar11/Bar11_character_matrix.txt -t place_outlier2/augmented_tree_320.nwk -o place_outlier2/augmented_tree_320_optimized -v -p ../../evaluation/Bar11/Bar11_priors.pickle --delimiter tab -m -1 --nInitials 1
Prior keys mismatch with site names.
Prior keys: [0, 1, 2, 3, 4, 5, 6, 7, 8, 9, 10, 11, 12, 13, 14, 15, 16, 17, 18, 19, 20, 21, 22, 23, 24, 25, 26]
Site names: ['r1', 'r2', 'r3', 'r4', 'r5', 'r6', 'r7', 'r8', 'r9', 'r10', 'r11', 'r12', 'r13', 'r14', 'r15', 'r16', 'r17', 'r18', 'r19', 'r20', 'r21', 'r22', 'r23', 'r24', 'r25', 'r26', 'r27']
Attempting to infer mapping between site names and prior keys...
{'r1': 0, 'r2': 1, 'r3': 2, 'r4': 3, 'r5': 4, 'r6': 5, 'r7': 6, 'r8': 7, 'r9': 8, 'r10': 9, 'r11': 10, 'r12': 11, 'r13': 12, 'r14': 13, 'r15': 14, 'r16': 15, 'r17': 16, 'r18': 17, 'r19': 18, 'r20': 19, 'r21': 20, 'r22': 21, 'r23': 22, 'r24': 23, 'r25': 24, 'r26': 25, 'r27': 26}
Optimizing branch lengths, phi, and nu without topology search
Optimization by EM algorithm
Optimization start with 1 initials
Initial point 1. Random seed: 5034
Numerical optimization started with ultrametric constraint (default)
Initial phi: 0. Initial nu: 0.26955655566205877. Initial nllh: 8584.30704957204
Starting EM iter: 1
Estep
Estep runtime (s): 0.06366896629333496
Mstep
Optimizing phi
Optimizing branch lengths. Current phi: 0. Current nu:0.26955655566205877
Optimizing nu
Mstep runtime (s): 0.24929404258728027
Finished EM iter: 1. Current nllh: 7169.288497348172
Starting EM iter: 2
Estep
Estep runtime (s): 0.0852200984954834
Mstep
Optimizing phi
Optimizing branch lengths. Current phi: 0. Current nu:0.2779379721482925
Optimizing nu
Mstep runtime (s): 0.24178409576416016
Finished EM iter: 2. Current nllh: 7148.0061844302
Starting EM iter: 3
Estep
Estep runtime (s): 0.08532190322875977
Mstep
Optimizing phi
Optimizing branch lengths. Current phi: 0. Current nu:0.27522888183461763
Optimizing nu
Mstep runtime (s): 0.23460984230041504
Finished EM iter: 3. Current nllh: 7145.529516158493
Starting EM iter: 4
Estep
Estep runtime (s): 0.08555483818054199
Mstep
Optimizing phi
Optimizing branch lengths. Current phi: 0. Current nu:0.2729935720272945
Optimizing nu
Mstep runtime (s): 0.28420591354370117
Finished EM iter: 4. Current nllh: 7145.182726819223
Starting EM iter: 5
Estep
Estep runtime (s): 0.08559489250183105
Mstep
Optimizing phi
Optimizing branch lengths. Current phi: 0. Current nu:0.27203151895830796
Optimizing nu
Mstep runtime (s): 0.20242905616760254
Finished EM iter: 5. Current nllh: 7145.147324496114
Starting EM iter: 6
Estep
Estep runtime (s): 0.08583402633666992
Mstep
Optimizing phi
Optimizing branch lengths. Current phi: 0. Current nu:0.2716437617731447
Optimizing nu
Mstep runtime (s): 0.20408987998962402
Finished EM iter: 6. Current nllh: 7145.1361630990305
Starting EM iter: 7
Estep
Estep runtime (s): 0.08567094802856445
Mstep
Optimizing phi
Optimizing branch lengths. Current phi: 0. Current nu:0.2714955321023072
Optimizing nu
Mstep runtime (s): 0.20386004447937012
Finished EM iter: 7. Current nllh: 7145.128659304457
Starting EM iter: 8
Estep
Estep runtime (s): 0.08573508262634277
Mstep
Optimizing phi
Optimizing branch lengths. Current phi: 0. Current nu:0.2714379653101931
Optimizing nu
Mstep runtime (s): 0.20889806747436523
Finished EM iter: 8. Current nllh: 7145.128042280737
Starting EM iter: 9
Estep
Estep runtime (s): 0.08570694923400879
Mstep
Optimizing phi
Optimizing branch lengths. Current phi: 0. Current nu:0.2714099539885896
Optimizing nu
Mstep runtime (s): 0.19695782661437988
Finished EM iter: 9. Current nllh: 7145.128309902511
Starting EM iter: 10
Estep
Estep runtime (s): 0.08578705787658691
Mstep
Optimizing phi
Optimizing branch lengths. Current phi: 0. Current nu:0.2713992809237937
Optimizing nu
Mstep runtime (s): 0.21572089195251465
Finished EM iter: 10. Current nllh: 7145.128423188337
Starting EM iter: 11
Estep
Estep runtime (s): 0.08577585220336914
Mstep
Optimizing phi
Optimizing branch lengths. Current phi: 0. Current nu:0.27139479991511045
Optimizing nu
Mstep runtime (s): 0.18984413146972656
Finished EM iter: 11. Current nllh: 7145.128480267091
EM finished after 11 iterations.
Optimal phi: 0. Optimal nu: 0.27139274608050684. Optimal nllh: 7145.128480267091
Optimal point found for initial point 1
Numerical optimization finished successfully
Tree height pre-scaling: 0.714052389622946, input timescale: 1.0
Tree height after scaling: 1.0, mutation rate: 0.714052389622946
Tree height pre-scaling: 0.7140523898237339, input timescale: 1.0
Tree height after scaling: 1.0, mutation rate: 0.7140523898237339
Tree height pre-scaling: 0.7140523899909443, input timescale: 1.0
Tree height after scaling: 1.0, mutation rate: 0.7140523899909443
Tree height pre-scaling: 0.7140523898645645, input timescale: 1.0
Tree height after scaling: 1.0, mutation rate: 0.7140523898645645
Tree height pre-scaling: 0.7140523894795259, input timescale: 1.0
Tree height after scaling: 0.9999999999999998, mutation rate: 0.7140523894795259
Tree height pre-scaling: 0.7140523895993668, input timescale: 1.0
Tree height after scaling: 0.9999999999999999, mutation rate: 0.7140523895993668
Tree height pre-scaling: 0.7140523897022895, input timescale: 1.0
Tree height after scaling: 1.0, mutation rate: 0.7140523897022895
Tree height pre-scaling: 0.7140523897795438, input timescale: 1.0
Tree height after scaling: 1.0, mutation rate: 0.7140523897795438
Tree height pre-scaling: 0.7140523895467501, input timescale: 1.0
Tree height after scaling: 1.0, mutation rate: 0.7140523895467501
Tree height pre-scaling: 0.7140523901171387, input timescale: 1.0
Tree height after scaling: 1.0, mutation rate: 0.7140523901171387
Tree height pre-scaling: 0.7140523895966374, input timescale: 1.0
Tree height after scaling: 1.0, mutation rate: 0.7140523895966374
Tree height pre-scaling: 0.7140523896146178, input timescale: 1.0
Tree height after scaling: 1.0000000000000002, mutation rate: 0.7140523896146178
Tree height pre-scaling: 0.7140523894148888, input timescale: 1.0
Tree height after scaling: 1.0, mutation rate: 0.7140523894148888
Runtime (s): 3.7820996250000003
