Launching LAML version 0.0.4
LAML was called as follows: /Users/uym2/my_gits/LAML/run_laml.py -c ../../evaluation/Bar11/Bar11_character_matrix.txt -t place_outlier2/augmented_tree_27.nwk -o place_outlier2/augmented_tree_27_optimized -v -p ../../evaluation/Bar11/Bar11_priors.pickle --delimiter tab -m -1 --nInitials 1
Prior keys mismatch with site names.
Prior keys: [0, 1, 2, 3, 4, 5, 6, 7, 8, 9, 10, 11, 12, 13, 14, 15, 16, 17, 18, 19, 20, 21, 22, 23, 24, 25, 26]
Site names: ['r1', 'r2', 'r3', 'r4', 'r5', 'r6', 'r7', 'r8', 'r9', 'r10', 'r11', 'r12', 'r13', 'r14', 'r15', 'r16', 'r17', 'r18', 'r19', 'r20', 'r21', 'r22', 'r23', 'r24', 'r25', 'r26', 'r27']
Attempting to infer mapping between site names and prior keys...
{'r1': 0, 'r2': 1, 'r3': 2, 'r4': 3, 'r5': 4, 'r6': 5, 'r7': 6, 'r8': 7, 'r9': 8, 'r10': 9, 'r11': 10, 'r12': 11, 'r13': 12, 'r14': 13, 'r15': 14, 'r16': 15, 'r17': 16, 'r18': 17, 'r19': 18, 'r20': 19, 'r21': 20, 'r22': 21, 'r23': 22, 'r24': 23, 'r25': 24, 'r26': 25, 'r27': 26}
Optimizing branch lengths, phi, and nu without topology search
Optimization by EM algorithm
Optimization start with 1 initials
Initial point 1. Random seed: 9291
Numerical optimization started with ultrametric constraint (default)
Initial phi: 0. Initial nu: 0.26955655566205877. Initial nllh: 8739.250004679217
Starting EM iter: 1
Estep
Estep runtime (s): 0.0619969367980957
Mstep
Optimizing phi
Optimizing branch lengths. Current phi: 0. Current nu:0.26955655566205877
Optimizing nu
Mstep runtime (s): 0.2129197120666504
Finished EM iter: 1. Current nllh: 7277.601019354219
Starting EM iter: 2
Estep
Estep runtime (s): 0.08387112617492676
Mstep
Optimizing phi
Optimizing branch lengths. Current phi: 0. Current nu:0.2754022194554863
Optimizing nu
Mstep runtime (s): 0.22330808639526367
Finished EM iter: 2. Current nllh: 7255.058369743314
Starting EM iter: 3
Estep
Estep runtime (s): 0.08404397964477539
Mstep
Optimizing phi
Optimizing branch lengths. Current phi: 0. Current nu:0.27340939647992774
Optimizing nu
Mstep runtime (s): 0.2168869972229004
Finished EM iter: 3. Current nllh: 7248.715157134869
Starting EM iter: 4
Estep
Estep runtime (s): 0.08397316932678223
Mstep
Optimizing phi
Optimizing branch lengths. Current phi: 0. Current nu:0.2707509501037149
Optimizing nu
Mstep runtime (s): 0.19481110572814941
Finished EM iter: 4. Current nllh: 7247.777283788595
Starting EM iter: 5
Estep
Estep runtime (s): 0.0840921401977539
Mstep
Optimizing phi
Optimizing branch lengths. Current phi: 0. Current nu:0.26940663281452115
Optimizing nu
Mstep runtime (s): 0.1939229965209961
Finished EM iter: 5. Current nllh: 7247.621909539976
Starting EM iter: 6
Estep
Estep runtime (s): 0.08428406715393066
Mstep
Optimizing phi
Optimizing branch lengths. Current phi: 0. Current nu:0.26885388632474233
Optimizing nu
Mstep runtime (s): 0.242905855178833
Finished EM iter: 6. Current nllh: 7247.57020640439
Starting EM iter: 7
Estep
Estep runtime (s): 0.08430218696594238
Mstep
Optimizing phi
Optimizing branch lengths. Current phi: 0. Current nu:0.2686273946271526
Optimizing nu
Mstep runtime (s): 0.23253297805786133
Finished EM iter: 7. Current nllh: 7247.542146783177
Starting EM iter: 8
Estep
Estep runtime (s): 0.08405399322509766
Mstep
Optimizing phi
Optimizing branch lengths. Current phi: 0. Current nu:0.26853623712602076
Optimizing nu
Mstep runtime (s): 0.215224027633667
Finished EM iter: 8. Current nllh: 7247.524392267693
Starting EM iter: 9
Estep
Estep runtime (s): 0.08428788185119629
Mstep
Optimizing phi
Optimizing branch lengths. Current phi: 0. Current nu:0.26849805816508093
Optimizing nu
Mstep runtime (s): 0.2052290439605713
Finished EM iter: 9. Current nllh: 7247.512381061799
Starting EM iter: 10
Estep
Estep runtime (s): 0.08403611183166504
Mstep
Optimizing phi
Optimizing branch lengths. Current phi: 0. Current nu:0.26848137976787617
Optimizing nu
Mstep runtime (s): 0.22135233879089355
Finished EM iter: 10. Current nllh: 7247.503932477595
Starting EM iter: 11
Estep
Estep runtime (s): 0.0843508243560791
Mstep
Optimizing phi
Optimizing branch lengths. Current phi: 0. Current nu:0.2684724588680425
Optimizing nu
Mstep runtime (s): 0.22544002532958984
Finished EM iter: 11. Current nllh: 7247.5031681100145
Starting EM iter: 12
Estep
Estep runtime (s): 0.08434891700744629
Mstep
Optimizing phi
Optimizing branch lengths. Current phi: 0. Current nu:0.26846453965948597
Optimizing nu
Mstep runtime (s): 0.23760986328125
Finished EM iter: 12. Current nllh: 7247.5032652547425
Starting EM iter: 13
Estep
Estep runtime (s): 0.08463907241821289
Mstep
Optimizing phi
Optimizing branch lengths. Current phi: 0. Current nu:0.2684620456484956
Optimizing nu
Mstep runtime (s): 0.23262691497802734
Finished EM iter: 13. Current nllh: 7247.503204330509
EM finished after 13 iterations.
Optimal phi: 0. Optimal nu: 0.26845975598460947. Optimal nllh: 7247.503204330509
Optimal point found for initial point 1
Numerical optimization finished successfully
Tree height pre-scaling: 0.7131548466960873, input timescale: 1.0
Tree height after scaling: 0.9999999999999999, mutation rate: 0.7131548466960873
Tree height pre-scaling: 0.713154889417731, input timescale: 1.0
Tree height after scaling: 0.9999999999999999, mutation rate: 0.713154889417731
Tree height pre-scaling: 0.713154838065818, input timescale: 1.0
Tree height after scaling: 1.0, mutation rate: 0.713154838065818
Tree height pre-scaling: 0.7131549603997581, input timescale: 1.0
Tree height after scaling: 1.0, mutation rate: 0.7131549603997581
Tree height pre-scaling: 0.7131548247062449, input timescale: 1.0
Tree height after scaling: 1.0, mutation rate: 0.7131548247062449
Tree height pre-scaling: 0.7131548961652501, input timescale: 1.0
Tree height after scaling: 1.0, mutation rate: 0.7131548961652501
Tree height pre-scaling: 0.7131549464491658, input timescale: 1.0
Tree height after scaling: 1.0, mutation rate: 0.7131549464491658
Tree height pre-scaling: 0.7131548355286312, input timescale: 1.0
Tree height after scaling: 1.0, mutation rate: 0.7131548355286312
Tree height pre-scaling: 0.7131548085084649, input timescale: 1.0
Tree height after scaling: 0.9999999999999999, mutation rate: 0.7131548085084649
Tree height pre-scaling: 0.713154869216564, input timescale: 1.0
Tree height after scaling: 1.0, mutation rate: 0.713154869216564
Tree height pre-scaling: 0.7131549362844714, input timescale: 1.0
Tree height after scaling: 1.0, mutation rate: 0.7131549362844714
Tree height pre-scaling: 0.7131549095930774, input timescale: 1.0
Tree height after scaling: 1.0, mutation rate: 0.7131549095930774
Tree height pre-scaling: 0.7131548526664471, input timescale: 1.0
Tree height after scaling: 1.0, mutation rate: 0.7131548526664471
Runtime (s): 4.392018459
