Launching LAML version 0.0.4
LAML was called as follows: /Users/uym2/my_gits/LAML/run_laml.py -c ../../evaluation/Bar11/Bar11_character_matrix.txt -t place_outlier2/augmented_tree_282.nwk -o place_outlier2/augmented_tree_282_optimized -v -p ../../evaluation/Bar11/Bar11_priors.pickle --delimiter tab -m -1 --nInitials 1
Prior keys mismatch with site names.
Prior keys: [0, 1, 2, 3, 4, 5, 6, 7, 8, 9, 10, 11, 12, 13, 14, 15, 16, 17, 18, 19, 20, 21, 22, 23, 24, 25, 26]
Site names: ['r1', 'r2', 'r3', 'r4', 'r5', 'r6', 'r7', 'r8', 'r9', 'r10', 'r11', 'r12', 'r13', 'r14', 'r15', 'r16', 'r17', 'r18', 'r19', 'r20', 'r21', 'r22', 'r23', 'r24', 'r25', 'r26', 'r27']
Attempting to infer mapping between site names and prior keys...
{'r1': 0, 'r2': 1, 'r3': 2, 'r4': 3, 'r5': 4, 'r6': 5, 'r7': 6, 'r8': 7, 'r9': 8, 'r10': 9, 'r11': 10, 'r12': 11, 'r13': 12, 'r14': 13, 'r15': 14, 'r16': 15, 'r17': 16, 'r18': 17, 'r19': 18, 'r20': 19, 'r21': 20, 'r22': 21, 'r23': 22, 'r24': 23, 'r25': 24, 'r26': 25, 'r27': 26}
Optimizing branch lengths, phi, and nu without topology search
Optimization by EM algorithm
Optimization start with 1 initials
Initial point 1. Random seed: 8556
Numerical optimization started with ultrametric constraint (default)
Initial phi: 0. Initial nu: 0.26955655566205877. Initial nllh: 8574.392088411452
Starting EM iter: 1
Estep
Estep runtime (s): 0.0649421215057373
Mstep
Optimizing phi
Optimizing branch lengths. Current phi: 0. Current nu:0.26955655566205877
Optimizing nu
Mstep runtime (s): 0.2863647937774658
Finished EM iter: 1. Current nllh: 7231.033473772
Starting EM iter: 2
Estep
Estep runtime (s): 0.08524274826049805
Mstep
Optimizing phi
Optimizing branch lengths. Current phi: 0. Current nu:0.27477246983689063
Optimizing nu
Mstep runtime (s): 0.1978302001953125
Finished EM iter: 2. Current nllh: 7215.010609285514
Starting EM iter: 3
Estep
Estep runtime (s): 0.08516407012939453
Mstep
Optimizing phi
Optimizing branch lengths. Current phi: 0. Current nu:0.2711628319419871
Optimizing nu
Mstep runtime (s): 0.24140191078186035
Finished EM iter: 3. Current nllh: 7213.319869809655
Starting EM iter: 4
Estep
Estep runtime (s): 0.08544206619262695
Mstep
Optimizing phi
Optimizing branch lengths. Current phi: 0. Current nu:0.2690571265558732
Optimizing nu
Mstep runtime (s): 0.22317910194396973
Finished EM iter: 4. Current nllh: 7212.964927064315
Starting EM iter: 5
Estep
Estep runtime (s): 0.0850670337677002
Mstep
Optimizing phi
Optimizing branch lengths. Current phi: 0. Current nu:0.2681680950925472
Optimizing nu
Mstep runtime (s): 0.22714900970458984
Finished EM iter: 5. Current nllh: 7212.87673923656
Starting EM iter: 6
Estep
Estep runtime (s): 0.08519983291625977
Mstep
Optimizing phi
Optimizing branch lengths. Current phi: 0. Current nu:0.2677982863294756
Optimizing nu
Mstep runtime (s): 0.20120763778686523
Finished EM iter: 6. Current nllh: 7212.842894337771
Starting EM iter: 7
Estep
Estep runtime (s): 0.08527898788452148
Mstep
Optimizing phi
Optimizing branch lengths. Current phi: 0. Current nu:0.26764919855114494
Optimizing nu
Mstep runtime (s): 0.21605587005615234
Finished EM iter: 7. Current nllh: 7212.824476133355
Starting EM iter: 8
Estep
Estep runtime (s): 0.08550286293029785
Mstep
Optimizing phi
Optimizing branch lengths. Current phi: 0. Current nu:0.26758569658240916
Optimizing nu
Mstep runtime (s): 0.19858503341674805
Finished EM iter: 8. Current nllh: 7212.813008204439
Starting EM iter: 9
Estep
Estep runtime (s): 0.08533120155334473
Mstep
Optimizing phi
Optimizing branch lengths. Current phi: 0. Current nu:0.26755994971413166
Optimizing nu
Mstep runtime (s): 0.21225285530090332
Finished EM iter: 9. Current nllh: 7212.806321389568
Starting EM iter: 10
Estep
Estep runtime (s): 0.08545207977294922
Mstep
Optimizing phi
Optimizing branch lengths. Current phi: 0. Current nu:0.26754632670829837
Optimizing nu
Mstep runtime (s): 0.23275279998779297
Finished EM iter: 10. Current nllh: 7212.806193660662
Starting EM iter: 11
Estep
Estep runtime (s): 0.08537697792053223
Mstep
Optimizing phi
Optimizing branch lengths. Current phi: 0. Current nu:0.26753827450340273
Optimizing nu
Mstep runtime (s): 0.22928309440612793
Finished EM iter: 11. Current nllh: 7212.806066584589
Starting EM iter: 12
Estep
Estep runtime (s): 0.0852968692779541
Mstep
Optimizing phi
Optimizing branch lengths. Current phi: 0. Current nu:0.26753387152684033
Optimizing nu
Mstep runtime (s): 0.2052152156829834
Finished EM iter: 12. Current nllh: 7212.806168836763
Starting EM iter: 13
Estep
Estep runtime (s): 0.08540987968444824
Mstep
Optimizing phi
Optimizing branch lengths. Current phi: 0. Current nu:0.26753317811197774
Optimizing nu
Mstep runtime (s): 0.191666841506958
Finished EM iter: 13. Current nllh: 7212.806157034931
EM finished after 13 iterations.
Optimal phi: 0. Optimal nu: 0.267532932569112. Optimal nllh: 7212.806157034931
Optimal point found for initial point 1
Numerical optimization finished successfully
Tree height pre-scaling: 0.7193837731631976, input timescale: 1.0
Tree height after scaling: 1.0, mutation rate: 0.7193837731631976
Tree height pre-scaling: 0.7193837733685701, input timescale: 1.0
Tree height after scaling: 1.0, mutation rate: 0.7193837733685701
Tree height pre-scaling: 0.719383773134812, input timescale: 1.0
Tree height after scaling: 1.0, mutation rate: 0.719383773134812
Tree height pre-scaling: 0.7193837731739378, input timescale: 1.0
Tree height after scaling: 1.0, mutation rate: 0.7193837731739378
Tree height pre-scaling: 0.7193837734299944, input timescale: 1.0
Tree height after scaling: 0.9999999999999999, mutation rate: 0.7193837734299944
Tree height pre-scaling: 0.7193837736559855, input timescale: 1.0
Tree height after scaling: 1.0, mutation rate: 0.7193837736559855
Tree height pre-scaling: 0.7193837735386155, input timescale: 1.0
Tree height after scaling: 1.0, mutation rate: 0.7193837735386155
Tree height pre-scaling: 0.7193837729897095, input timescale: 1.0
Tree height after scaling: 1.0000000000000002, mutation rate: 0.7193837729897095
Tree height pre-scaling: 0.7193837731271447, input timescale: 1.0
Tree height after scaling: 1.0, mutation rate: 0.7193837731271447
Tree height pre-scaling: 0.7193837733150393, input timescale: 1.0
Tree height after scaling: 1.0, mutation rate: 0.7193837733150393
Tree height pre-scaling: 0.7193837733697992, input timescale: 1.0
Tree height after scaling: 1.0, mutation rate: 0.7193837733697992
Tree height pre-scaling: 0.7193837730574857, input timescale: 1.0
Tree height after scaling: 1.0, mutation rate: 0.7193837730574857
Tree height pre-scaling: 0.7193837739348147, input timescale: 1.0
Tree height after scaling: 1.0, mutation rate: 0.7193837739348147
Runtime (s): 4.422045375
