Launching LAML version 0.0.4
LAML was called as follows: /Users/uym2/my_gits/LAML/run_laml.py -c ../../evaluation/Bar11/Bar11_character_matrix.txt -t place_outlier2/augmented_tree_93.nwk -o place_outlier2/augmented_tree_93_optimized -v -p ../../evaluation/Bar11/Bar11_priors.pickle --delimiter tab -m -1 --nInitials 1
Prior keys mismatch with site names.
Prior keys: [0, 1, 2, 3, 4, 5, 6, 7, 8, 9, 10, 11, 12, 13, 14, 15, 16, 17, 18, 19, 20, 21, 22, 23, 24, 25, 26]
Site names: ['r1', 'r2', 'r3', 'r4', 'r5', 'r6', 'r7', 'r8', 'r9', 'r10', 'r11', 'r12', 'r13', 'r14', 'r15', 'r16', 'r17', 'r18', 'r19', 'r20', 'r21', 'r22', 'r23', 'r24', 'r25', 'r26', 'r27']
Attempting to infer mapping between site names and prior keys...
{'r1': 0, 'r2': 1, 'r3': 2, 'r4': 3, 'r5': 4, 'r6': 5, 'r7': 6, 'r8': 7, 'r9': 8, 'r10': 9, 'r11': 10, 'r12': 11, 'r13': 12, 'r14': 13, 'r15': 14, 'r16': 15, 'r17': 16, 'r18': 17, 'r19': 18, 'r20': 19, 'r21': 20, 'r22': 21, 'r23': 22, 'r24': 23, 'r25': 24, 'r26': 25, 'r27': 26}
Optimizing branch lengths, phi, and nu without topology search
Optimization by EM algorithm
Optimization start with 1 initials
Initial point 1. Random seed: 7062
Numerical optimization started with ultrametric constraint (default)
Initial phi: 0. Initial nu: 0.26955655566205877. Initial nllh: 8556.920422069254
Starting EM iter: 1
Estep
Estep runtime (s): 0.06115412712097168
Mstep
Optimizing phi
Optimizing branch lengths. Current phi: 0. Current nu:0.26955655566205877
Optimizing nu
Mstep runtime (s): 0.22208905220031738
Finished EM iter: 1. Current nllh: 7243.43960102291
Starting EM iter: 2
Estep
Estep runtime (s): 0.08366799354553223
Mstep
Optimizing phi
Optimizing branch lengths. Current phi: 0. Current nu:0.27988168265800706
Optimizing nu
Mstep runtime (s): 0.20713400840759277
Finished EM iter: 2. Current nllh: 7224.3086500196405
Starting EM iter: 3
Estep
Estep runtime (s): 0.0837397575378418
Mstep
Optimizing phi
Optimizing branch lengths. Current phi: 0. Current nu:0.2793099035350366
Optimizing nu
Mstep runtime (s): 0.19452595710754395
Finished EM iter: 3. Current nllh: 7220.655519301017
Starting EM iter: 4
Estep
Estep runtime (s): 0.08381485939025879
Mstep
Optimizing phi
Optimizing branch lengths. Current phi: 0. Current nu:0.2776061861470789
Optimizing nu
Mstep runtime (s): 0.19507503509521484
Finished EM iter: 4. Current nllh: 7219.9018202877105
Starting EM iter: 5
Estep
Estep runtime (s): 0.08392214775085449
Mstep
Optimizing phi
Optimizing branch lengths. Current phi: 0. Current nu:0.2766369124572649
Optimizing nu
Mstep runtime (s): 0.18499088287353516
Finished EM iter: 5. Current nllh: 7219.6674640101055
Starting EM iter: 6
Estep
Estep runtime (s): 0.08396196365356445
Mstep
Optimizing phi
Optimizing branch lengths. Current phi: 0. Current nu:0.27620563992127645
Optimizing nu
Mstep runtime (s): 0.20369315147399902
Finished EM iter: 6. Current nllh: 7219.597013914035
Starting EM iter: 7
Estep
Estep runtime (s): 0.08440494537353516
Mstep
Optimizing phi
Optimizing branch lengths. Current phi: 0. Current nu:0.27601152891453107
Optimizing nu
Mstep runtime (s): 0.19777584075927734
Finished EM iter: 7. Current nllh: 7219.5594562133865
Starting EM iter: 8
Estep
Estep runtime (s): 0.0841059684753418
Mstep
Optimizing phi
Optimizing branch lengths. Current phi: 0. Current nu:0.27593114560340365
Optimizing nu
Mstep runtime (s): 0.23223280906677246
Finished EM iter: 8. Current nllh: 7219.5360641406705
Starting EM iter: 9
Estep
Estep runtime (s): 0.0840158462524414
Mstep
Optimizing phi
Optimizing branch lengths. Current phi: 0. Current nu:0.27589614196052226
Optimizing nu
Mstep runtime (s): 0.23035788536071777
Finished EM iter: 9. Current nllh: 7219.520577140743
Starting EM iter: 10
Estep
Estep runtime (s): 0.08408927917480469
Mstep
Optimizing phi
Optimizing branch lengths. Current phi: 0. Current nu:0.2758811937504106
Optimizing nu
Mstep runtime (s): 0.2249290943145752
Finished EM iter: 10. Current nllh: 7219.5098254859495
Starting EM iter: 11
Estep
Estep runtime (s): 0.08405876159667969
Mstep
Optimizing phi
Optimizing branch lengths. Current phi: 0. Current nu:0.27587426422961714
Optimizing nu
Mstep runtime (s): 0.18195104598999023
Finished EM iter: 11. Current nllh: 7219.50396035089
Starting EM iter: 12
Estep
Estep runtime (s): 0.08410215377807617
Mstep
Optimizing phi
Optimizing branch lengths. Current phi: 0. Current nu:0.27586909588847136
Optimizing nu
Mstep runtime (s): 0.23896002769470215
Finished EM iter: 12. Current nllh: 7219.503916273202
EM finished after 12 iterations.
Optimal phi: 0. Optimal nu: 0.27586360259157955. Optimal nllh: 7219.503916273202
Optimal point found for initial point 1
Numerical optimization finished successfully
Tree height pre-scaling: 0.7113324697563559, input timescale: 1.0
Tree height after scaling: 1.0, mutation rate: 0.7113324697563559
Tree height pre-scaling: 0.7113324697735519, input timescale: 1.0
Tree height after scaling: 1.0000000000000002, mutation rate: 0.7113324697735519
Tree height pre-scaling: 0.7113324697525785, input timescale: 1.0
Tree height after scaling: 1.0, mutation rate: 0.7113324697525785
Tree height pre-scaling: 0.7113324698040547, input timescale: 1.0
Tree height after scaling: 1.0, mutation rate: 0.7113324698040547
Tree height pre-scaling: 0.7113324697477991, input timescale: 1.0
Tree height after scaling: 1.0, mutation rate: 0.7113324697477991
Tree height pre-scaling: 0.7113324697739589, input timescale: 1.0
Tree height after scaling: 1.0, mutation rate: 0.7113324697739589
Tree height pre-scaling: 0.7113324697973087, input timescale: 1.0
Tree height after scaling: 1.0000000000000002, mutation rate: 0.7113324697973087
Tree height pre-scaling: 0.7113324697521737, input timescale: 1.0
Tree height after scaling: 1.0, mutation rate: 0.7113324697521737
Tree height pre-scaling: 0.7113324697408957, input timescale: 1.0
Tree height after scaling: 1.0, mutation rate: 0.7113324697408957
Tree height pre-scaling: 0.7113324697640464, input timescale: 1.0
Tree height after scaling: 1.0, mutation rate: 0.7113324697640464
Tree height pre-scaling: 0.7113324697598349, input timescale: 1.0
Tree height after scaling: 1.0, mutation rate: 0.7113324697598349
Tree height pre-scaling: 0.7113324697773129, input timescale: 1.0
Tree height after scaling: 1.0, mutation rate: 0.7113324697773129
Tree height pre-scaling: 0.7113324697714535, input timescale: 1.0
Tree height after scaling: 1.0, mutation rate: 0.7113324697714535
Runtime (s): 3.9440375000000003
