Launching LAML version 0.0.4
LAML was called as follows: /Users/uym2/my_gits/LAML/run_laml.py -c ../../evaluation/Bar11/Bar11_character_matrix.txt -t place_outlier2/augmented_tree_85.nwk -o place_outlier2/augmented_tree_85_optimized -v -p ../../evaluation/Bar11/Bar11_priors.pickle --delimiter tab -m -1 --nInitials 1
Prior keys mismatch with site names.
Prior keys: [0, 1, 2, 3, 4, 5, 6, 7, 8, 9, 10, 11, 12, 13, 14, 15, 16, 17, 18, 19, 20, 21, 22, 23, 24, 25, 26]
Site names: ['r1', 'r2', 'r3', 'r4', 'r5', 'r6', 'r7', 'r8', 'r9', 'r10', 'r11', 'r12', 'r13', 'r14', 'r15', 'r16', 'r17', 'r18', 'r19', 'r20', 'r21', 'r22', 'r23', 'r24', 'r25', 'r26', 'r27']
Attempting to infer mapping between site names and prior keys...
{'r1': 0, 'r2': 1, 'r3': 2, 'r4': 3, 'r5': 4, 'r6': 5, 'r7': 6, 'r8': 7, 'r9': 8, 'r10': 9, 'r11': 10, 'r12': 11, 'r13': 12, 'r14': 13, 'r15': 14, 'r16': 15, 'r17': 16, 'r18': 17, 'r19': 18, 'r20': 19, 'r21': 20, 'r22': 21, 'r23': 22, 'r24': 23, 'r25': 24, 'r26': 25, 'r27': 26}
Optimizing branch lengths, phi, and nu without topology search
Optimization by EM algorithm
Optimization start with 1 initials
Initial point 1. Random seed: 5792
Numerical optimization started with ultrametric constraint (default)
Initial phi: 0. Initial nu: 0.26955655566205877. Initial nllh: 8539.28195882955
Starting EM iter: 1
Estep
Estep runtime (s): 0.06270909309387207
Mstep
Optimizing phi
Optimizing branch lengths. Current phi: 0. Current nu:0.26955655566205877
Optimizing nu
Mstep runtime (s): 0.24065184593200684
Finished EM iter: 1. Current nllh: 7185.379637663022
Starting EM iter: 2
Estep
Estep runtime (s): 0.08455586433410645
Mstep
Optimizing phi
Optimizing branch lengths. Current phi: 0. Current nu:0.27308255073628823
Optimizing nu
Mstep runtime (s): 0.20128107070922852
Finished EM iter: 2. Current nllh: 7165.195132119482
Starting EM iter: 3
Estep
Estep runtime (s): 0.08464384078979492
Mstep
Optimizing phi
Optimizing branch lengths. Current phi: 0. Current nu:0.2705468451242843
Optimizing nu
Mstep runtime (s): 0.2560436725616455
Finished EM iter: 3. Current nllh: 7161.548050924206
Starting EM iter: 4
Estep
Estep runtime (s): 0.0848398208618164
Mstep
Optimizing phi
Optimizing branch lengths. Current phi: 0. Current nu:0.2683687254285084
Optimizing nu
Mstep runtime (s): 0.2330780029296875
Finished EM iter: 4. Current nllh: 7160.864937334151
Starting EM iter: 5
Estep
Estep runtime (s): 0.08479118347167969
Mstep
Optimizing phi
Optimizing branch lengths. Current phi: 0. Current nu:0.2672764111930067
Optimizing nu
Mstep runtime (s): 0.20426511764526367
Finished EM iter: 5. Current nllh: 7160.696034400949
Starting EM iter: 6
Estep
Estep runtime (s): 0.08484506607055664
Mstep
Optimizing phi
Optimizing branch lengths. Current phi: 0. Current nu:0.2668088080369987
Optimizing nu
Mstep runtime (s): 0.20606684684753418
Finished EM iter: 6. Current nllh: 7160.639571333497
Starting EM iter: 7
Estep
Estep runtime (s): 0.08493280410766602
Mstep
Optimizing phi
Optimizing branch lengths. Current phi: 0. Current nu:0.2666159421820452
Optimizing nu
Mstep runtime (s): 0.19705796241760254
Finished EM iter: 7. Current nllh: 7160.608869015126
Starting EM iter: 8
Estep
Estep runtime (s): 0.08498406410217285
Mstep
Optimizing phi
Optimizing branch lengths. Current phi: 0. Current nu:0.26653643576766606
Optimizing nu
Mstep runtime (s): 0.2143690586090088
Finished EM iter: 8. Current nllh: 7160.589456121346
Starting EM iter: 9
Estep
Estep runtime (s): 0.08488011360168457
Mstep
Optimizing phi
Optimizing branch lengths. Current phi: 0. Current nu:0.26650272434403777
Optimizing nu
Mstep runtime (s): 0.2504570484161377
Finished EM iter: 9. Current nllh: 7160.576483412848
Starting EM iter: 10
Estep
Estep runtime (s): 0.08499908447265625
Mstep
Optimizing phi
Optimizing branch lengths. Current phi: 0. Current nu:0.26648855268816335
Optimizing nu
Mstep runtime (s): 0.2595808506011963
Finished EM iter: 10. Current nllh: 7160.569572899705
Starting EM iter: 11
Estep
Estep runtime (s): 0.08503913879394531
Mstep
Optimizing phi
Optimizing branch lengths. Current phi: 0. Current nu:0.2664802278307272
Optimizing nu
Mstep runtime (s): 0.18302226066589355
Finished EM iter: 11. Current nllh: 7160.569628083367
EM finished after 11 iterations.
Optimal phi: 0. Optimal nu: 0.26647334669528255. Optimal nllh: 7160.569628083367
Optimal point found for initial point 1
Numerical optimization finished successfully
Tree height pre-scaling: 0.7119292432149338, input timescale: 1.0
Tree height after scaling: 1.0, mutation rate: 0.7119292432149338
Tree height pre-scaling: 0.7119292434178537, input timescale: 1.0
Tree height after scaling: 1.0, mutation rate: 0.7119292434178537
Tree height pre-scaling: 0.7119292431747742, input timescale: 1.0
Tree height after scaling: 0.9999999999999999, mutation rate: 0.7119292431747742
Tree height pre-scaling: 0.7119292437725109, input timescale: 1.0
Tree height after scaling: 1.0, mutation rate: 0.7119292437725109
Tree height pre-scaling: 0.7119292431223337, input timescale: 1.0
Tree height after scaling: 1.0, mutation rate: 0.7119292431223337
Tree height pre-scaling: 0.7119292434238137, input timescale: 1.0
Tree height after scaling: 1.0, mutation rate: 0.7119292434238137
Tree height pre-scaling: 0.711929243704803, input timescale: 1.0
Tree height after scaling: 1.0, mutation rate: 0.711929243704803
Tree height pre-scaling: 0.7119292431727537, input timescale: 1.0
Tree height after scaling: 1.0, mutation rate: 0.7119292431727537
Tree height pre-scaling: 0.7119292430444929, input timescale: 1.0
Tree height after scaling: 1.0, mutation rate: 0.7119292430444929
Tree height pre-scaling: 0.7119292433672662, input timescale: 1.0
Tree height after scaling: 1.0, mutation rate: 0.7119292433672662
Tree height pre-scaling: 0.7119292432832984, input timescale: 1.0
Tree height after scaling: 0.9999999999999999, mutation rate: 0.7119292432832984
Tree height pre-scaling: 0.7119292434587123, input timescale: 1.0
Tree height after scaling: 1.0, mutation rate: 0.7119292434587123
Tree height pre-scaling: 0.7119292432390043, input timescale: 1.0
Tree height after scaling: 1.0, mutation rate: 0.7119292432390043
Runtime (s): 3.784141333
