Launching LAML version 0.0.4
LAML was called as follows: /Users/uym2/my_gits/LAML/run_laml.py -c ../../evaluation/Bar11/Bar11_character_matrix.txt -t place_outlier2/augmented_tree_323.nwk -o place_outlier2/augmented_tree_323_optimized -v -p ../../evaluation/Bar11/Bar11_priors.pickle --delimiter tab -m -1 --nInitials 1
Prior keys mismatch with site names.
Prior keys: [0, 1, 2, 3, 4, 5, 6, 7, 8, 9, 10, 11, 12, 13, 14, 15, 16, 17, 18, 19, 20, 21, 22, 23, 24, 25, 26]
Site names: ['r1', 'r2', 'r3', 'r4', 'r5', 'r6', 'r7', 'r8', 'r9', 'r10', 'r11', 'r12', 'r13', 'r14', 'r15', 'r16', 'r17', 'r18', 'r19', 'r20', 'r21', 'r22', 'r23', 'r24', 'r25', 'r26', 'r27']
Attempting to infer mapping between site names and prior keys...
{'r1': 0, 'r2': 1, 'r3': 2, 'r4': 3, 'r5': 4, 'r6': 5, 'r7': 6, 'r8': 7, 'r9': 8, 'r10': 9, 'r11': 10, 'r12': 11, 'r13': 12, 'r14': 13, 'r15': 14, 'r16': 15, 'r17': 16, 'r18': 17, 'r19': 18, 'r20': 19, 'r21': 20, 'r22': 21, 'r23': 22, 'r24': 23, 'r25': 24, 'r26': 25, 'r27': 26}
Optimizing branch lengths, phi, and nu without topology search
Optimization by EM algorithm
Optimization start with 1 initials
Initial point 1. Random seed: 2886
Numerical optimization started with ultrametric constraint (default)
Initial phi: 0. Initial nu: 0.26955655566205877. Initial nllh: 8643.617923346159
Starting EM iter: 1
Estep
Estep runtime (s): 0.06686019897460938
Mstep
Optimizing phi
Optimizing branch lengths. Current phi: 0. Current nu:0.26955655566205877
Optimizing nu
Mstep runtime (s): 0.21345877647399902
Finished EM iter: 1. Current nllh: 7119.372146347292
Starting EM iter: 2
Estep
Estep runtime (s): 0.08695697784423828
Mstep
Optimizing phi
Optimizing branch lengths. Current phi: 0. Current nu:0.27619417476048724
Optimizing nu
Mstep runtime (s): 0.22397994995117188
Finished EM iter: 2. Current nllh: 7098.568832261414
Starting EM iter: 3
Estep
Estep runtime (s): 0.08688521385192871
Mstep
Optimizing phi
Optimizing branch lengths. Current phi: 0. Current nu:0.2732092708144239
Optimizing nu
Mstep runtime (s): 0.19271302223205566
Finished EM iter: 3. Current nllh: 7096.123172794784
Starting EM iter: 4
Estep
Estep runtime (s): 0.08701324462890625
Mstep
Optimizing phi
Optimizing branch lengths. Current phi: 0. Current nu:0.2710362581954854
Optimizing nu
Mstep runtime (s): 0.19479608535766602
Finished EM iter: 4. Current nllh: 7095.775292600153
Starting EM iter: 5
Estep
Estep runtime (s): 0.08702588081359863
Mstep
Optimizing phi
Optimizing branch lengths. Current phi: 0. Current nu:0.2701267055078555
Optimizing nu
Mstep runtime (s): 0.2249159812927246
Finished EM iter: 5. Current nllh: 7095.736852596721
Starting EM iter: 6
Estep
Estep runtime (s): 0.08699893951416016
Mstep
Optimizing phi
Optimizing branch lengths. Current phi: 0. Current nu:0.2697615622016051
Optimizing nu
Mstep runtime (s): 0.2167508602142334
Finished EM iter: 6. Current nllh: 7095.724939313438
Starting EM iter: 7
Estep
Estep runtime (s): 0.08716416358947754
Mstep
Optimizing phi
Optimizing branch lengths. Current phi: 0. Current nu:0.2696208592137032
Optimizing nu
Mstep runtime (s): 0.1953423023223877
Finished EM iter: 7. Current nllh: 7095.717259676023
Starting EM iter: 8
Estep
Estep runtime (s): 0.08701515197753906
Mstep
Optimizing phi
Optimizing branch lengths. Current phi: 0. Current nu:0.26956614605951335
Optimizing nu
Mstep runtime (s): 0.2405989170074463
Finished EM iter: 8. Current nllh: 7095.716422233809
Starting EM iter: 9
Estep
Estep runtime (s): 0.08718514442443848
Mstep
Optimizing phi
Optimizing branch lengths. Current phi: 0. Current nu:0.26953903084872544
Optimizing nu
Mstep runtime (s): 0.20215201377868652
Finished EM iter: 9. Current nllh: 7095.716692590936
Starting EM iter: 10
Estep
Estep runtime (s): 0.08716678619384766
Mstep
Optimizing phi
Optimizing branch lengths. Current phi: 0. Current nu:0.26952786262351836
Optimizing nu
Mstep runtime (s): 0.1858069896697998
Finished EM iter: 10. Current nllh: 7095.716805024192
Starting EM iter: 11
Estep
Estep runtime (s): 0.08705925941467285
Mstep
Optimizing phi
Optimizing branch lengths. Current phi: 0. Current nu:0.2695234740215463
Optimizing nu
Mstep runtime (s): 0.1993551254272461
Finished EM iter: 11. Current nllh: 7095.716847696879
EM finished after 11 iterations.
Optimal phi: 0. Optimal nu: 0.2695211157107845. Optimal nllh: 7095.716847696879
Optimal point found for initial point 1
Numerical optimization finished successfully
Tree height pre-scaling: 0.7155044079196257, input timescale: 1.0
Tree height after scaling: 1.0, mutation rate: 0.7155044079196257
Tree height pre-scaling: 0.7155044080654762, input timescale: 1.0
Tree height after scaling: 1.0, mutation rate: 0.7155044080654762
Tree height pre-scaling: 0.7155044081774184, input timescale: 1.0
Tree height after scaling: 1.0, mutation rate: 0.7155044081774184
Tree height pre-scaling: 0.7155044080737853, input timescale: 1.0
Tree height after scaling: 0.9999999999999999, mutation rate: 0.7155044080737853
Tree height pre-scaling: 0.7155044078183037, input timescale: 1.0
Tree height after scaling: 0.9999999999999998, mutation rate: 0.7155044078183037
Tree height pre-scaling: 0.7155044079015271, input timescale: 1.0
Tree height after scaling: 1.0, mutation rate: 0.7155044079015271
Tree height pre-scaling: 0.7155044079723252, input timescale: 1.0
Tree height after scaling: 1.0, mutation rate: 0.7155044079723252
Tree height pre-scaling: 0.7155044080133781, input timescale: 1.0
Tree height after scaling: 1.0, mutation rate: 0.7155044080133781
Tree height pre-scaling: 0.7155044078717485, input timescale: 1.0
Tree height after scaling: 1.0, mutation rate: 0.7155044078717485
Tree height pre-scaling: 0.715504408237867, input timescale: 1.0
Tree height after scaling: 0.9999999999999999, mutation rate: 0.715504408237867
Tree height pre-scaling: 0.7155044079030572, input timescale: 1.0
Tree height after scaling: 1.0, mutation rate: 0.7155044079030572
Tree height pre-scaling: 0.7155044079129202, input timescale: 1.0
Tree height after scaling: 1.0, mutation rate: 0.7155044079129202
Tree height pre-scaling: 0.7155044076450079, input timescale: 1.0
Tree height after scaling: 0.9999999999999999, mutation rate: 0.7155044076450079
Runtime (s): 3.657253958
