Launching LAML version 0.0.4
LAML was called as follows: /Users/uym2/my_gits/LAML/run_laml.py -c ../../evaluation/Bar11/Bar11_character_matrix.txt -t place_outlier2/augmented_tree_119.nwk -o place_outlier2/augmented_tree_119_optimized -v -p ../../evaluation/Bar11/Bar11_priors.pickle --delimiter tab -m -1 --nInitials 1
Prior keys mismatch with site names.
Prior keys: [0, 1, 2, 3, 4, 5, 6, 7, 8, 9, 10, 11, 12, 13, 14, 15, 16, 17, 18, 19, 20, 21, 22, 23, 24, 25, 26]
Site names: ['r1', 'r2', 'r3', 'r4', 'r5', 'r6', 'r7', 'r8', 'r9', 'r10', 'r11', 'r12', 'r13', 'r14', 'r15', 'r16', 'r17', 'r18', 'r19', 'r20', 'r21', 'r22', 'r23', 'r24', 'r25', 'r26', 'r27']
Attempting to infer mapping between site names and prior keys...
{'r1': 0, 'r2': 1, 'r3': 2, 'r4': 3, 'r5': 4, 'r6': 5, 'r7': 6, 'r8': 7, 'r9': 8, 'r10': 9, 'r11': 10, 'r12': 11, 'r13': 12, 'r14': 13, 'r15': 14, 'r16': 15, 'r17': 16, 'r18': 17, 'r19': 18, 'r20': 19, 'r21': 20, 'r22': 21, 'r23': 22, 'r24': 23, 'r25': 24, 'r26': 25, 'r27': 26}
Optimizing branch lengths, phi, and nu without topology search
Optimization by EM algorithm
Optimization start with 1 initials
Initial point 1. Random seed: 6221
Numerical optimization started with ultrametric constraint (default)
Initial phi: 0. Initial nu: 0.26955655566205877. Initial nllh: 8719.407174454062
Starting EM iter: 1
Estep
Estep runtime (s): 0.0628509521484375
Mstep
Optimizing phi
Optimizing branch lengths. Current phi: 0. Current nu:0.26955655566205877
Optimizing nu
Mstep runtime (s): 0.2350008487701416
Finished EM iter: 1. Current nllh: 7168.18494489779
Starting EM iter: 2
Estep
Estep runtime (s): 0.0846099853515625
Mstep
Optimizing phi
Optimizing branch lengths. Current phi: 0. Current nu:0.271614812341838
Optimizing nu
Mstep runtime (s): 0.1959853172302246
Finished EM iter: 2. Current nllh: 7149.70058894144
Starting EM iter: 3
Estep
Estep runtime (s): 0.08544301986694336
Mstep
Optimizing phi
Optimizing branch lengths. Current phi: 0. Current nu:0.26892454987579906
Optimizing nu
Mstep runtime (s): 0.19884109497070312
Finished EM iter: 3. Current nllh: 7147.241888356262
Starting EM iter: 4
Estep
Estep runtime (s): 0.08502411842346191
Mstep
Optimizing phi
Optimizing branch lengths. Current phi: 0. Current nu:0.2671455777695025
Optimizing nu
Mstep runtime (s): 0.19256877899169922
Finished EM iter: 4. Current nllh: 7146.8075514718075
Starting EM iter: 5
Estep
Estep runtime (s): 0.0845329761505127
Mstep
Optimizing phi
Optimizing branch lengths. Current phi: 0. Current nu:0.2663115797852627
Optimizing nu
Mstep runtime (s): 0.19083786010742188
Finished EM iter: 5. Current nllh: 7146.6992461049595
Starting EM iter: 6
Estep
Estep runtime (s): 0.08477282524108887
Mstep
Optimizing phi
Optimizing branch lengths. Current phi: 0. Current nu:0.26595522210861383
Optimizing nu
Mstep runtime (s): 0.20637798309326172
Finished EM iter: 6. Current nllh: 7146.651872893659
Starting EM iter: 7
Estep
Estep runtime (s): 0.08562326431274414
Mstep
Optimizing phi
Optimizing branch lengths. Current phi: 0. Current nu:0.26580635193402563
Optimizing nu
Mstep runtime (s): 0.19506597518920898
Finished EM iter: 7. Current nllh: 7146.625982182867
Starting EM iter: 8
Estep
Estep runtime (s): 0.08434486389160156
Mstep
Optimizing phi
Optimizing branch lengths. Current phi: 0. Current nu:0.2657463052627999
Optimizing nu
Mstep runtime (s): 0.20496892929077148
Finished EM iter: 8. Current nllh: 7146.60948587116
Starting EM iter: 9
Estep
Estep runtime (s): 0.08425378799438477
Mstep
Optimizing phi
Optimizing branch lengths. Current phi: 0. Current nu:0.26571815241640845
Optimizing nu
Mstep runtime (s): 0.19946599006652832
Finished EM iter: 9. Current nllh: 7146.59851944242
Starting EM iter: 10
Estep
Estep runtime (s): 0.0857088565826416
Mstep
Optimizing phi
Optimizing branch lengths. Current phi: 0. Current nu:0.2657092788192478
Optimizing nu
Mstep runtime (s): 0.2319948673248291
Finished EM iter: 10. Current nllh: 7146.59190661323
Starting EM iter: 11
Estep
Estep runtime (s): 0.08565497398376465
Mstep
Optimizing phi
Optimizing branch lengths. Current phi: 0. Current nu:0.2657028409367505
Optimizing nu
Mstep runtime (s): 0.18684601783752441
Finished EM iter: 11. Current nllh: 7146.591807102729
Starting EM iter: 12
Estep
Estep runtime (s): 0.08442091941833496
Mstep
Optimizing phi
Optimizing branch lengths. Current phi: 0. Current nu:0.2656965280417435
Optimizing nu
Mstep runtime (s): 0.22104501724243164
Finished EM iter: 12. Current nllh: 7146.591822676675
EM finished after 12 iterations.
Optimal phi: 0. Optimal nu: 0.2656944682995193. Optimal nllh: 7146.591822676675
Optimal point found for initial point 1
Numerical optimization finished successfully
Tree height pre-scaling: 0.712564019533151, input timescale: 1.0
Tree height after scaling: 1.0, mutation rate: 0.712564019533151
Tree height pre-scaling: 0.7125640195603535, input timescale: 1.0
Tree height after scaling: 1.0, mutation rate: 0.7125640195603535
Tree height pre-scaling: 0.7125640195281854, input timescale: 1.0
Tree height after scaling: 0.9999999999999999, mutation rate: 0.7125640195281854
Tree height pre-scaling: 0.7125640196058836, input timescale: 1.0
Tree height after scaling: 1.0, mutation rate: 0.7125640196058836
Tree height pre-scaling: 0.7125640195202988, input timescale: 1.0
Tree height after scaling: 1.0, mutation rate: 0.7125640195202988
Tree height pre-scaling: 0.7125640195627473, input timescale: 1.0
Tree height after scaling: 1.0, mutation rate: 0.7125640195627473
Tree height pre-scaling: 0.7125640195989716, input timescale: 1.0
Tree height after scaling: 0.9999999999999998, mutation rate: 0.7125640195989716
Tree height pre-scaling: 0.7125640195276952, input timescale: 1.0
Tree height after scaling: 0.9999999999999998, mutation rate: 0.7125640195276952
Tree height pre-scaling: 0.7125640195097886, input timescale: 1.0
Tree height after scaling: 1.0, mutation rate: 0.7125640195097886
Tree height pre-scaling: 0.7125640195423238, input timescale: 1.0
Tree height after scaling: 1.0, mutation rate: 0.7125640195423238
Tree height pre-scaling: 0.7125640195639288, input timescale: 1.0
Tree height after scaling: 1.0, mutation rate: 0.7125640195639288
Tree height pre-scaling: 0.7125640196064018, input timescale: 1.0
Tree height after scaling: 1.0, mutation rate: 0.7125640196064018
Tree height pre-scaling: 0.7125640195297372, input timescale: 1.0
Tree height after scaling: 1.0, mutation rate: 0.7125640195297372
Runtime (s): 3.9034937920000004
