Launching LAML version 0.0.4
LAML was called as follows: /Users/uym2/my_gits/LAML/run_laml.py -c ../../evaluation/Bar11/Bar11_character_matrix.txt -t place_outlier2/augmented_tree_275.nwk -o place_outlier2/augmented_tree_275_optimized -v -p ../../evaluation/Bar11/Bar11_priors.pickle --delimiter tab -m -1 --nInitials 1
Prior keys mismatch with site names.
Prior keys: [0, 1, 2, 3, 4, 5, 6, 7, 8, 9, 10, 11, 12, 13, 14, 15, 16, 17, 18, 19, 20, 21, 22, 23, 24, 25, 26]
Site names: ['r1', 'r2', 'r3', 'r4', 'r5', 'r6', 'r7', 'r8', 'r9', 'r10', 'r11', 'r12', 'r13', 'r14', 'r15', 'r16', 'r17', 'r18', 'r19', 'r20', 'r21', 'r22', 'r23', 'r24', 'r25', 'r26', 'r27']
Attempting to infer mapping between site names and prior keys...
{'r1': 0, 'r2': 1, 'r3': 2, 'r4': 3, 'r5': 4, 'r6': 5, 'r7': 6, 'r8': 7, 'r9': 8, 'r10': 9, 'r11': 10, 'r12': 11, 'r13': 12, 'r14': 13, 'r15': 14, 'r16': 15, 'r17': 16, 'r18': 17, 'r19': 18, 'r20': 19, 'r21': 20, 'r22': 21, 'r23': 22, 'r24': 23, 'r25': 24, 'r26': 25, 'r27': 26}
Optimizing branch lengths, phi, and nu without topology search
Optimization by EM algorithm
Optimization start with 1 initials
Initial point 1. Random seed: 1586
Numerical optimization started with ultrametric constraint (default)
Initial phi: 0. Initial nu: 0.26955655566205877. Initial nllh: 8446.540390640945
Starting EM iter: 1
Estep
Estep runtime (s): 0.06248307228088379
Mstep
Optimizing phi
Optimizing branch lengths. Current phi: 0. Current nu:0.26955655566205877
Optimizing nu
Mstep runtime (s): 0.22927618026733398
Finished EM iter: 1. Current nllh: 7156.56687159714
Starting EM iter: 2
Estep
Estep runtime (s): 0.08442997932434082
Mstep
Optimizing phi
Optimizing branch lengths. Current phi: 0. Current nu:0.27606036234981085
Optimizing nu
Mstep runtime (s): 0.22810792922973633
Finished EM iter: 2. Current nllh: 7131.842129148125
Starting EM iter: 3
Estep
Estep runtime (s): 0.08454298973083496
Mstep
Optimizing phi
Optimizing branch lengths. Current phi: 0. Current nu:0.2718282375567298
Optimizing nu
Mstep runtime (s): 0.1947791576385498
Finished EM iter: 3. Current nllh: 7129.049073269346
Starting EM iter: 4
Estep
Estep runtime (s): 0.08456897735595703
Mstep
Optimizing phi
Optimizing branch lengths. Current phi: 0. Current nu:0.2692977320636165
Optimizing nu
Mstep runtime (s): 0.1947040557861328
Finished EM iter: 4. Current nllh: 7128.499544554153
Starting EM iter: 5
Estep
Estep runtime (s): 0.0845179557800293
Mstep
Optimizing phi
Optimizing branch lengths. Current phi: 0. Current nu:0.26822988979545853
Optimizing nu
Mstep runtime (s): 0.2337357997894287
Finished EM iter: 5. Current nllh: 7128.405542190247
Starting EM iter: 6
Estep
Estep runtime (s): 0.08466267585754395
Mstep
Optimizing phi
Optimizing branch lengths. Current phi: 0. Current nu:0.2677786707257039
Optimizing nu
Mstep runtime (s): 0.22350311279296875
Finished EM iter: 6. Current nllh: 7128.370557370838
Starting EM iter: 7
Estep
Estep runtime (s): 0.08476877212524414
Mstep
Optimizing phi
Optimizing branch lengths. Current phi: 0. Current nu:0.2675961682831938
Optimizing nu
Mstep runtime (s): 0.23608613014221191
Finished EM iter: 7. Current nllh: 7128.352063354853
Starting EM iter: 8
Estep
Estep runtime (s): 0.08472919464111328
Mstep
Optimizing phi
Optimizing branch lengths. Current phi: 0. Current nu:0.26752052123826664
Optimizing nu
Mstep runtime (s): 0.255601167678833
Finished EM iter: 8. Current nllh: 7128.340386564034
Starting EM iter: 9
Estep
Estep runtime (s): 0.08479785919189453
Mstep
Optimizing phi
Optimizing branch lengths. Current phi: 0. Current nu:0.2674879998371548
Optimizing nu
Mstep runtime (s): 0.2102048397064209
Finished EM iter: 9. Current nllh: 7128.334282198721
Starting EM iter: 10
Estep
Estep runtime (s): 0.0847480297088623
Mstep
Optimizing phi
Optimizing branch lengths. Current phi: 0. Current nu:0.2674732059399875
Optimizing nu
Mstep runtime (s): 0.21432971954345703
Finished EM iter: 10. Current nllh: 7128.333924471767
Starting EM iter: 11
Estep
Estep runtime (s): 0.08484411239624023
Mstep
Optimizing phi
Optimizing branch lengths. Current phi: 0. Current nu:0.2674640504808283
Optimizing nu
Mstep runtime (s): 0.24798011779785156
Finished EM iter: 11. Current nllh: 7128.3340802059065
Starting EM iter: 12
Estep
Estep runtime (s): 0.08625578880310059
Mstep
Optimizing phi
Optimizing branch lengths. Current phi: 0. Current nu:0.26745906747539855
Optimizing nu
Mstep runtime (s): 0.2020862102508545
Finished EM iter: 12. Current nllh: 7128.333915902292
Starting EM iter: 13
Estep
Estep runtime (s): 0.08481025695800781
Mstep
Optimizing phi
Optimizing branch lengths. Current phi: 0. Current nu:0.26745814122034633
Optimizing nu
Mstep runtime (s): 0.21668195724487305
Finished EM iter: 13. Current nllh: 7128.333940072865
EM finished after 13 iterations.
Optimal phi: 0. Optimal nu: 0.2674571557877279. Optimal nllh: 7128.333940072865
Optimal point found for initial point 1
Numerical optimization finished successfully
Tree height pre-scaling: 0.7125298852659645, input timescale: 1.0
Tree height after scaling: 1.0, mutation rate: 0.7125298852659645
Tree height pre-scaling: 0.71253001039026, input timescale: 1.0
Tree height after scaling: 1.0, mutation rate: 0.71253001039026
Tree height pre-scaling: 0.7125298656503635, input timescale: 1.0
Tree height after scaling: 1.0, mutation rate: 0.7125298656503635
Tree height pre-scaling: 0.7125299159977068, input timescale: 1.0
Tree height after scaling: 1.0, mutation rate: 0.7125299159977068
Tree height pre-scaling: 0.7125300425384636, input timescale: 1.0
Tree height after scaling: 1.0, mutation rate: 0.7125300425384636
Tree height pre-scaling: 0.7125302298811442, input timescale: 1.0
Tree height after scaling: 1.0, mutation rate: 0.7125302298811442
Tree height pre-scaling: 0.7125301652778091, input timescale: 1.0
Tree height after scaling: 1.0, mutation rate: 0.7125301652778091
Tree height pre-scaling: 0.712529781752407, input timescale: 1.0
Tree height after scaling: 1.0, mutation rate: 0.712529781752407
Tree height pre-scaling: 0.7125298712652659, input timescale: 1.0
Tree height after scaling: 1.0000000000000002, mutation rate: 0.7125298712652659
Tree height pre-scaling: 0.7125299806014158, input timescale: 1.0
Tree height after scaling: 1.0, mutation rate: 0.7125299806014158
Tree height pre-scaling: 0.7125300127080489, input timescale: 1.0
Tree height after scaling: 1.0, mutation rate: 0.7125300127080489
Tree height pre-scaling: 0.7125298286782725, input timescale: 1.0
Tree height after scaling: 1.0, mutation rate: 0.7125298286782725
Tree height pre-scaling: 0.7125301400842271, input timescale: 1.0
Tree height after scaling: 0.9999999999999999, mutation rate: 0.7125301400842271
Runtime (s): 4.437003416
