Launching LAML version 0.0.4
LAML was called as follows: /Users/uym2/my_gits/LAML/run_laml.py -c ../../evaluation/Bar11/Bar11_character_matrix.txt -t place_outlier2/augmented_tree_21.nwk -o place_outlier2/augmented_tree_21_optimized -v -p ../../evaluation/Bar11/Bar11_priors.pickle --delimiter tab -m -1 --nInitials 1
Prior keys mismatch with site names.
Prior keys: [0, 1, 2, 3, 4, 5, 6, 7, 8, 9, 10, 11, 12, 13, 14, 15, 16, 17, 18, 19, 20, 21, 22, 23, 24, 25, 26]
Site names: ['r1', 'r2', 'r3', 'r4', 'r5', 'r6', 'r7', 'r8', 'r9', 'r10', 'r11', 'r12', 'r13', 'r14', 'r15', 'r16', 'r17', 'r18', 'r19', 'r20', 'r21', 'r22', 'r23', 'r24', 'r25', 'r26', 'r27']
Attempting to infer mapping between site names and prior keys...
{'r1': 0, 'r2': 1, 'r3': 2, 'r4': 3, 'r5': 4, 'r6': 5, 'r7': 6, 'r8': 7, 'r9': 8, 'r10': 9, 'r11': 10, 'r12': 11, 'r13': 12, 'r14': 13, 'r15': 14, 'r16': 15, 'r17': 16, 'r18': 17, 'r19': 18, 'r20': 19, 'r21': 20, 'r22': 21, 'r23': 22, 'r24': 23, 'r25': 24, 'r26': 25, 'r27': 26}
Optimizing branch lengths, phi, and nu without topology search
Optimization by EM algorithm
Optimization start with 1 initials
Initial point 1. Random seed: 5264
Numerical optimization started with ultrametric constraint (default)
Initial phi: 0. Initial nu: 0.26955655566205877. Initial nllh: 8459.065152493036
Starting EM iter: 1
Estep
Estep runtime (s): 0.0644080638885498
Mstep
Optimizing phi
Optimizing branch lengths. Current phi: 0. Current nu:0.26955655566205877
Optimizing nu
Mstep runtime (s): 0.20909500122070312
Finished EM iter: 1. Current nllh: 7111.881672962714
Starting EM iter: 2
Estep
Estep runtime (s): 0.08618712425231934
Mstep
Optimizing phi
Optimizing branch lengths. Current phi: 0. Current nu:0.2759305474126448
Optimizing nu
Mstep runtime (s): 0.24044108390808105
Finished EM iter: 2. Current nllh: 7089.474727187812
Starting EM iter: 3
Estep
Estep runtime (s): 0.08644509315490723
Mstep
Optimizing phi
Optimizing branch lengths. Current phi: 0. Current nu:0.27436334758192005
Optimizing nu
Mstep runtime (s): 0.19778108596801758
Finished EM iter: 3. Current nllh: 7083.2196047660145
Starting EM iter: 4
Estep
Estep runtime (s): 0.08542895317077637
Mstep
Optimizing phi
Optimizing branch lengths. Current phi: 0. Current nu:0.2715910144278523
Optimizing nu
Mstep runtime (s): 0.19492721557617188
Finished EM iter: 4. Current nllh: 7082.339394729398
Starting EM iter: 5
Estep
Estep runtime (s): 0.08665800094604492
Mstep
Optimizing phi
Optimizing branch lengths. Current phi: 0. Current nu:0.27013066932013174
Optimizing nu
Mstep runtime (s): 0.19060873985290527
Finished EM iter: 5. Current nllh: 7082.187158455043
Starting EM iter: 6
Estep
Estep runtime (s): 0.0869150161743164
Mstep
Optimizing phi
Optimizing branch lengths. Current phi: 0. Current nu:0.26952758923690756
Optimizing nu
Mstep runtime (s): 0.18856024742126465
Finished EM iter: 6. Current nllh: 7082.136463917464
Starting EM iter: 7
Estep
Estep runtime (s): 0.08655071258544922
Mstep
Optimizing phi
Optimizing branch lengths. Current phi: 0. Current nu:0.26928281408210386
Optimizing nu
Mstep runtime (s): 0.1813828945159912
Finished EM iter: 7. Current nllh: 7082.108627906429
Starting EM iter: 8
Estep
Estep runtime (s): 0.08659195899963379
Mstep
Optimizing phi
Optimizing branch lengths. Current phi: 0. Current nu:0.26918377018900236
Optimizing nu
Mstep runtime (s): 0.2013719081878662
Finished EM iter: 8. Current nllh: 7082.090973442807
Starting EM iter: 9
Estep
Estep runtime (s): 0.08667421340942383
Mstep
Optimizing phi
Optimizing branch lengths. Current phi: 0. Current nu:0.2691424490799535
Optimizing nu
Mstep runtime (s): 0.2095479965209961
Finished EM iter: 9. Current nllh: 7082.078950151585
Starting EM iter: 10
Estep
Estep runtime (s): 0.08839011192321777
Mstep
Optimizing phi
Optimizing branch lengths. Current phi: 0. Current nu:0.26912367620708877
Optimizing nu
Mstep runtime (s): 0.18787598609924316
Finished EM iter: 10. Current nllh: 7082.070571128386
Starting EM iter: 11
Estep
Estep runtime (s): 0.0870218276977539
Mstep
Optimizing phi
Optimizing branch lengths. Current phi: 0. Current nu:0.2691159239245918
Optimizing nu
Mstep runtime (s): 0.21328377723693848
Finished EM iter: 11. Current nllh: 7082.07000613635
Starting EM iter: 12
Estep
Estep runtime (s): 0.08682990074157715
Mstep
Optimizing phi
Optimizing branch lengths. Current phi: 0. Current nu:0.26910874561674886
Optimizing nu
Mstep runtime (s): 0.19955992698669434
Finished EM iter: 12. Current nllh: 7082.070153137175
Starting EM iter: 13
Estep
Estep runtime (s): 0.08660292625427246
Mstep
Optimizing phi
Optimizing branch lengths. Current phi: 0. Current nu:0.26910506382925214
Optimizing nu
Mstep runtime (s): 0.21590399742126465
Finished EM iter: 13. Current nllh: 7082.070055113907
Starting EM iter: 14
Estep
Estep runtime (s): 0.0868079662322998
Mstep
Optimizing phi
Optimizing branch lengths. Current phi: 0. Current nu:0.26910344220288035
Optimizing nu
Mstep runtime (s): 0.193695068359375
Finished EM iter: 14. Current nllh: 7082.070195180662
Starting EM iter: 15
Estep
Estep runtime (s): 0.08687305450439453
Mstep
Optimizing phi
Optimizing branch lengths. Current phi: 0. Current nu:0.2691030720576867
Optimizing nu
Mstep runtime (s): 0.21201300621032715
Finished EM iter: 15. Current nllh: 7082.070088376858
Starting EM iter: 16
Estep
Estep runtime (s): 0.08679986000061035
Mstep
Optimizing phi
Optimizing branch lengths. Current phi: 0. Current nu:0.2691028524439376
Optimizing nu
Mstep runtime (s): 0.2135450839996338
Finished EM iter: 16. Current nllh: 7082.0700645415345
EM finished after 16 iterations.
Optimal phi: 0. Optimal nu: 0.2691034820751474. Optimal nllh: 7082.0700645415345
Optimal point found for initial point 1
Numerical optimization finished successfully
Tree height pre-scaling: 0.7089580716672617, input timescale: 1.0
Tree height after scaling: 1.0, mutation rate: 0.7089580716672617
Tree height pre-scaling: 0.7089581953556637, input timescale: 1.0
Tree height after scaling: 1.0, mutation rate: 0.7089581953556637
Tree height pre-scaling: 0.7089580531405018, input timescale: 1.0
Tree height after scaling: 1.0, mutation rate: 0.7089580531405018
Tree height pre-scaling: 0.7089584242988082, input timescale: 1.0
Tree height after scaling: 1.0, mutation rate: 0.7089584242988082
Tree height pre-scaling: 0.7089580139146695, input timescale: 1.0
Tree height after scaling: 1.0, mutation rate: 0.7089580139146695
Tree height pre-scaling: 0.7089582168796402, input timescale: 1.0
Tree height after scaling: 1.0, mutation rate: 0.7089582168796402
Tree height pre-scaling: 0.7089583730467334, input timescale: 1.0
Tree height after scaling: 1.0, mutation rate: 0.7089583730467334
Tree height pre-scaling: 0.7089580513836229, input timescale: 1.0
Tree height after scaling: 1.0, mutation rate: 0.7089580513836229
Tree height pre-scaling: 0.7089579593114721, input timescale: 1.0
Tree height after scaling: 1.0, mutation rate: 0.7089579593114721
Tree height pre-scaling: 0.7089581752466456, input timescale: 1.0
Tree height after scaling: 1.0, mutation rate: 0.7089581752466456
Tree height pre-scaling: 0.7089583577961763, input timescale: 1.0
Tree height after scaling: 1.0, mutation rate: 0.7089583577961763
Tree height pre-scaling: 0.7089582756164552, input timescale: 1.0
Tree height after scaling: 0.9999999999999999, mutation rate: 0.7089582756164552
Tree height pre-scaling: 0.708958011464496, input timescale: 1.0
Tree height after scaling: 0.9999999999999999, mutation rate: 0.708958011464496
Runtime (s): 5.158235
