Launching LAML version 0.0.4
LAML was called as follows: /Users/uym2/my_gits/LAML/run_laml.py -c ../../evaluation/Bar11/Bar11_character_matrix.txt -t place_outlier2/augmented_tree_303.nwk -o place_outlier2/augmented_tree_303_optimized -v -p ../../evaluation/Bar11/Bar11_priors.pickle --delimiter tab -m -1 --nInitials 1
Prior keys mismatch with site names.
Prior keys: [0, 1, 2, 3, 4, 5, 6, 7, 8, 9, 10, 11, 12, 13, 14, 15, 16, 17, 18, 19, 20, 21, 22, 23, 24, 25, 26]
Site names: ['r1', 'r2', 'r3', 'r4', 'r5', 'r6', 'r7', 'r8', 'r9', 'r10', 'r11', 'r12', 'r13', 'r14', 'r15', 'r16', 'r17', 'r18', 'r19', 'r20', 'r21', 'r22', 'r23', 'r24', 'r25', 'r26', 'r27']
Attempting to infer mapping between site names and prior keys...
{'r1': 0, 'r2': 1, 'r3': 2, 'r4': 3, 'r5': 4, 'r6': 5, 'r7': 6, 'r8': 7, 'r9': 8, 'r10': 9, 'r11': 10, 'r12': 11, 'r13': 12, 'r14': 13, 'r15': 14, 'r16': 15, 'r17': 16, 'r18': 17, 'r19': 18, 'r20': 19, 'r21': 20, 'r22': 21, 'r23': 22, 'r24': 23, 'r25': 24, 'r26': 25, 'r27': 26}
Optimizing branch lengths, phi, and nu without topology search
Optimization by EM algorithm
Optimization start with 1 initials
Initial point 1. Random seed: 9246
Numerical optimization started with ultrametric constraint (default)
Initial phi: 0. Initial nu: 0.26955655566205877. Initial nllh: 8674.061018320725
Starting EM iter: 1
Estep
Estep runtime (s): 0.06319499015808105
Mstep
Optimizing phi
Optimizing branch lengths. Current phi: 0. Current nu:0.26955655566205877
Optimizing nu
Mstep runtime (s): 0.1977999210357666
Finished EM iter: 1. Current nllh: 7297.317582607517
Starting EM iter: 2
Estep
Estep runtime (s): 0.0839700698852539
Mstep
Optimizing phi
Optimizing branch lengths. Current phi: 0. Current nu:0.27233168277702513
Optimizing nu
Mstep runtime (s): 0.18718719482421875
Finished EM iter: 2. Current nllh: 7267.0498863512075
Starting EM iter: 3
Estep
Estep runtime (s): 0.08431291580200195
Mstep
Optimizing phi
Optimizing branch lengths. Current phi: 0. Current nu:0.2680408165066909
Optimizing nu
Mstep runtime (s): 0.23032712936401367
Finished EM iter: 3. Current nllh: 7264.474172527197
Starting EM iter: 4
Estep
Estep runtime (s): 0.08433914184570312
Mstep
Optimizing phi
Optimizing branch lengths. Current phi: 0. Current nu:0.2657750368693173
Optimizing nu
Mstep runtime (s): 0.259746789932251
Finished EM iter: 4. Current nllh: 7264.292544386776
Starting EM iter: 5
Estep
Estep runtime (s): 0.08448410034179688
Mstep
Optimizing phi
Optimizing branch lengths. Current phi: 0. Current nu:0.2649352464215394
Optimizing nu
Mstep runtime (s): 0.21609210968017578
Finished EM iter: 5. Current nllh: 7264.235632652802
Starting EM iter: 6
Estep
Estep runtime (s): 0.0846409797668457
Mstep
Optimizing phi
Optimizing branch lengths. Current phi: 0. Current nu:0.2646559002625011
Optimizing nu
Mstep runtime (s): 0.2551088333129883
Finished EM iter: 6. Current nllh: 7264.203840606631
Starting EM iter: 7
Estep
Estep runtime (s): 0.08479595184326172
Mstep
Optimizing phi
Optimizing branch lengths. Current phi: 0. Current nu:0.26456163443739283
Optimizing nu
Mstep runtime (s): 0.1912078857421875
Finished EM iter: 7. Current nllh: 7264.182742493364
Starting EM iter: 8
Estep
Estep runtime (s): 0.08418583869934082
Mstep
Optimizing phi
Optimizing branch lengths. Current phi: 0. Current nu:0.26452869314469896
Optimizing nu
Mstep runtime (s): 0.2084040641784668
Finished EM iter: 8. Current nllh: 7264.168007827328
Starting EM iter: 9
Estep
Estep runtime (s): 0.08476424217224121
Mstep
Optimizing phi
Optimizing branch lengths. Current phi: 0. Current nu:0.26451563575526715
Optimizing nu
Mstep runtime (s): 0.23257899284362793
Finished EM iter: 9. Current nllh: 7264.157420256516
Starting EM iter: 10
Estep
Estep runtime (s): 0.0846409797668457
Mstep
Optimizing phi
Optimizing branch lengths. Current phi: 0. Current nu:0.2645106785243223
Optimizing nu
Mstep runtime (s): 0.24308514595031738
Finished EM iter: 10. Current nllh: 7264.150389064904
Starting EM iter: 11
Estep
Estep runtime (s): 0.08464527130126953
Mstep
Optimizing phi
Optimizing branch lengths. Current phi: 0. Current nu:0.2645079503777146
Optimizing nu
Mstep runtime (s): 0.22134184837341309
Finished EM iter: 11. Current nllh: 7264.150381910014
EM finished after 11 iterations.
Optimal phi: 0. Optimal nu: 0.2645019908788901. Optimal nllh: 7264.150381910014
Optimal point found for initial point 1
Numerical optimization finished successfully
Tree height pre-scaling: 0.7178633905757705, input timescale: 1.0
Tree height after scaling: 0.9999999999999999, mutation rate: 0.7178633905757705
Tree height pre-scaling: 0.7178634012755383, input timescale: 1.0
Tree height after scaling: 1.0, mutation rate: 0.7178634012755383
Tree height pre-scaling: 0.7178634698751762, input timescale: 1.0
Tree height after scaling: 0.9999999999999999, mutation rate: 0.7178634698751762
Tree height pre-scaling: 0.7178635583011161, input timescale: 1.0
Tree height after scaling: 1.0, mutation rate: 0.7178635583011161
Tree height pre-scaling: 0.717863525859703, input timescale: 1.0
Tree height after scaling: 1.0, mutation rate: 0.717863525859703
Tree height pre-scaling: 0.7178633354467393, input timescale: 1.0
Tree height after scaling: 1.0, mutation rate: 0.7178633354467393
Tree height pre-scaling: 0.7178633810231129, input timescale: 1.0
Tree height after scaling: 1.0, mutation rate: 0.7178633810231129
Tree height pre-scaling: 0.7178634394319494, input timescale: 1.0
Tree height after scaling: 0.9999999999999998, mutation rate: 0.7178634394319494
Tree height pre-scaling: 0.7178634556819798, input timescale: 1.0
Tree height after scaling: 1.0, mutation rate: 0.7178634556819798
Tree height pre-scaling: 0.7178633582359107, input timescale: 1.0
Tree height after scaling: 1.0, mutation rate: 0.7178633582359107
Tree height pre-scaling: 0.7178636079828048, input timescale: 1.0
Tree height after scaling: 0.9999999999999999, mutation rate: 0.7178636079828048
Tree height pre-scaling: 0.7178633843682113, input timescale: 1.0
Tree height after scaling: 0.9999999999999999, mutation rate: 0.7178633843682113
Tree height pre-scaling: 0.7178634451678352, input timescale: 1.0
Tree height after scaling: 1.0, mutation rate: 0.7178634451678352
Runtime (s): 3.777352958
