Launching LAML version 0.0.4
LAML was called as follows: /Users/uym2/my_gits/LAML/run_laml.py -c ../../evaluation/Bar11/Bar11_character_matrix.txt -t place_outlier2/augmented_tree_309.nwk -o place_outlier2/augmented_tree_309_optimized -v -p ../../evaluation/Bar11/Bar11_priors.pickle --delimiter tab -m -1 --nInitials 1
Prior keys mismatch with site names.
Prior keys: [0, 1, 2, 3, 4, 5, 6, 7, 8, 9, 10, 11, 12, 13, 14, 15, 16, 17, 18, 19, 20, 21, 22, 23, 24, 25, 26]
Site names: ['r1', 'r2', 'r3', 'r4', 'r5', 'r6', 'r7', 'r8', 'r9', 'r10', 'r11', 'r12', 'r13', 'r14', 'r15', 'r16', 'r17', 'r18', 'r19', 'r20', 'r21', 'r22', 'r23', 'r24', 'r25', 'r26', 'r27']
Attempting to infer mapping between site names and prior keys...
{'r1': 0, 'r2': 1, 'r3': 2, 'r4': 3, 'r5': 4, 'r6': 5, 'r7': 6, 'r8': 7, 'r9': 8, 'r10': 9, 'r11': 10, 'r12': 11, 'r13': 12, 'r14': 13, 'r15': 14, 'r16': 15, 'r17': 16, 'r18': 17, 'r19': 18, 'r20': 19, 'r21': 20, 'r22': 21, 'r23': 22, 'r24': 23, 'r25': 24, 'r26': 25, 'r27': 26}
Optimizing branch lengths, phi, and nu without topology search
Optimization by EM algorithm
Optimization start with 1 initials
Initial point 1. Random seed: 7734
Numerical optimization started with ultrametric constraint (default)
Initial phi: 0. Initial nu: 0.26955655566205877. Initial nllh: 8591.82874326503
Starting EM iter: 1
Estep
Estep runtime (s): 0.06429791450500488
Mstep
Optimizing phi
Optimizing branch lengths. Current phi: 0. Current nu:0.26955655566205877
Optimizing nu
Mstep runtime (s): 0.2482612133026123
Finished EM iter: 1. Current nllh: 7196.48045133534
Starting EM iter: 2
Estep
Estep runtime (s): 0.08464884757995605
Mstep
Optimizing phi
Optimizing branch lengths. Current phi: 0. Current nu:0.2729802885360441
Optimizing nu
Mstep runtime (s): 0.2179718017578125
Finished EM iter: 2. Current nllh: 7166.058371094457
Starting EM iter: 3
Estep
Estep runtime (s): 0.0840449333190918
Mstep
Optimizing phi
Optimizing branch lengths. Current phi: 0. Current nu:0.2692553497779927
Optimizing nu
Mstep runtime (s): 0.223480224609375
Finished EM iter: 3. Current nllh: 7163.556770529619
Starting EM iter: 4
Estep
Estep runtime (s): 0.0839071273803711
Mstep
Optimizing phi
Optimizing branch lengths. Current phi: 0. Current nu:0.2672869513493084
Optimizing nu
Mstep runtime (s): 0.20988702774047852
Finished EM iter: 4. Current nllh: 7163.369876600042
Starting EM iter: 5
Estep
Estep runtime (s): 0.08408904075622559
Mstep
Optimizing phi
Optimizing branch lengths. Current phi: 0. Current nu:0.2665530132334376
Optimizing nu
Mstep runtime (s): 0.19639015197753906
Finished EM iter: 5. Current nllh: 7163.309153581174
Starting EM iter: 6
Estep
Estep runtime (s): 0.08409976959228516
Mstep
Optimizing phi
Optimizing branch lengths. Current phi: 0. Current nu:0.2663085912943955
Optimizing nu
Mstep runtime (s): 0.20947003364562988
Finished EM iter: 6. Current nllh: 7163.276060610223
Starting EM iter: 7
Estep
Estep runtime (s): 0.08405709266662598
Mstep
Optimizing phi
Optimizing branch lengths. Current phi: 0. Current nu:0.26622579352713105
Optimizing nu
Mstep runtime (s): 0.21408677101135254
Finished EM iter: 7. Current nllh: 7163.2544706223725
Starting EM iter: 8
Estep
Estep runtime (s): 0.08408594131469727
Mstep
Optimizing phi
Optimizing branch lengths. Current phi: 0. Current nu:0.26619602145460947
Optimizing nu
Mstep runtime (s): 0.20767831802368164
Finished EM iter: 8. Current nllh: 7163.239588567655
Starting EM iter: 9
Estep
Estep runtime (s): 0.08394312858581543
Mstep
Optimizing phi
Optimizing branch lengths. Current phi: 0. Current nu:0.2661843706339423
Optimizing nu
Mstep runtime (s): 0.19421792030334473
Finished EM iter: 9. Current nllh: 7163.229059964742
Starting EM iter: 10
Estep
Estep runtime (s): 0.08402609825134277
Mstep
Optimizing phi
Optimizing branch lengths. Current phi: 0. Current nu:0.26618009514380286
Optimizing nu
Mstep runtime (s): 0.21392083168029785
Finished EM iter: 10. Current nllh: 7163.222402719908
Starting EM iter: 11
Estep
Estep runtime (s): 0.08431005477905273
Mstep
Optimizing phi
Optimizing branch lengths. Current phi: 0. Current nu:0.26617704325866914
Optimizing nu
Mstep runtime (s): 0.19019603729248047
Finished EM iter: 11. Current nllh: 7163.222451157095
EM finished after 11 iterations.
Optimal phi: 0. Optimal nu: 0.26617225081510465. Optimal nllh: 7163.222451157095
Optimal point found for initial point 1
Numerical optimization finished successfully
Tree height pre-scaling: 0.7098565924152725, input timescale: 1.0
Tree height after scaling: 1.0, mutation rate: 0.7098565924152725
Tree height pre-scaling: 0.7098565924195103, input timescale: 1.0
Tree height after scaling: 1.0, mutation rate: 0.7098565924195103
Tree height pre-scaling: 0.7098565924368149, input timescale: 1.0
Tree height after scaling: 1.0, mutation rate: 0.7098565924368149
Tree height pre-scaling: 0.7098565924602975, input timescale: 1.0
Tree height after scaling: 1.0, mutation rate: 0.7098565924602975
Tree height pre-scaling: 0.7098565924504161, input timescale: 1.0
Tree height after scaling: 1.0000000000000002, mutation rate: 0.7098565924504161
Tree height pre-scaling: 0.7098565924027638, input timescale: 1.0
Tree height after scaling: 1.0, mutation rate: 0.7098565924027638
Tree height pre-scaling: 0.7098565924139633, input timescale: 1.0
Tree height after scaling: 1.0, mutation rate: 0.7098565924139633
Tree height pre-scaling: 0.7098565924270688, input timescale: 1.0
Tree height after scaling: 0.9999999999999999, mutation rate: 0.7098565924270688
Tree height pre-scaling: 0.7098565924300284, input timescale: 1.0
Tree height after scaling: 1.0, mutation rate: 0.7098565924300284
Tree height pre-scaling: 0.7098565924092439, input timescale: 1.0
Tree height after scaling: 1.0, mutation rate: 0.7098565924092439
Tree height pre-scaling: 0.7098565924655991, input timescale: 1.0
Tree height after scaling: 1.0, mutation rate: 0.7098565924655991
Tree height pre-scaling: 0.7098565924135045, input timescale: 1.0
Tree height after scaling: 1.0, mutation rate: 0.7098565924135045
Tree height pre-scaling: 0.70985659239892, input timescale: 1.0
Tree height after scaling: 0.9999999999999999, mutation rate: 0.70985659239892
Runtime (s): 3.654033584
