Launching LAML version 0.0.4
LAML was called as follows: /Users/uym2/my_gits/LAML/run_laml.py -c ../../evaluation/Bar11/Bar11_character_matrix.txt -t place_outlier2/augmented_tree_193.nwk -o place_outlier2/augmented_tree_193_optimized -v -p ../../evaluation/Bar11/Bar11_priors.pickle --delimiter tab -m -1 --nInitials 1
Prior keys mismatch with site names.
Prior keys: [0, 1, 2, 3, 4, 5, 6, 7, 8, 9, 10, 11, 12, 13, 14, 15, 16, 17, 18, 19, 20, 21, 22, 23, 24, 25, 26]
Site names: ['r1', 'r2', 'r3', 'r4', 'r5', 'r6', 'r7', 'r8', 'r9', 'r10', 'r11', 'r12', 'r13', 'r14', 'r15', 'r16', 'r17', 'r18', 'r19', 'r20', 'r21', 'r22', 'r23', 'r24', 'r25', 'r26', 'r27']
Attempting to infer mapping between site names and prior keys...
{'r1': 0, 'r2': 1, 'r3': 2, 'r4': 3, 'r5': 4, 'r6': 5, 'r7': 6, 'r8': 7, 'r9': 8, 'r10': 9, 'r11': 10, 'r12': 11, 'r13': 12, 'r14': 13, 'r15': 14, 'r16': 15, 'r17': 16, 'r18': 17, 'r19': 18, 'r20': 19, 'r21': 20, 'r22': 21, 'r23': 22, 'r24': 23, 'r25': 24, 'r26': 25, 'r27': 26}
Optimizing branch lengths, phi, and nu without topology search
Optimization by EM algorithm
Optimization start with 1 initials
Initial point 1. Random seed: 8695
Numerical optimization started with ultrametric constraint (default)
Initial phi: 0. Initial nu: 0.26955655566205877. Initial nllh: 9084.1793648217
Starting EM iter: 1
Estep
Estep runtime (s): 0.06156492233276367
Mstep
Optimizing phi
Optimizing branch lengths. Current phi: 0. Current nu:0.26955655566205877
Optimizing nu
Mstep runtime (s): 0.22046709060668945
Finished EM iter: 1. Current nllh: 7545.636249060569
Starting EM iter: 2
Estep
Estep runtime (s): 0.0838930606842041
Mstep
Optimizing phi
Optimizing branch lengths. Current phi: 0. Current nu:0.27437049794612667
Optimizing nu
Mstep runtime (s): 0.2167220115661621
Finished EM iter: 2. Current nllh: 7525.861205817245
Starting EM iter: 3
Estep
Estep runtime (s): 0.0843048095703125
Mstep
Optimizing phi
Optimizing branch lengths. Current phi: 0. Current nu:0.2724538437223319
Optimizing nu
Mstep runtime (s): 0.21754193305969238
Finished EM iter: 3. Current nllh: 7522.452453987196
Starting EM iter: 4
Estep
Estep runtime (s): 0.08399295806884766
Mstep
Optimizing phi
Optimizing branch lengths. Current phi: 0. Current nu:0.2704463444264274
Optimizing nu
Mstep runtime (s): 0.18462371826171875
Finished EM iter: 4. Current nllh: 7521.953705094285
Starting EM iter: 5
Estep
Estep runtime (s): 0.08360695838928223
Mstep
Optimizing phi
Optimizing branch lengths. Current phi: 0. Current nu:0.2694078686927387
Optimizing nu
Mstep runtime (s): 0.21053385734558105
Finished EM iter: 5. Current nllh: 7521.847786738868
Starting EM iter: 6
Estep
Estep runtime (s): 0.08408999443054199
Mstep
Optimizing phi
Optimizing branch lengths. Current phi: 0. Current nu:0.2689611104150023
Optimizing nu
Mstep runtime (s): 0.1885833740234375
Finished EM iter: 6. Current nllh: 7521.805757883865
Starting EM iter: 7
Estep
Estep runtime (s): 0.08376288414001465
Mstep
Optimizing phi
Optimizing branch lengths. Current phi: 0. Current nu:0.2687768568995818
Optimizing nu
Mstep runtime (s): 0.19719171524047852
Finished EM iter: 7. Current nllh: 7521.78334261142
Starting EM iter: 8
Estep
Estep runtime (s): 0.08428096771240234
Mstep
Optimizing phi
Optimizing branch lengths. Current phi: 0. Current nu:0.26869982249761126
Optimizing nu
Mstep runtime (s): 0.20316600799560547
Finished EM iter: 8. Current nllh: 7521.769220439149
Starting EM iter: 9
Estep
Estep runtime (s): 0.08420133590698242
Mstep
Optimizing phi
Optimizing branch lengths. Current phi: 0. Current nu:0.26866674683083164
Optimizing nu
Mstep runtime (s): 0.1947791576385498
Finished EM iter: 9. Current nllh: 7521.759589633373
Starting EM iter: 10
Estep
Estep runtime (s): 0.08401894569396973
Mstep
Optimizing phi
Optimizing branch lengths. Current phi: 0. Current nu:0.26865232534558003
Optimizing nu
Mstep runtime (s): 0.186187744140625
Finished EM iter: 10. Current nllh: 7521.754944823058
Starting EM iter: 11
Estep
Estep runtime (s): 0.08425712585449219
Mstep
Optimizing phi
Optimizing branch lengths. Current phi: 0. Current nu:0.2686439491249103
Optimizing nu
Mstep runtime (s): 0.1963660717010498
Finished EM iter: 11. Current nllh: 7521.754874842388
EM finished after 11 iterations.
Optimal phi: 0. Optimal nu: 0.2686383075117277. Optimal nllh: 7521.754874842388
Optimal point found for initial point 1
Numerical optimization finished successfully
Tree height pre-scaling: 0.7359715360404572, input timescale: 1.0
Tree height after scaling: 1.0, mutation rate: 0.7359715360404572
Tree height pre-scaling: 0.7359715360711109, input timescale: 1.0
Tree height after scaling: 0.9999999999999999, mutation rate: 0.7359715360711109
Tree height pre-scaling: 0.735971536031981, input timescale: 1.0
Tree height after scaling: 1.0, mutation rate: 0.735971536031981
Tree height pre-scaling: 0.7359715361319082, input timescale: 1.0
Tree height after scaling: 1.0, mutation rate: 0.7359715361319082
Tree height pre-scaling: 0.7359715360125996, input timescale: 1.0
Tree height after scaling: 1.0, mutation rate: 0.7359715360125996
Tree height pre-scaling: 0.7359715360791512, input timescale: 1.0
Tree height after scaling: 1.0, mutation rate: 0.7359715360791512
Tree height pre-scaling: 0.7359715360333634, input timescale: 1.0
Tree height after scaling: 1.0000000000000002, mutation rate: 0.7359715360333634
Tree height pre-scaling: 0.7359715360845016, input timescale: 1.0
Tree height after scaling: 1.0, mutation rate: 0.7359715360845016
Tree height pre-scaling: 0.7359715361177568, input timescale: 1.0
Tree height after scaling: 0.9999999999999999, mutation rate: 0.7359715361177568
Tree height pre-scaling: 0.7359715360837044, input timescale: 1.0
Tree height after scaling: 1.0, mutation rate: 0.7359715360837044
Tree height pre-scaling: 0.735971535998203, input timescale: 1.0
Tree height after scaling: 1.0, mutation rate: 0.735971535998203
Tree height pre-scaling: 0.7359715360251109, input timescale: 1.0
Tree height after scaling: 1.0, mutation rate: 0.7359715360251109
Tree height pre-scaling: 0.735971536458771, input timescale: 1.0
Tree height after scaling: 1.0, mutation rate: 0.735971536458771
Runtime (s): 3.540047375
