Launching LAML version 0.0.4
LAML was called as follows: /Users/uym2/my_gits/LAML/run_laml.py -c ../../evaluation/Bar11/Bar11_character_matrix.txt -t place_outlier2/augmented_tree_225.nwk -o place_outlier2/augmented_tree_225_optimized -v -p ../../evaluation/Bar11/Bar11_priors.pickle --delimiter tab -m -1 --nInitials 1
Prior keys mismatch with site names.
Prior keys: [0, 1, 2, 3, 4, 5, 6, 7, 8, 9, 10, 11, 12, 13, 14, 15, 16, 17, 18, 19, 20, 21, 22, 23, 24, 25, 26]
Site names: ['r1', 'r2', 'r3', 'r4', 'r5', 'r6', 'r7', 'r8', 'r9', 'r10', 'r11', 'r12', 'r13', 'r14', 'r15', 'r16', 'r17', 'r18', 'r19', 'r20', 'r21', 'r22', 'r23', 'r24', 'r25', 'r26', 'r27']
Attempting to infer mapping between site names and prior keys...
{'r1': 0, 'r2': 1, 'r3': 2, 'r4': 3, 'r5': 4, 'r6': 5, 'r7': 6, 'r8': 7, 'r9': 8, 'r10': 9, 'r11': 10, 'r12': 11, 'r13': 12, 'r14': 13, 'r15': 14, 'r16': 15, 'r17': 16, 'r18': 17, 'r19': 18, 'r20': 19, 'r21': 20, 'r22': 21, 'r23': 22, 'r24': 23, 'r25': 24, 'r26': 25, 'r27': 26}
Optimizing branch lengths, phi, and nu without topology search
Optimization by EM algorithm
Optimization start with 1 initials
Initial point 1. Random seed: 25
Numerical optimization started with ultrametric constraint (default)
Initial phi: 0. Initial nu: 0.26955655566205877. Initial nllh: 8766.974181069778
Starting EM iter: 1
Estep
Estep runtime (s): 0.061988115310668945
Mstep
Optimizing phi
Optimizing branch lengths. Current phi: 0. Current nu:0.26955655566205877
Optimizing nu
Mstep runtime (s): 0.23576092720031738
Finished EM iter: 1. Current nllh: 7381.4417322171985
Starting EM iter: 2
Estep
Estep runtime (s): 0.08408212661743164
Mstep
Optimizing phi
Optimizing branch lengths. Current phi: 0. Current nu:0.28220700339215965
Optimizing nu
Mstep runtime (s): 0.2711319923400879
Finished EM iter: 2. Current nllh: 7359.358462676159
Starting EM iter: 3
Estep
Estep runtime (s): 0.0844888687133789
Mstep
Optimizing phi
Optimizing branch lengths. Current phi: 0. Current nu:0.28234523130880546
Optimizing nu
Mstep runtime (s): 0.24743914604187012
Finished EM iter: 3. Current nllh: 7355.868657679239
Starting EM iter: 4
Estep
Estep runtime (s): 0.08423590660095215
Mstep
Optimizing phi
Optimizing branch lengths. Current phi: 0. Current nu:0.2809653649122212
Optimizing nu
Mstep runtime (s): 0.21112990379333496
Finished EM iter: 4. Current nllh: 7355.378716813182
Starting EM iter: 5
Estep
Estep runtime (s): 0.08426713943481445
Mstep
Optimizing phi
Optimizing branch lengths. Current phi: 0. Current nu:0.28009178975640575
Optimizing nu
Mstep runtime (s): 0.2056429386138916
Finished EM iter: 5. Current nllh: 7355.272719706802
Starting EM iter: 6
Estep
Estep runtime (s): 0.08428072929382324
Mstep
Optimizing phi
Optimizing branch lengths. Current phi: 0. Current nu:0.2796840940891473
Optimizing nu
Mstep runtime (s): 0.19114208221435547
Finished EM iter: 6. Current nllh: 7355.230832298648
Starting EM iter: 7
Estep
Estep runtime (s): 0.08434319496154785
Mstep
Optimizing phi
Optimizing branch lengths. Current phi: 0. Current nu:0.2795070633646974
Optimizing nu
Mstep runtime (s): 0.22151899337768555
Finished EM iter: 7. Current nllh: 7355.208440964244
Starting EM iter: 8
Estep
Estep runtime (s): 0.08445596694946289
Mstep
Optimizing phi
Optimizing branch lengths. Current phi: 0. Current nu:0.27943033120874683
Optimizing nu
Mstep runtime (s): 0.21136999130249023
Finished EM iter: 8. Current nllh: 7355.19429041076
Starting EM iter: 9
Estep
Estep runtime (s): 0.0844879150390625
Mstep
Optimizing phi
Optimizing branch lengths. Current phi: 0. Current nu:0.27939701191366717
Optimizing nu
Mstep runtime (s): 0.2054150104522705
Finished EM iter: 9. Current nllh: 7355.184836482207
Starting EM iter: 10
Estep
Estep runtime (s): 0.0845329761505127
Mstep
Optimizing phi
Optimizing branch lengths. Current phi: 0. Current nu:0.27938045414732937
Optimizing nu
Mstep runtime (s): 0.21970605850219727
Finished EM iter: 10. Current nllh: 7355.1817878161555
Starting EM iter: 11
Estep
Estep runtime (s): 0.08444905281066895
Mstep
Optimizing phi
Optimizing branch lengths. Current phi: 0. Current nu:0.27937071419679843
Optimizing nu
Mstep runtime (s): 0.21457791328430176
Finished EM iter: 11. Current nllh: 7355.181768324547
EM finished after 11 iterations.
Optimal phi: 0. Optimal nu: 0.27936543842177247. Optimal nllh: 7355.181768324547
Optimal point found for initial point 1
Numerical optimization finished successfully
Tree height pre-scaling: 0.7031310665151922, input timescale: 1.0
Tree height after scaling: 0.9999999999999999, mutation rate: 0.7031310665151922
Tree height pre-scaling: 0.7031311555611655, input timescale: 1.0
Tree height after scaling: 1.0, mutation rate: 0.7031311555611655
Tree height pre-scaling: 0.7031310485163671, input timescale: 1.0
Tree height after scaling: 0.9999999999999999, mutation rate: 0.7031310485163671
Tree height pre-scaling: 0.7031313148495468, input timescale: 1.0
Tree height after scaling: 1.0, mutation rate: 0.7031313148495468
Tree height pre-scaling: 0.7031310223074554, input timescale: 1.0
Tree height after scaling: 0.9999999999999999, mutation rate: 0.7031310223074554
Tree height pre-scaling: 0.7031311647756434, input timescale: 1.0
Tree height after scaling: 1.0, mutation rate: 0.7031311647756434
Tree height pre-scaling: 0.7031310910061613, input timescale: 1.0
Tree height after scaling: 1.0, mutation rate: 0.7031310910061613
Tree height pre-scaling: 0.7031311692394002, input timescale: 1.0
Tree height after scaling: 1.0, mutation rate: 0.7031311692394002
Tree height pre-scaling: 0.7031313081878852, input timescale: 1.0
Tree height after scaling: 1.0, mutation rate: 0.7031313081878852
Tree height pre-scaling: 0.7031312667044074, input timescale: 1.0
Tree height after scaling: 1.0, mutation rate: 0.7031312667044074
Tree height pre-scaling: 0.7031309913705758, input timescale: 1.0
Tree height after scaling: 1.0, mutation rate: 0.7031309913705758
Tree height pre-scaling: 0.7031310520943193, input timescale: 1.0
Tree height after scaling: 1.0, mutation rate: 0.7031310520943193
Tree height pre-scaling: 0.7031311030623468, input timescale: 1.0
Tree height after scaling: 1.0, mutation rate: 0.7031311030623468
Runtime (s): 3.7643988330000004
