Launching LAML version 0.0.4
LAML was called as follows: /Users/uym2/my_gits/LAML/run_laml.py -c ../../evaluation/Bar11/Bar11_character_matrix.txt -t place_outlier2/augmented_tree_250.nwk -o place_outlier2/augmented_tree_250_optimized -v -p ../../evaluation/Bar11/Bar11_priors.pickle --delimiter tab -m -1 --nInitials 1
Prior keys mismatch with site names.
Prior keys: [0, 1, 2, 3, 4, 5, 6, 7, 8, 9, 10, 11, 12, 13, 14, 15, 16, 17, 18, 19, 20, 21, 22, 23, 24, 25, 26]
Site names: ['r1', 'r2', 'r3', 'r4', 'r5', 'r6', 'r7', 'r8', 'r9', 'r10', 'r11', 'r12', 'r13', 'r14', 'r15', 'r16', 'r17', 'r18', 'r19', 'r20', 'r21', 'r22', 'r23', 'r24', 'r25', 'r26', 'r27']
Attempting to infer mapping between site names and prior keys...
{'r1': 0, 'r2': 1, 'r3': 2, 'r4': 3, 'r5': 4, 'r6': 5, 'r7': 6, 'r8': 7, 'r9': 8, 'r10': 9, 'r11': 10, 'r12': 11, 'r13': 12, 'r14': 13, 'r15': 14, 'r16': 15, 'r17': 16, 'r18': 17, 'r19': 18, 'r20': 19, 'r21': 20, 'r22': 21, 'r23': 22, 'r24': 23, 'r25': 24, 'r26': 25, 'r27': 26}
Optimizing branch lengths, phi, and nu without topology search
Optimization by EM algorithm
Optimization start with 1 initials
Initial point 1. Random seed: 9579
Numerical optimization started with ultrametric constraint (default)
Initial phi: 0. Initial nu: 0.26955655566205877. Initial nllh: 8301.687620965902
Starting EM iter: 1
Estep
Estep runtime (s): 0.06341290473937988
Mstep
Optimizing phi
Optimizing branch lengths. Current phi: 0. Current nu:0.26955655566205877
Optimizing nu
Mstep runtime (s): 0.22063112258911133
Finished EM iter: 1. Current nllh: 7119.326677235416
Starting EM iter: 2
Estep
Estep runtime (s): 0.0860891342163086
Mstep
Optimizing phi
Optimizing branch lengths. Current phi: 0. Current nu:0.2769401170581964
Optimizing nu
Mstep runtime (s): 0.21383333206176758
Finished EM iter: 2. Current nllh: 7097.94413944568
Starting EM iter: 3
Estep
Estep runtime (s): 0.08617401123046875
Mstep
Optimizing phi
Optimizing branch lengths. Current phi: 0. Current nu:0.27325256011328475
Optimizing nu
Mstep runtime (s): 0.19739890098571777
Finished EM iter: 3. Current nllh: 7095.205657646273
Starting EM iter: 4
Estep
Estep runtime (s): 0.08611202239990234
Mstep
Optimizing phi
Optimizing branch lengths. Current phi: 0. Current nu:0.2705282797943759
Optimizing nu
Mstep runtime (s): 0.2278759479522705
Finished EM iter: 4. Current nllh: 7094.751853929147
Starting EM iter: 5
Estep
Estep runtime (s): 0.08601713180541992
Mstep
Optimizing phi
Optimizing branch lengths. Current phi: 0. Current nu:0.2692491265166747
Optimizing nu
Mstep runtime (s): 0.21233010292053223
Finished EM iter: 5. Current nllh: 7094.6611441606565
Starting EM iter: 6
Estep
Estep runtime (s): 0.0859060287475586
Mstep
Optimizing phi
Optimizing branch lengths. Current phi: 0. Current nu:0.2687044560884389
Optimizing nu
Mstep runtime (s): 0.19207406044006348
Finished EM iter: 6. Current nllh: 7094.627444317006
Starting EM iter: 7
Estep
Estep runtime (s): 0.0863182544708252
Mstep
Optimizing phi
Optimizing branch lengths. Current phi: 0. Current nu:0.26848326914452014
Optimizing nu
Mstep runtime (s): 0.2159879207611084
Finished EM iter: 7. Current nllh: 7094.609426248516
Starting EM iter: 8
Estep
Estep runtime (s): 0.08637499809265137
Mstep
Optimizing phi
Optimizing branch lengths. Current phi: 0. Current nu:0.2683927082826617
Optimizing nu
Mstep runtime (s): 0.22812294960021973
Finished EM iter: 8. Current nllh: 7094.5981029069135
Starting EM iter: 9
Estep
Estep runtime (s): 0.08642888069152832
Mstep
Optimizing phi
Optimizing branch lengths. Current phi: 0. Current nu:0.26835436300867976
Optimizing nu
Mstep runtime (s): 0.2190840244293213
Finished EM iter: 9. Current nllh: 7094.592442869695
Starting EM iter: 10
Estep
Estep runtime (s): 0.08621788024902344
Mstep
Optimizing phi
Optimizing branch lengths. Current phi: 0. Current nu:0.2683361255908418
Optimizing nu
Mstep runtime (s): 0.28157496452331543
Finished EM iter: 10. Current nllh: 7094.592231711264
Starting EM iter: 11
Estep
Estep runtime (s): 0.08645796775817871
Mstep
Optimizing phi
Optimizing branch lengths. Current phi: 0. Current nu:0.26832510210888627
Optimizing nu
Mstep runtime (s): 0.2507808208465576
Finished EM iter: 11. Current nllh: 7094.592270170532
EM finished after 11 iterations.
Optimal phi: 0. Optimal nu: 0.26832021461909894. Optimal nllh: 7094.592270170532
Optimal point found for initial point 1
Numerical optimization finished successfully
Tree height pre-scaling: 0.7076170025701483, input timescale: 1.0
Tree height after scaling: 1.0, mutation rate: 0.7076170025701483
Tree height pre-scaling: 0.707617068750959, input timescale: 1.0
Tree height after scaling: 1.0, mutation rate: 0.707617068750959
Tree height pre-scaling: 0.7076169947207839, input timescale: 1.0
Tree height after scaling: 1.0, mutation rate: 0.7076169947207839
Tree height pre-scaling: 0.7076171969331769, input timescale: 1.0
Tree height after scaling: 1.0, mutation rate: 0.7076171969331769
Tree height pre-scaling: 0.7076170230450856, input timescale: 1.0
Tree height after scaling: 1.0, mutation rate: 0.7076170230450856
Tree height pre-scaling: 0.7076170879016559, input timescale: 1.0
Tree height after scaling: 1.0, mutation rate: 0.7076170879016559
Tree height pre-scaling: 0.7076171906294735, input timescale: 1.0
Tree height after scaling: 1.0, mutation rate: 0.7076171906294735
Tree height pre-scaling: 0.7076171610264349, input timescale: 1.0
Tree height after scaling: 1.0, mutation rate: 0.7076171610264349
Tree height pre-scaling: 0.7076169496583169, input timescale: 1.0
Tree height after scaling: 0.9999999999999999, mutation rate: 0.7076169496583169
Tree height pre-scaling: 0.7076169961941993, input timescale: 1.0
Tree height after scaling: 1.0, mutation rate: 0.7076169961941993
Tree height pre-scaling: 0.7076170544694763, input timescale: 1.0
Tree height after scaling: 1.0, mutation rate: 0.7076170544694763
Tree height pre-scaling: 0.7076170709411563, input timescale: 1.0
Tree height after scaling: 1.0, mutation rate: 0.7076170709411563
Tree height pre-scaling: 0.7076169057140176, input timescale: 1.0
Tree height after scaling: 1.0, mutation rate: 0.7076169057140176
Runtime (s): 3.8157351669999997
