Launching LAML version 0.0.4
LAML was called as follows: /Users/uym2/my_gits/LAML/run_laml.py -c ../../evaluation/Bar11/Bar11_character_matrix.txt -t place_outlier2/augmented_tree_279.nwk -o place_outlier2/augmented_tree_279_optimized -v -p ../../evaluation/Bar11/Bar11_priors.pickle --delimiter tab -m -1 --nInitials 1
Prior keys mismatch with site names.
Prior keys: [0, 1, 2, 3, 4, 5, 6, 7, 8, 9, 10, 11, 12, 13, 14, 15, 16, 17, 18, 19, 20, 21, 22, 23, 24, 25, 26]
Site names: ['r1', 'r2', 'r3', 'r4', 'r5', 'r6', 'r7', 'r8', 'r9', 'r10', 'r11', 'r12', 'r13', 'r14', 'r15', 'r16', 'r17', 'r18', 'r19', 'r20', 'r21', 'r22', 'r23', 'r24', 'r25', 'r26', 'r27']
Attempting to infer mapping between site names and prior keys...
{'r1': 0, 'r2': 1, 'r3': 2, 'r4': 3, 'r5': 4, 'r6': 5, 'r7': 6, 'r8': 7, 'r9': 8, 'r10': 9, 'r11': 10, 'r12': 11, 'r13': 12, 'r14': 13, 'r15': 14, 'r16': 15, 'r17': 16, 'r18': 17, 'r19': 18, 'r20': 19, 'r21': 20, 'r22': 21, 'r23': 22, 'r24': 23, 'r25': 24, 'r26': 25, 'r27': 26}
Optimizing branch lengths, phi, and nu without topology search
Optimization by EM algorithm
Optimization start with 1 initials
Initial point 1. Random seed: 6284
Numerical optimization started with ultrametric constraint (default)
Initial phi: 0. Initial nu: 0.26955655566205877. Initial nllh: 8603.649737433494
Starting EM iter: 1
Estep
Estep runtime (s): 0.06218576431274414
Mstep
Optimizing phi
Optimizing branch lengths. Current phi: 0. Current nu:0.26955655566205877
Optimizing nu
Mstep runtime (s): 0.26425600051879883
Finished EM iter: 1. Current nllh: 7287.867320602117
Starting EM iter: 2
Estep
Estep runtime (s): 0.08586478233337402
Mstep
Optimizing phi
Optimizing branch lengths. Current phi: 0. Current nu:0.2762260084507122
Optimizing nu
Mstep runtime (s): 0.2316286563873291
Finished EM iter: 2. Current nllh: 7269.709905598634
Starting EM iter: 3
Estep
Estep runtime (s): 0.08618593215942383
Mstep
Optimizing phi
Optimizing branch lengths. Current phi: 0. Current nu:0.2725083053457269
Optimizing nu
Mstep runtime (s): 0.2178788185119629
Finished EM iter: 3. Current nllh: 7267.666410618047
Starting EM iter: 4
Estep
Estep runtime (s): 0.0860891342163086
Mstep
Optimizing phi
Optimizing branch lengths. Current phi: 0. Current nu:0.26999794737482774
Optimizing nu
Mstep runtime (s): 0.20029377937316895
Finished EM iter: 4. Current nllh: 7267.298043114574
Starting EM iter: 5
Estep
Estep runtime (s): 0.08611893653869629
Mstep
Optimizing phi
Optimizing branch lengths. Current phi: 0. Current nu:0.26887860089144183
Optimizing nu
Mstep runtime (s): 0.2380518913269043
Finished EM iter: 5. Current nllh: 7267.210842959097
Starting EM iter: 6
Estep
Estep runtime (s): 0.08624887466430664
Mstep
Optimizing phi
Optimizing branch lengths. Current phi: 0. Current nu:0.2684137555442799
Optimizing nu
Mstep runtime (s): 0.20126581192016602
Finished EM iter: 6. Current nllh: 7267.177616552747
Starting EM iter: 7
Estep
Estep runtime (s): 0.08640789985656738
Mstep
Optimizing phi
Optimizing branch lengths. Current phi: 0. Current nu:0.26822809909956996
Optimizing nu
Mstep runtime (s): 0.19819092750549316
Finished EM iter: 7. Current nllh: 7267.159519592928
Starting EM iter: 8
Estep
Estep runtime (s): 0.08637332916259766
Mstep
Optimizing phi
Optimizing branch lengths. Current phi: 0. Current nu:0.2681528820261721
Optimizing nu
Mstep runtime (s): 0.24939799308776855
Finished EM iter: 8. Current nllh: 7267.148027349032
Starting EM iter: 9
Estep
Estep runtime (s): 0.08634591102600098
Mstep
Optimizing phi
Optimizing branch lengths. Current phi: 0. Current nu:0.2681217646073967
Optimizing nu
Mstep runtime (s): 0.1926560401916504
Finished EM iter: 9. Current nllh: 7267.141287256297
Starting EM iter: 10
Estep
Estep runtime (s): 0.08622384071350098
Mstep
Optimizing phi
Optimizing branch lengths. Current phi: 0. Current nu:0.2681076536595765
Optimizing nu
Mstep runtime (s): 0.21234703063964844
Finished EM iter: 10. Current nllh: 7267.140994455103
Starting EM iter: 11
Estep
Estep runtime (s): 0.08624696731567383
Mstep
Optimizing phi
Optimizing branch lengths. Current phi: 0. Current nu:0.26809710928513913
Optimizing nu
Mstep runtime (s): 0.2425391674041748
Finished EM iter: 11. Current nllh: 7267.141102915051
Starting EM iter: 12
Estep
Estep runtime (s): 0.08627605438232422
Mstep
Optimizing phi
Optimizing branch lengths. Current phi: 0. Current nu:0.26809392640738955
Optimizing nu
Mstep runtime (s): 0.3149688243865967
Finished EM iter: 12. Current nllh: 7267.141094726108
EM finished after 12 iterations.
Optimal phi: 0. Optimal nu: 0.2680917876272997. Optimal nllh: 7267.141094726108
Optimal point found for initial point 1
Numerical optimization finished successfully
Tree height pre-scaling: 0.7216084064747497, input timescale: 1.0
Tree height after scaling: 1.0, mutation rate: 0.7216084064747497
Tree height pre-scaling: 0.7216084122690138, input timescale: 1.0
Tree height after scaling: 1.0, mutation rate: 0.7216084122690138
Tree height pre-scaling: 0.7216084056880183, input timescale: 1.0
Tree height after scaling: 0.9999999999999999, mutation rate: 0.7216084056880183
Tree height pre-scaling: 0.7216084063966874, input timescale: 1.0
Tree height after scaling: 1.0, mutation rate: 0.7216084063966874
Tree height pre-scaling: 0.7216084137562173, input timescale: 1.0
Tree height after scaling: 1.0, mutation rate: 0.7216084137562173
Tree height pre-scaling: 0.7216084193678234, input timescale: 1.0
Tree height after scaling: 1.0, mutation rate: 0.7216084193678234
Tree height pre-scaling: 0.7216084161493678, input timescale: 1.0
Tree height after scaling: 1.0000000000000002, mutation rate: 0.7216084161493678
Tree height pre-scaling: 0.7216084015520845, input timescale: 1.0
Tree height after scaling: 0.9999999999999999, mutation rate: 0.7216084015520845
Tree height pre-scaling: 0.7216084053472203, input timescale: 1.0
Tree height after scaling: 1.0, mutation rate: 0.7216084053472203
Tree height pre-scaling: 0.7216084106216373, input timescale: 1.0
Tree height after scaling: 1.0, mutation rate: 0.7216084106216373
Tree height pre-scaling: 0.7216084123987996, input timescale: 1.0
Tree height after scaling: 0.9999999999999998, mutation rate: 0.7216084123987996
Tree height pre-scaling: 0.7216084033467776, input timescale: 1.0
Tree height after scaling: 1.0, mutation rate: 0.7216084033467776
Tree height pre-scaling: 0.7216084400815009, input timescale: 1.0
Tree height after scaling: 1.0, mutation rate: 0.7216084400815009
Runtime (s): 4.2253936670000005
