Launching LAML version 0.0.4
LAML was called as follows: /Users/uym2/my_gits/LAML/run_laml.py -c ../../evaluation/Bar11/Bar11_character_matrix.txt -t place_outlier2/augmented_tree_111.nwk -o place_outlier2/augmented_tree_111_optimized -v -p ../../evaluation/Bar11/Bar11_priors.pickle --delimiter tab -m -1 --nInitials 1
Prior keys mismatch with site names.
Prior keys: [0, 1, 2, 3, 4, 5, 6, 7, 8, 9, 10, 11, 12, 13, 14, 15, 16, 17, 18, 19, 20, 21, 22, 23, 24, 25, 26]
Site names: ['r1', 'r2', 'r3', 'r4', 'r5', 'r6', 'r7', 'r8', 'r9', 'r10', 'r11', 'r12', 'r13', 'r14', 'r15', 'r16', 'r17', 'r18', 'r19', 'r20', 'r21', 'r22', 'r23', 'r24', 'r25', 'r26', 'r27']
Attempting to infer mapping between site names and prior keys...
{'r1': 0, 'r2': 1, 'r3': 2, 'r4': 3, 'r5': 4, 'r6': 5, 'r7': 6, 'r8': 7, 'r9': 8, 'r10': 9, 'r11': 10, 'r12': 11, 'r13': 12, 'r14': 13, 'r15': 14, 'r16': 15, 'r17': 16, 'r18': 17, 'r19': 18, 'r20': 19, 'r21': 20, 'r22': 21, 'r23': 22, 'r24': 23, 'r25': 24, 'r26': 25, 'r27': 26}
Optimizing branch lengths, phi, and nu without topology search
Optimization by EM algorithm
Optimization start with 1 initials
Initial point 1. Random seed: 1909
Numerical optimization started with ultrametric constraint (default)
Initial phi: 0. Initial nu: 0.26955655566205877. Initial nllh: 8359.527381640148
Starting EM iter: 1
Estep
Estep runtime (s): 0.06341910362243652
Mstep
Optimizing phi
Optimizing branch lengths. Current phi: 0. Current nu:0.26955655566205877
Optimizing nu
Mstep runtime (s): 0.23054909706115723
Finished EM iter: 1. Current nllh: 7128.77769959721
Starting EM iter: 2
Estep
Estep runtime (s): 0.08457422256469727
Mstep
Optimizing phi
Optimizing branch lengths. Current phi: 0. Current nu:0.27255803143143364
Optimizing nu
Mstep runtime (s): 0.18340015411376953
Finished EM iter: 2. Current nllh: 7110.57063935987
Starting EM iter: 3
Estep
Estep runtime (s): 0.0859079360961914
Mstep
Optimizing phi
Optimizing branch lengths. Current phi: 0. Current nu:0.2705081689690344
Optimizing nu
Mstep runtime (s): 0.18981289863586426
Finished EM iter: 3. Current nllh: 7108.108983626127
Starting EM iter: 4
Estep
Estep runtime (s): 0.08598661422729492
Mstep
Optimizing phi
Optimizing branch lengths. Current phi: 0. Current nu:0.2689665524953409
Optimizing nu
Mstep runtime (s): 0.2057952880859375
Finished EM iter: 4. Current nllh: 7107.676082316437
Starting EM iter: 5
Estep
Estep runtime (s): 0.0857548713684082
Mstep
Optimizing phi
Optimizing branch lengths. Current phi: 0. Current nu:0.26820949236781894
Optimizing nu
Mstep runtime (s): 0.23618698120117188
Finished EM iter: 5. Current nllh: 7107.567061218405
Starting EM iter: 6
Estep
Estep runtime (s): 0.08461594581604004
Mstep
Optimizing phi
Optimizing branch lengths. Current phi: 0. Current nu:0.2678775190543632
Optimizing nu
Mstep runtime (s): 0.18938112258911133
Finished EM iter: 6. Current nllh: 7107.519688223968
Starting EM iter: 7
Estep
Estep runtime (s): 0.08522272109985352
Mstep
Optimizing phi
Optimizing branch lengths. Current phi: 0. Current nu:0.26773789595306513
Optimizing nu
Mstep runtime (s): 0.2098841667175293
Finished EM iter: 7. Current nllh: 7107.493681599106
Starting EM iter: 8
Estep
Estep runtime (s): 0.08582019805908203
Mstep
Optimizing phi
Optimizing branch lengths. Current phi: 0. Current nu:0.2676786672294175
Optimizing nu
Mstep runtime (s): 0.18975520133972168
Finished EM iter: 8. Current nllh: 7107.4772906407525
Starting EM iter: 9
Estep
Estep runtime (s): 0.08584022521972656
Mstep
Optimizing phi
Optimizing branch lengths. Current phi: 0. Current nu:0.2676530206451149
Optimizing nu
Mstep runtime (s): 0.21300387382507324
Finished EM iter: 9. Current nllh: 7107.466072028934
Starting EM iter: 10
Estep
Estep runtime (s): 0.08475112915039062
Mstep
Optimizing phi
Optimizing branch lengths. Current phi: 0. Current nu:0.26764127184727016
Optimizing nu
Mstep runtime (s): 0.18014097213745117
Finished EM iter: 10. Current nllh: 7107.459668794612
Starting EM iter: 11
Estep
Estep runtime (s): 0.08485722541809082
Mstep
Optimizing phi
Optimizing branch lengths. Current phi: 0. Current nu:0.26763548189234326
Optimizing nu
Mstep runtime (s): 0.21265530586242676
Finished EM iter: 11. Current nllh: 7107.459502154633
Starting EM iter: 12
Estep
Estep runtime (s): 0.08626890182495117
Mstep
Optimizing phi
Optimizing branch lengths. Current phi: 0. Current nu:0.2676288050917366
Optimizing nu
Mstep runtime (s): 0.22933101654052734
Finished EM iter: 12. Current nllh: 7107.459572950212
EM finished after 12 iterations.
Optimal phi: 0. Optimal nu: 0.2676263113311342. Optimal nllh: 7107.459572950212
Optimal point found for initial point 1
Numerical optimization finished successfully
Tree height pre-scaling: 0.7112965358396003, input timescale: 1.0
Tree height after scaling: 1.0, mutation rate: 0.7112965358396003
Tree height pre-scaling: 0.7112965359896883, input timescale: 1.0
Tree height after scaling: 1.0, mutation rate: 0.7112965359896883
Tree height pre-scaling: 0.7112965358132513, input timescale: 1.0
Tree height after scaling: 1.0, mutation rate: 0.7112965358132513
Tree height pre-scaling: 0.7112965362672335, input timescale: 1.0
Tree height after scaling: 1.0, mutation rate: 0.7112965362672335
Tree height pre-scaling: 0.71129653577178, input timescale: 1.0
Tree height after scaling: 1.0, mutation rate: 0.71129653577178
Tree height pre-scaling: 0.7112965360055399, input timescale: 1.0
Tree height after scaling: 1.0, mutation rate: 0.7112965360055399
Tree height pre-scaling: 0.7112965362007769, input timescale: 1.0
Tree height after scaling: 0.9999999999999999, mutation rate: 0.7112965362007769
Tree height pre-scaling: 0.7112965358132679, input timescale: 1.0
Tree height after scaling: 1.0, mutation rate: 0.7112965358132679
Tree height pre-scaling: 0.7112965357090892, input timescale: 1.0
Tree height after scaling: 1.0, mutation rate: 0.7112965357090892
Tree height pre-scaling: 0.7112965358798429, input timescale: 1.0
Tree height after scaling: 1.0, mutation rate: 0.7112965358798429
Tree height pre-scaling: 0.7112965360323076, input timescale: 1.0
Tree height after scaling: 0.9999999999999999, mutation rate: 0.7112965360323076
Tree height pre-scaling: 0.7112965362600485, input timescale: 1.0
Tree height after scaling: 0.9999999999999998, mutation rate: 0.7112965362600485
Tree height pre-scaling: 0.7112965358273354, input timescale: 1.0
Tree height after scaling: 1.0, mutation rate: 0.7112965358273354
Runtime (s): 3.9266674580000003
