Launching LAML version 0.0.4
LAML was called as follows: /Users/uym2/my_gits/LAML/run_laml.py -c ../../evaluation/Bar11/Bar11_character_matrix.txt -t place_outlier2/augmented_tree_58.nwk -o place_outlier2/augmented_tree_58_optimized -v -p ../../evaluation/Bar11/Bar11_priors.pickle --delimiter tab -m -1 --nInitials 1
Prior keys mismatch with site names.
Prior keys: [0, 1, 2, 3, 4, 5, 6, 7, 8, 9, 10, 11, 12, 13, 14, 15, 16, 17, 18, 19, 20, 21, 22, 23, 24, 25, 26]
Site names: ['r1', 'r2', 'r3', 'r4', 'r5', 'r6', 'r7', 'r8', 'r9', 'r10', 'r11', 'r12', 'r13', 'r14', 'r15', 'r16', 'r17', 'r18', 'r19', 'r20', 'r21', 'r22', 'r23', 'r24', 'r25', 'r26', 'r27']
Attempting to infer mapping between site names and prior keys...
{'r1': 0, 'r2': 1, 'r3': 2, 'r4': 3, 'r5': 4, 'r6': 5, 'r7': 6, 'r8': 7, 'r9': 8, 'r10': 9, 'r11': 10, 'r12': 11, 'r13': 12, 'r14': 13, 'r15': 14, 'r16': 15, 'r17': 16, 'r18': 17, 'r19': 18, 'r20': 19, 'r21': 20, 'r22': 21, 'r23': 22, 'r24': 23, 'r25': 24, 'r26': 25, 'r27': 26}
Optimizing branch lengths, phi, and nu without topology search
Optimization by EM algorithm
Optimization start with 1 initials
Initial point 1. Random seed: 6694
Numerical optimization started with ultrametric constraint (default)
Initial phi: 0. Initial nu: 0.26955655566205877. Initial nllh: 8535.453140853162
Starting EM iter: 1
Estep
Estep runtime (s): 0.060830116271972656
Mstep
Optimizing phi
Optimizing branch lengths. Current phi: 0. Current nu:0.26955655566205877
Optimizing nu
Mstep runtime (s): 0.22383904457092285
Finished EM iter: 1. Current nllh: 7173.030897271615
Starting EM iter: 2
Estep
Estep runtime (s): 0.08469605445861816
Mstep
Optimizing phi
Optimizing branch lengths. Current phi: 0. Current nu:0.27847196189187445
Optimizing nu
Mstep runtime (s): 0.20111513137817383
Finished EM iter: 2. Current nllh: 7147.724162434091
Starting EM iter: 3
Estep
Estep runtime (s): 0.08897590637207031
Mstep
Optimizing phi
Optimizing branch lengths. Current phi: 0. Current nu:0.2776836346298533
Optimizing nu
Mstep runtime (s): 0.19035792350769043
Finished EM iter: 3. Current nllh: 7138.245596057255
Starting EM iter: 4
Estep
Estep runtime (s): 0.08494806289672852
Mstep
Optimizing phi
Optimizing branch lengths. Current phi: 0. Current nu:0.2746778726178309
Optimizing nu
Mstep runtime (s): 0.21161389350891113
Finished EM iter: 4. Current nllh: 7136.669449702167
Starting EM iter: 5
Estep
Estep runtime (s): 0.08527994155883789
Mstep
Optimizing phi
Optimizing branch lengths. Current phi: 0. Current nu:0.2727890051757393
Optimizing nu
Mstep runtime (s): 0.18236899375915527
Finished EM iter: 5. Current nllh: 7136.580010444011
Starting EM iter: 6
Estep
Estep runtime (s): 0.08503508567810059
Mstep
Optimizing phi
Optimizing branch lengths. Current phi: 0. Current nu:0.2720019769076122
Optimizing nu
Mstep runtime (s): 0.19405221939086914
Finished EM iter: 6. Current nllh: 7136.5624679764405
Starting EM iter: 7
Estep
Estep runtime (s): 0.08503198623657227
Mstep
Optimizing phi
Optimizing branch lengths. Current phi: 0. Current nu:0.27170156860693484
Optimizing nu
Mstep runtime (s): 0.19269299507141113
Finished EM iter: 7. Current nllh: 7136.560654214213
Starting EM iter: 8
Estep
Estep runtime (s): 0.08511996269226074
Mstep
Optimizing phi
Optimizing branch lengths. Current phi: 0. Current nu:0.27158209120379484
Optimizing nu
Mstep runtime (s): 0.19777417182922363
Finished EM iter: 8. Current nllh: 7136.560293426014
Starting EM iter: 9
Estep
Estep runtime (s): 0.08516407012939453
Mstep
Optimizing phi
Optimizing branch lengths. Current phi: 0. Current nu:0.2715346435264551
Optimizing nu
Mstep runtime (s): 0.1954491138458252
Finished EM iter: 9. Current nllh: 7136.5601901652935
Starting EM iter: 10
Estep
Estep runtime (s): 0.0851142406463623
Mstep
Optimizing phi
Optimizing branch lengths. Current phi: 0. Current nu:0.27151516175819157
Optimizing nu
Mstep runtime (s): 0.22202086448669434
Finished EM iter: 10. Current nllh: 7136.560155845296
EM finished after 10 iterations.
Optimal phi: 0. Optimal nu: 0.2715066967273127. Optimal nllh: 7136.560155845296
Optimal point found for initial point 1
Numerical optimization finished successfully
Tree height pre-scaling: 0.7140059719133368, input timescale: 1.0
Tree height after scaling: 1.0, mutation rate: 0.7140059719133368
Tree height pre-scaling: 0.7140059719423879, input timescale: 1.0
Tree height after scaling: 1.0, mutation rate: 0.7140059719423879
Tree height pre-scaling: 0.7140059719072016, input timescale: 1.0
Tree height after scaling: 1.0, mutation rate: 0.7140059719072016
Tree height pre-scaling: 0.7140059719929748, input timescale: 1.0
Tree height after scaling: 1.0, mutation rate: 0.7140059719929748
Tree height pre-scaling: 0.7140059718991656, input timescale: 1.0
Tree height after scaling: 1.0, mutation rate: 0.7140059718991656
Tree height pre-scaling: 0.7140059719444738, input timescale: 1.0
Tree height after scaling: 1.0000000000000002, mutation rate: 0.7140059719444738
Tree height pre-scaling: 0.7140059719820618, input timescale: 1.0
Tree height after scaling: 1.0, mutation rate: 0.7140059719820618
Tree height pre-scaling: 0.7140059719064951, input timescale: 1.0
Tree height after scaling: 1.0, mutation rate: 0.7140059719064951
Tree height pre-scaling: 0.714005971887326, input timescale: 1.0
Tree height after scaling: 1.0, mutation rate: 0.714005971887326
Tree height pre-scaling: 0.7140059719269433, input timescale: 1.0
Tree height after scaling: 1.0, mutation rate: 0.7140059719269433
Tree height pre-scaling: 0.714005971918789, input timescale: 1.0
Tree height after scaling: 1.0, mutation rate: 0.714005971918789
Tree height pre-scaling: 0.714005971947501, input timescale: 1.0
Tree height after scaling: 1.0, mutation rate: 0.714005971947501
Tree height pre-scaling: 0.7140059720003133, input timescale: 1.0
Tree height after scaling: 1.0, mutation rate: 0.7140059720003133
Runtime (s): 3.233715084
