Launching LAML version 0.0.4
LAML was called as follows: /Users/uym2/my_gits/LAML/run_laml.py -c ../../evaluation/Bar11/Bar11_character_matrix.txt -t place_outlier2/augmented_tree_308.nwk -o place_outlier2/augmented_tree_308_optimized -v -p ../../evaluation/Bar11/Bar11_priors.pickle --delimiter tab -m -1 --nInitials 1
Prior keys mismatch with site names.
Prior keys: [0, 1, 2, 3, 4, 5, 6, 7, 8, 9, 10, 11, 12, 13, 14, 15, 16, 17, 18, 19, 20, 21, 22, 23, 24, 25, 26]
Site names: ['r1', 'r2', 'r3', 'r4', 'r5', 'r6', 'r7', 'r8', 'r9', 'r10', 'r11', 'r12', 'r13', 'r14', 'r15', 'r16', 'r17', 'r18', 'r19', 'r20', 'r21', 'r22', 'r23', 'r24', 'r25', 'r26', 'r27']
Attempting to infer mapping between site names and prior keys...
{'r1': 0, 'r2': 1, 'r3': 2, 'r4': 3, 'r5': 4, 'r6': 5, 'r7': 6, 'r8': 7, 'r9': 8, 'r10': 9, 'r11': 10, 'r12': 11, 'r13': 12, 'r14': 13, 'r15': 14, 'r16': 15, 'r17': 16, 'r18': 17, 'r19': 18, 'r20': 19, 'r21': 20, 'r22': 21, 'r23': 22, 'r24': 23, 'r25': 24, 'r26': 25, 'r27': 26}
Optimizing branch lengths, phi, and nu without topology search
Optimization by EM algorithm
Optimization start with 1 initials
Initial point 1. Random seed: 1964
Numerical optimization started with ultrametric constraint (default)
Initial phi: 0. Initial nu: 0.26955655566205877. Initial nllh: 8577.162645735565
Starting EM iter: 1
Estep
Estep runtime (s): 0.06271100044250488
Mstep
Optimizing phi
Optimizing branch lengths. Current phi: 0. Current nu:0.26955655566205877
Optimizing nu
Mstep runtime (s): 0.23040008544921875
Finished EM iter: 1. Current nllh: 7195.627747407688
Starting EM iter: 2
Estep
Estep runtime (s): 0.08636069297790527
Mstep
Optimizing phi
Optimizing branch lengths. Current phi: 0. Current nu:0.2731476156149791
Optimizing nu
Mstep runtime (s): 0.22744512557983398
Finished EM iter: 2. Current nllh: 7165.978781094408
Starting EM iter: 3
Estep
Estep runtime (s): 0.08645915985107422
Mstep
Optimizing phi
Optimizing branch lengths. Current phi: 0. Current nu:0.2693409977339337
Optimizing nu
Mstep runtime (s): 0.1881239414215088
Finished EM iter: 3. Current nllh: 7163.494731834909
Starting EM iter: 4
Estep
Estep runtime (s): 0.08658099174499512
Mstep
Optimizing phi
Optimizing branch lengths. Current phi: 0. Current nu:0.2673236676250988
Optimizing nu
Mstep runtime (s): 0.22631311416625977
Finished EM iter: 4. Current nllh: 7163.308501986315
Starting EM iter: 5
Estep
Estep runtime (s): 0.08639717102050781
Mstep
Optimizing phi
Optimizing branch lengths. Current phi: 0. Current nu:0.26657271192160537
Optimizing nu
Mstep runtime (s): 0.21460986137390137
Finished EM iter: 5. Current nllh: 7163.248092820465
Starting EM iter: 6
Estep
Estep runtime (s): 0.08651494979858398
Mstep
Optimizing phi
Optimizing branch lengths. Current phi: 0. Current nu:0.2663232354177699
Optimizing nu
Mstep runtime (s): 0.19673895835876465
Finished EM iter: 6. Current nllh: 7163.215090763425
Starting EM iter: 7
Estep
Estep runtime (s): 0.08702301979064941
Mstep
Optimizing phi
Optimizing branch lengths. Current phi: 0. Current nu:0.2662386735383971
Optimizing nu
Mstep runtime (s): 0.2273540496826172
Finished EM iter: 7. Current nllh: 7163.193563683264
Starting EM iter: 8
Estep
Estep runtime (s): 0.08621597290039062
Mstep
Optimizing phi
Optimizing branch lengths. Current phi: 0. Current nu:0.2662085635257693
Optimizing nu
Mstep runtime (s): 0.19220709800720215
Finished EM iter: 8. Current nllh: 7163.178679116258
Starting EM iter: 9
Estep
Estep runtime (s): 0.08644604682922363
Mstep
Optimizing phi
Optimizing branch lengths. Current phi: 0. Current nu:0.26619715026461405
Optimizing nu
Mstep runtime (s): 0.2074568271636963
Finished EM iter: 9. Current nllh: 7163.167990985649
Starting EM iter: 10
Estep
Estep runtime (s): 0.0870661735534668
Mstep
Optimizing phi
Optimizing branch lengths. Current phi: 0. Current nu:0.26619360264593933
Optimizing nu
Mstep runtime (s): 0.204054594039917
Finished EM iter: 10. Current nllh: 7163.1611896960785
Starting EM iter: 11
Estep
Estep runtime (s): 0.08694815635681152
Mstep
Optimizing phi
Optimizing branch lengths. Current phi: 0. Current nu:0.2661947345882795
Optimizing nu
Mstep runtime (s): 0.21082711219787598
Finished EM iter: 11. Current nllh: 7163.161387921749
Starting EM iter: 12
Estep
Estep runtime (s): 0.0865023136138916
Mstep
Optimizing phi
Optimizing branch lengths. Current phi: 0. Current nu:0.26618524253214143
Optimizing nu
Mstep runtime (s): 0.2125229835510254
Finished EM iter: 12. Current nllh: 7163.161537442238
Starting EM iter: 13
Estep
Estep runtime (s): 0.08693885803222656
Mstep
Optimizing phi
Optimizing branch lengths. Current phi: 0. Current nu:0.2661816239225229
Optimizing nu
Mstep runtime (s): 0.20184898376464844
Finished EM iter: 13. Current nllh: 7163.161620875795
Starting EM iter: 14
Estep
Estep runtime (s): 0.0868830680847168
Mstep
Optimizing phi
Optimizing branch lengths. Current phi: 0. Current nu:0.26618082069551935
Optimizing nu
Mstep runtime (s): 0.1865100860595703
Finished EM iter: 14. Current nllh: 7163.161645184482
EM finished after 14 iterations.
Optimal phi: 0. Optimal nu: 0.26618077608185536. Optimal nllh: 7163.161645184482
Optimal point found for initial point 1
Numerical optimization finished successfully
Tree height pre-scaling: 0.7098287167631525, input timescale: 1.0
Tree height after scaling: 1.0, mutation rate: 0.7098287167631525
Tree height pre-scaling: 0.7098287167688682, input timescale: 1.0
Tree height after scaling: 1.0, mutation rate: 0.7098287167688682
Tree height pre-scaling: 0.7098287167911482, input timescale: 1.0
Tree height after scaling: 1.0, mutation rate: 0.7098287167911482
Tree height pre-scaling: 0.7098287168223193, input timescale: 1.0
Tree height after scaling: 1.0, mutation rate: 0.7098287168223193
Tree height pre-scaling: 0.7098287168097783, input timescale: 1.0
Tree height after scaling: 1.0, mutation rate: 0.7098287168097783
Tree height pre-scaling: 0.7098287167466593, input timescale: 1.0
Tree height after scaling: 1.0, mutation rate: 0.7098287167466593
Tree height pre-scaling: 0.7098287167613695, input timescale: 1.0
Tree height after scaling: 1.0, mutation rate: 0.7098287167613695
Tree height pre-scaling: 0.7098287167787326, input timescale: 1.0
Tree height after scaling: 1.0, mutation rate: 0.7098287167787326
Tree height pre-scaling: 0.7098287167826125, input timescale: 1.0
Tree height after scaling: 1.0, mutation rate: 0.7098287167826125
Tree height pre-scaling: 0.7098287167550553, input timescale: 1.0
Tree height after scaling: 1.0, mutation rate: 0.7098287167550553
Tree height pre-scaling: 0.709828716829684, input timescale: 1.0
Tree height after scaling: 1.0, mutation rate: 0.709828716829684
Tree height pre-scaling: 0.7098287167607564, input timescale: 1.0
Tree height after scaling: 0.9999999999999999, mutation rate: 0.7098287167607564
Tree height pre-scaling: 0.7098287167420598, input timescale: 1.0
Tree height after scaling: 1.0, mutation rate: 0.7098287167420598
Runtime (s): 4.619118042
