Launching LAML version 0.0.4
LAML was called as follows: /Users/uym2/my_gits/LAML/run_laml.py -c ../../evaluation/Bar11/Bar11_character_matrix.txt -t place_outlier2/augmented_tree_233.nwk -o place_outlier2/augmented_tree_233_optimized -v -p ../../evaluation/Bar11/Bar11_priors.pickle --delimiter tab -m -1 --nInitials 1
Prior keys mismatch with site names.
Prior keys: [0, 1, 2, 3, 4, 5, 6, 7, 8, 9, 10, 11, 12, 13, 14, 15, 16, 17, 18, 19, 20, 21, 22, 23, 24, 25, 26]
Site names: ['r1', 'r2', 'r3', 'r4', 'r5', 'r6', 'r7', 'r8', 'r9', 'r10', 'r11', 'r12', 'r13', 'r14', 'r15', 'r16', 'r17', 'r18', 'r19', 'r20', 'r21', 'r22', 'r23', 'r24', 'r25', 'r26', 'r27']
Attempting to infer mapping between site names and prior keys...
{'r1': 0, 'r2': 1, 'r3': 2, 'r4': 3, 'r5': 4, 'r6': 5, 'r7': 6, 'r8': 7, 'r9': 8, 'r10': 9, 'r11': 10, 'r12': 11, 'r13': 12, 'r14': 13, 'r15': 14, 'r16': 15, 'r17': 16, 'r18': 17, 'r19': 18, 'r20': 19, 'r21': 20, 'r22': 21, 'r23': 22, 'r24': 23, 'r25': 24, 'r26': 25, 'r27': 26}
Optimizing branch lengths, phi, and nu without topology search
Optimization by EM algorithm
Optimization start with 1 initials
Initial point 1. Random seed: 9472
Numerical optimization started with ultrametric constraint (default)
Initial phi: 0. Initial nu: 0.26955655566205877. Initial nllh: 8762.354169997898
Starting EM iter: 1
Estep
Estep runtime (s): 0.061624765396118164
Mstep
Optimizing phi
Optimizing branch lengths. Current phi: 0. Current nu:0.26955655566205877
Optimizing nu
Mstep runtime (s): 0.2615649700164795
Finished EM iter: 1. Current nllh: 7338.529579749049
Starting EM iter: 2
Estep
Estep runtime (s): 0.0839850902557373
Mstep
Optimizing phi
Optimizing branch lengths. Current phi: 0. Current nu:0.2802838366716183
Optimizing nu
Mstep runtime (s): 0.21152091026306152
Finished EM iter: 2. Current nllh: 7318.737170105099
Starting EM iter: 3
Estep
Estep runtime (s): 0.08406400680541992
Mstep
Optimizing phi
Optimizing branch lengths. Current phi: 0. Current nu:0.27849939067592416
Optimizing nu
Mstep runtime (s): 0.24201583862304688
Finished EM iter: 3. Current nllh: 7316.4175003734545
Starting EM iter: 4
Estep
Estep runtime (s): 0.08418893814086914
Mstep
Optimizing phi
Optimizing branch lengths. Current phi: 0. Current nu:0.27680906951309664
Optimizing nu
Mstep runtime (s): 0.2467179298400879
Finished EM iter: 4. Current nllh: 7315.957761597296
Starting EM iter: 5
Estep
Estep runtime (s): 0.08415794372558594
Mstep
Optimizing phi
Optimizing branch lengths. Current phi: 0. Current nu:0.2759853125071844
Optimizing nu
Mstep runtime (s): 0.24911212921142578
Finished EM iter: 5. Current nllh: 7315.859725221214
Starting EM iter: 6
Estep
Estep runtime (s): 0.0840141773223877
Mstep
Optimizing phi
Optimizing branch lengths. Current phi: 0. Current nu:0.2756048214448702
Optimizing nu
Mstep runtime (s): 0.28457188606262207
Finished EM iter: 6. Current nllh: 7315.823140503849
Starting EM iter: 7
Estep
Estep runtime (s): 0.08423399925231934
Mstep
Optimizing phi
Optimizing branch lengths. Current phi: 0. Current nu:0.2754404428578505
Optimizing nu
Mstep runtime (s): 0.24004673957824707
Finished EM iter: 7. Current nllh: 7315.804190503195
Starting EM iter: 8
Estep
Estep runtime (s): 0.08441400527954102
Mstep
Optimizing phi
Optimizing branch lengths. Current phi: 0. Current nu:0.27536881119591916
Optimizing nu
Mstep runtime (s): 0.23033499717712402
Finished EM iter: 8. Current nllh: 7315.7924476548615
Starting EM iter: 9
Estep
Estep runtime (s): 0.08418893814086914
Mstep
Optimizing phi
Optimizing branch lengths. Current phi: 0. Current nu:0.2753353175889448
Optimizing nu
Mstep runtime (s): 0.2565789222717285
Finished EM iter: 9. Current nllh: 7315.786021398074
Starting EM iter: 10
Estep
Estep runtime (s): 0.08433890342712402
Mstep
Optimizing phi
Optimizing branch lengths. Current phi: 0. Current nu:0.27531916427508885
Optimizing nu
Mstep runtime (s): 0.22413229942321777
Finished EM iter: 10. Current nllh: 7315.785741454874
Starting EM iter: 11
Estep
Estep runtime (s): 0.08429217338562012
Mstep
Optimizing phi
Optimizing branch lengths. Current phi: 0. Current nu:0.27530871878793567
Optimizing nu
Mstep runtime (s): 0.1833488941192627
Finished EM iter: 11. Current nllh: 7315.7857875525515
EM finished after 11 iterations.
Optimal phi: 0. Optimal nu: 0.27530574187366397. Optimal nllh: 7315.7857875525515
Optimal point found for initial point 1
Numerical optimization finished successfully
Tree height pre-scaling: 0.712657306466401, input timescale: 1.0
Tree height after scaling: 1.0, mutation rate: 0.712657306466401
Tree height pre-scaling: 0.7126573065973649, input timescale: 1.0
Tree height after scaling: 1.0, mutation rate: 0.7126573065973649
Tree height pre-scaling: 0.7126573064399255, input timescale: 1.0
Tree height after scaling: 1.0, mutation rate: 0.7126573064399255
Tree height pre-scaling: 0.7126573068436661, input timescale: 1.0
Tree height after scaling: 1.0, mutation rate: 0.7126573068436661
Tree height pre-scaling: 0.7126573063971129, input timescale: 1.0
Tree height after scaling: 1.0, mutation rate: 0.7126573063971129
Tree height pre-scaling: 0.7126573064745781, input timescale: 1.0
Tree height after scaling: 1.0, mutation rate: 0.7126573064745781
Tree height pre-scaling: 0.7126573066441497, input timescale: 1.0
Tree height after scaling: 0.9999999999999999, mutation rate: 0.7126573066441497
Tree height pre-scaling: 0.7126573068046516, input timescale: 1.0
Tree height after scaling: 1.0, mutation rate: 0.7126573068046516
Tree height pre-scaling: 0.7126573067099476, input timescale: 1.0
Tree height after scaling: 0.9999999999999999, mutation rate: 0.7126573067099476
Tree height pre-scaling: 0.71265730634921, input timescale: 1.0
Tree height after scaling: 0.9999999999999999, mutation rate: 0.71265730634921
Tree height pre-scaling: 0.7126573064438501, input timescale: 1.0
Tree height after scaling: 1.0, mutation rate: 0.7126573064438501
Tree height pre-scaling: 0.7126573065633175, input timescale: 1.0
Tree height after scaling: 1.0, mutation rate: 0.7126573065633175
Tree height pre-scaling: 0.7126573066976558, input timescale: 1.0
Tree height after scaling: 1.0, mutation rate: 0.7126573066976558
Runtime (s): 3.9591232499999998
