Launching LAML version 0.0.4
LAML was called as follows: /Users/uym2/my_gits/LAML/run_laml.py -c ../../evaluation/Bar11/Bar11_character_matrix.txt -t place_outlier2/augmented_tree_318.nwk -o place_outlier2/augmented_tree_318_optimized -v -p ../../evaluation/Bar11/Bar11_priors.pickle --delimiter tab -m -1 --nInitials 1
Prior keys mismatch with site names.
Prior keys: [0, 1, 2, 3, 4, 5, 6, 7, 8, 9, 10, 11, 12, 13, 14, 15, 16, 17, 18, 19, 20, 21, 22, 23, 24, 25, 26]
Site names: ['r1', 'r2', 'r3', 'r4', 'r5', 'r6', 'r7', 'r8', 'r9', 'r10', 'r11', 'r12', 'r13', 'r14', 'r15', 'r16', 'r17', 'r18', 'r19', 'r20', 'r21', 'r22', 'r23', 'r24', 'r25', 'r26', 'r27']
Attempting to infer mapping between site names and prior keys...
{'r1': 0, 'r2': 1, 'r3': 2, 'r4': 3, 'r5': 4, 'r6': 5, 'r7': 6, 'r8': 7, 'r9': 8, 'r10': 9, 'r11': 10, 'r12': 11, 'r13': 12, 'r14': 13, 'r15': 14, 'r16': 15, 'r17': 16, 'r18': 17, 'r19': 18, 'r20': 19, 'r21': 20, 'r22': 21, 'r23': 22, 'r24': 23, 'r25': 24, 'r26': 25, 'r27': 26}
Optimizing branch lengths, phi, and nu without topology search
Optimization by EM algorithm
Optimization start with 1 initials
Initial point 1. Random seed: 4311
Numerical optimization started with ultrametric constraint (default)
Initial phi: 0. Initial nu: 0.26955655566205877. Initial nllh: 8514.283919659678
Starting EM iter: 1
Estep
Estep runtime (s): 0.06286430358886719
Mstep
Optimizing phi
Optimizing branch lengths. Current phi: 0. Current nu:0.26955655566205877
Optimizing nu
Mstep runtime (s): 0.22382092475891113
Finished EM iter: 1. Current nllh: 7149.706212728456
Starting EM iter: 2
Estep
Estep runtime (s): 0.08483099937438965
Mstep
Optimizing phi
Optimizing branch lengths. Current phi: 0. Current nu:0.27697088583591073
Optimizing nu
Mstep runtime (s): 0.20686984062194824
Finished EM iter: 2. Current nllh: 7128.311070784168
Starting EM iter: 3
Estep
Estep runtime (s): 0.08472919464111328
Mstep
Optimizing phi
Optimizing branch lengths. Current phi: 0. Current nu:0.2737931976484478
Optimizing nu
Mstep runtime (s): 0.23996710777282715
Finished EM iter: 3. Current nllh: 7125.831064713713
Starting EM iter: 4
Estep
Estep runtime (s): 0.0846090316772461
Mstep
Optimizing phi
Optimizing branch lengths. Current phi: 0. Current nu:0.27140212140117803
Optimizing nu
Mstep runtime (s): 0.19702720642089844
Finished EM iter: 4. Current nllh: 7125.484575989064
Starting EM iter: 5
Estep
Estep runtime (s): 0.08473777770996094
Mstep
Optimizing phi
Optimizing branch lengths. Current phi: 0. Current nu:0.270385420026867
Optimizing nu
Mstep runtime (s): 0.22498393058776855
Finished EM iter: 5. Current nllh: 7125.447360806754
Starting EM iter: 6
Estep
Estep runtime (s): 0.08483481407165527
Mstep
Optimizing phi
Optimizing branch lengths. Current phi: 0. Current nu:0.2699781987882827
Optimizing nu
Mstep runtime (s): 0.19917798042297363
Finished EM iter: 6. Current nllh: 7125.435880233872
Starting EM iter: 7
Estep
Estep runtime (s): 0.0849001407623291
Mstep
Optimizing phi
Optimizing branch lengths. Current phi: 0. Current nu:0.26982169420558727
Optimizing nu
Mstep runtime (s): 0.2063291072845459
Finished EM iter: 7. Current nllh: 7125.4282693641035
Starting EM iter: 8
Estep
Estep runtime (s): 0.08492088317871094
Mstep
Optimizing phi
Optimizing branch lengths. Current phi: 0. Current nu:0.26975794995198565
Optimizing nu
Mstep runtime (s): 0.20782065391540527
Finished EM iter: 8. Current nllh: 7125.42758556619
Starting EM iter: 9
Estep
Estep runtime (s): 0.0845181941986084
Mstep
Optimizing phi
Optimizing branch lengths. Current phi: 0. Current nu:0.2697292213186638
Optimizing nu
Mstep runtime (s): 0.21768569946289062
Finished EM iter: 9. Current nllh: 7125.427790054071
Starting EM iter: 10
Estep
Estep runtime (s): 0.08481502532958984
Mstep
Optimizing phi
Optimizing branch lengths. Current phi: 0. Current nu:0.26971904690646453
Optimizing nu
Mstep runtime (s): 0.1964108943939209
Finished EM iter: 10. Current nllh: 7125.427884503739
Starting EM iter: 11
Estep
Estep runtime (s): 0.08492398262023926
Mstep
Optimizing phi
Optimizing branch lengths. Current phi: 0. Current nu:0.2697150878253824
Optimizing nu
Mstep runtime (s): 0.23730683326721191
Finished EM iter: 11. Current nllh: 7125.4279305024975
EM finished after 11 iterations.
Optimal phi: 0. Optimal nu: 0.2697131879432534. Optimal nllh: 7125.4279305024975
Optimal point found for initial point 1
Numerical optimization finished successfully
Tree height pre-scaling: 0.7153555687187114, input timescale: 1.0
Tree height after scaling: 1.0, mutation rate: 0.7153555687187114
Tree height pre-scaling: 0.7153555688014053, input timescale: 1.0
Tree height after scaling: 1.0, mutation rate: 0.7153555688014053
Tree height pre-scaling: 0.7153555688734008, input timescale: 1.0
Tree height after scaling: 0.9999999999999998, mutation rate: 0.7153555688734008
Tree height pre-scaling: 0.7153555688254472, input timescale: 1.0
Tree height after scaling: 1.0, mutation rate: 0.7153555688254472
Tree height pre-scaling: 0.7153555686581767, input timescale: 1.0
Tree height after scaling: 1.0, mutation rate: 0.7153555686581767
Tree height pre-scaling: 0.7153555687093112, input timescale: 1.0
Tree height after scaling: 1.0000000000000002, mutation rate: 0.7153555687093112
Tree height pre-scaling: 0.7153555687517485, input timescale: 1.0
Tree height after scaling: 1.0, mutation rate: 0.7153555687517485
Tree height pre-scaling: 0.7153555687944239, input timescale: 1.0
Tree height after scaling: 1.0, mutation rate: 0.7153555687944239
Tree height pre-scaling: 0.715355568684497, input timescale: 1.0
Tree height after scaling: 0.9999999999999999, mutation rate: 0.715355568684497
Tree height pre-scaling: 0.7153555689360924, input timescale: 1.0
Tree height after scaling: 1.0000000000000002, mutation rate: 0.7153555689360924
Tree height pre-scaling: 0.7153555687073706, input timescale: 1.0
Tree height after scaling: 1.0, mutation rate: 0.7153555687073706
Tree height pre-scaling: 0.7153555687138193, input timescale: 1.0
Tree height after scaling: 1.0, mutation rate: 0.7153555687138193
Tree height pre-scaling: 0.7153555686451988, input timescale: 1.0
Tree height after scaling: 1.0, mutation rate: 0.7153555686451988
Runtime (s): 3.6928869170000005
