Launching LAML version 0.0.4
LAML was called as follows: /Users/uym2/my_gits/LAML/run_laml.py -c ../../evaluation/Bar11/Bar11_character_matrix.txt -t place_outlier2/augmented_tree_54.nwk -o place_outlier2/augmented_tree_54_optimized -v -p ../../evaluation/Bar11/Bar11_priors.pickle --delimiter tab -m -1 --nInitials 1
Prior keys mismatch with site names.
Prior keys: [0, 1, 2, 3, 4, 5, 6, 7, 8, 9, 10, 11, 12, 13, 14, 15, 16, 17, 18, 19, 20, 21, 22, 23, 24, 25, 26]
Site names: ['r1', 'r2', 'r3', 'r4', 'r5', 'r6', 'r7', 'r8', 'r9', 'r10', 'r11', 'r12', 'r13', 'r14', 'r15', 'r16', 'r17', 'r18', 'r19', 'r20', 'r21', 'r22', 'r23', 'r24', 'r25', 'r26', 'r27']
Attempting to infer mapping between site names and prior keys...
{'r1': 0, 'r2': 1, 'r3': 2, 'r4': 3, 'r5': 4, 'r6': 5, 'r7': 6, 'r8': 7, 'r9': 8, 'r10': 9, 'r11': 10, 'r12': 11, 'r13': 12, 'r14': 13, 'r15': 14, 'r16': 15, 'r17': 16, 'r18': 17, 'r19': 18, 'r20': 19, 'r21': 20, 'r22': 21, 'r23': 22, 'r24': 23, 'r25': 24, 'r26': 25, 'r27': 26}
Optimizing branch lengths, phi, and nu without topology search
Optimization by EM algorithm
Optimization start with 1 initials
Initial point 1. Random seed: 6570
Numerical optimization started with ultrametric constraint (default)
Initial phi: 0. Initial nu: 0.26955655566205877. Initial nllh: 8513.346551472461
Starting EM iter: 1
Estep
Estep runtime (s): 0.06180119514465332
Mstep
Optimizing phi
Optimizing branch lengths. Current phi: 0. Current nu:0.26955655566205877
Optimizing nu
Mstep runtime (s): 0.21337604522705078
Finished EM iter: 1. Current nllh: 7116.4857992583375
Starting EM iter: 2
Estep
Estep runtime (s): 0.08242988586425781
Mstep
Optimizing phi
Optimizing branch lengths. Current phi: 0. Current nu:0.27610533382543884
Optimizing nu
Mstep runtime (s): 0.21593379974365234
Finished EM iter: 2. Current nllh: 7091.538308726165
Starting EM iter: 3
Estep
Estep runtime (s): 0.08284211158752441
Mstep
Optimizing phi
Optimizing branch lengths. Current phi: 0. Current nu:0.27409973062322995
Optimizing nu
Mstep runtime (s): 0.20416021347045898
Finished EM iter: 3. Current nllh: 7086.1152955951975
Starting EM iter: 4
Estep
Estep runtime (s): 0.0824429988861084
Mstep
Optimizing phi
Optimizing branch lengths. Current phi: 0. Current nu:0.2712650241299327
Optimizing nu
Mstep runtime (s): 0.2052299976348877
Finished EM iter: 4. Current nllh: 7085.553806689539
Starting EM iter: 5
Estep
Estep runtime (s): 0.08253693580627441
Mstep
Optimizing phi
Optimizing branch lengths. Current phi: 0. Current nu:0.26983589857167745
Optimizing nu
Mstep runtime (s): 0.18246006965637207
Finished EM iter: 5. Current nllh: 7085.484157226113
Starting EM iter: 6
Estep
Estep runtime (s): 0.08248400688171387
Mstep
Optimizing phi
Optimizing branch lengths. Current phi: 0. Current nu:0.2692500750809433
Optimizing nu
Mstep runtime (s): 0.19863080978393555
Finished EM iter: 6. Current nllh: 7085.466627373237
Starting EM iter: 7
Estep
Estep runtime (s): 0.08271002769470215
Mstep
Optimizing phi
Optimizing branch lengths. Current phi: 0. Current nu:0.2690191614067551
Optimizing nu
Mstep runtime (s): 0.20382022857666016
Finished EM iter: 7. Current nllh: 7085.464134147475
Starting EM iter: 8
Estep
Estep runtime (s): 0.08256173133850098
Mstep
Optimizing phi
Optimizing branch lengths. Current phi: 0. Current nu:0.26892276465740167
Optimizing nu
Mstep runtime (s): 0.20267486572265625
Finished EM iter: 8. Current nllh: 7085.463492744913
Starting EM iter: 9
Estep
Estep runtime (s): 0.08253693580627441
Mstep
Optimizing phi
Optimizing branch lengths. Current phi: 0. Current nu:0.2688837995007807
Optimizing nu
Mstep runtime (s): 0.1935579776763916
Finished EM iter: 9. Current nllh: 7085.463278740719
Starting EM iter: 10
Estep
Estep runtime (s): 0.08268427848815918
Mstep
Optimizing phi
Optimizing branch lengths. Current phi: 0. Current nu:0.2688674560579711
Optimizing nu
Mstep runtime (s): 0.23105621337890625
Finished EM iter: 10. Current nllh: 7085.463194449775
Starting EM iter: 11
Estep
Estep runtime (s): 0.08257484436035156
Mstep
Optimizing phi
Optimizing branch lengths. Current phi: 0. Current nu:0.26886033467010917
Optimizing nu
Mstep runtime (s): 0.18982696533203125
Finished EM iter: 11. Current nllh: 7085.463177227995
EM finished after 11 iterations.
Optimal phi: 0. Optimal nu: 0.268857269319247. Optimal nllh: 7085.463177227995
Optimal point found for initial point 1
Numerical optimization finished successfully
Tree height pre-scaling: 0.7102438431499782, input timescale: 1.0
Tree height after scaling: 1.0, mutation rate: 0.7102438431499782
Tree height pre-scaling: 0.7102438434503072, input timescale: 1.0
Tree height after scaling: 1.0, mutation rate: 0.7102438434503072
Tree height pre-scaling: 0.7102438430974163, input timescale: 1.0
Tree height after scaling: 1.0, mutation rate: 0.7102438430974163
Tree height pre-scaling: 0.7102438440158818, input timescale: 1.0
Tree height after scaling: 1.0, mutation rate: 0.7102438440158818
Tree height pre-scaling: 0.7102438430179493, input timescale: 1.0
Tree height after scaling: 1.0, mutation rate: 0.7102438430179493
Tree height pre-scaling: 0.7102438434865156, input timescale: 1.0
Tree height after scaling: 0.9999999999999999, mutation rate: 0.7102438434865156
Tree height pre-scaling: 0.710243843875181, input timescale: 1.0
Tree height after scaling: 0.9999999999999999, mutation rate: 0.710243843875181
Tree height pre-scaling: 0.7102438430970394, input timescale: 1.0
Tree height after scaling: 1.0, mutation rate: 0.7102438430970394
Tree height pre-scaling: 0.7102438428883877, input timescale: 1.0
Tree height after scaling: 1.0, mutation rate: 0.7102438428883877
Tree height pre-scaling: 0.710243843387653, input timescale: 1.0
Tree height after scaling: 0.9999999999999999, mutation rate: 0.710243843387653
Tree height pre-scaling: 0.710243843237031, input timescale: 1.0
Tree height after scaling: 1.0000000000000002, mutation rate: 0.710243843237031
Tree height pre-scaling: 0.7102438435373224, input timescale: 1.0
Tree height after scaling: 1.0000000000000002, mutation rate: 0.7102438435373224
Tree height pre-scaling: 0.7102438434689397, input timescale: 1.0
Tree height after scaling: 1.0, mutation rate: 0.7102438434689397
Runtime (s): 3.549680083
