Launching LAML version 0.0.4
LAML was called as follows: /Users/uym2/my_gits/LAML/run_laml.py -c ../../evaluation/Bar11/Bar11_character_matrix.txt -t place_outlier2/augmented_tree_299.nwk -o place_outlier2/augmented_tree_299_optimized -v -p ../../evaluation/Bar11/Bar11_priors.pickle --delimiter tab -m -1 --nInitials 1
Prior keys mismatch with site names.
Prior keys: [0, 1, 2, 3, 4, 5, 6, 7, 8, 9, 10, 11, 12, 13, 14, 15, 16, 17, 18, 19, 20, 21, 22, 23, 24, 25, 26]
Site names: ['r1', 'r2', 'r3', 'r4', 'r5', 'r6', 'r7', 'r8', 'r9', 'r10', 'r11', 'r12', 'r13', 'r14', 'r15', 'r16', 'r17', 'r18', 'r19', 'r20', 'r21', 'r22', 'r23', 'r24', 'r25', 'r26', 'r27']
Attempting to infer mapping between site names and prior keys...
{'r1': 0, 'r2': 1, 'r3': 2, 'r4': 3, 'r5': 4, 'r6': 5, 'r7': 6, 'r8': 7, 'r9': 8, 'r10': 9, 'r11': 10, 'r12': 11, 'r13': 12, 'r14': 13, 'r15': 14, 'r16': 15, 'r17': 16, 'r18': 17, 'r19': 18, 'r20': 19, 'r21': 20, 'r22': 21, 'r23': 22, 'r24': 23, 'r25': 24, 'r26': 25, 'r27': 26}
Optimizing branch lengths, phi, and nu without topology search
Optimization by EM algorithm
Optimization start with 1 initials
Initial point 1. Random seed: 7246
Numerical optimization started with ultrametric constraint (default)
Initial phi: 0. Initial nu: 0.26955655566205877. Initial nllh: 8758.652822759312
Starting EM iter: 1
Estep
Estep runtime (s): 0.06302595138549805
Mstep
Optimizing phi
Optimizing branch lengths. Current phi: 0. Current nu:0.26955655566205877
Optimizing nu
Mstep runtime (s): 0.20034193992614746
Finished EM iter: 1. Current nllh: 7247.351295602045
Starting EM iter: 2
Estep
Estep runtime (s): 0.08369302749633789
Mstep
Optimizing phi
Optimizing branch lengths. Current phi: 0. Current nu:0.27336231431423846
Optimizing nu
Mstep runtime (s): 0.2024681568145752
Finished EM iter: 2. Current nllh: 7216.049857239746
Starting EM iter: 3
Estep
Estep runtime (s): 0.08359313011169434
Mstep
Optimizing phi
Optimizing branch lengths. Current phi: 0. Current nu:0.2691857220132494
Optimizing nu
Mstep runtime (s): 0.22165679931640625
Finished EM iter: 3. Current nllh: 7213.435359863758
Starting EM iter: 4
Estep
Estep runtime (s): 0.08366680145263672
Mstep
Optimizing phi
Optimizing branch lengths. Current phi: 0. Current nu:0.2669251101883307
Optimizing nu
Mstep runtime (s): 0.22182679176330566
Finished EM iter: 4. Current nllh: 7213.242887697448
Starting EM iter: 5
Estep
Estep runtime (s): 0.08369612693786621
Mstep
Optimizing phi
Optimizing branch lengths. Current phi: 0. Current nu:0.2660725576336539
Optimizing nu
Mstep runtime (s): 0.23180103302001953
Finished EM iter: 5. Current nllh: 7213.182472432237
Starting EM iter: 6
Estep
Estep runtime (s): 0.08376598358154297
Mstep
Optimizing phi
Optimizing branch lengths. Current phi: 0. Current nu:0.26578437329645027
Optimizing nu
Mstep runtime (s): 0.2133779525756836
Finished EM iter: 6. Current nllh: 7213.149513305545
Starting EM iter: 7
Estep
Estep runtime (s): 0.08376288414001465
Mstep
Optimizing phi
Optimizing branch lengths. Current phi: 0. Current nu:0.26568624564176857
Optimizing nu
Mstep runtime (s): 0.23317289352416992
Finished EM iter: 7. Current nllh: 7213.128086420651
Starting EM iter: 8
Estep
Estep runtime (s): 0.08404874801635742
Mstep
Optimizing phi
Optimizing branch lengths. Current phi: 0. Current nu:0.2656502902811354
Optimizing nu
Mstep runtime (s): 0.21790099143981934
Finished EM iter: 8. Current nllh: 7213.113330020384
Starting EM iter: 9
Estep
Estep runtime (s): 0.0837399959564209
Mstep
Optimizing phi
Optimizing branch lengths. Current phi: 0. Current nu:0.26563631711650304
Optimizing nu
Mstep runtime (s): 0.23698687553405762
Finished EM iter: 9. Current nllh: 7213.102673314083
Starting EM iter: 10
Estep
Estep runtime (s): 0.08391404151916504
Mstep
Optimizing phi
Optimizing branch lengths. Current phi: 0. Current nu:0.2656306470816721
Optimizing nu
Mstep runtime (s): 0.21345782279968262
Finished EM iter: 10. Current nllh: 7213.095797831438
Starting EM iter: 11
Estep
Estep runtime (s): 0.08385300636291504
Mstep
Optimizing phi
Optimizing branch lengths. Current phi: 0. Current nu:0.26562728629280563
Optimizing nu
Mstep runtime (s): 0.19944190979003906
Finished EM iter: 11. Current nllh: 7213.095688840961
Starting EM iter: 12
Estep
Estep runtime (s): 0.08390998840332031
Mstep
Optimizing phi
Optimizing branch lengths. Current phi: 0. Current nu:0.2656225042265727
Optimizing nu
Mstep runtime (s): 0.21689534187316895
Finished EM iter: 12. Current nllh: 7213.095895255704
Starting EM iter: 13
Estep
Estep runtime (s): 0.08598566055297852
Mstep
Optimizing phi
Optimizing branch lengths. Current phi: 0. Current nu:0.2656196060200675
Optimizing nu
Mstep runtime (s): 0.19367504119873047
Finished EM iter: 13. Current nllh: 7213.095973832276
Starting EM iter: 14
Estep
Estep runtime (s): 0.08573794364929199
Mstep
Optimizing phi
Optimizing branch lengths. Current phi: 0. Current nu:0.2656187337335679
Optimizing nu
Mstep runtime (s): 0.1951310634613037
Finished EM iter: 14. Current nllh: 7213.095993612825
EM finished after 14 iterations.
Optimal phi: 0. Optimal nu: 0.26561857348222856. Optimal nllh: 7213.095993612825
Optimal point found for initial point 1
Numerical optimization finished successfully
Tree height pre-scaling: 0.7148136723856574, input timescale: 1.0
Tree height after scaling: 1.0, mutation rate: 0.7148136723856574
Tree height pre-scaling: 0.7148136723879644, input timescale: 1.0
Tree height after scaling: 0.9999999999999999, mutation rate: 0.7148136723879644
Tree height pre-scaling: 0.7148136724013401, input timescale: 1.0
Tree height after scaling: 1.0, mutation rate: 0.7148136724013401
Tree height pre-scaling: 0.7148136724177179, input timescale: 1.0
Tree height after scaling: 0.9999999999999998, mutation rate: 0.7148136724177179
Tree height pre-scaling: 0.7148136724102316, input timescale: 1.0
Tree height after scaling: 1.0, mutation rate: 0.7148136724102316
Tree height pre-scaling: 0.714813672375823, input timescale: 1.0
Tree height after scaling: 1.0, mutation rate: 0.714813672375823
Tree height pre-scaling: 0.7148136723842959, input timescale: 1.0
Tree height after scaling: 0.9999999999999999, mutation rate: 0.7148136723842959
Tree height pre-scaling: 0.714813672394425, input timescale: 1.0
Tree height after scaling: 0.9999999999999999, mutation rate: 0.714813672394425
Tree height pre-scaling: 0.7148136723966471, input timescale: 1.0
Tree height after scaling: 1.0, mutation rate: 0.7148136723966471
Tree height pre-scaling: 0.7148136723804999, input timescale: 1.0
Tree height after scaling: 1.0, mutation rate: 0.7148136723804999
Tree height pre-scaling: 0.7148136724239251, input timescale: 1.0
Tree height after scaling: 1.0, mutation rate: 0.7148136724239251
Tree height pre-scaling: 0.7148136723840851, input timescale: 1.0
Tree height after scaling: 1.0, mutation rate: 0.7148136723840851
Tree height pre-scaling: 0.7148136723783404, input timescale: 1.0
Tree height after scaling: 1.0, mutation rate: 0.7148136723783404
Runtime (s): 4.641392167
