Launching LAML version 0.0.4
LAML was called as follows: /Users/uym2/my_gits/LAML/run_laml.py -c ../../evaluation/Bar11/Bar11_character_matrix.txt -t place_outlier2/augmented_tree_69.nwk -o place_outlier2/augmented_tree_69_optimized -v -p ../../evaluation/Bar11/Bar11_priors.pickle --delimiter tab -m -1 --nInitials 1
Prior keys mismatch with site names.
Prior keys: [0, 1, 2, 3, 4, 5, 6, 7, 8, 9, 10, 11, 12, 13, 14, 15, 16, 17, 18, 19, 20, 21, 22, 23, 24, 25, 26]
Site names: ['r1', 'r2', 'r3', 'r4', 'r5', 'r6', 'r7', 'r8', 'r9', 'r10', 'r11', 'r12', 'r13', 'r14', 'r15', 'r16', 'r17', 'r18', 'r19', 'r20', 'r21', 'r22', 'r23', 'r24', 'r25', 'r26', 'r27']
Attempting to infer mapping between site names and prior keys...
{'r1': 0, 'r2': 1, 'r3': 2, 'r4': 3, 'r5': 4, 'r6': 5, 'r7': 6, 'r8': 7, 'r9': 8, 'r10': 9, 'r11': 10, 'r12': 11, 'r13': 12, 'r14': 13, 'r15': 14, 'r16': 15, 'r17': 16, 'r18': 17, 'r19': 18, 'r20': 19, 'r21': 20, 'r22': 21, 'r23': 22, 'r24': 23, 'r25': 24, 'r26': 25, 'r27': 26}
Optimizing branch lengths, phi, and nu without topology search
Optimization by EM algorithm
Optimization start with 1 initials
Initial point 1. Random seed: 2879
Numerical optimization started with ultrametric constraint (default)
Initial phi: 0. Initial nu: 0.26955655566205877. Initial nllh: 8676.869877652876
Starting EM iter: 1
Estep
Estep runtime (s): 0.06143593788146973
Mstep
Optimizing phi
Optimizing branch lengths. Current phi: 0. Current nu:0.26955655566205877
Optimizing nu
Mstep runtime (s): 0.22992396354675293
Finished EM iter: 1. Current nllh: 7155.1946396391995
Starting EM iter: 2
Estep
Estep runtime (s): 0.08203983306884766
Mstep
Optimizing phi
Optimizing branch lengths. Current phi: 0. Current nu:0.27870237139502885
Optimizing nu
Mstep runtime (s): 0.19800090789794922
Finished EM iter: 2. Current nllh: 7127.392412064094
Starting EM iter: 3
Estep
Estep runtime (s): 0.08221268653869629
Mstep
Optimizing phi
Optimizing branch lengths. Current phi: 0. Current nu:0.276820686002146
Optimizing nu
Mstep runtime (s): 0.1911909580230713
Finished EM iter: 3. Current nllh: 7117.342175490901
Starting EM iter: 4
Estep
Estep runtime (s): 0.08232617378234863
Mstep
Optimizing phi
Optimizing branch lengths. Current phi: 0. Current nu:0.27309659620825627
Optimizing nu
Mstep runtime (s): 0.20722508430480957
Finished EM iter: 4. Current nllh: 7115.636039873773
Starting EM iter: 5
Estep
Estep runtime (s): 0.08220386505126953
Mstep
Optimizing phi
Optimizing branch lengths. Current phi: 0. Current nu:0.2708787660910179
Optimizing nu
Mstep runtime (s): 0.1997511386871338
Finished EM iter: 5. Current nllh: 7115.545870589582
Starting EM iter: 6
Estep
Estep runtime (s): 0.08221173286437988
Mstep
Optimizing phi
Optimizing branch lengths. Current phi: 0. Current nu:0.2699744425851726
Optimizing nu
Mstep runtime (s): 0.23745107650756836
Finished EM iter: 6. Current nllh: 7115.529388972015
Starting EM iter: 7
Estep
Estep runtime (s): 0.0825352668762207
Mstep
Optimizing phi
Optimizing branch lengths. Current phi: 0. Current nu:0.26963624668990793
Optimizing nu
Mstep runtime (s): 0.19569730758666992
Finished EM iter: 7. Current nllh: 7115.528001332572
Starting EM iter: 8
Estep
Estep runtime (s): 0.08260083198547363
Mstep
Optimizing phi
Optimizing branch lengths. Current phi: 0. Current nu:0.2695063524031925
Optimizing nu
Mstep runtime (s): 0.20389103889465332
Finished EM iter: 8. Current nllh: 7115.52776567712
Starting EM iter: 9
Estep
Estep runtime (s): 0.08588886260986328
Mstep
Optimizing phi
Optimizing branch lengths. Current phi: 0. Current nu:0.2694566400673932
Optimizing nu
Mstep runtime (s): 0.19017815589904785
Finished EM iter: 9. Current nllh: 7115.527695807241
EM finished after 9 iterations.
Optimal phi: 0. Optimal nu: 0.2694368916014598. Optimal nllh: 7115.527695807241
Optimal point found for initial point 1
Numerical optimization finished successfully
Tree height pre-scaling: 0.7121964598029609, input timescale: 1.0
Tree height after scaling: 1.0, mutation rate: 0.7121964598029609
Tree height pre-scaling: 0.7121964600370513, input timescale: 1.0
Tree height after scaling: 1.0, mutation rate: 0.7121964600370513
Tree height pre-scaling: 0.7121964597558047, input timescale: 1.0
Tree height after scaling: 1.0, mutation rate: 0.7121964597558047
Tree height pre-scaling: 0.7121964604165617, input timescale: 1.0
Tree height after scaling: 1.0, mutation rate: 0.7121964604165617
Tree height pre-scaling: 0.7121964596883723, input timescale: 1.0
Tree height after scaling: 1.0, mutation rate: 0.7121964596883723
Tree height pre-scaling: 0.7121964600684064, input timescale: 1.0
Tree height after scaling: 1.0, mutation rate: 0.7121964600684064
Tree height pre-scaling: 0.7121964603464384, input timescale: 1.0
Tree height after scaling: 1.0, mutation rate: 0.7121964603464384
Tree height pre-scaling: 0.7121964597432459, input timescale: 1.0
Tree height after scaling: 1.0, mutation rate: 0.7121964597432459
Tree height pre-scaling: 0.7121964596053472, input timescale: 1.0
Tree height after scaling: 1.0, mutation rate: 0.7121964596053472
Tree height pre-scaling: 0.7121964599319048, input timescale: 1.0
Tree height after scaling: 1.0, mutation rate: 0.7121964599319048
Tree height pre-scaling: 0.7121964598761513, input timescale: 1.0
Tree height after scaling: 1.0, mutation rate: 0.7121964598761513
Tree height pre-scaling: 0.7121964600403359, input timescale: 1.0
Tree height after scaling: 0.9999999999999999, mutation rate: 0.7121964600403359
Tree height pre-scaling: 0.7121964600154826, input timescale: 1.0
Tree height after scaling: 1.0, mutation rate: 0.7121964600154826
Runtime (s): 2.938058209
