Launching LAML version 0.0.4
LAML was called as follows: /Users/uym2/my_gits/LAML/run_laml.py -c ../../evaluation/Bar11/Bar11_character_matrix.txt -t place_outlier2/augmented_tree_165.nwk -o place_outlier2/augmented_tree_165_optimized -v -p ../../evaluation/Bar11/Bar11_priors.pickle --delimiter tab -m -1 --nInitials 1
Prior keys mismatch with site names.
Prior keys: [0, 1, 2, 3, 4, 5, 6, 7, 8, 9, 10, 11, 12, 13, 14, 15, 16, 17, 18, 19, 20, 21, 22, 23, 24, 25, 26]
Site names: ['r1', 'r2', 'r3', 'r4', 'r5', 'r6', 'r7', 'r8', 'r9', 'r10', 'r11', 'r12', 'r13', 'r14', 'r15', 'r16', 'r17', 'r18', 'r19', 'r20', 'r21', 'r22', 'r23', 'r24', 'r25', 'r26', 'r27']
Attempting to infer mapping between site names and prior keys...
{'r1': 0, 'r2': 1, 'r3': 2, 'r4': 3, 'r5': 4, 'r6': 5, 'r7': 6, 'r8': 7, 'r9': 8, 'r10': 9, 'r11': 10, 'r12': 11, 'r13': 12, 'r14': 13, 'r15': 14, 'r16': 15, 'r17': 16, 'r18': 17, 'r19': 18, 'r20': 19, 'r21': 20, 'r22': 21, 'r23': 22, 'r24': 23, 'r25': 24, 'r26': 25, 'r27': 26}
Optimizing branch lengths, phi, and nu without topology search
Optimization by EM algorithm
Optimization start with 1 initials
Initial point 1. Random seed: 951
Numerical optimization started with ultrametric constraint (default)
Initial phi: 0. Initial nu: 0.26955655566205877. Initial nllh: 8623.268484259472
Starting EM iter: 1
Estep
Estep runtime (s): 0.06214594841003418
Mstep
Optimizing phi
Optimizing branch lengths. Current phi: 0. Current nu:0.26955655566205877
Optimizing nu
Mstep runtime (s): 0.21137690544128418
Finished EM iter: 1. Current nllh: 7199.764198068686
Starting EM iter: 2
Estep
Estep runtime (s): 0.08405613899230957
Mstep
Optimizing phi
Optimizing branch lengths. Current phi: 0. Current nu:0.2731863578033945
Optimizing nu
Mstep runtime (s): 0.19986414909362793
Finished EM iter: 2. Current nllh: 7181.079542642308
Starting EM iter: 3
Estep
Estep runtime (s): 0.08407402038574219
Mstep
Optimizing phi
Optimizing branch lengths. Current phi: 0. Current nu:0.2712209532969746
Optimizing nu
Mstep runtime (s): 0.22136783599853516
Finished EM iter: 3. Current nllh: 7178.7039125042775
Starting EM iter: 4
Estep
Estep runtime (s): 0.08466911315917969
Mstep
Optimizing phi
Optimizing branch lengths. Current phi: 0. Current nu:0.2697597507771255
Optimizing nu
Mstep runtime (s): 0.194810152053833
Finished EM iter: 4. Current nllh: 7178.306598172546
Starting EM iter: 5
Estep
Estep runtime (s): 0.08426213264465332
Mstep
Optimizing phi
Optimizing branch lengths. Current phi: 0. Current nu:0.2690463062240812
Optimizing nu
Mstep runtime (s): 0.20862197875976562
Finished EM iter: 5. Current nllh: 7178.198048231149
Starting EM iter: 6
Estep
Estep runtime (s): 0.08485221862792969
Mstep
Optimizing phi
Optimizing branch lengths. Current phi: 0. Current nu:0.26873347565186223
Optimizing nu
Mstep runtime (s): 0.19721126556396484
Finished EM iter: 6. Current nllh: 7178.150704068132
Starting EM iter: 7
Estep
Estep runtime (s): 0.08473610877990723
Mstep
Optimizing phi
Optimizing branch lengths. Current phi: 0. Current nu:0.26860387782729506
Optimizing nu
Mstep runtime (s): 0.21562528610229492
Finished EM iter: 7. Current nllh: 7178.124581975368
Starting EM iter: 8
Estep
Estep runtime (s): 0.08373594284057617
Mstep
Optimizing phi
Optimizing branch lengths. Current phi: 0. Current nu:0.2685469063086105
Optimizing nu
Mstep runtime (s): 0.193007230758667
Finished EM iter: 8. Current nllh: 7178.108259549053
Starting EM iter: 9
Estep
Estep runtime (s): 0.08342790603637695
Mstep
Optimizing phi
Optimizing branch lengths. Current phi: 0. Current nu:0.26852359548243604
Optimizing nu
Mstep runtime (s): 0.22492480278015137
Finished EM iter: 9. Current nllh: 7178.097168753
Starting EM iter: 10
Estep
Estep runtime (s): 0.08412313461303711
Mstep
Optimizing phi
Optimizing branch lengths. Current phi: 0. Current nu:0.2685125742100962
Optimizing nu
Mstep runtime (s): 0.24767708778381348
Finished EM iter: 10. Current nllh: 7178.090623753013
Starting EM iter: 11
Estep
Estep runtime (s): 0.08504295349121094
Mstep
Optimizing phi
Optimizing branch lengths. Current phi: 0. Current nu:0.2685052633858852
Optimizing nu
Mstep runtime (s): 0.20589995384216309
Finished EM iter: 11. Current nllh: 7178.090564299656
EM finished after 11 iterations.
Optimal phi: 0. Optimal nu: 0.26850002614514246. Optimal nllh: 7178.090564299656
Optimal point found for initial point 1
Numerical optimization finished successfully
Tree height pre-scaling: 0.7110750524682092, input timescale: 1.0
Tree height after scaling: 1.0, mutation rate: 0.7110750524682092
Tree height pre-scaling: 0.7110750524927397, input timescale: 1.0
Tree height after scaling: 1.0, mutation rate: 0.7110750524927397
Tree height pre-scaling: 0.7110750524633069, input timescale: 1.0
Tree height after scaling: 0.9999999999999999, mutation rate: 0.7110750524633069
Tree height pre-scaling: 0.7110750525359331, input timescale: 1.0
Tree height after scaling: 0.9999999999999999, mutation rate: 0.7110750525359331
Tree height pre-scaling: 0.7110750524571048, input timescale: 1.0
Tree height after scaling: 1.0, mutation rate: 0.7110750524571048
Tree height pre-scaling: 0.7110750524941643, input timescale: 1.0
Tree height after scaling: 1.0, mutation rate: 0.7110750524941643
Tree height pre-scaling: 0.7110750525278771, input timescale: 1.0
Tree height after scaling: 0.9999999999999999, mutation rate: 0.7110750525278771
Tree height pre-scaling: 0.7110750524631191, input timescale: 1.0
Tree height after scaling: 1.0, mutation rate: 0.7110750524631191
Tree height pre-scaling: 0.7110750524468138, input timescale: 1.0
Tree height after scaling: 1.0, mutation rate: 0.7110750524468138
Tree height pre-scaling: 0.7110750524751595, input timescale: 1.0
Tree height after scaling: 1.0, mutation rate: 0.7110750524751595
Tree height pre-scaling: 0.7110750524974259, input timescale: 1.0
Tree height after scaling: 1.0, mutation rate: 0.7110750524974259
Tree height pre-scaling: 0.7110750525358026, input timescale: 1.0
Tree height after scaling: 1.0, mutation rate: 0.7110750525358026
Tree height pre-scaling: 0.7110750525110157, input timescale: 1.0
Tree height after scaling: 1.0, mutation rate: 0.7110750525110157
Runtime (s): 3.649819791
