Launching LAML version 0.0.4
LAML was called as follows: /Users/uym2/my_gits/LAML/run_laml.py -c ../../bar24/Bar24_character_matrix.txt -t place_outlier_2/augmented_tree_2_optimized_trees.nwk -o Bar24_improved_final_trial2 -v -p ../../bar24/Bar24_priors.pickle --delimiter tab -m -1 --topology_search --parallel
Prior keys mismatch with site names.
Prior keys: [0, 1, 2, 3, 4, 5, 6, 7, 8, 9, 10, 11, 12, 13, 14, 15, 16, 17, 18, 19, 20, 21, 22, 23, 24, 25, 26, 27, 28]
Site names: ['r1', 'r2', 'r3', 'r4', 'r5', 'r6', 'r7', 'r8', 'r9', 'r10', 'r11', 'r12', 'r13', 'r14', 'r15', 'r16', 'r17', 'r18', 'r19', 'r20', 'r21', 'r22', 'r23', 'r24', 'r25', 'r26', 'r27', 'r28', 'r29', 'r30']
Attempting to infer mapping between site names and prior keys...
Not all site names are present in the dictionary. Trying offset...
Offset between input site names and prior keys is assumed to be 1
Missing priors at site r30, filling in uniform priors...
{'r1': 0, 'r2': 1, 'r3': 2, 'r4': 3, 'r5': 4, 'r6': 5, 'r7': 6, 'r8': 7, 'r9': 8, 'r10': 9, 'r11': 10, 'r12': 11, 'r13': 12, 'r14': 13, 'r15': 14, 'r16': 15, 'r17': 16, 'r18': 17, 'r19': 18, 'r20': 19, 'r21': 20, 'r22': 21, 'r23': 22, 'r24': 23, 'r25': 24, 'r26': 25, 'r27': 26, 'r28': 27, 'r29': 28, 'r30': 29}
All polytomies will be resolved
Starting topology search
Running topology search in parallel...
Performing nni-search 1
Perform nni moves for full topology search
Initial score: -5980.801125260452
NNI Iter: 0
Current score: -5980.604985517848
Runtime (s): 61.397274874999994
NNI Iter: 1
Current score: -5979.070501985497
Runtime (s): 40.37830975
NNI Iter: 2
Current score: -5978.95439300896
Runtime (s): 6.601012416999993
NNI Iter: 3
Current score: -5979.027104653475
Runtime (s): 4.430938832999999
NNI Iter: 4
Current score: -5979.449911857975
Runtime (s): 7.958481207999995
NNI Iter: 5
Current score: -5979.229430915641
Runtime (s): 5.95841095900002
NNI Iter: 6
Current score: -5979.912676053342
Runtime (s): 23.473566583999997
NNI Iter: 7
Current score: -5979.885507792905
Runtime (s): 22.270196833
NNI Iter: 8
Current score: -5980.0070562640485
Runtime (s): 14.416572959000007
NNI Iter: 9
Current score: -5980.030318971067
Runtime (s): 3.6549272090000215
NNI Iter: 10
Current score: -5980.411908150575
Runtime (s): 14.502641167000007
NNI Iter: 11
Current score: -5980.0080935607475
Runtime (s): 21.182665208000003
NNI Iter: 12
Current score: -5980.051109742621
Runtime (s): 4.379442208
NNI Iter: 13
Current score: -5980.349889632735
Runtime (s): 9.667523708000004
NNI Iter: 14
Current score: -5980.297785436969
Runtime (s): 11.368698416
NNI Iter: 15
Current score: -5973.848014799429
Runtime (s): 47.177463875
NNI Iter: 16
Current score: -5973.861857536661
Runtime (s): 50.06344954100001
NNI Iter: 17
Current score: -5973.785099703489
Runtime (s): 56.060615874999996
NNI Iter: 18
Current score: -5972.806184356722
Runtime (s): 80.81961187500002
NNI Iter: 19
Current score: -5972.758213357229
Runtime (s): 67.31093058300002
NNI Iter: 20
Current score: -5972.758162195217
Runtime (s): 68.89649425000005
NNI Iter: 21
Current score: -5969.873242821766
Runtime (s): 68.608149583
NNI Iter: 22
Best score for this search: -5969.873242821766
Optimal topology found. Re-optimizing other parameters ...
Optimal score for this search: -5969.928285631086
Tree height pre-scaling: 0.681564360224752, input timescale: 1.0
Tree height after scaling: 1.0, mutation rate: 0.681564360224752
Tree height pre-scaling: 0.6815643602573696, input timescale: 1.0
Tree height after scaling: 0.9999999999999999, mutation rate: 0.6815643602573696
Tree height pre-scaling: 0.6815643602433281, input timescale: 1.0
Tree height after scaling: 1.0, mutation rate: 0.6815643602433281
Tree height pre-scaling: 0.6815643602502927, input timescale: 1.0
Tree height after scaling: 1.0, mutation rate: 0.6815643602502927
Tree height pre-scaling: 0.6815643602325377, input timescale: 1.0
Tree height after scaling: 0.9999999999999999, mutation rate: 0.6815643602325377
Tree height pre-scaling: 0.6815643601895337, input timescale: 1.0
Tree height after scaling: 1.0, mutation rate: 0.6815643601895337
Tree height pre-scaling: 0.6815643604009942, input timescale: 1.0
Tree height after scaling: 1.0000000000000002, mutation rate: 0.6815643604009942
Tree height pre-scaling: 0.6815643601957688, input timescale: 1.0
Tree height after scaling: 1.0000000000000002, mutation rate: 0.6815643601957688
Tree height pre-scaling: 0.6815643602868614, input timescale: 1.0
Tree height after scaling: 1.0, mutation rate: 0.6815643602868614
Tree height pre-scaling: 0.6815643605026277, input timescale: 1.0
Tree height after scaling: 1.0000000000000002, mutation rate: 0.6815643605026277
Runtime (s): 793.2711063749999
