Launching LAML version 0.0.4
LAML was called as follows: /Users/uym2/my_gits/LAML/run_laml.py -c ../../evaluation/Bar11/Bar11_character_matrix.txt -t place_outlier5/augmented_tree_234.nwk -o place_outlier5/augmented_tree_234_optimized -v -p ../../evaluation/Bar11/Bar11_priors.pickle --delimiter tab -m -1 --nInitials 1
Prior keys mismatch with site names.
Prior keys: [0, 1, 2, 3, 4, 5, 6, 7, 8, 9, 10, 11, 12, 13, 14, 15, 16, 17, 18, 19, 20, 21, 22, 23, 24, 25, 26]
Site names: ['r1', 'r2', 'r3', 'r4', 'r5', 'r6', 'r7', 'r8', 'r9', 'r10', 'r11', 'r12', 'r13', 'r14', 'r15', 'r16', 'r17', 'r18', 'r19', 'r20', 'r21', 'r22', 'r23', 'r24', 'r25', 'r26', 'r27']
Attempting to infer mapping between site names and prior keys...
{'r1': 0, 'r2': 1, 'r3': 2, 'r4': 3, 'r5': 4, 'r6': 5, 'r7': 6, 'r8': 7, 'r9': 8, 'r10': 9, 'r11': 10, 'r12': 11, 'r13': 12, 'r14': 13, 'r15': 14, 'r16': 15, 'r17': 16, 'r18': 17, 'r19': 18, 'r20': 19, 'r21': 20, 'r22': 21, 'r23': 22, 'r24': 23, 'r25': 24, 'r26': 25, 'r27': 26}
Optimizing branch lengths, phi, and nu without topology search
Optimization by EM algorithm
Optimization start with 1 initials
Initial point 1. Random seed: 6411
Numerical optimization started with ultrametric constraint (default)
Initial phi: 0. Initial nu: 0.26955655566205877. Initial nllh: 8871.276132673764
Starting EM iter: 1
Estep
Estep runtime (s): 0.06981396675109863
Mstep
Optimizing phi
Optimizing branch lengths. Current phi: 0. Current nu:0.26955655566205877
Optimizing nu
Mstep runtime (s): 0.24700403213500977
Finished EM iter: 1. Current nllh: 7517.887470518721
Starting EM iter: 2
Estep
Estep runtime (s): 0.0870819091796875
Mstep
Optimizing phi
Optimizing branch lengths. Current phi: 0. Current nu:0.28047965520895496
Optimizing nu
Mstep runtime (s): 0.22788214683532715
Finished EM iter: 2. Current nllh: 7489.5653399596
Starting EM iter: 3
Estep
Estep runtime (s): 0.08971023559570312
Mstep
Optimizing phi
Optimizing branch lengths. Current phi: 0. Current nu:0.2784983209460569
Optimizing nu
Mstep runtime (s): 0.20729804039001465
Finished EM iter: 3. Current nllh: 7486.410448219588
Starting EM iter: 4
Estep
Estep runtime (s): 0.08776283264160156
Mstep
Optimizing phi
Optimizing branch lengths. Current phi: 0. Current nu:0.27637951034729624
Optimizing nu
Mstep runtime (s): 0.23019099235534668
Finished EM iter: 4. Current nllh: 7486.110837386587
Starting EM iter: 5
Estep
Estep runtime (s): 0.08883476257324219
Mstep
Optimizing phi
Optimizing branch lengths. Current phi: 0. Current nu:0.2753988663748227
Optimizing nu
Mstep runtime (s): 0.22846126556396484
Finished EM iter: 5. Current nllh: 7486.081468910876
Starting EM iter: 6
Estep
Estep runtime (s): 0.08942198753356934
Mstep
Optimizing phi
Optimizing branch lengths. Current phi: 0. Current nu:0.27501734616049434
Optimizing nu
Mstep runtime (s): 0.23974084854125977
Finished EM iter: 6. Current nllh: 7486.076630339026
Starting EM iter: 7
Estep
Estep runtime (s): 0.09071731567382812
Mstep
Optimizing phi
Optimizing branch lengths. Current phi: 0. Current nu:0.27487091936803326
Optimizing nu
Mstep runtime (s): 0.21882390975952148
Finished EM iter: 7. Current nllh: 7486.075917306347
Starting EM iter: 8
Estep
Estep runtime (s): 0.09119200706481934
Mstep
Optimizing phi
Optimizing branch lengths. Current phi: 0. Current nu:0.2748163077952509
Optimizing nu
Mstep runtime (s): 0.20227622985839844
Finished EM iter: 8. Current nllh: 7486.075695626535
Starting EM iter: 9
Estep
Estep runtime (s): 0.08758306503295898
Mstep
Optimizing phi
Optimizing branch lengths. Current phi: 0. Current nu:0.27479460688087576
Optimizing nu
Mstep runtime (s): 0.21837687492370605
Finished EM iter: 9. Current nllh: 7486.075652337478
EM finished after 9 iterations.
Optimal phi: 0. Optimal nu: 0.2747857765293247. Optimal nllh: 7486.075652337478
Optimal point found for initial point 1
Numerical optimization finished successfully
Tree height pre-scaling: 0.7185689145987597, input timescale: 1.0
Tree height after scaling: 1.0, mutation rate: 0.7185689145987597
Tree height pre-scaling: 0.7185689145804874, input timescale: 1.0
Tree height after scaling: 1.0, mutation rate: 0.7185689145804874
Tree height pre-scaling: 0.7185689149444796, input timescale: 1.0
Tree height after scaling: 1.0, mutation rate: 0.7185689149444796
Tree height pre-scaling: 0.7185689147900994, input timescale: 1.0
Tree height after scaling: 1.0, mutation rate: 0.7185689147900994
Tree height pre-scaling: 0.7185689144525249, input timescale: 1.0
Tree height after scaling: 1.0, mutation rate: 0.7185689144525249
Tree height pre-scaling: 0.718568914582751, input timescale: 1.0
Tree height after scaling: 0.9999999999999998, mutation rate: 0.718568914582751
Tree height pre-scaling: 0.7185689150598553, input timescale: 1.0
Tree height after scaling: 0.9999999999999999, mutation rate: 0.7185689150598553
Tree height pre-scaling: 0.7185689145255849, input timescale: 1.0
Tree height after scaling: 1.0, mutation rate: 0.7185689145255849
Tree height pre-scaling: 0.7185689148316335, input timescale: 1.0
Tree height after scaling: 1.0, mutation rate: 0.7185689148316335
Tree height pre-scaling: 0.7185689145715648, input timescale: 1.0
Tree height after scaling: 1.0, mutation rate: 0.7185689145715648
Tree height pre-scaling: 0.7185689144486094, input timescale: 1.0
Tree height after scaling: 1.0, mutation rate: 0.7185689144486094
Tree height pre-scaling: 0.7185689147039729, input timescale: 1.0
Tree height after scaling: 0.9999999999999999, mutation rate: 0.7185689147039729
Tree height pre-scaling: 0.7185689170904459, input timescale: 1.0
Tree height after scaling: 1.0, mutation rate: 0.7185689170904459
Runtime (s): 3.1909535
