Launching LAML version 0.0.4
LAML was called as follows: /Users/uym2/my_gits/LAML/run_laml.py -c ../../evaluation/Bar11/Bar11_character_matrix.txt -t place_outlier5/augmented_tree_328.nwk -o place_outlier5/augmented_tree_328_optimized -v -p ../../evaluation/Bar11/Bar11_priors.pickle --delimiter tab -m -1 --nInitials 1
Prior keys mismatch with site names.
Prior keys: [0, 1, 2, 3, 4, 5, 6, 7, 8, 9, 10, 11, 12, 13, 14, 15, 16, 17, 18, 19, 20, 21, 22, 23, 24, 25, 26]
Site names: ['r1', 'r2', 'r3', 'r4', 'r5', 'r6', 'r7', 'r8', 'r9', 'r10', 'r11', 'r12', 'r13', 'r14', 'r15', 'r16', 'r17', 'r18', 'r19', 'r20', 'r21', 'r22', 'r23', 'r24', 'r25', 'r26', 'r27']
Attempting to infer mapping between site names and prior keys...
{'r1': 0, 'r2': 1, 'r3': 2, 'r4': 3, 'r5': 4, 'r6': 5, 'r7': 6, 'r8': 7, 'r9': 8, 'r10': 9, 'r11': 10, 'r12': 11, 'r13': 12, 'r14': 13, 'r15': 14, 'r16': 15, 'r17': 16, 'r18': 17, 'r19': 18, 'r20': 19, 'r21': 20, 'r22': 21, 'r23': 22, 'r24': 23, 'r25': 24, 'r26': 25, 'r27': 26}
Optimizing branch lengths, phi, and nu without topology search
Optimization by EM algorithm
Optimization start with 1 initials
Initial point 1. Random seed: 5753
Numerical optimization started with ultrametric constraint (default)
Initial phi: 0. Initial nu: 0.26955655566205877. Initial nllh: 8928.878372312596
Starting EM iter: 1
Estep
Estep runtime (s): 0.0646059513092041
Mstep
Optimizing phi
Optimizing branch lengths. Current phi: 0. Current nu:0.26955655566205877
Optimizing nu
Mstep runtime (s): 0.24186086654663086
Finished EM iter: 1. Current nllh: 7481.320653941099
Starting EM iter: 2
Estep
Estep runtime (s): 0.08727598190307617
Mstep
Optimizing phi
Optimizing branch lengths. Current phi: 0. Current nu:0.2737249036722806
Optimizing nu
Mstep runtime (s): 0.2274460792541504
Finished EM iter: 2. Current nllh: 7465.545995188659
Starting EM iter: 3
Estep
Estep runtime (s): 0.08762693405151367
Mstep
Optimizing phi
Optimizing branch lengths. Current phi: 0. Current nu:0.2727549301690627
Optimizing nu
Mstep runtime (s): 0.20049715042114258
Finished EM iter: 3. Current nllh: 7463.582147024622
Starting EM iter: 4
Estep
Estep runtime (s): 0.0875391960144043
Mstep
Optimizing phi
Optimizing branch lengths. Current phi: 0. Current nu:0.27177785614625816
Optimizing nu
Mstep runtime (s): 0.18730616569519043
Finished EM iter: 4. Current nllh: 7463.376475762581
Starting EM iter: 5
Estep
Estep runtime (s): 0.08955883979797363
Mstep
Optimizing phi
Optimizing branch lengths. Current phi: 0. Current nu:0.271266902521481
Optimizing nu
Mstep runtime (s): 0.22806572914123535
Finished EM iter: 5. Current nllh: 7463.33477472946
Starting EM iter: 6
Estep
Estep runtime (s): 0.08749532699584961
Mstep
Optimizing phi
Optimizing branch lengths. Current phi: 0. Current nu:0.27106495340259656
Optimizing nu
Mstep runtime (s): 0.19196796417236328
Finished EM iter: 6. Current nllh: 7463.318254577438
Starting EM iter: 7
Estep
Estep runtime (s): 0.08726072311401367
Mstep
Optimizing phi
Optimizing branch lengths. Current phi: 0. Current nu:0.27099090813096605
Optimizing nu
Mstep runtime (s): 0.1926877498626709
Finished EM iter: 7. Current nllh: 7463.308435655193
Starting EM iter: 8
Estep
Estep runtime (s): 0.08739304542541504
Mstep
Optimizing phi
Optimizing branch lengths. Current phi: 0. Current nu:0.2709642172198751
Optimizing nu
Mstep runtime (s): 0.23370909690856934
Finished EM iter: 8. Current nllh: 7463.3036349666645
Starting EM iter: 9
Estep
Estep runtime (s): 0.08670520782470703
Mstep
Optimizing phi
Optimizing branch lengths. Current phi: 0. Current nu:0.27095296913019984
Optimizing nu
Mstep runtime (s): 0.19349884986877441
Finished EM iter: 9. Current nllh: 7463.3037821599755
Starting EM iter: 10
Estep
Estep runtime (s): 0.08730101585388184
Mstep
Optimizing phi
Optimizing branch lengths. Current phi: 0. Current nu:0.2709457219355229
Optimizing nu
Mstep runtime (s): 0.22922396659851074
Finished EM iter: 10. Current nllh: 7463.3037700958275
EM finished after 10 iterations.
Optimal phi: 0. Optimal nu: 0.2709426010199038. Optimal nllh: 7463.3037700958275
Optimal point found for initial point 1
Numerical optimization finished successfully
Tree height pre-scaling: 0.7192249630973857, input timescale: 1.0
Tree height after scaling: 0.9999999999999999, mutation rate: 0.7192249630973857
Tree height pre-scaling: 0.719225014336887, input timescale: 1.0
Tree height after scaling: 1.0, mutation rate: 0.719225014336887
Tree height pre-scaling: 0.7192249027307027, input timescale: 1.0
Tree height after scaling: 1.0, mutation rate: 0.7192249027307027
Tree height pre-scaling: 0.7192249630226525, input timescale: 1.0
Tree height after scaling: 1.0, mutation rate: 0.7192249630226525
Tree height pre-scaling: 0.7192251203553309, input timescale: 1.0
Tree height after scaling: 1.0, mutation rate: 0.7192251203553309
Tree height pre-scaling: 0.7192249397315504, input timescale: 1.0
Tree height after scaling: 1.0, mutation rate: 0.7192249397315504
Tree height pre-scaling: 0.7192250552166018, input timescale: 1.0
Tree height after scaling: 1.0, mutation rate: 0.7192250552166018
Tree height pre-scaling: 0.719224959928029, input timescale: 1.0
Tree height after scaling: 1.0, mutation rate: 0.719224959928029
Tree height pre-scaling: 0.7192249111998257, input timescale: 1.0
Tree height after scaling: 1.0, mutation rate: 0.7192249111998257
Tree height pre-scaling: 0.7192250079075262, input timescale: 1.0
Tree height after scaling: 1.0, mutation rate: 0.7192250079075262
Tree height pre-scaling: 0.7192250650619563, input timescale: 1.0
Tree height after scaling: 1.0, mutation rate: 0.7192250650619563
Tree height pre-scaling: 0.7192250482845627, input timescale: 1.0
Tree height after scaling: 1.0, mutation rate: 0.7192250482845627
Tree height pre-scaling: 0.7192253923491829, input timescale: 1.0
Tree height after scaling: 1.0, mutation rate: 0.7192253923491829
Runtime (s): 3.400538583
