Launching LAML version 0.0.4
LAML was called as follows: /Users/uym2/my_gits/LAML/run_laml.py -c ../../evaluation/Bar11/Bar11_character_matrix.txt -t place_outlier5/augmented_tree_34.nwk -o place_outlier5/augmented_tree_34_optimized -v -p ../../evaluation/Bar11/Bar11_priors.pickle --delimiter tab -m -1 --nInitials 1
Prior keys mismatch with site names.
Prior keys: [0, 1, 2, 3, 4, 5, 6, 7, 8, 9, 10, 11, 12, 13, 14, 15, 16, 17, 18, 19, 20, 21, 22, 23, 24, 25, 26]
Site names: ['r1', 'r2', 'r3', 'r4', 'r5', 'r6', 'r7', 'r8', 'r9', 'r10', 'r11', 'r12', 'r13', 'r14', 'r15', 'r16', 'r17', 'r18', 'r19', 'r20', 'r21', 'r22', 'r23', 'r24', 'r25', 'r26', 'r27']
Attempting to infer mapping between site names and prior keys...
{'r1': 0, 'r2': 1, 'r3': 2, 'r4': 3, 'r5': 4, 'r6': 5, 'r7': 6, 'r8': 7, 'r9': 8, 'r10': 9, 'r11': 10, 'r12': 11, 'r13': 12, 'r14': 13, 'r15': 14, 'r16': 15, 'r17': 16, 'r18': 17, 'r19': 18, 'r20': 19, 'r21': 20, 'r22': 21, 'r23': 22, 'r24': 23, 'r25': 24, 'r26': 25, 'r27': 26}
Optimizing branch lengths, phi, and nu without topology search
Optimization by EM algorithm
Optimization start with 1 initials
Initial point 1. Random seed: 9583
Numerical optimization started with ultrametric constraint (default)
Initial phi: 0. Initial nu: 0.26955655566205877. Initial nllh: 9406.307890561417
Starting EM iter: 1
Estep
Estep runtime (s): 0.06267309188842773
Mstep
Optimizing phi
Optimizing branch lengths. Current phi: 0. Current nu:0.26955655566205877
Optimizing nu
Mstep runtime (s): 0.25838303565979004
Finished EM iter: 1. Current nllh: 7718.165082921387
Starting EM iter: 2
Estep
Estep runtime (s): 0.08638191223144531
Mstep
Optimizing phi
Optimizing branch lengths. Current phi: 0. Current nu:0.27239980531585983
Optimizing nu
Mstep runtime (s): 0.225538969039917
Finished EM iter: 2. Current nllh: 7675.87472489008
Starting EM iter: 3
Estep
Estep runtime (s): 0.08588099479675293
Mstep
Optimizing phi
Optimizing branch lengths. Current phi: 0. Current nu:0.27009232625406204
Optimizing nu
Mstep runtime (s): 0.19852471351623535
Finished EM iter: 3. Current nllh: 7670.218273074656
Starting EM iter: 4
Estep
Estep runtime (s): 0.08563494682312012
Mstep
Optimizing phi
Optimizing branch lengths. Current phi: 0. Current nu:0.26762740568642407
Optimizing nu
Mstep runtime (s): 0.22681212425231934
Finished EM iter: 4. Current nllh: 7669.5693874063945
Starting EM iter: 5
Estep
Estep runtime (s): 0.0852820873260498
Mstep
Optimizing phi
Optimizing branch lengths. Current phi: 0. Current nu:0.2664410497334011
Optimizing nu
Mstep runtime (s): 0.1950690746307373
Finished EM iter: 5. Current nllh: 7669.457309844809
Starting EM iter: 6
Estep
Estep runtime (s): 0.08576107025146484
Mstep
Optimizing phi
Optimizing branch lengths. Current phi: 0. Current nu:0.26601324044782687
Optimizing nu
Mstep runtime (s): 0.22736001014709473
Finished EM iter: 6. Current nllh: 7669.415759379028
Starting EM iter: 7
Estep
Estep runtime (s): 0.0858612060546875
Mstep
Optimizing phi
Optimizing branch lengths. Current phi: 0. Current nu:0.2658677417167755
Optimizing nu
Mstep runtime (s): 0.21494102478027344
Finished EM iter: 7. Current nllh: 7669.392917897353
Starting EM iter: 8
Estep
Estep runtime (s): 0.08962416648864746
Mstep
Optimizing phi
Optimizing branch lengths. Current phi: 0. Current nu:0.26581771338094784
Optimizing nu
Mstep runtime (s): 0.22503876686096191
Finished EM iter: 8. Current nllh: 7669.378105786993
Starting EM iter: 9
Estep
Estep runtime (s): 0.08485579490661621
Mstep
Optimizing phi
Optimizing branch lengths. Current phi: 0. Current nu:0.2657989941837077
Optimizing nu
Mstep runtime (s): 0.2244260311126709
Finished EM iter: 9. Current nllh: 7669.367356698882
Starting EM iter: 10
Estep
Estep runtime (s): 0.0846099853515625
Mstep
Optimizing phi
Optimizing branch lengths. Current phi: 0. Current nu:0.2657921843701098
Optimizing nu
Mstep runtime (s): 0.19710707664489746
Finished EM iter: 10. Current nllh: 7669.359876701978
Starting EM iter: 11
Estep
Estep runtime (s): 0.08587074279785156
Mstep
Optimizing phi
Optimizing branch lengths. Current phi: 0. Current nu:0.26578920458792454
Optimizing nu
Mstep runtime (s): 0.20628595352172852
Finished EM iter: 11. Current nllh: 7669.3594848903285
Starting EM iter: 12
Estep
Estep runtime (s): 0.0847008228302002
Mstep
Optimizing phi
Optimizing branch lengths. Current phi: 0. Current nu:0.2657837067076498
Optimizing nu
Mstep runtime (s): 0.2161102294921875
Finished EM iter: 12. Current nllh: 7669.359548619761
EM finished after 12 iterations.
Optimal phi: 0. Optimal nu: 0.2657812926982273. Optimal nllh: 7669.359548619761
Optimal point found for initial point 1
Numerical optimization finished successfully
Tree height pre-scaling: 0.732828059601085, input timescale: 1.0
Tree height after scaling: 1.0, mutation rate: 0.732828059601085
Tree height pre-scaling: 0.7328280594901072, input timescale: 1.0
Tree height after scaling: 1.0, mutation rate: 0.7328280594901072
Tree height pre-scaling: 0.7328280602083801, input timescale: 1.0
Tree height after scaling: 1.0, mutation rate: 0.7328280602083801
Tree height pre-scaling: 0.7328280600848118, input timescale: 1.0
Tree height after scaling: 0.9999999999999999, mutation rate: 0.7328280600848118
Tree height pre-scaling: 0.7328280600009287, input timescale: 1.0
Tree height after scaling: 1.0, mutation rate: 0.7328280600009287
Tree height pre-scaling: 0.7328280593068137, input timescale: 1.0
Tree height after scaling: 1.0, mutation rate: 0.7328280593068137
Tree height pre-scaling: 0.732828059548029, input timescale: 1.0
Tree height after scaling: 0.9999999999999999, mutation rate: 0.732828059548029
Tree height pre-scaling: 0.7328280601024735, input timescale: 1.0
Tree height after scaling: 1.0, mutation rate: 0.7328280601024735
Tree height pre-scaling: 0.7328280594766361, input timescale: 1.0
Tree height after scaling: 1.0, mutation rate: 0.7328280594766361
Tree height pre-scaling: 0.7328280603711657, input timescale: 1.0
Tree height after scaling: 1.0, mutation rate: 0.7328280603711657
Tree height pre-scaling: 0.732828059568945, input timescale: 1.0
Tree height after scaling: 1.0, mutation rate: 0.732828059568945
Tree height pre-scaling: 0.732828059454066, input timescale: 1.0
Tree height after scaling: 0.9999999999999998, mutation rate: 0.732828059454066
Tree height pre-scaling: 0.7328280642695983, input timescale: 1.0
Tree height after scaling: 1.0, mutation rate: 0.7328280642695983
Runtime (s): 4.077376458
