Launching LAML version 0.0.4
LAML was called as follows: /Users/uym2/my_gits/LAML/run_laml.py -c ../../evaluation/Bar11/Bar11_character_matrix.txt -t place_outlier5/augmented_tree_271.nwk -o place_outlier5/augmented_tree_271_optimized -v -p ../../evaluation/Bar11/Bar11_priors.pickle --delimiter tab -m -1 --nInitials 1
Prior keys mismatch with site names.
Prior keys: [0, 1, 2, 3, 4, 5, 6, 7, 8, 9, 10, 11, 12, 13, 14, 15, 16, 17, 18, 19, 20, 21, 22, 23, 24, 25, 26]
Site names: ['r1', 'r2', 'r3', 'r4', 'r5', 'r6', 'r7', 'r8', 'r9', 'r10', 'r11', 'r12', 'r13', 'r14', 'r15', 'r16', 'r17', 'r18', 'r19', 'r20', 'r21', 'r22', 'r23', 'r24', 'r25', 'r26', 'r27']
Attempting to infer mapping between site names and prior keys...
{'r1': 0, 'r2': 1, 'r3': 2, 'r4': 3, 'r5': 4, 'r6': 5, 'r7': 6, 'r8': 7, 'r9': 8, 'r10': 9, 'r11': 10, 'r12': 11, 'r13': 12, 'r14': 13, 'r15': 14, 'r16': 15, 'r17': 16, 'r18': 17, 'r19': 18, 'r20': 19, 'r21': 20, 'r22': 21, 'r23': 22, 'r24': 23, 'r25': 24, 'r26': 25, 'r27': 26}
Optimizing branch lengths, phi, and nu without topology search
Optimization by EM algorithm
Optimization start with 1 initials
Initial point 1. Random seed: 4292
Numerical optimization started with ultrametric constraint (default)
Initial phi: 0. Initial nu: 0.26955655566205877. Initial nllh: 8942.14030358518
Starting EM iter: 1
Estep
Estep runtime (s): 0.0648810863494873
Mstep
Optimizing phi
Optimizing branch lengths. Current phi: 0. Current nu:0.26955655566205877
Optimizing nu
Mstep runtime (s): 0.2406923770904541
Finished EM iter: 1. Current nllh: 7510.928155964639
Starting EM iter: 2
Estep
Estep runtime (s): 0.0855860710144043
Mstep
Optimizing phi
Optimizing branch lengths. Current phi: 0. Current nu:0.2832680179797557
Optimizing nu
Mstep runtime (s): 0.1925499439239502
Finished EM iter: 2. Current nllh: 7473.817154539272
Starting EM iter: 3
Estep
Estep runtime (s): 0.0854499340057373
Mstep
Optimizing phi
Optimizing branch lengths. Current phi: 0. Current nu:0.28022521316476473
Optimizing nu
Mstep runtime (s): 0.19391298294067383
Finished EM iter: 3. Current nllh: 7469.082750070268
Starting EM iter: 4
Estep
Estep runtime (s): 0.08561420440673828
Mstep
Optimizing phi
Optimizing branch lengths. Current phi: 0. Current nu:0.2769764898112072
Optimizing nu
Mstep runtime (s): 0.21252822875976562
Finished EM iter: 4. Current nllh: 7468.443971551735
Starting EM iter: 5
Estep
Estep runtime (s): 0.08602499961853027
Mstep
Optimizing phi
Optimizing branch lengths. Current phi: 0. Current nu:0.27551498030063765
Optimizing nu
Mstep runtime (s): 0.19861793518066406
Finished EM iter: 5. Current nllh: 7468.277212153191
Starting EM iter: 6
Estep
Estep runtime (s): 0.08578896522521973
Mstep
Optimizing phi
Optimizing branch lengths. Current phi: 0. Current nu:0.2749608686563801
Optimizing nu
Mstep runtime (s): 0.20249176025390625
Finished EM iter: 6. Current nllh: 7468.228207962226
Starting EM iter: 7
Estep
Estep runtime (s): 0.08579516410827637
Mstep
Optimizing phi
Optimizing branch lengths. Current phi: 0. Current nu:0.27474787667667183
Optimizing nu
Mstep runtime (s): 0.22321319580078125
Finished EM iter: 7. Current nllh: 7468.199262674393
Starting EM iter: 8
Estep
Estep runtime (s): 0.08563470840454102
Mstep
Optimizing phi
Optimizing branch lengths. Current phi: 0. Current nu:0.2746685341621128
Optimizing nu
Mstep runtime (s): 0.19706082344055176
Finished EM iter: 8. Current nllh: 7468.180517613334
Starting EM iter: 9
Estep
Estep runtime (s): 0.08558893203735352
Mstep
Optimizing phi
Optimizing branch lengths. Current phi: 0. Current nu:0.2746377026497555
Optimizing nu
Mstep runtime (s): 0.25939393043518066
Finished EM iter: 9. Current nllh: 7468.167475975022
Starting EM iter: 10
Estep
Estep runtime (s): 0.09014415740966797
Mstep
Optimizing phi
Optimizing branch lengths. Current phi: 0. Current nu:0.27462509280413944
Optimizing nu
Mstep runtime (s): 0.25324106216430664
Finished EM iter: 10. Current nllh: 7468.158075737851
Starting EM iter: 11
Estep
Estep runtime (s): 0.08849883079528809
Mstep
Optimizing phi
Optimizing branch lengths. Current phi: 0. Current nu:0.274619034806331
Optimizing nu
Mstep runtime (s): 0.25078392028808594
Finished EM iter: 11. Current nllh: 7468.154558583946
Starting EM iter: 12
Estep
Estep runtime (s): 0.08632111549377441
Mstep
Optimizing phi
Optimizing branch lengths. Current phi: 0. Current nu:0.2746139955880284
Optimizing nu
Mstep runtime (s): 0.2241222858428955
Finished EM iter: 12. Current nllh: 7468.154728054618
Starting EM iter: 13
Estep
Estep runtime (s): 0.08697390556335449
Mstep
Optimizing phi
Optimizing branch lengths. Current phi: 0. Current nu:0.2746102272025218
Optimizing nu
Mstep runtime (s): 0.21590709686279297
Finished EM iter: 13. Current nllh: 7468.1547641972475
EM finished after 13 iterations.
Optimal phi: 0. Optimal nu: 0.2746087102521684. Optimal nllh: 7468.1547641972475
Optimal point found for initial point 1
Numerical optimization finished successfully
Tree height pre-scaling: 0.7175485944204862, input timescale: 1.0
Tree height after scaling: 1.0, mutation rate: 0.7175485944204862
Tree height pre-scaling: 0.7175485944241352, input timescale: 1.0
Tree height after scaling: 1.0, mutation rate: 0.7175485944241352
Tree height pre-scaling: 0.7175485946384911, input timescale: 1.0
Tree height after scaling: 1.0, mutation rate: 0.7175485946384911
Tree height pre-scaling: 0.7175485945578254, input timescale: 1.0
Tree height after scaling: 0.9999999999999999, mutation rate: 0.7175485945578254
Tree height pre-scaling: 0.7175485943412437, input timescale: 1.0
Tree height after scaling: 1.0, mutation rate: 0.7175485943412437
Tree height pre-scaling: 0.7175485944081068, input timescale: 1.0
Tree height after scaling: 1.0, mutation rate: 0.7175485944081068
Tree height pre-scaling: 0.7175485947076998, input timescale: 1.0
Tree height after scaling: 0.9999999999999999, mutation rate: 0.7175485947076998
Tree height pre-scaling: 0.7175485943732316, input timescale: 1.0
Tree height after scaling: 1.0, mutation rate: 0.7175485943732316
Tree height pre-scaling: 0.7175485945674203, input timescale: 1.0
Tree height after scaling: 1.0, mutation rate: 0.7175485945674203
Tree height pre-scaling: 0.717548594399191, input timescale: 1.0
Tree height after scaling: 1.0, mutation rate: 0.717548594399191
Tree height pre-scaling: 0.7175485943304973, input timescale: 1.0
Tree height after scaling: 0.9999999999999999, mutation rate: 0.7175485943304973
Tree height pre-scaling: 0.7175485944929195, input timescale: 1.0
Tree height after scaling: 0.9999999999999999, mutation rate: 0.7175485944929195
Tree height pre-scaling: 0.7175485954014741, input timescale: 1.0
Tree height after scaling: 1.0, mutation rate: 0.7175485954014741
Runtime (s): 4.449284916
