Launching LAML version 0.0.4
LAML was called as follows: /Users/uym2/my_gits/LAML/run_laml.py -c ../../evaluation/Bar11/Bar11_character_matrix.txt -t place_outlier5/augmented_tree_179.nwk -o place_outlier5/augmented_tree_179_optimized -v -p ../../evaluation/Bar11/Bar11_priors.pickle --delimiter tab -m -1 --nInitials 1
Prior keys mismatch with site names.
Prior keys: [0, 1, 2, 3, 4, 5, 6, 7, 8, 9, 10, 11, 12, 13, 14, 15, 16, 17, 18, 19, 20, 21, 22, 23, 24, 25, 26]
Site names: ['r1', 'r2', 'r3', 'r4', 'r5', 'r6', 'r7', 'r8', 'r9', 'r10', 'r11', 'r12', 'r13', 'r14', 'r15', 'r16', 'r17', 'r18', 'r19', 'r20', 'r21', 'r22', 'r23', 'r24', 'r25', 'r26', 'r27']
Attempting to infer mapping between site names and prior keys...
{'r1': 0, 'r2': 1, 'r3': 2, 'r4': 3, 'r5': 4, 'r6': 5, 'r7': 6, 'r8': 7, 'r9': 8, 'r10': 9, 'r11': 10, 'r12': 11, 'r13': 12, 'r14': 13, 'r15': 14, 'r16': 15, 'r17': 16, 'r18': 17, 'r19': 18, 'r20': 19, 'r21': 20, 'r22': 21, 'r23': 22, 'r24': 23, 'r25': 24, 'r26': 25, 'r27': 26}
Optimizing branch lengths, phi, and nu without topology search
Optimization by EM algorithm
Optimization start with 1 initials
Initial point 1. Random seed: 5828
Numerical optimization started with ultrametric constraint (default)
Initial phi: 0. Initial nu: 0.26955655566205877. Initial nllh: 9613.573254057233
Starting EM iter: 1
Estep
Estep runtime (s): 0.06512832641601562
Mstep
Optimizing phi
Optimizing branch lengths. Current phi: 0. Current nu:0.26955655566205877
Optimizing nu
Mstep runtime (s): 0.21846890449523926
Finished EM iter: 1. Current nllh: 7944.540321578686
Starting EM iter: 2
Estep
Estep runtime (s): 0.08493900299072266
Mstep
Optimizing phi
Optimizing branch lengths. Current phi: 0. Current nu:0.27023447266337164
Optimizing nu
Mstep runtime (s): 0.21510767936706543
Finished EM iter: 2. Current nllh: 7912.351556844198
Starting EM iter: 3
Estep
Estep runtime (s): 0.0846552848815918
Mstep
Optimizing phi
Optimizing branch lengths. Current phi: 0. Current nu:0.2649833394920064
Optimizing nu
Mstep runtime (s): 0.20143485069274902
Finished EM iter: 3. Current nllh: 7908.442298929672
Starting EM iter: 4
Estep
Estep runtime (s): 0.08406782150268555
Mstep
Optimizing phi
Optimizing branch lengths. Current phi: 0. Current nu:0.2618817365159189
Optimizing nu
Mstep runtime (s): 0.19729185104370117
Finished EM iter: 4. Current nllh: 7908.031929199667
Starting EM iter: 5
Estep
Estep runtime (s): 0.08485198020935059
Mstep
Optimizing phi
Optimizing branch lengths. Current phi: 0. Current nu:0.26066260227471455
Optimizing nu
Mstep runtime (s): 0.1968538761138916
Finished EM iter: 5. Current nllh: 7907.943537652056
Starting EM iter: 6
Estep
Estep runtime (s): 0.08463311195373535
Mstep
Optimizing phi
Optimizing branch lengths. Current phi: 0. Current nu:0.26023538835010657
Optimizing nu
Mstep runtime (s): 0.1941239833831787
Finished EM iter: 6. Current nllh: 7907.903453808857
Starting EM iter: 7
Estep
Estep runtime (s): 0.08569192886352539
Mstep
Optimizing phi
Optimizing branch lengths. Current phi: 0. Current nu:0.2600878202397284
Optimizing nu
Mstep runtime (s): 0.20480704307556152
Finished EM iter: 7. Current nllh: 7907.879536472103
Starting EM iter: 8
Estep
Estep runtime (s): 0.08685588836669922
Mstep
Optimizing phi
Optimizing branch lengths. Current phi: 0. Current nu:0.2600363558850919
Optimizing nu
Mstep runtime (s): 0.20734405517578125
Finished EM iter: 8. Current nllh: 7907.863671234852
Starting EM iter: 9
Estep
Estep runtime (s): 0.08498787879943848
Mstep
Optimizing phi
Optimizing branch lengths. Current phi: 0. Current nu:0.2600173839066698
Optimizing nu
Mstep runtime (s): 0.20145916938781738
Finished EM iter: 9. Current nllh: 7907.852664784861
Starting EM iter: 10
Estep
Estep runtime (s): 0.08448481559753418
Mstep
Optimizing phi
Optimizing branch lengths. Current phi: 0. Current nu:0.26001033515625516
Optimizing nu
Mstep runtime (s): 0.19415712356567383
Finished EM iter: 10. Current nllh: 7907.844794480169
Starting EM iter: 11
Estep
Estep runtime (s): 0.08581113815307617
Mstep
Optimizing phi
Optimizing branch lengths. Current phi: 0. Current nu:0.2600071768854506
Optimizing nu
Mstep runtime (s): 0.19935894012451172
Finished EM iter: 11. Current nllh: 7907.843416717147
Starting EM iter: 12
Estep
Estep runtime (s): 0.08570122718811035
Mstep
Optimizing phi
Optimizing branch lengths. Current phi: 0. Current nu:0.2600029639516808
Optimizing nu
Mstep runtime (s): 0.20230507850646973
Finished EM iter: 12. Current nllh: 7907.843405931932
EM finished after 12 iterations.
Optimal phi: 0. Optimal nu: 0.2600010368689274. Optimal nllh: 7907.843405931932
Optimal point found for initial point 1
Numerical optimization finished successfully
Tree height pre-scaling: 0.7518304439189913, input timescale: 1.0
Tree height after scaling: 1.0, mutation rate: 0.7518304439189913
Tree height pre-scaling: 0.7518304438964672, input timescale: 1.0
Tree height after scaling: 1.0, mutation rate: 0.7518304438964672
Tree height pre-scaling: 0.7518304439875483, input timescale: 1.0
Tree height after scaling: 1.0, mutation rate: 0.7518304439875483
Tree height pre-scaling: 0.7518304439606978, input timescale: 1.0
Tree height after scaling: 1.0, mutation rate: 0.7518304439606978
Tree height pre-scaling: 0.7518304439520189, input timescale: 1.0
Tree height after scaling: 1.0, mutation rate: 0.7518304439520189
Tree height pre-scaling: 0.7518304438829065, input timescale: 1.0
Tree height after scaling: 1.0, mutation rate: 0.7518304438829065
Tree height pre-scaling: 0.7518304439163558, input timescale: 1.0
Tree height after scaling: 1.0, mutation rate: 0.7518304439163558
Tree height pre-scaling: 0.7518304440032535, input timescale: 1.0
Tree height after scaling: 1.0, mutation rate: 0.7518304440032535
Tree height pre-scaling: 0.7518304438989394, input timescale: 1.0
Tree height after scaling: 1.0, mutation rate: 0.7518304438989394
Tree height pre-scaling: 0.7518304439552322, input timescale: 1.0
Tree height after scaling: 1.0, mutation rate: 0.7518304439552322
Tree height pre-scaling: 0.7518304439112159, input timescale: 1.0
Tree height after scaling: 1.0, mutation rate: 0.7518304439112159
Tree height pre-scaling: 0.7518304438836653, input timescale: 1.0
Tree height after scaling: 1.0, mutation rate: 0.7518304438836653
Tree height pre-scaling: 0.7518304450028815, input timescale: 1.0
Tree height after scaling: 1.0, mutation rate: 0.7518304450028815
Runtime (s): 3.8908024579999996
