Launching LAML version 0.0.4
LAML was called as follows: /Users/uym2/my_gits/LAML/run_laml.py -c ../../evaluation/Bar11/Bar11_character_matrix.txt -t place_outlier5/augmented_tree_105.nwk -o place_outlier5/augmented_tree_105_optimized -v -p ../../evaluation/Bar11/Bar11_priors.pickle --delimiter tab -m -1 --nInitials 1
Prior keys mismatch with site names.
Prior keys: [0, 1, 2, 3, 4, 5, 6, 7, 8, 9, 10, 11, 12, 13, 14, 15, 16, 17, 18, 19, 20, 21, 22, 23, 24, 25, 26]
Site names: ['r1', 'r2', 'r3', 'r4', 'r5', 'r6', 'r7', 'r8', 'r9', 'r10', 'r11', 'r12', 'r13', 'r14', 'r15', 'r16', 'r17', 'r18', 'r19', 'r20', 'r21', 'r22', 'r23', 'r24', 'r25', 'r26', 'r27']
Attempting to infer mapping between site names and prior keys...
{'r1': 0, 'r2': 1, 'r3': 2, 'r4': 3, 'r5': 4, 'r6': 5, 'r7': 6, 'r8': 7, 'r9': 8, 'r10': 9, 'r11': 10, 'r12': 11, 'r13': 12, 'r14': 13, 'r15': 14, 'r16': 15, 'r17': 16, 'r18': 17, 'r19': 18, 'r20': 19, 'r21': 20, 'r22': 21, 'r23': 22, 'r24': 23, 'r25': 24, 'r26': 25, 'r27': 26}
Optimizing branch lengths, phi, and nu without topology search
Optimization by EM algorithm
Optimization start with 1 initials
Initial point 1. Random seed: 9216
Numerical optimization started with ultrametric constraint (default)
Initial phi: 0. Initial nu: 0.26955655566205877. Initial nllh: 8790.371002556289
Starting EM iter: 1
Estep
Estep runtime (s): 0.06400418281555176
Mstep
Optimizing phi
Optimizing branch lengths. Current phi: 0. Current nu:0.26955655566205877
Optimizing nu
Mstep runtime (s): 0.24492788314819336
Finished EM iter: 1. Current nllh: 7502.427227685819
Starting EM iter: 2
Estep
Estep runtime (s): 0.08875513076782227
Mstep
Optimizing phi
Optimizing branch lengths. Current phi: 0. Current nu:0.27815484753153785
Optimizing nu
Mstep runtime (s): 0.2018442153930664
Finished EM iter: 2. Current nllh: 7473.497444009161
Starting EM iter: 3
Estep
Estep runtime (s): 0.09270405769348145
Mstep
Optimizing phi
Optimizing branch lengths. Current phi: 0. Current nu:0.2767579086328672
Optimizing nu
Mstep runtime (s): 0.23113179206848145
Finished EM iter: 3. Current nllh: 7470.281304003433
Starting EM iter: 4
Estep
Estep runtime (s): 0.08944416046142578
Mstep
Optimizing phi
Optimizing branch lengths. Current phi: 0. Current nu:0.27528999754476347
Optimizing nu
Mstep runtime (s): 0.1999659538269043
Finished EM iter: 4. Current nllh: 7469.964155711464
Starting EM iter: 5
Estep
Estep runtime (s): 0.09194612503051758
Mstep
Optimizing phi
Optimizing branch lengths. Current phi: 0. Current nu:0.27461182823168634
Optimizing nu
Mstep runtime (s): 0.1965620517730713
Finished EM iter: 5. Current nllh: 7469.880195361459
Starting EM iter: 6
Estep
Estep runtime (s): 0.09143400192260742
Mstep
Optimizing phi
Optimizing branch lengths. Current phi: 0. Current nu:0.274354558301618
Optimizing nu
Mstep runtime (s): 0.20682883262634277
Finished EM iter: 6. Current nllh: 7469.84158836034
Starting EM iter: 7
Estep
Estep runtime (s): 0.08958792686462402
Mstep
Optimizing phi
Optimizing branch lengths. Current phi: 0. Current nu:0.27425779502815556
Optimizing nu
Mstep runtime (s): 0.24120211601257324
Finished EM iter: 7. Current nllh: 7469.818485070304
Starting EM iter: 8
Estep
Estep runtime (s): 0.08983302116394043
Mstep
Optimizing phi
Optimizing branch lengths. Current phi: 0. Current nu:0.2742194076974416
Optimizing nu
Mstep runtime (s): 0.20243573188781738
Finished EM iter: 8. Current nllh: 7469.803115973811
Starting EM iter: 9
Estep
Estep runtime (s): 0.08985400199890137
Mstep
Optimizing phi
Optimizing branch lengths. Current phi: 0. Current nu:0.2742053730949086
Optimizing nu
Mstep runtime (s): 0.1906580924987793
Finished EM iter: 9. Current nllh: 7469.792357733987
Starting EM iter: 10
Estep
Estep runtime (s): 0.08997893333435059
Mstep
Optimizing phi
Optimizing branch lengths. Current phi: 0. Current nu:0.274199273851002
Optimizing nu
Mstep runtime (s): 0.20075106620788574
Finished EM iter: 10. Current nllh: 7469.784840039116
Starting EM iter: 11
Estep
Estep runtime (s): 0.0891411304473877
Mstep
Optimizing phi
Optimizing branch lengths. Current phi: 0. Current nu:0.2741961248963977
Optimizing nu
Mstep runtime (s): 0.19956183433532715
Finished EM iter: 11. Current nllh: 7469.784805469818
EM finished after 11 iterations.
Optimal phi: 0. Optimal nu: 0.27419039314103805. Optimal nllh: 7469.784805469818
Optimal point found for initial point 1
Numerical optimization finished successfully
Tree height pre-scaling: 0.7193091326514237, input timescale: 1.0
Tree height after scaling: 1.0, mutation rate: 0.7193091326514237
Tree height pre-scaling: 0.7193091326326659, input timescale: 1.0
Tree height after scaling: 1.0, mutation rate: 0.7193091326326659
Tree height pre-scaling: 0.7193091328721251, input timescale: 1.0
Tree height after scaling: 1.0, mutation rate: 0.7193091328721251
Tree height pre-scaling: 0.7193091328608874, input timescale: 1.0
Tree height after scaling: 1.0, mutation rate: 0.7193091328608874
Tree height pre-scaling: 0.7193091328510627, input timescale: 1.0
Tree height after scaling: 1.0, mutation rate: 0.7193091328510627
Tree height pre-scaling: 0.7193091325567689, input timescale: 1.0
Tree height after scaling: 1.0, mutation rate: 0.7193091325567689
Tree height pre-scaling: 0.7193091326337339, input timescale: 1.0
Tree height after scaling: 1.0, mutation rate: 0.7193091326337339
Tree height pre-scaling: 0.7193091328874217, input timescale: 1.0
Tree height after scaling: 1.0, mutation rate: 0.7193091328874217
Tree height pre-scaling: 0.719309132603406, input timescale: 1.0
Tree height after scaling: 1.0, mutation rate: 0.719309132603406
Tree height pre-scaling: 0.7193091327704297, input timescale: 1.0
Tree height after scaling: 1.0, mutation rate: 0.7193091327704297
Tree height pre-scaling: 0.7193091325550409, input timescale: 1.0
Tree height after scaling: 1.0, mutation rate: 0.7193091325550409
Tree height pre-scaling: 0.7193091326419049, input timescale: 1.0
Tree height after scaling: 1.0, mutation rate: 0.7193091326419049
Tree height pre-scaling: 0.719309133861652, input timescale: 1.0
Tree height after scaling: 1.0, mutation rate: 0.719309133861652
Runtime (s): 3.738636167
