Launching LAML version 0.0.4
LAML was called as follows: /Users/uym2/my_gits/LAML/run_laml.py -c ../../evaluation/Bar11/Bar11_character_matrix.txt -t place_outlier5/augmented_tree_74.nwk -o place_outlier5/augmented_tree_74_optimized -v -p ../../evaluation/Bar11/Bar11_priors.pickle --delimiter tab -m -1 --nInitials 1
Prior keys mismatch with site names.
Prior keys: [0, 1, 2, 3, 4, 5, 6, 7, 8, 9, 10, 11, 12, 13, 14, 15, 16, 17, 18, 19, 20, 21, 22, 23, 24, 25, 26]
Site names: ['r1', 'r2', 'r3', 'r4', 'r5', 'r6', 'r7', 'r8', 'r9', 'r10', 'r11', 'r12', 'r13', 'r14', 'r15', 'r16', 'r17', 'r18', 'r19', 'r20', 'r21', 'r22', 'r23', 'r24', 'r25', 'r26', 'r27']
Attempting to infer mapping between site names and prior keys...
{'r1': 0, 'r2': 1, 'r3': 2, 'r4': 3, 'r5': 4, 'r6': 5, 'r7': 6, 'r8': 7, 'r9': 8, 'r10': 9, 'r11': 10, 'r12': 11, 'r13': 12, 'r14': 13, 'r15': 14, 'r16': 15, 'r17': 16, 'r18': 17, 'r19': 18, 'r20': 19, 'r21': 20, 'r22': 21, 'r23': 22, 'r24': 23, 'r25': 24, 'r26': 25, 'r27': 26}
Optimizing branch lengths, phi, and nu without topology search
Optimization by EM algorithm
Optimization start with 1 initials
Initial point 1. Random seed: 4134
Numerical optimization started with ultrametric constraint (default)
Initial phi: 0. Initial nu: 0.26955655566205877. Initial nllh: 9121.965209549431
Starting EM iter: 1
Estep
Estep runtime (s): 0.06553220748901367
Mstep
Optimizing phi
Optimizing branch lengths. Current phi: 0. Current nu:0.26955655566205877
Optimizing nu
Mstep runtime (s): 0.23003697395324707
Finished EM iter: 1. Current nllh: 7454.910981818764
Starting EM iter: 2
Estep
Estep runtime (s): 0.08765912055969238
Mstep
Optimizing phi
Optimizing branch lengths. Current phi: 0. Current nu:0.27647676841708796
Optimizing nu
Mstep runtime (s): 0.21419000625610352
Finished EM iter: 2. Current nllh: 7422.387045514076
Starting EM iter: 3
Estep
Estep runtime (s): 0.08862900733947754
Mstep
Optimizing phi
Optimizing branch lengths. Current phi: 0. Current nu:0.2743774853469761
Optimizing nu
Mstep runtime (s): 0.26038599014282227
Finished EM iter: 3. Current nllh: 7419.571477677589
Starting EM iter: 4
Estep
Estep runtime (s): 0.08746004104614258
Mstep
Optimizing phi
Optimizing branch lengths. Current phi: 0. Current nu:0.2726844612941805
Optimizing nu
Mstep runtime (s): 0.2017531394958496
Finished EM iter: 4. Current nllh: 7419.3271878243
Starting EM iter: 5
Estep
Estep runtime (s): 0.08999395370483398
Mstep
Optimizing phi
Optimizing branch lengths. Current phi: 0. Current nu:0.27198018197001705
Optimizing nu
Mstep runtime (s): 0.23985505104064941
Finished EM iter: 5. Current nllh: 7419.261090588288
Starting EM iter: 6
Estep
Estep runtime (s): 0.09016990661621094
Mstep
Optimizing phi
Optimizing branch lengths. Current phi: 0. Current nu:0.2717333440430663
Optimizing nu
Mstep runtime (s): 0.20542693138122559
Finished EM iter: 6. Current nllh: 7419.227390935021
Starting EM iter: 7
Estep
Estep runtime (s): 0.08760809898376465
Mstep
Optimizing phi
Optimizing branch lengths. Current phi: 0. Current nu:0.27164786391588086
Optimizing nu
Mstep runtime (s): 0.2000408172607422
Finished EM iter: 7. Current nllh: 7419.205705999891
Starting EM iter: 8
Estep
Estep runtime (s): 0.09069585800170898
Mstep
Optimizing phi
Optimizing branch lengths. Current phi: 0. Current nu:0.2716170864106264
Optimizing nu
Mstep runtime (s): 0.2142031192779541
Finished EM iter: 8. Current nllh: 7419.190648403763
Starting EM iter: 9
Estep
Estep runtime (s): 0.09134912490844727
Mstep
Optimizing phi
Optimizing branch lengths. Current phi: 0. Current nu:0.2716052848686629
Optimizing nu
Mstep runtime (s): 0.2134249210357666
Finished EM iter: 9. Current nllh: 7419.180048157754
Starting EM iter: 10
Estep
Estep runtime (s): 0.0874476432800293
Mstep
Optimizing phi
Optimizing branch lengths. Current phi: 0. Current nu:0.27160036476172117
Optimizing nu
Mstep runtime (s): 0.23276519775390625
Finished EM iter: 10. Current nllh: 7419.173183359691
Starting EM iter: 11
Estep
Estep runtime (s): 0.08748507499694824
Mstep
Optimizing phi
Optimizing branch lengths. Current phi: 0. Current nu:0.2715975023272882
Optimizing nu
Mstep runtime (s): 0.1965339183807373
Finished EM iter: 11. Current nllh: 7419.173192848162
EM finished after 11 iterations.
Optimal phi: 0. Optimal nu: 0.2715924673717818. Optimal nllh: 7419.173192848162
Optimal point found for initial point 1
Numerical optimization finished successfully
Tree height pre-scaling: 0.7119950657953923, input timescale: 1.0
Tree height after scaling: 1.0, mutation rate: 0.7119950657953923
Tree height pre-scaling: 0.7119950658202844, input timescale: 1.0
Tree height after scaling: 1.0, mutation rate: 0.7119950658202844
Tree height pre-scaling: 0.711995066273474, input timescale: 1.0
Tree height after scaling: 1.0, mutation rate: 0.711995066273474
Tree height pre-scaling: 0.7119950663427023, input timescale: 1.0
Tree height after scaling: 1.0, mutation rate: 0.7119950663427023
Tree height pre-scaling: 0.7119950662736048, input timescale: 1.0
Tree height after scaling: 1.0, mutation rate: 0.7119950662736048
Tree height pre-scaling: 0.7119950656171359, input timescale: 1.0
Tree height after scaling: 1.0, mutation rate: 0.7119950656171359
Tree height pre-scaling: 0.7119950657704244, input timescale: 1.0
Tree height after scaling: 1.0, mutation rate: 0.7119950657704244
Tree height pre-scaling: 0.7119950662593325, input timescale: 1.0
Tree height after scaling: 0.9999999999999999, mutation rate: 0.7119950662593325
Tree height pre-scaling: 0.7119950657074121, input timescale: 1.0
Tree height after scaling: 0.9999999999999999, mutation rate: 0.7119950657074121
Tree height pre-scaling: 0.7119950664707643, input timescale: 1.0
Tree height after scaling: 1.0, mutation rate: 0.7119950664707643
Tree height pre-scaling: 0.7119950657718144, input timescale: 1.0
Tree height after scaling: 0.9999999999999999, mutation rate: 0.7119950657718144
Tree height pre-scaling: 0.7119950660795246, input timescale: 1.0
Tree height after scaling: 1.0, mutation rate: 0.7119950660795246
Tree height pre-scaling: 0.7119950659671772, input timescale: 1.0
Tree height after scaling: 1.0, mutation rate: 0.7119950659671772
Runtime (s): 3.805093209
