Launching LAML version 0.0.4
LAML was called as follows: /Users/uym2/my_gits/LAML/run_laml.py -c ../../evaluation/Bar11/Bar11_character_matrix.txt -t place_outlier5/augmented_tree_110.nwk -o place_outlier5/augmented_tree_110_optimized -v -p ../../evaluation/Bar11/Bar11_priors.pickle --delimiter tab -m -1 --nInitials 1
Prior keys mismatch with site names.
Prior keys: [0, 1, 2, 3, 4, 5, 6, 7, 8, 9, 10, 11, 12, 13, 14, 15, 16, 17, 18, 19, 20, 21, 22, 23, 24, 25, 26]
Site names: ['r1', 'r2', 'r3', 'r4', 'r5', 'r6', 'r7', 'r8', 'r9', 'r10', 'r11', 'r12', 'r13', 'r14', 'r15', 'r16', 'r17', 'r18', 'r19', 'r20', 'r21', 'r22', 'r23', 'r24', 'r25', 'r26', 'r27']
Attempting to infer mapping between site names and prior keys...
{'r1': 0, 'r2': 1, 'r3': 2, 'r4': 3, 'r5': 4, 'r6': 5, 'r7': 6, 'r8': 7, 'r9': 8, 'r10': 9, 'r11': 10, 'r12': 11, 'r13': 12, 'r14': 13, 'r15': 14, 'r16': 15, 'r17': 16, 'r18': 17, 'r19': 18, 'r20': 19, 'r21': 20, 'r22': 21, 'r23': 22, 'r24': 23, 'r25': 24, 'r26': 25, 'r27': 26}
Optimizing branch lengths, phi, and nu without topology search
Optimization by EM algorithm
Optimization start with 1 initials
Initial point 1. Random seed: 3032
Numerical optimization started with ultrametric constraint (default)
Initial phi: 0. Initial nu: 0.26955655566205877. Initial nllh: 9385.76141270432
Starting EM iter: 1
Estep
Estep runtime (s): 0.06464409828186035
Mstep
Optimizing phi
Optimizing branch lengths. Current phi: 0. Current nu:0.26955655566205877
Optimizing nu
Mstep runtime (s): 0.21299195289611816
Finished EM iter: 1. Current nllh: 7611.8300838692
Starting EM iter: 2
Estep
Estep runtime (s): 0.08963704109191895
Mstep
Optimizing phi
Optimizing branch lengths. Current phi: 0. Current nu:0.2817802894575993
Optimizing nu
Mstep runtime (s): 0.2578580379486084
Finished EM iter: 2. Current nllh: 7579.896707377113
Starting EM iter: 3
Estep
Estep runtime (s): 0.08945822715759277
Mstep
Optimizing phi
Optimizing branch lengths. Current phi: 0. Current nu:0.28080027877090297
Optimizing nu
Mstep runtime (s): 0.20818591117858887
Finished EM iter: 3. Current nllh: 7576.360759497055
Starting EM iter: 4
Estep
Estep runtime (s): 0.08910989761352539
Mstep
Optimizing phi
Optimizing branch lengths. Current phi: 0. Current nu:0.27924406064940427
Optimizing nu
Mstep runtime (s): 0.19544601440429688
Finished EM iter: 4. Current nllh: 7576.000367908504
Starting EM iter: 5
Estep
Estep runtime (s): 0.08967185020446777
Mstep
Optimizing phi
Optimizing branch lengths. Current phi: 0. Current nu:0.2784840387465363
Optimizing nu
Mstep runtime (s): 0.2073659896850586
Finished EM iter: 5. Current nllh: 7575.9097548613445
Starting EM iter: 6
Estep
Estep runtime (s): 0.08930206298828125
Mstep
Optimizing phi
Optimizing branch lengths. Current phi: 0. Current nu:0.2781874901053861
Optimizing nu
Mstep runtime (s): 0.18995189666748047
Finished EM iter: 6. Current nllh: 7575.870197286004
Starting EM iter: 7
Estep
Estep runtime (s): 0.08940005302429199
Mstep
Optimizing phi
Optimizing branch lengths. Current phi: 0. Current nu:0.27807519027367017
Optimizing nu
Mstep runtime (s): 0.18923497200012207
Finished EM iter: 7. Current nllh: 7575.847056485436
Starting EM iter: 8
Estep
Estep runtime (s): 0.08916401863098145
Mstep
Optimizing phi
Optimizing branch lengths. Current phi: 0. Current nu:0.2780324423099741
Optimizing nu
Mstep runtime (s): 0.19141888618469238
Finished EM iter: 8. Current nllh: 7575.831735956581
Starting EM iter: 9
Estep
Estep runtime (s): 0.08947467803955078
Mstep
Optimizing phi
Optimizing branch lengths. Current phi: 0. Current nu:0.2780154496481528
Optimizing nu
Mstep runtime (s): 0.1983797550201416
Finished EM iter: 9. Current nllh: 7575.821032713283
Starting EM iter: 10
Estep
Estep runtime (s): 0.08918309211730957
Mstep
Optimizing phi
Optimizing branch lengths. Current phi: 0. Current nu:0.27800836407749085
Optimizing nu
Mstep runtime (s): 0.19826221466064453
Finished EM iter: 10. Current nllh: 7575.813345013722
Starting EM iter: 11
Estep
Estep runtime (s): 0.08986210823059082
Mstep
Optimizing phi
Optimizing branch lengths. Current phi: 0. Current nu:0.2780052236185304
Optimizing nu
Mstep runtime (s): 0.1910078525543213
Finished EM iter: 11. Current nllh: 7575.813231223808
Starting EM iter: 12
Estep
Estep runtime (s): 0.08905291557312012
Mstep
Optimizing phi
Optimizing branch lengths. Current phi: 0. Current nu:0.27799995542936573
Optimizing nu
Mstep runtime (s): 0.210845947265625
Finished EM iter: 12. Current nllh: 7575.81329779777
EM finished after 12 iterations.
Optimal phi: 0. Optimal nu: 0.2779981643660593. Optimal nllh: 7575.81329779777
Optimal point found for initial point 1
Numerical optimization finished successfully
Tree height pre-scaling: 0.7228809750342389, input timescale: 1.0
Tree height after scaling: 1.0, mutation rate: 0.7228809750342389
Tree height pre-scaling: 0.7228809750101244, input timescale: 1.0
Tree height after scaling: 1.0, mutation rate: 0.7228809750101244
Tree height pre-scaling: 0.7228809751965724, input timescale: 1.0
Tree height after scaling: 1.0, mutation rate: 0.7228809751965724
Tree height pre-scaling: 0.7228809751693073, input timescale: 1.0
Tree height after scaling: 1.0, mutation rate: 0.7228809751693073
Tree height pre-scaling: 0.7228809751759329, input timescale: 1.0
Tree height after scaling: 1.0, mutation rate: 0.7228809751759329
Tree height pre-scaling: 0.7228809749621209, input timescale: 1.0
Tree height after scaling: 1.0, mutation rate: 0.7228809749621209
Tree height pre-scaling: 0.7228809750178522, input timescale: 1.0
Tree height after scaling: 1.0, mutation rate: 0.7228809750178522
Tree height pre-scaling: 0.7228809752057367, input timescale: 1.0
Tree height after scaling: 1.0, mutation rate: 0.7228809752057367
Tree height pre-scaling: 0.7228809749938975, input timescale: 1.0
Tree height after scaling: 1.0, mutation rate: 0.7228809749938975
Tree height pre-scaling: 0.7228809751228771, input timescale: 1.0
Tree height after scaling: 1.0000000000000002, mutation rate: 0.7228809751228771
Tree height pre-scaling: 0.7228809749583359, input timescale: 1.0
Tree height after scaling: 1.0, mutation rate: 0.7228809749583359
Tree height pre-scaling: 0.7228809750243369, input timescale: 1.0
Tree height after scaling: 1.0, mutation rate: 0.7228809750243369
Tree height pre-scaling: 0.7228809757584518, input timescale: 1.0
Tree height after scaling: 1.0, mutation rate: 0.7228809757584518
Runtime (s): 3.971007917
