Launching LAML version 0.0.4
LAML was called as follows: /Users/uym2/my_gits/LAML/run_laml.py -c ../../evaluation/Bar11/Bar11_character_matrix.txt -t place_outlier5/augmented_tree_22.nwk -o place_outlier5/augmented_tree_22_optimized -v -p ../../evaluation/Bar11/Bar11_priors.pickle --delimiter tab -m -1 --nInitials 1
Prior keys mismatch with site names.
Prior keys: [0, 1, 2, 3, 4, 5, 6, 7, 8, 9, 10, 11, 12, 13, 14, 15, 16, 17, 18, 19, 20, 21, 22, 23, 24, 25, 26]
Site names: ['r1', 'r2', 'r3', 'r4', 'r5', 'r6', 'r7', 'r8', 'r9', 'r10', 'r11', 'r12', 'r13', 'r14', 'r15', 'r16', 'r17', 'r18', 'r19', 'r20', 'r21', 'r22', 'r23', 'r24', 'r25', 'r26', 'r27']
Attempting to infer mapping between site names and prior keys...
{'r1': 0, 'r2': 1, 'r3': 2, 'r4': 3, 'r5': 4, 'r6': 5, 'r7': 6, 'r8': 7, 'r9': 8, 'r10': 9, 'r11': 10, 'r12': 11, 'r13': 12, 'r14': 13, 'r15': 14, 'r16': 15, 'r17': 16, 'r18': 17, 'r19': 18, 'r20': 19, 'r21': 20, 'r22': 21, 'r23': 22, 'r24': 23, 'r25': 24, 'r26': 25, 'r27': 26}
Optimizing branch lengths, phi, and nu without topology search
Optimization by EM algorithm
Optimization start with 1 initials
Initial point 1. Random seed: 715
Numerical optimization started with ultrametric constraint (default)
Initial phi: 0. Initial nu: 0.26955655566205877. Initial nllh: 9002.14056660269
Starting EM iter: 1
Estep
Estep runtime (s): 0.06500577926635742
Mstep
Optimizing phi
Optimizing branch lengths. Current phi: 0. Current nu:0.26955655566205877
Optimizing nu
Mstep runtime (s): 0.22965025901794434
Finished EM iter: 1. Current nllh: 7535.457092767055
Starting EM iter: 2
Estep
Estep runtime (s): 0.08828616142272949
Mstep
Optimizing phi
Optimizing branch lengths. Current phi: 0. Current nu:0.27332064327804867
Optimizing nu
Mstep runtime (s): 0.2041149139404297
Finished EM iter: 2. Current nllh: 7500.450499569689
Starting EM iter: 3
Estep
Estep runtime (s): 0.08810186386108398
Mstep
Optimizing phi
Optimizing branch lengths. Current phi: 0. Current nu:0.2727085251023392
Optimizing nu
Mstep runtime (s): 0.23960089683532715
Finished EM iter: 3. Current nllh: 7494.7592176910275
Starting EM iter: 4
Estep
Estep runtime (s): 0.08982396125793457
Mstep
Optimizing phi
Optimizing branch lengths. Current phi: 0. Current nu:0.2708063622271242
Optimizing nu
Mstep runtime (s): 0.2098860740661621
Finished EM iter: 4. Current nllh: 7494.189814632021
Starting EM iter: 5
Estep
Estep runtime (s): 0.08594608306884766
Mstep
Optimizing phi
Optimizing branch lengths. Current phi: 0. Current nu:0.2697360150524521
Optimizing nu
Mstep runtime (s): 0.23121881484985352
Finished EM iter: 5. Current nllh: 7494.082659663158
Starting EM iter: 6
Estep
Estep runtime (s): 0.09157514572143555
Mstep
Optimizing phi
Optimizing branch lengths. Current phi: 0. Current nu:0.26931278042829504
Optimizing nu
Mstep runtime (s): 0.21627211570739746
Finished EM iter: 6. Current nllh: 7494.040587465332
Starting EM iter: 7
Estep
Estep runtime (s): 0.0865330696105957
Mstep
Optimizing phi
Optimizing branch lengths. Current phi: 0. Current nu:0.26915325133058615
Optimizing nu
Mstep runtime (s): 0.20989608764648438
Finished EM iter: 7. Current nllh: 7494.01689108296
Starting EM iter: 8
Estep
Estep runtime (s): 0.09261727333068848
Mstep
Optimizing phi
Optimizing branch lengths. Current phi: 0. Current nu:0.26909193121056796
Optimizing nu
Mstep runtime (s): 0.207381010055542
Finished EM iter: 8. Current nllh: 7494.0013873707985
Starting EM iter: 9
Estep
Estep runtime (s): 0.0895071029663086
Mstep
Optimizing phi
Optimizing branch lengths. Current phi: 0. Current nu:0.26906743717622095
Optimizing nu
Mstep runtime (s): 0.22884202003479004
Finished EM iter: 9. Current nllh: 7493.990511904245
Starting EM iter: 10
Estep
Estep runtime (s): 0.08945512771606445
Mstep
Optimizing phi
Optimizing branch lengths. Current phi: 0. Current nu:0.2690571426496115
Optimizing nu
Mstep runtime (s): 0.19879794120788574
Finished EM iter: 10. Current nllh: 7493.983041122014
Starting EM iter: 11
Estep
Estep runtime (s): 0.08705830574035645
Mstep
Optimizing phi
Optimizing branch lengths. Current phi: 0. Current nu:0.2690528158245007
Optimizing nu
Mstep runtime (s): 0.19624996185302734
Finished EM iter: 11. Current nllh: 7493.982981161044
EM finished after 11 iterations.
Optimal phi: 0. Optimal nu: 0.2690467204586708. Optimal nllh: 7493.982981161044
Optimal point found for initial point 1
Numerical optimization finished successfully
Tree height pre-scaling: 0.7225214262976498, input timescale: 1.0
Tree height after scaling: 1.0, mutation rate: 0.7225214262976498
Tree height pre-scaling: 0.7225214262756878, input timescale: 1.0
Tree height after scaling: 1.0, mutation rate: 0.7225214262756878
Tree height pre-scaling: 0.7225214266241021, input timescale: 1.0
Tree height after scaling: 1.0, mutation rate: 0.7225214266241021
Tree height pre-scaling: 0.7225214266213495, input timescale: 1.0
Tree height after scaling: 0.9999999999999999, mutation rate: 0.7225214266213495
Tree height pre-scaling: 0.7225214265806272, input timescale: 1.0
Tree height after scaling: 1.0, mutation rate: 0.7225214265806272
Tree height pre-scaling: 0.7225214261574318, input timescale: 1.0
Tree height after scaling: 1.0, mutation rate: 0.7225214261574318
Tree height pre-scaling: 0.7225214262726843, input timescale: 1.0
Tree height after scaling: 1.0, mutation rate: 0.7225214262726843
Tree height pre-scaling: 0.7225214266055326, input timescale: 1.0
Tree height after scaling: 1.0, mutation rate: 0.7225214266055326
Tree height pre-scaling: 0.7225214262293632, input timescale: 1.0
Tree height after scaling: 1.0, mutation rate: 0.7225214262293632
Tree height pre-scaling: 0.7225214267514433, input timescale: 1.0
Tree height after scaling: 1.0, mutation rate: 0.7225214267514433
Tree height pre-scaling: 0.7225214262796192, input timescale: 1.0
Tree height after scaling: 0.9999999999999998, mutation rate: 0.7225214262796192
Tree height pre-scaling: 0.722521426272554, input timescale: 1.0
Tree height after scaling: 1.0, mutation rate: 0.722521426272554
Tree height pre-scaling: 0.72252142767929, input timescale: 1.0
Tree height after scaling: 1.0000000000000002, mutation rate: 0.72252142767929
Runtime (s): 3.7791206660000003
