Launching LAML version 0.0.4
LAML was called as follows: /Users/uym2/my_gits/LAML/run_laml.py -c ../../evaluation/Bar11/Bar11_character_matrix.txt -t place_outlier5/augmented_tree_324.nwk -o place_outlier5/augmented_tree_324_optimized -v -p ../../evaluation/Bar11/Bar11_priors.pickle --delimiter tab -m -1 --nInitials 1
Prior keys mismatch with site names.
Prior keys: [0, 1, 2, 3, 4, 5, 6, 7, 8, 9, 10, 11, 12, 13, 14, 15, 16, 17, 18, 19, 20, 21, 22, 23, 24, 25, 26]
Site names: ['r1', 'r2', 'r3', 'r4', 'r5', 'r6', 'r7', 'r8', 'r9', 'r10', 'r11', 'r12', 'r13', 'r14', 'r15', 'r16', 'r17', 'r18', 'r19', 'r20', 'r21', 'r22', 'r23', 'r24', 'r25', 'r26', 'r27']
Attempting to infer mapping between site names and prior keys...
{'r1': 0, 'r2': 1, 'r3': 2, 'r4': 3, 'r5': 4, 'r6': 5, 'r7': 6, 'r8': 7, 'r9': 8, 'r10': 9, 'r11': 10, 'r12': 11, 'r13': 12, 'r14': 13, 'r15': 14, 'r16': 15, 'r17': 16, 'r18': 17, 'r19': 18, 'r20': 19, 'r21': 20, 'r22': 21, 'r23': 22, 'r24': 23, 'r25': 24, 'r26': 25, 'r27': 26}
Optimizing branch lengths, phi, and nu without topology search
Optimization by EM algorithm
Optimization start with 1 initials
Initial point 1. Random seed: 9494
Numerical optimization started with ultrametric constraint (default)
Initial phi: 0. Initial nu: 0.26955655566205877. Initial nllh: 8823.109273526901
Starting EM iter: 1
Estep
Estep runtime (s): 0.06400299072265625
Mstep
Optimizing phi
Optimizing branch lengths. Current phi: 0. Current nu:0.26955655566205877
Optimizing nu
Mstep runtime (s): 0.21884584426879883
Finished EM iter: 1. Current nllh: 7497.976729060865
Starting EM iter: 2
Estep
Estep runtime (s): 0.08602118492126465
Mstep
Optimizing phi
Optimizing branch lengths. Current phi: 0. Current nu:0.2735124914562257
Optimizing nu
Mstep runtime (s): 0.22395014762878418
Finished EM iter: 2. Current nllh: 7481.836354024829
Starting EM iter: 3
Estep
Estep runtime (s): 0.09064435958862305
Mstep
Optimizing phi
Optimizing branch lengths. Current phi: 0. Current nu:0.27239166764443556
Optimizing nu
Mstep runtime (s): 0.23169207572937012
Finished EM iter: 3. Current nllh: 7479.935065834654
Starting EM iter: 4
Estep
Estep runtime (s): 0.08792805671691895
Mstep
Optimizing phi
Optimizing branch lengths. Current phi: 0. Current nu:0.27134601260939056
Optimizing nu
Mstep runtime (s): 0.20734000205993652
Finished EM iter: 4. Current nllh: 7479.743630118572
Starting EM iter: 5
Estep
Estep runtime (s): 0.08651614189147949
Mstep
Optimizing phi
Optimizing branch lengths. Current phi: 0. Current nu:0.2708177382136159
Optimizing nu
Mstep runtime (s): 0.21595120429992676
Finished EM iter: 5. Current nllh: 7479.705366886321
Starting EM iter: 6
Estep
Estep runtime (s): 0.08619403839111328
Mstep
Optimizing phi
Optimizing branch lengths. Current phi: 0. Current nu:0.2706151893588343
Optimizing nu
Mstep runtime (s): 0.2407088279724121
Finished EM iter: 6. Current nllh: 7479.689668887759
Starting EM iter: 7
Estep
Estep runtime (s): 0.08930206298828125
Mstep
Optimizing phi
Optimizing branch lengths. Current phi: 0. Current nu:0.27054325701850584
Optimizing nu
Mstep runtime (s): 0.2041471004486084
Finished EM iter: 7. Current nllh: 7479.680038110323
Starting EM iter: 8
Estep
Estep runtime (s): 0.08835482597351074
Mstep
Optimizing phi
Optimizing branch lengths. Current phi: 0. Current nu:0.27051846522248973
Optimizing nu
Mstep runtime (s): 0.21787714958190918
Finished EM iter: 8. Current nllh: 7479.675163024673
Starting EM iter: 9
Estep
Estep runtime (s): 0.08963394165039062
Mstep
Optimizing phi
Optimizing branch lengths. Current phi: 0. Current nu:0.2705090221972651
Optimizing nu
Mstep runtime (s): 0.24831485748291016
Finished EM iter: 9. Current nllh: 7479.675602789974
Starting EM iter: 10
Estep
Estep runtime (s): 0.09079599380493164
Mstep
Optimizing phi
Optimizing branch lengths. Current phi: 0. Current nu:0.2705019845614751
Optimizing nu
Mstep runtime (s): 0.2440187931060791
Finished EM iter: 10. Current nllh: 7479.675752004627
Starting EM iter: 11
Estep
Estep runtime (s): 0.08715391159057617
Mstep
Optimizing phi
Optimizing branch lengths. Current phi: 0. Current nu:0.27049941544688666
Optimizing nu
Mstep runtime (s): 0.20302605628967285
Finished EM iter: 11. Current nllh: 7479.67554145918
Starting EM iter: 12
Estep
Estep runtime (s): 0.08873391151428223
Mstep
Optimizing phi
Optimizing branch lengths. Current phi: 0. Current nu:0.2704985763833063
Optimizing nu
Mstep runtime (s): 0.24398326873779297
Finished EM iter: 12. Current nllh: 7479.675876815081
Starting EM iter: 13
Estep
Estep runtime (s): 0.09062600135803223
Mstep
Optimizing phi
Optimizing branch lengths. Current phi: 0. Current nu:0.27049839287514393
Optimizing nu
Mstep runtime (s): 0.23175716400146484
Finished EM iter: 13. Current nllh: 7479.67575369198
Starting EM iter: 14
Estep
Estep runtime (s): 0.08693122863769531
Mstep
Optimizing phi
Optimizing branch lengths. Current phi: 0. Current nu:0.27049756057308777
Optimizing nu
Mstep runtime (s): 0.21599483489990234
Finished EM iter: 14. Current nllh: 7479.675734528644
EM finished after 14 iterations.
Optimal phi: 0. Optimal nu: 0.27049743133153537. Optimal nllh: 7479.675734528644
Optimal point found for initial point 1
Numerical optimization finished successfully
Tree height pre-scaling: 0.7152627737467598, input timescale: 1.0
Tree height after scaling: 1.0, mutation rate: 0.7152627737467598
Tree height pre-scaling: 0.7152628845368008, input timescale: 1.0
Tree height after scaling: 1.0, mutation rate: 0.7152628845368008
Tree height pre-scaling: 0.7152627154721669, input timescale: 1.0
Tree height after scaling: 0.9999999999999999, mutation rate: 0.7152627154721669
Tree height pre-scaling: 0.7152627644385904, input timescale: 1.0
Tree height after scaling: 1.0, mutation rate: 0.7152627644385904
Tree height pre-scaling: 0.7152629999507639, input timescale: 1.0
Tree height after scaling: 1.0, mutation rate: 0.7152629999507639
Tree height pre-scaling: 0.715262740017206, input timescale: 1.0
Tree height after scaling: 1.0, mutation rate: 0.715262740017206
Tree height pre-scaling: 0.7152629141027824, input timescale: 1.0
Tree height after scaling: 0.9999999999999999, mutation rate: 0.7152629141027824
Tree height pre-scaling: 0.7152627599778795, input timescale: 1.0
Tree height after scaling: 1.0, mutation rate: 0.7152627599778795
Tree height pre-scaling: 0.7152627070755316, input timescale: 1.0
Tree height after scaling: 1.0, mutation rate: 0.7152627070755316
Tree height pre-scaling: 0.7152628461448267, input timescale: 1.0
Tree height after scaling: 1.0, mutation rate: 0.7152628461448267
Tree height pre-scaling: 0.7152629451391095, input timescale: 1.0
Tree height after scaling: 1.0, mutation rate: 0.7152629451391095
Tree height pre-scaling: 0.7152629060051456, input timescale: 1.0
Tree height after scaling: 0.9999999999999999, mutation rate: 0.7152629060051456
Tree height pre-scaling: 0.7152630558201867, input timescale: 1.0
Tree height after scaling: 1.0, mutation rate: 0.7152630558201867
Runtime (s): 4.872846958
