Launching LAML version 0.0.4
LAML was called as follows: /Users/uym2/my_gits/LAML/run_laml.py -c ../../evaluation/Bar11/Bar11_character_matrix.txt -t place_outlier5/augmented_tree_128.nwk -o place_outlier5/augmented_tree_128_optimized -v -p ../../evaluation/Bar11/Bar11_priors.pickle --delimiter tab -m -1 --nInitials 1
Prior keys mismatch with site names.
Prior keys: [0, 1, 2, 3, 4, 5, 6, 7, 8, 9, 10, 11, 12, 13, 14, 15, 16, 17, 18, 19, 20, 21, 22, 23, 24, 25, 26]
Site names: ['r1', 'r2', 'r3', 'r4', 'r5', 'r6', 'r7', 'r8', 'r9', 'r10', 'r11', 'r12', 'r13', 'r14', 'r15', 'r16', 'r17', 'r18', 'r19', 'r20', 'r21', 'r22', 'r23', 'r24', 'r25', 'r26', 'r27']
Attempting to infer mapping between site names and prior keys...
{'r1': 0, 'r2': 1, 'r3': 2, 'r4': 3, 'r5': 4, 'r6': 5, 'r7': 6, 'r8': 7, 'r9': 8, 'r10': 9, 'r11': 10, 'r12': 11, 'r13': 12, 'r14': 13, 'r15': 14, 'r16': 15, 'r17': 16, 'r18': 17, 'r19': 18, 'r20': 19, 'r21': 20, 'r22': 21, 'r23': 22, 'r24': 23, 'r25': 24, 'r26': 25, 'r27': 26}
Optimizing branch lengths, phi, and nu without topology search
Optimization by EM algorithm
Optimization start with 1 initials
Initial point 1. Random seed: 2770
Numerical optimization started with ultrametric constraint (default)
Initial phi: 0. Initial nu: 0.26955655566205877. Initial nllh: 9066.797433756536
Starting EM iter: 1
Estep
Estep runtime (s): 0.06388711929321289
Mstep
Optimizing phi
Optimizing branch lengths. Current phi: 0. Current nu:0.26955655566205877
Optimizing nu
Mstep runtime (s): 0.21974778175354004
Finished EM iter: 1. Current nllh: 7488.960554959085
Starting EM iter: 2
Estep
Estep runtime (s): 0.08610200881958008
Mstep
Optimizing phi
Optimizing branch lengths. Current phi: 0. Current nu:0.2846911182310599
Optimizing nu
Mstep runtime (s): 0.23121428489685059
Finished EM iter: 2. Current nllh: 7449.009427000322
Starting EM iter: 3
Estep
Estep runtime (s): 0.08583188056945801
Mstep
Optimizing phi
Optimizing branch lengths. Current phi: 0. Current nu:0.28462934889602937
Optimizing nu
Mstep runtime (s): 0.21849489212036133
Finished EM iter: 3. Current nllh: 7445.300966567187
Starting EM iter: 4
Estep
Estep runtime (s): 0.08646702766418457
Mstep
Optimizing phi
Optimizing branch lengths. Current phi: 0. Current nu:0.28331505480058866
Optimizing nu
Mstep runtime (s): 0.19781208038330078
Finished EM iter: 4. Current nllh: 7444.927429224748
Starting EM iter: 5
Estep
Estep runtime (s): 0.08616399765014648
Mstep
Optimizing phi
Optimizing branch lengths. Current phi: 0. Current nu:0.28264581011041995
Optimizing nu
Mstep runtime (s): 0.20937299728393555
Finished EM iter: 5. Current nllh: 7444.830267878271
Starting EM iter: 6
Estep
Estep runtime (s): 0.08617329597473145
Mstep
Optimizing phi
Optimizing branch lengths. Current phi: 0. Current nu:0.28238889407085793
Optimizing nu
Mstep runtime (s): 0.20943689346313477
Finished EM iter: 6. Current nllh: 7444.787813893503
Starting EM iter: 7
Estep
Estep runtime (s): 0.08666682243347168
Mstep
Optimizing phi
Optimizing branch lengths. Current phi: 0. Current nu:0.2822971933617308
Optimizing nu
Mstep runtime (s): 0.18591690063476562
Finished EM iter: 7. Current nllh: 7444.763469074031
Starting EM iter: 8
Estep
Estep runtime (s): 0.08629989624023438
Mstep
Optimizing phi
Optimizing branch lengths. Current phi: 0. Current nu:0.28226734392355185
Optimizing nu
Mstep runtime (s): 0.26921796798706055
Finished EM iter: 8. Current nllh: 7444.747502315978
Starting EM iter: 9
Estep
Estep runtime (s): 0.08632183074951172
Mstep
Optimizing phi
Optimizing branch lengths. Current phi: 0. Current nu:0.2822598014148325
Optimizing nu
Mstep runtime (s): 0.23294901847839355
Finished EM iter: 9. Current nllh: 7444.736449181352
Starting EM iter: 10
Estep
Estep runtime (s): 0.08677387237548828
Mstep
Optimizing phi
Optimizing branch lengths. Current phi: 0. Current nu:0.2822599737007351
Optimizing nu
Mstep runtime (s): 0.1982729434967041
Finished EM iter: 10. Current nllh: 7444.729314902518
Starting EM iter: 11
Estep
Estep runtime (s): 0.08635210990905762
Mstep
Optimizing phi
Optimizing branch lengths. Current phi: 0. Current nu:0.2822612187407827
Optimizing nu
Mstep runtime (s): 0.22999787330627441
Finished EM iter: 11. Current nllh: 7444.729016409012
Starting EM iter: 12
Estep
Estep runtime (s): 0.08840513229370117
Mstep
Optimizing phi
Optimizing branch lengths. Current phi: 0. Current nu:0.28225916506637966
Optimizing nu
Mstep runtime (s): 0.21091508865356445
Finished EM iter: 12. Current nllh: 7444.7292815553155
Starting EM iter: 13
Estep
Estep runtime (s): 0.08686208724975586
Mstep
Optimizing phi
Optimizing branch lengths. Current phi: 0. Current nu:0.2822592740602838
Optimizing nu
Mstep runtime (s): 0.2047891616821289
Finished EM iter: 13. Current nllh: 7444.729292313392
EM finished after 13 iterations.
Optimal phi: 0. Optimal nu: 0.28225982316714826. Optimal nllh: 7444.729292313392
Optimal point found for initial point 1
Numerical optimization finished successfully
Tree height pre-scaling: 0.7113010066834737, input timescale: 1.0
Tree height after scaling: 1.0, mutation rate: 0.7113010066834737
Tree height pre-scaling: 0.7113010066830918, input timescale: 1.0
Tree height after scaling: 0.9999999999999999, mutation rate: 0.7113010066830918
Tree height pre-scaling: 0.7113010066931531, input timescale: 1.0
Tree height after scaling: 0.9999999999999999, mutation rate: 0.7113010066931531
Tree height pre-scaling: 0.711301006693351, input timescale: 1.0
Tree height after scaling: 0.9999999999999998, mutation rate: 0.711301006693351
Tree height pre-scaling: 0.7113010066920353, input timescale: 1.0
Tree height after scaling: 1.0, mutation rate: 0.7113010066920353
Tree height pre-scaling: 0.7113010066796599, input timescale: 1.0
Tree height after scaling: 1.0, mutation rate: 0.7113010066796599
Tree height pre-scaling: 0.7113010066827394, input timescale: 1.0
Tree height after scaling: 1.0, mutation rate: 0.7113010066827394
Tree height pre-scaling: 0.7113010066885217, input timescale: 1.0
Tree height after scaling: 0.9999999999999999, mutation rate: 0.7113010066885217
Tree height pre-scaling: 0.711301006679968, input timescale: 1.0
Tree height after scaling: 1.0, mutation rate: 0.711301006679968
Tree height pre-scaling: 0.7113010066829002, input timescale: 1.0
Tree height after scaling: 1.0, mutation rate: 0.7113010066829002
Tree height pre-scaling: 0.7113010066948124, input timescale: 1.0
Tree height after scaling: 1.0, mutation rate: 0.7113010066948124
Tree height pre-scaling: 0.71130100668148, input timescale: 1.0
Tree height after scaling: 1.0, mutation rate: 0.71130100668148
Tree height pre-scaling: 0.711301006709559, input timescale: 1.0
Tree height after scaling: 1.0, mutation rate: 0.711301006709559
Runtime (s): 4.400550541
