Launching LAML version 0.0.4
LAML was called as follows: /Users/uym2/my_gits/LAML/run_laml.py -c ../../evaluation/Bar11/Bar11_character_matrix.txt -t place_outlier5/augmented_tree_27.nwk -o place_outlier5/augmented_tree_27_optimized -v -p ../../evaluation/Bar11/Bar11_priors.pickle --delimiter tab -m -1 --nInitials 1
Prior keys mismatch with site names.
Prior keys: [0, 1, 2, 3, 4, 5, 6, 7, 8, 9, 10, 11, 12, 13, 14, 15, 16, 17, 18, 19, 20, 21, 22, 23, 24, 25, 26]
Site names: ['r1', 'r2', 'r3', 'r4', 'r5', 'r6', 'r7', 'r8', 'r9', 'r10', 'r11', 'r12', 'r13', 'r14', 'r15', 'r16', 'r17', 'r18', 'r19', 'r20', 'r21', 'r22', 'r23', 'r24', 'r25', 'r26', 'r27']
Attempting to infer mapping between site names and prior keys...
{'r1': 0, 'r2': 1, 'r3': 2, 'r4': 3, 'r5': 4, 'r6': 5, 'r7': 6, 'r8': 7, 'r9': 8, 'r10': 9, 'r11': 10, 'r12': 11, 'r13': 12, 'r14': 13, 'r15': 14, 'r16': 15, 'r17': 16, 'r18': 17, 'r19': 18, 'r20': 19, 'r21': 20, 'r22': 21, 'r23': 22, 'r24': 23, 'r25': 24, 'r26': 25, 'r27': 26}
Optimizing branch lengths, phi, and nu without topology search
Optimization by EM algorithm
Optimization start with 1 initials
Initial point 1. Random seed: 5917
Numerical optimization started with ultrametric constraint (default)
Initial phi: 0. Initial nu: 0.26955655566205877. Initial nllh: 9305.588005347432
Starting EM iter: 1
Estep
Estep runtime (s): 0.06445789337158203
Mstep
Optimizing phi
Optimizing branch lengths. Current phi: 0. Current nu:0.26955655566205877
Optimizing nu
Mstep runtime (s): 0.2191009521484375
Finished EM iter: 1. Current nllh: 7708.748472502681
Starting EM iter: 2
Estep
Estep runtime (s): 0.0864262580871582
Mstep
Optimizing phi
Optimizing branch lengths. Current phi: 0. Current nu:0.27123346347823524
Optimizing nu
Mstep runtime (s): 0.19280505180358887
Finished EM iter: 2. Current nllh: 7676.264139332515
Starting EM iter: 3
Estep
Estep runtime (s): 0.08662295341491699
Mstep
Optimizing phi
Optimizing branch lengths. Current phi: 0. Current nu:0.2696463018568344
Optimizing nu
Mstep runtime (s): 0.20507597923278809
Finished EM iter: 3. Current nllh: 7671.343160305562
Starting EM iter: 4
Estep
Estep runtime (s): 0.08769416809082031
Mstep
Optimizing phi
Optimizing branch lengths. Current phi: 0. Current nu:0.26780880004558766
Optimizing nu
Mstep runtime (s): 0.194016695022583
Finished EM iter: 4. Current nllh: 7670.735111032283
Starting EM iter: 5
Estep
Estep runtime (s): 0.09011006355285645
Mstep
Optimizing phi
Optimizing branch lengths. Current phi: 0. Current nu:0.2668506127186226
Optimizing nu
Mstep runtime (s): 0.2126319408416748
Finished EM iter: 5. Current nllh: 7670.6259895360035
Starting EM iter: 6
Estep
Estep runtime (s): 0.08857083320617676
Mstep
Optimizing phi
Optimizing branch lengths. Current phi: 0. Current nu:0.2664933276127506
Optimizing nu
Mstep runtime (s): 0.24214982986450195
Finished EM iter: 6. Current nllh: 7670.584129130194
Starting EM iter: 7
Estep
Estep runtime (s): 0.09049296379089355
Mstep
Optimizing phi
Optimizing branch lengths. Current phi: 0. Current nu:0.2663659331196431
Optimizing nu
Mstep runtime (s): 0.20225787162780762
Finished EM iter: 7. Current nllh: 7670.560878104572
Starting EM iter: 8
Estep
Estep runtime (s): 0.09018707275390625
Mstep
Optimizing phi
Optimizing branch lengths. Current phi: 0. Current nu:0.2663209546563624
Optimizing nu
Mstep runtime (s): 0.23957490921020508
Finished EM iter: 8. Current nllh: 7670.54556972349
Starting EM iter: 9
Estep
Estep runtime (s): 0.09119486808776855
Mstep
Optimizing phi
Optimizing branch lengths. Current phi: 0. Current nu:0.26630394714914596
Optimizing nu
Mstep runtime (s): 0.24643397331237793
Finished EM iter: 9. Current nllh: 7670.534875853933
Starting EM iter: 10
Estep
Estep runtime (s): 0.09113192558288574
Mstep
Optimizing phi
Optimizing branch lengths. Current phi: 0. Current nu:0.26629703453089876
Optimizing nu
Mstep runtime (s): 0.21078920364379883
Finished EM iter: 10. Current nllh: 7670.527164525962
Starting EM iter: 11
Estep
Estep runtime (s): 0.0880119800567627
Mstep
Optimizing phi
Optimizing branch lengths. Current phi: 0. Current nu:0.2662931728454297
Optimizing nu
Mstep runtime (s): 0.19750475883483887
Finished EM iter: 11. Current nllh: 7670.526800814234
Starting EM iter: 12
Estep
Estep runtime (s): 0.0891876220703125
Mstep
Optimizing phi
Optimizing branch lengths. Current phi: 0. Current nu:0.2662883446853904
Optimizing nu
Mstep runtime (s): 0.23068809509277344
Finished EM iter: 12. Current nllh: 7670.526857076348
EM finished after 12 iterations.
Optimal phi: 0. Optimal nu: 0.2662863201727235. Optimal nllh: 7670.526857076348
Optimal point found for initial point 1
Numerical optimization finished successfully
Tree height pre-scaling: 0.7325092734151014, input timescale: 1.0
Tree height after scaling: 1.0, mutation rate: 0.7325092734151014
Tree height pre-scaling: 0.7325092734128743, input timescale: 1.0
Tree height after scaling: 1.0, mutation rate: 0.7325092734128743
Tree height pre-scaling: 0.7325092734276161, input timescale: 1.0
Tree height after scaling: 1.0, mutation rate: 0.7325092734276161
Tree height pre-scaling: 0.7325092734255302, input timescale: 1.0
Tree height after scaling: 0.9999999999999999, mutation rate: 0.7325092734255302
Tree height pre-scaling: 0.7325092734241734, input timescale: 1.0
Tree height after scaling: 1.0, mutation rate: 0.7325092734241734
Tree height pre-scaling: 0.7325092734089311, input timescale: 1.0
Tree height after scaling: 0.9999999999999999, mutation rate: 0.7325092734089311
Tree height pre-scaling: 0.7325092734139269, input timescale: 1.0
Tree height after scaling: 1.0, mutation rate: 0.7325092734139269
Tree height pre-scaling: 0.7325092734262438, input timescale: 1.0
Tree height after scaling: 1.0, mutation rate: 0.7325092734262438
Tree height pre-scaling: 0.7325092734122355, input timescale: 1.0
Tree height after scaling: 1.0, mutation rate: 0.7325092734122355
Tree height pre-scaling: 0.7325092734318186, input timescale: 1.0
Tree height after scaling: 1.0, mutation rate: 0.7325092734318186
Tree height pre-scaling: 0.7325092734144859, input timescale: 1.0
Tree height after scaling: 1.0, mutation rate: 0.7325092734144859
Tree height pre-scaling: 0.7325092734124526, input timescale: 1.0
Tree height after scaling: 0.9999999999999998, mutation rate: 0.7325092734124526
Tree height pre-scaling: 0.7325092735192664, input timescale: 1.0
Tree height after scaling: 1.0, mutation rate: 0.7325092735192664
Runtime (s): 4.100644416
