Launching LAML version 0.0.4
LAML was called as follows: /Users/uym2/my_gits/LAML/run_laml.py -c ../../evaluation/Bar11/Bar11_character_matrix.txt -t place_outlier5/augmented_tree_93.nwk -o place_outlier5/augmented_tree_93_optimized -v -p ../../evaluation/Bar11/Bar11_priors.pickle --delimiter tab -m -1 --nInitials 1
Prior keys mismatch with site names.
Prior keys: [0, 1, 2, 3, 4, 5, 6, 7, 8, 9, 10, 11, 12, 13, 14, 15, 16, 17, 18, 19, 20, 21, 22, 23, 24, 25, 26]
Site names: ['r1', 'r2', 'r3', 'r4', 'r5', 'r6', 'r7', 'r8', 'r9', 'r10', 'r11', 'r12', 'r13', 'r14', 'r15', 'r16', 'r17', 'r18', 'r19', 'r20', 'r21', 'r22', 'r23', 'r24', 'r25', 'r26', 'r27']
Attempting to infer mapping between site names and prior keys...
{'r1': 0, 'r2': 1, 'r3': 2, 'r4': 3, 'r5': 4, 'r6': 5, 'r7': 6, 'r8': 7, 'r9': 8, 'r10': 9, 'r11': 10, 'r12': 11, 'r13': 12, 'r14': 13, 'r15': 14, 'r16': 15, 'r17': 16, 'r18': 17, 'r19': 18, 'r20': 19, 'r21': 20, 'r22': 21, 'r23': 22, 'r24': 23, 'r25': 24, 'r26': 25, 'r27': 26}
Optimizing branch lengths, phi, and nu without topology search
Optimization by EM algorithm
Optimization start with 1 initials
Initial point 1. Random seed: 4223
Numerical optimization started with ultrametric constraint (default)
Initial phi: 0. Initial nu: 0.26955655566205877. Initial nllh: 8967.616387830907
Starting EM iter: 1
Estep
Estep runtime (s): 0.06596708297729492
Mstep
Optimizing phi
Optimizing branch lengths. Current phi: 0. Current nu:0.26955655566205877
Optimizing nu
Mstep runtime (s): 0.20558905601501465
Finished EM iter: 1. Current nllh: 7515.020596915463
Starting EM iter: 2
Estep
Estep runtime (s): 0.08911275863647461
Mstep
Optimizing phi
Optimizing branch lengths. Current phi: 0. Current nu:0.27851565553809987
Optimizing nu
Mstep runtime (s): 0.19622182846069336
Finished EM iter: 2. Current nllh: 7483.145845970778
Starting EM iter: 3
Estep
Estep runtime (s): 0.08727288246154785
Mstep
Optimizing phi
Optimizing branch lengths. Current phi: 0. Current nu:0.2759274518568326
Optimizing nu
Mstep runtime (s): 0.19742679595947266
Finished EM iter: 3. Current nllh: 7479.674655795391
Starting EM iter: 4
Estep
Estep runtime (s): 0.08819985389709473
Mstep
Optimizing phi
Optimizing branch lengths. Current phi: 0. Current nu:0.2737709312851686
Optimizing nu
Mstep runtime (s): 0.19582176208496094
Finished EM iter: 4. Current nllh: 7479.3597988374695
Starting EM iter: 5
Estep
Estep runtime (s): 0.08694195747375488
Mstep
Optimizing phi
Optimizing branch lengths. Current phi: 0. Current nu:0.2729162110419711
Optimizing nu
Mstep runtime (s): 0.22791028022766113
Finished EM iter: 5. Current nllh: 7479.292714784476
Starting EM iter: 6
Estep
Estep runtime (s): 0.08678698539733887
Mstep
Optimizing phi
Optimizing branch lengths. Current phi: 0. Current nu:0.27262823792358465
Optimizing nu
Mstep runtime (s): 0.27874183654785156
Finished EM iter: 6. Current nllh: 7479.260770401486
Starting EM iter: 7
Estep
Estep runtime (s): 0.08829092979431152
Mstep
Optimizing phi
Optimizing branch lengths. Current phi: 0. Current nu:0.27253332908629424
Optimizing nu
Mstep runtime (s): 0.24399709701538086
Finished EM iter: 7. Current nllh: 7479.239806860082
Starting EM iter: 8
Estep
Estep runtime (s): 0.08710026741027832
Mstep
Optimizing phi
Optimizing branch lengths. Current phi: 0. Current nu:0.2725020535907992
Optimizing nu
Mstep runtime (s): 0.22639179229736328
Finished EM iter: 8. Current nllh: 7479.225304673417
Starting EM iter: 9
Estep
Estep runtime (s): 0.0870518684387207
Mstep
Optimizing phi
Optimizing branch lengths. Current phi: 0. Current nu:0.272490887191139
Optimizing nu
Mstep runtime (s): 0.2218160629272461
Finished EM iter: 9. Current nllh: 7479.214927092971
Starting EM iter: 10
Estep
Estep runtime (s): 0.08696413040161133
Mstep
Optimizing phi
Optimizing branch lengths. Current phi: 0. Current nu:0.27248661988540046
Optimizing nu
Mstep runtime (s): 0.2209160327911377
Finished EM iter: 10. Current nllh: 7479.207689327621
Starting EM iter: 11
Estep
Estep runtime (s): 0.0870978832244873
Mstep
Optimizing phi
Optimizing branch lengths. Current phi: 0. Current nu:0.27248457556406086
Optimizing nu
Mstep runtime (s): 0.2847020626068115
Finished EM iter: 11. Current nllh: 7479.207756715054
EM finished after 11 iterations.
Optimal phi: 0. Optimal nu: 0.2724795217084054. Optimal nllh: 7479.207756715054
Optimal point found for initial point 1
Numerical optimization finished successfully
Tree height pre-scaling: 0.7193798861114944, input timescale: 1.0
Tree height after scaling: 1.0, mutation rate: 0.7193798861114944
Tree height pre-scaling: 0.7193798861108174, input timescale: 1.0
Tree height after scaling: 1.0, mutation rate: 0.7193798861108174
Tree height pre-scaling: 0.7193798861279, input timescale: 1.0
Tree height after scaling: 0.9999999999999999, mutation rate: 0.7193798861279
Tree height pre-scaling: 0.719379886128235, input timescale: 1.0
Tree height after scaling: 0.9999999999999999, mutation rate: 0.719379886128235
Tree height pre-scaling: 0.719379886126221, input timescale: 1.0
Tree height after scaling: 1.0, mutation rate: 0.719379886126221
Tree height pre-scaling: 0.7193798861048832, input timescale: 1.0
Tree height after scaling: 1.0, mutation rate: 0.7193798861048832
Tree height pre-scaling: 0.7193798861103636, input timescale: 1.0
Tree height after scaling: 1.0, mutation rate: 0.7193798861103636
Tree height pre-scaling: 0.7193798861262943, input timescale: 1.0
Tree height after scaling: 1.0, mutation rate: 0.7193798861262943
Tree height pre-scaling: 0.7193798861081984, input timescale: 1.0
Tree height after scaling: 1.0000000000000002, mutation rate: 0.7193798861081984
Tree height pre-scaling: 0.7193798861202276, input timescale: 1.0
Tree height after scaling: 0.9999999999999998, mutation rate: 0.7193798861202276
Tree height pre-scaling: 0.7193798861052529, input timescale: 1.0
Tree height after scaling: 1.0, mutation rate: 0.7193798861052529
Tree height pre-scaling: 0.7193798861104783, input timescale: 1.0
Tree height after scaling: 1.0, mutation rate: 0.7193798861104783
Tree height pre-scaling: 0.7193798861923522, input timescale: 1.0
Tree height after scaling: 1.0, mutation rate: 0.7193798861923522
Runtime (s): 3.878548541
