Launching LAML version 0.0.4
LAML was called as follows: /Users/uym2/my_gits/LAML/run_laml.py -c ../../evaluation/Bar11/Bar11_character_matrix.txt -t place_outlier5/augmented_tree_241.nwk -o place_outlier5/augmented_tree_241_optimized -v -p ../../evaluation/Bar11/Bar11_priors.pickle --delimiter tab -m -1 --nInitials 1
Prior keys mismatch with site names.
Prior keys: [0, 1, 2, 3, 4, 5, 6, 7, 8, 9, 10, 11, 12, 13, 14, 15, 16, 17, 18, 19, 20, 21, 22, 23, 24, 25, 26]
Site names: ['r1', 'r2', 'r3', 'r4', 'r5', 'r6', 'r7', 'r8', 'r9', 'r10', 'r11', 'r12', 'r13', 'r14', 'r15', 'r16', 'r17', 'r18', 'r19', 'r20', 'r21', 'r22', 'r23', 'r24', 'r25', 'r26', 'r27']
Attempting to infer mapping between site names and prior keys...
{'r1': 0, 'r2': 1, 'r3': 2, 'r4': 3, 'r5': 4, 'r6': 5, 'r7': 6, 'r8': 7, 'r9': 8, 'r10': 9, 'r11': 10, 'r12': 11, 'r13': 12, 'r14': 13, 'r15': 14, 'r16': 15, 'r17': 16, 'r18': 17, 'r19': 18, 'r20': 19, 'r21': 20, 'r22': 21, 'r23': 22, 'r24': 23, 'r25': 24, 'r26': 25, 'r27': 26}
Optimizing branch lengths, phi, and nu without topology search
Optimization by EM algorithm
Optimization start with 1 initials
Initial point 1. Random seed: 9935
Numerical optimization started with ultrametric constraint (default)
Initial phi: 0. Initial nu: 0.26955655566205877. Initial nllh: 8898.280448789825
Starting EM iter: 1
Estep
Estep runtime (s): 0.06483888626098633
Mstep
Optimizing phi
Optimizing branch lengths. Current phi: 0. Current nu:0.26955655566205877
Optimizing nu
Mstep runtime (s): 0.27519917488098145
Finished EM iter: 1. Current nllh: 7604.838320497862
Starting EM iter: 2
Estep
Estep runtime (s): 0.08724188804626465
Mstep
Optimizing phi
Optimizing branch lengths. Current phi: 0. Current nu:0.28622227673174355
Optimizing nu
Mstep runtime (s): 0.197005033493042
Finished EM iter: 2. Current nllh: 7576.696557881367
Starting EM iter: 3
Estep
Estep runtime (s): 0.08890414237976074
Mstep
Optimizing phi
Optimizing branch lengths. Current phi: 0. Current nu:0.2861441923342933
Optimizing nu
Mstep runtime (s): 0.19878602027893066
Finished EM iter: 3. Current nllh: 7573.512728847888
Starting EM iter: 4
Estep
Estep runtime (s): 0.08777189254760742
Mstep
Optimizing phi
Optimizing branch lengths. Current phi: 0. Current nu:0.2844670784973355
Optimizing nu
Mstep runtime (s): 0.21111488342285156
Finished EM iter: 4. Current nllh: 7573.1503412487245
Starting EM iter: 5
Estep
Estep runtime (s): 0.08815693855285645
Mstep
Optimizing phi
Optimizing branch lengths. Current phi: 0. Current nu:0.2835497233859539
Optimizing nu
Mstep runtime (s): 0.23354506492614746
Finished EM iter: 5. Current nllh: 7573.105171782724
Starting EM iter: 6
Estep
Estep runtime (s): 0.0887751579284668
Mstep
Optimizing phi
Optimizing branch lengths. Current phi: 0. Current nu:0.28314430065498036
Optimizing nu
Mstep runtime (s): 0.21184825897216797
Finished EM iter: 6. Current nllh: 7573.096314662425
Starting EM iter: 7
Estep
Estep runtime (s): 0.08823895454406738
Mstep
Optimizing phi
Optimizing branch lengths. Current phi: 0. Current nu:0.2829718052103041
Optimizing nu
Mstep runtime (s): 0.20419096946716309
Finished EM iter: 7. Current nllh: 7573.093931652927
Starting EM iter: 8
Estep
Estep runtime (s): 0.08690881729125977
Mstep
Optimizing phi
Optimizing branch lengths. Current phi: 0. Current nu:0.2828971321703517
Optimizing nu
Mstep runtime (s): 0.24617695808410645
Finished EM iter: 8. Current nllh: 7573.092959862448
Starting EM iter: 9
Estep
Estep runtime (s): 0.08701896667480469
Mstep
Optimizing phi
Optimizing branch lengths. Current phi: 0. Current nu:0.28286455591087084
Optimizing nu
Mstep runtime (s): 0.2487039566040039
Finished EM iter: 9. Current nllh: 7573.092626062099
Starting EM iter: 10
Estep
Estep runtime (s): 0.0870051383972168
Mstep
Optimizing phi
Optimizing branch lengths. Current phi: 0. Current nu:0.28285023462398245
Optimizing nu
Mstep runtime (s): 0.22388124465942383
Finished EM iter: 10. Current nllh: 7573.09279968933
Starting EM iter: 11
Estep
Estep runtime (s): 0.0884699821472168
Mstep
Optimizing phi
Optimizing branch lengths. Current phi: 0. Current nu:0.28284282100792035
Optimizing nu
Mstep runtime (s): 0.22207379341125488
Finished EM iter: 11. Current nllh: 7573.092467805591
Starting EM iter: 12
Estep
Estep runtime (s): 0.08760595321655273
Mstep
Optimizing phi
Optimizing branch lengths. Current phi: 0. Current nu:0.28284025323037476
Optimizing nu
Mstep runtime (s): 0.2394571304321289
Finished EM iter: 12. Current nllh: 7573.092562338174
Starting EM iter: 13
Estep
Estep runtime (s): 0.09241390228271484
Mstep
Optimizing phi
Optimizing branch lengths. Current phi: 0. Current nu:0.2828378065375644
Optimizing nu
Mstep runtime (s): 0.22271728515625
Finished EM iter: 13. Current nllh: 7573.092508235892
EM finished after 13 iterations.
Optimal phi: 0. Optimal nu: 0.2828373083408772. Optimal nllh: 7573.092508235892
Optimal point found for initial point 1
Numerical optimization finished successfully
Tree height pre-scaling: 0.7174619332074097, input timescale: 1.0
Tree height after scaling: 1.0, mutation rate: 0.7174619332074097
Tree height pre-scaling: 0.717461929811422, input timescale: 1.0
Tree height after scaling: 1.0, mutation rate: 0.717461929811422
Tree height pre-scaling: 0.717462013393799, input timescale: 1.0
Tree height after scaling: 1.0, mutation rate: 0.717462013393799
Tree height pre-scaling: 0.7174619854133226, input timescale: 1.0
Tree height after scaling: 1.0, mutation rate: 0.7174619854133226
Tree height pre-scaling: 0.7174618991667867, input timescale: 1.0
Tree height after scaling: 0.9999999999999999, mutation rate: 0.7174618991667867
Tree height pre-scaling: 0.7174619296691598, input timescale: 1.0
Tree height after scaling: 1.0, mutation rate: 0.7174619296691598
Tree height pre-scaling: 0.7174620460447855, input timescale: 1.0
Tree height after scaling: 1.0, mutation rate: 0.7174620460447855
Tree height pre-scaling: 0.7174619135585293, input timescale: 1.0
Tree height after scaling: 1.0, mutation rate: 0.7174619135585293
Tree height pre-scaling: 0.7174619972874614, input timescale: 1.0
Tree height after scaling: 1.0, mutation rate: 0.7174619972874614
Tree height pre-scaling: 0.717461923471104, input timescale: 1.0
Tree height after scaling: 1.0, mutation rate: 0.717461923471104
Tree height pre-scaling: 0.7174618970983153, input timescale: 1.0
Tree height after scaling: 1.0, mutation rate: 0.7174618970983153
Tree height pre-scaling: 0.7174619609301851, input timescale: 1.0
Tree height after scaling: 0.9999999999999999, mutation rate: 0.7174619609301851
Tree height pre-scaling: 0.7174625646336334, input timescale: 1.0
Tree height after scaling: 1.0, mutation rate: 0.7174625646336334
Runtime (s): 4.556794042
