Launching LAML version 0.0.4
LAML was called as follows: /Users/uym2/my_gits/LAML/run_laml.py -c ../../evaluation/Bar11/Bar11_character_matrix.txt -t place_outlier5/augmented_tree_155.nwk -o place_outlier5/augmented_tree_155_optimized -v -p ../../evaluation/Bar11/Bar11_priors.pickle --delimiter tab -m -1 --nInitials 1
Prior keys mismatch with site names.
Prior keys: [0, 1, 2, 3, 4, 5, 6, 7, 8, 9, 10, 11, 12, 13, 14, 15, 16, 17, 18, 19, 20, 21, 22, 23, 24, 25, 26]
Site names: ['r1', 'r2', 'r3', 'r4', 'r5', 'r6', 'r7', 'r8', 'r9', 'r10', 'r11', 'r12', 'r13', 'r14', 'r15', 'r16', 'r17', 'r18', 'r19', 'r20', 'r21', 'r22', 'r23', 'r24', 'r25', 'r26', 'r27']
Attempting to infer mapping between site names and prior keys...
{'r1': 0, 'r2': 1, 'r3': 2, 'r4': 3, 'r5': 4, 'r6': 5, 'r7': 6, 'r8': 7, 'r9': 8, 'r10': 9, 'r11': 10, 'r12': 11, 'r13': 12, 'r14': 13, 'r15': 14, 'r16': 15, 'r17': 16, 'r18': 17, 'r19': 18, 'r20': 19, 'r21': 20, 'r22': 21, 'r23': 22, 'r24': 23, 'r25': 24, 'r26': 25, 'r27': 26}
Optimizing branch lengths, phi, and nu without topology search
Optimization by EM algorithm
Optimization start with 1 initials
Initial point 1. Random seed: 2459
Numerical optimization started with ultrametric constraint (default)
Initial phi: 0. Initial nu: 0.26955655566205877. Initial nllh: 8920.40703089741
Starting EM iter: 1
Estep
Estep runtime (s): 0.06361103057861328
Mstep
Optimizing phi
Optimizing branch lengths. Current phi: 0. Current nu:0.26955655566205877
Optimizing nu
Mstep runtime (s): 0.24496006965637207
Finished EM iter: 1. Current nllh: 7441.334175276401
Starting EM iter: 2
Estep
Estep runtime (s): 0.08588218688964844
Mstep
Optimizing phi
Optimizing branch lengths. Current phi: 0. Current nu:0.2802511915400845
Optimizing nu
Mstep runtime (s): 0.2121448516845703
Finished EM iter: 2. Current nllh: 7401.829705284868
Starting EM iter: 3
Estep
Estep runtime (s): 0.08617496490478516
Mstep
Optimizing phi
Optimizing branch lengths. Current phi: 0. Current nu:0.2770551638484501
Optimizing nu
Mstep runtime (s): 0.20296120643615723
Finished EM iter: 3. Current nllh: 7398.330160278201
Starting EM iter: 4
Estep
Estep runtime (s): 0.08574604988098145
Mstep
Optimizing phi
Optimizing branch lengths. Current phi: 0. Current nu:0.27452528434664425
Optimizing nu
Mstep runtime (s): 0.2210221290588379
Finished EM iter: 4. Current nllh: 7398.063397970238
Starting EM iter: 5
Estep
Estep runtime (s): 0.08581304550170898
Mstep
Optimizing phi
Optimizing branch lengths. Current phi: 0. Current nu:0.27349610989896905
Optimizing nu
Mstep runtime (s): 0.1891460418701172
Finished EM iter: 5. Current nllh: 7398.003224244757
Starting EM iter: 6
Estep
Estep runtime (s): 0.08677315711975098
Mstep
Optimizing phi
Optimizing branch lengths. Current phi: 0. Current nu:0.27314522045514117
Optimizing nu
Mstep runtime (s): 0.2008192539215088
Finished EM iter: 6. Current nllh: 7397.972828020251
Starting EM iter: 7
Estep
Estep runtime (s): 0.08713507652282715
Mstep
Optimizing phi
Optimizing branch lengths. Current phi: 0. Current nu:0.2730311182875532
Optimizing nu
Mstep runtime (s): 0.22296690940856934
Finished EM iter: 7. Current nllh: 7397.952471951856
Starting EM iter: 8
Estep
Estep runtime (s): 0.08594703674316406
Mstep
Optimizing phi
Optimizing branch lengths. Current phi: 0. Current nu:0.27299543332159226
Optimizing nu
Mstep runtime (s): 0.21358704566955566
Finished EM iter: 8. Current nllh: 7397.938263029771
Starting EM iter: 9
Estep
Estep runtime (s): 0.08590507507324219
Mstep
Optimizing phi
Optimizing branch lengths. Current phi: 0. Current nu:0.2729824183653404
Optimizing nu
Mstep runtime (s): 0.22579002380371094
Finished EM iter: 9. Current nllh: 7397.927914258472
Starting EM iter: 10
Estep
Estep runtime (s): 0.08602309226989746
Mstep
Optimizing phi
Optimizing branch lengths. Current phi: 0. Current nu:0.2729780285654123
Optimizing nu
Mstep runtime (s): 0.2070448398590088
Finished EM iter: 10. Current nllh: 7397.920916517324
Starting EM iter: 11
Estep
Estep runtime (s): 0.08657407760620117
Mstep
Optimizing phi
Optimizing branch lengths. Current phi: 0. Current nu:0.27297582893868316
Optimizing nu
Mstep runtime (s): 0.29629993438720703
Finished EM iter: 11. Current nllh: 7397.920829141285
Starting EM iter: 12
Estep
Estep runtime (s): 0.08610892295837402
Mstep
Optimizing phi
Optimizing branch lengths. Current phi: 0. Current nu:0.2729721987024223
Optimizing nu
Mstep runtime (s): 0.19812893867492676
Finished EM iter: 12. Current nllh: 7397.9210624499965
Starting EM iter: 13
Estep
Estep runtime (s): 0.08613705635070801
Mstep
Optimizing phi
Optimizing branch lengths. Current phi: 0. Current nu:0.2729696633364648
Optimizing nu
Mstep runtime (s): 0.2176828384399414
Finished EM iter: 13. Current nllh: 7397.921101469028
EM finished after 13 iterations.
Optimal phi: 0. Optimal nu: 0.2729684464521987. Optimal nllh: 7397.921101469028
Optimal point found for initial point 1
Numerical optimization finished successfully
Tree height pre-scaling: 0.7136148280775477, input timescale: 1.0
Tree height after scaling: 1.0, mutation rate: 0.7136148280775477
Tree height pre-scaling: 0.713614828078754, input timescale: 1.0
Tree height after scaling: 1.0, mutation rate: 0.713614828078754
Tree height pre-scaling: 0.7136148281051947, input timescale: 1.0
Tree height after scaling: 1.0, mutation rate: 0.7136148281051947
Tree height pre-scaling: 0.7136148281084446, input timescale: 1.0
Tree height after scaling: 1.0, mutation rate: 0.7136148281084446
Tree height pre-scaling: 0.7136148281052739, input timescale: 1.0
Tree height after scaling: 1.0, mutation rate: 0.7136148281052739
Tree height pre-scaling: 0.7136148280941501, input timescale: 1.0
Tree height after scaling: 1.0000000000000002, mutation rate: 0.7136148280941501
Tree height pre-scaling: 0.7136148280687554, input timescale: 1.0
Tree height after scaling: 0.9999999999999999, mutation rate: 0.7136148280687554
Tree height pre-scaling: 0.7136148280756376, input timescale: 1.0
Tree height after scaling: 1.0, mutation rate: 0.7136148280756376
Tree height pre-scaling: 0.7136148281112579, input timescale: 1.0
Tree height after scaling: 1.0, mutation rate: 0.7136148281112579
Tree height pre-scaling: 0.7136148280720636, input timescale: 1.0
Tree height after scaling: 1.0, mutation rate: 0.7136148280720636
Tree height pre-scaling: 0.7136148280972943, input timescale: 1.0
Tree height after scaling: 1.0, mutation rate: 0.7136148280972943
Tree height pre-scaling: 0.7136148280752715, input timescale: 1.0
Tree height after scaling: 0.9999999999999999, mutation rate: 0.7136148280752715
Tree height pre-scaling: 0.7136148280840839, input timescale: 1.0
Tree height after scaling: 1.0, mutation rate: 0.7136148280840839
Runtime (s): 4.431368
