Launching LAML version 0.0.4
LAML was called as follows: /Users/uym2/my_gits/LAML/run_laml.py -c ../../evaluation/Bar11/Bar11_character_matrix.txt -t place_outlier5/augmented_tree_295.nwk -o place_outlier5/augmented_tree_295_optimized -v -p ../../evaluation/Bar11/Bar11_priors.pickle --delimiter tab -m -1 --nInitials 1
Prior keys mismatch with site names.
Prior keys: [0, 1, 2, 3, 4, 5, 6, 7, 8, 9, 10, 11, 12, 13, 14, 15, 16, 17, 18, 19, 20, 21, 22, 23, 24, 25, 26]
Site names: ['r1', 'r2', 'r3', 'r4', 'r5', 'r6', 'r7', 'r8', 'r9', 'r10', 'r11', 'r12', 'r13', 'r14', 'r15', 'r16', 'r17', 'r18', 'r19', 'r20', 'r21', 'r22', 'r23', 'r24', 'r25', 'r26', 'r27']
Attempting to infer mapping between site names and prior keys...
{'r1': 0, 'r2': 1, 'r3': 2, 'r4': 3, 'r5': 4, 'r6': 5, 'r7': 6, 'r8': 7, 'r9': 8, 'r10': 9, 'r11': 10, 'r12': 11, 'r13': 12, 'r14': 13, 'r15': 14, 'r16': 15, 'r17': 16, 'r18': 17, 'r19': 18, 'r20': 19, 'r21': 20, 'r22': 21, 'r23': 22, 'r24': 23, 'r25': 24, 'r26': 25, 'r27': 26}
Optimizing branch lengths, phi, and nu without topology search
Optimization by EM algorithm
Optimization start with 1 initials
Initial point 1. Random seed: 5170
Numerical optimization started with ultrametric constraint (default)
Initial phi: 0. Initial nu: 0.26955655566205877. Initial nllh: 8795.21136216484
Starting EM iter: 1
Estep
Estep runtime (s): 0.0676569938659668
Mstep
Optimizing phi
Optimizing branch lengths. Current phi: 0. Current nu:0.26955655566205877
Optimizing nu
Mstep runtime (s): 0.2317061424255371
Finished EM iter: 1. Current nllh: 7417.727968508885
Starting EM iter: 2
Estep
Estep runtime (s): 0.09273600578308105
Mstep
Optimizing phi
Optimizing branch lengths. Current phi: 0. Current nu:0.2767018987636885
Optimizing nu
Mstep runtime (s): 0.2586700916290283
Finished EM iter: 2. Current nllh: 7400.2978939891345
Starting EM iter: 3
Estep
Estep runtime (s): 0.09191298484802246
Mstep
Optimizing phi
Optimizing branch lengths. Current phi: 0. Current nu:0.27539813849037503
Optimizing nu
Mstep runtime (s): 0.2019789218902588
Finished EM iter: 3. Current nllh: 7398.280627209667
Starting EM iter: 4
Estep
Estep runtime (s): 0.09247803688049316
Mstep
Optimizing phi
Optimizing branch lengths. Current phi: 0. Current nu:0.27406535253607295
Optimizing nu
Mstep runtime (s): 0.21326088905334473
Finished EM iter: 4. Current nllh: 7398.070771544344
Starting EM iter: 5
Estep
Estep runtime (s): 0.08748292922973633
Mstep
Optimizing phi
Optimizing branch lengths. Current phi: 0. Current nu:0.2733918220365439
Optimizing nu
Mstep runtime (s): 0.22035980224609375
Finished EM iter: 5. Current nllh: 7398.028440293979
Starting EM iter: 6
Estep
Estep runtime (s): 0.08935689926147461
Mstep
Optimizing phi
Optimizing branch lengths. Current phi: 0. Current nu:0.2731241421064462
Optimizing nu
Mstep runtime (s): 0.2277817726135254
Finished EM iter: 6. Current nllh: 7398.0116756762145
Starting EM iter: 7
Estep
Estep runtime (s): 0.09575390815734863
Mstep
Optimizing phi
Optimizing branch lengths. Current phi: 0. Current nu:0.2730244328746048
Optimizing nu
Mstep runtime (s): 0.22968006134033203
Finished EM iter: 7. Current nllh: 7398.001571957954
Starting EM iter: 8
Estep
Estep runtime (s): 0.09247422218322754
Mstep
Optimizing phi
Optimizing branch lengths. Current phi: 0. Current nu:0.2729877824244762
Optimizing nu
Mstep runtime (s): 0.19549989700317383
Finished EM iter: 8. Current nllh: 7397.997047540244
Starting EM iter: 9
Estep
Estep runtime (s): 0.09112095832824707
Mstep
Optimizing phi
Optimizing branch lengths. Current phi: 0. Current nu:0.27297171765432565
Optimizing nu
Mstep runtime (s): 0.20772480964660645
Finished EM iter: 9. Current nllh: 7397.997178672942
Starting EM iter: 10
Estep
Estep runtime (s): 0.09147071838378906
Mstep
Optimizing phi
Optimizing branch lengths. Current phi: 0. Current nu:0.2729630055324322
Optimizing nu
Mstep runtime (s): 0.2013561725616455
Finished EM iter: 10. Current nllh: 7397.997302675406
Starting EM iter: 11
Estep
Estep runtime (s): 0.08761811256408691
Mstep
Optimizing phi
Optimizing branch lengths. Current phi: 0. Current nu:0.27295982613013964
Optimizing nu
Mstep runtime (s): 0.22066569328308105
Finished EM iter: 11. Current nllh: 7397.997230628596
EM finished after 11 iterations.
Optimal phi: 0. Optimal nu: 0.2729590884035559. Optimal nllh: 7397.997230628596
Optimal point found for initial point 1
Numerical optimization finished successfully
Tree height pre-scaling: 0.7140810715465238, input timescale: 1.0
Tree height after scaling: 1.0, mutation rate: 0.7140810715465238
Tree height pre-scaling: 0.7140811672648674, input timescale: 1.0
Tree height after scaling: 1.0, mutation rate: 0.7140811672648674
Tree height pre-scaling: 0.7140810218172529, input timescale: 1.0
Tree height after scaling: 1.0, mutation rate: 0.7140810218172529
Tree height pre-scaling: 0.7140810658682816, input timescale: 1.0
Tree height after scaling: 0.9999999999999999, mutation rate: 0.7140810658682816
Tree height pre-scaling: 0.7140812658880074, input timescale: 1.0
Tree height after scaling: 1.0, mutation rate: 0.7140812658880074
Tree height pre-scaling: 0.7140810404202309, input timescale: 1.0
Tree height after scaling: 1.0, mutation rate: 0.7140810404202309
Tree height pre-scaling: 0.7140811855868239, input timescale: 1.0
Tree height after scaling: 1.0, mutation rate: 0.7140811855868239
Tree height pre-scaling: 0.7140810599482339, input timescale: 1.0
Tree height after scaling: 1.0, mutation rate: 0.7140810599482339
Tree height pre-scaling: 0.7140810121253636, input timescale: 1.0
Tree height after scaling: 1.0, mutation rate: 0.7140810121253636
Tree height pre-scaling: 0.7140811362350769, input timescale: 1.0
Tree height after scaling: 1.0, mutation rate: 0.7140811362350769
Tree height pre-scaling: 0.7140812173152572, input timescale: 1.0
Tree height after scaling: 1.0, mutation rate: 0.7140812173152572
Tree height pre-scaling: 0.7140811802503341, input timescale: 1.0
Tree height after scaling: 1.0, mutation rate: 0.7140811802503341
Tree height pre-scaling: 0.7140811833772271, input timescale: 1.0
Tree height after scaling: 1.0, mutation rate: 0.7140811833772271
Runtime (s): 3.841378875
