Launching LAML version 0.0.4
LAML was called as follows: /Users/uym2/my_gits/LAML/run_laml.py -c ../../evaluation/Bar11/Bar11_character_matrix.txt -t place_outlier5/augmented_tree_101.nwk -o place_outlier5/augmented_tree_101_optimized -v -p ../../evaluation/Bar11/Bar11_priors.pickle --delimiter tab -m -1 --nInitials 1
Prior keys mismatch with site names.
Prior keys: [0, 1, 2, 3, 4, 5, 6, 7, 8, 9, 10, 11, 12, 13, 14, 15, 16, 17, 18, 19, 20, 21, 22, 23, 24, 25, 26]
Site names: ['r1', 'r2', 'r3', 'r4', 'r5', 'r6', 'r7', 'r8', 'r9', 'r10', 'r11', 'r12', 'r13', 'r14', 'r15', 'r16', 'r17', 'r18', 'r19', 'r20', 'r21', 'r22', 'r23', 'r24', 'r25', 'r26', 'r27']
Attempting to infer mapping between site names and prior keys...
{'r1': 0, 'r2': 1, 'r3': 2, 'r4': 3, 'r5': 4, 'r6': 5, 'r7': 6, 'r8': 7, 'r9': 8, 'r10': 9, 'r11': 10, 'r12': 11, 'r13': 12, 'r14': 13, 'r15': 14, 'r16': 15, 'r17': 16, 'r18': 17, 'r19': 18, 'r20': 19, 'r21': 20, 'r22': 21, 'r23': 22, 'r24': 23, 'r25': 24, 'r26': 25, 'r27': 26}
Optimizing branch lengths, phi, and nu without topology search
Optimization by EM algorithm
Optimization start with 1 initials
Initial point 1. Random seed: 6539
Numerical optimization started with ultrametric constraint (default)
Initial phi: 0. Initial nu: 0.26955655566205877. Initial nllh: 8955.626591855495
Starting EM iter: 1
Estep
Estep runtime (s): 0.06466484069824219
Mstep
Optimizing phi
Optimizing branch lengths. Current phi: 0. Current nu:0.26955655566205877
Optimizing nu
Mstep runtime (s): 0.22780585289001465
Finished EM iter: 1. Current nllh: 7522.510683673641
Starting EM iter: 2
Estep
Estep runtime (s): 0.08962297439575195
Mstep
Optimizing phi
Optimizing branch lengths. Current phi: 0. Current nu:0.27585263979941105
Optimizing nu
Mstep runtime (s): 0.23000574111938477
Finished EM iter: 2. Current nllh: 7491.31211295702
Starting EM iter: 3
Estep
Estep runtime (s): 0.09284281730651855
Mstep
Optimizing phi
Optimizing branch lengths. Current phi: 0. Current nu:0.2727867740009606
Optimizing nu
Mstep runtime (s): 0.20148873329162598
Finished EM iter: 3. Current nllh: 7487.813893013524
Starting EM iter: 4
Estep
Estep runtime (s): 0.09078311920166016
Mstep
Optimizing phi
Optimizing branch lengths. Current phi: 0. Current nu:0.2705885056843445
Optimizing nu
Mstep runtime (s): 0.21728086471557617
Finished EM iter: 4. Current nllh: 7487.508867841561
Starting EM iter: 5
Estep
Estep runtime (s): 0.09119105339050293
Mstep
Optimizing phi
Optimizing branch lengths. Current phi: 0. Current nu:0.26970839897235765
Optimizing nu
Mstep runtime (s): 0.226057767868042
Finished EM iter: 5. Current nllh: 7487.439930859429
Starting EM iter: 6
Estep
Estep runtime (s): 0.09369492530822754
Mstep
Optimizing phi
Optimizing branch lengths. Current phi: 0. Current nu:0.2694021959015774
Optimizing nu
Mstep runtime (s): 0.24319720268249512
Finished EM iter: 6. Current nllh: 7487.406237449725
Starting EM iter: 7
Estep
Estep runtime (s): 0.09025120735168457
Mstep
Optimizing phi
Optimizing branch lengths. Current phi: 0. Current nu:0.2692971850535633
Optimizing nu
Mstep runtime (s): 0.23855900764465332
Finished EM iter: 7. Current nllh: 7487.384535873795
Starting EM iter: 8
Estep
Estep runtime (s): 0.08945202827453613
Mstep
Optimizing phi
Optimizing branch lengths. Current phi: 0. Current nu:0.2692593566965182
Optimizing nu
Mstep runtime (s): 0.19373679161071777
Finished EM iter: 8. Current nllh: 7487.369698344914
Starting EM iter: 9
Estep
Estep runtime (s): 0.08946514129638672
Mstep
Optimizing phi
Optimizing branch lengths. Current phi: 0. Current nu:0.26924546180732367
Optimizing nu
Mstep runtime (s): 0.20970892906188965
Finished EM iter: 9. Current nllh: 7487.359085990893
Starting EM iter: 10
Estep
Estep runtime (s): 0.08965301513671875
Mstep
Optimizing phi
Optimizing branch lengths. Current phi: 0. Current nu:0.2692394787407465
Optimizing nu
Mstep runtime (s): 0.21290111541748047
Finished EM iter: 10. Current nllh: 7487.351903325674
Starting EM iter: 11
Estep
Estep runtime (s): 0.08939099311828613
Mstep
Optimizing phi
Optimizing branch lengths. Current phi: 0. Current nu:0.26923641220099365
Optimizing nu
Mstep runtime (s): 0.21300816535949707
Finished EM iter: 11. Current nllh: 7487.351831307211
EM finished after 11 iterations.
Optimal phi: 0. Optimal nu: 0.2692307205808845. Optimal nllh: 7487.351831307211
Optimal point found for initial point 1
Numerical optimization finished successfully
Tree height pre-scaling: 0.7168070013571772, input timescale: 1.0
Tree height after scaling: 1.0, mutation rate: 0.7168070013571772
Tree height pre-scaling: 0.7168070030389104, input timescale: 1.0
Tree height after scaling: 1.0000000000000002, mutation rate: 0.7168070030389104
Tree height pre-scaling: 0.716807106372787, input timescale: 1.0
Tree height after scaling: 0.9999999999999998, mutation rate: 0.716807106372787
Tree height pre-scaling: 0.7168071165465125, input timescale: 1.0
Tree height after scaling: 1.0, mutation rate: 0.7168071165465125
Tree height pre-scaling: 0.7168071090941914, input timescale: 1.0
Tree height after scaling: 1.0, mutation rate: 0.7168071090941914
Tree height pre-scaling: 0.7168069608664693, input timescale: 1.0
Tree height after scaling: 1.0, mutation rate: 0.7168069608664693
Tree height pre-scaling: 0.7168069952096179, input timescale: 1.0
Tree height after scaling: 1.0, mutation rate: 0.7168069952096179
Tree height pre-scaling: 0.7168071080004514, input timescale: 1.0
Tree height after scaling: 1.0, mutation rate: 0.7168071080004514
Tree height pre-scaling: 0.7168069802076751, input timescale: 1.0
Tree height after scaling: 1.0, mutation rate: 0.7168069802076751
Tree height pre-scaling: 0.7168070663698862, input timescale: 1.0
Tree height after scaling: 1.0, mutation rate: 0.7168070663698862
Tree height pre-scaling: 0.7168069631020796, input timescale: 1.0
Tree height after scaling: 1.0, mutation rate: 0.7168069631020796
Tree height pre-scaling: 0.7168069961441226, input timescale: 1.0
Tree height after scaling: 1.0000000000000002, mutation rate: 0.7168069961441226
Tree height pre-scaling: 0.7168072771971418, input timescale: 1.0
Tree height after scaling: 1.0, mutation rate: 0.7168072771971418
Runtime (s): 3.8334182499999994
