Launching LAML version 0.0.4
LAML was called as follows: /Users/uym2/my_gits/LAML/run_laml.py -c ../../evaluation/Bar11/Bar11_character_matrix.txt -t place_outlier5/augmented_tree_334.nwk -o place_outlier5/augmented_tree_334_optimized -v -p ../../evaluation/Bar11/Bar11_priors.pickle --delimiter tab -m -1 --nInitials 1
Prior keys mismatch with site names.
Prior keys: [0, 1, 2, 3, 4, 5, 6, 7, 8, 9, 10, 11, 12, 13, 14, 15, 16, 17, 18, 19, 20, 21, 22, 23, 24, 25, 26]
Site names: ['r1', 'r2', 'r3', 'r4', 'r5', 'r6', 'r7', 'r8', 'r9', 'r10', 'r11', 'r12', 'r13', 'r14', 'r15', 'r16', 'r17', 'r18', 'r19', 'r20', 'r21', 'r22', 'r23', 'r24', 'r25', 'r26', 'r27']
Attempting to infer mapping between site names and prior keys...
{'r1': 0, 'r2': 1, 'r3': 2, 'r4': 3, 'r5': 4, 'r6': 5, 'r7': 6, 'r8': 7, 'r9': 8, 'r10': 9, 'r11': 10, 'r12': 11, 'r13': 12, 'r14': 13, 'r15': 14, 'r16': 15, 'r17': 16, 'r18': 17, 'r19': 18, 'r20': 19, 'r21': 20, 'r22': 21, 'r23': 22, 'r24': 23, 'r25': 24, 'r26': 25, 'r27': 26}
Optimizing branch lengths, phi, and nu without topology search
Optimization by EM algorithm
Optimization start with 1 initials
Initial point 1. Random seed: 8115
Numerical optimization started with ultrametric constraint (default)
Initial phi: 0. Initial nu: 0.26955655566205877. Initial nllh: 9112.820204022935
Starting EM iter: 1
Estep
Estep runtime (s): 0.06285810470581055
Mstep
Optimizing phi
Optimizing branch lengths. Current phi: 0. Current nu:0.26955655566205877
Optimizing nu
Mstep runtime (s): 0.21615099906921387
Finished EM iter: 1. Current nllh: 7437.115262240159
Starting EM iter: 2
Estep
Estep runtime (s): 0.08714604377746582
Mstep
Optimizing phi
Optimizing branch lengths. Current phi: 0. Current nu:0.2717784062151723
Optimizing nu
Mstep runtime (s): 0.21835803985595703
Finished EM iter: 2. Current nllh: 7423.482197689802
Starting EM iter: 3
Estep
Estep runtime (s): 0.08572173118591309
Mstep
Optimizing phi
Optimizing branch lengths. Current phi: 0. Current nu:0.2703909163058105
Optimizing nu
Mstep runtime (s): 0.21282100677490234
Finished EM iter: 3. Current nllh: 7421.870511030858
Starting EM iter: 4
Estep
Estep runtime (s): 0.08574318885803223
Mstep
Optimizing phi
Optimizing branch lengths. Current phi: 0. Current nu:0.2692801928169194
Optimizing nu
Mstep runtime (s): 0.22664284706115723
Finished EM iter: 4. Current nllh: 7421.569137621846
Starting EM iter: 5
Estep
Estep runtime (s): 0.09033989906311035
Mstep
Optimizing phi
Optimizing branch lengths. Current phi: 0. Current nu:0.2687282942174727
Optimizing nu
Mstep runtime (s): 0.2308969497680664
Finished EM iter: 5. Current nllh: 7421.464813659354
Starting EM iter: 6
Estep
Estep runtime (s): 0.08626484870910645
Mstep
Optimizing phi
Optimizing branch lengths. Current phi: 0. Current nu:0.2684904133168197
Optimizing nu
Mstep runtime (s): 0.23240303993225098
Finished EM iter: 6. Current nllh: 7421.424639148171
Starting EM iter: 7
Estep
Estep runtime (s): 0.0868539810180664
Mstep
Optimizing phi
Optimizing branch lengths. Current phi: 0. Current nu:0.2683881279143992
Optimizing nu
Mstep runtime (s): 0.23237395286560059
Finished EM iter: 7. Current nllh: 7421.399695967102
Starting EM iter: 8
Estep
Estep runtime (s): 0.08851194381713867
Mstep
Optimizing phi
Optimizing branch lengths. Current phi: 0. Current nu:0.26834642251792906
Optimizing nu
Mstep runtime (s): 0.27677202224731445
Finished EM iter: 8. Current nllh: 7421.382994670294
Starting EM iter: 9
Estep
Estep runtime (s): 0.0863962173461914
Mstep
Optimizing phi
Optimizing branch lengths. Current phi: 0. Current nu:0.26832836135573856
Optimizing nu
Mstep runtime (s): 0.22168803215026855
Finished EM iter: 9. Current nllh: 7421.371311728478
Starting EM iter: 10
Estep
Estep runtime (s): 0.08874630928039551
Mstep
Optimizing phi
Optimizing branch lengths. Current phi: 0. Current nu:0.26831999981694465
Optimizing nu
Mstep runtime (s): 0.2546961307525635
Finished EM iter: 10. Current nllh: 7421.36312360633
Starting EM iter: 11
Estep
Estep runtime (s): 0.0888359546661377
Mstep
Optimizing phi
Optimizing branch lengths. Current phi: 0. Current nu:0.2683159042601158
Optimizing nu
Mstep runtime (s): 0.20806288719177246
Finished EM iter: 11. Current nllh: 7421.362515266711
Starting EM iter: 12
Estep
Estep runtime (s): 0.08740615844726562
Mstep
Optimizing phi
Optimizing branch lengths. Current phi: 0. Current nu:0.26831020041819664
Optimizing nu
Mstep runtime (s): 0.2273101806640625
Finished EM iter: 12. Current nllh: 7421.362501141807
EM finished after 12 iterations.
Optimal phi: 0. Optimal nu: 0.26830748042008107. Optimal nllh: 7421.362501141807
Optimal point found for initial point 1
Numerical optimization finished successfully
Tree height pre-scaling: 0.7128890732720099, input timescale: 1.0
Tree height after scaling: 1.0, mutation rate: 0.7128890732720099
Tree height pre-scaling: 0.7128889566622204, input timescale: 1.0
Tree height after scaling: 1.0, mutation rate: 0.7128889566622204
Tree height pre-scaling: 0.7128890213469514, input timescale: 1.0
Tree height after scaling: 1.0, mutation rate: 0.7128890213469514
Tree height pre-scaling: 0.7128891464146001, input timescale: 1.0
Tree height after scaling: 1.0, mutation rate: 0.7128891464146001
Tree height pre-scaling: 0.7128889970177995, input timescale: 1.0
Tree height after scaling: 1.0, mutation rate: 0.7128889970177995
Tree height pre-scaling: 0.7128890898851079, input timescale: 1.0
Tree height after scaling: 1.0, mutation rate: 0.7128890898851079
Tree height pre-scaling: 0.7128890230479742, input timescale: 1.0
Tree height after scaling: 1.0, mutation rate: 0.7128890230479742
Tree height pre-scaling: 0.7128889703062844, input timescale: 1.0
Tree height after scaling: 1.0, mutation rate: 0.7128889703062844
Tree height pre-scaling: 0.7128890660306465, input timescale: 1.0
Tree height after scaling: 0.9999999999999999, mutation rate: 0.7128890660306465
Tree height pre-scaling: 0.7128891011275653, input timescale: 1.0
Tree height after scaling: 1.0, mutation rate: 0.7128891011275653
Tree height pre-scaling: 0.7128890826058567, input timescale: 1.0
Tree height after scaling: 1.0, mutation rate: 0.7128890826058567
Tree height pre-scaling: 0.7128890650280425, input timescale: 1.0
Tree height after scaling: 0.9999999999999999, mutation rate: 0.7128890650280425
Tree height pre-scaling: 0.7128890673019261, input timescale: 1.0
Tree height after scaling: 1.0, mutation rate: 0.7128890673019261
Runtime (s): 4.241952625
