Launching LAML version 0.0.4
LAML was called as follows: /Users/uym2/my_gits/LAML/run_laml.py -c ../../evaluation/Bar11/Bar11_character_matrix.txt -t place_outlier5/augmented_tree_223.nwk -o place_outlier5/augmented_tree_223_optimized -v -p ../../evaluation/Bar11/Bar11_priors.pickle --delimiter tab -m -1 --nInitials 1
Prior keys mismatch with site names.
Prior keys: [0, 1, 2, 3, 4, 5, 6, 7, 8, 9, 10, 11, 12, 13, 14, 15, 16, 17, 18, 19, 20, 21, 22, 23, 24, 25, 26]
Site names: ['r1', 'r2', 'r3', 'r4', 'r5', 'r6', 'r7', 'r8', 'r9', 'r10', 'r11', 'r12', 'r13', 'r14', 'r15', 'r16', 'r17', 'r18', 'r19', 'r20', 'r21', 'r22', 'r23', 'r24', 'r25', 'r26', 'r27']
Attempting to infer mapping between site names and prior keys...
{'r1': 0, 'r2': 1, 'r3': 2, 'r4': 3, 'r5': 4, 'r6': 5, 'r7': 6, 'r8': 7, 'r9': 8, 'r10': 9, 'r11': 10, 'r12': 11, 'r13': 12, 'r14': 13, 'r15': 14, 'r16': 15, 'r17': 16, 'r18': 17, 'r19': 18, 'r20': 19, 'r21': 20, 'r22': 21, 'r23': 22, 'r24': 23, 'r25': 24, 'r26': 25, 'r27': 26}
Optimizing branch lengths, phi, and nu without topology search
Optimization by EM algorithm
Optimization start with 1 initials
Initial point 1. Random seed: 561
Numerical optimization started with ultrametric constraint (default)
Initial phi: 0. Initial nu: 0.26955655566205877. Initial nllh: 8790.15141216969
Starting EM iter: 1
Estep
Estep runtime (s): 0.06497406959533691
Mstep
Optimizing phi
Optimizing branch lengths. Current phi: 0. Current nu:0.26955655566205877
Optimizing nu
Mstep runtime (s): 0.22765588760375977
Finished EM iter: 1. Current nllh: 7434.997106118325
Starting EM iter: 2
Estep
Estep runtime (s): 0.08615994453430176
Mstep
Optimizing phi
Optimizing branch lengths. Current phi: 0. Current nu:0.28052479638903993
Optimizing nu
Mstep runtime (s): 0.19699406623840332
Finished EM iter: 2. Current nllh: 7402.548751568269
Starting EM iter: 3
Estep
Estep runtime (s): 0.08717513084411621
Mstep
Optimizing phi
Optimizing branch lengths. Current phi: 0. Current nu:0.2777836469534957
Optimizing nu
Mstep runtime (s): 0.20310282707214355
Finished EM iter: 3. Current nllh: 7398.510363373649
Starting EM iter: 4
Estep
Estep runtime (s): 0.08642292022705078
Mstep
Optimizing phi
Optimizing branch lengths. Current phi: 0. Current nu:0.27501801956389027
Optimizing nu
Mstep runtime (s): 0.18860602378845215
Finished EM iter: 4. Current nllh: 7398.101162260691
Starting EM iter: 5
Estep
Estep runtime (s): 0.08639788627624512
Mstep
Optimizing phi
Optimizing branch lengths. Current phi: 0. Current nu:0.2737704805510626
Optimizing nu
Mstep runtime (s): 0.19239497184753418
Finished EM iter: 5. Current nllh: 7398.015207750306
Starting EM iter: 6
Estep
Estep runtime (s): 0.08643937110900879
Mstep
Optimizing phi
Optimizing branch lengths. Current phi: 0. Current nu:0.27329512945929524
Optimizing nu
Mstep runtime (s): 0.18979978561401367
Finished EM iter: 6. Current nllh: 7397.976046102414
Starting EM iter: 7
Estep
Estep runtime (s): 0.08666801452636719
Mstep
Optimizing phi
Optimizing branch lengths. Current phi: 0. Current nu:0.2731157844617748
Optimizing nu
Mstep runtime (s): 0.20423293113708496
Finished EM iter: 7. Current nllh: 7397.952467264295
Starting EM iter: 8
Estep
Estep runtime (s): 0.08646607398986816
Mstep
Optimizing phi
Optimizing branch lengths. Current phi: 0. Current nu:0.2730460323276608
Optimizing nu
Mstep runtime (s): 0.189500093460083
Finished EM iter: 8. Current nllh: 7397.936765824556
Starting EM iter: 9
Estep
Estep runtime (s): 0.08647394180297852
Mstep
Optimizing phi
Optimizing branch lengths. Current phi: 0. Current nu:0.2730181040165412
Optimizing nu
Mstep runtime (s): 0.1967759132385254
Finished EM iter: 9. Current nllh: 7397.925837625456
Starting EM iter: 10
Estep
Estep runtime (s): 0.08665275573730469
Mstep
Optimizing phi
Optimizing branch lengths. Current phi: 0. Current nu:0.2730065784480554
Optimizing nu
Mstep runtime (s): 0.1898338794708252
Finished EM iter: 10. Current nllh: 7397.918590194135
Starting EM iter: 11
Estep
Estep runtime (s): 0.08659505844116211
Mstep
Optimizing phi
Optimizing branch lengths. Current phi: 0. Current nu:0.27300035554466767
Optimizing nu
Mstep runtime (s): 0.21203398704528809
Finished EM iter: 11. Current nllh: 7397.918541365261
EM finished after 11 iterations.
Optimal phi: 0. Optimal nu: 0.2729938804270676. Optimal nllh: 7397.918541365261
Optimal point found for initial point 1
Numerical optimization finished successfully
Tree height pre-scaling: 0.7135906113513324, input timescale: 1.0
Tree height after scaling: 1.0, mutation rate: 0.7135906113513324
Tree height pre-scaling: 0.7135906113578472, input timescale: 1.0
Tree height after scaling: 1.0, mutation rate: 0.7135906113578472
Tree height pre-scaling: 0.713590611691051, input timescale: 1.0
Tree height after scaling: 1.0, mutation rate: 0.713590611691051
Tree height pre-scaling: 0.7135906117128952, input timescale: 1.0
Tree height after scaling: 1.0, mutation rate: 0.7135906117128952
Tree height pre-scaling: 0.7135906115487366, input timescale: 1.0
Tree height after scaling: 0.9999999999999999, mutation rate: 0.7135906115487366
Tree height pre-scaling: 0.7135906112203829, input timescale: 1.0
Tree height after scaling: 1.0, mutation rate: 0.7135906112203829
Tree height pre-scaling: 0.7135906113434316, input timescale: 1.0
Tree height after scaling: 1.0, mutation rate: 0.7135906113434316
Tree height pre-scaling: 0.7135906117962132, input timescale: 1.0
Tree height after scaling: 0.9999999999999999, mutation rate: 0.7135906117962132
Tree height pre-scaling: 0.7135906112826673, input timescale: 1.0
Tree height after scaling: 1.0, mutation rate: 0.7135906112826673
Tree height pre-scaling: 0.713590611606241, input timescale: 1.0
Tree height after scaling: 1.0, mutation rate: 0.713590611606241
Tree height pre-scaling: 0.7135906113330637, input timescale: 1.0
Tree height after scaling: 1.0, mutation rate: 0.7135906113330637
Tree height pre-scaling: 0.7135906112128654, input timescale: 1.0
Tree height after scaling: 1.0, mutation rate: 0.7135906112128654
Tree height pre-scaling: 0.7135906119476656, input timescale: 1.0
Tree height after scaling: 1.0, mutation rate: 0.7135906119476656
Runtime (s): 3.562037791
