Launching LAML version 0.0.4
LAML was called as follows: /Users/uym2/my_gits/LAML/run_laml.py -c ../../evaluation/Bar11/Bar11_character_matrix.txt -t place_outlier5/augmented_tree_288.nwk -o place_outlier5/augmented_tree_288_optimized -v -p ../../evaluation/Bar11/Bar11_priors.pickle --delimiter tab -m -1 --nInitials 1
Prior keys mismatch with site names.
Prior keys: [0, 1, 2, 3, 4, 5, 6, 7, 8, 9, 10, 11, 12, 13, 14, 15, 16, 17, 18, 19, 20, 21, 22, 23, 24, 25, 26]
Site names: ['r1', 'r2', 'r3', 'r4', 'r5', 'r6', 'r7', 'r8', 'r9', 'r10', 'r11', 'r12', 'r13', 'r14', 'r15', 'r16', 'r17', 'r18', 'r19', 'r20', 'r21', 'r22', 'r23', 'r24', 'r25', 'r26', 'r27']
Attempting to infer mapping between site names and prior keys...
{'r1': 0, 'r2': 1, 'r3': 2, 'r4': 3, 'r5': 4, 'r6': 5, 'r7': 6, 'r8': 7, 'r9': 8, 'r10': 9, 'r11': 10, 'r12': 11, 'r13': 12, 'r14': 13, 'r15': 14, 'r16': 15, 'r17': 16, 'r18': 17, 'r19': 18, 'r20': 19, 'r21': 20, 'r22': 21, 'r23': 22, 'r24': 23, 'r25': 24, 'r26': 25, 'r27': 26}
Optimizing branch lengths, phi, and nu without topology search
Optimization by EM algorithm
Optimization start with 1 initials
Initial point 1. Random seed: 4833
Numerical optimization started with ultrametric constraint (default)
Initial phi: 0. Initial nu: 0.26955655566205877. Initial nllh: 8874.724605908783
Starting EM iter: 1
Estep
Estep runtime (s): 0.06717300415039062
Mstep
Optimizing phi
Optimizing branch lengths. Current phi: 0. Current nu:0.26955655566205877
Optimizing nu
Mstep runtime (s): 0.24580693244934082
Finished EM iter: 1. Current nllh: 7514.326219109948
Starting EM iter: 2
Estep
Estep runtime (s): 0.08950304985046387
Mstep
Optimizing phi
Optimizing branch lengths. Current phi: 0. Current nu:0.28550181939713265
Optimizing nu
Mstep runtime (s): 0.23220396041870117
Finished EM iter: 2. Current nllh: 7479.155772852423
Starting EM iter: 3
Estep
Estep runtime (s): 0.09342622756958008
Mstep
Optimizing phi
Optimizing branch lengths. Current phi: 0. Current nu:0.28579458828206344
Optimizing nu
Mstep runtime (s): 0.2329699993133545
Finished EM iter: 3. Current nllh: 7475.358393034219
Starting EM iter: 4
Estep
Estep runtime (s): 0.08781313896179199
Mstep
Optimizing phi
Optimizing branch lengths. Current phi: 0. Current nu:0.28393392633852216
Optimizing nu
Mstep runtime (s): 0.20304012298583984
Finished EM iter: 4. Current nllh: 7474.963476918644
Starting EM iter: 5
Estep
Estep runtime (s): 0.08834624290466309
Mstep
Optimizing phi
Optimizing branch lengths. Current phi: 0. Current nu:0.2828955210827173
Optimizing nu
Mstep runtime (s): 0.21493887901306152
Finished EM iter: 5. Current nllh: 7474.875792369341
Starting EM iter: 6
Estep
Estep runtime (s): 0.09218502044677734
Mstep
Optimizing phi
Optimizing branch lengths. Current phi: 0. Current nu:0.2824777811889441
Optimizing nu
Mstep runtime (s): 0.2080540657043457
Finished EM iter: 6. Current nllh: 7474.844610824688
Starting EM iter: 7
Estep
Estep runtime (s): 0.0926520824432373
Mstep
Optimizing phi
Optimizing branch lengths. Current phi: 0. Current nu:0.2823210769469537
Optimizing nu
Mstep runtime (s): 0.20400786399841309
Finished EM iter: 7. Current nllh: 7474.824065091426
Starting EM iter: 8
Estep
Estep runtime (s): 0.09344482421875
Mstep
Optimizing phi
Optimizing branch lengths. Current phi: 0. Current nu:0.2822653835547416
Optimizing nu
Mstep runtime (s): 0.20824980735778809
Finished EM iter: 8. Current nllh: 7474.809554034206
Starting EM iter: 9
Estep
Estep runtime (s): 0.0933530330657959
Mstep
Optimizing phi
Optimizing branch lengths. Current phi: 0. Current nu:0.282244745812381
Optimizing nu
Mstep runtime (s): 0.2051558494567871
Finished EM iter: 9. Current nllh: 7474.799122263634
Starting EM iter: 10
Estep
Estep runtime (s): 0.09118103981018066
Mstep
Optimizing phi
Optimizing branch lengths. Current phi: 0. Current nu:0.2822371294912333
Optimizing nu
Mstep runtime (s): 0.2013838291168213
Finished EM iter: 10. Current nllh: 7474.791619863122
Starting EM iter: 11
Estep
Estep runtime (s): 0.08823013305664062
Mstep
Optimizing phi
Optimizing branch lengths. Current phi: 0. Current nu:0.28223333194010697
Optimizing nu
Mstep runtime (s): 0.2297990322113037
Finished EM iter: 11. Current nllh: 7474.791678207705
EM finished after 11 iterations.
Optimal phi: 0. Optimal nu: 0.28222769921487045. Optimal nllh: 7474.791678207705
Optimal point found for initial point 1
Numerical optimization finished successfully
Tree height pre-scaling: 0.718632625329477, input timescale: 1.0
Tree height after scaling: 1.0, mutation rate: 0.718632625329477
Tree height pre-scaling: 0.7186326253128957, input timescale: 1.0
Tree height after scaling: 1.0, mutation rate: 0.7186326253128957
Tree height pre-scaling: 0.7186326254427109, input timescale: 1.0
Tree height after scaling: 1.0, mutation rate: 0.7186326254427109
Tree height pre-scaling: 0.7186326252478028, input timescale: 1.0
Tree height after scaling: 1.0, mutation rate: 0.7186326252478028
Tree height pre-scaling: 0.7186326253155177, input timescale: 1.0
Tree height after scaling: 1.0, mutation rate: 0.7186326253155177
Tree height pre-scaling: 0.7186326255810187, input timescale: 1.0
Tree height after scaling: 1.0, mutation rate: 0.7186326255810187
Tree height pre-scaling: 0.7186326252780351, input timescale: 1.0
Tree height after scaling: 1.0, mutation rate: 0.7186326252780351
Tree height pre-scaling: 0.7186326254617363, input timescale: 1.0
Tree height after scaling: 1.0, mutation rate: 0.7186326254617363
Tree height pre-scaling: 0.7186326253074766, input timescale: 1.0
Tree height after scaling: 1.0000000000000002, mutation rate: 0.7186326253074766
Tree height pre-scaling: 0.7186326252366044, input timescale: 1.0
Tree height after scaling: 1.0, mutation rate: 0.7186326252366044
Tree height pre-scaling: 0.718632625377804, input timescale: 1.0
Tree height after scaling: 1.0, mutation rate: 0.718632625377804
Tree height pre-scaling: 0.7186326254919078, input timescale: 1.0
Tree height after scaling: 1.0000000000000002, mutation rate: 0.7186326254919078
Tree height pre-scaling: 0.7186326264278491, input timescale: 1.0
Tree height after scaling: 1.0, mutation rate: 0.7186326264278491
Runtime (s): 3.824381625
