Launching LAML version 0.0.4
LAML was called as follows: /Users/uym2/my_gits/LAML/run_laml.py -c ../../evaluation/Bar11/Bar11_character_matrix.txt -t place_outlier9/augmented_tree_61.nwk -o place_outlier9/augmented_tree_61_optimized -v -p ../../evaluation/Bar11/Bar11_priors.pickle --delimiter tab -m -1 --nInitials 1
Prior keys mismatch with site names.
Prior keys: [0, 1, 2, 3, 4, 5, 6, 7, 8, 9, 10, 11, 12, 13, 14, 15, 16, 17, 18, 19, 20, 21, 22, 23, 24, 25, 26]
Site names: ['r1', 'r2', 'r3', 'r4', 'r5', 'r6', 'r7', 'r8', 'r9', 'r10', 'r11', 'r12', 'r13', 'r14', 'r15', 'r16', 'r17', 'r18', 'r19', 'r20', 'r21', 'r22', 'r23', 'r24', 'r25', 'r26', 'r27']
Attempting to infer mapping between site names and prior keys...
{'r1': 0, 'r2': 1, 'r3': 2, 'r4': 3, 'r5': 4, 'r6': 5, 'r7': 6, 'r8': 7, 'r9': 8, 'r10': 9, 'r11': 10, 'r12': 11, 'r13': 12, 'r14': 13, 'r15': 14, 'r16': 15, 'r17': 16, 'r18': 17, 'r19': 18, 'r20': 19, 'r21': 20, 'r22': 21, 'r23': 22, 'r24': 23, 'r25': 24, 'r26': 25, 'r27': 26}
Optimizing branch lengths, phi, and nu without topology search
Optimization by EM algorithm
Optimization start with 1 initials
Initial point 1. Random seed: 7247
Numerical optimization started with ultrametric constraint (default)
Initial phi: 0. Initial nu: 0.26955655566205877. Initial nllh: 9587.215198050411
Starting EM iter: 1
Estep
Estep runtime (s): 0.06928825378417969
Mstep
Optimizing phi
Optimizing branch lengths. Current phi: 0. Current nu:0.26955655566205877
Optimizing nu
Mstep runtime (s): 0.25623130798339844
Finished EM iter: 1. Current nllh: 8070.205285801861
Starting EM iter: 2
Estep
Estep runtime (s): 0.09237504005432129
Mstep
Optimizing phi
Optimizing branch lengths. Current phi: 0. Current nu:0.27724934962354897
Optimizing nu
Mstep runtime (s): 0.25575971603393555
Finished EM iter: 2. Current nllh: 8046.345323674923
Starting EM iter: 3
Estep
Estep runtime (s): 0.09313488006591797
Mstep
Optimizing phi
Optimizing branch lengths. Current phi: 0. Current nu:0.27522619066045934
Optimizing nu
Mstep runtime (s): 0.24644088745117188
Finished EM iter: 3. Current nllh: 8043.824025431808
Starting EM iter: 4
Estep
Estep runtime (s): 0.09263110160827637
Mstep
Optimizing phi
Optimizing branch lengths. Current phi: 0. Current nu:0.2737814013400168
Optimizing nu
Mstep runtime (s): 0.2551150321960449
Finished EM iter: 4. Current nllh: 8043.398857817515
Starting EM iter: 5
Estep
Estep runtime (s): 0.09328269958496094
Mstep
Optimizing phi
Optimizing branch lengths. Current phi: 0. Current nu:0.2731485366015257
Optimizing nu
Mstep runtime (s): 0.199753999710083
Finished EM iter: 5. Current nllh: 8043.291851814693
Starting EM iter: 6
Estep
Estep runtime (s): 0.09317612648010254
Mstep
Optimizing phi
Optimizing branch lengths. Current phi: 0. Current nu:0.27290091249154835
Optimizing nu
Mstep runtime (s): 0.23726272583007812
Finished EM iter: 6. Current nllh: 8043.252443046697
Starting EM iter: 7
Estep
Estep runtime (s): 0.09325003623962402
Mstep
Optimizing phi
Optimizing branch lengths. Current phi: 0. Current nu:0.2728041282413312
Optimizing nu
Mstep runtime (s): 0.20907902717590332
Finished EM iter: 7. Current nllh: 8043.228116889359
Starting EM iter: 8
Estep
Estep runtime (s): 0.09250617027282715
Mstep
Optimizing phi
Optimizing branch lengths. Current phi: 0. Current nu:0.2727675231948553
Optimizing nu
Mstep runtime (s): 0.22524595260620117
Finished EM iter: 8. Current nllh: 8043.21174790766
Starting EM iter: 9
Estep
Estep runtime (s): 0.09509778022766113
Mstep
Optimizing phi
Optimizing branch lengths. Current phi: 0. Current nu:0.27275230422788227
Optimizing nu
Mstep runtime (s): 0.24057817459106445
Finished EM iter: 9. Current nllh: 8043.200288987093
Starting EM iter: 10
Estep
Estep runtime (s): 0.09300994873046875
Mstep
Optimizing phi
Optimizing branch lengths. Current phi: 0. Current nu:0.27274576798613487
Optimizing nu
Mstep runtime (s): 0.20965075492858887
Finished EM iter: 10. Current nllh: 8043.192146352591
Starting EM iter: 11
Estep
Estep runtime (s): 0.0932149887084961
Mstep
Optimizing phi
Optimizing branch lengths. Current phi: 0. Current nu:0.272742527259162
Optimizing nu
Mstep runtime (s): 0.24058794975280762
Finished EM iter: 11. Current nllh: 8043.1913507224635
Starting EM iter: 12
Estep
Estep runtime (s): 0.0930638313293457
Mstep
Optimizing phi
Optimizing branch lengths. Current phi: 0. Current nu:0.2727371852783436
Optimizing nu
Mstep runtime (s): 0.20894098281860352
Finished EM iter: 12. Current nllh: 8043.191524111165
Starting EM iter: 13
Estep
Estep runtime (s): 0.09196066856384277
Mstep
Optimizing phi
Optimizing branch lengths. Current phi: 0. Current nu:0.27273481169149677
Optimizing nu
Mstep runtime (s): 0.21888494491577148
Finished EM iter: 13. Current nllh: 8043.191565991311
EM finished after 13 iterations.
Optimal phi: 0. Optimal nu: 0.2727336849367165. Optimal nllh: 8043.191565991311
Optimal point found for initial point 1
Numerical optimization finished successfully
Tree height pre-scaling: 0.7139825654936318, input timescale: 1.0
Tree height after scaling: 1.0, mutation rate: 0.7139825654936318
Tree height pre-scaling: 0.7139825651753879, input timescale: 1.0
Tree height after scaling: 1.0, mutation rate: 0.7139825651753879
Tree height pre-scaling: 0.713982565739557, input timescale: 1.0
Tree height after scaling: 0.9999999999999999, mutation rate: 0.713982565739557
Tree height pre-scaling: 0.7139825654463788, input timescale: 1.0
Tree height after scaling: 1.0, mutation rate: 0.7139825654463788
Tree height pre-scaling: 0.713982564998346, input timescale: 1.0
Tree height after scaling: 0.9999999999999998, mutation rate: 0.713982564998346
Tree height pre-scaling: 0.713982565264836, input timescale: 1.0
Tree height after scaling: 1.0, mutation rate: 0.713982565264836
Tree height pre-scaling: 0.7139825662321739, input timescale: 1.0
Tree height after scaling: 1.0, mutation rate: 0.7139825662321739
Tree height pre-scaling: 0.7139825650667314, input timescale: 1.0
Tree height after scaling: 1.0, mutation rate: 0.7139825650667314
Tree height pre-scaling: 0.7139825657036821, input timescale: 1.0
Tree height after scaling: 1.0, mutation rate: 0.7139825657036821
Tree height pre-scaling: 0.7139825654717167, input timescale: 1.0
Tree height after scaling: 1.0, mutation rate: 0.7139825654717167
Tree height pre-scaling: 0.7139825660005186, input timescale: 1.0
Tree height after scaling: 1.0, mutation rate: 0.7139825660005186
Tree height pre-scaling: 0.7139825643528447, input timescale: 1.0
Tree height after scaling: 1.0, mutation rate: 0.7139825643528447
Tree height pre-scaling: 0.7139825652871943, input timescale: 1.0
Tree height after scaling: 1.0, mutation rate: 0.7139825652871943
Tree height pre-scaling: 0.7139825671515587, input timescale: 1.0
Tree height after scaling: 0.9999999999999999, mutation rate: 0.7139825671515587
Runtime (s): 4.703824584
