Launching LAML version 0.0.4
LAML was called as follows: /Users/uym2/my_gits/LAML/run_laml.py -c ../../evaluation/Bar11/Bar11_character_matrix.txt -t place_outlier9/augmented_tree_286.nwk -o place_outlier9/augmented_tree_286_optimized -v -p ../../evaluation/Bar11/Bar11_priors.pickle --delimiter tab -m -1 --nInitials 1
Prior keys mismatch with site names.
Prior keys: [0, 1, 2, 3, 4, 5, 6, 7, 8, 9, 10, 11, 12, 13, 14, 15, 16, 17, 18, 19, 20, 21, 22, 23, 24, 25, 26]
Site names: ['r1', 'r2', 'r3', 'r4', 'r5', 'r6', 'r7', 'r8', 'r9', 'r10', 'r11', 'r12', 'r13', 'r14', 'r15', 'r16', 'r17', 'r18', 'r19', 'r20', 'r21', 'r22', 'r23', 'r24', 'r25', 'r26', 'r27']
Attempting to infer mapping between site names and prior keys...
{'r1': 0, 'r2': 1, 'r3': 2, 'r4': 3, 'r5': 4, 'r6': 5, 'r7': 6, 'r8': 7, 'r9': 8, 'r10': 9, 'r11': 10, 'r12': 11, 'r13': 12, 'r14': 13, 'r15': 14, 'r16': 15, 'r17': 16, 'r18': 17, 'r19': 18, 'r20': 19, 'r21': 20, 'r22': 21, 'r23': 22, 'r24': 23, 'r25': 24, 'r26': 25, 'r27': 26}
Optimizing branch lengths, phi, and nu without topology search
Optimization by EM algorithm
Optimization start with 1 initials
Initial point 1. Random seed: 7419
Numerical optimization started with ultrametric constraint (default)
Initial phi: 0. Initial nu: 0.26955655566205877. Initial nllh: 9705.916394030279
Starting EM iter: 1
Estep
Estep runtime (s): 0.0692911148071289
Mstep
Optimizing phi
Optimizing branch lengths. Current phi: 0. Current nu:0.26955655566205877
Optimizing nu
Mstep runtime (s): 0.2651991844177246
Finished EM iter: 1. Current nllh: 8157.450030491322
Starting EM iter: 2
Estep
Estep runtime (s): 0.09356093406677246
Mstep
Optimizing phi
Optimizing branch lengths. Current phi: 0. Current nu:0.2723583064640451
Optimizing nu
Mstep runtime (s): 0.2441260814666748
Finished EM iter: 2. Current nllh: 8132.899474644056
Starting EM iter: 3
Estep
Estep runtime (s): 0.09346508979797363
Mstep
Optimizing phi
Optimizing branch lengths. Current phi: 0. Current nu:0.2706711927652794
Optimizing nu
Mstep runtime (s): 0.2346351146697998
Finished EM iter: 3. Current nllh: 8128.438225846724
Starting EM iter: 4
Estep
Estep runtime (s): 0.09223294258117676
Mstep
Optimizing phi
Optimizing branch lengths. Current phi: 0. Current nu:0.2689610773562292
Optimizing nu
Mstep runtime (s): 0.20793509483337402
Finished EM iter: 4. Current nllh: 8127.7735036293525
Starting EM iter: 5
Estep
Estep runtime (s): 0.09257292747497559
Mstep
Optimizing phi
Optimizing branch lengths. Current phi: 0. Current nu:0.268090216845013
Optimizing nu
Mstep runtime (s): 0.21940398216247559
Finished EM iter: 5. Current nllh: 8127.685504558751
Starting EM iter: 6
Estep
Estep runtime (s): 0.09378480911254883
Mstep
Optimizing phi
Optimizing branch lengths. Current phi: 0. Current nu:0.26773517583647743
Optimizing nu
Mstep runtime (s): 0.20732688903808594
Finished EM iter: 6. Current nllh: 8127.658370435614
Starting EM iter: 7
Estep
Estep runtime (s): 0.09349608421325684
Mstep
Optimizing phi
Optimizing branch lengths. Current phi: 0. Current nu:0.267600220127227
Optimizing nu
Mstep runtime (s): 0.20711970329284668
Finished EM iter: 7. Current nllh: 8127.642756861153
Starting EM iter: 8
Estep
Estep runtime (s): 0.0939338207244873
Mstep
Optimizing phi
Optimizing branch lengths. Current phi: 0. Current nu:0.2675485865395444
Optimizing nu
Mstep runtime (s): 0.21070003509521484
Finished EM iter: 8. Current nllh: 8127.632095547525
Starting EM iter: 9
Estep
Estep runtime (s): 0.09400391578674316
Mstep
Optimizing phi
Optimizing branch lengths. Current phi: 0. Current nu:0.2675275626961682
Optimizing nu
Mstep runtime (s): 0.24339509010314941
Finished EM iter: 9. Current nllh: 8127.624681156301
Starting EM iter: 10
Estep
Estep runtime (s): 0.09362387657165527
Mstep
Optimizing phi
Optimizing branch lengths. Current phi: 0. Current nu:0.2675185574520868
Optimizing nu
Mstep runtime (s): 0.23883390426635742
Finished EM iter: 10. Current nllh: 8127.624727641501
EM finished after 10 iterations.
Optimal phi: 0. Optimal nu: 0.26751076333099455. Optimal nllh: 8127.624727641501
Optimal point found for initial point 1
Numerical optimization finished successfully
Tree height pre-scaling: 0.7160465189992916, input timescale: 1.0
Tree height after scaling: 1.0, mutation rate: 0.7160465189992916
Tree height pre-scaling: 0.7160464774979106, input timescale: 1.0
Tree height after scaling: 1.0, mutation rate: 0.7160464774979106
Tree height pre-scaling: 0.7160465525842045, input timescale: 1.0
Tree height after scaling: 1.0, mutation rate: 0.7160465525842045
Tree height pre-scaling: 0.7160465111123836, input timescale: 1.0
Tree height after scaling: 1.0, mutation rate: 0.7160465111123836
Tree height pre-scaling: 0.7160463666668234, input timescale: 1.0
Tree height after scaling: 1.0, mutation rate: 0.7160463666668234
Tree height pre-scaling: 0.7160464906485939, input timescale: 1.0
Tree height after scaling: 1.0, mutation rate: 0.7160464906485939
Tree height pre-scaling: 0.7160465433815247, input timescale: 1.0
Tree height after scaling: 1.0, mutation rate: 0.7160465433815247
Tree height pre-scaling: 0.7160466007897612, input timescale: 1.0
Tree height after scaling: 1.0000000000000002, mutation rate: 0.7160466007897612
Tree height pre-scaling: 0.7160466409140646, input timescale: 1.0
Tree height after scaling: 1.0, mutation rate: 0.7160466409140646
Tree height pre-scaling: 0.7160465201091183, input timescale: 1.0
Tree height after scaling: 1.0, mutation rate: 0.7160465201091183
Tree height pre-scaling: 0.7160464628750506, input timescale: 1.0
Tree height after scaling: 1.0, mutation rate: 0.7160464628750506
Tree height pre-scaling: 0.7160466353421624, input timescale: 1.0
Tree height after scaling: 1.0000000000000002, mutation rate: 0.7160466353421624
Tree height pre-scaling: 0.7160464823992295, input timescale: 1.0
Tree height after scaling: 1.0, mutation rate: 0.7160464823992295
Tree height pre-scaling: 0.7160465570042851, input timescale: 1.0
Tree height after scaling: 1.0, mutation rate: 0.7160465570042851
Runtime (s): 3.632076041
