Launching LAML version 0.0.4
LAML was called as follows: /Users/uym2/my_gits/LAML/run_laml.py -c ../../evaluation/Bar11/Bar11_character_matrix.txt -t place_outlier9/augmented_tree_90.nwk -o place_outlier9/augmented_tree_90_optimized -v -p ../../evaluation/Bar11/Bar11_priors.pickle --delimiter tab -m -1 --nInitials 1
Prior keys mismatch with site names.
Prior keys: [0, 1, 2, 3, 4, 5, 6, 7, 8, 9, 10, 11, 12, 13, 14, 15, 16, 17, 18, 19, 20, 21, 22, 23, 24, 25, 26]
Site names: ['r1', 'r2', 'r3', 'r4', 'r5', 'r6', 'r7', 'r8', 'r9', 'r10', 'r11', 'r12', 'r13', 'r14', 'r15', 'r16', 'r17', 'r18', 'r19', 'r20', 'r21', 'r22', 'r23', 'r24', 'r25', 'r26', 'r27']
Attempting to infer mapping between site names and prior keys...
{'r1': 0, 'r2': 1, 'r3': 2, 'r4': 3, 'r5': 4, 'r6': 5, 'r7': 6, 'r8': 7, 'r9': 8, 'r10': 9, 'r11': 10, 'r12': 11, 'r13': 12, 'r14': 13, 'r15': 14, 'r16': 15, 'r17': 16, 'r18': 17, 'r19': 18, 'r20': 19, 'r21': 20, 'r22': 21, 'r23': 22, 'r24': 23, 'r25': 24, 'r26': 25, 'r27': 26}
Optimizing branch lengths, phi, and nu without topology search
Optimization by EM algorithm
Optimization start with 1 initials
Initial point 1. Random seed: 6004
Numerical optimization started with ultrametric constraint (default)
Initial phi: 0. Initial nu: 0.26955655566205877. Initial nllh: 9511.907303728385
Starting EM iter: 1
Estep
Estep runtime (s): 0.0684652328491211
Mstep
Optimizing phi
Optimizing branch lengths. Current phi: 0. Current nu:0.26955655566205877
Optimizing nu
Mstep runtime (s): 0.2559831142425537
Finished EM iter: 1. Current nllh: 8042.340540668411
Starting EM iter: 2
Estep
Estep runtime (s): 0.09192395210266113
Mstep
Optimizing phi
Optimizing branch lengths. Current phi: 0. Current nu:0.2770327884305681
Optimizing nu
Mstep runtime (s): 0.2268209457397461
Finished EM iter: 2. Current nllh: 8019.889177817247
Starting EM iter: 3
Estep
Estep runtime (s): 0.09177517890930176
Mstep
Optimizing phi
Optimizing branch lengths. Current phi: 0. Current nu:0.27541161734291947
Optimizing nu
Mstep runtime (s): 0.2168290615081787
Finished EM iter: 3. Current nllh: 8015.3972550216495
Starting EM iter: 4
Estep
Estep runtime (s): 0.09167194366455078
Mstep
Optimizing phi
Optimizing branch lengths. Current phi: 0. Current nu:0.27331432186817367
Optimizing nu
Mstep runtime (s): 0.23836278915405273
Finished EM iter: 4. Current nllh: 8014.39560037257
Starting EM iter: 5
Estep
Estep runtime (s): 0.09172987937927246
Mstep
Optimizing phi
Optimizing branch lengths. Current phi: 0. Current nu:0.27208236856823753
Optimizing nu
Mstep runtime (s): 0.2091667652130127
Finished EM iter: 5. Current nllh: 8014.163451053168
Starting EM iter: 6
Estep
Estep runtime (s): 0.09198617935180664
Mstep
Optimizing phi
Optimizing branch lengths. Current phi: 0. Current nu:0.27151486111550477
Optimizing nu
Mstep runtime (s): 0.23706698417663574
Finished EM iter: 6. Current nllh: 8014.110068082554
Starting EM iter: 7
Estep
Estep runtime (s): 0.09197592735290527
Mstep
Optimizing phi
Optimizing branch lengths. Current phi: 0. Current nu:0.27127218668003367
Optimizing nu
Mstep runtime (s): 0.21213316917419434
Finished EM iter: 7. Current nllh: 8014.082906051241
Starting EM iter: 8
Estep
Estep runtime (s): 0.09212207794189453
Mstep
Optimizing phi
Optimizing branch lengths. Current phi: 0. Current nu:0.2711764528246882
Optimizing nu
Mstep runtime (s): 0.22186493873596191
Finished EM iter: 8. Current nllh: 8014.065307486836
Starting EM iter: 9
Estep
Estep runtime (s): 0.0916910171508789
Mstep
Optimizing phi
Optimizing branch lengths. Current phi: 0. Current nu:0.2711395834883254
Optimizing nu
Mstep runtime (s): 0.22631597518920898
Finished EM iter: 9. Current nllh: 8014.053051353255
Starting EM iter: 10
Estep
Estep runtime (s): 0.09222292900085449
Mstep
Optimizing phi
Optimizing branch lengths. Current phi: 0. Current nu:0.2711247021969526
Optimizing nu
Mstep runtime (s): 0.2056121826171875
Finished EM iter: 10. Current nllh: 8014.044281899278
Starting EM iter: 11
Estep
Estep runtime (s): 0.09222102165222168
Mstep
Optimizing phi
Optimizing branch lengths. Current phi: 0. Current nu:0.2711182669325406
Optimizing nu
Mstep runtime (s): 0.23666095733642578
Finished EM iter: 11. Current nllh: 8014.042092739703
Starting EM iter: 12
Estep
Estep runtime (s): 0.09177088737487793
Mstep
Optimizing phi
Optimizing branch lengths. Current phi: 0. Current nu:0.2711126738960715
Optimizing nu
Mstep runtime (s): 0.2068188190460205
Finished EM iter: 12. Current nllh: 8014.042192560888
Starting EM iter: 13
Estep
Estep runtime (s): 0.09084391593933105
Mstep
Optimizing phi
Optimizing branch lengths. Current phi: 0. Current nu:0.2711089359157162
Optimizing nu
Mstep runtime (s): 0.2087090015411377
Finished EM iter: 13. Current nllh: 8014.042248369225
EM finished after 13 iterations.
Optimal phi: 0. Optimal nu: 0.27110800865544615. Optimal nllh: 8014.042248369225
Optimal point found for initial point 1
Numerical optimization finished successfully
Tree height pre-scaling: 0.712420216731621, input timescale: 1.0
Tree height after scaling: 1.0, mutation rate: 0.712420216731621
Tree height pre-scaling: 0.7124202165624683, input timescale: 1.0
Tree height after scaling: 1.0, mutation rate: 0.7124202165624683
Tree height pre-scaling: 0.7124202168682989, input timescale: 1.0
Tree height after scaling: 1.0, mutation rate: 0.7124202168682989
Tree height pre-scaling: 0.7124202167195962, input timescale: 1.0
Tree height after scaling: 1.0, mutation rate: 0.7124202167195962
Tree height pre-scaling: 0.7124202164692675, input timescale: 1.0
Tree height after scaling: 1.0, mutation rate: 0.7124202164692675
Tree height pre-scaling: 0.7124202165994646, input timescale: 1.0
Tree height after scaling: 1.0, mutation rate: 0.7124202165994646
Tree height pre-scaling: 0.712420217148499, input timescale: 1.0
Tree height after scaling: 1.0, mutation rate: 0.712420217148499
Tree height pre-scaling: 0.7124202165006044, input timescale: 1.0
Tree height after scaling: 0.9999999999999999, mutation rate: 0.7124202165006044
Tree height pre-scaling: 0.7124202168631435, input timescale: 1.0
Tree height after scaling: 1.0, mutation rate: 0.7124202168631435
Tree height pre-scaling: 0.7124202167532777, input timescale: 1.0
Tree height after scaling: 0.9999999999999999, mutation rate: 0.7124202167532777
Tree height pre-scaling: 0.7124202161189352, input timescale: 1.0
Tree height after scaling: 1.0, mutation rate: 0.7124202161189352
Tree height pre-scaling: 0.7124202166440492, input timescale: 1.0
Tree height after scaling: 1.0, mutation rate: 0.7124202166440492
Tree height pre-scaling: 0.7124202168534475, input timescale: 1.0
Tree height after scaling: 1.0, mutation rate: 0.7124202168534475
Tree height pre-scaling: 0.7124202170428406, input timescale: 1.0
Tree height after scaling: 1.0, mutation rate: 0.7124202170428406
Runtime (s): 4.587815166
