Launching LAML version 0.0.4
LAML was called as follows: /Users/uym2/my_gits/LAML/run_laml.py -c ../../evaluation/Bar11/Bar11_character_matrix.txt -t place_outlier9/augmented_tree_231.nwk -o place_outlier9/augmented_tree_231_optimized -v -p ../../evaluation/Bar11/Bar11_priors.pickle --delimiter tab -m -1 --nInitials 1
Prior keys mismatch with site names.
Prior keys: [0, 1, 2, 3, 4, 5, 6, 7, 8, 9, 10, 11, 12, 13, 14, 15, 16, 17, 18, 19, 20, 21, 22, 23, 24, 25, 26]
Site names: ['r1', 'r2', 'r3', 'r4', 'r5', 'r6', 'r7', 'r8', 'r9', 'r10', 'r11', 'r12', 'r13', 'r14', 'r15', 'r16', 'r17', 'r18', 'r19', 'r20', 'r21', 'r22', 'r23', 'r24', 'r25', 'r26', 'r27']
Attempting to infer mapping between site names and prior keys...
{'r1': 0, 'r2': 1, 'r3': 2, 'r4': 3, 'r5': 4, 'r6': 5, 'r7': 6, 'r8': 7, 'r9': 8, 'r10': 9, 'r11': 10, 'r12': 11, 'r13': 12, 'r14': 13, 'r15': 14, 'r16': 15, 'r17': 16, 'r18': 17, 'r19': 18, 'r20': 19, 'r21': 20, 'r22': 21, 'r23': 22, 'r24': 23, 'r25': 24, 'r26': 25, 'r27': 26}
Optimizing branch lengths, phi, and nu without topology search
Optimization by EM algorithm
Optimization start with 1 initials
Initial point 1. Random seed: 5930
Numerical optimization started with ultrametric constraint (default)
Initial phi: 0. Initial nu: 0.26955655566205877. Initial nllh: 9925.461656386811
Starting EM iter: 1
Estep
Estep runtime (s): 0.07286787033081055
Mstep
Optimizing phi
Optimizing branch lengths. Current phi: 0. Current nu:0.26955655566205877
Optimizing nu
Mstep runtime (s): 0.22082304954528809
Finished EM iter: 1. Current nllh: 8231.555587785724
Starting EM iter: 2
Estep
Estep runtime (s): 0.0959019660949707
Mstep
Optimizing phi
Optimizing branch lengths. Current phi: 0. Current nu:0.27479746978372716
Optimizing nu
Mstep runtime (s): 0.23760414123535156
Finished EM iter: 2. Current nllh: 8206.630979550278
Starting EM iter: 3
Estep
Estep runtime (s): 0.09555792808532715
Mstep
Optimizing phi
Optimizing branch lengths. Current phi: 0. Current nu:0.27432178722393247
Optimizing nu
Mstep runtime (s): 0.20438313484191895
Finished EM iter: 3. Current nllh: 8204.018104597015
Starting EM iter: 4
Estep
Estep runtime (s): 0.09615087509155273
Mstep
Optimizing phi
Optimizing branch lengths. Current phi: 0. Current nu:0.273245673309283
Optimizing nu
Mstep runtime (s): 0.22849416732788086
Finished EM iter: 4. Current nllh: 8203.688998833273
Starting EM iter: 5
Estep
Estep runtime (s): 0.09605193138122559
Mstep
Optimizing phi
Optimizing branch lengths. Current phi: 0. Current nu:0.27270901629393157
Optimizing nu
Mstep runtime (s): 0.24738597869873047
Finished EM iter: 5. Current nllh: 8203.624742923606
Starting EM iter: 6
Estep
Estep runtime (s): 0.09626436233520508
Mstep
Optimizing phi
Optimizing branch lengths. Current phi: 0. Current nu:0.2724905839930794
Optimizing nu
Mstep runtime (s): 0.22747015953063965
Finished EM iter: 6. Current nllh: 8203.604262065302
Starting EM iter: 7
Estep
Estep runtime (s): 0.09653282165527344
Mstep
Optimizing phi
Optimizing branch lengths. Current phi: 0. Current nu:0.27240833368968637
Optimizing nu
Mstep runtime (s): 0.25136804580688477
Finished EM iter: 7. Current nllh: 8203.592270984756
Starting EM iter: 8
Estep
Estep runtime (s): 0.09627413749694824
Mstep
Optimizing phi
Optimizing branch lengths. Current phi: 0. Current nu:0.27237457396917236
Optimizing nu
Mstep runtime (s): 0.21846508979797363
Finished EM iter: 8. Current nllh: 8203.58407000513
Starting EM iter: 9
Estep
Estep runtime (s): 0.09628629684448242
Mstep
Optimizing phi
Optimizing branch lengths. Current phi: 0. Current nu:0.27236401199812565
Optimizing nu
Mstep runtime (s): 0.2054917812347412
Finished EM iter: 9. Current nllh: 8203.582357862831
Starting EM iter: 10
Estep
Estep runtime (s): 0.09643292427062988
Mstep
Optimizing phi
Optimizing branch lengths. Current phi: 0. Current nu:0.27235581765617367
Optimizing nu
Mstep runtime (s): 0.21566295623779297
Finished EM iter: 10. Current nllh: 8203.582489182518
Starting EM iter: 11
Estep
Estep runtime (s): 0.09610128402709961
Mstep
Optimizing phi
Optimizing branch lengths. Current phi: 0. Current nu:0.27235119572038596
Optimizing nu
Mstep runtime (s): 0.1954660415649414
Finished EM iter: 11. Current nllh: 8203.582561787554
EM finished after 11 iterations.
Optimal phi: 0. Optimal nu: 0.27234980412884396. Optimal nllh: 8203.582561787554
Optimal point found for initial point 1
Numerical optimization finished successfully
Tree height pre-scaling: 0.7227923995324387, input timescale: 1.0
Tree height after scaling: 0.9999999999999999, mutation rate: 0.7227923995324387
Tree height pre-scaling: 0.7227923994096048, input timescale: 1.0
Tree height after scaling: 1.0, mutation rate: 0.7227923994096048
Tree height pre-scaling: 0.7227923996229162, input timescale: 1.0
Tree height after scaling: 1.0, mutation rate: 0.7227923996229162
Tree height pre-scaling: 0.7227923994860653, input timescale: 1.0
Tree height after scaling: 1.0, mutation rate: 0.7227923994860653
Tree height pre-scaling: 0.7227923993304236, input timescale: 1.0
Tree height after scaling: 0.9999999999999999, mutation rate: 0.7227923993304236
Tree height pre-scaling: 0.7227923994219183, input timescale: 1.0
Tree height after scaling: 1.0, mutation rate: 0.7227923994219183
Tree height pre-scaling: 0.7227923991040948, input timescale: 1.0
Tree height after scaling: 1.0, mutation rate: 0.7227923991040948
Tree height pre-scaling: 0.7227923994241408, input timescale: 1.0
Tree height after scaling: 1.0, mutation rate: 0.7227923994241408
Tree height pre-scaling: 0.7227923995878276, input timescale: 1.0
Tree height after scaling: 1.0, mutation rate: 0.7227923995878276
Tree height pre-scaling: 0.7227923997065955, input timescale: 1.0
Tree height after scaling: 0.9999999999999999, mutation rate: 0.7227923997065955
Tree height pre-scaling: 0.7227923998264392, input timescale: 1.0
Tree height after scaling: 1.0, mutation rate: 0.7227923998264392
Tree height pre-scaling: 0.7227923995197885, input timescale: 1.0
Tree height after scaling: 1.0, mutation rate: 0.7227923995197885
Tree height pre-scaling: 0.7227923993662728, input timescale: 1.0
Tree height after scaling: 1.0, mutation rate: 0.7227923993662728
Tree height pre-scaling: 0.7227924004911858, input timescale: 1.0
Tree height after scaling: 1.0, mutation rate: 0.7227924004911858
Runtime (s): 3.954546458
