Launching LAML version 0.0.4
LAML was called as follows: /Users/uym2/my_gits/LAML/run_laml.py -c ../../evaluation/Bar11/Bar11_character_matrix.txt -t place_outlier9/augmented_tree_240.nwk -o place_outlier9/augmented_tree_240_optimized -v -p ../../evaluation/Bar11/Bar11_priors.pickle --delimiter tab -m -1 --nInitials 1
Prior keys mismatch with site names.
Prior keys: [0, 1, 2, 3, 4, 5, 6, 7, 8, 9, 10, 11, 12, 13, 14, 15, 16, 17, 18, 19, 20, 21, 22, 23, 24, 25, 26]
Site names: ['r1', 'r2', 'r3', 'r4', 'r5', 'r6', 'r7', 'r8', 'r9', 'r10', 'r11', 'r12', 'r13', 'r14', 'r15', 'r16', 'r17', 'r18', 'r19', 'r20', 'r21', 'r22', 'r23', 'r24', 'r25', 'r26', 'r27']
Attempting to infer mapping between site names and prior keys...
{'r1': 0, 'r2': 1, 'r3': 2, 'r4': 3, 'r5': 4, 'r6': 5, 'r7': 6, 'r8': 7, 'r9': 8, 'r10': 9, 'r11': 10, 'r12': 11, 'r13': 12, 'r14': 13, 'r15': 14, 'r16': 15, 'r17': 16, 'r18': 17, 'r19': 18, 'r20': 19, 'r21': 20, 'r22': 21, 'r23': 22, 'r24': 23, 'r25': 24, 'r26': 25, 'r27': 26}
Optimizing branch lengths, phi, and nu without topology search
Optimization by EM algorithm
Optimization start with 1 initials
Initial point 1. Random seed: 6552
Numerical optimization started with ultrametric constraint (default)
Initial phi: 0. Initial nu: 0.26955655566205877. Initial nllh: 9858.51289164004
Starting EM iter: 1
Estep
Estep runtime (s): 0.06903195381164551
Mstep
Optimizing phi
Optimizing branch lengths. Current phi: 0. Current nu:0.26955655566205877
Optimizing nu
Mstep runtime (s): 0.24935221672058105
Finished EM iter: 1. Current nllh: 8137.543704244547
Starting EM iter: 2
Estep
Estep runtime (s): 0.09440779685974121
Mstep
Optimizing phi
Optimizing branch lengths. Current phi: 0. Current nu:0.27143068555022276
Optimizing nu
Mstep runtime (s): 0.2207019329071045
Finished EM iter: 2. Current nllh: 8116.665993166422
Starting EM iter: 3
Estep
Estep runtime (s): 0.09351396560668945
Mstep
Optimizing phi
Optimizing branch lengths. Current phi: 0. Current nu:0.26924409573331376
Optimizing nu
Mstep runtime (s): 0.20235085487365723
Finished EM iter: 3. Current nllh: 8114.619400251605
Starting EM iter: 4
Estep
Estep runtime (s): 0.09432315826416016
Mstep
Optimizing phi
Optimizing branch lengths. Current phi: 0. Current nu:0.2675902909594023
Optimizing nu
Mstep runtime (s): 0.21118497848510742
Finished EM iter: 4. Current nllh: 8114.355656636014
Starting EM iter: 5
Estep
Estep runtime (s): 0.0946052074432373
Mstep
Optimizing phi
Optimizing branch lengths. Current phi: 0. Current nu:0.2668567667893879
Optimizing nu
Mstep runtime (s): 0.20752906799316406
Finished EM iter: 5. Current nllh: 8114.296234710013
Starting EM iter: 6
Estep
Estep runtime (s): 0.09446382522583008
Mstep
Optimizing phi
Optimizing branch lengths. Current phi: 0. Current nu:0.2665659770594412
Optimizing nu
Mstep runtime (s): 0.208204984664917
Finished EM iter: 6. Current nllh: 8114.274457936612
Starting EM iter: 7
Estep
Estep runtime (s): 0.09456515312194824
Mstep
Optimizing phi
Optimizing branch lengths. Current phi: 0. Current nu:0.26645313831145206
Optimizing nu
Mstep runtime (s): 0.20762896537780762
Finished EM iter: 7. Current nllh: 8114.261371018175
Starting EM iter: 8
Estep
Estep runtime (s): 0.09439802169799805
Mstep
Optimizing phi
Optimizing branch lengths. Current phi: 0. Current nu:0.2664086019316227
Optimizing nu
Mstep runtime (s): 0.23055624961853027
Finished EM iter: 8. Current nllh: 8114.252592671113
Starting EM iter: 9
Estep
Estep runtime (s): 0.09354186058044434
Mstep
Optimizing phi
Optimizing branch lengths. Current phi: 0. Current nu:0.2663884920351737
Optimizing nu
Mstep runtime (s): 0.23108291625976562
Finished EM iter: 9. Current nllh: 8114.2512879836195
Starting EM iter: 10
Estep
Estep runtime (s): 0.09349513053894043
Mstep
Optimizing phi
Optimizing branch lengths. Current phi: 0. Current nu:0.2663761778640495
Optimizing nu
Mstep runtime (s): 0.22547507286071777
Finished EM iter: 10. Current nllh: 8114.251243374856
EM finished after 10 iterations.
Optimal phi: 0. Optimal nu: 0.2663724196611992. Optimal nllh: 8114.251243374856
Optimal point found for initial point 1
Numerical optimization finished successfully
Tree height pre-scaling: 0.7145876313212587, input timescale: 1.0
Tree height after scaling: 1.0, mutation rate: 0.7145876313212587
Tree height pre-scaling: 0.7145876311984023, input timescale: 1.0
Tree height after scaling: 1.0, mutation rate: 0.7145876311984023
Tree height pre-scaling: 0.7145876314205373, input timescale: 1.0
Tree height after scaling: 1.0000000000000002, mutation rate: 0.7145876314205373
Tree height pre-scaling: 0.7145876312978072, input timescale: 1.0
Tree height after scaling: 1.0, mutation rate: 0.7145876312978072
Tree height pre-scaling: 0.7145876311267896, input timescale: 1.0
Tree height after scaling: 1.0, mutation rate: 0.7145876311267896
Tree height pre-scaling: 0.7145876312140977, input timescale: 1.0
Tree height after scaling: 1.0, mutation rate: 0.7145876312140977
Tree height pre-scaling: 0.714587630881577, input timescale: 1.0
Tree height after scaling: 1.0, mutation rate: 0.714587630881577
Tree height pre-scaling: 0.7145876312473882, input timescale: 1.0
Tree height after scaling: 0.9999999999999998, mutation rate: 0.7145876312473882
Tree height pre-scaling: 0.7145876313800127, input timescale: 1.0
Tree height after scaling: 1.0, mutation rate: 0.7145876313800127
Tree height pre-scaling: 0.714587631554147, input timescale: 1.0
Tree height after scaling: 1.0, mutation rate: 0.714587631554147
Tree height pre-scaling: 0.7145876317026909, input timescale: 1.0
Tree height after scaling: 1.0, mutation rate: 0.7145876317026909
Tree height pre-scaling: 0.7145876313254089, input timescale: 1.0
Tree height after scaling: 1.0, mutation rate: 0.7145876313254089
Tree height pre-scaling: 0.7145876311519698, input timescale: 1.0
Tree height after scaling: 1.0, mutation rate: 0.7145876311519698
Tree height pre-scaling: 0.7145876315077084, input timescale: 1.0
Tree height after scaling: 1.0, mutation rate: 0.7145876315077084
Runtime (s): 3.559996458
