Launching LAML version 0.0.4
LAML was called as follows: /Users/uym2/my_gits/LAML/run_laml.py -c ../../evaluation/Bar11/Bar11_character_matrix.txt -t place_outlier9/augmented_tree_325.nwk -o place_outlier9/augmented_tree_325_optimized -v -p ../../evaluation/Bar11/Bar11_priors.pickle --delimiter tab -m -1 --nInitials 1
Prior keys mismatch with site names.
Prior keys: [0, 1, 2, 3, 4, 5, 6, 7, 8, 9, 10, 11, 12, 13, 14, 15, 16, 17, 18, 19, 20, 21, 22, 23, 24, 25, 26]
Site names: ['r1', 'r2', 'r3', 'r4', 'r5', 'r6', 'r7', 'r8', 'r9', 'r10', 'r11', 'r12', 'r13', 'r14', 'r15', 'r16', 'r17', 'r18', 'r19', 'r20', 'r21', 'r22', 'r23', 'r24', 'r25', 'r26', 'r27']
Attempting to infer mapping between site names and prior keys...
{'r1': 0, 'r2': 1, 'r3': 2, 'r4': 3, 'r5': 4, 'r6': 5, 'r7': 6, 'r8': 7, 'r9': 8, 'r10': 9, 'r11': 10, 'r12': 11, 'r13': 12, 'r14': 13, 'r15': 14, 'r16': 15, 'r17': 16, 'r18': 17, 'r19': 18, 'r20': 19, 'r21': 20, 'r22': 21, 'r23': 22, 'r24': 23, 'r25': 24, 'r26': 25, 'r27': 26}
Optimizing branch lengths, phi, and nu without topology search
Optimization by EM algorithm
Optimization start with 1 initials
Initial point 1. Random seed: 4894
Numerical optimization started with ultrametric constraint (default)
Initial phi: 0. Initial nu: 0.26955655566205877. Initial nllh: 9965.09725672126
Starting EM iter: 1
Estep
Estep runtime (s): 0.07214784622192383
Mstep
Optimizing phi
Optimizing branch lengths. Current phi: 0. Current nu:0.26955655566205877
Optimizing nu
Mstep runtime (s): 0.232374906539917
Finished EM iter: 1. Current nllh: 8094.432483782338
Starting EM iter: 2
Estep
Estep runtime (s): 0.09538388252258301
Mstep
Optimizing phi
Optimizing branch lengths. Current phi: 0. Current nu:0.27446043478756454
Optimizing nu
Mstep runtime (s): 0.22336506843566895
Finished EM iter: 2. Current nllh: 8063.0053457155
Starting EM iter: 3
Estep
Estep runtime (s): 0.09424495697021484
Mstep
Optimizing phi
Optimizing branch lengths. Current phi: 0. Current nu:0.27248822018132346
Optimizing nu
Mstep runtime (s): 0.2668731212615967
Finished EM iter: 3. Current nllh: 8058.424292933573
Starting EM iter: 4
Estep
Estep runtime (s): 0.0947408676147461
Mstep
Optimizing phi
Optimizing branch lengths. Current phi: 0. Current nu:0.27087799165797155
Optimizing nu
Mstep runtime (s): 0.22789812088012695
Finished EM iter: 4. Current nllh: 8057.854820260165
Starting EM iter: 5
Estep
Estep runtime (s): 0.09525394439697266
Mstep
Optimizing phi
Optimizing branch lengths. Current phi: 0. Current nu:0.27008028619684477
Optimizing nu
Mstep runtime (s): 0.2194371223449707
Finished EM iter: 5. Current nllh: 8057.749160133213
Starting EM iter: 6
Estep
Estep runtime (s): 0.0945737361907959
Mstep
Optimizing phi
Optimizing branch lengths. Current phi: 0. Current nu:0.2697934046355868
Optimizing nu
Mstep runtime (s): 0.21056890487670898
Finished EM iter: 6. Current nllh: 8057.708398405861
Starting EM iter: 7
Estep
Estep runtime (s): 0.09545493125915527
Mstep
Optimizing phi
Optimizing branch lengths. Current phi: 0. Current nu:0.26969516253773174
Optimizing nu
Mstep runtime (s): 0.21930694580078125
Finished EM iter: 7. Current nllh: 8057.685619208864
Starting EM iter: 8
Estep
Estep runtime (s): 0.09513998031616211
Mstep
Optimizing phi
Optimizing branch lengths. Current phi: 0. Current nu:0.2696610396767245
Optimizing nu
Mstep runtime (s): 0.2655019760131836
Finished EM iter: 8. Current nllh: 8057.670602102564
Starting EM iter: 9
Estep
Estep runtime (s): 0.09568285942077637
Mstep
Optimizing phi
Optimizing branch lengths. Current phi: 0. Current nu:0.2696479067426922
Optimizing nu
Mstep runtime (s): 0.21533679962158203
Finished EM iter: 9. Current nllh: 8057.660066483268
Starting EM iter: 10
Estep
Estep runtime (s): 0.09522104263305664
Mstep
Optimizing phi
Optimizing branch lengths. Current phi: 0. Current nu:0.2696428109306216
Optimizing nu
Mstep runtime (s): 0.21921896934509277
Finished EM iter: 10. Current nllh: 8057.653366697428
Starting EM iter: 11
Estep
Estep runtime (s): 0.09563112258911133
Mstep
Optimizing phi
Optimizing branch lengths. Current phi: 0. Current nu:0.269639823489211
Optimizing nu
Mstep runtime (s): 0.22685003280639648
Finished EM iter: 11. Current nllh: 8057.6534324787235
EM finished after 11 iterations.
Optimal phi: 0. Optimal nu: 0.2696349990258255. Optimal nllh: 8057.6534324787235
Optimal point found for initial point 1
Numerical optimization finished successfully
Tree height pre-scaling: 0.7093108327733149, input timescale: 1.0
Tree height after scaling: 1.0, mutation rate: 0.7093108327733149
Tree height pre-scaling: 0.7093108327657425, input timescale: 1.0
Tree height after scaling: 0.9999999999999999, mutation rate: 0.7093108327657425
Tree height pre-scaling: 0.7093108327800017, input timescale: 1.0
Tree height after scaling: 1.0, mutation rate: 0.7093108327800017
Tree height pre-scaling: 0.7093108327445292, input timescale: 1.0
Tree height after scaling: 1.0, mutation rate: 0.7093108327445292
Tree height pre-scaling: 0.7093108327694373, input timescale: 1.0
Tree height after scaling: 1.0, mutation rate: 0.7093108327694373
Tree height pre-scaling: 0.7093108327790765, input timescale: 1.0
Tree height after scaling: 1.0, mutation rate: 0.7093108327790765
Tree height pre-scaling: 0.7093108327924014, input timescale: 1.0
Tree height after scaling: 1.0, mutation rate: 0.7093108327924014
Tree height pre-scaling: 0.7093108327997187, input timescale: 1.0
Tree height after scaling: 1.0, mutation rate: 0.7093108327997187
Tree height pre-scaling: 0.7093108327739885, input timescale: 1.0
Tree height after scaling: 1.0, mutation rate: 0.7093108327739885
Tree height pre-scaling: 0.7093108327627156, input timescale: 1.0
Tree height after scaling: 1.0, mutation rate: 0.7093108327627156
Tree height pre-scaling: 0.7093108327973223, input timescale: 1.0
Tree height after scaling: 1.0, mutation rate: 0.7093108327973223
Tree height pre-scaling: 0.7093108327660852, input timescale: 1.0
Tree height after scaling: 1.0, mutation rate: 0.7093108327660852
Tree height pre-scaling: 0.7093108327689638, input timescale: 1.0
Tree height after scaling: 0.9999999999999998, mutation rate: 0.7093108327689638
Tree height pre-scaling: 0.709310832767952, input timescale: 1.0
Tree height after scaling: 0.9999999999999999, mutation rate: 0.709310832767952
Runtime (s): 4.0258975
