Launching LAML version 0.0.4
LAML was called as follows: /Users/uym2/my_gits/LAML/run_laml.py -c ../../evaluation/Bar11/Bar11_character_matrix.txt -t place_outlier9/augmented_tree_168.nwk -o place_outlier9/augmented_tree_168_optimized -v -p ../../evaluation/Bar11/Bar11_priors.pickle --delimiter tab -m -1 --nInitials 1
Prior keys mismatch with site names.
Prior keys: [0, 1, 2, 3, 4, 5, 6, 7, 8, 9, 10, 11, 12, 13, 14, 15, 16, 17, 18, 19, 20, 21, 22, 23, 24, 25, 26]
Site names: ['r1', 'r2', 'r3', 'r4', 'r5', 'r6', 'r7', 'r8', 'r9', 'r10', 'r11', 'r12', 'r13', 'r14', 'r15', 'r16', 'r17', 'r18', 'r19', 'r20', 'r21', 'r22', 'r23', 'r24', 'r25', 'r26', 'r27']
Attempting to infer mapping between site names and prior keys...
{'r1': 0, 'r2': 1, 'r3': 2, 'r4': 3, 'r5': 4, 'r6': 5, 'r7': 6, 'r8': 7, 'r9': 8, 'r10': 9, 'r11': 10, 'r12': 11, 'r13': 12, 'r14': 13, 'r15': 14, 'r16': 15, 'r17': 16, 'r18': 17, 'r19': 18, 'r20': 19, 'r21': 20, 'r22': 21, 'r23': 22, 'r24': 23, 'r25': 24, 'r26': 25, 'r27': 26}
Optimizing branch lengths, phi, and nu without topology search
Optimization by EM algorithm
Optimization start with 1 initials
Initial point 1. Random seed: 5711
Numerical optimization started with ultrametric constraint (default)
Initial phi: 0. Initial nu: 0.26955655566205877. Initial nllh: 10344.94671860059
Starting EM iter: 1
Estep
Estep runtime (s): 0.06860780715942383
Mstep
Optimizing phi
Optimizing branch lengths. Current phi: 0. Current nu:0.26955655566205877
Optimizing nu
Mstep runtime (s): 0.23494601249694824
Finished EM iter: 1. Current nllh: 8519.97191012409
Starting EM iter: 2
Estep
Estep runtime (s): 0.09236717224121094
Mstep
Optimizing phi
Optimizing branch lengths. Current phi: 0. Current nu:0.26801740596579465
Optimizing nu
Mstep runtime (s): 0.21173501014709473
Finished EM iter: 2. Current nllh: 8495.904380055863
Starting EM iter: 3
Estep
Estep runtime (s): 0.09345030784606934
Mstep
Optimizing phi
Optimizing branch lengths. Current phi: 0. Current nu:0.2636327427753848
Optimizing nu
Mstep runtime (s): 0.240433931350708
Finished EM iter: 3. Current nllh: 8492.66207752284
Starting EM iter: 4
Estep
Estep runtime (s): 0.09340691566467285
Mstep
Optimizing phi
Optimizing branch lengths. Current phi: 0. Current nu:0.26113317704637323
Optimizing nu
Mstep runtime (s): 0.20562291145324707
Finished EM iter: 4. Current nllh: 8492.311596245796
Starting EM iter: 5
Estep
Estep runtime (s): 0.09345698356628418
Mstep
Optimizing phi
Optimizing branch lengths. Current phi: 0. Current nu:0.2600206843946389
Optimizing nu
Mstep runtime (s): 0.228193998336792
Finished EM iter: 5. Current nllh: 8492.260226305427
Starting EM iter: 6
Estep
Estep runtime (s): 0.09387922286987305
Mstep
Optimizing phi
Optimizing branch lengths. Current phi: 0. Current nu:0.259610329773138
Optimizing nu
Mstep runtime (s): 0.21623516082763672
Finished EM iter: 6. Current nllh: 8492.238744457756
Starting EM iter: 7
Estep
Estep runtime (s): 0.09379720687866211
Mstep
Optimizing phi
Optimizing branch lengths. Current phi: 0. Current nu:0.25946741343307056
Optimizing nu
Mstep runtime (s): 0.25327181816101074
Finished EM iter: 7. Current nllh: 8492.225167508961
Starting EM iter: 8
Estep
Estep runtime (s): 0.09365582466125488
Mstep
Optimizing phi
Optimizing branch lengths. Current phi: 0. Current nu:0.2594176221968525
Optimizing nu
Mstep runtime (s): 0.22663378715515137
Finished EM iter: 8. Current nllh: 8492.215486619789
Starting EM iter: 9
Estep
Estep runtime (s): 0.09226202964782715
Mstep
Optimizing phi
Optimizing branch lengths. Current phi: 0. Current nu:0.2594001616485777
Optimizing nu
Mstep runtime (s): 0.33466219902038574
Finished EM iter: 9. Current nllh: 8492.210166734247
Starting EM iter: 10
Estep
Estep runtime (s): 0.09312725067138672
Mstep
Optimizing phi
Optimizing branch lengths. Current phi: 0. Current nu:0.259392501072653
Optimizing nu
Mstep runtime (s): 0.24170589447021484
Finished EM iter: 10. Current nllh: 8492.210114531208
EM finished after 10 iterations.
Optimal phi: 0. Optimal nu: 0.2593867394948572. Optimal nllh: 8492.210114531208
Optimal point found for initial point 1
Numerical optimization finished successfully
Tree height pre-scaling: 0.7434040261618877, input timescale: 1.0
Tree height after scaling: 1.0000000000000002, mutation rate: 0.7434040261618877
Tree height pre-scaling: 0.7434039886683508, input timescale: 1.0
Tree height after scaling: 1.0, mutation rate: 0.7434039886683508
Tree height pre-scaling: 0.7434040490020772, input timescale: 1.0
Tree height after scaling: 1.0, mutation rate: 0.7434040490020772
Tree height pre-scaling: 0.7434040096356394, input timescale: 1.0
Tree height after scaling: 0.9999999999999999, mutation rate: 0.7434040096356394
Tree height pre-scaling: 0.7434039690994649, input timescale: 1.0
Tree height after scaling: 0.9999999999999999, mutation rate: 0.7434039690994649
Tree height pre-scaling: 0.7434040029146842, input timescale: 1.0
Tree height after scaling: 1.0, mutation rate: 0.7434040029146842
Tree height pre-scaling: 0.7434040867128777, input timescale: 1.0
Tree height after scaling: 0.9999999999999999, mutation rate: 0.7434040867128777
Tree height pre-scaling: 0.7434039783921601, input timescale: 1.0
Tree height after scaling: 1.0, mutation rate: 0.7434039783921601
Tree height pre-scaling: 0.7434040323137259, input timescale: 1.0
Tree height after scaling: 1.0, mutation rate: 0.7434040323137259
Tree height pre-scaling: 0.7434039067503746, input timescale: 1.0
Tree height after scaling: 1.0, mutation rate: 0.7434039067503746
Tree height pre-scaling: 0.7434039867261055, input timescale: 1.0
Tree height after scaling: 1.0000000000000002, mutation rate: 0.7434039867261055
Tree height pre-scaling: 0.7434040432852154, input timescale: 1.0
Tree height after scaling: 1.0, mutation rate: 0.7434040432852154
Tree height pre-scaling: 0.7434040580351605, input timescale: 1.0
Tree height after scaling: 1.0, mutation rate: 0.7434040580351605
Tree height pre-scaling: 0.7434048191954628, input timescale: 1.0
Tree height after scaling: 1.0, mutation rate: 0.7434048191954628
Runtime (s): 3.74727125
