Launching LAML version 0.0.4
LAML was called as follows: /Users/uym2/my_gits/LAML/run_laml.py -c ../../evaluation/Bar11/Bar11_character_matrix.txt -t place_outlier9/augmented_tree_250.nwk -o place_outlier9/augmented_tree_250_optimized -v -p ../../evaluation/Bar11/Bar11_priors.pickle --delimiter tab -m -1 --nInitials 1
Prior keys mismatch with site names.
Prior keys: [0, 1, 2, 3, 4, 5, 6, 7, 8, 9, 10, 11, 12, 13, 14, 15, 16, 17, 18, 19, 20, 21, 22, 23, 24, 25, 26]
Site names: ['r1', 'r2', 'r3', 'r4', 'r5', 'r6', 'r7', 'r8', 'r9', 'r10', 'r11', 'r12', 'r13', 'r14', 'r15', 'r16', 'r17', 'r18', 'r19', 'r20', 'r21', 'r22', 'r23', 'r24', 'r25', 'r26', 'r27']
Attempting to infer mapping between site names and prior keys...
{'r1': 0, 'r2': 1, 'r3': 2, 'r4': 3, 'r5': 4, 'r6': 5, 'r7': 6, 'r8': 7, 'r9': 8, 'r10': 9, 'r11': 10, 'r12': 11, 'r13': 12, 'r14': 13, 'r15': 14, 'r16': 15, 'r17': 16, 'r18': 17, 'r19': 18, 'r20': 19, 'r21': 20, 'r22': 21, 'r23': 22, 'r24': 23, 'r25': 24, 'r26': 25, 'r27': 26}
Optimizing branch lengths, phi, and nu without topology search
Optimization by EM algorithm
Optimization start with 1 initials
Initial point 1. Random seed: 9758
Numerical optimization started with ultrametric constraint (default)
Initial phi: 0. Initial nu: 0.26955655566205877. Initial nllh: 9716.832544355815
Starting EM iter: 1
Estep
Estep runtime (s): 0.07240104675292969
Mstep
Optimizing phi
Optimizing branch lengths. Current phi: 0. Current nu:0.26955655566205877
Optimizing nu
Mstep runtime (s): 0.24242401123046875
Finished EM iter: 1. Current nllh: 8030.194387195993
Starting EM iter: 2
Estep
Estep runtime (s): 0.09490680694580078
Mstep
Optimizing phi
Optimizing branch lengths. Current phi: 0. Current nu:0.27465451314957307
Optimizing nu
Mstep runtime (s): 0.20576214790344238
Finished EM iter: 2. Current nllh: 8001.6078056447805
Starting EM iter: 3
Estep
Estep runtime (s): 0.09497404098510742
Mstep
Optimizing phi
Optimizing branch lengths. Current phi: 0. Current nu:0.2733941589593028
Optimizing nu
Mstep runtime (s): 0.21131420135498047
Finished EM iter: 3. Current nllh: 7998.244077990295
Starting EM iter: 4
Estep
Estep runtime (s): 0.09506773948669434
Mstep
Optimizing phi
Optimizing branch lengths. Current phi: 0. Current nu:0.2718775061848757
Optimizing nu
Mstep runtime (s): 0.21595072746276855
Finished EM iter: 4. Current nllh: 7997.888637831021
Starting EM iter: 5
Estep
Estep runtime (s): 0.09497976303100586
Mstep
Optimizing phi
Optimizing branch lengths. Current phi: 0. Current nu:0.2711428662225474
Optimizing nu
Mstep runtime (s): 0.2553691864013672
Finished EM iter: 5. Current nllh: 7997.8182695681235
Starting EM iter: 6
Estep
Estep runtime (s): 0.09505581855773926
Mstep
Optimizing phi
Optimizing branch lengths. Current phi: 0. Current nu:0.2708547280665868
Optimizing nu
Mstep runtime (s): 0.24888920783996582
Finished EM iter: 6. Current nllh: 7997.793976729003
Starting EM iter: 7
Estep
Estep runtime (s): 0.09528088569641113
Mstep
Optimizing phi
Optimizing branch lengths. Current phi: 0. Current nu:0.27074571990678586
Optimizing nu
Mstep runtime (s): 0.22707390785217285
Finished EM iter: 7. Current nllh: 7997.778206252899
Starting EM iter: 8
Estep
Estep runtime (s): 0.09383106231689453
Mstep
Optimizing phi
Optimizing branch lengths. Current phi: 0. Current nu:0.2707041079791139
Optimizing nu
Mstep runtime (s): 0.2238459587097168
Finished EM iter: 8. Current nllh: 7997.76705367923
Starting EM iter: 9
Estep
Estep runtime (s): 0.09418416023254395
Mstep
Optimizing phi
Optimizing branch lengths. Current phi: 0. Current nu:0.27068765315890686
Optimizing nu
Mstep runtime (s): 0.22135710716247559
Finished EM iter: 9. Current nllh: 7997.758910196033
Starting EM iter: 10
Estep
Estep runtime (s): 0.09367966651916504
Mstep
Optimizing phi
Optimizing branch lengths. Current phi: 0. Current nu:0.27068048714914483
Optimizing nu
Mstep runtime (s): 0.2106020450592041
Finished EM iter: 10. Current nllh: 7997.758203787928
Starting EM iter: 11
Estep
Estep runtime (s): 0.09371495246887207
Mstep
Optimizing phi
Optimizing branch lengths. Current phi: 0. Current nu:0.270673477437799
Optimizing nu
Mstep runtime (s): 0.31705498695373535
Finished EM iter: 11. Current nllh: 7997.758310547058
Starting EM iter: 12
Estep
Estep runtime (s): 0.09365510940551758
Mstep
Optimizing phi
Optimizing branch lengths. Current phi: 0. Current nu:0.27067058894993845
Optimizing nu
Mstep runtime (s): 0.23728609085083008
Finished EM iter: 12. Current nllh: 7997.758375843114
EM finished after 12 iterations.
Optimal phi: 0. Optimal nu: 0.27066925544497566. Optimal nllh: 7997.758375843114
Optimal point found for initial point 1
Numerical optimization finished successfully
Tree height pre-scaling: 0.7100987341792817, input timescale: 1.0
Tree height after scaling: 0.9999999999999998, mutation rate: 0.7100987341792817
Tree height pre-scaling: 0.7100986287789642, input timescale: 1.0
Tree height after scaling: 1.0, mutation rate: 0.7100986287789642
Tree height pre-scaling: 0.710098825208552, input timescale: 1.0
Tree height after scaling: 1.0, mutation rate: 0.710098825208552
Tree height pre-scaling: 0.7100987188632504, input timescale: 1.0
Tree height after scaling: 1.0000000000000002, mutation rate: 0.7100987188632504
Tree height pre-scaling: 0.7100985551495413, input timescale: 1.0
Tree height after scaling: 1.0000000000000002, mutation rate: 0.7100985551495413
Tree height pre-scaling: 0.7100983380153989, input timescale: 1.0
Tree height after scaling: 1.0, mutation rate: 0.7100983380153989
Tree height pre-scaling: 0.7100986694572355, input timescale: 1.0
Tree height after scaling: 1.0000000000000002, mutation rate: 0.7100986694572355
Tree height pre-scaling: 0.7100988032982376, input timescale: 1.0
Tree height after scaling: 0.9999999999999999, mutation rate: 0.7100988032982376
Tree height pre-scaling: 0.7100989732454986, input timescale: 1.0
Tree height after scaling: 1.0, mutation rate: 0.7100989732454986
Tree height pre-scaling: 0.710099067708444, input timescale: 1.0
Tree height after scaling: 1.0, mutation rate: 0.710099067708444
Tree height pre-scaling: 0.710098755678042, input timescale: 1.0
Tree height after scaling: 1.0, mutation rate: 0.710098755678042
Tree height pre-scaling: 0.7100985904915782, input timescale: 1.0
Tree height after scaling: 1.0, mutation rate: 0.7100985904915782
Tree height pre-scaling: 0.7100990473929054, input timescale: 1.0
Tree height after scaling: 1.0, mutation rate: 0.7100990473929054
Tree height pre-scaling: 0.7100985974149412, input timescale: 1.0
Tree height after scaling: 0.9999999999999998, mutation rate: 0.7100985974149412
Runtime (s): 4.433478957999999
