Launching LAML version 0.0.4
LAML was called as follows: /Users/uym2/my_gits/LAML/run_laml.py -c ../../evaluation/Bar11/Bar11_character_matrix.txt -t place_outlier9/augmented_tree_185.nwk -o place_outlier9/augmented_tree_185_optimized -v -p ../../evaluation/Bar11/Bar11_priors.pickle --delimiter tab -m -1 --nInitials 1
Prior keys mismatch with site names.
Prior keys: [0, 1, 2, 3, 4, 5, 6, 7, 8, 9, 10, 11, 12, 13, 14, 15, 16, 17, 18, 19, 20, 21, 22, 23, 24, 25, 26]
Site names: ['r1', 'r2', 'r3', 'r4', 'r5', 'r6', 'r7', 'r8', 'r9', 'r10', 'r11', 'r12', 'r13', 'r14', 'r15', 'r16', 'r17', 'r18', 'r19', 'r20', 'r21', 'r22', 'r23', 'r24', 'r25', 'r26', 'r27']
Attempting to infer mapping between site names and prior keys...
{'r1': 0, 'r2': 1, 'r3': 2, 'r4': 3, 'r5': 4, 'r6': 5, 'r7': 6, 'r8': 7, 'r9': 8, 'r10': 9, 'r11': 10, 'r12': 11, 'r13': 12, 'r14': 13, 'r15': 14, 'r16': 15, 'r17': 16, 'r18': 17, 'r19': 18, 'r20': 19, 'r21': 20, 'r22': 21, 'r23': 22, 'r24': 23, 'r25': 24, 'r26': 25, 'r27': 26}
Optimizing branch lengths, phi, and nu without topology search
Optimization by EM algorithm
Optimization start with 1 initials
Initial point 1. Random seed: 9962
Numerical optimization started with ultrametric constraint (default)
Initial phi: 0. Initial nu: 0.26955655566205877. Initial nllh: 10024.837169450617
Starting EM iter: 1
Estep
Estep runtime (s): 0.06801104545593262
Mstep
Optimizing phi
Optimizing branch lengths. Current phi: 0. Current nu:0.26955655566205877
Optimizing nu
Mstep runtime (s): 0.34899401664733887
Finished EM iter: 1. Current nllh: 8139.298953714619
Starting EM iter: 2
Estep
Estep runtime (s): 0.09253501892089844
Mstep
Optimizing phi
Optimizing branch lengths. Current phi: 0. Current nu:0.2746153715874544
Optimizing nu
Mstep runtime (s): 0.21921110153198242
Finished EM iter: 2. Current nllh: 8116.587384565853
Starting EM iter: 3
Estep
Estep runtime (s): 0.09224200248718262
Mstep
Optimizing phi
Optimizing branch lengths. Current phi: 0. Current nu:0.2733383882639651
Optimizing nu
Mstep runtime (s): 0.2266228199005127
Finished EM iter: 3. Current nllh: 8112.877344236016
Starting EM iter: 4
Estep
Estep runtime (s): 0.09276795387268066
Mstep
Optimizing phi
Optimizing branch lengths. Current phi: 0. Current nu:0.2717874424569791
Optimizing nu
Mstep runtime (s): 0.2743871212005615
Finished EM iter: 4. Current nllh: 8112.341398943065
Starting EM iter: 5
Estep
Estep runtime (s): 0.0926351547241211
Mstep
Optimizing phi
Optimizing branch lengths. Current phi: 0. Current nu:0.27085368335988524
Optimizing nu
Mstep runtime (s): 0.24352097511291504
Finished EM iter: 5. Current nllh: 8112.259868668471
Starting EM iter: 6
Estep
Estep runtime (s): 0.09258294105529785
Mstep
Optimizing phi
Optimizing branch lengths. Current phi: 0. Current nu:0.2704524796868888
Optimizing nu
Mstep runtime (s): 0.22405505180358887
Finished EM iter: 6. Current nllh: 8112.234084642596
Starting EM iter: 7
Estep
Estep runtime (s): 0.09208488464355469
Mstep
Optimizing phi
Optimizing branch lengths. Current phi: 0. Current nu:0.27029754914266696
Optimizing nu
Mstep runtime (s): 0.2511780261993408
Finished EM iter: 7. Current nllh: 8112.220021056941
Starting EM iter: 8
Estep
Estep runtime (s): 0.09253334999084473
Mstep
Optimizing phi
Optimizing branch lengths. Current phi: 0. Current nu:0.27023800446060925
Optimizing nu
Mstep runtime (s): 0.2632131576538086
Finished EM iter: 8. Current nllh: 8112.210531078551
Starting EM iter: 9
Estep
Estep runtime (s): 0.09292912483215332
Mstep
Optimizing phi
Optimizing branch lengths. Current phi: 0. Current nu:0.27021488625808265
Optimizing nu
Mstep runtime (s): 0.23032498359680176
Finished EM iter: 9. Current nllh: 8112.206864239939
Starting EM iter: 10
Estep
Estep runtime (s): 0.09306001663208008
Mstep
Optimizing phi
Optimizing branch lengths. Current phi: 0. Current nu:0.2702030304736702
Optimizing nu
Mstep runtime (s): 0.23929595947265625
Finished EM iter: 10. Current nllh: 8112.206988095582
Starting EM iter: 11
Estep
Estep runtime (s): 0.0928640365600586
Mstep
Optimizing phi
Optimizing branch lengths. Current phi: 0. Current nu:0.2701962478693265
Optimizing nu
Mstep runtime (s): 0.2054898738861084
Finished EM iter: 11. Current nllh: 8112.207074510599
Starting EM iter: 12
Estep
Estep runtime (s): 0.09301900863647461
Mstep
Optimizing phi
Optimizing branch lengths. Current phi: 0. Current nu:0.2701937033966174
Optimizing nu
Mstep runtime (s): 0.23013973236083984
Finished EM iter: 12. Current nllh: 8112.207107368313
EM finished after 12 iterations.
Optimal phi: 0. Optimal nu: 0.2701923564093411. Optimal nllh: 8112.207107368313
Optimal point found for initial point 1
Numerical optimization finished successfully
Tree height pre-scaling: 0.7097894640547895, input timescale: 1.0
Tree height after scaling: 0.9999999999999999, mutation rate: 0.7097894640547895
Tree height pre-scaling: 0.709789464042974, input timescale: 1.0
Tree height after scaling: 1.0, mutation rate: 0.709789464042974
Tree height pre-scaling: 0.7097894640653095, input timescale: 1.0
Tree height after scaling: 1.0, mutation rate: 0.7097894640653095
Tree height pre-scaling: 0.7097894640543446, input timescale: 1.0
Tree height after scaling: 0.9999999999999999, mutation rate: 0.7097894640543446
Tree height pre-scaling: 0.7097894640352126, input timescale: 1.0
Tree height after scaling: 1.0, mutation rate: 0.7097894640352126
Tree height pre-scaling: 0.709789464043329, input timescale: 1.0
Tree height after scaling: 1.0, mutation rate: 0.709789464043329
Tree height pre-scaling: 0.7097894640856348, input timescale: 1.0
Tree height after scaling: 1.0, mutation rate: 0.7097894640856348
Tree height pre-scaling: 0.7097894640383242, input timescale: 1.0
Tree height after scaling: 1.0, mutation rate: 0.7097894640383242
Tree height pre-scaling: 0.7097894640651761, input timescale: 1.0
Tree height after scaling: 1.0, mutation rate: 0.7097894640651761
Tree height pre-scaling: 0.7097894640097386, input timescale: 1.0
Tree height after scaling: 1.0, mutation rate: 0.7097894640097386
Tree height pre-scaling: 0.7097894640484088, input timescale: 1.0
Tree height after scaling: 1.0, mutation rate: 0.7097894640484088
Tree height pre-scaling: 0.7097894640630336, input timescale: 1.0
Tree height after scaling: 1.0, mutation rate: 0.7097894640630336
Tree height pre-scaling: 0.7097894640850322, input timescale: 1.0
Tree height after scaling: 1.0, mutation rate: 0.7097894640850322
Tree height pre-scaling: 0.7097894640915831, input timescale: 1.0
Tree height after scaling: 0.9999999999999998, mutation rate: 0.7097894640915831
Runtime (s): 4.538447375
