Launching LAML version 0.0.4
LAML was called as follows: /Users/uym2/my_gits/LAML/run_laml.py -c ../../evaluation/Bar11/Bar11_character_matrix.txt -t place_outlier9/augmented_tree_47.nwk -o place_outlier9/augmented_tree_47_optimized -v -p ../../evaluation/Bar11/Bar11_priors.pickle --delimiter tab -m -1 --nInitials 1
Prior keys mismatch with site names.
Prior keys: [0, 1, 2, 3, 4, 5, 6, 7, 8, 9, 10, 11, 12, 13, 14, 15, 16, 17, 18, 19, 20, 21, 22, 23, 24, 25, 26]
Site names: ['r1', 'r2', 'r3', 'r4', 'r5', 'r6', 'r7', 'r8', 'r9', 'r10', 'r11', 'r12', 'r13', 'r14', 'r15', 'r16', 'r17', 'r18', 'r19', 'r20', 'r21', 'r22', 'r23', 'r24', 'r25', 'r26', 'r27']
Attempting to infer mapping between site names and prior keys...
{'r1': 0, 'r2': 1, 'r3': 2, 'r4': 3, 'r5': 4, 'r6': 5, 'r7': 6, 'r8': 7, 'r9': 8, 'r10': 9, 'r11': 10, 'r12': 11, 'r13': 12, 'r14': 13, 'r15': 14, 'r16': 15, 'r17': 16, 'r18': 17, 'r19': 18, 'r20': 19, 'r21': 20, 'r22': 21, 'r23': 22, 'r24': 23, 'r25': 24, 'r26': 25, 'r27': 26}
Optimizing branch lengths, phi, and nu without topology search
Optimization by EM algorithm
Optimization start with 1 initials
Initial point 1. Random seed: 2694
Numerical optimization started with ultrametric constraint (default)
Initial phi: 0. Initial nu: 0.26955655566205877. Initial nllh: 9870.915139338793
Starting EM iter: 1
Estep
Estep runtime (s): 0.06934595108032227
Mstep
Optimizing phi
Optimizing branch lengths. Current phi: 0. Current nu:0.26955655566205877
Optimizing nu
Mstep runtime (s): 0.24063420295715332
Finished EM iter: 1. Current nllh: 8130.29085592691
Starting EM iter: 2
Estep
Estep runtime (s): 0.09285473823547363
Mstep
Optimizing phi
Optimizing branch lengths. Current phi: 0. Current nu:0.2757299680629919
Optimizing nu
Mstep runtime (s): 0.22587013244628906
Finished EM iter: 2. Current nllh: 8101.6986494082075
Starting EM iter: 3
Estep
Estep runtime (s): 0.09293317794799805
Mstep
Optimizing phi
Optimizing branch lengths. Current phi: 0. Current nu:0.272312769023667
Optimizing nu
Mstep runtime (s): 0.2138369083404541
Finished EM iter: 3. Current nllh: 8098.656193900961
Starting EM iter: 4
Estep
Estep runtime (s): 0.09390902519226074
Mstep
Optimizing phi
Optimizing branch lengths. Current phi: 0. Current nu:0.27027752934662713
Optimizing nu
Mstep runtime (s): 0.20261287689208984
Finished EM iter: 4. Current nllh: 8098.177987088128
Starting EM iter: 5
Estep
Estep runtime (s): 0.09299778938293457
Mstep
Optimizing phi
Optimizing branch lengths. Current phi: 0. Current nu:0.2693886462365589
Optimizing nu
Mstep runtime (s): 0.22652101516723633
Finished EM iter: 5. Current nllh: 8098.0607006087575
Starting EM iter: 6
Estep
Estep runtime (s): 0.09317994117736816
Mstep
Optimizing phi
Optimizing branch lengths. Current phi: 0. Current nu:0.26902994386887397
Optimizing nu
Mstep runtime (s): 0.19686579704284668
Finished EM iter: 6. Current nllh: 8098.019256798836
Starting EM iter: 7
Estep
Estep runtime (s): 0.09370303153991699
Mstep
Optimizing phi
Optimizing branch lengths. Current phi: 0. Current nu:0.26888818205403064
Optimizing nu
Mstep runtime (s): 0.22619104385375977
Finished EM iter: 7. Current nllh: 8097.994484970246
Starting EM iter: 8
Estep
Estep runtime (s): 0.09283590316772461
Mstep
Optimizing phi
Optimizing branch lengths. Current phi: 0. Current nu:0.26883354178801705
Optimizing nu
Mstep runtime (s): 0.2202439308166504
Finished EM iter: 8. Current nllh: 8097.978052180823
Starting EM iter: 9
Estep
Estep runtime (s): 0.09261703491210938
Mstep
Optimizing phi
Optimizing branch lengths. Current phi: 0. Current nu:0.2688091862249168
Optimizing nu
Mstep runtime (s): 0.22021794319152832
Finished EM iter: 9. Current nllh: 8097.966593615841
Starting EM iter: 10
Estep
Estep runtime (s): 0.09403800964355469
Mstep
Optimizing phi
Optimizing branch lengths. Current phi: 0. Current nu:0.2688019848572841
Optimizing nu
Mstep runtime (s): 0.26003408432006836
Finished EM iter: 10. Current nllh: 8097.958382018004
Starting EM iter: 11
Estep
Estep runtime (s): 0.09266281127929688
Mstep
Optimizing phi
Optimizing branch lengths. Current phi: 0. Current nu:0.2687983678339272
Optimizing nu
Mstep runtime (s): 0.20528793334960938
Finished EM iter: 11. Current nllh: 8097.957805335006
Starting EM iter: 12
Estep
Estep runtime (s): 0.09368896484375
Mstep
Optimizing phi
Optimizing branch lengths. Current phi: 0. Current nu:0.26879277258582907
Optimizing nu
Mstep runtime (s): 0.20423030853271484
Finished EM iter: 12. Current nllh: 8097.957878349182
EM finished after 12 iterations.
Optimal phi: 0. Optimal nu: 0.26879033573677125. Optimal nllh: 8097.957878349182
Optimal point found for initial point 1
Numerical optimization finished successfully
Tree height pre-scaling: 0.713269953382978, input timescale: 1.0
Tree height after scaling: 1.0, mutation rate: 0.713269953382978
Tree height pre-scaling: 0.7132699531602076, input timescale: 1.0
Tree height after scaling: 1.0, mutation rate: 0.7132699531602076
Tree height pre-scaling: 0.7132699535526845, input timescale: 1.0
Tree height after scaling: 0.9999999999999999, mutation rate: 0.7132699535526845
Tree height pre-scaling: 0.7132699533463531, input timescale: 1.0
Tree height after scaling: 1.0, mutation rate: 0.7132699533463531
Tree height pre-scaling: 0.7132699530472983, input timescale: 1.0
Tree height after scaling: 1.0, mutation rate: 0.7132699530472983
Tree height pre-scaling: 0.713269953233459, input timescale: 1.0
Tree height after scaling: 1.0, mutation rate: 0.713269953233459
Tree height pre-scaling: 0.7132699538878164, input timescale: 1.0
Tree height after scaling: 0.9999999999999999, mutation rate: 0.7132699538878164
Tree height pre-scaling: 0.7132699530880101, input timescale: 1.0
Tree height after scaling: 0.9999999999999999, mutation rate: 0.7132699530880101
Tree height pre-scaling: 0.7132699535312661, input timescale: 1.0
Tree height after scaling: 1.0, mutation rate: 0.7132699535312661
Tree height pre-scaling: 0.7132699534085144, input timescale: 1.0
Tree height after scaling: 1.0, mutation rate: 0.7132699534085144
Tree height pre-scaling: 0.713269953735656, input timescale: 1.0
Tree height after scaling: 1.0, mutation rate: 0.713269953735656
Tree height pre-scaling: 0.7132699536174274, input timescale: 1.0
Tree height after scaling: 1.0000000000000002, mutation rate: 0.7132699536174274
Tree height pre-scaling: 0.7132699526137558, input timescale: 1.0
Tree height after scaling: 1.0, mutation rate: 0.7132699526137558
Tree height pre-scaling: 0.7132699533772815, input timescale: 1.0
Tree height after scaling: 1.0, mutation rate: 0.7132699533772815
Runtime (s): 4.232350416
