Launching LAML version 0.0.4
LAML was called as follows: /Users/uym2/my_gits/LAML/run_laml.py -c ../../evaluation/Bar11/Bar11_character_matrix.txt -t place_outlier9/augmented_tree_343.nwk -o place_outlier9/augmented_tree_343_optimized -v -p ../../evaluation/Bar11/Bar11_priors.pickle --delimiter tab -m -1 --nInitials 1
Prior keys mismatch with site names.
Prior keys: [0, 1, 2, 3, 4, 5, 6, 7, 8, 9, 10, 11, 12, 13, 14, 15, 16, 17, 18, 19, 20, 21, 22, 23, 24, 25, 26]
Site names: ['r1', 'r2', 'r3', 'r4', 'r5', 'r6', 'r7', 'r8', 'r9', 'r10', 'r11', 'r12', 'r13', 'r14', 'r15', 'r16', 'r17', 'r18', 'r19', 'r20', 'r21', 'r22', 'r23', 'r24', 'r25', 'r26', 'r27']
Attempting to infer mapping between site names and prior keys...
{'r1': 0, 'r2': 1, 'r3': 2, 'r4': 3, 'r5': 4, 'r6': 5, 'r7': 6, 'r8': 7, 'r9': 8, 'r10': 9, 'r11': 10, 'r12': 11, 'r13': 12, 'r14': 13, 'r15': 14, 'r16': 15, 'r17': 16, 'r18': 17, 'r19': 18, 'r20': 19, 'r21': 20, 'r22': 21, 'r23': 22, 'r24': 23, 'r25': 24, 'r26': 25, 'r27': 26}
Optimizing branch lengths, phi, and nu without topology search
Optimization by EM algorithm
Optimization start with 1 initials
Initial point 1. Random seed: 9848
Numerical optimization started with ultrametric constraint (default)
Initial phi: 0. Initial nu: 0.26955655566205877. Initial nllh: 9750.099968904233
Starting EM iter: 1
Estep
Estep runtime (s): 0.06819820404052734
Mstep
Optimizing phi
Optimizing branch lengths. Current phi: 0. Current nu:0.26955655566205877
Optimizing nu
Mstep runtime (s): 0.2644202709197998
Finished EM iter: 1. Current nllh: 8073.6680529849455
Starting EM iter: 2
Estep
Estep runtime (s): 0.09321284294128418
Mstep
Optimizing phi
Optimizing branch lengths. Current phi: 0. Current nu:0.27555290426633067
Optimizing nu
Mstep runtime (s): 0.20727896690368652
Finished EM iter: 2. Current nllh: 8044.094744353957
Starting EM iter: 3
Estep
Estep runtime (s): 0.09351587295532227
Mstep
Optimizing phi
Optimizing branch lengths. Current phi: 0. Current nu:0.2743158178964409
Optimizing nu
Mstep runtime (s): 0.24630999565124512
Finished EM iter: 3. Current nllh: 8039.68344653766
Starting EM iter: 4
Estep
Estep runtime (s): 0.09318876266479492
Mstep
Optimizing phi
Optimizing branch lengths. Current phi: 0. Current nu:0.2729334289201575
Optimizing nu
Mstep runtime (s): 0.22280478477478027
Finished EM iter: 4. Current nllh: 8039.117373715617
Starting EM iter: 5
Estep
Estep runtime (s): 0.09353494644165039
Mstep
Optimizing phi
Optimizing branch lengths. Current phi: 0. Current nu:0.2721951820562944
Optimizing nu
Mstep runtime (s): 0.22928500175476074
Finished EM iter: 5. Current nllh: 8039.010861615341
Starting EM iter: 6
Estep
Estep runtime (s): 0.09371376037597656
Mstep
Optimizing phi
Optimizing branch lengths. Current phi: 0. Current nu:0.2719225772285642
Optimizing nu
Mstep runtime (s): 0.2074108123779297
Finished EM iter: 6. Current nllh: 8038.969854726985
Starting EM iter: 7
Estep
Estep runtime (s): 0.09274601936340332
Mstep
Optimizing phi
Optimizing branch lengths. Current phi: 0. Current nu:0.2718242668061997
Optimizing nu
Mstep runtime (s): 0.2174830436706543
Finished EM iter: 7. Current nllh: 8038.946697988935
Starting EM iter: 8
Estep
Estep runtime (s): 0.09380197525024414
Mstep
Optimizing phi
Optimizing branch lengths. Current phi: 0. Current nu:0.2717915895235677
Optimizing nu
Mstep runtime (s): 0.265488862991333
Finished EM iter: 8. Current nllh: 8038.931699732499
Starting EM iter: 9
Estep
Estep runtime (s): 0.09364914894104004
Mstep
Optimizing phi
Optimizing branch lengths. Current phi: 0. Current nu:0.27177660790571584
Optimizing nu
Mstep runtime (s): 0.2038719654083252
Finished EM iter: 9. Current nllh: 8038.921216078608
Starting EM iter: 10
Estep
Estep runtime (s): 0.09378218650817871
Mstep
Optimizing phi
Optimizing branch lengths. Current phi: 0. Current nu:0.27177038509793106
Optimizing nu
Mstep runtime (s): 0.20827817916870117
Finished EM iter: 10. Current nllh: 8038.914309137538
Starting EM iter: 11
Estep
Estep runtime (s): 0.09382987022399902
Mstep
Optimizing phi
Optimizing branch lengths. Current phi: 0. Current nu:0.27176692184728607
Optimizing nu
Mstep runtime (s): 0.24546408653259277
Finished EM iter: 11. Current nllh: 8038.914258047665
EM finished after 11 iterations.
Optimal phi: 0. Optimal nu: 0.2717628839035171. Optimal nllh: 8038.914258047665
Optimal point found for initial point 1
Numerical optimization finished successfully
Tree height pre-scaling: 0.7115879827174441, input timescale: 1.0
Tree height after scaling: 0.9999999999999999, mutation rate: 0.7115879827174441
Tree height pre-scaling: 0.7115877923570528, input timescale: 1.0
Tree height after scaling: 1.0, mutation rate: 0.7115877923570528
Tree height pre-scaling: 0.7115879567450906, input timescale: 1.0
Tree height after scaling: 1.0, mutation rate: 0.7115879567450906
Tree height pre-scaling: 0.7115880209818528, input timescale: 1.0
Tree height after scaling: 1.0, mutation rate: 0.7115880209818528
Tree height pre-scaling: 0.7115881130743673, input timescale: 1.0
Tree height after scaling: 1.0, mutation rate: 0.7115881130743673
Tree height pre-scaling: 0.7115881653912822, input timescale: 1.0
Tree height after scaling: 1.0, mutation rate: 0.7115881653912822
Tree height pre-scaling: 0.7115879964347112, input timescale: 1.0
Tree height after scaling: 1.0, mutation rate: 0.7115879964347112
Tree height pre-scaling: 0.7115879142209173, input timescale: 1.0
Tree height after scaling: 1.0, mutation rate: 0.7115879142209173
Tree height pre-scaling: 0.7115881488324052, input timescale: 1.0
Tree height after scaling: 1.0, mutation rate: 0.7115881488324052
Tree height pre-scaling: 0.7115879322702443, input timescale: 1.0
Tree height after scaling: 0.9999999999999999, mutation rate: 0.7115879322702443
Tree height pre-scaling: 0.7115879556164552, input timescale: 1.0
Tree height after scaling: 0.9999999999999998, mutation rate: 0.7115879556164552
Tree height pre-scaling: 0.7115879746967714, input timescale: 1.0
Tree height after scaling: 1.0, mutation rate: 0.7115879746967714
Tree height pre-scaling: 0.7115880240530357, input timescale: 1.0
Tree height after scaling: 1.0, mutation rate: 0.7115880240530357
Tree height pre-scaling: 0.7115880781007508, input timescale: 1.0
Tree height after scaling: 1.0, mutation rate: 0.7115880781007508
Runtime (s): 3.989902667
