Launching LAML version 0.0.4
LAML was called as follows: /Users/uym2/my_gits/LAML/run_laml.py -c ../../evaluation/Bar11/Bar11_character_matrix.txt -t place_outlier9/augmented_tree_248.nwk -o place_outlier9/augmented_tree_248_optimized -v -p ../../evaluation/Bar11/Bar11_priors.pickle --delimiter tab -m -1 --nInitials 1
Prior keys mismatch with site names.
Prior keys: [0, 1, 2, 3, 4, 5, 6, 7, 8, 9, 10, 11, 12, 13, 14, 15, 16, 17, 18, 19, 20, 21, 22, 23, 24, 25, 26]
Site names: ['r1', 'r2', 'r3', 'r4', 'r5', 'r6', 'r7', 'r8', 'r9', 'r10', 'r11', 'r12', 'r13', 'r14', 'r15', 'r16', 'r17', 'r18', 'r19', 'r20', 'r21', 'r22', 'r23', 'r24', 'r25', 'r26', 'r27']
Attempting to infer mapping between site names and prior keys...
{'r1': 0, 'r2': 1, 'r3': 2, 'r4': 3, 'r5': 4, 'r6': 5, 'r7': 6, 'r8': 7, 'r9': 8, 'r10': 9, 'r11': 10, 'r12': 11, 'r13': 12, 'r14': 13, 'r15': 14, 'r16': 15, 'r17': 16, 'r18': 17, 'r19': 18, 'r20': 19, 'r21': 20, 'r22': 21, 'r23': 22, 'r24': 23, 'r25': 24, 'r26': 25, 'r27': 26}
Optimizing branch lengths, phi, and nu without topology search
Optimization by EM algorithm
Optimization start with 1 initials
Initial point 1. Random seed: 5041
Numerical optimization started with ultrametric constraint (default)
Initial phi: 0. Initial nu: 0.26955655566205877. Initial nllh: 9966.533475755466
Starting EM iter: 1
Estep
Estep runtime (s): 0.06989789009094238
Mstep
Optimizing phi
Optimizing branch lengths. Current phi: 0. Current nu:0.26955655566205877
Optimizing nu
Mstep runtime (s): 0.23877406120300293
Finished EM iter: 1. Current nllh: 8152.3327024482405
Starting EM iter: 2
Estep
Estep runtime (s): 0.09592008590698242
Mstep
Optimizing phi
Optimizing branch lengths. Current phi: 0. Current nu:0.27321750027002784
Optimizing nu
Mstep runtime (s): 0.23452520370483398
Finished EM iter: 2. Current nllh: 8130.894491588067
Starting EM iter: 3
Estep
Estep runtime (s): 0.09560608863830566
Mstep
Optimizing phi
Optimizing branch lengths. Current phi: 0. Current nu:0.27179459297124037
Optimizing nu
Mstep runtime (s): 0.21043705940246582
Finished EM iter: 3. Current nllh: 8128.882297102951
Starting EM iter: 4
Estep
Estep runtime (s): 0.09616327285766602
Mstep
Optimizing phi
Optimizing branch lengths. Current phi: 0. Current nu:0.2703736375185954
Optimizing nu
Mstep runtime (s): 0.23262906074523926
Finished EM iter: 4. Current nllh: 8128.615417618697
Starting EM iter: 5
Estep
Estep runtime (s): 0.0958709716796875
Mstep
Optimizing phi
Optimizing branch lengths. Current phi: 0. Current nu:0.2697169480187738
Optimizing nu
Mstep runtime (s): 0.20276713371276855
Finished EM iter: 5. Current nllh: 8128.556307901061
Starting EM iter: 6
Estep
Estep runtime (s): 0.09591126441955566
Mstep
Optimizing phi
Optimizing branch lengths. Current phi: 0. Current nu:0.2694494885603197
Optimizing nu
Mstep runtime (s): 0.21150803565979004
Finished EM iter: 6. Current nllh: 8128.535277500174
Starting EM iter: 7
Estep
Estep runtime (s): 0.09548187255859375
Mstep
Optimizing phi
Optimizing branch lengths. Current phi: 0. Current nu:0.26934370095593374
Optimizing nu
Mstep runtime (s): 0.21637201309204102
Finished EM iter: 7. Current nllh: 8128.522597742441
Starting EM iter: 8
Estep
Estep runtime (s): 0.09583592414855957
Mstep
Optimizing phi
Optimizing branch lengths. Current phi: 0. Current nu:0.26930131753201875
Optimizing nu
Mstep runtime (s): 0.21859192848205566
Finished EM iter: 8. Current nllh: 8128.51395763835
Starting EM iter: 9
Estep
Estep runtime (s): 0.09778571128845215
Mstep
Optimizing phi
Optimizing branch lengths. Current phi: 0. Current nu:0.2692835763450954
Optimizing nu
Mstep runtime (s): 0.2142951488494873
Finished EM iter: 9. Current nllh: 8128.512338818424
Starting EM iter: 10
Estep
Estep runtime (s): 0.0974431037902832
Mstep
Optimizing phi
Optimizing branch lengths. Current phi: 0. Current nu:0.26927274492277214
Optimizing nu
Mstep runtime (s): 0.22062230110168457
Finished EM iter: 10. Current nllh: 8128.512374026447
EM finished after 10 iterations.
Optimal phi: 0. Optimal nu: 0.26926729497378565. Optimal nllh: 8128.512374026447
Optimal point found for initial point 1
Numerical optimization finished successfully
Tree height pre-scaling: 0.7197886807756076, input timescale: 1.0
Tree height after scaling: 1.0, mutation rate: 0.7197886807756076
Tree height pre-scaling: 0.7197886807005398, input timescale: 1.0
Tree height after scaling: 1.0, mutation rate: 0.7197886807005398
Tree height pre-scaling: 0.719788680832806, input timescale: 1.0
Tree height after scaling: 1.0, mutation rate: 0.719788680832806
Tree height pre-scaling: 0.7197886807512298, input timescale: 1.0
Tree height after scaling: 0.9999999999999998, mutation rate: 0.7197886807512298
Tree height pre-scaling: 0.7197886806531864, input timescale: 1.0
Tree height after scaling: 1.0, mutation rate: 0.7197886806531864
Tree height pre-scaling: 0.7197886807115867, input timescale: 1.0
Tree height after scaling: 1.0, mutation rate: 0.7197886807115867
Tree height pre-scaling: 0.7197886805112272, input timescale: 1.0
Tree height after scaling: 1.0, mutation rate: 0.7197886805112272
Tree height pre-scaling: 0.7197886807158763, input timescale: 1.0
Tree height after scaling: 1.0, mutation rate: 0.7197886807158763
Tree height pre-scaling: 0.7197886808115164, input timescale: 1.0
Tree height after scaling: 1.0, mutation rate: 0.7197886808115164
Tree height pre-scaling: 0.7197886808961343, input timescale: 1.0
Tree height after scaling: 1.0, mutation rate: 0.7197886808961343
Tree height pre-scaling: 0.7197886809711269, input timescale: 1.0
Tree height after scaling: 1.0, mutation rate: 0.7197886809711269
Tree height pre-scaling: 0.7197886807781455, input timescale: 1.0
Tree height after scaling: 1.0, mutation rate: 0.7197886807781455
Tree height pre-scaling: 0.7197886806739782, input timescale: 1.0
Tree height after scaling: 1.0, mutation rate: 0.7197886806739782
Tree height pre-scaling: 0.7197886812218943, input timescale: 1.0
Tree height after scaling: 1.0, mutation rate: 0.7197886812218943
Runtime (s): 3.5947730829999998
