Launching LAML version 0.0.4
LAML was called as follows: /Users/uym2/my_gits/LAML/run_laml.py -c ../../evaluation/Bar11/Bar11_character_matrix.txt -t place_outlier9/augmented_tree_235.nwk -o place_outlier9/augmented_tree_235_optimized -v -p ../../evaluation/Bar11/Bar11_priors.pickle --delimiter tab -m -1 --nInitials 1
Prior keys mismatch with site names.
Prior keys: [0, 1, 2, 3, 4, 5, 6, 7, 8, 9, 10, 11, 12, 13, 14, 15, 16, 17, 18, 19, 20, 21, 22, 23, 24, 25, 26]
Site names: ['r1', 'r2', 'r3', 'r4', 'r5', 'r6', 'r7', 'r8', 'r9', 'r10', 'r11', 'r12', 'r13', 'r14', 'r15', 'r16', 'r17', 'r18', 'r19', 'r20', 'r21', 'r22', 'r23', 'r24', 'r25', 'r26', 'r27']
Attempting to infer mapping between site names and prior keys...
{'r1': 0, 'r2': 1, 'r3': 2, 'r4': 3, 'r5': 4, 'r6': 5, 'r7': 6, 'r8': 7, 'r9': 8, 'r10': 9, 'r11': 10, 'r12': 11, 'r13': 12, 'r14': 13, 'r15': 14, 'r16': 15, 'r17': 16, 'r18': 17, 'r19': 18, 'r20': 19, 'r21': 20, 'r22': 21, 'r23': 22, 'r24': 23, 'r25': 24, 'r26': 25, 'r27': 26}
Optimizing branch lengths, phi, and nu without topology search
Optimization by EM algorithm
Optimization start with 1 initials
Initial point 1. Random seed: 5016
Numerical optimization started with ultrametric constraint (default)
Initial phi: 0. Initial nu: 0.26955655566205877. Initial nllh: 9467.725898513165
Starting EM iter: 1
Estep
Estep runtime (s): 0.06858015060424805
Mstep
Optimizing phi
Optimizing branch lengths. Current phi: 0. Current nu:0.26955655566205877
Optimizing nu
Mstep runtime (s): 0.2281959056854248
Finished EM iter: 1. Current nllh: 8019.119679466408
Starting EM iter: 2
Estep
Estep runtime (s): 0.09254908561706543
Mstep
Optimizing phi
Optimizing branch lengths. Current phi: 0. Current nu:0.27335957528308286
Optimizing nu
Mstep runtime (s): 0.2102210521697998
Finished EM iter: 2. Current nllh: 8000.21464163909
Starting EM iter: 3
Estep
Estep runtime (s): 0.09225893020629883
Mstep
Optimizing phi
Optimizing branch lengths. Current phi: 0. Current nu:0.27264363094812444
Optimizing nu
Mstep runtime (s): 0.21331095695495605
Finished EM iter: 3. Current nllh: 7998.153756822637
Starting EM iter: 4
Estep
Estep runtime (s): 0.0924217700958252
Mstep
Optimizing phi
Optimizing branch lengths. Current phi: 0. Current nu:0.2716214584188106
Optimizing nu
Mstep runtime (s): 0.20914030075073242
Finished EM iter: 4. Current nllh: 7997.87916373076
Starting EM iter: 5
Estep
Estep runtime (s): 0.09406304359436035
Mstep
Optimizing phi
Optimizing branch lengths. Current phi: 0. Current nu:0.271080607876428
Optimizing nu
Mstep runtime (s): 0.23601007461547852
Finished EM iter: 5. Current nllh: 7997.820081270925
Starting EM iter: 6
Estep
Estep runtime (s): 0.0925140380859375
Mstep
Optimizing phi
Optimizing branch lengths. Current phi: 0. Current nu:0.2708447778785552
Optimizing nu
Mstep runtime (s): 0.24071073532104492
Finished EM iter: 6. Current nllh: 7997.798538496526
Starting EM iter: 7
Estep
Estep runtime (s): 0.09259581565856934
Mstep
Optimizing phi
Optimizing branch lengths. Current phi: 0. Current nu:0.27074707594628694
Optimizing nu
Mstep runtime (s): 0.2277679443359375
Finished EM iter: 7. Current nllh: 7997.785644175385
Starting EM iter: 8
Estep
Estep runtime (s): 0.09261894226074219
Mstep
Optimizing phi
Optimizing branch lengths. Current phi: 0. Current nu:0.2707065954865899
Optimizing nu
Mstep runtime (s): 0.22491073608398438
Finished EM iter: 8. Current nllh: 7997.77691086873
Starting EM iter: 9
Estep
Estep runtime (s): 0.0921328067779541
Mstep
Optimizing phi
Optimizing branch lengths. Current phi: 0. Current nu:0.27068911976426685
Optimizing nu
Mstep runtime (s): 0.238203763961792
Finished EM iter: 9. Current nllh: 7997.775782234344
Starting EM iter: 10
Estep
Estep runtime (s): 0.09249305725097656
Mstep
Optimizing phi
Optimizing branch lengths. Current phi: 0. Current nu:0.27067787578234426
Optimizing nu
Mstep runtime (s): 0.23229503631591797
Finished EM iter: 10. Current nllh: 7997.77585378757
EM finished after 10 iterations.
Optimal phi: 0. Optimal nu: 0.2706711994755114. Optimal nllh: 7997.77585378757
Optimal point found for initial point 1
Numerical optimization finished successfully
Tree height pre-scaling: 0.710350777566668, input timescale: 1.0
Tree height after scaling: 1.0, mutation rate: 0.710350777566668
Tree height pre-scaling: 0.7103507359496483, input timescale: 1.0
Tree height after scaling: 1.0, mutation rate: 0.7103507359496483
Tree height pre-scaling: 0.7103508127538967, input timescale: 1.0
Tree height after scaling: 1.0, mutation rate: 0.7103508127538967
Tree height pre-scaling: 0.7103507722420804, input timescale: 1.0
Tree height after scaling: 1.0, mutation rate: 0.7103507722420804
Tree height pre-scaling: 0.7103507084729807, input timescale: 1.0
Tree height after scaling: 0.9999999999999999, mutation rate: 0.7103507084729807
Tree height pre-scaling: 0.7103507414378061, input timescale: 1.0
Tree height after scaling: 1.0, mutation rate: 0.7103507414378061
Tree height pre-scaling: 0.7103506221348435, input timescale: 1.0
Tree height after scaling: 1.0, mutation rate: 0.7103506221348435
Tree height pre-scaling: 0.7103507525954185, input timescale: 1.0
Tree height after scaling: 1.0, mutation rate: 0.7103507525954185
Tree height pre-scaling: 0.7103508048037688, input timescale: 1.0
Tree height after scaling: 1.0, mutation rate: 0.7103508048037688
Tree height pre-scaling: 0.7103508723968921, input timescale: 1.0
Tree height after scaling: 1.0, mutation rate: 0.7103508723968921
Tree height pre-scaling: 0.7103509088354143, input timescale: 1.0
Tree height after scaling: 1.0, mutation rate: 0.7103509088354143
Tree height pre-scaling: 0.7103507838181805, input timescale: 1.0
Tree height after scaling: 1.0, mutation rate: 0.7103507838181805
Tree height pre-scaling: 0.710350721420002, input timescale: 1.0
Tree height after scaling: 1.0, mutation rate: 0.710350721420002
Tree height pre-scaling: 0.7103508413100604, input timescale: 1.0
Tree height after scaling: 1.0, mutation rate: 0.7103508413100604
Runtime (s): 3.603017292
