Launching LAML version 0.0.4
LAML was called as follows: /Users/uym2/my_gits/LAML/run_laml.py -c ../../evaluation/Bar11/Bar11_character_matrix.txt -t place_outlier9/augmented_tree_87.nwk -o place_outlier9/augmented_tree_87_optimized -v -p ../../evaluation/Bar11/Bar11_priors.pickle --delimiter tab -m -1 --nInitials 1
Prior keys mismatch with site names.
Prior keys: [0, 1, 2, 3, 4, 5, 6, 7, 8, 9, 10, 11, 12, 13, 14, 15, 16, 17, 18, 19, 20, 21, 22, 23, 24, 25, 26]
Site names: ['r1', 'r2', 'r3', 'r4', 'r5', 'r6', 'r7', 'r8', 'r9', 'r10', 'r11', 'r12', 'r13', 'r14', 'r15', 'r16', 'r17', 'r18', 'r19', 'r20', 'r21', 'r22', 'r23', 'r24', 'r25', 'r26', 'r27']
Attempting to infer mapping between site names and prior keys...
{'r1': 0, 'r2': 1, 'r3': 2, 'r4': 3, 'r5': 4, 'r6': 5, 'r7': 6, 'r8': 7, 'r9': 8, 'r10': 9, 'r11': 10, 'r12': 11, 'r13': 12, 'r14': 13, 'r15': 14, 'r16': 15, 'r17': 16, 'r18': 17, 'r19': 18, 'r20': 19, 'r21': 20, 'r22': 21, 'r23': 22, 'r24': 23, 'r25': 24, 'r26': 25, 'r27': 26}
Optimizing branch lengths, phi, and nu without topology search
Optimization by EM algorithm
Optimization start with 1 initials
Initial point 1. Random seed: 2700
Numerical optimization started with ultrametric constraint (default)
Initial phi: 0. Initial nu: 0.26955655566205877. Initial nllh: 9780.571264273349
Starting EM iter: 1
Estep
Estep runtime (s): 0.06922197341918945
Mstep
Optimizing phi
Optimizing branch lengths. Current phi: 0. Current nu:0.26955655566205877
Optimizing nu
Mstep runtime (s): 0.2303926944732666
Finished EM iter: 1. Current nllh: 8103.947871939821
Starting EM iter: 2
Estep
Estep runtime (s): 0.09268784523010254
Mstep
Optimizing phi
Optimizing branch lengths. Current phi: 0. Current nu:0.2796073155578083
Optimizing nu
Mstep runtime (s): 0.23062992095947266
Finished EM iter: 2. Current nllh: 8073.853570443458
Starting EM iter: 3
Estep
Estep runtime (s): 0.0923161506652832
Mstep
Optimizing phi
Optimizing branch lengths. Current phi: 0. Current nu:0.2772874893198079
Optimizing nu
Mstep runtime (s): 0.21765708923339844
Finished EM iter: 3. Current nllh: 8069.23009604836
Starting EM iter: 4
Estep
Estep runtime (s): 0.09187602996826172
Mstep
Optimizing phi
Optimizing branch lengths. Current phi: 0. Current nu:0.2747043646281372
Optimizing nu
Mstep runtime (s): 0.21783900260925293
Finished EM iter: 4. Current nllh: 8068.219944524045
Starting EM iter: 5
Estep
Estep runtime (s): 0.0927438735961914
Mstep
Optimizing phi
Optimizing branch lengths. Current phi: 0. Current nu:0.273295706309535
Optimizing nu
Mstep runtime (s): 0.24178004264831543
Finished EM iter: 5. Current nllh: 8067.986526770578
Starting EM iter: 6
Estep
Estep runtime (s): 0.09264206886291504
Mstep
Optimizing phi
Optimizing branch lengths. Current phi: 0. Current nu:0.2726679551403205
Optimizing nu
Mstep runtime (s): 0.26071715354919434
Finished EM iter: 6. Current nllh: 8067.933502202808
Starting EM iter: 7
Estep
Estep runtime (s): 0.09250998497009277
Mstep
Optimizing phi
Optimizing branch lengths. Current phi: 0. Current nu:0.2724046193516615
Optimizing nu
Mstep runtime (s): 0.2363293170928955
Finished EM iter: 7. Current nllh: 8067.906640794591
Starting EM iter: 8
Estep
Estep runtime (s): 0.09319186210632324
Mstep
Optimizing phi
Optimizing branch lengths. Current phi: 0. Current nu:0.2723025440816368
Optimizing nu
Mstep runtime (s): 0.23075008392333984
Finished EM iter: 8. Current nllh: 8067.889170397251
Starting EM iter: 9
Estep
Estep runtime (s): 0.09305000305175781
Mstep
Optimizing phi
Optimizing branch lengths. Current phi: 0. Current nu:0.27226198348764086
Optimizing nu
Mstep runtime (s): 0.20626497268676758
Finished EM iter: 9. Current nllh: 8067.8769968074075
Starting EM iter: 10
Estep
Estep runtime (s): 0.09337687492370605
Mstep
Optimizing phi
Optimizing branch lengths. Current phi: 0. Current nu:0.27224716058153176
Optimizing nu
Mstep runtime (s): 0.1977400779724121
Finished EM iter: 10. Current nllh: 8067.868254494173
Starting EM iter: 11
Estep
Estep runtime (s): 0.09178805351257324
Mstep
Optimizing phi
Optimizing branch lengths. Current phi: 0. Current nu:0.27224076181929563
Optimizing nu
Mstep runtime (s): 0.22956299781799316
Finished EM iter: 11. Current nllh: 8067.866049148432
Starting EM iter: 12
Estep
Estep runtime (s): 0.09311628341674805
Mstep
Optimizing phi
Optimizing branch lengths. Current phi: 0. Current nu:0.2722353478256211
Optimizing nu
Mstep runtime (s): 0.2641868591308594
Finished EM iter: 12. Current nllh: 8067.866060658404
EM finished after 12 iterations.
Optimal phi: 0. Optimal nu: 0.27223216090787344. Optimal nllh: 8067.866060658404
Optimal point found for initial point 1
Numerical optimization finished successfully
Tree height pre-scaling: 0.7139522964336391, input timescale: 1.0
Tree height after scaling: 0.9999999999999998, mutation rate: 0.7139522964336391
Tree height pre-scaling: 0.7139522133073748, input timescale: 1.0
Tree height after scaling: 1.0, mutation rate: 0.7139522133073748
Tree height pre-scaling: 0.7139523606262603, input timescale: 1.0
Tree height after scaling: 1.0, mutation rate: 0.7139523606262603
Tree height pre-scaling: 0.7139522826411089, input timescale: 1.0
Tree height after scaling: 1.0, mutation rate: 0.7139522826411089
Tree height pre-scaling: 0.7139521708732004, input timescale: 1.0
Tree height after scaling: 1.0, mutation rate: 0.7139521708732004
Tree height pre-scaling: 0.7139522345560521, input timescale: 1.0
Tree height after scaling: 1.0, mutation rate: 0.7139522345560521
Tree height pre-scaling: 0.7139524890508919, input timescale: 1.0
Tree height after scaling: 0.9999999999999999, mutation rate: 0.7139524890508919
Tree height pre-scaling: 0.7139521828726865, input timescale: 1.0
Tree height after scaling: 1.0, mutation rate: 0.7139521828726865
Tree height pre-scaling: 0.71395235879514, input timescale: 1.0
Tree height after scaling: 1.0, mutation rate: 0.71395235879514
Tree height pre-scaling: 0.7139522985794287, input timescale: 1.0
Tree height after scaling: 1.0, mutation rate: 0.7139522985794287
Tree height pre-scaling: 0.7139520045497628, input timescale: 1.0
Tree height after scaling: 1.0, mutation rate: 0.7139520045497628
Tree height pre-scaling: 0.713952249349744, input timescale: 1.0
Tree height after scaling: 1.0, mutation rate: 0.713952249349744
Tree height pre-scaling: 0.7139523420487396, input timescale: 1.0
Tree height after scaling: 1.0, mutation rate: 0.7139523420487396
Tree height pre-scaling: 0.7139525959471285, input timescale: 1.0
Tree height after scaling: 1.0, mutation rate: 0.7139525959471285
Runtime (s): 4.344412666
