Launching LAML version 0.0.4
LAML was called as follows: /Users/uym2/my_gits/LAML/run_laml.py -c ../../evaluation/Bar11/Bar11_character_matrix.txt -t place_outlier9/augmented_tree_358.nwk -o place_outlier9/augmented_tree_358_optimized -v -p ../../evaluation/Bar11/Bar11_priors.pickle --delimiter tab -m -1 --nInitials 1
Prior keys mismatch with site names.
Prior keys: [0, 1, 2, 3, 4, 5, 6, 7, 8, 9, 10, 11, 12, 13, 14, 15, 16, 17, 18, 19, 20, 21, 22, 23, 24, 25, 26]
Site names: ['r1', 'r2', 'r3', 'r4', 'r5', 'r6', 'r7', 'r8', 'r9', 'r10', 'r11', 'r12', 'r13', 'r14', 'r15', 'r16', 'r17', 'r18', 'r19', 'r20', 'r21', 'r22', 'r23', 'r24', 'r25', 'r26', 'r27']
Attempting to infer mapping between site names and prior keys...
{'r1': 0, 'r2': 1, 'r3': 2, 'r4': 3, 'r5': 4, 'r6': 5, 'r7': 6, 'r8': 7, 'r9': 8, 'r10': 9, 'r11': 10, 'r12': 11, 'r13': 12, 'r14': 13, 'r15': 14, 'r16': 15, 'r17': 16, 'r18': 17, 'r19': 18, 'r20': 19, 'r21': 20, 'r22': 21, 'r23': 22, 'r24': 23, 'r25': 24, 'r26': 25, 'r27': 26}
Optimizing branch lengths, phi, and nu without topology search
Optimization by EM algorithm
Optimization start with 1 initials
Initial point 1. Random seed: 451
Numerical optimization started with ultrametric constraint (default)
Initial phi: 0. Initial nu: 0.26955655566205877. Initial nllh: 9755.440193876928
Starting EM iter: 1
Estep
Estep runtime (s): 0.06907892227172852
Mstep
Optimizing phi
Optimizing branch lengths. Current phi: 0. Current nu:0.26955655566205877
Optimizing nu
Mstep runtime (s): 0.2780952453613281
Finished EM iter: 1. Current nllh: 8050.216159382882
Starting EM iter: 2
Estep
Estep runtime (s): 0.09324502944946289
Mstep
Optimizing phi
Optimizing branch lengths. Current phi: 0. Current nu:0.27835438931092626
Optimizing nu
Mstep runtime (s): 0.21334481239318848
Finished EM iter: 2. Current nllh: 8018.858444682059
Starting EM iter: 3
Estep
Estep runtime (s): 0.09262490272521973
Mstep
Optimizing phi
Optimizing branch lengths. Current phi: 0. Current nu:0.27760763470449634
Optimizing nu
Mstep runtime (s): 0.22920775413513184
Finished EM iter: 3. Current nllh: 8014.629565097839
Starting EM iter: 4
Estep
Estep runtime (s): 0.09349513053894043
Mstep
Optimizing phi
Optimizing branch lengths. Current phi: 0. Current nu:0.276306859522625
Optimizing nu
Mstep runtime (s): 0.26614809036254883
Finished EM iter: 4. Current nllh: 8014.1436536029805
Starting EM iter: 5
Estep
Estep runtime (s): 0.09316277503967285
Mstep
Optimizing phi
Optimizing branch lengths. Current phi: 0. Current nu:0.2756176391313479
Optimizing nu
Mstep runtime (s): 0.21751713752746582
Finished EM iter: 5. Current nllh: 8014.045318640831
Starting EM iter: 6
Estep
Estep runtime (s): 0.09360933303833008
Mstep
Optimizing phi
Optimizing branch lengths. Current phi: 0. Current nu:0.2753611676935335
Optimizing nu
Mstep runtime (s): 0.23560094833374023
Finished EM iter: 6. Current nllh: 8014.005723556724
Starting EM iter: 7
Estep
Estep runtime (s): 0.09371018409729004
Mstep
Optimizing phi
Optimizing branch lengths. Current phi: 0. Current nu:0.2752673710049487
Optimizing nu
Mstep runtime (s): 0.22229599952697754
Finished EM iter: 7. Current nllh: 8013.983029340331
Starting EM iter: 8
Estep
Estep runtime (s): 0.0935518741607666
Mstep
Optimizing phi
Optimizing branch lengths. Current phi: 0. Current nu:0.27523323072857786
Optimizing nu
Mstep runtime (s): 0.2375321388244629
Finished EM iter: 8. Current nllh: 8013.968034156475
Starting EM iter: 9
Estep
Estep runtime (s): 0.09344720840454102
Mstep
Optimizing phi
Optimizing branch lengths. Current phi: 0. Current nu:0.27521996721185216
Optimizing nu
Mstep runtime (s): 0.2428741455078125
Finished EM iter: 9. Current nllh: 8013.9574441553195
Starting EM iter: 10
Estep
Estep runtime (s): 0.09344720840454102
Mstep
Optimizing phi
Optimizing branch lengths. Current phi: 0. Current nu:0.27521530045076115
Optimizing nu
Mstep runtime (s): 0.22521710395812988
Finished EM iter: 10. Current nllh: 8013.950953598694
Starting EM iter: 11
Estep
Estep runtime (s): 0.09360885620117188
Mstep
Optimizing phi
Optimizing branch lengths. Current phi: 0. Current nu:0.2752117163676556
Optimizing nu
Mstep runtime (s): 0.23072504997253418
Finished EM iter: 11. Current nllh: 8013.951037458513
Starting EM iter: 12
Estep
Estep runtime (s): 0.09319090843200684
Mstep
Optimizing phi
Optimizing branch lengths. Current phi: 0. Current nu:0.27520598017478454
Optimizing nu
Mstep runtime (s): 0.21362709999084473
Finished EM iter: 12. Current nllh: 8013.951140099529
Starting EM iter: 13
Estep
Estep runtime (s): 0.09345579147338867
Mstep
Optimizing phi
Optimizing branch lengths. Current phi: 0. Current nu:0.275203768777077
Optimizing nu
Mstep runtime (s): 0.22065186500549316
Finished EM iter: 13. Current nllh: 8013.951187067106
EM finished after 13 iterations.
Optimal phi: 0. Optimal nu: 0.2752029301948563. Optimal nllh: 8013.951187067106
Optimal point found for initial point 1
Numerical optimization finished successfully
Tree height pre-scaling: 0.7041262877141617, input timescale: 1.0
Tree height after scaling: 1.0, mutation rate: 0.7041262877141617
Tree height pre-scaling: 0.704126287716957, input timescale: 1.0
Tree height after scaling: 1.0, mutation rate: 0.704126287716957
Tree height pre-scaling: 0.7041262877296273, input timescale: 1.0
Tree height after scaling: 1.0, mutation rate: 0.7041262877296273
Tree height pre-scaling: 0.7041262877483037, input timescale: 1.0
Tree height after scaling: 1.0, mutation rate: 0.7041262877483037
Tree height pre-scaling: 0.7041262877548735, input timescale: 1.0
Tree height after scaling: 1.0000000000000002, mutation rate: 0.7041262877548735
Tree height pre-scaling: 0.7041262877226783, input timescale: 1.0
Tree height after scaling: 1.0, mutation rate: 0.7041262877226783
Tree height pre-scaling: 0.704126287708557, input timescale: 1.0
Tree height after scaling: 1.0, mutation rate: 0.704126287708557
Tree height pre-scaling: 0.7041262877519401, input timescale: 1.0
Tree height after scaling: 0.9999999999999999, mutation rate: 0.7041262877519401
Tree height pre-scaling: 0.7041262877115315, input timescale: 1.0
Tree height after scaling: 1.0, mutation rate: 0.7041262877115315
Tree height pre-scaling: 0.7041262877157092, input timescale: 1.0
Tree height after scaling: 0.9999999999999999, mutation rate: 0.7041262877157092
Tree height pre-scaling: 0.7041262877195912, input timescale: 1.0
Tree height after scaling: 1.0, mutation rate: 0.7041262877195912
Tree height pre-scaling: 0.7041262877289779, input timescale: 1.0
Tree height after scaling: 1.0, mutation rate: 0.7041262877289779
Tree height pre-scaling: 0.7041262877120427, input timescale: 1.0
Tree height after scaling: 1.0, mutation rate: 0.7041262877120427
Tree height pre-scaling: 0.7041262876950598, input timescale: 1.0
Tree height after scaling: 1.0, mutation rate: 0.7041262876950598
Runtime (s): 4.7361714589999995
