Launching LAML version 0.0.4
LAML was called as follows: /Users/uym2/my_gits/LAML/run_laml.py -c ../../evaluation/Bar11/Bar11_character_matrix.txt -t place_outlier9/augmented_tree_85.nwk -o place_outlier9/augmented_tree_85_optimized -v -p ../../evaluation/Bar11/Bar11_priors.pickle --delimiter tab -m -1 --nInitials 1
Prior keys mismatch with site names.
Prior keys: [0, 1, 2, 3, 4, 5, 6, 7, 8, 9, 10, 11, 12, 13, 14, 15, 16, 17, 18, 19, 20, 21, 22, 23, 24, 25, 26]
Site names: ['r1', 'r2', 'r3', 'r4', 'r5', 'r6', 'r7', 'r8', 'r9', 'r10', 'r11', 'r12', 'r13', 'r14', 'r15', 'r16', 'r17', 'r18', 'r19', 'r20', 'r21', 'r22', 'r23', 'r24', 'r25', 'r26', 'r27']
Attempting to infer mapping between site names and prior keys...
{'r1': 0, 'r2': 1, 'r3': 2, 'r4': 3, 'r5': 4, 'r6': 5, 'r7': 6, 'r8': 7, 'r9': 8, 'r10': 9, 'r11': 10, 'r12': 11, 'r13': 12, 'r14': 13, 'r15': 14, 'r16': 15, 'r17': 16, 'r18': 17, 'r19': 18, 'r20': 19, 'r21': 20, 'r22': 21, 'r23': 22, 'r24': 23, 'r25': 24, 'r26': 25, 'r27': 26}
Optimizing branch lengths, phi, and nu without topology search
Optimization by EM algorithm
Optimization start with 1 initials
Initial point 1. Random seed: 5952
Numerical optimization started with ultrametric constraint (default)
Initial phi: 0. Initial nu: 0.26955655566205877. Initial nllh: 9909.40381188918
Starting EM iter: 1
Estep
Estep runtime (s): 0.07080602645874023
Mstep
Optimizing phi
Optimizing branch lengths. Current phi: 0. Current nu:0.26955655566205877
Optimizing nu
Mstep runtime (s): 0.2677001953125
Finished EM iter: 1. Current nllh: 8160.565139507208
Starting EM iter: 2
Estep
Estep runtime (s): 0.09244394302368164
Mstep
Optimizing phi
Optimizing branch lengths. Current phi: 0. Current nu:0.27892309293671136
Optimizing nu
Mstep runtime (s): 0.20391607284545898
Finished EM iter: 2. Current nllh: 8135.136261355502
Starting EM iter: 3
Estep
Estep runtime (s): 0.09359884262084961
Mstep
Optimizing phi
Optimizing branch lengths. Current phi: 0. Current nu:0.2775489730533924
Optimizing nu
Mstep runtime (s): 0.21198201179504395
Finished EM iter: 3. Current nllh: 8130.56050805049
Starting EM iter: 4
Estep
Estep runtime (s): 0.09285998344421387
Mstep
Optimizing phi
Optimizing branch lengths. Current phi: 0. Current nu:0.27540910600552715
Optimizing nu
Mstep runtime (s): 0.21898603439331055
Finished EM iter: 4. Current nllh: 8129.543551712923
Starting EM iter: 5
Estep
Estep runtime (s): 0.09191489219665527
Mstep
Optimizing phi
Optimizing branch lengths. Current phi: 0. Current nu:0.27415483463520907
Optimizing nu
Mstep runtime (s): 0.22247004508972168
Finished EM iter: 5. Current nllh: 8129.3070468952155
Starting EM iter: 6
Estep
Estep runtime (s): 0.09337329864501953
Mstep
Optimizing phi
Optimizing branch lengths. Current phi: 0. Current nu:0.2735772265613866
Optimizing nu
Mstep runtime (s): 0.2085859775543213
Finished EM iter: 6. Current nllh: 8129.251311378724
Starting EM iter: 7
Estep
Estep runtime (s): 0.09357166290283203
Mstep
Optimizing phi
Optimizing branch lengths. Current phi: 0. Current nu:0.2733311652780064
Optimizing nu
Mstep runtime (s): 0.1982128620147705
Finished EM iter: 7. Current nllh: 8129.223011467289
Starting EM iter: 8
Estep
Estep runtime (s): 0.09198212623596191
Mstep
Optimizing phi
Optimizing branch lengths. Current phi: 0. Current nu:0.2732346357230693
Optimizing nu
Mstep runtime (s): 0.20069360733032227
Finished EM iter: 8. Current nllh: 8129.2047534162675
Starting EM iter: 9
Estep
Estep runtime (s): 0.09359216690063477
Mstep
Optimizing phi
Optimizing branch lengths. Current phi: 0. Current nu:0.27319707419062045
Optimizing nu
Mstep runtime (s): 0.2724339962005615
Finished EM iter: 9. Current nllh: 8129.192092841668
Starting EM iter: 10
Estep
Estep runtime (s): 0.09229111671447754
Mstep
Optimizing phi
Optimizing branch lengths. Current phi: 0. Current nu:0.27318162055371503
Optimizing nu
Mstep runtime (s): 0.21024417877197266
Finished EM iter: 10. Current nllh: 8129.183071623367
Starting EM iter: 11
Estep
Estep runtime (s): 0.09311890602111816
Mstep
Optimizing phi
Optimizing branch lengths. Current phi: 0. Current nu:0.2731756831665702
Optimizing nu
Mstep runtime (s): 0.26517605781555176
Finished EM iter: 11. Current nllh: 8129.179925231258
Starting EM iter: 12
Estep
Estep runtime (s): 0.09329485893249512
Mstep
Optimizing phi
Optimizing branch lengths. Current phi: 0. Current nu:0.27316993973551085
Optimizing nu
Mstep runtime (s): 0.210831880569458
Finished EM iter: 12. Current nllh: 8129.180068678009
Starting EM iter: 13
Estep
Estep runtime (s): 0.09277200698852539
Mstep
Optimizing phi
Optimizing branch lengths. Current phi: 0. Current nu:0.2731667123287648
Optimizing nu
Mstep runtime (s): 0.26169800758361816
Finished EM iter: 13. Current nllh: 8129.18006698138
EM finished after 13 iterations.
Optimal phi: 0. Optimal nu: 0.27316523206016496. Optimal nllh: 8129.18006698138
Optimal point found for initial point 1
Numerical optimization finished successfully
Tree height pre-scaling: 0.714995351686105, input timescale: 1.0
Tree height after scaling: 0.9999999999999999, mutation rate: 0.714995351686105
Tree height pre-scaling: 0.7149953032696881, input timescale: 1.0
Tree height after scaling: 1.0, mutation rate: 0.7149953032696881
Tree height pre-scaling: 0.7149953884888569, input timescale: 1.0
Tree height after scaling: 1.0, mutation rate: 0.7149953884888569
Tree height pre-scaling: 0.7149953422893773, input timescale: 1.0
Tree height after scaling: 1.0000000000000002, mutation rate: 0.7149953422893773
Tree height pre-scaling: 0.7149952786647427, input timescale: 1.0
Tree height after scaling: 1.0, mutation rate: 0.7149952786647427
Tree height pre-scaling: 0.7149953155784876, input timescale: 1.0
Tree height after scaling: 0.9999999999999999, mutation rate: 0.7149953155784876
Tree height pre-scaling: 0.7149954604282347, input timescale: 1.0
Tree height after scaling: 1.0, mutation rate: 0.7149954604282347
Tree height pre-scaling: 0.7149952854935269, input timescale: 1.0
Tree height after scaling: 0.9999999999999999, mutation rate: 0.7149952854935269
Tree height pre-scaling: 0.7149953850082824, input timescale: 1.0
Tree height after scaling: 1.0, mutation rate: 0.7149953850082824
Tree height pre-scaling: 0.7149953488347002, input timescale: 1.0
Tree height after scaling: 1.0, mutation rate: 0.7149953488347002
Tree height pre-scaling: 0.7149951831319986, input timescale: 1.0
Tree height after scaling: 1.0, mutation rate: 0.7149951831319986
Tree height pre-scaling: 0.7149953223196429, input timescale: 1.0
Tree height after scaling: 0.9999999999999999, mutation rate: 0.7149953223196429
Tree height pre-scaling: 0.7149953772863288, input timescale: 1.0
Tree height after scaling: 1.0, mutation rate: 0.7149953772863288
Tree height pre-scaling: 0.7149955451614405, input timescale: 1.0
Tree height after scaling: 1.0, mutation rate: 0.7149955451614405
Runtime (s): 4.65280025
