Launching LAML version 0.0.4
LAML was called as follows: /Users/uym2/my_gits/LAML/run_laml.py -c ../../evaluation/Bar11/Bar11_character_matrix.txt -t place_outlier9/augmented_tree_22.nwk -o place_outlier9/augmented_tree_22_optimized -v -p ../../evaluation/Bar11/Bar11_priors.pickle --delimiter tab -m -1 --nInitials 1
Prior keys mismatch with site names.
Prior keys: [0, 1, 2, 3, 4, 5, 6, 7, 8, 9, 10, 11, 12, 13, 14, 15, 16, 17, 18, 19, 20, 21, 22, 23, 24, 25, 26]
Site names: ['r1', 'r2', 'r3', 'r4', 'r5', 'r6', 'r7', 'r8', 'r9', 'r10', 'r11', 'r12', 'r13', 'r14', 'r15', 'r16', 'r17', 'r18', 'r19', 'r20', 'r21', 'r22', 'r23', 'r24', 'r25', 'r26', 'r27']
Attempting to infer mapping between site names and prior keys...
{'r1': 0, 'r2': 1, 'r3': 2, 'r4': 3, 'r5': 4, 'r6': 5, 'r7': 6, 'r8': 7, 'r9': 8, 'r10': 9, 'r11': 10, 'r12': 11, 'r13': 12, 'r14': 13, 'r15': 14, 'r16': 15, 'r17': 16, 'r18': 17, 'r19': 18, 'r20': 19, 'r21': 20, 'r22': 21, 'r23': 22, 'r24': 23, 'r25': 24, 'r26': 25, 'r27': 26}
Optimizing branch lengths, phi, and nu without topology search
Optimization by EM algorithm
Optimization start with 1 initials
Initial point 1. Random seed: 8962
Numerical optimization started with ultrametric constraint (default)
Initial phi: 0. Initial nu: 0.26955655566205877. Initial nllh: 9612.010335429211
Starting EM iter: 1
Estep
Estep runtime (s): 0.06867504119873047
Mstep
Optimizing phi
Optimizing branch lengths. Current phi: 0. Current nu:0.26955655566205877
Optimizing nu
Mstep runtime (s): 0.24095797538757324
Finished EM iter: 1. Current nllh: 8036.28541273468
Starting EM iter: 2
Estep
Estep runtime (s): 0.09281611442565918
Mstep
Optimizing phi
Optimizing branch lengths. Current phi: 0. Current nu:0.27481744626136423
Optimizing nu
Mstep runtime (s): 0.2162930965423584
Finished EM iter: 2. Current nllh: 8015.239574077412
Starting EM iter: 3
Estep
Estep runtime (s): 0.09308600425720215
Mstep
Optimizing phi
Optimizing branch lengths. Current phi: 0. Current nu:0.2730573612774489
Optimizing nu
Mstep runtime (s): 0.22813701629638672
Finished EM iter: 3. Current nllh: 8012.733604801883
Starting EM iter: 4
Estep
Estep runtime (s): 0.09302282333374023
Mstep
Optimizing phi
Optimizing branch lengths. Current phi: 0. Current nu:0.2719938116708359
Optimizing nu
Mstep runtime (s): 0.25093674659729004
Finished EM iter: 4. Current nllh: 8012.252999131202
Starting EM iter: 5
Estep
Estep runtime (s): 0.09222817420959473
Mstep
Optimizing phi
Optimizing branch lengths. Current phi: 0. Current nu:0.271539805685072
Optimizing nu
Mstep runtime (s): 0.22444987297058105
Finished EM iter: 5. Current nllh: 8012.135592063227
Starting EM iter: 6
Estep
Estep runtime (s): 0.09297823905944824
Mstep
Optimizing phi
Optimizing branch lengths. Current phi: 0. Current nu:0.2713563627655136
Optimizing nu
Mstep runtime (s): 0.23881030082702637
Finished EM iter: 6. Current nllh: 8012.094691367639
Starting EM iter: 7
Estep
Estep runtime (s): 0.09327411651611328
Mstep
Optimizing phi
Optimizing branch lengths. Current phi: 0. Current nu:0.271281410083334
Optimizing nu
Mstep runtime (s): 0.26756811141967773
Finished EM iter: 7. Current nllh: 8012.069816908125
Starting EM iter: 8
Estep
Estep runtime (s): 0.09345197677612305
Mstep
Optimizing phi
Optimizing branch lengths. Current phi: 0. Current nu:0.271252041799082
Optimizing nu
Mstep runtime (s): 0.24977803230285645
Finished EM iter: 8. Current nllh: 8012.053194468078
Starting EM iter: 9
Estep
Estep runtime (s): 0.09331393241882324
Mstep
Optimizing phi
Optimizing branch lengths. Current phi: 0. Current nu:0.27124014952079173
Optimizing nu
Mstep runtime (s): 0.2150418758392334
Finished EM iter: 9. Current nllh: 8012.041770594396
Starting EM iter: 10
Estep
Estep runtime (s): 0.0934290885925293
Mstep
Optimizing phi
Optimizing branch lengths. Current phi: 0. Current nu:0.2712340804349181
Optimizing nu
Mstep runtime (s): 0.19992399215698242
Finished EM iter: 10. Current nllh: 8012.03356832937
Starting EM iter: 11
Estep
Estep runtime (s): 0.09342694282531738
Mstep
Optimizing phi
Optimizing branch lengths. Current phi: 0. Current nu:0.27123121074706374
Optimizing nu
Mstep runtime (s): 0.24018621444702148
Finished EM iter: 11. Current nllh: 8012.033043536731
Starting EM iter: 12
Estep
Estep runtime (s): 0.09221124649047852
Mstep
Optimizing phi
Optimizing branch lengths. Current phi: 0. Current nu:0.27122570307656746
Optimizing nu
Mstep runtime (s): 0.2629430294036865
Finished EM iter: 12. Current nllh: 8012.033120761186
EM finished after 12 iterations.
Optimal phi: 0. Optimal nu: 0.2712234734453712. Optimal nllh: 8012.033120761186
Optimal point found for initial point 1
Numerical optimization finished successfully
Tree height pre-scaling: 0.7113658564066847, input timescale: 1.0
Tree height after scaling: 0.9999999999999999, mutation rate: 0.7113658564066847
Tree height pre-scaling: 0.7113658563880423, input timescale: 1.0
Tree height after scaling: 0.9999999999999998, mutation rate: 0.7113658563880423
Tree height pre-scaling: 0.7113658564221912, input timescale: 1.0
Tree height after scaling: 1.0000000000000002, mutation rate: 0.7113658564221912
Tree height pre-scaling: 0.7113658564049679, input timescale: 1.0
Tree height after scaling: 1.0, mutation rate: 0.7113658564049679
Tree height pre-scaling: 0.7113658563762154, input timescale: 1.0
Tree height after scaling: 1.0, mutation rate: 0.7113658563762154
Tree height pre-scaling: 0.7113658563921326, input timescale: 1.0
Tree height after scaling: 1.0, mutation rate: 0.7113658563921326
Tree height pre-scaling: 0.7113658564526464, input timescale: 1.0
Tree height after scaling: 0.9999999999999999, mutation rate: 0.7113658564526464
Tree height pre-scaling: 0.7113658563819121, input timescale: 1.0
Tree height after scaling: 0.9999999999999999, mutation rate: 0.7113658563819121
Tree height pre-scaling: 0.71136585642204, input timescale: 1.0
Tree height after scaling: 1.0, mutation rate: 0.71136585642204
Tree height pre-scaling: 0.7113658564081689, input timescale: 1.0
Tree height after scaling: 1.0, mutation rate: 0.7113658564081689
Tree height pre-scaling: 0.7113658564402374, input timescale: 1.0
Tree height after scaling: 1.0000000000000002, mutation rate: 0.7113658564402374
Tree height pre-scaling: 0.7113658564291616, input timescale: 1.0
Tree height after scaling: 1.0, mutation rate: 0.7113658564291616
Tree height pre-scaling: 0.7113658564274061, input timescale: 1.0
Tree height after scaling: 1.0, mutation rate: 0.7113658564274061
Tree height pre-scaling: 0.711365856339663, input timescale: 1.0
Tree height after scaling: 1.0, mutation rate: 0.711365856339663
Runtime (s): 4.418135041999999
