Launching LAML version 0.0.4
LAML was called as follows: /Users/uym2/my_gits/LAML/run_laml.py -c ../../evaluation/Bar11/Bar11_character_matrix.txt -t place_outlier9/augmented_tree_15.nwk -o place_outlier9/augmented_tree_15_optimized -v -p ../../evaluation/Bar11/Bar11_priors.pickle --delimiter tab -m -1 --nInitials 1
Prior keys mismatch with site names.
Prior keys: [0, 1, 2, 3, 4, 5, 6, 7, 8, 9, 10, 11, 12, 13, 14, 15, 16, 17, 18, 19, 20, 21, 22, 23, 24, 25, 26]
Site names: ['r1', 'r2', 'r3', 'r4', 'r5', 'r6', 'r7', 'r8', 'r9', 'r10', 'r11', 'r12', 'r13', 'r14', 'r15', 'r16', 'r17', 'r18', 'r19', 'r20', 'r21', 'r22', 'r23', 'r24', 'r25', 'r26', 'r27']
Attempting to infer mapping between site names and prior keys...
{'r1': 0, 'r2': 1, 'r3': 2, 'r4': 3, 'r5': 4, 'r6': 5, 'r7': 6, 'r8': 7, 'r9': 8, 'r10': 9, 'r11': 10, 'r12': 11, 'r13': 12, 'r14': 13, 'r15': 14, 'r16': 15, 'r17': 16, 'r18': 17, 'r19': 18, 'r20': 19, 'r21': 20, 'r22': 21, 'r23': 22, 'r24': 23, 'r25': 24, 'r26': 25, 'r27': 26}
Optimizing branch lengths, phi, and nu without topology search
Optimization by EM algorithm
Optimization start with 1 initials
Initial point 1. Random seed: 2456
Numerical optimization started with ultrametric constraint (default)
Initial phi: 0. Initial nu: 0.26955655566205877. Initial nllh: 9596.112886777859
Starting EM iter: 1
Estep
Estep runtime (s): 0.06947493553161621
Mstep
Optimizing phi
Optimizing branch lengths. Current phi: 0. Current nu:0.26955655566205877
Optimizing nu
Mstep runtime (s): 0.24098801612854004
Finished EM iter: 1. Current nllh: 8026.479974068989
Starting EM iter: 2
Estep
Estep runtime (s): 0.09512996673583984
Mstep
Optimizing phi
Optimizing branch lengths. Current phi: 0. Current nu:0.27463920422521176
Optimizing nu
Mstep runtime (s): 0.23865485191345215
Finished EM iter: 2. Current nllh: 8006.158757103823
Starting EM iter: 3
Estep
Estep runtime (s): 0.09526300430297852
Mstep
Optimizing phi
Optimizing branch lengths. Current phi: 0. Current nu:0.27253202646845776
Optimizing nu
Mstep runtime (s): 0.24103307723999023
Finished EM iter: 3. Current nllh: 8003.873918303056
Starting EM iter: 4
Estep
Estep runtime (s): 0.09468507766723633
Mstep
Optimizing phi
Optimizing branch lengths. Current phi: 0. Current nu:0.2713008692214102
Optimizing nu
Mstep runtime (s): 0.2072620391845703
Finished EM iter: 4. Current nllh: 8003.453158952403
Starting EM iter: 5
Estep
Estep runtime (s): 0.09483790397644043
Mstep
Optimizing phi
Optimizing branch lengths. Current phi: 0. Current nu:0.27078542448821274
Optimizing nu
Mstep runtime (s): 0.24493002891540527
Finished EM iter: 5. Current nllh: 8003.343287017125
Starting EM iter: 6
Estep
Estep runtime (s): 0.09522414207458496
Mstep
Optimizing phi
Optimizing branch lengths. Current phi: 0. Current nu:0.2705820665998896
Optimizing nu
Mstep runtime (s): 0.2310173511505127
Finished EM iter: 6. Current nllh: 8003.30243302298
Starting EM iter: 7
Estep
Estep runtime (s): 0.09433293342590332
Mstep
Optimizing phi
Optimizing branch lengths. Current phi: 0. Current nu:0.2705015480280671
Optimizing nu
Mstep runtime (s): 0.22268295288085938
Finished EM iter: 7. Current nllh: 8003.277536792973
Starting EM iter: 8
Estep
Estep runtime (s): 0.09561610221862793
Mstep
Optimizing phi
Optimizing branch lengths. Current phi: 0. Current nu:0.2704700461682242
Optimizing nu
Mstep runtime (s): 0.2380080223083496
Finished EM iter: 8. Current nllh: 8003.260923525012
Starting EM iter: 9
Estep
Estep runtime (s): 0.0955660343170166
Mstep
Optimizing phi
Optimizing branch lengths. Current phi: 0. Current nu:0.270456292791454
Optimizing nu
Mstep runtime (s): 0.24849915504455566
Finished EM iter: 9. Current nllh: 8003.249439936167
Starting EM iter: 10
Estep
Estep runtime (s): 0.09580874443054199
Mstep
Optimizing phi
Optimizing branch lengths. Current phi: 0. Current nu:0.2704492678409843
Optimizing nu
Mstep runtime (s): 0.20668506622314453
Finished EM iter: 10. Current nllh: 8003.241259886522
Starting EM iter: 11
Estep
Estep runtime (s): 0.0955667495727539
Mstep
Optimizing phi
Optimizing branch lengths. Current phi: 0. Current nu:0.2704468275013085
Optimizing nu
Mstep runtime (s): 0.2443220615386963
Finished EM iter: 11. Current nllh: 8003.240667783487
Starting EM iter: 12
Estep
Estep runtime (s): 0.09567999839782715
Mstep
Optimizing phi
Optimizing branch lengths. Current phi: 0. Current nu:0.2704413179448706
Optimizing nu
Mstep runtime (s): 0.23278212547302246
Finished EM iter: 12. Current nllh: 8003.240760449354
Starting EM iter: 13
Estep
Estep runtime (s): 0.09511184692382812
Mstep
Optimizing phi
Optimizing branch lengths. Current phi: 0. Current nu:0.27043890954557087
Optimizing nu
Mstep runtime (s): 0.21341586112976074
Finished EM iter: 13. Current nllh: 8003.240817782117
EM finished after 13 iterations.
Optimal phi: 0. Optimal nu: 0.2704385162384646. Optimal nllh: 8003.240817782117
Optimal point found for initial point 1
Numerical optimization finished successfully
Tree height pre-scaling: 0.7119701375172331, input timescale: 1.0
Tree height after scaling: 1.0, mutation rate: 0.7119701375172331
Tree height pre-scaling: 0.7119701374062839, input timescale: 1.0
Tree height after scaling: 1.0, mutation rate: 0.7119701374062839
Tree height pre-scaling: 0.711970137609646, input timescale: 1.0
Tree height after scaling: 1.0, mutation rate: 0.711970137609646
Tree height pre-scaling: 0.7119701375062895, input timescale: 1.0
Tree height after scaling: 1.0000000000000002, mutation rate: 0.7119701375062895
Tree height pre-scaling: 0.7119701373340469, input timescale: 1.0
Tree height after scaling: 1.0, mutation rate: 0.7119701373340469
Tree height pre-scaling: 0.7119701374304683, input timescale: 1.0
Tree height after scaling: 1.0, mutation rate: 0.7119701374304683
Tree height pre-scaling: 0.7119701377906953, input timescale: 1.0
Tree height after scaling: 1.0, mutation rate: 0.7119701377906953
Tree height pre-scaling: 0.7119701373702083, input timescale: 1.0
Tree height after scaling: 1.0, mutation rate: 0.7119701373702083
Tree height pre-scaling: 0.7119701376106568, input timescale: 1.0
Tree height after scaling: 1.0, mutation rate: 0.7119701376106568
Tree height pre-scaling: 0.7119701375246686, input timescale: 1.0
Tree height after scaling: 1.0, mutation rate: 0.7119701375246686
Tree height pre-scaling: 0.7119701377155545, input timescale: 1.0
Tree height after scaling: 1.0, mutation rate: 0.7119701377155545
Tree height pre-scaling: 0.7119701376498337, input timescale: 1.0
Tree height after scaling: 1.0, mutation rate: 0.7119701376498337
Tree height pre-scaling: 0.7119701376387318, input timescale: 1.0
Tree height after scaling: 1.0, mutation rate: 0.7119701376387318
Tree height pre-scaling: 0.7119701373261241, input timescale: 1.0
Tree height after scaling: 1.0, mutation rate: 0.7119701373261241
Runtime (s): 4.748045208
