Launching LAML version 0.0.4
LAML was called as follows: /Users/uym2/my_gits/LAML/run_laml.py -c ../../evaluation/Bar11/Bar11_character_matrix.txt -t place_outlier9/augmented_tree_161.nwk -o place_outlier9/augmented_tree_161_optimized -v -p ../../evaluation/Bar11/Bar11_priors.pickle --delimiter tab -m -1 --nInitials 1
Prior keys mismatch with site names.
Prior keys: [0, 1, 2, 3, 4, 5, 6, 7, 8, 9, 10, 11, 12, 13, 14, 15, 16, 17, 18, 19, 20, 21, 22, 23, 24, 25, 26]
Site names: ['r1', 'r2', 'r3', 'r4', 'r5', 'r6', 'r7', 'r8', 'r9', 'r10', 'r11', 'r12', 'r13', 'r14', 'r15', 'r16', 'r17', 'r18', 'r19', 'r20', 'r21', 'r22', 'r23', 'r24', 'r25', 'r26', 'r27']
Attempting to infer mapping between site names and prior keys...
{'r1': 0, 'r2': 1, 'r3': 2, 'r4': 3, 'r5': 4, 'r6': 5, 'r7': 6, 'r8': 7, 'r9': 8, 'r10': 9, 'r11': 10, 'r12': 11, 'r13': 12, 'r14': 13, 'r15': 14, 'r16': 15, 'r17': 16, 'r18': 17, 'r19': 18, 'r20': 19, 'r21': 20, 'r22': 21, 'r23': 22, 'r24': 23, 'r25': 24, 'r26': 25, 'r27': 26}
Optimizing branch lengths, phi, and nu without topology search
Optimization by EM algorithm
Optimization start with 1 initials
Initial point 1. Random seed: 1563
Numerical optimization started with ultrametric constraint (default)
Initial phi: 0. Initial nu: 0.26955655566205877. Initial nllh: 10409.034913454323
Starting EM iter: 1
Estep
Estep runtime (s): 0.06898093223571777
Mstep
Optimizing phi
Optimizing branch lengths. Current phi: 0. Current nu:0.26955655566205877
Optimizing nu
Mstep runtime (s): 0.2296440601348877
Finished EM iter: 1. Current nllh: 8263.191625252
Starting EM iter: 2
Estep
Estep runtime (s): 0.09320712089538574
Mstep
Optimizing phi
Optimizing branch lengths. Current phi: 0. Current nu:0.2719049902190515
Optimizing nu
Mstep runtime (s): 0.24662494659423828
Finished EM iter: 2. Current nllh: 8238.844974519887
Starting EM iter: 3
Estep
Estep runtime (s): 0.09325885772705078
Mstep
Optimizing phi
Optimizing branch lengths. Current phi: 0. Current nu:0.2687104962250177
Optimizing nu
Mstep runtime (s): 0.2020730972290039
Finished EM iter: 3. Current nllh: 8235.595402248726
Starting EM iter: 4
Estep
Estep runtime (s): 0.0932309627532959
Mstep
Optimizing phi
Optimizing branch lengths. Current phi: 0. Current nu:0.2665120711250336
Optimizing nu
Mstep runtime (s): 0.19994187355041504
Finished EM iter: 4. Current nllh: 8235.238948696533
Starting EM iter: 5
Estep
Estep runtime (s): 0.09347414970397949
Mstep
Optimizing phi
Optimizing branch lengths. Current phi: 0. Current nu:0.2654545921453518
Optimizing nu
Mstep runtime (s): 0.2014777660369873
Finished EM iter: 5. Current nllh: 8235.186007849672
Starting EM iter: 6
Estep
Estep runtime (s): 0.09337496757507324
Mstep
Optimizing phi
Optimizing branch lengths. Current phi: 0. Current nu:0.26504647062631764
Optimizing nu
Mstep runtime (s): 0.26900696754455566
Finished EM iter: 6. Current nllh: 8235.163668525105
Starting EM iter: 7
Estep
Estep runtime (s): 0.09197688102722168
Mstep
Optimizing phi
Optimizing branch lengths. Current phi: 0. Current nu:0.2648988203768237
Optimizing nu
Mstep runtime (s): 0.2249619960784912
Finished EM iter: 7. Current nllh: 8235.149955409766
Starting EM iter: 8
Estep
Estep runtime (s): 0.09337401390075684
Mstep
Optimizing phi
Optimizing branch lengths. Current phi: 0. Current nu:0.26484480609766947
Optimizing nu
Mstep runtime (s): 0.2341327667236328
Finished EM iter: 8. Current nllh: 8235.140391142582
Starting EM iter: 9
Estep
Estep runtime (s): 0.0946359634399414
Mstep
Optimizing phi
Optimizing branch lengths. Current phi: 0. Current nu:0.26482389889125796
Optimizing nu
Mstep runtime (s): 0.3007378578186035
Finished EM iter: 9. Current nllh: 8235.135671934535
Starting EM iter: 10
Estep
Estep runtime (s): 0.09352827072143555
Mstep
Optimizing phi
Optimizing branch lengths. Current phi: 0. Current nu:0.2648144143996976
Optimizing nu
Mstep runtime (s): 0.23264503479003906
Finished EM iter: 10. Current nllh: 8235.135517754366
Starting EM iter: 11
Estep
Estep runtime (s): 0.09366512298583984
Mstep
Optimizing phi
Optimizing branch lengths. Current phi: 0. Current nu:0.26480789349847433
Optimizing nu
Mstep runtime (s): 0.23139286041259766
Finished EM iter: 11. Current nllh: 8235.135709969902
Starting EM iter: 12
Estep
Estep runtime (s): 0.09329581260681152
Mstep
Optimizing phi
Optimizing branch lengths. Current phi: 0. Current nu:0.26480488098449634
Optimizing nu
Mstep runtime (s): 0.20020103454589844
Finished EM iter: 12. Current nllh: 8235.135745836573
EM finished after 12 iterations.
Optimal phi: 0. Optimal nu: 0.26480510239699856. Optimal nllh: 8235.135745836573
Optimal point found for initial point 1
Numerical optimization finished successfully
Tree height pre-scaling: 0.73041528745724, input timescale: 1.0
Tree height after scaling: 0.9999999999999999, mutation rate: 0.73041528745724
Tree height pre-scaling: 0.7304152873573002, input timescale: 1.0
Tree height after scaling: 1.0, mutation rate: 0.7304152873573002
Tree height pre-scaling: 0.7304152875280956, input timescale: 1.0
Tree height after scaling: 0.9999999999999999, mutation rate: 0.7304152875280956
Tree height pre-scaling: 0.7304152874197616, input timescale: 1.0
Tree height after scaling: 1.0, mutation rate: 0.7304152874197616
Tree height pre-scaling: 0.7304152872967856, input timescale: 1.0
Tree height after scaling: 1.0, mutation rate: 0.7304152872967856
Tree height pre-scaling: 0.73041528737887, input timescale: 1.0
Tree height after scaling: 1.0, mutation rate: 0.73041528737887
Tree height pre-scaling: 0.7304152876513152, input timescale: 1.0
Tree height after scaling: 1.0, mutation rate: 0.7304152876513152
Tree height pre-scaling: 0.7304152873254601, input timescale: 1.0
Tree height after scaling: 1.0, mutation rate: 0.7304152873254601
Tree height pre-scaling: 0.7304152874942738, input timescale: 1.0
Tree height after scaling: 0.9999999999999999, mutation rate: 0.7304152874942738
Tree height pre-scaling: 0.7304152871165115, input timescale: 1.0
Tree height after scaling: 1.0, mutation rate: 0.7304152871165115
Tree height pre-scaling: 0.7304152873636779, input timescale: 1.0
Tree height after scaling: 0.9999999999999999, mutation rate: 0.7304152873636779
Tree height pre-scaling: 0.7304152875090436, input timescale: 1.0
Tree height after scaling: 1.0, mutation rate: 0.7304152875090436
Tree height pre-scaling: 0.7304152875885698, input timescale: 1.0
Tree height after scaling: 1.0, mutation rate: 0.7304152875885698
Tree height pre-scaling: 0.730415288826177, input timescale: 1.0
Tree height after scaling: 1.0, mutation rate: 0.730415288826177
Runtime (s): 4.366249333
