Launching LAML version 0.0.4
LAML was called as follows: /Users/uym2/my_gits/LAML/run_laml.py -c ../../evaluation/Bar10/Bar10_character_matrix.txt -t place_outlier1/augmented_tree_348.nwk -o place_outlier1/augmented_tree_348_optimized -v -p ../../evaluation/Bar10/Bar10_priors.pickle --delimiter tab -m -1 --nInitials 1
Prior keys mismatch with site names.
Prior keys: [0, 1, 2, 3, 4, 5, 6, 7, 8, 9, 10, 11, 12, 13, 14, 15, 16, 17, 18, 19, 20, 21, 22, 23, 24, 25, 26, 27, 28, 29]
Site names: ['r1', 'r2', 'r3', 'r4', 'r5', 'r6', 'r7', 'r8', 'r9', 'r10', 'r11', 'r12', 'r13', 'r14', 'r15', 'r16', 'r17', 'r18', 'r19', 'r20', 'r21', 'r22', 'r23', 'r24', 'r25', 'r26', 'r27', 'r28', 'r29', 'r30']
Attempting to infer mapping between site names and prior keys...
{'r1': 0, 'r2': 1, 'r3': 2, 'r4': 3, 'r5': 4, 'r6': 5, 'r7': 6, 'r8': 7, 'r9': 8, 'r10': 9, 'r11': 10, 'r12': 11, 'r13': 12, 'r14': 13, 'r15': 14, 'r16': 15, 'r17': 16, 'r18': 17, 'r19': 18, 'r20': 19, 'r21': 20, 'r22': 21, 'r23': 22, 'r24': 23, 'r25': 24, 'r26': 25, 'r27': 26, 'r28': 27, 'r29': 28, 'r30': 29}
Optimizing branch lengths, phi, and nu without topology search
Optimization by EM algorithm
Optimization start with 1 initials
Initial point 1. Random seed: 4238
Numerical optimization started with ultrametric constraint (default)
Initial phi: 0. Initial nu: 0.26955655566205877. Initial nllh: 12934.420302042043
Starting EM iter: 1
Estep
Estep runtime (s): 0.10909104347229004
Mstep
Optimizing phi
Optimizing branch lengths. Current phi: 0. Current nu:0.26955655566205877
Optimizing nu
Mstep runtime (s): 0.3640110492706299
Finished EM iter: 1. Current nllh: 10590.958165669676
Starting EM iter: 2
Estep
Estep runtime (s): 0.14911699295043945
Mstep
Optimizing phi
Optimizing branch lengths. Current phi: 0. Current nu:0.28137819769454553
Optimizing nu
Mstep runtime (s): 0.318418025970459
Finished EM iter: 2. Current nllh: 10576.376539483641
Starting EM iter: 3
Estep
Estep runtime (s): 0.1464240550994873
Mstep
Optimizing phi
Optimizing branch lengths. Current phi: 0. Current nu:0.2845771126949431
Optimizing nu
Mstep runtime (s): 0.31931495666503906
Finished EM iter: 3. Current nllh: 10575.025006569947
Starting EM iter: 4
Estep
Estep runtime (s): 0.1458449363708496
Mstep
Optimizing phi
Optimizing branch lengths. Current phi: 0. Current nu:0.28563420251013705
Optimizing nu
Mstep runtime (s): 0.3442978858947754
Finished EM iter: 4. Current nllh: 10574.782451766258
Starting EM iter: 5
Estep
Estep runtime (s): 0.14593887329101562
Mstep
Optimizing phi
Optimizing branch lengths. Current phi: 0. Current nu:0.286076193400345
Optimizing nu
Mstep runtime (s): 0.3117189407348633
Finished EM iter: 5. Current nllh: 10574.703290076217
Starting EM iter: 6
Estep
Estep runtime (s): 0.14566683769226074
Mstep
Optimizing phi
Optimizing branch lengths. Current phi: 0. Current nu:0.2862989088503961
Optimizing nu
Mstep runtime (s): 0.36982226371765137
Finished EM iter: 6. Current nllh: 10574.673985760242
Starting EM iter: 7
Estep
Estep runtime (s): 0.14624786376953125
Mstep
Optimizing phi
Optimizing branch lengths. Current phi: 0. Current nu:0.28643099150310863
Optimizing nu
Mstep runtime (s): 0.4512367248535156
Finished EM iter: 7. Current nllh: 10574.657878242237
Starting EM iter: 8
Estep
Estep runtime (s): 0.15102100372314453
Mstep
Optimizing phi
Optimizing branch lengths. Current phi: 0. Current nu:0.2865193224684414
Optimizing nu
Mstep runtime (s): 0.2767181396484375
Finished EM iter: 8. Current nllh: 10574.647969408681
Starting EM iter: 9
Estep
Estep runtime (s): 0.14873409271240234
Mstep
Optimizing phi
Optimizing branch lengths. Current phi: 0. Current nu:0.2865828787652838
Optimizing nu
Mstep runtime (s): 0.321429967880249
Finished EM iter: 9. Current nllh: 10574.641438279963
Starting EM iter: 10
Estep
Estep runtime (s): 0.14629197120666504
Mstep
Optimizing phi
Optimizing branch lengths. Current phi: 0. Current nu:0.2866309381845513
Optimizing nu
Mstep runtime (s): 0.27994298934936523
Finished EM iter: 10. Current nllh: 10574.636947824238
Starting EM iter: 11
Estep
Estep runtime (s): 0.14646005630493164
Mstep
Optimizing phi
Optimizing branch lengths. Current phi: 0. Current nu:0.28666781710837597
Optimizing nu
Mstep runtime (s): 0.285830020904541
Finished EM iter: 11. Current nllh: 10574.633752284073
Starting EM iter: 12
Estep
Estep runtime (s): 0.14660215377807617
Mstep
Optimizing phi
Optimizing branch lengths. Current phi: 0. Current nu:0.2866974304055217
Optimizing nu
Mstep runtime (s): 0.3302280902862549
Finished EM iter: 12. Current nllh: 10574.631482413844
Starting EM iter: 13
Estep
Estep runtime (s): 0.14632606506347656
Mstep
Optimizing phi
Optimizing branch lengths. Current phi: 0. Current nu:0.2867185804808866
Optimizing nu
Mstep runtime (s): 0.3829989433288574
Finished EM iter: 13. Current nllh: 10574.629768099705
Starting EM iter: 14
Estep
Estep runtime (s): 0.15012717247009277
Mstep
Optimizing phi
Optimizing branch lengths. Current phi: 0. Current nu:0.28673733473009666
Optimizing nu
Mstep runtime (s): 0.45151805877685547
Finished EM iter: 14. Current nllh: 10574.628457138022
Starting EM iter: 15
Estep
Estep runtime (s): 0.1491100788116455
Mstep
Optimizing phi
Optimizing branch lengths. Current phi: 0. Current nu:0.2867557611972248
Optimizing nu
Mstep runtime (s): 0.3521547317504883
Finished EM iter: 15. Current nllh: 10574.627295808827
Starting EM iter: 16
Estep
Estep runtime (s): 0.15234613418579102
Mstep
Optimizing phi
Optimizing branch lengths. Current phi: 0. Current nu:0.2867686257772965
Optimizing nu
Mstep runtime (s): 0.30981993675231934
Finished EM iter: 16. Current nllh: 10574.626596286806
Starting EM iter: 17
Estep
Estep runtime (s): 0.14978599548339844
Mstep
Optimizing phi
Optimizing branch lengths. Current phi: 0. Current nu:0.2867814738796247
Optimizing nu
Mstep runtime (s): 0.3323178291320801
Finished EM iter: 17. Current nllh: 10574.625784242045
Starting EM iter: 18
Estep
Estep runtime (s): 0.15340900421142578
Mstep
Optimizing phi
Optimizing branch lengths. Current phi: 0. Current nu:0.28679146253771465
Optimizing nu
Mstep runtime (s): 0.3484177589416504
Finished EM iter: 18. Current nllh: 10574.625290291555
Starting EM iter: 19
Estep
Estep runtime (s): 0.1467418670654297
Mstep
Optimizing phi
Optimizing branch lengths. Current phi: 0. Current nu:0.2868003673005948
Optimizing nu
Mstep runtime (s): 0.3457620143890381
Finished EM iter: 19. Current nllh: 10574.624983625106
Starting EM iter: 20
Estep
Estep runtime (s): 0.1485438346862793
Mstep
Optimizing phi
Optimizing branch lengths. Current phi: 0. Current nu:0.2868084563995346
Optimizing nu
Mstep runtime (s): 0.35422587394714355
Finished EM iter: 20. Current nllh: 10574.624626238408
Starting EM iter: 21
Estep
Estep runtime (s): 0.1485590934753418
Mstep
Optimizing phi
Optimizing branch lengths. Current phi: 0. Current nu:0.2868152232698069
Optimizing nu
Mstep runtime (s): 0.302217960357666
Finished EM iter: 21. Current nllh: 10574.624346793516
Starting EM iter: 22
Estep
Estep runtime (s): 0.1466960906982422
Mstep
Optimizing phi
Optimizing branch lengths. Current phi: 0. Current nu:0.2868206929687406
Optimizing nu
Mstep runtime (s): 0.3141319751739502
Finished EM iter: 22. Current nllh: 10574.624123124606
Starting EM iter: 23
Estep
Estep runtime (s): 0.1474008560180664
Mstep
Optimizing phi
Optimizing branch lengths. Current phi: 0. Current nu:0.2868253839133273
Optimizing nu
Mstep runtime (s): 0.3294799327850342
Finished EM iter: 23. Current nllh: 10574.623907910802
Starting EM iter: 24
Estep
Estep runtime (s): 0.14680695533752441
Mstep
Optimizing phi
Optimizing branch lengths. Current phi: 0. Current nu:0.2868286879495011
Optimizing nu
Mstep runtime (s): 0.28748202323913574
Finished EM iter: 24. Current nllh: 10574.623788584004
Starting EM iter: 25
Estep
Estep runtime (s): 0.1474008560180664
Mstep
Optimizing phi
Optimizing branch lengths. Current phi: 0. Current nu:0.2868331751775408
Optimizing nu
Mstep runtime (s): 0.38898587226867676
Finished EM iter: 25. Current nllh: 10574.623638725145
Starting EM iter: 26
Estep
Estep runtime (s): 0.15087103843688965
Mstep
Optimizing phi
Optimizing branch lengths. Current phi: 0. Current nu:0.28683649812491524
Optimizing nu
Mstep runtime (s): 0.3083319664001465
Finished EM iter: 26. Current nllh: 10574.623527384438
Starting EM iter: 27
Estep
Estep runtime (s): 0.1471719741821289
Mstep
Optimizing phi
Optimizing branch lengths. Current phi: 0. Current nu:0.2868391017132973
Optimizing nu
Mstep runtime (s): 0.3210921287536621
Finished EM iter: 27. Current nllh: 10574.623445452244
EM finished after 27 iterations.
Optimal phi: 0. Optimal nu: 0.2868410734667979. Optimal nllh: 10574.623445452244
Optimal point found for initial point 1
Numerical optimization finished successfully
Tree height pre-scaling: 0.6899649153685352, input timescale: 1.0
Tree height after scaling: 1.0, mutation rate: 0.6899649153685352
Tree height pre-scaling: 0.6899649153793989, input timescale: 1.0
Tree height after scaling: 0.9999999999999999, mutation rate: 0.6899649153793989
Tree height pre-scaling: 0.6899649153744336, input timescale: 1.0
Tree height after scaling: 1.0, mutation rate: 0.6899649153744336
Tree height pre-scaling: 0.6899649153835812, input timescale: 1.0
Tree height after scaling: 1.0, mutation rate: 0.6899649153835812
Tree height pre-scaling: 0.6899649153615256, input timescale: 1.0
Tree height after scaling: 1.0, mutation rate: 0.6899649153615256
Tree height pre-scaling: 0.6899649153562679, input timescale: 1.0
Tree height after scaling: 1.0, mutation rate: 0.6899649153562679
Tree height pre-scaling: 0.6899649153779648, input timescale: 1.0
Tree height after scaling: 1.0, mutation rate: 0.6899649153779648
Tree height pre-scaling: 0.6899649153766917, input timescale: 1.0
Tree height after scaling: 1.0, mutation rate: 0.6899649153766917
Tree height pre-scaling: 0.6899649153706897, input timescale: 1.0
Tree height after scaling: 0.9999999999999999, mutation rate: 0.6899649153706897
Tree height pre-scaling: 0.689964915373741, input timescale: 1.0
Tree height after scaling: 1.0, mutation rate: 0.689964915373741
Tree height pre-scaling: 0.6899649153827198, input timescale: 1.0
Tree height after scaling: 1.0, mutation rate: 0.6899649153827198
Tree height pre-scaling: 0.689964915366511, input timescale: 1.0
Tree height after scaling: 1.0, mutation rate: 0.689964915366511
Tree height pre-scaling: 0.6899649153731066, input timescale: 1.0
Tree height after scaling: 1.0, mutation rate: 0.6899649153731066
Tree height pre-scaling: 0.6899649153679052, input timescale: 1.0
Tree height after scaling: 1.0, mutation rate: 0.6899649153679052
Tree height pre-scaling: 0.6899649153830153, input timescale: 1.0
Tree height after scaling: 1.0, mutation rate: 0.6899649153830153
Tree height pre-scaling: 0.6899649153722069, input timescale: 1.0
Tree height after scaling: 1.0, mutation rate: 0.6899649153722069
Tree height pre-scaling: 0.6899649154358617, input timescale: 1.0
Tree height after scaling: 1.0, mutation rate: 0.6899649154358617
Runtime (s): 14.441120999999999
