Launching LAML version 0.0.4
LAML was called as follows: /Users/uym2/my_gits/LAML/run_laml.py -c ../../evaluation/Bar10/Bar10_character_matrix.txt -t place_outlier1/augmented_tree_269.nwk -o place_outlier1/augmented_tree_269_optimized -v -p ../../evaluation/Bar10/Bar10_priors.pickle --delimiter tab -m -1 --nInitials 1
Prior keys mismatch with site names.
Prior keys: [0, 1, 2, 3, 4, 5, 6, 7, 8, 9, 10, 11, 12, 13, 14, 15, 16, 17, 18, 19, 20, 21, 22, 23, 24, 25, 26, 27, 28, 29]
Site names: ['r1', 'r2', 'r3', 'r4', 'r5', 'r6', 'r7', 'r8', 'r9', 'r10', 'r11', 'r12', 'r13', 'r14', 'r15', 'r16', 'r17', 'r18', 'r19', 'r20', 'r21', 'r22', 'r23', 'r24', 'r25', 'r26', 'r27', 'r28', 'r29', 'r30']
Attempting to infer mapping between site names and prior keys...
{'r1': 0, 'r2': 1, 'r3': 2, 'r4': 3, 'r5': 4, 'r6': 5, 'r7': 6, 'r8': 7, 'r9': 8, 'r10': 9, 'r11': 10, 'r12': 11, 'r13': 12, 'r14': 13, 'r15': 14, 'r16': 15, 'r17': 16, 'r18': 17, 'r19': 18, 'r20': 19, 'r21': 20, 'r22': 21, 'r23': 22, 'r24': 23, 'r25': 24, 'r26': 25, 'r27': 26, 'r28': 27, 'r29': 28, 'r30': 29}
Optimizing branch lengths, phi, and nu without topology search
Optimization by EM algorithm
Optimization start with 1 initials
Initial point 1. Random seed: 2854
Numerical optimization started with ultrametric constraint (default)
Initial phi: 0. Initial nu: 0.26955655566205877. Initial nllh: 12986.136718410407
Starting EM iter: 1
Estep
Estep runtime (s): 0.12293601036071777
Mstep
Optimizing phi
Optimizing branch lengths. Current phi: 0. Current nu:0.26955655566205877
Optimizing nu
Mstep runtime (s): 0.33380794525146484
Finished EM iter: 1. Current nllh: 10556.762776963451
Starting EM iter: 2
Estep
Estep runtime (s): 0.14910006523132324
Mstep
Optimizing phi
Optimizing branch lengths. Current phi: 0. Current nu:0.28435723040935107
Optimizing nu
Mstep runtime (s): 0.3689279556274414
Finished EM iter: 2. Current nllh: 10540.41023800336
Starting EM iter: 3
Estep
Estep runtime (s): 0.16294002532958984
Mstep
Optimizing phi
Optimizing branch lengths. Current phi: 0. Current nu:0.2884294930016333
Optimizing nu
Mstep runtime (s): 0.6009290218353271
Finished EM iter: 3. Current nllh: 10538.722048870668
Starting EM iter: 4
Estep
Estep runtime (s): 0.18726396560668945
Mstep
Optimizing phi
Optimizing branch lengths. Current phi: 0. Current nu:0.2895861905686048
Optimizing nu
Mstep runtime (s): 0.3899991512298584
Finished EM iter: 4. Current nllh: 10538.333083023728
Starting EM iter: 5
Estep
Estep runtime (s): 0.1605849266052246
Mstep
Optimizing phi
Optimizing branch lengths. Current phi: 0. Current nu:0.29001216191730844
Optimizing nu
Mstep runtime (s): 0.32090306282043457
Finished EM iter: 5. Current nllh: 10538.228255420086
Starting EM iter: 6
Estep
Estep runtime (s): 0.15085315704345703
Mstep
Optimizing phi
Optimizing branch lengths. Current phi: 0. Current nu:0.2902067930594713
Optimizing nu
Mstep runtime (s): 0.29935598373413086
Finished EM iter: 6. Current nllh: 10538.178606003876
Starting EM iter: 7
Estep
Estep runtime (s): 0.147918701171875
Mstep
Optimizing phi
Optimizing branch lengths. Current phi: 0. Current nu:0.29032459735010135
Optimizing nu
Mstep runtime (s): 0.31988000869750977
Finished EM iter: 7. Current nllh: 10538.160505086174
Starting EM iter: 8
Estep
Estep runtime (s): 0.1501450538635254
Mstep
Optimizing phi
Optimizing branch lengths. Current phi: 0. Current nu:0.2904031678009741
Optimizing nu
Mstep runtime (s): 0.321120023727417
Finished EM iter: 8. Current nllh: 10538.14948192444
Starting EM iter: 9
Estep
Estep runtime (s): 0.14954710006713867
Mstep
Optimizing phi
Optimizing branch lengths. Current phi: 0. Current nu:0.2904648443289152
Optimizing nu
Mstep runtime (s): 0.30288195610046387
Finished EM iter: 9. Current nllh: 10538.142062155666
Starting EM iter: 10
Estep
Estep runtime (s): 0.15857601165771484
Mstep
Optimizing phi
Optimizing branch lengths. Current phi: 0. Current nu:0.2905137847354021
Optimizing nu
Mstep runtime (s): 0.4173460006713867
Finished EM iter: 10. Current nllh: 10538.137098235384
Starting EM iter: 11
Estep
Estep runtime (s): 0.2266378402709961
Mstep
Optimizing phi
Optimizing branch lengths. Current phi: 0. Current nu:0.2905500968446669
Optimizing nu
Mstep runtime (s): 0.38510680198669434
Finished EM iter: 11. Current nllh: 10538.133272779107
Starting EM iter: 12
Estep
Estep runtime (s): 0.1695101261138916
Mstep
Optimizing phi
Optimizing branch lengths. Current phi: 0. Current nu:0.2905834461211914
Optimizing nu
Mstep runtime (s): 0.2982001304626465
Finished EM iter: 12. Current nllh: 10538.130476395294
Starting EM iter: 13
Estep
Estep runtime (s): 0.15244817733764648
Mstep
Optimizing phi
Optimizing branch lengths. Current phi: 0. Current nu:0.290610562484844
Optimizing nu
Mstep runtime (s): 0.3350069522857666
Finished EM iter: 13. Current nllh: 10538.12841292082
Starting EM iter: 14
Estep
Estep runtime (s): 0.1483321189880371
Mstep
Optimizing phi
Optimizing branch lengths. Current phi: 0. Current nu:0.29063200513673504
Optimizing nu
Mstep runtime (s): 0.3135721683502197
Finished EM iter: 14. Current nllh: 10538.126843015607
Starting EM iter: 15
Estep
Estep runtime (s): 0.1483309268951416
Mstep
Optimizing phi
Optimizing branch lengths. Current phi: 0. Current nu:0.2906502476875046
Optimizing nu
Mstep runtime (s): 0.3001139163970947
Finished EM iter: 15. Current nllh: 10538.12562276234
Starting EM iter: 16
Estep
Estep runtime (s): 0.14836621284484863
Mstep
Optimizing phi
Optimizing branch lengths. Current phi: 0. Current nu:0.2906657596323628
Optimizing nu
Mstep runtime (s): 0.36100101470947266
Finished EM iter: 16. Current nllh: 10538.124451661794
Starting EM iter: 17
Estep
Estep runtime (s): 0.14894723892211914
Mstep
Optimizing phi
Optimizing branch lengths. Current phi: 0. Current nu:0.29068009851096765
Optimizing nu
Mstep runtime (s): 0.3652458190917969
Finished EM iter: 17. Current nllh: 10538.123794605825
Starting EM iter: 18
Estep
Estep runtime (s): 0.1482551097869873
Mstep
Optimizing phi
Optimizing branch lengths. Current phi: 0. Current nu:0.290690799265002
Optimizing nu
Mstep runtime (s): 0.37475109100341797
Finished EM iter: 18. Current nllh: 10538.123306094381
Starting EM iter: 19
Estep
Estep runtime (s): 0.14942216873168945
Mstep
Optimizing phi
Optimizing branch lengths. Current phi: 0. Current nu:0.29069925599344054
Optimizing nu
Mstep runtime (s): 0.2775900363922119
Finished EM iter: 19. Current nllh: 10538.122826832696
Starting EM iter: 20
Estep
Estep runtime (s): 0.1483471393585205
Mstep
Optimizing phi
Optimizing branch lengths. Current phi: 0. Current nu:0.29070767431051314
Optimizing nu
Mstep runtime (s): 0.2993459701538086
Finished EM iter: 20. Current nllh: 10538.12243616192
Starting EM iter: 21
Estep
Estep runtime (s): 0.1482219696044922
Mstep
Optimizing phi
Optimizing branch lengths. Current phi: 0. Current nu:0.29071440043782865
Optimizing nu
Mstep runtime (s): 0.3012268543243408
Finished EM iter: 21. Current nllh: 10538.122116908362
Starting EM iter: 22
Estep
Estep runtime (s): 0.14838504791259766
Mstep
Optimizing phi
Optimizing branch lengths. Current phi: 0. Current nu:0.2907206390635122
Optimizing nu
Mstep runtime (s): 0.31167006492614746
Finished EM iter: 22. Current nllh: 10538.121834913354
Starting EM iter: 23
Estep
Estep runtime (s): 0.14824295043945312
Mstep
Optimizing phi
Optimizing branch lengths. Current phi: 0. Current nu:0.29072621263954507
Optimizing nu
Mstep runtime (s): 0.27780890464782715
Finished EM iter: 23. Current nllh: 10538.12160310074
Starting EM iter: 24
Estep
Estep runtime (s): 0.14828801155090332
Mstep
Optimizing phi
Optimizing branch lengths. Current phi: 0. Current nu:0.2907311032732155
Optimizing nu
Mstep runtime (s): 0.2889089584350586
Finished EM iter: 24. Current nllh: 10538.121414038367
Starting EM iter: 25
Estep
Estep runtime (s): 0.1492006778717041
Mstep
Optimizing phi
Optimizing branch lengths. Current phi: 0. Current nu:0.2907351151949488
Optimizing nu
Mstep runtime (s): 0.31157803535461426
Finished EM iter: 25. Current nllh: 10538.1212636969
Starting EM iter: 26
Estep
Estep runtime (s): 0.14894390106201172
Mstep
Optimizing phi
Optimizing branch lengths. Current phi: 0. Current nu:0.29073856811536025
Optimizing nu
Mstep runtime (s): 0.3746922016143799
Finished EM iter: 26. Current nllh: 10538.121136113097
Starting EM iter: 27
Estep
Estep runtime (s): 0.14877676963806152
Mstep
Optimizing phi
Optimizing branch lengths. Current phi: 0. Current nu:0.2907408578792923
Optimizing nu
Mstep runtime (s): 0.36702895164489746
Finished EM iter: 27. Current nllh: 10538.120818034959
Starting EM iter: 28
Estep
Estep runtime (s): 0.14860320091247559
Mstep
Optimizing phi
Optimizing branch lengths. Current phi: 0. Current nu:0.2907456608631893
Optimizing nu
Mstep runtime (s): 0.3092176914215088
Finished EM iter: 28. Current nllh: 10538.12048170797
Starting EM iter: 29
Estep
Estep runtime (s): 0.15081501007080078
Mstep
Optimizing phi
Optimizing branch lengths. Current phi: 0. Current nu:0.2907526496328109
Optimizing nu
Mstep runtime (s): 0.2839081287384033
Finished EM iter: 29. Current nllh: 10538.120648245897
Starting EM iter: 30
Estep
Estep runtime (s): 0.14862990379333496
Mstep
Optimizing phi
Optimizing branch lengths. Current phi: 0. Current nu:0.2907542107602773
Optimizing nu
Mstep runtime (s): 0.29973578453063965
Finished EM iter: 30. Current nllh: 10538.120596110753
EM finished after 30 iterations.
Optimal phi: 0. Optimal nu: 0.29075551637252023. Optimal nllh: 10538.120596110753
Optimal point found for initial point 1
Numerical optimization finished successfully
Tree height pre-scaling: 0.6891327303094618, input timescale: 1.0
Tree height after scaling: 1.0, mutation rate: 0.6891327303094618
Tree height pre-scaling: 0.6891327304130435, input timescale: 1.0
Tree height after scaling: 0.9999999999999998, mutation rate: 0.6891327304130435
Tree height pre-scaling: 0.6891327309672125, input timescale: 1.0
Tree height after scaling: 1.0, mutation rate: 0.6891327309672125
Tree height pre-scaling: 0.6891327304521735, input timescale: 1.0
Tree height after scaling: 1.0000000000000002, mutation rate: 0.6891327304521735
Tree height pre-scaling: 0.6891327303762431, input timescale: 1.0
Tree height after scaling: 1.0, mutation rate: 0.6891327303762431
Tree height pre-scaling: 0.6891327304827126, input timescale: 1.0
Tree height after scaling: 1.0, mutation rate: 0.6891327304827126
Tree height pre-scaling: 0.6891327302311745, input timescale: 1.0
Tree height after scaling: 1.0, mutation rate: 0.6891327302311745
Tree height pre-scaling: 0.689132730172051, input timescale: 1.0
Tree height after scaling: 0.9999999999999999, mutation rate: 0.689132730172051
Tree height pre-scaling: 0.6891327304157745, input timescale: 1.0
Tree height after scaling: 1.0, mutation rate: 0.6891327304157745
Tree height pre-scaling: 0.6891327303929585, input timescale: 1.0
Tree height after scaling: 1.0, mutation rate: 0.6891327303929585
Tree height pre-scaling: 0.6891327303325397, input timescale: 1.0
Tree height after scaling: 1.0, mutation rate: 0.6891327303325397
Tree height pre-scaling: 0.6891327303646828, input timescale: 1.0
Tree height after scaling: 1.0, mutation rate: 0.6891327303646828
Tree height pre-scaling: 0.6891327304671567, input timescale: 1.0
Tree height after scaling: 0.9999999999999998, mutation rate: 0.6891327304671567
Tree height pre-scaling: 0.6891327302883657, input timescale: 1.0
Tree height after scaling: 1.0000000000000002, mutation rate: 0.6891327302883657
Tree height pre-scaling: 0.6891327303647204, input timescale: 1.0
Tree height after scaling: 1.0, mutation rate: 0.6891327303647204
Tree height pre-scaling: 0.6891327303010368, input timescale: 1.0
Tree height after scaling: 1.0, mutation rate: 0.6891327303010368
Tree height pre-scaling: 0.6891327305764412, input timescale: 1.0
Tree height after scaling: 1.0, mutation rate: 0.6891327305764412
Runtime (s): 16.341055209
