Launching LAML version 0.0.4
LAML was called as follows: /Users/uym2/my_gits/LAML/run_laml.py -c ../../evaluation/Bar10/Bar10_character_matrix.txt -t place_outlier1/augmented_tree_273.nwk -o place_outlier1/augmented_tree_273_optimized -v -p ../../evaluation/Bar10/Bar10_priors.pickle --delimiter tab -m -1 --nInitials 1
Prior keys mismatch with site names.
Prior keys: [0, 1, 2, 3, 4, 5, 6, 7, 8, 9, 10, 11, 12, 13, 14, 15, 16, 17, 18, 19, 20, 21, 22, 23, 24, 25, 26, 27, 28, 29]
Site names: ['r1', 'r2', 'r3', 'r4', 'r5', 'r6', 'r7', 'r8', 'r9', 'r10', 'r11', 'r12', 'r13', 'r14', 'r15', 'r16', 'r17', 'r18', 'r19', 'r20', 'r21', 'r22', 'r23', 'r24', 'r25', 'r26', 'r27', 'r28', 'r29', 'r30']
Attempting to infer mapping between site names and prior keys...
{'r1': 0, 'r2': 1, 'r3': 2, 'r4': 3, 'r5': 4, 'r6': 5, 'r7': 6, 'r8': 7, 'r9': 8, 'r10': 9, 'r11': 10, 'r12': 11, 'r13': 12, 'r14': 13, 'r15': 14, 'r16': 15, 'r17': 16, 'r18': 17, 'r19': 18, 'r20': 19, 'r21': 20, 'r22': 21, 'r23': 22, 'r24': 23, 'r25': 24, 'r26': 25, 'r27': 26, 'r28': 27, 'r29': 28, 'r30': 29}
Optimizing branch lengths, phi, and nu without topology search
Optimization by EM algorithm
Optimization start with 1 initials
Initial point 1. Random seed: 8228
Numerical optimization started with ultrametric constraint (default)
Initial phi: 0. Initial nu: 0.26955655566205877. Initial nllh: 12858.278875941285
Starting EM iter: 1
Estep
Estep runtime (s): 0.10762429237365723
Mstep
Optimizing phi
Optimizing branch lengths. Current phi: 0. Current nu:0.26955655566205877
Optimizing nu
Mstep runtime (s): 0.33644795417785645
Finished EM iter: 1. Current nllh: 10524.156136266878
Starting EM iter: 2
Estep
Estep runtime (s): 0.14585399627685547
Mstep
Optimizing phi
Optimizing branch lengths. Current phi: 0. Current nu:0.2834512784244664
Optimizing nu
Mstep runtime (s): 0.28797292709350586
Finished EM iter: 2. Current nllh: 10508.18320173191
Starting EM iter: 3
Estep
Estep runtime (s): 0.14597511291503906
Mstep
Optimizing phi
Optimizing branch lengths. Current phi: 0. Current nu:0.2872292332878257
Optimizing nu
Mstep runtime (s): 0.35364413261413574
Finished EM iter: 3. Current nllh: 10506.506733509725
Starting EM iter: 4
Estep
Estep runtime (s): 0.14598989486694336
Mstep
Optimizing phi
Optimizing branch lengths. Current phi: 0. Current nu:0.28829448557554255
Optimizing nu
Mstep runtime (s): 0.4072530269622803
Finished EM iter: 4. Current nllh: 10506.120856844793
Starting EM iter: 5
Estep
Estep runtime (s): 0.14595913887023926
Mstep
Optimizing phi
Optimizing branch lengths. Current phi: 0. Current nu:0.28869393340125954
Optimizing nu
Mstep runtime (s): 0.39496421813964844
Finished EM iter: 5. Current nllh: 10506.017131396091
Starting EM iter: 6
Estep
Estep runtime (s): 0.14592814445495605
Mstep
Optimizing phi
Optimizing branch lengths. Current phi: 0. Current nu:0.2888806853774317
Optimizing nu
Mstep runtime (s): 0.29178476333618164
Finished EM iter: 6. Current nllh: 10505.968057870054
Starting EM iter: 7
Estep
Estep runtime (s): 0.1463470458984375
Mstep
Optimizing phi
Optimizing branch lengths. Current phi: 0. Current nu:0.28899559411149356
Optimizing nu
Mstep runtime (s): 0.3141779899597168
Finished EM iter: 7. Current nllh: 10505.950195671645
Starting EM iter: 8
Estep
Estep runtime (s): 0.14611577987670898
Mstep
Optimizing phi
Optimizing branch lengths. Current phi: 0. Current nu:0.28907379206780276
Optimizing nu
Mstep runtime (s): 0.3630869388580322
Finished EM iter: 8. Current nllh: 10505.939385145395
Starting EM iter: 9
Estep
Estep runtime (s): 0.14612078666687012
Mstep
Optimizing phi
Optimizing branch lengths. Current phi: 0. Current nu:0.2891345495708464
Optimizing nu
Mstep runtime (s): 0.31711888313293457
Finished EM iter: 9. Current nllh: 10505.93210165933
Starting EM iter: 10
Estep
Estep runtime (s): 0.14611029624938965
Mstep
Optimizing phi
Optimizing branch lengths. Current phi: 0. Current nu:0.28918325326925337
Optimizing nu
Mstep runtime (s): 0.34551072120666504
Finished EM iter: 10. Current nllh: 10505.927203571682
Starting EM iter: 11
Estep
Estep runtime (s): 0.14618897438049316
Mstep
Optimizing phi
Optimizing branch lengths. Current phi: 0. Current nu:0.28921953770301895
Optimizing nu
Mstep runtime (s): 0.30668210983276367
Finished EM iter: 11. Current nllh: 10505.923461709306
Starting EM iter: 12
Estep
Estep runtime (s): 0.14615988731384277
Mstep
Optimizing phi
Optimizing branch lengths. Current phi: 0. Current nu:0.28925277586299164
Optimizing nu
Mstep runtime (s): 0.2853410243988037
Finished EM iter: 12. Current nllh: 10505.920737992605
Starting EM iter: 13
Estep
Estep runtime (s): 0.14622211456298828
Mstep
Optimizing phi
Optimizing branch lengths. Current phi: 0. Current nu:0.28927936451912484
Optimizing nu
Mstep runtime (s): 0.3789808750152588
Finished EM iter: 13. Current nllh: 10505.91863175863
Starting EM iter: 14
Estep
Estep runtime (s): 0.146467924118042
Mstep
Optimizing phi
Optimizing branch lengths. Current phi: 0. Current nu:0.28930070394861046
Optimizing nu
Mstep runtime (s): 0.3451669216156006
Finished EM iter: 14. Current nllh: 10505.91698054804
Starting EM iter: 15
Estep
Estep runtime (s): 0.14636492729187012
Mstep
Optimizing phi
Optimizing branch lengths. Current phi: 0. Current nu:0.2893199974434036
Optimizing nu
Mstep runtime (s): 0.45012712478637695
Finished EM iter: 15. Current nllh: 10505.915984281994
Starting EM iter: 16
Estep
Estep runtime (s): 0.14657282829284668
Mstep
Optimizing phi
Optimizing branch lengths. Current phi: 0. Current nu:0.2893340269458327
Optimizing nu
Mstep runtime (s): 0.32642388343811035
Finished EM iter: 16. Current nllh: 10505.914823458534
Starting EM iter: 17
Estep
Estep runtime (s): 0.15059399604797363
Mstep
Optimizing phi
Optimizing branch lengths. Current phi: 0. Current nu:0.28934820989696186
Optimizing nu
Mstep runtime (s): 0.3912971019744873
Finished EM iter: 17. Current nllh: 10505.91429778757
Starting EM iter: 18
Estep
Estep runtime (s): 0.15063118934631348
Mstep
Optimizing phi
Optimizing branch lengths. Current phi: 0. Current nu:0.2893584858363212
Optimizing nu
Mstep runtime (s): 0.35834288597106934
Finished EM iter: 18. Current nllh: 10505.91348961038
Starting EM iter: 19
Estep
Estep runtime (s): 0.15667200088500977
Mstep
Optimizing phi
Optimizing branch lengths. Current phi: 0. Current nu:0.28936863012622827
Optimizing nu
Mstep runtime (s): 0.32367730140686035
Finished EM iter: 19. Current nllh: 10505.913234373442
Starting EM iter: 20
Estep
Estep runtime (s): 0.14866089820861816
Mstep
Optimizing phi
Optimizing branch lengths. Current phi: 0. Current nu:0.2893759457708539
Optimizing nu
Mstep runtime (s): 0.39830613136291504
Finished EM iter: 20. Current nllh: 10505.912866781138
Starting EM iter: 21
Estep
Estep runtime (s): 0.14944791793823242
Mstep
Optimizing phi
Optimizing branch lengths. Current phi: 0. Current nu:0.28938271600641835
Optimizing nu
Mstep runtime (s): 0.30649590492248535
Finished EM iter: 21. Current nllh: 10505.912556500696
Starting EM iter: 22
Estep
Estep runtime (s): 0.14722824096679688
Mstep
Optimizing phi
Optimizing branch lengths. Current phi: 0. Current nu:0.2893887157128341
Optimizing nu
Mstep runtime (s): 0.31688594818115234
Finished EM iter: 22. Current nllh: 10505.912302521529
Starting EM iter: 23
Estep
Estep runtime (s): 0.1464688777923584
Mstep
Optimizing phi
Optimizing branch lengths. Current phi: 0. Current nu:0.2893938044044864
Optimizing nu
Mstep runtime (s): 0.2998960018157959
Finished EM iter: 23. Current nllh: 10505.912090346537
Starting EM iter: 24
Estep
Estep runtime (s): 0.1468217372894287
Mstep
Optimizing phi
Optimizing branch lengths. Current phi: 0. Current nu:0.28939842027797996
Optimizing nu
Mstep runtime (s): 0.29284119606018066
Finished EM iter: 24. Current nllh: 10505.911907600665
Starting EM iter: 25
Estep
Estep runtime (s): 0.14653706550598145
Mstep
Optimizing phi
Optimizing branch lengths. Current phi: 0. Current nu:0.28940253335173055
Optimizing nu
Mstep runtime (s): 0.34192585945129395
Finished EM iter: 25. Current nllh: 10505.911762807886
Starting EM iter: 26
Estep
Estep runtime (s): 0.14733481407165527
Mstep
Optimizing phi
Optimizing branch lengths. Current phi: 0. Current nu:0.2894058483047146
Optimizing nu
Mstep runtime (s): 0.32570385932922363
Finished EM iter: 26. Current nllh: 10505.911632077059
Starting EM iter: 27
Estep
Estep runtime (s): 0.14670419692993164
Mstep
Optimizing phi
Optimizing branch lengths. Current phi: 0. Current nu:0.28940900858784274
Optimizing nu
Mstep runtime (s): 0.35564279556274414
Finished EM iter: 27. Current nllh: 10505.91157077188
EM finished after 27 iterations.
Optimal phi: 0. Optimal nu: 0.2894103972580414. Optimal nllh: 10505.91157077188
Optimal point found for initial point 1
Numerical optimization finished successfully
Tree height pre-scaling: 0.6877180590000689, input timescale: 1.0
Tree height after scaling: 1.0, mutation rate: 0.6877180590000689
Tree height pre-scaling: 0.6877180949886137, input timescale: 1.0
Tree height after scaling: 1.0, mutation rate: 0.6877180949886137
Tree height pre-scaling: 0.687718281961981, input timescale: 1.0
Tree height after scaling: 1.0, mutation rate: 0.687718281961981
Tree height pre-scaling: 0.6877181013021064, input timescale: 1.0
Tree height after scaling: 0.9999999999999999, mutation rate: 0.6877181013021064
Tree height pre-scaling: 0.6877180826164861, input timescale: 1.0
Tree height after scaling: 1.0, mutation rate: 0.6877180826164861
Tree height pre-scaling: 0.6877181161880328, input timescale: 1.0
Tree height after scaling: 1.0, mutation rate: 0.6877181161880328
Tree height pre-scaling: 0.687718037011071, input timescale: 1.0
Tree height after scaling: 0.9999999999999999, mutation rate: 0.687718037011071
Tree height pre-scaling: 0.6877180141908764, input timescale: 1.0
Tree height after scaling: 1.0, mutation rate: 0.6877180141908764
Tree height pre-scaling: 0.6877180950459318, input timescale: 1.0
Tree height after scaling: 1.0, mutation rate: 0.6877180950459318
Tree height pre-scaling: 0.6877180874870799, input timescale: 1.0
Tree height after scaling: 0.9999999999999999, mutation rate: 0.6877180874870799
Tree height pre-scaling: 0.6877180673350987, input timescale: 1.0
Tree height after scaling: 1.0000000000000002, mutation rate: 0.6877180673350987
Tree height pre-scaling: 0.6877180765507849, input timescale: 1.0
Tree height after scaling: 1.0, mutation rate: 0.6877180765507849
Tree height pre-scaling: 0.6877181123950263, input timescale: 1.0
Tree height after scaling: 1.0, mutation rate: 0.6877181123950263
Tree height pre-scaling: 0.6877180509089088, input timescale: 1.0
Tree height after scaling: 1.0, mutation rate: 0.6877180509089088
Tree height pre-scaling: 0.6877180824969483, input timescale: 1.0
Tree height after scaling: 1.0, mutation rate: 0.6877180824969483
Tree height pre-scaling: 0.6877180552037521, input timescale: 1.0
Tree height after scaling: 1.0, mutation rate: 0.6877180552037521
Tree height pre-scaling: 0.6877181407924353, input timescale: 1.0
Tree height after scaling: 1.0, mutation rate: 0.6877181407924353
Runtime (s): 14.521086707999999
