Launching LAML version 0.0.4
LAML was called as follows: /Users/uym2/my_gits/LAML/run_laml.py -c ../../evaluation/Bar10/Bar10_character_matrix.txt -t place_outlier1/augmented_tree_156.nwk -o place_outlier1/augmented_tree_156_optimized -v -p ../../evaluation/Bar10/Bar10_priors.pickle --delimiter tab -m -1 --nInitials 1
Prior keys mismatch with site names.
Prior keys: [0, 1, 2, 3, 4, 5, 6, 7, 8, 9, 10, 11, 12, 13, 14, 15, 16, 17, 18, 19, 20, 21, 22, 23, 24, 25, 26, 27, 28, 29]
Site names: ['r1', 'r2', 'r3', 'r4', 'r5', 'r6', 'r7', 'r8', 'r9', 'r10', 'r11', 'r12', 'r13', 'r14', 'r15', 'r16', 'r17', 'r18', 'r19', 'r20', 'r21', 'r22', 'r23', 'r24', 'r25', 'r26', 'r27', 'r28', 'r29', 'r30']
Attempting to infer mapping between site names and prior keys...
{'r1': 0, 'r2': 1, 'r3': 2, 'r4': 3, 'r5': 4, 'r6': 5, 'r7': 6, 'r8': 7, 'r9': 8, 'r10': 9, 'r11': 10, 'r12': 11, 'r13': 12, 'r14': 13, 'r15': 14, 'r16': 15, 'r17': 16, 'r18': 17, 'r19': 18, 'r20': 19, 'r21': 20, 'r22': 21, 'r23': 22, 'r24': 23, 'r25': 24, 'r26': 25, 'r27': 26, 'r28': 27, 'r29': 28, 'r30': 29}
Optimizing branch lengths, phi, and nu without topology search
Optimization by EM algorithm
Optimization start with 1 initials
Initial point 1. Random seed: 3301
Numerical optimization started with ultrametric constraint (default)
Initial phi: 0. Initial nu: 0.26955655566205877. Initial nllh: 12672.33261880574
Starting EM iter: 1
Estep
Estep runtime (s): 0.14357304573059082
Mstep
Optimizing phi
Optimizing branch lengths. Current phi: 0. Current nu:0.26955655566205877
Optimizing nu
Mstep runtime (s): 0.5749919414520264
Finished EM iter: 1. Current nllh: 10555.631704940757
Starting EM iter: 2
Estep
Estep runtime (s): 0.19858908653259277
Mstep
Optimizing phi
Optimizing branch lengths. Current phi: 0. Current nu:0.2850068037208577
Optimizing nu
Mstep runtime (s): 0.3924741744995117
Finished EM iter: 2. Current nllh: 10538.276699068136
Starting EM iter: 3
Estep
Estep runtime (s): 0.19800496101379395
Mstep
Optimizing phi
Optimizing branch lengths. Current phi: 0. Current nu:0.2879944232418492
Optimizing nu
Mstep runtime (s): 0.4118661880493164
Finished EM iter: 3. Current nllh: 10536.032360007972
Starting EM iter: 4
Estep
Estep runtime (s): 0.1981358528137207
Mstep
Optimizing phi
Optimizing branch lengths. Current phi: 0. Current nu:0.288712585317378
Optimizing nu
Mstep runtime (s): 0.41625070571899414
Finished EM iter: 4. Current nllh: 10535.558960767605
Starting EM iter: 5
Estep
Estep runtime (s): 0.2023780345916748
Mstep
Optimizing phi
Optimizing branch lengths. Current phi: 0. Current nu:0.2890795401264983
Optimizing nu
Mstep runtime (s): 0.36285901069641113
Finished EM iter: 5. Current nllh: 10535.41238664955
Starting EM iter: 6
Estep
Estep runtime (s): 0.19948959350585938
Mstep
Optimizing phi
Optimizing branch lengths. Current phi: 0. Current nu:0.28934726950662254
Optimizing nu
Mstep runtime (s): 0.3754899501800537
Finished EM iter: 6. Current nllh: 10535.338317547184
Starting EM iter: 7
Estep
Estep runtime (s): 0.19755911827087402
Mstep
Optimizing phi
Optimizing branch lengths. Current phi: 0. Current nu:0.2895457797381832
Optimizing nu
Mstep runtime (s): 0.3780550956726074
Finished EM iter: 7. Current nllh: 10535.298278857923
Starting EM iter: 8
Estep
Estep runtime (s): 0.19774508476257324
Mstep
Optimizing phi
Optimizing branch lengths. Current phi: 0. Current nu:0.28968995011594767
Optimizing nu
Mstep runtime (s): 0.3879401683807373
Finished EM iter: 8. Current nllh: 10535.271675756909
Starting EM iter: 9
Estep
Estep runtime (s): 0.20656800270080566
Mstep
Optimizing phi
Optimizing branch lengths. Current phi: 0. Current nu:0.28979834959408
Optimizing nu
Mstep runtime (s): 0.40558481216430664
Finished EM iter: 9. Current nllh: 10535.253076002104
Starting EM iter: 10
Estep
Estep runtime (s): 0.19829297065734863
Mstep
Optimizing phi
Optimizing branch lengths. Current phi: 0. Current nu:0.2898801243967048
Optimizing nu
Mstep runtime (s): 0.40395689010620117
Finished EM iter: 10. Current nllh: 10535.239578121182
Starting EM iter: 11
Estep
Estep runtime (s): 0.19797825813293457
Mstep
Optimizing phi
Optimizing branch lengths. Current phi: 0. Current nu:0.28994360752399756
Optimizing nu
Mstep runtime (s): 0.48929286003112793
Finished EM iter: 11. Current nllh: 10535.229546340393
Starting EM iter: 12
Estep
Estep runtime (s): 0.1993260383605957
Mstep
Optimizing phi
Optimizing branch lengths. Current phi: 0. Current nu:0.28999280004801653
Optimizing nu
Mstep runtime (s): 0.394989013671875
Finished EM iter: 12. Current nllh: 10535.221755187004
Starting EM iter: 13
Estep
Estep runtime (s): 0.19994211196899414
Mstep
Optimizing phi
Optimizing branch lengths. Current phi: 0. Current nu:0.29003513890048055
Optimizing nu
Mstep runtime (s): 0.4080369472503662
Finished EM iter: 13. Current nllh: 10535.215620052333
Starting EM iter: 14
Estep
Estep runtime (s): 0.20028901100158691
Mstep
Optimizing phi
Optimizing branch lengths. Current phi: 0. Current nu:0.2900691610473024
Optimizing nu
Mstep runtime (s): 0.4283788204193115
Finished EM iter: 14. Current nllh: 10535.210730098284
Starting EM iter: 15
Estep
Estep runtime (s): 0.1996748447418213
Mstep
Optimizing phi
Optimizing branch lengths. Current phi: 0. Current nu:0.2900974776906974
Optimizing nu
Mstep runtime (s): 0.4000511169433594
Finished EM iter: 15. Current nllh: 10535.20675329921
Starting EM iter: 16
Estep
Estep runtime (s): 0.20043492317199707
Mstep
Optimizing phi
Optimizing branch lengths. Current phi: 0. Current nu:0.2901213300301343
Optimizing nu
Mstep runtime (s): 0.4390730857849121
Finished EM iter: 16. Current nllh: 10535.203478348263
Starting EM iter: 17
Estep
Estep runtime (s): 0.1997828483581543
Mstep
Optimizing phi
Optimizing branch lengths. Current phi: 0. Current nu:0.2901417677992897
Optimizing nu
Mstep runtime (s): 0.4308910369873047
Finished EM iter: 17. Current nllh: 10535.200747419742
Starting EM iter: 18
Estep
Estep runtime (s): 0.20369720458984375
Mstep
Optimizing phi
Optimizing branch lengths. Current phi: 0. Current nu:0.29015930355047886
Optimizing nu
Mstep runtime (s): 0.38787198066711426
Finished EM iter: 18. Current nllh: 10535.198953111618
Starting EM iter: 19
Estep
Estep runtime (s): 0.20270395278930664
Mstep
Optimizing phi
Optimizing branch lengths. Current phi: 0. Current nu:0.29017394281003384
Optimizing nu
Mstep runtime (s): 0.38913393020629883
Finished EM iter: 19. Current nllh: 10535.198465212343
Starting EM iter: 20
Estep
Estep runtime (s): 0.2016770839691162
Mstep
Optimizing phi
Optimizing branch lengths. Current phi: 0. Current nu:0.29018519813336735
Optimizing nu
Mstep runtime (s): 0.3995482921600342
Finished EM iter: 20. Current nllh: 10535.19803038044
Starting EM iter: 21
Estep
Estep runtime (s): 0.20099806785583496
Mstep
Optimizing phi
Optimizing branch lengths. Current phi: 0. Current nu:0.29019293341884506
Optimizing nu
Mstep runtime (s): 0.38806796073913574
Finished EM iter: 21. Current nllh: 10535.197702971143
Starting EM iter: 22
Estep
Estep runtime (s): 0.2013382911682129
Mstep
Optimizing phi
Optimizing branch lengths. Current phi: 0. Current nu:0.29019943119768976
Optimizing nu
Mstep runtime (s): 0.41916489601135254
Finished EM iter: 22. Current nllh: 10535.19744173738
Starting EM iter: 23
Estep
Estep runtime (s): 0.20468521118164062
Mstep
Optimizing phi
Optimizing branch lengths. Current phi: 0. Current nu:0.2902046699400223
Optimizing nu
Mstep runtime (s): 0.4434511661529541
Finished EM iter: 23. Current nllh: 10535.19722834801
Starting EM iter: 24
Estep
Estep runtime (s): 0.19949889183044434
Mstep
Optimizing phi
Optimizing branch lengths. Current phi: 0. Current nu:0.2902093657970241
Optimizing nu
Mstep runtime (s): 0.40167784690856934
Finished EM iter: 24. Current nllh: 10535.197050998426
Starting EM iter: 25
Estep
Estep runtime (s): 0.20291781425476074
Mstep
Optimizing phi
Optimizing branch lengths. Current phi: 0. Current nu:0.2902133445511418
Optimizing nu
Mstep runtime (s): 0.40819311141967773
Finished EM iter: 25. Current nllh: 10535.19689862799
Starting EM iter: 26
Estep
Estep runtime (s): 0.2009902000427246
Mstep
Optimizing phi
Optimizing branch lengths. Current phi: 0. Current nu:0.29021697550792014
Optimizing nu
Mstep runtime (s): 0.4198729991912842
Finished EM iter: 26. Current nllh: 10535.196780794698
Starting EM iter: 27
Estep
Estep runtime (s): 0.20214486122131348
Mstep
Optimizing phi
Optimizing branch lengths. Current phi: 0. Current nu:0.2902198083308793
Optimizing nu
Mstep runtime (s): 0.4973289966583252
Finished EM iter: 27. Current nllh: 10535.196640119135
Starting EM iter: 28
Estep
Estep runtime (s): 0.20813894271850586
Mstep
Optimizing phi
Optimizing branch lengths. Current phi: 0. Current nu:0.2902219307555372
Optimizing nu
Mstep runtime (s): 0.4005410671234131
Finished EM iter: 28. Current nllh: 10535.196587299222
EM finished after 28 iterations.
Optimal phi: 0. Optimal nu: 0.2902251113267187. Optimal nllh: 10535.196587299222
Optimal point found for initial point 1
Numerical optimization finished successfully
Tree height pre-scaling: 0.6876217791523146, input timescale: 1.0
Tree height after scaling: 0.9999999999999999, mutation rate: 0.6876217791523146
Tree height pre-scaling: 0.6876217791946004, input timescale: 1.0
Tree height after scaling: 1.0, mutation rate: 0.6876217791946004
Tree height pre-scaling: 0.6876217793873525, input timescale: 1.0
Tree height after scaling: 0.9999999999999999, mutation rate: 0.6876217793873525
Tree height pre-scaling: 0.6876217792043869, input timescale: 1.0
Tree height after scaling: 1.0000000000000002, mutation rate: 0.6876217792043869
Tree height pre-scaling: 0.6876217792126736, input timescale: 1.0
Tree height after scaling: 1.0, mutation rate: 0.6876217792126736
Tree height pre-scaling: 0.6876217791504109, input timescale: 1.0
Tree height after scaling: 0.9999999999999999, mutation rate: 0.6876217791504109
Tree height pre-scaling: 0.6876217791650029, input timescale: 1.0
Tree height after scaling: 1.0, mutation rate: 0.6876217791650029
Tree height pre-scaling: 0.6876217791674636, input timescale: 1.0
Tree height after scaling: 1.0, mutation rate: 0.6876217791674636
Tree height pre-scaling: 0.6876217791973891, input timescale: 1.0
Tree height after scaling: 0.9999999999999998, mutation rate: 0.6876217791973891
Tree height pre-scaling: 0.6876217792024539, input timescale: 1.0
Tree height after scaling: 1.0000000000000002, mutation rate: 0.6876217792024539
Tree height pre-scaling: 0.6876217791424615, input timescale: 1.0
Tree height after scaling: 1.0, mutation rate: 0.6876217791424615
Tree height pre-scaling: 0.6876217791744157, input timescale: 1.0
Tree height after scaling: 0.9999999999999998, mutation rate: 0.6876217791744157
Tree height pre-scaling: 0.6876217792108978, input timescale: 1.0
Tree height after scaling: 1.0, mutation rate: 0.6876217792108978
Tree height pre-scaling: 0.6876217791230249, input timescale: 1.0
Tree height after scaling: 1.0, mutation rate: 0.6876217791230249
Tree height pre-scaling: 0.6876217791045977, input timescale: 1.0
Tree height after scaling: 1.0, mutation rate: 0.6876217791045977
Tree height pre-scaling: 0.6876217791885353, input timescale: 1.0
Tree height after scaling: 1.0, mutation rate: 0.6876217791885353
Tree height pre-scaling: 0.6876217791972735, input timescale: 1.0
Tree height after scaling: 1.0, mutation rate: 0.6876217791972735
Runtime (s): 19.160834209
