Launching LAML version 0.0.4
LAML was called as follows: /Users/uym2/my_gits/LAML/run_laml.py -c ../../evaluation/Bar10/Bar10_character_matrix.txt -t place_outlier1/augmented_tree_384.nwk -o place_outlier1/augmented_tree_384_optimized -v -p ../../evaluation/Bar10/Bar10_priors.pickle --delimiter tab -m -1 --nInitials 1
Prior keys mismatch with site names.
Prior keys: [0, 1, 2, 3, 4, 5, 6, 7, 8, 9, 10, 11, 12, 13, 14, 15, 16, 17, 18, 19, 20, 21, 22, 23, 24, 25, 26, 27, 28, 29]
Site names: ['r1', 'r2', 'r3', 'r4', 'r5', 'r6', 'r7', 'r8', 'r9', 'r10', 'r11', 'r12', 'r13', 'r14', 'r15', 'r16', 'r17', 'r18', 'r19', 'r20', 'r21', 'r22', 'r23', 'r24', 'r25', 'r26', 'r27', 'r28', 'r29', 'r30']
Attempting to infer mapping between site names and prior keys...
{'r1': 0, 'r2': 1, 'r3': 2, 'r4': 3, 'r5': 4, 'r6': 5, 'r7': 6, 'r8': 7, 'r9': 8, 'r10': 9, 'r11': 10, 'r12': 11, 'r13': 12, 'r14': 13, 'r15': 14, 'r16': 15, 'r17': 16, 'r18': 17, 'r19': 18, 'r20': 19, 'r21': 20, 'r22': 21, 'r23': 22, 'r24': 23, 'r25': 24, 'r26': 25, 'r27': 26, 'r28': 27, 'r29': 28, 'r30': 29}
Optimizing branch lengths, phi, and nu without topology search
Optimization by EM algorithm
Optimization start with 1 initials
Initial point 1. Random seed: 847
Numerical optimization started with ultrametric constraint (default)
Initial phi: 0. Initial nu: 0.26955655566205877. Initial nllh: 13013.060348060104
Starting EM iter: 1
Estep
Estep runtime (s): 0.10775399208068848
Mstep
Optimizing phi
Optimizing branch lengths. Current phi: 0. Current nu:0.26955655566205877
Optimizing nu
Mstep runtime (s): 0.3371551036834717
Finished EM iter: 1. Current nllh: 10526.544715197972
Starting EM iter: 2
Estep
Estep runtime (s): 0.14826011657714844
Mstep
Optimizing phi
Optimizing branch lengths. Current phi: 0. Current nu:0.28708970110124016
Optimizing nu
Mstep runtime (s): 0.3097670078277588
Finished EM iter: 2. Current nllh: 10506.719932588017
Starting EM iter: 3
Estep
Estep runtime (s): 0.15397310256958008
Mstep
Optimizing phi
Optimizing branch lengths. Current phi: 0. Current nu:0.2901290274832164
Optimizing nu
Mstep runtime (s): 0.32657790184020996
Finished EM iter: 3. Current nllh: 10504.950293881135
Starting EM iter: 4
Estep
Estep runtime (s): 0.15014290809631348
Mstep
Optimizing phi
Optimizing branch lengths. Current phi: 0. Current nu:0.29075974483543077
Optimizing nu
Mstep runtime (s): 0.4002382755279541
Finished EM iter: 4. Current nllh: 10504.571054643859
Starting EM iter: 5
Estep
Estep runtime (s): 0.1526639461517334
Mstep
Optimizing phi
Optimizing branch lengths. Current phi: 0. Current nu:0.29104812980276296
Optimizing nu
Mstep runtime (s): 0.33974409103393555
Finished EM iter: 5. Current nllh: 10504.46838339023
Starting EM iter: 6
Estep
Estep runtime (s): 0.1501448154449463
Mstep
Optimizing phi
Optimizing branch lengths. Current phi: 0. Current nu:0.29122864584508584
Optimizing nu
Mstep runtime (s): 0.35199475288391113
Finished EM iter: 6. Current nllh: 10504.422673451818
Starting EM iter: 7
Estep
Estep runtime (s): 0.15006637573242188
Mstep
Optimizing phi
Optimizing branch lengths. Current phi: 0. Current nu:0.2913567000467167
Optimizing nu
Mstep runtime (s): 0.292313814163208
Finished EM iter: 7. Current nllh: 10504.40440315988
Starting EM iter: 8
Estep
Estep runtime (s): 0.1499941349029541
Mstep
Optimizing phi
Optimizing branch lengths. Current phi: 0. Current nu:0.2914476134261197
Optimizing nu
Mstep runtime (s): 0.346343994140625
Finished EM iter: 8. Current nllh: 10504.39310792196
Starting EM iter: 9
Estep
Estep runtime (s): 0.14988017082214355
Mstep
Optimizing phi
Optimizing branch lengths. Current phi: 0. Current nu:0.29151611480247225
Optimizing nu
Mstep runtime (s): 0.33779406547546387
Finished EM iter: 9. Current nllh: 10504.385553514012
Starting EM iter: 10
Estep
Estep runtime (s): 0.14985871315002441
Mstep
Optimizing phi
Optimizing branch lengths. Current phi: 0. Current nu:0.29156948134074456
Optimizing nu
Mstep runtime (s): 0.3441290855407715
Finished EM iter: 10. Current nllh: 10504.380202391849
Starting EM iter: 11
Estep
Estep runtime (s): 0.1520400047302246
Mstep
Optimizing phi
Optimizing branch lengths. Current phi: 0. Current nu:0.29161132230012426
Optimizing nu
Mstep runtime (s): 0.35896801948547363
Finished EM iter: 11. Current nllh: 10504.376645457754
Starting EM iter: 12
Estep
Estep runtime (s): 0.14995408058166504
Mstep
Optimizing phi
Optimizing branch lengths. Current phi: 0. Current nu:0.2916438128987053
Optimizing nu
Mstep runtime (s): 0.3054661750793457
Finished EM iter: 12. Current nllh: 10504.373935344769
Starting EM iter: 13
Estep
Estep runtime (s): 0.1492919921875
Mstep
Optimizing phi
Optimizing branch lengths. Current phi: 0. Current nu:0.2916704506489965
Optimizing nu
Mstep runtime (s): 0.3543717861175537
Finished EM iter: 13. Current nllh: 10504.371915601027
Starting EM iter: 14
Estep
Estep runtime (s): 0.15125298500061035
Mstep
Optimizing phi
Optimizing branch lengths. Current phi: 0. Current nu:0.29169199267024504
Optimizing nu
Mstep runtime (s): 0.3126068115234375
Finished EM iter: 14. Current nllh: 10504.37036861395
Starting EM iter: 15
Estep
Estep runtime (s): 0.15010309219360352
Mstep
Optimizing phi
Optimizing branch lengths. Current phi: 0. Current nu:0.29171051083674243
Optimizing nu
Mstep runtime (s): 0.3040502071380615
Finished EM iter: 15. Current nllh: 10504.369170028836
Starting EM iter: 16
Estep
Estep runtime (s): 0.15020489692687988
Mstep
Optimizing phi
Optimizing branch lengths. Current phi: 0. Current nu:0.29172591230764433
Optimizing nu
Mstep runtime (s): 0.34029579162597656
Finished EM iter: 16. Current nllh: 10504.368199366838
Starting EM iter: 17
Estep
Estep runtime (s): 0.14998602867126465
Mstep
Optimizing phi
Optimizing branch lengths. Current phi: 0. Current nu:0.2917371488492436
Optimizing nu
Mstep runtime (s): 0.3304576873779297
Finished EM iter: 17. Current nllh: 10504.367524201863
Starting EM iter: 18
Estep
Estep runtime (s): 0.15300393104553223
Mstep
Optimizing phi
Optimizing branch lengths. Current phi: 0. Current nu:0.2917497482909641
Optimizing nu
Mstep runtime (s): 0.3074378967285156
Finished EM iter: 18. Current nllh: 10504.366902626974
Starting EM iter: 19
Estep
Estep runtime (s): 0.1511220932006836
Mstep
Optimizing phi
Optimizing branch lengths. Current phi: 0. Current nu:0.2917597122726473
Optimizing nu
Mstep runtime (s): 0.32797718048095703
Finished EM iter: 19. Current nllh: 10504.366391371746
Starting EM iter: 20
Estep
Estep runtime (s): 0.15246915817260742
Mstep
Optimizing phi
Optimizing branch lengths. Current phi: 0. Current nu:0.2917663056363469
Optimizing nu
Mstep runtime (s): 0.36991167068481445
Finished EM iter: 20. Current nllh: 10504.366058892467
Starting EM iter: 21
Estep
Estep runtime (s): 0.14960217475891113
Mstep
Optimizing phi
Optimizing branch lengths. Current phi: 0. Current nu:0.2917745913694366
Optimizing nu
Mstep runtime (s): 0.33532118797302246
Finished EM iter: 21. Current nllh: 10504.365717500057
Starting EM iter: 22
Estep
Estep runtime (s): 0.15314102172851562
Mstep
Optimizing phi
Optimizing branch lengths. Current phi: 0. Current nu:0.29178095454676783
Optimizing nu
Mstep runtime (s): 0.3099849224090576
Finished EM iter: 22. Current nllh: 10504.365451106743
Starting EM iter: 23
Estep
Estep runtime (s): 0.14948296546936035
Mstep
Optimizing phi
Optimizing branch lengths. Current phi: 0. Current nu:0.29178627572526666
Optimizing nu
Mstep runtime (s): 0.3562297821044922
Finished EM iter: 23. Current nllh: 10504.36514749134
Starting EM iter: 24
Estep
Estep runtime (s): 0.1504530906677246
Mstep
Optimizing phi
Optimizing branch lengths. Current phi: 0. Current nu:0.2917905053242066
Optimizing nu
Mstep runtime (s): 0.28855299949645996
Finished EM iter: 24. Current nllh: 10504.365042851918
EM finished after 24 iterations.
Optimal phi: 0. Optimal nu: 0.29179554639912675. Optimal nllh: 10504.365042851918
Optimal point found for initial point 1
Numerical optimization finished successfully
Tree height pre-scaling: 0.6861100809913879, input timescale: 1.0
Tree height after scaling: 1.0, mutation rate: 0.6861100809913879
Tree height pre-scaling: 0.6861100810476519, input timescale: 1.0
Tree height after scaling: 1.0, mutation rate: 0.6861100810476519
Tree height pre-scaling: 0.6861100811352546, input timescale: 1.0
Tree height after scaling: 1.0, mutation rate: 0.6861100811352546
Tree height pre-scaling: 0.686110080924619, input timescale: 1.0
Tree height after scaling: 0.9999999999999998, mutation rate: 0.686110080924619
Tree height pre-scaling: 0.6861100808766419, input timescale: 1.0
Tree height after scaling: 1.0, mutation rate: 0.6861100808766419
Tree height pre-scaling: 0.6861100810809495, input timescale: 1.0
Tree height after scaling: 1.0, mutation rate: 0.6861100810809495
Tree height pre-scaling: 0.686110081069522, input timescale: 1.0
Tree height after scaling: 1.0, mutation rate: 0.686110081069522
Tree height pre-scaling: 0.6861100810133177, input timescale: 1.0
Tree height after scaling: 1.0, mutation rate: 0.6861100810133177
Tree height pre-scaling: 0.6861100810414631, input timescale: 1.0
Tree height after scaling: 1.0, mutation rate: 0.6861100810414631
Tree height pre-scaling: 0.686110081126428, input timescale: 1.0
Tree height after scaling: 0.9999999999999999, mutation rate: 0.686110081126428
Tree height pre-scaling: 0.6861100809719267, input timescale: 1.0
Tree height after scaling: 1.0, mutation rate: 0.6861100809719267
Tree height pre-scaling: 0.6861100810295281, input timescale: 1.0
Tree height after scaling: 1.0, mutation rate: 0.6861100810295281
Tree height pre-scaling: 0.6861100809853133, input timescale: 1.0
Tree height after scaling: 0.9999999999999999, mutation rate: 0.6861100809853133
Tree height pre-scaling: 0.6861100811255054, input timescale: 1.0
Tree height after scaling: 1.0, mutation rate: 0.6861100811255054
Tree height pre-scaling: 0.6861100810267378, input timescale: 1.0
Tree height after scaling: 1.0, mutation rate: 0.6861100810267378
Tree height pre-scaling: 0.686110081703956, input timescale: 1.0
Tree height after scaling: 1.0, mutation rate: 0.686110081703956
Tree height pre-scaling: 0.6861100811166982, input timescale: 1.0
Tree height after scaling: 1.0, mutation rate: 0.6861100811166982
Runtime (s): 12.845172958
