Launching LAML version 0.0.4
LAML was called as follows: /Users/uym2/my_gits/LAML/run_laml.py -c ../../evaluation/Bar10/Bar10_character_matrix.txt -t place_outlier1/augmented_tree_512.nwk -o place_outlier1/augmented_tree_512_optimized -v -p ../../evaluation/Bar10/Bar10_priors.pickle --delimiter tab -m -1 --nInitials 1
Prior keys mismatch with site names.
Prior keys: [0, 1, 2, 3, 4, 5, 6, 7, 8, 9, 10, 11, 12, 13, 14, 15, 16, 17, 18, 19, 20, 21, 22, 23, 24, 25, 26, 27, 28, 29]
Site names: ['r1', 'r2', 'r3', 'r4', 'r5', 'r6', 'r7', 'r8', 'r9', 'r10', 'r11', 'r12', 'r13', 'r14', 'r15', 'r16', 'r17', 'r18', 'r19', 'r20', 'r21', 'r22', 'r23', 'r24', 'r25', 'r26', 'r27', 'r28', 'r29', 'r30']
Attempting to infer mapping between site names and prior keys...
{'r1': 0, 'r2': 1, 'r3': 2, 'r4': 3, 'r5': 4, 'r6': 5, 'r7': 6, 'r8': 7, 'r9': 8, 'r10': 9, 'r11': 10, 'r12': 11, 'r13': 12, 'r14': 13, 'r15': 14, 'r16': 15, 'r17': 16, 'r18': 17, 'r19': 18, 'r20': 19, 'r21': 20, 'r22': 21, 'r23': 22, 'r24': 23, 'r25': 24, 'r26': 25, 'r27': 26, 'r28': 27, 'r29': 28, 'r30': 29}
Optimizing branch lengths, phi, and nu without topology search
Optimization by EM algorithm
Optimization start with 1 initials
Initial point 1. Random seed: 6485
Numerical optimization started with ultrametric constraint (default)
Initial phi: 0. Initial nu: 0.26955655566205877. Initial nllh: 12808.649719694606
Starting EM iter: 1
Estep
Estep runtime (s): 0.10772085189819336
Mstep
Optimizing phi
Optimizing branch lengths. Current phi: 0. Current nu:0.26955655566205877
Optimizing nu
Mstep runtime (s): 0.297360897064209
Finished EM iter: 1. Current nllh: 10607.496875889765
Starting EM iter: 2
Estep
Estep runtime (s): 0.1452782154083252
Mstep
Optimizing phi
Optimizing branch lengths. Current phi: 0. Current nu:0.2822144242973967
Optimizing nu
Mstep runtime (s): 0.33220791816711426
Finished EM iter: 2. Current nllh: 10591.97294049539
Starting EM iter: 3
Estep
Estep runtime (s): 0.14785504341125488
Mstep
Optimizing phi
Optimizing branch lengths. Current phi: 0. Current nu:0.2849354811972467
Optimizing nu
Mstep runtime (s): 0.28934407234191895
Finished EM iter: 3. Current nllh: 10590.636191835396
Starting EM iter: 4
Estep
Estep runtime (s): 0.14589977264404297
Mstep
Optimizing phi
Optimizing branch lengths. Current phi: 0. Current nu:0.2857061294436228
Optimizing nu
Mstep runtime (s): 0.39835119247436523
Finished EM iter: 4. Current nllh: 10590.374163359793
Starting EM iter: 5
Estep
Estep runtime (s): 0.1457371711730957
Mstep
Optimizing phi
Optimizing branch lengths. Current phi: 0. Current nu:0.2860754283477438
Optimizing nu
Mstep runtime (s): 0.33057093620300293
Finished EM iter: 5. Current nllh: 10590.290293529097
Starting EM iter: 6
Estep
Estep runtime (s): 0.14560604095458984
Mstep
Optimizing phi
Optimizing branch lengths. Current phi: 0. Current nu:0.28629493469546985
Optimizing nu
Mstep runtime (s): 0.28867006301879883
Finished EM iter: 6. Current nllh: 10590.254022907926
Starting EM iter: 7
Estep
Estep runtime (s): 0.14606165885925293
Mstep
Optimizing phi
Optimizing branch lengths. Current phi: 0. Current nu:0.28643840006026894
Optimizing nu
Mstep runtime (s): 0.29143309593200684
Finished EM iter: 7. Current nllh: 10590.234653963707
Starting EM iter: 8
Estep
Estep runtime (s): 0.14597201347351074
Mstep
Optimizing phi
Optimizing branch lengths. Current phi: 0. Current nu:0.28653722259959646
Optimizing nu
Mstep runtime (s): 0.29059314727783203
Finished EM iter: 8. Current nllh: 10590.222936173785
Starting EM iter: 9
Estep
Estep runtime (s): 0.14817214012145996
Mstep
Optimizing phi
Optimizing branch lengths. Current phi: 0. Current nu:0.2866079129179631
Optimizing nu
Mstep runtime (s): 0.3217332363128662
Finished EM iter: 9. Current nllh: 10590.215306038372
Starting EM iter: 10
Estep
Estep runtime (s): 0.1462688446044922
Mstep
Optimizing phi
Optimizing branch lengths. Current phi: 0. Current nu:0.28666108917664945
Optimizing nu
Mstep runtime (s): 0.29373598098754883
Finished EM iter: 10. Current nllh: 10590.210106280005
Starting EM iter: 11
Estep
Estep runtime (s): 0.1458427906036377
Mstep
Optimizing phi
Optimizing branch lengths. Current phi: 0. Current nu:0.28670182512336395
Optimizing nu
Mstep runtime (s): 0.33530616760253906
Finished EM iter: 11. Current nllh: 10590.20643656879
Starting EM iter: 12
Estep
Estep runtime (s): 0.14610886573791504
Mstep
Optimizing phi
Optimizing branch lengths. Current phi: 0. Current nu:0.28673401164962037
Optimizing nu
Mstep runtime (s): 0.2959861755371094
Finished EM iter: 12. Current nllh: 10590.203770184631
Starting EM iter: 13
Estep
Estep runtime (s): 0.14617490768432617
Mstep
Optimizing phi
Optimizing branch lengths. Current phi: 0. Current nu:0.2867604354456223
Optimizing nu
Mstep runtime (s): 0.3231801986694336
Finished EM iter: 13. Current nllh: 10590.201765387741
Starting EM iter: 14
Estep
Estep runtime (s): 0.1466681957244873
Mstep
Optimizing phi
Optimizing branch lengths. Current phi: 0. Current nu:0.28677988801781873
Optimizing nu
Mstep runtime (s): 0.2811598777770996
Finished EM iter: 14. Current nllh: 10590.200334981642
Starting EM iter: 15
Estep
Estep runtime (s): 0.1465742588043213
Mstep
Optimizing phi
Optimizing branch lengths. Current phi: 0. Current nu:0.2867989758831593
Optimizing nu
Mstep runtime (s): 0.3271348476409912
Finished EM iter: 15. Current nllh: 10590.199160621292
Starting EM iter: 16
Estep
Estep runtime (s): 0.1465601921081543
Mstep
Optimizing phi
Optimizing branch lengths. Current phi: 0. Current nu:0.286814187947737
Optimizing nu
Mstep runtime (s): 0.41719889640808105
Finished EM iter: 16. Current nllh: 10590.198287443049
Starting EM iter: 17
Estep
Estep runtime (s): 0.14636492729187012
Mstep
Optimizing phi
Optimizing branch lengths. Current phi: 0. Current nu:0.28682586288115797
Optimizing nu
Mstep runtime (s): 0.28667521476745605
Finished EM iter: 17. Current nllh: 10590.197587785102
Starting EM iter: 18
Estep
Estep runtime (s): 0.14626002311706543
Mstep
Optimizing phi
Optimizing branch lengths. Current phi: 0. Current nu:0.2868367772168565
Optimizing nu
Mstep runtime (s): 0.35059404373168945
Finished EM iter: 18. Current nllh: 10590.197005046577
Starting EM iter: 19
Estep
Estep runtime (s): 0.14671587944030762
Mstep
Optimizing phi
Optimizing branch lengths. Current phi: 0. Current nu:0.28684438948504554
Optimizing nu
Mstep runtime (s): 0.30551910400390625
Finished EM iter: 19. Current nllh: 10590.196597117023
Starting EM iter: 20
Estep
Estep runtime (s): 0.1467578411102295
Mstep
Optimizing phi
Optimizing branch lengths. Current phi: 0. Current nu:0.28685347272385525
Optimizing nu
Mstep runtime (s): 0.371737003326416
Finished EM iter: 20. Current nllh: 10590.196213197352
Starting EM iter: 21
Estep
Estep runtime (s): 0.1462860107421875
Mstep
Optimizing phi
Optimizing branch lengths. Current phi: 0. Current nu:0.286860312962993
Optimizing nu
Mstep runtime (s): 0.28308892250061035
Finished EM iter: 21. Current nllh: 10590.195907286976
Starting EM iter: 22
Estep
Estep runtime (s): 0.14672303199768066
Mstep
Optimizing phi
Optimizing branch lengths. Current phi: 0. Current nu:0.28686624003215894
Optimizing nu
Mstep runtime (s): 0.3096749782562256
Finished EM iter: 22. Current nllh: 10590.195662986187
Starting EM iter: 23
Estep
Estep runtime (s): 0.14629077911376953
Mstep
Optimizing phi
Optimizing branch lengths. Current phi: 0. Current nu:0.2868711233733032
Optimizing nu
Mstep runtime (s): 0.2798619270324707
Finished EM iter: 23. Current nllh: 10590.195463808124
Starting EM iter: 24
Estep
Estep runtime (s): 0.146589994430542
Mstep
Optimizing phi
Optimizing branch lengths. Current phi: 0. Current nu:0.2868753723700578
Optimizing nu
Mstep runtime (s): 0.3056209087371826
Finished EM iter: 24. Current nllh: 10590.195290770438
Starting EM iter: 25
Estep
Estep runtime (s): 0.14647293090820312
Mstep
Optimizing phi
Optimizing branch lengths. Current phi: 0. Current nu:0.2868793265315818
Optimizing nu
Mstep runtime (s): 0.29998111724853516
Finished EM iter: 25. Current nllh: 10590.195138971823
Starting EM iter: 26
Estep
Estep runtime (s): 0.1467890739440918
Mstep
Optimizing phi
Optimizing branch lengths. Current phi: 0. Current nu:0.28688294249524987
Optimizing nu
Mstep runtime (s): 0.33359193801879883
Finished EM iter: 26. Current nllh: 10590.195009714644
Starting EM iter: 27
Estep
Estep runtime (s): 0.1462857723236084
Mstep
Optimizing phi
Optimizing branch lengths. Current phi: 0. Current nu:0.2868844911833577
Optimizing nu
Mstep runtime (s): 0.31278014183044434
Finished EM iter: 27. Current nllh: 10590.194928533734
EM finished after 27 iterations.
Optimal phi: 0. Optimal nu: 0.28688846878219626. Optimal nllh: 10590.194928533734
Optimal point found for initial point 1
Numerical optimization finished successfully
Tree height pre-scaling: 0.6921259654380163, input timescale: 1.0
Tree height after scaling: 1.0, mutation rate: 0.6921259654380163
Tree height pre-scaling: 0.6921259654413807, input timescale: 1.0
Tree height after scaling: 1.0000000000000002, mutation rate: 0.6921259654413807
Tree height pre-scaling: 0.6921259654195351, input timescale: 1.0
Tree height after scaling: 1.0, mutation rate: 0.6921259654195351
Tree height pre-scaling: 0.6921259654143377, input timescale: 1.0
Tree height after scaling: 1.0, mutation rate: 0.6921259654143377
Tree height pre-scaling: 0.6921259654357227, input timescale: 1.0
Tree height after scaling: 1.0, mutation rate: 0.6921259654357227
Tree height pre-scaling: 0.6921259654342969, input timescale: 1.0
Tree height after scaling: 1.0, mutation rate: 0.6921259654342969
Tree height pre-scaling: 0.692125965428653, input timescale: 1.0
Tree height after scaling: 1.0, mutation rate: 0.692125965428653
Tree height pre-scaling: 0.6921259654314448, input timescale: 1.0
Tree height after scaling: 1.0, mutation rate: 0.6921259654314448
Tree height pre-scaling: 0.6921259654406153, input timescale: 1.0
Tree height after scaling: 1.0, mutation rate: 0.6921259654406153
Tree height pre-scaling: 0.692125965424498, input timescale: 1.0
Tree height after scaling: 1.0000000000000002, mutation rate: 0.692125965424498
Tree height pre-scaling: 0.6921259654310497, input timescale: 1.0
Tree height after scaling: 1.0, mutation rate: 0.6921259654310497
Tree height pre-scaling: 0.6921259654256465, input timescale: 1.0
Tree height after scaling: 1.0, mutation rate: 0.6921259654256465
Tree height pre-scaling: 0.6921259654401363, input timescale: 1.0
Tree height after scaling: 1.0, mutation rate: 0.6921259654401363
Tree height pre-scaling: 0.6921259654303712, input timescale: 1.0
Tree height after scaling: 1.0, mutation rate: 0.6921259654303712
Tree height pre-scaling: 0.6921259654999713, input timescale: 1.0
Tree height after scaling: 1.0, mutation rate: 0.6921259654999713
Tree height pre-scaling: 0.692125965436564, input timescale: 1.0
Tree height after scaling: 1.0000000000000002, mutation rate: 0.692125965436564
Tree height pre-scaling: 0.6921259654402583, input timescale: 1.0
Tree height after scaling: 1.0, mutation rate: 0.6921259654402583
Runtime (s): 13.839680416
