Launching LAML version 0.0.4
LAML was called as follows: /Users/uym2/my_gits/LAML/run_laml.py -c ../../evaluation/Bar10/Bar10_character_matrix.txt -t place_outlier1/augmented_tree_242.nwk -o place_outlier1/augmented_tree_242_optimized -v -p ../../evaluation/Bar10/Bar10_priors.pickle --delimiter tab -m -1 --nInitials 1
Prior keys mismatch with site names.
Prior keys: [0, 1, 2, 3, 4, 5, 6, 7, 8, 9, 10, 11, 12, 13, 14, 15, 16, 17, 18, 19, 20, 21, 22, 23, 24, 25, 26, 27, 28, 29]
Site names: ['r1', 'r2', 'r3', 'r4', 'r5', 'r6', 'r7', 'r8', 'r9', 'r10', 'r11', 'r12', 'r13', 'r14', 'r15', 'r16', 'r17', 'r18', 'r19', 'r20', 'r21', 'r22', 'r23', 'r24', 'r25', 'r26', 'r27', 'r28', 'r29', 'r30']
Attempting to infer mapping between site names and prior keys...
{'r1': 0, 'r2': 1, 'r3': 2, 'r4': 3, 'r5': 4, 'r6': 5, 'r7': 6, 'r8': 7, 'r9': 8, 'r10': 9, 'r11': 10, 'r12': 11, 'r13': 12, 'r14': 13, 'r15': 14, 'r16': 15, 'r17': 16, 'r18': 17, 'r19': 18, 'r20': 19, 'r21': 20, 'r22': 21, 'r23': 22, 'r24': 23, 'r25': 24, 'r26': 25, 'r27': 26, 'r28': 27, 'r29': 28, 'r30': 29}
Optimizing branch lengths, phi, and nu without topology search
Optimization by EM algorithm
Optimization start with 1 initials
Initial point 1. Random seed: 2271
Numerical optimization started with ultrametric constraint (default)
Initial phi: 0. Initial nu: 0.26955655566205877. Initial nllh: 13387.22683728994
Starting EM iter: 1
Estep
Estep runtime (s): 0.14063096046447754
Mstep
Optimizing phi
Optimizing branch lengths. Current phi: 0. Current nu:0.26955655566205877
Optimizing nu
Mstep runtime (s): 0.4182898998260498
Finished EM iter: 1. Current nllh: 10719.97059601931
Starting EM iter: 2
Estep
Estep runtime (s): 0.19195222854614258
Mstep
Optimizing phi
Optimizing branch lengths. Current phi: 0. Current nu:0.2894622783320306
Optimizing nu
Mstep runtime (s): 0.3970601558685303
Finished EM iter: 2. Current nllh: 10694.918658399656
Starting EM iter: 3
Estep
Estep runtime (s): 0.19102787971496582
Mstep
Optimizing phi
Optimizing branch lengths. Current phi: 0. Current nu:0.2941065939947552
Optimizing nu
Mstep runtime (s): 0.40910816192626953
Finished EM iter: 3. Current nllh: 10692.484161697204
Starting EM iter: 4
Estep
Estep runtime (s): 0.19180893898010254
Mstep
Optimizing phi
Optimizing branch lengths. Current phi: 0. Current nu:0.29514129970736275
Optimizing nu
Mstep runtime (s): 0.4519462585449219
Finished EM iter: 4. Current nllh: 10692.10198909073
Starting EM iter: 5
Estep
Estep runtime (s): 0.19268560409545898
Mstep
Optimizing phi
Optimizing branch lengths. Current phi: 0. Current nu:0.29552370778216647
Optimizing nu
Mstep runtime (s): 0.42749500274658203
Finished EM iter: 5. Current nllh: 10691.999449415871
Starting EM iter: 6
Estep
Estep runtime (s): 0.19457101821899414
Mstep
Optimizing phi
Optimizing branch lengths. Current phi: 0. Current nu:0.2957375188823829
Optimizing nu
Mstep runtime (s): 0.40564393997192383
Finished EM iter: 6. Current nllh: 10691.949861828813
Starting EM iter: 7
Estep
Estep runtime (s): 0.1943528652191162
Mstep
Optimizing phi
Optimizing branch lengths. Current phi: 0. Current nu:0.2958789648388103
Optimizing nu
Mstep runtime (s): 0.41522789001464844
Finished EM iter: 7. Current nllh: 10691.929272404339
Starting EM iter: 8
Estep
Estep runtime (s): 0.19214797019958496
Mstep
Optimizing phi
Optimizing branch lengths. Current phi: 0. Current nu:0.2959752814052563
Optimizing nu
Mstep runtime (s): 0.36294078826904297
Finished EM iter: 8. Current nllh: 10691.916374589346
Starting EM iter: 9
Estep
Estep runtime (s): 0.19318485260009766
Mstep
Optimizing phi
Optimizing branch lengths. Current phi: 0. Current nu:0.29604718555274306
Optimizing nu
Mstep runtime (s): 0.3917958736419678
Finished EM iter: 9. Current nllh: 10691.907807001102
Starting EM iter: 10
Estep
Estep runtime (s): 0.19471311569213867
Mstep
Optimizing phi
Optimizing branch lengths. Current phi: 0. Current nu:0.2961013688269582
Optimizing nu
Mstep runtime (s): 0.5019409656524658
Finished EM iter: 10. Current nllh: 10691.901882333832
Starting EM iter: 11
Estep
Estep runtime (s): 0.19751501083374023
Mstep
Optimizing phi
Optimizing branch lengths. Current phi: 0. Current nu:0.2961442138128534
Optimizing nu
Mstep runtime (s): 0.3777892589569092
Finished EM iter: 11. Current nllh: 10691.897667606267
Starting EM iter: 12
Estep
Estep runtime (s): 0.19502830505371094
Mstep
Optimizing phi
Optimizing branch lengths. Current phi: 0. Current nu:0.2961777979668042
Optimizing nu
Mstep runtime (s): 0.38339829444885254
Finished EM iter: 12. Current nllh: 10691.89456813902
Starting EM iter: 13
Estep
Estep runtime (s): 0.19336295127868652
Mstep
Optimizing phi
Optimizing branch lengths. Current phi: 0. Current nu:0.2962060927251302
Optimizing nu
Mstep runtime (s): 0.42046689987182617
Finished EM iter: 13. Current nllh: 10691.892251479092
Starting EM iter: 14
Estep
Estep runtime (s): 0.19866180419921875
Mstep
Optimizing phi
Optimizing branch lengths. Current phi: 0. Current nu:0.296228875856147
Optimizing nu
Mstep runtime (s): 0.4307830333709717
Finished EM iter: 14. Current nllh: 10691.890550688286
Starting EM iter: 15
Estep
Estep runtime (s): 0.19219303131103516
Mstep
Optimizing phi
Optimizing branch lengths. Current phi: 0. Current nu:0.2962455877005365
Optimizing nu
Mstep runtime (s): 0.42813968658447266
Finished EM iter: 15. Current nllh: 10691.889240714161
Starting EM iter: 16
Estep
Estep runtime (s): 0.20267796516418457
Mstep
Optimizing phi
Optimizing branch lengths. Current phi: 0. Current nu:0.2962604459313889
Optimizing nu
Mstep runtime (s): 0.45765018463134766
Finished EM iter: 16. Current nllh: 10691.888084457096
Starting EM iter: 17
Estep
Estep runtime (s): 0.20418286323547363
Mstep
Optimizing phi
Optimizing branch lengths. Current phi: 0. Current nu:0.29627503208588024
Optimizing nu
Mstep runtime (s): 0.4515349864959717
Finished EM iter: 17. Current nllh: 10691.887259460525
Starting EM iter: 18
Estep
Estep runtime (s): 0.20511794090270996
Mstep
Optimizing phi
Optimizing branch lengths. Current phi: 0. Current nu:0.2962883616681054
Optimizing nu
Mstep runtime (s): 0.4812779426574707
Finished EM iter: 18. Current nllh: 10691.88654314339
Starting EM iter: 19
Estep
Estep runtime (s): 0.20149779319763184
Mstep
Optimizing phi
Optimizing branch lengths. Current phi: 0. Current nu:0.2962988202205086
Optimizing nu
Mstep runtime (s): 0.40744709968566895
Finished EM iter: 19. Current nllh: 10691.885979932835
Starting EM iter: 20
Estep
Estep runtime (s): 0.19842004776000977
Mstep
Optimizing phi
Optimizing branch lengths. Current phi: 0. Current nu:0.2963076973266161
Optimizing nu
Mstep runtime (s): 0.4118800163269043
Finished EM iter: 20. Current nllh: 10691.885351052148
Starting EM iter: 21
Estep
Estep runtime (s): 0.19517111778259277
Mstep
Optimizing phi
Optimizing branch lengths. Current phi: 0. Current nu:0.29631507467860996
Optimizing nu
Mstep runtime (s): 0.41712117195129395
Finished EM iter: 21. Current nllh: 10691.885137637912
Starting EM iter: 22
Estep
Estep runtime (s): 0.19405412673950195
Mstep
Optimizing phi
Optimizing branch lengths. Current phi: 0. Current nu:0.29632247602518064
Optimizing nu
Mstep runtime (s): 0.4049069881439209
Finished EM iter: 22. Current nllh: 10691.884650976779
Starting EM iter: 23
Estep
Estep runtime (s): 0.19682574272155762
Mstep
Optimizing phi
Optimizing branch lengths. Current phi: 0. Current nu:0.2963280762470638
Optimizing nu
Mstep runtime (s): 0.41777682304382324
Finished EM iter: 23. Current nllh: 10691.884546695244
EM finished after 23 iterations.
Optimal phi: 0. Optimal nu: 0.29633392454285473. Optimal nllh: 10691.884546695244
Optimal point found for initial point 1
Numerical optimization finished successfully
Tree height pre-scaling: 0.6836495788057667, input timescale: 1.0
Tree height after scaling: 1.0, mutation rate: 0.6836495788057667
Tree height pre-scaling: 0.6836495788090124, input timescale: 1.0
Tree height after scaling: 1.0, mutation rate: 0.6836495788090124
Tree height pre-scaling: 0.683649578824103, input timescale: 1.0
Tree height after scaling: 1.0000000000000002, mutation rate: 0.683649578824103
Tree height pre-scaling: 0.6836495788098934, input timescale: 1.0
Tree height after scaling: 0.9999999999999999, mutation rate: 0.6836495788098934
Tree height pre-scaling: 0.6836495788104464, input timescale: 1.0
Tree height after scaling: 1.0, mutation rate: 0.6836495788104464
Tree height pre-scaling: 0.6836495788055423, input timescale: 1.0
Tree height after scaling: 1.0, mutation rate: 0.6836495788055423
Tree height pre-scaling: 0.6836495788072112, input timescale: 1.0
Tree height after scaling: 1.0, mutation rate: 0.6836495788072112
Tree height pre-scaling: 0.6836495788075438, input timescale: 1.0
Tree height after scaling: 1.0, mutation rate: 0.6836495788075438
Tree height pre-scaling: 0.6836495788105316, input timescale: 1.0
Tree height after scaling: 1.0, mutation rate: 0.6836495788105316
Tree height pre-scaling: 0.6836495788036518, input timescale: 1.0
Tree height after scaling: 1.0, mutation rate: 0.6836495788036518
Tree height pre-scaling: 0.6836495788020303, input timescale: 1.0
Tree height after scaling: 1.0, mutation rate: 0.6836495788020303
Tree height pre-scaling: 0.683649578808619, input timescale: 1.0
Tree height after scaling: 0.9999999999999999, mutation rate: 0.683649578808619
Tree height pre-scaling: 0.683649578808203, input timescale: 1.0
Tree height after scaling: 1.0000000000000002, mutation rate: 0.683649578808203
Tree height pre-scaling: 0.6836495788064686, input timescale: 1.0
Tree height after scaling: 1.0, mutation rate: 0.6836495788064686
Tree height pre-scaling: 0.6836495788073005, input timescale: 1.0
Tree height after scaling: 1.0, mutation rate: 0.6836495788073005
Tree height pre-scaling: 0.6836495788100904, input timescale: 1.0
Tree height after scaling: 0.9999999999999999, mutation rate: 0.6836495788100904
Tree height pre-scaling: 0.6836495788094162, input timescale: 1.0
Tree height after scaling: 1.0, mutation rate: 0.6836495788094162
Runtime (s): 15.732586542
