Launching LAML version 0.0.4
LAML was called as follows: /Users/uym2/my_gits/LAML/run_laml.py -c ../../evaluation/Bar10/Bar10_character_matrix.txt -t place_outlier1/augmented_tree_58.nwk -o place_outlier1/augmented_tree_58_optimized -v -p ../../evaluation/Bar10/Bar10_priors.pickle --delimiter tab -m -1 --nInitials 1
Prior keys mismatch with site names.
Prior keys: [0, 1, 2, 3, 4, 5, 6, 7, 8, 9, 10, 11, 12, 13, 14, 15, 16, 17, 18, 19, 20, 21, 22, 23, 24, 25, 26, 27, 28, 29]
Site names: ['r1', 'r2', 'r3', 'r4', 'r5', 'r6', 'r7', 'r8', 'r9', 'r10', 'r11', 'r12', 'r13', 'r14', 'r15', 'r16', 'r17', 'r18', 'r19', 'r20', 'r21', 'r22', 'r23', 'r24', 'r25', 'r26', 'r27', 'r28', 'r29', 'r30']
Attempting to infer mapping between site names and prior keys...
{'r1': 0, 'r2': 1, 'r3': 2, 'r4': 3, 'r5': 4, 'r6': 5, 'r7': 6, 'r8': 7, 'r9': 8, 'r10': 9, 'r11': 10, 'r12': 11, 'r13': 12, 'r14': 13, 'r15': 14, 'r16': 15, 'r17': 16, 'r18': 17, 'r19': 18, 'r20': 19, 'r21': 20, 'r22': 21, 'r23': 22, 'r24': 23, 'r25': 24, 'r26': 25, 'r27': 26, 'r28': 27, 'r29': 28, 'r30': 29}
Optimizing branch lengths, phi, and nu without topology search
Optimization by EM algorithm
Optimization start with 1 initials
Initial point 1. Random seed: 1542
Numerical optimization started with ultrametric constraint (default)
Initial phi: 0. Initial nu: 0.26955655566205877. Initial nllh: 12968.625276691524
Starting EM iter: 1
Estep
Estep runtime (s): 0.10800790786743164
Mstep
Optimizing phi
Optimizing branch lengths. Current phi: 0. Current nu:0.26955655566205877
Optimizing nu
Mstep runtime (s): 0.3192760944366455
Finished EM iter: 1. Current nllh: 10682.380321941491
Starting EM iter: 2
Estep
Estep runtime (s): 0.14722299575805664
Mstep
Optimizing phi
Optimizing branch lengths. Current phi: 0. Current nu:0.2878130763871012
Optimizing nu
Mstep runtime (s): 0.2892119884490967
Finished EM iter: 2. Current nllh: 10665.511756566872
Starting EM iter: 3
Estep
Estep runtime (s): 0.14783406257629395
Mstep
Optimizing phi
Optimizing branch lengths. Current phi: 0. Current nu:0.2918584939671263
Optimizing nu
Mstep runtime (s): 0.32726407051086426
Finished EM iter: 3. Current nllh: 10664.133043278971
Starting EM iter: 4
Estep
Estep runtime (s): 0.14782190322875977
Mstep
Optimizing phi
Optimizing branch lengths. Current phi: 0. Current nu:0.29300703174153675
Optimizing nu
Mstep runtime (s): 0.30178403854370117
Finished EM iter: 4. Current nllh: 10663.879011351533
Starting EM iter: 5
Estep
Estep runtime (s): 0.1474900245666504
Mstep
Optimizing phi
Optimizing branch lengths. Current phi: 0. Current nu:0.293526965247003
Optimizing nu
Mstep runtime (s): 0.32759881019592285
Finished EM iter: 5. Current nllh: 10663.779609323301
Starting EM iter: 6
Estep
Estep runtime (s): 0.1479177474975586
Mstep
Optimizing phi
Optimizing branch lengths. Current phi: 0. Current nu:0.2938075128017133
Optimizing nu
Mstep runtime (s): 0.2782869338989258
Finished EM iter: 6. Current nllh: 10663.728990677157
Starting EM iter: 7
Estep
Estep runtime (s): 0.1480562686920166
Mstep
Optimizing phi
Optimizing branch lengths. Current phi: 0. Current nu:0.293974118116577
Optimizing nu
Mstep runtime (s): 0.31365394592285156
Finished EM iter: 7. Current nllh: 10663.707171180387
Starting EM iter: 8
Estep
Estep runtime (s): 0.14823293685913086
Mstep
Optimizing phi
Optimizing branch lengths. Current phi: 0. Current nu:0.29407835497840695
Optimizing nu
Mstep runtime (s): 0.2740621566772461
Finished EM iter: 8. Current nllh: 10663.696229321156
Starting EM iter: 9
Estep
Estep runtime (s): 0.14800286293029785
Mstep
Optimizing phi
Optimizing branch lengths. Current phi: 0. Current nu:0.294150319317588
Optimizing nu
Mstep runtime (s): 0.2831079959869385
Finished EM iter: 9. Current nllh: 10663.688966915708
Starting EM iter: 10
Estep
Estep runtime (s): 0.14845633506774902
Mstep
Optimizing phi
Optimizing branch lengths. Current phi: 0. Current nu:0.2942037476923454
Optimizing nu
Mstep runtime (s): 0.2908811569213867
Finished EM iter: 10. Current nllh: 10663.683924034307
Starting EM iter: 11
Estep
Estep runtime (s): 0.14822816848754883
Mstep
Optimizing phi
Optimizing branch lengths. Current phi: 0. Current nu:0.294244829341402
Optimizing nu
Mstep runtime (s): 0.32816410064697266
Finished EM iter: 11. Current nllh: 10663.680291582907
Starting EM iter: 12
Estep
Estep runtime (s): 0.1484389305114746
Mstep
Optimizing phi
Optimizing branch lengths. Current phi: 0. Current nu:0.29427593246975337
Optimizing nu
Mstep runtime (s): 0.3603498935699463
Finished EM iter: 12. Current nllh: 10663.67765417356
Starting EM iter: 13
Estep
Estep runtime (s): 0.14821195602416992
Mstep
Optimizing phi
Optimizing branch lengths. Current phi: 0. Current nu:0.2943011717826559
Optimizing nu
Mstep runtime (s): 0.3495359420776367
Finished EM iter: 13. Current nllh: 10663.675694381316
Starting EM iter: 14
Estep
Estep runtime (s): 0.14825892448425293
Mstep
Optimizing phi
Optimizing branch lengths. Current phi: 0. Current nu:0.294322096112662
Optimizing nu
Mstep runtime (s): 0.28536009788513184
Finished EM iter: 14. Current nllh: 10663.674181827288
Starting EM iter: 15
Estep
Estep runtime (s): 0.1485459804534912
Mstep
Optimizing phi
Optimizing branch lengths. Current phi: 0. Current nu:0.2943421923567124
Optimizing nu
Mstep runtime (s): 0.3252437114715576
Finished EM iter: 15. Current nllh: 10663.672995035064
Starting EM iter: 16
Estep
Estep runtime (s): 0.14851593971252441
Mstep
Optimizing phi
Optimizing branch lengths. Current phi: 0. Current nu:0.29435733214305876
Optimizing nu
Mstep runtime (s): 0.280231237411499
Finished EM iter: 16. Current nllh: 10663.67207528314
Starting EM iter: 17
Estep
Estep runtime (s): 0.1483001708984375
Mstep
Optimizing phi
Optimizing branch lengths. Current phi: 0. Current nu:0.29437025276941065
Optimizing nu
Mstep runtime (s): 0.32702088356018066
Finished EM iter: 17. Current nllh: 10663.671349281378
Starting EM iter: 18
Estep
Estep runtime (s): 0.14798188209533691
Mstep
Optimizing phi
Optimizing branch lengths. Current phi: 0. Current nu:0.29438121241554516
Optimizing nu
Mstep runtime (s): 0.3399960994720459
Finished EM iter: 18. Current nllh: 10663.67060372723
Starting EM iter: 19
Estep
Estep runtime (s): 0.14827966690063477
Mstep
Optimizing phi
Optimizing branch lengths. Current phi: 0. Current nu:0.29439044327963726
Optimizing nu
Mstep runtime (s): 0.28759288787841797
Finished EM iter: 19. Current nllh: 10663.670303662238
Starting EM iter: 20
Estep
Estep runtime (s): 0.14821910858154297
Mstep
Optimizing phi
Optimizing branch lengths. Current phi: 0. Current nu:0.2943988706840839
Optimizing nu
Mstep runtime (s): 0.31092190742492676
Finished EM iter: 20. Current nllh: 10663.669753336417
Starting EM iter: 21
Estep
Estep runtime (s): 0.14852094650268555
Mstep
Optimizing phi
Optimizing branch lengths. Current phi: 0. Current nu:0.2944058692913873
Optimizing nu
Mstep runtime (s): 0.3168966770172119
Finished EM iter: 21. Current nllh: 10663.669596535234
Starting EM iter: 22
Estep
Estep runtime (s): 0.1489253044128418
Mstep
Optimizing phi
Optimizing branch lengths. Current phi: 0. Current nu:0.2944123029847503
Optimizing nu
Mstep runtime (s): 0.3208770751953125
Finished EM iter: 22. Current nllh: 10663.669324679233
Starting EM iter: 23
Estep
Estep runtime (s): 0.14830708503723145
Mstep
Optimizing phi
Optimizing branch lengths. Current phi: 0. Current nu:0.2944179562351169
Optimizing nu
Mstep runtime (s): 0.3852810859680176
Finished EM iter: 23. Current nllh: 10663.669071135891
Starting EM iter: 24
Estep
Estep runtime (s): 0.14806008338928223
Mstep
Optimizing phi
Optimizing branch lengths. Current phi: 0. Current nu:0.2944206618953795
Optimizing nu
Mstep runtime (s): 0.28562092781066895
Finished EM iter: 24. Current nllh: 10663.668960516834
Starting EM iter: 25
Estep
Estep runtime (s): 0.14835095405578613
Mstep
Optimizing phi
Optimizing branch lengths. Current phi: 0. Current nu:0.29442651569952566
Optimizing nu
Mstep runtime (s): 0.33600711822509766
Finished EM iter: 25. Current nllh: 10663.668761492792
Starting EM iter: 26
Estep
Estep runtime (s): 0.14844012260437012
Mstep
Optimizing phi
Optimizing branch lengths. Current phi: 0. Current nu:0.29442910535829764
Optimizing nu
Mstep runtime (s): 0.3119547367095947
Finished EM iter: 26. Current nllh: 10663.668662515287
EM finished after 26 iterations.
Optimal phi: 0. Optimal nu: 0.2944336274380072. Optimal nllh: 10663.668662515287
Optimal point found for initial point 1
Numerical optimization finished successfully
Tree height pre-scaling: 0.6896226480553826, input timescale: 1.0
Tree height after scaling: 1.0, mutation rate: 0.6896226480553826
Tree height pre-scaling: 0.6896226481452792, input timescale: 1.0
Tree height after scaling: 1.0000000000000002, mutation rate: 0.6896226481452792
Tree height pre-scaling: 0.689622648561095, input timescale: 1.0
Tree height after scaling: 0.9999999999999999, mutation rate: 0.689622648561095
Tree height pre-scaling: 0.6896226481550742, input timescale: 1.0
Tree height after scaling: 1.0, mutation rate: 0.6896226481550742
Tree height pre-scaling: 0.689622648177921, input timescale: 1.0
Tree height after scaling: 0.9999999999999999, mutation rate: 0.689622648177921
Tree height pre-scaling: 0.6896226480471056, input timescale: 1.0
Tree height after scaling: 1.0000000000000002, mutation rate: 0.6896226480471056
Tree height pre-scaling: 0.6896226480810298, input timescale: 1.0
Tree height after scaling: 1.0, mutation rate: 0.6896226480810298
Tree height pre-scaling: 0.6896226480750726, input timescale: 1.0
Tree height after scaling: 1.0, mutation rate: 0.6896226480750726
Tree height pre-scaling: 0.6896226481585584, input timescale: 1.0
Tree height after scaling: 1.0, mutation rate: 0.6896226481585584
Tree height pre-scaling: 0.6896226481633574, input timescale: 1.0
Tree height after scaling: 1.0, mutation rate: 0.6896226481633574
Tree height pre-scaling: 0.6896226480368313, input timescale: 1.0
Tree height after scaling: 1.0, mutation rate: 0.6896226480368313
Tree height pre-scaling: 0.6896226481112852, input timescale: 1.0
Tree height after scaling: 1.0, mutation rate: 0.6896226481112852
Tree height pre-scaling: 0.6896226480830784, input timescale: 1.0
Tree height after scaling: 1.0, mutation rate: 0.6896226480830784
Tree height pre-scaling: 0.6896226479551899, input timescale: 1.0
Tree height after scaling: 1.0, mutation rate: 0.6896226479551899
Tree height pre-scaling: 0.6896226479611369, input timescale: 1.0
Tree height after scaling: 1.0, mutation rate: 0.6896226479611369
Tree height pre-scaling: 0.6896226480996399, input timescale: 1.0
Tree height after scaling: 1.0, mutation rate: 0.6896226480996399
Tree height pre-scaling: 0.6896226483618337, input timescale: 1.0
Tree height after scaling: 1.0, mutation rate: 0.6896226483618337
Runtime (s): 13.305767416
