Launching LAML version 0.0.4
LAML was called as follows: /Users/uym2/my_gits/LAML/run_laml.py -c ../../evaluation/Bar10/Bar10_character_matrix.txt -t place_outlier1/augmented_tree_301.nwk -o place_outlier1/augmented_tree_301_optimized -v -p ../../evaluation/Bar10/Bar10_priors.pickle --delimiter tab -m -1 --nInitials 1
Prior keys mismatch with site names.
Prior keys: [0, 1, 2, 3, 4, 5, 6, 7, 8, 9, 10, 11, 12, 13, 14, 15, 16, 17, 18, 19, 20, 21, 22, 23, 24, 25, 26, 27, 28, 29]
Site names: ['r1', 'r2', 'r3', 'r4', 'r5', 'r6', 'r7', 'r8', 'r9', 'r10', 'r11', 'r12', 'r13', 'r14', 'r15', 'r16', 'r17', 'r18', 'r19', 'r20', 'r21', 'r22', 'r23', 'r24', 'r25', 'r26', 'r27', 'r28', 'r29', 'r30']
Attempting to infer mapping between site names and prior keys...
{'r1': 0, 'r2': 1, 'r3': 2, 'r4': 3, 'r5': 4, 'r6': 5, 'r7': 6, 'r8': 7, 'r9': 8, 'r10': 9, 'r11': 10, 'r12': 11, 'r13': 12, 'r14': 13, 'r15': 14, 'r16': 15, 'r17': 16, 'r18': 17, 'r19': 18, 'r20': 19, 'r21': 20, 'r22': 21, 'r23': 22, 'r24': 23, 'r25': 24, 'r26': 25, 'r27': 26, 'r28': 27, 'r29': 28, 'r30': 29}
Optimizing branch lengths, phi, and nu without topology search
Optimization by EM algorithm
Optimization start with 1 initials
Initial point 1. Random seed: 1759
Numerical optimization started with ultrametric constraint (default)
Initial phi: 0. Initial nu: 0.26955655566205877. Initial nllh: 13036.427430496473
Starting EM iter: 1
Estep
Estep runtime (s): 0.10755085945129395
Mstep
Optimizing phi
Optimizing branch lengths. Current phi: 0. Current nu:0.26955655566205877
Optimizing nu
Mstep runtime (s): 0.3740968704223633
Finished EM iter: 1. Current nllh: 10630.86219368213
Starting EM iter: 2
Estep
Estep runtime (s): 0.1563730239868164
Mstep
Optimizing phi
Optimizing branch lengths. Current phi: 0. Current nu:0.2826949256677538
Optimizing nu
Mstep runtime (s): 0.2956409454345703
Finished EM iter: 2. Current nllh: 10613.329327686057
Starting EM iter: 3
Estep
Estep runtime (s): 0.1494760513305664
Mstep
Optimizing phi
Optimizing branch lengths. Current phi: 0. Current nu:0.2855982171276666
Optimizing nu
Mstep runtime (s): 0.406451940536499
Finished EM iter: 3. Current nllh: 10611.354751234787
Starting EM iter: 4
Estep
Estep runtime (s): 0.15020108222961426
Mstep
Optimizing phi
Optimizing branch lengths. Current phi: 0. Current nu:0.28641037432031996
Optimizing nu
Mstep runtime (s): 0.31348466873168945
Finished EM iter: 4. Current nllh: 10610.897043687124
Starting EM iter: 5
Estep
Estep runtime (s): 0.14771819114685059
Mstep
Optimizing phi
Optimizing branch lengths. Current phi: 0. Current nu:0.28674639162623344
Optimizing nu
Mstep runtime (s): 0.2911231517791748
Finished EM iter: 5. Current nllh: 10610.753515294877
Starting EM iter: 6
Estep
Estep runtime (s): 0.14698410034179688
Mstep
Optimizing phi
Optimizing branch lengths. Current phi: 0. Current nu:0.2869395512022648
Optimizing nu
Mstep runtime (s): 0.30816221237182617
Finished EM iter: 6. Current nllh: 10610.682199910489
Starting EM iter: 7
Estep
Estep runtime (s): 0.15420222282409668
Mstep
Optimizing phi
Optimizing branch lengths. Current phi: 0. Current nu:0.287073003027844
Optimizing nu
Mstep runtime (s): 0.29216480255126953
Finished EM iter: 7. Current nllh: 10610.65128773403
Starting EM iter: 8
Estep
Estep runtime (s): 0.1526930332183838
Mstep
Optimizing phi
Optimizing branch lengths. Current phi: 0. Current nu:0.2871653678464577
Optimizing nu
Mstep runtime (s): 0.2904481887817383
Finished EM iter: 8. Current nllh: 10610.640356852817
Starting EM iter: 9
Estep
Estep runtime (s): 0.14700078964233398
Mstep
Optimizing phi
Optimizing branch lengths. Current phi: 0. Current nu:0.28723194381209044
Optimizing nu
Mstep runtime (s): 0.2814218997955322
Finished EM iter: 9. Current nllh: 10610.633177641075
Starting EM iter: 10
Estep
Estep runtime (s): 0.14774298667907715
Mstep
Optimizing phi
Optimizing branch lengths. Current phi: 0. Current nu:0.28728345234157415
Optimizing nu
Mstep runtime (s): 0.2881159782409668
Finished EM iter: 10. Current nllh: 10610.628228823824
Starting EM iter: 11
Estep
Estep runtime (s): 0.14717888832092285
Mstep
Optimizing phi
Optimizing branch lengths. Current phi: 0. Current nu:0.287324410591705
Optimizing nu
Mstep runtime (s): 0.2900516986846924
Finished EM iter: 11. Current nllh: 10610.624737308186
Starting EM iter: 12
Estep
Estep runtime (s): 0.1478259563446045
Mstep
Optimizing phi
Optimizing branch lengths. Current phi: 0. Current nu:0.28735621165071457
Optimizing nu
Mstep runtime (s): 0.29439592361450195
Finished EM iter: 12. Current nllh: 10610.622219619383
Starting EM iter: 13
Estep
Estep runtime (s): 0.1490640640258789
Mstep
Optimizing phi
Optimizing branch lengths. Current phi: 0. Current nu:0.28738194671778045
Optimizing nu
Mstep runtime (s): 0.3432021141052246
Finished EM iter: 13. Current nllh: 10610.620358685672
Starting EM iter: 14
Estep
Estep runtime (s): 0.15002703666687012
Mstep
Optimizing phi
Optimizing branch lengths. Current phi: 0. Current nu:0.28740307566562845
Optimizing nu
Mstep runtime (s): 0.32651472091674805
Finished EM iter: 14. Current nllh: 10610.618957262946
Starting EM iter: 15
Estep
Estep runtime (s): 0.14858317375183105
Mstep
Optimizing phi
Optimizing branch lengths. Current phi: 0. Current nu:0.2874206502878104
Optimizing nu
Mstep runtime (s): 0.28771114349365234
Finished EM iter: 15. Current nllh: 10610.617886368076
Starting EM iter: 16
Estep
Estep runtime (s): 0.14737987518310547
Mstep
Optimizing phi
Optimizing branch lengths. Current phi: 0. Current nu:0.2874351841313985
Optimizing nu
Mstep runtime (s): 0.28627872467041016
Finished EM iter: 16. Current nllh: 10610.61705320735
Starting EM iter: 17
Estep
Estep runtime (s): 0.1472921371459961
Mstep
Optimizing phi
Optimizing branch lengths. Current phi: 0. Current nu:0.2874476459131502
Optimizing nu
Mstep runtime (s): 0.35727500915527344
Finished EM iter: 17. Current nllh: 10610.616400610386
Starting EM iter: 18
Estep
Estep runtime (s): 0.14725899696350098
Mstep
Optimizing phi
Optimizing branch lengths. Current phi: 0. Current nu:0.28745792792124564
Optimizing nu
Mstep runtime (s): 0.2871870994567871
Finished EM iter: 18. Current nllh: 10610.615887038592
Starting EM iter: 19
Estep
Estep runtime (s): 0.1475982666015625
Mstep
Optimizing phi
Optimizing branch lengths. Current phi: 0. Current nu:0.28746699547106813
Optimizing nu
Mstep runtime (s): 0.29257702827453613
Finished EM iter: 19. Current nllh: 10610.615475074332
Starting EM iter: 20
Estep
Estep runtime (s): 0.14737701416015625
Mstep
Optimizing phi
Optimizing branch lengths. Current phi: 0. Current nu:0.28747442274276114
Optimizing nu
Mstep runtime (s): 0.3681528568267822
Finished EM iter: 20. Current nllh: 10610.615159291641
Starting EM iter: 21
Estep
Estep runtime (s): 0.14769530296325684
Mstep
Optimizing phi
Optimizing branch lengths. Current phi: 0. Current nu:0.28748002510459336
Optimizing nu
Mstep runtime (s): 0.2990241050720215
Finished EM iter: 21. Current nllh: 10610.61488084351
Starting EM iter: 22
Estep
Estep runtime (s): 0.14753413200378418
Mstep
Optimizing phi
Optimizing branch lengths. Current phi: 0. Current nu:0.2874870835531986
Optimizing nu
Mstep runtime (s): 0.30577683448791504
Finished EM iter: 22. Current nllh: 10610.614622470497
Starting EM iter: 23
Estep
Estep runtime (s): 0.14737272262573242
Mstep
Optimizing phi
Optimizing branch lengths. Current phi: 0. Current nu:0.28749248404521965
Optimizing nu
Mstep runtime (s): 0.306581974029541
Finished EM iter: 23. Current nllh: 10610.614437294696
Starting EM iter: 24
Estep
Estep runtime (s): 0.15240907669067383
Mstep
Optimizing phi
Optimizing branch lengths. Current phi: 0. Current nu:0.2874966630880188
Optimizing nu
Mstep runtime (s): 0.31888723373413086
Finished EM iter: 24. Current nllh: 10610.614308609269
Starting EM iter: 25
Estep
Estep runtime (s): 0.15638995170593262
Mstep
Optimizing phi
Optimizing branch lengths. Current phi: 0. Current nu:0.28749914523463677
Optimizing nu
Mstep runtime (s): 0.33356404304504395
Finished EM iter: 25. Current nllh: 10610.614175405208
Starting EM iter: 26
Estep
Estep runtime (s): 0.1533660888671875
Mstep
Optimizing phi
Optimizing branch lengths. Current phi: 0. Current nu:0.2875034878227209
Optimizing nu
Mstep runtime (s): 0.3415839672088623
Finished EM iter: 26. Current nllh: 10610.614044807828
Starting EM iter: 27
Estep
Estep runtime (s): 0.1568148136138916
Mstep
Optimizing phi
Optimizing branch lengths. Current phi: 0. Current nu:0.2875067839633091
Optimizing nu
Mstep runtime (s): 0.3036520481109619
Finished EM iter: 27. Current nllh: 10610.613940083575
EM finished after 27 iterations.
Optimal phi: 0. Optimal nu: 0.28750944847046844. Optimal nllh: 10610.613940083575
Optimal point found for initial point 1
Numerical optimization finished successfully
Tree height pre-scaling: 0.68192812837277, input timescale: 1.0
Tree height after scaling: 1.0, mutation rate: 0.68192812837277
Tree height pre-scaling: 0.6819281284799213, input timescale: 1.0
Tree height after scaling: 1.0, mutation rate: 0.6819281284799213
Tree height pre-scaling: 0.6819281289597676, input timescale: 1.0
Tree height after scaling: 1.0, mutation rate: 0.6819281289597676
Tree height pre-scaling: 0.6819281284324359, input timescale: 1.0
Tree height after scaling: 1.0, mutation rate: 0.6819281284324359
Tree height pre-scaling: 0.6819281285203135, input timescale: 1.0
Tree height after scaling: 1.0, mutation rate: 0.6819281285203135
Tree height pre-scaling: 0.6819281283179467, input timescale: 1.0
Tree height after scaling: 0.9999999999999999, mutation rate: 0.6819281283179467
Tree height pre-scaling: 0.6819281282652103, input timescale: 1.0
Tree height after scaling: 1.0, mutation rate: 0.6819281282652103
Tree height pre-scaling: 0.6819281284640515, input timescale: 1.0
Tree height after scaling: 1.0, mutation rate: 0.6819281284640515
Tree height pre-scaling: 0.6819281284511183, input timescale: 1.0
Tree height after scaling: 1.0, mutation rate: 0.6819281284511183
Tree height pre-scaling: 0.6819281283955675, input timescale: 1.0
Tree height after scaling: 1.0000000000000002, mutation rate: 0.6819281283955675
Tree height pre-scaling: 0.6819281284205292, input timescale: 1.0
Tree height after scaling: 1.0, mutation rate: 0.6819281284205292
Tree height pre-scaling: 0.6819281285045238, input timescale: 1.0
Tree height after scaling: 0.9999999999999999, mutation rate: 0.6819281285045238
Tree height pre-scaling: 0.681928128358243, input timescale: 1.0
Tree height after scaling: 1.0, mutation rate: 0.681928128358243
Tree height pre-scaling: 0.6819281284170516, input timescale: 1.0
Tree height after scaling: 1.0, mutation rate: 0.6819281284170516
Tree height pre-scaling: 0.6819281283675827, input timescale: 1.0
Tree height after scaling: 1.0, mutation rate: 0.6819281283675827
Tree height pre-scaling: 0.6819281285109489, input timescale: 1.0
Tree height after scaling: 1.0, mutation rate: 0.6819281285109489
Tree height pre-scaling: 0.6819281282228299, input timescale: 1.0
Tree height after scaling: 0.9999999999999999, mutation rate: 0.6819281282228299
Runtime (s): 13.890920999999999
