Launching LAML version 0.0.4
LAML was called as follows: /Users/uym2/my_gits/LAML/run_laml.py -c ../../evaluation/Bar10/Bar10_character_matrix.txt -t place_outlier1/augmented_tree_84.nwk -o place_outlier1/augmented_tree_84_optimized -v -p ../../evaluation/Bar10/Bar10_priors.pickle --delimiter tab -m -1 --nInitials 1
Prior keys mismatch with site names.
Prior keys: [0, 1, 2, 3, 4, 5, 6, 7, 8, 9, 10, 11, 12, 13, 14, 15, 16, 17, 18, 19, 20, 21, 22, 23, 24, 25, 26, 27, 28, 29]
Site names: ['r1', 'r2', 'r3', 'r4', 'r5', 'r6', 'r7', 'r8', 'r9', 'r10', 'r11', 'r12', 'r13', 'r14', 'r15', 'r16', 'r17', 'r18', 'r19', 'r20', 'r21', 'r22', 'r23', 'r24', 'r25', 'r26', 'r27', 'r28', 'r29', 'r30']
Attempting to infer mapping between site names and prior keys...
{'r1': 0, 'r2': 1, 'r3': 2, 'r4': 3, 'r5': 4, 'r6': 5, 'r7': 6, 'r8': 7, 'r9': 8, 'r10': 9, 'r11': 10, 'r12': 11, 'r13': 12, 'r14': 13, 'r15': 14, 'r16': 15, 'r17': 16, 'r18': 17, 'r19': 18, 'r20': 19, 'r21': 20, 'r22': 21, 'r23': 22, 'r24': 23, 'r25': 24, 'r26': 25, 'r27': 26, 'r28': 27, 'r29': 28, 'r30': 29}
Optimizing branch lengths, phi, and nu without topology search
Optimization by EM algorithm
Optimization start with 1 initials
Initial point 1. Random seed: 7010
Numerical optimization started with ultrametric constraint (default)
Initial phi: 0. Initial nu: 0.26955655566205877. Initial nllh: 12934.967512935029
Starting EM iter: 1
Estep
Estep runtime (s): 0.10840106010437012
Mstep
Optimizing phi
Optimizing branch lengths. Current phi: 0. Current nu:0.26955655566205877
Optimizing nu
Mstep runtime (s): 0.30382418632507324
Finished EM iter: 1. Current nllh: 10563.685829621023
Starting EM iter: 2
Estep
Estep runtime (s): 0.14603018760681152
Mstep
Optimizing phi
Optimizing branch lengths. Current phi: 0. Current nu:0.28425050746063046
Optimizing nu
Mstep runtime (s): 0.28641510009765625
Finished EM iter: 2. Current nllh: 10550.770262064
Starting EM iter: 3
Estep
Estep runtime (s): 0.14754199981689453
Mstep
Optimizing phi
Optimizing branch lengths. Current phi: 0. Current nu:0.28785015335169684
Optimizing nu
Mstep runtime (s): 0.3635871410369873
Finished EM iter: 3. Current nllh: 10549.365604708291
Starting EM iter: 4
Estep
Estep runtime (s): 0.147111177444458
Mstep
Optimizing phi
Optimizing branch lengths. Current phi: 0. Current nu:0.28894014803757195
Optimizing nu
Mstep runtime (s): 0.35016608238220215
Finished EM iter: 4. Current nllh: 10549.087319384987
Starting EM iter: 5
Estep
Estep runtime (s): 0.14577388763427734
Mstep
Optimizing phi
Optimizing branch lengths. Current phi: 0. Current nu:0.2894021636913948
Optimizing nu
Mstep runtime (s): 0.2983720302581787
Finished EM iter: 5. Current nllh: 10549.00054549668
Starting EM iter: 6
Estep
Estep runtime (s): 0.14635014533996582
Mstep
Optimizing phi
Optimizing branch lengths. Current phi: 0. Current nu:0.28964340961051904
Optimizing nu
Mstep runtime (s): 0.28780198097229004
Finished EM iter: 6. Current nllh: 10548.95916864598
Starting EM iter: 7
Estep
Estep runtime (s): 0.15014004707336426
Mstep
Optimizing phi
Optimizing branch lengths. Current phi: 0. Current nu:0.2897849756930866
Optimizing nu
Mstep runtime (s): 0.29439806938171387
Finished EM iter: 7. Current nllh: 10548.944500847667
Starting EM iter: 8
Estep
Estep runtime (s): 0.14687585830688477
Mstep
Optimizing phi
Optimizing branch lengths. Current phi: 0. Current nu:0.28987314841042255
Optimizing nu
Mstep runtime (s): 0.3263881206512451
Finished EM iter: 8. Current nllh: 10548.935336551904
Starting EM iter: 9
Estep
Estep runtime (s): 0.14685511589050293
Mstep
Optimizing phi
Optimizing branch lengths. Current phi: 0. Current nu:0.28993450629499984
Optimizing nu
Mstep runtime (s): 0.33040809631347656
Finished EM iter: 9. Current nllh: 10548.929347680325
Starting EM iter: 10
Estep
Estep runtime (s): 0.14636707305908203
Mstep
Optimizing phi
Optimizing branch lengths. Current phi: 0. Current nu:0.2899827573256086
Optimizing nu
Mstep runtime (s): 0.34037280082702637
Finished EM iter: 10. Current nllh: 10548.925102032194
Starting EM iter: 11
Estep
Estep runtime (s): 0.14937400817871094
Mstep
Optimizing phi
Optimizing branch lengths. Current phi: 0. Current nu:0.29001878866622494
Optimizing nu
Mstep runtime (s): 0.3242990970611572
Finished EM iter: 11. Current nllh: 10548.922063053462
Starting EM iter: 12
Estep
Estep runtime (s): 0.1482999324798584
Mstep
Optimizing phi
Optimizing branch lengths. Current phi: 0. Current nu:0.29004733005716954
Optimizing nu
Mstep runtime (s): 0.31526899337768555
Finished EM iter: 12. Current nllh: 10548.919714509999
Starting EM iter: 13
Estep
Estep runtime (s): 0.14666485786437988
Mstep
Optimizing phi
Optimizing branch lengths. Current phi: 0. Current nu:0.29007018387951283
Optimizing nu
Mstep runtime (s): 0.3558027744293213
Finished EM iter: 13. Current nllh: 10548.917936625112
Starting EM iter: 14
Estep
Estep runtime (s): 0.14731097221374512
Mstep
Optimizing phi
Optimizing branch lengths. Current phi: 0. Current nu:0.29009012957797775
Optimizing nu
Mstep runtime (s): 0.34394001960754395
Finished EM iter: 14. Current nllh: 10548.916747373534
Starting EM iter: 15
Estep
Estep runtime (s): 0.1458721160888672
Mstep
Optimizing phi
Optimizing branch lengths. Current phi: 0. Current nu:0.29010691683393486
Optimizing nu
Mstep runtime (s): 0.31653618812561035
Finished EM iter: 15. Current nllh: 10548.915528522628
Starting EM iter: 16
Estep
Estep runtime (s): 0.14658617973327637
Mstep
Optimizing phi
Optimizing branch lengths. Current phi: 0. Current nu:0.29012107833206136
Optimizing nu
Mstep runtime (s): 0.3741569519042969
Finished EM iter: 16. Current nllh: 10548.914753382023
Starting EM iter: 17
Estep
Estep runtime (s): 0.1458268165588379
Mstep
Optimizing phi
Optimizing branch lengths. Current phi: 0. Current nu:0.2901326373414618
Optimizing nu
Mstep runtime (s): 0.33049917221069336
Finished EM iter: 17. Current nllh: 10548.914277307253
Starting EM iter: 18
Estep
Estep runtime (s): 0.1460709571838379
Mstep
Optimizing phi
Optimizing branch lengths. Current phi: 0. Current nu:0.2901419598138363
Optimizing nu
Mstep runtime (s): 0.2793900966644287
Finished EM iter: 18. Current nllh: 10548.913762966673
Starting EM iter: 19
Estep
Estep runtime (s): 0.1467440128326416
Mstep
Optimizing phi
Optimizing branch lengths. Current phi: 0. Current nu:0.29015070927807585
Optimizing nu
Mstep runtime (s): 0.3418600559234619
Finished EM iter: 19. Current nllh: 10548.913358755857
Starting EM iter: 20
Estep
Estep runtime (s): 0.14759612083435059
Mstep
Optimizing phi
Optimizing branch lengths. Current phi: 0. Current nu:0.2901573633963266
Optimizing nu
Mstep runtime (s): 0.317795991897583
Finished EM iter: 20. Current nllh: 10548.912779748092
Starting EM iter: 21
Estep
Estep runtime (s): 0.14705896377563477
Mstep
Optimizing phi
Optimizing branch lengths. Current phi: 0. Current nu:0.29016460758488793
Optimizing nu
Mstep runtime (s): 0.3158249855041504
Finished EM iter: 21. Current nllh: 10548.912573658443
Starting EM iter: 22
Estep
Estep runtime (s): 0.14626598358154297
Mstep
Optimizing phi
Optimizing branch lengths. Current phi: 0. Current nu:0.29017035811448394
Optimizing nu
Mstep runtime (s): 0.30693984031677246
Finished EM iter: 22. Current nllh: 10548.91221919741
Starting EM iter: 23
Estep
Estep runtime (s): 0.1469287872314453
Mstep
Optimizing phi
Optimizing branch lengths. Current phi: 0. Current nu:0.29017593147489934
Optimizing nu
Mstep runtime (s): 0.380338191986084
Finished EM iter: 23. Current nllh: 10548.91227647024
EM finished after 23 iterations.
Optimal phi: 0. Optimal nu: 0.29017897369926354. Optimal nllh: 10548.91227647024
Optimal point found for initial point 1
Numerical optimization finished successfully
Tree height pre-scaling: 0.6869121072317628, input timescale: 1.0
Tree height after scaling: 0.9999999999999999, mutation rate: 0.6869121072317628
Tree height pre-scaling: 0.6869121072991115, input timescale: 1.0
Tree height after scaling: 1.0000000000000002, mutation rate: 0.6869121072991115
Tree height pre-scaling: 0.6869121075922953, input timescale: 1.0
Tree height after scaling: 1.0, mutation rate: 0.6869121075922953
Tree height pre-scaling: 0.6869121073073692, input timescale: 1.0
Tree height after scaling: 1.0000000000000002, mutation rate: 0.6869121073073692
Tree height pre-scaling: 0.6869121073178144, input timescale: 1.0
Tree height after scaling: 1.0, mutation rate: 0.6869121073178144
Tree height pre-scaling: 0.686912107229093, input timescale: 1.0
Tree height after scaling: 1.0, mutation rate: 0.686912107229093
Tree height pre-scaling: 0.6869121072505953, input timescale: 1.0
Tree height after scaling: 1.0, mutation rate: 0.6869121072505953
Tree height pre-scaling: 0.6869121072537507, input timescale: 1.0
Tree height after scaling: 0.9999999999999999, mutation rate: 0.6869121072537507
Tree height pre-scaling: 0.686912107298171, input timescale: 1.0
Tree height after scaling: 1.0000000000000002, mutation rate: 0.686912107298171
Tree height pre-scaling: 0.6869121073048913, input timescale: 1.0
Tree height after scaling: 0.9999999999999999, mutation rate: 0.6869121073048913
Tree height pre-scaling: 0.6869121072178017, input timescale: 1.0
Tree height after scaling: 1.0, mutation rate: 0.6869121072178017
Tree height pre-scaling: 0.6869121072708533, input timescale: 1.0
Tree height after scaling: 1.0000000000000002, mutation rate: 0.6869121072708533
Tree height pre-scaling: 0.6869121072526025, input timescale: 1.0
Tree height after scaling: 1.0, mutation rate: 0.6869121072526025
Tree height pre-scaling: 0.686912107163397, input timescale: 1.0
Tree height after scaling: 1.0, mutation rate: 0.686912107163397
Tree height pre-scaling: 0.6869121072637964, input timescale: 1.0
Tree height after scaling: 1.0, mutation rate: 0.6869121072637964
Tree height pre-scaling: 0.686912107317016, input timescale: 1.0
Tree height after scaling: 1.0, mutation rate: 0.686912107317016
Tree height pre-scaling: 0.686912107179976, input timescale: 1.0
Tree height after scaling: 1.0000000000000002, mutation rate: 0.686912107179976
Runtime (s): 12.042734417
