Launching LAML version 0.0.4
LAML was called as follows: /Users/uym2/my_gits/LAML/run_laml.py -c ../../evaluation/Bar10/Bar10_character_matrix.txt -t place_outlier1/augmented_tree_314.nwk -o place_outlier1/augmented_tree_314_optimized -v -p ../../evaluation/Bar10/Bar10_priors.pickle --delimiter tab -m -1 --nInitials 1
Prior keys mismatch with site names.
Prior keys: [0, 1, 2, 3, 4, 5, 6, 7, 8, 9, 10, 11, 12, 13, 14, 15, 16, 17, 18, 19, 20, 21, 22, 23, 24, 25, 26, 27, 28, 29]
Site names: ['r1', 'r2', 'r3', 'r4', 'r5', 'r6', 'r7', 'r8', 'r9', 'r10', 'r11', 'r12', 'r13', 'r14', 'r15', 'r16', 'r17', 'r18', 'r19', 'r20', 'r21', 'r22', 'r23', 'r24', 'r25', 'r26', 'r27', 'r28', 'r29', 'r30']
Attempting to infer mapping between site names and prior keys...
{'r1': 0, 'r2': 1, 'r3': 2, 'r4': 3, 'r5': 4, 'r6': 5, 'r7': 6, 'r8': 7, 'r9': 8, 'r10': 9, 'r11': 10, 'r12': 11, 'r13': 12, 'r14': 13, 'r15': 14, 'r16': 15, 'r17': 16, 'r18': 17, 'r19': 18, 'r20': 19, 'r21': 20, 'r22': 21, 'r23': 22, 'r24': 23, 'r25': 24, 'r26': 25, 'r27': 26, 'r28': 27, 'r29': 28, 'r30': 29}
Optimizing branch lengths, phi, and nu without topology search
Optimization by EM algorithm
Optimization start with 1 initials
Initial point 1. Random seed: 5829
Numerical optimization started with ultrametric constraint (default)
Initial phi: 0. Initial nu: 0.26955655566205877. Initial nllh: 12507.316897802297
Starting EM iter: 1
Estep
Estep runtime (s): 0.11092591285705566
Mstep
Optimizing phi
Optimizing branch lengths. Current phi: 0. Current nu:0.26955655566205877
Optimizing nu
Mstep runtime (s): 0.33802318572998047
Finished EM iter: 1. Current nllh: 10519.24213239537
Starting EM iter: 2
Estep
Estep runtime (s): 0.1520371437072754
Mstep
Optimizing phi
Optimizing branch lengths. Current phi: 0. Current nu:0.28438214707536935
Optimizing nu
Mstep runtime (s): 0.31929802894592285
Finished EM iter: 2. Current nllh: 10506.10755792209
Starting EM iter: 3
Estep
Estep runtime (s): 0.14811301231384277
Mstep
Optimizing phi
Optimizing branch lengths. Current phi: 0. Current nu:0.2887725603768669
Optimizing nu
Mstep runtime (s): 0.32031917572021484
Finished EM iter: 3. Current nllh: 10504.850633936037
Starting EM iter: 4
Estep
Estep runtime (s): 0.14843392372131348
Mstep
Optimizing phi
Optimizing branch lengths. Current phi: 0. Current nu:0.2902706943236273
Optimizing nu
Mstep runtime (s): 0.3322420120239258
Finished EM iter: 4. Current nllh: 10504.609790666147
Starting EM iter: 5
Estep
Estep runtime (s): 0.15218782424926758
Mstep
Optimizing phi
Optimizing branch lengths. Current phi: 0. Current nu:0.29088615254118777
Optimizing nu
Mstep runtime (s): 0.3170938491821289
Finished EM iter: 5. Current nllh: 10504.524960697203
Starting EM iter: 6
Estep
Estep runtime (s): 0.15284466743469238
Mstep
Optimizing phi
Optimizing branch lengths. Current phi: 0. Current nu:0.2911847736209651
Optimizing nu
Mstep runtime (s): 0.319476842880249
Finished EM iter: 6. Current nllh: 10504.49131774737
Starting EM iter: 7
Estep
Estep runtime (s): 0.15036511421203613
Mstep
Optimizing phi
Optimizing branch lengths. Current phi: 0. Current nu:0.29134702642281063
Optimizing nu
Mstep runtime (s): 0.303879976272583
Finished EM iter: 7. Current nllh: 10504.472609597302
Starting EM iter: 8
Estep
Estep runtime (s): 0.1510028839111328
Mstep
Optimizing phi
Optimizing branch lengths. Current phi: 0. Current nu:0.29145525846029324
Optimizing nu
Mstep runtime (s): 0.3313016891479492
Finished EM iter: 8. Current nllh: 10504.460926462125
Starting EM iter: 9
Estep
Estep runtime (s): 0.15317368507385254
Mstep
Optimizing phi
Optimizing branch lengths. Current phi: 0. Current nu:0.29152760820140405
Optimizing nu
Mstep runtime (s): 0.3323531150817871
Finished EM iter: 9. Current nllh: 10504.453462353677
Starting EM iter: 10
Estep
Estep runtime (s): 0.1536717414855957
Mstep
Optimizing phi
Optimizing branch lengths. Current phi: 0. Current nu:0.29158342041012425
Optimizing nu
Mstep runtime (s): 0.30055713653564453
Finished EM iter: 10. Current nllh: 10504.448212964431
Starting EM iter: 11
Estep
Estep runtime (s): 0.16936087608337402
Mstep
Optimizing phi
Optimizing branch lengths. Current phi: 0. Current nu:0.29162571915748137
Optimizing nu
Mstep runtime (s): 0.2959930896759033
Finished EM iter: 11. Current nllh: 10504.444503489914
Starting EM iter: 12
Estep
Estep runtime (s): 0.15559697151184082
Mstep
Optimizing phi
Optimizing branch lengths. Current phi: 0. Current nu:0.2916583387186281
Optimizing nu
Mstep runtime (s): 0.3311188220977783
Finished EM iter: 12. Current nllh: 10504.44178849291
Starting EM iter: 13
Estep
Estep runtime (s): 0.14887380599975586
Mstep
Optimizing phi
Optimizing branch lengths. Current phi: 0. Current nu:0.2916854625722821
Optimizing nu
Mstep runtime (s): 0.33009886741638184
Finished EM iter: 13. Current nllh: 10504.439764511986
Starting EM iter: 14
Estep
Estep runtime (s): 0.14996075630187988
Mstep
Optimizing phi
Optimizing branch lengths. Current phi: 0. Current nu:0.29170725383353713
Optimizing nu
Mstep runtime (s): 0.3058192729949951
Finished EM iter: 14. Current nllh: 10504.438236116384
Starting EM iter: 15
Estep
Estep runtime (s): 0.14896321296691895
Mstep
Optimizing phi
Optimizing branch lengths. Current phi: 0. Current nu:0.2917252335043526
Optimizing nu
Mstep runtime (s): 0.3293299674987793
Finished EM iter: 15. Current nllh: 10504.437050499037
Starting EM iter: 16
Estep
Estep runtime (s): 0.1526494026184082
Mstep
Optimizing phi
Optimizing branch lengths. Current phi: 0. Current nu:0.2917406162321729
Optimizing nu
Mstep runtime (s): 0.33080124855041504
Finished EM iter: 16. Current nllh: 10504.436134883172
Starting EM iter: 17
Estep
Estep runtime (s): 0.1539909839630127
Mstep
Optimizing phi
Optimizing branch lengths. Current phi: 0. Current nu:0.29175312782604984
Optimizing nu
Mstep runtime (s): 0.3707709312438965
Finished EM iter: 17. Current nllh: 10504.435394905164
Starting EM iter: 18
Estep
Estep runtime (s): 0.15066313743591309
Mstep
Optimizing phi
Optimizing branch lengths. Current phi: 0. Current nu:0.29176457902366976
Optimizing nu
Mstep runtime (s): 0.3093879222869873
Finished EM iter: 18. Current nllh: 10504.434797354577
Starting EM iter: 19
Estep
Estep runtime (s): 0.1531691551208496
Mstep
Optimizing phi
Optimizing branch lengths. Current phi: 0. Current nu:0.2917743209710769
Optimizing nu
Mstep runtime (s): 0.34554195404052734
Finished EM iter: 19. Current nllh: 10504.434318426052
Starting EM iter: 20
Estep
Estep runtime (s): 0.14911913871765137
Mstep
Optimizing phi
Optimizing branch lengths. Current phi: 0. Current nu:0.2917824961756483
Optimizing nu
Mstep runtime (s): 0.3068809509277344
Finished EM iter: 20. Current nllh: 10504.433930828527
Starting EM iter: 21
Estep
Estep runtime (s): 0.1510920524597168
Mstep
Optimizing phi
Optimizing branch lengths. Current phi: 0. Current nu:0.29178954390713757
Optimizing nu
Mstep runtime (s): 0.33443665504455566
Finished EM iter: 21. Current nllh: 10504.433610019523
Starting EM iter: 22
Estep
Estep runtime (s): 0.15234994888305664
Mstep
Optimizing phi
Optimizing branch lengths. Current phi: 0. Current nu:0.291795904722933
Optimizing nu
Mstep runtime (s): 0.29412078857421875
Finished EM iter: 22. Current nllh: 10504.433341992091
Starting EM iter: 23
Estep
Estep runtime (s): 0.15716099739074707
Mstep
Optimizing phi
Optimizing branch lengths. Current phi: 0. Current nu:0.2918014009667047
Optimizing nu
Mstep runtime (s): 0.3244640827178955
Finished EM iter: 23. Current nllh: 10504.43311754588
Starting EM iter: 24
Estep
Estep runtime (s): 0.15237092971801758
Mstep
Optimizing phi
Optimizing branch lengths. Current phi: 0. Current nu:0.29180416722305175
Optimizing nu
Mstep runtime (s): 0.3424389362335205
Finished EM iter: 24. Current nllh: 10504.433004924338
Starting EM iter: 25
Estep
Estep runtime (s): 0.152205228805542
Mstep
Optimizing phi
Optimizing branch lengths. Current phi: 0. Current nu:0.29180770322857175
Optimizing nu
Mstep runtime (s): 0.29982519149780273
Finished EM iter: 25. Current nllh: 10504.43283633286
Starting EM iter: 26
Estep
Estep runtime (s): 0.15269207954406738
Mstep
Optimizing phi
Optimizing branch lengths. Current phi: 0. Current nu:0.29181323029985745
Optimizing nu
Mstep runtime (s): 0.32823610305786133
Finished EM iter: 26. Current nllh: 10504.432668312184
Starting EM iter: 27
Estep
Estep runtime (s): 0.15070009231567383
Mstep
Optimizing phi
Optimizing branch lengths. Current phi: 0. Current nu:0.29181689398060257
Optimizing nu
Mstep runtime (s): 0.2840871810913086
Finished EM iter: 27. Current nllh: 10504.432542619797
Starting EM iter: 28
Estep
Estep runtime (s): 0.1493380069732666
Mstep
Optimizing phi
Optimizing branch lengths. Current phi: 0. Current nu:0.2918199863610325
Optimizing nu
Mstep runtime (s): 0.3658030033111572
Finished EM iter: 28. Current nllh: 10504.43244498727
EM finished after 28 iterations.
Optimal phi: 0. Optimal nu: 0.29182234830643794. Optimal nllh: 10504.43244498727
Optimal point found for initial point 1
Numerical optimization finished successfully
Tree height pre-scaling: 0.686704574443603, input timescale: 1.0
Tree height after scaling: 1.0, mutation rate: 0.686704574443603
Tree height pre-scaling: 0.6867045744546889, input timescale: 1.0
Tree height after scaling: 1.0, mutation rate: 0.6867045744546889
Tree height pre-scaling: 0.6867045744498612, input timescale: 1.0
Tree height after scaling: 1.0000000000000002, mutation rate: 0.6867045744498612
Tree height pre-scaling: 0.6867045744601199, input timescale: 1.0
Tree height after scaling: 1.0, mutation rate: 0.6867045744601199
Tree height pre-scaling: 0.6867045744357241, input timescale: 1.0
Tree height after scaling: 1.0, mutation rate: 0.6867045744357241
Tree height pre-scaling: 0.6867045744305106, input timescale: 1.0
Tree height after scaling: 1.0, mutation rate: 0.6867045744305106
Tree height pre-scaling: 0.686704574453689, input timescale: 1.0
Tree height after scaling: 1.0, mutation rate: 0.686704574453689
Tree height pre-scaling: 0.6867045744516769, input timescale: 1.0
Tree height after scaling: 1.0, mutation rate: 0.6867045744516769
Tree height pre-scaling: 0.6867045744455752, input timescale: 1.0
Tree height after scaling: 1.0000000000000002, mutation rate: 0.6867045744455752
Tree height pre-scaling: 0.6867045744491515, input timescale: 1.0
Tree height after scaling: 0.9999999999999999, mutation rate: 0.6867045744491515
Tree height pre-scaling: 0.686704574458263, input timescale: 1.0
Tree height after scaling: 0.9999999999999999, mutation rate: 0.686704574458263
Tree height pre-scaling: 0.6867045744419713, input timescale: 1.0
Tree height after scaling: 1.0, mutation rate: 0.6867045744419713
Tree height pre-scaling: 0.6867045744484185, input timescale: 1.0
Tree height after scaling: 1.0, mutation rate: 0.6867045744484185
Tree height pre-scaling: 0.6867045744431769, input timescale: 1.0
Tree height after scaling: 1.0, mutation rate: 0.6867045744431769
Tree height pre-scaling: 0.6867045744586917, input timescale: 1.0
Tree height after scaling: 1.0, mutation rate: 0.6867045744586917
Tree height pre-scaling: 0.6867045744475595, input timescale: 1.0
Tree height after scaling: 0.9999999999999998, mutation rate: 0.6867045744475595
Tree height pre-scaling: 0.6867045745118473, input timescale: 1.0
Tree height after scaling: 1.0, mutation rate: 0.6867045745118473
Runtime (s): 14.714878583
