Launching LAML version 0.0.4
LAML was called as follows: /Users/uym2/my_gits/LAML/run_laml.py -c ../../evaluation/Bar10/Bar10_character_matrix.txt -t place_outlier1/augmented_tree_43.nwk -o place_outlier1/augmented_tree_43_optimized -v -p ../../evaluation/Bar10/Bar10_priors.pickle --delimiter tab -m -1 --nInitials 1
Prior keys mismatch with site names.
Prior keys: [0, 1, 2, 3, 4, 5, 6, 7, 8, 9, 10, 11, 12, 13, 14, 15, 16, 17, 18, 19, 20, 21, 22, 23, 24, 25, 26, 27, 28, 29]
Site names: ['r1', 'r2', 'r3', 'r4', 'r5', 'r6', 'r7', 'r8', 'r9', 'r10', 'r11', 'r12', 'r13', 'r14', 'r15', 'r16', 'r17', 'r18', 'r19', 'r20', 'r21', 'r22', 'r23', 'r24', 'r25', 'r26', 'r27', 'r28', 'r29', 'r30']
Attempting to infer mapping between site names and prior keys...
{'r1': 0, 'r2': 1, 'r3': 2, 'r4': 3, 'r5': 4, 'r6': 5, 'r7': 6, 'r8': 7, 'r9': 8, 'r10': 9, 'r11': 10, 'r12': 11, 'r13': 12, 'r14': 13, 'r15': 14, 'r16': 15, 'r17': 16, 'r18': 17, 'r19': 18, 'r20': 19, 'r21': 20, 'r22': 21, 'r23': 22, 'r24': 23, 'r25': 24, 'r26': 25, 'r27': 26, 'r28': 27, 'r29': 28, 'r30': 29}
Optimizing branch lengths, phi, and nu without topology search
Optimization by EM algorithm
Optimization start with 1 initials
Initial point 1. Random seed: 4231
Numerical optimization started with ultrametric constraint (default)
Initial phi: 0. Initial nu: 0.26955655566205877. Initial nllh: 13087.038152218975
Starting EM iter: 1
Estep
Estep runtime (s): 0.1142110824584961
Mstep
Optimizing phi
Optimizing branch lengths. Current phi: 0. Current nu:0.26955655566205877
Optimizing nu
Mstep runtime (s): 0.35578107833862305
Finished EM iter: 1. Current nllh: 10703.807151899695
Starting EM iter: 2
Estep
Estep runtime (s): 0.15343093872070312
Mstep
Optimizing phi
Optimizing branch lengths. Current phi: 0. Current nu:0.2828918227579436
Optimizing nu
Mstep runtime (s): 0.3584909439086914
Finished EM iter: 2. Current nllh: 10687.925748553502
Starting EM iter: 3
Estep
Estep runtime (s): 0.1504061222076416
Mstep
Optimizing phi
Optimizing branch lengths. Current phi: 0. Current nu:0.2856600143350255
Optimizing nu
Mstep runtime (s): 0.2919650077819824
Finished EM iter: 3. Current nllh: 10686.645944507973
Starting EM iter: 4
Estep
Estep runtime (s): 0.15644311904907227
Mstep
Optimizing phi
Optimizing branch lengths. Current phi: 0. Current nu:0.2864462798296329
Optimizing nu
Mstep runtime (s): 0.30025172233581543
Finished EM iter: 4. Current nllh: 10686.446663661176
Starting EM iter: 5
Estep
Estep runtime (s): 0.15613698959350586
Mstep
Optimizing phi
Optimizing branch lengths. Current phi: 0. Current nu:0.28683314253580683
Optimizing nu
Mstep runtime (s): 0.3368489742279053
Finished EM iter: 5. Current nllh: 10686.380850496374
Starting EM iter: 6
Estep
Estep runtime (s): 0.1542799472808838
Mstep
Optimizing phi
Optimizing branch lengths. Current phi: 0. Current nu:0.28705979348824884
Optimizing nu
Mstep runtime (s): 0.31322169303894043
Finished EM iter: 6. Current nllh: 10686.35086619592
Starting EM iter: 7
Estep
Estep runtime (s): 0.15030503273010254
Mstep
Optimizing phi
Optimizing branch lengths. Current phi: 0. Current nu:0.2872030257017281
Optimizing nu
Mstep runtime (s): 0.32503294944763184
Finished EM iter: 7. Current nllh: 10686.334136926234
Starting EM iter: 8
Estep
Estep runtime (s): 0.15024471282958984
Mstep
Optimizing phi
Optimizing branch lengths. Current phi: 0. Current nu:0.2872995769640637
Optimizing nu
Mstep runtime (s): 0.31839513778686523
Finished EM iter: 8. Current nllh: 10686.323811605998
Starting EM iter: 9
Estep
Estep runtime (s): 0.15041208267211914
Mstep
Optimizing phi
Optimizing branch lengths. Current phi: 0. Current nu:0.28736783066107024
Optimizing nu
Mstep runtime (s): 0.3485832214355469
Finished EM iter: 9. Current nllh: 10686.317034864802
Starting EM iter: 10
Estep
Estep runtime (s): 0.15059304237365723
Mstep
Optimizing phi
Optimizing branch lengths. Current phi: 0. Current nu:0.2874176658513726
Optimizing nu
Mstep runtime (s): 0.36592912673950195
Finished EM iter: 10. Current nllh: 10686.312374330051
Starting EM iter: 11
Estep
Estep runtime (s): 0.1503458023071289
Mstep
Optimizing phi
Optimizing branch lengths. Current phi: 0. Current nu:0.2874575887898737
Optimizing nu
Mstep runtime (s): 0.2909691333770752
Finished EM iter: 11. Current nllh: 10686.309047023238
Starting EM iter: 12
Estep
Estep runtime (s): 0.15248894691467285
Mstep
Optimizing phi
Optimizing branch lengths. Current phi: 0. Current nu:0.2874871666297581
Optimizing nu
Mstep runtime (s): 0.30552005767822266
Finished EM iter: 12. Current nllh: 10686.306640018718
Starting EM iter: 13
Estep
Estep runtime (s): 0.1600179672241211
Mstep
Optimizing phi
Optimizing branch lengths. Current phi: 0. Current nu:0.2875117410513705
Optimizing nu
Mstep runtime (s): 0.36021924018859863
Finished EM iter: 13. Current nllh: 10686.304831819285
Starting EM iter: 14
Estep
Estep runtime (s): 0.15141606330871582
Mstep
Optimizing phi
Optimizing branch lengths. Current phi: 0. Current nu:0.28753192444808745
Optimizing nu
Mstep runtime (s): 0.3733830451965332
Finished EM iter: 14. Current nllh: 10686.303464746636
Starting EM iter: 15
Estep
Estep runtime (s): 0.15068483352661133
Mstep
Optimizing phi
Optimizing branch lengths. Current phi: 0. Current nu:0.28754872038523444
Optimizing nu
Mstep runtime (s): 0.30556607246398926
Finished EM iter: 15. Current nllh: 10686.302418095464
Starting EM iter: 16
Estep
Estep runtime (s): 0.15070581436157227
Mstep
Optimizing phi
Optimizing branch lengths. Current phi: 0. Current nu:0.2875625874610361
Optimizing nu
Mstep runtime (s): 0.2905588150024414
Finished EM iter: 16. Current nllh: 10686.301595605124
Starting EM iter: 17
Estep
Estep runtime (s): 0.15079498291015625
Mstep
Optimizing phi
Optimizing branch lengths. Current phi: 0. Current nu:0.28757455629655193
Optimizing nu
Mstep runtime (s): 0.3236510753631592
Finished EM iter: 17. Current nllh: 10686.300942457601
Starting EM iter: 18
Estep
Estep runtime (s): 0.1507887840270996
Mstep
Optimizing phi
Optimizing branch lengths. Current phi: 0. Current nu:0.2875847795390466
Optimizing nu
Mstep runtime (s): 0.3126661777496338
Finished EM iter: 18. Current nllh: 10686.300321387886
Starting EM iter: 19
Estep
Estep runtime (s): 0.15714097023010254
Mstep
Optimizing phi
Optimizing branch lengths. Current phi: 0. Current nu:0.28759266817595075
Optimizing nu
Mstep runtime (s): 0.3232431411743164
Finished EM iter: 19. Current nllh: 10686.30002629534
Starting EM iter: 20
Estep
Estep runtime (s): 0.15076398849487305
Mstep
Optimizing phi
Optimizing branch lengths. Current phi: 0. Current nu:0.2876005186851062
Optimizing nu
Mstep runtime (s): 0.31688594818115234
Finished EM iter: 20. Current nllh: 10686.29967763695
Starting EM iter: 21
Estep
Estep runtime (s): 0.15061140060424805
Mstep
Optimizing phi
Optimizing branch lengths. Current phi: 0. Current nu:0.28760709483846253
Optimizing nu
Mstep runtime (s): 0.3416738510131836
Finished EM iter: 21. Current nllh: 10686.29945208202
Starting EM iter: 22
Estep
Estep runtime (s): 0.15517783164978027
Mstep
Optimizing phi
Optimizing branch lengths. Current phi: 0. Current nu:0.28761045662750995
Optimizing nu
Mstep runtime (s): 0.30616188049316406
Finished EM iter: 22. Current nllh: 10686.299209670891
Starting EM iter: 23
Estep
Estep runtime (s): 0.15532231330871582
Mstep
Optimizing phi
Optimizing branch lengths. Current phi: 0. Current nu:0.28761697470782904
Optimizing nu
Mstep runtime (s): 0.2919187545776367
Finished EM iter: 23. Current nllh: 10686.298989996409
Starting EM iter: 24
Estep
Estep runtime (s): 0.1509091854095459
Mstep
Optimizing phi
Optimizing branch lengths. Current phi: 0. Current nu:0.2876214641974093
Optimizing nu
Mstep runtime (s): 0.2869541645050049
Finished EM iter: 24. Current nllh: 10686.298816830693
Starting EM iter: 25
Estep
Estep runtime (s): 0.157912015914917
Mstep
Optimizing phi
Optimizing branch lengths. Current phi: 0. Current nu:0.2876254314889667
Optimizing nu
Mstep runtime (s): 0.3490869998931885
Finished EM iter: 25. Current nllh: 10686.298671298227
Starting EM iter: 26
Estep
Estep runtime (s): 0.1512451171875
Mstep
Optimizing phi
Optimizing branch lengths. Current phi: 0. Current nu:0.28762894211379036
Optimizing nu
Mstep runtime (s): 0.29480886459350586
Finished EM iter: 26. Current nllh: 10686.29855428646
Starting EM iter: 27
Estep
Estep runtime (s): 0.1505899429321289
Mstep
Optimizing phi
Optimizing branch lengths. Current phi: 0. Current nu:0.28763182622476585
Optimizing nu
Mstep runtime (s): 0.32000303268432617
Finished EM iter: 27. Current nllh: 10686.298465141022
EM finished after 27 iterations.
Optimal phi: 0. Optimal nu: 0.287633981513517. Optimal nllh: 10686.298465141022
Optimal point found for initial point 1
Numerical optimization finished successfully
Tree height pre-scaling: 0.6892272926037016, input timescale: 1.0
Tree height after scaling: 1.0, mutation rate: 0.6892272926037016
Tree height pre-scaling: 0.6892272928184475, input timescale: 1.0
Tree height after scaling: 1.0, mutation rate: 0.6892272928184475
Tree height pre-scaling: 0.6892272937341396, input timescale: 1.0
Tree height after scaling: 1.0, mutation rate: 0.6892272937341396
Tree height pre-scaling: 0.6892272928252756, input timescale: 1.0
Tree height after scaling: 0.9999999999999998, mutation rate: 0.6892272928252756
Tree height pre-scaling: 0.689227292894883, input timescale: 1.0
Tree height after scaling: 0.9999999999999999, mutation rate: 0.689227292894883
Tree height pre-scaling: 0.6892272925855774, input timescale: 1.0
Tree height after scaling: 1.0, mutation rate: 0.6892272925855774
Tree height pre-scaling: 0.6892272926621325, input timescale: 1.0
Tree height after scaling: 1.0, mutation rate: 0.6892272926621325
Tree height pre-scaling: 0.6892272926539027, input timescale: 1.0
Tree height after scaling: 1.0, mutation rate: 0.6892272926539027
Tree height pre-scaling: 0.6892272928454912, input timescale: 1.0
Tree height after scaling: 1.0, mutation rate: 0.6892272928454912
Tree height pre-scaling: 0.689227292850203, input timescale: 1.0
Tree height after scaling: 1.0, mutation rate: 0.689227292850203
Tree height pre-scaling: 0.6892272925698062, input timescale: 1.0
Tree height after scaling: 1.0, mutation rate: 0.6892272925698062
Tree height pre-scaling: 0.689227292733686, input timescale: 1.0
Tree height after scaling: 1.0, mutation rate: 0.689227292733686
Tree height pre-scaling: 0.6892272926670513, input timescale: 1.0
Tree height after scaling: 0.9999999999999998, mutation rate: 0.6892272926670513
Tree height pre-scaling: 0.6892272923850093, input timescale: 1.0
Tree height after scaling: 1.0, mutation rate: 0.6892272923850093
Tree height pre-scaling: 0.689227292409058, input timescale: 1.0
Tree height after scaling: 1.0, mutation rate: 0.689227292409058
Tree height pre-scaling: 0.6892272926960858, input timescale: 1.0
Tree height after scaling: 1.0, mutation rate: 0.6892272926960858
Tree height pre-scaling: 0.6892272927222926, input timescale: 1.0
Tree height after scaling: 1.0, mutation rate: 0.6892272927222926
Runtime (s): 14.206622625
