Launching LAML version 0.0.4
LAML was called as follows: /Users/uym2/my_gits/LAML/run_laml.py -c ../../evaluation/Bar10/Bar10_character_matrix.txt -t place_outlier1/augmented_tree_30.nwk -o place_outlier1/augmented_tree_30_optimized -v -p ../../evaluation/Bar10/Bar10_priors.pickle --delimiter tab -m -1 --nInitials 1
Prior keys mismatch with site names.
Prior keys: [0, 1, 2, 3, 4, 5, 6, 7, 8, 9, 10, 11, 12, 13, 14, 15, 16, 17, 18, 19, 20, 21, 22, 23, 24, 25, 26, 27, 28, 29]
Site names: ['r1', 'r2', 'r3', 'r4', 'r5', 'r6', 'r7', 'r8', 'r9', 'r10', 'r11', 'r12', 'r13', 'r14', 'r15', 'r16', 'r17', 'r18', 'r19', 'r20', 'r21', 'r22', 'r23', 'r24', 'r25', 'r26', 'r27', 'r28', 'r29', 'r30']
Attempting to infer mapping between site names and prior keys...
{'r1': 0, 'r2': 1, 'r3': 2, 'r4': 3, 'r5': 4, 'r6': 5, 'r7': 6, 'r8': 7, 'r9': 8, 'r10': 9, 'r11': 10, 'r12': 11, 'r13': 12, 'r14': 13, 'r15': 14, 'r16': 15, 'r17': 16, 'r18': 17, 'r19': 18, 'r20': 19, 'r21': 20, 'r22': 21, 'r23': 22, 'r24': 23, 'r25': 24, 'r26': 25, 'r27': 26, 'r28': 27, 'r29': 28, 'r30': 29}
Optimizing branch lengths, phi, and nu without topology search
Optimization by EM algorithm
Optimization start with 1 initials
Initial point 1. Random seed: 2524
Numerical optimization started with ultrametric constraint (default)
Initial phi: 0. Initial nu: 0.26955655566205877. Initial nllh: 12877.256955912004
Starting EM iter: 1
Estep
Estep runtime (s): 0.10805892944335938
Mstep
Optimizing phi
Optimizing branch lengths. Current phi: 0. Current nu:0.26955655566205877
Optimizing nu
Mstep runtime (s): 0.3724970817565918
Finished EM iter: 1. Current nllh: 10532.285673802251
Starting EM iter: 2
Estep
Estep runtime (s): 0.1455368995666504
Mstep
Optimizing phi
Optimizing branch lengths. Current phi: 0. Current nu:0.28567866818522547
Optimizing nu
Mstep runtime (s): 0.27694010734558105
Finished EM iter: 2. Current nllh: 10516.364321021925
Starting EM iter: 3
Estep
Estep runtime (s): 0.14577102661132812
Mstep
Optimizing phi
Optimizing branch lengths. Current phi: 0. Current nu:0.28906671368896947
Optimizing nu
Mstep runtime (s): 0.29968881607055664
Finished EM iter: 3. Current nllh: 10514.784957617352
Starting EM iter: 4
Estep
Estep runtime (s): 0.14594483375549316
Mstep
Optimizing phi
Optimizing branch lengths. Current phi: 0. Current nu:0.2900282737242993
Optimizing nu
Mstep runtime (s): 0.3232560157775879
Finished EM iter: 4. Current nllh: 10514.496326584991
Starting EM iter: 5
Estep
Estep runtime (s): 0.14937686920166016
Mstep
Optimizing phi
Optimizing branch lengths. Current phi: 0. Current nu:0.29046396665835794
Optimizing nu
Mstep runtime (s): 0.3170440196990967
Finished EM iter: 5. Current nllh: 10514.411627967616
Starting EM iter: 6
Estep
Estep runtime (s): 0.14661598205566406
Mstep
Optimizing phi
Optimizing branch lengths. Current phi: 0. Current nu:0.29070292270003484
Optimizing nu
Mstep runtime (s): 0.2922513484954834
Finished EM iter: 6. Current nllh: 10514.380232749678
Starting EM iter: 7
Estep
Estep runtime (s): 0.1460411548614502
Mstep
Optimizing phi
Optimizing branch lengths. Current phi: 0. Current nu:0.29085089554680005
Optimizing nu
Mstep runtime (s): 0.3196899890899658
Finished EM iter: 7. Current nllh: 10514.362957003548
Starting EM iter: 8
Estep
Estep runtime (s): 0.1459062099456787
Mstep
Optimizing phi
Optimizing branch lengths. Current phi: 0. Current nu:0.29094976916420967
Optimizing nu
Mstep runtime (s): 0.30858516693115234
Finished EM iter: 8. Current nllh: 10514.352299306995
Starting EM iter: 9
Estep
Estep runtime (s): 0.14644098281860352
Mstep
Optimizing phi
Optimizing branch lengths. Current phi: 0. Current nu:0.2910207004351114
Optimizing nu
Mstep runtime (s): 0.2854158878326416
Finished EM iter: 9. Current nllh: 10514.345182410701
Starting EM iter: 10
Estep
Estep runtime (s): 0.1461641788482666
Mstep
Optimizing phi
Optimizing branch lengths. Current phi: 0. Current nu:0.2910736901462201
Optimizing nu
Mstep runtime (s): 0.27770280838012695
Finished EM iter: 10. Current nllh: 10514.340266879473
Starting EM iter: 11
Estep
Estep runtime (s): 0.14656472206115723
Mstep
Optimizing phi
Optimizing branch lengths. Current phi: 0. Current nu:0.2911137477050432
Optimizing nu
Mstep runtime (s): 0.31909990310668945
Finished EM iter: 11. Current nllh: 10514.336633029654
Starting EM iter: 12
Estep
Estep runtime (s): 0.14846205711364746
Mstep
Optimizing phi
Optimizing branch lengths. Current phi: 0. Current nu:0.2911451226695296
Optimizing nu
Mstep runtime (s): 0.3399829864501953
Finished EM iter: 12. Current nllh: 10514.334079536116
Starting EM iter: 13
Estep
Estep runtime (s): 0.14610886573791504
Mstep
Optimizing phi
Optimizing branch lengths. Current phi: 0. Current nu:0.29117094745400324
Optimizing nu
Mstep runtime (s): 0.35221028327941895
Finished EM iter: 13. Current nllh: 10514.332270755556
Starting EM iter: 14
Estep
Estep runtime (s): 0.14633798599243164
Mstep
Optimizing phi
Optimizing branch lengths. Current phi: 0. Current nu:0.29119280638510336
Optimizing nu
Mstep runtime (s): 0.3267519474029541
Finished EM iter: 14. Current nllh: 10514.330645966596
Starting EM iter: 15
Estep
Estep runtime (s): 0.1465620994567871
Mstep
Optimizing phi
Optimizing branch lengths. Current phi: 0. Current nu:0.29120987255462016
Optimizing nu
Mstep runtime (s): 0.33558082580566406
Finished EM iter: 15. Current nllh: 10514.3295144891
Starting EM iter: 16
Estep
Estep runtime (s): 0.1464550495147705
Mstep
Optimizing phi
Optimizing branch lengths. Current phi: 0. Current nu:0.2912248183125641
Optimizing nu
Mstep runtime (s): 0.33441591262817383
Finished EM iter: 16. Current nllh: 10514.328667000778
Starting EM iter: 17
Estep
Estep runtime (s): 0.1463909149169922
Mstep
Optimizing phi
Optimizing branch lengths. Current phi: 0. Current nu:0.29123735539924656
Optimizing nu
Mstep runtime (s): 0.31526708602905273
Finished EM iter: 17. Current nllh: 10514.328073407622
Starting EM iter: 18
Estep
Estep runtime (s): 0.14896512031555176
Mstep
Optimizing phi
Optimizing branch lengths. Current phi: 0. Current nu:0.29124854262695926
Optimizing nu
Mstep runtime (s): 0.32114505767822266
Finished EM iter: 18. Current nllh: 10514.327358533112
Starting EM iter: 19
Estep
Estep runtime (s): 0.1464228630065918
Mstep
Optimizing phi
Optimizing branch lengths. Current phi: 0. Current nu:0.2912573197426716
Optimizing nu
Mstep runtime (s): 0.3238637447357178
Finished EM iter: 19. Current nllh: 10514.327042655908
Starting EM iter: 20
Estep
Estep runtime (s): 0.1492459774017334
Mstep
Optimizing phi
Optimizing branch lengths. Current phi: 0. Current nu:0.29126588702152767
Optimizing nu
Mstep runtime (s): 0.33368897438049316
Finished EM iter: 20. Current nllh: 10514.326679622862
Starting EM iter: 21
Estep
Estep runtime (s): 0.1479969024658203
Mstep
Optimizing phi
Optimizing branch lengths. Current phi: 0. Current nu:0.29127119109187477
Optimizing nu
Mstep runtime (s): 0.3369579315185547
Finished EM iter: 21. Current nllh: 10514.326380945065
Starting EM iter: 22
Estep
Estep runtime (s): 0.1464061737060547
Mstep
Optimizing phi
Optimizing branch lengths. Current phi: 0. Current nu:0.2912768499634403
Optimizing nu
Mstep runtime (s): 0.3397378921508789
Finished EM iter: 22. Current nllh: 10514.326148414517
Starting EM iter: 23
Estep
Estep runtime (s): 0.14631199836730957
Mstep
Optimizing phi
Optimizing branch lengths. Current phi: 0. Current nu:0.29128186654981825
Optimizing nu
Mstep runtime (s): 0.34107279777526855
Finished EM iter: 23. Current nllh: 10514.32591688915
Starting EM iter: 24
Estep
Estep runtime (s): 0.14660191535949707
Mstep
Optimizing phi
Optimizing branch lengths. Current phi: 0. Current nu:0.29128715781181996
Optimizing nu
Mstep runtime (s): 0.3384549617767334
Finished EM iter: 24. Current nllh: 10514.325737746258
Starting EM iter: 25
Estep
Estep runtime (s): 0.14717507362365723
Mstep
Optimizing phi
Optimizing branch lengths. Current phi: 0. Current nu:0.291291114872198
Optimizing nu
Mstep runtime (s): 0.35715508460998535
Finished EM iter: 25. Current nllh: 10514.325588749565
Starting EM iter: 26
Estep
Estep runtime (s): 0.14649581909179688
Mstep
Optimizing phi
Optimizing branch lengths. Current phi: 0. Current nu:0.29129471175526955
Optimizing nu
Mstep runtime (s): 0.31641483306884766
Finished EM iter: 26. Current nllh: 10514.325418115397
Starting EM iter: 27
Estep
Estep runtime (s): 0.14956307411193848
Mstep
Optimizing phi
Optimizing branch lengths. Current phi: 0. Current nu:0.29129759637391245
Optimizing nu
Mstep runtime (s): 0.2963221073150635
Finished EM iter: 27. Current nllh: 10514.325346861517
EM finished after 27 iterations.
Optimal phi: 0. Optimal nu: 0.29130228451674106. Optimal nllh: 10514.325346861517
Optimal point found for initial point 1
Numerical optimization finished successfully
Tree height pre-scaling: 0.6870679407068376, input timescale: 1.0
Tree height after scaling: 1.0, mutation rate: 0.6870679407068376
Tree height pre-scaling: 0.6870679408397642, input timescale: 1.0
Tree height after scaling: 1.0, mutation rate: 0.6870679408397642
Tree height pre-scaling: 0.6870679413914503, input timescale: 1.0
Tree height after scaling: 1.0, mutation rate: 0.6870679413914503
Tree height pre-scaling: 0.6870679408366982, input timescale: 1.0
Tree height after scaling: 1.0, mutation rate: 0.6870679408366982
Tree height pre-scaling: 0.687067940880639, input timescale: 1.0
Tree height after scaling: 1.0000000000000002, mutation rate: 0.687067940880639
Tree height pre-scaling: 0.68706794069699, input timescale: 1.0
Tree height after scaling: 1.0, mutation rate: 0.68706794069699
Tree height pre-scaling: 0.687067940742146, input timescale: 1.0
Tree height after scaling: 1.0, mutation rate: 0.687067940742146
Tree height pre-scaling: 0.6870679407372747, input timescale: 1.0
Tree height after scaling: 1.0, mutation rate: 0.6870679407372747
Tree height pre-scaling: 0.687067940849421, input timescale: 1.0
Tree height after scaling: 1.0, mutation rate: 0.687067940849421
Tree height pre-scaling: 0.6870679408560038, input timescale: 1.0
Tree height after scaling: 0.9999999999999999, mutation rate: 0.6870679408560038
Tree height pre-scaling: 0.6870679406839382, input timescale: 1.0
Tree height after scaling: 1.0, mutation rate: 0.6870679406839382
Tree height pre-scaling: 0.6870679407856874, input timescale: 1.0
Tree height after scaling: 1.0, mutation rate: 0.6870679407856874
Tree height pre-scaling: 0.6870679407458857, input timescale: 1.0
Tree height after scaling: 1.0000000000000002, mutation rate: 0.6870679407458857
Tree height pre-scaling: 0.6870679405719179, input timescale: 1.0
Tree height after scaling: 1.0, mutation rate: 0.6870679405719179
Tree height pre-scaling: 0.6870679405877065, input timescale: 1.0
Tree height after scaling: 1.0, mutation rate: 0.6870679405877065
Tree height pre-scaling: 0.687067940763634, input timescale: 1.0
Tree height after scaling: 1.0, mutation rate: 0.687067940763634
Tree height pre-scaling: 0.6870679407830644, input timescale: 1.0
Tree height after scaling: 1.0, mutation rate: 0.6870679407830644
Runtime (s): 14.010691083000001
