Launching LAML version 0.0.4
LAML was called as follows: /Users/uym2/my_gits/LAML/run_laml.py -c ../../evaluation/Bar10/Bar10_character_matrix.txt -t place_outlier1/augmented_tree_16.nwk -o place_outlier1/augmented_tree_16_optimized -v -p ../../evaluation/Bar10/Bar10_priors.pickle --delimiter tab -m -1 --nInitials 1
Prior keys mismatch with site names.
Prior keys: [0, 1, 2, 3, 4, 5, 6, 7, 8, 9, 10, 11, 12, 13, 14, 15, 16, 17, 18, 19, 20, 21, 22, 23, 24, 25, 26, 27, 28, 29]
Site names: ['r1', 'r2', 'r3', 'r4', 'r5', 'r6', 'r7', 'r8', 'r9', 'r10', 'r11', 'r12', 'r13', 'r14', 'r15', 'r16', 'r17', 'r18', 'r19', 'r20', 'r21', 'r22', 'r23', 'r24', 'r25', 'r26', 'r27', 'r28', 'r29', 'r30']
Attempting to infer mapping between site names and prior keys...
{'r1': 0, 'r2': 1, 'r3': 2, 'r4': 3, 'r5': 4, 'r6': 5, 'r7': 6, 'r8': 7, 'r9': 8, 'r10': 9, 'r11': 10, 'r12': 11, 'r13': 12, 'r14': 13, 'r15': 14, 'r16': 15, 'r17': 16, 'r18': 17, 'r19': 18, 'r20': 19, 'r21': 20, 'r22': 21, 'r23': 22, 'r24': 23, 'r25': 24, 'r26': 25, 'r27': 26, 'r28': 27, 'r29': 28, 'r30': 29}
Optimizing branch lengths, phi, and nu without topology search
Optimization by EM algorithm
Optimization start with 1 initials
Initial point 1. Random seed: 3616
Numerical optimization started with ultrametric constraint (default)
Initial phi: 0. Initial nu: 0.26955655566205877. Initial nllh: 12912.03646768606
Starting EM iter: 1
Estep
Estep runtime (s): 0.14380812644958496
Mstep
Optimizing phi
Optimizing branch lengths. Current phi: 0. Current nu:0.26955655566205877
Optimizing nu
Mstep runtime (s): 0.48085999488830566
Finished EM iter: 1. Current nllh: 10574.743193907168
Starting EM iter: 2
Estep
Estep runtime (s): 0.19878506660461426
Mstep
Optimizing phi
Optimizing branch lengths. Current phi: 0. Current nu:0.2833303226653129
Optimizing nu
Mstep runtime (s): 0.3613400459289551
Finished EM iter: 2. Current nllh: 10557.54859823167
Starting EM iter: 3
Estep
Estep runtime (s): 0.2010509967803955
Mstep
Optimizing phi
Optimizing branch lengths. Current phi: 0. Current nu:0.28579469765493265
Optimizing nu
Mstep runtime (s): 0.4452958106994629
Finished EM iter: 3. Current nllh: 10556.102100358708
Starting EM iter: 4
Estep
Estep runtime (s): 0.19632840156555176
Mstep
Optimizing phi
Optimizing branch lengths. Current phi: 0. Current nu:0.2866143118705689
Optimizing nu
Mstep runtime (s): 0.37094926834106445
Finished EM iter: 4. Current nllh: 10555.789736402945
Starting EM iter: 5
Estep
Estep runtime (s): 0.19944405555725098
Mstep
Optimizing phi
Optimizing branch lengths. Current phi: 0. Current nu:0.2870272700406465
Optimizing nu
Mstep runtime (s): 0.3720431327819824
Finished EM iter: 5. Current nllh: 10555.695203593581
Starting EM iter: 6
Estep
Estep runtime (s): 0.1984570026397705
Mstep
Optimizing phi
Optimizing branch lengths. Current phi: 0. Current nu:0.28726141619296697
Optimizing nu
Mstep runtime (s): 0.3987572193145752
Finished EM iter: 6. Current nllh: 10555.648008546053
Starting EM iter: 7
Estep
Estep runtime (s): 0.19712376594543457
Mstep
Optimizing phi
Optimizing branch lengths. Current phi: 0. Current nu:0.28740871189459744
Optimizing nu
Mstep runtime (s): 0.45418310165405273
Finished EM iter: 7. Current nllh: 10555.629595595787
Starting EM iter: 8
Estep
Estep runtime (s): 0.20175814628601074
Mstep
Optimizing phi
Optimizing branch lengths. Current phi: 0. Current nu:0.2875048946831025
Optimizing nu
Mstep runtime (s): 0.41603517532348633
Finished EM iter: 8. Current nllh: 10555.619122900971
Starting EM iter: 9
Estep
Estep runtime (s): 0.20200014114379883
Mstep
Optimizing phi
Optimizing branch lengths. Current phi: 0. Current nu:0.2875711951224395
Optimizing nu
Mstep runtime (s): 0.3734900951385498
Finished EM iter: 9. Current nllh: 10555.612307312289
Starting EM iter: 10
Estep
Estep runtime (s): 0.19783401489257812
Mstep
Optimizing phi
Optimizing branch lengths. Current phi: 0. Current nu:0.2876240586932898
Optimizing nu
Mstep runtime (s): 0.36478495597839355
Finished EM iter: 10. Current nllh: 10555.60752215118
Starting EM iter: 11
Estep
Estep runtime (s): 0.19503211975097656
Mstep
Optimizing phi
Optimizing branch lengths. Current phi: 0. Current nu:0.2876639315730901
Optimizing nu
Mstep runtime (s): 0.36649298667907715
Finished EM iter: 11. Current nllh: 10555.604133421357
Starting EM iter: 12
Estep
Estep runtime (s): 0.1947770118713379
Mstep
Optimizing phi
Optimizing branch lengths. Current phi: 0. Current nu:0.2876950209910713
Optimizing nu
Mstep runtime (s): 0.3758509159088135
Finished EM iter: 12. Current nllh: 10555.601671362569
Starting EM iter: 13
Estep
Estep runtime (s): 0.20091009140014648
Mstep
Optimizing phi
Optimizing branch lengths. Current phi: 0. Current nu:0.28771985372827164
Optimizing nu
Mstep runtime (s): 0.44598913192749023
Finished EM iter: 13. Current nllh: 10555.599844426837
Starting EM iter: 14
Estep
Estep runtime (s): 0.2070012092590332
Mstep
Optimizing phi
Optimizing branch lengths. Current phi: 0. Current nu:0.2877398842834092
Optimizing nu
Mstep runtime (s): 0.44130682945251465
Finished EM iter: 14. Current nllh: 10555.598463120697
Starting EM iter: 15
Estep
Estep runtime (s): 0.19989585876464844
Mstep
Optimizing phi
Optimizing branch lengths. Current phi: 0. Current nu:0.2877566441483701
Optimizing nu
Mstep runtime (s): 0.3859100341796875
Finished EM iter: 15. Current nllh: 10555.597386238036
Starting EM iter: 16
Estep
Estep runtime (s): 0.20421886444091797
Mstep
Optimizing phi
Optimizing branch lengths. Current phi: 0. Current nu:0.28777090910755615
Optimizing nu
Mstep runtime (s): 0.5304388999938965
Finished EM iter: 16. Current nllh: 10555.596563547051
Starting EM iter: 17
Estep
Estep runtime (s): 0.20395803451538086
Mstep
Optimizing phi
Optimizing branch lengths. Current phi: 0. Current nu:0.28778066949053016
Optimizing nu
Mstep runtime (s): 0.43718481063842773
Finished EM iter: 17. Current nllh: 10555.595935598581
Starting EM iter: 18
Estep
Estep runtime (s): 0.20568609237670898
Mstep
Optimizing phi
Optimizing branch lengths. Current phi: 0. Current nu:0.28779217794637985
Optimizing nu
Mstep runtime (s): 0.39562010765075684
Finished EM iter: 18. Current nllh: 10555.59536929624
Starting EM iter: 19
Estep
Estep runtime (s): 0.20038414001464844
Mstep
Optimizing phi
Optimizing branch lengths. Current phi: 0. Current nu:0.2878014588323818
Optimizing nu
Mstep runtime (s): 0.4047698974609375
Finished EM iter: 19. Current nllh: 10555.595018009253
Starting EM iter: 20
Estep
Estep runtime (s): 0.1985626220703125
Mstep
Optimizing phi
Optimizing branch lengths. Current phi: 0. Current nu:0.2878066815605173
Optimizing nu
Mstep runtime (s): 0.3841218948364258
Finished EM iter: 20. Current nllh: 10555.594616985865
Starting EM iter: 21
Estep
Estep runtime (s): 0.20149588584899902
Mstep
Optimizing phi
Optimizing branch lengths. Current phi: 0. Current nu:0.28781532635958423
Optimizing nu
Mstep runtime (s): 0.4477670192718506
Finished EM iter: 21. Current nllh: 10555.594288907612
Starting EM iter: 22
Estep
Estep runtime (s): 0.20125222206115723
Mstep
Optimizing phi
Optimizing branch lengths. Current phi: 0. Current nu:0.28782131439017705
Optimizing nu
Mstep runtime (s): 0.38756299018859863
Finished EM iter: 22. Current nllh: 10555.594036399452
Starting EM iter: 23
Estep
Estep runtime (s): 0.19920706748962402
Mstep
Optimizing phi
Optimizing branch lengths. Current phi: 0. Current nu:0.2878263508797849
Optimizing nu
Mstep runtime (s): 0.4111800193786621
Finished EM iter: 23. Current nllh: 10555.59382709213
Starting EM iter: 24
Estep
Estep runtime (s): 0.20255613327026367
Mstep
Optimizing phi
Optimizing branch lengths. Current phi: 0. Current nu:0.2878309368569776
Optimizing nu
Mstep runtime (s): 0.3980100154876709
Finished EM iter: 24. Current nllh: 10555.593665379396
Starting EM iter: 25
Estep
Estep runtime (s): 0.19960689544677734
Mstep
Optimizing phi
Optimizing branch lengths. Current phi: 0. Current nu:0.28783444269864356
Optimizing nu
Mstep runtime (s): 0.37159299850463867
Finished EM iter: 25. Current nllh: 10555.59352676332
Starting EM iter: 26
Estep
Estep runtime (s): 0.197678804397583
Mstep
Optimizing phi
Optimizing branch lengths. Current phi: 0. Current nu:0.28783779433749995
Optimizing nu
Mstep runtime (s): 0.38512301445007324
Finished EM iter: 26. Current nllh: 10555.593399247842
Starting EM iter: 27
Estep
Estep runtime (s): 0.19955086708068848
Mstep
Optimizing phi
Optimizing branch lengths. Current phi: 0. Current nu:0.2878407944715361
Optimizing nu
Mstep runtime (s): 0.38669300079345703
Finished EM iter: 27. Current nllh: 10555.593296416833
EM finished after 27 iterations.
Optimal phi: 0. Optimal nu: 0.2878434050845908. Optimal nllh: 10555.593296416833
Optimal point found for initial point 1
Numerical optimization finished successfully
Tree height pre-scaling: 0.689199267374817, input timescale: 1.0
Tree height after scaling: 1.0, mutation rate: 0.689199267374817
Tree height pre-scaling: 0.6891992674805867, input timescale: 1.0
Tree height after scaling: 1.0, mutation rate: 0.6891992674805867
Tree height pre-scaling: 0.6891992679480214, input timescale: 1.0
Tree height after scaling: 1.0, mutation rate: 0.6891992679480214
Tree height pre-scaling: 0.6891992674915688, input timescale: 1.0
Tree height after scaling: 0.9999999999999999, mutation rate: 0.6891992674915688
Tree height pre-scaling: 0.6891992675131036, input timescale: 1.0
Tree height after scaling: 1.0, mutation rate: 0.6891992675131036
Tree height pre-scaling: 0.6891992673658662, input timescale: 1.0
Tree height after scaling: 1.0, mutation rate: 0.6891992673658662
Tree height pre-scaling: 0.6891992674064341, input timescale: 1.0
Tree height after scaling: 1.0, mutation rate: 0.6891992674064341
Tree height pre-scaling: 0.6891992673981677, input timescale: 1.0
Tree height after scaling: 1.0, mutation rate: 0.6891992673981677
Tree height pre-scaling: 0.6891992674933942, input timescale: 1.0
Tree height after scaling: 0.9999999999999999, mutation rate: 0.6891992674933942
Tree height pre-scaling: 0.6891992674945668, input timescale: 1.0
Tree height after scaling: 1.0, mutation rate: 0.6891992674945668
Tree height pre-scaling: 0.6891992673574789, input timescale: 1.0
Tree height after scaling: 1.0, mutation rate: 0.6891992673574789
Tree height pre-scaling: 0.6891992674386123, input timescale: 1.0
Tree height after scaling: 1.0000000000000002, mutation rate: 0.6891992674386123
Tree height pre-scaling: 0.6891992674060754, input timescale: 1.0
Tree height after scaling: 1.0, mutation rate: 0.6891992674060754
Tree height pre-scaling: 0.6891992672661755, input timescale: 1.0
Tree height after scaling: 1.0, mutation rate: 0.6891992672661755
Tree height pre-scaling: 0.6891992672739462, input timescale: 1.0
Tree height after scaling: 1.0, mutation rate: 0.6891992672739462
Tree height pre-scaling: 0.6891992674179954, input timescale: 1.0
Tree height after scaling: 1.0, mutation rate: 0.6891992674179954
Tree height pre-scaling: 0.6891992674479077, input timescale: 1.0
Tree height after scaling: 1.0, mutation rate: 0.6891992674479077
Runtime (s): 18.189172792
