Launching LAML version 0.0.4
LAML was called as follows: /Users/uym2/my_gits/LAML/run_laml.py -c ../../evaluation/Bar10/Bar10_character_matrix.txt -t place_outlier1/augmented_tree_443.nwk -o place_outlier1/augmented_tree_443_optimized -v -p ../../evaluation/Bar10/Bar10_priors.pickle --delimiter tab -m -1 --nInitials 1
Prior keys mismatch with site names.
Prior keys: [0, 1, 2, 3, 4, 5, 6, 7, 8, 9, 10, 11, 12, 13, 14, 15, 16, 17, 18, 19, 20, 21, 22, 23, 24, 25, 26, 27, 28, 29]
Site names: ['r1', 'r2', 'r3', 'r4', 'r5', 'r6', 'r7', 'r8', 'r9', 'r10', 'r11', 'r12', 'r13', 'r14', 'r15', 'r16', 'r17', 'r18', 'r19', 'r20', 'r21', 'r22', 'r23', 'r24', 'r25', 'r26', 'r27', 'r28', 'r29', 'r30']
Attempting to infer mapping between site names and prior keys...
{'r1': 0, 'r2': 1, 'r3': 2, 'r4': 3, 'r5': 4, 'r6': 5, 'r7': 6, 'r8': 7, 'r9': 8, 'r10': 9, 'r11': 10, 'r12': 11, 'r13': 12, 'r14': 13, 'r15': 14, 'r16': 15, 'r17': 16, 'r18': 17, 'r19': 18, 'r20': 19, 'r21': 20, 'r22': 21, 'r23': 22, 'r24': 23, 'r25': 24, 'r26': 25, 'r27': 26, 'r28': 27, 'r29': 28, 'r30': 29}
Optimizing branch lengths, phi, and nu without topology search
Optimization by EM algorithm
Optimization start with 1 initials
Initial point 1. Random seed: 231
Numerical optimization started with ultrametric constraint (default)
Initial phi: 0. Initial nu: 0.26955655566205877. Initial nllh: 13272.427975993203
Starting EM iter: 1
Estep
Estep runtime (s): 0.10784506797790527
Mstep
Optimizing phi
Optimizing branch lengths. Current phi: 0. Current nu:0.26955655566205877
Optimizing nu
Mstep runtime (s): 0.33470797538757324
Finished EM iter: 1. Current nllh: 10773.033017304064
Starting EM iter: 2
Estep
Estep runtime (s): 0.15224170684814453
Mstep
Optimizing phi
Optimizing branch lengths. Current phi: 0. Current nu:0.28078564276100104
Optimizing nu
Mstep runtime (s): 0.376483678817749
Finished EM iter: 2. Current nllh: 10749.136639478213
Starting EM iter: 3
Estep
Estep runtime (s): 0.15033602714538574
Mstep
Optimizing phi
Optimizing branch lengths. Current phi: 0. Current nu:0.28170554006343246
Optimizing nu
Mstep runtime (s): 0.4524722099304199
Finished EM iter: 3. Current nllh: 10747.174363317288
Starting EM iter: 4
Estep
Estep runtime (s): 0.15583181381225586
Mstep
Optimizing phi
Optimizing branch lengths. Current phi: 0. Current nu:0.2817075562649909
Optimizing nu
Mstep runtime (s): 0.36965513229370117
Finished EM iter: 4. Current nllh: 10746.774075354255
Starting EM iter: 5
Estep
Estep runtime (s): 0.15088582038879395
Mstep
Optimizing phi
Optimizing branch lengths. Current phi: 0. Current nu:0.2818029258326475
Optimizing nu
Mstep runtime (s): 0.326030969619751
Finished EM iter: 5. Current nllh: 10746.678922348352
Starting EM iter: 6
Estep
Estep runtime (s): 0.14634180068969727
Mstep
Optimizing phi
Optimizing branch lengths. Current phi: 0. Current nu:0.28191881057410173
Optimizing nu
Mstep runtime (s): 0.30813097953796387
Finished EM iter: 6. Current nllh: 10746.636494722892
Starting EM iter: 7
Estep
Estep runtime (s): 0.14612126350402832
Mstep
Optimizing phi
Optimizing branch lengths. Current phi: 0. Current nu:0.28202222869059923
Optimizing nu
Mstep runtime (s): 0.33070898056030273
Finished EM iter: 7. Current nllh: 10746.620030480017
Starting EM iter: 8
Estep
Estep runtime (s): 0.15126681327819824
Mstep
Optimizing phi
Optimizing branch lengths. Current phi: 0. Current nu:0.2821014637832665
Optimizing nu
Mstep runtime (s): 0.32811403274536133
Finished EM iter: 8. Current nllh: 10746.609909552895
Starting EM iter: 9
Estep
Estep runtime (s): 0.1489551067352295
Mstep
Optimizing phi
Optimizing branch lengths. Current phi: 0. Current nu:0.28216441951654175
Optimizing nu
Mstep runtime (s): 0.3692011833190918
Finished EM iter: 9. Current nllh: 10746.603382648758
Starting EM iter: 10
Estep
Estep runtime (s): 0.14630889892578125
Mstep
Optimizing phi
Optimizing branch lengths. Current phi: 0. Current nu:0.2822129956763993
Optimizing nu
Mstep runtime (s): 0.32509899139404297
Finished EM iter: 10. Current nllh: 10746.598858588859
Starting EM iter: 11
Estep
Estep runtime (s): 0.14676570892333984
Mstep
Optimizing phi
Optimizing branch lengths. Current phi: 0. Current nu:0.2822503362176667
Optimizing nu
Mstep runtime (s): 0.35483789443969727
Finished EM iter: 11. Current nllh: 10746.595565215765
Starting EM iter: 12
Estep
Estep runtime (s): 0.14650774002075195
Mstep
Optimizing phi
Optimizing branch lengths. Current phi: 0. Current nu:0.28228058148015
Optimizing nu
Mstep runtime (s): 0.36294007301330566
Finished EM iter: 12. Current nllh: 10746.5933440977
Starting EM iter: 13
Estep
Estep runtime (s): 0.1485424041748047
Mstep
Optimizing phi
Optimizing branch lengths. Current phi: 0. Current nu:0.28230485016598933
Optimizing nu
Mstep runtime (s): 0.3649599552154541
Finished EM iter: 13. Current nllh: 10746.591646689954
Starting EM iter: 14
Estep
Estep runtime (s): 0.15366888046264648
Mstep
Optimizing phi
Optimizing branch lengths. Current phi: 0. Current nu:0.28232436653214726
Optimizing nu
Mstep runtime (s): 0.36684322357177734
Finished EM iter: 14. Current nllh: 10746.590238967101
Starting EM iter: 15
Estep
Estep runtime (s): 0.15137195587158203
Mstep
Optimizing phi
Optimizing branch lengths. Current phi: 0. Current nu:0.28234075250182783
Optimizing nu
Mstep runtime (s): 0.3379850387573242
Finished EM iter: 15. Current nllh: 10746.589261403613
Starting EM iter: 16
Estep
Estep runtime (s): 0.14667010307312012
Mstep
Optimizing phi
Optimizing branch lengths. Current phi: 0. Current nu:0.2823544629039124
Optimizing nu
Mstep runtime (s): 0.31850600242614746
Finished EM iter: 16. Current nllh: 10746.588634639504
Starting EM iter: 17
Estep
Estep runtime (s): 0.14673495292663574
Mstep
Optimizing phi
Optimizing branch lengths. Current phi: 0. Current nu:0.282365848889186
Optimizing nu
Mstep runtime (s): 0.3332219123840332
Finished EM iter: 17. Current nllh: 10746.587885092338
Starting EM iter: 18
Estep
Estep runtime (s): 0.14661812782287598
Mstep
Optimizing phi
Optimizing branch lengths. Current phi: 0. Current nu:0.2823759874445381
Optimizing nu
Mstep runtime (s): 0.29920220375061035
Finished EM iter: 18. Current nllh: 10746.587569815847
Starting EM iter: 19
Estep
Estep runtime (s): 0.14696502685546875
Mstep
Optimizing phi
Optimizing branch lengths. Current phi: 0. Current nu:0.28238377741897663
Optimizing nu
Mstep runtime (s): 0.3237948417663574
Finished EM iter: 19. Current nllh: 10746.587212103297
Starting EM iter: 20
Estep
Estep runtime (s): 0.14911293983459473
Mstep
Optimizing phi
Optimizing branch lengths. Current phi: 0. Current nu:0.28239032511889184
Optimizing nu
Mstep runtime (s): 0.3235509395599365
Finished EM iter: 20. Current nllh: 10746.586915296477
Starting EM iter: 21
Estep
Estep runtime (s): 0.14998602867126465
Mstep
Optimizing phi
Optimizing branch lengths. Current phi: 0. Current nu:0.28239640613470784
Optimizing nu
Mstep runtime (s): 0.33607006072998047
Finished EM iter: 21. Current nllh: 10746.586673823087
Starting EM iter: 22
Estep
Estep runtime (s): 0.15469074249267578
Mstep
Optimizing phi
Optimizing branch lengths. Current phi: 0. Current nu:0.2824014249141845
Optimizing nu
Mstep runtime (s): 0.33411598205566406
Finished EM iter: 22. Current nllh: 10746.586282980197
Starting EM iter: 23
Estep
Estep runtime (s): 0.1546001434326172
Mstep
Optimizing phi
Optimizing branch lengths. Current phi: 0. Current nu:0.28240678315314216
Optimizing nu
Mstep runtime (s): 0.3563039302825928
Finished EM iter: 23. Current nllh: 10746.586141145535
Starting EM iter: 24
Estep
Estep runtime (s): 0.15546822547912598
Mstep
Optimizing phi
Optimizing branch lengths. Current phi: 0. Current nu:0.2824108954803642
Optimizing nu
Mstep runtime (s): 0.374891996383667
Finished EM iter: 24. Current nllh: 10746.58602469993
Starting EM iter: 25
Estep
Estep runtime (s): 0.15280413627624512
Mstep
Optimizing phi
Optimizing branch lengths. Current phi: 0. Current nu:0.28241417684853526
Optimizing nu
Mstep runtime (s): 0.31969499588012695
Finished EM iter: 25. Current nllh: 10746.586031361829
EM finished after 25 iterations.
Optimal phi: 0. Optimal nu: 0.28241673896920183. Optimal nllh: 10746.586031361829
Optimal point found for initial point 1
Numerical optimization finished successfully
Tree height pre-scaling: 0.687668485237587, input timescale: 1.0
Tree height after scaling: 1.0, mutation rate: 0.687668485237587
Tree height pre-scaling: 0.6876684854407698, input timescale: 1.0
Tree height after scaling: 0.9999999999999999, mutation rate: 0.6876684854407698
Tree height pre-scaling: 0.6876684857639683, input timescale: 1.0
Tree height after scaling: 0.9999999999999999, mutation rate: 0.6876684857639683
Tree height pre-scaling: 0.6876684850213065, input timescale: 1.0
Tree height after scaling: 1.0, mutation rate: 0.6876684850213065
Tree height pre-scaling: 0.687668484836941, input timescale: 1.0
Tree height after scaling: 1.0, mutation rate: 0.687668484836941
Tree height pre-scaling: 0.6876684855596354, input timescale: 1.0
Tree height after scaling: 1.0, mutation rate: 0.6876684855596354
Tree height pre-scaling: 0.6876684855192252, input timescale: 1.0
Tree height after scaling: 1.0, mutation rate: 0.6876684855192252
Tree height pre-scaling: 0.687668485320694, input timescale: 1.0
Tree height after scaling: 1.0, mutation rate: 0.687668485320694
Tree height pre-scaling: 0.6876684854119991, input timescale: 1.0
Tree height after scaling: 0.9999999999999999, mutation rate: 0.6876684854119991
Tree height pre-scaling: 0.6876684857120479, input timescale: 1.0
Tree height after scaling: 1.0, mutation rate: 0.6876684857120479
Tree height pre-scaling: 0.687668485194162, input timescale: 1.0
Tree height after scaling: 1.0, mutation rate: 0.687668485194162
Tree height pre-scaling: 0.6876684854461266, input timescale: 1.0
Tree height after scaling: 1.0, mutation rate: 0.6876684854461266
Tree height pre-scaling: 0.6876684852195002, input timescale: 1.0
Tree height after scaling: 1.0, mutation rate: 0.6876684852195002
Tree height pre-scaling: 0.6876684857244675, input timescale: 1.0
Tree height after scaling: 1.0, mutation rate: 0.6876684857244675
Tree height pre-scaling: 0.6876684853721338, input timescale: 1.0
Tree height after scaling: 1.0, mutation rate: 0.6876684853721338
Tree height pre-scaling: 0.6876684878034118, input timescale: 1.0
Tree height after scaling: 1.0, mutation rate: 0.6876684878034118
Tree height pre-scaling: 0.6876684852847456, input timescale: 1.0
Tree height after scaling: 0.9999999999999998, mutation rate: 0.6876684852847456
Runtime (s): 13.639415499999998
