Launching LAML version 0.0.4
LAML was called as follows: /Users/uym2/my_gits/LAML/run_laml.py -c ../../evaluation/Bar10/Bar10_character_matrix.txt -t place_outlier1/augmented_tree_37.nwk -o place_outlier1/augmented_tree_37_optimized -v -p ../../evaluation/Bar10/Bar10_priors.pickle --delimiter tab -m -1 --nInitials 1
Prior keys mismatch with site names.
Prior keys: [0, 1, 2, 3, 4, 5, 6, 7, 8, 9, 10, 11, 12, 13, 14, 15, 16, 17, 18, 19, 20, 21, 22, 23, 24, 25, 26, 27, 28, 29]
Site names: ['r1', 'r2', 'r3', 'r4', 'r5', 'r6', 'r7', 'r8', 'r9', 'r10', 'r11', 'r12', 'r13', 'r14', 'r15', 'r16', 'r17', 'r18', 'r19', 'r20', 'r21', 'r22', 'r23', 'r24', 'r25', 'r26', 'r27', 'r28', 'r29', 'r30']
Attempting to infer mapping between site names and prior keys...
{'r1': 0, 'r2': 1, 'r3': 2, 'r4': 3, 'r5': 4, 'r6': 5, 'r7': 6, 'r8': 7, 'r9': 8, 'r10': 9, 'r11': 10, 'r12': 11, 'r13': 12, 'r14': 13, 'r15': 14, 'r16': 15, 'r17': 16, 'r18': 17, 'r19': 18, 'r20': 19, 'r21': 20, 'r22': 21, 'r23': 22, 'r24': 23, 'r25': 24, 'r26': 25, 'r27': 26, 'r28': 27, 'r29': 28, 'r30': 29}
Optimizing branch lengths, phi, and nu without topology search
Optimization by EM algorithm
Optimization start with 1 initials
Initial point 1. Random seed: 278
Numerical optimization started with ultrametric constraint (default)
Initial phi: 0. Initial nu: 0.26955655566205877. Initial nllh: 12708.183957805131
Starting EM iter: 1
Estep
Estep runtime (s): 0.11253190040588379
Mstep
Optimizing phi
Optimizing branch lengths. Current phi: 0. Current nu:0.26955655566205877
Optimizing nu
Mstep runtime (s): 0.3151681423187256
Finished EM iter: 1. Current nllh: 10604.409601972491
Starting EM iter: 2
Estep
Estep runtime (s): 0.14783906936645508
Mstep
Optimizing phi
Optimizing branch lengths. Current phi: 0. Current nu:0.28446316094634905
Optimizing nu
Mstep runtime (s): 0.31443119049072266
Finished EM iter: 2. Current nllh: 10586.486929893726
Starting EM iter: 3
Estep
Estep runtime (s): 0.14795875549316406
Mstep
Optimizing phi
Optimizing branch lengths. Current phi: 0. Current nu:0.2870738504251409
Optimizing nu
Mstep runtime (s): 0.29836273193359375
Finished EM iter: 3. Current nllh: 10585.193903870568
Starting EM iter: 4
Estep
Estep runtime (s): 0.14819884300231934
Mstep
Optimizing phi
Optimizing branch lengths. Current phi: 0. Current nu:0.2877654226002948
Optimizing nu
Mstep runtime (s): 0.3203599452972412
Finished EM iter: 4. Current nllh: 10584.995478683659
Starting EM iter: 5
Estep
Estep runtime (s): 0.14793801307678223
Mstep
Optimizing phi
Optimizing branch lengths. Current phi: 0. Current nu:0.28812252053493315
Optimizing nu
Mstep runtime (s): 0.28258824348449707
Finished EM iter: 5. Current nllh: 10584.930452068063
Starting EM iter: 6
Estep
Estep runtime (s): 0.15574193000793457
Mstep
Optimizing phi
Optimizing branch lengths. Current phi: 0. Current nu:0.28834153918377164
Optimizing nu
Mstep runtime (s): 0.347123384475708
Finished EM iter: 6. Current nllh: 10584.900461908059
Starting EM iter: 7
Estep
Estep runtime (s): 0.14826297760009766
Mstep
Optimizing phi
Optimizing branch lengths. Current phi: 0. Current nu:0.28848361510640375
Optimizing nu
Mstep runtime (s): 0.2913820743560791
Finished EM iter: 7. Current nllh: 10584.88373763818
Starting EM iter: 8
Estep
Estep runtime (s): 0.14880609512329102
Mstep
Optimizing phi
Optimizing branch lengths. Current phi: 0. Current nu:0.2885803076391029
Optimizing nu
Mstep runtime (s): 0.3193018436431885
Finished EM iter: 8. Current nllh: 10584.873275355223
Starting EM iter: 9
Estep
Estep runtime (s): 0.14833688735961914
Mstep
Optimizing phi
Optimizing branch lengths. Current phi: 0. Current nu:0.2886488293324672
Optimizing nu
Mstep runtime (s): 0.2832908630371094
Finished EM iter: 9. Current nllh: 10584.86653560417
Starting EM iter: 10
Estep
Estep runtime (s): 0.1483776569366455
Mstep
Optimizing phi
Optimizing branch lengths. Current phi: 0. Current nu:0.28870052947376273
Optimizing nu
Mstep runtime (s): 0.3452479839324951
Finished EM iter: 10. Current nllh: 10584.861828944002
Starting EM iter: 11
Estep
Estep runtime (s): 0.14831089973449707
Mstep
Optimizing phi
Optimizing branch lengths. Current phi: 0. Current nu:0.2887399965764305
Optimizing nu
Mstep runtime (s): 0.28326916694641113
Finished EM iter: 11. Current nllh: 10584.858492505638
Starting EM iter: 12
Estep
Estep runtime (s): 0.15550017356872559
Mstep
Optimizing phi
Optimizing branch lengths. Current phi: 0. Current nu:0.2887708967057487
Optimizing nu
Mstep runtime (s): 0.2945842742919922
Finished EM iter: 12. Current nllh: 10584.856058629568
Starting EM iter: 13
Estep
Estep runtime (s): 0.14861369132995605
Mstep
Optimizing phi
Optimizing branch lengths. Current phi: 0. Current nu:0.28879597719466904
Optimizing nu
Mstep runtime (s): 0.2963681221008301
Finished EM iter: 13. Current nllh: 10584.854258156554
Starting EM iter: 14
Estep
Estep runtime (s): 0.1488656997680664
Mstep
Optimizing phi
Optimizing branch lengths. Current phi: 0. Current nu:0.28881611305332144
Optimizing nu
Mstep runtime (s): 0.2908298969268799
Finished EM iter: 14. Current nllh: 10584.852881520126
Starting EM iter: 15
Estep
Estep runtime (s): 0.14888978004455566
Mstep
Optimizing phi
Optimizing branch lengths. Current phi: 0. Current nu:0.2888332972557261
Optimizing nu
Mstep runtime (s): 0.3128492832183838
Finished EM iter: 15. Current nllh: 10584.851830941529
Starting EM iter: 16
Estep
Estep runtime (s): 0.14874792098999023
Mstep
Optimizing phi
Optimizing branch lengths. Current phi: 0. Current nu:0.2888471697455561
Optimizing nu
Mstep runtime (s): 0.3508000373840332
Finished EM iter: 16. Current nllh: 10584.850952370429
Starting EM iter: 17
Estep
Estep runtime (s): 0.1488659381866455
Mstep
Optimizing phi
Optimizing branch lengths. Current phi: 0. Current nu:0.2888592826287213
Optimizing nu
Mstep runtime (s): 0.3109400272369385
Finished EM iter: 17. Current nllh: 10584.850134199683
Starting EM iter: 18
Estep
Estep runtime (s): 0.15504717826843262
Mstep
Optimizing phi
Optimizing branch lengths. Current phi: 0. Current nu:0.2888702600358051
Optimizing nu
Mstep runtime (s): 0.3123140335083008
Finished EM iter: 18. Current nllh: 10584.849796078888
Starting EM iter: 19
Estep
Estep runtime (s): 0.14917898178100586
Mstep
Optimizing phi
Optimizing branch lengths. Current phi: 0. Current nu:0.28887974407761
Optimizing nu
Mstep runtime (s): 0.3525550365447998
Finished EM iter: 19. Current nllh: 10584.849359435166
Starting EM iter: 20
Estep
Estep runtime (s): 0.15099024772644043
Mstep
Optimizing phi
Optimizing branch lengths. Current phi: 0. Current nu:0.28888745288570855
Optimizing nu
Mstep runtime (s): 0.31357598304748535
Finished EM iter: 20. Current nllh: 10584.848729562143
Starting EM iter: 21
Estep
Estep runtime (s): 0.15021395683288574
Mstep
Optimizing phi
Optimizing branch lengths. Current phi: 0. Current nu:0.288894958920215
Optimizing nu
Mstep runtime (s): 0.30862998962402344
Finished EM iter: 21. Current nllh: 10584.848454378189
Starting EM iter: 22
Estep
Estep runtime (s): 0.1496140956878662
Mstep
Optimizing phi
Optimizing branch lengths. Current phi: 0. Current nu:0.28890152985378303
Optimizing nu
Mstep runtime (s): 0.3103618621826172
Finished EM iter: 22. Current nllh: 10584.84816182497
Starting EM iter: 23
Estep
Estep runtime (s): 0.14986801147460938
Mstep
Optimizing phi
Optimizing branch lengths. Current phi: 0. Current nu:0.28890687179447827
Optimizing nu
Mstep runtime (s): 0.3263270854949951
Finished EM iter: 23. Current nllh: 10584.848262628362
EM finished after 23 iterations.
Optimal phi: 0. Optimal nu: 0.28891017162137855. Optimal nllh: 10584.848262628362
Optimal point found for initial point 1
Numerical optimization finished successfully
Tree height pre-scaling: 0.6885926931384622, input timescale: 1.0
Tree height after scaling: 1.0, mutation rate: 0.6885926931384622
Tree height pre-scaling: 0.6885926933195601, input timescale: 1.0
Tree height after scaling: 0.9999999999999999, mutation rate: 0.6885926933195601
Tree height pre-scaling: 0.6885926941250697, input timescale: 1.0
Tree height after scaling: 1.0, mutation rate: 0.6885926941250697
Tree height pre-scaling: 0.6885926933433474, input timescale: 1.0
Tree height after scaling: 0.9999999999999999, mutation rate: 0.6885926933433474
Tree height pre-scaling: 0.6885926933763353, input timescale: 1.0
Tree height after scaling: 1.0, mutation rate: 0.6885926933763353
Tree height pre-scaling: 0.6885926931278455, input timescale: 1.0
Tree height after scaling: 0.9999999999999999, mutation rate: 0.6885926931278455
Tree height pre-scaling: 0.6885926931948876, input timescale: 1.0
Tree height after scaling: 1.0, mutation rate: 0.6885926931948876
Tree height pre-scaling: 0.6885926931912641, input timescale: 1.0
Tree height after scaling: 0.9999999999999999, mutation rate: 0.6885926931912641
Tree height pre-scaling: 0.6885926933294615, input timescale: 1.0
Tree height after scaling: 1.0, mutation rate: 0.6885926933294615
Tree height pre-scaling: 0.6885926933440628, input timescale: 1.0
Tree height after scaling: 0.9999999999999999, mutation rate: 0.6885926933440628
Tree height pre-scaling: 0.6885926931016738, input timescale: 1.0
Tree height after scaling: 1.0, mutation rate: 0.6885926931016738
Tree height pre-scaling: 0.6885926932475439, input timescale: 1.0
Tree height after scaling: 1.0, mutation rate: 0.6885926932475439
Tree height pre-scaling: 0.6885926931948079, input timescale: 1.0
Tree height after scaling: 1.0, mutation rate: 0.6885926931948079
Tree height pre-scaling: 0.6885926929467936, input timescale: 1.0
Tree height after scaling: 1.0, mutation rate: 0.6885926929467936
Tree height pre-scaling: 0.6885926929636463, input timescale: 1.0
Tree height after scaling: 1.0, mutation rate: 0.6885926929636463
Tree height pre-scaling: 0.6885926932217125, input timescale: 1.0
Tree height after scaling: 0.9999999999999999, mutation rate: 0.6885926932217125
Tree height pre-scaling: 0.6885926932421431, input timescale: 1.0
Tree height after scaling: 1.0, mutation rate: 0.6885926932421431
Runtime (s): 11.843449667
