Launching LAML version 0.0.4
LAML was called as follows: /Users/uym2/my_gits/LAML/run_laml.py -c ../../evaluation/Bar10/Bar10_character_matrix.txt -t place_outlier1/augmented_tree_143.nwk -o place_outlier1/augmented_tree_143_optimized -v -p ../../evaluation/Bar10/Bar10_priors.pickle --delimiter tab -m -1 --nInitials 1
Prior keys mismatch with site names.
Prior keys: [0, 1, 2, 3, 4, 5, 6, 7, 8, 9, 10, 11, 12, 13, 14, 15, 16, 17, 18, 19, 20, 21, 22, 23, 24, 25, 26, 27, 28, 29]
Site names: ['r1', 'r2', 'r3', 'r4', 'r5', 'r6', 'r7', 'r8', 'r9', 'r10', 'r11', 'r12', 'r13', 'r14', 'r15', 'r16', 'r17', 'r18', 'r19', 'r20', 'r21', 'r22', 'r23', 'r24', 'r25', 'r26', 'r27', 'r28', 'r29', 'r30']
Attempting to infer mapping between site names and prior keys...
{'r1': 0, 'r2': 1, 'r3': 2, 'r4': 3, 'r5': 4, 'r6': 5, 'r7': 6, 'r8': 7, 'r9': 8, 'r10': 9, 'r11': 10, 'r12': 11, 'r13': 12, 'r14': 13, 'r15': 14, 'r16': 15, 'r17': 16, 'r18': 17, 'r19': 18, 'r20': 19, 'r21': 20, 'r22': 21, 'r23': 22, 'r24': 23, 'r25': 24, 'r26': 25, 'r27': 26, 'r28': 27, 'r29': 28, 'r30': 29}
Optimizing branch lengths, phi, and nu without topology search
Optimization by EM algorithm
Optimization start with 1 initials
Initial point 1. Random seed: 8225
Numerical optimization started with ultrametric constraint (default)
Initial phi: 0. Initial nu: 0.26955655566205877. Initial nllh: 12726.339777749274
Starting EM iter: 1
Estep
Estep runtime (s): 0.1429891586303711
Mstep
Optimizing phi
Optimizing branch lengths. Current phi: 0. Current nu:0.26955655566205877
Optimizing nu
Mstep runtime (s): 0.4710547924041748
Finished EM iter: 1. Current nllh: 10524.734160541126
Starting EM iter: 2
Estep
Estep runtime (s): 0.20056986808776855
Mstep
Optimizing phi
Optimizing branch lengths. Current phi: 0. Current nu:0.28573019727002297
Optimizing nu
Mstep runtime (s): 0.38368797302246094
Finished EM iter: 2. Current nllh: 10510.931269572928
Starting EM iter: 3
Estep
Estep runtime (s): 0.19628119468688965
Mstep
Optimizing phi
Optimizing branch lengths. Current phi: 0. Current nu:0.2897095283537287
Optimizing nu
Mstep runtime (s): 0.43773961067199707
Finished EM iter: 3. Current nllh: 10509.606029907916
Starting EM iter: 4
Estep
Estep runtime (s): 0.1956782341003418
Mstep
Optimizing phi
Optimizing branch lengths. Current phi: 0. Current nu:0.29099738993192253
Optimizing nu
Mstep runtime (s): 0.46477508544921875
Finished EM iter: 4. Current nllh: 10509.30906555947
Starting EM iter: 5
Estep
Estep runtime (s): 0.19638586044311523
Mstep
Optimizing phi
Optimizing branch lengths. Current phi: 0. Current nu:0.2915933419319824
Optimizing nu
Mstep runtime (s): 0.4686882495880127
Finished EM iter: 5. Current nllh: 10509.195666058511
Starting EM iter: 6
Estep
Estep runtime (s): 0.20327115058898926
Mstep
Optimizing phi
Optimizing branch lengths. Current phi: 0. Current nu:0.29192229624548605
Optimizing nu
Mstep runtime (s): 0.4120216369628906
Finished EM iter: 6. Current nllh: 10509.139274910081
Starting EM iter: 7
Estep
Estep runtime (s): 0.19944405555725098
Mstep
Optimizing phi
Optimizing branch lengths. Current phi: 0. Current nu:0.29212353070591923
Optimizing nu
Mstep runtime (s): 0.4325089454650879
Finished EM iter: 7. Current nllh: 10509.116155420905
Starting EM iter: 8
Estep
Estep runtime (s): 0.19660091400146484
Mstep
Optimizing phi
Optimizing branch lengths. Current phi: 0. Current nu:0.2922534926631052
Optimizing nu
Mstep runtime (s): 0.46847009658813477
Finished EM iter: 8. Current nllh: 10509.103093877588
Starting EM iter: 9
Estep
Estep runtime (s): 0.19609403610229492
Mstep
Optimizing phi
Optimizing branch lengths. Current phi: 0. Current nu:0.2923443309306532
Optimizing nu
Mstep runtime (s): 0.4574148654937744
Finished EM iter: 9. Current nllh: 10509.094576331421
Starting EM iter: 10
Estep
Estep runtime (s): 0.20075416564941406
Mstep
Optimizing phi
Optimizing branch lengths. Current phi: 0. Current nu:0.29241172857208875
Optimizing nu
Mstep runtime (s): 0.4644010066986084
Finished EM iter: 10. Current nllh: 10509.088823125721
Starting EM iter: 11
Estep
Estep runtime (s): 0.19854092597961426
Mstep
Optimizing phi
Optimizing branch lengths. Current phi: 0. Current nu:0.29246392331237336
Optimizing nu
Mstep runtime (s): 0.43639206886291504
Finished EM iter: 11. Current nllh: 10509.084745021633
Starting EM iter: 12
Estep
Estep runtime (s): 0.195847749710083
Mstep
Optimizing phi
Optimizing branch lengths. Current phi: 0. Current nu:0.2925040605183712
Optimizing nu
Mstep runtime (s): 0.49166178703308105
Finished EM iter: 12. Current nllh: 10509.081801894636
Starting EM iter: 13
Estep
Estep runtime (s): 0.19580411911010742
Mstep
Optimizing phi
Optimizing branch lengths. Current phi: 0. Current nu:0.2925354825873054
Optimizing nu
Mstep runtime (s): 0.46729183197021484
Finished EM iter: 13. Current nllh: 10509.079457443178
Starting EM iter: 14
Estep
Estep runtime (s): 0.19446873664855957
Mstep
Optimizing phi
Optimizing branch lengths. Current phi: 0. Current nu:0.29256205318188666
Optimizing nu
Mstep runtime (s): 0.43763303756713867
Finished EM iter: 14. Current nllh: 10509.077795168443
Starting EM iter: 15
Estep
Estep runtime (s): 0.19845318794250488
Mstep
Optimizing phi
Optimizing branch lengths. Current phi: 0. Current nu:0.2925831253374612
Optimizing nu
Mstep runtime (s): 0.4857618808746338
Finished EM iter: 15. Current nllh: 10509.07667125159
Starting EM iter: 16
Estep
Estep runtime (s): 0.2055649757385254
Mstep
Optimizing phi
Optimizing branch lengths. Current phi: 0. Current nu:0.29260008668298615
Optimizing nu
Mstep runtime (s): 0.42267274856567383
Finished EM iter: 16. Current nllh: 10509.075739797454
Starting EM iter: 17
Estep
Estep runtime (s): 0.1967611312866211
Mstep
Optimizing phi
Optimizing branch lengths. Current phi: 0. Current nu:0.2926121810990718
Optimizing nu
Mstep runtime (s): 0.44198083877563477
Finished EM iter: 17. Current nllh: 10509.074966436814
Starting EM iter: 18
Estep
Estep runtime (s): 0.19887518882751465
Mstep
Optimizing phi
Optimizing branch lengths. Current phi: 0. Current nu:0.29262575684969183
Optimizing nu
Mstep runtime (s): 0.39231109619140625
Finished EM iter: 18. Current nllh: 10509.074310884977
Starting EM iter: 19
Estep
Estep runtime (s): 0.19825100898742676
Mstep
Optimizing phi
Optimizing branch lengths. Current phi: 0. Current nu:0.29263673438312354
Optimizing nu
Mstep runtime (s): 0.45400071144104004
Finished EM iter: 19. Current nllh: 10509.073787973715
Starting EM iter: 20
Estep
Estep runtime (s): 0.19713902473449707
Mstep
Optimizing phi
Optimizing branch lengths. Current phi: 0. Current nu:0.2926459466556167
Optimizing nu
Mstep runtime (s): 0.4567391872406006
Finished EM iter: 20. Current nllh: 10509.073419409799
Starting EM iter: 21
Estep
Estep runtime (s): 0.20294976234436035
Mstep
Optimizing phi
Optimizing branch lengths. Current phi: 0. Current nu:0.292651594587152
Optimizing nu
Mstep runtime (s): 0.4326038360595703
Finished EM iter: 21. Current nllh: 10509.07307713241
Starting EM iter: 22
Estep
Estep runtime (s): 0.2002861499786377
Mstep
Optimizing phi
Optimizing branch lengths. Current phi: 0. Current nu:0.292659621348212
Optimizing nu
Mstep runtime (s): 0.4337599277496338
Finished EM iter: 22. Current nllh: 10509.072812060092
Starting EM iter: 23
Estep
Estep runtime (s): 0.19655108451843262
Mstep
Optimizing phi
Optimizing branch lengths. Current phi: 0. Current nu:0.2926638323845937
Optimizing nu
Mstep runtime (s): 0.4764070510864258
Finished EM iter: 23. Current nllh: 10509.072600808993
Starting EM iter: 24
Estep
Estep runtime (s): 0.19649100303649902
Mstep
Optimizing phi
Optimizing branch lengths. Current phi: 0. Current nu:0.29266852435815593
Optimizing nu
Mstep runtime (s): 0.4270632266998291
Finished EM iter: 24. Current nllh: 10509.072395156156
Starting EM iter: 25
Estep
Estep runtime (s): 0.19604182243347168
Mstep
Optimizing phi
Optimizing branch lengths. Current phi: 0. Current nu:0.29267278092386567
Optimizing nu
Mstep runtime (s): 0.43268609046936035
Finished EM iter: 25. Current nllh: 10509.072229135996
Starting EM iter: 26
Estep
Estep runtime (s): 0.20286107063293457
Mstep
Optimizing phi
Optimizing branch lengths. Current phi: 0. Current nu:0.2926768604767811
Optimizing nu
Mstep runtime (s): 0.4216470718383789
Finished EM iter: 26. Current nllh: 10509.072080294656
Starting EM iter: 27
Estep
Estep runtime (s): 0.19745802879333496
Mstep
Optimizing phi
Optimizing branch lengths. Current phi: 0. Current nu:0.29268188380263216
Optimizing nu
Mstep runtime (s): 0.4471306800842285
Finished EM iter: 27. Current nllh: 10509.0719375654
Starting EM iter: 28
Estep
Estep runtime (s): 0.19618511199951172
Mstep
Optimizing phi
Optimizing branch lengths. Current phi: 0. Current nu:0.29268378178021115
Optimizing nu
Mstep runtime (s): 0.4242570400238037
Finished EM iter: 28. Current nllh: 10509.071852723939
EM finished after 28 iterations.
Optimal phi: 0. Optimal nu: 0.2926862134162467. Optimal nllh: 10509.071852723939
Optimal point found for initial point 1
Numerical optimization finished successfully
Tree height pre-scaling: 0.6859718559213515, input timescale: 1.0
Tree height after scaling: 1.0, mutation rate: 0.6859718559213515
Tree height pre-scaling: 0.6859719118266305, input timescale: 1.0
Tree height after scaling: 1.0, mutation rate: 0.6859719118266305
Tree height pre-scaling: 0.6859721840056558, input timescale: 1.0
Tree height after scaling: 1.0, mutation rate: 0.6859721840056558
Tree height pre-scaling: 0.6859719182364338, input timescale: 1.0
Tree height after scaling: 0.9999999999999999, mutation rate: 0.6859719182364338
Tree height pre-scaling: 0.685971946710848, input timescale: 1.0
Tree height after scaling: 1.0, mutation rate: 0.685971946710848
Tree height pre-scaling: 0.6859718523256015, input timescale: 1.0
Tree height after scaling: 0.9999999999999999, mutation rate: 0.6859718523256015
Tree height pre-scaling: 0.6859718824425792, input timescale: 1.0
Tree height after scaling: 1.0, mutation rate: 0.6859718824425792
Tree height pre-scaling: 0.6859718721759145, input timescale: 1.0
Tree height after scaling: 0.9999999999999999, mutation rate: 0.6859718721759145
Tree height pre-scaling: 0.6859719282646453, input timescale: 1.0
Tree height after scaling: 1.0, mutation rate: 0.6859719282646453
Tree height pre-scaling: 0.6859719310807072, input timescale: 1.0
Tree height after scaling: 1.0, mutation rate: 0.6859719310807072
Tree height pre-scaling: 0.68597184387745, input timescale: 1.0
Tree height after scaling: 1.0, mutation rate: 0.68597184387745
Tree height pre-scaling: 0.6859718921267741, input timescale: 1.0
Tree height after scaling: 1.0000000000000002, mutation rate: 0.6859718921267741
Tree height pre-scaling: 0.6859718874395363, input timescale: 1.0
Tree height after scaling: 1.0, mutation rate: 0.6859718874395363
Tree height pre-scaling: 0.6859719316433696, input timescale: 1.0
Tree height after scaling: 1.0, mutation rate: 0.6859719316433696
Tree height pre-scaling: 0.6859718140803519, input timescale: 1.0
Tree height after scaling: 1.0, mutation rate: 0.6859718140803519
Tree height pre-scaling: 0.6859717855864096, input timescale: 1.0
Tree height after scaling: 0.9999999999999999, mutation rate: 0.6859717855864096
Tree height pre-scaling: 0.6859718803110493, input timescale: 1.0
Tree height after scaling: 1.0, mutation rate: 0.6859718803110493
Runtime (s): 19.831711625
