Launching LAML version 0.0.4
LAML was called as follows: /Users/uym2/my_gits/LAML/run_laml.py -c ../../evaluation/Bar10/Bar10_character_matrix.txt -t place_outlier1/augmented_tree_12.nwk -o place_outlier1/augmented_tree_12_optimized -v -p ../../evaluation/Bar10/Bar10_priors.pickle --delimiter tab -m -1 --nInitials 1
Prior keys mismatch with site names.
Prior keys: [0, 1, 2, 3, 4, 5, 6, 7, 8, 9, 10, 11, 12, 13, 14, 15, 16, 17, 18, 19, 20, 21, 22, 23, 24, 25, 26, 27, 28, 29]
Site names: ['r1', 'r2', 'r3', 'r4', 'r5', 'r6', 'r7', 'r8', 'r9', 'r10', 'r11', 'r12', 'r13', 'r14', 'r15', 'r16', 'r17', 'r18', 'r19', 'r20', 'r21', 'r22', 'r23', 'r24', 'r25', 'r26', 'r27', 'r28', 'r29', 'r30']
Attempting to infer mapping between site names and prior keys...
{'r1': 0, 'r2': 1, 'r3': 2, 'r4': 3, 'r5': 4, 'r6': 5, 'r7': 6, 'r8': 7, 'r9': 8, 'r10': 9, 'r11': 10, 'r12': 11, 'r13': 12, 'r14': 13, 'r15': 14, 'r16': 15, 'r17': 16, 'r18': 17, 'r19': 18, 'r20': 19, 'r21': 20, 'r22': 21, 'r23': 22, 'r24': 23, 'r25': 24, 'r26': 25, 'r27': 26, 'r28': 27, 'r29': 28, 'r30': 29}
Optimizing branch lengths, phi, and nu without topology search
Optimization by EM algorithm
Optimization start with 1 initials
Initial point 1. Random seed: 6601
Numerical optimization started with ultrametric constraint (default)
Initial phi: 0. Initial nu: 0.26955655566205877. Initial nllh: 13201.956117153166
Starting EM iter: 1
Estep
Estep runtime (s): 0.15320491790771484
Mstep
Optimizing phi
Optimizing branch lengths. Current phi: 0. Current nu:0.26955655566205877
Optimizing nu
Mstep runtime (s): 0.5131950378417969
Finished EM iter: 1. Current nllh: 11013.486385711964
Starting EM iter: 2
Estep
Estep runtime (s): 0.20783710479736328
Mstep
Optimizing phi
Optimizing branch lengths. Current phi: 0. Current nu:0.2929181903006722
Optimizing nu
Mstep runtime (s): 0.3821091651916504
Finished EM iter: 2. Current nllh: 10996.405260281645
Starting EM iter: 3
Estep
Estep runtime (s): 0.2074589729309082
Mstep
Optimizing phi
Optimizing branch lengths. Current phi: 0. Current nu:0.29807083044026966
Optimizing nu
Mstep runtime (s): 0.41701292991638184
Finished EM iter: 3. Current nllh: 10994.875780894961
Starting EM iter: 4
Estep
Estep runtime (s): 0.21379613876342773
Mstep
Optimizing phi
Optimizing branch lengths. Current phi: 0. Current nu:0.299690895427388
Optimizing nu
Mstep runtime (s): 0.4155769348144531
Finished EM iter: 4. Current nllh: 10994.535315690706
Starting EM iter: 5
Estep
Estep runtime (s): 0.20875811576843262
Mstep
Optimizing phi
Optimizing branch lengths. Current phi: 0. Current nu:0.3003558838386828
Optimizing nu
Mstep runtime (s): 0.38075900077819824
Finished EM iter: 5. Current nllh: 10994.432042550136
Starting EM iter: 6
Estep
Estep runtime (s): 0.2132549285888672
Mstep
Optimizing phi
Optimizing branch lengths. Current phi: 0. Current nu:0.3006742414642767
Optimizing nu
Mstep runtime (s): 0.38127732276916504
Finished EM iter: 6. Current nllh: 10994.380984316107
Starting EM iter: 7
Estep
Estep runtime (s): 0.20926904678344727
Mstep
Optimizing phi
Optimizing branch lengths. Current phi: 0. Current nu:0.30085236224525813
Optimizing nu
Mstep runtime (s): 0.3936319351196289
Finished EM iter: 7. Current nllh: 10994.360102183766
Starting EM iter: 8
Estep
Estep runtime (s): 0.20840191841125488
Mstep
Optimizing phi
Optimizing branch lengths. Current phi: 0. Current nu:0.30095985203337783
Optimizing nu
Mstep runtime (s): 0.3951539993286133
Finished EM iter: 8. Current nllh: 10994.348360015409
Starting EM iter: 9
Estep
Estep runtime (s): 0.20799708366394043
Mstep
Optimizing phi
Optimizing branch lengths. Current phi: 0. Current nu:0.30103364391008
Optimizing nu
Mstep runtime (s): 0.37873411178588867
Finished EM iter: 9. Current nllh: 10994.340543088743
Starting EM iter: 10
Estep
Estep runtime (s): 0.2084958553314209
Mstep
Optimizing phi
Optimizing branch lengths. Current phi: 0. Current nu:0.3010879398551881
Optimizing nu
Mstep runtime (s): 0.3786659240722656
Finished EM iter: 10. Current nllh: 10994.335095206703
Starting EM iter: 11
Estep
Estep runtime (s): 0.2081620693206787
Mstep
Optimizing phi
Optimizing branch lengths. Current phi: 0. Current nu:0.30112944015996457
Optimizing nu
Mstep runtime (s): 0.4710879325866699
Finished EM iter: 11. Current nllh: 10994.331143144324
Starting EM iter: 12
Estep
Estep runtime (s): 0.2096569538116455
Mstep
Optimizing phi
Optimizing branch lengths. Current phi: 0. Current nu:0.30116137411558047
Optimizing nu
Mstep runtime (s): 0.42785191535949707
Finished EM iter: 12. Current nllh: 10994.328272568086
Starting EM iter: 13
Estep
Estep runtime (s): 0.20912694931030273
Mstep
Optimizing phi
Optimizing branch lengths. Current phi: 0. Current nu:0.3011884286049535
Optimizing nu
Mstep runtime (s): 127.75291514396667
Finished EM iter: 13. Current nllh: 10994.326085925208
Starting EM iter: 14
Estep
Estep runtime (s): 0.21786284446716309
Mstep
Optimizing phi
Optimizing branch lengths. Current phi: 0. Current nu:0.30121026416975505
Optimizing nu
Mstep runtime (s): 0.49780821800231934
Finished EM iter: 14. Current nllh: 10994.324376967252
Starting EM iter: 15
Estep
Estep runtime (s): 0.2192978858947754
Mstep
Optimizing phi
Optimizing branch lengths. Current phi: 0. Current nu:0.3012268014855343
Optimizing nu
Mstep runtime (s): 0.4289538860321045
Finished EM iter: 15. Current nllh: 10994.323150818556
Starting EM iter: 16
Estep
Estep runtime (s): 0.2102341651916504
Mstep
Optimizing phi
Optimizing branch lengths. Current phi: 0. Current nu:0.30124327628830266
Optimizing nu
Mstep runtime (s): 0.422579288482666
Finished EM iter: 16. Current nllh: 10994.32208434082
Starting EM iter: 17
Estep
Estep runtime (s): 0.21007299423217773
Mstep
Optimizing phi
Optimizing branch lengths. Current phi: 0. Current nu:0.3012570883870001
Optimizing nu
Mstep runtime (s): 0.407973051071167
Finished EM iter: 17. Current nllh: 10994.32123568252
Starting EM iter: 18
Estep
Estep runtime (s): 0.21498990058898926
Mstep
Optimizing phi
Optimizing branch lengths. Current phi: 0. Current nu:0.30126897696913063
Optimizing nu
Mstep runtime (s): 0.5696918964385986
Finished EM iter: 18. Current nllh: 10994.320568748688
Starting EM iter: 19
Estep
Estep runtime (s): 0.20936083793640137
Mstep
Optimizing phi
Optimizing branch lengths. Current phi: 0. Current nu:0.30127848030102766
Optimizing nu
Mstep runtime (s): 0.43656110763549805
Finished EM iter: 19. Current nllh: 10994.320070448955
Starting EM iter: 20
Estep
Estep runtime (s): 0.21068692207336426
Mstep
Optimizing phi
Optimizing branch lengths. Current phi: 0. Current nu:0.30128725529141487
Optimizing nu
Mstep runtime (s): 0.4449958801269531
Finished EM iter: 20. Current nllh: 10994.31963952779
Starting EM iter: 21
Estep
Estep runtime (s): 0.21055102348327637
Mstep
Optimizing phi
Optimizing branch lengths. Current phi: 0. Current nu:0.3012949199858518
Optimizing nu
Mstep runtime (s): 0.3953979015350342
Finished EM iter: 21. Current nllh: 10994.319182359013
Starting EM iter: 22
Estep
Estep runtime (s): 0.21028876304626465
Mstep
Optimizing phi
Optimizing branch lengths. Current phi: 0. Current nu:0.3013020311541473
Optimizing nu
Mstep runtime (s): 0.3955538272857666
Finished EM iter: 22. Current nllh: 10994.318864565172
Starting EM iter: 23
Estep
Estep runtime (s): 0.20891118049621582
Mstep
Optimizing phi
Optimizing branch lengths. Current phi: 0. Current nu:0.3013076992675391
Optimizing nu
Mstep runtime (s): 0.4225459098815918
Finished EM iter: 23. Current nllh: 10994.318604143284
Starting EM iter: 24
Estep
Estep runtime (s): 0.2098371982574463
Mstep
Optimizing phi
Optimizing branch lengths. Current phi: 0. Current nu:0.3013127251188527
Optimizing nu
Mstep runtime (s): 0.40233707427978516
Finished EM iter: 24. Current nllh: 10994.318391752833
Starting EM iter: 25
Estep
Estep runtime (s): 0.20931506156921387
Mstep
Optimizing phi
Optimizing branch lengths. Current phi: 0. Current nu:0.3013171647864614
Optimizing nu
Mstep runtime (s): 0.42502689361572266
Finished EM iter: 25. Current nllh: 10994.31828414161
EM finished after 25 iterations.
Optimal phi: 0. Optimal nu: 0.30132134063018856. Optimal nllh: 10994.31828414161
Optimal point found for initial point 1
Numerical optimization finished successfully
Tree height pre-scaling: 0.6809765922888935, input timescale: 1.0
Tree height after scaling: 1.0, mutation rate: 0.6809765922888935
Tree height pre-scaling: 0.6809766636652215, input timescale: 1.0
Tree height after scaling: 1.0, mutation rate: 0.6809766636652215
Tree height pre-scaling: 0.6809769920277529, input timescale: 1.0
Tree height after scaling: 1.0, mutation rate: 0.6809769920277529
Tree height pre-scaling: 0.6809766718109512, input timescale: 1.0
Tree height after scaling: 1.0000000000000002, mutation rate: 0.6809766718109512
Tree height pre-scaling: 0.6809766893543818, input timescale: 1.0
Tree height after scaling: 0.9999999999999999, mutation rate: 0.6809766893543818
Tree height pre-scaling: 0.6809765848309957, input timescale: 1.0
Tree height after scaling: 1.0, mutation rate: 0.6809765848309957
Tree height pre-scaling: 0.6809766200375084, input timescale: 1.0
Tree height after scaling: 1.0, mutation rate: 0.6809766200375084
Tree height pre-scaling: 0.6809766067040777, input timescale: 1.0
Tree height after scaling: 1.0, mutation rate: 0.6809766067040777
Tree height pre-scaling: 0.6809766782618059, input timescale: 1.0
Tree height after scaling: 1.0000000000000002, mutation rate: 0.6809766782618059
Tree height pre-scaling: 0.6809766781517923, input timescale: 1.0
Tree height after scaling: 1.0, mutation rate: 0.6809766781517923
Tree height pre-scaling: 0.680976580869396, input timescale: 1.0
Tree height after scaling: 1.0, mutation rate: 0.680976580869396
Tree height pre-scaling: 0.6809766377418269, input timescale: 1.0
Tree height after scaling: 1.0, mutation rate: 0.6809766377418269
Tree height pre-scaling: 0.6809766139466551, input timescale: 1.0
Tree height after scaling: 1.0, mutation rate: 0.6809766139466551
Tree height pre-scaling: 0.6809765143236598, input timescale: 1.0
Tree height after scaling: 0.9999999999999998, mutation rate: 0.6809765143236598
Tree height pre-scaling: 0.6809765171131783, input timescale: 1.0
Tree height after scaling: 1.0000000000000002, mutation rate: 0.6809765171131783
Tree height pre-scaling: 0.6809766215822685, input timescale: 1.0
Tree height after scaling: 1.0, mutation rate: 0.6809766215822685
Tree height pre-scaling: 0.6809767121449426, input timescale: 1.0
Tree height after scaling: 0.9999999999999998, mutation rate: 0.6809767121449426
Runtime (s): 18.137329124
