Launching LAML version 0.0.4
LAML was called as follows: /Users/uym2/my_gits/LAML/run_laml.py -c ../../evaluation/Bar10/Bar10_character_matrix.txt -t place_outlier1/augmented_tree_291.nwk -o place_outlier1/augmented_tree_291_optimized -v -p ../../evaluation/Bar10/Bar10_priors.pickle --delimiter tab -m -1 --nInitials 1
Prior keys mismatch with site names.
Prior keys: [0, 1, 2, 3, 4, 5, 6, 7, 8, 9, 10, 11, 12, 13, 14, 15, 16, 17, 18, 19, 20, 21, 22, 23, 24, 25, 26, 27, 28, 29]
Site names: ['r1', 'r2', 'r3', 'r4', 'r5', 'r6', 'r7', 'r8', 'r9', 'r10', 'r11', 'r12', 'r13', 'r14', 'r15', 'r16', 'r17', 'r18', 'r19', 'r20', 'r21', 'r22', 'r23', 'r24', 'r25', 'r26', 'r27', 'r28', 'r29', 'r30']
Attempting to infer mapping between site names and prior keys...
{'r1': 0, 'r2': 1, 'r3': 2, 'r4': 3, 'r5': 4, 'r6': 5, 'r7': 6, 'r8': 7, 'r9': 8, 'r10': 9, 'r11': 10, 'r12': 11, 'r13': 12, 'r14': 13, 'r15': 14, 'r16': 15, 'r17': 16, 'r18': 17, 'r19': 18, 'r20': 19, 'r21': 20, 'r22': 21, 'r23': 22, 'r24': 23, 'r25': 24, 'r26': 25, 'r27': 26, 'r28': 27, 'r29': 28, 'r30': 29}
Optimizing branch lengths, phi, and nu without topology search
Optimization by EM algorithm
Optimization start with 1 initials
Initial point 1. Random seed: 4123
Numerical optimization started with ultrametric constraint (default)
Initial phi: 0. Initial nu: 0.26955655566205877. Initial nllh: 12942.946056881376
Starting EM iter: 1
Estep
Estep runtime (s): 0.10863590240478516
Mstep
Optimizing phi
Optimizing branch lengths. Current phi: 0. Current nu:0.26955655566205877
Optimizing nu
Mstep runtime (s): 0.32149505615234375
Finished EM iter: 1. Current nllh: 10688.822536979858
Starting EM iter: 2
Estep
Estep runtime (s): 0.15681791305541992
Mstep
Optimizing phi
Optimizing branch lengths. Current phi: 0. Current nu:0.2801569885341389
Optimizing nu
Mstep runtime (s): 0.3059427738189697
Finished EM iter: 2. Current nllh: 10672.193357734723
Starting EM iter: 3
Estep
Estep runtime (s): 0.14762496948242188
Mstep
Optimizing phi
Optimizing branch lengths. Current phi: 0. Current nu:0.282336950777469
Optimizing nu
Mstep runtime (s): 0.2855870723724365
Finished EM iter: 3. Current nllh: 10670.225240013286
Starting EM iter: 4
Estep
Estep runtime (s): 0.14720487594604492
Mstep
Optimizing phi
Optimizing branch lengths. Current phi: 0. Current nu:0.2829275960655469
Optimizing nu
Mstep runtime (s): 0.3282003402709961
Finished EM iter: 4. Current nllh: 10669.768531741252
Starting EM iter: 5
Estep
Estep runtime (s): 0.14714407920837402
Mstep
Optimizing phi
Optimizing branch lengths. Current phi: 0. Current nu:0.2831933910597692
Optimizing nu
Mstep runtime (s): 0.34644603729248047
Finished EM iter: 5. Current nllh: 10669.629780129982
Starting EM iter: 6
Estep
Estep runtime (s): 0.1502699851989746
Mstep
Optimizing phi
Optimizing branch lengths. Current phi: 0. Current nu:0.2833613063124838
Optimizing nu
Mstep runtime (s): 0.31475305557250977
Finished EM iter: 6. Current nllh: 10669.574477199607
Starting EM iter: 7
Estep
Estep runtime (s): 0.14957690238952637
Mstep
Optimizing phi
Optimizing branch lengths. Current phi: 0. Current nu:0.28348178583391614
Optimizing nu
Mstep runtime (s): 0.38411712646484375
Finished EM iter: 7. Current nllh: 10669.546298419582
Starting EM iter: 8
Estep
Estep runtime (s): 0.15163707733154297
Mstep
Optimizing phi
Optimizing branch lengths. Current phi: 0. Current nu:0.2835697599334087
Optimizing nu
Mstep runtime (s): 0.3298497200012207
Finished EM iter: 8. Current nllh: 10669.535678856017
Starting EM iter: 9
Estep
Estep runtime (s): 0.1484847068786621
Mstep
Optimizing phi
Optimizing branch lengths. Current phi: 0. Current nu:0.28363409105086257
Optimizing nu
Mstep runtime (s): 0.3445429801940918
Finished EM iter: 9. Current nllh: 10669.528693289836
Starting EM iter: 10
Estep
Estep runtime (s): 0.14992499351501465
Mstep
Optimizing phi
Optimizing branch lengths. Current phi: 0. Current nu:0.28368415593531027
Optimizing nu
Mstep runtime (s): 0.3184330463409424
Finished EM iter: 10. Current nllh: 10669.523978804262
Starting EM iter: 11
Estep
Estep runtime (s): 0.149277925491333
Mstep
Optimizing phi
Optimizing branch lengths. Current phi: 0. Current nu:0.28372352247470395
Optimizing nu
Mstep runtime (s): 0.3113560676574707
Finished EM iter: 11. Current nllh: 10669.520599479858
Starting EM iter: 12
Estep
Estep runtime (s): 0.14853715896606445
Mstep
Optimizing phi
Optimizing branch lengths. Current phi: 0. Current nu:0.28375472573063143
Optimizing nu
Mstep runtime (s): 0.30938005447387695
Finished EM iter: 12. Current nllh: 10669.51816760381
Starting EM iter: 13
Estep
Estep runtime (s): 0.14793658256530762
Mstep
Optimizing phi
Optimizing branch lengths. Current phi: 0. Current nu:0.28377948080719856
Optimizing nu
Mstep runtime (s): 0.33493494987487793
Finished EM iter: 13. Current nllh: 10669.51636320949
Starting EM iter: 14
Estep
Estep runtime (s): 0.14917683601379395
Mstep
Optimizing phi
Optimizing branch lengths. Current phi: 0. Current nu:0.2838002566805511
Optimizing nu
Mstep runtime (s): 0.2935659885406494
Finished EM iter: 14. Current nllh: 10669.515007529944
Starting EM iter: 15
Estep
Estep runtime (s): 0.1478431224822998
Mstep
Optimizing phi
Optimizing branch lengths. Current phi: 0. Current nu:0.2838172205560111
Optimizing nu
Mstep runtime (s): 0.32836008071899414
Finished EM iter: 15. Current nllh: 10669.51388953156
Starting EM iter: 16
Estep
Estep runtime (s): 0.15126419067382812
Mstep
Optimizing phi
Optimizing branch lengths. Current phi: 0. Current nu:0.28383149258906104
Optimizing nu
Mstep runtime (s): 0.32904911041259766
Finished EM iter: 16. Current nllh: 10669.513186588187
Starting EM iter: 17
Estep
Estep runtime (s): 0.15105509757995605
Mstep
Optimizing phi
Optimizing branch lengths. Current phi: 0. Current nu:0.2838428686896715
Optimizing nu
Mstep runtime (s): 0.30534791946411133
Finished EM iter: 17. Current nllh: 10669.51257514998
Starting EM iter: 18
Estep
Estep runtime (s): 0.14866399765014648
Mstep
Optimizing phi
Optimizing branch lengths. Current phi: 0. Current nu:0.28385253575230757
Optimizing nu
Mstep runtime (s): 0.4095950126647949
Finished EM iter: 18. Current nllh: 10669.512090483799
Starting EM iter: 19
Estep
Estep runtime (s): 0.1481647491455078
Mstep
Optimizing phi
Optimizing branch lengths. Current phi: 0. Current nu:0.2838609272558449
Optimizing nu
Mstep runtime (s): 0.31236720085144043
Finished EM iter: 19. Current nllh: 10669.511567450136
Starting EM iter: 20
Estep
Estep runtime (s): 0.14793896675109863
Mstep
Optimizing phi
Optimizing branch lengths. Current phi: 0. Current nu:0.28386886784856424
Optimizing nu
Mstep runtime (s): 0.3343629837036133
Finished EM iter: 20. Current nllh: 10669.511201313222
Starting EM iter: 21
Estep
Estep runtime (s): 0.15050315856933594
Mstep
Optimizing phi
Optimizing branch lengths. Current phi: 0. Current nu:0.2838760619903979
Optimizing nu
Mstep runtime (s): 0.3450899124145508
Finished EM iter: 21. Current nllh: 10669.51106278646
Starting EM iter: 22
Estep
Estep runtime (s): 0.14821696281433105
Mstep
Optimizing phi
Optimizing branch lengths. Current phi: 0. Current nu:0.2838810757910055
Optimizing nu
Mstep runtime (s): 0.33869004249572754
Finished EM iter: 22. Current nllh: 10669.510857223797
Starting EM iter: 23
Estep
Estep runtime (s): 0.14783692359924316
Mstep
Optimizing phi
Optimizing branch lengths. Current phi: 0. Current nu:0.2838854878780024
Optimizing nu
Mstep runtime (s): 0.4533100128173828
Finished EM iter: 23. Current nllh: 10669.510718280013
Starting EM iter: 24
Estep
Estep runtime (s): 0.14827179908752441
Mstep
Optimizing phi
Optimizing branch lengths. Current phi: 0. Current nu:0.2838883445302628
Optimizing nu
Mstep runtime (s): 0.32188892364501953
Finished EM iter: 24. Current nllh: 10669.510575105167
Starting EM iter: 25
Estep
Estep runtime (s): 0.1506791114807129
Mstep
Optimizing phi
Optimizing branch lengths. Current phi: 0. Current nu:0.2838921582668112
Optimizing nu
Mstep runtime (s): 0.3231842517852783
Finished EM iter: 25. Current nllh: 10669.51032357419
Starting EM iter: 26
Estep
Estep runtime (s): 0.1546330451965332
Mstep
Optimizing phi
Optimizing branch lengths. Current phi: 0. Current nu:0.2838958357855944
Optimizing nu
Mstep runtime (s): 0.38478589057922363
Finished EM iter: 26. Current nllh: 10669.510107093243
Starting EM iter: 27
Estep
Estep runtime (s): 0.15220189094543457
Mstep
Optimizing phi
Optimizing branch lengths. Current phi: 0. Current nu:0.28390037440011334
Optimizing nu
Mstep runtime (s): 0.3473780155181885
Finished EM iter: 27. Current nllh: 10669.51000720401
EM finished after 27 iterations.
Optimal phi: 0. Optimal nu: 0.2839028024744429. Optimal nllh: 10669.51000720401
Optimal point found for initial point 1
Numerical optimization finished successfully
Tree height pre-scaling: 0.6854005064347692, input timescale: 1.0
Tree height after scaling: 1.0, mutation rate: 0.6854005064347692
Tree height pre-scaling: 0.6854005917136151, input timescale: 1.0
Tree height after scaling: 1.0, mutation rate: 0.6854005917136151
Tree height pre-scaling: 0.6854009689050966, input timescale: 1.0
Tree height after scaling: 1.0, mutation rate: 0.6854009689050966
Tree height pre-scaling: 0.6854005524219744, input timescale: 1.0
Tree height after scaling: 1.0, mutation rate: 0.6854005524219744
Tree height pre-scaling: 0.6854006206172354, input timescale: 1.0
Tree height after scaling: 1.0, mutation rate: 0.6854006206172354
Tree height pre-scaling: 0.6854004598586882, input timescale: 1.0
Tree height after scaling: 1.0, mutation rate: 0.6854004598586882
Tree height pre-scaling: 0.685400420608013, input timescale: 1.0
Tree height after scaling: 1.0, mutation rate: 0.685400420608013
Tree height pre-scaling: 0.685400579376356, input timescale: 1.0
Tree height after scaling: 1.0, mutation rate: 0.685400579376356
Tree height pre-scaling: 0.685400568242204, input timescale: 1.0
Tree height after scaling: 0.9999999999999999, mutation rate: 0.685400568242204
Tree height pre-scaling: 0.6854005263375407, input timescale: 1.0
Tree height after scaling: 1.0, mutation rate: 0.6854005263375407
Tree height pre-scaling: 0.6854005453410632, input timescale: 1.0
Tree height after scaling: 1.0, mutation rate: 0.6854005453410632
Tree height pre-scaling: 0.6854006103704116, input timescale: 1.0
Tree height after scaling: 1.0, mutation rate: 0.6854006103704116
Tree height pre-scaling: 0.6854004936087033, input timescale: 1.0
Tree height after scaling: 0.9999999999999998, mutation rate: 0.6854004936087033
Tree height pre-scaling: 0.6854005461557949, input timescale: 1.0
Tree height after scaling: 1.0, mutation rate: 0.6854005461557949
Tree height pre-scaling: 0.6854005028756858, input timescale: 1.0
Tree height after scaling: 1.0000000000000002, mutation rate: 0.6854005028756858
Tree height pre-scaling: 0.6854006131119994, input timescale: 1.0
Tree height after scaling: 1.0, mutation rate: 0.6854006131119994
Tree height pre-scaling: 0.6854003951920903, input timescale: 1.0
Tree height after scaling: 1.0, mutation rate: 0.6854003951920903
Runtime (s): 14.448390959
