Launching LAML version 0.0.4
LAML was called as follows: /Users/uym2/my_gits/LAML/run_laml.py -c ../../evaluation/Bar10/Bar10_character_matrix.txt -t place_outlier1/augmented_tree_430.nwk -o place_outlier1/augmented_tree_430_optimized -v -p ../../evaluation/Bar10/Bar10_priors.pickle --delimiter tab -m -1 --nInitials 1
Prior keys mismatch with site names.
Prior keys: [0, 1, 2, 3, 4, 5, 6, 7, 8, 9, 10, 11, 12, 13, 14, 15, 16, 17, 18, 19, 20, 21, 22, 23, 24, 25, 26, 27, 28, 29]
Site names: ['r1', 'r2', 'r3', 'r4', 'r5', 'r6', 'r7', 'r8', 'r9', 'r10', 'r11', 'r12', 'r13', 'r14', 'r15', 'r16', 'r17', 'r18', 'r19', 'r20', 'r21', 'r22', 'r23', 'r24', 'r25', 'r26', 'r27', 'r28', 'r29', 'r30']
Attempting to infer mapping between site names and prior keys...
{'r1': 0, 'r2': 1, 'r3': 2, 'r4': 3, 'r5': 4, 'r6': 5, 'r7': 6, 'r8': 7, 'r9': 8, 'r10': 9, 'r11': 10, 'r12': 11, 'r13': 12, 'r14': 13, 'r15': 14, 'r16': 15, 'r17': 16, 'r18': 17, 'r19': 18, 'r20': 19, 'r21': 20, 'r22': 21, 'r23': 22, 'r24': 23, 'r25': 24, 'r26': 25, 'r27': 26, 'r28': 27, 'r29': 28, 'r30': 29}
Optimizing branch lengths, phi, and nu without topology search
Optimization by EM algorithm
Optimization start with 1 initials
Initial point 1. Random seed: 5478
Numerical optimization started with ultrametric constraint (default)
Initial phi: 0. Initial nu: 0.26955655566205877. Initial nllh: 13447.747607260368
Starting EM iter: 1
Estep
Estep runtime (s): 0.11016392707824707
Mstep
Optimizing phi
Optimizing branch lengths. Current phi: 0. Current nu:0.26955655566205877
Optimizing nu
Mstep runtime (s): 0.3042478561401367
Finished EM iter: 1. Current nllh: 10727.389739704407
Starting EM iter: 2
Estep
Estep runtime (s): 0.14567804336547852
Mstep
Optimizing phi
Optimizing branch lengths. Current phi: 0. Current nu:0.2836101080981238
Optimizing nu
Mstep runtime (s): 0.3067800998687744
Finished EM iter: 2. Current nllh: 10705.899697802623
Starting EM iter: 3
Estep
Estep runtime (s): 0.14820098876953125
Mstep
Optimizing phi
Optimizing branch lengths. Current phi: 0. Current nu:0.28486712125586106
Optimizing nu
Mstep runtime (s): 0.33498597145080566
Finished EM iter: 3. Current nllh: 10704.193582084949
Starting EM iter: 4
Estep
Estep runtime (s): 0.14582204818725586
Mstep
Optimizing phi
Optimizing branch lengths. Current phi: 0. Current nu:0.28491041871330186
Optimizing nu
Mstep runtime (s): 0.2993957996368408
Finished EM iter: 4. Current nllh: 10703.832692038675
Starting EM iter: 5
Estep
Estep runtime (s): 0.14563512802124023
Mstep
Optimizing phi
Optimizing branch lengths. Current phi: 0. Current nu:0.2850087356424879
Optimizing nu
Mstep runtime (s): 0.30085134506225586
Finished EM iter: 5. Current nllh: 10703.736818859074
Starting EM iter: 6
Estep
Estep runtime (s): 0.14576005935668945
Mstep
Optimizing phi
Optimizing branch lengths. Current phi: 0. Current nu:0.2851252494041677
Optimizing nu
Mstep runtime (s): 0.3098599910736084
Finished EM iter: 6. Current nllh: 10703.694219433644
Starting EM iter: 7
Estep
Estep runtime (s): 0.1454758644104004
Mstep
Optimizing phi
Optimizing branch lengths. Current phi: 0. Current nu:0.2852301566606173
Optimizing nu
Mstep runtime (s): 0.3306097984313965
Finished EM iter: 7. Current nllh: 10703.677693046367
Starting EM iter: 8
Estep
Estep runtime (s): 0.14593887329101562
Mstep
Optimizing phi
Optimizing branch lengths. Current phi: 0. Current nu:0.28531083522010686
Optimizing nu
Mstep runtime (s): 0.35129380226135254
Finished EM iter: 8. Current nllh: 10703.667517308048
Starting EM iter: 9
Estep
Estep runtime (s): 0.15071487426757812
Mstep
Optimizing phi
Optimizing branch lengths. Current phi: 0. Current nu:0.28537451128625047
Optimizing nu
Mstep runtime (s): 0.30303311347961426
Finished EM iter: 9. Current nllh: 10703.660806256346
Starting EM iter: 10
Estep
Estep runtime (s): 0.1458122730255127
Mstep
Optimizing phi
Optimizing branch lengths. Current phi: 0. Current nu:0.285423918362413
Optimizing nu
Mstep runtime (s): 0.27672600746154785
Finished EM iter: 10. Current nllh: 10703.65622433613
Starting EM iter: 11
Estep
Estep runtime (s): 0.14636588096618652
Mstep
Optimizing phi
Optimizing branch lengths. Current phi: 0. Current nu:0.28546198911331255
Optimizing nu
Mstep runtime (s): 0.27890491485595703
Finished EM iter: 11. Current nllh: 10703.652973465665
Starting EM iter: 12
Estep
Estep runtime (s): 0.14609408378601074
Mstep
Optimizing phi
Optimizing branch lengths. Current phi: 0. Current nu:0.28549328789378836
Optimizing nu
Mstep runtime (s): 0.3147132396697998
Finished EM iter: 12. Current nllh: 10703.650612690088
Starting EM iter: 13
Estep
Estep runtime (s): 0.14760780334472656
Mstep
Optimizing phi
Optimizing branch lengths. Current phi: 0. Current nu:0.285518448862795
Optimizing nu
Mstep runtime (s): 0.328416109085083
Finished EM iter: 13. Current nllh: 10703.648732165084
Starting EM iter: 14
Estep
Estep runtime (s): 0.14682793617248535
Mstep
Optimizing phi
Optimizing branch lengths. Current phi: 0. Current nu:0.28553940631956265
Optimizing nu
Mstep runtime (s): 0.3144690990447998
Finished EM iter: 14. Current nllh: 10703.647424844054
Starting EM iter: 15
Estep
Estep runtime (s): 0.1499330997467041
Mstep
Optimizing phi
Optimizing branch lengths. Current phi: 0. Current nu:0.28555629281481665
Optimizing nu
Mstep runtime (s): 0.3279080390930176
Finished EM iter: 15. Current nllh: 10703.646569130706
Starting EM iter: 16
Estep
Estep runtime (s): 0.14753413200378418
Mstep
Optimizing phi
Optimizing branch lengths. Current phi: 0. Current nu:0.285570095315
Optimizing nu
Mstep runtime (s): 0.35131072998046875
Finished EM iter: 16. Current nllh: 10703.645749411584
Starting EM iter: 17
Estep
Estep runtime (s): 0.14583802223205566
Mstep
Optimizing phi
Optimizing branch lengths. Current phi: 0. Current nu:0.28558142844053724
Optimizing nu
Mstep runtime (s): 0.37308597564697266
Finished EM iter: 17. Current nllh: 10703.645139988465
Starting EM iter: 18
Estep
Estep runtime (s): 0.1462101936340332
Mstep
Optimizing phi
Optimizing branch lengths. Current phi: 0. Current nu:0.28559112551713384
Optimizing nu
Mstep runtime (s): 0.3478560447692871
Finished EM iter: 18. Current nllh: 10703.64467137382
Starting EM iter: 19
Estep
Estep runtime (s): 0.14861488342285156
Mstep
Optimizing phi
Optimizing branch lengths. Current phi: 0. Current nu:0.2855995156128581
Optimizing nu
Mstep runtime (s): 0.345717191696167
Finished EM iter: 19. Current nllh: 10703.644381881939
Starting EM iter: 20
Estep
Estep runtime (s): 0.14587903022766113
Mstep
Optimizing phi
Optimizing branch lengths. Current phi: 0. Current nu:0.28560750814353
Optimizing nu
Mstep runtime (s): 0.3335120677947998
Finished EM iter: 20. Current nllh: 10703.644065151146
Starting EM iter: 21
Estep
Estep runtime (s): 0.14861083030700684
Mstep
Optimizing phi
Optimizing branch lengths. Current phi: 0. Current nu:0.2856134148972153
Optimizing nu
Mstep runtime (s): 0.2945380210876465
Finished EM iter: 21. Current nllh: 10703.643823829325
Starting EM iter: 22
Estep
Estep runtime (s): 0.14876699447631836
Mstep
Optimizing phi
Optimizing branch lengths. Current phi: 0. Current nu:0.28561937989931474
Optimizing nu
Mstep runtime (s): 0.351912260055542
Finished EM iter: 22. Current nllh: 10703.643615462881
Starting EM iter: 23
Estep
Estep runtime (s): 0.1549382209777832
Mstep
Optimizing phi
Optimizing branch lengths. Current phi: 0. Current nu:0.28562403414921006
Optimizing nu
Mstep runtime (s): 0.31824588775634766
Finished EM iter: 23. Current nllh: 10703.643445742642
Starting EM iter: 24
Estep
Estep runtime (s): 0.15548229217529297
Mstep
Optimizing phi
Optimizing branch lengths. Current phi: 0. Current nu:0.2856283763235043
Optimizing nu
Mstep runtime (s): 0.33234190940856934
Finished EM iter: 24. Current nllh: 10703.64330124348
Starting EM iter: 25
Estep
Estep runtime (s): 0.15757226943969727
Mstep
Optimizing phi
Optimizing branch lengths. Current phi: 0. Current nu:0.28563198236404247
Optimizing nu
Mstep runtime (s): 0.3757619857788086
Finished EM iter: 25. Current nllh: 10703.64310835028
Starting EM iter: 26
Estep
Estep runtime (s): 0.14881300926208496
Mstep
Optimizing phi
Optimizing branch lengths. Current phi: 0. Current nu:0.2856345641691509
Optimizing nu
Mstep runtime (s): 0.37466979026794434
Finished EM iter: 26. Current nllh: 10703.643099519142
EM finished after 26 iterations.
Optimal phi: 0. Optimal nu: 0.2856378010196103. Optimal nllh: 10703.643099519142
Optimal point found for initial point 1
Numerical optimization finished successfully
Tree height pre-scaling: 0.6854380014232512, input timescale: 1.0
Tree height after scaling: 1.0, mutation rate: 0.6854380014232512
Tree height pre-scaling: 0.6854380014836072, input timescale: 1.0
Tree height after scaling: 0.9999999999999999, mutation rate: 0.6854380014836072
Tree height pre-scaling: 0.6854380015727891, input timescale: 1.0
Tree height after scaling: 1.0, mutation rate: 0.6854380015727891
Tree height pre-scaling: 0.68543800136456, input timescale: 1.0
Tree height after scaling: 1.0, mutation rate: 0.68543800136456
Tree height pre-scaling: 0.6854380013101542, input timescale: 1.0
Tree height after scaling: 0.9999999999999999, mutation rate: 0.6854380013101542
Tree height pre-scaling: 0.6854380015157123, input timescale: 1.0
Tree height after scaling: 1.0, mutation rate: 0.6854380015157123
Tree height pre-scaling: 0.6854380015055244, input timescale: 1.0
Tree height after scaling: 1.0, mutation rate: 0.6854380015055244
Tree height pre-scaling: 0.6854380014482208, input timescale: 1.0
Tree height after scaling: 1.0000000000000002, mutation rate: 0.6854380014482208
Tree height pre-scaling: 0.6854380014720957, input timescale: 1.0
Tree height after scaling: 1.0, mutation rate: 0.6854380014720957
Tree height pre-scaling: 0.6854380015614873, input timescale: 1.0
Tree height after scaling: 1.0, mutation rate: 0.6854380015614873
Tree height pre-scaling: 0.685438001406734, input timescale: 1.0
Tree height after scaling: 1.0, mutation rate: 0.685438001406734
Tree height pre-scaling: 0.6854380014793572, input timescale: 1.0
Tree height after scaling: 1.0, mutation rate: 0.6854380014793572
Tree height pre-scaling: 0.6854380014159952, input timescale: 1.0
Tree height after scaling: 1.0, mutation rate: 0.6854380014159952
Tree height pre-scaling: 0.6854380015642596, input timescale: 1.0
Tree height after scaling: 1.0, mutation rate: 0.6854380015642596
Tree height pre-scaling: 0.6854380014600783, input timescale: 1.0
Tree height after scaling: 1.0, mutation rate: 0.6854380014600783
Tree height pre-scaling: 0.6854380021634511, input timescale: 1.0
Tree height after scaling: 1.0, mutation rate: 0.6854380021634511
Tree height pre-scaling: 0.6854380014390206, input timescale: 1.0
Tree height after scaling: 1.0, mutation rate: 0.6854380014390206
Runtime (s): 13.648136542
