Launching LAML version 0.0.4
LAML was called as follows: /Users/uym2/my_gits/LAML/run_laml.py -c ../../evaluation/Bar10/Bar10_character_matrix.txt -t place_outlier1/augmented_tree_157.nwk -o place_outlier1/augmented_tree_157_optimized -v -p ../../evaluation/Bar10/Bar10_priors.pickle --delimiter tab -m -1 --nInitials 1
Prior keys mismatch with site names.
Prior keys: [0, 1, 2, 3, 4, 5, 6, 7, 8, 9, 10, 11, 12, 13, 14, 15, 16, 17, 18, 19, 20, 21, 22, 23, 24, 25, 26, 27, 28, 29]
Site names: ['r1', 'r2', 'r3', 'r4', 'r5', 'r6', 'r7', 'r8', 'r9', 'r10', 'r11', 'r12', 'r13', 'r14', 'r15', 'r16', 'r17', 'r18', 'r19', 'r20', 'r21', 'r22', 'r23', 'r24', 'r25', 'r26', 'r27', 'r28', 'r29', 'r30']
Attempting to infer mapping between site names and prior keys...
{'r1': 0, 'r2': 1, 'r3': 2, 'r4': 3, 'r5': 4, 'r6': 5, 'r7': 6, 'r8': 7, 'r9': 8, 'r10': 9, 'r11': 10, 'r12': 11, 'r13': 12, 'r14': 13, 'r15': 14, 'r16': 15, 'r17': 16, 'r18': 17, 'r19': 18, 'r20': 19, 'r21': 20, 'r22': 21, 'r23': 22, 'r24': 23, 'r25': 24, 'r26': 25, 'r27': 26, 'r28': 27, 'r29': 28, 'r30': 29}
Optimizing branch lengths, phi, and nu without topology search
Optimization by EM algorithm
Optimization start with 1 initials
Initial point 1. Random seed: 2095
Numerical optimization started with ultrametric constraint (default)
Initial phi: 0. Initial nu: 0.26955655566205877. Initial nllh: 12706.20795625688
Starting EM iter: 1
Estep
Estep runtime (s): 0.14515209197998047
Mstep
Optimizing phi
Optimizing branch lengths. Current phi: 0. Current nu:0.26955655566205877
Optimizing nu
Mstep runtime (s): 0.5027270317077637
Finished EM iter: 1. Current nllh: 10556.817972465635
Starting EM iter: 2
Estep
Estep runtime (s): 0.19646906852722168
Mstep
Optimizing phi
Optimizing branch lengths. Current phi: 0. Current nu:0.2863242869488775
Optimizing nu
Mstep runtime (s): 0.3737800121307373
Finished EM iter: 2. Current nllh: 10538.01384499872
Starting EM iter: 3
Estep
Estep runtime (s): 0.19116616249084473
Mstep
Optimizing phi
Optimizing branch lengths. Current phi: 0. Current nu:0.28903877228633024
Optimizing nu
Mstep runtime (s): 0.42235803604125977
Finished EM iter: 3. Current nllh: 10535.898689337595
Starting EM iter: 4
Estep
Estep runtime (s): 0.19941401481628418
Mstep
Optimizing phi
Optimizing branch lengths. Current phi: 0. Current nu:0.2894180506747362
Optimizing nu
Mstep runtime (s): 0.4884679317474365
Finished EM iter: 4. Current nllh: 10535.527616404357
Starting EM iter: 5
Estep
Estep runtime (s): 0.19381213188171387
Mstep
Optimizing phi
Optimizing branch lengths. Current phi: 0. Current nu:0.2895665429750627
Optimizing nu
Mstep runtime (s): 0.4465353488922119
Finished EM iter: 5. Current nllh: 10535.440365406354
Starting EM iter: 6
Estep
Estep runtime (s): 0.19554996490478516
Mstep
Optimizing phi
Optimizing branch lengths. Current phi: 0. Current nu:0.2897032960561233
Optimizing nu
Mstep runtime (s): 0.40276503562927246
Finished EM iter: 6. Current nllh: 10535.401909984037
Starting EM iter: 7
Estep
Estep runtime (s): 0.19246506690979004
Mstep
Optimizing phi
Optimizing branch lengths. Current phi: 0. Current nu:0.28982034560753744
Optimizing nu
Mstep runtime (s): 0.38169002532958984
Finished EM iter: 7. Current nllh: 10535.384860336668
Starting EM iter: 8
Estep
Estep runtime (s): 0.19182991981506348
Mstep
Optimizing phi
Optimizing branch lengths. Current phi: 0. Current nu:0.28991030353107616
Optimizing nu
Mstep runtime (s): 0.44252991676330566
Finished EM iter: 8. Current nllh: 10535.373972763116
Starting EM iter: 9
Estep
Estep runtime (s): 0.19153308868408203
Mstep
Optimizing phi
Optimizing branch lengths. Current phi: 0. Current nu:0.28997840604059577
Optimizing nu
Mstep runtime (s): 0.40523219108581543
Finished EM iter: 9. Current nllh: 10535.36664785648
Starting EM iter: 10
Estep
Estep runtime (s): 0.1921229362487793
Mstep
Optimizing phi
Optimizing branch lengths. Current phi: 0. Current nu:0.29003128141583623
Optimizing nu
Mstep runtime (s): 0.5255980491638184
Finished EM iter: 10. Current nllh: 10535.361758830759
Starting EM iter: 11
Estep
Estep runtime (s): 0.19295477867126465
Mstep
Optimizing phi
Optimizing branch lengths. Current phi: 0. Current nu:0.29007200798042887
Optimizing nu
Mstep runtime (s): 0.5962979793548584
Finished EM iter: 11. Current nllh: 10535.35818223477
Starting EM iter: 12
Estep
Estep runtime (s): 0.192429780960083
Mstep
Optimizing phi
Optimizing branch lengths. Current phi: 0. Current nu:0.29010444193777035
Optimizing nu
Mstep runtime (s): 0.45087480545043945
Finished EM iter: 12. Current nllh: 10535.355565447737
Starting EM iter: 13
Estep
Estep runtime (s): 0.19414877891540527
Mstep
Optimizing phi
Optimizing branch lengths. Current phi: 0. Current nu:0.29013079161165906
Optimizing nu
Mstep runtime (s): 0.3986480236053467
Finished EM iter: 13. Current nllh: 10535.353626770246
Starting EM iter: 14
Estep
Estep runtime (s): 0.1938610076904297
Mstep
Optimizing phi
Optimizing branch lengths. Current phi: 0. Current nu:0.2901519026576923
Optimizing nu
Mstep runtime (s): 0.3621678352355957
Finished EM iter: 14. Current nllh: 10535.35215593415
Starting EM iter: 15
Estep
Estep runtime (s): 0.19689178466796875
Mstep
Optimizing phi
Optimizing branch lengths. Current phi: 0. Current nu:0.29016953958329245
Optimizing nu
Mstep runtime (s): 0.4347209930419922
Finished EM iter: 15. Current nllh: 10535.35097209228
Starting EM iter: 16
Estep
Estep runtime (s): 0.192626953125
Mstep
Optimizing phi
Optimizing branch lengths. Current phi: 0. Current nu:0.29018412796493787
Optimizing nu
Mstep runtime (s): 0.43300318717956543
Finished EM iter: 16. Current nllh: 10535.35014421862
Starting EM iter: 17
Estep
Estep runtime (s): 0.19588303565979004
Mstep
Optimizing phi
Optimizing branch lengths. Current phi: 0. Current nu:0.29019665462205263
Optimizing nu
Mstep runtime (s): 0.39965391159057617
Finished EM iter: 17. Current nllh: 10535.349178142707
Starting EM iter: 18
Estep
Estep runtime (s): 0.1936492919921875
Mstep
Optimizing phi
Optimizing branch lengths. Current phi: 0. Current nu:0.29020920674416856
Optimizing nu
Mstep runtime (s): 0.42145371437072754
Finished EM iter: 18. Current nllh: 10535.348841367231
Starting EM iter: 19
Estep
Estep runtime (s): 0.1921861171722412
Mstep
Optimizing phi
Optimizing branch lengths. Current phi: 0. Current nu:0.2902173200794637
Optimizing nu
Mstep runtime (s): 0.39923095703125
Finished EM iter: 19. Current nllh: 10535.348403172502
Starting EM iter: 20
Estep
Estep runtime (s): 0.19639897346496582
Mstep
Optimizing phi
Optimizing branch lengths. Current phi: 0. Current nu:0.29022502313308407
Optimizing nu
Mstep runtime (s): 0.4544820785522461
Finished EM iter: 20. Current nllh: 10535.34803542463
Starting EM iter: 21
Estep
Estep runtime (s): 0.19402694702148438
Mstep
Optimizing phi
Optimizing branch lengths. Current phi: 0. Current nu:0.2902319090130209
Optimizing nu
Mstep runtime (s): 0.4391059875488281
Finished EM iter: 21. Current nllh: 10535.347740267065
Starting EM iter: 22
Estep
Estep runtime (s): 0.2006080150604248
Mstep
Optimizing phi
Optimizing branch lengths. Current phi: 0. Current nu:0.29023748890354206
Optimizing nu
Mstep runtime (s): 0.3821120262145996
Finished EM iter: 22. Current nllh: 10535.347496466062
Starting EM iter: 23
Estep
Estep runtime (s): 0.1966090202331543
Mstep
Optimizing phi
Optimizing branch lengths. Current phi: 0. Current nu:0.2902426336481942
Optimizing nu
Mstep runtime (s): 0.40428805351257324
Finished EM iter: 23. Current nllh: 10535.34727154074
Starting EM iter: 24
Estep
Estep runtime (s): 0.19925928115844727
Mstep
Optimizing phi
Optimizing branch lengths. Current phi: 0. Current nu:0.29024578214939173
Optimizing nu
Mstep runtime (s): 0.3784639835357666
Finished EM iter: 24. Current nllh: 10535.347143220077
Starting EM iter: 25
Estep
Estep runtime (s): 0.19835805892944336
Mstep
Optimizing phi
Optimizing branch lengths. Current phi: 0. Current nu:0.29025101193331115
Optimizing nu
Mstep runtime (s): 0.535485029220581
Finished EM iter: 25. Current nllh: 10535.346952665555
Starting EM iter: 26
Estep
Estep runtime (s): 0.19375300407409668
Mstep
Optimizing phi
Optimizing branch lengths. Current phi: 0. Current nu:0.29025312971094
Optimizing nu
Mstep runtime (s): 0.4231879711151123
Finished EM iter: 26. Current nllh: 10535.346872067192
EM finished after 26 iterations.
Optimal phi: 0. Optimal nu: 0.2902575121955982. Optimal nllh: 10535.346872067192
Optimal point found for initial point 1
Numerical optimization finished successfully
Tree height pre-scaling: 0.6877758508030541, input timescale: 1.0
Tree height after scaling: 1.0, mutation rate: 0.6877758508030541
Tree height pre-scaling: 0.6877758509431342, input timescale: 1.0
Tree height after scaling: 1.0, mutation rate: 0.6877758509431342
Tree height pre-scaling: 0.6877758516503398, input timescale: 1.0
Tree height after scaling: 1.0, mutation rate: 0.6877758516503398
Tree height pre-scaling: 0.6877758509794781, input timescale: 1.0
Tree height after scaling: 1.0, mutation rate: 0.6877758509794781
Tree height pre-scaling: 0.687775851031599, input timescale: 1.0
Tree height after scaling: 1.0, mutation rate: 0.687775851031599
Tree height pre-scaling: 0.6877758507942129, input timescale: 1.0
Tree height after scaling: 1.0, mutation rate: 0.6877758507942129
Tree height pre-scaling: 0.6877758508621455, input timescale: 1.0
Tree height after scaling: 1.0, mutation rate: 0.6877758508621455
Tree height pre-scaling: 0.6877758508541947, input timescale: 1.0
Tree height after scaling: 1.0, mutation rate: 0.6877758508541947
Tree height pre-scaling: 0.6877758509770774, input timescale: 1.0
Tree height after scaling: 0.9999999999999999, mutation rate: 0.6877758509770774
Tree height pre-scaling: 0.6877758509888066, input timescale: 1.0
Tree height after scaling: 1.0, mutation rate: 0.6877758509888066
Tree height pre-scaling: 0.6877758507686766, input timescale: 1.0
Tree height after scaling: 1.0000000000000002, mutation rate: 0.6877758507686766
Tree height pre-scaling: 0.6877758508849399, input timescale: 1.0
Tree height after scaling: 1.0000000000000002, mutation rate: 0.6877758508849399
Tree height pre-scaling: 0.6877758510096521, input timescale: 1.0
Tree height after scaling: 1.0, mutation rate: 0.6877758510096521
Tree height pre-scaling: 0.6877758506971366, input timescale: 1.0
Tree height after scaling: 0.9999999999999999, mutation rate: 0.6877758506971366
Tree height pre-scaling: 0.6877758506254799, input timescale: 1.0
Tree height after scaling: 1.0, mutation rate: 0.6877758506254799
Tree height pre-scaling: 0.6877758509376425, input timescale: 1.0
Tree height after scaling: 0.9999999999999999, mutation rate: 0.6877758509376425
Tree height pre-scaling: 0.687775850969911, input timescale: 1.0
Tree height after scaling: 1.0, mutation rate: 0.687775850969911
Runtime (s): 18.062052542
