Launching LAML version 0.0.4
LAML was called as follows: /Users/uym2/my_gits/LAML/run_laml.py -c ../../evaluation/Bar10/Bar10_character_matrix.txt -t place_outlier1/augmented_tree_312.nwk -o place_outlier1/augmented_tree_312_optimized -v -p ../../evaluation/Bar10/Bar10_priors.pickle --delimiter tab -m -1 --nInitials 1
Prior keys mismatch with site names.
Prior keys: [0, 1, 2, 3, 4, 5, 6, 7, 8, 9, 10, 11, 12, 13, 14, 15, 16, 17, 18, 19, 20, 21, 22, 23, 24, 25, 26, 27, 28, 29]
Site names: ['r1', 'r2', 'r3', 'r4', 'r5', 'r6', 'r7', 'r8', 'r9', 'r10', 'r11', 'r12', 'r13', 'r14', 'r15', 'r16', 'r17', 'r18', 'r19', 'r20', 'r21', 'r22', 'r23', 'r24', 'r25', 'r26', 'r27', 'r28', 'r29', 'r30']
Attempting to infer mapping between site names and prior keys...
{'r1': 0, 'r2': 1, 'r3': 2, 'r4': 3, 'r5': 4, 'r6': 5, 'r7': 6, 'r8': 7, 'r9': 8, 'r10': 9, 'r11': 10, 'r12': 11, 'r13': 12, 'r14': 13, 'r15': 14, 'r16': 15, 'r17': 16, 'r18': 17, 'r19': 18, 'r20': 19, 'r21': 20, 'r22': 21, 'r23': 22, 'r24': 23, 'r25': 24, 'r26': 25, 'r27': 26, 'r28': 27, 'r29': 28, 'r30': 29}
Optimizing branch lengths, phi, and nu without topology search
Optimization by EM algorithm
Optimization start with 1 initials
Initial point 1. Random seed: 6850
Numerical optimization started with ultrametric constraint (default)
Initial phi: 0. Initial nu: 0.26955655566205877. Initial nllh: 13187.132278060275
Starting EM iter: 1
Estep
Estep runtime (s): 0.11383581161499023
Mstep
Optimizing phi
Optimizing branch lengths. Current phi: 0. Current nu:0.26955655566205877
Optimizing nu
Mstep runtime (s): 0.34663891792297363
Finished EM iter: 1. Current nllh: 10640.439018405788
Starting EM iter: 2
Estep
Estep runtime (s): 0.15024495124816895
Mstep
Optimizing phi
Optimizing branch lengths. Current phi: 0. Current nu:0.2841671930414716
Optimizing nu
Mstep runtime (s): 0.2985689640045166
Finished EM iter: 2. Current nllh: 10623.53573905886
Starting EM iter: 3
Estep
Estep runtime (s): 0.15056490898132324
Mstep
Optimizing phi
Optimizing branch lengths. Current phi: 0. Current nu:0.2876794858581955
Optimizing nu
Mstep runtime (s): 0.32199931144714355
Finished EM iter: 3. Current nllh: 10621.527495510567
Starting EM iter: 4
Estep
Estep runtime (s): 0.1506199836730957
Mstep
Optimizing phi
Optimizing branch lengths. Current phi: 0. Current nu:0.2887473928485939
Optimizing nu
Mstep runtime (s): 0.32566213607788086
Finished EM iter: 4. Current nllh: 10621.066976809481
Starting EM iter: 5
Estep
Estep runtime (s): 0.15082001686096191
Mstep
Optimizing phi
Optimizing branch lengths. Current phi: 0. Current nu:0.289177500964028
Optimizing nu
Mstep runtime (s): 0.3206319808959961
Finished EM iter: 5. Current nllh: 10620.94938277553
Starting EM iter: 6
Estep
Estep runtime (s): 0.1508162021636963
Mstep
Optimizing phi
Optimizing branch lengths. Current phi: 0. Current nu:0.2893996529912833
Optimizing nu
Mstep runtime (s): 0.2766258716583252
Finished EM iter: 6. Current nllh: 10620.892042872338
Starting EM iter: 7
Estep
Estep runtime (s): 0.15247893333435059
Mstep
Optimizing phi
Optimizing branch lengths. Current phi: 0. Current nu:0.289542575640049
Optimizing nu
Mstep runtime (s): 0.30803799629211426
Finished EM iter: 7. Current nllh: 10620.863059587224
Starting EM iter: 8
Estep
Estep runtime (s): 0.15105295181274414
Mstep
Optimizing phi
Optimizing branch lengths. Current phi: 0. Current nu:0.2896400850467334
Optimizing nu
Mstep runtime (s): 0.2781350612640381
Finished EM iter: 8. Current nllh: 10620.851848196009
Starting EM iter: 9
Estep
Estep runtime (s): 0.15188908576965332
Mstep
Optimizing phi
Optimizing branch lengths. Current phi: 0. Current nu:0.2897091459615764
Optimizing nu
Mstep runtime (s): 0.3209679126739502
Finished EM iter: 9. Current nllh: 10620.84449739264
Starting EM iter: 10
Estep
Estep runtime (s): 0.15152812004089355
Mstep
Optimizing phi
Optimizing branch lengths. Current phi: 0. Current nu:0.2897622441012928
Optimizing nu
Mstep runtime (s): 0.304401159286499
Finished EM iter: 10. Current nllh: 10620.839449688146
Starting EM iter: 11
Estep
Estep runtime (s): 0.15100574493408203
Mstep
Optimizing phi
Optimizing branch lengths. Current phi: 0. Current nu:0.2898033697264495
Optimizing nu
Mstep runtime (s): 0.3414630889892578
Finished EM iter: 11. Current nllh: 10620.83588510788
Starting EM iter: 12
Estep
Estep runtime (s): 0.1511690616607666
Mstep
Optimizing phi
Optimizing branch lengths. Current phi: 0. Current nu:0.28983593422275006
Optimizing nu
Mstep runtime (s): 0.35461974143981934
Finished EM iter: 12. Current nllh: 10620.833301254266
Starting EM iter: 13
Estep
Estep runtime (s): 0.15178799629211426
Mstep
Optimizing phi
Optimizing branch lengths. Current phi: 0. Current nu:0.2898623958629061
Optimizing nu
Mstep runtime (s): 0.31005001068115234
Finished EM iter: 13. Current nllh: 10620.831394593113
Starting EM iter: 14
Estep
Estep runtime (s): 0.15436482429504395
Mstep
Optimizing phi
Optimizing branch lengths. Current phi: 0. Current nu:0.2898836583211655
Optimizing nu
Mstep runtime (s): 0.3398263454437256
Finished EM iter: 14. Current nllh: 10620.829959300578
Starting EM iter: 15
Estep
Estep runtime (s): 0.1526479721069336
Mstep
Optimizing phi
Optimizing branch lengths. Current phi: 0. Current nu:0.2899016680214886
Optimizing nu
Mstep runtime (s): 0.30455923080444336
Finished EM iter: 15. Current nllh: 10620.828850093145
Starting EM iter: 16
Estep
Estep runtime (s): 0.1521611213684082
Mstep
Optimizing phi
Optimizing branch lengths. Current phi: 0. Current nu:0.28991675717626963
Optimizing nu
Mstep runtime (s): 0.3127319812774658
Finished EM iter: 16. Current nllh: 10620.827986303377
Starting EM iter: 17
Estep
Estep runtime (s): 0.15210604667663574
Mstep
Optimizing phi
Optimizing branch lengths. Current phi: 0. Current nu:0.28992977240307266
Optimizing nu
Mstep runtime (s): 0.2975149154663086
Finished EM iter: 17. Current nllh: 10620.827309584376
Starting EM iter: 18
Estep
Estep runtime (s): 0.1527400016784668
Mstep
Optimizing phi
Optimizing branch lengths. Current phi: 0. Current nu:0.28994059146619733
Optimizing nu
Mstep runtime (s): 0.30468106269836426
Finished EM iter: 18. Current nllh: 10620.826777720038
Starting EM iter: 19
Estep
Estep runtime (s): 0.15216994285583496
Mstep
Optimizing phi
Optimizing branch lengths. Current phi: 0. Current nu:0.2899497594239561
Optimizing nu
Mstep runtime (s): 0.3047618865966797
Finished EM iter: 19. Current nllh: 10620.826353523262
Starting EM iter: 20
Estep
Estep runtime (s): 0.15568208694458008
Mstep
Optimizing phi
Optimizing branch lengths. Current phi: 0. Current nu:0.28995767419230634
Optimizing nu
Mstep runtime (s): 0.33632493019104004
Finished EM iter: 20. Current nllh: 10620.826010637622
Starting EM iter: 21
Estep
Estep runtime (s): 0.15233588218688965
Mstep
Optimizing phi
Optimizing branch lengths. Current phi: 0. Current nu:0.28996436439197193
Optimizing nu
Mstep runtime (s): 0.33042216300964355
Finished EM iter: 21. Current nllh: 10620.825633506678
Starting EM iter: 22
Estep
Estep runtime (s): 0.1517040729522705
Mstep
Optimizing phi
Optimizing branch lengths. Current phi: 0. Current nu:0.2899705621533409
Optimizing nu
Mstep runtime (s): 0.32461094856262207
Finished EM iter: 22. Current nllh: 10620.825483993536
Starting EM iter: 23
Estep
Estep runtime (s): 0.15140867233276367
Mstep
Optimizing phi
Optimizing branch lengths. Current phi: 0. Current nu:0.2899759214331628
Optimizing nu
Mstep runtime (s): 0.29670286178588867
Finished EM iter: 23. Current nllh: 10620.825290890327
Starting EM iter: 24
Estep
Estep runtime (s): 0.15274500846862793
Mstep
Optimizing phi
Optimizing branch lengths. Current phi: 0. Current nu:0.28998052075736996
Optimizing nu
Mstep runtime (s): 0.28811192512512207
Finished EM iter: 24. Current nllh: 10620.825123229679
Starting EM iter: 25
Estep
Estep runtime (s): 0.15227389335632324
Mstep
Optimizing phi
Optimizing branch lengths. Current phi: 0. Current nu:0.2899848241757902
Optimizing nu
Mstep runtime (s): 0.34391093254089355
Finished EM iter: 25. Current nllh: 10620.824984669398
Starting EM iter: 26
Estep
Estep runtime (s): 0.15682768821716309
Mstep
Optimizing phi
Optimizing branch lengths. Current phi: 0. Current nu:0.2899883105331546
Optimizing nu
Mstep runtime (s): 0.30426812171936035
Finished EM iter: 26. Current nllh: 10620.824870476059
Starting EM iter: 27
Estep
Estep runtime (s): 0.15148591995239258
Mstep
Optimizing phi
Optimizing branch lengths. Current phi: 0. Current nu:0.2899914189695972
Optimizing nu
Mstep runtime (s): 0.2918522357940674
Finished EM iter: 27. Current nllh: 10620.824777764137
EM finished after 27 iterations.
Optimal phi: 0. Optimal nu: 0.28999392650285044. Optimal nllh: 10620.824777764137
Optimal point found for initial point 1
Numerical optimization finished successfully
Tree height pre-scaling: 0.6827648267131206, input timescale: 1.0
Tree height after scaling: 1.0, mutation rate: 0.6827648267131206
Tree height pre-scaling: 0.6827648269419386, input timescale: 1.0
Tree height after scaling: 1.0000000000000002, mutation rate: 0.6827648269419386
Tree height pre-scaling: 0.6827648279661845, input timescale: 1.0
Tree height after scaling: 1.0, mutation rate: 0.6827648279661845
Tree height pre-scaling: 0.6827648268353458, input timescale: 1.0
Tree height after scaling: 1.0, mutation rate: 0.6827648268353458
Tree height pre-scaling: 0.6827648270341042, input timescale: 1.0
Tree height after scaling: 0.9999999999999999, mutation rate: 0.6827648270341042
Tree height pre-scaling: 0.6827648265755274, input timescale: 1.0
Tree height after scaling: 1.0, mutation rate: 0.6827648265755274
Tree height pre-scaling: 0.6827648264775557, input timescale: 1.0
Tree height after scaling: 1.0, mutation rate: 0.6827648264775557
Tree height pre-scaling: 0.6827648269076119, input timescale: 1.0
Tree height after scaling: 1.0, mutation rate: 0.6827648269076119
Tree height pre-scaling: 0.6827648268785651, input timescale: 1.0
Tree height after scaling: 1.0000000000000002, mutation rate: 0.6827648268785651
Tree height pre-scaling: 0.6827648267618525, input timescale: 1.0
Tree height after scaling: 0.9999999999999999, mutation rate: 0.6827648267618525
Tree height pre-scaling: 0.6827648268232821, input timescale: 1.0
Tree height after scaling: 1.0, mutation rate: 0.6827648268232821
Tree height pre-scaling: 0.6827648269936365, input timescale: 1.0
Tree height after scaling: 1.0000000000000002, mutation rate: 0.6827648269936365
Tree height pre-scaling: 0.6827648266837998, input timescale: 1.0
Tree height after scaling: 1.0, mutation rate: 0.6827648266837998
Tree height pre-scaling: 0.6827648268027432, input timescale: 1.0
Tree height after scaling: 1.0, mutation rate: 0.6827648268027432
Tree height pre-scaling: 0.682764826706576, input timescale: 1.0
Tree height after scaling: 1.0, mutation rate: 0.682764826706576
Tree height pre-scaling: 0.6827648270033564, input timescale: 1.0
Tree height after scaling: 1.0, mutation rate: 0.6827648270033564
Tree height pre-scaling: 0.6827648264477953, input timescale: 1.0
Tree height after scaling: 1.0, mutation rate: 0.6827648264477953
Runtime (s): 13.973102542
