Launching LAML version 0.0.4
LAML was called as follows: /Users/uym2/my_gits/LAML/run_laml.py -c ../../evaluation/Bar10/Bar10_character_matrix.txt -t place_outlier1/augmented_tree_98.nwk -o place_outlier1/augmented_tree_98_optimized -v -p ../../evaluation/Bar10/Bar10_priors.pickle --delimiter tab -m -1 --nInitials 1
Prior keys mismatch with site names.
Prior keys: [0, 1, 2, 3, 4, 5, 6, 7, 8, 9, 10, 11, 12, 13, 14, 15, 16, 17, 18, 19, 20, 21, 22, 23, 24, 25, 26, 27, 28, 29]
Site names: ['r1', 'r2', 'r3', 'r4', 'r5', 'r6', 'r7', 'r8', 'r9', 'r10', 'r11', 'r12', 'r13', 'r14', 'r15', 'r16', 'r17', 'r18', 'r19', 'r20', 'r21', 'r22', 'r23', 'r24', 'r25', 'r26', 'r27', 'r28', 'r29', 'r30']
Attempting to infer mapping between site names and prior keys...
{'r1': 0, 'r2': 1, 'r3': 2, 'r4': 3, 'r5': 4, 'r6': 5, 'r7': 6, 'r8': 7, 'r9': 8, 'r10': 9, 'r11': 10, 'r12': 11, 'r13': 12, 'r14': 13, 'r15': 14, 'r16': 15, 'r17': 16, 'r18': 17, 'r19': 18, 'r20': 19, 'r21': 20, 'r22': 21, 'r23': 22, 'r24': 23, 'r25': 24, 'r26': 25, 'r27': 26, 'r28': 27, 'r29': 28, 'r30': 29}
Optimizing branch lengths, phi, and nu without topology search
Optimization by EM algorithm
Optimization start with 1 initials
Initial point 1. Random seed: 6133
Numerical optimization started with ultrametric constraint (default)
Initial phi: 0. Initial nu: 0.26955655566205877. Initial nllh: 12845.988553234154
Starting EM iter: 1
Estep
Estep runtime (s): 0.10812997817993164
Mstep
Optimizing phi
Optimizing branch lengths. Current phi: 0. Current nu:0.26955655566205877
Optimizing nu
Mstep runtime (s): 0.3456110954284668
Finished EM iter: 1. Current nllh: 10521.683717033278
Starting EM iter: 2
Estep
Estep runtime (s): 0.14877104759216309
Mstep
Optimizing phi
Optimizing branch lengths. Current phi: 0. Current nu:0.28455764071137596
Optimizing nu
Mstep runtime (s): 0.3393981456756592
Finished EM iter: 2. Current nllh: 10506.67092366428
Starting EM iter: 3
Estep
Estep runtime (s): 0.1483781337738037
Mstep
Optimizing phi
Optimizing branch lengths. Current phi: 0. Current nu:0.28879308947819277
Optimizing nu
Mstep runtime (s): 0.2971820831298828
Finished EM iter: 3. Current nllh: 10505.11740473782
Starting EM iter: 4
Estep
Estep runtime (s): 0.14857196807861328
Mstep
Optimizing phi
Optimizing branch lengths. Current phi: 0. Current nu:0.2902215847471039
Optimizing nu
Mstep runtime (s): 0.33634114265441895
Finished EM iter: 4. Current nllh: 10504.783525826588
Starting EM iter: 5
Estep
Estep runtime (s): 0.14864206314086914
Mstep
Optimizing phi
Optimizing branch lengths. Current phi: 0. Current nu:0.2908539025393763
Optimizing nu
Mstep runtime (s): 0.2988719940185547
Finished EM iter: 5. Current nllh: 10504.671282027624
Starting EM iter: 6
Estep
Estep runtime (s): 0.14852094650268555
Mstep
Optimizing phi
Optimizing branch lengths. Current phi: 0. Current nu:0.2911813848245057
Optimizing nu
Mstep runtime (s): 0.3206367492675781
Finished EM iter: 6. Current nllh: 10504.61711339458
Starting EM iter: 7
Estep
Estep runtime (s): 0.1487288475036621
Mstep
Optimizing phi
Optimizing branch lengths. Current phi: 0. Current nu:0.29136925006513686
Optimizing nu
Mstep runtime (s): 0.318662166595459
Finished EM iter: 7. Current nllh: 10504.595104648919
Starting EM iter: 8
Estep
Estep runtime (s): 0.14858293533325195
Mstep
Optimizing phi
Optimizing branch lengths. Current phi: 0. Current nu:0.2914869735844979
Optimizing nu
Mstep runtime (s): 0.30754899978637695
Finished EM iter: 8. Current nllh: 10504.581778184709
Starting EM iter: 9
Estep
Estep runtime (s): 0.14858126640319824
Mstep
Optimizing phi
Optimizing branch lengths. Current phi: 0. Current nu:0.29156974295819615
Optimizing nu
Mstep runtime (s): 0.3709421157836914
Finished EM iter: 9. Current nllh: 10504.573013956213
Starting EM iter: 10
Estep
Estep runtime (s): 0.14956879615783691
Mstep
Optimizing phi
Optimizing branch lengths. Current phi: 0. Current nu:0.2916301545765216
Optimizing nu
Mstep runtime (s): 0.3611478805541992
Finished EM iter: 10. Current nllh: 10504.566850520612
Starting EM iter: 11
Estep
Estep runtime (s): 0.14881682395935059
Mstep
Optimizing phi
Optimizing branch lengths. Current phi: 0. Current nu:0.291674979490694
Optimizing nu
Mstep runtime (s): 0.30809783935546875
Finished EM iter: 11. Current nllh: 10504.562738251732
Starting EM iter: 12
Estep
Estep runtime (s): 0.14954900741577148
Mstep
Optimizing phi
Optimizing branch lengths. Current phi: 0. Current nu:0.29171136801984643
Optimizing nu
Mstep runtime (s): 0.2893538475036621
Finished EM iter: 12. Current nllh: 10504.559662715094
Starting EM iter: 13
Estep
Estep runtime (s): 0.1488807201385498
Mstep
Optimizing phi
Optimizing branch lengths. Current phi: 0. Current nu:0.2917401170411268
Optimizing nu
Mstep runtime (s): 0.3663790225982666
Finished EM iter: 13. Current nllh: 10504.557383505542
Starting EM iter: 14
Estep
Estep runtime (s): 0.14964914321899414
Mstep
Optimizing phi
Optimizing branch lengths. Current phi: 0. Current nu:0.29176341022269253
Optimizing nu
Mstep runtime (s): 0.290956974029541
Finished EM iter: 14. Current nllh: 10504.555664394287
Starting EM iter: 15
Estep
Estep runtime (s): 0.14902091026306152
Mstep
Optimizing phi
Optimizing branch lengths. Current phi: 0. Current nu:0.29178252480965333
Optimizing nu
Mstep runtime (s): 0.29253196716308594
Finished EM iter: 15. Current nllh: 10504.554343195154
Starting EM iter: 16
Estep
Estep runtime (s): 0.14952492713928223
Mstep
Optimizing phi
Optimizing branch lengths. Current phi: 0. Current nu:0.2917985394094024
Optimizing nu
Mstep runtime (s): 0.2798910140991211
Finished EM iter: 16. Current nllh: 10504.553312487473
Starting EM iter: 17
Estep
Estep runtime (s): 0.14895272254943848
Mstep
Optimizing phi
Optimizing branch lengths. Current phi: 0. Current nu:0.29181230088194066
Optimizing nu
Mstep runtime (s): 0.2920820713043213
Finished EM iter: 17. Current nllh: 10504.552479768694
Starting EM iter: 18
Estep
Estep runtime (s): 0.14905905723571777
Mstep
Optimizing phi
Optimizing branch lengths. Current phi: 0. Current nu:0.2918242071994668
Optimizing nu
Mstep runtime (s): 0.28014206886291504
Finished EM iter: 18. Current nllh: 10504.551824453933
Starting EM iter: 19
Estep
Estep runtime (s): 0.1490769386291504
Mstep
Optimizing phi
Optimizing branch lengths. Current phi: 0. Current nu:0.2918343989607507
Optimizing nu
Mstep runtime (s): 0.34949398040771484
Finished EM iter: 19. Current nllh: 10504.55130868122
Starting EM iter: 20
Estep
Estep runtime (s): 0.15327119827270508
Mstep
Optimizing phi
Optimizing branch lengths. Current phi: 0. Current nu:0.291840842276096
Optimizing nu
Mstep runtime (s): 0.2862050533294678
Finished EM iter: 20. Current nllh: 10504.550907968365
Starting EM iter: 21
Estep
Estep runtime (s): 0.149216890335083
Mstep
Optimizing phi
Optimizing branch lengths. Current phi: 0. Current nu:0.2918497392716584
Optimizing nu
Mstep runtime (s): 0.3493387699127197
Finished EM iter: 21. Current nllh: 10504.550396845927
Starting EM iter: 22
Estep
Estep runtime (s): 0.14998507499694824
Mstep
Optimizing phi
Optimizing branch lengths. Current phi: 0. Current nu:0.29185685395875893
Optimizing nu
Mstep runtime (s): 0.30902814865112305
Finished EM iter: 22. Current nllh: 10504.550198800705
Starting EM iter: 23
Estep
Estep runtime (s): 0.14959096908569336
Mstep
Optimizing phi
Optimizing branch lengths. Current phi: 0. Current nu:0.291863321356412
Optimizing nu
Mstep runtime (s): 0.28723907470703125
Finished EM iter: 23. Current nllh: 10504.549936113475
Starting EM iter: 24
Estep
Estep runtime (s): 0.14911103248596191
Mstep
Optimizing phi
Optimizing branch lengths. Current phi: 0. Current nu:0.29186852986594036
Optimizing nu
Mstep runtime (s): 0.3097259998321533
Finished EM iter: 24. Current nllh: 10504.549725464836
Starting EM iter: 25
Estep
Estep runtime (s): 0.1493070125579834
Mstep
Optimizing phi
Optimizing branch lengths. Current phi: 0. Current nu:0.29187297692331565
Optimizing nu
Mstep runtime (s): 0.3118019104003906
Finished EM iter: 25. Current nllh: 10504.549559621746
Starting EM iter: 26
Estep
Estep runtime (s): 0.15022587776184082
Mstep
Optimizing phi
Optimizing branch lengths. Current phi: 0. Current nu:0.29187652913398476
Optimizing nu
Mstep runtime (s): 0.3066370487213135
Finished EM iter: 26. Current nllh: 10504.54941584944
Starting EM iter: 27
Estep
Estep runtime (s): 0.14951825141906738
Mstep
Optimizing phi
Optimizing branch lengths. Current phi: 0. Current nu:0.2918799980389374
Optimizing nu
Mstep runtime (s): 0.31722307205200195
Finished EM iter: 27. Current nllh: 10504.549279945866
Starting EM iter: 28
Estep
Estep runtime (s): 0.15064191818237305
Mstep
Optimizing phi
Optimizing branch lengths. Current phi: 0. Current nu:0.2918834556710332
Optimizing nu
Mstep runtime (s): 0.3051881790161133
Finished EM iter: 28. Current nllh: 10504.549166329334
Starting EM iter: 29
Estep
Estep runtime (s): 0.15575098991394043
Mstep
Optimizing phi
Optimizing branch lengths. Current phi: 0. Current nu:0.29188621689143923
Optimizing nu
Mstep runtime (s): 0.3092501163482666
Finished EM iter: 29. Current nllh: 10504.54908080425
EM finished after 29 iterations.
Optimal phi: 0. Optimal nu: 0.2918883120542694. Optimal nllh: 10504.54908080425
Optimal point found for initial point 1
Numerical optimization finished successfully
Tree height pre-scaling: 0.686046107518455, input timescale: 1.0
Tree height after scaling: 1.0, mutation rate: 0.686046107518455
Tree height pre-scaling: 0.6860461078148017, input timescale: 1.0
Tree height after scaling: 1.0, mutation rate: 0.6860461078148017
Tree height pre-scaling: 0.6860461091178781, input timescale: 1.0
Tree height after scaling: 1.0, mutation rate: 0.6860461091178781
Tree height pre-scaling: 0.6860461078256906, input timescale: 1.0
Tree height after scaling: 0.9999999999999999, mutation rate: 0.6860461078256906
Tree height pre-scaling: 0.6860461078904262, input timescale: 1.0
Tree height after scaling: 1.0, mutation rate: 0.6860461078904262
Tree height pre-scaling: 0.6860461075123442, input timescale: 1.0
Tree height after scaling: 1.0, mutation rate: 0.6860461075123442
Tree height pre-scaling: 0.6860461076088723, input timescale: 1.0
Tree height after scaling: 1.0, mutation rate: 0.6860461076088723
Tree height pre-scaling: 0.686046107615907, input timescale: 1.0
Tree height after scaling: 1.0, mutation rate: 0.686046107615907
Tree height pre-scaling: 0.6860461077870116, input timescale: 1.0
Tree height after scaling: 1.0, mutation rate: 0.6860461077870116
Tree height pre-scaling: 0.6860461078303078, input timescale: 1.0
Tree height after scaling: 1.0, mutation rate: 0.6860461078303078
Tree height pre-scaling: 0.6860461074429325, input timescale: 1.0
Tree height after scaling: 1.0, mutation rate: 0.6860461074429325
Tree height pre-scaling: 0.6860461076839586, input timescale: 1.0
Tree height after scaling: 1.0, mutation rate: 0.6860461076839586
Tree height pre-scaling: 0.6860461076098757, input timescale: 1.0
Tree height after scaling: 1.0, mutation rate: 0.6860461076098757
Tree height pre-scaling: 0.6860461072067336, input timescale: 1.0
Tree height after scaling: 0.9999999999999999, mutation rate: 0.6860461072067336
Tree height pre-scaling: 0.6860461076463102, input timescale: 1.0
Tree height after scaling: 0.9999999999999999, mutation rate: 0.6860461076463102
Tree height pre-scaling: 0.6860461078754125, input timescale: 1.0
Tree height after scaling: 1.0, mutation rate: 0.6860461078754125
Tree height pre-scaling: 0.6860461075048725, input timescale: 1.0
Tree height after scaling: 0.9999999999999999, mutation rate: 0.6860461075048725
Runtime (s): 14.900878
