Launching LAML version 0.0.4
LAML was called as follows: /Users/uym2/my_gits/LAML/run_laml.py -c ../../evaluation/Bar10/Bar10_character_matrix.txt -t place_outlier1/augmented_tree_279.nwk -o place_outlier1/augmented_tree_279_optimized -v -p ../../evaluation/Bar10/Bar10_priors.pickle --delimiter tab -m -1 --nInitials 1
Prior keys mismatch with site names.
Prior keys: [0, 1, 2, 3, 4, 5, 6, 7, 8, 9, 10, 11, 12, 13, 14, 15, 16, 17, 18, 19, 20, 21, 22, 23, 24, 25, 26, 27, 28, 29]
Site names: ['r1', 'r2', 'r3', 'r4', 'r5', 'r6', 'r7', 'r8', 'r9', 'r10', 'r11', 'r12', 'r13', 'r14', 'r15', 'r16', 'r17', 'r18', 'r19', 'r20', 'r21', 'r22', 'r23', 'r24', 'r25', 'r26', 'r27', 'r28', 'r29', 'r30']
Attempting to infer mapping between site names and prior keys...
{'r1': 0, 'r2': 1, 'r3': 2, 'r4': 3, 'r5': 4, 'r6': 5, 'r7': 6, 'r8': 7, 'r9': 8, 'r10': 9, 'r11': 10, 'r12': 11, 'r13': 12, 'r14': 13, 'r15': 14, 'r16': 15, 'r17': 16, 'r18': 17, 'r19': 18, 'r20': 19, 'r21': 20, 'r22': 21, 'r23': 22, 'r24': 23, 'r25': 24, 'r26': 25, 'r27': 26, 'r28': 27, 'r29': 28, 'r30': 29}
Optimizing branch lengths, phi, and nu without topology search
Optimization by EM algorithm
Optimization start with 1 initials
Initial point 1. Random seed: 7582
Numerical optimization started with ultrametric constraint (default)
Initial phi: 0. Initial nu: 0.26955655566205877. Initial nllh: 13270.777464748577
Starting EM iter: 1
Estep
Estep runtime (s): 0.1449899673461914
Mstep
Optimizing phi
Optimizing branch lengths. Current phi: 0. Current nu:0.26955655566205877
Optimizing nu
Mstep runtime (s): 0.35588812828063965
Finished EM iter: 1. Current nllh: 10594.299279440449
Starting EM iter: 2
Estep
Estep runtime (s): 0.14736700057983398
Mstep
Optimizing phi
Optimizing branch lengths. Current phi: 0. Current nu:0.2830821824454518
Optimizing nu
Mstep runtime (s): 0.2902050018310547
Finished EM iter: 2. Current nllh: 10577.171826279215
Starting EM iter: 3
Estep
Estep runtime (s): 0.14495277404785156
Mstep
Optimizing phi
Optimizing branch lengths. Current phi: 0. Current nu:0.28623371028277866
Optimizing nu
Mstep runtime (s): 0.27926182746887207
Finished EM iter: 3. Current nllh: 10575.15553518723
Starting EM iter: 4
Estep
Estep runtime (s): 0.14477777481079102
Mstep
Optimizing phi
Optimizing branch lengths. Current phi: 0. Current nu:0.28720926119501544
Optimizing nu
Mstep runtime (s): 0.3142251968383789
Finished EM iter: 4. Current nllh: 10574.68282112337
Starting EM iter: 5
Estep
Estep runtime (s): 0.144927978515625
Mstep
Optimizing phi
Optimizing branch lengths. Current phi: 0. Current nu:0.287626840898902
Optimizing nu
Mstep runtime (s): 0.30457401275634766
Finished EM iter: 5. Current nllh: 10574.548294442951
Starting EM iter: 6
Estep
Estep runtime (s): 0.14513611793518066
Mstep
Optimizing phi
Optimizing branch lengths. Current phi: 0. Current nu:0.2878556017725484
Optimizing nu
Mstep runtime (s): 0.311431884765625
Finished EM iter: 6. Current nllh: 10574.490516457134
Starting EM iter: 7
Estep
Estep runtime (s): 0.14504289627075195
Mstep
Optimizing phi
Optimizing branch lengths. Current phi: 0. Current nu:0.2880033531116403
Optimizing nu
Mstep runtime (s): 0.30368924140930176
Finished EM iter: 7. Current nllh: 10574.461381177163
Starting EM iter: 8
Estep
Estep runtime (s): 0.1451568603515625
Mstep
Optimizing phi
Optimizing branch lengths. Current phi: 0. Current nu:0.2881045607100181
Optimizing nu
Mstep runtime (s): 0.28758716583251953
Finished EM iter: 8. Current nllh: 10574.450054306599
Starting EM iter: 9
Estep
Estep runtime (s): 0.14519190788269043
Mstep
Optimizing phi
Optimizing branch lengths. Current phi: 0. Current nu:0.2881751742493732
Optimizing nu
Mstep runtime (s): 0.2916848659515381
Finished EM iter: 9. Current nllh: 10574.442654434855
Starting EM iter: 10
Estep
Estep runtime (s): 0.14596891403198242
Mstep
Optimizing phi
Optimizing branch lengths. Current phi: 0. Current nu:0.2882283514425329
Optimizing nu
Mstep runtime (s): 0.2976977825164795
Finished EM iter: 10. Current nllh: 10574.43757683161
Starting EM iter: 11
Estep
Estep runtime (s): 0.1455538272857666
Mstep
Optimizing phi
Optimizing branch lengths. Current phi: 0. Current nu:0.28827005549533163
Optimizing nu
Mstep runtime (s): 0.30524778366088867
Finished EM iter: 11. Current nllh: 10574.433982580978
Starting EM iter: 12
Estep
Estep runtime (s): 0.14579200744628906
Mstep
Optimizing phi
Optimizing branch lengths. Current phi: 0. Current nu:0.2883028146349539
Optimizing nu
Mstep runtime (s): 0.2919158935546875
Finished EM iter: 12. Current nllh: 10574.431389821917
Starting EM iter: 13
Estep
Estep runtime (s): 0.15263104438781738
Mstep
Optimizing phi
Optimizing branch lengths. Current phi: 0. Current nu:0.28832884934266406
Optimizing nu
Mstep runtime (s): 0.3646728992462158
Finished EM iter: 13. Current nllh: 10574.429460444928
Starting EM iter: 14
Estep
Estep runtime (s): 0.15226387977600098
Mstep
Optimizing phi
Optimizing branch lengths. Current phi: 0. Current nu:0.28835050129967993
Optimizing nu
Mstep runtime (s): 0.2992727756500244
Finished EM iter: 14. Current nllh: 10574.428001138705
Starting EM iter: 15
Estep
Estep runtime (s): 0.15132403373718262
Mstep
Optimizing phi
Optimizing branch lengths. Current phi: 0. Current nu:0.2883685116986126
Optimizing nu
Mstep runtime (s): 0.3083939552307129
Finished EM iter: 15. Current nllh: 10574.426682794749
Starting EM iter: 16
Estep
Estep runtime (s): 0.1475389003753662
Mstep
Optimizing phi
Optimizing branch lengths. Current phi: 0. Current nu:0.28838505221129235
Optimizing nu
Mstep runtime (s): 0.32751989364624023
Finished EM iter: 16. Current nllh: 10574.42597212746
Starting EM iter: 17
Estep
Estep runtime (s): 0.1532881259918213
Mstep
Optimizing phi
Optimizing branch lengths. Current phi: 0. Current nu:0.28839706176925434
Optimizing nu
Mstep runtime (s): 0.32212018966674805
Finished EM iter: 17. Current nllh: 10574.42530894797
Starting EM iter: 18
Estep
Estep runtime (s): 0.15145301818847656
Mstep
Optimizing phi
Optimizing branch lengths. Current phi: 0. Current nu:0.2884072241814379
Optimizing nu
Mstep runtime (s): 0.29735326766967773
Finished EM iter: 18. Current nllh: 10574.42477441759
Starting EM iter: 19
Estep
Estep runtime (s): 0.15256810188293457
Mstep
Optimizing phi
Optimizing branch lengths. Current phi: 0. Current nu:0.2884163685462364
Optimizing nu
Mstep runtime (s): 0.2918050289154053
Finished EM iter: 19. Current nllh: 10574.424342649158
Starting EM iter: 20
Estep
Estep runtime (s): 0.15359210968017578
Mstep
Optimizing phi
Optimizing branch lengths. Current phi: 0. Current nu:0.28842411476762153
Optimizing nu
Mstep runtime (s): 0.3227818012237549
Finished EM iter: 20. Current nllh: 10574.423987654649
Starting EM iter: 21
Estep
Estep runtime (s): 0.14980602264404297
Mstep
Optimizing phi
Optimizing branch lengths. Current phi: 0. Current nu:0.2884310868136216
Optimizing nu
Mstep runtime (s): 0.3577890396118164
Finished EM iter: 21. Current nllh: 10574.423701198892
Starting EM iter: 22
Estep
Estep runtime (s): 0.15587615966796875
Mstep
Optimizing phi
Optimizing branch lengths. Current phi: 0. Current nu:0.28843675089298076
Optimizing nu
Mstep runtime (s): 0.31717824935913086
Finished EM iter: 22. Current nllh: 10574.423467255312
Starting EM iter: 23
Estep
Estep runtime (s): 0.15201210975646973
Mstep
Optimizing phi
Optimizing branch lengths. Current phi: 0. Current nu:0.28844198394498843
Optimizing nu
Mstep runtime (s): 0.3104121685028076
Finished EM iter: 23. Current nllh: 10574.423268318107
Starting EM iter: 24
Estep
Estep runtime (s): 0.15087175369262695
Mstep
Optimizing phi
Optimizing branch lengths. Current phi: 0. Current nu:0.2884463963898217
Optimizing nu
Mstep runtime (s): 0.34118199348449707
Finished EM iter: 24. Current nllh: 10574.42310181817
Starting EM iter: 25
Estep
Estep runtime (s): 0.1468648910522461
Mstep
Optimizing phi
Optimizing branch lengths. Current phi: 0. Current nu:0.28844965939714706
Optimizing nu
Mstep runtime (s): 0.3146679401397705
Finished EM iter: 25. Current nllh: 10574.422974481957
Starting EM iter: 26
Estep
Estep runtime (s): 0.14695501327514648
Mstep
Optimizing phi
Optimizing branch lengths. Current phi: 0. Current nu:0.2884540217994974
Optimizing nu
Mstep runtime (s): 0.48509812355041504
Finished EM iter: 26. Current nllh: 10574.422840561432
Starting EM iter: 27
Estep
Estep runtime (s): 0.14787793159484863
Mstep
Optimizing phi
Optimizing branch lengths. Current phi: 0. Current nu:0.28845700971792143
Optimizing nu
Mstep runtime (s): 0.31075477600097656
Finished EM iter: 27. Current nllh: 10574.422745135273
EM finished after 27 iterations.
Optimal phi: 0. Optimal nu: 0.2884595895580988. Optimal nllh: 10574.422745135273
Optimal point found for initial point 1
Numerical optimization finished successfully
Tree height pre-scaling: 0.6827677931925511, input timescale: 1.0
Tree height after scaling: 1.0, mutation rate: 0.6827677931925511
Tree height pre-scaling: 0.6827677933051546, input timescale: 1.0
Tree height after scaling: 1.0, mutation rate: 0.6827677933051546
Tree height pre-scaling: 0.6827677938304086, input timescale: 1.0
Tree height after scaling: 1.0, mutation rate: 0.6827677938304086
Tree height pre-scaling: 0.6827677932595735, input timescale: 1.0
Tree height after scaling: 1.0, mutation rate: 0.6827677932595735
Tree height pre-scaling: 0.6827677933577428, input timescale: 1.0
Tree height after scaling: 1.0, mutation rate: 0.6827677933577428
Tree height pre-scaling: 0.6827677931335824, input timescale: 1.0
Tree height after scaling: 1.0, mutation rate: 0.6827677931335824
Tree height pre-scaling: 0.6827677930739028, input timescale: 1.0
Tree height after scaling: 1.0, mutation rate: 0.6827677930739028
Tree height pre-scaling: 0.6827677932935409, input timescale: 1.0
Tree height after scaling: 1.0, mutation rate: 0.6827677932935409
Tree height pre-scaling: 0.6827677932751235, input timescale: 1.0
Tree height after scaling: 1.0000000000000002, mutation rate: 0.6827677932751235
Tree height pre-scaling: 0.6827677932181009, input timescale: 1.0
Tree height after scaling: 1.0, mutation rate: 0.6827677932181009
Tree height pre-scaling: 0.6827677932428499, input timescale: 1.0
Tree height after scaling: 1.0, mutation rate: 0.6827677932428499
Tree height pre-scaling: 0.6827677933390693, input timescale: 1.0
Tree height after scaling: 1.0000000000000002, mutation rate: 0.6827677933390693
Tree height pre-scaling: 0.6827677931753463, input timescale: 1.0
Tree height after scaling: 1.0, mutation rate: 0.6827677931753463
Tree height pre-scaling: 0.6827677932456729, input timescale: 1.0
Tree height after scaling: 1.0, mutation rate: 0.6827677932456729
Tree height pre-scaling: 0.6827677931847487, input timescale: 1.0
Tree height after scaling: 1.0, mutation rate: 0.6827677931847487
Tree height pre-scaling: 0.6827677933411529, input timescale: 1.0
Tree height after scaling: 0.9999999999999999, mutation rate: 0.6827677933411529
Tree height pre-scaling: 0.6827677931651994, input timescale: 1.0
Tree height after scaling: 1.0, mutation rate: 0.6827677931651994
Runtime (s): 14.035119083
