Launching LAML version 0.0.4
LAML was called as follows: /Users/uym2/my_gits/LAML/run_laml.py -c ../../evaluation/Bar10/Bar10_character_matrix.txt -t place_outlier1/augmented_tree_71.nwk -o place_outlier1/augmented_tree_71_optimized -v -p ../../evaluation/Bar10/Bar10_priors.pickle --delimiter tab -m -1 --nInitials 1
Prior keys mismatch with site names.
Prior keys: [0, 1, 2, 3, 4, 5, 6, 7, 8, 9, 10, 11, 12, 13, 14, 15, 16, 17, 18, 19, 20, 21, 22, 23, 24, 25, 26, 27, 28, 29]
Site names: ['r1', 'r2', 'r3', 'r4', 'r5', 'r6', 'r7', 'r8', 'r9', 'r10', 'r11', 'r12', 'r13', 'r14', 'r15', 'r16', 'r17', 'r18', 'r19', 'r20', 'r21', 'r22', 'r23', 'r24', 'r25', 'r26', 'r27', 'r28', 'r29', 'r30']
Attempting to infer mapping between site names and prior keys...
{'r1': 0, 'r2': 1, 'r3': 2, 'r4': 3, 'r5': 4, 'r6': 5, 'r7': 6, 'r8': 7, 'r9': 8, 'r10': 9, 'r11': 10, 'r12': 11, 'r13': 12, 'r14': 13, 'r15': 14, 'r16': 15, 'r17': 16, 'r18': 17, 'r19': 18, 'r20': 19, 'r21': 20, 'r22': 21, 'r23': 22, 'r24': 23, 'r25': 24, 'r26': 25, 'r27': 26, 'r28': 27, 'r29': 28, 'r30': 29}
Optimizing branch lengths, phi, and nu without topology search
Optimization by EM algorithm
Optimization start with 1 initials
Initial point 1. Random seed: 3971
Numerical optimization started with ultrametric constraint (default)
Initial phi: 0. Initial nu: 0.26955655566205877. Initial nllh: 12558.663450425362
Starting EM iter: 1
Estep
Estep runtime (s): 0.1072077751159668
Mstep
Optimizing phi
Optimizing branch lengths. Current phi: 0. Current nu:0.26955655566205877
Optimizing nu
Mstep runtime (s): 0.29798412322998047
Finished EM iter: 1. Current nllh: 10520.380238615879
Starting EM iter: 2
Estep
Estep runtime (s): 0.14812636375427246
Mstep
Optimizing phi
Optimizing branch lengths. Current phi: 0. Current nu:0.28486763691149897
Optimizing nu
Mstep runtime (s): 0.302976131439209
Finished EM iter: 2. Current nllh: 10506.718904657437
Starting EM iter: 3
Estep
Estep runtime (s): 0.14801311492919922
Mstep
Optimizing phi
Optimizing branch lengths. Current phi: 0. Current nu:0.28893447218138635
Optimizing nu
Mstep runtime (s): 0.2943549156188965
Finished EM iter: 3. Current nllh: 10505.143022046555
Starting EM iter: 4
Estep
Estep runtime (s): 0.14789867401123047
Mstep
Optimizing phi
Optimizing branch lengths. Current phi: 0. Current nu:0.29027186493725693
Optimizing nu
Mstep runtime (s): 0.31339287757873535
Finished EM iter: 4. Current nllh: 10504.808268726823
Starting EM iter: 5
Estep
Estep runtime (s): 0.1477348804473877
Mstep
Optimizing phi
Optimizing branch lengths. Current phi: 0. Current nu:0.29086886889176744
Optimizing nu
Mstep runtime (s): 0.3266611099243164
Finished EM iter: 5. Current nllh: 10504.696521287042
Starting EM iter: 6
Estep
Estep runtime (s): 0.14819097518920898
Mstep
Optimizing phi
Optimizing branch lengths. Current phi: 0. Current nu:0.2911845087842916
Optimizing nu
Mstep runtime (s): 0.28785014152526855
Finished EM iter: 6. Current nllh: 10504.642813375965
Starting EM iter: 7
Estep
Estep runtime (s): 0.14830899238586426
Mstep
Optimizing phi
Optimizing branch lengths. Current phi: 0. Current nu:0.2913704179304901
Optimizing nu
Mstep runtime (s): 0.350905179977417
Finished EM iter: 7. Current nllh: 10504.621166886478
Starting EM iter: 8
Estep
Estep runtime (s): 0.14824485778808594
Mstep
Optimizing phi
Optimizing branch lengths. Current phi: 0. Current nu:0.29148379530096147
Optimizing nu
Mstep runtime (s): 0.28525686264038086
Finished EM iter: 8. Current nllh: 10504.607883029252
Starting EM iter: 9
Estep
Estep runtime (s): 0.14805388450622559
Mstep
Optimizing phi
Optimizing branch lengths. Current phi: 0. Current nu:0.29156696114966696
Optimizing nu
Mstep runtime (s): 0.2864511013031006
Finished EM iter: 9. Current nllh: 10504.59916961731
Starting EM iter: 10
Estep
Estep runtime (s): 0.14831995964050293
Mstep
Optimizing phi
Optimizing branch lengths. Current phi: 0. Current nu:0.2916267581379327
Optimizing nu
Mstep runtime (s): 0.3037989139556885
Finished EM iter: 10. Current nllh: 10504.593224734475
Starting EM iter: 11
Estep
Estep runtime (s): 0.14850687980651855
Mstep
Optimizing phi
Optimizing branch lengths. Current phi: 0. Current nu:0.29167207861260813
Optimizing nu
Mstep runtime (s): 0.34861016273498535
Finished EM iter: 11. Current nllh: 10504.589017244669
Starting EM iter: 12
Estep
Estep runtime (s): 0.14826011657714844
Mstep
Optimizing phi
Optimizing branch lengths. Current phi: 0. Current nu:0.2917076288242466
Optimizing nu
Mstep runtime (s): 0.3141779899597168
Finished EM iter: 12. Current nllh: 10504.585957272562
Starting EM iter: 13
Estep
Estep runtime (s): 0.15033292770385742
Mstep
Optimizing phi
Optimizing branch lengths. Current phi: 0. Current nu:0.29173613714629215
Optimizing nu
Mstep runtime (s): 0.3293881416320801
Finished EM iter: 13. Current nllh: 10504.583690040363
Starting EM iter: 14
Estep
Estep runtime (s): 0.1537158489227295
Mstep
Optimizing phi
Optimizing branch lengths. Current phi: 0. Current nu:0.29175926542846753
Optimizing nu
Mstep runtime (s): 0.3129901885986328
Finished EM iter: 14. Current nllh: 10504.581968295284
Starting EM iter: 15
Estep
Estep runtime (s): 0.1496140956878662
Mstep
Optimizing phi
Optimizing branch lengths. Current phi: 0. Current nu:0.2917786217076385
Optimizing nu
Mstep runtime (s): 0.3251078128814697
Finished EM iter: 15. Current nllh: 10504.580605179115
Starting EM iter: 16
Estep
Estep runtime (s): 0.14963412284851074
Mstep
Optimizing phi
Optimizing branch lengths. Current phi: 0. Current nu:0.29179344343195046
Optimizing nu
Mstep runtime (s): 0.2982478141784668
Finished EM iter: 16. Current nllh: 10504.57962457052
Starting EM iter: 17
Estep
Estep runtime (s): 0.1528170108795166
Mstep
Optimizing phi
Optimizing branch lengths. Current phi: 0. Current nu:0.29180807795897595
Optimizing nu
Mstep runtime (s): 0.306380033493042
Finished EM iter: 17. Current nllh: 10504.578790054971
Starting EM iter: 18
Estep
Estep runtime (s): 0.15055418014526367
Mstep
Optimizing phi
Optimizing branch lengths. Current phi: 0. Current nu:0.29182009265103126
Optimizing nu
Mstep runtime (s): 0.3133718967437744
Finished EM iter: 18. Current nllh: 10504.578121053488
Starting EM iter: 19
Estep
Estep runtime (s): 0.1514720916748047
Mstep
Optimizing phi
Optimizing branch lengths. Current phi: 0. Current nu:0.29183057718548433
Optimizing nu
Mstep runtime (s): 0.3247518539428711
Finished EM iter: 19. Current nllh: 10504.577554156407
Starting EM iter: 20
Estep
Estep runtime (s): 0.15316510200500488
Mstep
Optimizing phi
Optimizing branch lengths. Current phi: 0. Current nu:0.2918373056727209
Optimizing nu
Mstep runtime (s): 0.30318474769592285
Finished EM iter: 20. Current nllh: 10504.577196466056
Starting EM iter: 21
Estep
Estep runtime (s): 0.1543741226196289
Mstep
Optimizing phi
Optimizing branch lengths. Current phi: 0. Current nu:0.29184635184333974
Optimizing nu
Mstep runtime (s): 0.3172640800476074
Finished EM iter: 21. Current nllh: 10504.576815575687
Starting EM iter: 22
Estep
Estep runtime (s): 0.15191078186035156
Mstep
Optimizing phi
Optimizing branch lengths. Current phi: 0. Current nu:0.2918531703754203
Optimizing nu
Mstep runtime (s): 0.2996101379394531
Finished EM iter: 22. Current nllh: 10504.576525108196
Starting EM iter: 23
Estep
Estep runtime (s): 0.15122389793395996
Mstep
Optimizing phi
Optimizing branch lengths. Current phi: 0. Current nu:0.29185863520864136
Optimizing nu
Mstep runtime (s): 0.30677080154418945
Finished EM iter: 23. Current nllh: 10504.576273106104
Starting EM iter: 24
Estep
Estep runtime (s): 0.14986109733581543
Mstep
Optimizing phi
Optimizing branch lengths. Current phi: 0. Current nu:0.2918642104658312
Optimizing nu
Mstep runtime (s): 0.3809928894042969
Finished EM iter: 24. Current nllh: 10504.575943405202
Starting EM iter: 25
Estep
Estep runtime (s): 0.15114712715148926
Mstep
Optimizing phi
Optimizing branch lengths. Current phi: 0. Current nu:0.2918680451326488
Optimizing nu
Mstep runtime (s): 0.29204511642456055
Finished EM iter: 25. Current nllh: 10504.575893243727
EM finished after 25 iterations.
Optimal phi: 0. Optimal nu: 0.29187260761490136. Optimal nllh: 10504.575893243727
Optimal point found for initial point 1
Numerical optimization finished successfully
Tree height pre-scaling: 0.6861944514816981, input timescale: 1.0
Tree height after scaling: 0.9999999999999998, mutation rate: 0.6861944514816981
Tree height pre-scaling: 0.6861944515808397, input timescale: 1.0
Tree height after scaling: 1.0, mutation rate: 0.6861944515808397
Tree height pre-scaling: 0.6861944520213287, input timescale: 1.0
Tree height after scaling: 1.0, mutation rate: 0.6861944520213287
Tree height pre-scaling: 0.6861944515856258, input timescale: 1.0
Tree height after scaling: 1.0, mutation rate: 0.6861944515856258
Tree height pre-scaling: 0.6861944516132007, input timescale: 1.0
Tree height after scaling: 1.0, mutation rate: 0.6861944516132007
Tree height pre-scaling: 0.6861944514779836, input timescale: 1.0
Tree height after scaling: 1.0, mutation rate: 0.6861944514779836
Tree height pre-scaling: 0.6861944515062258, input timescale: 1.0
Tree height after scaling: 1.0, mutation rate: 0.6861944515062258
Tree height pre-scaling: 0.6861944515136568, input timescale: 1.0
Tree height after scaling: 1.0, mutation rate: 0.6861944515136568
Tree height pre-scaling: 0.6861944515819854, input timescale: 1.0
Tree height after scaling: 1.0000000000000002, mutation rate: 0.6861944515819854
Tree height pre-scaling: 0.6861944515917184, input timescale: 1.0
Tree height after scaling: 1.0, mutation rate: 0.6861944515917184
Tree height pre-scaling: 0.6861944514597791, input timescale: 1.0
Tree height after scaling: 1.0, mutation rate: 0.6861944514597791
Tree height pre-scaling: 0.6861944515391999, input timescale: 1.0
Tree height after scaling: 1.0, mutation rate: 0.6861944515391999
Tree height pre-scaling: 0.6861944515122773, input timescale: 1.0
Tree height after scaling: 1.0, mutation rate: 0.6861944515122773
Tree height pre-scaling: 0.6861944513786127, input timescale: 1.0
Tree height after scaling: 0.9999999999999999, mutation rate: 0.6861944513786127
Tree height pre-scaling: 0.6861944515286318, input timescale: 1.0
Tree height after scaling: 1.0, mutation rate: 0.6861944515286318
Tree height pre-scaling: 0.6861944516085048, input timescale: 1.0
Tree height after scaling: 1.0, mutation rate: 0.6861944516085048
Tree height pre-scaling: 0.6861944514562696, input timescale: 1.0
Tree height after scaling: 1.0, mutation rate: 0.6861944514562696
Runtime (s): 12.853616666999999
