Launching LAML version 0.0.4
LAML was called as follows: /Users/uym2/my_gits/LAML/run_laml.py -c ../../evaluation/Bar10/Bar10_character_matrix.txt -t place_outlier1/augmented_tree_411.nwk -o place_outlier1/augmented_tree_411_optimized -v -p ../../evaluation/Bar10/Bar10_priors.pickle --delimiter tab -m -1 --nInitials 1
Prior keys mismatch with site names.
Prior keys: [0, 1, 2, 3, 4, 5, 6, 7, 8, 9, 10, 11, 12, 13, 14, 15, 16, 17, 18, 19, 20, 21, 22, 23, 24, 25, 26, 27, 28, 29]
Site names: ['r1', 'r2', 'r3', 'r4', 'r5', 'r6', 'r7', 'r8', 'r9', 'r10', 'r11', 'r12', 'r13', 'r14', 'r15', 'r16', 'r17', 'r18', 'r19', 'r20', 'r21', 'r22', 'r23', 'r24', 'r25', 'r26', 'r27', 'r28', 'r29', 'r30']
Attempting to infer mapping between site names and prior keys...
{'r1': 0, 'r2': 1, 'r3': 2, 'r4': 3, 'r5': 4, 'r6': 5, 'r7': 6, 'r8': 7, 'r9': 8, 'r10': 9, 'r11': 10, 'r12': 11, 'r13': 12, 'r14': 13, 'r15': 14, 'r16': 15, 'r17': 16, 'r18': 17, 'r19': 18, 'r20': 19, 'r21': 20, 'r22': 21, 'r23': 22, 'r24': 23, 'r25': 24, 'r26': 25, 'r27': 26, 'r28': 27, 'r29': 28, 'r30': 29}
Optimizing branch lengths, phi, and nu without topology search
Optimization by EM algorithm
Optimization start with 1 initials
Initial point 1. Random seed: 6515
Numerical optimization started with ultrametric constraint (default)
Initial phi: 0. Initial nu: 0.26955655566205877. Initial nllh: 13229.49934495379
Starting EM iter: 1
Estep
Estep runtime (s): 0.11516213417053223
Mstep
Optimizing phi
Optimizing branch lengths. Current phi: 0. Current nu:0.26955655566205877
Optimizing nu
Mstep runtime (s): 0.3201720714569092
Finished EM iter: 1. Current nllh: 10781.913615240966
Starting EM iter: 2
Estep
Estep runtime (s): 0.15222620964050293
Mstep
Optimizing phi
Optimizing branch lengths. Current phi: 0. Current nu:0.28042920773354374
Optimizing nu
Mstep runtime (s): 0.3153343200683594
Finished EM iter: 2. Current nllh: 10762.101830707672
Starting EM iter: 3
Estep
Estep runtime (s): 0.1542658805847168
Mstep
Optimizing phi
Optimizing branch lengths. Current phi: 0. Current nu:0.2812725433310455
Optimizing nu
Mstep runtime (s): 0.32236480712890625
Finished EM iter: 3. Current nllh: 10760.391949066532
Starting EM iter: 4
Estep
Estep runtime (s): 0.1551511287689209
Mstep
Optimizing phi
Optimizing branch lengths. Current phi: 0. Current nu:0.28122146971965306
Optimizing nu
Mstep runtime (s): 0.30347180366516113
Finished EM iter: 4. Current nllh: 10760.033623664127
Starting EM iter: 5
Estep
Estep runtime (s): 0.15414094924926758
Mstep
Optimizing phi
Optimizing branch lengths. Current phi: 0. Current nu:0.2812932067851937
Optimizing nu
Mstep runtime (s): 0.3519408702850342
Finished EM iter: 5. Current nllh: 10759.939125796007
Starting EM iter: 6
Estep
Estep runtime (s): 0.15419983863830566
Mstep
Optimizing phi
Optimizing branch lengths. Current phi: 0. Current nu:0.2814008092505205
Optimizing nu
Mstep runtime (s): 0.3349120616912842
Finished EM iter: 6. Current nllh: 10759.897146965213
Starting EM iter: 7
Estep
Estep runtime (s): 0.15541505813598633
Mstep
Optimizing phi
Optimizing branch lengths. Current phi: 0. Current nu:0.2815003288043989
Optimizing nu
Mstep runtime (s): 0.3057589530944824
Finished EM iter: 7. Current nllh: 10759.881046494347
Starting EM iter: 8
Estep
Estep runtime (s): 0.15561604499816895
Mstep
Optimizing phi
Optimizing branch lengths. Current phi: 0. Current nu:0.2815789249337137
Optimizing nu
Mstep runtime (s): 0.3322482109069824
Finished EM iter: 8. Current nllh: 10759.871107580466
Starting EM iter: 9
Estep
Estep runtime (s): 0.15425515174865723
Mstep
Optimizing phi
Optimizing branch lengths. Current phi: 0. Current nu:0.28164040841632315
Optimizing nu
Mstep runtime (s): 0.3310890197753906
Finished EM iter: 9. Current nllh: 10759.864654771007
Starting EM iter: 10
Estep
Estep runtime (s): 0.15316510200500488
Mstep
Optimizing phi
Optimizing branch lengths. Current phi: 0. Current nu:0.2816885483715447
Optimizing nu
Mstep runtime (s): 0.33621692657470703
Finished EM iter: 10. Current nllh: 10759.859985743136
Starting EM iter: 11
Estep
Estep runtime (s): 0.15323328971862793
Mstep
Optimizing phi
Optimizing branch lengths. Current phi: 0. Current nu:0.28172804783184585
Optimizing nu
Mstep runtime (s): 0.3137838840484619
Finished EM iter: 11. Current nllh: 10759.857048653555
Starting EM iter: 12
Estep
Estep runtime (s): 0.1525428295135498
Mstep
Optimizing phi
Optimizing branch lengths. Current phi: 0. Current nu:0.28175621721813543
Optimizing nu
Mstep runtime (s): 0.3053128719329834
Finished EM iter: 12. Current nllh: 10759.854830047849
Starting EM iter: 13
Estep
Estep runtime (s): 0.1514291763305664
Mstep
Optimizing phi
Optimizing branch lengths. Current phi: 0. Current nu:0.281779921250562
Optimizing nu
Mstep runtime (s): 0.3601868152618408
Finished EM iter: 13. Current nllh: 10759.853117131275
Starting EM iter: 14
Estep
Estep runtime (s): 0.1538410186767578
Mstep
Optimizing phi
Optimizing branch lengths. Current phi: 0. Current nu:0.28179919397272585
Optimizing nu
Mstep runtime (s): 0.31365299224853516
Finished EM iter: 14. Current nllh: 10759.85179041312
Starting EM iter: 15
Estep
Estep runtime (s): 0.15105891227722168
Mstep
Optimizing phi
Optimizing branch lengths. Current phi: 0. Current nu:0.2818161496461458
Optimizing nu
Mstep runtime (s): 0.31481504440307617
Finished EM iter: 15. Current nllh: 10759.850990080027
Starting EM iter: 16
Estep
Estep runtime (s): 0.14792919158935547
Mstep
Optimizing phi
Optimizing branch lengths. Current phi: 0. Current nu:0.2818294357177025
Optimizing nu
Mstep runtime (s): 0.31604576110839844
Finished EM iter: 16. Current nllh: 10759.850271397056
Starting EM iter: 17
Estep
Estep runtime (s): 0.15003013610839844
Mstep
Optimizing phi
Optimizing branch lengths. Current phi: 0. Current nu:0.28184054071205683
Optimizing nu
Mstep runtime (s): 0.28832101821899414
Finished EM iter: 17. Current nllh: 10759.849710978946
Starting EM iter: 18
Estep
Estep runtime (s): 0.14722299575805664
Mstep
Optimizing phi
Optimizing branch lengths. Current phi: 0. Current nu:0.2818499939527408
Optimizing nu
Mstep runtime (s): 0.3447589874267578
Finished EM iter: 18. Current nllh: 10759.849167298364
Starting EM iter: 19
Estep
Estep runtime (s): 0.15329408645629883
Mstep
Optimizing phi
Optimizing branch lengths. Current phi: 0. Current nu:0.2818580559752995
Optimizing nu
Mstep runtime (s): 0.3364851474761963
Finished EM iter: 19. Current nllh: 10759.848842645035
Starting EM iter: 20
Estep
Estep runtime (s): 0.14776229858398438
Mstep
Optimizing phi
Optimizing branch lengths. Current phi: 0. Current nu:0.2818648281750963
Optimizing nu
Mstep runtime (s): 0.31158018112182617
Finished EM iter: 20. Current nllh: 10759.848631970837
Starting EM iter: 21
Estep
Estep runtime (s): 0.14759302139282227
Mstep
Optimizing phi
Optimizing branch lengths. Current phi: 0. Current nu:0.2818708360487328
Optimizing nu
Mstep runtime (s): 0.3526480197906494
Finished EM iter: 21. Current nllh: 10759.84833591234
Starting EM iter: 22
Estep
Estep runtime (s): 0.1472949981689453
Mstep
Optimizing phi
Optimizing branch lengths. Current phi: 0. Current nu:0.2818758858776193
Optimizing nu
Mstep runtime (s): 0.28172993659973145
Finished EM iter: 22. Current nllh: 10759.84820437283
Starting EM iter: 23
Estep
Estep runtime (s): 0.14746308326721191
Mstep
Optimizing phi
Optimizing branch lengths. Current phi: 0. Current nu:0.2818805223968843
Optimizing nu
Mstep runtime (s): 0.3438539505004883
Finished EM iter: 23. Current nllh: 10759.847949817706
Starting EM iter: 24
Estep
Estep runtime (s): 0.14753365516662598
Mstep
Optimizing phi
Optimizing branch lengths. Current phi: 0. Current nu:0.28188452628423993
Optimizing nu
Mstep runtime (s): 0.33194994926452637
Finished EM iter: 24. Current nllh: 10759.84790514843
EM finished after 24 iterations.
Optimal phi: 0. Optimal nu: 0.28188795473860584. Optimal nllh: 10759.84790514843
Optimal point found for initial point 1
Numerical optimization finished successfully
Tree height pre-scaling: 0.6880360093684572, input timescale: 1.0
Tree height after scaling: 0.9999999999999999, mutation rate: 0.6880360093684572
Tree height pre-scaling: 0.6880360094013609, input timescale: 1.0
Tree height after scaling: 1.0, mutation rate: 0.6880360094013609
Tree height pre-scaling: 0.6880360094546528, input timescale: 1.0
Tree height after scaling: 1.0, mutation rate: 0.6880360094546528
Tree height pre-scaling: 0.6880360093329145, input timescale: 1.0
Tree height after scaling: 1.0, mutation rate: 0.6880360093329145
Tree height pre-scaling: 0.6880360093030475, input timescale: 1.0
Tree height after scaling: 1.0, mutation rate: 0.6880360093030475
Tree height pre-scaling: 0.688036009420864, input timescale: 1.0
Tree height after scaling: 1.0, mutation rate: 0.688036009420864
Tree height pre-scaling: 0.6880360094144216, input timescale: 1.0
Tree height after scaling: 1.0, mutation rate: 0.6880360094144216
Tree height pre-scaling: 0.6880360093818465, input timescale: 1.0
Tree height after scaling: 1.0, mutation rate: 0.6880360093818465
Tree height pre-scaling: 0.6880360093969685, input timescale: 1.0
Tree height after scaling: 1.0, mutation rate: 0.6880360093969685
Tree height pre-scaling: 0.6880360094450779, input timescale: 1.0
Tree height after scaling: 1.0, mutation rate: 0.6880360094450779
Tree height pre-scaling: 0.6880360093618447, input timescale: 1.0
Tree height after scaling: 1.0, mutation rate: 0.6880360093618447
Tree height pre-scaling: 0.6880360093984919, input timescale: 1.0
Tree height after scaling: 1.0, mutation rate: 0.6880360093984919
Tree height pre-scaling: 0.6880360093660204, input timescale: 1.0
Tree height after scaling: 1.0, mutation rate: 0.6880360093660204
Tree height pre-scaling: 0.688036009448922, input timescale: 1.0
Tree height after scaling: 1.0, mutation rate: 0.688036009448922
Tree height pre-scaling: 0.688036009390389, input timescale: 1.0
Tree height after scaling: 0.9999999999999999, mutation rate: 0.688036009390389
Tree height pre-scaling: 0.6880360097914936, input timescale: 1.0
Tree height after scaling: 1.0, mutation rate: 0.6880360097914936
Tree height pre-scaling: 0.688036009377009, input timescale: 1.0
Tree height after scaling: 1.0000000000000002, mutation rate: 0.688036009377009
Runtime (s): 12.652796875
