Launching LAML version 0.0.4
LAML was called as follows: /Users/uym2/my_gits/LAML/run_laml.py -c ../../evaluation/Bar10/Bar10_character_matrix.txt -t place_outlier1/augmented_tree_19.nwk -o place_outlier1/augmented_tree_19_optimized -v -p ../../evaluation/Bar10/Bar10_priors.pickle --delimiter tab -m -1 --nInitials 1
Prior keys mismatch with site names.
Prior keys: [0, 1, 2, 3, 4, 5, 6, 7, 8, 9, 10, 11, 12, 13, 14, 15, 16, 17, 18, 19, 20, 21, 22, 23, 24, 25, 26, 27, 28, 29]
Site names: ['r1', 'r2', 'r3', 'r4', 'r5', 'r6', 'r7', 'r8', 'r9', 'r10', 'r11', 'r12', 'r13', 'r14', 'r15', 'r16', 'r17', 'r18', 'r19', 'r20', 'r21', 'r22', 'r23', 'r24', 'r25', 'r26', 'r27', 'r28', 'r29', 'r30']
Attempting to infer mapping between site names and prior keys...
{'r1': 0, 'r2': 1, 'r3': 2, 'r4': 3, 'r5': 4, 'r6': 5, 'r7': 6, 'r8': 7, 'r9': 8, 'r10': 9, 'r11': 10, 'r12': 11, 'r13': 12, 'r14': 13, 'r15': 14, 'r16': 15, 'r17': 16, 'r18': 17, 'r19': 18, 'r20': 19, 'r21': 20, 'r22': 21, 'r23': 22, 'r24': 23, 'r25': 24, 'r26': 25, 'r27': 26, 'r28': 27, 'r29': 28, 'r30': 29}
Optimizing branch lengths, phi, and nu without topology search
Optimization by EM algorithm
Optimization start with 1 initials
Initial point 1. Random seed: 7820
Numerical optimization started with ultrametric constraint (default)
Initial phi: 0. Initial nu: 0.26955655566205877. Initial nllh: 12741.724316081103
Starting EM iter: 1
Estep
Estep runtime (s): 0.14394879341125488
Mstep
Optimizing phi
Optimizing branch lengths. Current phi: 0. Current nu:0.26955655566205877
Optimizing nu
Mstep runtime (s): 0.545562744140625
Finished EM iter: 1. Current nllh: 10523.89837153427
Starting EM iter: 2
Estep
Estep runtime (s): 0.19199299812316895
Mstep
Optimizing phi
Optimizing branch lengths. Current phi: 0. Current nu:0.285721171036074
Optimizing nu
Mstep runtime (s): 0.47515273094177246
Finished EM iter: 2. Current nllh: 10509.842107171567
Starting EM iter: 3
Estep
Estep runtime (s): 0.19158196449279785
Mstep
Optimizing phi
Optimizing branch lengths. Current phi: 0. Current nu:0.2892316921874914
Optimizing nu
Mstep runtime (s): 0.4489419460296631
Finished EM iter: 3. Current nllh: 10508.657107426308
Starting EM iter: 4
Estep
Estep runtime (s): 0.19148802757263184
Mstep
Optimizing phi
Optimizing branch lengths. Current phi: 0. Current nu:0.2902729893470805
Optimizing nu
Mstep runtime (s): 0.4138309955596924
Finished EM iter: 4. Current nllh: 10508.469392981107
Starting EM iter: 5
Estep
Estep runtime (s): 0.19349288940429688
Mstep
Optimizing phi
Optimizing branch lengths. Current phi: 0. Current nu:0.2907486330312746
Optimizing nu
Mstep runtime (s): 0.445904016494751
Finished EM iter: 5. Current nllh: 10508.404624203491
Starting EM iter: 6
Estep
Estep runtime (s): 0.1928238868713379
Mstep
Optimizing phi
Optimizing branch lengths. Current phi: 0. Current nu:0.29100730051132806
Optimizing nu
Mstep runtime (s): 0.4129610061645508
Finished EM iter: 6. Current nllh: 10508.373808259965
Starting EM iter: 7
Estep
Estep runtime (s): 0.192061185836792
Mstep
Optimizing phi
Optimizing branch lengths. Current phi: 0. Current nu:0.29116584452228833
Optimizing nu
Mstep runtime (s): 0.3787698745727539
Finished EM iter: 7. Current nllh: 10508.356410216531
Starting EM iter: 8
Estep
Estep runtime (s): 0.19275379180908203
Mstep
Optimizing phi
Optimizing branch lengths. Current phi: 0. Current nu:0.29126957427720507
Optimizing nu
Mstep runtime (s): 0.42632555961608887
Finished EM iter: 8. Current nllh: 10508.345542215764
Starting EM iter: 9
Estep
Estep runtime (s): 0.1940910816192627
Mstep
Optimizing phi
Optimizing branch lengths. Current phi: 0. Current nu:0.2913423040324114
Optimizing nu
Mstep runtime (s): 0.3896188735961914
Finished EM iter: 9. Current nllh: 10508.338401674637
Starting EM iter: 10
Estep
Estep runtime (s): 0.1917870044708252
Mstep
Optimizing phi
Optimizing branch lengths. Current phi: 0. Current nu:0.29139529172519674
Optimizing nu
Mstep runtime (s): 0.3681449890136719
Finished EM iter: 10. Current nllh: 10508.333478852186
Starting EM iter: 11
Estep
Estep runtime (s): 0.19312787055969238
Mstep
Optimizing phi
Optimizing branch lengths. Current phi: 0. Current nu:0.29143554637202573
Optimizing nu
Mstep runtime (s): 0.4279758930206299
Finished EM iter: 11. Current nllh: 10508.32996209785
Starting EM iter: 12
Estep
Estep runtime (s): 0.19207191467285156
Mstep
Optimizing phi
Optimizing branch lengths. Current phi: 0. Current nu:0.29146781104983377
Optimizing nu
Mstep runtime (s): 0.3853800296783447
Finished EM iter: 12. Current nllh: 10508.327379356442
Starting EM iter: 13
Estep
Estep runtime (s): 0.19463324546813965
Mstep
Optimizing phi
Optimizing branch lengths. Current phi: 0. Current nu:0.2914937845354648
Optimizing nu
Mstep runtime (s): 0.4507582187652588
Finished EM iter: 13. Current nllh: 10508.325394455409
Starting EM iter: 14
Estep
Estep runtime (s): 0.19625616073608398
Mstep
Optimizing phi
Optimizing branch lengths. Current phi: 0. Current nu:0.2915137401328926
Optimizing nu
Mstep runtime (s): 0.4274160861968994
Finished EM iter: 14. Current nllh: 10508.323906933325
Starting EM iter: 15
Estep
Estep runtime (s): 0.19260907173156738
Mstep
Optimizing phi
Optimizing branch lengths. Current phi: 0. Current nu:0.29153056022404356
Optimizing nu
Mstep runtime (s): 0.39680910110473633
Finished EM iter: 15. Current nllh: 10508.322868631873
Starting EM iter: 16
Estep
Estep runtime (s): 0.1924748420715332
Mstep
Optimizing phi
Optimizing branch lengths. Current phi: 0. Current nu:0.29154717176858536
Optimizing nu
Mstep runtime (s): 0.4433910846710205
Finished EM iter: 16. Current nllh: 10508.321847477459
Starting EM iter: 17
Estep
Estep runtime (s): 0.19394993782043457
Mstep
Optimizing phi
Optimizing branch lengths. Current phi: 0. Current nu:0.29155831196933046
Optimizing nu
Mstep runtime (s): 0.37711381912231445
Finished EM iter: 17. Current nllh: 10508.321262376321
Starting EM iter: 18
Estep
Estep runtime (s): 0.19408702850341797
Mstep
Optimizing phi
Optimizing branch lengths. Current phi: 0. Current nu:0.29157047137001235
Optimizing nu
Mstep runtime (s): 0.41092681884765625
Finished EM iter: 18. Current nllh: 10508.320673757466
Starting EM iter: 19
Estep
Estep runtime (s): 0.19645309448242188
Mstep
Optimizing phi
Optimizing branch lengths. Current phi: 0. Current nu:0.2915797462444977
Optimizing nu
Mstep runtime (s): 0.42038679122924805
Finished EM iter: 19. Current nllh: 10508.320075166788
Starting EM iter: 20
Estep
Estep runtime (s): 0.1970517635345459
Mstep
Optimizing phi
Optimizing branch lengths. Current phi: 0. Current nu:0.29158677994042154
Optimizing nu
Mstep runtime (s): 0.36331987380981445
Finished EM iter: 20. Current nllh: 10508.319846596005
Starting EM iter: 21
Estep
Estep runtime (s): 0.19347000122070312
Mstep
Optimizing phi
Optimizing branch lengths. Current phi: 0. Current nu:0.2915948494489678
Optimizing nu
Mstep runtime (s): 0.3766920566558838
Finished EM iter: 21. Current nllh: 10508.319514794392
Starting EM iter: 22
Estep
Estep runtime (s): 0.1954507827758789
Mstep
Optimizing phi
Optimizing branch lengths. Current phi: 0. Current nu:0.29160114484109567
Optimizing nu
Mstep runtime (s): 0.43103504180908203
Finished EM iter: 22. Current nllh: 10508.319150678544
Starting EM iter: 23
Estep
Estep runtime (s): 0.1942429542541504
Mstep
Optimizing phi
Optimizing branch lengths. Current phi: 0. Current nu:0.29160565879081135
Optimizing nu
Mstep runtime (s): 0.38275599479675293
Finished EM iter: 23. Current nllh: 10508.31905135191
EM finished after 23 iterations.
Optimal phi: 0. Optimal nu: 0.291610946494093. Optimal nllh: 10508.31905135191
Optimal point found for initial point 1
Numerical optimization finished successfully
Tree height pre-scaling: 0.6867400634370888, input timescale: 1.0
Tree height after scaling: 1.0, mutation rate: 0.6867400634370888
Tree height pre-scaling: 0.686740063481203, input timescale: 1.0
Tree height after scaling: 1.0, mutation rate: 0.686740063481203
Tree height pre-scaling: 0.6867400636672694, input timescale: 1.0
Tree height after scaling: 1.0, mutation rate: 0.6867400636672694
Tree height pre-scaling: 0.6867400634850087, input timescale: 1.0
Tree height after scaling: 1.0, mutation rate: 0.6867400634850087
Tree height pre-scaling: 0.6867400634949341, input timescale: 1.0
Tree height after scaling: 1.0, mutation rate: 0.6867400634949341
Tree height pre-scaling: 0.6867400634338687, input timescale: 1.0
Tree height after scaling: 0.9999999999999999, mutation rate: 0.6867400634338687
Tree height pre-scaling: 0.686740063449706, input timescale: 1.0
Tree height after scaling: 1.0, mutation rate: 0.686740063449706
Tree height pre-scaling: 0.6867400634482037, input timescale: 1.0
Tree height after scaling: 1.0, mutation rate: 0.6867400634482037
Tree height pre-scaling: 0.6867400634838904, input timescale: 1.0
Tree height after scaling: 1.0, mutation rate: 0.6867400634838904
Tree height pre-scaling: 0.686740063486203, input timescale: 1.0
Tree height after scaling: 1.0, mutation rate: 0.686740063486203
Tree height pre-scaling: 0.686740063428922, input timescale: 1.0
Tree height after scaling: 1.0, mutation rate: 0.686740063428922
Tree height pre-scaling: 0.6867400634630514, input timescale: 1.0
Tree height after scaling: 1.0, mutation rate: 0.6867400634630514
Tree height pre-scaling: 0.6867400634502383, input timescale: 1.0
Tree height after scaling: 1.0, mutation rate: 0.6867400634502383
Tree height pre-scaling: 0.686740063391955, input timescale: 1.0
Tree height after scaling: 0.9999999999999998, mutation rate: 0.686740063391955
Tree height pre-scaling: 0.6867400633963067, input timescale: 1.0
Tree height after scaling: 1.0, mutation rate: 0.6867400633963067
Tree height pre-scaling: 0.686740063456355, input timescale: 1.0
Tree height after scaling: 1.0, mutation rate: 0.686740063456355
Tree height pre-scaling: 0.6867400634803675, input timescale: 1.0
Tree height after scaling: 1.0, mutation rate: 0.6867400634803675
Runtime (s): 15.596538207999998
