Launching LAML version 0.0.4
LAML was called as follows: /Users/uym2/my_gits/LAML/run_laml.py -c ../../evaluation/Bar10/Bar10_character_matrix.txt -t place_outlier1/augmented_tree_282.nwk -o place_outlier1/augmented_tree_282_optimized -v -p ../../evaluation/Bar10/Bar10_priors.pickle --delimiter tab -m -1 --nInitials 1
Prior keys mismatch with site names.
Prior keys: [0, 1, 2, 3, 4, 5, 6, 7, 8, 9, 10, 11, 12, 13, 14, 15, 16, 17, 18, 19, 20, 21, 22, 23, 24, 25, 26, 27, 28, 29]
Site names: ['r1', 'r2', 'r3', 'r4', 'r5', 'r6', 'r7', 'r8', 'r9', 'r10', 'r11', 'r12', 'r13', 'r14', 'r15', 'r16', 'r17', 'r18', 'r19', 'r20', 'r21', 'r22', 'r23', 'r24', 'r25', 'r26', 'r27', 'r28', 'r29', 'r30']
Attempting to infer mapping between site names and prior keys...
{'r1': 0, 'r2': 1, 'r3': 2, 'r4': 3, 'r5': 4, 'r6': 5, 'r7': 6, 'r8': 7, 'r9': 8, 'r10': 9, 'r11': 10, 'r12': 11, 'r13': 12, 'r14': 13, 'r15': 14, 'r16': 15, 'r17': 16, 'r18': 17, 'r19': 18, 'r20': 19, 'r21': 20, 'r22': 21, 'r23': 22, 'r24': 23, 'r25': 24, 'r26': 25, 'r27': 26, 'r28': 27, 'r29': 28, 'r30': 29}
Optimizing branch lengths, phi, and nu without topology search
Optimization by EM algorithm
Optimization start with 1 initials
Initial point 1. Random seed: 6518
Numerical optimization started with ultrametric constraint (default)
Initial phi: 0. Initial nu: 0.26955655566205877. Initial nllh: 13135.150028902995
Starting EM iter: 1
Estep
Estep runtime (s): 0.10791993141174316
Mstep
Optimizing phi
Optimizing branch lengths. Current phi: 0. Current nu:0.26955655566205877
Optimizing nu
Mstep runtime (s): 0.36779117584228516
Finished EM iter: 1. Current nllh: 10670.331665140931
Starting EM iter: 2
Estep
Estep runtime (s): 0.14590692520141602
Mstep
Optimizing phi
Optimizing branch lengths. Current phi: 0. Current nu:0.28196243545477745
Optimizing nu
Mstep runtime (s): 0.29386425018310547
Finished EM iter: 2. Current nllh: 10653.330022509386
Starting EM iter: 3
Estep
Estep runtime (s): 0.14925789833068848
Mstep
Optimizing phi
Optimizing branch lengths. Current phi: 0. Current nu:0.28480560108030606
Optimizing nu
Mstep runtime (s): 0.29911088943481445
Finished EM iter: 3. Current nllh: 10651.341085507665
Starting EM iter: 4
Estep
Estep runtime (s): 0.14780116081237793
Mstep
Optimizing phi
Optimizing branch lengths. Current phi: 0. Current nu:0.28558588836425614
Optimizing nu
Mstep runtime (s): 0.30308103561401367
Finished EM iter: 4. Current nllh: 10650.877588940413
Starting EM iter: 5
Estep
Estep runtime (s): 0.15092802047729492
Mstep
Optimizing phi
Optimizing branch lengths. Current phi: 0. Current nu:0.2859126868130864
Optimizing nu
Mstep runtime (s): 0.28903794288635254
Finished EM iter: 5. Current nllh: 10650.736824253809
Starting EM iter: 6
Estep
Estep runtime (s): 0.1449747085571289
Mstep
Optimizing phi
Optimizing branch lengths. Current phi: 0. Current nu:0.2861023245916988
Optimizing nu
Mstep runtime (s): 0.340533971786499
Finished EM iter: 6. Current nllh: 10650.680504242497
Starting EM iter: 7
Estep
Estep runtime (s): 0.14491009712219238
Mstep
Optimizing phi
Optimizing branch lengths. Current phi: 0. Current nu:0.28623107174191303
Optimizing nu
Mstep runtime (s): 0.2879149913787842
Finished EM iter: 7. Current nllh: 10650.65196771923
Starting EM iter: 8
Estep
Estep runtime (s): 0.14491701126098633
Mstep
Optimizing phi
Optimizing branch lengths. Current phi: 0. Current nu:0.2863227070421056
Optimizing nu
Mstep runtime (s): 0.3256797790527344
Finished EM iter: 8. Current nllh: 10650.640965609497
Starting EM iter: 9
Estep
Estep runtime (s): 0.15076398849487305
Mstep
Optimizing phi
Optimizing branch lengths. Current phi: 0. Current nu:0.2863888038485518
Optimizing nu
Mstep runtime (s): 0.2827188968658447
Finished EM iter: 9. Current nllh: 10650.633848223975
Starting EM iter: 10
Estep
Estep runtime (s): 0.14501404762268066
Mstep
Optimizing phi
Optimizing branch lengths. Current phi: 0. Current nu:0.2864403804426379
Optimizing nu
Mstep runtime (s): 0.33269596099853516
Finished EM iter: 10. Current nllh: 10650.629068388198
Starting EM iter: 11
Estep
Estep runtime (s): 0.1448531150817871
Mstep
Optimizing phi
Optimizing branch lengths. Current phi: 0. Current nu:0.2864772863287996
Optimizing nu
Mstep runtime (s): 0.29912614822387695
Finished EM iter: 11. Current nllh: 10650.625543351623
Starting EM iter: 12
Estep
Estep runtime (s): 0.14496183395385742
Mstep
Optimizing phi
Optimizing branch lengths. Current phi: 0. Current nu:0.28651055362281863
Optimizing nu
Mstep runtime (s): 0.37244105339050293
Finished EM iter: 12. Current nllh: 10650.623004486335
Starting EM iter: 13
Estep
Estep runtime (s): 0.1462101936340332
Mstep
Optimizing phi
Optimizing branch lengths. Current phi: 0. Current nu:0.28653629236293915
Optimizing nu
Mstep runtime (s): 0.3326609134674072
Finished EM iter: 13. Current nllh: 10650.621107123372
Starting EM iter: 14
Estep
Estep runtime (s): 0.14641189575195312
Mstep
Optimizing phi
Optimizing branch lengths. Current phi: 0. Current nu:0.28655799767306556
Optimizing nu
Mstep runtime (s): 0.3271658420562744
Finished EM iter: 14. Current nllh: 10650.61952520756
Starting EM iter: 15
Estep
Estep runtime (s): 0.15018796920776367
Mstep
Optimizing phi
Optimizing branch lengths. Current phi: 0. Current nu:0.2865768954817443
Optimizing nu
Mstep runtime (s): 0.3093898296356201
Finished EM iter: 15. Current nllh: 10650.61857849897
Starting EM iter: 16
Estep
Estep runtime (s): 0.1471848487854004
Mstep
Optimizing phi
Optimizing branch lengths. Current phi: 0. Current nu:0.28659074392101447
Optimizing nu
Mstep runtime (s): 0.34412384033203125
Finished EM iter: 16. Current nllh: 10650.617753744613
Starting EM iter: 17
Estep
Estep runtime (s): 0.14738106727600098
Mstep
Optimizing phi
Optimizing branch lengths. Current phi: 0. Current nu:0.2866028312384419
Optimizing nu
Mstep runtime (s): 0.3193089962005615
Finished EM iter: 17. Current nllh: 10650.616975369898
Starting EM iter: 18
Estep
Estep runtime (s): 0.14594578742980957
Mstep
Optimizing phi
Optimizing branch lengths. Current phi: 0. Current nu:0.28661402332453645
Optimizing nu
Mstep runtime (s): 0.29962825775146484
Finished EM iter: 18. Current nllh: 10650.616564922333
Starting EM iter: 19
Estep
Estep runtime (s): 0.14871501922607422
Mstep
Optimizing phi
Optimizing branch lengths. Current phi: 0. Current nu:0.2866223801072533
Optimizing nu
Mstep runtime (s): 0.3141911029815674
Finished EM iter: 19. Current nllh: 10650.616173603106
Starting EM iter: 20
Estep
Estep runtime (s): 0.1472461223602295
Mstep
Optimizing phi
Optimizing branch lengths. Current phi: 0. Current nu:0.28662921018905585
Optimizing nu
Mstep runtime (s): 0.33041834831237793
Finished EM iter: 20. Current nllh: 10650.61577660296
Starting EM iter: 21
Estep
Estep runtime (s): 0.14556598663330078
Mstep
Optimizing phi
Optimizing branch lengths. Current phi: 0. Current nu:0.28663609560058284
Optimizing nu
Mstep runtime (s): 0.2982478141784668
Finished EM iter: 21. Current nllh: 10650.61555666691
Starting EM iter: 22
Estep
Estep runtime (s): 0.14581561088562012
Mstep
Optimizing phi
Optimizing branch lengths. Current phi: 0. Current nu:0.2866418225278347
Optimizing nu
Mstep runtime (s): 0.3727879524230957
Finished EM iter: 22. Current nllh: 10650.615056500295
Starting EM iter: 23
Estep
Estep runtime (s): 0.1467878818511963
Mstep
Optimizing phi
Optimizing branch lengths. Current phi: 0. Current nu:0.28664843945329765
Optimizing nu
Mstep runtime (s): 0.30070972442626953
Finished EM iter: 23. Current nllh: 10650.615087978718
EM finished after 23 iterations.
Optimal phi: 0. Optimal nu: 0.28665242456404055. Optimal nllh: 10650.615087978718
Optimal point found for initial point 1
Numerical optimization finished successfully
Tree height pre-scaling: 0.6835174439643427, input timescale: 1.0
Tree height after scaling: 1.0, mutation rate: 0.6835174439643427
Tree height pre-scaling: 0.683517444575049, input timescale: 1.0
Tree height after scaling: 1.0, mutation rate: 0.683517444575049
Tree height pre-scaling: 0.6835174472350516, input timescale: 1.0
Tree height after scaling: 1.0, mutation rate: 0.6835174472350516
Tree height pre-scaling: 0.6835174442858156, input timescale: 1.0
Tree height after scaling: 1.0, mutation rate: 0.6835174442858156
Tree height pre-scaling: 0.683517444798796, input timescale: 1.0
Tree height after scaling: 1.0, mutation rate: 0.683517444798796
Tree height pre-scaling: 0.6835174436238802, input timescale: 1.0
Tree height after scaling: 1.0, mutation rate: 0.6835174436238802
Tree height pre-scaling: 0.6835174433577886, input timescale: 1.0
Tree height after scaling: 1.0, mutation rate: 0.6835174433577886
Tree height pre-scaling: 0.6835174444791976, input timescale: 1.0
Tree height after scaling: 1.0, mutation rate: 0.6835174444791976
Tree height pre-scaling: 0.6835174443954636, input timescale: 1.0
Tree height after scaling: 1.0, mutation rate: 0.6835174443954636
Tree height pre-scaling: 0.683517444097939, input timescale: 1.0
Tree height after scaling: 1.0, mutation rate: 0.683517444097939
Tree height pre-scaling: 0.6835174442426686, input timescale: 1.0
Tree height after scaling: 1.0, mutation rate: 0.6835174442426686
Tree height pre-scaling: 0.6835174446910561, input timescale: 1.0
Tree height after scaling: 0.9999999999999999, mutation rate: 0.6835174446910561
Tree height pre-scaling: 0.6835174438953922, input timescale: 1.0
Tree height after scaling: 1.0, mutation rate: 0.6835174438953922
Tree height pre-scaling: 0.6835174442080986, input timescale: 1.0
Tree height after scaling: 1.0, mutation rate: 0.6835174442080986
Tree height pre-scaling: 0.6835174439509086, input timescale: 1.0
Tree height after scaling: 1.0, mutation rate: 0.6835174439509086
Tree height pre-scaling: 0.6835174447100676, input timescale: 1.0
Tree height after scaling: 0.9999999999999999, mutation rate: 0.6835174447100676
Tree height pre-scaling: 0.6835174431905022, input timescale: 1.0
Tree height after scaling: 1.0, mutation rate: 0.6835174431905022
Runtime (s): 11.907587333
