Launching LAML version 0.0.4
LAML was called as follows: /Users/uym2/my_gits/LAML/run_laml.py -c ../../evaluation/Bar10/Bar10_character_matrix.txt -t place_outlier1/augmented_tree_104.nwk -o place_outlier1/augmented_tree_104_optimized -v -p ../../evaluation/Bar10/Bar10_priors.pickle --delimiter tab -m -1 --nInitials 1
Prior keys mismatch with site names.
Prior keys: [0, 1, 2, 3, 4, 5, 6, 7, 8, 9, 10, 11, 12, 13, 14, 15, 16, 17, 18, 19, 20, 21, 22, 23, 24, 25, 26, 27, 28, 29]
Site names: ['r1', 'r2', 'r3', 'r4', 'r5', 'r6', 'r7', 'r8', 'r9', 'r10', 'r11', 'r12', 'r13', 'r14', 'r15', 'r16', 'r17', 'r18', 'r19', 'r20', 'r21', 'r22', 'r23', 'r24', 'r25', 'r26', 'r27', 'r28', 'r29', 'r30']
Attempting to infer mapping between site names and prior keys...
{'r1': 0, 'r2': 1, 'r3': 2, 'r4': 3, 'r5': 4, 'r6': 5, 'r7': 6, 'r8': 7, 'r9': 8, 'r10': 9, 'r11': 10, 'r12': 11, 'r13': 12, 'r14': 13, 'r15': 14, 'r16': 15, 'r17': 16, 'r18': 17, 'r19': 18, 'r20': 19, 'r21': 20, 'r22': 21, 'r23': 22, 'r24': 23, 'r25': 24, 'r26': 25, 'r27': 26, 'r28': 27, 'r29': 28, 'r30': 29}
Optimizing branch lengths, phi, and nu without topology search
Optimization by EM algorithm
Optimization start with 1 initials
Initial point 1. Random seed: 3376
Numerical optimization started with ultrametric constraint (default)
Initial phi: 0. Initial nu: 0.26955655566205877. Initial nllh: 13432.434133167515
Starting EM iter: 1
Estep
Estep runtime (s): 0.1521310806274414
Mstep
Optimizing phi
Optimizing branch lengths. Current phi: 0. Current nu:0.26955655566205877
Optimizing nu
Mstep runtime (s): 0.46237993240356445
Finished EM iter: 1. Current nllh: 11003.775619936003
Starting EM iter: 2
Estep
Estep runtime (s): 0.2053699493408203
Mstep
Optimizing phi
Optimizing branch lengths. Current phi: 0. Current nu:0.29069197590460616
Optimizing nu
Mstep runtime (s): 0.5110740661621094
Finished EM iter: 2. Current nllh: 10983.225526045931
Starting EM iter: 3
Estep
Estep runtime (s): 0.2061011791229248
Mstep
Optimizing phi
Optimizing branch lengths. Current phi: 0. Current nu:0.2957046282323739
Optimizing nu
Mstep runtime (s): 0.4264659881591797
Finished EM iter: 3. Current nllh: 10981.067762822926
Starting EM iter: 4
Estep
Estep runtime (s): 0.20551800727844238
Mstep
Optimizing phi
Optimizing branch lengths. Current phi: 0. Current nu:0.297077900004029
Optimizing nu
Mstep runtime (s): 0.40988802909851074
Finished EM iter: 4. Current nllh: 10980.726366032313
Starting EM iter: 5
Estep
Estep runtime (s): 0.20544719696044922
Mstep
Optimizing phi
Optimizing branch lengths. Current phi: 0. Current nu:0.29768392385482045
Optimizing nu
Mstep runtime (s): 0.40840983390808105
Finished EM iter: 5. Current nllh: 10980.612722058566
Starting EM iter: 6
Estep
Estep runtime (s): 0.20556306838989258
Mstep
Optimizing phi
Optimizing branch lengths. Current phi: 0. Current nu:0.29800196965086706
Optimizing nu
Mstep runtime (s): 0.42820096015930176
Finished EM iter: 6. Current nllh: 10980.557704947747
Starting EM iter: 7
Estep
Estep runtime (s): 0.20585417747497559
Mstep
Optimizing phi
Optimizing branch lengths. Current phi: 0. Current nu:0.29818420515683264
Optimizing nu
Mstep runtime (s): 0.3746628761291504
Finished EM iter: 7. Current nllh: 10980.534918866979
Starting EM iter: 8
Estep
Estep runtime (s): 0.20601105690002441
Mstep
Optimizing phi
Optimizing branch lengths. Current phi: 0. Current nu:0.2983013658236583
Optimizing nu
Mstep runtime (s): 0.44536685943603516
Finished EM iter: 8. Current nllh: 10980.520841896217
Starting EM iter: 9
Estep
Estep runtime (s): 0.2055048942565918
Mstep
Optimizing phi
Optimizing branch lengths. Current phi: 0. Current nu:0.2983823724216787
Optimizing nu
Mstep runtime (s): 0.4035179615020752
Finished EM iter: 9. Current nllh: 10980.51155888137
Starting EM iter: 10
Estep
Estep runtime (s): 0.20612192153930664
Mstep
Optimizing phi
Optimizing branch lengths. Current phi: 0. Current nu:0.2984412269479557
Optimizing nu
Mstep runtime (s): 0.4073050022125244
Finished EM iter: 10. Current nllh: 10980.505147512758
Starting EM iter: 11
Estep
Estep runtime (s): 0.20624494552612305
Mstep
Optimizing phi
Optimizing branch lengths. Current phi: 0. Current nu:0.2984861619454556
Optimizing nu
Mstep runtime (s): 0.4689462184906006
Finished EM iter: 11. Current nllh: 10980.500484872819
Starting EM iter: 12
Estep
Estep runtime (s): 0.206193208694458
Mstep
Optimizing phi
Optimizing branch lengths. Current phi: 0. Current nu:0.2985210619089427
Optimizing nu
Mstep runtime (s): 0.4018218517303467
Finished EM iter: 12. Current nllh: 10980.497161486433
Starting EM iter: 13
Estep
Estep runtime (s): 0.2066638469696045
Mstep
Optimizing phi
Optimizing branch lengths. Current phi: 0. Current nu:0.2985501787790055
Optimizing nu
Mstep runtime (s): 0.37715721130371094
Finished EM iter: 13. Current nllh: 10980.494640629042
Starting EM iter: 14
Estep
Estep runtime (s): 0.207183837890625
Mstep
Optimizing phi
Optimizing branch lengths. Current phi: 0. Current nu:0.29857375840892214
Optimizing nu
Mstep runtime (s): 0.4841768741607666
Finished EM iter: 14. Current nllh: 10980.492717570118
Starting EM iter: 15
Estep
Estep runtime (s): 0.2066051959991455
Mstep
Optimizing phi
Optimizing branch lengths. Current phi: 0. Current nu:0.29859348923193774
Optimizing nu
Mstep runtime (s): 0.423753023147583
Finished EM iter: 15. Current nllh: 10980.491225864314
Starting EM iter: 16
Estep
Estep runtime (s): 0.20696592330932617
Mstep
Optimizing phi
Optimizing branch lengths. Current phi: 0. Current nu:0.29861019047282883
Optimizing nu
Mstep runtime (s): 0.41530394554138184
Finished EM iter: 16. Current nllh: 10980.490056461347
Starting EM iter: 17
Estep
Estep runtime (s): 0.20639991760253906
Mstep
Optimizing phi
Optimizing branch lengths. Current phi: 0. Current nu:0.29862402344083017
Optimizing nu
Mstep runtime (s): 0.4249870777130127
Finished EM iter: 17. Current nllh: 10980.489123074603
Starting EM iter: 18
Estep
Estep runtime (s): 0.20827102661132812
Mstep
Optimizing phi
Optimizing branch lengths. Current phi: 0. Current nu:0.298636234467133
Optimizing nu
Mstep runtime (s): 0.40535974502563477
Finished EM iter: 18. Current nllh: 10980.488366559017
Starting EM iter: 19
Estep
Estep runtime (s): 0.2061769962310791
Mstep
Optimizing phi
Optimizing branch lengths. Current phi: 0. Current nu:0.29864690937173854
Optimizing nu
Mstep runtime (s): 0.476672887802124
Finished EM iter: 19. Current nllh: 10980.487759917365
Starting EM iter: 20
Estep
Estep runtime (s): 0.2070939540863037
Mstep
Optimizing phi
Optimizing branch lengths. Current phi: 0. Current nu:0.298655652867202
Optimizing nu
Mstep runtime (s): 0.4095909595489502
Finished EM iter: 20. Current nllh: 10980.48726138161
Starting EM iter: 21
Estep
Estep runtime (s): 0.2063131332397461
Mstep
Optimizing phi
Optimizing branch lengths. Current phi: 0. Current nu:0.29866379039323393
Optimizing nu
Mstep runtime (s): 0.418255090713501
Finished EM iter: 21. Current nllh: 10980.48684223628
Starting EM iter: 22
Estep
Estep runtime (s): 0.2073349952697754
Mstep
Optimizing phi
Optimizing branch lengths. Current phi: 0. Current nu:0.2986709228933841
Optimizing nu
Mstep runtime (s): 0.6975522041320801
Finished EM iter: 22. Current nllh: 10980.486500924213
Starting EM iter: 23
Estep
Estep runtime (s): 0.20651984214782715
Mstep
Optimizing phi
Optimizing branch lengths. Current phi: 0. Current nu:0.2986768634838112
Optimizing nu
Mstep runtime (s): 0.4361841678619385
Finished EM iter: 23. Current nllh: 10980.486070353008
Starting EM iter: 24
Estep
Estep runtime (s): 0.2064969539642334
Mstep
Optimizing phi
Optimizing branch lengths. Current phi: 0. Current nu:0.29868290771350947
Optimizing nu
Mstep runtime (s): 0.40389418601989746
Finished EM iter: 24. Current nllh: 10980.485951188322
Starting EM iter: 25
Estep
Estep runtime (s): 0.20658302307128906
Mstep
Optimizing phi
Optimizing branch lengths. Current phi: 0. Current nu:0.2986877504970891
Optimizing nu
Mstep runtime (s): 0.4019489288330078
Finished EM iter: 25. Current nllh: 10980.48573889548
Starting EM iter: 26
Estep
Estep runtime (s): 0.20689606666564941
Mstep
Optimizing phi
Optimizing branch lengths. Current phi: 0. Current nu:0.29869231447378036
Optimizing nu
Mstep runtime (s): 0.3973550796508789
Finished EM iter: 26. Current nllh: 10980.485558041877
Starting EM iter: 27
Estep
Estep runtime (s): 0.20648622512817383
Mstep
Optimizing phi
Optimizing branch lengths. Current phi: 0. Current nu:0.298696241895638
Optimizing nu
Mstep runtime (s): 0.3957197666168213
Finished EM iter: 27. Current nllh: 10980.485412149259
Starting EM iter: 28
Estep
Estep runtime (s): 0.20676875114440918
Mstep
Optimizing phi
Optimizing branch lengths. Current phi: 0. Current nu:0.29869947232508925
Optimizing nu
Mstep runtime (s): 0.4086592197418213
Finished EM iter: 28. Current nllh: 10980.485283523913
Starting EM iter: 29
Estep
Estep runtime (s): 0.20981693267822266
Mstep
Optimizing phi
Optimizing branch lengths. Current phi: 0. Current nu:0.29870269049891246
Optimizing nu
Mstep runtime (s): 0.4474160671234131
Finished EM iter: 29. Current nllh: 10980.485167916064
Starting EM iter: 30
Estep
Estep runtime (s): 0.20661211013793945
Mstep
Optimizing phi
Optimizing branch lengths. Current phi: 0. Current nu:0.2987055745949
Optimizing nu
Mstep runtime (s): 0.4370849132537842
Finished EM iter: 30. Current nllh: 10980.48507246124
EM finished after 30 iterations.
Optimal phi: 0. Optimal nu: 0.29870793345076624. Optimal nllh: 10980.48507246124
Optimal point found for initial point 1
Numerical optimization finished successfully
Tree height pre-scaling: 0.6818681168902552, input timescale: 1.0
Tree height after scaling: 1.0, mutation rate: 0.6818681168902552
Tree height pre-scaling: 0.6818681170303731, input timescale: 1.0
Tree height after scaling: 1.0, mutation rate: 0.6818681170303731
Tree height pre-scaling: 0.6818681176572063, input timescale: 1.0
Tree height after scaling: 1.0, mutation rate: 0.6818681176572063
Tree height pre-scaling: 0.6818681170484935, input timescale: 1.0
Tree height after scaling: 0.9999999999999998, mutation rate: 0.6818681170484935
Tree height pre-scaling: 0.6818681170727923, input timescale: 1.0
Tree height after scaling: 1.0, mutation rate: 0.6818681170727923
Tree height pre-scaling: 0.6818681168826496, input timescale: 1.0
Tree height after scaling: 0.9999999999999999, mutation rate: 0.6818681168826496
Tree height pre-scaling: 0.6818681169400937, input timescale: 1.0
Tree height after scaling: 1.0, mutation rate: 0.6818681169400937
Tree height pre-scaling: 0.6818681169316976, input timescale: 1.0
Tree height after scaling: 1.0, mutation rate: 0.6818681169316976
Tree height pre-scaling: 0.6818681170341043, input timescale: 1.0
Tree height after scaling: 1.0, mutation rate: 0.6818681170341043
Tree height pre-scaling: 0.68186811704712, input timescale: 1.0
Tree height after scaling: 1.0, mutation rate: 0.68186811704712
Tree height pre-scaling: 0.6818681168608325, input timescale: 1.0
Tree height after scaling: 0.9999999999999999, mutation rate: 0.6818681168608325
Tree height pre-scaling: 0.6818681169735301, input timescale: 1.0
Tree height after scaling: 1.0, mutation rate: 0.6818681169735301
Tree height pre-scaling: 0.6818681169341843, input timescale: 1.0
Tree height after scaling: 1.0, mutation rate: 0.6818681169341843
Tree height pre-scaling: 0.6818681167430565, input timescale: 1.0
Tree height after scaling: 0.9999999999999999, mutation rate: 0.6818681167430565
Tree height pre-scaling: 0.6818681169584672, input timescale: 1.0
Tree height after scaling: 1.0, mutation rate: 0.6818681169584672
Tree height pre-scaling: 0.6818681170694864, input timescale: 1.0
Tree height after scaling: 1.0, mutation rate: 0.6818681170694864
Tree height pre-scaling: 0.6818681169290469, input timescale: 1.0
Tree height after scaling: 1.0, mutation rate: 0.6818681169290469
Runtime (s): 21.236875750000003
