Launching LAML version 0.0.4
LAML was called as follows: /Users/uym2/my_gits/LAML/run_laml.py -c ../../evaluation/Bar10/Bar10_character_matrix.txt -t place_outlier1/augmented_tree_457.nwk -o place_outlier1/augmented_tree_457_optimized -v -p ../../evaluation/Bar10/Bar10_priors.pickle --delimiter tab -m -1 --nInitials 1
Prior keys mismatch with site names.
Prior keys: [0, 1, 2, 3, 4, 5, 6, 7, 8, 9, 10, 11, 12, 13, 14, 15, 16, 17, 18, 19, 20, 21, 22, 23, 24, 25, 26, 27, 28, 29]
Site names: ['r1', 'r2', 'r3', 'r4', 'r5', 'r6', 'r7', 'r8', 'r9', 'r10', 'r11', 'r12', 'r13', 'r14', 'r15', 'r16', 'r17', 'r18', 'r19', 'r20', 'r21', 'r22', 'r23', 'r24', 'r25', 'r26', 'r27', 'r28', 'r29', 'r30']
Attempting to infer mapping between site names and prior keys...
{'r1': 0, 'r2': 1, 'r3': 2, 'r4': 3, 'r5': 4, 'r6': 5, 'r7': 6, 'r8': 7, 'r9': 8, 'r10': 9, 'r11': 10, 'r12': 11, 'r13': 12, 'r14': 13, 'r15': 14, 'r16': 15, 'r17': 16, 'r18': 17, 'r19': 18, 'r20': 19, 'r21': 20, 'r22': 21, 'r23': 22, 'r24': 23, 'r25': 24, 'r26': 25, 'r27': 26, 'r28': 27, 'r29': 28, 'r30': 29}
Optimizing branch lengths, phi, and nu without topology search
Optimization by EM algorithm
Optimization start with 1 initials
Initial point 1. Random seed: 8573
Numerical optimization started with ultrametric constraint (default)
Initial phi: 0. Initial nu: 0.26955655566205877. Initial nllh: 13056.427129115904
Starting EM iter: 1
Estep
Estep runtime (s): 0.11258816719055176
Mstep
Optimizing phi
Optimizing branch lengths. Current phi: 0. Current nu:0.26955655566205877
Optimizing nu
Mstep runtime (s): 0.34493494033813477
Finished EM iter: 1. Current nllh: 10637.29907980653
Starting EM iter: 2
Estep
Estep runtime (s): 0.15112590789794922
Mstep
Optimizing phi
Optimizing branch lengths. Current phi: 0. Current nu:0.28368880511607586
Optimizing nu
Mstep runtime (s): 0.30391383171081543
Finished EM iter: 2. Current nllh: 10614.663507209854
Starting EM iter: 3
Estep
Estep runtime (s): 0.14989376068115234
Mstep
Optimizing phi
Optimizing branch lengths. Current phi: 0. Current nu:0.28534515488480017
Optimizing nu
Mstep runtime (s): 0.34006714820861816
Finished EM iter: 3. Current nllh: 10612.571306011185
Starting EM iter: 4
Estep
Estep runtime (s): 0.15352797508239746
Mstep
Optimizing phi
Optimizing branch lengths. Current phi: 0. Current nu:0.28539546506675667
Optimizing nu
Mstep runtime (s): 0.39391493797302246
Finished EM iter: 4. Current nllh: 10612.198966942187
Starting EM iter: 5
Estep
Estep runtime (s): 0.14882993698120117
Mstep
Optimizing phi
Optimizing branch lengths. Current phi: 0. Current nu:0.2854863030508437
Optimizing nu
Mstep runtime (s): 0.350189208984375
Finished EM iter: 5. Current nllh: 10612.101997683883
Starting EM iter: 6
Estep
Estep runtime (s): 0.15128207206726074
Mstep
Optimizing phi
Optimizing branch lengths. Current phi: 0. Current nu:0.28560382686722624
Optimizing nu
Mstep runtime (s): 0.2915637493133545
Finished EM iter: 6. Current nllh: 10612.058342960634
Starting EM iter: 7
Estep
Estep runtime (s): 0.1569538116455078
Mstep
Optimizing phi
Optimizing branch lengths. Current phi: 0. Current nu:0.28570953321043374
Optimizing nu
Mstep runtime (s): 0.30372095108032227
Finished EM iter: 7. Current nllh: 10612.041120078828
Starting EM iter: 8
Estep
Estep runtime (s): 0.1551971435546875
Mstep
Optimizing phi
Optimizing branch lengths. Current phi: 0. Current nu:0.2857914832395577
Optimizing nu
Mstep runtime (s): 0.2978549003601074
Finished EM iter: 8. Current nllh: 10612.030427649634
Starting EM iter: 9
Estep
Estep runtime (s): 0.15370392799377441
Mstep
Optimizing phi
Optimizing branch lengths. Current phi: 0. Current nu:0.2858557749717227
Optimizing nu
Mstep runtime (s): 0.3006019592285156
Finished EM iter: 9. Current nllh: 10612.023310952769
Starting EM iter: 10
Estep
Estep runtime (s): 0.15596389770507812
Mstep
Optimizing phi
Optimizing branch lengths. Current phi: 0. Current nu:0.28590602344393085
Optimizing nu
Mstep runtime (s): 0.29111289978027344
Finished EM iter: 10. Current nllh: 10612.018403647624
Starting EM iter: 11
Estep
Estep runtime (s): 0.1584181785583496
Mstep
Optimizing phi
Optimizing branch lengths. Current phi: 0. Current nu:0.2859448855988554
Optimizing nu
Mstep runtime (s): 0.38159608840942383
Finished EM iter: 11. Current nllh: 10612.014911640157
Starting EM iter: 12
Estep
Estep runtime (s): 0.15540504455566406
Mstep
Optimizing phi
Optimizing branch lengths. Current phi: 0. Current nu:0.285976303938506
Optimizing nu
Mstep runtime (s): 0.38714098930358887
Finished EM iter: 12. Current nllh: 10612.012374824963
Starting EM iter: 13
Estep
Estep runtime (s): 0.15456795692443848
Mstep
Optimizing phi
Optimizing branch lengths. Current phi: 0. Current nu:0.2860012475994904
Optimizing nu
Mstep runtime (s): 0.34593987464904785
Finished EM iter: 13. Current nllh: 10612.010461804659
Starting EM iter: 14
Estep
Estep runtime (s): 0.14873385429382324
Mstep
Optimizing phi
Optimizing branch lengths. Current phi: 0. Current nu:0.2860206140127821
Optimizing nu
Mstep runtime (s): 0.27814412117004395
Finished EM iter: 14. Current nllh: 10612.009079975978
Starting EM iter: 15
Estep
Estep runtime (s): 0.14749908447265625
Mstep
Optimizing phi
Optimizing branch lengths. Current phi: 0. Current nu:0.28603880508616863
Optimizing nu
Mstep runtime (s): 0.3326680660247803
Finished EM iter: 15. Current nllh: 10612.00796265325
Starting EM iter: 16
Estep
Estep runtime (s): 0.14773201942443848
Mstep
Optimizing phi
Optimizing branch lengths. Current phi: 0. Current nu:0.2860533200558153
Optimizing nu
Mstep runtime (s): 0.3110320568084717
Finished EM iter: 16. Current nllh: 10612.007012603914
Starting EM iter: 17
Estep
Estep runtime (s): 0.15202903747558594
Mstep
Optimizing phi
Optimizing branch lengths. Current phi: 0. Current nu:0.28606430197338906
Optimizing nu
Mstep runtime (s): 0.30222630500793457
Finished EM iter: 17. Current nllh: 10612.006448849705
Starting EM iter: 18
Estep
Estep runtime (s): 0.1501331329345703
Mstep
Optimizing phi
Optimizing branch lengths. Current phi: 0. Current nu:0.28607539188903736
Optimizing nu
Mstep runtime (s): 0.3055260181427002
Finished EM iter: 18. Current nllh: 10612.005878858141
Starting EM iter: 19
Estep
Estep runtime (s): 0.14762496948242188
Mstep
Optimizing phi
Optimizing branch lengths. Current phi: 0. Current nu:0.2860847445127746
Optimizing nu
Mstep runtime (s): 0.3090798854827881
Finished EM iter: 19. Current nllh: 10612.005443216698
Starting EM iter: 20
Estep
Estep runtime (s): 0.1504073143005371
Mstep
Optimizing phi
Optimizing branch lengths. Current phi: 0. Current nu:0.2860920747812104
Optimizing nu
Mstep runtime (s): 0.305436372756958
Finished EM iter: 20. Current nllh: 10612.005016172352
Starting EM iter: 21
Estep
Estep runtime (s): 0.1474769115447998
Mstep
Optimizing phi
Optimizing branch lengths. Current phi: 0. Current nu:0.2860970861192456
Optimizing nu
Mstep runtime (s): 0.2819209098815918
Finished EM iter: 21. Current nllh: 10612.00482409901
Starting EM iter: 22
Estep
Estep runtime (s): 0.14798998832702637
Mstep
Optimizing phi
Optimizing branch lengths. Current phi: 0. Current nu:0.2861041819014499
Optimizing nu
Mstep runtime (s): 0.29567408561706543
Finished EM iter: 22. Current nllh: 10612.004556809046
Starting EM iter: 23
Estep
Estep runtime (s): 0.15154099464416504
Mstep
Optimizing phi
Optimizing branch lengths. Current phi: 0. Current nu:0.28610943278956036
Optimizing nu
Mstep runtime (s): 0.29230499267578125
Finished EM iter: 23. Current nllh: 10612.004342006949
Starting EM iter: 24
Estep
Estep runtime (s): 0.14945626258850098
Mstep
Optimizing phi
Optimizing branch lengths. Current phi: 0. Current nu:0.28611395562218256
Optimizing nu
Mstep runtime (s): 0.2859501838684082
Finished EM iter: 24. Current nllh: 10612.004172523451
Starting EM iter: 25
Estep
Estep runtime (s): 0.14767694473266602
Mstep
Optimizing phi
Optimizing branch lengths. Current phi: 0. Current nu:0.286117654586227
Optimizing nu
Mstep runtime (s): 0.3323976993560791
Finished EM iter: 25. Current nllh: 10612.00403619953
Starting EM iter: 26
Estep
Estep runtime (s): 0.1517941951751709
Mstep
Optimizing phi
Optimizing branch lengths. Current phi: 0. Current nu:0.28612072306184155
Optimizing nu
Mstep runtime (s): 0.28652215003967285
Finished EM iter: 26. Current nllh: 10612.003920429419
Starting EM iter: 27
Estep
Estep runtime (s): 0.14763975143432617
Mstep
Optimizing phi
Optimizing branch lengths. Current phi: 0. Current nu:0.286123635749379
Optimizing nu
Mstep runtime (s): 0.2850940227508545
Finished EM iter: 27. Current nllh: 10612.003826318127
EM finished after 27 iterations.
Optimal phi: 0. Optimal nu: 0.2861257851756175. Optimal nllh: 10612.003826318127
Optimal point found for initial point 1
Numerical optimization finished successfully
Tree height pre-scaling: 0.6905118517716694, input timescale: 1.0
Tree height after scaling: 1.0, mutation rate: 0.6905118517716694
Tree height pre-scaling: 0.6905118518151568, input timescale: 1.0
Tree height after scaling: 0.9999999999999999, mutation rate: 0.6905118518151568
Tree height pre-scaling: 0.6905118518839081, input timescale: 1.0
Tree height after scaling: 1.0, mutation rate: 0.6905118518839081
Tree height pre-scaling: 0.6905118517197185, input timescale: 1.0
Tree height after scaling: 1.0, mutation rate: 0.6905118517197185
Tree height pre-scaling: 0.6905118516800022, input timescale: 1.0
Tree height after scaling: 1.0, mutation rate: 0.6905118516800022
Tree height pre-scaling: 0.6905118518411344, input timescale: 1.0
Tree height after scaling: 1.0, mutation rate: 0.6905118518411344
Tree height pre-scaling: 0.6905118518317478, input timescale: 1.0
Tree height after scaling: 0.9999999999999999, mutation rate: 0.6905118518317478
Tree height pre-scaling: 0.6905118517888067, input timescale: 1.0
Tree height after scaling: 1.0, mutation rate: 0.6905118517888067
Tree height pre-scaling: 0.690511851809482, input timescale: 1.0
Tree height after scaling: 1.0, mutation rate: 0.690511851809482
Tree height pre-scaling: 0.6905118518774808, input timescale: 1.0
Tree height after scaling: 1.0, mutation rate: 0.6905118518774808
Tree height pre-scaling: 0.6905118517582196, input timescale: 1.0
Tree height after scaling: 1.0, mutation rate: 0.6905118517582196
Tree height pre-scaling: 0.6905118518150293, input timescale: 1.0
Tree height after scaling: 1.0, mutation rate: 0.6905118518150293
Tree height pre-scaling: 0.690511851765872, input timescale: 1.0
Tree height after scaling: 0.9999999999999999, mutation rate: 0.690511851765872
Tree height pre-scaling: 0.6905118518768831, input timescale: 1.0
Tree height after scaling: 1.0000000000000002, mutation rate: 0.6905118518768831
Tree height pre-scaling: 0.6905118517997643, input timescale: 1.0
Tree height after scaling: 1.0, mutation rate: 0.6905118517997643
Tree height pre-scaling: 0.6905118523330275, input timescale: 1.0
Tree height after scaling: 1.0, mutation rate: 0.6905118523330275
Tree height pre-scaling: 0.6905118518032806, input timescale: 1.0
Tree height after scaling: 0.9999999999999999, mutation rate: 0.6905118518032806
Runtime (s): 13.978140875000001
