Launching LAML version 0.0.4
LAML was called as follows: /Users/uym2/my_gits/LAML/run_laml.py -c ../../evaluation/Bar10/Bar10_character_matrix.txt -t place_outlier1/augmented_tree_185.nwk -o place_outlier1/augmented_tree_185_optimized -v -p ../../evaluation/Bar10/Bar10_priors.pickle --delimiter tab -m -1 --nInitials 1
Prior keys mismatch with site names.
Prior keys: [0, 1, 2, 3, 4, 5, 6, 7, 8, 9, 10, 11, 12, 13, 14, 15, 16, 17, 18, 19, 20, 21, 22, 23, 24, 25, 26, 27, 28, 29]
Site names: ['r1', 'r2', 'r3', 'r4', 'r5', 'r6', 'r7', 'r8', 'r9', 'r10', 'r11', 'r12', 'r13', 'r14', 'r15', 'r16', 'r17', 'r18', 'r19', 'r20', 'r21', 'r22', 'r23', 'r24', 'r25', 'r26', 'r27', 'r28', 'r29', 'r30']
Attempting to infer mapping between site names and prior keys...
{'r1': 0, 'r2': 1, 'r3': 2, 'r4': 3, 'r5': 4, 'r6': 5, 'r7': 6, 'r8': 7, 'r9': 8, 'r10': 9, 'r11': 10, 'r12': 11, 'r13': 12, 'r14': 13, 'r15': 14, 'r16': 15, 'r17': 16, 'r18': 17, 'r19': 18, 'r20': 19, 'r21': 20, 'r22': 21, 'r23': 22, 'r24': 23, 'r25': 24, 'r26': 25, 'r27': 26, 'r28': 27, 'r29': 28, 'r30': 29}
Optimizing branch lengths, phi, and nu without topology search
Optimization by EM algorithm
Optimization start with 1 initials
Initial point 1. Random seed: 9200
Numerical optimization started with ultrametric constraint (default)
Initial phi: 0. Initial nu: 0.26955655566205877. Initial nllh: 12923.408194872654
Starting EM iter: 1
Estep
Estep runtime (s): 0.14511775970458984
Mstep
Optimizing phi
Optimizing branch lengths. Current phi: 0. Current nu:0.26955655566205877
Optimizing nu
Mstep runtime (s): 0.4568319320678711
Finished EM iter: 1. Current nllh: 10537.776490875898
Starting EM iter: 2
Estep
Estep runtime (s): 0.19682979583740234
Mstep
Optimizing phi
Optimizing branch lengths. Current phi: 0. Current nu:0.2824970817979847
Optimizing nu
Mstep runtime (s): 0.48490428924560547
Finished EM iter: 2. Current nllh: 10517.807403036371
Starting EM iter: 3
Estep
Estep runtime (s): 0.19574999809265137
Mstep
Optimizing phi
Optimizing branch lengths. Current phi: 0. Current nu:0.28667065755843874
Optimizing nu
Mstep runtime (s): 0.4257950782775879
Finished EM iter: 3. Current nllh: 10515.719289420476
Starting EM iter: 4
Estep
Estep runtime (s): 0.1956472396850586
Mstep
Optimizing phi
Optimizing branch lengths. Current phi: 0. Current nu:0.2879166713352597
Optimizing nu
Mstep runtime (s): 0.4065840244293213
Finished EM iter: 4. Current nllh: 10515.324156923225
Starting EM iter: 5
Estep
Estep runtime (s): 0.1923980712890625
Mstep
Optimizing phi
Optimizing branch lengths. Current phi: 0. Current nu:0.28843208599009557
Optimizing nu
Mstep runtime (s): 0.3869462013244629
Finished EM iter: 5. Current nllh: 10515.21774846982
Starting EM iter: 6
Estep
Estep runtime (s): 0.19268417358398438
Mstep
Optimizing phi
Optimizing branch lengths. Current phi: 0. Current nu:0.28869163069061016
Optimizing nu
Mstep runtime (s): 0.4676978588104248
Finished EM iter: 6. Current nllh: 10515.164679560816
Starting EM iter: 7
Estep
Estep runtime (s): 0.19252586364746094
Mstep
Optimizing phi
Optimizing branch lengths. Current phi: 0. Current nu:0.2888491219759605
Optimizing nu
Mstep runtime (s): 0.3835320472717285
Finished EM iter: 7. Current nllh: 10515.14267578718
Starting EM iter: 8
Estep
Estep runtime (s): 0.19227194786071777
Mstep
Optimizing phi
Optimizing branch lengths. Current phi: 0. Current nu:0.28894951032753236
Optimizing nu
Mstep runtime (s): 0.3816947937011719
Finished EM iter: 8. Current nllh: 10515.130877136944
Starting EM iter: 9
Estep
Estep runtime (s): 0.19218897819519043
Mstep
Optimizing phi
Optimizing branch lengths. Current phi: 0. Current nu:0.28902214532550885
Optimizing nu
Mstep runtime (s): 0.4131898880004883
Finished EM iter: 9. Current nllh: 10515.123091313444
Starting EM iter: 10
Estep
Estep runtime (s): 0.1948399543762207
Mstep
Optimizing phi
Optimizing branch lengths. Current phi: 0. Current nu:0.2890771140926679
Optimizing nu
Mstep runtime (s): 0.3756139278411865
Finished EM iter: 10. Current nllh: 10515.117747503878
Starting EM iter: 11
Estep
Estep runtime (s): 0.1932218074798584
Mstep
Optimizing phi
Optimizing branch lengths. Current phi: 0. Current nu:0.28911920954590525
Optimizing nu
Mstep runtime (s): 0.4221761226654053
Finished EM iter: 11. Current nllh: 10515.113971966777
Starting EM iter: 12
Estep
Estep runtime (s): 0.1922450065612793
Mstep
Optimizing phi
Optimizing branch lengths. Current phi: 0. Current nu:0.2891522030232531
Optimizing nu
Mstep runtime (s): 0.3819589614868164
Finished EM iter: 12. Current nllh: 10515.111226928202
Starting EM iter: 13
Estep
Estep runtime (s): 0.1923208236694336
Mstep
Optimizing phi
Optimizing branch lengths. Current phi: 0. Current nu:0.28917883103295505
Optimizing nu
Mstep runtime (s): 0.3822290897369385
Finished EM iter: 13. Current nllh: 10515.109188315702
Starting EM iter: 14
Estep
Estep runtime (s): 0.1930558681488037
Mstep
Optimizing phi
Optimizing branch lengths. Current phi: 0. Current nu:0.2892008631917538
Optimizing nu
Mstep runtime (s): 0.373018741607666
Finished EM iter: 14. Current nllh: 10515.107628148857
Starting EM iter: 15
Estep
Estep runtime (s): 0.19362401962280273
Mstep
Optimizing phi
Optimizing branch lengths. Current phi: 0. Current nu:0.28921934020707285
Optimizing nu
Mstep runtime (s): 0.43914222717285156
Finished EM iter: 15. Current nllh: 10515.106436520635
Starting EM iter: 16
Estep
Estep runtime (s): 0.19313788414001465
Mstep
Optimizing phi
Optimizing branch lengths. Current phi: 0. Current nu:0.2892344983253778
Optimizing nu
Mstep runtime (s): 0.4255199432373047
Finished EM iter: 16. Current nllh: 10515.1055222162
Starting EM iter: 17
Estep
Estep runtime (s): 0.19289374351501465
Mstep
Optimizing phi
Optimizing branch lengths. Current phi: 0. Current nu:0.2892460201315756
Optimizing nu
Mstep runtime (s): 0.40811681747436523
Finished EM iter: 17. Current nllh: 10515.104821479172
Starting EM iter: 18
Estep
Estep runtime (s): 0.19301819801330566
Mstep
Optimizing phi
Optimizing branch lengths. Current phi: 0. Current nu:0.2892577088692626
Optimizing nu
Mstep runtime (s): 0.38439512252807617
Finished EM iter: 18. Current nllh: 10515.104214339339
Starting EM iter: 19
Estep
Estep runtime (s): 0.19386005401611328
Mstep
Optimizing phi
Optimizing branch lengths. Current phi: 0. Current nu:0.2892674744707499
Optimizing nu
Mstep runtime (s): 0.5802721977233887
Finished EM iter: 19. Current nllh: 10515.103734379174
Starting EM iter: 20
Estep
Estep runtime (s): 0.19309520721435547
Mstep
Optimizing phi
Optimizing branch lengths. Current phi: 0. Current nu:0.2892757094486218
Optimizing nu
Mstep runtime (s): 0.3767569065093994
Finished EM iter: 20. Current nllh: 10515.103342957125
Starting EM iter: 21
Estep
Estep runtime (s): 0.19264602661132812
Mstep
Optimizing phi
Optimizing branch lengths. Current phi: 0. Current nu:0.28928273070891036
Optimizing nu
Mstep runtime (s): 0.43331122398376465
Finished EM iter: 21. Current nllh: 10515.103008976366
Starting EM iter: 22
Estep
Estep runtime (s): 0.19281005859375
Mstep
Optimizing phi
Optimizing branch lengths. Current phi: 0. Current nu:0.28928822470424176
Optimizing nu
Mstep runtime (s): 0.4464900493621826
Finished EM iter: 22. Current nllh: 10515.102735182376
Starting EM iter: 23
Estep
Estep runtime (s): 0.19285917282104492
Mstep
Optimizing phi
Optimizing branch lengths. Current phi: 0. Current nu:0.289293525134858
Optimizing nu
Mstep runtime (s): 0.40629005432128906
Finished EM iter: 23. Current nllh: 10515.102561300879
Starting EM iter: 24
Estep
Estep runtime (s): 0.1930370330810547
Mstep
Optimizing phi
Optimizing branch lengths. Current phi: 0. Current nu:0.2892986906608313
Optimizing nu
Mstep runtime (s): 0.37001991271972656
Finished EM iter: 24. Current nllh: 10515.102373966813
Starting EM iter: 25
Estep
Estep runtime (s): 0.19345307350158691
Mstep
Optimizing phi
Optimizing branch lengths. Current phi: 0. Current nu:0.289302629575252
Optimizing nu
Mstep runtime (s): 0.41507577896118164
Finished EM iter: 25. Current nllh: 10515.102223669319
Starting EM iter: 26
Estep
Estep runtime (s): 0.19327807426452637
Mstep
Optimizing phi
Optimizing branch lengths. Current phi: 0. Current nu:0.28930609042956096
Optimizing nu
Mstep runtime (s): 0.5750069618225098
Finished EM iter: 26. Current nllh: 10515.102092882113
Starting EM iter: 27
Estep
Estep runtime (s): 0.19579505920410156
Mstep
Optimizing phi
Optimizing branch lengths. Current phi: 0. Current nu:0.2893092915236258
Optimizing nu
Mstep runtime (s): 0.37447595596313477
Finished EM iter: 27. Current nllh: 10515.10198743505
Starting EM iter: 28
Estep
Estep runtime (s): 0.19318294525146484
Mstep
Optimizing phi
Optimizing branch lengths. Current phi: 0. Current nu:0.2893120471244747
Optimizing nu
Mstep runtime (s): 0.3743259906768799
Finished EM iter: 28. Current nllh: 10515.101883164076
EM finished after 28 iterations.
Optimal phi: 0. Optimal nu: 0.28931470439602414. Optimal nllh: 10515.101883164076
Optimal point found for initial point 1
Numerical optimization finished successfully
Tree height pre-scaling: 0.6870085421282179, input timescale: 1.0
Tree height after scaling: 1.0, mutation rate: 0.6870085421282179
Tree height pre-scaling: 0.6870085423701718, input timescale: 1.0
Tree height after scaling: 0.9999999999999999, mutation rate: 0.6870085423701718
Tree height pre-scaling: 0.6870085434429786, input timescale: 1.0
Tree height after scaling: 1.0, mutation rate: 0.6870085434429786
Tree height pre-scaling: 0.6870085423965102, input timescale: 1.0
Tree height after scaling: 1.0, mutation rate: 0.6870085423965102
Tree height pre-scaling: 0.6870085424752399, input timescale: 1.0
Tree height after scaling: 0.9999999999999999, mutation rate: 0.6870085424752399
Tree height pre-scaling: 0.687008542115221, input timescale: 1.0
Tree height after scaling: 1.0, mutation rate: 0.687008542115221
Tree height pre-scaling: 0.6870085422123451, input timescale: 1.0
Tree height after scaling: 1.0, mutation rate: 0.6870085422123451
Tree height pre-scaling: 0.687008542204402, input timescale: 1.0
Tree height after scaling: 1.0, mutation rate: 0.687008542204402
Tree height pre-scaling: 0.6870085423989215, input timescale: 1.0
Tree height after scaling: 1.0, mutation rate: 0.6870085423989215
Tree height pre-scaling: 0.6870085424125445, input timescale: 1.0
Tree height after scaling: 1.0, mutation rate: 0.6870085424125445
Tree height pre-scaling: 0.6870085422557568, input timescale: 1.0
Tree height after scaling: 0.9999999999999999, mutation rate: 0.6870085422557568
Tree height pre-scaling: 0.6870085424476138, input timescale: 1.0
Tree height after scaling: 1.0, mutation rate: 0.6870085424476138
Tree height pre-scaling: 0.6870085419800211, input timescale: 1.0
Tree height after scaling: 1.0, mutation rate: 0.6870085419800211
Tree height pre-scaling: 0.6870085418692794, input timescale: 1.0
Tree height after scaling: 1.0, mutation rate: 0.6870085418692794
Tree height pre-scaling: 0.6870085423313523, input timescale: 1.0
Tree height after scaling: 1.0, mutation rate: 0.6870085423313523
Tree height pre-scaling: 0.687008542308398, input timescale: 1.0
Tree height after scaling: 0.9999999999999999, mutation rate: 0.687008542308398
Tree height pre-scaling: 0.6870085421802425, input timescale: 1.0
Tree height after scaling: 1.0, mutation rate: 0.6870085421802425
Runtime (s): 18.96891175
