Launching LAML version 0.0.4
LAML was called as follows: /Users/uym2/my_gits/LAML/run_laml.py -c ../../evaluation/Bar10/Bar10_character_matrix.txt -t place_outlier1/augmented_tree_257.nwk -o place_outlier1/augmented_tree_257_optimized -v -p ../../evaluation/Bar10/Bar10_priors.pickle --delimiter tab -m -1 --nInitials 1
Prior keys mismatch with site names.
Prior keys: [0, 1, 2, 3, 4, 5, 6, 7, 8, 9, 10, 11, 12, 13, 14, 15, 16, 17, 18, 19, 20, 21, 22, 23, 24, 25, 26, 27, 28, 29]
Site names: ['r1', 'r2', 'r3', 'r4', 'r5', 'r6', 'r7', 'r8', 'r9', 'r10', 'r11', 'r12', 'r13', 'r14', 'r15', 'r16', 'r17', 'r18', 'r19', 'r20', 'r21', 'r22', 'r23', 'r24', 'r25', 'r26', 'r27', 'r28', 'r29', 'r30']
Attempting to infer mapping between site names and prior keys...
{'r1': 0, 'r2': 1, 'r3': 2, 'r4': 3, 'r5': 4, 'r6': 5, 'r7': 6, 'r8': 7, 'r9': 8, 'r10': 9, 'r11': 10, 'r12': 11, 'r13': 12, 'r14': 13, 'r15': 14, 'r16': 15, 'r17': 16, 'r18': 17, 'r19': 18, 'r20': 19, 'r21': 20, 'r22': 21, 'r23': 22, 'r24': 23, 'r25': 24, 'r26': 25, 'r27': 26, 'r28': 27, 'r29': 28, 'r30': 29}
Optimizing branch lengths, phi, and nu without topology search
Optimization by EM algorithm
Optimization start with 1 initials
Initial point 1. Random seed: 6803
Numerical optimization started with ultrametric constraint (default)
Initial phi: 0. Initial nu: 0.26955655566205877. Initial nllh: 13204.933161514296
Starting EM iter: 1
Estep
Estep runtime (s): 0.1401658058166504
Mstep
Optimizing phi
Optimizing branch lengths. Current phi: 0. Current nu:0.26955655566205877
Optimizing nu
Mstep runtime (s): 0.4459960460662842
Finished EM iter: 1. Current nllh: 10656.017246169857
Starting EM iter: 2
Estep
Estep runtime (s): 0.19494199752807617
Mstep
Optimizing phi
Optimizing branch lengths. Current phi: 0. Current nu:0.2834148054054139
Optimizing nu
Mstep runtime (s): 0.48469090461730957
Finished EM iter: 2. Current nllh: 10640.207052235792
Starting EM iter: 3
Estep
Estep runtime (s): 0.19507813453674316
Mstep
Optimizing phi
Optimizing branch lengths. Current phi: 0. Current nu:0.28653480733063924
Optimizing nu
Mstep runtime (s): 0.49164795875549316
Finished EM iter: 3. Current nllh: 10638.722373395678
Starting EM iter: 4
Estep
Estep runtime (s): 0.19770503044128418
Mstep
Optimizing phi
Optimizing branch lengths. Current phi: 0. Current nu:0.2875392168212964
Optimizing nu
Mstep runtime (s): 0.3739042282104492
Finished EM iter: 4. Current nllh: 10638.435882479225
Starting EM iter: 5
Estep
Estep runtime (s): 0.1957550048828125
Mstep
Optimizing phi
Optimizing branch lengths. Current phi: 0. Current nu:0.28801201947253946
Optimizing nu
Mstep runtime (s): 0.40696287155151367
Finished EM iter: 5. Current nllh: 10638.349684782545
Starting EM iter: 6
Estep
Estep runtime (s): 0.19508099555969238
Mstep
Optimizing phi
Optimizing branch lengths. Current phi: 0. Current nu:0.28827285122959023
Optimizing nu
Mstep runtime (s): 187.38719201087952
Finished EM iter: 6. Current nllh: 10638.315146791096
Starting EM iter: 7
Estep
Estep runtime (s): 0.20136594772338867
Mstep
Optimizing phi
Optimizing branch lengths. Current phi: 0. Current nu:0.2884310265824021
Optimizing nu
Mstep runtime (s): 0.42972683906555176
Finished EM iter: 7. Current nllh: 10638.296236077076
Starting EM iter: 8
Estep
Estep runtime (s): 0.20590686798095703
Mstep
Optimizing phi
Optimizing branch lengths. Current phi: 0. Current nu:0.2885363346593682
Optimizing nu
Mstep runtime (s): 0.4895060062408447
Finished EM iter: 8. Current nllh: 10638.28435884607
Starting EM iter: 9
Estep
Estep runtime (s): 0.19666814804077148
Mstep
Optimizing phi
Optimizing branch lengths. Current phi: 0. Current nu:0.28861225997856155
Optimizing nu
Mstep runtime (s): 0.3773047924041748
Finished EM iter: 9. Current nllh: 10638.277073642443
Starting EM iter: 10
Estep
Estep runtime (s): 0.19596409797668457
Mstep
Optimizing phi
Optimizing branch lengths. Current phi: 0. Current nu:0.2886656702830287
Optimizing nu
Mstep runtime (s): 0.46256208419799805
Finished EM iter: 10. Current nllh: 10638.271930633615
Starting EM iter: 11
Estep
Estep runtime (s): 0.1958751678466797
Mstep
Optimizing phi
Optimizing branch lengths. Current phi: 0. Current nu:0.2887058178399192
Optimizing nu
Mstep runtime (s): 0.43481016159057617
Finished EM iter: 11. Current nllh: 10638.268318650458
Starting EM iter: 12
Estep
Estep runtime (s): 0.19576716423034668
Mstep
Optimizing phi
Optimizing branch lengths. Current phi: 0. Current nu:0.288737731834422
Optimizing nu
Mstep runtime (s): 0.3743772506713867
Finished EM iter: 12. Current nllh: 10638.265744828966
Starting EM iter: 13
Estep
Estep runtime (s): 0.19875001907348633
Mstep
Optimizing phi
Optimizing branch lengths. Current phi: 0. Current nu:0.28876523969161416
Optimizing nu
Mstep runtime (s): 0.40225672721862793
Finished EM iter: 13. Current nllh: 10638.263775412463
Starting EM iter: 14
Estep
Estep runtime (s): 0.1967298984527588
Mstep
Optimizing phi
Optimizing branch lengths. Current phi: 0. Current nu:0.28878696466655046
Optimizing nu
Mstep runtime (s): 0.405745267868042
Finished EM iter: 14. Current nllh: 10638.26230598927
Starting EM iter: 15
Estep
Estep runtime (s): 0.19846701622009277
Mstep
Optimizing phi
Optimizing branch lengths. Current phi: 0. Current nu:0.28880451561573445
Optimizing nu
Mstep runtime (s): 0.47416114807128906
Finished EM iter: 15. Current nllh: 10638.26116864812
Starting EM iter: 16
Estep
Estep runtime (s): 0.1971909999847412
Mstep
Optimizing phi
Optimizing branch lengths. Current phi: 0. Current nu:0.2888198882286731
Optimizing nu
Mstep runtime (s): 0.38640594482421875
Finished EM iter: 16. Current nllh: 10638.260284333377
Starting EM iter: 17
Estep
Estep runtime (s): 0.19617009162902832
Mstep
Optimizing phi
Optimizing branch lengths. Current phi: 0. Current nu:0.28883252068713644
Optimizing nu
Mstep runtime (s): 0.44313502311706543
Finished EM iter: 17. Current nllh: 10638.259548285678
Starting EM iter: 18
Estep
Estep runtime (s): 0.19599485397338867
Mstep
Optimizing phi
Optimizing branch lengths. Current phi: 0. Current nu:0.2888422048243597
Optimizing nu
Mstep runtime (s): 0.39394497871398926
Finished EM iter: 18. Current nllh: 10638.259070283055
Starting EM iter: 19
Estep
Estep runtime (s): 0.19614601135253906
Mstep
Optimizing phi
Optimizing branch lengths. Current phi: 0. Current nu:0.28885180069376043
Optimizing nu
Mstep runtime (s): 0.4200150966644287
Finished EM iter: 19. Current nllh: 10638.258530333678
Starting EM iter: 20
Estep
Estep runtime (s): 0.19580292701721191
Mstep
Optimizing phi
Optimizing branch lengths. Current phi: 0. Current nu:0.2888593562778833
Optimizing nu
Mstep runtime (s): 0.5389938354492188
Finished EM iter: 20. Current nllh: 10638.258255673984
Starting EM iter: 21
Estep
Estep runtime (s): 0.19625401496887207
Mstep
Optimizing phi
Optimizing branch lengths. Current phi: 0. Current nu:0.28886685981895344
Optimizing nu
Mstep runtime (s): 0.41899800300598145
Finished EM iter: 21. Current nllh: 10638.25778706842
Starting EM iter: 22
Estep
Estep runtime (s): 0.20035481452941895
Mstep
Optimizing phi
Optimizing branch lengths. Current phi: 0. Current nu:0.2888731218373428
Optimizing nu
Mstep runtime (s): 0.4003150463104248
Finished EM iter: 22. Current nllh: 10638.257689902346
EM finished after 22 iterations.
Optimal phi: 0. Optimal nu: 0.28887849402052157. Optimal nllh: 10638.257689902346
Optimal point found for initial point 1
Numerical optimization finished successfully
Tree height pre-scaling: 0.6896576685186508, input timescale: 1.0
Tree height after scaling: 1.0, mutation rate: 0.6896576685186508
Tree height pre-scaling: 0.6896576685330249, input timescale: 1.0
Tree height after scaling: 0.9999999999999999, mutation rate: 0.6896576685330249
Tree height pre-scaling: 0.6896576686033573, input timescale: 1.0
Tree height after scaling: 1.0, mutation rate: 0.6896576686033573
Tree height pre-scaling: 0.6896576685377319, input timescale: 1.0
Tree height after scaling: 1.0000000000000002, mutation rate: 0.6896576685377319
Tree height pre-scaling: 0.6896576685404752, input timescale: 1.0
Tree height after scaling: 1.0, mutation rate: 0.6896576685404752
Tree height pre-scaling: 0.6896576685265563, input timescale: 1.0
Tree height after scaling: 1.0, mutation rate: 0.6896576685265563
Tree height pre-scaling: 0.68965766854023, input timescale: 1.0
Tree height after scaling: 1.0000000000000002, mutation rate: 0.68965766854023
Tree height pre-scaling: 0.6896576685074405, input timescale: 1.0
Tree height after scaling: 0.9999999999999999, mutation rate: 0.6896576685074405
Tree height pre-scaling: 0.6896576685010544, input timescale: 1.0
Tree height after scaling: 1.0, mutation rate: 0.6896576685010544
Tree height pre-scaling: 0.689657668531964, input timescale: 1.0
Tree height after scaling: 0.9999999999999998, mutation rate: 0.689657668531964
Tree height pre-scaling: 0.6896576685294398, input timescale: 1.0
Tree height after scaling: 0.9999999999999999, mutation rate: 0.6896576685294398
Tree height pre-scaling: 0.6896576685212766, input timescale: 1.0
Tree height after scaling: 1.0, mutation rate: 0.6896576685212766
Tree height pre-scaling: 0.6896576685262759, input timescale: 1.0
Tree height after scaling: 1.0, mutation rate: 0.6896576685262759
Tree height pre-scaling: 0.6896576685380055, input timescale: 1.0
Tree height after scaling: 1.0000000000000002, mutation rate: 0.6896576685380055
Tree height pre-scaling: 0.6896576685161596, input timescale: 1.0
Tree height after scaling: 1.0, mutation rate: 0.6896576685161596
Tree height pre-scaling: 0.6896576685247056, input timescale: 1.0
Tree height after scaling: 1.0, mutation rate: 0.6896576685247056
Tree height pre-scaling: 0.6896576685370388, input timescale: 1.0
Tree height after scaling: 0.9999999999999999, mutation rate: 0.6896576685370388
Runtime (s): 15.775348583000001
