Launching LAML version 0.0.4
LAML was called as follows: /Users/uym2/my_gits/LAML/run_laml.py -c ../../evaluation/Bar10/Bar10_character_matrix.txt -t place_outlier1/augmented_tree_219.nwk -o place_outlier1/augmented_tree_219_optimized -v -p ../../evaluation/Bar10/Bar10_priors.pickle --delimiter tab -m -1 --nInitials 1
Prior keys mismatch with site names.
Prior keys: [0, 1, 2, 3, 4, 5, 6, 7, 8, 9, 10, 11, 12, 13, 14, 15, 16, 17, 18, 19, 20, 21, 22, 23, 24, 25, 26, 27, 28, 29]
Site names: ['r1', 'r2', 'r3', 'r4', 'r5', 'r6', 'r7', 'r8', 'r9', 'r10', 'r11', 'r12', 'r13', 'r14', 'r15', 'r16', 'r17', 'r18', 'r19', 'r20', 'r21', 'r22', 'r23', 'r24', 'r25', 'r26', 'r27', 'r28', 'r29', 'r30']
Attempting to infer mapping between site names and prior keys...
{'r1': 0, 'r2': 1, 'r3': 2, 'r4': 3, 'r5': 4, 'r6': 5, 'r7': 6, 'r8': 7, 'r9': 8, 'r10': 9, 'r11': 10, 'r12': 11, 'r13': 12, 'r14': 13, 'r15': 14, 'r16': 15, 'r17': 16, 'r18': 17, 'r19': 18, 'r20': 19, 'r21': 20, 'r22': 21, 'r23': 22, 'r24': 23, 'r25': 24, 'r26': 25, 'r27': 26, 'r28': 27, 'r29': 28, 'r30': 29}
Optimizing branch lengths, phi, and nu without topology search
Optimization by EM algorithm
Optimization start with 1 initials
Initial point 1. Random seed: 3725
Numerical optimization started with ultrametric constraint (default)
Initial phi: 0. Initial nu: 0.26955655566205877. Initial nllh: 13328.608056197538
Starting EM iter: 1
Estep
Estep runtime (s): 0.14299988746643066
Mstep
Optimizing phi
Optimizing branch lengths. Current phi: 0. Current nu:0.26955655566205877
Optimizing nu
Mstep runtime (s): 0.4577300548553467
Finished EM iter: 1. Current nllh: 10635.455619965045
Starting EM iter: 2
Estep
Estep runtime (s): 0.19541478157043457
Mstep
Optimizing phi
Optimizing branch lengths. Current phi: 0. Current nu:0.2855280885187711
Optimizing nu
Mstep runtime (s): 0.36644911766052246
Finished EM iter: 2. Current nllh: 10610.812856913239
Starting EM iter: 3
Estep
Estep runtime (s): 0.19781208038330078
Mstep
Optimizing phi
Optimizing branch lengths. Current phi: 0. Current nu:0.28817593917553264
Optimizing nu
Mstep runtime (s): 0.48450803756713867
Finished EM iter: 3. Current nllh: 10608.830467152846
Starting EM iter: 4
Estep
Estep runtime (s): 0.19643020629882812
Mstep
Optimizing phi
Optimizing branch lengths. Current phi: 0. Current nu:0.28855347547549703
Optimizing nu
Mstep runtime (s): 0.45337915420532227
Finished EM iter: 4. Current nllh: 10608.480327105459
Starting EM iter: 5
Estep
Estep runtime (s): 0.1982569694519043
Mstep
Optimizing phi
Optimizing branch lengths. Current phi: 0. Current nu:0.28876324629746397
Optimizing nu
Mstep runtime (s): 0.41814088821411133
Finished EM iter: 5. Current nllh: 10608.389394641685
Starting EM iter: 6
Estep
Estep runtime (s): 0.1965010166168213
Mstep
Optimizing phi
Optimizing branch lengths. Current phi: 0. Current nu:0.2889205709746479
Optimizing nu
Mstep runtime (s): 0.41354990005493164
Finished EM iter: 6. Current nllh: 10608.346145110207
Starting EM iter: 7
Estep
Estep runtime (s): 0.19565987586975098
Mstep
Optimizing phi
Optimizing branch lengths. Current phi: 0. Current nu:0.289043168371944
Optimizing nu
Mstep runtime (s): 0.4122738838195801
Finished EM iter: 7. Current nllh: 10608.327964273494
Starting EM iter: 8
Estep
Estep runtime (s): 0.19935107231140137
Mstep
Optimizing phi
Optimizing branch lengths. Current phi: 0. Current nu:0.2891328640437728
Optimizing nu
Mstep runtime (s): 0.4882030487060547
Finished EM iter: 8. Current nllh: 10608.316601866
Starting EM iter: 9
Estep
Estep runtime (s): 0.1962897777557373
Mstep
Optimizing phi
Optimizing branch lengths. Current phi: 0. Current nu:0.2892012999160621
Optimizing nu
Mstep runtime (s): 0.42955517768859863
Finished EM iter: 9. Current nllh: 10608.309084158582
Starting EM iter: 10
Estep
Estep runtime (s): 0.19763517379760742
Mstep
Optimizing phi
Optimizing branch lengths. Current phi: 0. Current nu:0.28925411384727634
Optimizing nu
Mstep runtime (s): 0.4007382392883301
Finished EM iter: 10. Current nllh: 10608.303852117653
Starting EM iter: 11
Estep
Estep runtime (s): 0.19568896293640137
Mstep
Optimizing phi
Optimizing branch lengths. Current phi: 0. Current nu:0.28929552936817976
Optimizing nu
Mstep runtime (s): 0.412431001663208
Finished EM iter: 11. Current nllh: 10608.300126301083
Starting EM iter: 12
Estep
Estep runtime (s): 0.19870424270629883
Mstep
Optimizing phi
Optimizing branch lengths. Current phi: 0. Current nu:0.2893285648619977
Optimizing nu
Mstep runtime (s): 0.36979103088378906
Finished EM iter: 12. Current nllh: 10608.297415395315
Starting EM iter: 13
Estep
Estep runtime (s): 0.19910001754760742
Mstep
Optimizing phi
Optimizing branch lengths. Current phi: 0. Current nu:0.28935502215175285
Optimizing nu
Mstep runtime (s): 0.43288397789001465
Finished EM iter: 13. Current nllh: 10608.295411581701
Starting EM iter: 14
Estep
Estep runtime (s): 0.19657516479492188
Mstep
Optimizing phi
Optimizing branch lengths. Current phi: 0. Current nu:0.28937641609220455
Optimizing nu
Mstep runtime (s): 0.4675137996673584
Finished EM iter: 14. Current nllh: 10608.29389683244
Starting EM iter: 15
Estep
Estep runtime (s): 0.19623804092407227
Mstep
Optimizing phi
Optimizing branch lengths. Current phi: 0. Current nu:0.2893941191954701
Optimizing nu
Mstep runtime (s): 0.4528157711029053
Finished EM iter: 15. Current nllh: 10608.292678296135
Starting EM iter: 16
Estep
Estep runtime (s): 0.19624710083007812
Mstep
Optimizing phi
Optimizing branch lengths. Current phi: 0. Current nu:0.28940899310020496
Optimizing nu
Mstep runtime (s): 0.4976949691772461
Finished EM iter: 16. Current nllh: 10608.291709743882
Starting EM iter: 17
Estep
Estep runtime (s): 0.19602012634277344
Mstep
Optimizing phi
Optimizing branch lengths. Current phi: 0. Current nu:0.2894225700167512
Optimizing nu
Mstep runtime (s): 0.4166748523712158
Finished EM iter: 17. Current nllh: 10608.291078927135
Starting EM iter: 18
Estep
Estep runtime (s): 0.19615507125854492
Mstep
Optimizing phi
Optimizing branch lengths. Current phi: 0. Current nu:0.28943322589827636
Optimizing nu
Mstep runtime (s): 0.4067199230194092
Finished EM iter: 18. Current nllh: 10608.290273690634
Starting EM iter: 19
Estep
Estep runtime (s): 0.19640088081359863
Mstep
Optimizing phi
Optimizing branch lengths. Current phi: 0. Current nu:0.28944398653473097
Optimizing nu
Mstep runtime (s): 0.4428696632385254
Finished EM iter: 19. Current nllh: 10608.289927355969
Starting EM iter: 20
Estep
Estep runtime (s): 0.1981980800628662
Mstep
Optimizing phi
Optimizing branch lengths. Current phi: 0. Current nu:0.2894509091707948
Optimizing nu
Mstep runtime (s): 0.37212634086608887
Finished EM iter: 20. Current nllh: 10608.2896726854
Starting EM iter: 21
Estep
Estep runtime (s): 0.20092391967773438
Mstep
Optimizing phi
Optimizing branch lengths. Current phi: 0. Current nu:0.28945756128294536
Optimizing nu
Mstep runtime (s): 0.375277042388916
Finished EM iter: 21. Current nllh: 10608.289354439974
Starting EM iter: 22
Estep
Estep runtime (s): 0.19837403297424316
Mstep
Optimizing phi
Optimizing branch lengths. Current phi: 0. Current nu:0.28946376077382274
Optimizing nu
Mstep runtime (s): 0.41856908798217773
Finished EM iter: 22. Current nllh: 10608.289173364741
Starting EM iter: 23
Estep
Estep runtime (s): 0.19588303565979004
Mstep
Optimizing phi
Optimizing branch lengths. Current phi: 0. Current nu:0.2894667734830222
Optimizing nu
Mstep runtime (s): 0.38452792167663574
Finished EM iter: 23. Current nllh: 10608.288931323143
Starting EM iter: 24
Estep
Estep runtime (s): 0.20063996315002441
Mstep
Optimizing phi
Optimizing branch lengths. Current phi: 0. Current nu:0.2894729392549058
Optimizing nu
Mstep runtime (s): 0.36380696296691895
Finished EM iter: 24. Current nllh: 10608.288727280982
Starting EM iter: 25
Estep
Estep runtime (s): 0.19715094566345215
Mstep
Optimizing phi
Optimizing branch lengths. Current phi: 0. Current nu:0.289477091280622
Optimizing nu
Mstep runtime (s): 0.3684568405151367
Finished EM iter: 25. Current nllh: 10608.288567266023
Starting EM iter: 26
Estep
Estep runtime (s): 0.19706177711486816
Mstep
Optimizing phi
Optimizing branch lengths. Current phi: 0. Current nu:0.2894808013002384
Optimizing nu
Mstep runtime (s): 0.37436795234680176
Finished EM iter: 26. Current nllh: 10608.28844200411
Starting EM iter: 27
Estep
Estep runtime (s): 0.19555306434631348
Mstep
Optimizing phi
Optimizing branch lengths. Current phi: 0. Current nu:0.28948383854782517
Optimizing nu
Mstep runtime (s): 0.38605690002441406
Finished EM iter: 27. Current nllh: 10608.288321651387
Starting EM iter: 28
Estep
Estep runtime (s): 0.19598007202148438
Mstep
Optimizing phi
Optimizing branch lengths. Current phi: 0. Current nu:0.28948692228023115
Optimizing nu
Mstep runtime (s): 0.39914703369140625
Finished EM iter: 28. Current nllh: 10608.288228132375
EM finished after 28 iterations.
Optimal phi: 0. Optimal nu: 0.28948938702239796. Optimal nllh: 10608.288228132375
Optimal point found for initial point 1
Numerical optimization finished successfully
Tree height pre-scaling: 0.6897002996446682, input timescale: 1.0
Tree height after scaling: 1.0, mutation rate: 0.6897002996446682
Tree height pre-scaling: 0.689700299823025, input timescale: 1.0
Tree height after scaling: 1.0, mutation rate: 0.689700299823025
Tree height pre-scaling: 0.6897003007916023, input timescale: 1.0
Tree height after scaling: 1.0, mutation rate: 0.6897003007916023
Tree height pre-scaling: 0.6897002998860653, input timescale: 1.0
Tree height after scaling: 1.0, mutation rate: 0.6897002998860653
Tree height pre-scaling: 0.6897002999554389, input timescale: 1.0
Tree height after scaling: 1.0, mutation rate: 0.6897002999554389
Tree height pre-scaling: 0.6897002996276018, input timescale: 1.0
Tree height after scaling: 1.0, mutation rate: 0.6897002996276018
Tree height pre-scaling: 0.6897002997522098, input timescale: 1.0
Tree height after scaling: 1.0, mutation rate: 0.6897002997522098
Tree height pre-scaling: 0.6897002997165909, input timescale: 1.0
Tree height after scaling: 1.0, mutation rate: 0.6897002997165909
Tree height pre-scaling: 0.6897002997622954, input timescale: 1.0
Tree height after scaling: 1.0, mutation rate: 0.6897002997622954
Tree height pre-scaling: 0.689700299940859, input timescale: 1.0
Tree height after scaling: 1.0, mutation rate: 0.689700299940859
Tree height pre-scaling: 0.6897002995105324, input timescale: 1.0
Tree height after scaling: 0.9999999999999999, mutation rate: 0.6897002995105324
Tree height pre-scaling: 0.6897002994032836, input timescale: 1.0
Tree height after scaling: 1.0, mutation rate: 0.6897002994032836
Tree height pre-scaling: 0.6897002998297977, input timescale: 1.0
Tree height after scaling: 1.0, mutation rate: 0.6897002998297977
Tree height pre-scaling: 0.6897002997928912, input timescale: 1.0
Tree height after scaling: 1.0, mutation rate: 0.6897002997928912
Tree height pre-scaling: 0.6897002996866056, input timescale: 1.0
Tree height after scaling: 1.0, mutation rate: 0.6897002996866056
Tree height pre-scaling: 0.6897002997419945, input timescale: 1.0
Tree height after scaling: 1.0, mutation rate: 0.6897002997419945
Tree height pre-scaling: 0.6897003002135951, input timescale: 1.0
Tree height after scaling: 1.0, mutation rate: 0.6897003002135951
Runtime (s): 19.016136582999998
