Launching LAML version 0.0.4
LAML was called as follows: /Users/uym2/my_gits/LAML/run_laml.py -c ../../evaluation/Bar10/Bar10_character_matrix.txt -t place_outlier1/augmented_tree_99.nwk -o place_outlier1/augmented_tree_99_optimized -v -p ../../evaluation/Bar10/Bar10_priors.pickle --delimiter tab -m -1 --nInitials 1
Prior keys mismatch with site names.
Prior keys: [0, 1, 2, 3, 4, 5, 6, 7, 8, 9, 10, 11, 12, 13, 14, 15, 16, 17, 18, 19, 20, 21, 22, 23, 24, 25, 26, 27, 28, 29]
Site names: ['r1', 'r2', 'r3', 'r4', 'r5', 'r6', 'r7', 'r8', 'r9', 'r10', 'r11', 'r12', 'r13', 'r14', 'r15', 'r16', 'r17', 'r18', 'r19', 'r20', 'r21', 'r22', 'r23', 'r24', 'r25', 'r26', 'r27', 'r28', 'r29', 'r30']
Attempting to infer mapping between site names and prior keys...
{'r1': 0, 'r2': 1, 'r3': 2, 'r4': 3, 'r5': 4, 'r6': 5, 'r7': 6, 'r8': 7, 'r9': 8, 'r10': 9, 'r11': 10, 'r12': 11, 'r13': 12, 'r14': 13, 'r15': 14, 'r16': 15, 'r17': 16, 'r18': 17, 'r19': 18, 'r20': 19, 'r21': 20, 'r22': 21, 'r23': 22, 'r24': 23, 'r25': 24, 'r26': 25, 'r27': 26, 'r28': 27, 'r29': 28, 'r30': 29}
Optimizing branch lengths, phi, and nu without topology search
Optimization by EM algorithm
Optimization start with 1 initials
Initial point 1. Random seed: 4031
Numerical optimization started with ultrametric constraint (default)
Initial phi: 0. Initial nu: 0.26955655566205877. Initial nllh: 12894.449393609022
Starting EM iter: 1
Estep
Estep runtime (s): 0.10945916175842285
Mstep
Optimizing phi
Optimizing branch lengths. Current phi: 0. Current nu:0.26955655566205877
Optimizing nu
Mstep runtime (s): 0.3418128490447998
Finished EM iter: 1. Current nllh: 10521.880609319913
Starting EM iter: 2
Estep
Estep runtime (s): 0.1487898826599121
Mstep
Optimizing phi
Optimizing branch lengths. Current phi: 0. Current nu:0.28457585700304133
Optimizing nu
Mstep runtime (s): 0.29161691665649414
Finished EM iter: 2. Current nllh: 10506.831382148948
Starting EM iter: 3
Estep
Estep runtime (s): 0.15172505378723145
Mstep
Optimizing phi
Optimizing branch lengths. Current phi: 0. Current nu:0.28883139896544685
Optimizing nu
Mstep runtime (s): 0.2904820442199707
Finished EM iter: 3. Current nllh: 10505.273760706628
Starting EM iter: 4
Estep
Estep runtime (s): 0.14897513389587402
Mstep
Optimizing phi
Optimizing branch lengths. Current phi: 0. Current nu:0.2902418079665294
Optimizing nu
Mstep runtime (s): 0.2839930057525635
Finished EM iter: 4. Current nllh: 10504.940723998347
Starting EM iter: 5
Estep
Estep runtime (s): 0.1473221778869629
Mstep
Optimizing phi
Optimizing branch lengths. Current phi: 0. Current nu:0.2908626890584187
Optimizing nu
Mstep runtime (s): 0.3171520233154297
Finished EM iter: 5. Current nllh: 10504.829359931955
Starting EM iter: 6
Estep
Estep runtime (s): 0.14832520484924316
Mstep
Optimizing phi
Optimizing branch lengths. Current phi: 0. Current nu:0.2911822989491492
Optimizing nu
Mstep runtime (s): 0.3047492504119873
Finished EM iter: 6. Current nllh: 10504.775597660191
Starting EM iter: 7
Estep
Estep runtime (s): 0.14882588386535645
Mstep
Optimizing phi
Optimizing branch lengths. Current phi: 0. Current nu:0.2913711791984622
Optimizing nu
Mstep runtime (s): 0.3183250427246094
Finished EM iter: 7. Current nllh: 10504.753966945245
Starting EM iter: 8
Estep
Estep runtime (s): 0.14761090278625488
Mstep
Optimizing phi
Optimizing branch lengths. Current phi: 0. Current nu:0.2914879884439283
Optimizing nu
Mstep runtime (s): 0.3060133457183838
Finished EM iter: 8. Current nllh: 10504.740900871708
Starting EM iter: 9
Estep
Estep runtime (s): 0.14826679229736328
Mstep
Optimizing phi
Optimizing branch lengths. Current phi: 0. Current nu:0.291569409834785
Optimizing nu
Mstep runtime (s): 0.328829288482666
Finished EM iter: 9. Current nllh: 10504.732346556842
Starting EM iter: 10
Estep
Estep runtime (s): 0.14865326881408691
Mstep
Optimizing phi
Optimizing branch lengths. Current phi: 0. Current nu:0.2916288773101197
Optimizing nu
Mstep runtime (s): 0.3638789653778076
Finished EM iter: 10. Current nllh: 10504.726329927385
Starting EM iter: 11
Estep
Estep runtime (s): 0.1479029655456543
Mstep
Optimizing phi
Optimizing branch lengths. Current phi: 0. Current nu:0.2916736290947781
Optimizing nu
Mstep runtime (s): 0.280667781829834
Finished EM iter: 11. Current nllh: 10504.72231077554
Starting EM iter: 12
Estep
Estep runtime (s): 0.14734101295471191
Mstep
Optimizing phi
Optimizing branch lengths. Current phi: 0. Current nu:0.29170962187194915
Optimizing nu
Mstep runtime (s): 0.30024003982543945
Finished EM iter: 12. Current nllh: 10504.719324960808
Starting EM iter: 13
Estep
Estep runtime (s): 0.14769697189331055
Mstep
Optimizing phi
Optimizing branch lengths. Current phi: 0. Current nu:0.29173792338101967
Optimizing nu
Mstep runtime (s): 0.3070540428161621
Finished EM iter: 13. Current nllh: 10504.717114913381
Starting EM iter: 14
Estep
Estep runtime (s): 0.14774513244628906
Mstep
Optimizing phi
Optimizing branch lengths. Current phi: 0. Current nu:0.29176111350486766
Optimizing nu
Mstep runtime (s): 0.3131122589111328
Finished EM iter: 14. Current nllh: 10504.715448896812
Starting EM iter: 15
Estep
Estep runtime (s): 0.1477651596069336
Mstep
Optimizing phi
Optimizing branch lengths. Current phi: 0. Current nu:0.2917801143178205
Optimizing nu
Mstep runtime (s): 0.3092188835144043
Finished EM iter: 15. Current nllh: 10504.714165553636
Starting EM iter: 16
Estep
Estep runtime (s): 0.14911174774169922
Mstep
Optimizing phi
Optimizing branch lengths. Current phi: 0. Current nu:0.29179594906503326
Optimizing nu
Mstep runtime (s): 0.292525053024292
Finished EM iter: 16. Current nllh: 10504.713167660137
Starting EM iter: 17
Estep
Estep runtime (s): 0.14911103248596191
Mstep
Optimizing phi
Optimizing branch lengths. Current phi: 0. Current nu:0.2918095394815891
Optimizing nu
Mstep runtime (s): 0.3258521556854248
Finished EM iter: 17. Current nllh: 10504.712498514411
Starting EM iter: 18
Estep
Estep runtime (s): 0.1497960090637207
Mstep
Optimizing phi
Optimizing branch lengths. Current phi: 0. Current nu:0.2918172173216796
Optimizing nu
Mstep runtime (s): 0.30623531341552734
Finished EM iter: 18. Current nllh: 10504.711821949099
Starting EM iter: 19
Estep
Estep runtime (s): 0.14779901504516602
Mstep
Optimizing phi
Optimizing branch lengths. Current phi: 0. Current nu:0.2918297367954849
Optimizing nu
Mstep runtime (s): 0.29442286491394043
Finished EM iter: 19. Current nllh: 10504.711247402116
Starting EM iter: 20
Estep
Estep runtime (s): 0.15111184120178223
Mstep
Optimizing phi
Optimizing branch lengths. Current phi: 0. Current nu:0.2918394125394838
Optimizing nu
Mstep runtime (s): 0.32991695404052734
Finished EM iter: 20. Current nllh: 10504.710799124068
Starting EM iter: 21
Estep
Estep runtime (s): 0.14943909645080566
Mstep
Optimizing phi
Optimizing branch lengths. Current phi: 0. Current nu:0.2918474438619656
Optimizing nu
Mstep runtime (s): 0.29813408851623535
Finished EM iter: 21. Current nllh: 10504.710453789035
Starting EM iter: 22
Estep
Estep runtime (s): 0.14814186096191406
Mstep
Optimizing phi
Optimizing branch lengths. Current phi: 0. Current nu:0.29185365834151
Optimizing nu
Mstep runtime (s): 0.41512489318847656
Finished EM iter: 22. Current nllh: 10504.710176282573
Starting EM iter: 23
Estep
Estep runtime (s): 0.14772915840148926
Mstep
Optimizing phi
Optimizing branch lengths. Current phi: 0. Current nu:0.29185902779292167
Optimizing nu
Mstep runtime (s): 0.2981259822845459
Finished EM iter: 23. Current nllh: 10504.709933440185
Starting EM iter: 24
Estep
Estep runtime (s): 0.14812493324279785
Mstep
Optimizing phi
Optimizing branch lengths. Current phi: 0. Current nu:0.29186445479704604
Optimizing nu
Mstep runtime (s): 0.29810309410095215
Finished EM iter: 24. Current nllh: 10504.709729591565
Starting EM iter: 25
Estep
Estep runtime (s): 0.1479780673980713
Mstep
Optimizing phi
Optimizing branch lengths. Current phi: 0. Current nu:0.29186866971131475
Optimizing nu
Mstep runtime (s): 0.27818870544433594
Finished EM iter: 25. Current nllh: 10504.709572284393
Starting EM iter: 26
Estep
Estep runtime (s): 0.1479780673980713
Mstep
Optimizing phi
Optimizing branch lengths. Current phi: 0. Current nu:0.29187227180848213
Optimizing nu
Mstep runtime (s): 0.290863037109375
Finished EM iter: 26. Current nllh: 10504.709431708838
Starting EM iter: 27
Estep
Estep runtime (s): 0.14903497695922852
Mstep
Optimizing phi
Optimizing branch lengths. Current phi: 0. Current nu:0.29187564451533743
Optimizing nu
Mstep runtime (s): 0.29843878746032715
Finished EM iter: 27. Current nllh: 10504.709300659284
Starting EM iter: 28
Estep
Estep runtime (s): 0.14837288856506348
Mstep
Optimizing phi
Optimizing branch lengths. Current phi: 0. Current nu:0.29187904233011586
Optimizing nu
Mstep runtime (s): 0.3202848434448242
Finished EM iter: 28. Current nllh: 10504.70910903103
Starting EM iter: 29
Estep
Estep runtime (s): 0.14810872077941895
Mstep
Optimizing phi
Optimizing branch lengths. Current phi: 0. Current nu:0.29188201109145057
Optimizing nu
Mstep runtime (s): 0.34075117111206055
Finished EM iter: 29. Current nllh: 10504.70909733237
EM finished after 29 iterations.
Optimal phi: 0. Optimal nu: 0.2918840627281966. Optimal nllh: 10504.70909733237
Optimal point found for initial point 1
Numerical optimization finished successfully
Tree height pre-scaling: 0.6857235419350746, input timescale: 1.0
Tree height after scaling: 1.0, mutation rate: 0.6857235419350746
Tree height pre-scaling: 0.6857235419582277, input timescale: 1.0
Tree height after scaling: 0.9999999999999999, mutation rate: 0.6857235419582277
Tree height pre-scaling: 0.6857235420605341, input timescale: 1.0
Tree height after scaling: 1.0, mutation rate: 0.6857235420605341
Tree height pre-scaling: 0.6857235419604274, input timescale: 1.0
Tree height after scaling: 0.9999999999999999, mutation rate: 0.6857235419604274
Tree height pre-scaling: 0.6857235419644858, input timescale: 1.0
Tree height after scaling: 1.0, mutation rate: 0.6857235419644858
Tree height pre-scaling: 0.6857235419345888, input timescale: 1.0
Tree height after scaling: 1.0, mutation rate: 0.6857235419345888
Tree height pre-scaling: 0.6857235419424755, input timescale: 1.0
Tree height after scaling: 1.0, mutation rate: 0.6857235419424755
Tree height pre-scaling: 0.6857235419433287, input timescale: 1.0
Tree height after scaling: 0.9999999999999999, mutation rate: 0.6857235419433287
Tree height pre-scaling: 0.6857235419559625, input timescale: 1.0
Tree height after scaling: 1.0000000000000002, mutation rate: 0.6857235419559625
Tree height pre-scaling: 0.6857235419596416, input timescale: 1.0
Tree height after scaling: 1.0, mutation rate: 0.6857235419596416
Tree height pre-scaling: 0.6857235419292398, input timescale: 1.0
Tree height after scaling: 1.0, mutation rate: 0.6857235419292398
Tree height pre-scaling: 0.6857235419481633, input timescale: 1.0
Tree height after scaling: 1.0, mutation rate: 0.6857235419481633
Tree height pre-scaling: 0.6857235419424449, input timescale: 1.0
Tree height after scaling: 1.0, mutation rate: 0.6857235419424449
Tree height pre-scaling: 0.6857235419108529, input timescale: 1.0
Tree height after scaling: 0.9999999999999999, mutation rate: 0.6857235419108529
Tree height pre-scaling: 0.6857235419456269, input timescale: 1.0
Tree height after scaling: 1.0, mutation rate: 0.6857235419456269
Tree height pre-scaling: 0.685723541964233, input timescale: 1.0
Tree height after scaling: 0.9999999999999999, mutation rate: 0.685723541964233
Tree height pre-scaling: 0.6857235419167313, input timescale: 1.0
Tree height after scaling: 1.0, mutation rate: 0.6857235419167313
Runtime (s): 14.778448083
