Launching LAML version 0.0.4
LAML was called as follows: /Users/uym2/my_gits/LAML/run_laml.py -c ../../evaluation/Bar10/Bar10_character_matrix.txt -t place_outlier1/augmented_tree_280.nwk -o place_outlier1/augmented_tree_280_optimized -v -p ../../evaluation/Bar10/Bar10_priors.pickle --delimiter tab -m -1 --nInitials 1
Prior keys mismatch with site names.
Prior keys: [0, 1, 2, 3, 4, 5, 6, 7, 8, 9, 10, 11, 12, 13, 14, 15, 16, 17, 18, 19, 20, 21, 22, 23, 24, 25, 26, 27, 28, 29]
Site names: ['r1', 'r2', 'r3', 'r4', 'r5', 'r6', 'r7', 'r8', 'r9', 'r10', 'r11', 'r12', 'r13', 'r14', 'r15', 'r16', 'r17', 'r18', 'r19', 'r20', 'r21', 'r22', 'r23', 'r24', 'r25', 'r26', 'r27', 'r28', 'r29', 'r30']
Attempting to infer mapping between site names and prior keys...
{'r1': 0, 'r2': 1, 'r3': 2, 'r4': 3, 'r5': 4, 'r6': 5, 'r7': 6, 'r8': 7, 'r9': 8, 'r10': 9, 'r11': 10, 'r12': 11, 'r13': 12, 'r14': 13, 'r15': 14, 'r16': 15, 'r17': 16, 'r18': 17, 'r19': 18, 'r20': 19, 'r21': 20, 'r22': 21, 'r23': 22, 'r24': 23, 'r25': 24, 'r26': 25, 'r27': 26, 'r28': 27, 'r29': 28, 'r30': 29}
Optimizing branch lengths, phi, and nu without topology search
Optimization by EM algorithm
Optimization start with 1 initials
Initial point 1. Random seed: 9506
Numerical optimization started with ultrametric constraint (default)
Initial phi: 0. Initial nu: 0.26955655566205877. Initial nllh: 13210.377087422878
Starting EM iter: 1
Estep
Estep runtime (s): 0.11290907859802246
Mstep
Optimizing phi
Optimizing branch lengths. Current phi: 0. Current nu:0.26955655566205877
Optimizing nu
Mstep runtime (s): 0.32816314697265625
Finished EM iter: 1. Current nllh: 10651.589540462053
Starting EM iter: 2
Estep
Estep runtime (s): 0.15177702903747559
Mstep
Optimizing phi
Optimizing branch lengths. Current phi: 0. Current nu:0.2816407385639884
Optimizing nu
Mstep runtime (s): 0.3484659194946289
Finished EM iter: 2. Current nllh: 10632.974568761985
Starting EM iter: 3
Estep
Estep runtime (s): 0.1522960662841797
Mstep
Optimizing phi
Optimizing branch lengths. Current phi: 0. Current nu:0.28412633435046275
Optimizing nu
Mstep runtime (s): 0.30076098442077637
Finished EM iter: 3. Current nllh: 10630.93397891456
Starting EM iter: 4
Estep
Estep runtime (s): 0.14895987510681152
Mstep
Optimizing phi
Optimizing branch lengths. Current phi: 0. Current nu:0.28478389133538484
Optimizing nu
Mstep runtime (s): 0.30602025985717773
Finished EM iter: 4. Current nllh: 10630.474737590579
Starting EM iter: 5
Estep
Estep runtime (s): 0.15137124061584473
Mstep
Optimizing phi
Optimizing branch lengths. Current phi: 0. Current nu:0.2850691455851064
Optimizing nu
Mstep runtime (s): 0.3413691520690918
Finished EM iter: 5. Current nllh: 10630.334032505432
Starting EM iter: 6
Estep
Estep runtime (s): 0.15005111694335938
Mstep
Optimizing phi
Optimizing branch lengths. Current phi: 0. Current nu:0.2852455306986019
Optimizing nu
Mstep runtime (s): 0.3466639518737793
Finished EM iter: 6. Current nllh: 10630.27803626397
Starting EM iter: 7
Estep
Estep runtime (s): 0.15703082084655762
Mstep
Optimizing phi
Optimizing branch lengths. Current phi: 0. Current nu:0.285370051634076
Optimizing nu
Mstep runtime (s): 0.33800220489501953
Finished EM iter: 7. Current nllh: 10630.24972543372
Starting EM iter: 8
Estep
Estep runtime (s): 0.15618681907653809
Mstep
Optimizing phi
Optimizing branch lengths. Current phi: 0. Current nu:0.2854599546539169
Optimizing nu
Mstep runtime (s): 0.305617094039917
Finished EM iter: 8. Current nllh: 10630.238888675263
Starting EM iter: 9
Estep
Estep runtime (s): 0.15515494346618652
Mstep
Optimizing phi
Optimizing branch lengths. Current phi: 0. Current nu:0.2855263392853128
Optimizing nu
Mstep runtime (s): 0.3343510627746582
Finished EM iter: 9. Current nllh: 10630.23175839929
Starting EM iter: 10
Estep
Estep runtime (s): 0.15825295448303223
Mstep
Optimizing phi
Optimizing branch lengths. Current phi: 0. Current nu:0.2855768756835557
Optimizing nu
Mstep runtime (s): 0.29514193534851074
Finished EM iter: 10. Current nllh: 10630.226865427327
Starting EM iter: 11
Estep
Estep runtime (s): 0.15296292304992676
Mstep
Optimizing phi
Optimizing branch lengths. Current phi: 0. Current nu:0.2856167974052533
Optimizing nu
Mstep runtime (s): 0.29755401611328125
Finished EM iter: 11. Current nllh: 10630.223420145212
Starting EM iter: 12
Estep
Estep runtime (s): 0.14772510528564453
Mstep
Optimizing phi
Optimizing branch lengths. Current phi: 0. Current nu:0.2856480340319537
Optimizing nu
Mstep runtime (s): 0.29323911666870117
Finished EM iter: 12. Current nllh: 10630.220915585161
Starting EM iter: 13
Estep
Estep runtime (s): 0.1482090950012207
Mstep
Optimizing phi
Optimizing branch lengths. Current phi: 0. Current nu:0.285673542419163
Optimizing nu
Mstep runtime (s): 0.3084580898284912
Finished EM iter: 13. Current nllh: 10630.219058133485
Starting EM iter: 14
Estep
Estep runtime (s): 0.15179705619812012
Mstep
Optimizing phi
Optimizing branch lengths. Current phi: 0. Current nu:0.28569473349182883
Optimizing nu
Mstep runtime (s): 0.28446412086486816
Finished EM iter: 14. Current nllh: 10630.217668713332
Starting EM iter: 15
Estep
Estep runtime (s): 0.15238285064697266
Mstep
Optimizing phi
Optimizing branch lengths. Current phi: 0. Current nu:0.28571159564485565
Optimizing nu
Mstep runtime (s): 0.3028831481933594
Finished EM iter: 15. Current nllh: 10630.216591997421
Starting EM iter: 16
Estep
Estep runtime (s): 0.14887690544128418
Mstep
Optimizing phi
Optimizing branch lengths. Current phi: 0. Current nu:0.2857265816026396
Optimizing nu
Mstep runtime (s): 0.29001712799072266
Finished EM iter: 16. Current nllh: 10630.215757944246
Starting EM iter: 17
Estep
Estep runtime (s): 0.148392915725708
Mstep
Optimizing phi
Optimizing branch lengths. Current phi: 0. Current nu:0.28573877293959854
Optimizing nu
Mstep runtime (s): 0.3201909065246582
Finished EM iter: 17. Current nllh: 10630.215116885987
Starting EM iter: 18
Estep
Estep runtime (s): 0.16172099113464355
Mstep
Optimizing phi
Optimizing branch lengths. Current phi: 0. Current nu:0.28574876967003787
Optimizing nu
Mstep runtime (s): 0.31371402740478516
Finished EM iter: 18. Current nllh: 10630.21459802259
Starting EM iter: 19
Estep
Estep runtime (s): 0.14912915229797363
Mstep
Optimizing phi
Optimizing branch lengths. Current phi: 0. Current nu:0.28575776048156243
Optimizing nu
Mstep runtime (s): 0.2815251350402832
Finished EM iter: 19. Current nllh: 10630.214188518356
Starting EM iter: 20
Estep
Estep runtime (s): 0.15537714958190918
Mstep
Optimizing phi
Optimizing branch lengths. Current phi: 0. Current nu:0.285765028968673
Optimizing nu
Mstep runtime (s): 0.2966139316558838
Finished EM iter: 20. Current nllh: 10630.213852919991
Starting EM iter: 21
Estep
Estep runtime (s): 0.15542078018188477
Mstep
Optimizing phi
Optimizing branch lengths. Current phi: 0. Current nu:0.285771630536347
Optimizing nu
Mstep runtime (s): 0.33625197410583496
Finished EM iter: 21. Current nllh: 10630.213501724265
Starting EM iter: 22
Estep
Estep runtime (s): 0.15215086936950684
Mstep
Optimizing phi
Optimizing branch lengths. Current phi: 0. Current nu:0.28577754072101214
Optimizing nu
Mstep runtime (s): 0.37260007858276367
Finished EM iter: 22. Current nllh: 10630.213165718083
Starting EM iter: 23
Estep
Estep runtime (s): 0.15119528770446777
Mstep
Optimizing phi
Optimizing branch lengths. Current phi: 0. Current nu:0.28578350786387724
Optimizing nu
Mstep runtime (s): 0.29122304916381836
Finished EM iter: 23. Current nllh: 10630.213121482713
EM finished after 23 iterations.
Optimal phi: 0. Optimal nu: 0.28578743902023007. Optimal nllh: 10630.213121482713
Optimal point found for initial point 1
Numerical optimization finished successfully
Tree height pre-scaling: 0.6840603435196149, input timescale: 1.0
Tree height after scaling: 1.0, mutation rate: 0.6840603435196149
Tree height pre-scaling: 0.6840603436192079, input timescale: 1.0
Tree height after scaling: 1.0, mutation rate: 0.6840603436192079
Tree height pre-scaling: 0.6840603440529921, input timescale: 1.0
Tree height after scaling: 1.0000000000000002, mutation rate: 0.6840603440529921
Tree height pre-scaling: 0.6840603435720336, input timescale: 1.0
Tree height after scaling: 1.0, mutation rate: 0.6840603435720336
Tree height pre-scaling: 0.6840603436567304, input timescale: 1.0
Tree height after scaling: 0.9999999999999999, mutation rate: 0.6840603436567304
Tree height pre-scaling: 0.684060343464245, input timescale: 1.0
Tree height after scaling: 1.0, mutation rate: 0.684060343464245
Tree height pre-scaling: 0.6840603434210255, input timescale: 1.0
Tree height after scaling: 1.0, mutation rate: 0.6840603434210255
Tree height pre-scaling: 0.6840603436033773, input timescale: 1.0
Tree height after scaling: 1.0, mutation rate: 0.6840603436033773
Tree height pre-scaling: 0.6840603435897852, input timescale: 1.0
Tree height after scaling: 1.0, mutation rate: 0.6840603435897852
Tree height pre-scaling: 0.6840603435412826, input timescale: 1.0
Tree height after scaling: 0.9999999999999999, mutation rate: 0.6840603435412826
Tree height pre-scaling: 0.6840603435650298, input timescale: 1.0
Tree height after scaling: 1.0, mutation rate: 0.6840603435650298
Tree height pre-scaling: 0.684060343638023, input timescale: 1.0
Tree height after scaling: 0.9999999999999999, mutation rate: 0.684060343638023
Tree height pre-scaling: 0.6840603435089807, input timescale: 1.0
Tree height after scaling: 1.0, mutation rate: 0.6840603435089807
Tree height pre-scaling: 0.6840603435585756, input timescale: 1.0
Tree height after scaling: 1.0, mutation rate: 0.6840603435585756
Tree height pre-scaling: 0.6840603435175822, input timescale: 1.0
Tree height after scaling: 1.0, mutation rate: 0.6840603435175822
Tree height pre-scaling: 0.6840603436409838, input timescale: 1.0
Tree height after scaling: 1.0, mutation rate: 0.6840603436409838
Tree height pre-scaling: 0.6840603433932485, input timescale: 1.0
Tree height after scaling: 0.9999999999999999, mutation rate: 0.6840603433932485
Runtime (s): 11.950929166
