Launching LAML version 0.0.4
LAML was called as follows: /Users/uym2/my_gits/LAML/run_laml.py -c ../../evaluation/Bar10/Bar10_character_matrix.txt -t place_outlier1/augmented_tree_52.nwk -o place_outlier1/augmented_tree_52_optimized -v -p ../../evaluation/Bar10/Bar10_priors.pickle --delimiter tab -m -1 --nInitials 1
Prior keys mismatch with site names.
Prior keys: [0, 1, 2, 3, 4, 5, 6, 7, 8, 9, 10, 11, 12, 13, 14, 15, 16, 17, 18, 19, 20, 21, 22, 23, 24, 25, 26, 27, 28, 29]
Site names: ['r1', 'r2', 'r3', 'r4', 'r5', 'r6', 'r7', 'r8', 'r9', 'r10', 'r11', 'r12', 'r13', 'r14', 'r15', 'r16', 'r17', 'r18', 'r19', 'r20', 'r21', 'r22', 'r23', 'r24', 'r25', 'r26', 'r27', 'r28', 'r29', 'r30']
Attempting to infer mapping between site names and prior keys...
{'r1': 0, 'r2': 1, 'r3': 2, 'r4': 3, 'r5': 4, 'r6': 5, 'r7': 6, 'r8': 7, 'r9': 8, 'r10': 9, 'r11': 10, 'r12': 11, 'r13': 12, 'r14': 13, 'r15': 14, 'r16': 15, 'r17': 16, 'r18': 17, 'r19': 18, 'r20': 19, 'r21': 20, 'r22': 21, 'r23': 22, 'r24': 23, 'r25': 24, 'r26': 25, 'r27': 26, 'r28': 27, 'r29': 28, 'r30': 29}
Optimizing branch lengths, phi, and nu without topology search
Optimization by EM algorithm
Optimization start with 1 initials
Initial point 1. Random seed: 6582
Numerical optimization started with ultrametric constraint (default)
Initial phi: 0. Initial nu: 0.26955655566205877. Initial nllh: 13035.386208050973
Starting EM iter: 1
Estep
Estep runtime (s): 0.10777497291564941
Mstep
Optimizing phi
Optimizing branch lengths. Current phi: 0. Current nu:0.26955655566205877
Optimizing nu
Mstep runtime (s): 0.3135030269622803
Finished EM iter: 1. Current nllh: 10541.290627309392
Starting EM iter: 2
Estep
Estep runtime (s): 0.14600777626037598
Mstep
Optimizing phi
Optimizing branch lengths. Current phi: 0. Current nu:0.2886756407527766
Optimizing nu
Mstep runtime (s): 0.3456430435180664
Finished EM iter: 2. Current nllh: 10522.381948493969
Starting EM iter: 3
Estep
Estep runtime (s): 0.14425182342529297
Mstep
Optimizing phi
Optimizing branch lengths. Current phi: 0. Current nu:0.29295442260783733
Optimizing nu
Mstep runtime (s): 0.3005950450897217
Finished EM iter: 3. Current nllh: 10520.777335895675
Starting EM iter: 4
Estep
Estep runtime (s): 0.14596104621887207
Mstep
Optimizing phi
Optimizing branch lengths. Current phi: 0. Current nu:0.2941289895624244
Optimizing nu
Mstep runtime (s): 0.335162878036499
Finished EM iter: 4. Current nllh: 10520.503176643693
Starting EM iter: 5
Estep
Estep runtime (s): 0.1442408561706543
Mstep
Optimizing phi
Optimizing branch lengths. Current phi: 0. Current nu:0.2946505311064286
Optimizing nu
Mstep runtime (s): 0.3559849262237549
Finished EM iter: 5. Current nllh: 10520.399910408823
Starting EM iter: 6
Estep
Estep runtime (s): 0.14645004272460938
Mstep
Optimizing phi
Optimizing branch lengths. Current phi: 0. Current nu:0.29493358952857723
Optimizing nu
Mstep runtime (s): 0.3376739025115967
Finished EM iter: 6. Current nllh: 10520.348214255764
Starting EM iter: 7
Estep
Estep runtime (s): 0.14444208145141602
Mstep
Optimizing phi
Optimizing branch lengths. Current phi: 0. Current nu:0.2951039356704002
Optimizing nu
Mstep runtime (s): 0.2984039783477783
Finished EM iter: 7. Current nllh: 10520.326394123005
Starting EM iter: 8
Estep
Estep runtime (s): 0.14519190788269043
Mstep
Optimizing phi
Optimizing branch lengths. Current phi: 0. Current nu:0.2952106892813262
Optimizing nu
Mstep runtime (s): 0.2897369861602783
Finished EM iter: 8. Current nllh: 10520.31533409888
Starting EM iter: 9
Estep
Estep runtime (s): 0.14460420608520508
Mstep
Optimizing phi
Optimizing branch lengths. Current phi: 0. Current nu:0.295283958942364
Optimizing nu
Mstep runtime (s): 0.3229858875274658
Finished EM iter: 9. Current nllh: 10520.30800113242
Starting EM iter: 10
Estep
Estep runtime (s): 0.14465785026550293
Mstep
Optimizing phi
Optimizing branch lengths. Current phi: 0. Current nu:0.29533833303718743
Optimizing nu
Mstep runtime (s): 0.279238224029541
Finished EM iter: 10. Current nllh: 10520.302902365305
Starting EM iter: 11
Estep
Estep runtime (s): 0.1446988582611084
Mstep
Optimizing phi
Optimizing branch lengths. Current phi: 0. Current nu:0.2953803155137367
Optimizing nu
Mstep runtime (s): 0.3068079948425293
Finished EM iter: 11. Current nllh: 10520.299082899834
Starting EM iter: 12
Estep
Estep runtime (s): 0.14489507675170898
Mstep
Optimizing phi
Optimizing branch lengths. Current phi: 0. Current nu:0.2954133700312324
Optimizing nu
Mstep runtime (s): 0.28508973121643066
Finished EM iter: 12. Current nllh: 10520.296527919347
Starting EM iter: 13
Estep
Estep runtime (s): 0.14481377601623535
Mstep
Optimizing phi
Optimizing branch lengths. Current phi: 0. Current nu:0.2954408378570532
Optimizing nu
Mstep runtime (s): 0.31919002532958984
Finished EM iter: 13. Current nllh: 10520.294525757441
Starting EM iter: 14
Estep
Estep runtime (s): 0.14480924606323242
Mstep
Optimizing phi
Optimizing branch lengths. Current phi: 0. Current nu:0.29546206964646793
Optimizing nu
Mstep runtime (s): 0.3255119323730469
Finished EM iter: 14. Current nllh: 10520.293045654385
Starting EM iter: 15
Estep
Estep runtime (s): 0.14519405364990234
Mstep
Optimizing phi
Optimizing branch lengths. Current phi: 0. Current nu:0.29547869988523817
Optimizing nu
Mstep runtime (s): 0.3307840824127197
Finished EM iter: 15. Current nllh: 10520.291756548719
Starting EM iter: 16
Estep
Estep runtime (s): 0.14656496047973633
Mstep
Optimizing phi
Optimizing branch lengths. Current phi: 0. Current nu:0.2954951548650922
Optimizing nu
Mstep runtime (s): 0.2892589569091797
Finished EM iter: 16. Current nllh: 10520.290907004302
Starting EM iter: 17
Estep
Estep runtime (s): 0.1450490951538086
Mstep
Optimizing phi
Optimizing branch lengths. Current phi: 0. Current nu:0.29550829771331244
Optimizing nu
Mstep runtime (s): 0.3136749267578125
Finished EM iter: 17. Current nllh: 10520.289956590585
Starting EM iter: 18
Estep
Estep runtime (s): 0.14490604400634766
Mstep
Optimizing phi
Optimizing branch lengths. Current phi: 0. Current nu:0.29552041410509183
Optimizing nu
Mstep runtime (s): 0.29965806007385254
Finished EM iter: 18. Current nllh: 10520.28954261454
Starting EM iter: 19
Estep
Estep runtime (s): 0.14503121376037598
Mstep
Optimizing phi
Optimizing branch lengths. Current phi: 0. Current nu:0.29552963556291606
Optimizing nu
Mstep runtime (s): 0.3154928684234619
Finished EM iter: 19. Current nllh: 10520.289064760475
Starting EM iter: 20
Estep
Estep runtime (s): 0.14586091041564941
Mstep
Optimizing phi
Optimizing branch lengths. Current phi: 0. Current nu:0.29553783274835776
Optimizing nu
Mstep runtime (s): 0.3163778781890869
Finished EM iter: 20. Current nllh: 10520.288673880612
Starting EM iter: 21
Estep
Estep runtime (s): 0.1450328826904297
Mstep
Optimizing phi
Optimizing branch lengths. Current phi: 0. Current nu:0.29554498012578384
Optimizing nu
Mstep runtime (s): 0.2986619472503662
Finished EM iter: 21. Current nllh: 10520.28835341876
Starting EM iter: 22
Estep
Estep runtime (s): 0.14496612548828125
Mstep
Optimizing phi
Optimizing branch lengths. Current phi: 0. Current nu:0.29555112738750344
Optimizing nu
Mstep runtime (s): 0.29248476028442383
Finished EM iter: 22. Current nllh: 10520.288080223632
Starting EM iter: 23
Estep
Estep runtime (s): 0.14544296264648438
Mstep
Optimizing phi
Optimizing branch lengths. Current phi: 0. Current nu:0.29555693435153824
Optimizing nu
Mstep runtime (s): 0.3072168827056885
Finished EM iter: 23. Current nllh: 10520.287571115996
Starting EM iter: 24
Estep
Estep runtime (s): 0.14491605758666992
Mstep
Optimizing phi
Optimizing branch lengths. Current phi: 0. Current nu:0.2955639420318763
Optimizing nu
Mstep runtime (s): 0.3150441646575928
Finished EM iter: 24. Current nllh: 10520.28733277394
Starting EM iter: 25
Estep
Estep runtime (s): 0.14543890953063965
Mstep
Optimizing phi
Optimizing branch lengths. Current phi: 0. Current nu:0.29556935063496287
Optimizing nu
Mstep runtime (s): 0.3457520008087158
Finished EM iter: 25. Current nllh: 10520.287192713145
Starting EM iter: 26
Estep
Estep runtime (s): 0.14509797096252441
Mstep
Optimizing phi
Optimizing branch lengths. Current phi: 0. Current nu:0.2955734423766321
Optimizing nu
Mstep runtime (s): 0.3208730220794678
Finished EM iter: 26. Current nllh: 10520.287266088873
EM finished after 26 iterations.
Optimal phi: 0. Optimal nu: 0.2955759266009771. Optimal nllh: 10520.287266088873
Optimal point found for initial point 1
Numerical optimization finished successfully
Tree height pre-scaling: 0.6841152249629421, input timescale: 1.0
Tree height after scaling: 1.0, mutation rate: 0.6841152249629421
Tree height pre-scaling: 0.6841152250330379, input timescale: 1.0
Tree height after scaling: 1.0, mutation rate: 0.6841152250330379
Tree height pre-scaling: 0.6841152253396481, input timescale: 1.0
Tree height after scaling: 1.0, mutation rate: 0.6841152253396481
Tree height pre-scaling: 0.6841152250393755, input timescale: 1.0
Tree height after scaling: 1.0, mutation rate: 0.6841152250393755
Tree height pre-scaling: 0.6841152250530544, input timescale: 1.0
Tree height after scaling: 1.0, mutation rate: 0.6841152250530544
Tree height pre-scaling: 0.6841152249595798, input timescale: 1.0
Tree height after scaling: 1.0, mutation rate: 0.6841152249595798
Tree height pre-scaling: 0.6841152249827337, input timescale: 1.0
Tree height after scaling: 1.0, mutation rate: 0.6841152249827337
Tree height pre-scaling: 0.6841152249841687, input timescale: 1.0
Tree height after scaling: 1.0, mutation rate: 0.6841152249841687
Tree height pre-scaling: 0.6841152250334852, input timescale: 1.0
Tree height after scaling: 1.0, mutation rate: 0.6841152250334852
Tree height pre-scaling: 0.6841152250404596, input timescale: 1.0
Tree height after scaling: 1.0, mutation rate: 0.6841152250404596
Tree height pre-scaling: 0.6841152249486213, input timescale: 1.0
Tree height after scaling: 1.0, mutation rate: 0.6841152249486213
Tree height pre-scaling: 0.684115225004264, input timescale: 1.0
Tree height after scaling: 1.0, mutation rate: 0.684115225004264
Tree height pre-scaling: 0.6841152249846834, input timescale: 1.0
Tree height after scaling: 1.0, mutation rate: 0.6841152249846834
Tree height pre-scaling: 0.6841152248908106, input timescale: 1.0
Tree height after scaling: 1.0, mutation rate: 0.6841152248908106
Tree height pre-scaling: 0.6841152248976993, input timescale: 1.0
Tree height after scaling: 1.0, mutation rate: 0.6841152248976993
Tree height pre-scaling: 0.6841152249961047, input timescale: 1.0
Tree height after scaling: 1.0, mutation rate: 0.6841152249961047
Tree height pre-scaling: 0.6841152250623374, input timescale: 1.0
Tree height after scaling: 1.0, mutation rate: 0.6841152250623374
Runtime (s): 13.228876709
