Launching LAML version 0.0.4
LAML was called as follows: /Users/uym2/my_gits/LAML/run_laml.py -c ../../evaluation/Bar10/Bar10_character_matrix.txt -t place_outlier1/augmented_tree_337.nwk -o place_outlier1/augmented_tree_337_optimized -v -p ../../evaluation/Bar10/Bar10_priors.pickle --delimiter tab -m -1 --nInitials 1
Prior keys mismatch with site names.
Prior keys: [0, 1, 2, 3, 4, 5, 6, 7, 8, 9, 10, 11, 12, 13, 14, 15, 16, 17, 18, 19, 20, 21, 22, 23, 24, 25, 26, 27, 28, 29]
Site names: ['r1', 'r2', 'r3', 'r4', 'r5', 'r6', 'r7', 'r8', 'r9', 'r10', 'r11', 'r12', 'r13', 'r14', 'r15', 'r16', 'r17', 'r18', 'r19', 'r20', 'r21', 'r22', 'r23', 'r24', 'r25', 'r26', 'r27', 'r28', 'r29', 'r30']
Attempting to infer mapping between site names and prior keys...
{'r1': 0, 'r2': 1, 'r3': 2, 'r4': 3, 'r5': 4, 'r6': 5, 'r7': 6, 'r8': 7, 'r9': 8, 'r10': 9, 'r11': 10, 'r12': 11, 'r13': 12, 'r14': 13, 'r15': 14, 'r16': 15, 'r17': 16, 'r18': 17, 'r19': 18, 'r20': 19, 'r21': 20, 'r22': 21, 'r23': 22, 'r24': 23, 'r25': 24, 'r26': 25, 'r27': 26, 'r28': 27, 'r29': 28, 'r30': 29}
Optimizing branch lengths, phi, and nu without topology search
Optimization by EM algorithm
Optimization start with 1 initials
Initial point 1. Random seed: 2592
Numerical optimization started with ultrametric constraint (default)
Initial phi: 0. Initial nu: 0.26955655566205877. Initial nllh: 12871.958840723712
Starting EM iter: 1
Estep
Estep runtime (s): 0.11134099960327148
Mstep
Optimizing phi
Optimizing branch lengths. Current phi: 0. Current nu:0.26955655566205877
Optimizing nu
Mstep runtime (s): 0.30864691734313965
Finished EM iter: 1. Current nllh: 10534.0112939263
Starting EM iter: 2
Estep
Estep runtime (s): 0.1450059413909912
Mstep
Optimizing phi
Optimizing branch lengths. Current phi: 0. Current nu:0.283873179277334
Optimizing nu
Mstep runtime (s): 0.3595271110534668
Finished EM iter: 2. Current nllh: 10520.488201041966
Starting EM iter: 3
Estep
Estep runtime (s): 0.14799809455871582
Mstep
Optimizing phi
Optimizing branch lengths. Current phi: 0. Current nu:0.287882718931475
Optimizing nu
Mstep runtime (s): 0.3443319797515869
Finished EM iter: 3. Current nllh: 10519.204372177957
Starting EM iter: 4
Estep
Estep runtime (s): 0.1465620994567871
Mstep
Optimizing phi
Optimizing branch lengths. Current phi: 0. Current nu:0.2892242638526287
Optimizing nu
Mstep runtime (s): 0.33561182022094727
Finished EM iter: 4. Current nllh: 10518.970755852686
Starting EM iter: 5
Estep
Estep runtime (s): 0.14530277252197266
Mstep
Optimizing phi
Optimizing branch lengths. Current phi: 0. Current nu:0.2897719098603274
Optimizing nu
Mstep runtime (s): 0.3387420177459717
Finished EM iter: 5. Current nllh: 10518.891566438137
Starting EM iter: 6
Estep
Estep runtime (s): 0.14591193199157715
Mstep
Optimizing phi
Optimizing branch lengths. Current phi: 0. Current nu:0.2900367953736742
Optimizing nu
Mstep runtime (s): 0.309063196182251
Finished EM iter: 6. Current nllh: 10518.861299265125
Starting EM iter: 7
Estep
Estep runtime (s): 0.15190815925598145
Mstep
Optimizing phi
Optimizing branch lengths. Current phi: 0. Current nu:0.2901843011473612
Optimizing nu
Mstep runtime (s): 0.2956829071044922
Finished EM iter: 7. Current nllh: 10518.844575858537
Starting EM iter: 8
Estep
Estep runtime (s): 0.14572381973266602
Mstep
Optimizing phi
Optimizing branch lengths. Current phi: 0. Current nu:0.2902793719758751
Optimizing nu
Mstep runtime (s): 0.2974271774291992
Finished EM iter: 8. Current nllh: 10518.83423986947
Starting EM iter: 9
Estep
Estep runtime (s): 0.14658308029174805
Mstep
Optimizing phi
Optimizing branch lengths. Current phi: 0. Current nu:0.29034611403543065
Optimizing nu
Mstep runtime (s): 0.32814574241638184
Finished EM iter: 9. Current nllh: 10518.827397690015
Starting EM iter: 10
Estep
Estep runtime (s): 0.14825868606567383
Mstep
Optimizing phi
Optimizing branch lengths. Current phi: 0. Current nu:0.2903965663318481
Optimizing nu
Mstep runtime (s): 0.3057410717010498
Finished EM iter: 10. Current nllh: 10518.82269925442
Starting EM iter: 11
Estep
Estep runtime (s): 0.1476280689239502
Mstep
Optimizing phi
Optimizing branch lengths. Current phi: 0. Current nu:0.29043401290423265
Optimizing nu
Mstep runtime (s): 0.28569793701171875
Finished EM iter: 11. Current nllh: 10518.819325589024
Starting EM iter: 12
Estep
Estep runtime (s): 0.14857220649719238
Mstep
Optimizing phi
Optimizing branch lengths. Current phi: 0. Current nu:0.2904651652861831
Optimizing nu
Mstep runtime (s): 0.3390500545501709
Finished EM iter: 12. Current nllh: 10518.816857468417
Starting EM iter: 13
Estep
Estep runtime (s): 0.15185904502868652
Mstep
Optimizing phi
Optimizing branch lengths. Current phi: 0. Current nu:0.2904895147795661
Optimizing nu
Mstep runtime (s): 0.3279838562011719
Finished EM iter: 13. Current nllh: 10518.81490711545
Starting EM iter: 14
Estep
Estep runtime (s): 0.14862513542175293
Mstep
Optimizing phi
Optimizing branch lengths. Current phi: 0. Current nu:0.29050808966119396
Optimizing nu
Mstep runtime (s): 0.2924463748931885
Finished EM iter: 14. Current nllh: 10518.813620772173
Starting EM iter: 15
Estep
Estep runtime (s): 0.14621186256408691
Mstep
Optimizing phi
Optimizing branch lengths. Current phi: 0. Current nu:0.29052700917263313
Optimizing nu
Mstep runtime (s): 0.3522801399230957
Finished EM iter: 15. Current nllh: 10518.812472754485
Starting EM iter: 16
Estep
Estep runtime (s): 0.15003323554992676
Mstep
Optimizing phi
Optimizing branch lengths. Current phi: 0. Current nu:0.2905393709014682
Optimizing nu
Mstep runtime (s): 0.29456067085266113
Finished EM iter: 16. Current nllh: 10518.81168429363
Starting EM iter: 17
Estep
Estep runtime (s): 0.15024614334106445
Mstep
Optimizing phi
Optimizing branch lengths. Current phi: 0. Current nu:0.290552764949207
Optimizing nu
Mstep runtime (s): 0.3436901569366455
Finished EM iter: 17. Current nllh: 10518.810669912311
Starting EM iter: 18
Estep
Estep runtime (s): 0.14742136001586914
Mstep
Optimizing phi
Optimizing branch lengths. Current phi: 0. Current nu:0.29056531130441776
Optimizing nu
Mstep runtime (s): 0.3053722381591797
Finished EM iter: 18. Current nllh: 10518.810321395975
Starting EM iter: 19
Estep
Estep runtime (s): 0.15906715393066406
Mstep
Optimizing phi
Optimizing branch lengths. Current phi: 0. Current nu:0.29057471001619484
Optimizing nu
Mstep runtime (s): 0.3045389652252197
Finished EM iter: 19. Current nllh: 10518.809873560898
Starting EM iter: 20
Estep
Estep runtime (s): 0.14960193634033203
Mstep
Optimizing phi
Optimizing branch lengths. Current phi: 0. Current nu:0.2905824803950713
Optimizing nu
Mstep runtime (s): 0.3267629146575928
Finished EM iter: 20. Current nllh: 10518.809352082242
Starting EM iter: 21
Estep
Estep runtime (s): 0.14917683601379395
Mstep
Optimizing phi
Optimizing branch lengths. Current phi: 0. Current nu:0.2905885002666588
Optimizing nu
Mstep runtime (s): 0.3142101764678955
Finished EM iter: 21. Current nllh: 10518.809230325223
Starting EM iter: 22
Estep
Estep runtime (s): 0.1524829864501953
Mstep
Optimizing phi
Optimizing branch lengths. Current phi: 0. Current nu:0.29059507663378165
Optimizing nu
Mstep runtime (s): 0.3417551517486572
Finished EM iter: 22. Current nllh: 10518.808825831837
Starting EM iter: 23
Estep
Estep runtime (s): 0.1556251049041748
Mstep
Optimizing phi
Optimizing branch lengths. Current phi: 0. Current nu:0.2905994053888385
Optimizing nu
Mstep runtime (s): 0.30901408195495605
Finished EM iter: 23. Current nllh: 10518.80878603443
EM finished after 23 iterations.
Optimal phi: 0. Optimal nu: 0.2906044129886764. Optimal nllh: 10518.80878603443
Optimal point found for initial point 1
Numerical optimization finished successfully
Tree height pre-scaling: 0.6875778710510725, input timescale: 1.0
Tree height after scaling: 0.9999999999999998, mutation rate: 0.6875778710510725
Tree height pre-scaling: 0.6875778710612894, input timescale: 1.0
Tree height after scaling: 1.0, mutation rate: 0.6875778710612894
Tree height pre-scaling: 0.6875778710566353, input timescale: 1.0
Tree height after scaling: 1.0, mutation rate: 0.6875778710566353
Tree height pre-scaling: 0.687577871065789, input timescale: 1.0
Tree height after scaling: 1.0, mutation rate: 0.687577871065789
Tree height pre-scaling: 0.6875778710441288, input timescale: 1.0
Tree height after scaling: 1.0, mutation rate: 0.6875778710441288
Tree height pre-scaling: 0.6875778710392948, input timescale: 1.0
Tree height after scaling: 1.0, mutation rate: 0.6875778710392948
Tree height pre-scaling: 0.6875778710600966, input timescale: 1.0
Tree height after scaling: 1.0000000000000002, mutation rate: 0.6875778710600966
Tree height pre-scaling: 0.6875778710587483, input timescale: 1.0
Tree height after scaling: 0.9999999999999999, mutation rate: 0.6875778710587483
Tree height pre-scaling: 0.6875778710531619, input timescale: 1.0
Tree height after scaling: 1.0, mutation rate: 0.6875778710531619
Tree height pre-scaling: 0.687577871056077, input timescale: 1.0
Tree height after scaling: 1.0, mutation rate: 0.687577871056077
Tree height pre-scaling: 0.6875778710645709, input timescale: 1.0
Tree height after scaling: 1.0, mutation rate: 0.6875778710645709
Tree height pre-scaling: 0.6875778710494677, input timescale: 1.0
Tree height after scaling: 1.0, mutation rate: 0.6875778710494677
Tree height pre-scaling: 0.6875778710550741, input timescale: 1.0
Tree height after scaling: 1.0, mutation rate: 0.6875778710550741
Tree height pre-scaling: 0.6875778710505415, input timescale: 1.0
Tree height after scaling: 1.0, mutation rate: 0.6875778710505415
Tree height pre-scaling: 0.6875778710646718, input timescale: 1.0
Tree height after scaling: 0.9999999999999999, mutation rate: 0.6875778710646718
Tree height pre-scaling: 0.6875778710548428, input timescale: 1.0
Tree height after scaling: 1.0, mutation rate: 0.6875778710548428
Tree height pre-scaling: 0.6875778711038381, input timescale: 1.0
Tree height after scaling: 1.0, mutation rate: 0.6875778711038381
Runtime (s): 11.984321
