Launching LAML version 0.0.4
LAML was called as follows: /Users/uym2/my_gits/LAML/run_laml.py -c ../../evaluation/Bar10/Bar10_character_matrix.txt -t place_outlier1/augmented_tree_113.nwk -o place_outlier1/augmented_tree_113_optimized -v -p ../../evaluation/Bar10/Bar10_priors.pickle --delimiter tab -m -1 --nInitials 1
Prior keys mismatch with site names.
Prior keys: [0, 1, 2, 3, 4, 5, 6, 7, 8, 9, 10, 11, 12, 13, 14, 15, 16, 17, 18, 19, 20, 21, 22, 23, 24, 25, 26, 27, 28, 29]
Site names: ['r1', 'r2', 'r3', 'r4', 'r5', 'r6', 'r7', 'r8', 'r9', 'r10', 'r11', 'r12', 'r13', 'r14', 'r15', 'r16', 'r17', 'r18', 'r19', 'r20', 'r21', 'r22', 'r23', 'r24', 'r25', 'r26', 'r27', 'r28', 'r29', 'r30']
Attempting to infer mapping between site names and prior keys...
{'r1': 0, 'r2': 1, 'r3': 2, 'r4': 3, 'r5': 4, 'r6': 5, 'r7': 6, 'r8': 7, 'r9': 8, 'r10': 9, 'r11': 10, 'r12': 11, 'r13': 12, 'r14': 13, 'r15': 14, 'r16': 15, 'r17': 16, 'r18': 17, 'r19': 18, 'r20': 19, 'r21': 20, 'r22': 21, 'r23': 22, 'r24': 23, 'r25': 24, 'r26': 25, 'r27': 26, 'r28': 27, 'r29': 28, 'r30': 29}
Optimizing branch lengths, phi, and nu without topology search
Optimization by EM algorithm
Optimization start with 1 initials
Initial point 1. Random seed: 9232
Numerical optimization started with ultrametric constraint (default)
Initial phi: 0. Initial nu: 0.26955655566205877. Initial nllh: 13030.17876908496
Starting EM iter: 1
Estep
Estep runtime (s): 0.1450791358947754
Mstep
Optimizing phi
Optimizing branch lengths. Current phi: 0. Current nu:0.26955655566205877
Optimizing nu
Mstep runtime (s): 0.5971722602844238
Finished EM iter: 1. Current nllh: 10572.363815800813
Starting EM iter: 2
Estep
Estep runtime (s): 0.19623494148254395
Mstep
Optimizing phi
Optimizing branch lengths. Current phi: 0. Current nu:0.28844906658355585
Optimizing nu
Mstep runtime (s): 0.4101591110229492
Finished EM iter: 2. Current nllh: 10558.884048238464
Starting EM iter: 3
Estep
Estep runtime (s): 0.19086885452270508
Mstep
Optimizing phi
Optimizing branch lengths. Current phi: 0. Current nu:0.293419350647204
Optimizing nu
Mstep runtime (s): 0.3754150867462158
Finished EM iter: 3. Current nllh: 10557.557328177776
Starting EM iter: 4
Estep
Estep runtime (s): 0.19290804862976074
Mstep
Optimizing phi
Optimizing branch lengths. Current phi: 0. Current nu:0.2950830004329191
Optimizing nu
Mstep runtime (s): 0.46111202239990234
Finished EM iter: 4. Current nllh: 10557.276436918295
Starting EM iter: 5
Estep
Estep runtime (s): 0.19397187232971191
Mstep
Optimizing phi
Optimizing branch lengths. Current phi: 0. Current nu:0.29577012497934585
Optimizing nu
Mstep runtime (s): 0.4418609142303467
Finished EM iter: 5. Current nllh: 10557.168572229399
Starting EM iter: 6
Estep
Estep runtime (s): 0.19306612014770508
Mstep
Optimizing phi
Optimizing branch lengths. Current phi: 0. Current nu:0.2961022219537441
Optimizing nu
Mstep runtime (s): 0.4250020980834961
Finished EM iter: 6. Current nllh: 10557.11493749213
Starting EM iter: 7
Estep
Estep runtime (s): 0.19190287590026855
Mstep
Optimizing phi
Optimizing branch lengths. Current phi: 0. Current nu:0.2962909920797976
Optimizing nu
Mstep runtime (s): 0.3744468688964844
Finished EM iter: 7. Current nllh: 10557.09319454304
Starting EM iter: 8
Estep
Estep runtime (s): 0.19786500930786133
Mstep
Optimizing phi
Optimizing branch lengths. Current phi: 0. Current nu:0.29640402795709586
Optimizing nu
Mstep runtime (s): 0.42408132553100586
Finished EM iter: 8. Current nllh: 10557.0810964567
Starting EM iter: 9
Estep
Estep runtime (s): 0.1984539031982422
Mstep
Optimizing phi
Optimizing branch lengths. Current phi: 0. Current nu:0.29648123555525224
Optimizing nu
Mstep runtime (s): 0.42539501190185547
Finished EM iter: 9. Current nllh: 10557.07299670268
Starting EM iter: 10
Estep
Estep runtime (s): 0.19785714149475098
Mstep
Optimizing phi
Optimizing branch lengths. Current phi: 0. Current nu:0.2965370202118464
Optimizing nu
Mstep runtime (s): 0.3829071521759033
Finished EM iter: 10. Current nllh: 10557.067548845107
Starting EM iter: 11
Estep
Estep runtime (s): 0.19782805442810059
Mstep
Optimizing phi
Optimizing branch lengths. Current phi: 0. Current nu:0.29658103462604923
Optimizing nu
Mstep runtime (s): 0.46620798110961914
Finished EM iter: 11. Current nllh: 10557.063571021976
Starting EM iter: 12
Estep
Estep runtime (s): 0.19757890701293945
Mstep
Optimizing phi
Optimizing branch lengths. Current phi: 0. Current nu:0.29661527779307867
Optimizing nu
Mstep runtime (s): 0.4224252700805664
Finished EM iter: 12. Current nllh: 10557.060651622192
Starting EM iter: 13
Estep
Estep runtime (s): 0.1986093521118164
Mstep
Optimizing phi
Optimizing branch lengths. Current phi: 0. Current nu:0.29664286999816064
Optimizing nu
Mstep runtime (s): 0.39143800735473633
Finished EM iter: 13. Current nllh: 10557.058462778507
Starting EM iter: 14
Estep
Estep runtime (s): 0.20105504989624023
Mstep
Optimizing phi
Optimizing branch lengths. Current phi: 0. Current nu:0.29666533124664246
Optimizing nu
Mstep runtime (s): 0.3627028465270996
Finished EM iter: 14. Current nllh: 10557.056791684301
Starting EM iter: 15
Estep
Estep runtime (s): 0.19343209266662598
Mstep
Optimizing phi
Optimizing branch lengths. Current phi: 0. Current nu:0.2966839947192646
Optimizing nu
Mstep runtime (s): 0.3702659606933594
Finished EM iter: 15. Current nllh: 10557.055499129601
Starting EM iter: 16
Estep
Estep runtime (s): 0.19817304611206055
Mstep
Optimizing phi
Optimizing branch lengths. Current phi: 0. Current nu:0.29669957309247114
Optimizing nu
Mstep runtime (s): 0.38170599937438965
Finished EM iter: 16. Current nllh: 10557.054475906112
Starting EM iter: 17
Estep
Estep runtime (s): 0.1956779956817627
Mstep
Optimizing phi
Optimizing branch lengths. Current phi: 0. Current nu:0.2967130725915461
Optimizing nu
Mstep runtime (s): 0.4323740005493164
Finished EM iter: 17. Current nllh: 10557.053656214222
Starting EM iter: 18
Estep
Estep runtime (s): 0.19370007514953613
Mstep
Optimizing phi
Optimizing branch lengths. Current phi: 0. Current nu:0.29672456879090864
Optimizing nu
Mstep runtime (s): 0.39028406143188477
Finished EM iter: 18. Current nllh: 10557.053004906355
Starting EM iter: 19
Estep
Estep runtime (s): 0.19536209106445312
Mstep
Optimizing phi
Optimizing branch lengths. Current phi: 0. Current nu:0.2967343946943906
Optimizing nu
Mstep runtime (s): 0.3904612064361572
Finished EM iter: 19. Current nllh: 10557.052473154004
Starting EM iter: 20
Estep
Estep runtime (s): 0.19499611854553223
Mstep
Optimizing phi
Optimizing branch lengths. Current phi: 0. Current nu:0.2967427672260254
Optimizing nu
Mstep runtime (s): 0.37526774406433105
Finished EM iter: 20. Current nllh: 10557.052023509616
Starting EM iter: 21
Estep
Estep runtime (s): 0.19455409049987793
Mstep
Optimizing phi
Optimizing branch lengths. Current phi: 0. Current nu:0.2967506311472344
Optimizing nu
Mstep runtime (s): 0.40450310707092285
Finished EM iter: 21. Current nllh: 10557.051659531986
Starting EM iter: 22
Estep
Estep runtime (s): 0.1921999454498291
Mstep
Optimizing phi
Optimizing branch lengths. Current phi: 0. Current nu:0.2967570589902405
Optimizing nu
Mstep runtime (s): 0.4028589725494385
Finished EM iter: 22. Current nllh: 10557.05135447876
Starting EM iter: 23
Estep
Estep runtime (s): 0.19280004501342773
Mstep
Optimizing phi
Optimizing branch lengths. Current phi: 0. Current nu:0.2967627848594596
Optimizing nu
Mstep runtime (s): 0.4209418296813965
Finished EM iter: 23. Current nllh: 10557.050980165583
Starting EM iter: 24
Estep
Estep runtime (s): 0.19202280044555664
Mstep
Optimizing phi
Optimizing branch lengths. Current phi: 0. Current nu:0.2967678705707548
Optimizing nu
Mstep runtime (s): 0.3792688846588135
Finished EM iter: 24. Current nllh: 10557.050881616204
EM finished after 24 iterations.
Optimal phi: 0. Optimal nu: 0.2967725917357841. Optimal nllh: 10557.050881616204
Optimal point found for initial point 1
Numerical optimization finished successfully
Tree height pre-scaling: 0.6819683603012155, input timescale: 1.0
Tree height after scaling: 1.0, mutation rate: 0.6819683603012155
Tree height pre-scaling: 0.6819683605113478, input timescale: 1.0
Tree height after scaling: 1.0, mutation rate: 0.6819683605113478
Tree height pre-scaling: 0.6819683614422705, input timescale: 1.0
Tree height after scaling: 1.0, mutation rate: 0.6819683614422705
Tree height pre-scaling: 0.6819683605235841, input timescale: 1.0
Tree height after scaling: 1.0, mutation rate: 0.6819683605235841
Tree height pre-scaling: 0.6819683605831663, input timescale: 1.0
Tree height after scaling: 1.0, mutation rate: 0.6819683605831663
Tree height pre-scaling: 0.6819683602897842, input timescale: 1.0
Tree height after scaling: 0.9999999999999999, mutation rate: 0.6819683602897842
Tree height pre-scaling: 0.6819683603551654, input timescale: 1.0
Tree height after scaling: 1.0, mutation rate: 0.6819683603551654
Tree height pre-scaling: 0.6819683603564151, input timescale: 1.0
Tree height after scaling: 0.9999999999999999, mutation rate: 0.6819683603564151
Tree height pre-scaling: 0.6819683605297314, input timescale: 1.0
Tree height after scaling: 1.0, mutation rate: 0.6819683605297314
Tree height pre-scaling: 0.6819683605415654, input timescale: 1.0
Tree height after scaling: 1.0, mutation rate: 0.6819683605415654
Tree height pre-scaling: 0.6819683602619901, input timescale: 1.0
Tree height after scaling: 1.0, mutation rate: 0.6819683602619901
Tree height pre-scaling: 0.6819683604271356, input timescale: 1.0
Tree height after scaling: 1.0, mutation rate: 0.6819683604271356
Tree height pre-scaling: 0.6819683603661066, input timescale: 1.0
Tree height after scaling: 1.0, mutation rate: 0.6819683603661066
Tree height pre-scaling: 0.6819683604044384, input timescale: 1.0
Tree height after scaling: 1.0, mutation rate: 0.6819683604044384
Tree height pre-scaling: 0.6819683605716712, input timescale: 1.0
Tree height after scaling: 1.0, mutation rate: 0.6819683605716712
Tree height pre-scaling: 0.6819683601651805, input timescale: 1.0
Tree height after scaling: 1.0, mutation rate: 0.6819683601651805
Tree height pre-scaling: 0.6819683600864386, input timescale: 1.0
Tree height after scaling: 1.0, mutation rate: 0.6819683600864386
Runtime (s): 16.213853167
