Launching LAML version 0.0.4
LAML was called as follows: /Users/uym2/my_gits/LAML/run_laml.py -c ../../evaluation/Bar10/Bar10_character_matrix.txt -t place_outlier1/augmented_tree_83.nwk -o place_outlier1/augmented_tree_83_optimized -v -p ../../evaluation/Bar10/Bar10_priors.pickle --delimiter tab -m -1 --nInitials 1
Prior keys mismatch with site names.
Prior keys: [0, 1, 2, 3, 4, 5, 6, 7, 8, 9, 10, 11, 12, 13, 14, 15, 16, 17, 18, 19, 20, 21, 22, 23, 24, 25, 26, 27, 28, 29]
Site names: ['r1', 'r2', 'r3', 'r4', 'r5', 'r6', 'r7', 'r8', 'r9', 'r10', 'r11', 'r12', 'r13', 'r14', 'r15', 'r16', 'r17', 'r18', 'r19', 'r20', 'r21', 'r22', 'r23', 'r24', 'r25', 'r26', 'r27', 'r28', 'r29', 'r30']
Attempting to infer mapping between site names and prior keys...
{'r1': 0, 'r2': 1, 'r3': 2, 'r4': 3, 'r5': 4, 'r6': 5, 'r7': 6, 'r8': 7, 'r9': 8, 'r10': 9, 'r11': 10, 'r12': 11, 'r13': 12, 'r14': 13, 'r15': 14, 'r16': 15, 'r17': 16, 'r18': 17, 'r19': 18, 'r20': 19, 'r21': 20, 'r22': 21, 'r23': 22, 'r24': 23, 'r25': 24, 'r26': 25, 'r27': 26, 'r28': 27, 'r29': 28, 'r30': 29}
Optimizing branch lengths, phi, and nu without topology search
Optimization by EM algorithm
Optimization start with 1 initials
Initial point 1. Random seed: 3632
Numerical optimization started with ultrametric constraint (default)
Initial phi: 0. Initial nu: 0.26955655566205877. Initial nllh: 12991.526019954466
Starting EM iter: 1
Estep
Estep runtime (s): 0.10863208770751953
Mstep
Optimizing phi
Optimizing branch lengths. Current phi: 0. Current nu:0.26955655566205877
Optimizing nu
Mstep runtime (s): 0.3167870044708252
Finished EM iter: 1. Current nllh: 10595.469463673448
Starting EM iter: 2
Estep
Estep runtime (s): 0.14507007598876953
Mstep
Optimizing phi
Optimizing branch lengths. Current phi: 0. Current nu:0.2846636690266096
Optimizing nu
Mstep runtime (s): 0.28405094146728516
Finished EM iter: 2. Current nllh: 10582.310739126415
Starting EM iter: 3
Estep
Estep runtime (s): 0.1455380916595459
Mstep
Optimizing phi
Optimizing branch lengths. Current phi: 0. Current nu:0.2883266486952016
Optimizing nu
Mstep runtime (s): 0.3335261344909668
Finished EM iter: 3. Current nllh: 10580.863711919039
Starting EM iter: 4
Estep
Estep runtime (s): 0.14529991149902344
Mstep
Optimizing phi
Optimizing branch lengths. Current phi: 0. Current nu:0.28938818886007606
Optimizing nu
Mstep runtime (s): 0.29530906677246094
Finished EM iter: 4. Current nllh: 10580.583950238108
Starting EM iter: 5
Estep
Estep runtime (s): 0.14597511291503906
Mstep
Optimizing phi
Optimizing branch lengths. Current phi: 0. Current nu:0.2898354558610514
Optimizing nu
Mstep runtime (s): 0.3843247890472412
Finished EM iter: 5. Current nllh: 10580.497324163578
Starting EM iter: 6
Estep
Estep runtime (s): 0.1454169750213623
Mstep
Optimizing phi
Optimizing branch lengths. Current phi: 0. Current nu:0.29006834053625563
Optimizing nu
Mstep runtime (s): 0.35854196548461914
Finished EM iter: 6. Current nllh: 10580.45604775409
Starting EM iter: 7
Estep
Estep runtime (s): 0.14571595191955566
Mstep
Optimizing phi
Optimizing branch lengths. Current phi: 0. Current nu:0.2902067440528257
Optimizing nu
Mstep runtime (s): 0.38750696182250977
Finished EM iter: 7. Current nllh: 10580.441353251359
Starting EM iter: 8
Estep
Estep runtime (s): 0.14577317237854004
Mstep
Optimizing phi
Optimizing branch lengths. Current phi: 0. Current nu:0.29029466529212317
Optimizing nu
Mstep runtime (s): 0.3085308074951172
Finished EM iter: 8. Current nllh: 10580.43222308034
Starting EM iter: 9
Estep
Estep runtime (s): 0.14554691314697266
Mstep
Optimizing phi
Optimizing branch lengths. Current phi: 0. Current nu:0.2903572580651961
Optimizing nu
Mstep runtime (s): 0.29518604278564453
Finished EM iter: 9. Current nllh: 10580.426130017235
Starting EM iter: 10
Estep
Estep runtime (s): 0.1459188461303711
Mstep
Optimizing phi
Optimizing branch lengths. Current phi: 0. Current nu:0.2904035904951953
Optimizing nu
Mstep runtime (s): 0.2948479652404785
Finished EM iter: 10. Current nllh: 10580.421864335794
Starting EM iter: 11
Estep
Estep runtime (s): 0.14575815200805664
Mstep
Optimizing phi
Optimizing branch lengths. Current phi: 0. Current nu:0.29043982933813794
Optimizing nu
Mstep runtime (s): 0.2964310646057129
Finished EM iter: 11. Current nllh: 10580.41878291713
Starting EM iter: 12
Estep
Estep runtime (s): 0.1462399959564209
Mstep
Optimizing phi
Optimizing branch lengths. Current phi: 0. Current nu:0.2904686209418402
Optimizing nu
Mstep runtime (s): 0.35378026962280273
Finished EM iter: 12. Current nllh: 10580.416432562852
Starting EM iter: 13
Estep
Estep runtime (s): 0.14585280418395996
Mstep
Optimizing phi
Optimizing branch lengths. Current phi: 0. Current nu:0.2904900461060419
Optimizing nu
Mstep runtime (s): 0.35617709159851074
Finished EM iter: 13. Current nllh: 10580.414629816883
Starting EM iter: 14
Estep
Estep runtime (s): 0.14594507217407227
Mstep
Optimizing phi
Optimizing branch lengths. Current phi: 0. Current nu:0.2905100836712904
Optimizing nu
Mstep runtime (s): 0.308499813079834
Finished EM iter: 14. Current nllh: 10580.413448372743
Starting EM iter: 15
Estep
Estep runtime (s): 0.14689207077026367
Mstep
Optimizing phi
Optimizing branch lengths. Current phi: 0. Current nu:0.29052711066106324
Optimizing nu
Mstep runtime (s): 0.4131288528442383
Finished EM iter: 15. Current nllh: 10580.412242818
Starting EM iter: 16
Estep
Estep runtime (s): 0.15059471130371094
Mstep
Optimizing phi
Optimizing branch lengths. Current phi: 0. Current nu:0.29054108625139197
Optimizing nu
Mstep runtime (s): 0.3571631908416748
Finished EM iter: 16. Current nllh: 10580.411422864936
Starting EM iter: 17
Estep
Estep runtime (s): 0.14604687690734863
Mstep
Optimizing phi
Optimizing branch lengths. Current phi: 0. Current nu:0.2905531596397863
Optimizing nu
Mstep runtime (s): 0.33704495429992676
Finished EM iter: 17. Current nllh: 10580.410867721568
Starting EM iter: 18
Estep
Estep runtime (s): 0.14602994918823242
Mstep
Optimizing phi
Optimizing branch lengths. Current phi: 0. Current nu:0.29056301997948003
Optimizing nu
Mstep runtime (s): 0.33060503005981445
Finished EM iter: 18. Current nllh: 10580.41041717302
Starting EM iter: 19
Estep
Estep runtime (s): 0.14636898040771484
Mstep
Optimizing phi
Optimizing branch lengths. Current phi: 0. Current nu:0.2905715438888166
Optimizing nu
Mstep runtime (s): 0.2949509620666504
Finished EM iter: 19. Current nllh: 10580.409991431676
Starting EM iter: 20
Estep
Estep runtime (s): 0.14581608772277832
Mstep
Optimizing phi
Optimizing branch lengths. Current phi: 0. Current nu:0.2905791673277451
Optimizing nu
Mstep runtime (s): 0.29219913482666016
Finished EM iter: 20. Current nllh: 10580.40964091175
Starting EM iter: 21
Estep
Estep runtime (s): 0.14860916137695312
Mstep
Optimizing phi
Optimizing branch lengths. Current phi: 0. Current nu:0.29058571487961093
Optimizing nu
Mstep runtime (s): 0.33539485931396484
Finished EM iter: 21. Current nllh: 10580.409078995172
Starting EM iter: 22
Estep
Estep runtime (s): 0.14675402641296387
Mstep
Optimizing phi
Optimizing branch lengths. Current phi: 0. Current nu:0.290592003382399
Optimizing nu
Mstep runtime (s): 0.3371589183807373
Finished EM iter: 22. Current nllh: 10580.408820280847
Starting EM iter: 23
Estep
Estep runtime (s): 0.14680814743041992
Mstep
Optimizing phi
Optimizing branch lengths. Current phi: 0. Current nu:0.2905975456557264
Optimizing nu
Mstep runtime (s): 0.33392882347106934
Finished EM iter: 23. Current nllh: 10580.408659931263
Starting EM iter: 24
Estep
Estep runtime (s): 0.14699411392211914
Mstep
Optimizing phi
Optimizing branch lengths. Current phi: 0. Current nu:0.2906022720609584
Optimizing nu
Mstep runtime (s): 0.42902326583862305
Finished EM iter: 24. Current nllh: 10580.408720686824
EM finished after 24 iterations.
Optimal phi: 0. Optimal nu: 0.2906050185204279. Optimal nllh: 10580.408720686824
Optimal point found for initial point 1
Numerical optimization finished successfully
Tree height pre-scaling: 0.686888103619149, input timescale: 1.0
Tree height after scaling: 1.0, mutation rate: 0.686888103619149
Tree height pre-scaling: 0.6868881036821193, input timescale: 1.0
Tree height after scaling: 1.0, mutation rate: 0.6868881036821193
Tree height pre-scaling: 0.6868881039588522, input timescale: 1.0
Tree height after scaling: 1.0, mutation rate: 0.6868881039588522
Tree height pre-scaling: 0.6868881036908674, input timescale: 1.0
Tree height after scaling: 1.0, mutation rate: 0.6868881036908674
Tree height pre-scaling: 0.686888103700012, input timescale: 1.0
Tree height after scaling: 1.0, mutation rate: 0.686888103700012
Tree height pre-scaling: 0.6868881036168123, input timescale: 1.0
Tree height after scaling: 1.0, mutation rate: 0.6868881036168123
Tree height pre-scaling: 0.686888103636974, input timescale: 1.0
Tree height after scaling: 1.0, mutation rate: 0.686888103636974
Tree height pre-scaling: 0.6868881036405565, input timescale: 1.0
Tree height after scaling: 1.0, mutation rate: 0.6868881036405565
Tree height pre-scaling: 0.686888103680504, input timescale: 1.0
Tree height after scaling: 0.9999999999999999, mutation rate: 0.686888103680504
Tree height pre-scaling: 0.6868881036876276, input timescale: 1.0
Tree height after scaling: 0.9999999999999998, mutation rate: 0.6868881036876276
Tree height pre-scaling: 0.6868881036053374, input timescale: 1.0
Tree height after scaling: 1.0, mutation rate: 0.6868881036053374
Tree height pre-scaling: 0.6868881036556194, input timescale: 1.0
Tree height after scaling: 1.0, mutation rate: 0.6868881036556194
Tree height pre-scaling: 0.6868881036388047, input timescale: 1.0
Tree height after scaling: 1.0, mutation rate: 0.6868881036388047
Tree height pre-scaling: 0.6868881035543865, input timescale: 1.0
Tree height after scaling: 1.0, mutation rate: 0.6868881035543865
Tree height pre-scaling: 0.6868881036491693, input timescale: 1.0
Tree height after scaling: 1.0, mutation rate: 0.6868881036491693
Tree height pre-scaling: 0.6868881036997945, input timescale: 1.0
Tree height after scaling: 0.9999999999999999, mutation rate: 0.6868881036997945
Tree height pre-scaling: 0.686888103580265, input timescale: 1.0
Tree height after scaling: 1.0, mutation rate: 0.686888103580265
Runtime (s): 12.756451542
