Launching LAML version 0.0.4
LAML was called as follows: /Users/uym2/my_gits/LAML/run_laml.py -c ../../evaluation/Bar10/Bar10_character_matrix.txt -t place_outlier1/augmented_tree_506.nwk -o place_outlier1/augmented_tree_506_optimized -v -p ../../evaluation/Bar10/Bar10_priors.pickle --delimiter tab -m -1 --nInitials 1
Prior keys mismatch with site names.
Prior keys: [0, 1, 2, 3, 4, 5, 6, 7, 8, 9, 10, 11, 12, 13, 14, 15, 16, 17, 18, 19, 20, 21, 22, 23, 24, 25, 26, 27, 28, 29]
Site names: ['r1', 'r2', 'r3', 'r4', 'r5', 'r6', 'r7', 'r8', 'r9', 'r10', 'r11', 'r12', 'r13', 'r14', 'r15', 'r16', 'r17', 'r18', 'r19', 'r20', 'r21', 'r22', 'r23', 'r24', 'r25', 'r26', 'r27', 'r28', 'r29', 'r30']
Attempting to infer mapping between site names and prior keys...
{'r1': 0, 'r2': 1, 'r3': 2, 'r4': 3, 'r5': 4, 'r6': 5, 'r7': 6, 'r8': 7, 'r9': 8, 'r10': 9, 'r11': 10, 'r12': 11, 'r13': 12, 'r14': 13, 'r15': 14, 'r16': 15, 'r17': 16, 'r18': 17, 'r19': 18, 'r20': 19, 'r21': 20, 'r22': 21, 'r23': 22, 'r24': 23, 'r25': 24, 'r26': 25, 'r27': 26, 'r28': 27, 'r29': 28, 'r30': 29}
Optimizing branch lengths, phi, and nu without topology search
Optimization by EM algorithm
Optimization start with 1 initials
Initial point 1. Random seed: 8273
Numerical optimization started with ultrametric constraint (default)
Initial phi: 0. Initial nu: 0.26955655566205877. Initial nllh: 12823.68541350411
Starting EM iter: 1
Estep
Estep runtime (s): 0.11107611656188965
Mstep
Optimizing phi
Optimizing branch lengths. Current phi: 0. Current nu:0.26955655566205877
Optimizing nu
Mstep runtime (s): 0.30828118324279785
Finished EM iter: 1. Current nllh: 10563.565608141424
Starting EM iter: 2
Estep
Estep runtime (s): 0.15102410316467285
Mstep
Optimizing phi
Optimizing branch lengths. Current phi: 0. Current nu:0.28329884228418295
Optimizing nu
Mstep runtime (s): 0.3029191493988037
Finished EM iter: 2. Current nllh: 10547.117779686037
Starting EM iter: 3
Estep
Estep runtime (s): 0.15369701385498047
Mstep
Optimizing phi
Optimizing branch lengths. Current phi: 0. Current nu:0.28681408285655635
Optimizing nu
Mstep runtime (s): 0.2879648208618164
Finished EM iter: 3. Current nllh: 10545.593146673255
Starting EM iter: 4
Estep
Estep runtime (s): 0.14960789680480957
Mstep
Optimizing phi
Optimizing branch lengths. Current phi: 0. Current nu:0.2878330810676124
Optimizing nu
Mstep runtime (s): 0.2704651355743408
Finished EM iter: 4. Current nllh: 10545.315758489927
Starting EM iter: 5
Estep
Estep runtime (s): 0.14928364753723145
Mstep
Optimizing phi
Optimizing branch lengths. Current phi: 0. Current nu:0.28831050279979864
Optimizing nu
Mstep runtime (s): 0.38155102729797363
Finished EM iter: 5. Current nllh: 10545.228231553285
Starting EM iter: 6
Estep
Estep runtime (s): 0.1563260555267334
Mstep
Optimizing phi
Optimizing branch lengths. Current phi: 0. Current nu:0.2885813854330654
Optimizing nu
Mstep runtime (s): 0.37939977645874023
Finished EM iter: 6. Current nllh: 10545.190499621589
Starting EM iter: 7
Estep
Estep runtime (s): 0.15285611152648926
Mstep
Optimizing phi
Optimizing branch lengths. Current phi: 0. Current nu:0.2887499217601248
Optimizing nu
Mstep runtime (s): 0.278994083404541
Finished EM iter: 7. Current nllh: 10545.17056452631
Starting EM iter: 8
Estep
Estep runtime (s): 0.15264105796813965
Mstep
Optimizing phi
Optimizing branch lengths. Current phi: 0. Current nu:0.2888618433390918
Optimizing nu
Mstep runtime (s): 0.2905259132385254
Finished EM iter: 8. Current nllh: 10545.158477733627
Starting EM iter: 9
Estep
Estep runtime (s): 0.1571669578552246
Mstep
Optimizing phi
Optimizing branch lengths. Current phi: 0. Current nu:0.2889394633828727
Optimizing nu
Mstep runtime (s): 0.2944447994232178
Finished EM iter: 9. Current nllh: 10545.150629225991
Starting EM iter: 10
Estep
Estep runtime (s): 0.1566169261932373
Mstep
Optimizing phi
Optimizing branch lengths. Current phi: 0. Current nu:0.2889962374166793
Optimizing nu
Mstep runtime (s): 0.348250150680542
Finished EM iter: 10. Current nllh: 10545.145290951383
Starting EM iter: 11
Estep
Estep runtime (s): 0.15651798248291016
Mstep
Optimizing phi
Optimizing branch lengths. Current phi: 0. Current nu:0.289039161313757
Optimizing nu
Mstep runtime (s): 0.31496286392211914
Finished EM iter: 11. Current nllh: 10545.14152542633
Starting EM iter: 12
Estep
Estep runtime (s): 0.1556837558746338
Mstep
Optimizing phi
Optimizing branch lengths. Current phi: 0. Current nu:0.289072611249359
Optimizing nu
Mstep runtime (s): 0.29328203201293945
Finished EM iter: 12. Current nllh: 10545.1387907691
Starting EM iter: 13
Estep
Estep runtime (s): 0.15846991539001465
Mstep
Optimizing phi
Optimizing branch lengths. Current phi: 0. Current nu:0.2890997926452141
Optimizing nu
Mstep runtime (s): 0.31929516792297363
Finished EM iter: 13. Current nllh: 10545.136776924008
Starting EM iter: 14
Estep
Estep runtime (s): 0.15077614784240723
Mstep
Optimizing phi
Optimizing branch lengths. Current phi: 0. Current nu:0.2891196340712094
Optimizing nu
Mstep runtime (s): 0.31075501441955566
Finished EM iter: 14. Current nllh: 10545.135282554125
Starting EM iter: 15
Estep
Estep runtime (s): 0.15607190132141113
Mstep
Optimizing phi
Optimizing branch lengths. Current phi: 0. Current nu:0.28913703872408336
Optimizing nu
Mstep runtime (s): 0.3015587329864502
Finished EM iter: 15. Current nllh: 10545.134115646375
Starting EM iter: 16
Estep
Estep runtime (s): 0.16034364700317383
Mstep
Optimizing phi
Optimizing branch lengths. Current phi: 0. Current nu:0.2891543936587594
Optimizing nu
Mstep runtime (s): 0.37696194648742676
Finished EM iter: 16. Current nllh: 10545.133155473475
Starting EM iter: 17
Estep
Estep runtime (s): 0.15514683723449707
Mstep
Optimizing phi
Optimizing branch lengths. Current phi: 0. Current nu:0.28916793386515277
Optimizing nu
Mstep runtime (s): 0.28162097930908203
Finished EM iter: 17. Current nllh: 10545.132429884496
Starting EM iter: 18
Estep
Estep runtime (s): 0.15808582305908203
Mstep
Optimizing phi
Optimizing branch lengths. Current phi: 0. Current nu:0.28917866126954944
Optimizing nu
Mstep runtime (s): 0.2751038074493408
Finished EM iter: 18. Current nllh: 10545.131866547004
Starting EM iter: 19
Estep
Estep runtime (s): 0.1508617401123047
Mstep
Optimizing phi
Optimizing branch lengths. Current phi: 0. Current nu:0.289187783236199
Optimizing nu
Mstep runtime (s): 0.3076639175415039
Finished EM iter: 19. Current nllh: 10545.131402971247
Starting EM iter: 20
Estep
Estep runtime (s): 0.1512148380279541
Mstep
Optimizing phi
Optimizing branch lengths. Current phi: 0. Current nu:0.28919591068492684
Optimizing nu
Mstep runtime (s): 0.32030797004699707
Finished EM iter: 20. Current nllh: 10545.131008604274
Starting EM iter: 21
Estep
Estep runtime (s): 0.1537621021270752
Mstep
Optimizing phi
Optimizing branch lengths. Current phi: 0. Current nu:0.28920114634592287
Optimizing nu
Mstep runtime (s): 0.32712697982788086
Finished EM iter: 21. Current nllh: 10545.130749587392
Starting EM iter: 22
Estep
Estep runtime (s): 0.15335702896118164
Mstep
Optimizing phi
Optimizing branch lengths. Current phi: 0. Current nu:0.2892085813343458
Optimizing nu
Mstep runtime (s): 0.34215617179870605
Finished EM iter: 22. Current nllh: 10545.13045955542
Starting EM iter: 23
Estep
Estep runtime (s): 0.1502988338470459
Mstep
Optimizing phi
Optimizing branch lengths. Current phi: 0. Current nu:0.2892143753841258
Optimizing nu
Mstep runtime (s): 0.37206196784973145
Finished EM iter: 23. Current nllh: 10545.130265052343
Starting EM iter: 24
Estep
Estep runtime (s): 0.15444302558898926
Mstep
Optimizing phi
Optimizing branch lengths. Current phi: 0. Current nu:0.2892170372514017
Optimizing nu
Mstep runtime (s): 0.28284502029418945
Finished EM iter: 24. Current nllh: 10545.130096981871
Starting EM iter: 25
Estep
Estep runtime (s): 0.15625691413879395
Mstep
Optimizing phi
Optimizing branch lengths. Current phi: 0. Current nu:0.28922267232064935
Optimizing nu
Mstep runtime (s): 0.3027918338775635
Finished EM iter: 25. Current nllh: 10545.129910135429
Starting EM iter: 26
Estep
Estep runtime (s): 0.15365195274353027
Mstep
Optimizing phi
Optimizing branch lengths. Current phi: 0. Current nu:0.28922673924337966
Optimizing nu
Mstep runtime (s): 0.30867981910705566
Finished EM iter: 26. Current nllh: 10545.129787666587
Starting EM iter: 27
Estep
Estep runtime (s): 0.1683650016784668
Mstep
Optimizing phi
Optimizing branch lengths. Current phi: 0. Current nu:0.2892277363952512
Optimizing nu
Mstep runtime (s): 0.2812960147857666
Finished EM iter: 27. Current nllh: 10545.129711731935
EM finished after 27 iterations.
Optimal phi: 0. Optimal nu: 0.2892321341163266. Optimal nllh: 10545.129711731935
Optimal point found for initial point 1
Numerical optimization finished successfully
Tree height pre-scaling: 0.6888439115559284, input timescale: 1.0
Tree height after scaling: 1.0, mutation rate: 0.6888439115559284
Tree height pre-scaling: 0.6888439115691181, input timescale: 1.0
Tree height after scaling: 0.9999999999999999, mutation rate: 0.6888439115691181
Tree height pre-scaling: 0.6888439114884368, input timescale: 1.0
Tree height after scaling: 1.0, mutation rate: 0.6888439114884368
Tree height pre-scaling: 0.688843911467883, input timescale: 1.0
Tree height after scaling: 0.9999999999999999, mutation rate: 0.688843911467883
Tree height pre-scaling: 0.6888439115484154, input timescale: 1.0
Tree height after scaling: 1.0, mutation rate: 0.6888439115484154
Tree height pre-scaling: 0.6888439115434776, input timescale: 1.0
Tree height after scaling: 1.0, mutation rate: 0.6888439115434776
Tree height pre-scaling: 0.688843911521755, input timescale: 1.0
Tree height after scaling: 1.0, mutation rate: 0.688843911521755
Tree height pre-scaling: 0.6888439115318289, input timescale: 1.0
Tree height after scaling: 1.0, mutation rate: 0.6888439115318289
Tree height pre-scaling: 0.6888439115668132, input timescale: 1.0
Tree height after scaling: 1.0, mutation rate: 0.6888439115668132
Tree height pre-scaling: 0.6888439115054507, input timescale: 1.0
Tree height after scaling: 0.9999999999999998, mutation rate: 0.6888439115054507
Tree height pre-scaling: 0.6888439115328843, input timescale: 1.0
Tree height after scaling: 1.0, mutation rate: 0.6888439115328843
Tree height pre-scaling: 0.6888439115098475, input timescale: 1.0
Tree height after scaling: 1.0, mutation rate: 0.6888439115098475
Tree height pre-scaling: 0.688843911565451, input timescale: 1.0
Tree height after scaling: 1.0, mutation rate: 0.688843911565451
Tree height pre-scaling: 0.6888439115270779, input timescale: 1.0
Tree height after scaling: 1.0, mutation rate: 0.6888439115270779
Tree height pre-scaling: 0.6888439117917118, input timescale: 1.0
Tree height after scaling: 0.9999999999999999, mutation rate: 0.6888439117917118
Tree height pre-scaling: 0.6888439115540373, input timescale: 1.0
Tree height after scaling: 0.9999999999999998, mutation rate: 0.6888439115540373
Tree height pre-scaling: 0.6888439115721934, input timescale: 1.0
Tree height after scaling: 0.9999999999999999, mutation rate: 0.6888439115721934
Runtime (s): 14.015465375
