Launching LAML version 0.0.4
LAML was called as follows: /Users/uym2/my_gits/LAML/run_laml.py -c ../../evaluation/Bar10/Bar10_character_matrix.txt -t place_outlier1/augmented_tree_186.nwk -o place_outlier1/augmented_tree_186_optimized -v -p ../../evaluation/Bar10/Bar10_priors.pickle --delimiter tab -m -1 --nInitials 1
Prior keys mismatch with site names.
Prior keys: [0, 1, 2, 3, 4, 5, 6, 7, 8, 9, 10, 11, 12, 13, 14, 15, 16, 17, 18, 19, 20, 21, 22, 23, 24, 25, 26, 27, 28, 29]
Site names: ['r1', 'r2', 'r3', 'r4', 'r5', 'r6', 'r7', 'r8', 'r9', 'r10', 'r11', 'r12', 'r13', 'r14', 'r15', 'r16', 'r17', 'r18', 'r19', 'r20', 'r21', 'r22', 'r23', 'r24', 'r25', 'r26', 'r27', 'r28', 'r29', 'r30']
Attempting to infer mapping between site names and prior keys...
{'r1': 0, 'r2': 1, 'r3': 2, 'r4': 3, 'r5': 4, 'r6': 5, 'r7': 6, 'r8': 7, 'r9': 8, 'r10': 9, 'r11': 10, 'r12': 11, 'r13': 12, 'r14': 13, 'r15': 14, 'r16': 15, 'r17': 16, 'r18': 17, 'r19': 18, 'r20': 19, 'r21': 20, 'r22': 21, 'r23': 22, 'r24': 23, 'r25': 24, 'r26': 25, 'r27': 26, 'r28': 27, 'r29': 28, 'r30': 29}
Optimizing branch lengths, phi, and nu without topology search
Optimization by EM algorithm
Optimization start with 1 initials
Initial point 1. Random seed: 6180
Numerical optimization started with ultrametric constraint (default)
Initial phi: 0. Initial nu: 0.26955655566205877. Initial nllh: 13045.616478263784
Starting EM iter: 1
Estep
Estep runtime (s): 0.14106392860412598
Mstep
Optimizing phi
Optimizing branch lengths. Current phi: 0. Current nu:0.26955655566205877
Optimizing nu
Mstep runtime (s): 0.43011975288391113
Finished EM iter: 1. Current nllh: 10537.06073296861
Starting EM iter: 2
Estep
Estep runtime (s): 0.1999669075012207
Mstep
Optimizing phi
Optimizing branch lengths. Current phi: 0. Current nu:0.28255477837352994
Optimizing nu
Mstep runtime (s): 0.42986607551574707
Finished EM iter: 2. Current nllh: 10517.810143937211
Starting EM iter: 3
Estep
Estep runtime (s): 0.203233003616333
Mstep
Optimizing phi
Optimizing branch lengths. Current phi: 0. Current nu:0.28667047738042967
Optimizing nu
Mstep runtime (s): 0.43346714973449707
Finished EM iter: 3. Current nllh: 10515.736331110464
Starting EM iter: 4
Estep
Estep runtime (s): 0.19684290885925293
Mstep
Optimizing phi
Optimizing branch lengths. Current phi: 0. Current nu:0.2879129833420432
Optimizing nu
Mstep runtime (s): 0.4272301197052002
Finished EM iter: 4. Current nllh: 10515.3422118002
Starting EM iter: 5
Estep
Estep runtime (s): 0.19667506217956543
Mstep
Optimizing phi
Optimizing branch lengths. Current phi: 0. Current nu:0.28842816415741607
Optimizing nu
Mstep runtime (s): 0.4193572998046875
Finished EM iter: 5. Current nllh: 10515.235633673174
Starting EM iter: 6
Estep
Estep runtime (s): 0.19861602783203125
Mstep
Optimizing phi
Optimizing branch lengths. Current phi: 0. Current nu:0.2886880920538414
Optimizing nu
Mstep runtime (s): 0.4224839210510254
Finished EM iter: 6. Current nllh: 10515.1828255995
Starting EM iter: 7
Estep
Estep runtime (s): 0.19628286361694336
Mstep
Optimizing phi
Optimizing branch lengths. Current phi: 0. Current nu:0.28884460978088705
Optimizing nu
Mstep runtime (s): 0.43883705139160156
Finished EM iter: 7. Current nllh: 10515.16074036335
Starting EM iter: 8
Estep
Estep runtime (s): 0.19679999351501465
Mstep
Optimizing phi
Optimizing branch lengths. Current phi: 0. Current nu:0.28894543281338625
Optimizing nu
Mstep runtime (s): 0.36402368545532227
Finished EM iter: 8. Current nllh: 10515.148945027064
Starting EM iter: 9
Estep
Estep runtime (s): 0.2020578384399414
Mstep
Optimizing phi
Optimizing branch lengths. Current phi: 0. Current nu:0.2890177823720537
Optimizing nu
Mstep runtime (s): 0.42796897888183594
Finished EM iter: 9. Current nllh: 10515.141158577731
Starting EM iter: 10
Estep
Estep runtime (s): 0.1979200839996338
Mstep
Optimizing phi
Optimizing branch lengths. Current phi: 0. Current nu:0.28907266518000646
Optimizing nu
Mstep runtime (s): 0.38680291175842285
Finished EM iter: 10. Current nllh: 10515.135822412263
Starting EM iter: 11
Estep
Estep runtime (s): 0.19708704948425293
Mstep
Optimizing phi
Optimizing branch lengths. Current phi: 0. Current nu:0.2891143910625259
Optimizing nu
Mstep runtime (s): 0.3718080520629883
Finished EM iter: 11. Current nllh: 10515.132031140341
Starting EM iter: 12
Estep
Estep runtime (s): 0.19628190994262695
Mstep
Optimizing phi
Optimizing branch lengths. Current phi: 0. Current nu:0.28914796909255597
Optimizing nu
Mstep runtime (s): 0.38264918327331543
Finished EM iter: 12. Current nllh: 10515.129271701264
Starting EM iter: 13
Estep
Estep runtime (s): 0.19808673858642578
Mstep
Optimizing phi
Optimizing branch lengths. Current phi: 0. Current nu:0.289174879671425
Optimizing nu
Mstep runtime (s): 0.4027976989746094
Finished EM iter: 13. Current nllh: 10515.127229833583
Starting EM iter: 14
Estep
Estep runtime (s): 0.19874882698059082
Mstep
Optimizing phi
Optimizing branch lengths. Current phi: 0. Current nu:0.2891967699979551
Optimizing nu
Mstep runtime (s): 0.40218591690063477
Finished EM iter: 14. Current nllh: 10515.125684769328
Starting EM iter: 15
Estep
Estep runtime (s): 0.20065999031066895
Mstep
Optimizing phi
Optimizing branch lengths. Current phi: 0. Current nu:0.28921480303651004
Optimizing nu
Mstep runtime (s): 0.4361999034881592
Finished EM iter: 15. Current nllh: 10515.124502939176
Starting EM iter: 16
Estep
Estep runtime (s): 0.19759702682495117
Mstep
Optimizing phi
Optimizing branch lengths. Current phi: 0. Current nu:0.2892299242449093
Optimizing nu
Mstep runtime (s): 0.4025740623474121
Finished EM iter: 16. Current nllh: 10515.123574450634
Starting EM iter: 17
Estep
Estep runtime (s): 0.19697999954223633
Mstep
Optimizing phi
Optimizing branch lengths. Current phi: 0. Current nu:0.28924296015690654
Optimizing nu
Mstep runtime (s): 0.4258608818054199
Finished EM iter: 17. Current nllh: 10515.122841617016
Starting EM iter: 18
Estep
Estep runtime (s): 0.19994068145751953
Mstep
Optimizing phi
Optimizing branch lengths. Current phi: 0. Current nu:0.28925387906649613
Optimizing nu
Mstep runtime (s): 0.37363624572753906
Finished EM iter: 18. Current nllh: 10515.122263331104
Starting EM iter: 19
Estep
Estep runtime (s): 0.19819903373718262
Mstep
Optimizing phi
Optimizing branch lengths. Current phi: 0. Current nu:0.28926321271987265
Optimizing nu
Mstep runtime (s): 0.3674020767211914
Finished EM iter: 19. Current nllh: 10515.121784648594
Starting EM iter: 20
Estep
Estep runtime (s): 0.19977116584777832
Mstep
Optimizing phi
Optimizing branch lengths. Current phi: 0. Current nu:0.2892714221294917
Optimizing nu
Mstep runtime (s): 0.42116808891296387
Finished EM iter: 20. Current nllh: 10515.121392399955
Starting EM iter: 21
Estep
Estep runtime (s): 0.2004537582397461
Mstep
Optimizing phi
Optimizing branch lengths. Current phi: 0. Current nu:0.28927862032936824
Optimizing nu
Mstep runtime (s): 0.4900689125061035
Finished EM iter: 21. Current nllh: 10515.121073451237
Starting EM iter: 22
Estep
Estep runtime (s): 0.19667696952819824
Mstep
Optimizing phi
Optimizing branch lengths. Current phi: 0. Current nu:0.28928476277001375
Optimizing nu
Mstep runtime (s): 0.42229795455932617
Finished EM iter: 22. Current nllh: 10515.12081636211
Starting EM iter: 23
Estep
Estep runtime (s): 0.19742107391357422
Mstep
Optimizing phi
Optimizing branch lengths. Current phi: 0. Current nu:0.28928991547343086
Optimizing nu
Mstep runtime (s): 0.37990307807922363
Finished EM iter: 23. Current nllh: 10515.120602004945
Starting EM iter: 24
Estep
Estep runtime (s): 0.1980898380279541
Mstep
Optimizing phi
Optimizing branch lengths. Current phi: 0. Current nu:0.2892945322075009
Optimizing nu
Mstep runtime (s): 0.40724778175354004
Finished EM iter: 24. Current nllh: 10515.120423700793
Starting EM iter: 25
Estep
Estep runtime (s): 0.19904184341430664
Mstep
Optimizing phi
Optimizing branch lengths. Current phi: 0. Current nu:0.2892984213645127
Optimizing nu
Mstep runtime (s): 0.38630032539367676
Finished EM iter: 25. Current nllh: 10515.120273138844
Starting EM iter: 26
Estep
Estep runtime (s): 0.20032095909118652
Mstep
Optimizing phi
Optimizing branch lengths. Current phi: 0. Current nu:0.2893020002445515
Optimizing nu
Mstep runtime (s): 0.3831019401550293
Finished EM iter: 26. Current nllh: 10515.120145867038
Starting EM iter: 27
Estep
Estep runtime (s): 0.20108389854431152
Mstep
Optimizing phi
Optimizing branch lengths. Current phi: 0. Current nu:0.2893049219547983
Optimizing nu
Mstep runtime (s): 0.39197778701782227
Finished EM iter: 27. Current nllh: 10515.120027941332
Starting EM iter: 28
Estep
Estep runtime (s): 0.19732308387756348
Mstep
Optimizing phi
Optimizing branch lengths. Current phi: 0. Current nu:0.2893079786611218
Optimizing nu
Mstep runtime (s): 0.37912797927856445
Finished EM iter: 28. Current nllh: 10515.119928554455
EM finished after 28 iterations.
Optimal phi: 0. Optimal nu: 0.28931044334138045. Optimal nllh: 10515.119928554455
Optimal point found for initial point 1
Numerical optimization finished successfully
Tree height pre-scaling: 0.6870182925834608, input timescale: 1.0
Tree height after scaling: 0.9999999999999999, mutation rate: 0.6870182925834608
Tree height pre-scaling: 0.687018292590297, input timescale: 1.0
Tree height after scaling: 1.0, mutation rate: 0.687018292590297
Tree height pre-scaling: 0.6870182926209867, input timescale: 1.0
Tree height after scaling: 1.0, mutation rate: 0.6870182926209867
Tree height pre-scaling: 0.6870182925916767, input timescale: 1.0
Tree height after scaling: 0.9999999999999999, mutation rate: 0.6870182925916767
Tree height pre-scaling: 0.6870182925931027, input timescale: 1.0
Tree height after scaling: 0.9999999999999999, mutation rate: 0.6870182925931027
Tree height pre-scaling: 0.687018292583184, input timescale: 1.0
Tree height after scaling: 1.0, mutation rate: 0.687018292583184
Tree height pre-scaling: 0.6870182925856854, input timescale: 1.0
Tree height after scaling: 1.0, mutation rate: 0.6870182925856854
Tree height pre-scaling: 0.6870182925860241, input timescale: 1.0
Tree height after scaling: 1.0, mutation rate: 0.6870182925860241
Tree height pre-scaling: 0.6870182925905917, input timescale: 1.0
Tree height after scaling: 0.9999999999999998, mutation rate: 0.6870182925905917
Tree height pre-scaling: 0.6870182925912814, input timescale: 1.0
Tree height after scaling: 1.0, mutation rate: 0.6870182925912814
Tree height pre-scaling: 0.6870182925870477, input timescale: 1.0
Tree height after scaling: 1.0, mutation rate: 0.6870182925870477
Tree height pre-scaling: 0.6870182925928963, input timescale: 1.0
Tree height after scaling: 1.0, mutation rate: 0.6870182925928963
Tree height pre-scaling: 0.6870182925791113, input timescale: 1.0
Tree height after scaling: 1.0, mutation rate: 0.6870182925791113
Tree height pre-scaling: 0.6870182925761105, input timescale: 1.0
Tree height after scaling: 0.9999999999999999, mutation rate: 0.6870182925761105
Tree height pre-scaling: 0.6870182925892057, input timescale: 1.0
Tree height after scaling: 1.0, mutation rate: 0.6870182925892057
Tree height pre-scaling: 0.687018292588454, input timescale: 1.0
Tree height after scaling: 0.9999999999999998, mutation rate: 0.687018292588454
Tree height pre-scaling: 0.6870182925848343, input timescale: 1.0
Tree height after scaling: 1.0, mutation rate: 0.6870182925848343
Runtime (s): 18.790014125
