Launching LAML version 0.0.4
LAML was called as follows: /Users/uym2/my_gits/LAML/run_laml.py -c ../../bar12/Bar12_character_matrix.txt -t place_outlier/augmented_tree_59.nwk -o place_outlier/augmented_tree_59_optimized -v -p ../../bar12/Bar12_priors.pickle --delimiter tab -m -1 --nInitials 1
Prior keys mismatch with site names.
Prior keys: [0, 1, 2, 3, 4, 5, 6, 7, 8, 9, 10, 11, 12, 13, 14, 15, 16, 17, 18, 19, 20, 21, 22, 23, 24, 25, 26, 27, 28]
Site names: ['r1', 'r2', 'r3', 'r4', 'r5', 'r6', 'r7', 'r8', 'r9', 'r10', 'r11', 'r12', 'r13', 'r14', 'r15', 'r16', 'r17', 'r18', 'r19', 'r20', 'r21', 'r22', 'r23', 'r24', 'r25', 'r26', 'r27', 'r28', 'r29', 'r30']
Attempting to infer mapping between site names and prior keys...
Not all site names are present in the dictionary. Trying offset...
Offset between input site names and prior keys is assumed to be 1
Missing priors at site r30, filling in uniform priors...
{'r1': 0, 'r2': 1, 'r3': 2, 'r4': 3, 'r5': 4, 'r6': 5, 'r7': 6, 'r8': 7, 'r9': 8, 'r10': 9, 'r11': 10, 'r12': 11, 'r13': 12, 'r14': 13, 'r15': 14, 'r16': 15, 'r17': 16, 'r18': 17, 'r19': 18, 'r20': 19, 'r21': 20, 'r22': 21, 'r23': 22, 'r24': 23, 'r25': 24, 'r26': 25, 'r27': 26, 'r28': 27, 'r29': 28, 'r30': 29}
Optimizing branch lengths, phi, and nu without topology search
Optimization by EM algorithm
Optimization start with 1 initials
Initial point 1. Random seed: 4679
Numerical optimization started with ultrametric constraint (default)
Initial phi: 0. Initial nu: 0.26955655566205877. Initial nllh: 16088.416741409517
Starting EM iter: 1
Estep
Estep runtime (s): 0.1771841049194336
Mstep
Optimizing phi
Optimizing branch lengths. Current phi: 0. Current nu:0.26955655566205877
Optimizing nu
Mstep runtime (s): 0.5206120014190674
Finished EM iter: 1. Current nllh: 13803.722513256984
Starting EM iter: 2
Estep
Estep runtime (s): 0.24038100242614746
Mstep
Optimizing phi
Optimizing branch lengths. Current phi: 0. Current nu:0.2877026202159696
Optimizing nu
Mstep runtime (s): 0.5064661502838135
Finished EM iter: 2. Current nllh: 13763.215401961406
Starting EM iter: 3
Estep
Estep runtime (s): 0.2408151626586914
Mstep
Optimizing phi
Optimizing branch lengths. Current phi: 0. Current nu:0.2916431279619845
Optimizing nu
Mstep runtime (s): 0.431826114654541
Finished EM iter: 3. Current nllh: 13755.452688166304
Starting EM iter: 4
Estep
Estep runtime (s): 0.24118494987487793
Mstep
Optimizing phi
Optimizing branch lengths. Current phi: 0. Current nu:0.291551705830789
Optimizing nu
Mstep runtime (s): 0.4833979606628418
Finished EM iter: 4. Current nllh: 13754.844107186229
Starting EM iter: 5
Estep
Estep runtime (s): 0.24039697647094727
Mstep
Optimizing phi
Optimizing branch lengths. Current phi: 0. Current nu:0.2912701780624547
Optimizing nu
Mstep runtime (s): 0.43358731269836426
Finished EM iter: 5. Current nllh: 13754.77823826347
Starting EM iter: 6
Estep
Estep runtime (s): 0.24103212356567383
Mstep
Optimizing phi
Optimizing branch lengths. Current phi: 0. Current nu:0.29117630813758477
Optimizing nu
Mstep runtime (s): 0.4275331497192383
Finished EM iter: 6. Current nllh: 13754.770716795481
Starting EM iter: 7
Estep
Estep runtime (s): 0.24159812927246094
Mstep
Optimizing phi
Optimizing branch lengths. Current phi: 0. Current nu:0.29115361025298137
Optimizing nu
Mstep runtime (s): 0.42238306999206543
Finished EM iter: 7. Current nllh: 13754.768803621508
Starting EM iter: 8
Estep
Estep runtime (s): 0.24205374717712402
Mstep
Optimizing phi
Optimizing branch lengths. Current phi: 0. Current nu:0.29115165969612766
Optimizing nu
Mstep runtime (s): 0.40491390228271484
Finished EM iter: 8. Current nllh: 13754.76812711158
Starting EM iter: 9
Estep
Estep runtime (s): 0.2411031723022461
Mstep
Optimizing phi
Optimizing branch lengths. Current phi: 0. Current nu:0.29115443113969186
Optimizing nu
Mstep runtime (s): 0.41533875465393066
Finished EM iter: 9. Current nllh: 13754.767833543876
Starting EM iter: 10
Estep
Estep runtime (s): 0.24183106422424316
Mstep
Optimizing phi
Optimizing branch lengths. Current phi: 0. Current nu:0.2911569434847954
Optimizing nu
Mstep runtime (s): 0.4363541603088379
Finished EM iter: 10. Current nllh: 13754.767682887514
Starting EM iter: 11
Estep
Estep runtime (s): 0.24192404747009277
Mstep
Optimizing phi
Optimizing branch lengths. Current phi: 0. Current nu:0.2911587455664313
Optimizing nu
Mstep runtime (s): 0.42995786666870117
Finished EM iter: 11. Current nllh: 13754.767621019535
EM finished after 11 iterations.
Optimal phi: 0. Optimal nu: 0.29115962486606867. Optimal nllh: 13754.767621019535
Optimal point found for initial point 1
Numerical optimization finished successfully
Tree height pre-scaling: 0.7645742153234651, input timescale: 1.0
Tree height after scaling: 1.0, mutation rate: 0.7645742153234651
Tree height pre-scaling: 0.7645742153133703, input timescale: 1.0
Tree height after scaling: 0.9999999999999999, mutation rate: 0.7645742153133703
Tree height pre-scaling: 0.764574215343594, input timescale: 1.0
Tree height after scaling: 1.0, mutation rate: 0.764574215343594
Tree height pre-scaling: 0.7645742153160802, input timescale: 1.0
Tree height after scaling: 1.0, mutation rate: 0.7645742153160802
Tree height pre-scaling: 0.7645742153515819, input timescale: 1.0
Tree height after scaling: 1.0, mutation rate: 0.7645742153515819
Tree height pre-scaling: 0.7645742153221606, input timescale: 1.0
Tree height after scaling: 1.0, mutation rate: 0.7645742153221606
Tree height pre-scaling: 0.7645742153287627, input timescale: 1.0
Tree height after scaling: 0.9999999999999999, mutation rate: 0.7645742153287627
Tree height pre-scaling: 0.764574215318383, input timescale: 1.0
Tree height after scaling: 1.0, mutation rate: 0.764574215318383
Tree height pre-scaling: 0.7645742153245071, input timescale: 1.0
Tree height after scaling: 1.0, mutation rate: 0.7645742153245071
Tree height pre-scaling: 0.7645742153009982, input timescale: 1.0
Tree height after scaling: 1.0, mutation rate: 0.7645742153009982
Tree height pre-scaling: 0.76457421532485, input timescale: 1.0
Tree height after scaling: 1.0, mutation rate: 0.76457421532485
Tree height pre-scaling: 0.7645742153410096, input timescale: 1.0
Tree height after scaling: 1.0, mutation rate: 0.7645742153410096
Tree height pre-scaling: 0.7645742153250046, input timescale: 1.0
Tree height after scaling: 1.0, mutation rate: 0.7645742153250046
Tree height pre-scaling: 0.7645742152988628, input timescale: 1.0
Tree height after scaling: 1.0, mutation rate: 0.7645742152988628
Tree height pre-scaling: 0.7645742153107842, input timescale: 1.0
Tree height after scaling: 1.0, mutation rate: 0.7645742153107842
Runtime (s): 8.708725792000001
