Launching LAML version 0.0.4
LAML was called as follows: /Users/uym2/my_gits/LAML/run_laml.py -c ../../bar12/Bar12_character_matrix.txt -t place_outlier/augmented_tree_79.nwk -o place_outlier/augmented_tree_79_optimized -v -p ../../bar12/Bar12_priors.pickle --delimiter tab -m -1 --nInitials 1
Prior keys mismatch with site names.
Prior keys: [0, 1, 2, 3, 4, 5, 6, 7, 8, 9, 10, 11, 12, 13, 14, 15, 16, 17, 18, 19, 20, 21, 22, 23, 24, 25, 26, 27, 28]
Site names: ['r1', 'r2', 'r3', 'r4', 'r5', 'r6', 'r7', 'r8', 'r9', 'r10', 'r11', 'r12', 'r13', 'r14', 'r15', 'r16', 'r17', 'r18', 'r19', 'r20', 'r21', 'r22', 'r23', 'r24', 'r25', 'r26', 'r27', 'r28', 'r29', 'r30']
Attempting to infer mapping between site names and prior keys...
Not all site names are present in the dictionary. Trying offset...
Offset between input site names and prior keys is assumed to be 1
Missing priors at site r30, filling in uniform priors...
{'r1': 0, 'r2': 1, 'r3': 2, 'r4': 3, 'r5': 4, 'r6': 5, 'r7': 6, 'r8': 7, 'r9': 8, 'r10': 9, 'r11': 10, 'r12': 11, 'r13': 12, 'r14': 13, 'r15': 14, 'r16': 15, 'r17': 16, 'r18': 17, 'r19': 18, 'r20': 19, 'r21': 20, 'r22': 21, 'r23': 22, 'r24': 23, 'r25': 24, 'r26': 25, 'r27': 26, 'r28': 27, 'r29': 28, 'r30': 29}
Optimizing branch lengths, phi, and nu without topology search
Optimization by EM algorithm
Optimization start with 1 initials
Initial point 1. Random seed: 7233
Numerical optimization started with ultrametric constraint (default)
Initial phi: 0. Initial nu: 0.26955655566205877. Initial nllh: 16228.951155139808
Starting EM iter: 1
Estep
Estep runtime (s): 0.18009281158447266
Mstep
Optimizing phi
Optimizing branch lengths. Current phi: 0. Current nu:0.26955655566205877
Optimizing nu
Mstep runtime (s): 0.4809458255767822
Finished EM iter: 1. Current nllh: 13800.51405657877
Starting EM iter: 2
Estep
Estep runtime (s): 0.25093507766723633
Mstep
Optimizing phi
Optimizing branch lengths. Current phi: 0. Current nu:0.28346418433605686
Optimizing nu
Mstep runtime (s): 0.4527559280395508
Finished EM iter: 2. Current nllh: 13769.456742572442
Starting EM iter: 3
Estep
Estep runtime (s): 0.2507448196411133
Mstep
Optimizing phi
Optimizing branch lengths. Current phi: 0. Current nu:0.28635945472150015
Optimizing nu
Mstep runtime (s): 0.49836182594299316
Finished EM iter: 3. Current nllh: 13764.246519117725
Starting EM iter: 4
Estep
Estep runtime (s): 0.2508049011230469
Mstep
Optimizing phi
Optimizing branch lengths. Current phi: 0. Current nu:0.28642299583114916
Optimizing nu
Mstep runtime (s): 0.5296308994293213
Finished EM iter: 4. Current nllh: 13763.768986791027
Starting EM iter: 5
Estep
Estep runtime (s): 0.2509310245513916
Mstep
Optimizing phi
Optimizing branch lengths. Current phi: 0. Current nu:0.28631176669119146
Optimizing nu
Mstep runtime (s): 0.49220919609069824
Finished EM iter: 5. Current nllh: 13763.71508638476
Starting EM iter: 6
Estep
Estep runtime (s): 0.250856876373291
Mstep
Optimizing phi
Optimizing branch lengths. Current phi: 0. Current nu:0.28631118119524684
Optimizing nu
Mstep runtime (s): 0.48037195205688477
Finished EM iter: 6. Current nllh: 13763.699420719597
Starting EM iter: 7
Estep
Estep runtime (s): 0.25134992599487305
Mstep
Optimizing phi
Optimizing branch lengths. Current phi: 0. Current nu:0.2863401026117261
Optimizing nu
Mstep runtime (s): 0.4737069606781006
Finished EM iter: 7. Current nllh: 13763.691476777667
Starting EM iter: 8
Estep
Estep runtime (s): 0.25081396102905273
Mstep
Optimizing phi
Optimizing branch lengths. Current phi: 0. Current nu:0.2863689629699255
Optimizing nu
Mstep runtime (s): 0.46801209449768066
Finished EM iter: 8. Current nllh: 13763.686382460095
Starting EM iter: 9
Estep
Estep runtime (s): 0.25145792961120605
Mstep
Optimizing phi
Optimizing branch lengths. Current phi: 0. Current nu:0.2863910772978223
Optimizing nu
Mstep runtime (s): 0.4991743564605713
Finished EM iter: 9. Current nllh: 13763.682885843471
Starting EM iter: 10
Estep
Estep runtime (s): 0.2511579990386963
Mstep
Optimizing phi
Optimizing branch lengths. Current phi: 0. Current nu:0.2864070384843805
Optimizing nu
Mstep runtime (s): 0.48708295822143555
Finished EM iter: 10. Current nllh: 13763.680363114576
Starting EM iter: 11
Estep
Estep runtime (s): 0.251309871673584
Mstep
Optimizing phi
Optimizing branch lengths. Current phi: 0. Current nu:0.2864194259691153
Optimizing nu
Mstep runtime (s): 0.529109001159668
Finished EM iter: 11. Current nllh: 13763.678818874087
Starting EM iter: 12
Estep
Estep runtime (s): 0.2527432441711426
Mstep
Optimizing phi
Optimizing branch lengths. Current phi: 0. Current nu:0.28642477927911175
Optimizing nu
Mstep runtime (s): 0.5622940063476562
Finished EM iter: 12. Current nllh: 13763.67729529872
Starting EM iter: 13
Estep
Estep runtime (s): 0.25437283515930176
Mstep
Optimizing phi
Optimizing branch lengths. Current phi: 0. Current nu:0.2864339767182009
Optimizing nu
Mstep runtime (s): 0.48050713539123535
Finished EM iter: 13. Current nllh: 13763.676208839237
Starting EM iter: 14
Estep
Estep runtime (s): 0.25623393058776855
Mstep
Optimizing phi
Optimizing branch lengths. Current phi: 0. Current nu:0.2864407037603338
Optimizing nu
Mstep runtime (s): 0.5106313228607178
Finished EM iter: 14. Current nllh: 13763.675392675934
Starting EM iter: 15
Estep
Estep runtime (s): 0.2532491683959961
Mstep
Optimizing phi
Optimizing branch lengths. Current phi: 0. Current nu:0.2864461688762829
Optimizing nu
Mstep runtime (s): 0.5014550685882568
Finished EM iter: 15. Current nllh: 13763.674793787377
Starting EM iter: 16
Estep
Estep runtime (s): 0.2528047561645508
Mstep
Optimizing phi
Optimizing branch lengths. Current phi: 0. Current nu:0.2864501809416528
Optimizing nu
Mstep runtime (s): 0.5234940052032471
Finished EM iter: 16. Current nllh: 13763.67460203658
Starting EM iter: 17
Estep
Estep runtime (s): 0.253525972366333
Mstep
Optimizing phi
Optimizing branch lengths. Current phi: 0. Current nu:0.28644980168941114
Optimizing nu
Mstep runtime (s): 0.472092866897583
Finished EM iter: 17. Current nllh: 13763.674057942137
Starting EM iter: 18
Estep
Estep runtime (s): 0.25142383575439453
Mstep
Optimizing phi
Optimizing branch lengths. Current phi: 0. Current nu:0.286455316841191
Optimizing nu
Mstep runtime (s): 0.5786798000335693
Finished EM iter: 18. Current nllh: 13763.673687553002
Starting EM iter: 19
Estep
Estep runtime (s): 0.25304102897644043
Mstep
Optimizing phi
Optimizing branch lengths. Current phi: 0. Current nu:0.286458915306513
Optimizing nu
Mstep runtime (s): 0.513211727142334
Finished EM iter: 19. Current nllh: 13763.67342297324
Starting EM iter: 20
Estep
Estep runtime (s): 0.25385093688964844
Mstep
Optimizing phi
Optimizing branch lengths. Current phi: 0. Current nu:0.28646133611359587
Optimizing nu
Mstep runtime (s): 0.4496612548828125
Finished EM iter: 20. Current nllh: 13763.67322555958
Starting EM iter: 21
Estep
Estep runtime (s): 0.2539389133453369
Mstep
Optimizing phi
Optimizing branch lengths. Current phi: 0. Current nu:0.2864634816934471
Optimizing nu
Mstep runtime (s): 0.5846760272979736
Finished EM iter: 21. Current nllh: 13763.67307015942
Starting EM iter: 22
Estep
Estep runtime (s): 0.2528419494628906
Mstep
Optimizing phi
Optimizing branch lengths. Current phi: 0. Current nu:0.28646525777426346
Optimizing nu
Mstep runtime (s): 0.46568894386291504
Finished EM iter: 22. Current nllh: 13763.672958592686
EM finished after 22 iterations.
Optimal phi: 0. Optimal nu: 0.28646628069040436. Optimal nllh: 13763.672958592686
Optimal point found for initial point 1
Numerical optimization finished successfully
Tree height pre-scaling: 0.779264167460866, input timescale: 1.0
Tree height after scaling: 1.0, mutation rate: 0.779264167460866
Tree height pre-scaling: 0.779264167281637, input timescale: 1.0
Tree height after scaling: 1.0, mutation rate: 0.779264167281637
Tree height pre-scaling: 0.7792641677202865, input timescale: 1.0
Tree height after scaling: 1.0, mutation rate: 0.7792641677202865
Tree height pre-scaling: 0.7792641673250748, input timescale: 1.0
Tree height after scaling: 0.9999999999999999, mutation rate: 0.7792641673250748
Tree height pre-scaling: 0.7792641678509293, input timescale: 1.0
Tree height after scaling: 0.9999999999999998, mutation rate: 0.7792641678509293
Tree height pre-scaling: 0.7792641673997106, input timescale: 1.0
Tree height after scaling: 1.0, mutation rate: 0.7792641673997106
Tree height pre-scaling: 0.7792641675239351, input timescale: 1.0
Tree height after scaling: 1.0, mutation rate: 0.7792641675239351
Tree height pre-scaling: 0.7792641673674965, input timescale: 1.0
Tree height after scaling: 1.0, mutation rate: 0.7792641673674965
Tree height pre-scaling: 0.7792641674563967, input timescale: 1.0
Tree height after scaling: 0.9999999999999999, mutation rate: 0.7792641674563967
Tree height pre-scaling: 0.77926416707426, input timescale: 1.0
Tree height after scaling: 1.0, mutation rate: 0.77926416707426
Tree height pre-scaling: 0.779264167462965, input timescale: 1.0
Tree height after scaling: 1.0, mutation rate: 0.779264167462965
Tree height pre-scaling: 0.7792641677436049, input timescale: 1.0
Tree height after scaling: 1.0, mutation rate: 0.7792641677436049
Tree height pre-scaling: 0.7792641674547929, input timescale: 1.0
Tree height after scaling: 0.9999999999999998, mutation rate: 0.7792641674547929
Tree height pre-scaling: 0.7792641670419759, input timescale: 1.0
Tree height after scaling: 1.0, mutation rate: 0.7792641670419759
Tree height pre-scaling: 0.7792641674856375, input timescale: 1.0
Tree height after scaling: 1.0, mutation rate: 0.7792641674856375
Runtime (s): 18.484810999999997
