Launching LAML version 0.0.4
LAML was called as follows: /Users/uym2/my_gits/LAML/run_laml.py -c ../../bar12/Bar12_character_matrix.txt -t place_outlier/augmented_tree_290.nwk -o place_outlier/augmented_tree_290_optimized -v -p ../../bar12/Bar12_priors.pickle --delimiter tab -m -1 --nInitials 1
Prior keys mismatch with site names.
Prior keys: [0, 1, 2, 3, 4, 5, 6, 7, 8, 9, 10, 11, 12, 13, 14, 15, 16, 17, 18, 19, 20, 21, 22, 23, 24, 25, 26, 27, 28]
Site names: ['r1', 'r2', 'r3', 'r4', 'r5', 'r6', 'r7', 'r8', 'r9', 'r10', 'r11', 'r12', 'r13', 'r14', 'r15', 'r16', 'r17', 'r18', 'r19', 'r20', 'r21', 'r22', 'r23', 'r24', 'r25', 'r26', 'r27', 'r28', 'r29', 'r30']
Attempting to infer mapping between site names and prior keys...
Not all site names are present in the dictionary. Trying offset...
Offset between input site names and prior keys is assumed to be 1
Missing priors at site r30, filling in uniform priors...
{'r1': 0, 'r2': 1, 'r3': 2, 'r4': 3, 'r5': 4, 'r6': 5, 'r7': 6, 'r8': 7, 'r9': 8, 'r10': 9, 'r11': 10, 'r12': 11, 'r13': 12, 'r14': 13, 'r15': 14, 'r16': 15, 'r17': 16, 'r18': 17, 'r19': 18, 'r20': 19, 'r21': 20, 'r22': 21, 'r23': 22, 'r24': 23, 'r25': 24, 'r26': 25, 'r27': 26, 'r28': 27, 'r29': 28, 'r30': 29}
Optimizing branch lengths, phi, and nu without topology search
Optimization by EM algorithm
Optimization start with 1 initials
Initial point 1. Random seed: 1549
Numerical optimization started with ultrametric constraint (default)
Initial phi: 0. Initial nu: 0.26955655566205877. Initial nllh: 16391.694662164693
Starting EM iter: 1
Estep
Estep runtime (s): 0.18259000778198242
Mstep
Optimizing phi
Optimizing branch lengths. Current phi: 0. Current nu:0.26955655566205877
Optimizing nu
Mstep runtime (s): 0.6866879463195801
Finished EM iter: 1. Current nllh: 13860.646712381289
Starting EM iter: 2
Estep
Estep runtime (s): 0.24735069274902344
Mstep
Optimizing phi
Optimizing branch lengths. Current phi: 0. Current nu:0.2851214221869763
Optimizing nu
Mstep runtime (s): 0.45227599143981934
Finished EM iter: 2. Current nllh: 13837.994717786984
Starting EM iter: 3
Estep
Estep runtime (s): 0.24675893783569336
Mstep
Optimizing phi
Optimizing branch lengths. Current phi: 0. Current nu:0.28860807888020384
Optimizing nu
Mstep runtime (s): 0.4628579616546631
Finished EM iter: 3. Current nllh: 13836.278483953149
Starting EM iter: 4
Estep
Estep runtime (s): 0.2450089454650879
Mstep
Optimizing phi
Optimizing branch lengths. Current phi: 0. Current nu:0.28960223389501066
Optimizing nu
Mstep runtime (s): 0.41922903060913086
Finished EM iter: 4. Current nllh: 13836.092713315971
Starting EM iter: 5
Estep
Estep runtime (s): 0.24846506118774414
Mstep
Optimizing phi
Optimizing branch lengths. Current phi: 0. Current nu:0.2899651332647223
Optimizing nu
Mstep runtime (s): 0.5094163417816162
Finished EM iter: 5. Current nllh: 13836.06463564322
Starting EM iter: 6
Estep
Estep runtime (s): 0.24723100662231445
Mstep
Optimizing phi
Optimizing branch lengths. Current phi: 0. Current nu:0.29010952914594873
Optimizing nu
Mstep runtime (s): 0.46569108963012695
Finished EM iter: 6. Current nllh: 13836.058613676858
Starting EM iter: 7
Estep
Estep runtime (s): 0.24911999702453613
Mstep
Optimizing phi
Optimizing branch lengths. Current phi: 0. Current nu:0.29016917104741496
Optimizing nu
Mstep runtime (s): 0.4677162170410156
Finished EM iter: 7. Current nllh: 13836.057012285142
Starting EM iter: 8
Estep
Estep runtime (s): 0.25144290924072266
Mstep
Optimizing phi
Optimizing branch lengths. Current phi: 0. Current nu:0.29019498686766876
Optimizing nu
Mstep runtime (s): 0.4547700881958008
Finished EM iter: 8. Current nllh: 13836.056515213702
Starting EM iter: 9
Estep
Estep runtime (s): 0.2486100196838379
Mstep
Optimizing phi
Optimizing branch lengths. Current phi: 0. Current nu:0.2902065539906134
Optimizing nu
Mstep runtime (s): 0.5518839359283447
Finished EM iter: 9. Current nllh: 13836.056345468296
Starting EM iter: 10
Estep
Estep runtime (s): 0.24437785148620605
Mstep
Optimizing phi
Optimizing branch lengths. Current phi: 0. Current nu:0.29021146551511445
Optimizing nu
Mstep runtime (s): 0.5511260032653809
Finished EM iter: 10. Current nllh: 13836.056376342964
EM finished after 10 iterations.
Optimal phi: 0. Optimal nu: 0.2902125828231193. Optimal nllh: 13836.056376342964
Optimal point found for initial point 1
Numerical optimization finished successfully
Tree height pre-scaling: 0.7591985257806454, input timescale: 1.0
Tree height after scaling: 1.0, mutation rate: 0.7591985257806454
Tree height pre-scaling: 0.7591985012196514, input timescale: 1.0
Tree height after scaling: 1.0, mutation rate: 0.7591985012196514
Tree height pre-scaling: 0.7591985698216814, input timescale: 1.0
Tree height after scaling: 1.0, mutation rate: 0.7591985698216814
Tree height pre-scaling: 0.7591985091192035, input timescale: 1.0
Tree height after scaling: 1.0, mutation rate: 0.7591985091192035
Tree height pre-scaling: 0.7591985836870567, input timescale: 1.0
Tree height after scaling: 1.0, mutation rate: 0.7591985836870567
Tree height pre-scaling: 0.7591985137540644, input timescale: 1.0
Tree height after scaling: 1.0, mutation rate: 0.7591985137540644
Tree height pre-scaling: 0.7591985361004063, input timescale: 1.0
Tree height after scaling: 1.0, mutation rate: 0.7591985361004063
Tree height pre-scaling: 0.7591985140394264, input timescale: 1.0
Tree height after scaling: 1.0, mutation rate: 0.7591985140394264
Tree height pre-scaling: 0.7591985262355254, input timescale: 1.0
Tree height after scaling: 1.0, mutation rate: 0.7591985262355254
Tree height pre-scaling: 0.7591985056709832, input timescale: 1.0
Tree height after scaling: 1.0, mutation rate: 0.7591985056709832
Tree height pre-scaling: 0.759198462775122, input timescale: 1.0
Tree height after scaling: 1.0, mutation rate: 0.759198462775122
Tree height pre-scaling: 0.7591985776161356, input timescale: 1.0
Tree height after scaling: 1.0000000000000002, mutation rate: 0.7591985776161356
Tree height pre-scaling: 0.7591985535400283, input timescale: 1.0
Tree height after scaling: 1.0, mutation rate: 0.7591985535400283
Tree height pre-scaling: 0.7591985506854944, input timescale: 1.0
Tree height after scaling: 0.9999999999999999, mutation rate: 0.7591985506854944
Tree height pre-scaling: 0.7591984535924765, input timescale: 1.0
Tree height after scaling: 0.9999999999999998, mutation rate: 0.7591984535924765
Runtime (s): 8.596478833
