Launching LAML version 0.0.4
LAML was called as follows: /Users/uym2/my_gits/LAML/run_laml.py -c ../../bar12/Bar12_character_matrix.txt -t place_outlier/augmented_tree_538.nwk -o place_outlier/augmented_tree_538_optimized -v -p ../../bar12/Bar12_priors.pickle --delimiter tab -m -1 --nInitials 1
Prior keys mismatch with site names.
Prior keys: [0, 1, 2, 3, 4, 5, 6, 7, 8, 9, 10, 11, 12, 13, 14, 15, 16, 17, 18, 19, 20, 21, 22, 23, 24, 25, 26, 27, 28]
Site names: ['r1', 'r2', 'r3', 'r4', 'r5', 'r6', 'r7', 'r8', 'r9', 'r10', 'r11', 'r12', 'r13', 'r14', 'r15', 'r16', 'r17', 'r18', 'r19', 'r20', 'r21', 'r22', 'r23', 'r24', 'r25', 'r26', 'r27', 'r28', 'r29', 'r30']
Attempting to infer mapping between site names and prior keys...
Not all site names are present in the dictionary. Trying offset...
Offset between input site names and prior keys is assumed to be 1
Missing priors at site r30, filling in uniform priors...
{'r1': 0, 'r2': 1, 'r3': 2, 'r4': 3, 'r5': 4, 'r6': 5, 'r7': 6, 'r8': 7, 'r9': 8, 'r10': 9, 'r11': 10, 'r12': 11, 'r13': 12, 'r14': 13, 'r15': 14, 'r16': 15, 'r17': 16, 'r18': 17, 'r19': 18, 'r20': 19, 'r21': 20, 'r22': 21, 'r23': 22, 'r24': 23, 'r25': 24, 'r26': 25, 'r27': 26, 'r28': 27, 'r29': 28, 'r30': 29}
Optimizing branch lengths, phi, and nu without topology search
Optimization by EM algorithm
Optimization start with 1 initials
Initial point 1. Random seed: 3029
Numerical optimization started with ultrametric constraint (default)
Initial phi: 0. Initial nu: 0.26955655566205877. Initial nllh: 16242.085102506251
Starting EM iter: 1
Estep
Estep runtime (s): 0.1788480281829834
Mstep
Optimizing phi
Optimizing branch lengths. Current phi: 0. Current nu:0.26955655566205877
Optimizing nu
Mstep runtime (s): 0.486555814743042
Finished EM iter: 1. Current nllh: 13754.493582712355
Starting EM iter: 2
Estep
Estep runtime (s): 0.24826693534851074
Mstep
Optimizing phi
Optimizing branch lengths. Current phi: 0. Current nu:0.28418497952374866
Optimizing nu
Mstep runtime (s): 0.42743682861328125
Finished EM iter: 2. Current nllh: 13722.411002504194
Starting EM iter: 3
Estep
Estep runtime (s): 0.24766206741333008
Mstep
Optimizing phi
Optimizing branch lengths. Current phi: 0. Current nu:0.2863005854191619
Optimizing nu
Mstep runtime (s): 0.5178780555725098
Finished EM iter: 3. Current nllh: 13720.09740015258
Starting EM iter: 4
Estep
Estep runtime (s): 0.24755311012268066
Mstep
Optimizing phi
Optimizing branch lengths. Current phi: 0. Current nu:0.2863489074381337
Optimizing nu
Mstep runtime (s): 0.5467529296875
Finished EM iter: 4. Current nllh: 13719.804196159354
Starting EM iter: 5
Estep
Estep runtime (s): 0.24747896194458008
Mstep
Optimizing phi
Optimizing branch lengths. Current phi: 0. Current nu:0.2862522506872166
Optimizing nu
Mstep runtime (s): 0.49811601638793945
Finished EM iter: 5. Current nllh: 13719.764207208593
Starting EM iter: 6
Estep
Estep runtime (s): 0.25293493270874023
Mstep
Optimizing phi
Optimizing branch lengths. Current phi: 0. Current nu:0.28620149546970763
Optimizing nu
Mstep runtime (s): 0.5072510242462158
Finished EM iter: 6. Current nllh: 13719.758630388487
Starting EM iter: 7
Estep
Estep runtime (s): 0.24898505210876465
Mstep
Optimizing phi
Optimizing branch lengths. Current phi: 0. Current nu:0.28618664849457737
Optimizing nu
Mstep runtime (s): 0.4318969249725342
Finished EM iter: 7. Current nllh: 13719.757795463023
Starting EM iter: 8
Estep
Estep runtime (s): 26.92501401901245
Mstep
Optimizing phi
Optimizing branch lengths. Current phi: 0. Current nu:0.2861884911672499
Optimizing nu
Mstep runtime (s): 0.48416924476623535
Finished EM iter: 8. Current nllh: 13719.75797812066
Starting EM iter: 9
Estep
Estep runtime (s): 0.25768589973449707
Mstep
Optimizing phi
Optimizing branch lengths. Current phi: 0. Current nu:0.286187411239394
Optimizing nu
Mstep runtime (s): 0.4497861862182617
Finished EM iter: 9. Current nllh: 13719.757880951393
EM finished after 9 iterations.
Optimal phi: 0. Optimal nu: 0.2861928824047848. Optimal nllh: 13719.757880951393
Optimal point found for initial point 1
Numerical optimization finished successfully
Tree height pre-scaling: 0.7776338290993601, input timescale: 1.0
Tree height after scaling: 1.0, mutation rate: 0.7776338290993601
Tree height pre-scaling: 0.7776338290968057, input timescale: 1.0
Tree height after scaling: 1.0000000000000002, mutation rate: 0.7776338290968057
Tree height pre-scaling: 0.7776338290967, input timescale: 1.0
Tree height after scaling: 1.0, mutation rate: 0.7776338290967
Tree height pre-scaling: 0.7776338290933368, input timescale: 1.0
Tree height after scaling: 1.0, mutation rate: 0.7776338290933368
Tree height pre-scaling: 0.7776338291045971, input timescale: 1.0
Tree height after scaling: 1.0, mutation rate: 0.7776338291045971
Tree height pre-scaling: 0.7776338291006942, input timescale: 1.0
Tree height after scaling: 1.0, mutation rate: 0.7776338291006942
Tree height pre-scaling: 0.7776338291016971, input timescale: 1.0
Tree height after scaling: 1.0, mutation rate: 0.7776338291016971
Tree height pre-scaling: 0.7776338290957369, input timescale: 1.0
Tree height after scaling: 0.9999999999999999, mutation rate: 0.7776338290957369
Tree height pre-scaling: 0.777633829097933, input timescale: 1.0
Tree height after scaling: 1.0, mutation rate: 0.777633829097933
Tree height pre-scaling: 0.7776338290984532, input timescale: 1.0
Tree height after scaling: 1.0, mutation rate: 0.7776338290984532
Tree height pre-scaling: 0.777633829097933, input timescale: 1.0
Tree height after scaling: 1.0, mutation rate: 0.777633829097933
Tree height pre-scaling: 0.7776338290971097, input timescale: 1.0
Tree height after scaling: 0.9999999999999999, mutation rate: 0.7776338290971097
Tree height pre-scaling: 0.7776338291051182, input timescale: 1.0
Tree height after scaling: 1.0, mutation rate: 0.7776338291051182
Tree height pre-scaling: 0.777633829101104, input timescale: 1.0
Tree height after scaling: 1.0000000000000002, mutation rate: 0.777633829101104
Tree height pre-scaling: 0.77763382910542, input timescale: 1.0
Tree height after scaling: 0.9999999999999999, mutation rate: 0.77763382910542
Runtime (s): 8.024178749
