Launching LAML version 0.0.4
LAML was called as follows: /Users/uym2/my_gits/LAML/run_laml.py -c ../../bar12/Bar12_character_matrix.txt -t place_outlier/augmented_tree_438.nwk -o place_outlier/augmented_tree_438_optimized -v -p ../../bar12/Bar12_priors.pickle --delimiter tab -m -1 --nInitials 1
Prior keys mismatch with site names.
Prior keys: [0, 1, 2, 3, 4, 5, 6, 7, 8, 9, 10, 11, 12, 13, 14, 15, 16, 17, 18, 19, 20, 21, 22, 23, 24, 25, 26, 27, 28]
Site names: ['r1', 'r2', 'r3', 'r4', 'r5', 'r6', 'r7', 'r8', 'r9', 'r10', 'r11', 'r12', 'r13', 'r14', 'r15', 'r16', 'r17', 'r18', 'r19', 'r20', 'r21', 'r22', 'r23', 'r24', 'r25', 'r26', 'r27', 'r28', 'r29', 'r30']
Attempting to infer mapping between site names and prior keys...
Not all site names are present in the dictionary. Trying offset...
Offset between input site names and prior keys is assumed to be 1
Missing priors at site r30, filling in uniform priors...
{'r1': 0, 'r2': 1, 'r3': 2, 'r4': 3, 'r5': 4, 'r6': 5, 'r7': 6, 'r8': 7, 'r9': 8, 'r10': 9, 'r11': 10, 'r12': 11, 'r13': 12, 'r14': 13, 'r15': 14, 'r16': 15, 'r17': 16, 'r18': 17, 'r19': 18, 'r20': 19, 'r21': 20, 'r22': 21, 'r23': 22, 'r24': 23, 'r25': 24, 'r26': 25, 'r27': 26, 'r28': 27, 'r29': 28, 'r30': 29}
Optimizing branch lengths, phi, and nu without topology search
Optimization by EM algorithm
Optimization start with 1 initials
Initial point 1. Random seed: 9296
Numerical optimization started with ultrametric constraint (default)
Initial phi: 0. Initial nu: 0.26955655566205877. Initial nllh: 16449.37642475073
Starting EM iter: 1
Estep
Estep runtime (s): 0.17860889434814453
Mstep
Optimizing phi
Optimizing branch lengths. Current phi: 0. Current nu:0.26955655566205877
Optimizing nu
Mstep runtime (s): 0.5170869827270508
Finished EM iter: 1. Current nllh: 13955.528110750976
Starting EM iter: 2
Estep
Estep runtime (s): 0.24277615547180176
Mstep
Optimizing phi
Optimizing branch lengths. Current phi: 0. Current nu:0.28413496594594895
Optimizing nu
Mstep runtime (s): 0.43230295181274414
Finished EM iter: 2. Current nllh: 13925.114112455734
Starting EM iter: 3
Estep
Estep runtime (s): 0.2424910068511963
Mstep
Optimizing phi
Optimizing branch lengths. Current phi: 0. Current nu:0.2863989480379554
Optimizing nu
Mstep runtime (s): 0.5235557556152344
Finished EM iter: 3. Current nllh: 13922.94342471114
Starting EM iter: 4
Estep
Estep runtime (s): 0.24201107025146484
Mstep
Optimizing phi
Optimizing branch lengths. Current phi: 0. Current nu:0.2865956209460876
Optimizing nu
Mstep runtime (s): 0.5302789211273193
Finished EM iter: 4. Current nllh: 13922.664425151042
Starting EM iter: 5
Estep
Estep runtime (s): 0.24359893798828125
Mstep
Optimizing phi
Optimizing branch lengths. Current phi: 0. Current nu:0.28655780797978675
Optimizing nu
Mstep runtime (s): 0.4200141429901123
Finished EM iter: 5. Current nllh: 13922.623168775144
Starting EM iter: 6
Estep
Estep runtime (s): 0.2424149513244629
Mstep
Optimizing phi
Optimizing branch lengths. Current phi: 0. Current nu:0.28653526350707376
Optimizing nu
Mstep runtime (s): 0.4272291660308838
Finished EM iter: 6. Current nllh: 13922.616515201107
Starting EM iter: 7
Estep
Estep runtime (s): 0.2436079978942871
Mstep
Optimizing phi
Optimizing branch lengths. Current phi: 0. Current nu:0.2865298517721339
Optimizing nu
Mstep runtime (s): 0.42876482009887695
Finished EM iter: 7. Current nllh: 13922.615468994456
Starting EM iter: 8
Estep
Estep runtime (s): 0.24286103248596191
Mstep
Optimizing phi
Optimizing branch lengths. Current phi: 0. Current nu:0.28653165971840344
Optimizing nu
Mstep runtime (s): 0.46429896354675293
Finished EM iter: 8. Current nllh: 13922.615362849476
EM finished after 8 iterations.
Optimal phi: 0. Optimal nu: 0.2865348556069559. Optimal nllh: 13922.615362849476
Optimal point found for initial point 1
Numerical optimization finished successfully
Tree height pre-scaling: 0.7663708635236375, input timescale: 1.0
Tree height after scaling: 1.0, mutation rate: 0.7663708635236375
Tree height pre-scaling: 0.7663708634585777, input timescale: 1.0
Tree height after scaling: 1.0, mutation rate: 0.7663708634585777
Tree height pre-scaling: 0.7663708636470943, input timescale: 1.0
Tree height after scaling: 1.0, mutation rate: 0.7663708636470943
Tree height pre-scaling: 0.7663708634633981, input timescale: 1.0
Tree height after scaling: 1.0, mutation rate: 0.7663708634633981
Tree height pre-scaling: 0.7663708633634797, input timescale: 1.0
Tree height after scaling: 0.9999999999999999, mutation rate: 0.7663708633634797
Tree height pre-scaling: 0.7663708636680276, input timescale: 1.0
Tree height after scaling: 1.0, mutation rate: 0.7663708636680276
Tree height pre-scaling: 0.7663708635745337, input timescale: 1.0
Tree height after scaling: 0.9999999999999999, mutation rate: 0.7663708635745337
Tree height pre-scaling: 0.766370863585558, input timescale: 1.0
Tree height after scaling: 1.0, mutation rate: 0.766370863585558
Tree height pre-scaling: 0.7663708634364264, input timescale: 1.0
Tree height after scaling: 1.0, mutation rate: 0.7663708634364264
Tree height pre-scaling: 0.7663708634867753, input timescale: 1.0
Tree height after scaling: 1.0, mutation rate: 0.7663708634867753
Tree height pre-scaling: 0.7663708635015245, input timescale: 1.0
Tree height after scaling: 1.0, mutation rate: 0.7663708635015245
Tree height pre-scaling: 0.7663708634867753, input timescale: 1.0
Tree height after scaling: 1.0, mutation rate: 0.7663708634867753
Tree height pre-scaling: 0.7663708634651878, input timescale: 1.0
Tree height after scaling: 0.9999999999999999, mutation rate: 0.7663708634651878
Tree height pre-scaling: 0.7663708636765196, input timescale: 1.0
Tree height after scaling: 0.9999999999999999, mutation rate: 0.7663708636765196
Tree height pre-scaling: 0.7663708634541893, input timescale: 1.0
Tree height after scaling: 1.0, mutation rate: 0.7663708634541893
Runtime (s): 6.677225625
