Launching LAML version 0.0.4
LAML was called as follows: /Users/uym2/my_gits/LAML/run_laml.py -c ../../bar12/Bar12_character_matrix.txt -t place_outlier/augmented_tree_617.nwk -o place_outlier/augmented_tree_617_optimized -v -p ../../bar12/Bar12_priors.pickle --delimiter tab -m -1 --nInitials 1
Prior keys mismatch with site names.
Prior keys: [0, 1, 2, 3, 4, 5, 6, 7, 8, 9, 10, 11, 12, 13, 14, 15, 16, 17, 18, 19, 20, 21, 22, 23, 24, 25, 26, 27, 28]
Site names: ['r1', 'r2', 'r3', 'r4', 'r5', 'r6', 'r7', 'r8', 'r9', 'r10', 'r11', 'r12', 'r13', 'r14', 'r15', 'r16', 'r17', 'r18', 'r19', 'r20', 'r21', 'r22', 'r23', 'r24', 'r25', 'r26', 'r27', 'r28', 'r29', 'r30']
Attempting to infer mapping between site names and prior keys...
Not all site names are present in the dictionary. Trying offset...
Offset between input site names and prior keys is assumed to be 1
Missing priors at site r30, filling in uniform priors...
{'r1': 0, 'r2': 1, 'r3': 2, 'r4': 3, 'r5': 4, 'r6': 5, 'r7': 6, 'r8': 7, 'r9': 8, 'r10': 9, 'r11': 10, 'r12': 11, 'r13': 12, 'r14': 13, 'r15': 14, 'r16': 15, 'r17': 16, 'r18': 17, 'r19': 18, 'r20': 19, 'r21': 20, 'r22': 21, 'r23': 22, 'r24': 23, 'r25': 24, 'r26': 25, 'r27': 26, 'r28': 27, 'r29': 28, 'r30': 29}
Optimizing branch lengths, phi, and nu without topology search
Optimization by EM algorithm
Optimization start with 1 initials
Initial point 1. Random seed: 160
Numerical optimization started with ultrametric constraint (default)
Initial phi: 0. Initial nu: 0.26955655566205877. Initial nllh: 16287.876504595975
Starting EM iter: 1
Estep
Estep runtime (s): 0.1763298511505127
Mstep
Optimizing phi
Optimizing branch lengths. Current phi: 0. Current nu:0.26955655566205877
Optimizing nu
Mstep runtime (s): 0.47402501106262207
Finished EM iter: 1. Current nllh: 14026.469559920963
Starting EM iter: 2
Estep
Estep runtime (s): 0.24661684036254883
Mstep
Optimizing phi
Optimizing branch lengths. Current phi: 0. Current nu:0.2888126222140485
Optimizing nu
Mstep runtime (s): 0.4616360664367676
Finished EM iter: 2. Current nllh: 14000.120419645009
Starting EM iter: 3
Estep
Estep runtime (s): 0.24696707725524902
Mstep
Optimizing phi
Optimizing branch lengths. Current phi: 0. Current nu:0.2931767823748075
Optimizing nu
Mstep runtime (s): 0.4284818172454834
Finished EM iter: 3. Current nllh: 13997.664914097064
Starting EM iter: 4
Estep
Estep runtime (s): 0.24760699272155762
Mstep
Optimizing phi
Optimizing branch lengths. Current phi: 0. Current nu:0.2941451003561205
Optimizing nu
Mstep runtime (s): 0.4414551258087158
Finished EM iter: 4. Current nllh: 13997.471006041673
Starting EM iter: 5
Estep
Estep runtime (s): 0.24812579154968262
Mstep
Optimizing phi
Optimizing branch lengths. Current phi: 0. Current nu:0.2944458768802043
Optimizing nu
Mstep runtime (s): 0.4555978775024414
Finished EM iter: 5. Current nllh: 13997.445035398343
Starting EM iter: 6
Estep
Estep runtime (s): 0.2561020851135254
Mstep
Optimizing phi
Optimizing branch lengths. Current phi: 0. Current nu:0.2945627246414252
Optimizing nu
Mstep runtime (s): 0.4729762077331543
Finished EM iter: 6. Current nllh: 13997.439960723204
Starting EM iter: 7
Estep
Estep runtime (s): 0.24852204322814941
Mstep
Optimizing phi
Optimizing branch lengths. Current phi: 0. Current nu:0.2946114707773932
Optimizing nu
Mstep runtime (s): 0.4533960819244385
Finished EM iter: 7. Current nllh: 13997.438658514904
Starting EM iter: 8
Estep
Estep runtime (s): 0.24780797958374023
Mstep
Optimizing phi
Optimizing branch lengths. Current phi: 0. Current nu:0.2946336033676213
Optimizing nu
Mstep runtime (s): 0.4395179748535156
Finished EM iter: 8. Current nllh: 13997.438241328853
Starting EM iter: 9
Estep
Estep runtime (s): 0.24808382987976074
Mstep
Optimizing phi
Optimizing branch lengths. Current phi: 0. Current nu:0.2946439418563406
Optimizing nu
Mstep runtime (s): 0.4399120807647705
Finished EM iter: 9. Current nllh: 13997.4380904533
Starting EM iter: 10
Estep
Estep runtime (s): 0.24799823760986328
Mstep
Optimizing phi
Optimizing branch lengths. Current phi: 0. Current nu:0.2946484420133708
Optimizing nu
Mstep runtime (s): 0.496732234954834
Finished EM iter: 10. Current nllh: 13997.438031498072
EM finished after 10 iterations.
Optimal phi: 0. Optimal nu: 0.29465091746875355. Optimal nllh: 13997.438031498072
Optimal point found for initial point 1
Numerical optimization finished successfully
Tree height pre-scaling: 0.7616615267328667, input timescale: 1.0
Tree height after scaling: 1.0, mutation rate: 0.7616615267328667
Tree height pre-scaling: 0.7616615266353919, input timescale: 1.0
Tree height after scaling: 1.0, mutation rate: 0.7616615266353919
Tree height pre-scaling: 0.7616615268961813, input timescale: 1.0
Tree height after scaling: 0.9999999999999998, mutation rate: 0.7616615268961813
Tree height pre-scaling: 0.7616615267893576, input timescale: 1.0
Tree height after scaling: 1.0, mutation rate: 0.7616615267893576
Tree height pre-scaling: 0.7616615268585691, input timescale: 1.0
Tree height after scaling: 1.0, mutation rate: 0.7616615268585691
Tree height pre-scaling: 0.7616615266791583, input timescale: 1.0
Tree height after scaling: 1.0, mutation rate: 0.7616615266791583
Tree height pre-scaling: 0.7616615267824289, input timescale: 1.0
Tree height after scaling: 1.0, mutation rate: 0.7616615267824289
Tree height pre-scaling: 0.7616615267378968, input timescale: 1.0
Tree height after scaling: 1.0, mutation rate: 0.7616615267378968
Tree height pre-scaling: 0.761661526803471, input timescale: 1.0
Tree height after scaling: 1.0, mutation rate: 0.761661526803471
Tree height pre-scaling: 0.7616615267132946, input timescale: 1.0
Tree height after scaling: 1.0, mutation rate: 0.7616615267132946
Tree height pre-scaling: 0.7616615269624079, input timescale: 1.0
Tree height after scaling: 1.0, mutation rate: 0.7616615269624079
Tree height pre-scaling: 0.7616615267818327, input timescale: 1.0
Tree height after scaling: 1.0, mutation rate: 0.7616615267818327
Tree height pre-scaling: 0.7616615268136117, input timescale: 1.0
Tree height after scaling: 1.0, mutation rate: 0.7616615268136117
Tree height pre-scaling: 0.7616615268897576, input timescale: 1.0
Tree height after scaling: 1.0, mutation rate: 0.7616615268897576
Tree height pre-scaling: 0.7616615266939871, input timescale: 1.0
Tree height after scaling: 1.0, mutation rate: 0.7616615266939871
Runtime (s): 8.143544791999998
