Launching LAML version 0.0.4
LAML was called as follows: /Users/uym2/my_gits/LAML/run_laml.py -c ../../bar12/Bar12_character_matrix.txt -t place_outlier/augmented_tree_49.nwk -o place_outlier/augmented_tree_49_optimized -v -p ../../bar12/Bar12_priors.pickle --delimiter tab -m -1 --nInitials 1
Prior keys mismatch with site names.
Prior keys: [0, 1, 2, 3, 4, 5, 6, 7, 8, 9, 10, 11, 12, 13, 14, 15, 16, 17, 18, 19, 20, 21, 22, 23, 24, 25, 26, 27, 28]
Site names: ['r1', 'r2', 'r3', 'r4', 'r5', 'r6', 'r7', 'r8', 'r9', 'r10', 'r11', 'r12', 'r13', 'r14', 'r15', 'r16', 'r17', 'r18', 'r19', 'r20', 'r21', 'r22', 'r23', 'r24', 'r25', 'r26', 'r27', 'r28', 'r29', 'r30']
Attempting to infer mapping between site names and prior keys...
Not all site names are present in the dictionary. Trying offset...
Offset between input site names and prior keys is assumed to be 1
Missing priors at site r30, filling in uniform priors...
{'r1': 0, 'r2': 1, 'r3': 2, 'r4': 3, 'r5': 4, 'r6': 5, 'r7': 6, 'r8': 7, 'r9': 8, 'r10': 9, 'r11': 10, 'r12': 11, 'r13': 12, 'r14': 13, 'r15': 14, 'r16': 15, 'r17': 16, 'r18': 17, 'r19': 18, 'r20': 19, 'r21': 20, 'r22': 21, 'r23': 22, 'r24': 23, 'r25': 24, 'r26': 25, 'r27': 26, 'r28': 27, 'r29': 28, 'r30': 29}
Optimizing branch lengths, phi, and nu without topology search
Optimization by EM algorithm
Optimization start with 1 initials
Initial point 1. Random seed: 5305
Numerical optimization started with ultrametric constraint (default)
Initial phi: 0. Initial nu: 0.26955655566205877. Initial nllh: 16136.069693398545
Starting EM iter: 1
Estep
Estep runtime (s): 0.176347017288208
Mstep
Optimizing phi
Optimizing branch lengths. Current phi: 0. Current nu:0.26955655566205877
Optimizing nu
Mstep runtime (s): 0.45692992210388184
Finished EM iter: 1. Current nllh: 13827.155925937383
Starting EM iter: 2
Estep
Estep runtime (s): 0.24569082260131836
Mstep
Optimizing phi
Optimizing branch lengths. Current phi: 0. Current nu:0.2930621146386614
Optimizing nu
Mstep runtime (s): 0.4462239742279053
Finished EM iter: 2. Current nllh: 13785.486765591177
Starting EM iter: 3
Estep
Estep runtime (s): 0.24612975120544434
Mstep
Optimizing phi
Optimizing branch lengths. Current phi: 0. Current nu:0.29838914569902203
Optimizing nu
Mstep runtime (s): 0.45289182662963867
Finished EM iter: 3. Current nllh: 13777.8378726679
Starting EM iter: 4
Estep
Estep runtime (s): 0.24777603149414062
Mstep
Optimizing phi
Optimizing branch lengths. Current phi: 0. Current nu:0.29871597249937254
Optimizing nu
Mstep runtime (s): 0.42904090881347656
Finished EM iter: 4. Current nllh: 13777.264504086264
Starting EM iter: 5
Estep
Estep runtime (s): 0.2495558261871338
Mstep
Optimizing phi
Optimizing branch lengths. Current phi: 0. Current nu:0.29857621303571913
Optimizing nu
Mstep runtime (s): 0.42064714431762695
Finished EM iter: 5. Current nllh: 13777.212471976829
Starting EM iter: 6
Estep
Estep runtime (s): 0.24559497833251953
Mstep
Optimizing phi
Optimizing branch lengths. Current phi: 0. Current nu:0.2985335316582712
Optimizing nu
Mstep runtime (s): 0.5130972862243652
Finished EM iter: 6. Current nllh: 13777.20216150112
Starting EM iter: 7
Estep
Estep runtime (s): 0.24579191207885742
Mstep
Optimizing phi
Optimizing branch lengths. Current phi: 0. Current nu:0.29853121734779237
Optimizing nu
Mstep runtime (s): 0.4557948112487793
Finished EM iter: 7. Current nllh: 13777.199218440124
Starting EM iter: 8
Estep
Estep runtime (s): 0.24442625045776367
Mstep
Optimizing phi
Optimizing branch lengths. Current phi: 0. Current nu:0.2985370859913622
Optimizing nu
Mstep runtime (s): 0.44615983963012695
Finished EM iter: 8. Current nllh: 13777.198109175104
Starting EM iter: 9
Estep
Estep runtime (s): 0.2449948787689209
Mstep
Optimizing phi
Optimizing branch lengths. Current phi: 0. Current nu:0.29854243798663677
Optimizing nu
Mstep runtime (s): 0.44617414474487305
Finished EM iter: 9. Current nllh: 13777.197589602029
Starting EM iter: 10
Estep
Estep runtime (s): 0.24535012245178223
Mstep
Optimizing phi
Optimizing branch lengths. Current phi: 0. Current nu:0.29854714655744374
Optimizing nu
Mstep runtime (s): 0.47249603271484375
Finished EM iter: 10. Current nllh: 13777.197291216
Starting EM iter: 11
Estep
Estep runtime (s): 0.24791812896728516
Mstep
Optimizing phi
Optimizing branch lengths. Current phi: 0. Current nu:0.2985496730350776
Optimizing nu
Mstep runtime (s): 0.4250369071960449
Finished EM iter: 11. Current nllh: 13777.197128895343
Starting EM iter: 12
Estep
Estep runtime (s): 0.2501678466796875
Mstep
Optimizing phi
Optimizing branch lengths. Current phi: 0. Current nu:0.29855127690104283
Optimizing nu
Mstep runtime (s): 0.4314842224121094
Finished EM iter: 12. Current nllh: 13777.197023537901
EM finished after 12 iterations.
Optimal phi: 0. Optimal nu: 0.29855235055499274. Optimal nllh: 13777.197023537901
Optimal point found for initial point 1
Numerical optimization finished successfully
Tree height pre-scaling: 0.758759141851899, input timescale: 1.0
Tree height after scaling: 1.0, mutation rate: 0.758759141851899
Tree height pre-scaling: 0.7587591418415643, input timescale: 1.0
Tree height after scaling: 1.0, mutation rate: 0.7587591418415643
Tree height pre-scaling: 0.758759141872767, input timescale: 1.0
Tree height after scaling: 0.9999999999999999, mutation rate: 0.758759141872767
Tree height pre-scaling: 0.7587591418442599, input timescale: 1.0
Tree height after scaling: 0.9999999999999999, mutation rate: 0.7587591418442599
Tree height pre-scaling: 0.7587591418806849, input timescale: 1.0
Tree height after scaling: 1.0, mutation rate: 0.7587591418806849
Tree height pre-scaling: 0.7587591418503945, input timescale: 1.0
Tree height after scaling: 1.0, mutation rate: 0.7587591418503945
Tree height pre-scaling: 0.7587591418573922, input timescale: 1.0
Tree height after scaling: 1.0, mutation rate: 0.7587591418573922
Tree height pre-scaling: 0.7587591418466546, input timescale: 1.0
Tree height after scaling: 1.0, mutation rate: 0.7587591418466546
Tree height pre-scaling: 0.7587591418530018, input timescale: 1.0
Tree height after scaling: 1.0, mutation rate: 0.7587591418530018
Tree height pre-scaling: 0.7587591418288966, input timescale: 1.0
Tree height after scaling: 1.0000000000000002, mutation rate: 0.7587591418288966
Tree height pre-scaling: 0.7587591418533814, input timescale: 1.0
Tree height after scaling: 1.0, mutation rate: 0.7587591418533814
Tree height pre-scaling: 0.7587591418707382, input timescale: 1.0
Tree height after scaling: 1.0, mutation rate: 0.7587591418707382
Tree height pre-scaling: 0.7587591418535924, input timescale: 1.0
Tree height after scaling: 0.9999999999999999, mutation rate: 0.7587591418535924
Tree height pre-scaling: 0.7587591418266706, input timescale: 1.0
Tree height after scaling: 1.0, mutation rate: 0.7587591418266706
Tree height pre-scaling: 0.7587591418392235, input timescale: 1.0
Tree height after scaling: 1.0, mutation rate: 0.7587591418392235
Runtime (s): 9.563626958
