Launching LAML version 0.0.4
LAML was called as follows: /Users/uym2/my_gits/LAML/run_laml.py -c ../../bar12/Bar12_character_matrix.txt -t place_outlier/augmented_tree_197.nwk -o place_outlier/augmented_tree_197_optimized -v -p ../../bar12/Bar12_priors.pickle --delimiter tab -m -1 --nInitials 1
Prior keys mismatch with site names.
Prior keys: [0, 1, 2, 3, 4, 5, 6, 7, 8, 9, 10, 11, 12, 13, 14, 15, 16, 17, 18, 19, 20, 21, 22, 23, 24, 25, 26, 27, 28]
Site names: ['r1', 'r2', 'r3', 'r4', 'r5', 'r6', 'r7', 'r8', 'r9', 'r10', 'r11', 'r12', 'r13', 'r14', 'r15', 'r16', 'r17', 'r18', 'r19', 'r20', 'r21', 'r22', 'r23', 'r24', 'r25', 'r26', 'r27', 'r28', 'r29', 'r30']
Attempting to infer mapping between site names and prior keys...
Not all site names are present in the dictionary. Trying offset...
Offset between input site names and prior keys is assumed to be 1
Missing priors at site r30, filling in uniform priors...
{'r1': 0, 'r2': 1, 'r3': 2, 'r4': 3, 'r5': 4, 'r6': 5, 'r7': 6, 'r8': 7, 'r9': 8, 'r10': 9, 'r11': 10, 'r12': 11, 'r13': 12, 'r14': 13, 'r15': 14, 'r16': 15, 'r17': 16, 'r18': 17, 'r19': 18, 'r20': 19, 'r21': 20, 'r22': 21, 'r23': 22, 'r24': 23, 'r25': 24, 'r26': 25, 'r27': 26, 'r28': 27, 'r29': 28, 'r30': 29}
Optimizing branch lengths, phi, and nu without topology search
Optimization by EM algorithm
Optimization start with 1 initials
Initial point 1. Random seed: 9790
Numerical optimization started with ultrametric constraint (default)
Initial phi: 0. Initial nu: 0.26955655566205877. Initial nllh: 16307.175757341505
Starting EM iter: 1
Estep
Estep runtime (s): 0.17785906791687012
Mstep
Optimizing phi
Optimizing branch lengths. Current phi: 0. Current nu:0.26955655566205877
Optimizing nu
Mstep runtime (s): 0.5488708019256592
Finished EM iter: 1. Current nllh: 13952.877683255394
Starting EM iter: 2
Estep
Estep runtime (s): 0.24182605743408203
Mstep
Optimizing phi
Optimizing branch lengths. Current phi: 0. Current nu:0.28381103918101225
Optimizing nu
Mstep runtime (s): 0.42449021339416504
Finished EM iter: 2. Current nllh: 13928.584076468444
Starting EM iter: 3
Estep
Estep runtime (s): 0.2424759864807129
Mstep
Optimizing phi
Optimizing branch lengths. Current phi: 0. Current nu:0.2859684079151289
Optimizing nu
Mstep runtime (s): 0.421724796295166
Finished EM iter: 3. Current nllh: 13926.623390214523
Starting EM iter: 4
Estep
Estep runtime (s): 0.24429106712341309
Mstep
Optimizing phi
Optimizing branch lengths. Current phi: 0. Current nu:0.28619499361313666
Optimizing nu
Mstep runtime (s): 0.5666570663452148
Finished EM iter: 4. Current nllh: 13926.34340430102
Starting EM iter: 5
Estep
Estep runtime (s): 0.24374604225158691
Mstep
Optimizing phi
Optimizing branch lengths. Current phi: 0. Current nu:0.28620597807471165
Optimizing nu
Mstep runtime (s): 0.44091200828552246
Finished EM iter: 5. Current nllh: 13926.288552142487
Starting EM iter: 6
Estep
Estep runtime (s): 0.2472829818725586
Mstep
Optimizing phi
Optimizing branch lengths. Current phi: 0. Current nu:0.2862035161436296
Optimizing nu
Mstep runtime (s): 0.47773313522338867
Finished EM iter: 6. Current nllh: 13926.276165338295
Starting EM iter: 7
Estep
Estep runtime (s): 0.24672412872314453
Mstep
Optimizing phi
Optimizing branch lengths. Current phi: 0. Current nu:0.2862036044885385
Optimizing nu
Mstep runtime (s): 0.4947202205657959
Finished EM iter: 7. Current nllh: 13926.272925654403
Starting EM iter: 8
Estep
Estep runtime (s): 0.24475979804992676
Mstep
Optimizing phi
Optimizing branch lengths. Current phi: 0. Current nu:0.28620544155595334
Optimizing nu
Mstep runtime (s): 0.4951920509338379
Finished EM iter: 8. Current nllh: 13926.271937779828
Starting EM iter: 9
Estep
Estep runtime (s): 0.24331903457641602
Mstep
Optimizing phi
Optimizing branch lengths. Current phi: 0. Current nu:0.2862076445244869
Optimizing nu
Mstep runtime (s): 0.4541451930999756
Finished EM iter: 9. Current nllh: 13926.271597125371
Starting EM iter: 10
Estep
Estep runtime (s): 0.24597907066345215
Mstep
Optimizing phi
Optimizing branch lengths. Current phi: 0. Current nu:0.28620969166846444
Optimizing nu
Mstep runtime (s): 0.5180888175964355
Finished EM iter: 10. Current nllh: 13926.271475726324
EM finished after 10 iterations.
Optimal phi: 0. Optimal nu: 0.2862103998431468. Optimal nllh: 13926.271475726324
Optimal point found for initial point 1
Numerical optimization finished successfully
Tree height pre-scaling: 0.7849130102940318, input timescale: 1.0
Tree height after scaling: 1.0, mutation rate: 0.7849130102940318
Tree height pre-scaling: 0.7849130100187669, input timescale: 1.0
Tree height after scaling: 1.0000000000000002, mutation rate: 0.7849130100187669
Tree height pre-scaling: 0.784913010645939, input timescale: 1.0
Tree height after scaling: 1.0, mutation rate: 0.784913010645939
Tree height pre-scaling: 0.7849130101009508, input timescale: 1.0
Tree height after scaling: 0.9999999999999999, mutation rate: 0.7849130101009508
Tree height pre-scaling: 0.7849130108600022, input timescale: 1.0
Tree height after scaling: 1.0000000000000002, mutation rate: 0.7849130108600022
Tree height pre-scaling: 0.7849130101751427, input timescale: 1.0
Tree height after scaling: 1.0, mutation rate: 0.7849130101751427
Tree height pre-scaling: 0.7849130103630432, input timescale: 1.0
Tree height after scaling: 1.0, mutation rate: 0.7849130103630432
Tree height pre-scaling: 0.7849130101464845, input timescale: 1.0
Tree height after scaling: 1.0, mutation rate: 0.7849130101464845
Tree height pre-scaling: 0.7849130102699384, input timescale: 1.0
Tree height after scaling: 1.0, mutation rate: 0.7849130102699384
Tree height pre-scaling: 0.7849130097236884, input timescale: 1.0
Tree height after scaling: 1.0, mutation rate: 0.7849130097236884
Tree height pre-scaling: 0.7849130102796591, input timescale: 1.0
Tree height after scaling: 1.0, mutation rate: 0.7849130102796591
Tree height pre-scaling: 0.7849130106412626, input timescale: 1.0
Tree height after scaling: 1.0, mutation rate: 0.7849130106412626
Tree height pre-scaling: 0.7849130100000342, input timescale: 1.0
Tree height after scaling: 1.0, mutation rate: 0.7849130100000342
Tree height pre-scaling: 0.7849130096481608, input timescale: 1.0
Tree height after scaling: 1.0, mutation rate: 0.7849130096481608
Tree height pre-scaling: 0.7849130117288334, input timescale: 1.0
Tree height after scaling: 1.0, mutation rate: 0.7849130117288334
Runtime (s): 8.379780791999998
