Launching LAML version 0.0.4
LAML was called as follows: /Users/uym2/my_gits/LAML/run_laml.py -c ../../bar12/Bar12_character_matrix.txt -t place_outlier/augmented_tree_611.nwk -o place_outlier/augmented_tree_611_optimized -v -p ../../bar12/Bar12_priors.pickle --delimiter tab -m -1 --nInitials 1
Prior keys mismatch with site names.
Prior keys: [0, 1, 2, 3, 4, 5, 6, 7, 8, 9, 10, 11, 12, 13, 14, 15, 16, 17, 18, 19, 20, 21, 22, 23, 24, 25, 26, 27, 28]
Site names: ['r1', 'r2', 'r3', 'r4', 'r5', 'r6', 'r7', 'r8', 'r9', 'r10', 'r11', 'r12', 'r13', 'r14', 'r15', 'r16', 'r17', 'r18', 'r19', 'r20', 'r21', 'r22', 'r23', 'r24', 'r25', 'r26', 'r27', 'r28', 'r29', 'r30']
Attempting to infer mapping between site names and prior keys...
Not all site names are present in the dictionary. Trying offset...
Offset between input site names and prior keys is assumed to be 1
Missing priors at site r30, filling in uniform priors...
{'r1': 0, 'r2': 1, 'r3': 2, 'r4': 3, 'r5': 4, 'r6': 5, 'r7': 6, 'r8': 7, 'r9': 8, 'r10': 9, 'r11': 10, 'r12': 11, 'r13': 12, 'r14': 13, 'r15': 14, 'r16': 15, 'r17': 16, 'r18': 17, 'r19': 18, 'r20': 19, 'r21': 20, 'r22': 21, 'r23': 22, 'r24': 23, 'r25': 24, 'r26': 25, 'r27': 26, 'r28': 27, 'r29': 28, 'r30': 29}
Optimizing branch lengths, phi, and nu without topology search
Optimization by EM algorithm
Optimization start with 1 initials
Initial point 1. Random seed: 365
Numerical optimization started with ultrametric constraint (default)
Initial phi: 0. Initial nu: 0.26955655566205877. Initial nllh: 16390.54246741002
Starting EM iter: 1
Estep
Estep runtime (s): 0.17501497268676758
Mstep
Optimizing phi
Optimizing branch lengths. Current phi: 0. Current nu:0.26955655566205877
Optimizing nu
Mstep runtime (s): 0.6188919544219971
Finished EM iter: 1. Current nllh: 13949.496914252733
Starting EM iter: 2
Estep
Estep runtime (s): 0.24175119400024414
Mstep
Optimizing phi
Optimizing branch lengths. Current phi: 0. Current nu:0.2861541896851773
Optimizing nu
Mstep runtime (s): 0.44779181480407715
Finished EM iter: 2. Current nllh: 13925.046505207187
Starting EM iter: 3
Estep
Estep runtime (s): 0.2392711639404297
Mstep
Optimizing phi
Optimizing branch lengths. Current phi: 0. Current nu:0.2895802754748308
Optimizing nu
Mstep runtime (s): 0.5121550559997559
Finished EM iter: 3. Current nllh: 13922.65588061352
Starting EM iter: 4
Estep
Estep runtime (s): 0.23945116996765137
Mstep
Optimizing phi
Optimizing branch lengths. Current phi: 0. Current nu:0.2902696306938799
Optimizing nu
Mstep runtime (s): 0.4443819522857666
Finished EM iter: 4. Current nllh: 13922.4733880051
Starting EM iter: 5
Estep
Estep runtime (s): 0.23936986923217773
Mstep
Optimizing phi
Optimizing branch lengths. Current phi: 0. Current nu:0.2904918799235999
Optimizing nu
Mstep runtime (s): 0.41973280906677246
Finished EM iter: 5. Current nllh: 13922.450482395654
Starting EM iter: 6
Estep
Estep runtime (s): 0.23988795280456543
Mstep
Optimizing phi
Optimizing branch lengths. Current phi: 0. Current nu:0.2905892830412357
Optimizing nu
Mstep runtime (s): 0.4735879898071289
Finished EM iter: 6. Current nllh: 13922.446365151925
Starting EM iter: 7
Estep
Estep runtime (s): 0.23985886573791504
Mstep
Optimizing phi
Optimizing branch lengths. Current phi: 0. Current nu:0.2906357999457941
Optimizing nu
Mstep runtime (s): 0.5887417793273926
Finished EM iter: 7. Current nllh: 13922.445387163918
Starting EM iter: 8
Estep
Estep runtime (s): 0.23986411094665527
Mstep
Optimizing phi
Optimizing branch lengths. Current phi: 0. Current nu:0.2906585570339155
Optimizing nu
Mstep runtime (s): 0.44553112983703613
Finished EM iter: 8. Current nllh: 13922.445097041453
Starting EM iter: 9
Estep
Estep runtime (s): 0.24036788940429688
Mstep
Optimizing phi
Optimizing branch lengths. Current phi: 0. Current nu:0.2906699547746829
Optimizing nu
Mstep runtime (s): 0.44862914085388184
Finished EM iter: 9. Current nllh: 13922.444992736851
EM finished after 9 iterations.
Optimal phi: 0. Optimal nu: 0.29067538666766146. Optimal nllh: 13922.444992736851
Optimal point found for initial point 1
Numerical optimization finished successfully
Tree height pre-scaling: 0.7648156014165415, input timescale: 1.0
Tree height after scaling: 1.0, mutation rate: 0.7648156014165415
Tree height pre-scaling: 0.7648156013985602, input timescale: 1.0
Tree height after scaling: 1.0, mutation rate: 0.7648156013985602
Tree height pre-scaling: 0.7648156014455644, input timescale: 1.0
Tree height after scaling: 1.0, mutation rate: 0.7648156014455644
Tree height pre-scaling: 0.7648156014267804, input timescale: 1.0
Tree height after scaling: 1.0, mutation rate: 0.7648156014267804
Tree height pre-scaling: 0.7648156014396186, input timescale: 1.0
Tree height after scaling: 1.0, mutation rate: 0.7648156014396186
Tree height pre-scaling: 0.7648156014063122, input timescale: 1.0
Tree height after scaling: 0.9999999999999999, mutation rate: 0.7648156014063122
Tree height pre-scaling: 0.7648156014258705, input timescale: 1.0
Tree height after scaling: 1.0, mutation rate: 0.7648156014258705
Tree height pre-scaling: 0.7648156014175878, input timescale: 1.0
Tree height after scaling: 1.0, mutation rate: 0.7648156014175878
Tree height pre-scaling: 0.7648156014294907, input timescale: 1.0
Tree height after scaling: 1.0, mutation rate: 0.7648156014294907
Tree height pre-scaling: 0.764815601413075, input timescale: 1.0
Tree height after scaling: 0.9999999999999999, mutation rate: 0.764815601413075
Tree height pre-scaling: 0.7648156014585954, input timescale: 1.0
Tree height after scaling: 1.0, mutation rate: 0.7648156014585954
Tree height pre-scaling: 0.7648156014251483, input timescale: 1.0
Tree height after scaling: 0.9999999999999998, mutation rate: 0.7648156014251483
Tree height pre-scaling: 0.7648156014311991, input timescale: 1.0
Tree height after scaling: 1.0, mutation rate: 0.7648156014311991
Tree height pre-scaling: 0.7648156014439758, input timescale: 1.0
Tree height after scaling: 0.9999999999999998, mutation rate: 0.7648156014439758
Tree height pre-scaling: 0.7648156014095815, input timescale: 1.0
Tree height after scaling: 1.0, mutation rate: 0.7648156014095815
Runtime (s): 7.593254416999999
