Launching LAML version 0.0.4
LAML was called as follows: /Users/uym2/my_gits/LAML/run_laml.py -c ../../bar12/Bar12_character_matrix.txt -t place_outlier/augmented_tree_281.nwk -o place_outlier/augmented_tree_281_optimized -v -p ../../bar12/Bar12_priors.pickle --delimiter tab -m -1 --nInitials 1
Prior keys mismatch with site names.
Prior keys: [0, 1, 2, 3, 4, 5, 6, 7, 8, 9, 10, 11, 12, 13, 14, 15, 16, 17, 18, 19, 20, 21, 22, 23, 24, 25, 26, 27, 28]
Site names: ['r1', 'r2', 'r3', 'r4', 'r5', 'r6', 'r7', 'r8', 'r9', 'r10', 'r11', 'r12', 'r13', 'r14', 'r15', 'r16', 'r17', 'r18', 'r19', 'r20', 'r21', 'r22', 'r23', 'r24', 'r25', 'r26', 'r27', 'r28', 'r29', 'r30']
Attempting to infer mapping between site names and prior keys...
Not all site names are present in the dictionary. Trying offset...
Offset between input site names and prior keys is assumed to be 1
Missing priors at site r30, filling in uniform priors...
{'r1': 0, 'r2': 1, 'r3': 2, 'r4': 3, 'r5': 4, 'r6': 5, 'r7': 6, 'r8': 7, 'r9': 8, 'r10': 9, 'r11': 10, 'r12': 11, 'r13': 12, 'r14': 13, 'r15': 14, 'r16': 15, 'r17': 16, 'r18': 17, 'r19': 18, 'r20': 19, 'r21': 20, 'r22': 21, 'r23': 22, 'r24': 23, 'r25': 24, 'r26': 25, 'r27': 26, 'r28': 27, 'r29': 28, 'r30': 29}
Optimizing branch lengths, phi, and nu without topology search
Optimization by EM algorithm
Optimization start with 1 initials
Initial point 1. Random seed: 3286
Numerical optimization started with ultrametric constraint (default)
Initial phi: 0. Initial nu: 0.26955655566205877. Initial nllh: 15927.023698740402
Starting EM iter: 1
Estep
Estep runtime (s): 0.18462777137756348
Mstep
Optimizing phi
Optimizing branch lengths. Current phi: 0. Current nu:0.26955655566205877
Optimizing nu
Mstep runtime (s): 0.4807729721069336
Finished EM iter: 1. Current nllh: 13726.230821973275
Starting EM iter: 2
Estep
Estep runtime (s): 0.2455120086669922
Mstep
Optimizing phi
Optimizing branch lengths. Current phi: 0. Current nu:0.28240040205079925
Optimizing nu
Mstep runtime (s): 0.46439671516418457
Finished EM iter: 2. Current nllh: 13703.50821173564
Starting EM iter: 3
Estep
Estep runtime (s): 0.2473292350769043
Mstep
Optimizing phi
Optimizing branch lengths. Current phi: 0. Current nu:0.28517095333758036
Optimizing nu
Mstep runtime (s): 0.5199720859527588
Finished EM iter: 3. Current nllh: 13701.751913879792
Starting EM iter: 4
Estep
Estep runtime (s): 0.24690794944763184
Mstep
Optimizing phi
Optimizing branch lengths. Current phi: 0. Current nu:0.2859797607618292
Optimizing nu
Mstep runtime (s): 0.4224569797515869
Finished EM iter: 4. Current nllh: 13701.562868589748
Starting EM iter: 5
Estep
Estep runtime (s): 0.24645495414733887
Mstep
Optimizing phi
Optimizing branch lengths. Current phi: 0. Current nu:0.2863016854098185
Optimizing nu
Mstep runtime (s): 0.45759010314941406
Finished EM iter: 5. Current nllh: 13701.530140113686
Starting EM iter: 6
Estep
Estep runtime (s): 0.24616479873657227
Mstep
Optimizing phi
Optimizing branch lengths. Current phi: 0. Current nu:0.28644411043630486
Optimizing nu
Mstep runtime (s): 0.44330501556396484
Finished EM iter: 6. Current nllh: 13701.522047076518
Starting EM iter: 7
Estep
Estep runtime (s): 0.24889492988586426
Mstep
Optimizing phi
Optimizing branch lengths. Current phi: 0. Current nu:0.28651056382617784
Optimizing nu
Mstep runtime (s): 0.4407680034637451
Finished EM iter: 7. Current nllh: 13701.519390335716
Starting EM iter: 8
Estep
Estep runtime (s): 0.24768710136413574
Mstep
Optimizing phi
Optimizing branch lengths. Current phi: 0. Current nu:0.2865424759795783
Optimizing nu
Mstep runtime (s): 0.4898197650909424
Finished EM iter: 8. Current nllh: 13701.518314154799
Starting EM iter: 9
Estep
Estep runtime (s): 0.24681901931762695
Mstep
Optimizing phi
Optimizing branch lengths. Current phi: 0. Current nu:0.2865587208498407
Optimizing nu
Mstep runtime (s): 0.5410668849945068
Finished EM iter: 9. Current nllh: 13701.517824206623
Starting EM iter: 10
Estep
Estep runtime (s): 0.24722003936767578
Mstep
Optimizing phi
Optimizing branch lengths. Current phi: 0. Current nu:0.28656698580542467
Optimizing nu
Mstep runtime (s): 0.47086286544799805
Finished EM iter: 10. Current nllh: 13701.51756940281
Starting EM iter: 11
Estep
Estep runtime (s): 0.24995207786560059
Mstep
Optimizing phi
Optimizing branch lengths. Current phi: 0. Current nu:0.28657181920775243
Optimizing nu
Mstep runtime (s): 0.5399610996246338
Finished EM iter: 11. Current nllh: 13701.517442808692
EM finished after 11 iterations.
Optimal phi: 0. Optimal nu: 0.28657381098984963. Optimal nllh: 13701.517442808692
Optimal point found for initial point 1
Numerical optimization finished successfully
Tree height pre-scaling: 0.7637920751254891, input timescale: 1.0
Tree height after scaling: 0.9999999999999999, mutation rate: 0.7637920751254891
Tree height pre-scaling: 0.7637920750448953, input timescale: 1.0
Tree height after scaling: 1.0, mutation rate: 0.7637920750448953
Tree height pre-scaling: 0.7637920752700555, input timescale: 1.0
Tree height after scaling: 1.0, mutation rate: 0.7637920752700555
Tree height pre-scaling: 0.76379207507864, input timescale: 1.0
Tree height after scaling: 1.0, mutation rate: 0.76379207507864
Tree height pre-scaling: 0.7637920753256142, input timescale: 1.0
Tree height after scaling: 1.0, mutation rate: 0.7637920753256142
Tree height pre-scaling: 0.7637920750996113, input timescale: 1.0
Tree height after scaling: 1.0, mutation rate: 0.7637920750996113
Tree height pre-scaling: 0.7637920751566306, input timescale: 1.0
Tree height after scaling: 1.0, mutation rate: 0.7637920751566306
Tree height pre-scaling: 0.7637920750858944, input timescale: 1.0
Tree height after scaling: 1.0, mutation rate: 0.7637920750858944
Tree height pre-scaling: 0.7637920751259577, input timescale: 1.0
Tree height after scaling: 1.0, mutation rate: 0.7637920751259577
Tree height pre-scaling: 0.7637920750502251, input timescale: 1.0
Tree height after scaling: 1.0, mutation rate: 0.7637920750502251
Tree height pre-scaling: 0.7637920749267186, input timescale: 1.0
Tree height after scaling: 1.0, mutation rate: 0.7637920749267186
Tree height pre-scaling: 0.7637920753071887, input timescale: 1.0
Tree height after scaling: 1.0, mutation rate: 0.7637920753071887
Tree height pre-scaling: 0.7637920751852187, input timescale: 1.0
Tree height after scaling: 1.0, mutation rate: 0.7637920751852187
Tree height pre-scaling: 0.7637920752101296, input timescale: 1.0
Tree height after scaling: 0.9999999999999998, mutation rate: 0.7637920752101296
Tree height pre-scaling: 0.7637920749015341, input timescale: 1.0
Tree height after scaling: 0.9999999999999999, mutation rate: 0.7637920749015341
Runtime (s): 9.177251166
