Launching LAML version 0.0.4
LAML was called as follows: /Users/uym2/my_gits/LAML/run_laml.py -c ../../bar12/Bar12_character_matrix.txt -t place_outlier/augmented_tree_102.nwk -o place_outlier/augmented_tree_102_optimized -v -p ../../bar12/Bar12_priors.pickle --delimiter tab -m -1 --nInitials 1
Prior keys mismatch with site names.
Prior keys: [0, 1, 2, 3, 4, 5, 6, 7, 8, 9, 10, 11, 12, 13, 14, 15, 16, 17, 18, 19, 20, 21, 22, 23, 24, 25, 26, 27, 28]
Site names: ['r1', 'r2', 'r3', 'r4', 'r5', 'r6', 'r7', 'r8', 'r9', 'r10', 'r11', 'r12', 'r13', 'r14', 'r15', 'r16', 'r17', 'r18', 'r19', 'r20', 'r21', 'r22', 'r23', 'r24', 'r25', 'r26', 'r27', 'r28', 'r29', 'r30']
Attempting to infer mapping between site names and prior keys...
Not all site names are present in the dictionary. Trying offset...
Offset between input site names and prior keys is assumed to be 1
Missing priors at site r30, filling in uniform priors...
{'r1': 0, 'r2': 1, 'r3': 2, 'r4': 3, 'r5': 4, 'r6': 5, 'r7': 6, 'r8': 7, 'r9': 8, 'r10': 9, 'r11': 10, 'r12': 11, 'r13': 12, 'r14': 13, 'r15': 14, 'r16': 15, 'r17': 16, 'r18': 17, 'r19': 18, 'r20': 19, 'r21': 20, 'r22': 21, 'r23': 22, 'r24': 23, 'r25': 24, 'r26': 25, 'r27': 26, 'r28': 27, 'r29': 28, 'r30': 29}
Optimizing branch lengths, phi, and nu without topology search
Optimization by EM algorithm
Optimization start with 1 initials
Initial point 1. Random seed: 9265
Numerical optimization started with ultrametric constraint (default)
Initial phi: 0. Initial nu: 0.26955655566205877. Initial nllh: 16160.906946543337
Starting EM iter: 1
Estep
Estep runtime (s): 0.18644309043884277
Mstep
Optimizing phi
Optimizing branch lengths. Current phi: 0. Current nu:0.26955655566205877
Optimizing nu
Mstep runtime (s): 0.5547881126403809
Finished EM iter: 1. Current nllh: 13726.05797873584
Starting EM iter: 2
Estep
Estep runtime (s): 0.24687504768371582
Mstep
Optimizing phi
Optimizing branch lengths. Current phi: 0. Current nu:0.28364830198100477
Optimizing nu
Mstep runtime (s): 0.4664931297302246
Finished EM iter: 2. Current nllh: 13698.057004860075
Starting EM iter: 3
Estep
Estep runtime (s): 0.2552173137664795
Mstep
Optimizing phi
Optimizing branch lengths. Current phi: 0. Current nu:0.2860331128706629
Optimizing nu
Mstep runtime (s): 0.5038628578186035
Finished EM iter: 3. Current nllh: 13693.944678462232
Starting EM iter: 4
Estep
Estep runtime (s): 0.2557651996612549
Mstep
Optimizing phi
Optimizing branch lengths. Current phi: 0. Current nu:0.2860622410406768
Optimizing nu
Mstep runtime (s): 0.47862696647644043
Finished EM iter: 4. Current nllh: 13693.632799132058
Starting EM iter: 5
Estep
Estep runtime (s): 0.2559840679168701
Mstep
Optimizing phi
Optimizing branch lengths. Current phi: 0. Current nu:0.2859799662012566
Optimizing nu
Mstep runtime (s): 0.5241758823394775
Finished EM iter: 5. Current nllh: 13693.609055216251
Starting EM iter: 6
Estep
Estep runtime (s): 0.2589378356933594
Mstep
Optimizing phi
Optimizing branch lengths. Current phi: 0. Current nu:0.28598609418522364
Optimizing nu
Mstep runtime (s): 0.5100312232971191
Finished EM iter: 6. Current nllh: 13693.603523292033
Starting EM iter: 7
Estep
Estep runtime (s): 0.2592658996582031
Mstep
Optimizing phi
Optimizing branch lengths. Current phi: 0. Current nu:0.2860120130806927
Optimizing nu
Mstep runtime (s): 0.43558597564697266
Finished EM iter: 7. Current nllh: 13693.601277701904
Starting EM iter: 8
Estep
Estep runtime (s): 0.24825382232666016
Mstep
Optimizing phi
Optimizing branch lengths. Current phi: 0. Current nu:0.2860334024581817
Optimizing nu
Mstep runtime (s): 0.49814391136169434
Finished EM iter: 8. Current nllh: 13693.600113299168
Starting EM iter: 9
Estep
Estep runtime (s): 0.2520289421081543
Mstep
Optimizing phi
Optimizing branch lengths. Current phi: 0. Current nu:0.28604838171912184
Optimizing nu
Mstep runtime (s): 0.4660379886627197
Finished EM iter: 9. Current nllh: 13693.599454888728
Starting EM iter: 10
Estep
Estep runtime (s): 0.24861598014831543
Mstep
Optimizing phi
Optimizing branch lengths. Current phi: 0. Current nu:0.28605755970658864
Optimizing nu
Mstep runtime (s): 0.5209751129150391
Finished EM iter: 10. Current nllh: 13693.599082969917
Starting EM iter: 11
Estep
Estep runtime (s): 0.2458181381225586
Mstep
Optimizing phi
Optimizing branch lengths. Current phi: 0. Current nu:0.2860630510343927
Optimizing nu
Mstep runtime (s): 0.49103307723999023
Finished EM iter: 11. Current nllh: 13693.599023132589
EM finished after 11 iterations.
Optimal phi: 0. Optimal nu: 0.28606359872379666. Optimal nllh: 13693.599023132589
Optimal point found for initial point 1
Numerical optimization finished successfully
Tree height pre-scaling: 0.7623282186729746, input timescale: 1.0
Tree height after scaling: 1.0, mutation rate: 0.7623282186729746
Tree height pre-scaling: 0.7623281757337483, input timescale: 1.0
Tree height after scaling: 1.0, mutation rate: 0.7623281757337483
Tree height pre-scaling: 0.7623282817594517, input timescale: 1.0
Tree height after scaling: 1.0, mutation rate: 0.7623282817594517
Tree height pre-scaling: 0.7623281901391736, input timescale: 1.0
Tree height after scaling: 1.0, mutation rate: 0.7623281901391736
Tree height pre-scaling: 0.7623283099409266, input timescale: 1.0
Tree height after scaling: 1.0, mutation rate: 0.7623283099409266
Tree height pre-scaling: 0.7623281968286585, input timescale: 1.0
Tree height after scaling: 1.0, mutation rate: 0.7623281968286585
Tree height pre-scaling: 0.7623282311827919, input timescale: 1.0
Tree height after scaling: 1.0, mutation rate: 0.7623282311827919
Tree height pre-scaling: 0.7623281966812782, input timescale: 1.0
Tree height after scaling: 1.0, mutation rate: 0.7623281966812782
Tree height pre-scaling: 0.7623282154190258, input timescale: 1.0
Tree height after scaling: 1.0, mutation rate: 0.7623282154190258
Tree height pre-scaling: 0.762328128127157, input timescale: 1.0
Tree height after scaling: 1.0, mutation rate: 0.762328128127157
Tree height pre-scaling: 0.7623282170566117, input timescale: 1.0
Tree height after scaling: 1.0, mutation rate: 0.7623282170566117
Tree height pre-scaling: 0.7623282908212786, input timescale: 1.0
Tree height after scaling: 1.0, mutation rate: 0.7623282908212786
Tree height pre-scaling: 0.7623282282449606, input timescale: 1.0
Tree height after scaling: 1.0, mutation rate: 0.7623282282449606
Tree height pre-scaling: 0.762328183076689, input timescale: 1.0
Tree height after scaling: 1.0, mutation rate: 0.762328183076689
Tree height pre-scaling: 0.7623280824624128, input timescale: 1.0
Tree height after scaling: 1.0, mutation rate: 0.7623280824624128
Runtime (s): 9.426701916
