Launching LAML version 0.0.4
LAML was called as follows: /Users/uym2/my_gits/LAML/run_laml.py -c ../../bar12/Bar12_character_matrix.txt -t place_outlier/augmented_tree_564.nwk -o place_outlier/augmented_tree_564_optimized -v -p ../../bar12/Bar12_priors.pickle --delimiter tab -m -1 --nInitials 1
Prior keys mismatch with site names.
Prior keys: [0, 1, 2, 3, 4, 5, 6, 7, 8, 9, 10, 11, 12, 13, 14, 15, 16, 17, 18, 19, 20, 21, 22, 23, 24, 25, 26, 27, 28]
Site names: ['r1', 'r2', 'r3', 'r4', 'r5', 'r6', 'r7', 'r8', 'r9', 'r10', 'r11', 'r12', 'r13', 'r14', 'r15', 'r16', 'r17', 'r18', 'r19', 'r20', 'r21', 'r22', 'r23', 'r24', 'r25', 'r26', 'r27', 'r28', 'r29', 'r30']
Attempting to infer mapping between site names and prior keys...
Not all site names are present in the dictionary. Trying offset...
Offset between input site names and prior keys is assumed to be 1
Missing priors at site r30, filling in uniform priors...
{'r1': 0, 'r2': 1, 'r3': 2, 'r4': 3, 'r5': 4, 'r6': 5, 'r7': 6, 'r8': 7, 'r9': 8, 'r10': 9, 'r11': 10, 'r12': 11, 'r13': 12, 'r14': 13, 'r15': 14, 'r16': 15, 'r17': 16, 'r18': 17, 'r19': 18, 'r20': 19, 'r21': 20, 'r22': 21, 'r23': 22, 'r24': 23, 'r25': 24, 'r26': 25, 'r27': 26, 'r28': 27, 'r29': 28, 'r30': 29}
Optimizing branch lengths, phi, and nu without topology search
Optimization by EM algorithm
Optimization start with 1 initials
Initial point 1. Random seed: 3529
Numerical optimization started with ultrametric constraint (default)
Initial phi: 0. Initial nu: 0.26955655566205877. Initial nllh: 15977.338750698294
Starting EM iter: 1
Estep
Estep runtime (s): 0.17600607872009277
Mstep
Optimizing phi
Optimizing branch lengths. Current phi: 0. Current nu:0.26955655566205877
Optimizing nu
Mstep runtime (s): 0.6707248687744141
Finished EM iter: 1. Current nllh: 13701.158852473116
Starting EM iter: 2
Estep
Estep runtime (s): 0.2419121265411377
Mstep
Optimizing phi
Optimizing branch lengths. Current phi: 0. Current nu:0.2823176345274269
Optimizing nu
Mstep runtime (s): 0.4906320571899414
Finished EM iter: 2. Current nllh: 13674.101920411287
Starting EM iter: 3
Estep
Estep runtime (s): 0.2423548698425293
Mstep
Optimizing phi
Optimizing branch lengths. Current phi: 0. Current nu:0.2838836738404713
Optimizing nu
Mstep runtime (s): 0.4903430938720703
Finished EM iter: 3. Current nllh: 13672.675791079655
Starting EM iter: 4
Estep
Estep runtime (s): 0.2426609992980957
Mstep
Optimizing phi
Optimizing branch lengths. Current phi: 0. Current nu:0.28395699438666294
Optimizing nu
Mstep runtime (s): 0.48053574562072754
Finished EM iter: 4. Current nllh: 13672.493704699156
Starting EM iter: 5
Estep
Estep runtime (s): 0.24252676963806152
Mstep
Optimizing phi
Optimizing branch lengths. Current phi: 0. Current nu:0.2838960204896477
Optimizing nu
Mstep runtime (s): 0.42487406730651855
Finished EM iter: 5. Current nllh: 13672.462527890732
Starting EM iter: 6
Estep
Estep runtime (s): 0.24282503128051758
Mstep
Optimizing phi
Optimizing branch lengths. Current phi: 0. Current nu:0.2838433463158575
Optimizing nu
Mstep runtime (s): 0.4510037899017334
Finished EM iter: 6. Current nllh: 13672.456533026036
Starting EM iter: 7
Estep
Estep runtime (s): 0.24979686737060547
Mstep
Optimizing phi
Optimizing branch lengths. Current phi: 0. Current nu:0.2838116692078995
Optimizing nu
Mstep runtime (s): 0.4159679412841797
Finished EM iter: 7. Current nllh: 13672.455285325756
Starting EM iter: 8
Estep
Estep runtime (s): 0.24283599853515625
Mstep
Optimizing phi
Optimizing branch lengths. Current phi: 0. Current nu:0.28379502685674474
Optimizing nu
Mstep runtime (s): 0.507133960723877
Finished EM iter: 8. Current nllh: 13672.455230925127
EM finished after 8 iterations.
Optimal phi: 0. Optimal nu: 0.28378338050701557. Optimal nllh: 13672.455230925127
Optimal point found for initial point 1
Numerical optimization finished successfully
Tree height pre-scaling: 0.7757208874491188, input timescale: 1.0
Tree height after scaling: 1.0, mutation rate: 0.7757208874491188
Tree height pre-scaling: 0.7757208464484762, input timescale: 1.0
Tree height after scaling: 1.0, mutation rate: 0.7757208464484762
Tree height pre-scaling: 0.7757207911289209, input timescale: 1.0
Tree height after scaling: 1.0, mutation rate: 0.7757207911289209
Tree height pre-scaling: 0.7757209455523038, input timescale: 1.0
Tree height after scaling: 0.9999999999999999, mutation rate: 0.7757209455523038
Tree height pre-scaling: 0.7757209093858403, input timescale: 1.0
Tree height after scaling: 0.9999999999999999, mutation rate: 0.7757209093858403
Tree height pre-scaling: 0.7757209193033998, input timescale: 1.0
Tree height after scaling: 1.0, mutation rate: 0.7757209193033998
Tree height pre-scaling: 0.7757208315068701, input timescale: 1.0
Tree height after scaling: 1.0, mutation rate: 0.7757208315068701
Tree height pre-scaling: 0.7757208619691431, input timescale: 1.0
Tree height after scaling: 1.0, mutation rate: 0.7757208619691431
Tree height pre-scaling: 0.7757208699571181, input timescale: 1.0
Tree height after scaling: 0.9999999999999999, mutation rate: 0.7757208699571181
Tree height pre-scaling: 0.7757208619691431, input timescale: 1.0
Tree height after scaling: 1.0, mutation rate: 0.7757208619691431
Tree height pre-scaling: 0.7757208485849039, input timescale: 1.0
Tree height after scaling: 1.0, mutation rate: 0.7757208485849039
Tree height pre-scaling: 0.7757209700025061, input timescale: 1.0
Tree height after scaling: 1.0, mutation rate: 0.7757209700025061
Tree height pre-scaling: 0.7757209091895366, input timescale: 1.0
Tree height after scaling: 1.0, mutation rate: 0.7757209091895366
Tree height pre-scaling: 0.7757209147263879, input timescale: 1.0
Tree height after scaling: 1.0, mutation rate: 0.7757209147263879
Tree height pre-scaling: 0.7757209755265058, input timescale: 1.0
Tree height after scaling: 0.9999999999999999, mutation rate: 0.7757209755265058
Runtime (s): 6.854994708
