Launching LAML version 0.0.4
LAML was called as follows: /Users/uym2/my_gits/LAML/run_laml.py -c ../../bar12/Bar12_character_matrix.txt -t place_outlier/augmented_tree_86.nwk -o place_outlier/augmented_tree_86_optimized -v -p ../../bar12/Bar12_priors.pickle --delimiter tab -m -1 --nInitials 1
Prior keys mismatch with site names.
Prior keys: [0, 1, 2, 3, 4, 5, 6, 7, 8, 9, 10, 11, 12, 13, 14, 15, 16, 17, 18, 19, 20, 21, 22, 23, 24, 25, 26, 27, 28]
Site names: ['r1', 'r2', 'r3', 'r4', 'r5', 'r6', 'r7', 'r8', 'r9', 'r10', 'r11', 'r12', 'r13', 'r14', 'r15', 'r16', 'r17', 'r18', 'r19', 'r20', 'r21', 'r22', 'r23', 'r24', 'r25', 'r26', 'r27', 'r28', 'r29', 'r30']
Attempting to infer mapping between site names and prior keys...
Not all site names are present in the dictionary. Trying offset...
Offset between input site names and prior keys is assumed to be 1
Missing priors at site r30, filling in uniform priors...
{'r1': 0, 'r2': 1, 'r3': 2, 'r4': 3, 'r5': 4, 'r6': 5, 'r7': 6, 'r8': 7, 'r9': 8, 'r10': 9, 'r11': 10, 'r12': 11, 'r13': 12, 'r14': 13, 'r15': 14, 'r16': 15, 'r17': 16, 'r18': 17, 'r19': 18, 'r20': 19, 'r21': 20, 'r22': 21, 'r23': 22, 'r24': 23, 'r25': 24, 'r26': 25, 'r27': 26, 'r28': 27, 'r29': 28, 'r30': 29}
Optimizing branch lengths, phi, and nu without topology search
Optimization by EM algorithm
Optimization start with 1 initials
Initial point 1. Random seed: 6609
Numerical optimization started with ultrametric constraint (default)
Initial phi: 0. Initial nu: 0.26955655566205877. Initial nllh: 16215.121768394558
Starting EM iter: 1
Estep
Estep runtime (s): 0.18032622337341309
Mstep
Optimizing phi
Optimizing branch lengths. Current phi: 0. Current nu:0.26955655566205877
Optimizing nu
Mstep runtime (s): 0.4666159152984619
Finished EM iter: 1. Current nllh: 13773.296081845783
Starting EM iter: 2
Estep
Estep runtime (s): 0.24364113807678223
Mstep
Optimizing phi
Optimizing branch lengths. Current phi: 0. Current nu:0.28709718157450176
Optimizing nu
Mstep runtime (s): 0.4994819164276123
Finished EM iter: 2. Current nllh: 13739.101730168044
Starting EM iter: 3
Estep
Estep runtime (s): 0.24334001541137695
Mstep
Optimizing phi
Optimizing branch lengths. Current phi: 0. Current nu:0.29027599537708176
Optimizing nu
Mstep runtime (s): 0.4746842384338379
Finished EM iter: 3. Current nllh: 13733.98439576007
Starting EM iter: 4
Estep
Estep runtime (s): 0.243394136428833
Mstep
Optimizing phi
Optimizing branch lengths. Current phi: 0. Current nu:0.2903238653293649
Optimizing nu
Mstep runtime (s): 0.4946577548980713
Finished EM iter: 4. Current nllh: 13733.516382553182
Starting EM iter: 5
Estep
Estep runtime (s): 0.2436838150024414
Mstep
Optimizing phi
Optimizing branch lengths. Current phi: 0. Current nu:0.29021906159861766
Optimizing nu
Mstep runtime (s): 0.45100903511047363
Finished EM iter: 5. Current nllh: 13733.459483489982
Starting EM iter: 6
Estep
Estep runtime (s): 0.2439711093902588
Mstep
Optimizing phi
Optimizing branch lengths. Current phi: 0. Current nu:0.29022740096595706
Optimizing nu
Mstep runtime (s): 0.4327530860900879
Finished EM iter: 6. Current nllh: 13733.444608938396
Starting EM iter: 7
Estep
Estep runtime (s): 0.24407505989074707
Mstep
Optimizing phi
Optimizing branch lengths. Current phi: 0. Current nu:0.29026648135724586
Optimizing nu
Mstep runtime (s): 0.44052600860595703
Finished EM iter: 7. Current nllh: 13733.438476827645
Starting EM iter: 8
Estep
Estep runtime (s): 0.24403095245361328
Mstep
Optimizing phi
Optimizing branch lengths. Current phi: 0. Current nu:0.29030276189039783
Optimizing nu
Mstep runtime (s): 0.4473910331726074
Finished EM iter: 8. Current nllh: 13733.435238241636
Starting EM iter: 9
Estep
Estep runtime (s): 0.24402809143066406
Mstep
Optimizing phi
Optimizing branch lengths. Current phi: 0. Current nu:0.2903292933223103
Optimizing nu
Mstep runtime (s): 0.49889421463012695
Finished EM iter: 9. Current nllh: 13733.433338050167
Starting EM iter: 10
Estep
Estep runtime (s): 0.24450206756591797
Mstep
Optimizing phi
Optimizing branch lengths. Current phi: 0. Current nu:0.290347615515593
Optimizing nu
Mstep runtime (s): 0.5360238552093506
Finished EM iter: 10. Current nllh: 13733.432243965955
Starting EM iter: 11
Estep
Estep runtime (s): 0.24468708038330078
Mstep
Optimizing phi
Optimizing branch lengths. Current phi: 0. Current nu:0.29035825636013907
Optimizing nu
Mstep runtime (s): 0.503925085067749
Finished EM iter: 11. Current nllh: 13733.431460518146
Starting EM iter: 12
Estep
Estep runtime (s): 0.2530510425567627
Mstep
Optimizing phi
Optimizing branch lengths. Current phi: 0. Current nu:0.2903681530286809
Optimizing nu
Mstep runtime (s): 0.4516432285308838
Finished EM iter: 12. Current nllh: 13733.430937397334
Starting EM iter: 13
Estep
Estep runtime (s): 0.24560308456420898
Mstep
Optimizing phi
Optimizing branch lengths. Current phi: 0. Current nu:0.2903748334967763
Optimizing nu
Mstep runtime (s): 0.43200016021728516
Finished EM iter: 13. Current nllh: 13733.43058893314
Starting EM iter: 14
Estep
Estep runtime (s): 0.24462580680847168
Mstep
Optimizing phi
Optimizing branch lengths. Current phi: 0. Current nu:0.29037967003193044
Optimizing nu
Mstep runtime (s): 0.45904088020324707
Finished EM iter: 14. Current nllh: 13733.430351298368
Starting EM iter: 15
Estep
Estep runtime (s): 0.2481226921081543
Mstep
Optimizing phi
Optimizing branch lengths. Current phi: 0. Current nu:0.29038321498190384
Optimizing nu
Mstep runtime (s): 0.47592902183532715
Finished EM iter: 15. Current nllh: 13733.430189689276
Starting EM iter: 16
Estep
Estep runtime (s): 0.24480104446411133
Mstep
Optimizing phi
Optimizing branch lengths. Current phi: 0. Current nu:0.2903857073531683
Optimizing nu
Mstep runtime (s): 0.41895604133605957
Finished EM iter: 16. Current nllh: 13733.43007784172
EM finished after 16 iterations.
Optimal phi: 0. Optimal nu: 0.2903874635958747. Optimal nllh: 13733.43007784172
Optimal point found for initial point 1
Numerical optimization finished successfully
Tree height pre-scaling: 0.7770982593522298, input timescale: 1.0
Tree height after scaling: 1.0, mutation rate: 0.7770982593522298
Tree height pre-scaling: 0.7770982593347705, input timescale: 1.0
Tree height after scaling: 0.9999999999999999, mutation rate: 0.7770982593347705
Tree height pre-scaling: 0.7770982593837514, input timescale: 1.0
Tree height after scaling: 1.0000000000000002, mutation rate: 0.7770982593837514
Tree height pre-scaling: 0.7770982593385718, input timescale: 1.0
Tree height after scaling: 1.0, mutation rate: 0.7770982593385718
Tree height pre-scaling: 0.7770982593986829, input timescale: 1.0
Tree height after scaling: 1.0, mutation rate: 0.7770982593986829
Tree height pre-scaling: 0.7770982593481925, input timescale: 1.0
Tree height after scaling: 1.0, mutation rate: 0.7770982593481925
Tree height pre-scaling: 0.7770982593614688, input timescale: 1.0
Tree height after scaling: 0.9999999999999999, mutation rate: 0.7770982593614688
Tree height pre-scaling: 0.7770982593434738, input timescale: 1.0
Tree height after scaling: 1.0, mutation rate: 0.7770982593434738
Tree height pre-scaling: 0.7770982593540736, input timescale: 1.0
Tree height after scaling: 1.0, mutation rate: 0.7770982593540736
Tree height pre-scaling: 0.7770982593131001, input timescale: 1.0
Tree height after scaling: 1.0, mutation rate: 0.7770982593131001
Tree height pre-scaling: 0.7770982593546839, input timescale: 1.0
Tree height after scaling: 1.0, mutation rate: 0.7770982593546839
Tree height pre-scaling: 0.7770982593806327, input timescale: 1.0
Tree height after scaling: 1.0, mutation rate: 0.7770982593806327
Tree height pre-scaling: 0.7770982593511221, input timescale: 1.0
Tree height after scaling: 1.0, mutation rate: 0.7770982593511221
Tree height pre-scaling: 0.7770982593097402, input timescale: 1.0
Tree height after scaling: 1.0, mutation rate: 0.7770982593097402
Tree height pre-scaling: 0.7770982593785924, input timescale: 1.0
Tree height after scaling: 1.0, mutation rate: 0.7770982593785924
Runtime (s): 12.877269333
