Launching LAML version 0.0.4
LAML was called as follows: /Users/uym2/my_gits/LAML/run_laml.py -c ../../bar12/Bar12_character_matrix.txt -t place_outlier/augmented_tree_282.nwk -o place_outlier/augmented_tree_282_optimized -v -p ../../bar12/Bar12_priors.pickle --delimiter tab -m -1 --nInitials 1
Prior keys mismatch with site names.
Prior keys: [0, 1, 2, 3, 4, 5, 6, 7, 8, 9, 10, 11, 12, 13, 14, 15, 16, 17, 18, 19, 20, 21, 22, 23, 24, 25, 26, 27, 28]
Site names: ['r1', 'r2', 'r3', 'r4', 'r5', 'r6', 'r7', 'r8', 'r9', 'r10', 'r11', 'r12', 'r13', 'r14', 'r15', 'r16', 'r17', 'r18', 'r19', 'r20', 'r21', 'r22', 'r23', 'r24', 'r25', 'r26', 'r27', 'r28', 'r29', 'r30']
Attempting to infer mapping between site names and prior keys...
Not all site names are present in the dictionary. Trying offset...
Offset between input site names and prior keys is assumed to be 1
Missing priors at site r30, filling in uniform priors...
{'r1': 0, 'r2': 1, 'r3': 2, 'r4': 3, 'r5': 4, 'r6': 5, 'r7': 6, 'r8': 7, 'r9': 8, 'r10': 9, 'r11': 10, 'r12': 11, 'r13': 12, 'r14': 13, 'r15': 14, 'r16': 15, 'r17': 16, 'r18': 17, 'r19': 18, 'r20': 19, 'r21': 20, 'r22': 21, 'r23': 22, 'r24': 23, 'r25': 24, 'r26': 25, 'r27': 26, 'r28': 27, 'r29': 28, 'r30': 29}
Optimizing branch lengths, phi, and nu without topology search
Optimization by EM algorithm
Optimization start with 1 initials
Initial point 1. Random seed: 777
Numerical optimization started with ultrametric constraint (default)
Initial phi: 0. Initial nu: 0.26955655566205877. Initial nllh: 16138.84077695445
Starting EM iter: 1
Estep
Estep runtime (s): 0.17727327346801758
Mstep
Optimizing phi
Optimizing branch lengths. Current phi: 0. Current nu:0.26955655566205877
Optimizing nu
Mstep runtime (s): 0.47500014305114746
Finished EM iter: 1. Current nllh: 13782.639283867908
Starting EM iter: 2
Estep
Estep runtime (s): 0.25228190422058105
Mstep
Optimizing phi
Optimizing branch lengths. Current phi: 0. Current nu:0.283861632550433
Optimizing nu
Mstep runtime (s): 0.461108922958374
Finished EM iter: 2. Current nllh: 13760.33644569897
Starting EM iter: 3
Estep
Estep runtime (s): 0.24961614608764648
Mstep
Optimizing phi
Optimizing branch lengths. Current phi: 0. Current nu:0.2869985770650373
Optimizing nu
Mstep runtime (s): 0.45203399658203125
Finished EM iter: 3. Current nllh: 13758.65109460967
Starting EM iter: 4
Estep
Estep runtime (s): 0.2541189193725586
Mstep
Optimizing phi
Optimizing branch lengths. Current phi: 0. Current nu:0.287885887017572
Optimizing nu
Mstep runtime (s): 0.5058679580688477
Finished EM iter: 4. Current nllh: 13758.469038615676
Starting EM iter: 5
Estep
Estep runtime (s): 0.25051093101501465
Mstep
Optimizing phi
Optimizing branch lengths. Current phi: 0. Current nu:0.28821325622840005
Optimizing nu
Mstep runtime (s): 0.4788172245025635
Finished EM iter: 5. Current nllh: 13758.442254157573
Starting EM iter: 6
Estep
Estep runtime (s): 0.2849879264831543
Mstep
Optimizing phi
Optimizing branch lengths. Current phi: 0. Current nu:0.28834716968531815
Optimizing nu
Mstep runtime (s): 0.4972658157348633
Finished EM iter: 6. Current nllh: 13758.436717032286
Starting EM iter: 7
Estep
Estep runtime (s): 0.28528809547424316
Mstep
Optimizing phi
Optimizing branch lengths. Current phi: 0. Current nu:0.2884015076139402
Optimizing nu
Mstep runtime (s): 0.4744551181793213
Finished EM iter: 7. Current nllh: 13758.435154494558
Starting EM iter: 8
Estep
Estep runtime (s): 0.24968814849853516
Mstep
Optimizing phi
Optimizing branch lengths. Current phi: 0. Current nu:0.28842712332001713
Optimizing nu
Mstep runtime (s): 0.595841646194458
Finished EM iter: 8. Current nllh: 13758.434778790564
Starting EM iter: 9
Estep
Estep runtime (s): 0.24838829040527344
Mstep
Optimizing phi
Optimizing branch lengths. Current phi: 0. Current nu:0.2884365279876904
Optimizing nu
Mstep runtime (s): 0.4397399425506592
Finished EM iter: 9. Current nllh: 13758.43455168994
Starting EM iter: 10
Estep
Estep runtime (s): 0.2540621757507324
Mstep
Optimizing phi
Optimizing branch lengths. Current phi: 0. Current nu:0.2884429655347269
Optimizing nu
Mstep runtime (s): 0.5735459327697754
Finished EM iter: 10. Current nllh: 13758.434553281495
EM finished after 10 iterations.
Optimal phi: 0. Optimal nu: 0.28844444039100325. Optimal nllh: 13758.434553281495
Optimal point found for initial point 1
Numerical optimization finished successfully
Tree height pre-scaling: 0.7606627217654094, input timescale: 1.0
Tree height after scaling: 1.0, mutation rate: 0.7606627217654094
Tree height pre-scaling: 0.7606627025348525, input timescale: 1.0
Tree height after scaling: 1.0, mutation rate: 0.7606627025348525
Tree height pre-scaling: 0.7606627512721557, input timescale: 1.0
Tree height after scaling: 1.0, mutation rate: 0.7606627512721557
Tree height pre-scaling: 0.760662711388638, input timescale: 1.0
Tree height after scaling: 1.0, mutation rate: 0.760662711388638
Tree height pre-scaling: 0.760662763504351, input timescale: 1.0
Tree height after scaling: 1.0, mutation rate: 0.760662763504351
Tree height pre-scaling: 0.7606627131665272, input timescale: 1.0
Tree height after scaling: 0.9999999999999999, mutation rate: 0.7606627131665272
Tree height pre-scaling: 0.7606627266669373, input timescale: 1.0
Tree height after scaling: 1.0, mutation rate: 0.7606627266669373
Tree height pre-scaling: 0.7606627120365538, input timescale: 1.0
Tree height after scaling: 1.0, mutation rate: 0.7606627120365538
Tree height pre-scaling: 0.7606627199049255, input timescale: 1.0
Tree height after scaling: 1.0, mutation rate: 0.7606627199049255
Tree height pre-scaling: 0.7606627047675631, input timescale: 1.0
Tree height after scaling: 1.0, mutation rate: 0.7606627047675631
Tree height pre-scaling: 0.7606626757895942, input timescale: 1.0
Tree height after scaling: 1.0, mutation rate: 0.7606626757895942
Tree height pre-scaling: 0.760662757853888, input timescale: 1.0
Tree height after scaling: 1.0, mutation rate: 0.760662757853888
Tree height pre-scaling: 0.7606627352130159, input timescale: 1.0
Tree height after scaling: 1.0, mutation rate: 0.7606627352130159
Tree height pre-scaling: 0.7606627402881754, input timescale: 1.0
Tree height after scaling: 1.0, mutation rate: 0.7606627402881754
Tree height pre-scaling: 0.7606626689822993, input timescale: 1.0
Tree height after scaling: 1.0, mutation rate: 0.7606626689822993
Runtime (s): 8.652758208
