Launching LAML version 0.0.4
LAML was called as follows: /Users/uym2/my_gits/LAML/run_laml.py -c ../../bar12/Bar12_character_matrix.txt -t place_outlier/augmented_tree_499.nwk -o place_outlier/augmented_tree_499_optimized -v -p ../../bar12/Bar12_priors.pickle --delimiter tab -m -1 --nInitials 1
Prior keys mismatch with site names.
Prior keys: [0, 1, 2, 3, 4, 5, 6, 7, 8, 9, 10, 11, 12, 13, 14, 15, 16, 17, 18, 19, 20, 21, 22, 23, 24, 25, 26, 27, 28]
Site names: ['r1', 'r2', 'r3', 'r4', 'r5', 'r6', 'r7', 'r8', 'r9', 'r10', 'r11', 'r12', 'r13', 'r14', 'r15', 'r16', 'r17', 'r18', 'r19', 'r20', 'r21', 'r22', 'r23', 'r24', 'r25', 'r26', 'r27', 'r28', 'r29', 'r30']
Attempting to infer mapping between site names and prior keys...
Not all site names are present in the dictionary. Trying offset...
Offset between input site names and prior keys is assumed to be 1
Missing priors at site r30, filling in uniform priors...
{'r1': 0, 'r2': 1, 'r3': 2, 'r4': 3, 'r5': 4, 'r6': 5, 'r7': 6, 'r8': 7, 'r9': 8, 'r10': 9, 'r11': 10, 'r12': 11, 'r13': 12, 'r14': 13, 'r15': 14, 'r16': 15, 'r17': 16, 'r18': 17, 'r19': 18, 'r20': 19, 'r21': 20, 'r22': 21, 'r23': 22, 'r24': 23, 'r25': 24, 'r26': 25, 'r27': 26, 'r28': 27, 'r29': 28, 'r30': 29}
Optimizing branch lengths, phi, and nu without topology search
Optimization by EM algorithm
Optimization start with 1 initials
Initial point 1. Random seed: 3901
Numerical optimization started with ultrametric constraint (default)
Initial phi: 0. Initial nu: 0.26955655566205877. Initial nllh: 16209.339446056554
Starting EM iter: 1
Estep
Estep runtime (s): 0.1777329444885254
Mstep
Optimizing phi
Optimizing branch lengths. Current phi: 0. Current nu:0.26955655566205877
Optimizing nu
Mstep runtime (s): 0.47384190559387207
Finished EM iter: 1. Current nllh: 13847.343454500839
Starting EM iter: 2
Estep
Estep runtime (s): 0.24795079231262207
Mstep
Optimizing phi
Optimizing branch lengths. Current phi: 0. Current nu:0.28416359995039403
Optimizing nu
Mstep runtime (s): 0.48796796798706055
Finished EM iter: 2. Current nllh: 13811.13257901799
Starting EM iter: 3
Estep
Estep runtime (s): 0.2467041015625
Mstep
Optimizing phi
Optimizing branch lengths. Current phi: 0. Current nu:0.2862425993868867
Optimizing nu
Mstep runtime (s): 0.5319697856903076
Finished EM iter: 3. Current nllh: 13808.362287129008
Starting EM iter: 4
Estep
Estep runtime (s): 0.24704980850219727
Mstep
Optimizing phi
Optimizing branch lengths. Current phi: 0. Current nu:0.28631514361748084
Optimizing nu
Mstep runtime (s): 0.45531487464904785
Finished EM iter: 4. Current nllh: 13807.958771933165
Starting EM iter: 5
Estep
Estep runtime (s): 0.252885103225708
Mstep
Optimizing phi
Optimizing branch lengths. Current phi: 0. Current nu:0.28628176532005795
Optimizing nu
Mstep runtime (s): 0.5153489112854004
Finished EM iter: 5. Current nllh: 13807.850986933683
Starting EM iter: 6
Estep
Estep runtime (s): 0.24831700325012207
Mstep
Optimizing phi
Optimizing branch lengths. Current phi: 0. Current nu:0.2862946871372815
Optimizing nu
Mstep runtime (s): 0.48490214347839355
Finished EM iter: 6. Current nllh: 13807.802332846813
Starting EM iter: 7
Estep
Estep runtime (s): 0.2470090389251709
Mstep
Optimizing phi
Optimizing branch lengths. Current phi: 0. Current nu:0.28632149311452126
Optimizing nu
Mstep runtime (s): 0.46330690383911133
Finished EM iter: 7. Current nllh: 13807.772359872317
Starting EM iter: 8
Estep
Estep runtime (s): 0.24881887435913086
Mstep
Optimizing phi
Optimizing branch lengths. Current phi: 0. Current nu:0.28635541714626844
Optimizing nu
Mstep runtime (s): 0.5571599006652832
Finished EM iter: 8. Current nllh: 13807.751898236667
Starting EM iter: 9
Estep
Estep runtime (s): 0.2501688003540039
Mstep
Optimizing phi
Optimizing branch lengths. Current phi: 0. Current nu:0.2863810206696278
Optimizing nu
Mstep runtime (s): 0.5071680545806885
Finished EM iter: 9. Current nllh: 13807.737133690462
Starting EM iter: 10
Estep
Estep runtime (s): 0.2513000965118408
Mstep
Optimizing phi
Optimizing branch lengths. Current phi: 0. Current nu:0.28640031737496896
Optimizing nu
Mstep runtime (s): 0.48159003257751465
Finished EM iter: 10. Current nllh: 13807.726117291393
Starting EM iter: 11
Estep
Estep runtime (s): 0.24960613250732422
Mstep
Optimizing phi
Optimizing branch lengths. Current phi: 0. Current nu:0.2864144178306249
Optimizing nu
Mstep runtime (s): 0.4668862819671631
Finished EM iter: 11. Current nllh: 13807.723059229691
Starting EM iter: 12
Estep
Estep runtime (s): 0.24949383735656738
Mstep
Optimizing phi
Optimizing branch lengths. Current phi: 0. Current nu:0.2864233724533332
Optimizing nu
Mstep runtime (s): 0.4704442024230957
Finished EM iter: 12. Current nllh: 13807.722918382788
Starting EM iter: 13
Estep
Estep runtime (s): 0.24687790870666504
Mstep
Optimizing phi
Optimizing branch lengths. Current phi: 0. Current nu:0.28642706911143656
Optimizing nu
Mstep runtime (s): 0.5067639350891113
Finished EM iter: 13. Current nllh: 13807.722825822557
EM finished after 13 iterations.
Optimal phi: 0. Optimal nu: 0.2864287274711408. Optimal nllh: 13807.722825822557
Optimal point found for initial point 1
Numerical optimization finished successfully
Tree height pre-scaling: 0.7686433661676324, input timescale: 1.0
Tree height after scaling: 1.0, mutation rate: 0.7686433661676324
Tree height pre-scaling: 0.7686433661224688, input timescale: 1.0
Tree height after scaling: 1.0, mutation rate: 0.7686433661224688
Tree height pre-scaling: 0.7686433662585421, input timescale: 1.0
Tree height after scaling: 1.0, mutation rate: 0.7686433662585421
Tree height pre-scaling: 0.768643366123708, input timescale: 1.0
Tree height after scaling: 1.0, mutation rate: 0.768643366123708
Tree height pre-scaling: 0.768643366055823, input timescale: 1.0
Tree height after scaling: 1.0, mutation rate: 0.768643366055823
Tree height pre-scaling: 0.7686433662736678, input timescale: 1.0
Tree height after scaling: 0.9999999999999998, mutation rate: 0.7686433662736678
Tree height pre-scaling: 0.7686433661998391, input timescale: 1.0
Tree height after scaling: 1.0, mutation rate: 0.7686433661998391
Tree height pre-scaling: 0.7686433662121762, input timescale: 1.0
Tree height after scaling: 0.9999999999999999, mutation rate: 0.7686433662121762
Tree height pre-scaling: 0.7686433661056231, input timescale: 1.0
Tree height after scaling: 1.0, mutation rate: 0.7686433661056231
Tree height pre-scaling: 0.7686433661415182, input timescale: 1.0
Tree height after scaling: 0.9999999999999999, mutation rate: 0.7686433661415182
Tree height pre-scaling: 0.768643366153858, input timescale: 1.0
Tree height after scaling: 1.0, mutation rate: 0.768643366153858
Tree height pre-scaling: 0.7686433661415182, input timescale: 1.0
Tree height after scaling: 1.0, mutation rate: 0.7686433661415182
Tree height pre-scaling: 0.7686433661278829, input timescale: 1.0
Tree height after scaling: 1.0, mutation rate: 0.7686433661278829
Tree height pre-scaling: 0.7686433662769012, input timescale: 1.0
Tree height after scaling: 1.0, mutation rate: 0.7686433662769012
Tree height pre-scaling: 0.7686433661544531, input timescale: 1.0
Tree height after scaling: 1.0, mutation rate: 0.7686433661544531
Runtime (s): 10.934225
