Launching LAML version 0.0.4
LAML was called as follows: /Users/uym2/my_gits/LAML/run_laml.py -c ../../bar12/Bar12_character_matrix.txt -t place_outlier/augmented_tree_431.nwk -o place_outlier/augmented_tree_431_optimized -v -p ../../bar12/Bar12_priors.pickle --delimiter tab -m -1 --nInitials 1
Prior keys mismatch with site names.
Prior keys: [0, 1, 2, 3, 4, 5, 6, 7, 8, 9, 10, 11, 12, 13, 14, 15, 16, 17, 18, 19, 20, 21, 22, 23, 24, 25, 26, 27, 28]
Site names: ['r1', 'r2', 'r3', 'r4', 'r5', 'r6', 'r7', 'r8', 'r9', 'r10', 'r11', 'r12', 'r13', 'r14', 'r15', 'r16', 'r17', 'r18', 'r19', 'r20', 'r21', 'r22', 'r23', 'r24', 'r25', 'r26', 'r27', 'r28', 'r29', 'r30']
Attempting to infer mapping between site names and prior keys...
Not all site names are present in the dictionary. Trying offset...
Offset between input site names and prior keys is assumed to be 1
Missing priors at site r30, filling in uniform priors...
{'r1': 0, 'r2': 1, 'r3': 2, 'r4': 3, 'r5': 4, 'r6': 5, 'r7': 6, 'r8': 7, 'r9': 8, 'r10': 9, 'r11': 10, 'r12': 11, 'r13': 12, 'r14': 13, 'r15': 14, 'r16': 15, 'r17': 16, 'r18': 17, 'r19': 18, 'r20': 19, 'r21': 20, 'r22': 21, 'r23': 22, 'r24': 23, 'r25': 24, 'r26': 25, 'r27': 26, 'r28': 27, 'r29': 28, 'r30': 29}
Optimizing branch lengths, phi, and nu without topology search
Optimization by EM algorithm
Optimization start with 1 initials
Initial point 1. Random seed: 2855
Numerical optimization started with ultrametric constraint (default)
Initial phi: 0. Initial nu: 0.26955655566205877. Initial nllh: 16168.343219458937
Starting EM iter: 1
Estep
Estep runtime (s): 0.17754387855529785
Mstep
Optimizing phi
Optimizing branch lengths. Current phi: 0. Current nu:0.26955655566205877
Optimizing nu
Mstep runtime (s): 0.48317694664001465
Finished EM iter: 1. Current nllh: 13745.699252438942
Starting EM iter: 2
Estep
Estep runtime (s): 0.24032306671142578
Mstep
Optimizing phi
Optimizing branch lengths. Current phi: 0. Current nu:0.28451395651948613
Optimizing nu
Mstep runtime (s): 0.4798319339752197
Finished EM iter: 2. Current nllh: 13715.566723006274
Starting EM iter: 3
Estep
Estep runtime (s): 0.24129414558410645
Mstep
Optimizing phi
Optimizing branch lengths. Current phi: 0. Current nu:0.28676257811446076
Optimizing nu
Mstep runtime (s): 0.4379129409790039
Finished EM iter: 3. Current nllh: 13713.358019690586
Starting EM iter: 4
Estep
Estep runtime (s): 0.24219989776611328
Mstep
Optimizing phi
Optimizing branch lengths. Current phi: 0. Current nu:0.28694191958339066
Optimizing nu
Mstep runtime (s): 0.4873778820037842
Finished EM iter: 4. Current nllh: 13713.078162223148
Starting EM iter: 5
Estep
Estep runtime (s): 0.24126696586608887
Mstep
Optimizing phi
Optimizing branch lengths. Current phi: 0. Current nu:0.2868984194233783
Optimizing nu
Mstep runtime (s): 0.4573349952697754
Finished EM iter: 5. Current nllh: 13713.037140441822
Starting EM iter: 6
Estep
Estep runtime (s): 0.2419137954711914
Mstep
Optimizing phi
Optimizing branch lengths. Current phi: 0. Current nu:0.28687020254476175
Optimizing nu
Mstep runtime (s): 0.44197988510131836
Finished EM iter: 6. Current nllh: 13713.030614828505
Starting EM iter: 7
Estep
Estep runtime (s): 0.2416379451751709
Mstep
Optimizing phi
Optimizing branch lengths. Current phi: 0. Current nu:0.28686310376830193
Optimizing nu
Mstep runtime (s): 0.4270038604736328
Finished EM iter: 7. Current nllh: 13713.02961358845
Starting EM iter: 8
Estep
Estep runtime (s): 0.2429201602935791
Mstep
Optimizing phi
Optimizing branch lengths. Current phi: 0. Current nu:0.28686421938779805
Optimizing nu
Mstep runtime (s): 0.4314391613006592
Finished EM iter: 8. Current nllh: 13713.029515411985
EM finished after 8 iterations.
Optimal phi: 0. Optimal nu: 0.2868677423903205. Optimal nllh: 13713.029515411985
Optimal point found for initial point 1
Numerical optimization finished successfully
Tree height pre-scaling: 0.7648946472238635, input timescale: 1.0
Tree height after scaling: 1.0, mutation rate: 0.7648946472238635
Tree height pre-scaling: 0.7648946471427823, input timescale: 1.0
Tree height after scaling: 1.0, mutation rate: 0.7648946471427823
Tree height pre-scaling: 0.7648946473960729, input timescale: 1.0
Tree height after scaling: 1.0, mutation rate: 0.7648946473960729
Tree height pre-scaling: 0.7648946471473166, input timescale: 1.0
Tree height after scaling: 1.0, mutation rate: 0.7648946471473166
Tree height pre-scaling: 0.7648946470207592, input timescale: 1.0
Tree height after scaling: 1.0, mutation rate: 0.7648946470207592
Tree height pre-scaling: 0.7648946474340175, input timescale: 1.0
Tree height after scaling: 0.9999999999999999, mutation rate: 0.7648946474340175
Tree height pre-scaling: 0.764894647287288, input timescale: 1.0
Tree height after scaling: 1.0, mutation rate: 0.764894647287288
Tree height pre-scaling: 0.7648946473072755, input timescale: 1.0
Tree height after scaling: 1.0, mutation rate: 0.7648946473072755
Tree height pre-scaling: 0.7648946471134019, input timescale: 1.0
Tree height after scaling: 1.0, mutation rate: 0.7648946471134019
Tree height pre-scaling: 0.7648946471780714, input timescale: 1.0
Tree height after scaling: 1.0, mutation rate: 0.7648946471780714
Tree height pre-scaling: 0.7648946471989028, input timescale: 1.0
Tree height after scaling: 1.0, mutation rate: 0.7648946471989028
Tree height pre-scaling: 0.7648946471780715, input timescale: 1.0
Tree height after scaling: 0.9999999999999999, mutation rate: 0.7648946471780715
Tree height pre-scaling: 0.7648946471522343, input timescale: 1.0
Tree height after scaling: 1.0000000000000002, mutation rate: 0.7648946471522343
Tree height pre-scaling: 0.7648946474321898, input timescale: 1.0
Tree height after scaling: 1.0, mutation rate: 0.7648946474321898
Tree height pre-scaling: 0.7648946471141228, input timescale: 1.0
Tree height after scaling: 1.0, mutation rate: 0.7648946471141228
Runtime (s): 6.556668583
