Launching LAML version 0.0.4
LAML was called as follows: /Users/uym2/my_gits/LAML/run_laml.py -c ../../bar12/Bar12_character_matrix.txt -t place_outlier/augmented_tree_464.nwk -o place_outlier/augmented_tree_464_optimized -v -p ../../bar12/Bar12_priors.pickle --delimiter tab -m -1 --nInitials 1
Prior keys mismatch with site names.
Prior keys: [0, 1, 2, 3, 4, 5, 6, 7, 8, 9, 10, 11, 12, 13, 14, 15, 16, 17, 18, 19, 20, 21, 22, 23, 24, 25, 26, 27, 28]
Site names: ['r1', 'r2', 'r3', 'r4', 'r5', 'r6', 'r7', 'r8', 'r9', 'r10', 'r11', 'r12', 'r13', 'r14', 'r15', 'r16', 'r17', 'r18', 'r19', 'r20', 'r21', 'r22', 'r23', 'r24', 'r25', 'r26', 'r27', 'r28', 'r29', 'r30']
Attempting to infer mapping between site names and prior keys...
Not all site names are present in the dictionary. Trying offset...
Offset between input site names and prior keys is assumed to be 1
Missing priors at site r30, filling in uniform priors...
{'r1': 0, 'r2': 1, 'r3': 2, 'r4': 3, 'r5': 4, 'r6': 5, 'r7': 6, 'r8': 7, 'r9': 8, 'r10': 9, 'r11': 10, 'r12': 11, 'r13': 12, 'r14': 13, 'r15': 14, 'r16': 15, 'r17': 16, 'r18': 17, 'r19': 18, 'r20': 19, 'r21': 20, 'r22': 21, 'r23': 22, 'r24': 23, 'r25': 24, 'r26': 25, 'r27': 26, 'r28': 27, 'r29': 28, 'r30': 29}
Optimizing branch lengths, phi, and nu without topology search
Optimization by EM algorithm
Optimization start with 1 initials
Initial point 1. Random seed: 1184
Numerical optimization started with ultrametric constraint (default)
Initial phi: 0. Initial nu: 0.26955655566205877. Initial nllh: 16322.226088629568
Starting EM iter: 1
Estep
Estep runtime (s): 0.17918014526367188
Mstep
Optimizing phi
Optimizing branch lengths. Current phi: 0. Current nu:0.26955655566205877
Optimizing nu
Mstep runtime (s): 0.48415303230285645
Finished EM iter: 1. Current nllh: 13799.441631155561
Starting EM iter: 2
Estep
Estep runtime (s): 0.2537500858306885
Mstep
Optimizing phi
Optimizing branch lengths. Current phi: 0. Current nu:0.2852031331903645
Optimizing nu
Mstep runtime (s): 0.4707000255584717
Finished EM iter: 2. Current nllh: 13767.288282832775
Starting EM iter: 3
Estep
Estep runtime (s): 0.2484269142150879
Mstep
Optimizing phi
Optimizing branch lengths. Current phi: 0. Current nu:0.28739015123364997
Optimizing nu
Mstep runtime (s): 0.42875003814697266
Finished EM iter: 3. Current nllh: 13765.05484314149
Starting EM iter: 4
Estep
Estep runtime (s): 0.25592494010925293
Mstep
Optimizing phi
Optimizing branch lengths. Current phi: 0. Current nu:0.2874947401011527
Optimizing nu
Mstep runtime (s): 0.4819369316101074
Finished EM iter: 4. Current nllh: 13764.77228134443
Starting EM iter: 5
Estep
Estep runtime (s): 0.24901700019836426
Mstep
Optimizing phi
Optimizing branch lengths. Current phi: 0. Current nu:0.28741969162395864
Optimizing nu
Mstep runtime (s): 0.47927308082580566
Finished EM iter: 5. Current nllh: 13764.732222608463
Starting EM iter: 6
Estep
Estep runtime (s): 0.25029611587524414
Mstep
Optimizing phi
Optimizing branch lengths. Current phi: 0. Current nu:0.2873797403455409
Optimizing nu
Mstep runtime (s): 0.4439847469329834
Finished EM iter: 6. Current nllh: 13764.72609830791
Starting EM iter: 7
Estep
Estep runtime (s): 0.24834203720092773
Mstep
Optimizing phi
Optimizing branch lengths. Current phi: 0. Current nu:0.2873680873610601
Optimizing nu
Mstep runtime (s): 0.43970799446105957
Finished EM iter: 7. Current nllh: 13764.72525864807
Starting EM iter: 8
Estep
Estep runtime (s): 0.24727487564086914
Mstep
Optimizing phi
Optimizing branch lengths. Current phi: 0. Current nu:0.28736799162607196
Optimizing nu
Mstep runtime (s): 0.5213298797607422
Finished EM iter: 8. Current nllh: 13764.725196282341
EM finished after 8 iterations.
Optimal phi: 0. Optimal nu: 0.28737082653669666. Optimal nllh: 13764.725196282341
Optimal point found for initial point 1
Numerical optimization finished successfully
Tree height pre-scaling: 0.7626680956944984, input timescale: 1.0
Tree height after scaling: 1.0, mutation rate: 0.7626680956944984
Tree height pre-scaling: 0.762668095684216, input timescale: 1.0
Tree height after scaling: 1.0, mutation rate: 0.762668095684216
Tree height pre-scaling: 0.7626680957169875, input timescale: 1.0
Tree height after scaling: 1.0, mutation rate: 0.7626680957169875
Tree height pre-scaling: 0.7626680956850187, input timescale: 1.0
Tree height after scaling: 0.9999999999999999, mutation rate: 0.7626680956850187
Tree height pre-scaling: 0.7626680956685946, input timescale: 1.0
Tree height after scaling: 1.0, mutation rate: 0.7626680956685946
Tree height pre-scaling: 0.7626680957224147, input timescale: 1.0
Tree height after scaling: 1.0, mutation rate: 0.7626680957224147
Tree height pre-scaling: 0.7626680957029385, input timescale: 1.0
Tree height after scaling: 1.0, mutation rate: 0.7626680957029385
Tree height pre-scaling: 0.7626680957051477, input timescale: 1.0
Tree height after scaling: 1.0, mutation rate: 0.7626680957051477
Tree height pre-scaling: 0.7626680956809093, input timescale: 1.0
Tree height after scaling: 0.9999999999999999, mutation rate: 0.7626680956809093
Tree height pre-scaling: 0.7626680956884895, input timescale: 1.0
Tree height after scaling: 1.0, mutation rate: 0.7626680956884895
Tree height pre-scaling: 0.7626680956914788, input timescale: 1.0
Tree height after scaling: 1.0, mutation rate: 0.7626680956914788
Tree height pre-scaling: 0.7626680956884895, input timescale: 1.0
Tree height after scaling: 1.0, mutation rate: 0.7626680956884895
Tree height pre-scaling: 0.7626680956853898, input timescale: 1.0
Tree height after scaling: 1.0, mutation rate: 0.7626680956853898
Tree height pre-scaling: 0.762668095721362, input timescale: 1.0
Tree height after scaling: 1.0, mutation rate: 0.762668095721362
Tree height pre-scaling: 0.7626680956784918, input timescale: 1.0
Tree height after scaling: 0.9999999999999999, mutation rate: 0.7626680956784918
Runtime (s): 6.756300375
