Launching LAML version 0.0.4
LAML was called as follows: /Users/uym2/my_gits/LAML/run_laml.py -c ../../bar12/Bar12_character_matrix.txt -t place_outlier/augmented_tree_535.nwk -o place_outlier/augmented_tree_535_optimized -v -p ../../bar12/Bar12_priors.pickle --delimiter tab -m -1 --nInitials 1
Prior keys mismatch with site names.
Prior keys: [0, 1, 2, 3, 4, 5, 6, 7, 8, 9, 10, 11, 12, 13, 14, 15, 16, 17, 18, 19, 20, 21, 22, 23, 24, 25, 26, 27, 28]
Site names: ['r1', 'r2', 'r3', 'r4', 'r5', 'r6', 'r7', 'r8', 'r9', 'r10', 'r11', 'r12', 'r13', 'r14', 'r15', 'r16', 'r17', 'r18', 'r19', 'r20', 'r21', 'r22', 'r23', 'r24', 'r25', 'r26', 'r27', 'r28', 'r29', 'r30']
Attempting to infer mapping between site names and prior keys...
Not all site names are present in the dictionary. Trying offset...
Offset between input site names and prior keys is assumed to be 1
Missing priors at site r30, filling in uniform priors...
{'r1': 0, 'r2': 1, 'r3': 2, 'r4': 3, 'r5': 4, 'r6': 5, 'r7': 6, 'r8': 7, 'r9': 8, 'r10': 9, 'r11': 10, 'r12': 11, 'r13': 12, 'r14': 13, 'r15': 14, 'r16': 15, 'r17': 16, 'r18': 17, 'r19': 18, 'r20': 19, 'r21': 20, 'r22': 21, 'r23': 22, 'r24': 23, 'r25': 24, 'r26': 25, 'r27': 26, 'r28': 27, 'r29': 28, 'r30': 29}
Optimizing branch lengths, phi, and nu without topology search
Optimization by EM algorithm
Optimization start with 1 initials
Initial point 1. Random seed: 1232
Numerical optimization started with ultrametric constraint (default)
Initial phi: 0. Initial nu: 0.26955655566205877. Initial nllh: 16308.68783962829
Starting EM iter: 1
Estep
Estep runtime (s): 0.18323493003845215
Mstep
Optimizing phi
Optimizing branch lengths. Current phi: 0. Current nu:0.26955655566205877
Optimizing nu
Mstep runtime (s): 0.5382139682769775
Finished EM iter: 1. Current nllh: 13789.999409847296
Starting EM iter: 2
Estep
Estep runtime (s): 0.24720168113708496
Mstep
Optimizing phi
Optimizing branch lengths. Current phi: 0. Current nu:0.28378140884429465
Optimizing nu
Mstep runtime (s): 0.44319725036621094
Finished EM iter: 2. Current nllh: 13757.785543464584
Starting EM iter: 3
Estep
Estep runtime (s): 0.2472240924835205
Mstep
Optimizing phi
Optimizing branch lengths. Current phi: 0. Current nu:0.2861828316499298
Optimizing nu
Mstep runtime (s): 0.4117319583892822
Finished EM iter: 3. Current nllh: 13755.291714868032
Starting EM iter: 4
Estep
Estep runtime (s): 0.24724483489990234
Mstep
Optimizing phi
Optimizing branch lengths. Current phi: 0. Current nu:0.2865240545229315
Optimizing nu
Mstep runtime (s): 0.4780111312866211
Finished EM iter: 4. Current nllh: 13754.884366652703
Starting EM iter: 5
Estep
Estep runtime (s): 0.24734091758728027
Mstep
Optimizing phi
Optimizing branch lengths. Current phi: 0. Current nu:0.28659436729168714
Optimizing nu
Mstep runtime (s): 0.45938706398010254
Finished EM iter: 5. Current nllh: 13754.7735406624
Starting EM iter: 6
Estep
Estep runtime (s): 0.24758291244506836
Mstep
Optimizing phi
Optimizing branch lengths. Current phi: 0. Current nu:0.2866381878505304
Optimizing nu
Mstep runtime (s): 0.5476620197296143
Finished EM iter: 6. Current nllh: 13754.722433470839
Starting EM iter: 7
Estep
Estep runtime (s): 0.2481982707977295
Mstep
Optimizing phi
Optimizing branch lengths. Current phi: 0. Current nu:0.2866723069633061
Optimizing nu
Mstep runtime (s): 0.4693608283996582
Finished EM iter: 7. Current nllh: 13754.69059986577
Starting EM iter: 8
Estep
Estep runtime (s): 0.24747395515441895
Mstep
Optimizing phi
Optimizing branch lengths. Current phi: 0. Current nu:0.28670590562389386
Optimizing nu
Mstep runtime (s): 0.5636637210845947
Finished EM iter: 8. Current nllh: 13754.668497644281
Starting EM iter: 9
Estep
Estep runtime (s): 0.24827909469604492
Mstep
Optimizing phi
Optimizing branch lengths. Current phi: 0. Current nu:0.28673057401391006
Optimizing nu
Mstep runtime (s): 0.4295008182525635
Finished EM iter: 9. Current nllh: 13754.652261592853
Starting EM iter: 10
Estep
Estep runtime (s): 0.24818825721740723
Mstep
Optimizing phi
Optimizing branch lengths. Current phi: 0. Current nu:0.2867490433925222
Optimizing nu
Mstep runtime (s): 0.4882020950317383
Finished EM iter: 10. Current nllh: 13754.639959110875
Starting EM iter: 11
Estep
Estep runtime (s): 0.24815726280212402
Mstep
Optimizing phi
Optimizing branch lengths. Current phi: 0. Current nu:0.28676265303157167
Optimizing nu
Mstep runtime (s): 0.4638190269470215
Finished EM iter: 11. Current nllh: 13754.630400601938
Starting EM iter: 12
Estep
Estep runtime (s): 0.2479391098022461
Mstep
Optimizing phi
Optimizing branch lengths. Current phi: 0. Current nu:0.28677309421583985
Optimizing nu
Mstep runtime (s): 0.6796741485595703
Finished EM iter: 12. Current nllh: 13754.62288033035
Starting EM iter: 13
Estep
Estep runtime (s): 0.2484288215637207
Mstep
Optimizing phi
Optimizing branch lengths. Current phi: 0. Current nu:0.2867808466921507
Optimizing nu
Mstep runtime (s): 0.4675319194793701
Finished EM iter: 13. Current nllh: 13754.620216007435
Starting EM iter: 14
Estep
Estep runtime (s): 0.24854707717895508
Mstep
Optimizing phi
Optimizing branch lengths. Current phi: 0. Current nu:0.2867859983612015
Optimizing nu
Mstep runtime (s): 0.47037315368652344
Finished EM iter: 14. Current nllh: 13754.620240576043
EM finished after 14 iterations.
Optimal phi: 0. Optimal nu: 0.28678815847020267. Optimal nllh: 13754.620240576043
Optimal point found for initial point 1
Numerical optimization finished successfully
Tree height pre-scaling: 0.7800742111624257, input timescale: 1.0
Tree height after scaling: 1.0, mutation rate: 0.7800742111624257
Tree height pre-scaling: 0.7800742110979109, input timescale: 1.0
Tree height after scaling: 1.0000000000000002, mutation rate: 0.7800742110979109
Tree height pre-scaling: 0.7800742110943379, input timescale: 1.0
Tree height after scaling: 1.0, mutation rate: 0.7800742110943379
Tree height pre-scaling: 0.7800742110092607, input timescale: 1.0
Tree height after scaling: 1.0, mutation rate: 0.7800742110092607
Tree height pre-scaling: 0.7800742112845155, input timescale: 1.0
Tree height after scaling: 0.9999999999999999, mutation rate: 0.7800742112845155
Tree height pre-scaling: 0.7800742111944806, input timescale: 1.0
Tree height after scaling: 1.0, mutation rate: 0.7800742111944806
Tree height pre-scaling: 0.7800742112220082, input timescale: 1.0
Tree height after scaling: 1.0, mutation rate: 0.7800742112220082
Tree height pre-scaling: 0.7800742110684238, input timescale: 1.0
Tree height after scaling: 1.0, mutation rate: 0.7800742110684238
Tree height pre-scaling: 0.7800742111277074, input timescale: 1.0
Tree height after scaling: 1.0, mutation rate: 0.7800742111277074
Tree height pre-scaling: 0.7800742111390715, input timescale: 1.0
Tree height after scaling: 1.0, mutation rate: 0.7800742111390715
Tree height pre-scaling: 0.7800742111277074, input timescale: 1.0
Tree height after scaling: 1.0, mutation rate: 0.7800742111277074
Tree height pre-scaling: 0.7800742111055327, input timescale: 1.0
Tree height after scaling: 0.9999999999999999, mutation rate: 0.7800742111055327
Tree height pre-scaling: 0.7800742113035544, input timescale: 1.0
Tree height after scaling: 0.9999999999999999, mutation rate: 0.7800742113035544
Tree height pre-scaling: 0.780074211202005, input timescale: 1.0
Tree height after scaling: 1.0, mutation rate: 0.780074211202005
Tree height pre-scaling: 0.7800742114766278, input timescale: 1.0
Tree height after scaling: 1.0, mutation rate: 0.7800742114766278
Runtime (s): 11.746870125
