Launching LAML version 0.0.4
LAML was called as follows: /Users/uym2/my_gits/LAML/run_laml.py -c ../../bar12/Bar12_character_matrix.txt -t place_outlier/augmented_tree_180.nwk -o place_outlier/augmented_tree_180_optimized -v -p ../../bar12/Bar12_priors.pickle --delimiter tab -m -1 --nInitials 1
Prior keys mismatch with site names.
Prior keys: [0, 1, 2, 3, 4, 5, 6, 7, 8, 9, 10, 11, 12, 13, 14, 15, 16, 17, 18, 19, 20, 21, 22, 23, 24, 25, 26, 27, 28]
Site names: ['r1', 'r2', 'r3', 'r4', 'r5', 'r6', 'r7', 'r8', 'r9', 'r10', 'r11', 'r12', 'r13', 'r14', 'r15', 'r16', 'r17', 'r18', 'r19', 'r20', 'r21', 'r22', 'r23', 'r24', 'r25', 'r26', 'r27', 'r28', 'r29', 'r30']
Attempting to infer mapping between site names and prior keys...
Not all site names are present in the dictionary. Trying offset...
Offset between input site names and prior keys is assumed to be 1
Missing priors at site r30, filling in uniform priors...
{'r1': 0, 'r2': 1, 'r3': 2, 'r4': 3, 'r5': 4, 'r6': 5, 'r7': 6, 'r8': 7, 'r9': 8, 'r10': 9, 'r11': 10, 'r12': 11, 'r13': 12, 'r14': 13, 'r15': 14, 'r16': 15, 'r17': 16, 'r18': 17, 'r19': 18, 'r20': 19, 'r21': 20, 'r22': 21, 'r23': 22, 'r24': 23, 'r25': 24, 'r26': 25, 'r27': 26, 'r28': 27, 'r29': 28, 'r30': 29}
Optimizing branch lengths, phi, and nu without topology search
Optimization by EM algorithm
Optimization start with 1 initials
Initial point 1. Random seed: 2372
Numerical optimization started with ultrametric constraint (default)
Initial phi: 0. Initial nu: 0.26955655566205877. Initial nllh: 16182.84249561518
Starting EM iter: 1
Estep
Estep runtime (s): 0.1824629306793213
Mstep
Optimizing phi
Optimizing branch lengths. Current phi: 0. Current nu:0.26955655566205877
Optimizing nu
Mstep runtime (s): 0.46758079528808594
Finished EM iter: 1. Current nllh: 13887.261104005807
Starting EM iter: 2
Estep
Estep runtime (s): 0.2525162696838379
Mstep
Optimizing phi
Optimizing branch lengths. Current phi: 0. Current nu:0.2833905722683258
Optimizing nu
Mstep runtime (s): 0.46213412284851074
Finished EM iter: 2. Current nllh: 13864.571396461484
Starting EM iter: 3
Estep
Estep runtime (s): 0.25768089294433594
Mstep
Optimizing phi
Optimizing branch lengths. Current phi: 0. Current nu:0.28571669604835537
Optimizing nu
Mstep runtime (s): 0.4438483715057373
Finished EM iter: 3. Current nllh: 13862.954919247537
Starting EM iter: 4
Estep
Estep runtime (s): 0.2545900344848633
Mstep
Optimizing phi
Optimizing branch lengths. Current phi: 0. Current nu:0.28625050016853865
Optimizing nu
Mstep runtime (s): 0.4903371334075928
Finished EM iter: 4. Current nllh: 13862.747318965168
Starting EM iter: 5
Estep
Estep runtime (s): 0.2531149387359619
Mstep
Optimizing phi
Optimizing branch lengths. Current phi: 0. Current nu:0.286446113562887
Optimizing nu
Mstep runtime (s): 0.47737979888916016
Finished EM iter: 5. Current nllh: 13862.705738517894
Starting EM iter: 6
Estep
Estep runtime (s): 0.2549159526824951
Mstep
Optimizing phi
Optimizing branch lengths. Current phi: 0. Current nu:0.2865314183714119
Optimizing nu
Mstep runtime (s): 0.4589071273803711
Finished EM iter: 6. Current nllh: 13862.695362300557
Starting EM iter: 7
Estep
Estep runtime (s): 0.25684189796447754
Mstep
Optimizing phi
Optimizing branch lengths. Current phi: 0. Current nu:0.286570105096747
Optimizing nu
Mstep runtime (s): 0.5102941989898682
Finished EM iter: 7. Current nllh: 13862.692117273305
Starting EM iter: 8
Estep
Estep runtime (s): 0.25372314453125
Mstep
Optimizing phi
Optimizing branch lengths. Current phi: 0. Current nu:0.2865892644339464
Optimizing nu
Mstep runtime (s): 0.4622924327850342
Finished EM iter: 8. Current nllh: 13862.69081312036
Starting EM iter: 9
Estep
Estep runtime (s): 0.25165510177612305
Mstep
Optimizing phi
Optimizing branch lengths. Current phi: 0. Current nu:0.2865989062902404
Optimizing nu
Mstep runtime (s): 0.45282506942749023
Finished EM iter: 9. Current nllh: 13862.690136487003
Starting EM iter: 10
Estep
Estep runtime (s): 0.2522549629211426
Mstep
Optimizing phi
Optimizing branch lengths. Current phi: 0. Current nu:0.28660472382848673
Optimizing nu
Mstep runtime (s): 0.4891669750213623
Finished EM iter: 10. Current nllh: 13862.689694770994
Starting EM iter: 11
Estep
Estep runtime (s): 0.25389575958251953
Mstep
Optimizing phi
Optimizing branch lengths. Current phi: 0. Current nu:0.28660828375092573
Optimizing nu
Mstep runtime (s): 0.5577070713043213
Finished EM iter: 11. Current nllh: 13862.689363321431
Starting EM iter: 12
Estep
Estep runtime (s): 0.2529640197753906
Mstep
Optimizing phi
Optimizing branch lengths. Current phi: 0. Current nu:0.2866107274435577
Optimizing nu
Mstep runtime (s): 0.492919921875
Finished EM iter: 12. Current nllh: 13862.689087201277
Starting EM iter: 13
Estep
Estep runtime (s): 0.2532987594604492
Mstep
Optimizing phi
Optimizing branch lengths. Current phi: 0. Current nu:0.28661273447300906
Optimizing nu
Mstep runtime (s): 0.4823486804962158
Finished EM iter: 13. Current nllh: 13862.688836278736
Starting EM iter: 14
Estep
Estep runtime (s): 0.25464868545532227
Mstep
Optimizing phi
Optimizing branch lengths. Current phi: 0. Current nu:0.28661457364617027
Optimizing nu
Mstep runtime (s): 0.4904971122741699
Finished EM iter: 14. Current nllh: 13862.68860577335
Starting EM iter: 15
Estep
Estep runtime (s): 0.25305700302124023
Mstep
Optimizing phi
Optimizing branch lengths. Current phi: 0. Current nu:0.28661612867454755
Optimizing nu
Mstep runtime (s): 0.4601888656616211
Finished EM iter: 15. Current nllh: 13862.688408773809
Starting EM iter: 16
Estep
Estep runtime (s): 0.2585279941558838
Mstep
Optimizing phi
Optimizing branch lengths. Current phi: 0. Current nu:0.2866169379976459
Optimizing nu
Mstep runtime (s): 0.479907751083374
Finished EM iter: 16. Current nllh: 13862.688234206867
Starting EM iter: 17
Estep
Estep runtime (s): 0.2572789192199707
Mstep
Optimizing phi
Optimizing branch lengths. Current phi: 0. Current nu:0.286618231198542
Optimizing nu
Mstep runtime (s): 0.46566295623779297
Finished EM iter: 17. Current nllh: 13862.688068500003
Starting EM iter: 18
Estep
Estep runtime (s): 0.2520902156829834
Mstep
Optimizing phi
Optimizing branch lengths. Current phi: 0. Current nu:0.2866191139948376
Optimizing nu
Mstep runtime (s): 0.4780158996582031
Finished EM iter: 18. Current nllh: 13862.687926581202
Starting EM iter: 19
Estep
Estep runtime (s): 0.2522313594818115
Mstep
Optimizing phi
Optimizing branch lengths. Current phi: 0. Current nu:0.28661980188898223
Optimizing nu
Mstep runtime (s): 0.4791688919067383
Finished EM iter: 19. Current nllh: 13862.687787140254
Starting EM iter: 20
Estep
Estep runtime (s): 0.2515101432800293
Mstep
Optimizing phi
Optimizing branch lengths. Current phi: 0. Current nu:0.2866208811915402
Optimizing nu
Mstep runtime (s): 0.48521924018859863
Finished EM iter: 20. Current nllh: 13862.687652923185
EM finished after 20 iterations.
Optimal phi: 0. Optimal nu: 0.28662169951151917. Optimal nllh: 13862.687652923185
Optimal point found for initial point 1
Numerical optimization finished successfully
Tree height pre-scaling: 0.7802339128408589, input timescale: 1.0
Tree height after scaling: 0.9999999999999999, mutation rate: 0.7802339128408589
Tree height pre-scaling: 0.780233912796921, input timescale: 1.0
Tree height after scaling: 1.0, mutation rate: 0.780233912796921
Tree height pre-scaling: 0.7802339129262683, input timescale: 1.0
Tree height after scaling: 0.9999999999999999, mutation rate: 0.7802339129262683
Tree height pre-scaling: 0.7802339128074968, input timescale: 1.0
Tree height after scaling: 1.0, mutation rate: 0.7802339128074968
Tree height pre-scaling: 0.7802339129647016, input timescale: 1.0
Tree height after scaling: 1.0, mutation rate: 0.7802339129647016
Tree height pre-scaling: 0.7802339128361037, input timescale: 1.0
Tree height after scaling: 1.0, mutation rate: 0.7802339128361037
Tree height pre-scaling: 0.7802339128663436, input timescale: 1.0
Tree height after scaling: 1.0, mutation rate: 0.7802339128663436
Tree height pre-scaling: 0.7802339128191081, input timescale: 1.0
Tree height after scaling: 1.0, mutation rate: 0.7802339128191081
Tree height pre-scaling: 0.7802339128478049, input timescale: 1.0
Tree height after scaling: 0.9999999999999999, mutation rate: 0.7802339128478049
Tree height pre-scaling: 0.7802339127419962, input timescale: 1.0
Tree height after scaling: 1.0, mutation rate: 0.7802339127419962
Tree height pre-scaling: 0.7802339128485184, input timescale: 1.0
Tree height after scaling: 0.9999999999999999, mutation rate: 0.7802339128485184
Tree height pre-scaling: 0.7802339129073503, input timescale: 1.0
Tree height after scaling: 0.9999999999999999, mutation rate: 0.7802339129073503
Tree height pre-scaling: 0.7802339127911135, input timescale: 1.0
Tree height after scaling: 1.0, mutation rate: 0.7802339127911135
Tree height pre-scaling: 0.7802339127293377, input timescale: 1.0
Tree height after scaling: 1.0, mutation rate: 0.7802339127293377
Tree height pre-scaling: 0.7802339130927818, input timescale: 1.0
Tree height after scaling: 1.0, mutation rate: 0.7802339130927818
Runtime (s): 16.452679916999998
