Launching LAML version 0.0.4
LAML was called as follows: /Users/uym2/my_gits/LAML/run_laml.py -c ../../bar12/Bar12_character_matrix.txt -t place_outlier/augmented_tree_615.nwk -o place_outlier/augmented_tree_615_optimized -v -p ../../bar12/Bar12_priors.pickle --delimiter tab -m -1 --nInitials 1
Prior keys mismatch with site names.
Prior keys: [0, 1, 2, 3, 4, 5, 6, 7, 8, 9, 10, 11, 12, 13, 14, 15, 16, 17, 18, 19, 20, 21, 22, 23, 24, 25, 26, 27, 28]
Site names: ['r1', 'r2', 'r3', 'r4', 'r5', 'r6', 'r7', 'r8', 'r9', 'r10', 'r11', 'r12', 'r13', 'r14', 'r15', 'r16', 'r17', 'r18', 'r19', 'r20', 'r21', 'r22', 'r23', 'r24', 'r25', 'r26', 'r27', 'r28', 'r29', 'r30']
Attempting to infer mapping between site names and prior keys...
Not all site names are present in the dictionary. Trying offset...
Offset between input site names and prior keys is assumed to be 1
Missing priors at site r30, filling in uniform priors...
{'r1': 0, 'r2': 1, 'r3': 2, 'r4': 3, 'r5': 4, 'r6': 5, 'r7': 6, 'r8': 7, 'r9': 8, 'r10': 9, 'r11': 10, 'r12': 11, 'r13': 12, 'r14': 13, 'r15': 14, 'r16': 15, 'r17': 16, 'r18': 17, 'r19': 18, 'r20': 19, 'r21': 20, 'r22': 21, 'r23': 22, 'r24': 23, 'r25': 24, 'r26': 25, 'r27': 26, 'r28': 27, 'r29': 28, 'r30': 29}
Optimizing branch lengths, phi, and nu without topology search
Optimization by EM algorithm
Optimization start with 1 initials
Initial point 1. Random seed: 3394
Numerical optimization started with ultrametric constraint (default)
Initial phi: 0. Initial nu: 0.26955655566205877. Initial nllh: 16385.066292425836
Starting EM iter: 1
Estep
Estep runtime (s): 0.17580604553222656
Mstep
Optimizing phi
Optimizing branch lengths. Current phi: 0. Current nu:0.26955655566205877
Optimizing nu
Mstep runtime (s): 0.5080561637878418
Finished EM iter: 1. Current nllh: 13909.787083834788
Starting EM iter: 2
Estep
Estep runtime (s): 0.24312424659729004
Mstep
Optimizing phi
Optimizing branch lengths. Current phi: 0. Current nu:0.2860503644437735
Optimizing nu
Mstep runtime (s): 0.47177696228027344
Finished EM iter: 2. Current nllh: 13884.28033717303
Starting EM iter: 3
Estep
Estep runtime (s): 0.24455523490905762
Mstep
Optimizing phi
Optimizing branch lengths. Current phi: 0. Current nu:0.2893502348648237
Optimizing nu
Mstep runtime (s): 0.5871312618255615
Finished EM iter: 3. Current nllh: 13881.864129519934
Starting EM iter: 4
Estep
Estep runtime (s): 0.24436187744140625
Mstep
Optimizing phi
Optimizing branch lengths. Current phi: 0. Current nu:0.2899355252354893
Optimizing nu
Mstep runtime (s): 0.4853932857513428
Finished EM iter: 4. Current nllh: 13881.679925154853
Starting EM iter: 5
Estep
Estep runtime (s): 0.24463987350463867
Mstep
Optimizing phi
Optimizing branch lengths. Current phi: 0. Current nu:0.2900965069846809
Optimizing nu
Mstep runtime (s): 0.48589205741882324
Finished EM iter: 5. Current nllh: 13881.657074577246
Starting EM iter: 6
Estep
Estep runtime (s): 0.24481201171875
Mstep
Optimizing phi
Optimizing branch lengths. Current phi: 0. Current nu:0.29015944461569554
Optimizing nu
Mstep runtime (s): 0.4951591491699219
Finished EM iter: 6. Current nllh: 13881.653039829816
Starting EM iter: 7
Estep
Estep runtime (s): 0.24512887001037598
Mstep
Optimizing phi
Optimizing branch lengths. Current phi: 0. Current nu:0.29019082446169087
Optimizing nu
Mstep runtime (s): 0.4697122573852539
Finished EM iter: 7. Current nllh: 13881.652049465532
Starting EM iter: 8
Estep
Estep runtime (s): 0.2500951290130615
Mstep
Optimizing phi
Optimizing branch lengths. Current phi: 0. Current nu:0.29020526100935046
Optimizing nu
Mstep runtime (s): 0.4621298313140869
Finished EM iter: 8. Current nllh: 13881.65174556602
Starting EM iter: 9
Estep
Estep runtime (s): 0.24531292915344238
Mstep
Optimizing phi
Optimizing branch lengths. Current phi: 0. Current nu:0.29021241289731825
Optimizing nu
Mstep runtime (s): 0.5485639572143555
Finished EM iter: 9. Current nllh: 13881.65169304591
EM finished after 9 iterations.
Optimal phi: 0. Optimal nu: 0.2902138701493668. Optimal nllh: 13881.65169304591
Optimal point found for initial point 1
Numerical optimization finished successfully
Tree height pre-scaling: 0.7651858676608677, input timescale: 1.0
Tree height after scaling: 1.0, mutation rate: 0.7651858676608677
Tree height pre-scaling: 0.7651858085689169, input timescale: 1.0
Tree height after scaling: 1.0, mutation rate: 0.7651858085689169
Tree height pre-scaling: 0.7651859462032959, input timescale: 1.0
Tree height after scaling: 1.0000000000000002, mutation rate: 0.7651859462032959
Tree height pre-scaling: 0.7651859009997535, input timescale: 1.0
Tree height after scaling: 1.0, mutation rate: 0.7651859009997535
Tree height pre-scaling: 0.7651859401327743, input timescale: 1.0
Tree height after scaling: 1.0, mutation rate: 0.7651859401327743
Tree height pre-scaling: 0.7651858329822256, input timescale: 1.0
Tree height after scaling: 1.0, mutation rate: 0.7651858329822256
Tree height pre-scaling: 0.7651858979767122, input timescale: 1.0
Tree height after scaling: 1.0, mutation rate: 0.7651858979767122
Tree height pre-scaling: 0.7651858687054156, input timescale: 1.0
Tree height after scaling: 1.0, mutation rate: 0.7651858687054156
Tree height pre-scaling: 0.7651859088401457, input timescale: 1.0
Tree height after scaling: 1.0, mutation rate: 0.7651859088401457
Tree height pre-scaling: 0.7651858548552749, input timescale: 1.0
Tree height after scaling: 0.9999999999999998, mutation rate: 0.7651858548552749
Tree height pre-scaling: 0.7651859956178643, input timescale: 1.0
Tree height after scaling: 1.0, mutation rate: 0.7651859956178643
Tree height pre-scaling: 0.7651858874997031, input timescale: 1.0
Tree height after scaling: 0.9999999999999999, mutation rate: 0.7651858874997031
Tree height pre-scaling: 0.7651859064504598, input timescale: 1.0
Tree height after scaling: 1.0, mutation rate: 0.7651859064504598
Tree height pre-scaling: 0.7651859424764736, input timescale: 1.0
Tree height after scaling: 1.0, mutation rate: 0.7651859424764736
Tree height pre-scaling: 0.7651858564760948, input timescale: 1.0
Tree height after scaling: 1.0, mutation rate: 0.7651858564760948
Runtime (s): 7.767122209000001
