Launching LAML version 0.0.4
LAML was called as follows: /Users/uym2/my_gits/LAML/run_laml.py -c ../../bar12/Bar12_character_matrix.txt -t place_outlier/augmented_tree_436.nwk -o place_outlier/augmented_tree_436_optimized -v -p ../../bar12/Bar12_priors.pickle --delimiter tab -m -1 --nInitials 1
Prior keys mismatch with site names.
Prior keys: [0, 1, 2, 3, 4, 5, 6, 7, 8, 9, 10, 11, 12, 13, 14, 15, 16, 17, 18, 19, 20, 21, 22, 23, 24, 25, 26, 27, 28]
Site names: ['r1', 'r2', 'r3', 'r4', 'r5', 'r6', 'r7', 'r8', 'r9', 'r10', 'r11', 'r12', 'r13', 'r14', 'r15', 'r16', 'r17', 'r18', 'r19', 'r20', 'r21', 'r22', 'r23', 'r24', 'r25', 'r26', 'r27', 'r28', 'r29', 'r30']
Attempting to infer mapping between site names and prior keys...
Not all site names are present in the dictionary. Trying offset...
Offset between input site names and prior keys is assumed to be 1
Missing priors at site r30, filling in uniform priors...
{'r1': 0, 'r2': 1, 'r3': 2, 'r4': 3, 'r5': 4, 'r6': 5, 'r7': 6, 'r8': 7, 'r9': 8, 'r10': 9, 'r11': 10, 'r12': 11, 'r13': 12, 'r14': 13, 'r15': 14, 'r16': 15, 'r17': 16, 'r18': 17, 'r19': 18, 'r20': 19, 'r21': 20, 'r22': 21, 'r23': 22, 'r24': 23, 'r25': 24, 'r26': 25, 'r27': 26, 'r28': 27, 'r29': 28, 'r30': 29}
Optimizing branch lengths, phi, and nu without topology search
Optimization by EM algorithm
Optimization start with 1 initials
Initial point 1. Random seed: 9693
Numerical optimization started with ultrametric constraint (default)
Initial phi: 0. Initial nu: 0.26955655566205877. Initial nllh: 16322.7373574097
Starting EM iter: 1
Estep
Estep runtime (s): 0.18193912506103516
Mstep
Optimizing phi
Optimizing branch lengths. Current phi: 0. Current nu:0.26955655566205877
Optimizing nu
Mstep runtime (s): 0.4774668216705322
Finished EM iter: 1. Current nllh: 13955.43502846079
Starting EM iter: 2
Estep
Estep runtime (s): 0.2574501037597656
Mstep
Optimizing phi
Optimizing branch lengths. Current phi: 0. Current nu:0.28403599956107917
Optimizing nu
Mstep runtime (s): 0.4393460750579834
Finished EM iter: 2. Current nllh: 13925.106879831275
Starting EM iter: 3
Estep
Estep runtime (s): 0.2518959045410156
Mstep
Optimizing phi
Optimizing branch lengths. Current phi: 0. Current nu:0.28635985803820774
Optimizing nu
Mstep runtime (s): 0.5209739208221436
Finished EM iter: 3. Current nllh: 13922.933483208351
Starting EM iter: 4
Estep
Estep runtime (s): 0.2509009838104248
Mstep
Optimizing phi
Optimizing branch lengths. Current phi: 0. Current nu:0.28657976328724954
Optimizing nu
Mstep runtime (s): 0.44931721687316895
Finished EM iter: 4. Current nllh: 13922.65302209131
Starting EM iter: 5
Estep
Estep runtime (s): 0.2510697841644287
Mstep
Optimizing phi
Optimizing branch lengths. Current phi: 0. Current nu:0.28655588254209163
Optimizing nu
Mstep runtime (s): 0.5103468894958496
Finished EM iter: 5. Current nllh: 13922.611512408415
Starting EM iter: 6
Estep
Estep runtime (s): 0.25049924850463867
Mstep
Optimizing phi
Optimizing branch lengths. Current phi: 0. Current nu:0.28653548835287623
Optimizing nu
Mstep runtime (s): 0.42246103286743164
Finished EM iter: 6. Current nllh: 13922.604801620468
Starting EM iter: 7
Estep
Estep runtime (s): 0.25192713737487793
Mstep
Optimizing phi
Optimizing branch lengths. Current phi: 0. Current nu:0.2865308135943984
Optimizing nu
Mstep runtime (s): 0.48627376556396484
Finished EM iter: 7. Current nllh: 13922.603735188412
Starting EM iter: 8
Estep
Estep runtime (s): 0.25038909912109375
Mstep
Optimizing phi
Optimizing branch lengths. Current phi: 0. Current nu:0.2865327422880722
Optimizing nu
Mstep runtime (s): 0.4501361846923828
Finished EM iter: 8. Current nllh: 13922.603632183513
EM finished after 8 iterations.
Optimal phi: 0. Optimal nu: 0.28653589755275677. Optimal nllh: 13922.603632183513
Optimal point found for initial point 1
Numerical optimization finished successfully
Tree height pre-scaling: 0.7663671398847125, input timescale: 1.0
Tree height after scaling: 0.9999999999999999, mutation rate: 0.7663671398847125
Tree height pre-scaling: 0.7663671396820064, input timescale: 1.0
Tree height after scaling: 1.0, mutation rate: 0.7663671396820064
Tree height pre-scaling: 0.7663671402923532, input timescale: 1.0
Tree height after scaling: 1.0, mutation rate: 0.7663671402923532
Tree height pre-scaling: 0.7663671396942162, input timescale: 1.0
Tree height after scaling: 1.0, mutation rate: 0.7663671396942162
Tree height pre-scaling: 0.7663671393791556, input timescale: 1.0
Tree height after scaling: 0.9999999999999999, mutation rate: 0.7663671393791556
Tree height pre-scaling: 0.7663671403725667, input timescale: 1.0
Tree height after scaling: 1.0, mutation rate: 0.7663671403725667
Tree height pre-scaling: 0.76636714004647, input timescale: 1.0
Tree height after scaling: 1.0, mutation rate: 0.76636714004647
Tree height pre-scaling: 0.7663671400861861, input timescale: 1.0
Tree height after scaling: 1.0, mutation rate: 0.7663671400861861
Tree height pre-scaling: 0.7663671396099004, input timescale: 1.0
Tree height after scaling: 1.0, mutation rate: 0.7663671396099004
Tree height pre-scaling: 0.7663671397702245, input timescale: 1.0
Tree height after scaling: 1.0, mutation rate: 0.7663671397702245
Tree height pre-scaling: 0.7663671398191455, input timescale: 1.0
Tree height after scaling: 1.0, mutation rate: 0.7663671398191455
Tree height pre-scaling: 0.7663671397702245, input timescale: 1.0
Tree height after scaling: 1.0, mutation rate: 0.7663671397702245
Tree height pre-scaling: 0.7663671397034554, input timescale: 1.0
Tree height after scaling: 1.0, mutation rate: 0.7663671397034554
Tree height pre-scaling: 0.7663671403808205, input timescale: 1.0
Tree height after scaling: 1.0, mutation rate: 0.7663671403808205
Tree height pre-scaling: 0.7663671396562202, input timescale: 1.0
Tree height after scaling: 1.0, mutation rate: 0.7663671396562202
Runtime (s): 6.784797667
