Launching LAML version 0.0.4
LAML was called as follows: /Users/uym2/my_gits/LAML/run_laml.py -c ../../bar12/Bar12_character_matrix.txt -t place_outlier/augmented_tree_582.nwk -o place_outlier/augmented_tree_582_optimized -v -p ../../bar12/Bar12_priors.pickle --delimiter tab -m -1 --nInitials 1
Prior keys mismatch with site names.
Prior keys: [0, 1, 2, 3, 4, 5, 6, 7, 8, 9, 10, 11, 12, 13, 14, 15, 16, 17, 18, 19, 20, 21, 22, 23, 24, 25, 26, 27, 28]
Site names: ['r1', 'r2', 'r3', 'r4', 'r5', 'r6', 'r7', 'r8', 'r9', 'r10', 'r11', 'r12', 'r13', 'r14', 'r15', 'r16', 'r17', 'r18', 'r19', 'r20', 'r21', 'r22', 'r23', 'r24', 'r25', 'r26', 'r27', 'r28', 'r29', 'r30']
Attempting to infer mapping between site names and prior keys...
Not all site names are present in the dictionary. Trying offset...
Offset between input site names and prior keys is assumed to be 1
Missing priors at site r30, filling in uniform priors...
{'r1': 0, 'r2': 1, 'r3': 2, 'r4': 3, 'r5': 4, 'r6': 5, 'r7': 6, 'r8': 7, 'r9': 8, 'r10': 9, 'r11': 10, 'r12': 11, 'r13': 12, 'r14': 13, 'r15': 14, 'r16': 15, 'r17': 16, 'r18': 17, 'r19': 18, 'r20': 19, 'r21': 20, 'r22': 21, 'r23': 22, 'r24': 23, 'r25': 24, 'r26': 25, 'r27': 26, 'r28': 27, 'r29': 28, 'r30': 29}
Optimizing branch lengths, phi, and nu without topology search
Optimization by EM algorithm
Optimization start with 1 initials
Initial point 1. Random seed: 6535
Numerical optimization started with ultrametric constraint (default)
Initial phi: 0. Initial nu: 0.26955655566205877. Initial nllh: 16019.023390844653
Starting EM iter: 1
Estep
Estep runtime (s): 0.17983317375183105
Mstep
Optimizing phi
Optimizing branch lengths. Current phi: 0. Current nu:0.26955655566205877
Optimizing nu
Mstep runtime (s): 0.494920015335083
Finished EM iter: 1. Current nllh: 13775.490374160314
Starting EM iter: 2
Estep
Estep runtime (s): 0.24169397354125977
Mstep
Optimizing phi
Optimizing branch lengths. Current phi: 0. Current nu:0.28811054522127555
Optimizing nu
Mstep runtime (s): 0.46926426887512207
Finished EM iter: 2. Current nllh: 13750.996896425004
Starting EM iter: 3
Estep
Estep runtime (s): 0.24269390106201172
Mstep
Optimizing phi
Optimizing branch lengths. Current phi: 0. Current nu:0.29246872187800504
Optimizing nu
Mstep runtime (s): 0.44744396209716797
Finished EM iter: 3. Current nllh: 13748.449143336391
Starting EM iter: 4
Estep
Estep runtime (s): 0.2397933006286621
Mstep
Optimizing phi
Optimizing branch lengths. Current phi: 0. Current nu:0.29343548740393605
Optimizing nu
Mstep runtime (s): 0.42731380462646484
Finished EM iter: 4. Current nllh: 13748.239165879912
Starting EM iter: 5
Estep
Estep runtime (s): 0.23915386199951172
Mstep
Optimizing phi
Optimizing branch lengths. Current phi: 0. Current nu:0.2937270546822153
Optimizing nu
Mstep runtime (s): 0.42397379875183105
Finished EM iter: 5. Current nllh: 13748.209046758711
Starting EM iter: 6
Estep
Estep runtime (s): 0.24061894416809082
Mstep
Optimizing phi
Optimizing branch lengths. Current phi: 0. Current nu:0.2938366707810026
Optimizing nu
Mstep runtime (s): 0.41834092140197754
Finished EM iter: 6. Current nllh: 13748.202463326283
Starting EM iter: 7
Estep
Estep runtime (s): 0.24066615104675293
Mstep
Optimizing phi
Optimizing branch lengths. Current phi: 0. Current nu:0.293881155066911
Optimizing nu
Mstep runtime (s): 0.467454195022583
Finished EM iter: 7. Current nllh: 13748.200521008197
Starting EM iter: 8
Estep
Estep runtime (s): 0.23955202102661133
Mstep
Optimizing phi
Optimizing branch lengths. Current phi: 0. Current nu:0.2938996248852203
Optimizing nu
Mstep runtime (s): 0.42570972442626953
Finished EM iter: 8. Current nllh: 13748.199829126004
Starting EM iter: 9
Estep
Estep runtime (s): 0.23981499671936035
Mstep
Optimizing phi
Optimizing branch lengths. Current phi: 0. Current nu:0.2939074064233965
Optimizing nu
Mstep runtime (s): 0.43144774436950684
Finished EM iter: 9. Current nllh: 13748.199548835353
Starting EM iter: 10
Estep
Estep runtime (s): 0.23980498313903809
Mstep
Optimizing phi
Optimizing branch lengths. Current phi: 0. Current nu:0.2939107637858567
Optimizing nu
Mstep runtime (s): 0.4783322811126709
Finished EM iter: 10. Current nllh: 13748.19940568683
Starting EM iter: 11
Estep
Estep runtime (s): 0.24923110008239746
Mstep
Optimizing phi
Optimizing branch lengths. Current phi: 0. Current nu:0.2939125874611358
Optimizing nu
Mstep runtime (s): 0.4384629726409912
Finished EM iter: 11. Current nllh: 13748.199330473968
EM finished after 11 iterations.
Optimal phi: 0. Optimal nu: 0.2939137181018027. Optimal nllh: 13748.199330473968
Optimal point found for initial point 1
Numerical optimization finished successfully
Tree height pre-scaling: 0.7622440849087481, input timescale: 1.0
Tree height after scaling: 1.0, mutation rate: 0.7622440849087481
Tree height pre-scaling: 0.7622440842527389, input timescale: 1.0
Tree height after scaling: 1.0, mutation rate: 0.7622440842527389
Tree height pre-scaling: 0.762244086013328, input timescale: 1.0
Tree height after scaling: 1.0, mutation rate: 0.762244086013328
Tree height pre-scaling: 0.7622440854772556, input timescale: 1.0
Tree height after scaling: 1.0, mutation rate: 0.7622440854772556
Tree height pre-scaling: 0.7622440856941347, input timescale: 1.0
Tree height after scaling: 1.0, mutation rate: 0.7622440856941347
Tree height pre-scaling: 0.7622440846849319, input timescale: 1.0
Tree height after scaling: 1.0000000000000002, mutation rate: 0.7622440846849319
Tree height pre-scaling: 0.762244085144497, input timescale: 1.0
Tree height after scaling: 1.0, mutation rate: 0.762244085144497
Tree height pre-scaling: 0.7622440850065575, input timescale: 1.0
Tree height after scaling: 1.0, mutation rate: 0.7622440850065575
Tree height pre-scaling: 0.7622440852860171, input timescale: 1.0
Tree height after scaling: 1.0, mutation rate: 0.7622440852860171
Tree height pre-scaling: 0.7622440847963027, input timescale: 1.0
Tree height after scaling: 1.0, mutation rate: 0.7622440847963027
Tree height pre-scaling: 0.7622440863685795, input timescale: 1.0
Tree height after scaling: 0.9999999999999999, mutation rate: 0.7622440863685795
Tree height pre-scaling: 0.762244085347223, input timescale: 1.0
Tree height after scaling: 0.9999999999999999, mutation rate: 0.762244085347223
Tree height pre-scaling: 0.7622440854901252, input timescale: 1.0
Tree height after scaling: 1.0, mutation rate: 0.7622440854901252
Tree height pre-scaling: 0.762244085925249, input timescale: 1.0
Tree height after scaling: 1.0000000000000002, mutation rate: 0.762244085925249
Tree height pre-scaling: 0.7622440845886527, input timescale: 1.0
Tree height after scaling: 1.0, mutation rate: 0.7622440845886527
Runtime (s): 8.712446375
