Launching LAML version 0.0.4
LAML was called as follows: /Users/uym2/my_gits/LAML/run_laml.py -c ../../bar12/Bar12_character_matrix.txt -t place_outlier/augmented_tree_326.nwk -o place_outlier/augmented_tree_326_optimized -v -p ../../bar12/Bar12_priors.pickle --delimiter tab -m -1 --nInitials 1
Prior keys mismatch with site names.
Prior keys: [0, 1, 2, 3, 4, 5, 6, 7, 8, 9, 10, 11, 12, 13, 14, 15, 16, 17, 18, 19, 20, 21, 22, 23, 24, 25, 26, 27, 28]
Site names: ['r1', 'r2', 'r3', 'r4', 'r5', 'r6', 'r7', 'r8', 'r9', 'r10', 'r11', 'r12', 'r13', 'r14', 'r15', 'r16', 'r17', 'r18', 'r19', 'r20', 'r21', 'r22', 'r23', 'r24', 'r25', 'r26', 'r27', 'r28', 'r29', 'r30']
Attempting to infer mapping between site names and prior keys...
Not all site names are present in the dictionary. Trying offset...
Offset between input site names and prior keys is assumed to be 1
Missing priors at site r30, filling in uniform priors...
{'r1': 0, 'r2': 1, 'r3': 2, 'r4': 3, 'r5': 4, 'r6': 5, 'r7': 6, 'r8': 7, 'r9': 8, 'r10': 9, 'r11': 10, 'r12': 11, 'r13': 12, 'r14': 13, 'r15': 14, 'r16': 15, 'r17': 16, 'r18': 17, 'r19': 18, 'r20': 19, 'r21': 20, 'r22': 21, 'r23': 22, 'r24': 23, 'r25': 24, 'r26': 25, 'r27': 26, 'r28': 27, 'r29': 28, 'r30': 29}
Optimizing branch lengths, phi, and nu without topology search
Optimization by EM algorithm
Optimization start with 1 initials
Initial point 1. Random seed: 2637
Numerical optimization started with ultrametric constraint (default)
Initial phi: 0. Initial nu: 0.26955655566205877. Initial nllh: 16211.503943652704
Starting EM iter: 1
Estep
Estep runtime (s): 0.17960286140441895
Mstep
Optimizing phi
Optimizing branch lengths. Current phi: 0. Current nu:0.26955655566205877
Optimizing nu
Mstep runtime (s): 0.48087620735168457
Finished EM iter: 1. Current nllh: 13804.162370235406
Starting EM iter: 2
Estep
Estep runtime (s): 0.24543476104736328
Mstep
Optimizing phi
Optimizing branch lengths. Current phi: 0. Current nu:0.2804574912689963
Optimizing nu
Mstep runtime (s): 0.445559024810791
Finished EM iter: 2. Current nllh: 13780.498194052152
Starting EM iter: 3
Estep
Estep runtime (s): 0.24622201919555664
Mstep
Optimizing phi
Optimizing branch lengths. Current phi: 0. Current nu:0.2821804710872194
Optimizing nu
Mstep runtime (s): 0.4230771064758301
Finished EM iter: 3. Current nllh: 13778.788830596228
Starting EM iter: 4
Estep
Estep runtime (s): 0.247575044631958
Mstep
Optimizing phi
Optimizing branch lengths. Current phi: 0. Current nu:0.28256730216285536
Optimizing nu
Mstep runtime (s): 0.57871413230896
Finished EM iter: 4. Current nllh: 13778.656212063886
Starting EM iter: 5
Estep
Estep runtime (s): 0.2470550537109375
Mstep
Optimizing phi
Optimizing branch lengths. Current phi: 0. Current nu:0.28272416599801303
Optimizing nu
Mstep runtime (s): 0.44878578186035156
Finished EM iter: 5. Current nllh: 13778.638486641748
Starting EM iter: 6
Estep
Estep runtime (s): 0.24671578407287598
Mstep
Optimizing phi
Optimizing branch lengths. Current phi: 0. Current nu:0.28279963850896045
Optimizing nu
Mstep runtime (s): 0.4976022243499756
Finished EM iter: 6. Current nllh: 13778.635516002434
Starting EM iter: 7
Estep
Estep runtime (s): 0.24708294868469238
Mstep
Optimizing phi
Optimizing branch lengths. Current phi: 0. Current nu:0.28283357063576925
Optimizing nu
Mstep runtime (s): 0.43094515800476074
Finished EM iter: 7. Current nllh: 13778.634678862289
Starting EM iter: 8
Estep
Estep runtime (s): 0.24760198593139648
Mstep
Optimizing phi
Optimizing branch lengths. Current phi: 0. Current nu:0.2828522773955362
Optimizing nu
Mstep runtime (s): 0.4371330738067627
Finished EM iter: 8. Current nllh: 13778.634440302663
Starting EM iter: 9
Estep
Estep runtime (s): 0.24708795547485352
Mstep
Optimizing phi
Optimizing branch lengths. Current phi: 0. Current nu:0.2828614330560474
Optimizing nu
Mstep runtime (s): 0.4189620018005371
Finished EM iter: 9. Current nllh: 13778.634350266086
EM finished after 9 iterations.
Optimal phi: 0. Optimal nu: 0.28286590876612444. Optimal nllh: 13778.634350266086
Optimal point found for initial point 1
Numerical optimization finished successfully
Tree height pre-scaling: 0.7778081922083986, input timescale: 1.0
Tree height after scaling: 1.0, mutation rate: 0.7778081922083986
Tree height pre-scaling: 0.7778081921585953, input timescale: 1.0
Tree height after scaling: 0.9999999999999999, mutation rate: 0.7778081921585953
Tree height pre-scaling: 0.7778081923027795, input timescale: 1.0
Tree height after scaling: 1.0, mutation rate: 0.7778081923027795
Tree height pre-scaling: 0.7778081921764315, input timescale: 1.0
Tree height after scaling: 1.0, mutation rate: 0.7778081921764315
Tree height pre-scaling: 0.777808192335785, input timescale: 1.0
Tree height after scaling: 1.0, mutation rate: 0.777808192335785
Tree height pre-scaling: 0.7778081922004974, input timescale: 1.0
Tree height after scaling: 1.0, mutation rate: 0.7778081922004974
Tree height pre-scaling: 0.7778081922343177, input timescale: 1.0
Tree height after scaling: 1.0, mutation rate: 0.7778081922343177
Tree height pre-scaling: 0.7778081921543014, input timescale: 1.0
Tree height after scaling: 1.0, mutation rate: 0.7778081921543014
Tree height pre-scaling: 0.7778081920848541, input timescale: 1.0
Tree height after scaling: 1.0, mutation rate: 0.7778081920848541
Tree height pre-scaling: 0.7778081923221023, input timescale: 1.0
Tree height after scaling: 1.0, mutation rate: 0.7778081923221023
Tree height pre-scaling: 0.7778081922377226, input timescale: 1.0
Tree height after scaling: 1.0, mutation rate: 0.7778081922377226
Tree height pre-scaling: 0.7778081922618055, input timescale: 1.0
Tree height after scaling: 0.9999999999999998, mutation rate: 0.7778081922618055
Tree height pre-scaling: 0.777808192128066, input timescale: 1.0
Tree height after scaling: 1.0, mutation rate: 0.777808192128066
Tree height pre-scaling: 0.7778081921866291, input timescale: 1.0
Tree height after scaling: 1.0, mutation rate: 0.7778081921866291
Tree height pre-scaling: 0.7778081922525457, input timescale: 1.0
Tree height after scaling: 1.0, mutation rate: 0.7778081922525457
Runtime (s): 7.441615959000001
