Launching LAML version 0.0.4
LAML was called as follows: /Users/uym2/my_gits/LAML/run_laml.py -c ../../bar12/Bar12_character_matrix.txt -t place_outlier/augmented_tree_569.nwk -o place_outlier/augmented_tree_569_optimized -v -p ../../bar12/Bar12_priors.pickle --delimiter tab -m -1 --nInitials 1
Prior keys mismatch with site names.
Prior keys: [0, 1, 2, 3, 4, 5, 6, 7, 8, 9, 10, 11, 12, 13, 14, 15, 16, 17, 18, 19, 20, 21, 22, 23, 24, 25, 26, 27, 28]
Site names: ['r1', 'r2', 'r3', 'r4', 'r5', 'r6', 'r7', 'r8', 'r9', 'r10', 'r11', 'r12', 'r13', 'r14', 'r15', 'r16', 'r17', 'r18', 'r19', 'r20', 'r21', 'r22', 'r23', 'r24', 'r25', 'r26', 'r27', 'r28', 'r29', 'r30']
Attempting to infer mapping between site names and prior keys...
Not all site names are present in the dictionary. Trying offset...
Offset between input site names and prior keys is assumed to be 1
Missing priors at site r30, filling in uniform priors...
{'r1': 0, 'r2': 1, 'r3': 2, 'r4': 3, 'r5': 4, 'r6': 5, 'r7': 6, 'r8': 7, 'r9': 8, 'r10': 9, 'r11': 10, 'r12': 11, 'r13': 12, 'r14': 13, 'r15': 14, 'r16': 15, 'r17': 16, 'r18': 17, 'r19': 18, 'r20': 19, 'r21': 20, 'r22': 21, 'r23': 22, 'r24': 23, 'r25': 24, 'r26': 25, 'r27': 26, 'r28': 27, 'r29': 28, 'r30': 29}
Optimizing branch lengths, phi, and nu without topology search
Optimization by EM algorithm
Optimization start with 1 initials
Initial point 1. Random seed: 1143
Numerical optimization started with ultrametric constraint (default)
Initial phi: 0. Initial nu: 0.26955655566205877. Initial nllh: 16088.152685869358
Starting EM iter: 1
Estep
Estep runtime (s): 0.17946815490722656
Mstep
Optimizing phi
Optimizing branch lengths. Current phi: 0. Current nu:0.26955655566205877
Optimizing nu
Mstep runtime (s): 0.7121589183807373
Finished EM iter: 1. Current nllh: 13744.23646400807
Starting EM iter: 2
Estep
Estep runtime (s): 0.2536919116973877
Mstep
Optimizing phi
Optimizing branch lengths. Current phi: 0. Current nu:0.2840513858177552
Optimizing nu
Mstep runtime (s): 0.41835904121398926
Finished EM iter: 2. Current nllh: 13716.490321353767
Starting EM iter: 3
Estep
Estep runtime (s): 0.24485111236572266
Mstep
Optimizing phi
Optimizing branch lengths. Current phi: 0. Current nu:0.2863197537695961
Optimizing nu
Mstep runtime (s): 0.4234960079193115
Finished EM iter: 3. Current nllh: 13714.010204783015
Starting EM iter: 4
Estep
Estep runtime (s): 0.24568390846252441
Mstep
Optimizing phi
Optimizing branch lengths. Current phi: 0. Current nu:0.28651602604564447
Optimizing nu
Mstep runtime (s): 0.4214472770690918
Finished EM iter: 4. Current nllh: 13713.823863101581
Starting EM iter: 5
Estep
Estep runtime (s): 0.2455282211303711
Mstep
Optimizing phi
Optimizing branch lengths. Current phi: 0. Current nu:0.2865496599884816
Optimizing nu
Mstep runtime (s): 0.4290738105773926
Finished EM iter: 5. Current nllh: 13713.800940978212
Starting EM iter: 6
Estep
Estep runtime (s): 0.24540328979492188
Mstep
Optimizing phi
Optimizing branch lengths. Current phi: 0. Current nu:0.28657258402516766
Optimizing nu
Mstep runtime (s): 0.4278838634490967
Finished EM iter: 6. Current nllh: 13713.79691857774
Starting EM iter: 7
Estep
Estep runtime (s): 0.2456340789794922
Mstep
Optimizing phi
Optimizing branch lengths. Current phi: 0. Current nu:0.28658795815402616
Optimizing nu
Mstep runtime (s): 0.4839489459991455
Finished EM iter: 7. Current nllh: 13713.795942900153
Starting EM iter: 8
Estep
Estep runtime (s): 0.24578309059143066
Mstep
Optimizing phi
Optimizing branch lengths. Current phi: 0. Current nu:0.2865973436794998
Optimizing nu
Mstep runtime (s): 0.4173288345336914
Finished EM iter: 8. Current nllh: 13713.795623863682
Starting EM iter: 9
Estep
Estep runtime (s): 0.24665307998657227
Mstep
Optimizing phi
Optimizing branch lengths. Current phi: 0. Current nu:0.2866022073648068
Optimizing nu
Mstep runtime (s): 0.4139232635498047
Finished EM iter: 9. Current nllh: 13713.795496299335
EM finished after 9 iterations.
Optimal phi: 0. Optimal nu: 0.28660496048336753. Optimal nllh: 13713.795496299335
Optimal point found for initial point 1
Numerical optimization finished successfully
Tree height pre-scaling: 0.7753353255879252, input timescale: 1.0
Tree height after scaling: 1.0, mutation rate: 0.7753353255879252
Tree height pre-scaling: 0.7753353254244345, input timescale: 1.0
Tree height after scaling: 0.9999999999999999, mutation rate: 0.7753353254244345
Tree height pre-scaling: 0.7753353258505998, input timescale: 1.0
Tree height after scaling: 1.0, mutation rate: 0.7753353258505998
Tree height pre-scaling: 0.7753353257149808, input timescale: 1.0
Tree height after scaling: 0.9999999999999999, mutation rate: 0.7753353257149808
Tree height pre-scaling: 0.7753353257732907, input timescale: 1.0
Tree height after scaling: 1.0, mutation rate: 0.7753353257732907
Tree height pre-scaling: 0.7753353255238941, input timescale: 1.0
Tree height after scaling: 1.0, mutation rate: 0.7753353255238941
Tree height pre-scaling: 0.7753353256406285, input timescale: 1.0
Tree height after scaling: 1.0, mutation rate: 0.7753353256406285
Tree height pre-scaling: 0.7753353256047695, input timescale: 1.0
Tree height after scaling: 1.0, mutation rate: 0.7753353256047695
Tree height pre-scaling: 0.775335325674325, input timescale: 1.0
Tree height after scaling: 1.0, mutation rate: 0.775335325674325
Tree height pre-scaling: 0.7753353255565198, input timescale: 1.0
Tree height after scaling: 1.0, mutation rate: 0.7753353255565198
Tree height pre-scaling: 0.7753353259317098, input timescale: 1.0
Tree height after scaling: 1.0, mutation rate: 0.7753353259317098
Tree height pre-scaling: 0.7753353256844562, input timescale: 1.0
Tree height after scaling: 1.0000000000000002, mutation rate: 0.7753353256844562
Tree height pre-scaling: 0.775335325724822, input timescale: 1.0
Tree height after scaling: 1.0, mutation rate: 0.775335325724822
Tree height pre-scaling: 0.7753353258393585, input timescale: 1.0
Tree height after scaling: 1.0, mutation rate: 0.7753353258393585
Tree height pre-scaling: 0.7753353255930929, input timescale: 1.0
Tree height after scaling: 1.0, mutation rate: 0.7753353255930929
Runtime (s): 7.415729208999999
