Launching LAML version 0.0.4
LAML was called as follows: /Users/uym2/my_gits/LAML/run_laml.py -c ../../bar12/Bar12_character_matrix.txt -t place_outlier/augmented_tree_201.nwk -o place_outlier/augmented_tree_201_optimized -v -p ../../bar12/Bar12_priors.pickle --delimiter tab -m -1 --nInitials 1
Prior keys mismatch with site names.
Prior keys: [0, 1, 2, 3, 4, 5, 6, 7, 8, 9, 10, 11, 12, 13, 14, 15, 16, 17, 18, 19, 20, 21, 22, 23, 24, 25, 26, 27, 28]
Site names: ['r1', 'r2', 'r3', 'r4', 'r5', 'r6', 'r7', 'r8', 'r9', 'r10', 'r11', 'r12', 'r13', 'r14', 'r15', 'r16', 'r17', 'r18', 'r19', 'r20', 'r21', 'r22', 'r23', 'r24', 'r25', 'r26', 'r27', 'r28', 'r29', 'r30']
Attempting to infer mapping between site names and prior keys...
Not all site names are present in the dictionary. Trying offset...
Offset between input site names and prior keys is assumed to be 1
Missing priors at site r30, filling in uniform priors...
{'r1': 0, 'r2': 1, 'r3': 2, 'r4': 3, 'r5': 4, 'r6': 5, 'r7': 6, 'r8': 7, 'r9': 8, 'r10': 9, 'r11': 10, 'r12': 11, 'r13': 12, 'r14': 13, 'r15': 14, 'r16': 15, 'r17': 16, 'r18': 17, 'r19': 18, 'r20': 19, 'r21': 20, 'r22': 21, 'r23': 22, 'r24': 23, 'r25': 24, 'r26': 25, 'r27': 26, 'r28': 27, 'r29': 28, 'r30': 29}
Optimizing branch lengths, phi, and nu without topology search
Optimization by EM algorithm
Optimization start with 1 initials
Initial point 1. Random seed: 5235
Numerical optimization started with ultrametric constraint (default)
Initial phi: 0. Initial nu: 0.26955655566205877. Initial nllh: 16579.298091216388
Starting EM iter: 1
Estep
Estep runtime (s): 0.17698001861572266
Mstep
Optimizing phi
Optimizing branch lengths. Current phi: 0. Current nu:0.26955655566205877
Optimizing nu
Mstep runtime (s): 0.48758411407470703
Finished EM iter: 1. Current nllh: 14145.538258981913
Starting EM iter: 2
Estep
Estep runtime (s): 0.24132418632507324
Mstep
Optimizing phi
Optimizing branch lengths. Current phi: 0. Current nu:0.2815701332180916
Optimizing nu
Mstep runtime (s): 0.42529988288879395
Finished EM iter: 2. Current nllh: 14121.732719316418
Starting EM iter: 3
Estep
Estep runtime (s): 0.24214982986450195
Mstep
Optimizing phi
Optimizing branch lengths. Current phi: 0. Current nu:0.28354931251366716
Optimizing nu
Mstep runtime (s): 0.4846310615539551
Finished EM iter: 3. Current nllh: 14119.485681754131
Starting EM iter: 4
Estep
Estep runtime (s): 0.2424638271331787
Mstep
Optimizing phi
Optimizing branch lengths. Current phi: 0. Current nu:0.2838785361938861
Optimizing nu
Mstep runtime (s): 0.5325071811676025
Finished EM iter: 4. Current nllh: 14119.047422458088
Starting EM iter: 5
Estep
Estep runtime (s): 0.246751070022583
Mstep
Optimizing phi
Optimizing branch lengths. Current phi: 0. Current nu:0.28398698795641353
Optimizing nu
Mstep runtime (s): 0.5736079216003418
Finished EM iter: 5. Current nllh: 14118.900272251598
Starting EM iter: 6
Estep
Estep runtime (s): 0.2454071044921875
Mstep
Optimizing phi
Optimizing branch lengths. Current phi: 0. Current nu:0.2840500519864166
Optimizing nu
Mstep runtime (s): 0.4457700252532959
Finished EM iter: 6. Current nllh: 14118.829785554464
Starting EM iter: 7
Estep
Estep runtime (s): 0.24408292770385742
Mstep
Optimizing phi
Optimizing branch lengths. Current phi: 0. Current nu:0.2840977322629092
Optimizing nu
Mstep runtime (s): 0.4553039073944092
Finished EM iter: 7. Current nllh: 14118.787633737074
Starting EM iter: 8
Estep
Estep runtime (s): 0.2440199851989746
Mstep
Optimizing phi
Optimizing branch lengths. Current phi: 0. Current nu:0.284131937451815
Optimizing nu
Mstep runtime (s): 0.4419848918914795
Finished EM iter: 8. Current nllh: 14118.7593865446
Starting EM iter: 9
Estep
Estep runtime (s): 0.24878573417663574
Mstep
Optimizing phi
Optimizing branch lengths. Current phi: 0. Current nu:0.2841567017402339
Optimizing nu
Mstep runtime (s): 0.4719998836517334
Finished EM iter: 9. Current nllh: 14118.739246513702
Starting EM iter: 10
Estep
Estep runtime (s): 0.24382686614990234
Mstep
Optimizing phi
Optimizing branch lengths. Current phi: 0. Current nu:0.28417486374478823
Optimizing nu
Mstep runtime (s): 0.46578097343444824
Finished EM iter: 10. Current nllh: 14118.724337810494
Starting EM iter: 11
Estep
Estep runtime (s): 0.24573802947998047
Mstep
Optimizing phi
Optimizing branch lengths. Current phi: 0. Current nu:0.2841887985401926
Optimizing nu
Mstep runtime (s): 0.4533720016479492
Finished EM iter: 11. Current nllh: 14118.713004323448
Starting EM iter: 12
Estep
Estep runtime (s): 0.24398493766784668
Mstep
Optimizing phi
Optimizing branch lengths. Current phi: 0. Current nu:0.28419950666603455
Optimizing nu
Mstep runtime (s): 0.45740485191345215
Finished EM iter: 12. Current nllh: 14118.709820321863
Starting EM iter: 13
Estep
Estep runtime (s): 0.24455928802490234
Mstep
Optimizing phi
Optimizing branch lengths. Current phi: 0. Current nu:0.2842055367000546
Optimizing nu
Mstep runtime (s): 0.46948885917663574
Finished EM iter: 13. Current nllh: 14118.70982622372
EM finished after 13 iterations.
Optimal phi: 0. Optimal nu: 0.2842075005983454. Optimal nllh: 14118.70982622372
Optimal point found for initial point 1
Numerical optimization finished successfully
Tree height pre-scaling: 0.7924906189731262, input timescale: 1.0
Tree height after scaling: 0.9999999999999999, mutation rate: 0.7924906189731262
Tree height pre-scaling: 0.7924906189201422, input timescale: 1.0
Tree height after scaling: 0.9999999999999999, mutation rate: 0.7924906189201422
Tree height pre-scaling: 0.7924906190518877, input timescale: 1.0
Tree height after scaling: 1.0, mutation rate: 0.7924906190518877
Tree height pre-scaling: 0.7924906189327736, input timescale: 1.0
Tree height after scaling: 1.0, mutation rate: 0.7924906189327736
Tree height pre-scaling: 0.792490619097934, input timescale: 1.0
Tree height after scaling: 1.0000000000000002, mutation rate: 0.792490619097934
Tree height pre-scaling: 0.7924906189580436, input timescale: 1.0
Tree height after scaling: 0.9999999999999999, mutation rate: 0.7924906189580436
Tree height pre-scaling: 0.7924906189945298, input timescale: 1.0
Tree height after scaling: 1.0, mutation rate: 0.7924906189945298
Tree height pre-scaling: 0.7924906189454581, input timescale: 1.0
Tree height after scaling: 1.0, mutation rate: 0.7924906189454581
Tree height pre-scaling: 0.7924906189746355, input timescale: 1.0
Tree height after scaling: 1.0, mutation rate: 0.7924906189746355
Tree height pre-scaling: 0.7924906188588949, input timescale: 1.0
Tree height after scaling: 1.0, mutation rate: 0.7924906188588949
Tree height pre-scaling: 0.7924906189760434, input timescale: 1.0
Tree height after scaling: 1.0, mutation rate: 0.7924906189760434
Tree height pre-scaling: 0.792490619042473, input timescale: 1.0
Tree height after scaling: 1.0, mutation rate: 0.792490619042473
Tree height pre-scaling: 0.7924906189118561, input timescale: 1.0
Tree height after scaling: 1.0, mutation rate: 0.7924906189118561
Tree height pre-scaling: 0.7924906188448596, input timescale: 1.0
Tree height after scaling: 1.0000000000000002, mutation rate: 0.7924906188448596
Tree height pre-scaling: 0.7924906193638015, input timescale: 1.0
Tree height after scaling: 1.0, mutation rate: 0.7924906193638015
Runtime (s): 10.619772042
