Launching LAML version 0.0.4
LAML was called as follows: /Users/uym2/my_gits/LAML/run_laml.py -c ../../bar12/Bar12_character_matrix.txt -t place_outlier/augmented_tree_45.nwk -o place_outlier/augmented_tree_45_optimized -v -p ../../bar12/Bar12_priors.pickle --delimiter tab -m -1 --nInitials 1
Prior keys mismatch with site names.
Prior keys: [0, 1, 2, 3, 4, 5, 6, 7, 8, 9, 10, 11, 12, 13, 14, 15, 16, 17, 18, 19, 20, 21, 22, 23, 24, 25, 26, 27, 28]
Site names: ['r1', 'r2', 'r3', 'r4', 'r5', 'r6', 'r7', 'r8', 'r9', 'r10', 'r11', 'r12', 'r13', 'r14', 'r15', 'r16', 'r17', 'r18', 'r19', 'r20', 'r21', 'r22', 'r23', 'r24', 'r25', 'r26', 'r27', 'r28', 'r29', 'r30']
Attempting to infer mapping between site names and prior keys...
Not all site names are present in the dictionary. Trying offset...
Offset between input site names and prior keys is assumed to be 1
Missing priors at site r30, filling in uniform priors...
{'r1': 0, 'r2': 1, 'r3': 2, 'r4': 3, 'r5': 4, 'r6': 5, 'r7': 6, 'r8': 7, 'r9': 8, 'r10': 9, 'r11': 10, 'r12': 11, 'r13': 12, 'r14': 13, 'r15': 14, 'r16': 15, 'r17': 16, 'r18': 17, 'r19': 18, 'r20': 19, 'r21': 20, 'r22': 21, 'r23': 22, 'r24': 23, 'r25': 24, 'r26': 25, 'r27': 26, 'r28': 27, 'r29': 28, 'r30': 29}
Optimizing branch lengths, phi, and nu without topology search
Optimization by EM algorithm
Optimization start with 1 initials
Initial point 1. Random seed: 9765
Numerical optimization started with ultrametric constraint (default)
Initial phi: 0. Initial nu: 0.26955655566205877. Initial nllh: 15970.585142456135
Starting EM iter: 1
Estep
Estep runtime (s): 0.1774446964263916
Mstep
Optimizing phi
Optimizing branch lengths. Current phi: 0. Current nu:0.26955655566205877
Optimizing nu
Mstep runtime (s): 0.5131540298461914
Finished EM iter: 1. Current nllh: 13830.212514278368
Starting EM iter: 2
Estep
Estep runtime (s): 0.24264192581176758
Mstep
Optimizing phi
Optimizing branch lengths. Current phi: 0. Current nu:0.29310732204987927
Optimizing nu
Mstep runtime (s): 0.4333338737487793
Finished EM iter: 2. Current nllh: 13790.19971641378
Starting EM iter: 3
Estep
Estep runtime (s): 0.24312710762023926
Mstep
Optimizing phi
Optimizing branch lengths. Current phi: 0. Current nu:0.2987427840467248
Optimizing nu
Mstep runtime (s): 0.4344031810760498
Finished EM iter: 3. Current nllh: 13782.458678310357
Starting EM iter: 4
Estep
Estep runtime (s): 0.24245309829711914
Mstep
Optimizing phi
Optimizing branch lengths. Current phi: 0. Current nu:0.29918126570652465
Optimizing nu
Mstep runtime (s): 0.4307570457458496
Finished EM iter: 4. Current nllh: 13781.858420771066
Starting EM iter: 5
Estep
Estep runtime (s): 0.24254107475280762
Mstep
Optimizing phi
Optimizing branch lengths. Current phi: 0. Current nu:0.29903382816936575
Optimizing nu
Mstep runtime (s): 0.4324817657470703
Finished EM iter: 5. Current nllh: 13781.803123914917
Starting EM iter: 6
Estep
Estep runtime (s): 0.24422693252563477
Mstep
Optimizing phi
Optimizing branch lengths. Current phi: 0. Current nu:0.2989628435273986
Optimizing nu
Mstep runtime (s): 0.4315361976623535
Finished EM iter: 6. Current nllh: 13781.793489306954
Starting EM iter: 7
Estep
Estep runtime (s): 0.2435300350189209
Mstep
Optimizing phi
Optimizing branch lengths. Current phi: 0. Current nu:0.29894071026718294
Optimizing nu
Mstep runtime (s): 0.5094630718231201
Finished EM iter: 7. Current nllh: 13781.79150964355
Starting EM iter: 8
Estep
Estep runtime (s): 0.2447528839111328
Mstep
Optimizing phi
Optimizing branch lengths. Current phi: 0. Current nu:0.2989329694255262
Optimizing nu
Mstep runtime (s): 0.44301486015319824
Finished EM iter: 8. Current nllh: 13781.790677297276
Starting EM iter: 9
Estep
Estep runtime (s): 0.24728608131408691
Mstep
Optimizing phi
Optimizing branch lengths. Current phi: 0. Current nu:0.2989357083429806
Optimizing nu
Mstep runtime (s): 0.4661898612976074
Finished EM iter: 9. Current nllh: 13781.790519178197
Starting EM iter: 10
Estep
Estep runtime (s): 0.24351000785827637
Mstep
Optimizing phi
Optimizing branch lengths. Current phi: 0. Current nu:0.29893519123856865
Optimizing nu
Mstep runtime (s): 0.4922769069671631
Finished EM iter: 10. Current nllh: 13781.79018098416
Starting EM iter: 11
Estep
Estep runtime (s): 0.24448609352111816
Mstep
Optimizing phi
Optimizing branch lengths. Current phi: 0. Current nu:0.2989387882362125
Optimizing nu
Mstep runtime (s): 0.4106760025024414
Finished EM iter: 11. Current nllh: 13781.789987860855
Starting EM iter: 12
Estep
Estep runtime (s): 0.24309897422790527
Mstep
Optimizing phi
Optimizing branch lengths. Current phi: 0. Current nu:0.2989407698786851
Optimizing nu
Mstep runtime (s): 0.4135587215423584
Finished EM iter: 12. Current nllh: 13781.789881567742
EM finished after 12 iterations.
Optimal phi: 0. Optimal nu: 0.2989416655736755. Optimal nllh: 13781.789881567742
Optimal point found for initial point 1
Numerical optimization finished successfully
Tree height pre-scaling: 0.7584558632550842, input timescale: 1.0
Tree height after scaling: 1.0000000000000002, mutation rate: 0.7584558632550842
Tree height pre-scaling: 0.7584558632462917, input timescale: 1.0
Tree height after scaling: 1.0, mutation rate: 0.7584558632462917
Tree height pre-scaling: 0.7584558632730154, input timescale: 1.0
Tree height after scaling: 0.9999999999999999, mutation rate: 0.7584558632730154
Tree height pre-scaling: 0.7584558632485956, input timescale: 1.0
Tree height after scaling: 1.0, mutation rate: 0.7584558632485956
Tree height pre-scaling: 0.7584558632797451, input timescale: 1.0
Tree height after scaling: 1.0, mutation rate: 0.7584558632797451
Tree height pre-scaling: 0.7584558632538413, input timescale: 1.0
Tree height after scaling: 1.0, mutation rate: 0.7584558632538413
Tree height pre-scaling: 0.7584558632598232, input timescale: 1.0
Tree height after scaling: 1.0, mutation rate: 0.7584558632598232
Tree height pre-scaling: 0.7584558632506332, input timescale: 1.0
Tree height after scaling: 1.0, mutation rate: 0.7584558632506332
Tree height pre-scaling: 0.7584558632560745, input timescale: 1.0
Tree height after scaling: 1.0, mutation rate: 0.7584558632560745
Tree height pre-scaling: 0.7584558632355058, input timescale: 1.0
Tree height after scaling: 1.0, mutation rate: 0.7584558632355058
Tree height pre-scaling: 0.7584558632563914, input timescale: 1.0
Tree height after scaling: 1.0, mutation rate: 0.7584558632563914
Tree height pre-scaling: 0.7584558632710797, input timescale: 1.0
Tree height after scaling: 1.0, mutation rate: 0.7584558632710797
Tree height pre-scaling: 0.7584558632565341, input timescale: 1.0
Tree height after scaling: 1.0, mutation rate: 0.7584558632565341
Tree height pre-scaling: 0.7584558632336138, input timescale: 1.0
Tree height after scaling: 0.9999999999999999, mutation rate: 0.7584558632336138
Tree height pre-scaling: 0.7584558632442101, input timescale: 1.0
Tree height after scaling: 1.0000000000000002, mutation rate: 0.7584558632442101
Runtime (s): 9.549191666999999
