Launching LAML version 0.0.4
LAML was called as follows: /Users/uym2/my_gits/LAML/run_laml.py -c ../../bar12/Bar12_character_matrix.txt -t place_outlier/augmented_tree_624.nwk -o place_outlier/augmented_tree_624_optimized -v -p ../../bar12/Bar12_priors.pickle --delimiter tab -m -1 --nInitials 1
Prior keys mismatch with site names.
Prior keys: [0, 1, 2, 3, 4, 5, 6, 7, 8, 9, 10, 11, 12, 13, 14, 15, 16, 17, 18, 19, 20, 21, 22, 23, 24, 25, 26, 27, 28]
Site names: ['r1', 'r2', 'r3', 'r4', 'r5', 'r6', 'r7', 'r8', 'r9', 'r10', 'r11', 'r12', 'r13', 'r14', 'r15', 'r16', 'r17', 'r18', 'r19', 'r20', 'r21', 'r22', 'r23', 'r24', 'r25', 'r26', 'r27', 'r28', 'r29', 'r30']
Attempting to infer mapping between site names and prior keys...
Not all site names are present in the dictionary. Trying offset...
Offset between input site names and prior keys is assumed to be 1
Missing priors at site r30, filling in uniform priors...
{'r1': 0, 'r2': 1, 'r3': 2, 'r4': 3, 'r5': 4, 'r6': 5, 'r7': 6, 'r8': 7, 'r9': 8, 'r10': 9, 'r11': 10, 'r12': 11, 'r13': 12, 'r14': 13, 'r15': 14, 'r16': 15, 'r17': 16, 'r18': 17, 'r19': 18, 'r20': 19, 'r21': 20, 'r22': 21, 'r23': 22, 'r24': 23, 'r25': 24, 'r26': 25, 'r27': 26, 'r28': 27, 'r29': 28, 'r30': 29}
Optimizing branch lengths, phi, and nu without topology search
Optimization by EM algorithm
Optimization start with 1 initials
Initial point 1. Random seed: 4021
Numerical optimization started with ultrametric constraint (default)
Initial phi: 0. Initial nu: 0.26955655566205877. Initial nllh: 15894.265583295719
Starting EM iter: 1
Estep
Estep runtime (s): 0.17993712425231934
Mstep
Optimizing phi
Optimizing branch lengths. Current phi: 0. Current nu:0.26955655566205877
Optimizing nu
Mstep runtime (s): 0.5750532150268555
Finished EM iter: 1. Current nllh: 13734.808830356185
Starting EM iter: 2
Estep
Estep runtime (s): 0.24569272994995117
Mstep
Optimizing phi
Optimizing branch lengths. Current phi: 0. Current nu:0.28380575233297234
Optimizing nu
Mstep runtime (s): 0.4873230457305908
Finished EM iter: 2. Current nllh: 13708.783791241825
Starting EM iter: 3
Estep
Estep runtime (s): 0.24395108222961426
Mstep
Optimizing phi
Optimizing branch lengths. Current phi: 0. Current nu:0.2865040512719929
Optimizing nu
Mstep runtime (s): 0.44123411178588867
Finished EM iter: 3. Current nllh: 13706.022410140231
Starting EM iter: 4
Estep
Estep runtime (s): 0.24258708953857422
Mstep
Optimizing phi
Optimizing branch lengths. Current phi: 0. Current nu:0.2868812115364013
Optimizing nu
Mstep runtime (s): 0.44023799896240234
Finished EM iter: 4. Current nllh: 13705.696296138365
Starting EM iter: 5
Estep
Estep runtime (s): 0.24091696739196777
Mstep
Optimizing phi
Optimizing branch lengths. Current phi: 0. Current nu:0.2870075018044617
Optimizing nu
Mstep runtime (s): 0.4207780361175537
Finished EM iter: 5. Current nllh: 13705.595703592866
Starting EM iter: 6
Estep
Estep runtime (s): 0.24391484260559082
Mstep
Optimizing phi
Optimizing branch lengths. Current phi: 0. Current nu:0.28709319800378147
Optimizing nu
Mstep runtime (s): 0.43245911598205566
Finished EM iter: 6. Current nllh: 13705.541868395663
Starting EM iter: 7
Estep
Estep runtime (s): 0.24355101585388184
Mstep
Optimizing phi
Optimizing branch lengths. Current phi: 0. Current nu:0.28715384025649887
Optimizing nu
Mstep runtime (s): 0.46727800369262695
Finished EM iter: 7. Current nllh: 13705.50662331357
Starting EM iter: 8
Estep
Estep runtime (s): 0.24192118644714355
Mstep
Optimizing phi
Optimizing branch lengths. Current phi: 0. Current nu:0.2871955297567037
Optimizing nu
Mstep runtime (s): 0.46619582176208496
Finished EM iter: 8. Current nllh: 13705.481614161528
Starting EM iter: 9
Estep
Estep runtime (s): 0.24578404426574707
Mstep
Optimizing phi
Optimizing branch lengths. Current phi: 0. Current nu:0.28722515654581204
Optimizing nu
Mstep runtime (s): 0.4840681552886963
Finished EM iter: 9. Current nllh: 13705.4631003748
Starting EM iter: 10
Estep
Estep runtime (s): 0.2442340850830078
Mstep
Optimizing phi
Optimizing branch lengths. Current phi: 0. Current nu:0.2872459232388517
Optimizing nu
Mstep runtime (s): 0.460831880569458
Finished EM iter: 10. Current nllh: 13705.449009604912
Starting EM iter: 11
Estep
Estep runtime (s): 0.2449488639831543
Mstep
Optimizing phi
Optimizing branch lengths. Current phi: 0. Current nu:0.2872610863300332
Optimizing nu
Mstep runtime (s): 0.49733996391296387
Finished EM iter: 11. Current nllh: 13705.438034071138
Starting EM iter: 12
Estep
Estep runtime (s): 0.243147611618042
Mstep
Optimizing phi
Optimizing branch lengths. Current phi: 0. Current nu:0.28727291700488544
Optimizing nu
Mstep runtime (s): 0.4514632225036621
Finished EM iter: 12. Current nllh: 13705.429350929815
Starting EM iter: 13
Estep
Estep runtime (s): 0.24249768257141113
Mstep
Optimizing phi
Optimizing branch lengths. Current phi: 0. Current nu:0.2872815172698282
Optimizing nu
Mstep runtime (s): 0.4365060329437256
Finished EM iter: 13. Current nllh: 13705.422372397852
Starting EM iter: 14
Estep
Estep runtime (s): 0.24166178703308105
Mstep
Optimizing phi
Optimizing branch lengths. Current phi: 0. Current nu:0.2872888097977478
Optimizing nu
Mstep runtime (s): 0.4424159526824951
Finished EM iter: 14. Current nllh: 13705.416686506494
Starting EM iter: 15
Estep
Estep runtime (s): 0.24342799186706543
Mstep
Optimizing phi
Optimizing branch lengths. Current phi: 0. Current nu:0.2872946593843332
Optimizing nu
Mstep runtime (s): 0.5156428813934326
Finished EM iter: 15. Current nllh: 13705.413977504626
Starting EM iter: 16
Estep
Estep runtime (s): 0.24120497703552246
Mstep
Optimizing phi
Optimizing branch lengths. Current phi: 0. Current nu:0.2872983776641261
Optimizing nu
Mstep runtime (s): 0.5172500610351562
Finished EM iter: 16. Current nllh: 13705.413998652932
EM finished after 16 iterations.
Optimal phi: 0. Optimal nu: 0.2873003756035835. Optimal nllh: 13705.413998652932
Optimal point found for initial point 1
Numerical optimization finished successfully
Tree height pre-scaling: 0.774886646781247, input timescale: 1.0
Tree height after scaling: 1.0, mutation rate: 0.774886646781247
Tree height pre-scaling: 0.7748866467758093, input timescale: 1.0
Tree height after scaling: 1.0000000000000002, mutation rate: 0.7748866467758093
Tree height pre-scaling: 0.7748866467898721, input timescale: 1.0
Tree height after scaling: 1.0, mutation rate: 0.7748866467898721
Tree height pre-scaling: 0.7748866467840754, input timescale: 1.0
Tree height after scaling: 0.9999999999999999, mutation rate: 0.7748866467840754
Tree height pre-scaling: 0.7748866467879694, input timescale: 1.0
Tree height after scaling: 1.0, mutation rate: 0.7748866467879694
Tree height pre-scaling: 0.7748866467780564, input timescale: 1.0
Tree height after scaling: 1.0, mutation rate: 0.7748866467780564
Tree height pre-scaling: 0.7748866467838017, input timescale: 1.0
Tree height after scaling: 1.0, mutation rate: 0.7748866467838017
Tree height pre-scaling: 0.7748866467815511, input timescale: 1.0
Tree height after scaling: 1.0, mutation rate: 0.7748866467815511
Tree height pre-scaling: 0.774886646784949, input timescale: 1.0
Tree height after scaling: 1.0, mutation rate: 0.774886646784949
Tree height pre-scaling: 0.7748866467801895, input timescale: 1.0
Tree height after scaling: 1.0, mutation rate: 0.7748866467801895
Tree height pre-scaling: 0.7748866467931415, input timescale: 1.0
Tree height after scaling: 1.0000000000000002, mutation rate: 0.7748866467931415
Tree height pre-scaling: 0.774886646783821, input timescale: 1.0
Tree height after scaling: 1.0, mutation rate: 0.774886646783821
Tree height pre-scaling: 0.774886646785734, input timescale: 1.0
Tree height after scaling: 1.0, mutation rate: 0.774886646785734
Tree height pre-scaling: 0.774886646789923, input timescale: 1.0
Tree height after scaling: 0.9999999999999998, mutation rate: 0.774886646789923
Tree height pre-scaling: 0.7748866467814921, input timescale: 1.0
Tree height after scaling: 1.0, mutation rate: 0.7748866467814921
Runtime (s): 13.946883542
