Launching LAML version 0.0.4
LAML was called as follows: /Users/uym2/my_gits/LAML/run_laml.py -c ../../bar12/Bar12_character_matrix.txt -t place_outlier/augmented_tree_143.nwk -o place_outlier/augmented_tree_143_optimized -v -p ../../bar12/Bar12_priors.pickle --delimiter tab -m -1 --nInitials 1
Prior keys mismatch with site names.
Prior keys: [0, 1, 2, 3, 4, 5, 6, 7, 8, 9, 10, 11, 12, 13, 14, 15, 16, 17, 18, 19, 20, 21, 22, 23, 24, 25, 26, 27, 28]
Site names: ['r1', 'r2', 'r3', 'r4', 'r5', 'r6', 'r7', 'r8', 'r9', 'r10', 'r11', 'r12', 'r13', 'r14', 'r15', 'r16', 'r17', 'r18', 'r19', 'r20', 'r21', 'r22', 'r23', 'r24', 'r25', 'r26', 'r27', 'r28', 'r29', 'r30']
Attempting to infer mapping between site names and prior keys...
Not all site names are present in the dictionary. Trying offset...
Offset between input site names and prior keys is assumed to be 1
Missing priors at site r30, filling in uniform priors...
{'r1': 0, 'r2': 1, 'r3': 2, 'r4': 3, 'r5': 4, 'r6': 5, 'r7': 6, 'r8': 7, 'r9': 8, 'r10': 9, 'r11': 10, 'r12': 11, 'r13': 12, 'r14': 13, 'r15': 14, 'r16': 15, 'r17': 16, 'r18': 17, 'r19': 18, 'r20': 19, 'r21': 20, 'r22': 21, 'r23': 22, 'r24': 23, 'r25': 24, 'r26': 25, 'r27': 26, 'r28': 27, 'r29': 28, 'r30': 29}
Optimizing branch lengths, phi, and nu without topology search
Optimization by EM algorithm
Optimization start with 1 initials
Initial point 1. Random seed: 2950
Numerical optimization started with ultrametric constraint (default)
Initial phi: 0. Initial nu: 0.26955655566205877. Initial nllh: 16588.911521999693
Starting EM iter: 1
Estep
Estep runtime (s): 0.18634700775146484
Mstep
Optimizing phi
Optimizing branch lengths. Current phi: 0. Current nu:0.26955655566205877
Optimizing nu
Mstep runtime (s): 0.5313551425933838
Finished EM iter: 1. Current nllh: 14164.106125903723
Starting EM iter: 2
Estep
Estep runtime (s): 0.25506091117858887
Mstep
Optimizing phi
Optimizing branch lengths. Current phi: 0. Current nu:0.28182327293679726
Optimizing nu
Mstep runtime (s): 0.44695186614990234
Finished EM iter: 2. Current nllh: 14137.56970945844
Starting EM iter: 3
Estep
Estep runtime (s): 0.25278520584106445
Mstep
Optimizing phi
Optimizing branch lengths. Current phi: 0. Current nu:0.2834922233302455
Optimizing nu
Mstep runtime (s): 0.4525158405303955
Finished EM iter: 3. Current nllh: 14135.688053640419
Starting EM iter: 4
Estep
Estep runtime (s): 0.2497880458831787
Mstep
Optimizing phi
Optimizing branch lengths. Current phi: 0. Current nu:0.2837684798818749
Optimizing nu
Mstep runtime (s): 0.5067028999328613
Finished EM iter: 4. Current nllh: 14135.47160353676
Starting EM iter: 5
Estep
Estep runtime (s): 0.2526679039001465
Mstep
Optimizing phi
Optimizing branch lengths. Current phi: 0. Current nu:0.2838731862399528
Optimizing nu
Mstep runtime (s): 0.4748561382293701
Finished EM iter: 5. Current nllh: 14135.431134029119
Starting EM iter: 6
Estep
Estep runtime (s): 0.25180602073669434
Mstep
Optimizing phi
Optimizing branch lengths. Current phi: 0. Current nu:0.2839248470345785
Optimizing nu
Mstep runtime (s): 0.4696638584136963
Finished EM iter: 6. Current nllh: 14135.421767043656
Starting EM iter: 7
Estep
Estep runtime (s): 0.2534317970275879
Mstep
Optimizing phi
Optimizing branch lengths. Current phi: 0. Current nu:0.28395095478664933
Optimizing nu
Mstep runtime (s): 0.4480109214782715
Finished EM iter: 7. Current nllh: 14135.419187445968
Starting EM iter: 8
Estep
Estep runtime (s): 0.2506251335144043
Mstep
Optimizing phi
Optimizing branch lengths. Current phi: 0. Current nu:0.28396378460044447
Optimizing nu
Mstep runtime (s): 0.43525004386901855
Finished EM iter: 8. Current nllh: 14135.418363595634
Starting EM iter: 9
Estep
Estep runtime (s): 0.25577330589294434
Mstep
Optimizing phi
Optimizing branch lengths. Current phi: 0. Current nu:0.2839701555886414
Optimizing nu
Mstep runtime (s): 0.43778181076049805
Finished EM iter: 9. Current nllh: 14135.418070612763
Starting EM iter: 10
Estep
Estep runtime (s): 0.24746394157409668
Mstep
Optimizing phi
Optimizing branch lengths. Current phi: 0. Current nu:0.28397353372010226
Optimizing nu
Mstep runtime (s): 0.45099425315856934
Finished EM iter: 10. Current nllh: 14135.417956009922
EM finished after 10 iterations.
Optimal phi: 0. Optimal nu: 0.28397537842600085. Optimal nllh: 14135.417956009922
Optimal point found for initial point 1
Numerical optimization finished successfully
Tree height pre-scaling: 0.7820901667641773, input timescale: 1.0
Tree height after scaling: 1.0, mutation rate: 0.7820901667641773
Tree height pre-scaling: 0.7820901666727896, input timescale: 1.0
Tree height after scaling: 1.0, mutation rate: 0.7820901666727896
Tree height pre-scaling: 0.7820901669131389, input timescale: 1.0
Tree height after scaling: 1.0, mutation rate: 0.7820901669131389
Tree height pre-scaling: 0.7820901666961086, input timescale: 1.0
Tree height after scaling: 0.9999999999999999, mutation rate: 0.7820901666961086
Tree height pre-scaling: 0.7820901669898817, input timescale: 1.0
Tree height after scaling: 1.0, mutation rate: 0.7820901669898817
Tree height pre-scaling: 0.7820901667367697, input timescale: 1.0
Tree height after scaling: 1.0, mutation rate: 0.7820901667367697
Tree height pre-scaling: 0.7820901668013962, input timescale: 1.0
Tree height after scaling: 1.0, mutation rate: 0.7820901668013962
Tree height pre-scaling: 0.7820901667163437, input timescale: 1.0
Tree height after scaling: 1.0, mutation rate: 0.7820901667163437
Tree height pre-scaling: 0.7820901667661878, input timescale: 1.0
Tree height after scaling: 1.0, mutation rate: 0.7820901667661878
Tree height pre-scaling: 0.7820901665654878, input timescale: 1.0
Tree height after scaling: 1.0, mutation rate: 0.7820901665654878
Tree height pre-scaling: 0.7820901667690456, input timescale: 1.0
Tree height after scaling: 1.0, mutation rate: 0.7820901667690456
Tree height pre-scaling: 0.7820901669025233, input timescale: 1.0
Tree height after scaling: 1.0, mutation rate: 0.7820901669025233
Tree height pre-scaling: 0.7820901666673827, input timescale: 1.0
Tree height after scaling: 1.0, mutation rate: 0.7820901666673827
Tree height pre-scaling: 0.7820901665378331, input timescale: 1.0
Tree height after scaling: 0.9999999999999999, mutation rate: 0.7820901665378331
Tree height pre-scaling: 0.7820901672298558, input timescale: 1.0
Tree height after scaling: 1.0, mutation rate: 0.7820901672298558
Runtime (s): 8.299941708
