Launching LAML version 0.0.4
LAML was called as follows: /Users/uym2/my_gits/LAML/run_laml.py -c ../../bar12/Bar12_character_matrix.txt -t place_outlier/augmented_tree_209.nwk -o place_outlier/augmented_tree_209_optimized -v -p ../../bar12/Bar12_priors.pickle --delimiter tab -m -1 --nInitials 1
Prior keys mismatch with site names.
Prior keys: [0, 1, 2, 3, 4, 5, 6, 7, 8, 9, 10, 11, 12, 13, 14, 15, 16, 17, 18, 19, 20, 21, 22, 23, 24, 25, 26, 27, 28]
Site names: ['r1', 'r2', 'r3', 'r4', 'r5', 'r6', 'r7', 'r8', 'r9', 'r10', 'r11', 'r12', 'r13', 'r14', 'r15', 'r16', 'r17', 'r18', 'r19', 'r20', 'r21', 'r22', 'r23', 'r24', 'r25', 'r26', 'r27', 'r28', 'r29', 'r30']
Attempting to infer mapping between site names and prior keys...
Not all site names are present in the dictionary. Trying offset...
Offset between input site names and prior keys is assumed to be 1
Missing priors at site r30, filling in uniform priors...
{'r1': 0, 'r2': 1, 'r3': 2, 'r4': 3, 'r5': 4, 'r6': 5, 'r7': 6, 'r8': 7, 'r9': 8, 'r10': 9, 'r11': 10, 'r12': 11, 'r13': 12, 'r14': 13, 'r15': 14, 'r16': 15, 'r17': 16, 'r18': 17, 'r19': 18, 'r20': 19, 'r21': 20, 'r22': 21, 'r23': 22, 'r24': 23, 'r25': 24, 'r26': 25, 'r27': 26, 'r28': 27, 'r29': 28, 'r30': 29}
Optimizing branch lengths, phi, and nu without topology search
Optimization by EM algorithm
Optimization start with 1 initials
Initial point 1. Random seed: 7063
Numerical optimization started with ultrametric constraint (default)
Initial phi: 0. Initial nu: 0.26955655566205877. Initial nllh: 15965.248693914207
Starting EM iter: 1
Estep
Estep runtime (s): 0.18344998359680176
Mstep
Optimizing phi
Optimizing branch lengths. Current phi: 0. Current nu:0.26955655566205877
Optimizing nu
Mstep runtime (s): 0.49911975860595703
Finished EM iter: 1. Current nllh: 13689.03140747955
Starting EM iter: 2
Estep
Estep runtime (s): 0.2478489875793457
Mstep
Optimizing phi
Optimizing branch lengths. Current phi: 0. Current nu:0.28041864486937446
Optimizing nu
Mstep runtime (s): 0.502418041229248
Finished EM iter: 2. Current nllh: 13667.885374591562
Starting EM iter: 3
Estep
Estep runtime (s): 0.2477428913116455
Mstep
Optimizing phi
Optimizing branch lengths. Current phi: 0. Current nu:0.2824057082889648
Optimizing nu
Mstep runtime (s): 0.4958798885345459
Finished EM iter: 3. Current nllh: 13666.409949063329
Starting EM iter: 4
Estep
Estep runtime (s): 0.2455589771270752
Mstep
Optimizing phi
Optimizing branch lengths. Current phi: 0. Current nu:0.2828374202176046
Optimizing nu
Mstep runtime (s): 0.4458589553833008
Finished EM iter: 4. Current nllh: 13666.260007052015
Starting EM iter: 5
Estep
Estep runtime (s): 0.24504995346069336
Mstep
Optimizing phi
Optimizing branch lengths. Current phi: 0. Current nu:0.28300475934237657
Optimizing nu
Mstep runtime (s): 0.4414398670196533
Finished EM iter: 5. Current nllh: 13666.237917066474
Starting EM iter: 6
Estep
Estep runtime (s): 0.24591708183288574
Mstep
Optimizing phi
Optimizing branch lengths. Current phi: 0. Current nu:0.2830855661134649
Optimizing nu
Mstep runtime (s): 0.4615809917449951
Finished EM iter: 6. Current nllh: 13666.233808630572
Starting EM iter: 7
Estep
Estep runtime (s): 0.251035213470459
Mstep
Optimizing phi
Optimizing branch lengths. Current phi: 0. Current nu:0.2831252580213948
Optimizing nu
Mstep runtime (s): 0.47723913192749023
Finished EM iter: 7. Current nllh: 13666.232875589305
Starting EM iter: 8
Estep
Estep runtime (s): 0.2482290267944336
Mstep
Optimizing phi
Optimizing branch lengths. Current phi: 0. Current nu:0.28314457789610165
Optimizing nu
Mstep runtime (s): 0.4426002502441406
Finished EM iter: 8. Current nllh: 13666.232619681356
Starting EM iter: 9
Estep
Estep runtime (s): 0.2473299503326416
Mstep
Optimizing phi
Optimizing branch lengths. Current phi: 0. Current nu:0.28315435553370233
Optimizing nu
Mstep runtime (s): 0.4528210163116455
Finished EM iter: 9. Current nllh: 13666.23253212663
EM finished after 9 iterations.
Optimal phi: 0. Optimal nu: 0.2831590302425733. Optimal nllh: 13666.23253212663
Optimal point found for initial point 1
Numerical optimization finished successfully
Tree height pre-scaling: 0.775737981875428, input timescale: 1.0
Tree height after scaling: 1.0, mutation rate: 0.775737981875428
Tree height pre-scaling: 0.775737981873817, input timescale: 1.0
Tree height after scaling: 1.0, mutation rate: 0.775737981873817
Tree height pre-scaling: 0.7757379818794259, input timescale: 1.0
Tree height after scaling: 1.0, mutation rate: 0.7757379818794259
Tree height pre-scaling: 0.7757379818741214, input timescale: 1.0
Tree height after scaling: 1.0000000000000002, mutation rate: 0.7757379818741214
Tree height pre-scaling: 0.7757379818809703, input timescale: 1.0
Tree height after scaling: 1.0, mutation rate: 0.7757379818809703
Tree height pre-scaling: 0.7757379818753525, input timescale: 1.0
Tree height after scaling: 1.0, mutation rate: 0.7757379818753525
Tree height pre-scaling: 0.7757379818767522, input timescale: 1.0
Tree height after scaling: 1.0, mutation rate: 0.7757379818767522
Tree height pre-scaling: 0.7757379818746684, input timescale: 1.0
Tree height after scaling: 1.0, mutation rate: 0.7757379818746684
Tree height pre-scaling: 0.7757379818759177, input timescale: 1.0
Tree height after scaling: 0.9999999999999999, mutation rate: 0.7757379818759177
Tree height pre-scaling: 0.7757379818714535, input timescale: 1.0
Tree height after scaling: 1.0, mutation rate: 0.7757379818714535
Tree height pre-scaling: 0.7757379818759834, input timescale: 1.0
Tree height after scaling: 1.0, mutation rate: 0.7757379818759834
Tree height pre-scaling: 0.7757379818737631, input timescale: 1.0
Tree height after scaling: 0.9999999999999999, mutation rate: 0.7757379818737631
Tree height pre-scaling: 0.7757379818709118, input timescale: 1.0
Tree height after scaling: 0.9999999999999999, mutation rate: 0.7757379818709118
Tree height pre-scaling: 0.7757379818808839, input timescale: 1.0
Tree height after scaling: 1.0000000000000002, mutation rate: 0.7757379818808839
Tree height pre-scaling: 0.7757379818803058, input timescale: 1.0
Tree height after scaling: 0.9999999999999999, mutation rate: 0.7757379818803058
Runtime (s): 7.499784957999999
