Launching LAML version 0.0.4
LAML was called as follows: /Users/uym2/my_gits/LAML/run_laml.py -c ../../bar12/Bar12_character_matrix.txt -t place_outlier/augmented_tree_599.nwk -o place_outlier/augmented_tree_599_optimized -v -p ../../bar12/Bar12_priors.pickle --delimiter tab -m -1 --nInitials 1
Prior keys mismatch with site names.
Prior keys: [0, 1, 2, 3, 4, 5, 6, 7, 8, 9, 10, 11, 12, 13, 14, 15, 16, 17, 18, 19, 20, 21, 22, 23, 24, 25, 26, 27, 28]
Site names: ['r1', 'r2', 'r3', 'r4', 'r5', 'r6', 'r7', 'r8', 'r9', 'r10', 'r11', 'r12', 'r13', 'r14', 'r15', 'r16', 'r17', 'r18', 'r19', 'r20', 'r21', 'r22', 'r23', 'r24', 'r25', 'r26', 'r27', 'r28', 'r29', 'r30']
Attempting to infer mapping between site names and prior keys...
Not all site names are present in the dictionary. Trying offset...
Offset between input site names and prior keys is assumed to be 1
Missing priors at site r30, filling in uniform priors...
{'r1': 0, 'r2': 1, 'r3': 2, 'r4': 3, 'r5': 4, 'r6': 5, 'r7': 6, 'r8': 7, 'r9': 8, 'r10': 9, 'r11': 10, 'r12': 11, 'r13': 12, 'r14': 13, 'r15': 14, 'r16': 15, 'r17': 16, 'r18': 17, 'r19': 18, 'r20': 19, 'r21': 20, 'r22': 21, 'r23': 22, 'r24': 23, 'r25': 24, 'r26': 25, 'r27': 26, 'r28': 27, 'r29': 28, 'r30': 29}
Optimizing branch lengths, phi, and nu without topology search
Optimization by EM algorithm
Optimization start with 1 initials
Initial point 1. Random seed: 1992
Numerical optimization started with ultrametric constraint (default)
Initial phi: 0. Initial nu: 0.26955655566205877. Initial nllh: 16085.988160512265
Starting EM iter: 1
Estep
Estep runtime (s): 0.17822694778442383
Mstep
Optimizing phi
Optimizing branch lengths. Current phi: 0. Current nu:0.26955655566205877
Optimizing nu
Mstep runtime (s): 0.49404001235961914
Finished EM iter: 1. Current nllh: 13839.883885491583
Starting EM iter: 2
Estep
Estep runtime (s): 0.24552083015441895
Mstep
Optimizing phi
Optimizing branch lengths. Current phi: 0. Current nu:0.2859234710482157
Optimizing nu
Mstep runtime (s): 0.43621206283569336
Finished EM iter: 2. Current nllh: 13815.436420999507
Starting EM iter: 3
Estep
Estep runtime (s): 0.2487931251525879
Mstep
Optimizing phi
Optimizing branch lengths. Current phi: 0. Current nu:0.2895576585231753
Optimizing nu
Mstep runtime (s): 0.4213261604309082
Finished EM iter: 3. Current nllh: 13812.982705738403
Starting EM iter: 4
Estep
Estep runtime (s): 0.24739789962768555
Mstep
Optimizing phi
Optimizing branch lengths. Current phi: 0. Current nu:0.2902773641639019
Optimizing nu
Mstep runtime (s): 0.4605700969696045
Finished EM iter: 4. Current nllh: 13812.791360091938
Starting EM iter: 5
Estep
Estep runtime (s): 0.2464442253112793
Mstep
Optimizing phi
Optimizing branch lengths. Current phi: 0. Current nu:0.2904848467495139
Optimizing nu
Mstep runtime (s): 0.43418002128601074
Finished EM iter: 5. Current nllh: 13812.765540420169
Starting EM iter: 6
Estep
Estep runtime (s): 0.2462151050567627
Mstep
Optimizing phi
Optimizing branch lengths. Current phi: 0. Current nu:0.2905645559145624
Optimizing nu
Mstep runtime (s): 0.425076961517334
Finished EM iter: 6. Current nllh: 13812.76054743141
Starting EM iter: 7
Estep
Estep runtime (s): 0.2467327117919922
Mstep
Optimizing phi
Optimizing branch lengths. Current phi: 0. Current nu:0.29059862322294533
Optimizing nu
Mstep runtime (s): 0.43778419494628906
Finished EM iter: 7. Current nllh: 13812.759293774712
Starting EM iter: 8
Estep
Estep runtime (s): 0.24678397178649902
Mstep
Optimizing phi
Optimizing branch lengths. Current phi: 0. Current nu:0.29061357445454633
Optimizing nu
Mstep runtime (s): 0.44301605224609375
Finished EM iter: 8. Current nllh: 13812.758910048673
Starting EM iter: 9
Estep
Estep runtime (s): 0.247039794921875
Mstep
Optimizing phi
Optimizing branch lengths. Current phi: 0. Current nu:0.29062072871333194
Optimizing nu
Mstep runtime (s): 0.5029282569885254
Finished EM iter: 9. Current nllh: 13812.758778973059
EM finished after 9 iterations.
Optimal phi: 0. Optimal nu: 0.29062352321714086. Optimal nllh: 13812.758778973059
Optimal point found for initial point 1
Numerical optimization finished successfully
Tree height pre-scaling: 0.7648553873982945, input timescale: 1.0
Tree height after scaling: 1.0, mutation rate: 0.7648553873982945
Tree height pre-scaling: 0.7648553872545019, input timescale: 1.0
Tree height after scaling: 1.0, mutation rate: 0.7648553872545019
Tree height pre-scaling: 0.764855387612933, input timescale: 1.0
Tree height after scaling: 1.0, mutation rate: 0.764855387612933
Tree height pre-scaling: 0.7648553874819528, input timescale: 1.0
Tree height after scaling: 0.9999999999999999, mutation rate: 0.7648553874819528
Tree height pre-scaling: 0.7648553875814311, input timescale: 1.0
Tree height after scaling: 1.0, mutation rate: 0.7648553875814311
Tree height pre-scaling: 0.7648553873163101, input timescale: 1.0
Tree height after scaling: 1.0, mutation rate: 0.7648553873163101
Tree height pre-scaling: 0.7648553874719228, input timescale: 1.0
Tree height after scaling: 1.0, mutation rate: 0.7648553874719228
Tree height pre-scaling: 0.7648553874048492, input timescale: 1.0
Tree height after scaling: 1.0, mutation rate: 0.7648553874048492
Tree height pre-scaling: 0.7648553874998095, input timescale: 1.0
Tree height after scaling: 1.0, mutation rate: 0.7648553874998095
Tree height pre-scaling: 0.7648553873698497, input timescale: 1.0
Tree height after scaling: 1.0000000000000002, mutation rate: 0.7648553873698497
Tree height pre-scaling: 0.7648553877272877, input timescale: 1.0
Tree height after scaling: 1.0, mutation rate: 0.7648553877272877
Tree height pre-scaling: 0.7648553874643429, input timescale: 1.0
Tree height after scaling: 0.9999999999999997, mutation rate: 0.7648553874643429
Tree height pre-scaling: 0.7648553875082993, input timescale: 1.0
Tree height after scaling: 1.0, mutation rate: 0.7648553875082993
Tree height pre-scaling: 0.7648553876070885, input timescale: 1.0
Tree height after scaling: 0.9999999999999999, mutation rate: 0.7648553876070885
Tree height pre-scaling: 0.7648553873521383, input timescale: 1.0
Tree height after scaling: 1.0, mutation rate: 0.7648553873521383
Runtime (s): 7.327127167
