Launching LAML version 0.0.4
LAML was called as follows: /Users/uym2/my_gits/LAML/run_laml.py -c ../../evaluation/Bar11/Bar11_character_matrix.txt -t place_outlier8/augmented_tree_170.nwk -o place_outlier8/augmented_tree_170_optimized -v -p ../../evaluation/Bar11/Bar11_priors.pickle --delimiter tab -m -1 --nInitials 1
Prior keys mismatch with site names.
Prior keys: [0, 1, 2, 3, 4, 5, 6, 7, 8, 9, 10, 11, 12, 13, 14, 15, 16, 17, 18, 19, 20, 21, 22, 23, 24, 25, 26]
Site names: ['r1', 'r2', 'r3', 'r4', 'r5', 'r6', 'r7', 'r8', 'r9', 'r10', 'r11', 'r12', 'r13', 'r14', 'r15', 'r16', 'r17', 'r18', 'r19', 'r20', 'r21', 'r22', 'r23', 'r24', 'r25', 'r26', 'r27']
Attempting to infer mapping between site names and prior keys...
{'r1': 0, 'r2': 1, 'r3': 2, 'r4': 3, 'r5': 4, 'r6': 5, 'r7': 6, 'r8': 7, 'r9': 8, 'r10': 9, 'r11': 10, 'r12': 11, 'r13': 12, 'r14': 13, 'r15': 14, 'r16': 15, 'r17': 16, 'r18': 17, 'r19': 18, 'r20': 19, 'r21': 20, 'r22': 21, 'r23': 22, 'r24': 23, 'r25': 24, 'r26': 25, 'r27': 26}
Optimizing branch lengths, phi, and nu without topology search
Optimization by EM algorithm
Optimization start with 1 initials
Initial point 1. Random seed: 1559
Numerical optimization started with ultrametric constraint (default)
Initial phi: 0. Initial nu: 0.26955655566205877. Initial nllh: 9280.363283472898
Starting EM iter: 1
Estep
Estep runtime (s): 0.06751108169555664
Mstep
Optimizing phi
Optimizing branch lengths. Current phi: 0. Current nu:0.26955655566205877
Optimizing nu
Mstep runtime (s): 0.23376703262329102
Finished EM iter: 1. Current nllh: 7853.205750282707
Starting EM iter: 2
Estep
Estep runtime (s): 0.09093022346496582
Mstep
Optimizing phi
Optimizing branch lengths. Current phi: 0. Current nu:0.28135711207755226
Optimizing nu
Mstep runtime (s): 0.20033907890319824
Finished EM iter: 2. Current nllh: 7816.632667936441
Starting EM iter: 3
Estep
Estep runtime (s): 0.09116792678833008
Mstep
Optimizing phi
Optimizing branch lengths. Current phi: 0. Current nu:0.28164407526381785
Optimizing nu
Mstep runtime (s): 0.2097022533416748
Finished EM iter: 3. Current nllh: 7813.605027191729
Starting EM iter: 4
Estep
Estep runtime (s): 0.0906379222869873
Mstep
Optimizing phi
Optimizing branch lengths. Current phi: 0. Current nu:0.28097979568552844
Optimizing nu
Mstep runtime (s): 0.2635471820831299
Finished EM iter: 4. Current nllh: 7813.355473032333
Starting EM iter: 5
Estep
Estep runtime (s): 0.09105086326599121
Mstep
Optimizing phi
Optimizing branch lengths. Current phi: 0. Current nu:0.28072646446483934
Optimizing nu
Mstep runtime (s): 0.22317886352539062
Finished EM iter: 5. Current nllh: 7813.282917665821
Starting EM iter: 6
Estep
Estep runtime (s): 0.09085917472839355
Mstep
Optimizing phi
Optimizing branch lengths. Current phi: 0. Current nu:0.28068837082087356
Optimizing nu
Mstep runtime (s): 0.20607376098632812
Finished EM iter: 6. Current nllh: 7813.246407703102
Starting EM iter: 7
Estep
Estep runtime (s): 0.09040212631225586
Mstep
Optimizing phi
Optimizing branch lengths. Current phi: 0. Current nu:0.28070572124454346
Optimizing nu
Mstep runtime (s): 0.23309993743896484
Finished EM iter: 7. Current nllh: 7813.223875732263
Starting EM iter: 8
Estep
Estep runtime (s): 0.09131097793579102
Mstep
Optimizing phi
Optimizing branch lengths. Current phi: 0. Current nu:0.28072961896382487
Optimizing nu
Mstep runtime (s): 0.2277979850769043
Finished EM iter: 8. Current nllh: 7813.208676080491
Starting EM iter: 9
Estep
Estep runtime (s): 0.09139513969421387
Mstep
Optimizing phi
Optimizing branch lengths. Current phi: 0. Current nu:0.28074753411910025
Optimizing nu
Mstep runtime (s): 0.224107027053833
Finished EM iter: 9. Current nllh: 7813.198056724351
Starting EM iter: 10
Estep
Estep runtime (s): 0.09118008613586426
Mstep
Optimizing phi
Optimizing branch lengths. Current phi: 0. Current nu:0.28075951075566974
Optimizing nu
Mstep runtime (s): 0.23355317115783691
Finished EM iter: 10. Current nllh: 7813.191400603342
Starting EM iter: 11
Estep
Estep runtime (s): 0.08988332748413086
Mstep
Optimizing phi
Optimizing branch lengths. Current phi: 0. Current nu:0.28076691776220963
Optimizing nu
Mstep runtime (s): 0.25760483741760254
Finished EM iter: 11. Current nllh: 7813.191394337412
EM finished after 11 iterations.
Optimal phi: 0. Optimal nu: 0.2807679279924155. Optimal nllh: 7813.191394337412
Optimal point found for initial point 1
Numerical optimization finished successfully
Tree height pre-scaling: 0.704725881691816, input timescale: 1.0
Tree height after scaling: 1.0, mutation rate: 0.704725881691816
Tree height pre-scaling: 0.7047258871743248, input timescale: 1.0
Tree height after scaling: 1.0, mutation rate: 0.7047258871743248
Tree height pre-scaling: 0.7047259423880389, input timescale: 1.0
Tree height after scaling: 1.0, mutation rate: 0.7047259423880389
Tree height pre-scaling: 0.7047259811224362, input timescale: 1.0
Tree height after scaling: 1.0000000000000002, mutation rate: 0.7047259811224362
Tree height pre-scaling: 0.7047259618623475, input timescale: 1.0
Tree height after scaling: 1.0, mutation rate: 0.7047259618623475
Tree height pre-scaling: 0.7047258634885741, input timescale: 1.0
Tree height after scaling: 1.0, mutation rate: 0.7047258634885741
Tree height pre-scaling: 0.7047258725875603, input timescale: 1.0
Tree height after scaling: 1.0, mutation rate: 0.7047258725875603
Tree height pre-scaling: 0.7047259417233597, input timescale: 1.0
Tree height after scaling: 1.0, mutation rate: 0.7047259417233597
Tree height pre-scaling: 0.7047259618945965, input timescale: 1.0
Tree height after scaling: 0.9999999999999999, mutation rate: 0.7047259618945965
Tree height pre-scaling: 0.7047258479037564, input timescale: 1.0
Tree height after scaling: 0.9999999999999999, mutation rate: 0.7047258479037564
Tree height pre-scaling: 0.7047258878502297, input timescale: 1.0
Tree height after scaling: 1.0, mutation rate: 0.7047258878502297
Tree height pre-scaling: 0.7047260058795318, input timescale: 1.0
Tree height after scaling: 1.0, mutation rate: 0.7047260058795318
Tree height pre-scaling: 0.7047258620303132, input timescale: 1.0
Tree height after scaling: 0.9999999999999999, mutation rate: 0.7047258620303132
Tree height pre-scaling: 0.704725978694092, input timescale: 1.0
Tree height after scaling: 1.0, mutation rate: 0.704725978694092
Runtime (s): 3.946574709
