Launching LAML version 0.0.4
LAML was called as follows: /Users/uym2/my_gits/LAML/run_laml.py -c ../../evaluation/Bar11/Bar11_character_matrix.txt -t place_outlier8/augmented_tree_264.nwk -o place_outlier8/augmented_tree_264_optimized -v -p ../../evaluation/Bar11/Bar11_priors.pickle --delimiter tab -m -1 --nInitials 1
Prior keys mismatch with site names.
Prior keys: [0, 1, 2, 3, 4, 5, 6, 7, 8, 9, 10, 11, 12, 13, 14, 15, 16, 17, 18, 19, 20, 21, 22, 23, 24, 25, 26]
Site names: ['r1', 'r2', 'r3', 'r4', 'r5', 'r6', 'r7', 'r8', 'r9', 'r10', 'r11', 'r12', 'r13', 'r14', 'r15', 'r16', 'r17', 'r18', 'r19', 'r20', 'r21', 'r22', 'r23', 'r24', 'r25', 'r26', 'r27']
Attempting to infer mapping between site names and prior keys...
{'r1': 0, 'r2': 1, 'r3': 2, 'r4': 3, 'r5': 4, 'r6': 5, 'r7': 6, 'r8': 7, 'r9': 8, 'r10': 9, 'r11': 10, 'r12': 11, 'r13': 12, 'r14': 13, 'r15': 14, 'r16': 15, 'r17': 16, 'r18': 17, 'r19': 18, 'r20': 19, 'r21': 20, 'r22': 21, 'r23': 22, 'r24': 23, 'r25': 24, 'r26': 25, 'r27': 26}
Optimizing branch lengths, phi, and nu without topology search
Optimization by EM algorithm
Optimization start with 1 initials
Initial point 1. Random seed: 697
Numerical optimization started with ultrametric constraint (default)
Initial phi: 0. Initial nu: 0.26955655566205877. Initial nllh: 9765.08995069642
Starting EM iter: 1
Estep
Estep runtime (s): 0.06751513481140137
Mstep
Optimizing phi
Optimizing branch lengths. Current phi: 0. Current nu:0.26955655566205877
Optimizing nu
Mstep runtime (s): 0.21521687507629395
Finished EM iter: 1. Current nllh: 8005.886894782114
Starting EM iter: 2
Estep
Estep runtime (s): 0.09157705307006836
Mstep
Optimizing phi
Optimizing branch lengths. Current phi: 0. Current nu:0.2760753388872505
Optimizing nu
Mstep runtime (s): 0.25806570053100586
Finished EM iter: 2. Current nllh: 7968.635275648388
Starting EM iter: 3
Estep
Estep runtime (s): 0.0915520191192627
Mstep
Optimizing phi
Optimizing branch lengths. Current phi: 0. Current nu:0.27325701384977924
Optimizing nu
Mstep runtime (s): 0.19689178466796875
Finished EM iter: 3. Current nllh: 7965.721551498462
Starting EM iter: 4
Estep
Estep runtime (s): 0.09156608581542969
Mstep
Optimizing phi
Optimizing branch lengths. Current phi: 0. Current nu:0.2710849892862507
Optimizing nu
Mstep runtime (s): 0.23598599433898926
Finished EM iter: 4. Current nllh: 7965.447373547687
Starting EM iter: 5
Estep
Estep runtime (s): 0.09104490280151367
Mstep
Optimizing phi
Optimizing branch lengths. Current phi: 0. Current nu:0.27018283406620786
Optimizing nu
Mstep runtime (s): 0.233015775680542
Finished EM iter: 5. Current nllh: 7965.416516670299
Starting EM iter: 6
Estep
Estep runtime (s): 0.09091567993164062
Mstep
Optimizing phi
Optimizing branch lengths. Current phi: 0. Current nu:0.2698494853902191
Optimizing nu
Mstep runtime (s): 0.28301310539245605
Finished EM iter: 6. Current nllh: 7965.410942511888
Starting EM iter: 7
Estep
Estep runtime (s): 0.09291815757751465
Mstep
Optimizing phi
Optimizing branch lengths. Current phi: 0. Current nu:0.2697251658096211
Optimizing nu
Mstep runtime (s): 0.23273396492004395
Finished EM iter: 7. Current nllh: 7965.409724934322
Starting EM iter: 8
Estep
Estep runtime (s): 0.09259605407714844
Mstep
Optimizing phi
Optimizing branch lengths. Current phi: 0. Current nu:0.2696761549981969
Optimizing nu
Mstep runtime (s): 0.24143409729003906
Finished EM iter: 8. Current nllh: 7965.409519251872
Starting EM iter: 9
Estep
Estep runtime (s): 0.09165096282958984
Mstep
Optimizing phi
Optimizing branch lengths. Current phi: 0. Current nu:0.26965615717552516
Optimizing nu
Mstep runtime (s): 0.21892881393432617
Finished EM iter: 9. Current nllh: 7965.409516538448
EM finished after 9 iterations.
Optimal phi: 0. Optimal nu: 0.2696482405719344. Optimal nllh: 7965.409516538448
Optimal point found for initial point 1
Numerical optimization finished successfully
Tree height pre-scaling: 0.7138100277431451, input timescale: 1.0
Tree height after scaling: 1.0, mutation rate: 0.7138100277431451
Tree height pre-scaling: 0.7138100278292943, input timescale: 1.0
Tree height after scaling: 0.9999999999999998, mutation rate: 0.7138100278292943
Tree height pre-scaling: 0.7138100281026549, input timescale: 1.0
Tree height after scaling: 1.0, mutation rate: 0.7138100281026549
Tree height pre-scaling: 0.7138100276136234, input timescale: 1.0
Tree height after scaling: 1.0000000000000002, mutation rate: 0.7138100276136234
Tree height pre-scaling: 0.713810027681564, input timescale: 1.0
Tree height after scaling: 1.0, mutation rate: 0.713810027681564
Tree height pre-scaling: 0.7138100281405079, input timescale: 1.0
Tree height after scaling: 1.0, mutation rate: 0.7138100281405079
Tree height pre-scaling: 0.7138100283687594, input timescale: 1.0
Tree height after scaling: 1.0, mutation rate: 0.7138100283687594
Tree height pre-scaling: 0.7138100275603613, input timescale: 1.0
Tree height after scaling: 1.0, mutation rate: 0.7138100275603613
Tree height pre-scaling: 0.713810027742994, input timescale: 1.0
Tree height after scaling: 1.0, mutation rate: 0.713810027742994
Tree height pre-scaling: 0.7138100285721878, input timescale: 1.0
Tree height after scaling: 1.0, mutation rate: 0.7138100285721878
Tree height pre-scaling: 0.7138100275860066, input timescale: 1.0
Tree height after scaling: 1.0, mutation rate: 0.7138100275860066
Tree height pre-scaling: 0.7138100281186777, input timescale: 1.0
Tree height after scaling: 1.0, mutation rate: 0.7138100281186777
Tree height pre-scaling: 0.7138100278821762, input timescale: 1.0
Tree height after scaling: 1.0, mutation rate: 0.7138100278821762
Tree height pre-scaling: 0.7138100283386055, input timescale: 1.0
Tree height after scaling: 1.0, mutation rate: 0.7138100283386055
Runtime (s): 3.329653584
