Launching LAML version 0.0.4
LAML was called as follows: /Users/uym2/my_gits/LAML/run_laml.py -c ../../evaluation/Bar11/Bar11_character_matrix.txt -t place_outlier8/augmented_tree_179.nwk -o place_outlier8/augmented_tree_179_optimized -v -p ../../evaluation/Bar11/Bar11_priors.pickle --delimiter tab -m -1 --nInitials 1
Prior keys mismatch with site names.
Prior keys: [0, 1, 2, 3, 4, 5, 6, 7, 8, 9, 10, 11, 12, 13, 14, 15, 16, 17, 18, 19, 20, 21, 22, 23, 24, 25, 26]
Site names: ['r1', 'r2', 'r3', 'r4', 'r5', 'r6', 'r7', 'r8', 'r9', 'r10', 'r11', 'r12', 'r13', 'r14', 'r15', 'r16', 'r17', 'r18', 'r19', 'r20', 'r21', 'r22', 'r23', 'r24', 'r25', 'r26', 'r27']
Attempting to infer mapping between site names and prior keys...
{'r1': 0, 'r2': 1, 'r3': 2, 'r4': 3, 'r5': 4, 'r6': 5, 'r7': 6, 'r8': 7, 'r9': 8, 'r10': 9, 'r11': 10, 'r12': 11, 'r13': 12, 'r14': 13, 'r15': 14, 'r16': 15, 'r17': 16, 'r18': 17, 'r19': 18, 'r20': 19, 'r21': 20, 'r22': 21, 'r23': 22, 'r24': 23, 'r25': 24, 'r26': 25, 'r27': 26}
Optimizing branch lengths, phi, and nu without topology search
Optimization by EM algorithm
Optimization start with 1 initials
Initial point 1. Random seed: 1919
Numerical optimization started with ultrametric constraint (default)
Initial phi: 0. Initial nu: 0.26955655566205877. Initial nllh: 9562.95089491578
Starting EM iter: 1
Estep
Estep runtime (s): 0.0656890869140625
Mstep
Optimizing phi
Optimizing branch lengths. Current phi: 0. Current nu:0.26955655566205877
Optimizing nu
Mstep runtime (s): 0.22622203826904297
Finished EM iter: 1. Current nllh: 7929.705322823635
Starting EM iter: 2
Estep
Estep runtime (s): 0.08855509757995605
Mstep
Optimizing phi
Optimizing branch lengths. Current phi: 0. Current nu:0.27731952804927457
Optimizing nu
Mstep runtime (s): 0.2100379467010498
Finished EM iter: 2. Current nllh: 7886.420854982274
Starting EM iter: 3
Estep
Estep runtime (s): 0.08855891227722168
Mstep
Optimizing phi
Optimizing branch lengths. Current phi: 0. Current nu:0.2753288819205389
Optimizing nu
Mstep runtime (s): 0.23238182067871094
Finished EM iter: 3. Current nllh: 7880.929877200566
Starting EM iter: 4
Estep
Estep runtime (s): 0.0892951488494873
Mstep
Optimizing phi
Optimizing branch lengths. Current phi: 0. Current nu:0.2726283574106024
Optimizing nu
Mstep runtime (s): 0.2253890037536621
Finished EM iter: 4. Current nllh: 7880.394469359406
Starting EM iter: 5
Estep
Estep runtime (s): 0.08848285675048828
Mstep
Optimizing phi
Optimizing branch lengths. Current phi: 0. Current nu:0.27123901956362273
Optimizing nu
Mstep runtime (s): 0.25830578804016113
Finished EM iter: 5. Current nllh: 7880.3051049291025
Starting EM iter: 6
Estep
Estep runtime (s): 0.08916497230529785
Mstep
Optimizing phi
Optimizing branch lengths. Current phi: 0. Current nu:0.27069856159745564
Optimizing nu
Mstep runtime (s): 0.2418808937072754
Finished EM iter: 6. Current nllh: 7880.26611077755
Starting EM iter: 7
Estep
Estep runtime (s): 0.0889286994934082
Mstep
Optimizing phi
Optimizing branch lengths. Current phi: 0. Current nu:0.27050101624179396
Optimizing nu
Mstep runtime (s): 0.23675298690795898
Finished EM iter: 7. Current nllh: 7880.242849677601
Starting EM iter: 8
Estep
Estep runtime (s): 0.08896994590759277
Mstep
Optimizing phi
Optimizing branch lengths. Current phi: 0. Current nu:0.2704280030918902
Optimizing nu
Mstep runtime (s): 0.2690122127532959
Finished EM iter: 8. Current nllh: 7880.227213073
Starting EM iter: 9
Estep
Estep runtime (s): 0.0883479118347168
Mstep
Optimizing phi
Optimizing branch lengths. Current phi: 0. Current nu:0.27040075865488317
Optimizing nu
Mstep runtime (s): 0.34276914596557617
Finished EM iter: 9. Current nllh: 7880.216409671962
Starting EM iter: 10
Estep
Estep runtime (s): 0.08931303024291992
Mstep
Optimizing phi
Optimizing branch lengths. Current phi: 0. Current nu:0.27038909565400904
Optimizing nu
Mstep runtime (s): 0.21657800674438477
Finished EM iter: 10. Current nllh: 7880.209615066323
Starting EM iter: 11
Estep
Estep runtime (s): 0.08803582191467285
Mstep
Optimizing phi
Optimizing branch lengths. Current phi: 0. Current nu:0.2703833913068577
Optimizing nu
Mstep runtime (s): 0.22661995887756348
Finished EM iter: 11. Current nllh: 7880.209561451149
EM finished after 11 iterations.
Optimal phi: 0. Optimal nu: 0.27037692959810883. Optimal nllh: 7880.209561451149
Optimal point found for initial point 1
Numerical optimization finished successfully
Tree height pre-scaling: 0.7099278794247639, input timescale: 1.0
Tree height after scaling: 1.0, mutation rate: 0.7099278794247639
Tree height pre-scaling: 0.7099278862032914, input timescale: 1.0
Tree height after scaling: 0.9999999999999999, mutation rate: 0.7099278862032914
Tree height pre-scaling: 0.7099279084303055, input timescale: 1.0
Tree height after scaling: 1.0, mutation rate: 0.7099279084303055
Tree height pre-scaling: 0.7099279451995297, input timescale: 1.0
Tree height after scaling: 1.0, mutation rate: 0.7099279451995297
Tree height pre-scaling: 0.7099278701168208, input timescale: 1.0
Tree height after scaling: 1.0, mutation rate: 0.7099278701168208
Tree height pre-scaling: 0.7099278758019536, input timescale: 1.0
Tree height after scaling: 0.9999999999999999, mutation rate: 0.7099278758019536
Tree height pre-scaling: 0.7099279144329002, input timescale: 1.0
Tree height after scaling: 1.0, mutation rate: 0.7099279144329002
Tree height pre-scaling: 0.7099279309420419, input timescale: 1.0
Tree height after scaling: 0.9999999999999998, mutation rate: 0.7099279309420419
Tree height pre-scaling: 0.7099278639319658, input timescale: 1.0
Tree height after scaling: 1.0, mutation rate: 0.7099278639319658
Tree height pre-scaling: 0.7099278771834863, input timescale: 1.0
Tree height after scaling: 0.9999999999999999, mutation rate: 0.7099278771834863
Tree height pre-scaling: 0.7099279493414724, input timescale: 1.0
Tree height after scaling: 1.0, mutation rate: 0.7099279493414724
Tree height pre-scaling: 0.7099278677082859, input timescale: 1.0
Tree height after scaling: 1.0, mutation rate: 0.7099278677082859
Tree height pre-scaling: 0.7099279152622584, input timescale: 1.0
Tree height after scaling: 1.0, mutation rate: 0.7099279152622584
Tree height pre-scaling: 0.7099279315636887, input timescale: 1.0
Tree height after scaling: 0.9999999999999999, mutation rate: 0.7099279315636887
Runtime (s): 4.085309334
