Launching LAML version 0.0.4
LAML was called as follows: /Users/uym2/my_gits/LAML/run_laml.py -c ../../evaluation/Bar11/Bar11_character_matrix.txt -t place_outlier8/augmented_tree_126.nwk -o place_outlier8/augmented_tree_126_optimized -v -p ../../evaluation/Bar11/Bar11_priors.pickle --delimiter tab -m -1 --nInitials 1
Prior keys mismatch with site names.
Prior keys: [0, 1, 2, 3, 4, 5, 6, 7, 8, 9, 10, 11, 12, 13, 14, 15, 16, 17, 18, 19, 20, 21, 22, 23, 24, 25, 26]
Site names: ['r1', 'r2', 'r3', 'r4', 'r5', 'r6', 'r7', 'r8', 'r9', 'r10', 'r11', 'r12', 'r13', 'r14', 'r15', 'r16', 'r17', 'r18', 'r19', 'r20', 'r21', 'r22', 'r23', 'r24', 'r25', 'r26', 'r27']
Attempting to infer mapping between site names and prior keys...
{'r1': 0, 'r2': 1, 'r3': 2, 'r4': 3, 'r5': 4, 'r6': 5, 'r7': 6, 'r8': 7, 'r9': 8, 'r10': 9, 'r11': 10, 'r12': 11, 'r13': 12, 'r14': 13, 'r15': 14, 'r16': 15, 'r17': 16, 'r18': 17, 'r19': 18, 'r20': 19, 'r21': 20, 'r22': 21, 'r23': 22, 'r24': 23, 'r25': 24, 'r26': 25, 'r27': 26}
Optimizing branch lengths, phi, and nu without topology search
Optimization by EM algorithm
Optimization start with 1 initials
Initial point 1. Random seed: 9018
Numerical optimization started with ultrametric constraint (default)
Initial phi: 0. Initial nu: 0.26955655566205877. Initial nllh: 9695.52919214512
Starting EM iter: 1
Estep
Estep runtime (s): 0.06633591651916504
Mstep
Optimizing phi
Optimizing branch lengths. Current phi: 0. Current nu:0.26955655566205877
Optimizing nu
Mstep runtime (s): 0.21295595169067383
Finished EM iter: 1. Current nllh: 7933.321715600709
Starting EM iter: 2
Estep
Estep runtime (s): 0.08926701545715332
Mstep
Optimizing phi
Optimizing branch lengths. Current phi: 0. Current nu:0.2746698778898975
Optimizing nu
Mstep runtime (s): 0.20273995399475098
Finished EM iter: 2. Current nllh: 7903.955719305197
Starting EM iter: 3
Estep
Estep runtime (s): 0.08871030807495117
Mstep
Optimizing phi
Optimizing branch lengths. Current phi: 0. Current nu:0.27083954070931915
Optimizing nu
Mstep runtime (s): 0.20056581497192383
Finished EM iter: 3. Current nllh: 7900.870521368953
Starting EM iter: 4
Estep
Estep runtime (s): 0.08951306343078613
Mstep
Optimizing phi
Optimizing branch lengths. Current phi: 0. Current nu:0.26820970704336705
Optimizing nu
Mstep runtime (s): 0.22209978103637695
Finished EM iter: 4. Current nllh: 7900.624250082983
Starting EM iter: 5
Estep
Estep runtime (s): 0.09047412872314453
Mstep
Optimizing phi
Optimizing branch lengths. Current phi: 0. Current nu:0.2671583245537212
Optimizing nu
Mstep runtime (s): 0.2540569305419922
Finished EM iter: 5. Current nllh: 7900.56090691059
Starting EM iter: 6
Estep
Estep runtime (s): 0.09397411346435547
Mstep
Optimizing phi
Optimizing branch lengths. Current phi: 0. Current nu:0.26678951850112076
Optimizing nu
Mstep runtime (s): 0.2181239128112793
Finished EM iter: 6. Current nllh: 7900.5276067545055
Starting EM iter: 7
Estep
Estep runtime (s): 0.08914518356323242
Mstep
Optimizing phi
Optimizing branch lengths. Current phi: 0. Current nu:0.2666593104324782
Optimizing nu
Mstep runtime (s): 0.22008085250854492
Finished EM iter: 7. Current nllh: 7900.505905883008
Starting EM iter: 8
Estep
Estep runtime (s): 0.09271788597106934
Mstep
Optimizing phi
Optimizing branch lengths. Current phi: 0. Current nu:0.2666122014004073
Optimizing nu
Mstep runtime (s): 0.21136093139648438
Finished EM iter: 8. Current nllh: 7900.490917949349
Starting EM iter: 9
Estep
Estep runtime (s): 0.08925199508666992
Mstep
Optimizing phi
Optimizing branch lengths. Current phi: 0. Current nu:0.26659351779183516
Optimizing nu
Mstep runtime (s): 0.22072124481201172
Finished EM iter: 9. Current nllh: 7900.480092506697
Starting EM iter: 10
Estep
Estep runtime (s): 0.08941102027893066
Mstep
Optimizing phi
Optimizing branch lengths. Current phi: 0. Current nu:0.26658624328829567
Optimizing nu
Mstep runtime (s): 0.21010708808898926
Finished EM iter: 10. Current nllh: 7900.473473594782
Starting EM iter: 11
Estep
Estep runtime (s): 0.08930730819702148
Mstep
Optimizing phi
Optimizing branch lengths. Current phi: 0. Current nu:0.2665814298490017
Optimizing nu
Mstep runtime (s): 0.23833179473876953
Finished EM iter: 11. Current nllh: 7900.47350501598
EM finished after 11 iterations.
Optimal phi: 0. Optimal nu: 0.2665757400162158. Optimal nllh: 7900.47350501598
Optimal point found for initial point 1
Numerical optimization finished successfully
Tree height pre-scaling: 0.712353069440892, input timescale: 1.0
Tree height after scaling: 1.0, mutation rate: 0.712353069440892
Tree height pre-scaling: 0.7123530694824476, input timescale: 1.0
Tree height after scaling: 1.0, mutation rate: 0.7123530694824476
Tree height pre-scaling: 0.7123530696694507, input timescale: 1.0
Tree height after scaling: 1.0, mutation rate: 0.7123530696694507
Tree height pre-scaling: 0.7123530699196727, input timescale: 1.0
Tree height after scaling: 1.0, mutation rate: 0.7123530699196727
Tree height pre-scaling: 0.7123530698285987, input timescale: 1.0
Tree height after scaling: 1.0, mutation rate: 0.7123530698285987
Tree height pre-scaling: 0.7123530697751808, input timescale: 1.0
Tree height after scaling: 1.0000000000000002, mutation rate: 0.7123530697751808
Tree height pre-scaling: 0.7123530693619318, input timescale: 1.0
Tree height after scaling: 1.0, mutation rate: 0.7123530693619318
Tree height pre-scaling: 0.712353069372344, input timescale: 1.0
Tree height after scaling: 1.0, mutation rate: 0.712353069372344
Tree height pre-scaling: 0.7123530694184453, input timescale: 1.0
Tree height after scaling: 1.0, mutation rate: 0.7123530694184453
Tree height pre-scaling: 0.7123530696922983, input timescale: 1.0
Tree height after scaling: 1.0, mutation rate: 0.7123530696922983
Tree height pre-scaling: 0.7123530697915347, input timescale: 1.0
Tree height after scaling: 1.0, mutation rate: 0.7123530697915347
Tree height pre-scaling: 0.7123530693235421, input timescale: 1.0
Tree height after scaling: 0.9999999999999999, mutation rate: 0.7123530693235421
Tree height pre-scaling: 0.712353069424184, input timescale: 1.0
Tree height after scaling: 1.0, mutation rate: 0.712353069424184
Tree height pre-scaling: 0.712353069693793, input timescale: 1.0
Tree height after scaling: 1.0, mutation rate: 0.712353069693793
Runtime (s): 3.834158834
