Launching LAML version 0.0.4
LAML was called as follows: /Users/uym2/my_gits/LAML/run_laml.py -c ../../evaluation/Bar11/Bar11_character_matrix.txt -t place_outlier8/augmented_tree_46.nwk -o place_outlier8/augmented_tree_46_optimized -v -p ../../evaluation/Bar11/Bar11_priors.pickle --delimiter tab -m -1 --nInitials 1
Prior keys mismatch with site names.
Prior keys: [0, 1, 2, 3, 4, 5, 6, 7, 8, 9, 10, 11, 12, 13, 14, 15, 16, 17, 18, 19, 20, 21, 22, 23, 24, 25, 26]
Site names: ['r1', 'r2', 'r3', 'r4', 'r5', 'r6', 'r7', 'r8', 'r9', 'r10', 'r11', 'r12', 'r13', 'r14', 'r15', 'r16', 'r17', 'r18', 'r19', 'r20', 'r21', 'r22', 'r23', 'r24', 'r25', 'r26', 'r27']
Attempting to infer mapping between site names and prior keys...
{'r1': 0, 'r2': 1, 'r3': 2, 'r4': 3, 'r5': 4, 'r6': 5, 'r7': 6, 'r8': 7, 'r9': 8, 'r10': 9, 'r11': 10, 'r12': 11, 'r13': 12, 'r14': 13, 'r15': 14, 'r16': 15, 'r17': 16, 'r18': 17, 'r19': 18, 'r20': 19, 'r21': 20, 'r22': 21, 'r23': 22, 'r24': 23, 'r25': 24, 'r26': 25, 'r27': 26}
Optimizing branch lengths, phi, and nu without topology search
Optimization by EM algorithm
Optimization start with 1 initials
Initial point 1. Random seed: 9256
Numerical optimization started with ultrametric constraint (default)
Initial phi: 0. Initial nu: 0.26955655566205877. Initial nllh: 9549.68073355047
Starting EM iter: 1
Estep
Estep runtime (s): 0.06667184829711914
Mstep
Optimizing phi
Optimizing branch lengths. Current phi: 0. Current nu:0.26955655566205877
Optimizing nu
Mstep runtime (s): 0.22005987167358398
Finished EM iter: 1. Current nllh: 7862.058729584254
Starting EM iter: 2
Estep
Estep runtime (s): 0.0895087718963623
Mstep
Optimizing phi
Optimizing branch lengths. Current phi: 0. Current nu:0.2742099312520818
Optimizing nu
Mstep runtime (s): 0.24088406562805176
Finished EM iter: 2. Current nllh: 7829.863277299951
Starting EM iter: 3
Estep
Estep runtime (s): 0.08917593955993652
Mstep
Optimizing phi
Optimizing branch lengths. Current phi: 0. Current nu:0.27235428941882067
Optimizing nu
Mstep runtime (s): 0.22637677192687988
Finished EM iter: 3. Current nllh: 7826.3945578245
Starting EM iter: 4
Estep
Estep runtime (s): 0.08936500549316406
Mstep
Optimizing phi
Optimizing branch lengths. Current phi: 0. Current nu:0.27051657470720075
Optimizing nu
Mstep runtime (s): 0.3245360851287842
Finished EM iter: 4. Current nllh: 7826.067638615165
Starting EM iter: 5
Estep
Estep runtime (s): 0.08882713317871094
Mstep
Optimizing phi
Optimizing branch lengths. Current phi: 0. Current nu:0.2697233117202378
Optimizing nu
Mstep runtime (s): 0.21446919441223145
Finished EM iter: 5. Current nllh: 7825.986279082981
Starting EM iter: 6
Estep
Estep runtime (s): 0.0888986587524414
Mstep
Optimizing phi
Optimizing branch lengths. Current phi: 0. Current nu:0.2694482543743333
Optimizing nu
Mstep runtime (s): 0.22478389739990234
Finished EM iter: 6. Current nllh: 7825.949893176528
Starting EM iter: 7
Estep
Estep runtime (s): 0.09021496772766113
Mstep
Optimizing phi
Optimizing branch lengths. Current phi: 0. Current nu:0.2693518021718057
Optimizing nu
Mstep runtime (s): 0.2013258934020996
Finished EM iter: 7. Current nllh: 7825.927934623363
Starting EM iter: 8
Estep
Estep runtime (s): 0.08978009223937988
Mstep
Optimizing phi
Optimizing branch lengths. Current phi: 0. Current nu:0.26931758311494847
Optimizing nu
Mstep runtime (s): 0.21654796600341797
Finished EM iter: 8. Current nllh: 7825.913073900767
Starting EM iter: 9
Estep
Estep runtime (s): 0.08953094482421875
Mstep
Optimizing phi
Optimizing branch lengths. Current phi: 0. Current nu:0.2693046677333943
Optimizing nu
Mstep runtime (s): 0.19705438613891602
Finished EM iter: 9. Current nllh: 7825.902556367163
Starting EM iter: 10
Estep
Estep runtime (s): 0.08980798721313477
Mstep
Optimizing phi
Optimizing branch lengths. Current phi: 0. Current nu:0.26929897504352374
Optimizing nu
Mstep runtime (s): 0.19705796241760254
Finished EM iter: 10. Current nllh: 7825.89570201085
Starting EM iter: 11
Estep
Estep runtime (s): 0.08957195281982422
Mstep
Optimizing phi
Optimizing branch lengths. Current phi: 0. Current nu:0.2692948998635037
Optimizing nu
Mstep runtime (s): 0.20865678787231445
Finished EM iter: 11. Current nllh: 7825.895762522333
EM finished after 11 iterations.
Optimal phi: 0. Optimal nu: 0.2692894881865754. Optimal nllh: 7825.895762522333
Optimal point found for initial point 1
Numerical optimization finished successfully
Tree height pre-scaling: 0.712379090397834, input timescale: 1.0
Tree height after scaling: 1.0, mutation rate: 0.712379090397834
Tree height pre-scaling: 0.7123790903999683, input timescale: 1.0
Tree height after scaling: 1.0, mutation rate: 0.7123790903999683
Tree height pre-scaling: 0.7123790904139837, input timescale: 1.0
Tree height after scaling: 1.0, mutation rate: 0.7123790904139837
Tree height pre-scaling: 0.7123790904304134, input timescale: 1.0
Tree height after scaling: 1.0, mutation rate: 0.7123790904304134
Tree height pre-scaling: 0.7123790904224916, input timescale: 1.0
Tree height after scaling: 1.0, mutation rate: 0.7123790904224916
Tree height pre-scaling: 0.7123790904191789, input timescale: 1.0
Tree height after scaling: 1.0, mutation rate: 0.7123790904191789
Tree height pre-scaling: 0.7123790903924223, input timescale: 1.0
Tree height after scaling: 0.9999999999999999, mutation rate: 0.7123790903924223
Tree height pre-scaling: 0.7123790904361893, input timescale: 1.0
Tree height after scaling: 1.0, mutation rate: 0.7123790904361893
Tree height pre-scaling: 0.7123790903964413, input timescale: 1.0
Tree height after scaling: 1.0, mutation rate: 0.7123790903964413
Tree height pre-scaling: 0.7123790903988874, input timescale: 1.0
Tree height after scaling: 1.0000000000000002, mutation rate: 0.7123790903988874
Tree height pre-scaling: 0.7123790903927156, input timescale: 1.0
Tree height after scaling: 1.0, mutation rate: 0.7123790903927156
Tree height pre-scaling: 0.7123790903962998, input timescale: 1.0
Tree height after scaling: 1.0, mutation rate: 0.7123790903962998
Tree height pre-scaling: 0.7123790904147014, input timescale: 1.0
Tree height after scaling: 1.0, mutation rate: 0.7123790904147014
Tree height pre-scaling: 0.7123790904166232, input timescale: 1.0
Tree height after scaling: 1.0000000000000002, mutation rate: 0.7123790904166232
Runtime (s): 3.8834371670000003
