Launching LAML version 0.0.4
LAML was called as follows: /Users/uym2/my_gits/LAML/run_laml.py -c ../../evaluation/Bar11/Bar11_character_matrix.txt -t place_outlier8/augmented_tree_298.nwk -o place_outlier8/augmented_tree_298_optimized -v -p ../../evaluation/Bar11/Bar11_priors.pickle --delimiter tab -m -1 --nInitials 1
Prior keys mismatch with site names.
Prior keys: [0, 1, 2, 3, 4, 5, 6, 7, 8, 9, 10, 11, 12, 13, 14, 15, 16, 17, 18, 19, 20, 21, 22, 23, 24, 25, 26]
Site names: ['r1', 'r2', 'r3', 'r4', 'r5', 'r6', 'r7', 'r8', 'r9', 'r10', 'r11', 'r12', 'r13', 'r14', 'r15', 'r16', 'r17', 'r18', 'r19', 'r20', 'r21', 'r22', 'r23', 'r24', 'r25', 'r26', 'r27']
Attempting to infer mapping between site names and prior keys...
{'r1': 0, 'r2': 1, 'r3': 2, 'r4': 3, 'r5': 4, 'r6': 5, 'r7': 6, 'r8': 7, 'r9': 8, 'r10': 9, 'r11': 10, 'r12': 11, 'r13': 12, 'r14': 13, 'r15': 14, 'r16': 15, 'r17': 16, 'r18': 17, 'r19': 18, 'r20': 19, 'r21': 20, 'r22': 21, 'r23': 22, 'r24': 23, 'r25': 24, 'r26': 25, 'r27': 26}
Optimizing branch lengths, phi, and nu without topology search
Optimization by EM algorithm
Optimization start with 1 initials
Initial point 1. Random seed: 3226
Numerical optimization started with ultrametric constraint (default)
Initial phi: 0. Initial nu: 0.26955655566205877. Initial nllh: 9450.691144941587
Starting EM iter: 1
Estep
Estep runtime (s): 0.06618499755859375
Mstep
Optimizing phi
Optimizing branch lengths. Current phi: 0. Current nu:0.26955655566205877
Optimizing nu
Mstep runtime (s): 0.26721787452697754
Finished EM iter: 1. Current nllh: 7871.084770831857
Starting EM iter: 2
Estep
Estep runtime (s): 0.0901329517364502
Mstep
Optimizing phi
Optimizing branch lengths. Current phi: 0. Current nu:0.28035517559605555
Optimizing nu
Mstep runtime (s): 0.20740723609924316
Finished EM iter: 2. Current nllh: 7834.304673291749
Starting EM iter: 3
Estep
Estep runtime (s): 0.09036898612976074
Mstep
Optimizing phi
Optimizing branch lengths. Current phi: 0. Current nu:0.27793337816547886
Optimizing nu
Mstep runtime (s): 0.20608806610107422
Finished EM iter: 3. Current nllh: 7829.926251989721
Starting EM iter: 4
Estep
Estep runtime (s): 0.09029483795166016
Mstep
Optimizing phi
Optimizing branch lengths. Current phi: 0. Current nu:0.27521940809133216
Optimizing nu
Mstep runtime (s): 0.2034931182861328
Finished EM iter: 4. Current nllh: 7829.423982476216
Starting EM iter: 5
Estep
Estep runtime (s): 0.0902109146118164
Mstep
Optimizing phi
Optimizing branch lengths. Current phi: 0. Current nu:0.27391857250265733
Optimizing nu
Mstep runtime (s): 0.21282529830932617
Finished EM iter: 5. Current nllh: 7829.319668868029
Starting EM iter: 6
Estep
Estep runtime (s): 0.09033918380737305
Mstep
Optimizing phi
Optimizing branch lengths. Current phi: 0. Current nu:0.2734210703410304
Optimizing nu
Mstep runtime (s): 0.26874637603759766
Finished EM iter: 6. Current nllh: 7829.2862078341395
Starting EM iter: 7
Estep
Estep runtime (s): 0.09024214744567871
Mstep
Optimizing phi
Optimizing branch lengths. Current phi: 0. Current nu:0.2732448792920486
Optimizing nu
Mstep runtime (s): 0.250241756439209
Finished EM iter: 7. Current nllh: 7829.264978219463
Starting EM iter: 8
Estep
Estep runtime (s): 0.09048008918762207
Mstep
Optimizing phi
Optimizing branch lengths. Current phi: 0. Current nu:0.27318671221667196
Optimizing nu
Mstep runtime (s): 0.22027587890625
Finished EM iter: 8. Current nllh: 7829.250241220336
Starting EM iter: 9
Estep
Estep runtime (s): 0.09034585952758789
Mstep
Optimizing phi
Optimizing branch lengths. Current phi: 0. Current nu:0.2731674134681882
Optimizing nu
Mstep runtime (s): 0.2205357551574707
Finished EM iter: 9. Current nllh: 7829.239851592547
Starting EM iter: 10
Estep
Estep runtime (s): 0.09063601493835449
Mstep
Optimizing phi
Optimizing branch lengths. Current phi: 0. Current nu:0.27316006231303397
Optimizing nu
Mstep runtime (s): 0.24968409538269043
Finished EM iter: 10. Current nllh: 7829.233172538876
Starting EM iter: 11
Estep
Estep runtime (s): 0.0904073715209961
Mstep
Optimizing phi
Optimizing branch lengths. Current phi: 0. Current nu:0.273157256477785
Optimizing nu
Mstep runtime (s): 0.2793419361114502
Finished EM iter: 11. Current nllh: 7829.233183240038
EM finished after 11 iterations.
Optimal phi: 0. Optimal nu: 0.2731517803705415. Optimal nllh: 7829.233183240038
Optimal point found for initial point 1
Numerical optimization finished successfully
Tree height pre-scaling: 0.7109365160399201, input timescale: 1.0
Tree height after scaling: 1.0, mutation rate: 0.7109365160399201
Tree height pre-scaling: 0.7109365371488274, input timescale: 1.0
Tree height after scaling: 1.0, mutation rate: 0.7109365371488274
Tree height pre-scaling: 0.7109364755535371, input timescale: 1.0
Tree height after scaling: 1.0, mutation rate: 0.7109364755535371
Tree height pre-scaling: 0.7109365005233182, input timescale: 1.0
Tree height after scaling: 1.0, mutation rate: 0.7109365005233182
Tree height pre-scaling: 0.7109366532047808, input timescale: 1.0
Tree height after scaling: 1.0, mutation rate: 0.7109366532047808
Tree height pre-scaling: 0.7109367146244677, input timescale: 1.0
Tree height after scaling: 1.0, mutation rate: 0.7109367146244677
Tree height pre-scaling: 0.7109364486754814, input timescale: 1.0
Tree height after scaling: 0.9999999999999997, mutation rate: 0.7109364486754814
Tree height pre-scaling: 0.7109365144735378, input timescale: 1.0
Tree height after scaling: 1.0, mutation rate: 0.7109365144735378
Tree height pre-scaling: 0.710936797171271, input timescale: 1.0
Tree height after scaling: 1.0, mutation rate: 0.710936797171271
Tree height pre-scaling: 0.7109364702096147, input timescale: 1.0
Tree height after scaling: 0.9999999999999999, mutation rate: 0.7109364702096147
Tree height pre-scaling: 0.7109366604659471, input timescale: 1.0
Tree height after scaling: 1.0, mutation rate: 0.7109366604659471
Tree height pre-scaling: 0.7109365693762836, input timescale: 1.0
Tree height after scaling: 1.0, mutation rate: 0.7109365693762836
Tree height pre-scaling: 0.7109367322623099, input timescale: 1.0
Tree height after scaling: 1.0, mutation rate: 0.7109367322623099
Tree height pre-scaling: 0.7109367535471366, input timescale: 1.0
Tree height after scaling: 1.0, mutation rate: 0.7109367535471366
Runtime (s): 4.008416084
