Launching LAML version 0.0.4
LAML was called as follows: /Users/uym2/my_gits/LAML/run_laml.py -c ../../evaluation/Bar11/Bar11_character_matrix.txt -t place_outlier8/augmented_tree_346.nwk -o place_outlier8/augmented_tree_346_optimized -v -p ../../evaluation/Bar11/Bar11_priors.pickle --delimiter tab -m -1 --nInitials 1
Prior keys mismatch with site names.
Prior keys: [0, 1, 2, 3, 4, 5, 6, 7, 8, 9, 10, 11, 12, 13, 14, 15, 16, 17, 18, 19, 20, 21, 22, 23, 24, 25, 26]
Site names: ['r1', 'r2', 'r3', 'r4', 'r5', 'r6', 'r7', 'r8', 'r9', 'r10', 'r11', 'r12', 'r13', 'r14', 'r15', 'r16', 'r17', 'r18', 'r19', 'r20', 'r21', 'r22', 'r23', 'r24', 'r25', 'r26', 'r27']
Attempting to infer mapping between site names and prior keys...
{'r1': 0, 'r2': 1, 'r3': 2, 'r4': 3, 'r5': 4, 'r6': 5, 'r7': 6, 'r8': 7, 'r9': 8, 'r10': 9, 'r11': 10, 'r12': 11, 'r13': 12, 'r14': 13, 'r15': 14, 'r16': 15, 'r17': 16, 'r18': 17, 'r19': 18, 'r20': 19, 'r21': 20, 'r22': 21, 'r23': 22, 'r24': 23, 'r25': 24, 'r26': 25, 'r27': 26}
Optimizing branch lengths, phi, and nu without topology search
Optimization by EM algorithm
Optimization start with 1 initials
Initial point 1. Random seed: 3453
Numerical optimization started with ultrametric constraint (default)
Initial phi: 0. Initial nu: 0.26955655566205877. Initial nllh: 9777.16346136318
Starting EM iter: 1
Estep
Estep runtime (s): 0.0663611888885498
Mstep
Optimizing phi
Optimizing branch lengths. Current phi: 0. Current nu:0.26955655566205877
Optimizing nu
Mstep runtime (s): 0.24741506576538086
Finished EM iter: 1. Current nllh: 7879.0580175604955
Starting EM iter: 2
Estep
Estep runtime (s): 0.09075593948364258
Mstep
Optimizing phi
Optimizing branch lengths. Current phi: 0. Current nu:0.27817066956677355
Optimizing nu
Mstep runtime (s): 0.21879100799560547
Finished EM iter: 2. Current nllh: 7854.337149900452
Starting EM iter: 3
Estep
Estep runtime (s): 0.09108924865722656
Mstep
Optimizing phi
Optimizing branch lengths. Current phi: 0. Current nu:0.2770814187736104
Optimizing nu
Mstep runtime (s): 0.21393895149230957
Finished EM iter: 3. Current nllh: 7848.2546065199185
Starting EM iter: 4
Estep
Estep runtime (s): 0.09102106094360352
Mstep
Optimizing phi
Optimizing branch lengths. Current phi: 0. Current nu:0.27483292513676183
Optimizing nu
Mstep runtime (s): 0.24072504043579102
Finished EM iter: 4. Current nllh: 7847.486965880269
Starting EM iter: 5
Estep
Estep runtime (s): 0.09102988243103027
Mstep
Optimizing phi
Optimizing branch lengths. Current phi: 0. Current nu:0.273744751855684
Optimizing nu
Mstep runtime (s): 0.23726797103881836
Finished EM iter: 5. Current nllh: 7847.371402511589
Starting EM iter: 6
Estep
Estep runtime (s): 0.09100222587585449
Mstep
Optimizing phi
Optimizing branch lengths. Current phi: 0. Current nu:0.27333909225943515
Optimizing nu
Mstep runtime (s): 0.20440101623535156
Finished EM iter: 6. Current nllh: 7847.331712940402
Starting EM iter: 7
Estep
Estep runtime (s): 0.09132695198059082
Mstep
Optimizing phi
Optimizing branch lengths. Current phi: 0. Current nu:0.27318858321365247
Optimizing nu
Mstep runtime (s): 0.33892202377319336
Finished EM iter: 7. Current nllh: 7847.30737387513
Starting EM iter: 8
Estep
Estep runtime (s): 0.09082293510437012
Mstep
Optimizing phi
Optimizing branch lengths. Current phi: 0. Current nu:0.2731329921179719
Optimizing nu
Mstep runtime (s): 0.22005295753479004
Finished EM iter: 8. Current nllh: 7847.290987373078
Starting EM iter: 9
Estep
Estep runtime (s): 0.0909271240234375
Mstep
Optimizing phi
Optimizing branch lengths. Current phi: 0. Current nu:0.27311132058125537
Optimizing nu
Mstep runtime (s): 0.24297308921813965
Finished EM iter: 9. Current nllh: 7847.27952439468
Starting EM iter: 10
Estep
Estep runtime (s): 0.09125900268554688
Mstep
Optimizing phi
Optimizing branch lengths. Current phi: 0. Current nu:0.273102097942275
Optimizing nu
Mstep runtime (s): 0.20247697830200195
Finished EM iter: 10. Current nllh: 7847.271317332724
Starting EM iter: 11
Estep
Estep runtime (s): 0.09013891220092773
Mstep
Optimizing phi
Optimizing branch lengths. Current phi: 0. Current nu:0.27309762958217615
Optimizing nu
Mstep runtime (s): 0.22642898559570312
Finished EM iter: 11. Current nllh: 7847.270635925151
Starting EM iter: 12
Estep
Estep runtime (s): 0.09116911888122559
Mstep
Optimizing phi
Optimizing branch lengths. Current phi: 0. Current nu:0.2730925990008487
Optimizing nu
Mstep runtime (s): 0.20885992050170898
Finished EM iter: 12. Current nllh: 7847.270855114058
Starting EM iter: 13
Estep
Estep runtime (s): 0.09119892120361328
Mstep
Optimizing phi
Optimizing branch lengths. Current phi: 0. Current nu:0.2730893930633344
Optimizing nu
Mstep runtime (s): 0.19311904907226562
Finished EM iter: 13. Current nllh: 7847.270897718119
EM finished after 13 iterations.
Optimal phi: 0. Optimal nu: 0.2730882866776944. Optimal nllh: 7847.270897718119
Optimal point found for initial point 1
Numerical optimization finished successfully
Tree height pre-scaling: 0.7099370519500428, input timescale: 1.0
Tree height after scaling: 1.0, mutation rate: 0.7099370519500428
Tree height pre-scaling: 0.7099370518282131, input timescale: 1.0
Tree height after scaling: 1.0, mutation rate: 0.7099370518282131
Tree height pre-scaling: 0.7099370520512055, input timescale: 1.0
Tree height after scaling: 1.0, mutation rate: 0.7099370520512055
Tree height pre-scaling: 0.7099370520942173, input timescale: 1.0
Tree height after scaling: 1.0, mutation rate: 0.7099370520942173
Tree height pre-scaling: 0.709937051726215, input timescale: 1.0
Tree height after scaling: 1.0000000000000002, mutation rate: 0.709937051726215
Tree height pre-scaling: 0.7099370518499363, input timescale: 1.0
Tree height after scaling: 1.0, mutation rate: 0.7099370518499363
Tree height pre-scaling: 0.7099370522496933, input timescale: 1.0
Tree height after scaling: 1.0, mutation rate: 0.7099370522496933
Tree height pre-scaling: 0.70993705179375, input timescale: 1.0
Tree height after scaling: 1.0, mutation rate: 0.70993705179375
Tree height pre-scaling: 0.7099370520490412, input timescale: 1.0
Tree height after scaling: 1.0, mutation rate: 0.7099370520490412
Tree height pre-scaling: 0.7099370519394468, input timescale: 1.0
Tree height after scaling: 1.0, mutation rate: 0.7099370519394468
Tree height pre-scaling: 0.7099370521520739, input timescale: 1.0
Tree height after scaling: 1.0, mutation rate: 0.7099370521520739
Tree height pre-scaling: 0.709937052092246, input timescale: 1.0
Tree height after scaling: 1.0, mutation rate: 0.709937052092246
Tree height pre-scaling: 0.7099370520506572, input timescale: 1.0
Tree height after scaling: 1.0, mutation rate: 0.7099370520506572
Tree height pre-scaling: 0.7099370516848318, input timescale: 1.0
Tree height after scaling: 1.0, mutation rate: 0.7099370516848318
Runtime (s): 4.655510334
