Launching LAML version 0.0.4
LAML was called as follows: /Users/uym2/my_gits/LAML/run_laml.py -c ../../evaluation/Bar11/Bar11_character_matrix.txt -t place_outlier8/augmented_tree_282.nwk -o place_outlier8/augmented_tree_282_optimized -v -p ../../evaluation/Bar11/Bar11_priors.pickle --delimiter tab -m -1 --nInitials 1
Prior keys mismatch with site names.
Prior keys: [0, 1, 2, 3, 4, 5, 6, 7, 8, 9, 10, 11, 12, 13, 14, 15, 16, 17, 18, 19, 20, 21, 22, 23, 24, 25, 26]
Site names: ['r1', 'r2', 'r3', 'r4', 'r5', 'r6', 'r7', 'r8', 'r9', 'r10', 'r11', 'r12', 'r13', 'r14', 'r15', 'r16', 'r17', 'r18', 'r19', 'r20', 'r21', 'r22', 'r23', 'r24', 'r25', 'r26', 'r27']
Attempting to infer mapping between site names and prior keys...
{'r1': 0, 'r2': 1, 'r3': 2, 'r4': 3, 'r5': 4, 'r6': 5, 'r7': 6, 'r8': 7, 'r9': 8, 'r10': 9, 'r11': 10, 'r12': 11, 'r13': 12, 'r14': 13, 'r15': 14, 'r16': 15, 'r17': 16, 'r18': 17, 'r19': 18, 'r20': 19, 'r21': 20, 'r22': 21, 'r23': 22, 'r24': 23, 'r25': 24, 'r26': 25, 'r27': 26}
Optimizing branch lengths, phi, and nu without topology search
Optimization by EM algorithm
Optimization start with 1 initials
Initial point 1. Random seed: 5411
Numerical optimization started with ultrametric constraint (default)
Initial phi: 0. Initial nu: 0.26955655566205877. Initial nllh: 9657.914201717203
Starting EM iter: 1
Estep
Estep runtime (s): 0.06715798377990723
Mstep
Optimizing phi
Optimizing branch lengths. Current phi: 0. Current nu:0.26955655566205877
Optimizing nu
Mstep runtime (s): 0.2335822582244873
Finished EM iter: 1. Current nllh: 7965.155852051434
Starting EM iter: 2
Estep
Estep runtime (s): 0.0894467830657959
Mstep
Optimizing phi
Optimizing branch lengths. Current phi: 0. Current nu:0.27951225970459453
Optimizing nu
Mstep runtime (s): 0.2520439624786377
Finished EM iter: 2. Current nllh: 7921.044666064898
Starting EM iter: 3
Estep
Estep runtime (s): 0.08996987342834473
Mstep
Optimizing phi
Optimizing branch lengths. Current phi: 0. Current nu:0.27768684051965364
Optimizing nu
Mstep runtime (s): 0.22192716598510742
Finished EM iter: 3. Current nllh: 7916.426080567578
Starting EM iter: 4
Estep
Estep runtime (s): 0.08986616134643555
Mstep
Optimizing phi
Optimizing branch lengths. Current phi: 0. Current nu:0.2752902668114861
Optimizing nu
Mstep runtime (s): 0.23360109329223633
Finished EM iter: 4. Current nllh: 7915.805042853985
Starting EM iter: 5
Estep
Estep runtime (s): 0.08919191360473633
Mstep
Optimizing phi
Optimizing branch lengths. Current phi: 0. Current nu:0.27420084845264975
Optimizing nu
Mstep runtime (s): 0.2274942398071289
Finished EM iter: 5. Current nllh: 7915.636106076985
Starting EM iter: 6
Estep
Estep runtime (s): 0.08964300155639648
Mstep
Optimizing phi
Optimizing branch lengths. Current phi: 0. Current nu:0.27378802067952435
Optimizing nu
Mstep runtime (s): 0.241257905960083
Finished EM iter: 6. Current nllh: 7915.584419662947
Starting EM iter: 7
Estep
Estep runtime (s): 0.08978390693664551
Mstep
Optimizing phi
Optimizing branch lengths. Current phi: 0. Current nu:0.2736272714937695
Optimizing nu
Mstep runtime (s): 0.22409296035766602
Finished EM iter: 7. Current nllh: 7915.554776015769
Starting EM iter: 8
Estep
Estep runtime (s): 0.09008502960205078
Mstep
Optimizing phi
Optimizing branch lengths. Current phi: 0. Current nu:0.2735670097481097
Optimizing nu
Mstep runtime (s): 0.20763301849365234
Finished EM iter: 8. Current nllh: 7915.535732058172
Starting EM iter: 9
Estep
Estep runtime (s): 0.08954668045043945
Mstep
Optimizing phi
Optimizing branch lengths. Current phi: 0. Current nu:0.27354240129354973
Optimizing nu
Mstep runtime (s): 0.22150802612304688
Finished EM iter: 9. Current nllh: 7915.522433475481
Starting EM iter: 10
Estep
Estep runtime (s): 0.0899667739868164
Mstep
Optimizing phi
Optimizing branch lengths. Current phi: 0. Current nu:0.2735329340473593
Optimizing nu
Mstep runtime (s): 0.2415599822998047
Finished EM iter: 10. Current nllh: 7915.5132176744555
Starting EM iter: 11
Estep
Estep runtime (s): 0.08939218521118164
Mstep
Optimizing phi
Optimizing branch lengths. Current phi: 0. Current nu:0.27352775881097874
Optimizing nu
Mstep runtime (s): 0.23662209510803223
Finished EM iter: 11. Current nllh: 7915.510236975374
Starting EM iter: 12
Estep
Estep runtime (s): 0.08947372436523438
Mstep
Optimizing phi
Optimizing branch lengths. Current phi: 0. Current nu:0.27352278510005895
Optimizing nu
Mstep runtime (s): 0.2378549575805664
Finished EM iter: 12. Current nllh: 7915.510072717042
Starting EM iter: 13
Estep
Estep runtime (s): 0.08983397483825684
Mstep
Optimizing phi
Optimizing branch lengths. Current phi: 0. Current nu:0.2735195929392809
Optimizing nu
Mstep runtime (s): 0.24687814712524414
Finished EM iter: 13. Current nllh: 7915.510114362983
EM finished after 13 iterations.
Optimal phi: 0. Optimal nu: 0.2735177966598457. Optimal nllh: 7915.510114362983
Optimal point found for initial point 1
Numerical optimization finished successfully
Tree height pre-scaling: 0.7127729850014342, input timescale: 1.0
Tree height after scaling: 1.0, mutation rate: 0.7127729850014342
Tree height pre-scaling: 0.7127730035192974, input timescale: 1.0
Tree height after scaling: 1.0, mutation rate: 0.7127730035192974
Tree height pre-scaling: 0.7127730733967789, input timescale: 1.0
Tree height after scaling: 1.0, mutation rate: 0.7127730733967789
Tree height pre-scaling: 0.7127729528512483, input timescale: 1.0
Tree height after scaling: 1.0, mutation rate: 0.7127729528512483
Tree height pre-scaling: 0.7127729688765263, input timescale: 1.0
Tree height after scaling: 1.0000000000000002, mutation rate: 0.7127729688765263
Tree height pre-scaling: 0.7127730852722635, input timescale: 1.0
Tree height after scaling: 1.0, mutation rate: 0.7127730852722635
Tree height pre-scaling: 0.7127731403251519, input timescale: 1.0
Tree height after scaling: 1.0000000000000002, mutation rate: 0.7127731403251519
Tree height pre-scaling: 0.7127729380246253, input timescale: 1.0
Tree height after scaling: 1.0, mutation rate: 0.7127729380246253
Tree height pre-scaling: 0.7127729858915335, input timescale: 1.0
Tree height after scaling: 1.0, mutation rate: 0.7127729858915335
Tree height pre-scaling: 0.7127731922334107, input timescale: 1.0
Tree height after scaling: 1.0, mutation rate: 0.7127731922334107
Tree height pre-scaling: 0.7127729452074729, input timescale: 1.0
Tree height after scaling: 0.9999999999999999, mutation rate: 0.7127729452074729
Tree height pre-scaling: 0.7127730792489663, input timescale: 1.0
Tree height after scaling: 1.0, mutation rate: 0.7127730792489663
Tree height pre-scaling: 0.7127730169212075, input timescale: 1.0
Tree height after scaling: 1.0, mutation rate: 0.7127730169212075
Tree height pre-scaling: 0.7127732186953066, input timescale: 1.0
Tree height after scaling: 1.0, mutation rate: 0.7127732186953066
Runtime (s): 4.671143917
