Launching LAML version 0.0.4
LAML was called as follows: /Users/uym2/my_gits/LAML/run_laml.py -c ../../evaluation/Bar11/Bar11_character_matrix.txt -t place_outlier8/augmented_tree_204.nwk -o place_outlier8/augmented_tree_204_optimized -v -p ../../evaluation/Bar11/Bar11_priors.pickle --delimiter tab -m -1 --nInitials 1
Prior keys mismatch with site names.
Prior keys: [0, 1, 2, 3, 4, 5, 6, 7, 8, 9, 10, 11, 12, 13, 14, 15, 16, 17, 18, 19, 20, 21, 22, 23, 24, 25, 26]
Site names: ['r1', 'r2', 'r3', 'r4', 'r5', 'r6', 'r7', 'r8', 'r9', 'r10', 'r11', 'r12', 'r13', 'r14', 'r15', 'r16', 'r17', 'r18', 'r19', 'r20', 'r21', 'r22', 'r23', 'r24', 'r25', 'r26', 'r27']
Attempting to infer mapping between site names and prior keys...
{'r1': 0, 'r2': 1, 'r3': 2, 'r4': 3, 'r5': 4, 'r6': 5, 'r7': 6, 'r8': 7, 'r9': 8, 'r10': 9, 'r11': 10, 'r12': 11, 'r13': 12, 'r14': 13, 'r15': 14, 'r16': 15, 'r17': 16, 'r18': 17, 'r19': 18, 'r20': 19, 'r21': 20, 'r22': 21, 'r23': 22, 'r24': 23, 'r25': 24, 'r26': 25, 'r27': 26}
Optimizing branch lengths, phi, and nu without topology search
Optimization by EM algorithm
Optimization start with 1 initials
Initial point 1. Random seed: 5830
Numerical optimization started with ultrametric constraint (default)
Initial phi: 0. Initial nu: 0.26955655566205877. Initial nllh: 10260.99474226975
Starting EM iter: 1
Estep
Estep runtime (s): 0.0671699047088623
Mstep
Optimizing phi
Optimizing branch lengths. Current phi: 0. Current nu:0.26955655566205877
Optimizing nu
Mstep runtime (s): 0.24605488777160645
Finished EM iter: 1. Current nllh: 8299.463807086666
Starting EM iter: 2
Estep
Estep runtime (s): 0.09154510498046875
Mstep
Optimizing phi
Optimizing branch lengths. Current phi: 0. Current nu:0.268627259232479
Optimizing nu
Mstep runtime (s): 0.1946699619293213
Finished EM iter: 2. Current nllh: 8252.838727240945
Starting EM iter: 3
Estep
Estep runtime (s): 0.0912938117980957
Mstep
Optimizing phi
Optimizing branch lengths. Current phi: 0. Current nu:0.26421252788682725
Optimizing nu
Mstep runtime (s): 0.23114490509033203
Finished EM iter: 3. Current nllh: 8247.387908458104
Starting EM iter: 4
Estep
Estep runtime (s): 0.0915687084197998
Mstep
Optimizing phi
Optimizing branch lengths. Current phi: 0. Current nu:0.26127165234007554
Optimizing nu
Mstep runtime (s): 0.20509696006774902
Finished EM iter: 4. Current nllh: 8246.914153523956
Starting EM iter: 5
Estep
Estep runtime (s): 0.09218096733093262
Mstep
Optimizing phi
Optimizing branch lengths. Current phi: 0. Current nu:0.260078010871592
Optimizing nu
Mstep runtime (s): 0.22547388076782227
Finished EM iter: 5. Current nllh: 8246.823783982163
Starting EM iter: 6
Estep
Estep runtime (s): 0.09089112281799316
Mstep
Optimizing phi
Optimizing branch lengths. Current phi: 0. Current nu:0.25966298829068385
Optimizing nu
Mstep runtime (s): 0.2294163703918457
Finished EM iter: 6. Current nllh: 8246.783647513057
Starting EM iter: 7
Estep
Estep runtime (s): 0.09158492088317871
Mstep
Optimizing phi
Optimizing branch lengths. Current phi: 0. Current nu:0.2595221800712447
Optimizing nu
Mstep runtime (s): 0.1993579864501953
Finished EM iter: 7. Current nllh: 8246.759895343374
Starting EM iter: 8
Estep
Estep runtime (s): 0.09258699417114258
Mstep
Optimizing phi
Optimizing branch lengths. Current phi: 0. Current nu:0.259474859148192
Optimizing nu
Mstep runtime (s): 0.2133941650390625
Finished EM iter: 8. Current nllh: 8246.744115455367
Starting EM iter: 9
Estep
Estep runtime (s): 0.09157085418701172
Mstep
Optimizing phi
Optimizing branch lengths. Current phi: 0. Current nu:0.2594577695575483
Optimizing nu
Mstep runtime (s): 0.20502305030822754
Finished EM iter: 9. Current nllh: 8246.733151393923
Starting EM iter: 10
Estep
Estep runtime (s): 0.09274697303771973
Mstep
Optimizing phi
Optimizing branch lengths. Current phi: 0. Current nu:0.2594512407029254
Optimizing nu
Mstep runtime (s): 0.2188420295715332
Finished EM iter: 10. Current nllh: 8246.725184578012
Starting EM iter: 11
Estep
Estep runtime (s): 0.0908961296081543
Mstep
Optimizing phi
Optimizing branch lengths. Current phi: 0. Current nu:0.25944612194805
Optimizing nu
Mstep runtime (s): 0.2436511516571045
Finished EM iter: 11. Current nllh: 8246.72438513608
Starting EM iter: 12
Estep
Estep runtime (s): 0.09201788902282715
Mstep
Optimizing phi
Optimizing branch lengths. Current phi: 0. Current nu:0.259441541988278
Optimizing nu
Mstep runtime (s): 0.21521306037902832
Finished EM iter: 12. Current nllh: 8246.724364020476
EM finished after 12 iterations.
Optimal phi: 0. Optimal nu: 0.2594384520590622. Optimal nllh: 8246.724364020476
Optimal point found for initial point 1
Numerical optimization finished successfully
Tree height pre-scaling: 0.7418907289033901, input timescale: 1.0
Tree height after scaling: 1.0, mutation rate: 0.7418907289033901
Tree height pre-scaling: 0.7418907200616611, input timescale: 1.0
Tree height after scaling: 1.0, mutation rate: 0.7418907200616611
Tree height pre-scaling: 0.7418907673124105, input timescale: 1.0
Tree height after scaling: 1.0, mutation rate: 0.7418907673124105
Tree height pre-scaling: 0.7418907826824852, input timescale: 1.0
Tree height after scaling: 0.9999999999999998, mutation rate: 0.7418907826824852
Tree height pre-scaling: 0.7418907114229463, input timescale: 1.0
Tree height after scaling: 0.9999999999999998, mutation rate: 0.7418907114229463
Tree height pre-scaling: 0.7418907170946414, input timescale: 1.0
Tree height after scaling: 1.0, mutation rate: 0.7418907170946414
Tree height pre-scaling: 0.7418907731689908, input timescale: 1.0
Tree height after scaling: 1.0, mutation rate: 0.7418907731689908
Tree height pre-scaling: 0.7418907906235351, input timescale: 1.0
Tree height after scaling: 1.0000000000000002, mutation rate: 0.7418907906235351
Tree height pre-scaling: 0.7418907030297984, input timescale: 1.0
Tree height after scaling: 1.0, mutation rate: 0.7418907030297984
Tree height pre-scaling: 0.7418907299882347, input timescale: 1.0
Tree height after scaling: 1.0, mutation rate: 0.7418907299882347
Tree height pre-scaling: 0.7418908121366327, input timescale: 1.0
Tree height after scaling: 1.0, mutation rate: 0.7418908121366327
Tree height pre-scaling: 0.7418907063643376, input timescale: 1.0
Tree height after scaling: 1.0, mutation rate: 0.7418907063643376
Tree height pre-scaling: 0.7418907642802184, input timescale: 1.0
Tree height after scaling: 1.0, mutation rate: 0.7418907642802184
Tree height pre-scaling: 0.7418913769046844, input timescale: 1.0
Tree height after scaling: 1.0, mutation rate: 0.7418913769046844
Runtime (s): 4.187105000000001
