Launching LAML version 0.0.4
LAML was called as follows: /Users/uym2/my_gits/LAML/run_laml.py -c ../../evaluation/Bar11/Bar11_character_matrix.txt -t place_outlier8/augmented_tree_134.nwk -o place_outlier8/augmented_tree_134_optimized -v -p ../../evaluation/Bar11/Bar11_priors.pickle --delimiter tab -m -1 --nInitials 1
Prior keys mismatch with site names.
Prior keys: [0, 1, 2, 3, 4, 5, 6, 7, 8, 9, 10, 11, 12, 13, 14, 15, 16, 17, 18, 19, 20, 21, 22, 23, 24, 25, 26]
Site names: ['r1', 'r2', 'r3', 'r4', 'r5', 'r6', 'r7', 'r8', 'r9', 'r10', 'r11', 'r12', 'r13', 'r14', 'r15', 'r16', 'r17', 'r18', 'r19', 'r20', 'r21', 'r22', 'r23', 'r24', 'r25', 'r26', 'r27']
Attempting to infer mapping between site names and prior keys...
{'r1': 0, 'r2': 1, 'r3': 2, 'r4': 3, 'r5': 4, 'r6': 5, 'r7': 6, 'r8': 7, 'r9': 8, 'r10': 9, 'r11': 10, 'r12': 11, 'r13': 12, 'r14': 13, 'r15': 14, 'r16': 15, 'r17': 16, 'r18': 17, 'r19': 18, 'r20': 19, 'r21': 20, 'r22': 21, 'r23': 22, 'r24': 23, 'r25': 24, 'r26': 25, 'r27': 26}
Optimizing branch lengths, phi, and nu without topology search
Optimization by EM algorithm
Optimization start with 1 initials
Initial point 1. Random seed: 7757
Numerical optimization started with ultrametric constraint (default)
Initial phi: 0. Initial nu: 0.26955655566205877. Initial nllh: 10025.519108024055
Starting EM iter: 1
Estep
Estep runtime (s): 0.06689119338989258
Mstep
Optimizing phi
Optimizing branch lengths. Current phi: 0. Current nu:0.26955655566205877
Optimizing nu
Mstep runtime (s): 0.22583699226379395
Finished EM iter: 1. Current nllh: 8071.124047263387
Starting EM iter: 2
Estep
Estep runtime (s): 0.0917198657989502
Mstep
Optimizing phi
Optimizing branch lengths. Current phi: 0. Current nu:0.27812184105705196
Optimizing nu
Mstep runtime (s): 0.2647984027862549
Finished EM iter: 2. Current nllh: 8043.3867927388255
Starting EM iter: 3
Estep
Estep runtime (s): 0.0887448787689209
Mstep
Optimizing phi
Optimizing branch lengths. Current phi: 0. Current nu:0.2762346169713042
Optimizing nu
Mstep runtime (s): 0.1983187198638916
Finished EM iter: 3. Current nllh: 8040.710586858649
Starting EM iter: 4
Estep
Estep runtime (s): 0.08894586563110352
Mstep
Optimizing phi
Optimizing branch lengths. Current phi: 0. Current nu:0.2746116413917685
Optimizing nu
Mstep runtime (s): 0.20328688621520996
Finished EM iter: 4. Current nllh: 8040.467600580313
Starting EM iter: 5
Estep
Estep runtime (s): 0.08835196495056152
Mstep
Optimizing phi
Optimizing branch lengths. Current phi: 0. Current nu:0.2738986071149397
Optimizing nu
Mstep runtime (s): 0.21427297592163086
Finished EM iter: 5. Current nllh: 8040.393052586134
Starting EM iter: 6
Estep
Estep runtime (s): 0.08822226524353027
Mstep
Optimizing phi
Optimizing branch lengths. Current phi: 0. Current nu:0.2736323513412491
Optimizing nu
Mstep runtime (s): 0.20972108840942383
Finished EM iter: 6. Current nllh: 8040.356005013877
Starting EM iter: 7
Estep
Estep runtime (s): 0.08844590187072754
Mstep
Optimizing phi
Optimizing branch lengths. Current phi: 0. Current nu:0.273532227885028
Optimizing nu
Mstep runtime (s): 0.19332385063171387
Finished EM iter: 7. Current nllh: 8040.333268414504
Starting EM iter: 8
Estep
Estep runtime (s): 0.08882308006286621
Mstep
Optimizing phi
Optimizing branch lengths. Current phi: 0. Current nu:0.2734932016737606
Optimizing nu
Mstep runtime (s): 0.1995861530303955
Finished EM iter: 8. Current nllh: 8040.31800244775
Starting EM iter: 9
Estep
Estep runtime (s): 0.08896684646606445
Mstep
Optimizing phi
Optimizing branch lengths. Current phi: 0. Current nu:0.27347686983086794
Optimizing nu
Mstep runtime (s): 0.19730687141418457
Finished EM iter: 9. Current nllh: 8040.3073108744575
Starting EM iter: 10
Estep
Estep runtime (s): 0.08992600440979004
Mstep
Optimizing phi
Optimizing branch lengths. Current phi: 0. Current nu:0.2734698873515062
Optimizing nu
Mstep runtime (s): 0.21996307373046875
Finished EM iter: 10. Current nllh: 8040.299758415848
Starting EM iter: 11
Estep
Estep runtime (s): 0.08937978744506836
Mstep
Optimizing phi
Optimizing branch lengths. Current phi: 0. Current nu:0.27346313768224556
Optimizing nu
Mstep runtime (s): 0.2004232406616211
Finished EM iter: 11. Current nllh: 8040.299654874517
Starting EM iter: 12
Estep
Estep runtime (s): 0.0903620719909668
Mstep
Optimizing phi
Optimizing branch lengths. Current phi: 0. Current nu:0.2734592055547013
Optimizing nu
Mstep runtime (s): 0.1968231201171875
Finished EM iter: 12. Current nllh: 8040.299704688018
EM finished after 12 iterations.
Optimal phi: 0. Optimal nu: 0.27345760208504194. Optimal nllh: 8040.299704688018
Optimal point found for initial point 1
Numerical optimization finished successfully
Tree height pre-scaling: 0.7232155619549423, input timescale: 1.0
Tree height after scaling: 1.0, mutation rate: 0.7232155619549423
Tree height pre-scaling: 0.723215561927424, input timescale: 1.0
Tree height after scaling: 1.0, mutation rate: 0.723215561927424
Tree height pre-scaling: 0.7232155621723452, input timescale: 1.0
Tree height after scaling: 1.0, mutation rate: 0.7232155621723452
Tree height pre-scaling: 0.7232155623183751, input timescale: 1.0
Tree height after scaling: 1.0, mutation rate: 0.7232155623183751
Tree height pre-scaling: 0.7232155621781473, input timescale: 1.0
Tree height after scaling: 1.0, mutation rate: 0.7232155621781473
Tree height pre-scaling: 0.7232155622637285, input timescale: 1.0
Tree height after scaling: 1.0, mutation rate: 0.7232155622637285
Tree height pre-scaling: 0.7232155618531794, input timescale: 1.0
Tree height after scaling: 1.0, mutation rate: 0.7232155618531794
Tree height pre-scaling: 0.7232155618690271, input timescale: 1.0
Tree height after scaling: 1.0, mutation rate: 0.7232155618690271
Tree height pre-scaling: 0.7232155619118653, input timescale: 1.0
Tree height after scaling: 1.0, mutation rate: 0.7232155619118653
Tree height pre-scaling: 0.7232155622106133, input timescale: 1.0
Tree height after scaling: 1.0, mutation rate: 0.7232155622106133
Tree height pre-scaling: 0.7232155622769953, input timescale: 1.0
Tree height after scaling: 1.0, mutation rate: 0.7232155622769953
Tree height pre-scaling: 0.7232155618036369, input timescale: 1.0
Tree height after scaling: 1.0, mutation rate: 0.7232155618036369
Tree height pre-scaling: 0.723215561932595, input timescale: 1.0
Tree height after scaling: 0.9999999999999999, mutation rate: 0.723215561932595
Tree height pre-scaling: 0.7232155633412253, input timescale: 1.0
Tree height after scaling: 1.0, mutation rate: 0.7232155633412253
Runtime (s): 4.054498125
