Launching LAML version 0.0.4
LAML was called as follows: /Users/uym2/my_gits/LAML/run_laml.py -c ../../evaluation/Bar11/Bar11_character_matrix.txt -t place_outlier8/augmented_tree_130.nwk -o place_outlier8/augmented_tree_130_optimized -v -p ../../evaluation/Bar11/Bar11_priors.pickle --delimiter tab -m -1 --nInitials 1
Prior keys mismatch with site names.
Prior keys: [0, 1, 2, 3, 4, 5, 6, 7, 8, 9, 10, 11, 12, 13, 14, 15, 16, 17, 18, 19, 20, 21, 22, 23, 24, 25, 26]
Site names: ['r1', 'r2', 'r3', 'r4', 'r5', 'r6', 'r7', 'r8', 'r9', 'r10', 'r11', 'r12', 'r13', 'r14', 'r15', 'r16', 'r17', 'r18', 'r19', 'r20', 'r21', 'r22', 'r23', 'r24', 'r25', 'r26', 'r27']
Attempting to infer mapping between site names and prior keys...
{'r1': 0, 'r2': 1, 'r3': 2, 'r4': 3, 'r5': 4, 'r6': 5, 'r7': 6, 'r8': 7, 'r9': 8, 'r10': 9, 'r11': 10, 'r12': 11, 'r13': 12, 'r14': 13, 'r15': 14, 'r16': 15, 'r17': 16, 'r18': 17, 'r19': 18, 'r20': 19, 'r21': 20, 'r22': 21, 'r23': 22, 'r24': 23, 'r25': 24, 'r26': 25, 'r27': 26}
Optimizing branch lengths, phi, and nu without topology search
Optimization by EM algorithm
Optimization start with 1 initials
Initial point 1. Random seed: 3424
Numerical optimization started with ultrametric constraint (default)
Initial phi: 0. Initial nu: 0.26955655566205877. Initial nllh: 9482.422386859847
Starting EM iter: 1
Estep
Estep runtime (s): 0.06623291969299316
Mstep
Optimizing phi
Optimizing branch lengths. Current phi: 0. Current nu:0.26955655566205877
Optimizing nu
Mstep runtime (s): 0.21048307418823242
Finished EM iter: 1. Current nllh: 7916.7290977999055
Starting EM iter: 2
Estep
Estep runtime (s): 0.09161782264709473
Mstep
Optimizing phi
Optimizing branch lengths. Current phi: 0. Current nu:0.2773745289591218
Optimizing nu
Mstep runtime (s): 0.20116209983825684
Finished EM iter: 2. Current nllh: 7887.178774455844
Starting EM iter: 3
Estep
Estep runtime (s): 0.09033799171447754
Mstep
Optimizing phi
Optimizing branch lengths. Current phi: 0. Current nu:0.2749932606473195
Optimizing nu
Mstep runtime (s): 0.24323606491088867
Finished EM iter: 3. Current nllh: 7883.886604032831
Starting EM iter: 4
Estep
Estep runtime (s): 0.09147810935974121
Mstep
Optimizing phi
Optimizing branch lengths. Current phi: 0. Current nu:0.2727543947251075
Optimizing nu
Mstep runtime (s): 0.22472500801086426
Finished EM iter: 4. Current nllh: 7883.621510838917
Starting EM iter: 5
Estep
Estep runtime (s): 0.09042572975158691
Mstep
Optimizing phi
Optimizing branch lengths. Current phi: 0. Current nu:0.27174056177157324
Optimizing nu
Mstep runtime (s): 0.2005610466003418
Finished EM iter: 5. Current nllh: 7883.550317174616
Starting EM iter: 6
Estep
Estep runtime (s): 0.09123110771179199
Mstep
Optimizing phi
Optimizing branch lengths. Current phi: 0. Current nu:0.271365196215211
Optimizing nu
Mstep runtime (s): 0.19713211059570312
Finished EM iter: 6. Current nllh: 7883.514792780007
Starting EM iter: 7
Estep
Estep runtime (s): 0.09041619300842285
Mstep
Optimizing phi
Optimizing branch lengths. Current phi: 0. Current nu:0.27122871824057543
Optimizing nu
Mstep runtime (s): 0.2205522060394287
Finished EM iter: 7. Current nllh: 7883.4925212294065
Starting EM iter: 8
Estep
Estep runtime (s): 0.0927879810333252
Mstep
Optimizing phi
Optimizing branch lengths. Current phi: 0. Current nu:0.271177690359697
Optimizing nu
Mstep runtime (s): 0.20441889762878418
Finished EM iter: 8. Current nllh: 7883.477392179409
Starting EM iter: 9
Estep
Estep runtime (s): 0.0925757884979248
Mstep
Optimizing phi
Optimizing branch lengths. Current phi: 0. Current nu:0.27115741480305217
Optimizing nu
Mstep runtime (s): 0.19608426094055176
Finished EM iter: 9. Current nllh: 7883.466722693991
Starting EM iter: 10
Estep
Estep runtime (s): 0.09191679954528809
Mstep
Optimizing phi
Optimizing branch lengths. Current phi: 0. Current nu:0.271148536673621
Optimizing nu
Mstep runtime (s): 0.22818994522094727
Finished EM iter: 10. Current nllh: 7883.459547579804
Starting EM iter: 11
Estep
Estep runtime (s): 0.09107398986816406
Mstep
Optimizing phi
Optimizing branch lengths. Current phi: 0. Current nu:0.2711443565985984
Optimizing nu
Mstep runtime (s): 0.21756291389465332
Finished EM iter: 11. Current nllh: 7883.459560667445
EM finished after 11 iterations.
Optimal phi: 0. Optimal nu: 0.27113593313069023. Optimal nllh: 7883.459560667445
Optimal point found for initial point 1
Numerical optimization finished successfully
Tree height pre-scaling: 0.7158644407834166, input timescale: 1.0
Tree height after scaling: 1.0, mutation rate: 0.7158644407834166
Tree height pre-scaling: 0.7158644453091074, input timescale: 1.0
Tree height after scaling: 0.9999999999999998, mutation rate: 0.7158644453091074
Tree height pre-scaling: 0.7158644824968321, input timescale: 1.0
Tree height after scaling: 1.0, mutation rate: 0.7158644824968321
Tree height pre-scaling: 0.7158645266572603, input timescale: 1.0
Tree height after scaling: 1.0, mutation rate: 0.7158645266572603
Tree height pre-scaling: 0.7158645126043683, input timescale: 1.0
Tree height after scaling: 0.9999999999999999, mutation rate: 0.7158645126043683
Tree height pre-scaling: 0.715864525985167, input timescale: 1.0
Tree height after scaling: 1.0, mutation rate: 0.715864525985167
Tree height pre-scaling: 0.7158644205224709, input timescale: 1.0
Tree height after scaling: 1.0, mutation rate: 0.7158644205224709
Tree height pre-scaling: 0.7158644260238934, input timescale: 1.0
Tree height after scaling: 1.0, mutation rate: 0.7158644260238934
Tree height pre-scaling: 0.7158644329473305, input timescale: 1.0
Tree height after scaling: 1.0, mutation rate: 0.7158644329473305
Tree height pre-scaling: 0.7158644954037772, input timescale: 1.0
Tree height after scaling: 1.0, mutation rate: 0.7158644954037772
Tree height pre-scaling: 0.7158645146684124, input timescale: 1.0
Tree height after scaling: 1.0, mutation rate: 0.7158645146684124
Tree height pre-scaling: 0.7158644140860706, input timescale: 1.0
Tree height after scaling: 1.0, mutation rate: 0.7158644140860706
Tree height pre-scaling: 0.7158644399447897, input timescale: 1.0
Tree height after scaling: 1.0, mutation rate: 0.7158644399447897
Tree height pre-scaling: 0.7158646285580645, input timescale: 1.0
Tree height after scaling: 1.0, mutation rate: 0.7158646285580645
Runtime (s): 3.7875521250000004
