Launching LAML version 0.0.4
LAML was called as follows: /Users/uym2/my_gits/LAML/run_laml.py -c ../../evaluation/Bar11/Bar11_character_matrix.txt -t place_outlier8/augmented_tree_108.nwk -o place_outlier8/augmented_tree_108_optimized -v -p ../../evaluation/Bar11/Bar11_priors.pickle --delimiter tab -m -1 --nInitials 1
Prior keys mismatch with site names.
Prior keys: [0, 1, 2, 3, 4, 5, 6, 7, 8, 9, 10, 11, 12, 13, 14, 15, 16, 17, 18, 19, 20, 21, 22, 23, 24, 25, 26]
Site names: ['r1', 'r2', 'r3', 'r4', 'r5', 'r6', 'r7', 'r8', 'r9', 'r10', 'r11', 'r12', 'r13', 'r14', 'r15', 'r16', 'r17', 'r18', 'r19', 'r20', 'r21', 'r22', 'r23', 'r24', 'r25', 'r26', 'r27']
Attempting to infer mapping between site names and prior keys...
{'r1': 0, 'r2': 1, 'r3': 2, 'r4': 3, 'r5': 4, 'r6': 5, 'r7': 6, 'r8': 7, 'r9': 8, 'r10': 9, 'r11': 10, 'r12': 11, 'r13': 12, 'r14': 13, 'r15': 14, 'r16': 15, 'r17': 16, 'r18': 17, 'r19': 18, 'r20': 19, 'r21': 20, 'r22': 21, 'r23': 22, 'r24': 23, 'r25': 24, 'r26': 25, 'r27': 26}
Optimizing branch lengths, phi, and nu without topology search
Optimization by EM algorithm
Optimization start with 1 initials
Initial point 1. Random seed: 9180
Numerical optimization started with ultrametric constraint (default)
Initial phi: 0. Initial nu: 0.26955655566205877. Initial nllh: 9446.681624447961
Starting EM iter: 1
Estep
Estep runtime (s): 0.0677638053894043
Mstep
Optimizing phi
Optimizing branch lengths. Current phi: 0. Current nu:0.26955655566205877
Optimizing nu
Mstep runtime (s): 0.22685575485229492
Finished EM iter: 1. Current nllh: 8052.7846579898205
Starting EM iter: 2
Estep
Estep runtime (s): 0.0892636775970459
Mstep
Optimizing phi
Optimizing branch lengths. Current phi: 0. Current nu:0.268186707520519
Optimizing nu
Mstep runtime (s): 0.21460700035095215
Finished EM iter: 2. Current nllh: 8023.325052137895
Starting EM iter: 3
Estep
Estep runtime (s): 0.08912110328674316
Mstep
Optimizing phi
Optimizing branch lengths. Current phi: 0. Current nu:0.2651965348944207
Optimizing nu
Mstep runtime (s): 0.23325896263122559
Finished EM iter: 3. Current nllh: 8021.244356641431
Starting EM iter: 4
Estep
Estep runtime (s): 0.08914995193481445
Mstep
Optimizing phi
Optimizing branch lengths. Current phi: 0. Current nu:0.26365882880162217
Optimizing nu
Mstep runtime (s): 0.2155933380126953
Finished EM iter: 4. Current nllh: 8021.06352151376
Starting EM iter: 5
Estep
Estep runtime (s): 0.08916497230529785
Mstep
Optimizing phi
Optimizing branch lengths. Current phi: 0. Current nu:0.2630872751134235
Optimizing nu
Mstep runtime (s): 0.2113630771636963
Finished EM iter: 5. Current nllh: 8021.002296804894
Starting EM iter: 6
Estep
Estep runtime (s): 0.08926582336425781
Mstep
Optimizing phi
Optimizing branch lengths. Current phi: 0. Current nu:0.26289482006082737
Optimizing nu
Mstep runtime (s): 0.23173904418945312
Finished EM iter: 6. Current nllh: 8020.968739267712
Starting EM iter: 7
Estep
Estep runtime (s): 0.08947563171386719
Mstep
Optimizing phi
Optimizing branch lengths. Current phi: 0. Current nu:0.26282852685802055
Optimizing nu
Mstep runtime (s): 0.22690272331237793
Finished EM iter: 7. Current nllh: 8020.947013061753
Starting EM iter: 8
Estep
Estep runtime (s): 0.09269309043884277
Mstep
Optimizing phi
Optimizing branch lengths. Current phi: 0. Current nu:0.2628024917938071
Optimizing nu
Mstep runtime (s): 0.21433687210083008
Finished EM iter: 8. Current nllh: 8020.932058691808
Starting EM iter: 9
Estep
Estep runtime (s): 0.0894460678100586
Mstep
Optimizing phi
Optimizing branch lengths. Current phi: 0. Current nu:0.2627934898327666
Optimizing nu
Mstep runtime (s): 0.2504580020904541
Finished EM iter: 9. Current nllh: 8020.92148295271
Starting EM iter: 10
Estep
Estep runtime (s): 0.08943009376525879
Mstep
Optimizing phi
Optimizing branch lengths. Current phi: 0. Current nu:0.26278726214957526
Optimizing nu
Mstep runtime (s): 0.24359989166259766
Finished EM iter: 10. Current nllh: 8020.914913762125
Starting EM iter: 11
Estep
Estep runtime (s): 0.08934998512268066
Mstep
Optimizing phi
Optimizing branch lengths. Current phi: 0. Current nu:0.2627834398260142
Optimizing nu
Mstep runtime (s): 0.20891523361206055
Finished EM iter: 11. Current nllh: 8020.914904685021
EM finished after 11 iterations.
Optimal phi: 0. Optimal nu: 0.2627802370558018. Optimal nllh: 8020.914904685021
Optimal point found for initial point 1
Numerical optimization finished successfully
Tree height pre-scaling: 0.7111544314063697, input timescale: 1.0
Tree height after scaling: 1.0, mutation rate: 0.7111544314063697
Tree height pre-scaling: 0.7111544314797442, input timescale: 1.0
Tree height after scaling: 1.0, mutation rate: 0.7111544314797442
Tree height pre-scaling: 0.7111544317279171, input timescale: 1.0
Tree height after scaling: 1.0, mutation rate: 0.7111544317279171
Tree height pre-scaling: 0.711154432090797, input timescale: 1.0
Tree height after scaling: 1.0, mutation rate: 0.711154432090797
Tree height pre-scaling: 0.7111544320040954, input timescale: 1.0
Tree height after scaling: 0.9999999999999999, mutation rate: 0.7111544320040954
Tree height pre-scaling: 0.7111544319558297, input timescale: 1.0
Tree height after scaling: 1.0, mutation rate: 0.7111544319558297
Tree height pre-scaling: 0.7111544312823763, input timescale: 1.0
Tree height after scaling: 1.0, mutation rate: 0.7111544312823763
Tree height pre-scaling: 0.7111544322355559, input timescale: 1.0
Tree height after scaling: 1.0, mutation rate: 0.7111544322355559
Tree height pre-scaling: 0.7111544313073229, input timescale: 1.0
Tree height after scaling: 1.0, mutation rate: 0.7111544313073229
Tree height pre-scaling: 0.7111544313768083, input timescale: 1.0
Tree height after scaling: 0.9999999999999999, mutation rate: 0.7111544313768083
Tree height pre-scaling: 0.7111544317786063, input timescale: 1.0
Tree height after scaling: 1.0, mutation rate: 0.7111544317786063
Tree height pre-scaling: 0.7111544319005203, input timescale: 1.0
Tree height after scaling: 1.0, mutation rate: 0.7111544319005203
Tree height pre-scaling: 0.7111544312216846, input timescale: 1.0
Tree height after scaling: 1.0, mutation rate: 0.7111544312216846
Tree height pre-scaling: 0.7111544312520117, input timescale: 1.0
Tree height after scaling: 1.0, mutation rate: 0.7111544312520117
Runtime (s): 3.8990045829999995
