Launching LAML version 0.0.4
LAML was called as follows: /Users/uym2/my_gits/LAML/run_laml.py -c ../../evaluation/Bar11/Bar11_character_matrix.txt -t place_outlier8/augmented_tree_56.nwk -o place_outlier8/augmented_tree_56_optimized -v -p ../../evaluation/Bar11/Bar11_priors.pickle --delimiter tab -m -1 --nInitials 1
Prior keys mismatch with site names.
Prior keys: [0, 1, 2, 3, 4, 5, 6, 7, 8, 9, 10, 11, 12, 13, 14, 15, 16, 17, 18, 19, 20, 21, 22, 23, 24, 25, 26]
Site names: ['r1', 'r2', 'r3', 'r4', 'r5', 'r6', 'r7', 'r8', 'r9', 'r10', 'r11', 'r12', 'r13', 'r14', 'r15', 'r16', 'r17', 'r18', 'r19', 'r20', 'r21', 'r22', 'r23', 'r24', 'r25', 'r26', 'r27']
Attempting to infer mapping between site names and prior keys...
{'r1': 0, 'r2': 1, 'r3': 2, 'r4': 3, 'r5': 4, 'r6': 5, 'r7': 6, 'r8': 7, 'r9': 8, 'r10': 9, 'r11': 10, 'r12': 11, 'r13': 12, 'r14': 13, 'r15': 14, 'r16': 15, 'r17': 16, 'r18': 17, 'r19': 18, 'r20': 19, 'r21': 20, 'r22': 21, 'r23': 22, 'r24': 23, 'r25': 24, 'r26': 25, 'r27': 26}
Optimizing branch lengths, phi, and nu without topology search
Optimization by EM algorithm
Optimization start with 1 initials
Initial point 1. Random seed: 2210
Numerical optimization started with ultrametric constraint (default)
Initial phi: 0. Initial nu: 0.26955655566205877. Initial nllh: 9881.070641157301
Starting EM iter: 1
Estep
Estep runtime (s): 0.0655510425567627
Mstep
Optimizing phi
Optimizing branch lengths. Current phi: 0. Current nu:0.26955655566205877
Optimizing nu
Mstep runtime (s): 0.2544240951538086
Finished EM iter: 1. Current nllh: 8139.799926486374
Starting EM iter: 2
Estep
Estep runtime (s): 0.08839702606201172
Mstep
Optimizing phi
Optimizing branch lengths. Current phi: 0. Current nu:0.2702599269267535
Optimizing nu
Mstep runtime (s): 0.233259916305542
Finished EM iter: 2. Current nllh: 8107.926933449464
Starting EM iter: 3
Estep
Estep runtime (s): 0.0884542465209961
Mstep
Optimizing phi
Optimizing branch lengths. Current phi: 0. Current nu:0.26696262366477896
Optimizing nu
Mstep runtime (s): 0.27709102630615234
Finished EM iter: 3. Current nllh: 8105.049485851696
Starting EM iter: 4
Estep
Estep runtime (s): 0.08925318717956543
Mstep
Optimizing phi
Optimizing branch lengths. Current phi: 0. Current nu:0.2648552627124786
Optimizing nu
Mstep runtime (s): 0.22194790840148926
Finished EM iter: 4. Current nllh: 8104.787511240822
Starting EM iter: 5
Estep
Estep runtime (s): 0.08875918388366699
Mstep
Optimizing phi
Optimizing branch lengths. Current phi: 0. Current nu:0.26404659593084634
Optimizing nu
Mstep runtime (s): 0.25641798973083496
Finished EM iter: 5. Current nllh: 8104.715132608257
Starting EM iter: 6
Estep
Estep runtime (s): 0.08809494972229004
Mstep
Optimizing phi
Optimizing branch lengths. Current phi: 0. Current nu:0.26377573182843617
Optimizing nu
Mstep runtime (s): 0.21849393844604492
Finished EM iter: 6. Current nllh: 8104.680179655332
Starting EM iter: 7
Estep
Estep runtime (s): 0.08900690078735352
Mstep
Optimizing phi
Optimizing branch lengths. Current phi: 0. Current nu:0.26368539287500353
Optimizing nu
Mstep runtime (s): 0.1969127655029297
Finished EM iter: 7. Current nllh: 8104.658524216118
Starting EM iter: 8
Estep
Estep runtime (s): 0.0889742374420166
Mstep
Optimizing phi
Optimizing branch lengths. Current phi: 0. Current nu:0.2636533824953723
Optimizing nu
Mstep runtime (s): 0.23865604400634766
Finished EM iter: 8. Current nllh: 8104.6435666632115
Starting EM iter: 9
Estep
Estep runtime (s): 0.08787918090820312
Mstep
Optimizing phi
Optimizing branch lengths. Current phi: 0. Current nu:0.263640899908607
Optimizing nu
Mstep runtime (s): 0.2917599678039551
Finished EM iter: 9. Current nllh: 8104.6332899178615
Starting EM iter: 10
Estep
Estep runtime (s): 0.08889508247375488
Mstep
Optimizing phi
Optimizing branch lengths. Current phi: 0. Current nu:0.26363567461906345
Optimizing nu
Mstep runtime (s): 0.24607515335083008
Finished EM iter: 10. Current nllh: 8104.6256239597005
Starting EM iter: 11
Estep
Estep runtime (s): 0.08821392059326172
Mstep
Optimizing phi
Optimizing branch lengths. Current phi: 0. Current nu:0.263632625360506
Optimizing nu
Mstep runtime (s): 0.20224308967590332
Finished EM iter: 11. Current nllh: 8104.625476865178
Starting EM iter: 12
Estep
Estep runtime (s): 0.08922100067138672
Mstep
Optimizing phi
Optimizing branch lengths. Current phi: 0. Current nu:0.26362761668472195
Optimizing nu
Mstep runtime (s): 0.24562978744506836
Finished EM iter: 12. Current nllh: 8104.6255610355865
Starting EM iter: 13
Estep
Estep runtime (s): 0.0889737606048584
Mstep
Optimizing phi
Optimizing branch lengths. Current phi: 0. Current nu:0.26362575871202293
Optimizing nu
Mstep runtime (s): 0.21529388427734375
Finished EM iter: 13. Current nllh: 8104.625595191006
EM finished after 13 iterations.
Optimal phi: 0. Optimal nu: 0.26362490941376054. Optimal nllh: 8104.625595191006
Optimal point found for initial point 1
Numerical optimization finished successfully
Tree height pre-scaling: 0.7319332432000305, input timescale: 1.0
Tree height after scaling: 1.0, mutation rate: 0.7319332432000305
Tree height pre-scaling: 0.7319332431937673, input timescale: 1.0
Tree height after scaling: 1.0, mutation rate: 0.7319332431937673
Tree height pre-scaling: 0.7319332432310937, input timescale: 1.0
Tree height after scaling: 1.0, mutation rate: 0.7319332432310937
Tree height pre-scaling: 0.7319332432469137, input timescale: 1.0
Tree height after scaling: 1.0, mutation rate: 0.7319332432469137
Tree height pre-scaling: 0.731933243224131, input timescale: 1.0
Tree height after scaling: 1.0, mutation rate: 0.731933243224131
Tree height pre-scaling: 0.7319332432338146, input timescale: 1.0
Tree height after scaling: 1.0, mutation rate: 0.7319332432338146
Tree height pre-scaling: 0.7319332431873862, input timescale: 1.0
Tree height after scaling: 1.0, mutation rate: 0.7319332431873862
Tree height pre-scaling: 0.7319332432680237, input timescale: 1.0
Tree height after scaling: 1.0, mutation rate: 0.7319332432680237
Tree height pre-scaling: 0.7319332431977712, input timescale: 1.0
Tree height after scaling: 1.0, mutation rate: 0.7319332431977712
Tree height pre-scaling: 0.7319332431954055, input timescale: 1.0
Tree height after scaling: 1.0, mutation rate: 0.7319332431954055
Tree height pre-scaling: 0.7319332431874614, input timescale: 1.0
Tree height after scaling: 1.0, mutation rate: 0.7319332431874614
Tree height pre-scaling: 0.7319332431948378, input timescale: 1.0
Tree height after scaling: 1.0, mutation rate: 0.7319332431948378
Tree height pre-scaling: 0.7319332432328114, input timescale: 1.0
Tree height after scaling: 0.9999999999999999, mutation rate: 0.7319332432328114
Tree height pre-scaling: 0.731933243480581, input timescale: 1.0
Tree height after scaling: 1.0, mutation rate: 0.731933243480581
Runtime (s): 4.7220946669999995
