Launching LAML version 0.0.4
LAML was called as follows: /Users/uym2/my_gits/LAML/run_laml.py -c ../../bar24/Bar24_character_matrix.txt -t place_outlier_1/augmented_tree_115.nwk -o place_outlier_1/augmented_tree_115_optimized -v -p ../../bar24/Bar24_priors.pickle --delimiter tab -m -1 --nInitials 1
Prior keys mismatch with site names.
Prior keys: [0, 1, 2, 3, 4, 5, 6, 7, 8, 9, 10, 11, 12, 13, 14, 15, 16, 17, 18, 19, 20, 21, 22, 23, 24, 25, 26, 27, 28]
Site names: ['r1', 'r2', 'r3', 'r4', 'r5', 'r6', 'r7', 'r8', 'r9', 'r10', 'r11', 'r12', 'r13', 'r14', 'r15', 'r16', 'r17', 'r18', 'r19', 'r20', 'r21', 'r22', 'r23', 'r24', 'r25', 'r26', 'r27', 'r28', 'r29', 'r30']
Attempting to infer mapping between site names and prior keys...
Not all site names are present in the dictionary. Trying offset...
Offset between input site names and prior keys is assumed to be 1
Missing priors at site r30, filling in uniform priors...
{'r1': 0, 'r2': 1, 'r3': 2, 'r4': 3, 'r5': 4, 'r6': 5, 'r7': 6, 'r8': 7, 'r9': 8, 'r10': 9, 'r11': 10, 'r12': 11, 'r13': 12, 'r14': 13, 'r15': 14, 'r16': 15, 'r17': 16, 'r18': 17, 'r19': 18, 'r20': 19, 'r21': 20, 'r22': 21, 'r23': 22, 'r24': 23, 'r25': 24, 'r26': 25, 'r27': 26, 'r28': 27, 'r29': 28, 'r30': 29}
Optimizing branch lengths, phi, and nu without topology search
Optimization by EM algorithm
Optimization start with 1 initials
Initial point 1. Random seed: 1237
Numerical optimization started with ultrametric constraint (default)
Initial phi: 0.42236719308472653. Initial nu: 0.28767872344002615. Initial nllh: 8911.853876122805
Starting EM iter: 1
Estep
Estep runtime (s): 0.08952021598815918
Mstep
Optimizing phi
Optimizing branch lengths. Current phi: 0.06925972371596392. Current nu:0.28767872344002615
Optimizing nu
Mstep runtime (s): 0.28403401374816895
Finished EM iter: 1. Current nllh: 6078.552590634099
Starting EM iter: 2
Estep
Estep runtime (s): 0.12240076065063477
Mstep
Optimizing phi
Optimizing branch lengths. Current phi: 0.035544286959273114. Current nu:0.14008108365602007
Optimizing nu
Mstep runtime (s): 0.31563806533813477
Finished EM iter: 2. Current nllh: 5924.321560073935
Starting EM iter: 3
Estep
Estep runtime (s): 0.12454390525817871
Mstep
Optimizing phi
Optimizing branch lengths. Current phi: 0.022701769456711544. Current nu:0.1486228900221527
Optimizing nu
Mstep runtime (s): 0.28419995307922363
Finished EM iter: 3. Current nllh: 5884.487324260124
Starting EM iter: 4
Estep
Estep runtime (s): 0.12495017051696777
Mstep
Optimizing phi
Optimizing branch lengths. Current phi: 0.015485470081117697. Current nu:0.17510662412887418
Optimizing nu
Mstep runtime (s): 0.2871708869934082
Finished EM iter: 4. Current nllh: 5866.272234656149
Starting EM iter: 5
Estep
Estep runtime (s): 0.12328505516052246
Mstep
Optimizing phi
Optimizing branch lengths. Current phi: 0.010760966762547433. Current nu:0.19840046277775808
Optimizing nu
Mstep runtime (s): 0.2848057746887207
Finished EM iter: 5. Current nllh: 5855.520557211772
Starting EM iter: 6
Estep
Estep runtime (s): 0.12389397621154785
Mstep
Optimizing phi
Optimizing branch lengths. Current phi: 0.007530108219632526. Current nu:0.21662282427214266
Optimizing nu
Mstep runtime (s): 0.36115097999572754
Finished EM iter: 6. Current nllh: 5849.101402614945
Starting EM iter: 7
Estep
Estep runtime (s): 0.12358880043029785
Mstep
Optimizing phi
Optimizing branch lengths. Current phi: 0.005312231688246933. Current nu:0.23006956913946966
Optimizing nu
Mstep runtime (s): 0.2618250846862793
Finished EM iter: 7. Current nllh: 5844.786459433688
Starting EM iter: 8
Estep
Estep runtime (s): 0.12257099151611328
Mstep
Optimizing phi
Optimizing branch lengths. Current phi: 0.0037053981827477405. Current nu:0.2396916685101411
Optimizing nu
Mstep runtime (s): 0.31311631202697754
Finished EM iter: 8. Current nllh: 5841.515600299808
Starting EM iter: 9
Estep
Estep runtime (s): 0.12308311462402344
Mstep
Optimizing phi
Optimizing branch lengths. Current phi: 0.0025126299171616654. Current nu:0.24665245698860475
Optimizing nu
Mstep runtime (s): 0.2884712219238281
Finished EM iter: 9. Current nllh: 5839.3039843639945
Starting EM iter: 10
Estep
Estep runtime (s): 0.12299299240112305
Mstep
Optimizing phi
Optimizing branch lengths. Current phi: 0.0016737262872528796. Current nu:0.25177733554306453
Optimizing nu
Mstep runtime (s): 0.26512598991394043
Finished EM iter: 10. Current nllh: 5837.881744553626
Starting EM iter: 11
Estep
Estep runtime (s): 0.1234588623046875
Mstep
Optimizing phi
Optimizing branch lengths. Current phi: 0.001106654246775149. Current nu:0.2554924062357609
Optimizing nu
Mstep runtime (s): 0.3233621120452881
Finished EM iter: 11. Current nllh: 5836.951974050781
Starting EM iter: 12
Estep
Estep runtime (s): 0.12281012535095215
Mstep
Optimizing phi
Optimizing branch lengths. Current phi: 0.000729194177395948. Current nu:0.25809729416947524
Optimizing nu
Mstep runtime (s): 0.26970601081848145
Finished EM iter: 12. Current nllh: 5836.341410489321
Starting EM iter: 13
Estep
Estep runtime (s): 0.12586593627929688
Mstep
Optimizing phi
Optimizing branch lengths. Current phi: 0.0004795618996488345. Current nu:0.2598856859347254
Optimizing nu
Mstep runtime (s): 0.32845211029052734
Finished EM iter: 13. Current nllh: 5835.940304836601
Starting EM iter: 14
Estep
Estep runtime (s): 0.12312865257263184
Mstep
Optimizing phi
Optimizing branch lengths. Current phi: 0.0003150137415189578. Current nu:0.26109004304236944
Optimizing nu
Mstep runtime (s): 0.28797101974487305
Finished EM iter: 14. Current nllh: 5835.676977566573
Starting EM iter: 15
Estep
Estep runtime (s): 0.12691903114318848
Mstep
Optimizing phi
Optimizing branch lengths. Current phi: 0.00020676631180202408. Current nu:0.2618993461496736
Optimizing nu
Mstep runtime (s): 0.259746789932251
Finished EM iter: 15. Current nllh: 5835.503920479625
Starting EM iter: 16
Estep
Estep runtime (s): 0.12402510643005371
Mstep
Optimizing phi
Optimizing branch lengths. Current phi: 0. Current nu:0.26243877346842964
Optimizing nu
Mstep runtime (s): 0.2567460536956787
Finished EM iter: 16. Current nllh: 5835.188792850165
Starting EM iter: 17
Estep
Estep runtime (s): 0.12294602394104004
Mstep
Optimizing phi
Optimizing branch lengths. Current phi: 0. Current nu:0.2627971163797873
Optimizing nu
Mstep runtime (s): 0.29277801513671875
Finished EM iter: 17. Current nllh: 5835.183062043833
Starting EM iter: 18
Estep
Estep runtime (s): 0.12284183502197266
Mstep
Optimizing phi
Optimizing branch lengths. Current phi: 0. Current nu:0.26326624627333656
Optimizing nu
Mstep runtime (s): 0.2849750518798828
Finished EM iter: 18. Current nllh: 5835.176971333979
Starting EM iter: 19
Estep
Estep runtime (s): 0.12305903434753418
Mstep
Optimizing phi
Optimizing branch lengths. Current phi: 0. Current nu:0.2634177337958109
Optimizing nu
Mstep runtime (s): 0.3096170425415039
Finished EM iter: 19. Current nllh: 5835.174517078891
Starting EM iter: 20
Estep
Estep runtime (s): 0.12475895881652832
Mstep
Optimizing phi
Optimizing branch lengths. Current phi: 0. Current nu:0.26347068342356955
Optimizing nu
Mstep runtime (s): 0.27365612983703613
Finished EM iter: 20. Current nllh: 5835.17330099245
Starting EM iter: 21
Estep
Estep runtime (s): 0.12304496765136719
Mstep
Optimizing phi
Optimizing branch lengths. Current phi: 0. Current nu:0.26349259750701665
Optimizing nu
Mstep runtime (s): 0.265578031539917
Finished EM iter: 21. Current nllh: 5835.172549320276
Starting EM iter: 22
Estep
Estep runtime (s): 0.1230919361114502
Mstep
Optimizing phi
Optimizing branch lengths. Current phi: 0. Current nu:0.2635044426071372
Optimizing nu
Mstep runtime (s): 0.29166698455810547
Finished EM iter: 22. Current nllh: 5835.172013121588
Starting EM iter: 23
Estep
Estep runtime (s): 0.12316417694091797
Mstep
Optimizing phi
Optimizing branch lengths. Current phi: 0. Current nu:0.26351223997032197
Optimizing nu
Mstep runtime (s): 0.2752399444580078
Finished EM iter: 23. Current nllh: 5835.171593150772
Starting EM iter: 24
Estep
Estep runtime (s): 0.12264895439147949
Mstep
Optimizing phi
Optimizing branch lengths. Current phi: 0. Current nu:0.26351876410112995
Optimizing nu
Mstep runtime (s): 0.2644517421722412
Finished EM iter: 24. Current nllh: 5835.171249713927
Starting EM iter: 25
Estep
Estep runtime (s): 0.12308311462402344
Mstep
Optimizing phi
Optimizing branch lengths. Current phi: 0. Current nu:0.26352446853689737
Optimizing nu
Mstep runtime (s): 0.26333069801330566
Finished EM iter: 25. Current nllh: 5835.170966809132
Starting EM iter: 26
Estep
Estep runtime (s): 0.12306785583496094
Mstep
Optimizing phi
Optimizing branch lengths. Current phi: 0. Current nu:0.2635293437770843
Optimizing nu
Mstep runtime (s): 0.3081848621368408
Finished EM iter: 26. Current nllh: 5835.1707288407115
Starting EM iter: 27
Estep
Estep runtime (s): 0.12287712097167969
Mstep
Optimizing phi
Optimizing branch lengths. Current phi: 0. Current nu:0.2635338994147415
Optimizing nu
Mstep runtime (s): 0.2644479274749756
Finished EM iter: 27. Current nllh: 5835.1705336837595
Starting EM iter: 28
Estep
Estep runtime (s): 0.12312102317810059
Mstep
Optimizing phi
Optimizing branch lengths. Current phi: 0. Current nu:0.2635375277976782
Optimizing nu
Mstep runtime (s): 0.2693331241607666
Finished EM iter: 28. Current nllh: 5835.1703729825185
Starting EM iter: 29
Estep
Estep runtime (s): 0.12301206588745117
Mstep
Optimizing phi
Optimizing branch lengths. Current phi: 0. Current nu:0.2635406011458461
Optimizing nu
Mstep runtime (s): 0.28251099586486816
Finished EM iter: 29. Current nllh: 5835.170228824278
Starting EM iter: 30
Estep
Estep runtime (s): 0.12312912940979004
Mstep
Optimizing phi
Optimizing branch lengths. Current phi: 0. Current nu:0.26354410856108185
Optimizing nu
Mstep runtime (s): 0.30748796463012695
Finished EM iter: 30. Current nllh: 5835.1699217351015
Starting EM iter: 31
Estep
Estep runtime (s): 0.1231851577758789
Mstep
Optimizing phi
Optimizing branch lengths. Current phi: 0. Current nu:0.26354723330042445
Optimizing nu
Mstep runtime (s): 0.25589776039123535
Finished EM iter: 31. Current nllh: 5835.169967762371
EM finished after 31 iterations.
Optimal phi: 0. Optimal nu: 0.2635508246517311. Optimal nllh: 5835.169967762371
Optimal point found for initial point 1
Numerical optimization finished successfully
Tree height pre-scaling: 0.6640941282558842, input timescale: 1.0
Tree height after scaling: 1.0, mutation rate: 0.6640941282558842
Tree height pre-scaling: 0.6640941282033341, input timescale: 1.0
Tree height after scaling: 1.0000000000000002, mutation rate: 0.6640941282033341
Tree height pre-scaling: 0.6640941280233106, input timescale: 1.0
Tree height after scaling: 1.0000000000000002, mutation rate: 0.6640941280233106
Tree height pre-scaling: 0.6640941280116713, input timescale: 1.0
Tree height after scaling: 1.0, mutation rate: 0.6640941280116713
Tree height pre-scaling: 0.6640941279952083, input timescale: 1.0
Tree height after scaling: 0.9999999999999999, mutation rate: 0.6640941279952083
Tree height pre-scaling: 0.6640941279414292, input timescale: 1.0
Tree height after scaling: 0.9999999999999999, mutation rate: 0.6640941279414292
Tree height pre-scaling: 0.664094128802064, input timescale: 1.0
Tree height after scaling: 1.0000000000000002, mutation rate: 0.664094128802064
Tree height pre-scaling: 0.664094128561753, input timescale: 1.0
Tree height after scaling: 1.0, mutation rate: 0.664094128561753
Tree height pre-scaling: 0.6640941281556871, input timescale: 1.0
Tree height after scaling: 1.0, mutation rate: 0.6640941281556871
Tree height pre-scaling: 0.6640941282238019, input timescale: 1.0
Tree height after scaling: 1.0, mutation rate: 0.6640941282238019
Runtime (s): 13.925205375
