Launching LAML version 0.0.4
LAML was called as follows: /Users/uym2/my_gits/LAML/run_laml.py -c ../../bar24/Bar24_character_matrix.txt -t place_outlier_1/augmented_tree_98.nwk -o place_outlier_1/augmented_tree_98_optimized -v -p ../../bar24/Bar24_priors.pickle --delimiter tab -m -1 --nInitials 1
Prior keys mismatch with site names.
Prior keys: [0, 1, 2, 3, 4, 5, 6, 7, 8, 9, 10, 11, 12, 13, 14, 15, 16, 17, 18, 19, 20, 21, 22, 23, 24, 25, 26, 27, 28]
Site names: ['r1', 'r2', 'r3', 'r4', 'r5', 'r6', 'r7', 'r8', 'r9', 'r10', 'r11', 'r12', 'r13', 'r14', 'r15', 'r16', 'r17', 'r18', 'r19', 'r20', 'r21', 'r22', 'r23', 'r24', 'r25', 'r26', 'r27', 'r28', 'r29', 'r30']
Attempting to infer mapping between site names and prior keys...
Not all site names are present in the dictionary. Trying offset...
Offset between input site names and prior keys is assumed to be 1
Missing priors at site r30, filling in uniform priors...
{'r1': 0, 'r2': 1, 'r3': 2, 'r4': 3, 'r5': 4, 'r6': 5, 'r7': 6, 'r8': 7, 'r9': 8, 'r10': 9, 'r11': 10, 'r12': 11, 'r13': 12, 'r14': 13, 'r15': 14, 'r16': 15, 'r17': 16, 'r18': 17, 'r19': 18, 'r20': 19, 'r21': 20, 'r22': 21, 'r23': 22, 'r24': 23, 'r25': 24, 'r26': 25, 'r27': 26, 'r28': 27, 'r29': 28, 'r30': 29}
Optimizing branch lengths, phi, and nu without topology search
Optimization by EM algorithm
Optimization start with 1 initials
Initial point 1. Random seed: 6876
Numerical optimization started with ultrametric constraint (default)
Initial phi: 0.04025000629470673. Initial nu: 0.3580921947418005. Initial nllh: 7649.506749807786
Starting EM iter: 1
Estep
Estep runtime (s): 0.08754992485046387
Mstep
Optimizing phi
Optimizing branch lengths. Current phi: 0.025413320338358872. Current nu:0.3580921947418005
Optimizing nu
Mstep runtime (s): 0.2874140739440918
Finished EM iter: 1. Current nllh: 6258.744804000547
Starting EM iter: 2
Estep
Estep runtime (s): 0.12033390998840332
Mstep
Optimizing phi
Optimizing branch lengths. Current phi: 0.01628164877096622. Current nu:0.2468693646791569
Optimizing nu
Mstep runtime (s): 0.2586941719055176
Finished EM iter: 2. Current nllh: 6184.757078664899
Starting EM iter: 3
Estep
Estep runtime (s): 0.1205589771270752
Mstep
Optimizing phi
Optimizing branch lengths. Current phi: 0.011129385483169477. Current nu:0.22517973392162738
Optimizing nu
Mstep runtime (s): 0.35629987716674805
Finished EM iter: 3. Current nllh: 6170.196593864584
Starting EM iter: 4
Estep
Estep runtime (s): 0.12045502662658691
Mstep
Optimizing phi
Optimizing branch lengths. Current phi: 0.007831923008506717. Current nu:0.2294306431010507
Optimizing nu
Mstep runtime (s): 0.36923909187316895
Finished EM iter: 4. Current nllh: 6164.275326843306
Starting EM iter: 5
Estep
Estep runtime (s): 0.12046098709106445
Mstep
Optimizing phi
Optimizing branch lengths. Current phi: 0.0055742492693441215. Current nu:0.23856175352806105
Optimizing nu
Mstep runtime (s): 0.30953097343444824
Finished EM iter: 5. Current nllh: 6160.141385120749
Starting EM iter: 6
Estep
Estep runtime (s): 0.12051630020141602
Mstep
Optimizing phi
Optimizing branch lengths. Current phi: 0.003927310741822247. Current nu:0.24682987504266177
Optimizing nu
Mstep runtime (s): 0.26817989349365234
Finished EM iter: 6. Current nllh: 6156.992317532051
Starting EM iter: 7
Estep
Estep runtime (s): 0.1208350658416748
Mstep
Optimizing phi
Optimizing branch lengths. Current phi: 0.0027044159988148446. Current nu:0.2533531635706127
Optimizing nu
Mstep runtime (s): 0.2618570327758789
Finished EM iter: 7. Current nllh: 6154.84503861936
Starting EM iter: 8
Estep
Estep runtime (s): 0.12043213844299316
Mstep
Optimizing phi
Optimizing branch lengths. Current phi: 0.0018351234645720238. Current nu:0.25831418944257656
Optimizing nu
Mstep runtime (s): 0.251568078994751
Finished EM iter: 8. Current nllh: 6153.4318013255715
Starting EM iter: 9
Estep
Estep runtime (s): 0.12012696266174316
Mstep
Optimizing phi
Optimizing branch lengths. Current phi: 0.001236959671039142. Current nu:0.2619724026034741
Optimizing nu
Mstep runtime (s): 0.30130934715270996
Finished EM iter: 9. Current nllh: 6152.4876715886585
Starting EM iter: 10
Estep
Estep runtime (s): 0.12079381942749023
Mstep
Optimizing phi
Optimizing branch lengths. Current phi: 0.0008309940786705534. Current nu:0.2645842996446215
Optimizing nu
Mstep runtime (s): 0.29361891746520996
Finished EM iter: 10. Current nllh: 6151.855226091978
Starting EM iter: 11
Estep
Estep runtime (s): 0.12081003189086914
Mstep
Optimizing phi
Optimizing branch lengths. Current phi: 0.0005571799552804821. Current nu:0.26640372234317367
Optimizing nu
Mstep runtime (s): 0.251436710357666
Finished EM iter: 11. Current nllh: 6151.431744344169
Starting EM iter: 12
Estep
Estep runtime (s): 0.12089109420776367
Mstep
Optimizing phi
Optimizing branch lengths. Current phi: 0.0003731242353027271. Current nu:0.26765747768313214
Optimizing nu
Mstep runtime (s): 0.2534220218658447
Finished EM iter: 12. Current nllh: 6151.148157308723
Starting EM iter: 13
Estep
Estep runtime (s): 0.12111520767211914
Mstep
Optimizing phi
Optimizing branch lengths. Current phi: 0.00024966287223164525. Current nu:0.2685124970690665
Optimizing nu
Mstep runtime (s): 0.2853989601135254
Finished EM iter: 13. Current nllh: 6150.958205364179
Starting EM iter: 14
Estep
Estep runtime (s): 0.12093091011047363
Mstep
Optimizing phi
Optimizing branch lengths. Current phi: 0. Current nu:0.2690925683021574
Optimizing nu
Mstep runtime (s): 0.28571128845214844
Finished EM iter: 14. Current nllh: 6150.592359483402
Starting EM iter: 15
Estep
Estep runtime (s): 0.12061285972595215
Mstep
Optimizing phi
Optimizing branch lengths. Current phi: 0. Current nu:0.26948710283629496
Optimizing nu
Mstep runtime (s): 0.336014986038208
Finished EM iter: 15. Current nllh: 6150.586037191231
Starting EM iter: 16
Estep
Estep runtime (s): 0.12038993835449219
Mstep
Optimizing phi
Optimizing branch lengths. Current phi: 0. Current nu:0.2700276990321319
Optimizing nu
Mstep runtime (s): 0.271514892578125
Finished EM iter: 16. Current nllh: 6150.578889268111
Starting EM iter: 17
Estep
Estep runtime (s): 0.12068605422973633
Mstep
Optimizing phi
Optimizing branch lengths. Current phi: 0. Current nu:0.27020395868311753
Optimizing nu
Mstep runtime (s): 0.35228395462036133
Finished EM iter: 17. Current nllh: 6150.575904344843
Starting EM iter: 18
Estep
Estep runtime (s): 0.1206521987915039
Mstep
Optimizing phi
Optimizing branch lengths. Current phi: 0. Current nu:0.2702658670383874
Optimizing nu
Mstep runtime (s): 0.266329288482666
Finished EM iter: 18. Current nllh: 6150.574362517285
Starting EM iter: 19
Estep
Estep runtime (s): 0.12076330184936523
Mstep
Optimizing phi
Optimizing branch lengths. Current phi: 0. Current nu:0.27029150572311655
Optimizing nu
Mstep runtime (s): 0.2899351119995117
Finished EM iter: 19. Current nllh: 6150.573380956555
Starting EM iter: 20
Estep
Estep runtime (s): 0.12109994888305664
Mstep
Optimizing phi
Optimizing branch lengths. Current phi: 0. Current nu:0.27030489187900897
Optimizing nu
Mstep runtime (s): 0.27298998832702637
Finished EM iter: 20. Current nllh: 6150.5726636164745
Starting EM iter: 21
Estep
Estep runtime (s): 0.12095785140991211
Mstep
Optimizing phi
Optimizing branch lengths. Current phi: 0. Current nu:0.27031419691545133
Optimizing nu
Mstep runtime (s): 0.26443910598754883
Finished EM iter: 21. Current nllh: 6150.572095055057
Starting EM iter: 22
Estep
Estep runtime (s): 0.12096691131591797
Mstep
Optimizing phi
Optimizing branch lengths. Current phi: 0. Current nu:0.2703213770029429
Optimizing nu
Mstep runtime (s): 0.26893115043640137
Finished EM iter: 22. Current nllh: 6150.571634993954
Starting EM iter: 23
Estep
Estep runtime (s): 0.12092471122741699
Mstep
Optimizing phi
Optimizing branch lengths. Current phi: 0. Current nu:0.27032752827586687
Optimizing nu
Mstep runtime (s): 0.28481316566467285
Finished EM iter: 23. Current nllh: 6150.57124861405
Starting EM iter: 24
Estep
Estep runtime (s): 0.12090086936950684
Mstep
Optimizing phi
Optimizing branch lengths. Current phi: 0. Current nu:0.27033318260470107
Optimizing nu
Mstep runtime (s): 0.26295900344848633
Finished EM iter: 24. Current nllh: 6150.57091856537
Starting EM iter: 25
Estep
Estep runtime (s): 0.12106895446777344
Mstep
Optimizing phi
Optimizing branch lengths. Current phi: 0. Current nu:0.2703383293134714
Optimizing nu
Mstep runtime (s): 0.27054905891418457
Finished EM iter: 25. Current nllh: 6150.57064059663
Starting EM iter: 26
Estep
Estep runtime (s): 0.1209096908569336
Mstep
Optimizing phi
Optimizing branch lengths. Current phi: 0. Current nu:0.27034301973412544
Optimizing nu
Mstep runtime (s): 0.2573671340942383
Finished EM iter: 26. Current nllh: 6150.570405981698
Starting EM iter: 27
Estep
Estep runtime (s): 0.12102794647216797
Mstep
Optimizing phi
Optimizing branch lengths. Current phi: 0. Current nu:0.27034696608885594
Optimizing nu
Mstep runtime (s): 0.3003811836242676
Finished EM iter: 27. Current nllh: 6150.5700697737575
Starting EM iter: 28
Estep
Estep runtime (s): 0.12081193923950195
Mstep
Optimizing phi
Optimizing branch lengths. Current phi: 0. Current nu:0.2703508140944923
Optimizing nu
Mstep runtime (s): 0.250734806060791
Finished EM iter: 28. Current nllh: 6150.570010697526
EM finished after 28 iterations.
Optimal phi: 0. Optimal nu: 0.27035432526616476. Optimal nllh: 6150.570010697526
Optimal point found for initial point 1
Numerical optimization finished successfully
Tree height pre-scaling: 0.6602517077581207, input timescale: 1.0
Tree height after scaling: 1.0, mutation rate: 0.6602517077581207
Tree height pre-scaling: 0.6602517077928503, input timescale: 1.0
Tree height after scaling: 1.0, mutation rate: 0.6602517077928503
Tree height pre-scaling: 0.6602517075490191, input timescale: 1.0
Tree height after scaling: 1.0, mutation rate: 0.6602517075490191
Tree height pre-scaling: 0.6602517075606305, input timescale: 1.0
Tree height after scaling: 0.9999999999999999, mutation rate: 0.6602517075606305
Tree height pre-scaling: 0.6602517075192753, input timescale: 1.0
Tree height after scaling: 1.0, mutation rate: 0.6602517075192753
Tree height pre-scaling: 0.6602517073387748, input timescale: 1.0
Tree height after scaling: 1.0, mutation rate: 0.6602517073387748
Tree height pre-scaling: 0.660251708493049, input timescale: 1.0
Tree height after scaling: 1.0, mutation rate: 0.660251708493049
Tree height pre-scaling: 0.6602517081431923, input timescale: 1.0
Tree height after scaling: 1.0, mutation rate: 0.6602517081431923
Tree height pre-scaling: 0.6602517076884585, input timescale: 1.0
Tree height after scaling: 0.9999999999999999, mutation rate: 0.6602517076884585
Tree height pre-scaling: 0.660251707587158, input timescale: 1.0
Tree height after scaling: 1.0, mutation rate: 0.660251707587158
Runtime (s): 12.466313000000001
