Launching LAML version 0.0.4
LAML was called as follows: /Users/uym2/my_gits/LAML/run_laml.py -c ../../bar24/Bar24_character_matrix.txt -t place_outlier_1/augmented_tree_27.nwk -o place_outlier_1/augmented_tree_27_optimized -v -p ../../bar24/Bar24_priors.pickle --delimiter tab -m -1 --nInitials 1
Prior keys mismatch with site names.
Prior keys: [0, 1, 2, 3, 4, 5, 6, 7, 8, 9, 10, 11, 12, 13, 14, 15, 16, 17, 18, 19, 20, 21, 22, 23, 24, 25, 26, 27, 28]
Site names: ['r1', 'r2', 'r3', 'r4', 'r5', 'r6', 'r7', 'r8', 'r9', 'r10', 'r11', 'r12', 'r13', 'r14', 'r15', 'r16', 'r17', 'r18', 'r19', 'r20', 'r21', 'r22', 'r23', 'r24', 'r25', 'r26', 'r27', 'r28', 'r29', 'r30']
Attempting to infer mapping between site names and prior keys...
Not all site names are present in the dictionary. Trying offset...
Offset between input site names and prior keys is assumed to be 1
Missing priors at site r30, filling in uniform priors...
{'r1': 0, 'r2': 1, 'r3': 2, 'r4': 3, 'r5': 4, 'r6': 5, 'r7': 6, 'r8': 7, 'r9': 8, 'r10': 9, 'r11': 10, 'r12': 11, 'r13': 12, 'r14': 13, 'r15': 14, 'r16': 15, 'r17': 16, 'r18': 17, 'r19': 18, 'r20': 19, 'r21': 20, 'r22': 21, 'r23': 22, 'r24': 23, 'r25': 24, 'r26': 25, 'r27': 26, 'r28': 27, 'r29': 28, 'r30': 29}
Optimizing branch lengths, phi, and nu without topology search
Optimization by EM algorithm
Optimization start with 1 initials
Initial point 1. Random seed: 3091
Numerical optimization started with ultrametric constraint (default)
Initial phi: 0.6038332104979122. Initial nu: 0.6650118443940921. Initial nllh: 11501.074816762548
Starting EM iter: 1
Estep
Estep runtime (s): 0.08745026588439941
Mstep
Optimizing phi
Optimizing branch lengths. Current phi: 0.07880704404338364. Current nu:0.6650118443940921
Optimizing nu
Mstep runtime (s): 0.2692601680755615
Finished EM iter: 1. Current nllh: 6281.090824617083
Starting EM iter: 2
Estep
Estep runtime (s): 0.12201690673828125
Mstep
Optimizing phi
Optimizing branch lengths. Current phi: 0.03665778949952501. Current nu:0.24295758022424846
Optimizing nu
Mstep runtime (s): 0.2949199676513672
Finished EM iter: 2. Current nllh: 6036.349808899824
Starting EM iter: 3
Estep
Estep runtime (s): 0.12174701690673828
Mstep
Optimizing phi
Optimizing branch lengths. Current phi: 0.022703475809706223. Current nu:0.18150641806719237
Optimizing nu
Mstep runtime (s): 0.3433692455291748
Finished EM iter: 3. Current nllh: 5987.586762486482
Starting EM iter: 4
Estep
Estep runtime (s): 0.12180972099304199
Mstep
Optimizing phi
Optimizing branch lengths. Current phi: 0.014856584476031812. Current nu:0.19331050194310537
Optimizing nu
Mstep runtime (s): 0.3298807144165039
Finished EM iter: 4. Current nllh: 5968.305157608745
Starting EM iter: 5
Estep
Estep runtime (s): 0.12177729606628418
Mstep
Optimizing phi
Optimizing branch lengths. Current phi: 0.009997415858341616. Current nu:0.21308320787895485
Optimizing nu
Mstep runtime (s): 0.34095191955566406
Finished EM iter: 5. Current nllh: 5957.6605678781525
Starting EM iter: 6
Estep
Estep runtime (s): 0.12215304374694824
Mstep
Optimizing phi
Optimizing branch lengths. Current phi: 0.006857164606516491. Current nu:0.2298716591054265
Optimizing nu
Mstep runtime (s): 0.26644301414489746
Finished EM iter: 6. Current nllh: 5951.350601688666
Starting EM iter: 7
Estep
Estep runtime (s): 0.12210392951965332
Mstep
Optimizing phi
Optimizing branch lengths. Current phi: 0.0047483562193738746. Current nu:0.24230130178692405
Optimizing nu
Mstep runtime (s): 0.30986809730529785
Finished EM iter: 7. Current nllh: 5946.978451372038
Starting EM iter: 8
Estep
Estep runtime (s): 0.12202596664428711
Mstep
Optimizing phi
Optimizing branch lengths. Current phi: 0.003227314234468519. Current nu:0.2511684465926623
Optimizing nu
Mstep runtime (s): 0.28357601165771484
Finished EM iter: 8. Current nllh: 5943.750696728305
Starting EM iter: 9
Estep
Estep runtime (s): 0.12205696105957031
Mstep
Optimizing phi
Optimizing branch lengths. Current phi: 0.0021327529136534436. Current nu:0.2575807723159703
Optimizing nu
Mstep runtime (s): 0.3218691349029541
Finished EM iter: 9. Current nllh: 5941.6792393427495
Starting EM iter: 10
Estep
Estep runtime (s): 0.12212729454040527
Mstep
Optimizing phi
Optimizing branch lengths. Current phi: 0.0013900276537786268. Current nu:0.2622330343675571
Optimizing nu
Mstep runtime (s): 0.2837700843811035
Finished EM iter: 10. Current nllh: 5940.381885075438
Starting EM iter: 11
Estep
Estep runtime (s): 0.12231087684631348
Mstep
Optimizing phi
Optimizing branch lengths. Current phi: 0.0009010377382715095. Current nu:0.26551172877973694
Optimizing nu
Mstep runtime (s): 0.2951788902282715
Finished EM iter: 11. Current nllh: 5939.54569728496
Starting EM iter: 12
Estep
Estep runtime (s): 0.12198400497436523
Mstep
Optimizing phi
Optimizing branch lengths. Current phi: 0.0005825674662189858. Current nu:0.2677565342250442
Optimizing nu
Mstep runtime (s): 0.2630269527435303
Finished EM iter: 12. Current nllh: 5939.006374578874
Starting EM iter: 13
Estep
Estep runtime (s): 0.12231206893920898
Mstep
Optimizing phi
Optimizing branch lengths. Current phi: 0.00037611262141709617. Current nu:0.26926529030838353
Optimizing nu
Mstep runtime (s): 0.27391886711120605
Finished EM iter: 13. Current nllh: 5938.657874926566
Starting EM iter: 14
Estep
Estep runtime (s): 0.12201595306396484
Mstep
Optimizing phi
Optimizing branch lengths. Current phi: 0.0002426026975144673. Current nu:0.27026317947626394
Optimizing nu
Mstep runtime (s): 0.2662079334259033
Finished EM iter: 14. Current nllh: 5938.43277126071
Starting EM iter: 15
Estep
Estep runtime (s): 0.12223076820373535
Mstep
Optimizing phi
Optimizing branch lengths. Current phi: 0. Current nu:0.27091878807822123
Optimizing nu
Mstep runtime (s): 0.33594703674316406
Finished EM iter: 15. Current nllh: 5938.047353946208
Starting EM iter: 16
Estep
Estep runtime (s): 0.12161016464233398
Mstep
Optimizing phi
Optimizing branch lengths. Current phi: 0. Current nu:0.27134910250286576
Optimizing nu
Mstep runtime (s): 0.27142977714538574
Finished EM iter: 16. Current nllh: 5938.035770135993
Starting EM iter: 17
Estep
Estep runtime (s): 0.12196111679077148
Mstep
Optimizing phi
Optimizing branch lengths. Current phi: 0. Current nu:0.2718821254809071
Optimizing nu
Mstep runtime (s): 0.28173208236694336
Finished EM iter: 17. Current nllh: 5938.027771272036
Starting EM iter: 18
Estep
Estep runtime (s): 0.12172794342041016
Mstep
Optimizing phi
Optimizing branch lengths. Current phi: 0. Current nu:0.27205678107425424
Optimizing nu
Mstep runtime (s): 0.309751033782959
Finished EM iter: 18. Current nllh: 5938.024007248594
Starting EM iter: 19
Estep
Estep runtime (s): 0.12197208404541016
Mstep
Optimizing phi
Optimizing branch lengths. Current phi: 0. Current nu:0.27211654077794284
Optimizing nu
Mstep runtime (s): 0.32735323905944824
Finished EM iter: 19. Current nllh: 5938.022238110225
Starting EM iter: 20
Estep
Estep runtime (s): 0.12197995185852051
Mstep
Optimizing phi
Optimizing branch lengths. Current phi: 0. Current nu:0.2721416703498654
Optimizing nu
Mstep runtime (s): 0.27329587936401367
Finished EM iter: 20. Current nllh: 5938.021316073662
Starting EM iter: 21
Estep
Estep runtime (s): 0.12177681922912598
Mstep
Optimizing phi
Optimizing branch lengths. Current phi: 0. Current nu:0.27215796283772986
Optimizing nu
Mstep runtime (s): 0.2770369052886963
Finished EM iter: 21. Current nllh: 5938.020369367908
Starting EM iter: 22
Estep
Estep runtime (s): 0.12192392349243164
Mstep
Optimizing phi
Optimizing branch lengths. Current phi: 0. Current nu:0.2721678698812159
Optimizing nu
Mstep runtime (s): 0.2949957847595215
Finished EM iter: 22. Current nllh: 5938.01921429003
Starting EM iter: 23
Estep
Estep runtime (s): 0.12176179885864258
Mstep
Optimizing phi
Optimizing branch lengths. Current phi: 0. Current nu:0.27217267357300573
Optimizing nu
Mstep runtime (s): 0.37505102157592773
Finished EM iter: 23. Current nllh: 5938.019019424518
Starting EM iter: 24
Estep
Estep runtime (s): 0.12202811241149902
Mstep
Optimizing phi
Optimizing branch lengths. Current phi: 0. Current nu:0.2721812365806144
Optimizing nu
Mstep runtime (s): 0.2962160110473633
Finished EM iter: 24. Current nllh: 5938.018036754114
Starting EM iter: 25
Estep
Estep runtime (s): 0.12195086479187012
Mstep
Optimizing phi
Optimizing branch lengths. Current phi: 0. Current nu:0.2721858145149372
Optimizing nu
Mstep runtime (s): 0.28014492988586426
Finished EM iter: 25. Current nllh: 5938.018019793412
EM finished after 25 iterations.
Optimal phi: 0. Optimal nu: 0.272192606367372. Optimal nllh: 5938.018019793412
Optimal point found for initial point 1
Numerical optimization finished successfully
Tree height pre-scaling: 0.6892539153403081, input timescale: 1.0
Tree height after scaling: 1.0000000000000002, mutation rate: 0.6892539153403081
Tree height pre-scaling: 0.6892539152978681, input timescale: 1.0
Tree height after scaling: 1.0, mutation rate: 0.6892539152978681
Tree height pre-scaling: 0.6892539152452113, input timescale: 1.0
Tree height after scaling: 0.9999999999999999, mutation rate: 0.6892539152452113
Tree height pre-scaling: 0.689253915255851, input timescale: 1.0
Tree height after scaling: 1.0, mutation rate: 0.689253915255851
Tree height pre-scaling: 0.6892539152443866, input timescale: 1.0
Tree height after scaling: 1.0, mutation rate: 0.6892539152443866
Tree height pre-scaling: 0.6892539151912471, input timescale: 1.0
Tree height after scaling: 0.9999999999999999, mutation rate: 0.6892539151912471
Tree height pre-scaling: 0.6892539154689808, input timescale: 1.0
Tree height after scaling: 0.9999999999999999, mutation rate: 0.6892539154689808
Tree height pre-scaling: 0.6892539151466043, input timescale: 1.0
Tree height after scaling: 1.0, mutation rate: 0.6892539151466043
Tree height pre-scaling: 0.6892539153198879, input timescale: 1.0
Tree height after scaling: 1.0, mutation rate: 0.6892539153198879
Tree height pre-scaling: 0.6892539168701324, input timescale: 1.0
Tree height after scaling: 1.0, mutation rate: 0.6892539168701324
Runtime (s): 11.53325575
