Launching LAML version 0.0.4
LAML was called as follows: /Users/uym2/my_gits/LAML/run_laml.py -c ../../bar24/Bar24_character_matrix.txt -t place_outlier_1/augmented_tree_88.nwk -o place_outlier_1/augmented_tree_88_optimized -v -p ../../bar24/Bar24_priors.pickle --delimiter tab -m -1 --nInitials 1
Prior keys mismatch with site names.
Prior keys: [0, 1, 2, 3, 4, 5, 6, 7, 8, 9, 10, 11, 12, 13, 14, 15, 16, 17, 18, 19, 20, 21, 22, 23, 24, 25, 26, 27, 28]
Site names: ['r1', 'r2', 'r3', 'r4', 'r5', 'r6', 'r7', 'r8', 'r9', 'r10', 'r11', 'r12', 'r13', 'r14', 'r15', 'r16', 'r17', 'r18', 'r19', 'r20', 'r21', 'r22', 'r23', 'r24', 'r25', 'r26', 'r27', 'r28', 'r29', 'r30']
Attempting to infer mapping between site names and prior keys...
Not all site names are present in the dictionary. Trying offset...
Offset between input site names and prior keys is assumed to be 1
Missing priors at site r30, filling in uniform priors...
{'r1': 0, 'r2': 1, 'r3': 2, 'r4': 3, 'r5': 4, 'r6': 5, 'r7': 6, 'r8': 7, 'r9': 8, 'r10': 9, 'r11': 10, 'r12': 11, 'r13': 12, 'r14': 13, 'r15': 14, 'r16': 15, 'r17': 16, 'r18': 17, 'r19': 18, 'r20': 19, 'r21': 20, 'r22': 21, 'r23': 22, 'r24': 23, 'r25': 24, 'r26': 25, 'r27': 26, 'r28': 27, 'r29': 28, 'r30': 29}
Optimizing branch lengths, phi, and nu without topology search
Optimization by EM algorithm
Optimization start with 1 initials
Initial point 1. Random seed: 708
Numerical optimization started with ultrametric constraint (default)
Initial phi: 0.326516430553206. Initial nu: 0.5939052815406711. Initial nllh: 8980.825829894377
Starting EM iter: 1
Estep
Estep runtime (s): 0.08718705177307129
Mstep
Optimizing phi
Optimizing branch lengths. Current phi: 0.04831188812333494. Current nu:0.5939052815406711
Optimizing nu
Mstep runtime (s): 0.26453399658203125
Finished EM iter: 1. Current nllh: 5975.445827140733
Starting EM iter: 2
Estep
Estep runtime (s): 0.12150287628173828
Mstep
Optimizing phi
Optimizing branch lengths. Current phi: 0.026644549040766248. Current nu:0.25296677073316826
Optimizing nu
Mstep runtime (s): 0.2800018787384033
Finished EM iter: 2. Current nllh: 5813.548245635597
Starting EM iter: 3
Estep
Estep runtime (s): 0.12154912948608398
Mstep
Optimizing phi
Optimizing branch lengths. Current phi: 0.017475846085330895. Current nu:0.19773073907118596
Optimizing nu
Mstep runtime (s): 0.26708412170410156
Finished EM iter: 3. Current nllh: 5783.044326225279
Starting EM iter: 4
Estep
Estep runtime (s): 0.12163877487182617
Mstep
Optimizing phi
Optimizing branch lengths. Current phi: 0.012005141636867757. Current nu:0.2024051534611029
Optimizing nu
Mstep runtime (s): 0.2854149341583252
Finished EM iter: 4. Current nllh: 5770.942329186526
Starting EM iter: 5
Estep
Estep runtime (s): 0.12177205085754395
Mstep
Optimizing phi
Optimizing branch lengths. Current phi: 0.008366055009385016. Current nu:0.21710866504153448
Optimizing nu
Mstep runtime (s): 0.2981760501861572
Finished EM iter: 5. Current nllh: 5763.761409925958
Starting EM iter: 6
Estep
Estep runtime (s): 0.12163209915161133
Mstep
Optimizing phi
Optimizing branch lengths. Current phi: 0.005895433332210175. Current nu:0.2307115105433263
Optimizing nu
Mstep runtime (s): 0.30213189125061035
Finished EM iter: 6. Current nllh: 5759.047076067917
Starting EM iter: 7
Estep
Estep runtime (s): 0.12173795700073242
Mstep
Optimizing phi
Optimizing branch lengths. Current phi: 0.0041381600616627705. Current nu:0.24113728735712747
Optimizing nu
Mstep runtime (s): 0.26584696769714355
Finished EM iter: 7. Current nllh: 5755.480731045417
Starting EM iter: 8
Estep
Estep runtime (s): 0.12162613868713379
Mstep
Optimizing phi
Optimizing branch lengths. Current phi: 0.002829126347770446. Current nu:0.24882102410226686
Optimizing nu
Mstep runtime (s): 0.26331400871276855
Finished EM iter: 8. Current nllh: 5752.972207098588
Starting EM iter: 9
Estep
Estep runtime (s): 0.12202978134155273
Mstep
Optimizing phi
Optimizing branch lengths. Current phi: 0.0018932770276539064. Current nu:0.25451715513331796
Optimizing nu
Mstep runtime (s): 0.269085168838501
Finished EM iter: 9. Current nllh: 5751.357020876991
Starting EM iter: 10
Estep
Estep runtime (s): 0.12183403968811035
Mstep
Optimizing phi
Optimizing branch lengths. Current phi: 0.0012552317519126154. Current nu:0.25869268325143874
Optimizing nu
Mstep runtime (s): 0.2907581329345703
Finished EM iter: 10. Current nllh: 5750.303144487653
Starting EM iter: 11
Estep
Estep runtime (s): 0.12180829048156738
Mstep
Optimizing phi
Optimizing branch lengths. Current phi: 0.0008287727711517945. Current nu:0.26165481722949013
Optimizing nu
Mstep runtime (s): 0.3246448040008545
Finished EM iter: 11. Current nllh: 5749.610089926955
Starting EM iter: 12
Estep
Estep runtime (s): 0.12201189994812012
Mstep
Optimizing phi
Optimizing branch lengths. Current phi: 0.0005459857007951222. Current nu:0.26370028036339427
Optimizing nu
Mstep runtime (s): 0.3029317855834961
Finished EM iter: 12. Current nllh: 5749.153897165967
Starting EM iter: 13
Estep
Estep runtime (s): 0.12215805053710938
Mstep
Optimizing phi
Optimizing branch lengths. Current phi: 0.0003592019711525916. Current nu:0.265087862360304
Optimizing nu
Mstep runtime (s): 0.28325605392456055
Finished EM iter: 13. Current nllh: 5748.854216145438
Starting EM iter: 14
Estep
Estep runtime (s): 0.12186694145202637
Mstep
Optimizing phi
Optimizing branch lengths. Current phi: 0.00023610936373273596. Current nu:0.2660224974304633
Optimizing nu
Mstep runtime (s): 0.2810351848602295
Finished EM iter: 14. Current nllh: 5748.656973488032
Starting EM iter: 15
Estep
Estep runtime (s): 0.12204098701477051
Mstep
Optimizing phi
Optimizing branch lengths. Current phi: 0. Current nu:0.2666463783000006
Optimizing nu
Mstep runtime (s): 0.29515790939331055
Finished EM iter: 15. Current nllh: 5748.297466292294
Starting EM iter: 16
Estep
Estep runtime (s): 0.12173891067504883
Mstep
Optimizing phi
Optimizing branch lengths. Current phi: 0. Current nu:0.26706222205475577
Optimizing nu
Mstep runtime (s): 0.27135610580444336
Finished EM iter: 16. Current nllh: 5748.290289869042
Starting EM iter: 17
Estep
Estep runtime (s): 0.12174725532531738
Mstep
Optimizing phi
Optimizing branch lengths. Current phi: 0. Current nu:0.26760650255842255
Optimizing nu
Mstep runtime (s): 0.33234095573425293
Finished EM iter: 17. Current nllh: 5748.28305226495
Starting EM iter: 18
Estep
Estep runtime (s): 0.12163996696472168
Mstep
Optimizing phi
Optimizing branch lengths. Current phi: 0. Current nu:0.26778426615200346
Optimizing nu
Mstep runtime (s): 0.272629976272583
Finished EM iter: 18. Current nllh: 5748.280107762575
Starting EM iter: 19
Estep
Estep runtime (s): 0.12181878089904785
Mstep
Optimizing phi
Optimizing branch lengths. Current phi: 0. Current nu:0.2678463799122101
Optimizing nu
Mstep runtime (s): 0.31647491455078125
Finished EM iter: 19. Current nllh: 5748.2786333223585
Starting EM iter: 20
Estep
Estep runtime (s): 0.12184596061706543
Mstep
Optimizing phi
Optimizing branch lengths. Current phi: 0. Current nu:0.2678719284522803
Optimizing nu
Mstep runtime (s): 0.29518604278564453
Finished EM iter: 20. Current nllh: 5748.277719759555
Starting EM iter: 21
Estep
Estep runtime (s): 0.12159419059753418
Mstep
Optimizing phi
Optimizing branch lengths. Current phi: 0. Current nu:0.26788511590522956
Optimizing nu
Mstep runtime (s): 0.2839360237121582
Finished EM iter: 21. Current nllh: 5748.2770570588855
Starting EM iter: 22
Estep
Estep runtime (s): 0.12494707107543945
Mstep
Optimizing phi
Optimizing branch lengths. Current phi: 0. Current nu:0.2678944043064384
Optimizing nu
Mstep runtime (s): 0.2660031318664551
Finished EM iter: 22. Current nllh: 5748.2765336442535
Starting EM iter: 23
Estep
Estep runtime (s): 0.12286114692687988
Mstep
Optimizing phi
Optimizing branch lengths. Current phi: 0. Current nu:0.26790182800370116
Optimizing nu
Mstep runtime (s): 0.29058218002319336
Finished EM iter: 23. Current nllh: 5748.276104457485
Starting EM iter: 24
Estep
Estep runtime (s): 0.12188196182250977
Mstep
Optimizing phi
Optimizing branch lengths. Current phi: 0. Current nu:0.267908231102712
Optimizing nu
Mstep runtime (s): 0.3511030673980713
Finished EM iter: 24. Current nllh: 5748.275750316577
Starting EM iter: 25
Estep
Estep runtime (s): 0.12212991714477539
Mstep
Optimizing phi
Optimizing branch lengths. Current phi: 0. Current nu:0.26791368170960805
Optimizing nu
Mstep runtime (s): 0.2684009075164795
Finished EM iter: 25. Current nllh: 5748.275451340675
Starting EM iter: 26
Estep
Estep runtime (s): 0.1217658519744873
Mstep
Optimizing phi
Optimizing branch lengths. Current phi: 0. Current nu:0.26791864452814407
Optimizing nu
Mstep runtime (s): 0.2921900749206543
Finished EM iter: 26. Current nllh: 5748.275198408396
Starting EM iter: 27
Estep
Estep runtime (s): 0.1220698356628418
Mstep
Optimizing phi
Optimizing branch lengths. Current phi: 0. Current nu:0.2679231400083689
Optimizing nu
Mstep runtime (s): 0.29651403427124023
Finished EM iter: 27. Current nllh: 5748.274985844889
Starting EM iter: 28
Estep
Estep runtime (s): 0.1218559741973877
Mstep
Optimizing phi
Optimizing branch lengths. Current phi: 0. Current nu:0.267926898408295
Optimizing nu
Mstep runtime (s): 0.2911078929901123
Finished EM iter: 28. Current nllh: 5748.274726219965
Starting EM iter: 29
Estep
Estep runtime (s): 0.12186717987060547
Mstep
Optimizing phi
Optimizing branch lengths. Current phi: 0. Current nu:0.2679298122980473
Optimizing nu
Mstep runtime (s): 0.25959014892578125
Finished EM iter: 29. Current nllh: 5748.274623250478
Starting EM iter: 30
Estep
Estep runtime (s): 0.12198495864868164
Mstep
Optimizing phi
Optimizing branch lengths. Current phi: 0. Current nu:0.26793468061053033
Optimizing nu
Mstep runtime (s): 0.28618693351745605
Finished EM iter: 30. Current nllh: 5748.274475963357
Starting EM iter: 31
Estep
Estep runtime (s): 0.12197017669677734
Mstep
Optimizing phi
Optimizing branch lengths. Current phi: 0. Current nu:0.26793761049499437
Optimizing nu
Mstep runtime (s): 0.301954984664917
Finished EM iter: 31. Current nllh: 5748.274361258653
Starting EM iter: 32
Estep
Estep runtime (s): 0.12178206443786621
Mstep
Optimizing phi
Optimizing branch lengths. Current phi: 0. Current nu:0.267940351631558
Optimizing nu
Mstep runtime (s): 0.2915499210357666
Finished EM iter: 32. Current nllh: 5748.274258119722
Starting EM iter: 33
Estep
Estep runtime (s): 0.12201809883117676
Mstep
Optimizing phi
Optimizing branch lengths. Current phi: 0. Current nu:0.26794281350259663
Optimizing nu
Mstep runtime (s): 0.3013582229614258
Finished EM iter: 33. Current nllh: 5748.274106728466
Starting EM iter: 34
Estep
Estep runtime (s): 0.12179207801818848
Mstep
Optimizing phi
Optimizing branch lengths. Current phi: 0. Current nu:0.2679445035379711
Optimizing nu
Mstep runtime (s): 0.2719390392303467
Finished EM iter: 34. Current nllh: 5748.27408962297
EM finished after 34 iterations.
Optimal phi: 0. Optimal nu: 0.2679474050117997. Optimal nllh: 5748.27408962297
Optimal point found for initial point 1
Numerical optimization finished successfully
Tree height pre-scaling: 0.6623041727431724, input timescale: 1.0
Tree height after scaling: 1.0, mutation rate: 0.6623041727431724
Tree height pre-scaling: 0.662304172732855, input timescale: 1.0
Tree height after scaling: 1.0, mutation rate: 0.662304172732855
Tree height pre-scaling: 0.6623041726768156, input timescale: 1.0
Tree height after scaling: 1.0, mutation rate: 0.6623041726768156
Tree height pre-scaling: 0.66230417267498, input timescale: 1.0
Tree height after scaling: 1.0, mutation rate: 0.66230417267498
Tree height pre-scaling: 0.662304172670459, input timescale: 1.0
Tree height after scaling: 1.0, mutation rate: 0.662304172670459
Tree height pre-scaling: 0.6623041726426708, input timescale: 1.0
Tree height after scaling: 1.0000000000000002, mutation rate: 0.6623041726426708
Tree height pre-scaling: 0.6623041729120887, input timescale: 1.0
Tree height after scaling: 0.9999999999999998, mutation rate: 0.6623041729120887
Tree height pre-scaling: 0.6623041728363844, input timescale: 1.0
Tree height after scaling: 1.0, mutation rate: 0.6623041728363844
Tree height pre-scaling: 0.6623041727122279, input timescale: 1.0
Tree height after scaling: 0.9999999999999999, mutation rate: 0.6623041727122279
Tree height pre-scaling: 0.6623041726837819, input timescale: 1.0
Tree height after scaling: 1.0000000000000002, mutation rate: 0.6623041726837819
Runtime (s): 15.278045708
