Launching LAML version 0.0.4
LAML was called as follows: /Users/uym2/my_gits/LAML/run_laml.py -c ../../bar24/Bar24_character_matrix.txt -t place_outlier_1/augmented_tree_122.nwk -o place_outlier_1/augmented_tree_122_optimized -v -p ../../bar24/Bar24_priors.pickle --delimiter tab -m -1 --nInitials 1
Prior keys mismatch with site names.
Prior keys: [0, 1, 2, 3, 4, 5, 6, 7, 8, 9, 10, 11, 12, 13, 14, 15, 16, 17, 18, 19, 20, 21, 22, 23, 24, 25, 26, 27, 28]
Site names: ['r1', 'r2', 'r3', 'r4', 'r5', 'r6', 'r7', 'r8', 'r9', 'r10', 'r11', 'r12', 'r13', 'r14', 'r15', 'r16', 'r17', 'r18', 'r19', 'r20', 'r21', 'r22', 'r23', 'r24', 'r25', 'r26', 'r27', 'r28', 'r29', 'r30']
Attempting to infer mapping between site names and prior keys...
Not all site names are present in the dictionary. Trying offset...
Offset between input site names and prior keys is assumed to be 1
Missing priors at site r30, filling in uniform priors...
{'r1': 0, 'r2': 1, 'r3': 2, 'r4': 3, 'r5': 4, 'r6': 5, 'r7': 6, 'r8': 7, 'r9': 8, 'r10': 9, 'r11': 10, 'r12': 11, 'r13': 12, 'r14': 13, 'r15': 14, 'r16': 15, 'r17': 16, 'r18': 17, 'r19': 18, 'r20': 19, 'r21': 20, 'r22': 21, 'r23': 22, 'r24': 23, 'r25': 24, 'r26': 25, 'r27': 26, 'r28': 27, 'r29': 28, 'r30': 29}
Optimizing branch lengths, phi, and nu without topology search
Optimization by EM algorithm
Optimization start with 1 initials
Initial point 1. Random seed: 4390
Numerical optimization started with ultrametric constraint (default)
Initial phi: 0.7783466768608331. Initial nu: 0.6616699265138529. Initial nllh: 13664.175603378717
Starting EM iter: 1
Estep
Estep runtime (s): 0.09021806716918945
Mstep
Optimizing phi
Optimizing branch lengths. Current phi: 0.09922113344594814. Current nu:0.6616699265138529
Optimizing nu
Mstep runtime (s): 0.2552649974822998
Finished EM iter: 1. Current nllh: 6143.779290526408
Starting EM iter: 2
Estep
Estep runtime (s): 0.12232804298400879
Mstep
Optimizing phi
Optimizing branch lengths. Current phi: 0.03899001689490139. Current nu:0.24015072531238454
Optimizing nu
Mstep runtime (s): 0.2998039722442627
Finished EM iter: 2. Current nllh: 5840.96220917875
Starting EM iter: 3
Estep
Estep runtime (s): 0.1281139850616455
Mstep
Optimizing phi
Optimizing branch lengths. Current phi: 0.024267941586609065. Current nu:0.16848434423551567
Optimizing nu
Mstep runtime (s): 0.2774040699005127
Finished EM iter: 3. Current nllh: 5789.06327057351
Starting EM iter: 4
Estep
Estep runtime (s): 0.12389707565307617
Mstep
Optimizing phi
Optimizing branch lengths. Current phi: 0.016366718726125735. Current nu:0.17959574820294463
Optimizing nu
Mstep runtime (s): 0.2816140651702881
Finished EM iter: 4. Current nllh: 5769.26379475978
Starting EM iter: 5
Estep
Estep runtime (s): 0.12207412719726562
Mstep
Optimizing phi
Optimizing branch lengths. Current phi: 0.011316418995583473. Current nu:0.19998784958197682
Optimizing nu
Mstep runtime (s): 0.28967714309692383
Finished EM iter: 5. Current nllh: 5757.607459640375
Starting EM iter: 6
Estep
Estep runtime (s): 0.12253689765930176
Mstep
Optimizing phi
Optimizing branch lengths. Current phi: 0.007873711043442939. Current nu:0.21815234687282983
Optimizing nu
Mstep runtime (s): 0.28441309928894043
Finished EM iter: 6. Current nllh: 5750.644279879044
Starting EM iter: 7
Estep
Estep runtime (s): 0.12920761108398438
Mstep
Optimizing phi
Optimizing branch lengths. Current phi: 0.005526001952958521. Current nu:0.23217748801952037
Optimizing nu
Mstep runtime (s): 0.25850796699523926
Finished EM iter: 7. Current nllh: 5746.065073692469
Starting EM iter: 8
Estep
Estep runtime (s): 0.12489485740661621
Mstep
Optimizing phi
Optimizing branch lengths. Current phi: 0.0038452359655862063. Current nu:0.24237288100374382
Optimizing nu
Mstep runtime (s): 0.25485706329345703
Finished EM iter: 8. Current nllh: 5742.610596681192
Starting EM iter: 9
Estep
Estep runtime (s): 0.1248619556427002
Mstep
Optimizing phi
Optimizing branch lengths. Current phi: 0.0026009728937136. Current nu:0.24975973195746576
Optimizing nu
Mstep runtime (s): 0.2591707706451416
Finished EM iter: 9. Current nllh: 5740.252680490477
Starting EM iter: 10
Estep
Estep runtime (s): 0.1291518211364746
Mstep
Optimizing phi
Optimizing branch lengths. Current phi: 0.0017254768168704774. Current nu:0.25518905402747044
Optimizing nu
Mstep runtime (s): 0.2561779022216797
Finished EM iter: 10. Current nllh: 5738.7435427482815
Starting EM iter: 11
Estep
Estep runtime (s): 0.12342596054077148
Mstep
Optimizing phi
Optimizing branch lengths. Current phi: 0.0011353731220518914. Current nu:0.25912564714941494
Optimizing nu
Mstep runtime (s): 0.26485300064086914
Finished EM iter: 11. Current nllh: 5737.7629599416105
Starting EM iter: 12
Estep
Estep runtime (s): 0.12476682662963867
Mstep
Optimizing phi
Optimizing branch lengths. Current phi: 0.0007443212738038167. Current nu:0.2618863434393588
Optimizing nu
Mstep runtime (s): 0.30869603157043457
Finished EM iter: 12. Current nllh: 5737.122182423065
Starting EM iter: 13
Estep
Estep runtime (s): 0.12297892570495605
Mstep
Optimizing phi
Optimizing branch lengths. Current phi: 0.00048696715803014343. Current nu:0.2637724417954362
Optimizing nu
Mstep runtime (s): 0.2523829936981201
Finished EM iter: 13. Current nllh: 5736.703510821305
Starting EM iter: 14
Estep
Estep runtime (s): 0.12336111068725586
Mstep
Optimizing phi
Optimizing branch lengths. Current phi: 0.00031819857555043837. Current nu:0.26504349729959087
Optimizing nu
Mstep runtime (s): 0.3046438694000244
Finished EM iter: 14. Current nllh: 5736.42990614185
Starting EM iter: 15
Estep
Estep runtime (s): 0.1283271312713623
Mstep
Optimizing phi
Optimizing branch lengths. Current phi: 0.0002077529962229354. Current nu:0.26589088371886427
Optimizing nu
Mstep runtime (s): 0.27835512161254883
Finished EM iter: 15. Current nllh: 5736.251079189776
Starting EM iter: 16
Estep
Estep runtime (s): 0.12388300895690918
Mstep
Optimizing phi
Optimizing branch lengths. Current phi: 0. Current nu:0.2664531397585104
Optimizing nu
Mstep runtime (s): 0.2644040584564209
Finished EM iter: 16. Current nllh: 5735.930786837367
Starting EM iter: 17
Estep
Estep runtime (s): 0.12751221656799316
Mstep
Optimizing phi
Optimizing branch lengths. Current phi: 0. Current nu:0.26682593086928524
Optimizing nu
Mstep runtime (s): 0.2758903503417969
Finished EM iter: 17. Current nllh: 5735.924571263979
Starting EM iter: 18
Estep
Estep runtime (s): 0.12382912635803223
Mstep
Optimizing phi
Optimizing branch lengths. Current phi: 0. Current nu:0.26730440428191776
Optimizing nu
Mstep runtime (s): 0.2760930061340332
Finished EM iter: 18. Current nllh: 5735.918235693831
Starting EM iter: 19
Estep
Estep runtime (s): 0.12566900253295898
Mstep
Optimizing phi
Optimizing branch lengths. Current phi: 0. Current nu:0.2674602660257538
Optimizing nu
Mstep runtime (s): 0.2862892150878906
Finished EM iter: 19. Current nllh: 5735.915631275211
Starting EM iter: 20
Estep
Estep runtime (s): 0.128281831741333
Mstep
Optimizing phi
Optimizing branch lengths. Current phi: 0. Current nu:0.2675154155518746
Optimizing nu
Mstep runtime (s): 0.30434584617614746
Finished EM iter: 20. Current nllh: 5735.91431057748
Starting EM iter: 21
Estep
Estep runtime (s): 0.12413907051086426
Mstep
Optimizing phi
Optimizing branch lengths. Current phi: 0. Current nu:0.2675384587529845
Optimizing nu
Mstep runtime (s): 0.30594468116760254
Finished EM iter: 21. Current nllh: 5735.913483148542
Starting EM iter: 22
Estep
Estep runtime (s): 0.12449216842651367
Mstep
Optimizing phi
Optimizing branch lengths. Current phi: 0. Current nu:0.26755064477891005
Optimizing nu
Mstep runtime (s): 0.2758772373199463
Finished EM iter: 22. Current nllh: 5735.91287428869
Starting EM iter: 23
Estep
Estep runtime (s): 0.12328004837036133
Mstep
Optimizing phi
Optimizing branch lengths. Current phi: 0. Current nu:0.26755951172188747
Optimizing nu
Mstep runtime (s): 0.2610890865325928
Finished EM iter: 23. Current nllh: 5735.912395701256
Starting EM iter: 24
Estep
Estep runtime (s): 0.1237790584564209
Mstep
Optimizing phi
Optimizing branch lengths. Current phi: 0. Current nu:0.26756624804394913
Optimizing nu
Mstep runtime (s): 0.27840304374694824
Finished EM iter: 24. Current nllh: 5735.912005938435
Starting EM iter: 25
Estep
Estep runtime (s): 0.12354087829589844
Mstep
Optimizing phi
Optimizing branch lengths. Current phi: 0. Current nu:0.2675721335772025
Optimizing nu
Mstep runtime (s): 0.26329922676086426
Finished EM iter: 25. Current nllh: 5735.911682894505
Starting EM iter: 26
Estep
Estep runtime (s): 0.1233069896697998
Mstep
Optimizing phi
Optimizing branch lengths. Current phi: 0. Current nu:0.2675770880589316
Optimizing nu
Mstep runtime (s): 0.3035619258880615
Finished EM iter: 26. Current nllh: 5735.911406804946
Starting EM iter: 27
Estep
Estep runtime (s): 0.12341594696044922
Mstep
Optimizing phi
Optimizing branch lengths. Current phi: 0. Current nu:0.2675819192404455
Optimizing nu
Mstep runtime (s): 0.25985097885131836
Finished EM iter: 27. Current nllh: 5735.9111783773615
Starting EM iter: 28
Estep
Estep runtime (s): 0.12336993217468262
Mstep
Optimizing phi
Optimizing branch lengths. Current phi: 0. Current nu:0.2675856666849932
Optimizing nu
Mstep runtime (s): 0.25267601013183594
Finished EM iter: 28. Current nllh: 5735.9109791987075
Starting EM iter: 29
Estep
Estep runtime (s): 0.1238100528717041
Mstep
Optimizing phi
Optimizing branch lengths. Current phi: 0. Current nu:0.2675896820620967
Optimizing nu
Mstep runtime (s): 0.3020973205566406
Finished EM iter: 29. Current nllh: 5735.910804915455
Starting EM iter: 30
Estep
Estep runtime (s): 0.12428092956542969
Mstep
Optimizing phi
Optimizing branch lengths. Current phi: 0. Current nu:0.2675932347194101
Optimizing nu
Mstep runtime (s): 0.27927398681640625
Finished EM iter: 30. Current nllh: 5735.910656003011
Starting EM iter: 31
Estep
Estep runtime (s): 0.12345695495605469
Mstep
Optimizing phi
Optimizing branch lengths. Current phi: 0. Current nu:0.26759641575744725
Optimizing nu
Mstep runtime (s): 0.28298020362854004
Finished EM iter: 31. Current nllh: 5735.910531614771
Starting EM iter: 32
Estep
Estep runtime (s): 0.12339377403259277
Mstep
Optimizing phi
Optimizing branch lengths. Current phi: 0. Current nu:0.26759896786138454
Optimizing nu
Mstep runtime (s): 0.27706003189086914
Finished EM iter: 32. Current nllh: 5735.910420566384
Starting EM iter: 33
Estep
Estep runtime (s): 0.12769794464111328
Mstep
Optimizing phi
Optimizing branch lengths. Current phi: 0. Current nu:0.26760178083097047
Optimizing nu
Mstep runtime (s): 0.2935628890991211
Finished EM iter: 33. Current nllh: 5735.910267206969
Starting EM iter: 34
Estep
Estep runtime (s): 0.12225890159606934
Mstep
Optimizing phi
Optimizing branch lengths. Current phi: 0. Current nu:0.26760314880527086
Optimizing nu
Mstep runtime (s): 0.31805896759033203
Finished EM iter: 34. Current nllh: 5735.91023787306
EM finished after 34 iterations.
Optimal phi: 0. Optimal nu: 0.26760653634392934. Optimal nllh: 5735.91023787306
Optimal point found for initial point 1
Numerical optimization finished successfully
Tree height pre-scaling: 0.6637015806741731, input timescale: 1.0
Tree height after scaling: 1.0, mutation rate: 0.6637015806741731
Tree height pre-scaling: 0.6637015806582431, input timescale: 1.0
Tree height after scaling: 0.9999999999999999, mutation rate: 0.6637015806582431
Tree height pre-scaling: 0.6637015806127011, input timescale: 1.0
Tree height after scaling: 0.9999999999999999, mutation rate: 0.6637015806127011
Tree height pre-scaling: 0.6637015806108385, input timescale: 1.0
Tree height after scaling: 1.0, mutation rate: 0.6637015806108385
Tree height pre-scaling: 0.6637015806065721, input timescale: 1.0
Tree height after scaling: 0.9999999999999999, mutation rate: 0.6637015806065721
Tree height pre-scaling: 0.6637015805903279, input timescale: 1.0
Tree height after scaling: 1.0000000000000002, mutation rate: 0.6637015805903279
Tree height pre-scaling: 0.6637015808070438, input timescale: 1.0
Tree height after scaling: 0.9999999999999999, mutation rate: 0.6637015808070438
Tree height pre-scaling: 0.6637015807484926, input timescale: 1.0
Tree height after scaling: 1.0, mutation rate: 0.6637015807484926
Tree height pre-scaling: 0.6637015806462763, input timescale: 1.0
Tree height after scaling: 1.0, mutation rate: 0.6637015806462763
Tree height pre-scaling: 0.663701580725953, input timescale: 1.0
Tree height after scaling: 1.0, mutation rate: 0.663701580725953
Runtime (s): 15.063485875000001
