Launching LAML version 0.0.4
LAML was called as follows: /Users/uym2/my_gits/LAML/run_laml.py -c ../../bar24/Bar24_character_matrix.txt -t place_outlier_1/augmented_tree_293.nwk -o place_outlier_1/augmented_tree_293_optimized -v -p ../../bar24/Bar24_priors.pickle --delimiter tab -m -1 --nInitials 1
Prior keys mismatch with site names.
Prior keys: [0, 1, 2, 3, 4, 5, 6, 7, 8, 9, 10, 11, 12, 13, 14, 15, 16, 17, 18, 19, 20, 21, 22, 23, 24, 25, 26, 27, 28]
Site names: ['r1', 'r2', 'r3', 'r4', 'r5', 'r6', 'r7', 'r8', 'r9', 'r10', 'r11', 'r12', 'r13', 'r14', 'r15', 'r16', 'r17', 'r18', 'r19', 'r20', 'r21', 'r22', 'r23', 'r24', 'r25', 'r26', 'r27', 'r28', 'r29', 'r30']
Attempting to infer mapping between site names and prior keys...
Not all site names are present in the dictionary. Trying offset...
Offset between input site names and prior keys is assumed to be 1
Missing priors at site r30, filling in uniform priors...
{'r1': 0, 'r2': 1, 'r3': 2, 'r4': 3, 'r5': 4, 'r6': 5, 'r7': 6, 'r8': 7, 'r9': 8, 'r10': 9, 'r11': 10, 'r12': 11, 'r13': 12, 'r14': 13, 'r15': 14, 'r16': 15, 'r17': 16, 'r18': 17, 'r19': 18, 'r20': 19, 'r21': 20, 'r22': 21, 'r23': 22, 'r24': 23, 'r25': 24, 'r26': 25, 'r27': 26, 'r28': 27, 'r29': 28, 'r30': 29}
Optimizing branch lengths, phi, and nu without topology search
Optimization by EM algorithm
Optimization start with 1 initials
Initial point 1. Random seed: 1565
Numerical optimization started with ultrametric constraint (default)
Initial phi: 0.5827239020937217. Initial nu: 0.9516172381624949. Initial nllh: 11178.379024112037
Starting EM iter: 1
Estep
Estep runtime (s): 0.08791685104370117
Mstep
Optimizing phi
Optimizing branch lengths. Current phi: 0.0605931630844041. Current nu:0.9516172381624949
Optimizing nu
Mstep runtime (s): 0.25255775451660156
Finished EM iter: 1. Current nllh: 6111.067381335257
Starting EM iter: 2
Estep
Estep runtime (s): 0.12189960479736328
Mstep
Optimizing phi
Optimizing branch lengths. Current phi: 0.0278531692130684. Current nu:0.34710470736000143
Optimizing nu
Mstep runtime (s): 0.28847312927246094
Finished EM iter: 2. Current nllh: 5869.31979398375
Starting EM iter: 3
Estep
Estep runtime (s): 0.1214900016784668
Mstep
Optimizing phi
Optimizing branch lengths. Current phi: 0.017595589411330294. Current nu:0.2226770112728209
Optimizing nu
Mstep runtime (s): 0.30034828186035156
Finished EM iter: 3. Current nllh: 5831.622669858364
Starting EM iter: 4
Estep
Estep runtime (s): 0.12186193466186523
Mstep
Optimizing phi
Optimizing branch lengths. Current phi: 0.011935408583240761. Current nu:0.21333386139127178
Optimizing nu
Mstep runtime (s): 0.3147401809692383
Finished EM iter: 4. Current nllh: 5820.06730712254
Starting EM iter: 5
Estep
Estep runtime (s): 0.12197279930114746
Mstep
Optimizing phi
Optimizing branch lengths. Current phi: 0.008262707468878616. Current nu:0.22468128081945343
Optimizing nu
Mstep runtime (s): 0.250701904296875
Finished EM iter: 5. Current nllh: 5813.152133974107
Starting EM iter: 6
Estep
Estep runtime (s): 0.12213492393493652
Mstep
Optimizing phi
Optimizing branch lengths. Current phi: 0.005755841107577053. Current nu:0.237238270963141
Optimizing nu
Mstep runtime (s): 0.24780797958374023
Finished EM iter: 6. Current nllh: 5808.4166321138955
Starting EM iter: 7
Estep
Estep runtime (s): 0.12245607376098633
Mstep
Optimizing phi
Optimizing branch lengths. Current phi: 0.003966776756784589. Current nu:0.2473168377879964
Optimizing nu
Mstep runtime (s): 0.29005885124206543
Finished EM iter: 7. Current nllh: 5804.9557627272825
Starting EM iter: 8
Estep
Estep runtime (s): 0.12209630012512207
Mstep
Optimizing phi
Optimizing branch lengths. Current phi: 0.002674189844513. Current nu:0.2548726423145213
Optimizing nu
Mstep runtime (s): 0.2565779685974121
Finished EM iter: 8. Current nllh: 5802.599161097624
Starting EM iter: 9
Estep
Estep runtime (s): 0.12205791473388672
Mstep
Optimizing phi
Optimizing branch lengths. Current phi: 0.001776366045178522. Current nu:0.2604387593174646
Optimizing nu
Mstep runtime (s): 0.2654869556427002
Finished EM iter: 9. Current nllh: 5801.064816434298
Starting EM iter: 10
Estep
Estep runtime (s): 0.12243008613586426
Mstep
Optimizing phi
Optimizing branch lengths. Current phi: 0.0011719308058482935. Current nu:0.2644316943982926
Optimizing nu
Mstep runtime (s): 0.2761201858520508
Finished EM iter: 10. Current nllh: 5800.061157010605
Starting EM iter: 11
Estep
Estep runtime (s): 0.12217283248901367
Mstep
Optimizing phi
Optimizing branch lengths. Current phi: 0.0007705651893309772. Current nu:0.26721583485395495
Optimizing nu
Mstep runtime (s): 0.32907605171203613
Finished EM iter: 11. Current nllh: 5799.403587525333
Starting EM iter: 12
Estep
Estep runtime (s): 0.12232780456542969
Mstep
Optimizing phi
Optimizing branch lengths. Current phi: 0.0005056919884023113. Current nu:0.2691152081995154
Optimizing nu
Mstep runtime (s): 0.2767469882965088
Finished EM iter: 12. Current nllh: 5798.972926724646
Starting EM iter: 13
Estep
Estep runtime (s): 0.1223292350769043
Mstep
Optimizing phi
Optimizing branch lengths. Current phi: 0.00033147168686562586. Current nu:0.2703942653804415
Optimizing nu
Mstep runtime (s): 0.277191162109375
Finished EM iter: 13. Current nllh: 5798.690859732954
Starting EM iter: 14
Estep
Estep runtime (s): 0.12213897705078125
Mstep
Optimizing phi
Optimizing branch lengths. Current phi: 0.00021710738989962552. Current nu:0.27124918512892326
Optimizing nu
Mstep runtime (s): 0.28099584579467773
Finished EM iter: 14. Current nllh: 5798.50607471009
Starting EM iter: 15
Estep
Estep runtime (s): 0.12296199798583984
Mstep
Optimizing phi
Optimizing branch lengths. Current phi: 0. Current nu:0.2718186201342594
Optimizing nu
Mstep runtime (s): 0.31659507751464844
Finished EM iter: 15. Current nllh: 5798.172989833383
Starting EM iter: 16
Estep
Estep runtime (s): 0.12207388877868652
Mstep
Optimizing phi
Optimizing branch lengths. Current phi: 0. Current nu:0.27219699955072
Optimizing nu
Mstep runtime (s): 0.31135082244873047
Finished EM iter: 16. Current nllh: 5798.1654410028905
Starting EM iter: 17
Estep
Estep runtime (s): 0.12186789512634277
Mstep
Optimizing phi
Optimizing branch lengths. Current phi: 0. Current nu:0.2726902200112502
Optimizing nu
Mstep runtime (s): 0.256817102432251
Finished EM iter: 17. Current nllh: 5798.159111532765
Starting EM iter: 18
Estep
Estep runtime (s): 0.12235307693481445
Mstep
Optimizing phi
Optimizing branch lengths. Current phi: 0. Current nu:0.27285174073488017
Optimizing nu
Mstep runtime (s): 0.2628312110900879
Finished EM iter: 18. Current nllh: 5798.156457834393
Starting EM iter: 19
Estep
Estep runtime (s): 0.12277817726135254
Mstep
Optimizing phi
Optimizing branch lengths. Current phi: 0. Current nu:0.27290816596605355
Optimizing nu
Mstep runtime (s): 0.2824711799621582
Finished EM iter: 19. Current nllh: 5798.155105913147
Starting EM iter: 20
Estep
Estep runtime (s): 0.12206888198852539
Mstep
Optimizing phi
Optimizing branch lengths. Current phi: 0. Current nu:0.2729319817688933
Optimizing nu
Mstep runtime (s): 0.25811028480529785
Finished EM iter: 20. Current nllh: 5798.154240108757
Starting EM iter: 21
Estep
Estep runtime (s): 0.12263083457946777
Mstep
Optimizing phi
Optimizing branch lengths. Current phi: 0. Current nu:0.2729448997739983
Optimizing nu
Mstep runtime (s): 0.295579195022583
Finished EM iter: 21. Current nllh: 5798.153593990474
Starting EM iter: 22
Estep
Estep runtime (s): 0.12220501899719238
Mstep
Optimizing phi
Optimizing branch lengths. Current phi: 0. Current nu:0.27295390320531754
Optimizing nu
Mstep runtime (s): 0.2916722297668457
Finished EM iter: 22. Current nllh: 5798.153079624713
Starting EM iter: 23
Estep
Estep runtime (s): 0.12240219116210938
Mstep
Optimizing phi
Optimizing branch lengths. Current phi: 0. Current nu:0.272960926289253
Optimizing nu
Mstep runtime (s): 0.2589571475982666
Finished EM iter: 23. Current nllh: 5798.1526472354235
Starting EM iter: 24
Estep
Estep runtime (s): 0.12236905097961426
Mstep
Optimizing phi
Optimizing branch lengths. Current phi: 0. Current nu:0.27296742917437095
Optimizing nu
Mstep runtime (s): 0.2867910861968994
Finished EM iter: 24. Current nllh: 5798.1521691512235
Starting EM iter: 25
Estep
Estep runtime (s): 0.12288522720336914
Mstep
Optimizing phi
Optimizing branch lengths. Current phi: 0. Current nu:0.2729724416026949
Optimizing nu
Mstep runtime (s): 0.26878929138183594
Finished EM iter: 25. Current nllh: 5798.151938967087
Starting EM iter: 26
Estep
Estep runtime (s): 0.12258005142211914
Mstep
Optimizing phi
Optimizing branch lengths. Current phi: 0. Current nu:0.2729786088720402
Optimizing nu
Mstep runtime (s): 0.27817797660827637
Finished EM iter: 26. Current nllh: 5798.151667267561
Starting EM iter: 27
Estep
Estep runtime (s): 0.12271881103515625
Mstep
Optimizing phi
Optimizing branch lengths. Current phi: 0. Current nu:0.2729829866993147
Optimizing nu
Mstep runtime (s): 0.2787051200866699
Finished EM iter: 27. Current nllh: 5798.151438813269
Starting EM iter: 28
Estep
Estep runtime (s): 0.1225440502166748
Mstep
Optimizing phi
Optimizing branch lengths. Current phi: 0. Current nu:0.27298708791408827
Optimizing nu
Mstep runtime (s): 0.2914731502532959
Finished EM iter: 28. Current nllh: 5798.15117030004
Starting EM iter: 29
Estep
Estep runtime (s): 0.12227106094360352
Mstep
Optimizing phi
Optimizing branch lengths. Current phi: 0. Current nu:0.2729900049052589
Optimizing nu
Mstep runtime (s): 0.2927870750427246
Finished EM iter: 29. Current nllh: 5798.1509602389715
Starting EM iter: 30
Estep
Estep runtime (s): 0.12215495109558105
Mstep
Optimizing phi
Optimizing branch lengths. Current phi: 0. Current nu:0.27299374827791495
Optimizing nu
Mstep runtime (s): 0.2676680088043213
Finished EM iter: 30. Current nllh: 5798.15088598233
Starting EM iter: 31
Estep
Estep runtime (s): 0.12267899513244629
Mstep
Optimizing phi
Optimizing branch lengths. Current phi: 0. Current nu:0.2729982207808331
Optimizing nu
Mstep runtime (s): 0.2694740295410156
Finished EM iter: 31. Current nllh: 5798.150744323401
Starting EM iter: 32
Estep
Estep runtime (s): 0.12210988998413086
Mstep
Optimizing phi
Optimizing branch lengths. Current phi: 0. Current nu:0.2730009296218157
Optimizing nu
Mstep runtime (s): 0.2918739318847656
Finished EM iter: 32. Current nllh: 5798.150625290343
Starting EM iter: 33
Estep
Estep runtime (s): 0.12211489677429199
Mstep
Optimizing phi
Optimizing branch lengths. Current phi: 0. Current nu:0.2730036853689911
Optimizing nu
Mstep runtime (s): 0.3072621822357178
Finished EM iter: 33. Current nllh: 5798.150455620078
Starting EM iter: 34
Estep
Estep runtime (s): 0.1220541000366211
Mstep
Optimizing phi
Optimizing branch lengths. Current phi: 0. Current nu:0.27300635567397225
Optimizing nu
Mstep runtime (s): 0.27666521072387695
Finished EM iter: 34. Current nllh: 5798.150251589091
Starting EM iter: 35
Estep
Estep runtime (s): 0.12232494354248047
Mstep
Optimizing phi
Optimizing branch lengths. Current phi: 0. Current nu:0.27301036875606494
Optimizing nu
Mstep runtime (s): 0.2713441848754883
Finished EM iter: 35. Current nllh: 5798.150310156325
Starting EM iter: 36
Estep
Estep runtime (s): 0.12230896949768066
Mstep
Optimizing phi
Optimizing branch lengths. Current phi: 0. Current nu:0.2730116753301843
Optimizing nu
Mstep runtime (s): 0.3316187858581543
Finished EM iter: 36. Current nllh: 5798.150248302955
Starting EM iter: 37
Estep
Estep runtime (s): 0.12245893478393555
Mstep
Optimizing phi
Optimizing branch lengths. Current phi: 0. Current nu:0.2730129474443912
Optimizing nu
Mstep runtime (s): 0.28676891326904297
Finished EM iter: 37. Current nllh: 5798.150184818414
Starting EM iter: 38
Estep
Estep runtime (s): 0.12211990356445312
Mstep
Optimizing phi
Optimizing branch lengths. Current phi: 0. Current nu:0.27301490779942966
Optimizing nu
Mstep runtime (s): 0.2835721969604492
Finished EM iter: 38. Current nllh: 5798.150124000767
Starting EM iter: 39
Estep
Estep runtime (s): 0.12281394004821777
Mstep
Optimizing phi
Optimizing branch lengths. Current phi: 0. Current nu:0.2730166139375364
Optimizing nu
Mstep runtime (s): 0.2876431941986084
Finished EM iter: 39. Current nllh: 5798.15006953016
EM finished after 39 iterations.
Optimal phi: 0. Optimal nu: 0.2730181496667979. Optimal nllh: 5798.15006953016
Optimal point found for initial point 1
Numerical optimization finished successfully
Tree height pre-scaling: 0.6612008374494314, input timescale: 1.0
Tree height after scaling: 1.0, mutation rate: 0.6612008374494314
Tree height pre-scaling: 0.6612008374431604, input timescale: 1.0
Tree height after scaling: 1.0, mutation rate: 0.6612008374431604
Tree height pre-scaling: 0.6612008374538719, input timescale: 1.0
Tree height after scaling: 1.0, mutation rate: 0.6612008374538719
Tree height pre-scaling: 0.6612008374494042, input timescale: 1.0
Tree height after scaling: 1.0, mutation rate: 0.6612008374494042
Tree height pre-scaling: 0.6612008374371159, input timescale: 1.0
Tree height after scaling: 1.0, mutation rate: 0.6612008374371159
Tree height pre-scaling: 0.6612008374551683, input timescale: 1.0
Tree height after scaling: 1.0, mutation rate: 0.6612008374551683
Tree height pre-scaling: 0.6612008374483769, input timescale: 1.0
Tree height after scaling: 1.0, mutation rate: 0.6612008374483769
Tree height pre-scaling: 0.6612008374416423, input timescale: 1.0
Tree height after scaling: 1.0000000000000002, mutation rate: 0.6612008374416423
Tree height pre-scaling: 0.6612008374423805, input timescale: 1.0
Tree height after scaling: 1.0, mutation rate: 0.6612008374423805
Tree height pre-scaling: 0.6612008374446571, input timescale: 1.0
Tree height after scaling: 0.9999999999999999, mutation rate: 0.6612008374446571
Runtime (s): 17.264989791999998
