Launching LAML version 0.0.4
LAML was called as follows: /Users/uym2/my_gits/LAML/run_laml.py -c ../../bar24/Bar24_character_matrix.txt -t place_outlier_1/augmented_tree_272.nwk -o place_outlier_1/augmented_tree_272_optimized -v -p ../../bar24/Bar24_priors.pickle --delimiter tab -m -1 --nInitials 1
Prior keys mismatch with site names.
Prior keys: [0, 1, 2, 3, 4, 5, 6, 7, 8, 9, 10, 11, 12, 13, 14, 15, 16, 17, 18, 19, 20, 21, 22, 23, 24, 25, 26, 27, 28]
Site names: ['r1', 'r2', 'r3', 'r4', 'r5', 'r6', 'r7', 'r8', 'r9', 'r10', 'r11', 'r12', 'r13', 'r14', 'r15', 'r16', 'r17', 'r18', 'r19', 'r20', 'r21', 'r22', 'r23', 'r24', 'r25', 'r26', 'r27', 'r28', 'r29', 'r30']
Attempting to infer mapping between site names and prior keys...
Not all site names are present in the dictionary. Trying offset...
Offset between input site names and prior keys is assumed to be 1
Missing priors at site r30, filling in uniform priors...
{'r1': 0, 'r2': 1, 'r3': 2, 'r4': 3, 'r5': 4, 'r6': 5, 'r7': 6, 'r8': 7, 'r9': 8, 'r10': 9, 'r11': 10, 'r12': 11, 'r13': 12, 'r14': 13, 'r15': 14, 'r16': 15, 'r17': 16, 'r18': 17, 'r19': 18, 'r20': 19, 'r21': 20, 'r22': 21, 'r23': 22, 'r24': 23, 'r25': 24, 'r26': 25, 'r27': 26, 'r28': 27, 'r29': 28, 'r30': 29}
Optimizing branch lengths, phi, and nu without topology search
Optimization by EM algorithm
Optimization start with 1 initials
Initial point 1. Random seed: 4959
Numerical optimization started with ultrametric constraint (default)
Initial phi: 0.5652486331303711. Initial nu: 0.4174680416444203. Initial nllh: 10370.286758757313
Starting EM iter: 1
Estep
Estep runtime (s): 0.09014105796813965
Mstep
Optimizing phi
Optimizing branch lengths. Current phi: 0.07874606073723008. Current nu:0.4174680416444203
Optimizing nu
Mstep runtime (s): 0.2655661106109619
Finished EM iter: 1. Current nllh: 6016.322511606026
Starting EM iter: 2
Estep
Estep runtime (s): 0.12194991111755371
Mstep
Optimizing phi
Optimizing branch lengths. Current phi: 0.035368474328495395. Current nu:0.18267127678945005
Optimizing nu
Mstep runtime (s): 0.2848501205444336
Finished EM iter: 2. Current nllh: 5836.377301424536
Starting EM iter: 3
Estep
Estep runtime (s): 0.12129378318786621
Mstep
Optimizing phi
Optimizing branch lengths. Current phi: 0.023193838685178682. Current nu:0.16252767701850632
Optimizing nu
Mstep runtime (s): 0.3352229595184326
Finished EM iter: 3. Current nllh: 5804.549505704265
Starting EM iter: 4
Estep
Estep runtime (s): 0.12151122093200684
Mstep
Optimizing phi
Optimizing branch lengths. Current phi: 0.01619731369632114. Current nu:0.18461352382084958
Optimizing nu
Mstep runtime (s): 0.2652628421783447
Finished EM iter: 4. Current nllh: 5788.745077580355
Starting EM iter: 5
Estep
Estep runtime (s): 0.1217191219329834
Mstep
Optimizing phi
Optimizing branch lengths. Current phi: 0.011608360978072812. Current nu:0.20741528642555157
Optimizing nu
Mstep runtime (s): 0.302077054977417
Finished EM iter: 5. Current nllh: 5779.348608481668
Starting EM iter: 6
Estep
Estep runtime (s): 0.12160778045654297
Mstep
Optimizing phi
Optimizing branch lengths. Current phi: 0.008454193367491467. Current nu:0.225276105744883
Optimizing nu
Mstep runtime (s): 0.2617149353027344
Finished EM iter: 6. Current nllh: 5773.567860862804
Starting EM iter: 7
Estep
Estep runtime (s): 0.12193107604980469
Mstep
Optimizing phi
Optimizing branch lengths. Current phi: 0.006206258251879334. Current nu:0.23847841215219615
Optimizing nu
Mstep runtime (s): 0.26356077194213867
Finished EM iter: 7. Current nllh: 5769.524130983395
Starting EM iter: 8
Estep
Estep runtime (s): 0.12175893783569336
Mstep
Optimizing phi
Optimizing branch lengths. Current phi: 0.004513531833788086. Current nu:0.24821094511824615
Optimizing nu
Mstep runtime (s): 0.2434542179107666
Finished EM iter: 8. Current nllh: 5766.383403504779
Starting EM iter: 9
Estep
Estep runtime (s): 0.12170600891113281
Mstep
Optimizing phi
Optimizing branch lengths. Current phi: 0.0032062656127520863. Current nu:0.2555286777815934
Optimizing nu
Mstep runtime (s): 0.23924589157104492
Finished EM iter: 9. Current nllh: 5764.122020244001
Starting EM iter: 10
Estep
Estep runtime (s): 0.12171506881713867
Mstep
Optimizing phi
Optimizing branch lengths. Current phi: 0.002239438255480223. Current nu:0.2611560672855108
Optimizing nu
Mstep runtime (s): 0.28368592262268066
Finished EM iter: 10. Current nllh: 5762.593579640752
Starting EM iter: 11
Estep
Estep runtime (s): 0.1218709945678711
Mstep
Optimizing phi
Optimizing branch lengths. Current phi: 0.001551950579139379. Current nu:0.2654243688933992
Optimizing nu
Mstep runtime (s): 0.2432088851928711
Finished EM iter: 11. Current nllh: 5761.547751302463
Starting EM iter: 12
Estep
Estep runtime (s): 0.12201523780822754
Mstep
Optimizing phi
Optimizing branch lengths. Current phi: 0.0010713859479144887. Current nu:0.26856703318533853
Optimizing nu
Mstep runtime (s): 0.2621879577636719
Finished EM iter: 12. Current nllh: 5760.828518045342
Starting EM iter: 13
Estep
Estep runtime (s): 0.12209510803222656
Mstep
Optimizing phi
Optimizing branch lengths. Current phi: 0.00073797723242567. Current nu:0.27082478654511194
Optimizing nu
Mstep runtime (s): 0.30094194412231445
Finished EM iter: 13. Current nllh: 5760.334115525267
Starting EM iter: 14
Estep
Estep runtime (s): 0.12201595306396484
Mstep
Optimizing phi
Optimizing branch lengths. Current phi: 0.0005075913298354037. Current nu:0.2724214075879817
Optimizing nu
Mstep runtime (s): 0.28444623947143555
Finished EM iter: 14. Current nllh: 5759.994420224637
Starting EM iter: 15
Estep
Estep runtime (s): 0.12197518348693848
Mstep
Optimizing phi
Optimizing branch lengths. Current phi: 0.00034878972806731164. Current nu:0.2735403032230015
Optimizing nu
Mstep runtime (s): 0.2734360694885254
Finished EM iter: 15. Current nllh: 5759.761033918347
Starting EM iter: 16
Estep
Estep runtime (s): 0.12199187278747559
Mstep
Optimizing phi
Optimizing branch lengths. Current phi: 0.00023951006231998846. Current nu:0.27432032488395236
Optimizing nu
Mstep runtime (s): 0.2854149341583252
Finished EM iter: 16. Current nllh: 5759.600660277135
Starting EM iter: 17
Estep
Estep runtime (s): 0.12215471267700195
Mstep
Optimizing phi
Optimizing branch lengths. Current phi: 0. Current nu:0.2748624323276083
Optimizing nu
Mstep runtime (s): 0.2557229995727539
Finished EM iter: 17. Current nllh: 5759.268083639526
Starting EM iter: 18
Estep
Estep runtime (s): 0.12154316902160645
Mstep
Optimizing phi
Optimizing branch lengths. Current phi: 0. Current nu:0.27523886898157124
Optimizing nu
Mstep runtime (s): 0.25449180603027344
Finished EM iter: 18. Current nllh: 5759.261087769479
Starting EM iter: 19
Estep
Estep runtime (s): 0.1216888427734375
Mstep
Optimizing phi
Optimizing branch lengths. Current phi: 0. Current nu:0.2757970993533716
Optimizing nu
Mstep runtime (s): 0.3432598114013672
Finished EM iter: 19. Current nllh: 5759.253827896145
Starting EM iter: 20
Estep
Estep runtime (s): 0.12165403366088867
Mstep
Optimizing phi
Optimizing branch lengths. Current phi: 0. Current nu:0.2759797370216678
Optimizing nu
Mstep runtime (s): 0.2491779327392578
Finished EM iter: 20. Current nllh: 5759.250989272444
Starting EM iter: 21
Estep
Estep runtime (s): 0.12156486511230469
Mstep
Optimizing phi
Optimizing branch lengths. Current phi: 0. Current nu:0.2760430389418639
Optimizing nu
Mstep runtime (s): 0.2603440284729004
Finished EM iter: 21. Current nllh: 5759.2496399791335
Starting EM iter: 22
Estep
Estep runtime (s): 0.12187695503234863
Mstep
Optimizing phi
Optimizing branch lengths. Current phi: 0. Current nu:0.2760683635153734
Optimizing nu
Mstep runtime (s): 0.2821650505065918
Finished EM iter: 22. Current nllh: 5759.248839820099
Starting EM iter: 23
Estep
Estep runtime (s): 0.12177777290344238
Mstep
Optimizing phi
Optimizing branch lengths. Current phi: 0. Current nu:0.2760806033110452
Optimizing nu
Mstep runtime (s): 0.24634170532226562
Finished EM iter: 23. Current nllh: 5759.248262872282
Starting EM iter: 24
Estep
Estep runtime (s): 0.12157106399536133
Mstep
Optimizing phi
Optimizing branch lengths. Current phi: 0. Current nu:0.2760892799809893
Optimizing nu
Mstep runtime (s): 0.2579929828643799
Finished EM iter: 24. Current nllh: 5759.247807896194
Starting EM iter: 25
Estep
Estep runtime (s): 0.12191009521484375
Mstep
Optimizing phi
Optimizing branch lengths. Current phi: 0. Current nu:0.27609571872449257
Optimizing nu
Mstep runtime (s): 0.25438809394836426
Finished EM iter: 25. Current nllh: 5759.247431218935
Starting EM iter: 26
Estep
Estep runtime (s): 0.12156295776367188
Mstep
Optimizing phi
Optimizing branch lengths. Current phi: 0. Current nu:0.27610154377693796
Optimizing nu
Mstep runtime (s): 0.25708484649658203
Finished EM iter: 26. Current nllh: 5759.2471168148695
Starting EM iter: 27
Estep
Estep runtime (s): 0.1218419075012207
Mstep
Optimizing phi
Optimizing branch lengths. Current phi: 0. Current nu:0.27610623253439726
Optimizing nu
Mstep runtime (s): 0.257368803024292
Finished EM iter: 27. Current nllh: 5759.246852458266
Starting EM iter: 28
Estep
Estep runtime (s): 0.12169504165649414
Mstep
Optimizing phi
Optimizing branch lengths. Current phi: 0. Current nu:0.276110427988024
Optimizing nu
Mstep runtime (s): 0.2574920654296875
Finished EM iter: 28. Current nllh: 5759.24662713043
Starting EM iter: 29
Estep
Estep runtime (s): 0.12181711196899414
Mstep
Optimizing phi
Optimizing branch lengths. Current phi: 0. Current nu:0.27611424641787663
Optimizing nu
Mstep runtime (s): 0.2931692600250244
Finished EM iter: 29. Current nllh: 5759.246435418608
Starting EM iter: 30
Estep
Estep runtime (s): 0.12166810035705566
Mstep
Optimizing phi
Optimizing branch lengths. Current phi: 0. Current nu:0.2761166287430304
Optimizing nu
Mstep runtime (s): 0.2949502468109131
Finished EM iter: 30. Current nllh: 5759.246252800964
Starting EM iter: 31
Estep
Estep runtime (s): 0.12152814865112305
Mstep
Optimizing phi
Optimizing branch lengths. Current phi: 0. Current nu:0.27612113416156736
Optimizing nu
Mstep runtime (s): 0.2725801467895508
Finished EM iter: 31. Current nllh: 5759.246090254928
Starting EM iter: 32
Estep
Estep runtime (s): 0.12165713310241699
Mstep
Optimizing phi
Optimizing branch lengths. Current phi: 0. Current nu:0.276124298950631
Optimizing nu
Mstep runtime (s): 0.29876184463500977
Finished EM iter: 32. Current nllh: 5759.245949828263
Starting EM iter: 33
Estep
Estep runtime (s): 0.12187790870666504
Mstep
Optimizing phi
Optimizing branch lengths. Current phi: 0. Current nu:0.2761274960582281
Optimizing nu
Mstep runtime (s): 0.29907703399658203
Finished EM iter: 33. Current nllh: 5759.245798631939
Starting EM iter: 34
Estep
Estep runtime (s): 0.12185907363891602
Mstep
Optimizing phi
Optimizing branch lengths. Current phi: 0. Current nu:0.2761302937630017
Optimizing nu
Mstep runtime (s): 0.26249122619628906
Finished EM iter: 34. Current nllh: 5759.24572088822
Starting EM iter: 35
Estep
Estep runtime (s): 0.1221458911895752
Mstep
Optimizing phi
Optimizing branch lengths. Current phi: 0. Current nu:0.2761326052668999
Optimizing nu
Mstep runtime (s): 0.28724193572998047
Finished EM iter: 35. Current nllh: 5759.245526646732
Starting EM iter: 36
Estep
Estep runtime (s): 0.12160301208496094
Mstep
Optimizing phi
Optimizing branch lengths. Current phi: 0. Current nu:0.2761362569419444
Optimizing nu
Mstep runtime (s): 0.24654507637023926
Finished EM iter: 36. Current nllh: 5759.245526109932
EM finished after 36 iterations.
Optimal phi: 0. Optimal nu: 0.27613756538429. Optimal nllh: 5759.245526109932
Optimal point found for initial point 1
Numerical optimization finished successfully
Tree height pre-scaling: 0.6496679087649764, input timescale: 1.0
Tree height after scaling: 0.9999999999999999, mutation rate: 0.6496679087649764
Tree height pre-scaling: 0.649667908955756, input timescale: 1.0
Tree height after scaling: 1.0000000000000002, mutation rate: 0.649667908955756
Tree height pre-scaling: 0.6496679087008161, input timescale: 1.0
Tree height after scaling: 1.0, mutation rate: 0.6496679087008161
Tree height pre-scaling: 0.649667908852633, input timescale: 1.0
Tree height after scaling: 0.9999999999999999, mutation rate: 0.649667908852633
Tree height pre-scaling: 0.6496679087858237, input timescale: 1.0
Tree height after scaling: 1.0, mutation rate: 0.6496679087858237
Tree height pre-scaling: 0.6496679086414957, input timescale: 1.0
Tree height after scaling: 1.0, mutation rate: 0.6496679086414957
Tree height pre-scaling: 0.6496679088615858, input timescale: 1.0
Tree height after scaling: 0.9999999999999999, mutation rate: 0.6496679088615858
Tree height pre-scaling: 0.6496679087720889, input timescale: 1.0
Tree height after scaling: 0.9999999999999998, mutation rate: 0.6496679087720889
Tree height pre-scaling: 0.6496679086922768, input timescale: 1.0
Tree height after scaling: 1.0, mutation rate: 0.6496679086922768
Tree height pre-scaling: 0.6496679085521017, input timescale: 1.0
Tree height after scaling: 0.9999999999999999, mutation rate: 0.6496679085521017
Runtime (s): 15.568476041000002
