Launching LAML version 0.0.4
LAML was called as follows: /Users/uym2/my_gits/LAML/run_laml.py -c ../../bar24/Bar24_character_matrix.txt -t place_outlier_1/augmented_tree_96.nwk -o place_outlier_1/augmented_tree_96_optimized -v -p ../../bar24/Bar24_priors.pickle --delimiter tab -m -1 --nInitials 1
Prior keys mismatch with site names.
Prior keys: [0, 1, 2, 3, 4, 5, 6, 7, 8, 9, 10, 11, 12, 13, 14, 15, 16, 17, 18, 19, 20, 21, 22, 23, 24, 25, 26, 27, 28]
Site names: ['r1', 'r2', 'r3', 'r4', 'r5', 'r6', 'r7', 'r8', 'r9', 'r10', 'r11', 'r12', 'r13', 'r14', 'r15', 'r16', 'r17', 'r18', 'r19', 'r20', 'r21', 'r22', 'r23', 'r24', 'r25', 'r26', 'r27', 'r28', 'r29', 'r30']
Attempting to infer mapping between site names and prior keys...
Not all site names are present in the dictionary. Trying offset...
Offset between input site names and prior keys is assumed to be 1
Missing priors at site r30, filling in uniform priors...
{'r1': 0, 'r2': 1, 'r3': 2, 'r4': 3, 'r5': 4, 'r6': 5, 'r7': 6, 'r8': 7, 'r9': 8, 'r10': 9, 'r11': 10, 'r12': 11, 'r13': 12, 'r14': 13, 'r15': 14, 'r16': 15, 'r17': 16, 'r18': 17, 'r19': 18, 'r20': 19, 'r21': 20, 'r22': 21, 'r23': 22, 'r24': 23, 'r25': 24, 'r26': 25, 'r27': 26, 'r28': 27, 'r29': 28, 'r30': 29}
Optimizing branch lengths, phi, and nu without topology search
Optimization by EM algorithm
Optimization start with 1 initials
Initial point 1. Random seed: 8281
Numerical optimization started with ultrametric constraint (default)
Initial phi: 0.7746159460939416. Initial nu: 0.5175961540564596. Initial nllh: 13713.346560851409
Starting EM iter: 1
Estep
Estep runtime (s): 0.08785486221313477
Mstep
Optimizing phi
Optimizing branch lengths. Current phi: 0.11166997191848338. Current nu:0.5175961540564596
Optimizing nu
Mstep runtime (s): 0.27043914794921875
Finished EM iter: 1. Current nllh: 6527.276863393892
Starting EM iter: 2
Estep
Estep runtime (s): 0.11922097206115723
Mstep
Optimizing phi
Optimizing branch lengths. Current phi: 0.04553835069365873. Current nu:0.19077267254272315
Optimizing nu
Mstep runtime (s): 0.3139529228210449
Finished EM iter: 2. Current nllh: 6219.182686705322
Starting EM iter: 3
Estep
Estep runtime (s): 0.11953186988830566
Mstep
Optimizing phi
Optimizing branch lengths. Current phi: 0.028418945380219413. Current nu:0.15123742519345712
Optimizing nu
Mstep runtime (s): 0.3025703430175781
Finished EM iter: 3. Current nllh: 6162.190900199982
Starting EM iter: 4
Estep
Estep runtime (s): 0.11942815780639648
Mstep
Optimizing phi
Optimizing branch lengths. Current phi: 0.0191324016221635. Current nu:0.1722402320337587
Optimizing nu
Mstep runtime (s): 0.2986123561859131
Finished EM iter: 4. Current nllh: 6137.978372300711
Starting EM iter: 5
Estep
Estep runtime (s): 0.11960506439208984
Mstep
Optimizing phi
Optimizing branch lengths. Current phi: 0.013316241221806243. Current nu:0.19643905939508297
Optimizing nu
Mstep runtime (s): 0.30069518089294434
Finished EM iter: 5. Current nllh: 6123.880386628447
Starting EM iter: 6
Estep
Estep runtime (s): 0.11946487426757812
Mstep
Optimizing phi
Optimizing branch lengths. Current phi: 0.009325619820954317. Current nu:0.2161702606253833
Optimizing nu
Mstep runtime (s): 0.2875680923461914
Finished EM iter: 6. Current nllh: 6115.523285380948
Starting EM iter: 7
Estep
Estep runtime (s): 0.11958503723144531
Mstep
Optimizing phi
Optimizing branch lengths. Current phi: 0.00658659086291074. Current nu:0.23119733405271184
Optimizing nu
Mstep runtime (s): 0.2604668140411377
Finished EM iter: 7. Current nllh: 6110.356693193775
Starting EM iter: 8
Estep
Estep runtime (s): 0.1195530891418457
Mstep
Optimizing phi
Optimizing branch lengths. Current phi: 0.0046588227722516385. Current nu:0.24218654812429408
Optimizing nu
Mstep runtime (s): 0.2978999614715576
Finished EM iter: 8. Current nllh: 6106.58167580454
Starting EM iter: 9
Estep
Estep runtime (s): 0.11955595016479492
Mstep
Optimizing phi
Optimizing branch lengths. Current phi: 0.003223647966967113. Current nu:0.250139112195178
Optimizing nu
Mstep runtime (s): 0.26119017601013184
Finished EM iter: 9. Current nllh: 6103.807981603919
Starting EM iter: 10
Estep
Estep runtime (s): 0.11960721015930176
Mstep
Optimizing phi
Optimizing branch lengths. Current phi: 0.002175654845740671. Current nu:0.2560047366892188
Optimizing nu
Mstep runtime (s): 0.26106691360473633
Finished EM iter: 10. Current nllh: 6101.988102964728
Starting EM iter: 11
Estep
Estep runtime (s): 0.11961174011230469
Mstep
Optimizing phi
Optimizing branch lengths. Current phi: 0.001450653679729079. Current nu:0.2603460398328075
Optimizing nu
Mstep runtime (s): 0.250546932220459
Finished EM iter: 11. Current nllh: 6100.801548491501
Starting EM iter: 12
Estep
Estep runtime (s): 0.1198740005493164
Mstep
Optimizing phi
Optimizing branch lengths. Current phi: 0.0009621883375755938. Current nu:0.2634669077265009
Optimizing nu
Mstep runtime (s): 0.25061821937561035
Finished EM iter: 12. Current nllh: 6100.018410837672
Starting EM iter: 13
Estep
Estep runtime (s): 0.11977028846740723
Mstep
Optimizing phi
Optimizing branch lengths. Current phi: 0.0006364799535484878. Current nu:0.26564378077357226
Optimizing nu
Mstep runtime (s): 0.2706120014190674
Finished EM iter: 13. Current nllh: 6099.501099854068
Starting EM iter: 14
Estep
Estep runtime (s): 0.11948966979980469
Mstep
Optimizing phi
Optimizing branch lengths. Current phi: 0.00042034829643861895. Current nu:0.267132128374723
Optimizing nu
Mstep runtime (s): 0.2558131217956543
Finished EM iter: 14. Current nllh: 6099.159552248837
Starting EM iter: 15
Estep
Estep runtime (s): 0.11983180046081543
Mstep
Optimizing phi
Optimizing branch lengths. Current phi: 0.00027732273271297004. Current nu:0.26813773641900307
Optimizing nu
Mstep runtime (s): 0.2570922374725342
Finished EM iter: 15. Current nllh: 6098.934075051619
Starting EM iter: 16
Estep
Estep runtime (s): 0.11978387832641602
Mstep
Optimizing phi
Optimizing branch lengths. Current phi: 0.00018283785540793227. Current nu:0.2688128533556716
Optimizing nu
Mstep runtime (s): 0.2583589553833008
Finished EM iter: 16. Current nllh: 6098.785191701973
Starting EM iter: 17
Estep
Estep runtime (s): 0.11995697021484375
Mstep
Optimizing phi
Optimizing branch lengths. Current phi: 0. Current nu:0.26926448804712777
Optimizing nu
Mstep runtime (s): 0.2708859443664551
Finished EM iter: 17. Current nllh: 6098.509404397893
Starting EM iter: 18
Estep
Estep runtime (s): 0.1195220947265625
Mstep
Optimizing phi
Optimizing branch lengths. Current phi: 0. Current nu:0.2695668315687358
Optimizing nu
Mstep runtime (s): 0.32384514808654785
Finished EM iter: 18. Current nllh: 6098.5048086998095
Starting EM iter: 19
Estep
Estep runtime (s): 0.11965298652648926
Mstep
Optimizing phi
Optimizing branch lengths. Current phi: 0. Current nu:0.2699650052883059
Optimizing nu
Mstep runtime (s): 0.27043676376342773
Finished EM iter: 19. Current nllh: 6098.499751595645
Starting EM iter: 20
Estep
Estep runtime (s): 0.1197059154510498
Mstep
Optimizing phi
Optimizing branch lengths. Current phi: 0. Current nu:0.27009615666443126
Optimizing nu
Mstep runtime (s): 0.26557397842407227
Finished EM iter: 20. Current nllh: 6098.497601832703
Starting EM iter: 21
Estep
Estep runtime (s): 0.11969208717346191
Mstep
Optimizing phi
Optimizing branch lengths. Current phi: 0. Current nu:0.27014221718532305
Optimizing nu
Mstep runtime (s): 0.26538991928100586
Finished EM iter: 21. Current nllh: 6098.496501242304
Starting EM iter: 22
Estep
Estep runtime (s): 0.11948490142822266
Mstep
Optimizing phi
Optimizing branch lengths. Current phi: 0. Current nu:0.27016145851159606
Optimizing nu
Mstep runtime (s): 0.2706899642944336
Finished EM iter: 22. Current nllh: 6098.495800768414
Starting EM iter: 23
Estep
Estep runtime (s): 0.11958813667297363
Mstep
Optimizing phi
Optimizing branch lengths. Current phi: 0. Current nu:0.2701718101429339
Optimizing nu
Mstep runtime (s): 0.27860188484191895
Finished EM iter: 23. Current nllh: 6098.495280968165
Starting EM iter: 24
Estep
Estep runtime (s): 0.11980175971984863
Mstep
Optimizing phi
Optimizing branch lengths. Current phi: 0. Current nu:0.27017909943429785
Optimizing nu
Mstep runtime (s): 0.2686946392059326
Finished EM iter: 24. Current nllh: 6098.494862908201
Starting EM iter: 25
Estep
Estep runtime (s): 0.11968803405761719
Mstep
Optimizing phi
Optimizing branch lengths. Current phi: 0. Current nu:0.2701854436074734
Optimizing nu
Mstep runtime (s): 0.271028995513916
Finished EM iter: 25. Current nllh: 6098.494522965177
Starting EM iter: 26
Estep
Estep runtime (s): 0.11968588829040527
Mstep
Optimizing phi
Optimizing branch lengths. Current phi: 0. Current nu:0.2701902780385733
Optimizing nu
Mstep runtime (s): 0.28076791763305664
Finished EM iter: 26. Current nllh: 6098.494237107577
Starting EM iter: 27
Estep
Estep runtime (s): 0.1198117733001709
Mstep
Optimizing phi
Optimizing branch lengths. Current phi: 0. Current nu:0.27019484984206965
Optimizing nu
Mstep runtime (s): 0.29583311080932617
Finished EM iter: 27. Current nllh: 6098.493890497126
Starting EM iter: 28
Estep
Estep runtime (s): 0.1196889877319336
Mstep
Optimizing phi
Optimizing branch lengths. Current phi: 0. Current nu:0.2701983706966446
Optimizing nu
Mstep runtime (s): 0.28166890144348145
Finished EM iter: 28. Current nllh: 6098.493780094147
Starting EM iter: 29
Estep
Estep runtime (s): 0.11994385719299316
Mstep
Optimizing phi
Optimizing branch lengths. Current phi: 0. Current nu:0.2702024414888893
Optimizing nu
Mstep runtime (s): 0.3034679889678955
Finished EM iter: 29. Current nllh: 6098.493512633184
Starting EM iter: 30
Estep
Estep runtime (s): 0.1197671890258789
Mstep
Optimizing phi
Optimizing branch lengths. Current phi: 0. Current nu:0.270205851894043
Optimizing nu
Mstep runtime (s): 0.2638719081878662
Finished EM iter: 30. Current nllh: 6098.49342761072
Starting EM iter: 31
Estep
Estep runtime (s): 0.11991190910339355
Mstep
Optimizing phi
Optimizing branch lengths. Current phi: 0. Current nu:0.27020963091919165
Optimizing nu
Mstep runtime (s): 0.35072922706604004
Finished EM iter: 31. Current nllh: 6098.493289860943
Starting EM iter: 32
Estep
Estep runtime (s): 0.11983990669250488
Mstep
Optimizing phi
Optimizing branch lengths. Current phi: 0. Current nu:0.27021234845867187
Optimizing nu
Mstep runtime (s): 0.27968788146972656
Finished EM iter: 32. Current nllh: 6098.493178015299
Starting EM iter: 33
Estep
Estep runtime (s): 0.1198878288269043
Mstep
Optimizing phi
Optimizing branch lengths. Current phi: 0. Current nu:0.2702149142823887
Optimizing nu
Mstep runtime (s): 0.2662692070007324
Finished EM iter: 33. Current nllh: 6098.493080064854
Starting EM iter: 34
Estep
Estep runtime (s): 0.11968302726745605
Mstep
Optimizing phi
Optimizing branch lengths. Current phi: 0. Current nu:0.27021718338654593
Optimizing nu
Mstep runtime (s): 0.28154897689819336
Finished EM iter: 34. Current nllh: 6098.492992829631
Starting EM iter: 35
Estep
Estep runtime (s): 0.11977887153625488
Mstep
Optimizing phi
Optimizing branch lengths. Current phi: 0. Current nu:0.27021940826193275
Optimizing nu
Mstep runtime (s): 0.2649719715118408
Finished EM iter: 35. Current nllh: 6098.492915264792
Starting EM iter: 36
Estep
Estep runtime (s): 0.11970400810241699
Mstep
Optimizing phi
Optimizing branch lengths. Current phi: 0. Current nu:0.2702214843472008
Optimizing nu
Mstep runtime (s): 0.3278179168701172
Finished EM iter: 36. Current nllh: 6098.492842122176
Starting EM iter: 37
Estep
Estep runtime (s): 0.11998486518859863
Mstep
Optimizing phi
Optimizing branch lengths. Current phi: 0. Current nu:0.2702236807759833
Optimizing nu
Mstep runtime (s): 0.2969238758087158
Finished EM iter: 37. Current nllh: 6098.492788083811
EM finished after 37 iterations.
Optimal phi: 0. Optimal nu: 0.27022467355119567. Optimal nllh: 6098.492788083811
Optimal point found for initial point 1
Numerical optimization finished successfully
Tree height pre-scaling: 0.6606648220094514, input timescale: 1.0
Tree height after scaling: 1.0000000000000002, mutation rate: 0.6606648220094514
Tree height pre-scaling: 0.6606648220092365, input timescale: 1.0
Tree height after scaling: 0.9999999999999998, mutation rate: 0.6606648220092365
Tree height pre-scaling: 0.6606648220008275, input timescale: 1.0
Tree height after scaling: 0.9999999999999999, mutation rate: 0.6606648220008275
Tree height pre-scaling: 0.6606648220017455, input timescale: 1.0
Tree height after scaling: 1.0, mutation rate: 0.6606648220017455
Tree height pre-scaling: 0.6606648219997098, input timescale: 1.0
Tree height after scaling: 1.0, mutation rate: 0.6606648219997098
Tree height pre-scaling: 0.6606648219952292, input timescale: 1.0
Tree height after scaling: 1.0, mutation rate: 0.6606648219952292
Tree height pre-scaling: 0.6606648220325015, input timescale: 1.0
Tree height after scaling: 0.9999999999999999, mutation rate: 0.6606648220325015
Tree height pre-scaling: 0.660664822021864, input timescale: 1.0
Tree height after scaling: 1.0, mutation rate: 0.660664822021864
Tree height pre-scaling: 0.6606648220048454, input timescale: 1.0
Tree height after scaling: 0.9999999999999999, mutation rate: 0.6606648220048454
Tree height pre-scaling: 0.6606648219922033, input timescale: 1.0
Tree height after scaling: 0.9999999999999999, mutation rate: 0.6606648219922033
Runtime (s): 16.187593250000003
