Launching LAML version 0.0.4
LAML was called as follows: /Users/uym2/my_gits/LAML/run_laml.py -c ../../bar24/Bar24_character_matrix.txt -t place_outlier_1/augmented_tree_243.nwk -o place_outlier_1/augmented_tree_243_optimized -v -p ../../bar24/Bar24_priors.pickle --delimiter tab -m -1 --nInitials 1
Prior keys mismatch with site names.
Prior keys: [0, 1, 2, 3, 4, 5, 6, 7, 8, 9, 10, 11, 12, 13, 14, 15, 16, 17, 18, 19, 20, 21, 22, 23, 24, 25, 26, 27, 28]
Site names: ['r1', 'r2', 'r3', 'r4', 'r5', 'r6', 'r7', 'r8', 'r9', 'r10', 'r11', 'r12', 'r13', 'r14', 'r15', 'r16', 'r17', 'r18', 'r19', 'r20', 'r21', 'r22', 'r23', 'r24', 'r25', 'r26', 'r27', 'r28', 'r29', 'r30']
Attempting to infer mapping between site names and prior keys...
Not all site names are present in the dictionary. Trying offset...
Offset between input site names and prior keys is assumed to be 1
Missing priors at site r30, filling in uniform priors...
{'r1': 0, 'r2': 1, 'r3': 2, 'r4': 3, 'r5': 4, 'r6': 5, 'r7': 6, 'r8': 7, 'r9': 8, 'r10': 9, 'r11': 10, 'r12': 11, 'r13': 12, 'r14': 13, 'r15': 14, 'r16': 15, 'r17': 16, 'r18': 17, 'r19': 18, 'r20': 19, 'r21': 20, 'r22': 21, 'r23': 22, 'r24': 23, 'r25': 24, 'r26': 25, 'r27': 26, 'r28': 27, 'r29': 28, 'r30': 29}
Optimizing branch lengths, phi, and nu without topology search
Optimization by EM algorithm
Optimization start with 1 initials
Initial point 1. Random seed: 943
Numerical optimization started with ultrametric constraint (default)
Initial phi: 0.5333717185147698. Initial nu: 0.657005283164881. Initial nllh: 10384.35200872707
Starting EM iter: 1
Estep
Estep runtime (s): 0.08752799034118652
Mstep
Optimizing phi
Optimizing branch lengths. Current phi: 0.06300062725925952. Current nu:0.657005283164881
Optimizing nu
Mstep runtime (s): 0.26435136795043945
Finished EM iter: 1. Current nllh: 6050.625154677453
Starting EM iter: 2
Estep
Estep runtime (s): 0.11887884140014648
Mstep
Optimizing phi
Optimizing branch lengths. Current phi: 0.03082487270512125. Current nu:0.2475213447307154
Optimizing nu
Mstep runtime (s): 0.25864601135253906
Finished EM iter: 2. Current nllh: 5864.876019106443
Starting EM iter: 3
Estep
Estep runtime (s): 0.11919212341308594
Mstep
Optimizing phi
Optimizing branch lengths. Current phi: 0.020401246096643733. Current nu:0.18366714586084534
Optimizing nu
Mstep runtime (s): 0.2550499439239502
Finished EM iter: 3. Current nllh: 5831.490161379862
Starting EM iter: 4
Estep
Estep runtime (s): 0.11908459663391113
Mstep
Optimizing phi
Optimizing branch lengths. Current phi: 0.014198562513123235. Current nu:0.19081449228815128
Optimizing nu
Mstep runtime (s): 0.26749086380004883
Finished EM iter: 4. Current nllh: 5816.847153715989
Starting EM iter: 5
Estep
Estep runtime (s): 0.11906814575195312
Mstep
Optimizing phi
Optimizing branch lengths. Current phi: 0.009995008111782255. Current nu:0.20704577401379237
Optimizing nu
Mstep runtime (s): 0.26848387718200684
Finished EM iter: 5. Current nllh: 5808.053209949258
Starting EM iter: 6
Estep
Estep runtime (s): 0.11909890174865723
Mstep
Optimizing phi
Optimizing branch lengths. Current phi: 0.007094144523124962. Current nu:0.2219742877430511
Optimizing nu
Mstep runtime (s): 0.26068782806396484
Finished EM iter: 6. Current nllh: 5802.690008108627
Starting EM iter: 7
Estep
Estep runtime (s): 0.11914372444152832
Mstep
Optimizing phi
Optimizing branch lengths. Current phi: 0.005068180141431417. Current nu:0.23361794803287556
Optimizing nu
Mstep runtime (s): 0.3645648956298828
Finished EM iter: 7. Current nllh: 5798.881465486985
Starting EM iter: 8
Estep
Estep runtime (s): 0.11932969093322754
Mstep
Optimizing phi
Optimizing branch lengths. Current phi: 0.0035662706969826516. Current nu:0.24219588046914242
Optimizing nu
Mstep runtime (s): 0.27704381942749023
Finished EM iter: 8. Current nllh: 5795.989717907134
Starting EM iter: 9
Estep
Estep runtime (s): 0.11921000480651855
Mstep
Optimizing phi
Optimizing branch lengths. Current phi: 0.002447018879713544. Current nu:0.248550485934414
Optimizing nu
Mstep runtime (s): 0.2604820728302002
Finished EM iter: 9. Current nllh: 5794.034479824444
Starting EM iter: 10
Estep
Estep runtime (s): 0.1194298267364502
Mstep
Optimizing phi
Optimizing branch lengths. Current phi: 0.0016559570394302729. Current nu:0.2533094492654763
Optimizing nu
Mstep runtime (s): 0.2636411190032959
Finished EM iter: 10. Current nllh: 5792.753271790093
Starting EM iter: 11
Estep
Estep runtime (s): 0.11931800842285156
Mstep
Optimizing phi
Optimizing branch lengths. Current phi: 0.001114184925874042. Current nu:0.25678415395385595
Optimizing nu
Mstep runtime (s): 0.2517399787902832
Finished EM iter: 11. Current nllh: 5791.899632651219
Starting EM iter: 12
Estep
Estep runtime (s): 0.1194000244140625
Mstep
Optimizing phi
Optimizing branch lengths. Current phi: 0.0007475835984480293. Current nu:0.25924769674926723
Optimizing nu
Mstep runtime (s): 0.26917076110839844
Finished EM iter: 12. Current nllh: 5791.328948964772
Starting EM iter: 13
Estep
Estep runtime (s): 0.11943292617797852
Mstep
Optimizing phi
Optimizing branch lengths. Current phi: 0.0005008029037136772. Current nu:0.2609566622395198
Optimizing nu
Mstep runtime (s): 0.311633825302124
Finished EM iter: 13. Current nllh: 5790.9473327093365
Starting EM iter: 14
Estep
Estep runtime (s): 0.11933708190917969
Mstep
Optimizing phi
Optimizing branch lengths. Current phi: 0.0003351426216533707. Current nu:0.2621263816144728
Optimizing nu
Mstep runtime (s): 0.25505924224853516
Finished EM iter: 14. Current nllh: 5790.692150028781
Starting EM iter: 15
Estep
Estep runtime (s): 0.11958599090576172
Mstep
Optimizing phi
Optimizing branch lengths. Current phi: 0.00022412959206868918. Current nu:0.26292408806469103
Optimizing nu
Mstep runtime (s): 0.3005640506744385
Finished EM iter: 15. Current nllh: 5790.521372173152
Starting EM iter: 16
Estep
Estep runtime (s): 0.11954116821289062
Mstep
Optimizing phi
Optimizing branch lengths. Current phi: 0. Current nu:0.2634646137531488
Optimizing nu
Mstep runtime (s): 0.26053905487060547
Finished EM iter: 16. Current nllh: 5790.192736451298
Starting EM iter: 17
Estep
Estep runtime (s): 0.11923909187316895
Mstep
Optimizing phi
Optimizing branch lengths. Current phi: 0. Current nu:0.2638306211080759
Optimizing nu
Mstep runtime (s): 0.29114317893981934
Finished EM iter: 17. Current nllh: 5790.186924273891
Starting EM iter: 18
Estep
Estep runtime (s): 0.11910295486450195
Mstep
Optimizing phi
Optimizing branch lengths. Current phi: 0. Current nu:0.26433509419525436
Optimizing nu
Mstep runtime (s): 0.2860698699951172
Finished EM iter: 18. Current nllh: 5790.1806180683525
Starting EM iter: 19
Estep
Estep runtime (s): 0.1191871166229248
Mstep
Optimizing phi
Optimizing branch lengths. Current phi: 0. Current nu:0.26449827059538705
Optimizing nu
Mstep runtime (s): 0.27783703804016113
Finished EM iter: 19. Current nllh: 5790.178064001729
Starting EM iter: 20
Estep
Estep runtime (s): 0.11927509307861328
Mstep
Optimizing phi
Optimizing branch lengths. Current phi: 0. Current nu:0.2645538549609072
Optimizing nu
Mstep runtime (s): 0.27159786224365234
Finished EM iter: 20. Current nllh: 5790.176830393579
Starting EM iter: 21
Estep
Estep runtime (s): 0.11910700798034668
Mstep
Optimizing phi
Optimizing branch lengths. Current phi: 0. Current nu:0.2645762996561951
Optimizing nu
Mstep runtime (s): 0.2622530460357666
Finished EM iter: 21. Current nllh: 5790.176076536159
Starting EM iter: 22
Estep
Estep runtime (s): 0.11935591697692871
Mstep
Optimizing phi
Optimizing branch lengths. Current phi: 0. Current nu:0.26458808411275103
Optimizing nu
Mstep runtime (s): 0.26549339294433594
Finished EM iter: 22. Current nllh: 5790.175535056332
Starting EM iter: 23
Estep
Estep runtime (s): 0.11954808235168457
Mstep
Optimizing phi
Optimizing branch lengths. Current phi: 0. Current nu:0.26459612688597595
Optimizing nu
Mstep runtime (s): 0.2618999481201172
Finished EM iter: 23. Current nllh: 5790.175107258412
Starting EM iter: 24
Estep
Estep runtime (s): 0.11932492256164551
Mstep
Optimizing phi
Optimizing branch lengths. Current phi: 0. Current nu:0.26460269066762443
Optimizing nu
Mstep runtime (s): 0.2704598903656006
Finished EM iter: 24. Current nllh: 5790.174578055758
Starting EM iter: 25
Estep
Estep runtime (s): 0.11957716941833496
Mstep
Optimizing phi
Optimizing branch lengths. Current phi: 0. Current nu:0.2646079230764107
Optimizing nu
Mstep runtime (s): 0.3115389347076416
Finished EM iter: 25. Current nllh: 5790.174296670346
Starting EM iter: 26
Estep
Estep runtime (s): 0.11944699287414551
Mstep
Optimizing phi
Optimizing branch lengths. Current phi: 0. Current nu:0.26461361363178043
Optimizing nu
Mstep runtime (s): 0.2546050548553467
Finished EM iter: 26. Current nllh: 5790.174159855962
Starting EM iter: 27
Estep
Estep runtime (s): 0.11931014060974121
Mstep
Optimizing phi
Optimizing branch lengths. Current phi: 0. Current nu:0.2646182957572734
Optimizing nu
Mstep runtime (s): 0.2877957820892334
Finished EM iter: 27. Current nllh: 5790.173965108345
Starting EM iter: 28
Estep
Estep runtime (s): 0.11945486068725586
Mstep
Optimizing phi
Optimizing branch lengths. Current phi: 0. Current nu:0.2646215034859802
Optimizing nu
Mstep runtime (s): 0.3121819496154785
Finished EM iter: 28. Current nllh: 5790.173799682362
Starting EM iter: 29
Estep
Estep runtime (s): 0.11976099014282227
Mstep
Optimizing phi
Optimizing branch lengths. Current phi: 0. Current nu:0.26462509801320866
Optimizing nu
Mstep runtime (s): 0.28188204765319824
Finished EM iter: 29. Current nllh: 5790.173656868458
Starting EM iter: 30
Estep
Estep runtime (s): 0.11945605278015137
Mstep
Optimizing phi
Optimizing branch lengths. Current phi: 0. Current nu:0.2646279731806861
Optimizing nu
Mstep runtime (s): 0.2564551830291748
Finished EM iter: 30. Current nllh: 5790.173539686462
Starting EM iter: 31
Estep
Estep runtime (s): 0.11954998970031738
Mstep
Optimizing phi
Optimizing branch lengths. Current phi: 0. Current nu:0.26463060744876754
Optimizing nu
Mstep runtime (s): 0.2840561866760254
Finished EM iter: 31. Current nllh: 5790.173434504889
Starting EM iter: 32
Estep
Estep runtime (s): 0.11951589584350586
Mstep
Optimizing phi
Optimizing branch lengths. Current phi: 0. Current nu:0.2646331494214987
Optimizing nu
Mstep runtime (s): 0.2792959213256836
Finished EM iter: 32. Current nllh: 5790.173342241576
Starting EM iter: 33
Estep
Estep runtime (s): 0.11948990821838379
Mstep
Optimizing phi
Optimizing branch lengths. Current phi: 0. Current nu:0.2646354122091571
Optimizing nu
Mstep runtime (s): 0.27802133560180664
Finished EM iter: 33. Current nllh: 5790.1732647253775
Starting EM iter: 34
Estep
Estep runtime (s): 0.11954593658447266
Mstep
Optimizing phi
Optimizing branch lengths. Current phi: 0. Current nu:0.26463745119398374
Optimizing nu
Mstep runtime (s): 0.31450915336608887
Finished EM iter: 34. Current nllh: 5790.173193835366
Starting EM iter: 35
Estep
Estep runtime (s): 0.1193079948425293
Mstep
Optimizing phi
Optimizing branch lengths. Current phi: 0. Current nu:0.26463940608937386
Optimizing nu
Mstep runtime (s): 0.27242112159729004
Finished EM iter: 35. Current nllh: 5790.17312538377
Starting EM iter: 36
Estep
Estep runtime (s): 0.1195521354675293
Mstep
Optimizing phi
Optimizing branch lengths. Current phi: 0. Current nu:0.26464163121977613
Optimizing nu
Mstep runtime (s): 0.2693488597869873
Finished EM iter: 36. Current nllh: 5790.173066799418
Starting EM iter: 37
Estep
Estep runtime (s): 0.11959075927734375
Mstep
Optimizing phi
Optimizing branch lengths. Current phi: 0. Current nu:0.2646433754825486
Optimizing nu
Mstep runtime (s): 0.28047704696655273
Finished EM iter: 37. Current nllh: 5790.173024782639
EM finished after 37 iterations.
Optimal phi: 0. Optimal nu: 0.2646444007010266. Optimal nllh: 5790.173024782639
Optimal point found for initial point 1
Numerical optimization finished successfully
Tree height pre-scaling: 0.6719747327265924, input timescale: 1.0
Tree height after scaling: 0.9999999999999999, mutation rate: 0.6719747327265924
Tree height pre-scaling: 0.6719747327615218, input timescale: 1.0
Tree height after scaling: 0.9999999999999999, mutation rate: 0.6719747327615218
Tree height pre-scaling: 0.6719747330131702, input timescale: 1.0
Tree height after scaling: 0.9999999999999999, mutation rate: 0.6719747330131702
Tree height pre-scaling: 0.67197473265629, input timescale: 1.0
Tree height after scaling: 0.9999999999999999, mutation rate: 0.67197473265629
Tree height pre-scaling: 0.6719747328407575, input timescale: 1.0
Tree height after scaling: 0.9999999999999998, mutation rate: 0.6719747328407575
Tree height pre-scaling: 0.671974732794783, input timescale: 1.0
Tree height after scaling: 0.9999999999999999, mutation rate: 0.671974732794783
Tree height pre-scaling: 0.6719747324600606, input timescale: 1.0
Tree height after scaling: 0.9999999999999999, mutation rate: 0.6719747324600606
Tree height pre-scaling: 0.6719747329189227, input timescale: 1.0
Tree height after scaling: 1.0, mutation rate: 0.6719747329189227
Tree height pre-scaling: 0.671974732772973, input timescale: 1.0
Tree height after scaling: 1.0, mutation rate: 0.671974732772973
Tree height pre-scaling: 0.6719747336669184, input timescale: 1.0
Tree height after scaling: 1.0, mutation rate: 0.6719747336669184
Runtime (s): 16.069790333
