Launching LAML version 0.0.4
LAML was called as follows: /Users/uym2/my_gits/LAML/run_laml.py -c ../../bar24/Bar24_character_matrix.txt -t place_outlier_1/augmented_tree_261.nwk -o place_outlier_1/augmented_tree_261_optimized -v -p ../../bar24/Bar24_priors.pickle --delimiter tab -m -1 --nInitials 1
Prior keys mismatch with site names.
Prior keys: [0, 1, 2, 3, 4, 5, 6, 7, 8, 9, 10, 11, 12, 13, 14, 15, 16, 17, 18, 19, 20, 21, 22, 23, 24, 25, 26, 27, 28]
Site names: ['r1', 'r2', 'r3', 'r4', 'r5', 'r6', 'r7', 'r8', 'r9', 'r10', 'r11', 'r12', 'r13', 'r14', 'r15', 'r16', 'r17', 'r18', 'r19', 'r20', 'r21', 'r22', 'r23', 'r24', 'r25', 'r26', 'r27', 'r28', 'r29', 'r30']
Attempting to infer mapping between site names and prior keys...
Not all site names are present in the dictionary. Trying offset...
Offset between input site names and prior keys is assumed to be 1
Missing priors at site r30, filling in uniform priors...
{'r1': 0, 'r2': 1, 'r3': 2, 'r4': 3, 'r5': 4, 'r6': 5, 'r7': 6, 'r8': 7, 'r9': 8, 'r10': 9, 'r11': 10, 'r12': 11, 'r13': 12, 'r14': 13, 'r15': 14, 'r16': 15, 'r17': 16, 'r18': 17, 'r19': 18, 'r20': 19, 'r21': 20, 'r22': 21, 'r23': 22, 'r24': 23, 'r25': 24, 'r26': 25, 'r27': 26, 'r28': 27, 'r29': 28, 'r30': 29}
Optimizing branch lengths, phi, and nu without topology search
Optimization by EM algorithm
Optimization start with 1 initials
Initial point 1. Random seed: 6487
Numerical optimization started with ultrametric constraint (default)
Initial phi: 0.33804329261094634. Initial nu: 0.7355861773027532. Initial nllh: 9289.00787405132
Starting EM iter: 1
Estep
Estep runtime (s): 0.0893392562866211
Mstep
Optimizing phi
Optimizing branch lengths. Current phi: 0.04927757832841552. Current nu:0.7355861773027532
Optimizing nu
Mstep runtime (s): 0.2513582706451416
Finished EM iter: 1. Current nllh: 6060.156065600685
Starting EM iter: 2
Estep
Estep runtime (s): 0.12116408348083496
Mstep
Optimizing phi
Optimizing branch lengths. Current phi: 0.025586613307579453. Current nu:0.29310703749942424
Optimizing nu
Mstep runtime (s): 0.2965099811553955
Finished EM iter: 2. Current nllh: 5885.7120988700335
Starting EM iter: 3
Estep
Estep runtime (s): 0.12116122245788574
Mstep
Optimizing phi
Optimizing branch lengths. Current phi: 0.016742407504623302. Current nu:0.21435786737515952
Optimizing nu
Mstep runtime (s): 0.2639801502227783
Finished EM iter: 3. Current nllh: 5858.587529048764
Starting EM iter: 4
Estep
Estep runtime (s): 0.12087488174438477
Mstep
Optimizing phi
Optimizing branch lengths. Current phi: 0.011360080870160508. Current nu:0.21543417964531633
Optimizing nu
Mstep runtime (s): 0.2596549987792969
Finished EM iter: 4. Current nllh: 5846.915812364177
Starting EM iter: 5
Estep
Estep runtime (s): 0.12117791175842285
Mstep
Optimizing phi
Optimizing branch lengths. Current phi: 0.007789451415279969. Current nu:0.2289719880233199
Optimizing nu
Mstep runtime (s): 0.25642895698547363
Finished EM iter: 5. Current nllh: 5839.815150610338
Starting EM iter: 6
Estep
Estep runtime (s): 0.12099790573120117
Mstep
Optimizing phi
Optimizing branch lengths. Current phi: 0.0053586549174089535. Current nu:0.24163925852131074
Optimizing nu
Mstep runtime (s): 0.28917789459228516
Finished EM iter: 6. Current nllh: 5835.06641831319
Starting EM iter: 7
Estep
Estep runtime (s): 0.12121415138244629
Mstep
Optimizing phi
Optimizing branch lengths. Current phi: 0.0036383103475839886. Current nu:0.2514404017636339
Optimizing nu
Mstep runtime (s): 0.2534809112548828
Finished EM iter: 7. Current nllh: 5831.754484228385
Starting EM iter: 8
Estep
Estep runtime (s): 0.12112808227539062
Mstep
Optimizing phi
Optimizing branch lengths. Current phi: 0.002424412391850845. Current nu:0.25872161661088583
Optimizing nu
Mstep runtime (s): 0.29709506034851074
Finished EM iter: 8. Current nllh: 5829.584608004918
Starting EM iter: 9
Estep
Estep runtime (s): 0.12127399444580078
Mstep
Optimizing phi
Optimizing branch lengths. Current phi: 0.001597757215148882. Current nu:0.2640202422155941
Optimizing nu
Mstep runtime (s): 0.27183103561401367
Finished EM iter: 9. Current nllh: 5828.175983601264
Starting EM iter: 10
Estep
Estep runtime (s): 0.12128925323486328
Mstep
Optimizing phi
Optimizing branch lengths. Current phi: 0.0010473336819209007. Current nu:0.26777582297279057
Optimizing nu
Mstep runtime (s): 0.24891901016235352
Finished EM iter: 10. Current nllh: 5827.257938713325
Starting EM iter: 11
Estep
Estep runtime (s): 0.1213831901550293
Mstep
Optimizing phi
Optimizing branch lengths. Current phi: 0.000684569353436093. Current nu:0.27036614784495056
Optimizing nu
Mstep runtime (s): 0.26145505905151367
Finished EM iter: 11. Current nllh: 5826.659311239562
Starting EM iter: 12
Estep
Estep runtime (s): 0.12138104438781738
Mstep
Optimizing phi
Optimizing branch lengths. Current phi: 0.00044669567869836166. Current nu:0.27211793601253836
Optimizing nu
Mstep runtime (s): 0.25424909591674805
Finished EM iter: 12. Current nllh: 5826.268951129792
Starting EM iter: 13
Estep
Estep runtime (s): 0.12139105796813965
Mstep
Optimizing phi
Optimizing branch lengths. Current phi: 0.0002911637689263287. Current nu:0.27329001718503554
Optimizing nu
Mstep runtime (s): 0.27179598808288574
Finished EM iter: 13. Current nllh: 5826.0143046319445
Starting EM iter: 14
Estep
Estep runtime (s): 0.12130284309387207
Mstep
Optimizing phi
Optimizing branch lengths. Current phi: 0.00018965236354365523. Current nu:0.274068541944316
Optimizing nu
Mstep runtime (s): 0.2624220848083496
Finished EM iter: 14. Current nllh: 5825.848072786715
Starting EM iter: 15
Estep
Estep runtime (s): 0.12141633033752441
Mstep
Optimizing phi
Optimizing branch lengths. Current phi: 0. Current nu:0.274584597850498
Optimizing nu
Mstep runtime (s): 0.30884599685668945
Finished EM iter: 15. Current nllh: 5825.553411808485
Starting EM iter: 16
Estep
Estep runtime (s): 0.12094807624816895
Mstep
Optimizing phi
Optimizing branch lengths. Current phi: 0. Current nu:0.27492547502829184
Optimizing nu
Mstep runtime (s): 0.2771110534667969
Finished EM iter: 16. Current nllh: 5825.546377932428
Starting EM iter: 17
Estep
Estep runtime (s): 0.1209559440612793
Mstep
Optimizing phi
Optimizing branch lengths. Current phi: 0. Current nu:0.2753559701425996
Optimizing nu
Mstep runtime (s): 0.2497260570526123
Finished EM iter: 17. Current nllh: 5825.540374592508
Starting EM iter: 18
Estep
Estep runtime (s): 0.1209409236907959
Mstep
Optimizing phi
Optimizing branch lengths. Current phi: 0. Current nu:0.2754996289985702
Optimizing nu
Mstep runtime (s): 0.2531876564025879
Finished EM iter: 18. Current nllh: 5825.537646729462
Starting EM iter: 19
Estep
Estep runtime (s): 0.12107586860656738
Mstep
Optimizing phi
Optimizing branch lengths. Current phi: 0. Current nu:0.2755523303311005
Optimizing nu
Mstep runtime (s): 0.26425600051879883
Finished EM iter: 19. Current nllh: 5825.536097095415
Starting EM iter: 20
Estep
Estep runtime (s): 0.12111306190490723
Mstep
Optimizing phi
Optimizing branch lengths. Current phi: 0. Current nu:0.2755754802868371
Optimizing nu
Mstep runtime (s): 0.3693668842315674
Finished EM iter: 20. Current nllh: 5825.535036446687
Starting EM iter: 21
Estep
Estep runtime (s): 0.1211709976196289
Mstep
Optimizing phi
Optimizing branch lengths. Current phi: 0. Current nu:0.2755883415774009
Optimizing nu
Mstep runtime (s): 0.2597980499267578
Finished EM iter: 21. Current nllh: 5825.534218557983
Starting EM iter: 22
Estep
Estep runtime (s): 0.12128186225891113
Mstep
Optimizing phi
Optimizing branch lengths. Current phi: 0. Current nu:0.2755975984787799
Optimizing nu
Mstep runtime (s): 0.2629368305206299
Finished EM iter: 22. Current nllh: 5825.533553316518
Starting EM iter: 23
Estep
Estep runtime (s): 0.12143611907958984
Mstep
Optimizing phi
Optimizing branch lengths. Current phi: 0. Current nu:0.27560486875341433
Optimizing nu
Mstep runtime (s): 0.25988101959228516
Finished EM iter: 23. Current nllh: 5825.532993870827
Starting EM iter: 24
Estep
Estep runtime (s): 0.12112283706665039
Mstep
Optimizing phi
Optimizing branch lengths. Current phi: 0. Current nu:0.2756114087735452
Optimizing nu
Mstep runtime (s): 0.25832295417785645
Finished EM iter: 24. Current nllh: 5825.532519263428
Starting EM iter: 25
Estep
Estep runtime (s): 0.12137818336486816
Mstep
Optimizing phi
Optimizing branch lengths. Current phi: 0. Current nu:0.2756169616633757
Optimizing nu
Mstep runtime (s): 0.25780701637268066
Finished EM iter: 25. Current nllh: 5825.532110863699
Starting EM iter: 26
Estep
Estep runtime (s): 0.12103915214538574
Mstep
Optimizing phi
Optimizing branch lengths. Current phi: 0. Current nu:0.2756221242571516
Optimizing nu
Mstep runtime (s): 0.2632601261138916
Finished EM iter: 26. Current nllh: 5825.531757016127
Starting EM iter: 27
Estep
Estep runtime (s): 0.1212453842163086
Mstep
Optimizing phi
Optimizing branch lengths. Current phi: 0. Current nu:0.2756267698777046
Optimizing nu
Mstep runtime (s): 0.28754091262817383
Finished EM iter: 27. Current nllh: 5825.531448733607
Starting EM iter: 28
Estep
Estep runtime (s): 0.12095332145690918
Mstep
Optimizing phi
Optimizing branch lengths. Current phi: 0. Current nu:0.27563098370169425
Optimizing nu
Mstep runtime (s): 0.2741129398345947
Finished EM iter: 28. Current nllh: 5825.531175142893
Starting EM iter: 29
Estep
Estep runtime (s): 0.12171030044555664
Mstep
Optimizing phi
Optimizing branch lengths. Current phi: 0. Current nu:0.2756350058510566
Optimizing nu
Mstep runtime (s): 0.2985501289367676
Finished EM iter: 29. Current nllh: 5825.530931911642
Starting EM iter: 30
Estep
Estep runtime (s): 0.12156486511230469
Mstep
Optimizing phi
Optimizing branch lengths. Current phi: 0. Current nu:0.27563889928023527
Optimizing nu
Mstep runtime (s): 0.2908768653869629
Finished EM iter: 30. Current nllh: 5825.530728074519
Starting EM iter: 31
Estep
Estep runtime (s): 0.12492489814758301
Mstep
Optimizing phi
Optimizing branch lengths. Current phi: 0. Current nu:0.2756416526938339
Optimizing nu
Mstep runtime (s): 0.3176109790802002
Finished EM iter: 31. Current nllh: 5825.530539575488
Starting EM iter: 32
Estep
Estep runtime (s): 0.12203478813171387
Mstep
Optimizing phi
Optimizing branch lengths. Current phi: 0. Current nu:0.27564501965989546
Optimizing nu
Mstep runtime (s): 0.2701749801635742
Finished EM iter: 32. Current nllh: 5825.5303699936
Starting EM iter: 33
Estep
Estep runtime (s): 0.12165594100952148
Mstep
Optimizing phi
Optimizing branch lengths. Current phi: 0. Current nu:0.27564792041003766
Optimizing nu
Mstep runtime (s): 0.2827777862548828
Finished EM iter: 33. Current nllh: 5825.5302171291905
Starting EM iter: 34
Estep
Estep runtime (s): 0.12178993225097656
Mstep
Optimizing phi
Optimizing branch lengths. Current phi: 0. Current nu:0.2756507508527707
Optimizing nu
Mstep runtime (s): 0.2795581817626953
Finished EM iter: 34. Current nllh: 5825.530086557174
Starting EM iter: 35
Estep
Estep runtime (s): 0.12158203125
Mstep
Optimizing phi
Optimizing branch lengths. Current phi: 0. Current nu:0.2756528346229246
Optimizing nu
Mstep runtime (s): 0.28812384605407715
Finished EM iter: 35. Current nllh: 5825.52996489327
Starting EM iter: 36
Estep
Estep runtime (s): 0.12153315544128418
Mstep
Optimizing phi
Optimizing branch lengths. Current phi: 0. Current nu:0.2756553298112403
Optimizing nu
Mstep runtime (s): 0.28574323654174805
Finished EM iter: 36. Current nllh: 5825.52979905909
Starting EM iter: 37
Estep
Estep runtime (s): 0.12202978134155273
Mstep
Optimizing phi
Optimizing branch lengths. Current phi: 0. Current nu:0.27565648358439226
Optimizing nu
Mstep runtime (s): 0.2933940887451172
Finished EM iter: 37. Current nllh: 5825.529689269921
Starting EM iter: 38
Estep
Estep runtime (s): 0.12157392501831055
Mstep
Optimizing phi
Optimizing branch lengths. Current phi: 0. Current nu:0.2756579091630876
Optimizing nu
Mstep runtime (s): 0.2617759704589844
Finished EM iter: 38. Current nllh: 5825.529675906397
EM finished after 38 iterations.
Optimal phi: 0. Optimal nu: 0.2756612591883128. Optimal nllh: 5825.529675906397
Optimal point found for initial point 1
Numerical optimization finished successfully
Tree height pre-scaling: 0.6759089118256105, input timescale: 1.0
Tree height after scaling: 1.0000000000000002, mutation rate: 0.6759089118256105
Tree height pre-scaling: 0.6759089119842154, input timescale: 1.0
Tree height after scaling: 1.0, mutation rate: 0.6759089119842154
Tree height pre-scaling: 0.6759089117247277, input timescale: 1.0
Tree height after scaling: 1.0, mutation rate: 0.6759089117247277
Tree height pre-scaling: 0.6759089118609488, input timescale: 1.0
Tree height after scaling: 1.0, mutation rate: 0.6759089118609488
Tree height pre-scaling: 0.6759089118283594, input timescale: 1.0
Tree height after scaling: 0.9999999999999999, mutation rate: 0.6759089118283594
Tree height pre-scaling: 0.6759089115627082, input timescale: 1.0
Tree height after scaling: 0.9999999999999999, mutation rate: 0.6759089115627082
Tree height pre-scaling: 0.6759089119203008, input timescale: 1.0
Tree height after scaling: 1.0, mutation rate: 0.6759089119203008
Tree height pre-scaling: 0.675908911814298, input timescale: 1.0
Tree height after scaling: 1.0, mutation rate: 0.675908911814298
Tree height pre-scaling: 0.6759089116744589, input timescale: 1.0
Tree height after scaling: 0.9999999999999997, mutation rate: 0.6759089116744589
Tree height pre-scaling: 0.675908912977975, input timescale: 1.0
Tree height after scaling: 0.9999999999999998, mutation rate: 0.675908912977975
Runtime (s): 16.508751916999998
