Launching LAML version 0.0.4
LAML was called as follows: /Users/uym2/my_gits/LAML/run_laml.py -c ../../bar24/Bar24_character_matrix.txt -t place_outlier_1/augmented_tree_244.nwk -o place_outlier_1/augmented_tree_244_optimized -v -p ../../bar24/Bar24_priors.pickle --delimiter tab -m -1 --nInitials 1
Prior keys mismatch with site names.
Prior keys: [0, 1, 2, 3, 4, 5, 6, 7, 8, 9, 10, 11, 12, 13, 14, 15, 16, 17, 18, 19, 20, 21, 22, 23, 24, 25, 26, 27, 28]
Site names: ['r1', 'r2', 'r3', 'r4', 'r5', 'r6', 'r7', 'r8', 'r9', 'r10', 'r11', 'r12', 'r13', 'r14', 'r15', 'r16', 'r17', 'r18', 'r19', 'r20', 'r21', 'r22', 'r23', 'r24', 'r25', 'r26', 'r27', 'r28', 'r29', 'r30']
Attempting to infer mapping between site names and prior keys...
Not all site names are present in the dictionary. Trying offset...
Offset between input site names and prior keys is assumed to be 1
Missing priors at site r30, filling in uniform priors...
{'r1': 0, 'r2': 1, 'r3': 2, 'r4': 3, 'r5': 4, 'r6': 5, 'r7': 6, 'r8': 7, 'r9': 8, 'r10': 9, 'r11': 10, 'r12': 11, 'r13': 12, 'r14': 13, 'r15': 14, 'r16': 15, 'r17': 16, 'r18': 17, 'r19': 18, 'r20': 19, 'r21': 20, 'r22': 21, 'r23': 22, 'r24': 23, 'r25': 24, 'r26': 25, 'r27': 26, 'r28': 27, 'r29': 28, 'r30': 29}
Optimizing branch lengths, phi, and nu without topology search
Optimization by EM algorithm
Optimization start with 1 initials
Initial point 1. Random seed: 303
Numerical optimization started with ultrametric constraint (default)
Initial phi: 0.6064862050397417. Initial nu: 0.07037994403200559. Initial nllh: 9993.218514834653
Starting EM iter: 1
Estep
Estep runtime (s): 0.08841395378112793
Mstep
Optimizing phi
Optimizing branch lengths. Current phi: 0.11698574565868156. Current nu:0.07037994403200559
Optimizing nu
Mstep runtime (s): 0.3018198013305664
Finished EM iter: 1. Current nllh: 6147.406087617576
Starting EM iter: 2
Estep
Estep runtime (s): 0.12007498741149902
Mstep
Optimizing phi
Optimizing branch lengths. Current phi: 0.05075873678664681. Current nu:0.05600998302183163
Optimizing nu
Mstep runtime (s): 0.44178104400634766
Finished EM iter: 2. Current nllh: 5896.553132437208
Starting EM iter: 3
Estep
Estep runtime (s): 0.1201620101928711
Mstep
Optimizing phi
Optimizing branch lengths. Current phi: 0.031375019293773225. Current nu:0.10340861471628995
Optimizing nu
Mstep runtime (s): 0.30355286598205566
Finished EM iter: 3. Current nllh: 5832.228118812635
Starting EM iter: 4
Estep
Estep runtime (s): 0.12036514282226562
Mstep
Optimizing phi
Optimizing branch lengths. Current phi: 0.02117527546573633. Current nu:0.14699939662773634
Optimizing nu
Mstep runtime (s): 0.27286291122436523
Finished EM iter: 4. Current nllh: 5802.177300868926
Starting EM iter: 5
Estep
Estep runtime (s): 0.12003397941589355
Mstep
Optimizing phi
Optimizing branch lengths. Current phi: 0.01494500292073745. Current nu:0.1794341179684404
Optimizing nu
Mstep runtime (s): 0.26941704750061035
Finished EM iter: 5. Current nllh: 5785.4310335316295
Starting EM iter: 6
Estep
Estep runtime (s): 0.12021493911743164
Mstep
Optimizing phi
Optimizing branch lengths. Current phi: 0.010596809358047451. Current nu:0.20228357940527344
Optimizing nu
Mstep runtime (s): 0.2740030288696289
Finished EM iter: 6. Current nllh: 5774.566375985614
Starting EM iter: 7
Estep
Estep runtime (s): 0.12043476104736328
Mstep
Optimizing phi
Optimizing branch lengths. Current phi: 0.007465718941510623. Current nu:0.21930984191145136
Optimizing nu
Mstep runtime (s): 0.259763240814209
Finished EM iter: 7. Current nllh: 5768.244528241286
Starting EM iter: 8
Estep
Estep runtime (s): 0.12087202072143555
Mstep
Optimizing phi
Optimizing branch lengths. Current phi: 0.00528274079591669. Current nu:0.23213215497856038
Optimizing nu
Mstep runtime (s): 0.2814211845397949
Finished EM iter: 8. Current nllh: 5764.058547425524
Starting EM iter: 9
Estep
Estep runtime (s): 0.12125301361083984
Mstep
Optimizing phi
Optimizing branch lengths. Current phi: 0.0036924083810963232. Current nu:0.2414764634972743
Optimizing nu
Mstep runtime (s): 0.24857878684997559
Finished EM iter: 9. Current nllh: 5760.909266832999
Starting EM iter: 10
Estep
Estep runtime (s): 0.12076902389526367
Mstep
Optimizing phi
Optimizing branch lengths. Current phi: 0.0025127234267014803. Current nu:0.2483095156413385
Optimizing nu
Mstep runtime (s): 0.2672700881958008
Finished EM iter: 10. Current nllh: 5758.762884754579
Starting EM iter: 11
Estep
Estep runtime (s): 0.12093997001647949
Mstep
Optimizing phi
Optimizing branch lengths. Current phi: 0.0016823205620298527. Current nu:0.2533845646246006
Optimizing nu
Mstep runtime (s): 0.26705098152160645
Finished EM iter: 11. Current nllh: 5757.374355612649
Starting EM iter: 12
Estep
Estep runtime (s): 0.12123298645019531
Mstep
Optimizing phi
Optimizing branch lengths. Current phi: 0.0011187213479259108. Current nu:0.2570731926264775
Optimizing nu
Mstep runtime (s): 0.32387399673461914
Finished EM iter: 12. Current nllh: 5756.4611223399925
Starting EM iter: 13
Estep
Estep runtime (s): 0.12076711654663086
Mstep
Optimizing phi
Optimizing branch lengths. Current phi: 0.0007415799433996108. Current nu:0.2596700177929493
Optimizing nu
Mstep runtime (s): 0.28308796882629395
Finished EM iter: 13. Current nllh: 5755.857894650682
Starting EM iter: 14
Estep
Estep runtime (s): 0.1208949089050293
Mstep
Optimizing phi
Optimizing branch lengths. Current phi: 0.0004907036888235706. Current nu:0.26145684544154046
Optimizing nu
Mstep runtime (s): 0.2663707733154297
Finished EM iter: 14. Current nllh: 5755.459387903932
Starting EM iter: 15
Estep
Estep runtime (s): 0.1213228702545166
Mstep
Optimizing phi
Optimizing branch lengths. Current phi: 0.0003243365033003038. Current nu:0.2626692261020947
Optimizing nu
Mstep runtime (s): 0.2582221031188965
Finished EM iter: 15. Current nllh: 5755.196107866656
Starting EM iter: 16
Estep
Estep runtime (s): 0.12058305740356445
Mstep
Optimizing phi
Optimizing branch lengths. Current phi: 0.0002142180143905414. Current nu:0.2634846838942517
Optimizing nu
Mstep runtime (s): 0.2990760803222656
Finished EM iter: 16. Current nllh: 5755.022045459478
Starting EM iter: 17
Estep
Estep runtime (s): 0.12195205688476562
Mstep
Optimizing phi
Optimizing branch lengths. Current phi: 0. Current nu:0.2640296662949178
Optimizing nu
Mstep runtime (s): 0.27739715576171875
Finished EM iter: 17. Current nllh: 5754.699642947105
Starting EM iter: 18
Estep
Estep runtime (s): 0.12088227272033691
Mstep
Optimizing phi
Optimizing branch lengths. Current phi: 0. Current nu:0.2643967982125386
Optimizing nu
Mstep runtime (s): 0.2655003070831299
Finished EM iter: 18. Current nllh: 5754.693664744568
Starting EM iter: 19
Estep
Estep runtime (s): 0.12137985229492188
Mstep
Optimizing phi
Optimizing branch lengths. Current phi: 0. Current nu:0.26488495770389847
Optimizing nu
Mstep runtime (s): 0.28519392013549805
Finished EM iter: 19. Current nllh: 5754.68730552365
Starting EM iter: 20
Estep
Estep runtime (s): 0.12035512924194336
Mstep
Optimizing phi
Optimizing branch lengths. Current phi: 0. Current nu:0.26504206697061455
Optimizing nu
Mstep runtime (s): 0.27051281929016113
Finished EM iter: 20. Current nllh: 5754.68479908913
Starting EM iter: 21
Estep
Estep runtime (s): 0.11999797821044922
Mstep
Optimizing phi
Optimizing branch lengths. Current phi: 0. Current nu:0.26509598045757055
Optimizing nu
Mstep runtime (s): 0.27549314498901367
Finished EM iter: 21. Current nllh: 5754.683582793436
Starting EM iter: 22
Estep
Estep runtime (s): 0.12065505981445312
Mstep
Optimizing phi
Optimizing branch lengths. Current phi: 0. Current nu:0.2651180147545266
Optimizing nu
Mstep runtime (s): 0.27765512466430664
Finished EM iter: 22. Current nllh: 5754.68283664063
Starting EM iter: 23
Estep
Estep runtime (s): 0.12071919441223145
Mstep
Optimizing phi
Optimizing branch lengths. Current phi: 0. Current nu:0.2651298777702163
Optimizing nu
Mstep runtime (s): 0.2838461399078369
Finished EM iter: 23. Current nllh: 5754.682309462478
Starting EM iter: 24
Estep
Estep runtime (s): 0.12018013000488281
Mstep
Optimizing phi
Optimizing branch lengths. Current phi: 0. Current nu:0.2651371462495918
Optimizing nu
Mstep runtime (s): 0.2693519592285156
Finished EM iter: 24. Current nllh: 5754.681895363354
Starting EM iter: 25
Estep
Estep runtime (s): 0.12092399597167969
Mstep
Optimizing phi
Optimizing branch lengths. Current phi: 0. Current nu:0.2651435090074344
Optimizing nu
Mstep runtime (s): 0.3228950500488281
Finished EM iter: 25. Current nllh: 5754.681553580415
Starting EM iter: 26
Estep
Estep runtime (s): 0.12067723274230957
Mstep
Optimizing phi
Optimizing branch lengths. Current phi: 0. Current nu:0.26514893267116024
Optimizing nu
Mstep runtime (s): 0.29447388648986816
Finished EM iter: 26. Current nllh: 5754.681270128647
Starting EM iter: 27
Estep
Estep runtime (s): 0.1208796501159668
Mstep
Optimizing phi
Optimizing branch lengths. Current phi: 0. Current nu:0.26515354142564046
Optimizing nu
Mstep runtime (s): 0.29910922050476074
Finished EM iter: 27. Current nllh: 5754.681030520123
Starting EM iter: 28
Estep
Estep runtime (s): 0.12029409408569336
Mstep
Optimizing phi
Optimizing branch lengths. Current phi: 0. Current nu:0.26515772945649074
Optimizing nu
Mstep runtime (s): 0.264754056930542
Finished EM iter: 28. Current nllh: 5754.680831598437
Starting EM iter: 29
Estep
Estep runtime (s): 0.1205298900604248
Mstep
Optimizing phi
Optimizing branch lengths. Current phi: 0. Current nu:0.26516129206598327
Optimizing nu
Mstep runtime (s): 0.277432918548584
Finished EM iter: 29. Current nllh: 5754.68066485142
Starting EM iter: 30
Estep
Estep runtime (s): 0.12039303779602051
Mstep
Optimizing phi
Optimizing branch lengths. Current phi: 0. Current nu:0.2651643529899003
Optimizing nu
Mstep runtime (s): 0.29796814918518066
Finished EM iter: 30. Current nllh: 5754.680517056851
Starting EM iter: 31
Estep
Estep runtime (s): 0.12102389335632324
Mstep
Optimizing phi
Optimizing branch lengths. Current phi: 0. Current nu:0.2651675381568013
Optimizing nu
Mstep runtime (s): 0.28035473823547363
Finished EM iter: 31. Current nllh: 5754.680328903984
Starting EM iter: 32
Estep
Estep runtime (s): 0.12039494514465332
Mstep
Optimizing phi
Optimizing branch lengths. Current phi: 0. Current nu:0.26516997183454727
Optimizing nu
Mstep runtime (s): 0.2940409183502197
Finished EM iter: 32. Current nllh: 5754.680281203124
EM finished after 32 iterations.
Optimal phi: 0. Optimal nu: 0.2651732278407016. Optimal nllh: 5754.680281203124
Optimal point found for initial point 1
Numerical optimization finished successfully
Tree height pre-scaling: 0.6700784857216704, input timescale: 1.0
Tree height after scaling: 1.0, mutation rate: 0.6700784857216704
Tree height pre-scaling: 0.6700784857588656, input timescale: 1.0
Tree height after scaling: 0.9999999999999999, mutation rate: 0.6700784857588656
Tree height pre-scaling: 0.6700784860890716, input timescale: 1.0
Tree height after scaling: 1.0, mutation rate: 0.6700784860890716
Tree height pre-scaling: 0.6700784856273203, input timescale: 1.0
Tree height after scaling: 1.0, mutation rate: 0.6700784856273203
Tree height pre-scaling: 0.6700784858716309, input timescale: 1.0
Tree height after scaling: 1.0, mutation rate: 0.6700784858716309
Tree height pre-scaling: 0.6700784858056832, input timescale: 1.0
Tree height after scaling: 1.0, mutation rate: 0.6700784858056832
Tree height pre-scaling: 0.6700784853886579, input timescale: 1.0
Tree height after scaling: 1.0000000000000002, mutation rate: 0.6700784853886579
Tree height pre-scaling: 0.670078485961738, input timescale: 1.0
Tree height after scaling: 1.0, mutation rate: 0.670078485961738
Tree height pre-scaling: 0.6700784857833073, input timescale: 1.0
Tree height after scaling: 0.9999999999999998, mutation rate: 0.6700784857833073
Tree height pre-scaling: 0.6700784868270911, input timescale: 1.0
Tree height after scaling: 1.0, mutation rate: 0.6700784868270911
Runtime (s): 14.257785125
