Launching LAML version 0.0.4
LAML was called as follows: /Users/uym2/my_gits/LAML/run_laml.py -c ../../bar24/Bar24_character_matrix.txt -t place_outlier_1/augmented_tree_85.nwk -o place_outlier_1/augmented_tree_85_optimized -v -p ../../bar24/Bar24_priors.pickle --delimiter tab -m -1 --nInitials 1
Prior keys mismatch with site names.
Prior keys: [0, 1, 2, 3, 4, 5, 6, 7, 8, 9, 10, 11, 12, 13, 14, 15, 16, 17, 18, 19, 20, 21, 22, 23, 24, 25, 26, 27, 28]
Site names: ['r1', 'r2', 'r3', 'r4', 'r5', 'r6', 'r7', 'r8', 'r9', 'r10', 'r11', 'r12', 'r13', 'r14', 'r15', 'r16', 'r17', 'r18', 'r19', 'r20', 'r21', 'r22', 'r23', 'r24', 'r25', 'r26', 'r27', 'r28', 'r29', 'r30']
Attempting to infer mapping between site names and prior keys...
Not all site names are present in the dictionary. Trying offset...
Offset between input site names and prior keys is assumed to be 1
Missing priors at site r30, filling in uniform priors...
{'r1': 0, 'r2': 1, 'r3': 2, 'r4': 3, 'r5': 4, 'r6': 5, 'r7': 6, 'r8': 7, 'r9': 8, 'r10': 9, 'r11': 10, 'r12': 11, 'r13': 12, 'r14': 13, 'r15': 14, 'r16': 15, 'r17': 16, 'r18': 17, 'r19': 18, 'r20': 19, 'r21': 20, 'r22': 21, 'r23': 22, 'r24': 23, 'r25': 24, 'r26': 25, 'r27': 26, 'r28': 27, 'r29': 28, 'r30': 29}
Optimizing branch lengths, phi, and nu without topology search
Optimization by EM algorithm
Optimization start with 1 initials
Initial point 1. Random seed: 655
Numerical optimization started with ultrametric constraint (default)
Initial phi: 0.38448410566539853. Initial nu: 0.04173013194309131. Initial nllh: 8424.56300053763
Starting EM iter: 1
Estep
Estep runtime (s): 0.08842301368713379
Mstep
Optimizing phi
Optimizing branch lengths. Current phi: 0.0901726534658911. Current nu:0.04173013194309131
Optimizing nu
Mstep runtime (s): 0.32260799407958984
Finished EM iter: 1. Current nllh: 6101.853124463348
Starting EM iter: 2
Estep
Estep runtime (s): 0.1209111213684082
Mstep
Optimizing phi
Optimizing branch lengths. Current phi: 0.04582353584659184. Current nu:0.0610300075826611
Optimizing nu
Mstep runtime (s): 0.3861050605773926
Finished EM iter: 2. Current nllh: 5915.201557813167
Starting EM iter: 3
Estep
Estep runtime (s): 0.12115597724914551
Mstep
Optimizing phi
Optimizing branch lengths. Current phi: 0.028773835289984097. Current nu:0.11156619795517618
Optimizing nu
Mstep runtime (s): 0.35445499420166016
Finished EM iter: 3. Current nllh: 5855.075967196793
Starting EM iter: 4
Estep
Estep runtime (s): 0.12116193771362305
Mstep
Optimizing phi
Optimizing branch lengths. Current phi: 0.019309573596317346. Current nu:0.15392744092500527
Optimizing nu
Mstep runtime (s): 0.27785301208496094
Finished EM iter: 4. Current nllh: 5827.971892293425
Starting EM iter: 5
Estep
Estep runtime (s): 0.12115788459777832
Mstep
Optimizing phi
Optimizing branch lengths. Current phi: 0.013445895518111387. Current nu:0.18458108060178496
Optimizing nu
Mstep runtime (s): 0.325836181640625
Finished EM iter: 5. Current nllh: 5812.9242616652255
Starting EM iter: 6
Estep
Estep runtime (s): 0.12134122848510742
Mstep
Optimizing phi
Optimizing branch lengths. Current phi: 0.009394530773217304. Current nu:0.20681339274879565
Optimizing nu
Mstep runtime (s): 0.27480101585388184
Finished EM iter: 6. Current nllh: 5804.019828388866
Starting EM iter: 7
Estep
Estep runtime (s): 0.12135505676269531
Mstep
Optimizing phi
Optimizing branch lengths. Current phi: 0.00660930210462782. Current nu:0.22324353154688328
Optimizing nu
Mstep runtime (s): 0.25174808502197266
Finished EM iter: 7. Current nllh: 5798.629692630501
Starting EM iter: 8
Estep
Estep runtime (s): 0.1214759349822998
Mstep
Optimizing phi
Optimizing branch lengths. Current phi: 0.0046652481114300886. Current nu:0.23511475470094065
Optimizing nu
Mstep runtime (s): 0.2638881206512451
Finished EM iter: 8. Current nllh: 5794.761892320992
Starting EM iter: 9
Estep
Estep runtime (s): 0.12147402763366699
Mstep
Optimizing phi
Optimizing branch lengths. Current phi: 0.0032252915063168373. Current nu:0.2436078479422953
Optimizing nu
Mstep runtime (s): 0.30307912826538086
Finished EM iter: 9. Current nllh: 5791.899312382274
Starting EM iter: 10
Estep
Estep runtime (s): 0.12158894538879395
Mstep
Optimizing phi
Optimizing branch lengths. Current phi: 0.0021719976464982856. Current nu:0.24981818463967562
Optimizing nu
Mstep runtime (s): 0.28572893142700195
Finished EM iter: 10. Current nllh: 5790.02883858849
Starting EM iter: 11
Estep
Estep runtime (s): 0.12165093421936035
Mstep
Optimizing phi
Optimizing branch lengths. Current phi: 0.0014438978853628397. Current nu:0.2543936677058233
Optimizing nu
Mstep runtime (s): 0.2580451965332031
Finished EM iter: 11. Current nllh: 5788.818219023113
Starting EM iter: 12
Estep
Estep runtime (s): 0.12148308753967285
Mstep
Optimizing phi
Optimizing branch lengths. Current phi: 0.0009547114133972707. Current nu:0.25767525069430586
Optimizing nu
Mstep runtime (s): 0.2886621952056885
Finished EM iter: 12. Current nllh: 5788.02322117139
Starting EM iter: 13
Estep
Estep runtime (s): 0.12192177772521973
Mstep
Optimizing phi
Optimizing branch lengths. Current phi: 0.0006295663134679699. Current nu:0.2599581165883874
Optimizing nu
Mstep runtime (s): 0.2653830051422119
Finished EM iter: 13. Current nllh: 5787.500301995915
Starting EM iter: 14
Estep
Estep runtime (s): 0.12164115905761719
Mstep
Optimizing phi
Optimizing branch lengths. Current phi: 0.00041450382021309215. Current nu:0.2615165818749212
Optimizing nu
Mstep runtime (s): 0.32844996452331543
Finished EM iter: 14. Current nllh: 5787.156170106787
Starting EM iter: 15
Estep
Estep runtime (s): 0.12159490585327148
Mstep
Optimizing phi
Optimizing branch lengths. Current phi: 0.00027263421673220256. Current nu:0.2625649667776284
Optimizing nu
Mstep runtime (s): 0.2774162292480469
Finished EM iter: 15. Current nllh: 5786.929982399764
Starting EM iter: 16
Estep
Estep runtime (s): 0.12179923057556152
Mstep
Optimizing phi
Optimizing branch lengths. Current phi: 0.0001792042685054468. Current nu:0.26326857281824223
Optimizing nu
Mstep runtime (s): 0.2957630157470703
Finished EM iter: 16. Current nllh: 5786.7810703642435
Starting EM iter: 17
Estep
Estep runtime (s): 0.12187886238098145
Mstep
Optimizing phi
Optimizing branch lengths. Current phi: 0. Current nu:0.26373746021762035
Optimizing nu
Mstep runtime (s): 0.25948381423950195
Finished EM iter: 17. Current nllh: 5786.50867387762
Starting EM iter: 18
Estep
Estep runtime (s): 0.12126517295837402
Mstep
Optimizing phi
Optimizing branch lengths. Current phi: 0. Current nu:0.26404984722731867
Optimizing nu
Mstep runtime (s): 0.30348801612854004
Finished EM iter: 18. Current nllh: 5786.503746432696
Starting EM iter: 19
Estep
Estep runtime (s): 0.12132525444030762
Mstep
Optimizing phi
Optimizing branch lengths. Current phi: 0. Current nu:0.26445908545559965
Optimizing nu
Mstep runtime (s): 0.30385589599609375
Finished EM iter: 19. Current nllh: 5786.498418108605
Starting EM iter: 20
Estep
Estep runtime (s): 0.12124204635620117
Mstep
Optimizing phi
Optimizing branch lengths. Current phi: 0. Current nu:0.26458985337082874
Optimizing nu
Mstep runtime (s): 0.2747950553894043
Finished EM iter: 20. Current nllh: 5786.496255295281
Starting EM iter: 21
Estep
Estep runtime (s): 0.12134575843811035
Mstep
Optimizing phi
Optimizing branch lengths. Current phi: 0. Current nu:0.2646383166775627
Optimizing nu
Mstep runtime (s): 0.26999592781066895
Finished EM iter: 21. Current nllh: 5786.495140111757
Starting EM iter: 22
Estep
Estep runtime (s): 0.12135887145996094
Mstep
Optimizing phi
Optimizing branch lengths. Current phi: 0. Current nu:0.264658338871082
Optimizing nu
Mstep runtime (s): 0.27348899841308594
Finished EM iter: 22. Current nllh: 5786.494441754733
Starting EM iter: 23
Estep
Estep runtime (s): 0.12131309509277344
Mstep
Optimizing phi
Optimizing branch lengths. Current phi: 0. Current nu:0.26466961468945993
Optimizing nu
Mstep runtime (s): 0.303447961807251
Finished EM iter: 23. Current nllh: 5786.493940117312
Starting EM iter: 24
Estep
Estep runtime (s): 0.1215980052947998
Mstep
Optimizing phi
Optimizing branch lengths. Current phi: 0. Current nu:0.26467699733639466
Optimizing nu
Mstep runtime (s): 0.2950739860534668
Finished EM iter: 24. Current nllh: 5786.49354832163
Starting EM iter: 25
Estep
Estep runtime (s): 0.12167906761169434
Mstep
Optimizing phi
Optimizing branch lengths. Current phi: 0. Current nu:0.2646829935956634
Optimizing nu
Mstep runtime (s): 0.3306553363800049
Finished EM iter: 25. Current nllh: 5786.493226938968
Starting EM iter: 26
Estep
Estep runtime (s): 0.12146496772766113
Mstep
Optimizing phi
Optimizing branch lengths. Current phi: 0. Current nu:0.26468823024830557
Optimizing nu
Mstep runtime (s): 0.27375102043151855
Finished EM iter: 26. Current nllh: 5786.492961062644
Starting EM iter: 27
Estep
Estep runtime (s): 0.12186789512634277
Mstep
Optimizing phi
Optimizing branch lengths. Current phi: 0. Current nu:0.2646928134582843
Optimizing nu
Mstep runtime (s): 0.2687051296234131
Finished EM iter: 27. Current nllh: 5786.492735184911
Starting EM iter: 28
Estep
Estep runtime (s): 0.12171220779418945
Mstep
Optimizing phi
Optimizing branch lengths. Current phi: 0. Current nu:0.2646970708968206
Optimizing nu
Mstep runtime (s): 0.36030006408691406
Finished EM iter: 28. Current nllh: 5786.492547305572
Starting EM iter: 29
Estep
Estep runtime (s): 0.12180781364440918
Mstep
Optimizing phi
Optimizing branch lengths. Current phi: 0. Current nu:0.2647006281693954
Optimizing nu
Mstep runtime (s): 0.2708170413970947
Finished EM iter: 29. Current nllh: 5786.492381519185
Starting EM iter: 30
Estep
Estep runtime (s): 0.12130403518676758
Mstep
Optimizing phi
Optimizing branch lengths. Current phi: 0. Current nu:0.26470447919829615
Optimizing nu
Mstep runtime (s): 0.2695178985595703
Finished EM iter: 30. Current nllh: 5786.492241932129
Starting EM iter: 31
Estep
Estep runtime (s): 0.12167882919311523
Mstep
Optimizing phi
Optimizing branch lengths. Current phi: 0. Current nu:0.2647074007257841
Optimizing nu
Mstep runtime (s): 0.27918100357055664
Finished EM iter: 31. Current nllh: 5786.492121904476
Starting EM iter: 32
Estep
Estep runtime (s): 0.12169218063354492
Mstep
Optimizing phi
Optimizing branch lengths. Current phi: 0. Current nu:0.2647103740220606
Optimizing nu
Mstep runtime (s): 0.2986338138580322
Finished EM iter: 32. Current nllh: 5786.492023848849
Starting EM iter: 33
Estep
Estep runtime (s): 0.12468504905700684
Mstep
Optimizing phi
Optimizing branch lengths. Current phi: 0. Current nu:0.26471250869116747
Optimizing nu
Mstep runtime (s): 0.3125429153442383
Finished EM iter: 33. Current nllh: 5786.491941081548
Starting EM iter: 34
Estep
Estep runtime (s): 0.1219339370727539
Mstep
Optimizing phi
Optimizing branch lengths. Current phi: 0. Current nu:0.26471466392578297
Optimizing nu
Mstep runtime (s): 0.33112502098083496
Finished EM iter: 34. Current nllh: 5786.491855802795
Starting EM iter: 35
Estep
Estep runtime (s): 0.12178921699523926
Mstep
Optimizing phi
Optimizing branch lengths. Current phi: 0. Current nu:0.26471735206756436
Optimizing nu
Mstep runtime (s): 0.2896111011505127
Finished EM iter: 35. Current nllh: 5786.491785227818
Starting EM iter: 36
Estep
Estep runtime (s): 0.12179923057556152
Mstep
Optimizing phi
Optimizing branch lengths. Current phi: 0. Current nu:0.26471929947236517
Optimizing nu
Mstep runtime (s): 0.2675149440765381
Finished EM iter: 36. Current nllh: 5786.491729726349
EM finished after 36 iterations.
Optimal phi: 0. Optimal nu: 0.26472082536091296. Optimal nllh: 5786.491729726349
Optimal point found for initial point 1
Numerical optimization finished successfully
Tree height pre-scaling: 0.6642653549819242, input timescale: 1.0
Tree height after scaling: 0.9999999999999998, mutation rate: 0.6642653549819242
Tree height pre-scaling: 0.6642653549533688, input timescale: 1.0
Tree height after scaling: 1.0, mutation rate: 0.6642653549533688
Tree height pre-scaling: 0.664265354796161, input timescale: 1.0
Tree height after scaling: 1.0, mutation rate: 0.664265354796161
Tree height pre-scaling: 0.6642653547945943, input timescale: 1.0
Tree height after scaling: 1.0, mutation rate: 0.6642653547945943
Tree height pre-scaling: 0.6642653547816929, input timescale: 1.0
Tree height after scaling: 1.0, mutation rate: 0.6642653547816929
Tree height pre-scaling: 0.6642653547033353, input timescale: 1.0
Tree height after scaling: 1.0, mutation rate: 0.6642653547033353
Tree height pre-scaling: 0.6642653554425554, input timescale: 1.0
Tree height after scaling: 1.0, mutation rate: 0.6642653554425554
Tree height pre-scaling: 0.6642653552391119, input timescale: 1.0
Tree height after scaling: 1.0, mutation rate: 0.6642653552391119
Tree height pre-scaling: 0.6642653548909476, input timescale: 1.0
Tree height after scaling: 1.0, mutation rate: 0.6642653548909476
Tree height pre-scaling: 0.6642653545959419, input timescale: 1.0
Tree height after scaling: 1.0, mutation rate: 0.6642653545959419
Runtime (s): 16.340328834
