Launching LAML version 0.0.4
LAML was called as follows: /Users/uym2/my_gits/LAML/run_laml.py -c ../../bar24/Bar24_character_matrix.txt -t place_outlier_1/augmented_tree_128.nwk -o place_outlier_1/augmented_tree_128_optimized -v -p ../../bar24/Bar24_priors.pickle --delimiter tab -m -1 --nInitials 1
Prior keys mismatch with site names.
Prior keys: [0, 1, 2, 3, 4, 5, 6, 7, 8, 9, 10, 11, 12, 13, 14, 15, 16, 17, 18, 19, 20, 21, 22, 23, 24, 25, 26, 27, 28]
Site names: ['r1', 'r2', 'r3', 'r4', 'r5', 'r6', 'r7', 'r8', 'r9', 'r10', 'r11', 'r12', 'r13', 'r14', 'r15', 'r16', 'r17', 'r18', 'r19', 'r20', 'r21', 'r22', 'r23', 'r24', 'r25', 'r26', 'r27', 'r28', 'r29', 'r30']
Attempting to infer mapping between site names and prior keys...
Not all site names are present in the dictionary. Trying offset...
Offset between input site names and prior keys is assumed to be 1
Missing priors at site r30, filling in uniform priors...
{'r1': 0, 'r2': 1, 'r3': 2, 'r4': 3, 'r5': 4, 'r6': 5, 'r7': 6, 'r8': 7, 'r9': 8, 'r10': 9, 'r11': 10, 'r12': 11, 'r13': 12, 'r14': 13, 'r15': 14, 'r16': 15, 'r17': 16, 'r18': 17, 'r19': 18, 'r20': 19, 'r21': 20, 'r22': 21, 'r23': 22, 'r24': 23, 'r25': 24, 'r26': 25, 'r27': 26, 'r28': 27, 'r29': 28, 'r30': 29}
Optimizing branch lengths, phi, and nu without topology search
Optimization by EM algorithm
Optimization start with 1 initials
Initial point 1. Random seed: 4859
Numerical optimization started with ultrametric constraint (default)
Initial phi: 0.6980739550709943. Initial nu: 0.6995976445270708. Initial nllh: 12133.301417461373
Starting EM iter: 1
Estep
Estep runtime (s): 0.08914518356323242
Mstep
Optimizing phi
Optimizing branch lengths. Current phi: 0.08400092563799429. Current nu:0.6995976445270708
Optimizing nu
Mstep runtime (s): 0.25704216957092285
Finished EM iter: 1. Current nllh: 6135.444567868443
Starting EM iter: 2
Estep
Estep runtime (s): 0.12122392654418945
Mstep
Optimizing phi
Optimizing branch lengths. Current phi: 0.03572175125084913. Current nu:0.256003556273269
Optimizing nu
Mstep runtime (s): 0.2574288845062256
Finished EM iter: 2. Current nllh: 5873.1591219016655
Starting EM iter: 3
Estep
Estep runtime (s): 0.12109017372131348
Mstep
Optimizing phi
Optimizing branch lengths. Current phi: 0.022358426930171496. Current nu:0.17902132326772047
Optimizing nu
Mstep runtime (s): 0.2669949531555176
Finished EM iter: 3. Current nllh: 5825.185887899477
Starting EM iter: 4
Estep
Estep runtime (s): 0.12137174606323242
Mstep
Optimizing phi
Optimizing branch lengths. Current phi: 0.015030664538629272. Current nu:0.1859793948754579
Optimizing nu
Mstep runtime (s): 0.26936817169189453
Finished EM iter: 4. Current nllh: 5807.935526485262
Starting EM iter: 5
Estep
Estep runtime (s): 0.12126708030700684
Mstep
Optimizing phi
Optimizing branch lengths. Current phi: 0.010376526222542223. Current nu:0.2041278345618578
Optimizing nu
Mstep runtime (s): 0.2754843235015869
Finished EM iter: 5. Current nllh: 5798.180077450115
Starting EM iter: 6
Estep
Estep runtime (s): 0.12240886688232422
Mstep
Optimizing phi
Optimizing branch lengths. Current phi: 0.007273101656883372. Current nu:0.22072618663368299
Optimizing nu
Mstep runtime (s): 0.28122591972351074
Finished EM iter: 6. Current nllh: 5792.259684947263
Starting EM iter: 7
Estep
Estep runtime (s): 0.12143802642822266
Mstep
Optimizing phi
Optimizing branch lengths. Current phi: 0.005148644414827558. Current nu:0.23342425087094792
Optimizing nu
Mstep runtime (s): 0.274677038192749
Finished EM iter: 7. Current nllh: 5788.146243282853
Starting EM iter: 8
Estep
Estep runtime (s): 0.1213083267211914
Mstep
Optimizing phi
Optimizing branch lengths. Current phi: 0.003596383781118225. Current nu:0.24262947994163642
Optimizing nu
Mstep runtime (s): 0.26831793785095215
Finished EM iter: 8. Current nllh: 5785.0097616969815
Starting EM iter: 9
Estep
Estep runtime (s): 0.12117195129394531
Mstep
Optimizing phi
Optimizing branch lengths. Current phi: 0.0024448112662904795. Current nu:0.24936070092613533
Optimizing nu
Mstep runtime (s): 0.3024177551269531
Finished EM iter: 9. Current nllh: 5782.923501582577
Starting EM iter: 10
Estep
Estep runtime (s): 0.12126708030700684
Mstep
Optimizing phi
Optimizing branch lengths. Current phi: 0.0016362255154588215. Current nu:0.25433185517284823
Optimizing nu
Mstep runtime (s): 0.2998988628387451
Finished EM iter: 10. Current nllh: 5781.576889181868
Starting EM iter: 11
Estep
Estep runtime (s): 0.12109375
Mstep
Optimizing phi
Optimizing branch lengths. Current phi: 0.0010880525595106322. Current nu:0.2579399730769589
Optimizing nu
Mstep runtime (s): 0.26711082458496094
Finished EM iter: 11. Current nllh: 5780.690349634361
Starting EM iter: 12
Estep
Estep runtime (s): 0.12189888954162598
Mstep
Optimizing phi
Optimizing branch lengths. Current phi: 0.0007213416932705496. Current nu:0.2604770118491167
Optimizing nu
Mstep runtime (s): 0.28301286697387695
Finished EM iter: 12. Current nllh: 5780.10452023815
Starting EM iter: 13
Estep
Estep runtime (s): 0.12144780158996582
Mstep
Optimizing phi
Optimizing branch lengths. Current phi: 0.0004774022898471719. Current nu:0.26222158182668753
Optimizing nu
Mstep runtime (s): 0.2658569812774658
Finished EM iter: 13. Current nllh: 5779.717376140661
Starting EM iter: 14
Estep
Estep runtime (s): 0.12140679359436035
Mstep
Optimizing phi
Optimizing branch lengths. Current phi: 0.00031561502672454954. Current nu:0.26340487697963094
Optimizing nu
Mstep runtime (s): 0.29063916206359863
Finished EM iter: 14. Current nllh: 5779.46146292005
Starting EM iter: 15
Estep
Estep runtime (s): 0.12125301361083984
Mstep
Optimizing phi
Optimizing branch lengths. Current phi: 0.0002085079687278017. Current nu:0.26419936516945686
Optimizing nu
Mstep runtime (s): 0.26849889755249023
Finished EM iter: 15. Current nllh: 5779.2923697588385
Starting EM iter: 16
Estep
Estep runtime (s): 0.1214292049407959
Mstep
Optimizing phi
Optimizing branch lengths. Current phi: 0. Current nu:0.2647342694506609
Optimizing nu
Mstep runtime (s): 0.25493502616882324
Finished EM iter: 16. Current nllh: 5778.978589108057
Starting EM iter: 17
Estep
Estep runtime (s): 0.1208028793334961
Mstep
Optimizing phi
Optimizing branch lengths. Current phi: 0. Current nu:0.2650922458561124
Optimizing nu
Mstep runtime (s): 0.2692742347717285
Finished EM iter: 17. Current nllh: 5778.972799236741
Starting EM iter: 18
Estep
Estep runtime (s): 0.12117695808410645
Mstep
Optimizing phi
Optimizing branch lengths. Current phi: 0. Current nu:0.2655674588318836
Optimizing nu
Mstep runtime (s): 0.3050999641418457
Finished EM iter: 18. Current nllh: 5778.966621326033
Starting EM iter: 19
Estep
Estep runtime (s): 0.12105417251586914
Mstep
Optimizing phi
Optimizing branch lengths. Current phi: 0. Current nu:0.26572090667559106
Optimizing nu
Mstep runtime (s): 0.30140185356140137
Finished EM iter: 19. Current nllh: 5778.964159902407
Starting EM iter: 20
Estep
Estep runtime (s): 0.1213369369506836
Mstep
Optimizing phi
Optimizing branch lengths. Current phi: 0. Current nu:0.265774133247148
Optimizing nu
Mstep runtime (s): 0.31548500061035156
Finished EM iter: 20. Current nllh: 5778.962943992559
Starting EM iter: 21
Estep
Estep runtime (s): 0.12200403213500977
Mstep
Optimizing phi
Optimizing branch lengths. Current phi: 0. Current nu:0.2657965992269917
Optimizing nu
Mstep runtime (s): 0.30146121978759766
Finished EM iter: 21. Current nllh: 5778.962200768135
Starting EM iter: 22
Estep
Estep runtime (s): 0.12156915664672852
Mstep
Optimizing phi
Optimizing branch lengths. Current phi: 0. Current nu:0.2658080038533932
Optimizing nu
Mstep runtime (s): 0.27127981185913086
Finished EM iter: 22. Current nllh: 5778.9616689845625
Starting EM iter: 23
Estep
Estep runtime (s): 0.12169814109802246
Mstep
Optimizing phi
Optimizing branch lengths. Current phi: 0. Current nu:0.26581568360330954
Optimizing nu
Mstep runtime (s): 0.29102206230163574
Finished EM iter: 23. Current nllh: 5778.961171628896
Starting EM iter: 24
Estep
Estep runtime (s): 0.1218719482421875
Mstep
Optimizing phi
Optimizing branch lengths. Current phi: 0. Current nu:0.2658205612081113
Optimizing nu
Mstep runtime (s): 0.2649970054626465
Finished EM iter: 24. Current nllh: 5778.960907646533
Starting EM iter: 25
Estep
Estep runtime (s): 0.12252283096313477
Mstep
Optimizing phi
Optimizing branch lengths. Current phi: 0. Current nu:0.26582680129524305
Optimizing nu
Mstep runtime (s): 0.26223063468933105
Finished EM iter: 25. Current nllh: 5778.9606085203495
Starting EM iter: 26
Estep
Estep runtime (s): 0.12117600440979004
Mstep
Optimizing phi
Optimizing branch lengths. Current phi: 0. Current nu:0.2658318593957319
Optimizing nu
Mstep runtime (s): 0.3359999656677246
Finished EM iter: 26. Current nllh: 5778.960278339896
Starting EM iter: 27
Estep
Estep runtime (s): 0.12131810188293457
Mstep
Optimizing phi
Optimizing branch lengths. Current phi: 0. Current nu:0.26583567961732973
Optimizing nu
Mstep runtime (s): 0.2852177619934082
Finished EM iter: 27. Current nllh: 5778.959993538828
Starting EM iter: 28
Estep
Estep runtime (s): 0.12364888191223145
Mstep
Optimizing phi
Optimizing branch lengths. Current phi: 0. Current nu:0.26584011367584376
Optimizing nu
Mstep runtime (s): 0.26984405517578125
Finished EM iter: 28. Current nllh: 5778.959935193563
Starting EM iter: 29
Estep
Estep runtime (s): 0.1213841438293457
Mstep
Optimizing phi
Optimizing branch lengths. Current phi: 0. Current nu:0.2658445587984403
Optimizing nu
Mstep runtime (s): 0.28154802322387695
Finished EM iter: 29. Current nllh: 5778.959690614864
Starting EM iter: 30
Estep
Estep runtime (s): 0.12114715576171875
Mstep
Optimizing phi
Optimizing branch lengths. Current phi: 0. Current nu:0.26584699704759585
Optimizing nu
Mstep runtime (s): 0.2716090679168701
Finished EM iter: 30. Current nllh: 5778.9596412449055
EM finished after 30 iterations.
Optimal phi: 0. Optimal nu: 0.26585141578280114. Optimal nllh: 5778.9596412449055
Optimal point found for initial point 1
Numerical optimization finished successfully
Tree height pre-scaling: 0.669784740291393, input timescale: 1.0
Tree height after scaling: 1.0, mutation rate: 0.669784740291393
Tree height pre-scaling: 0.6697847402678478, input timescale: 1.0
Tree height after scaling: 1.0, mutation rate: 0.6697847402678478
Tree height pre-scaling: 0.6697847402129447, input timescale: 1.0
Tree height after scaling: 1.0, mutation rate: 0.6697847402129447
Tree height pre-scaling: 0.6697847402120686, input timescale: 1.0
Tree height after scaling: 0.9999999999999999, mutation rate: 0.6697847402120686
Tree height pre-scaling: 0.6697847402033532, input timescale: 1.0
Tree height after scaling: 1.0, mutation rate: 0.6697847402033532
Tree height pre-scaling: 0.669784740182231, input timescale: 1.0
Tree height after scaling: 1.0, mutation rate: 0.669784740182231
Tree height pre-scaling: 0.6697847403758617, input timescale: 1.0
Tree height after scaling: 1.0, mutation rate: 0.6697847403758617
Tree height pre-scaling: 0.6697847402542819, input timescale: 1.0
Tree height after scaling: 1.0, mutation rate: 0.6697847402542819
Tree height pre-scaling: 0.6697847402990339, input timescale: 1.0
Tree height after scaling: 1.0000000000000002, mutation rate: 0.6697847402990339
Tree height pre-scaling: 0.6697847405783628, input timescale: 1.0
Tree height after scaling: 0.9999999999999999, mutation rate: 0.6697847405783628
Runtime (s): 13.23683725
