Launching LAML version 0.0.4
LAML was called as follows: /Users/uym2/my_gits/LAML/run_laml.py -c ../../bar24/Bar24_character_matrix.txt -t place_outlier_1/augmented_tree_64.nwk -o place_outlier_1/augmented_tree_64_optimized -v -p ../../bar24/Bar24_priors.pickle --delimiter tab -m -1 --nInitials 1
Prior keys mismatch with site names.
Prior keys: [0, 1, 2, 3, 4, 5, 6, 7, 8, 9, 10, 11, 12, 13, 14, 15, 16, 17, 18, 19, 20, 21, 22, 23, 24, 25, 26, 27, 28]
Site names: ['r1', 'r2', 'r3', 'r4', 'r5', 'r6', 'r7', 'r8', 'r9', 'r10', 'r11', 'r12', 'r13', 'r14', 'r15', 'r16', 'r17', 'r18', 'r19', 'r20', 'r21', 'r22', 'r23', 'r24', 'r25', 'r26', 'r27', 'r28', 'r29', 'r30']
Attempting to infer mapping between site names and prior keys...
Not all site names are present in the dictionary. Trying offset...
Offset between input site names and prior keys is assumed to be 1
Missing priors at site r30, filling in uniform priors...
{'r1': 0, 'r2': 1, 'r3': 2, 'r4': 3, 'r5': 4, 'r6': 5, 'r7': 6, 'r8': 7, 'r9': 8, 'r10': 9, 'r11': 10, 'r12': 11, 'r13': 12, 'r14': 13, 'r15': 14, 'r16': 15, 'r17': 16, 'r18': 17, 'r19': 18, 'r20': 19, 'r21': 20, 'r22': 21, 'r23': 22, 'r24': 23, 'r25': 24, 'r26': 25, 'r27': 26, 'r28': 27, 'r29': 28, 'r30': 29}
Optimizing branch lengths, phi, and nu without topology search
Optimization by EM algorithm
Optimization start with 1 initials
Initial point 1. Random seed: 3481
Numerical optimization started with ultrametric constraint (default)
Initial phi: 0.44449308076691657. Initial nu: 0.9721388292193339. Initial nllh: 10484.464051953235
Starting EM iter: 1
Estep
Estep runtime (s): 0.08777976036071777
Mstep
Optimizing phi
Optimizing branch lengths. Current phi: 0.052014531648003064. Current nu:0.9721388292193339
Optimizing nu
Mstep runtime (s): 0.254558801651001
Finished EM iter: 1. Current nllh: 6135.0276070130185
Starting EM iter: 2
Estep
Estep runtime (s): 0.12041592597961426
Mstep
Optimizing phi
Optimizing branch lengths. Current phi: 0.028208349298376605. Current nu:0.34250380713462253
Optimizing nu
Mstep runtime (s): 0.2693331241607666
Finished EM iter: 2. Current nllh: 5898.084632179033
Starting EM iter: 3
Estep
Estep runtime (s): 0.12059998512268066
Mstep
Optimizing phi
Optimizing branch lengths. Current phi: 0.018713309091351164. Current nu:0.22062359874174617
Optimizing nu
Mstep runtime (s): 0.28156304359436035
Finished EM iter: 3. Current nllh: 5858.506729516914
Starting EM iter: 4
Estep
Estep runtime (s): 0.12062692642211914
Mstep
Optimizing phi
Optimizing branch lengths. Current phi: 0.013082482541112531. Current nu:0.20945196131440266
Optimizing nu
Mstep runtime (s): 0.2717149257659912
Finished EM iter: 4. Current nllh: 5845.730859516127
Starting EM iter: 5
Estep
Estep runtime (s): 0.12059783935546875
Mstep
Optimizing phi
Optimizing branch lengths. Current phi: 0.009241505955154897. Current nu:0.21965798445013687
Optimizing nu
Mstep runtime (s): 0.31163811683654785
Finished EM iter: 5. Current nllh: 5838.239467400461
Starting EM iter: 6
Estep
Estep runtime (s): 0.12037801742553711
Mstep
Optimizing phi
Optimizing branch lengths. Current phi: 0.006588450174783787. Current nu:0.23216430346016403
Optimizing nu
Mstep runtime (s): 0.2670116424560547
Finished EM iter: 6. Current nllh: 5833.460702144084
Starting EM iter: 7
Estep
Estep runtime (s): 0.12116193771362305
Mstep
Optimizing phi
Optimizing branch lengths. Current phi: 0.004703425665238386. Current nu:0.24254647355554637
Optimizing nu
Mstep runtime (s): 0.26868581771850586
Finished EM iter: 7. Current nllh: 5829.894669667177
Starting EM iter: 8
Estep
Estep runtime (s): 0.12092113494873047
Mstep
Optimizing phi
Optimizing branch lengths. Current phi: 0.003289703191072531. Current nu:0.25041347569770106
Optimizing nu
Mstep runtime (s): 0.26966118812561035
Finished EM iter: 8. Current nllh: 5827.257228636263
Starting EM iter: 9
Estep
Estep runtime (s): 0.12105393409729004
Mstep
Optimizing phi
Optimizing branch lengths. Current phi: 0.0022510600123569475. Current nu:0.2563493128532486
Optimizing nu
Mstep runtime (s): 0.26528000831604004
Finished EM iter: 9. Current nllh: 5825.5067813716405
Starting EM iter: 10
Estep
Estep runtime (s): 0.12115597724914551
Mstep
Optimizing phi
Optimizing branch lengths. Current phi: 0.0015242624807612294. Current nu:0.2607943620651483
Optimizing nu
Mstep runtime (s): 0.249953031539917
Finished EM iter: 10. Current nllh: 5824.347847488157
Starting EM iter: 11
Estep
Estep runtime (s): 0.12124872207641602
Mstep
Optimizing phi
Optimizing branch lengths. Current phi: 0.0010274579948554648. Current nu:0.26402348606065656
Optimizing nu
Mstep runtime (s): 0.2923250198364258
Finished EM iter: 11. Current nllh: 5823.571155789043
Starting EM iter: 12
Estep
Estep runtime (s): 0.12113595008850098
Mstep
Optimizing phi
Optimizing branch lengths. Current phi: 0.0006909582601905926. Current nu:0.2663055765922579
Optimizing nu
Mstep runtime (s): 0.27428698539733887
Finished EM iter: 12. Current nllh: 5823.050704688338
Starting EM iter: 13
Estep
Estep runtime (s): 0.12128925323486328
Mstep
Optimizing phi
Optimizing branch lengths. Current phi: 0.0004640093940651278. Current nu:0.26788706609940766
Optimizing nu
Mstep runtime (s): 0.26543307304382324
Finished EM iter: 13. Current nllh: 5822.701384570431
Starting EM iter: 14
Estep
Estep runtime (s): 0.12130880355834961
Mstep
Optimizing phi
Optimizing branch lengths. Current phi: 0.0003113175765868047. Current nu:0.26897174591024037
Optimizing nu
Mstep runtime (s): 0.27045106887817383
Finished EM iter: 14. Current nllh: 5822.466992876875
Starting EM iter: 15
Estep
Estep runtime (s): 0.12111020088195801
Mstep
Optimizing phi
Optimizing branch lengths. Current phi: 0.00020874393182903375. Current nu:0.26971123426493543
Optimizing nu
Mstep runtime (s): 0.2599480152130127
Finished EM iter: 15. Current nllh: 5822.309636215201
Starting EM iter: 16
Estep
Estep runtime (s): 0.12129902839660645
Mstep
Optimizing phi
Optimizing branch lengths. Current phi: 0. Current nu:0.2702140911174943
Optimizing nu
Mstep runtime (s): 0.2725949287414551
Finished EM iter: 16. Current nllh: 5822.0048076486455
Starting EM iter: 17
Estep
Estep runtime (s): 0.12100887298583984
Mstep
Optimizing phi
Optimizing branch lengths. Current phi: 0. Current nu:0.2705561260358342
Optimizing nu
Mstep runtime (s): 0.263643741607666
Finished EM iter: 17. Current nllh: 5821.999181661959
Starting EM iter: 18
Estep
Estep runtime (s): 0.12115287780761719
Mstep
Optimizing phi
Optimizing branch lengths. Current phi: 0. Current nu:0.27102679229975923
Optimizing nu
Mstep runtime (s): 0.27302002906799316
Finished EM iter: 18. Current nllh: 5821.993006510618
Starting EM iter: 19
Estep
Estep runtime (s): 0.12117815017700195
Mstep
Optimizing phi
Optimizing branch lengths. Current phi: 0. Current nu:0.2711815698240375
Optimizing nu
Mstep runtime (s): 0.31849169731140137
Finished EM iter: 19. Current nllh: 5821.990411172287
Starting EM iter: 20
Estep
Estep runtime (s): 0.12126493453979492
Mstep
Optimizing phi
Optimizing branch lengths. Current phi: 0. Current nu:0.27123594873708107
Optimizing nu
Mstep runtime (s): 0.3142580986022949
Finished EM iter: 20. Current nllh: 5821.9890592159045
Starting EM iter: 21
Estep
Estep runtime (s): 0.1208949089050293
Mstep
Optimizing phi
Optimizing branch lengths. Current phi: 0. Current nu:0.27125874358922214
Optimizing nu
Mstep runtime (s): 0.29427409172058105
Finished EM iter: 21. Current nllh: 5821.9880913346215
Starting EM iter: 22
Estep
Estep runtime (s): 0.12110495567321777
Mstep
Optimizing phi
Optimizing branch lengths. Current phi: 0. Current nu:0.27127009153767345
Optimizing nu
Mstep runtime (s): 0.26347994804382324
Finished EM iter: 22. Current nllh: 5821.987541023326
Starting EM iter: 23
Estep
Estep runtime (s): 0.12105488777160645
Mstep
Optimizing phi
Optimizing branch lengths. Current phi: 0. Current nu:0.27127952389510396
Optimizing nu
Mstep runtime (s): 0.26261401176452637
Finished EM iter: 23. Current nllh: 5821.987006742113
Starting EM iter: 24
Estep
Estep runtime (s): 0.12103605270385742
Mstep
Optimizing phi
Optimizing branch lengths. Current phi: 0. Current nu:0.271286509262714
Optimizing nu
Mstep runtime (s): 0.26511073112487793
Finished EM iter: 24. Current nllh: 5821.986573752624
Starting EM iter: 25
Estep
Estep runtime (s): 0.12124300003051758
Mstep
Optimizing phi
Optimizing branch lengths. Current phi: 0. Current nu:0.2712921531796145
Optimizing nu
Mstep runtime (s): 0.298936128616333
Finished EM iter: 25. Current nllh: 5821.985926175721
Starting EM iter: 26
Estep
Estep runtime (s): 0.12111091613769531
Mstep
Optimizing phi
Optimizing branch lengths. Current phi: 0. Current nu:0.2712999556218292
Optimizing nu
Mstep runtime (s): 0.3158080577850342
Finished EM iter: 26. Current nllh: 5821.9856612714475
Starting EM iter: 27
Estep
Estep runtime (s): 0.12099409103393555
Mstep
Optimizing phi
Optimizing branch lengths. Current phi: 0. Current nu:0.27130470750309005
Optimizing nu
Mstep runtime (s): 0.2942798137664795
Finished EM iter: 27. Current nllh: 5821.985209730797
Starting EM iter: 28
Estep
Estep runtime (s): 0.12110495567321777
Mstep
Optimizing phi
Optimizing branch lengths. Current phi: 0. Current nu:0.271311391438107
Optimizing nu
Mstep runtime (s): 0.28590989112854004
Finished EM iter: 28. Current nllh: 5821.985332520288
Starting EM iter: 29
Estep
Estep runtime (s): 0.12126588821411133
Mstep
Optimizing phi
Optimizing branch lengths. Current phi: 0. Current nu:0.27131198824076486
Optimizing nu
Mstep runtime (s): 0.29625511169433594
Finished EM iter: 29. Current nllh: 5821.985058132837
Starting EM iter: 30
Estep
Estep runtime (s): 0.12112712860107422
Mstep
Optimizing phi
Optimizing branch lengths. Current phi: 0. Current nu:0.27131421763207914
Optimizing nu
Mstep runtime (s): 0.27031612396240234
Finished EM iter: 30. Current nllh: 5821.984997970489
Starting EM iter: 31
Estep
Estep runtime (s): 0.1215207576751709
Mstep
Optimizing phi
Optimizing branch lengths. Current phi: 0. Current nu:0.27131734576391153
Optimizing nu
Mstep runtime (s): 0.2658100128173828
Finished EM iter: 31. Current nllh: 5821.984846977346
Starting EM iter: 32
Estep
Estep runtime (s): 0.12130308151245117
Mstep
Optimizing phi
Optimizing branch lengths. Current phi: 0. Current nu:0.27131995985009555
Optimizing nu
Mstep runtime (s): 0.3128669261932373
Finished EM iter: 32. Current nllh: 5821.984710323516
Starting EM iter: 33
Estep
Estep runtime (s): 0.12139892578125
Mstep
Optimizing phi
Optimizing branch lengths. Current phi: 0. Current nu:0.2713228633887379
Optimizing nu
Mstep runtime (s): 0.2895801067352295
Finished EM iter: 33. Current nllh: 5821.984587928219
Starting EM iter: 34
Estep
Estep runtime (s): 0.12121081352233887
Mstep
Optimizing phi
Optimizing branch lengths. Current phi: 0. Current nu:0.2713254500078128
Optimizing nu
Mstep runtime (s): 0.2764861583709717
Finished EM iter: 34. Current nllh: 5821.984484684044
Starting EM iter: 35
Estep
Estep runtime (s): 0.1230309009552002
Mstep
Optimizing phi
Optimizing branch lengths. Current phi: 0. Current nu:0.271327429336514
Optimizing nu
Mstep runtime (s): 0.2723817825317383
Finished EM iter: 35. Current nllh: 5821.98438798194
Starting EM iter: 36
Estep
Estep runtime (s): 0.12166094779968262
Mstep
Optimizing phi
Optimizing branch lengths. Current phi: 0. Current nu:0.27132981700555847
Optimizing nu
Mstep runtime (s): 0.27822399139404297
Finished EM iter: 36. Current nllh: 5821.984299307676
Starting EM iter: 37
Estep
Estep runtime (s): 0.12158513069152832
Mstep
Optimizing phi
Optimizing branch lengths. Current phi: 0. Current nu:0.2713319181619685
Optimizing nu
Mstep runtime (s): 0.2847321033477783
Finished EM iter: 37. Current nllh: 5821.984223714284
Starting EM iter: 38
Estep
Estep runtime (s): 0.12127518653869629
Mstep
Optimizing phi
Optimizing branch lengths. Current phi: 0. Current nu:0.2713336630882535
Optimizing nu
Mstep runtime (s): 0.2891840934753418
Finished EM iter: 38. Current nllh: 5821.98415156941
Starting EM iter: 39
Estep
Estep runtime (s): 0.12154889106750488
Mstep
Optimizing phi
Optimizing branch lengths. Current phi: 0. Current nu:0.2713357104401659
Optimizing nu
Mstep runtime (s): 0.26923418045043945
Finished EM iter: 39. Current nllh: 5821.984086174488
Starting EM iter: 40
Estep
Estep runtime (s): 0.12144303321838379
Mstep
Optimizing phi
Optimizing branch lengths. Current phi: 0. Current nu:0.27133744646056585
Optimizing nu
Mstep runtime (s): 0.29598379135131836
Finished EM iter: 40. Current nllh: 5821.98403168293
EM finished after 40 iterations.
Optimal phi: 0. Optimal nu: 0.27133873236348127. Optimal nllh: 5821.98403168293
Optimal point found for initial point 1
Numerical optimization finished successfully
Tree height pre-scaling: 0.6732733884109068, input timescale: 1.0
Tree height after scaling: 1.0, mutation rate: 0.6732733884109068
Tree height pre-scaling: 0.6732733884075692, input timescale: 1.0
Tree height after scaling: 1.0000000000000002, mutation rate: 0.6732733884075692
Tree height pre-scaling: 0.6732733884011846, input timescale: 1.0
Tree height after scaling: 1.0, mutation rate: 0.6732733884011846
Tree height pre-scaling: 0.6732733884014738, input timescale: 1.0
Tree height after scaling: 0.9999999999999999, mutation rate: 0.6732733884014738
Tree height pre-scaling: 0.6732733884008506, input timescale: 1.0
Tree height after scaling: 1.0, mutation rate: 0.6732733884008506
Tree height pre-scaling: 0.6732733883958962, input timescale: 1.0
Tree height after scaling: 1.0, mutation rate: 0.6732733883958962
Tree height pre-scaling: 0.6732733884288655, input timescale: 1.0
Tree height after scaling: 0.9999999999999999, mutation rate: 0.6732733884288655
Tree height pre-scaling: 0.6732733883884879, input timescale: 1.0
Tree height after scaling: 1.0, mutation rate: 0.6732733883884879
Tree height pre-scaling: 0.6732733884095465, input timescale: 1.0
Tree height after scaling: 1.0, mutation rate: 0.6732733884095465
Tree height pre-scaling: 0.6732733884541799, input timescale: 1.0
Tree height after scaling: 0.9999999999999999, mutation rate: 0.6732733884541799
Runtime (s): 17.551039666
