Launching LAML version 0.0.4
LAML was called as follows: /Users/uym2/my_gits/LAML/run_laml.py -c ../../bar24/Bar24_character_matrix.txt -t place_outlier_1/augmented_tree_193.nwk -o place_outlier_1/augmented_tree_193_optimized -v -p ../../bar24/Bar24_priors.pickle --delimiter tab -m -1 --nInitials 1
Prior keys mismatch with site names.
Prior keys: [0, 1, 2, 3, 4, 5, 6, 7, 8, 9, 10, 11, 12, 13, 14, 15, 16, 17, 18, 19, 20, 21, 22, 23, 24, 25, 26, 27, 28]
Site names: ['r1', 'r2', 'r3', 'r4', 'r5', 'r6', 'r7', 'r8', 'r9', 'r10', 'r11', 'r12', 'r13', 'r14', 'r15', 'r16', 'r17', 'r18', 'r19', 'r20', 'r21', 'r22', 'r23', 'r24', 'r25', 'r26', 'r27', 'r28', 'r29', 'r30']
Attempting to infer mapping between site names and prior keys...
Not all site names are present in the dictionary. Trying offset...
Offset between input site names and prior keys is assumed to be 1
Missing priors at site r30, filling in uniform priors...
{'r1': 0, 'r2': 1, 'r3': 2, 'r4': 3, 'r5': 4, 'r6': 5, 'r7': 6, 'r8': 7, 'r9': 8, 'r10': 9, 'r11': 10, 'r12': 11, 'r13': 12, 'r14': 13, 'r15': 14, 'r16': 15, 'r17': 16, 'r18': 17, 'r19': 18, 'r20': 19, 'r21': 20, 'r22': 21, 'r23': 22, 'r24': 23, 'r25': 24, 'r26': 25, 'r27': 26, 'r28': 27, 'r29': 28, 'r30': 29}
Optimizing branch lengths, phi, and nu without topology search
Optimization by EM algorithm
Optimization start with 1 initials
Initial point 1. Random seed: 7033
Numerical optimization started with ultrametric constraint (default)
Initial phi: 0.5392662570034477. Initial nu: 0.15139525267837717. Initial nllh: 9849.03543117257
Starting EM iter: 1
Estep
Estep runtime (s): 0.08998417854309082
Mstep
Optimizing phi
Optimizing branch lengths. Current phi: 0.0953270379365683. Current nu:0.15139525267837717
Optimizing nu
Mstep runtime (s): 0.2744319438934326
Finished EM iter: 1. Current nllh: 6144.948617115708
Starting EM iter: 2
Estep
Estep runtime (s): 0.12497115135192871
Mstep
Optimizing phi
Optimizing branch lengths. Current phi: 0.044756623002889795. Current nu:0.08831021038916484
Optimizing nu
Mstep runtime (s): 0.3027360439300537
Finished EM iter: 2. Current nllh: 5949.919703622462
Starting EM iter: 3
Estep
Estep runtime (s): 0.12516307830810547
Mstep
Optimizing phi
Optimizing branch lengths. Current phi: 0.027854434313140105. Current nu:0.12229929405965023
Optimizing nu
Mstep runtime (s): 0.265458345413208
Finished EM iter: 3. Current nllh: 5895.049108088743
Starting EM iter: 4
Estep
Estep runtime (s): 0.12500929832458496
Mstep
Optimizing phi
Optimizing branch lengths. Current phi: 0.018604988574198327. Current nu:0.16036706479620877
Optimizing nu
Mstep runtime (s): 0.32648396492004395
Finished EM iter: 4. Current nllh: 5869.713783996086
Starting EM iter: 5
Estep
Estep runtime (s): 0.12497282028198242
Mstep
Optimizing phi
Optimizing branch lengths. Current phi: 0.012860860243789173. Current nu:0.18955532753581864
Optimizing nu
Mstep runtime (s): 0.30762219429016113
Finished EM iter: 5. Current nllh: 5855.6830151453305
Starting EM iter: 6
Estep
Estep runtime (s): 0.1252307891845703
Mstep
Optimizing phi
Optimizing branch lengths. Current phi: 0.008951568545061319. Current nu:0.2111459422572522
Optimizing nu
Mstep runtime (s): 0.2978849411010742
Finished EM iter: 6. Current nllh: 5847.423790180149
Starting EM iter: 7
Estep
Estep runtime (s): 0.12543702125549316
Mstep
Optimizing phi
Optimizing branch lengths. Current phi: 0.006292530985208093. Current nu:0.2269914220536259
Optimizing nu
Mstep runtime (s): 0.2803201675415039
Finished EM iter: 7. Current nllh: 5842.308007495148
Starting EM iter: 8
Estep
Estep runtime (s): 0.12522602081298828
Mstep
Optimizing phi
Optimizing branch lengths. Current phi: 0.004428742216206113. Current nu:0.23830619107143955
Optimizing nu
Mstep runtime (s): 0.2639501094818115
Finished EM iter: 8. Current nllh: 5838.549935291345
Starting EM iter: 9
Estep
Estep runtime (s): 0.1253976821899414
Mstep
Optimizing phi
Optimizing branch lengths. Current phi: 0.0030436564613004883. Current nu:0.2463657526629213
Optimizing nu
Mstep runtime (s): 0.24837493896484375
Finished EM iter: 9. Current nllh: 5835.809533294224
Starting EM iter: 10
Estep
Estep runtime (s): 0.12507009506225586
Mstep
Optimizing phi
Optimizing branch lengths. Current phi: 0.0020408008942055514. Current nu:0.25226081574615955
Optimizing nu
Mstep runtime (s): 0.2546367645263672
Finished EM iter: 10. Current nllh: 5834.057230190269
Starting EM iter: 11
Estep
Estep runtime (s): 0.1254749298095703
Mstep
Optimizing phi
Optimizing branch lengths. Current phi: 0.0013531131454260438. Current nu:0.25657139561145387
Optimizing nu
Mstep runtime (s): 0.2742459774017334
Finished EM iter: 11. Current nllh: 5832.921536979911
Starting EM iter: 12
Estep
Estep runtime (s): 0.12507009506225586
Mstep
Optimizing phi
Optimizing branch lengths. Current phi: 0.0008929418057716354. Current nu:0.2596434387095005
Optimizing nu
Mstep runtime (s): 0.2595226764678955
Finished EM iter: 12. Current nllh: 5832.176343510954
Starting EM iter: 13
Estep
Estep runtime (s): 0.12572479248046875
Mstep
Optimizing phi
Optimizing branch lengths. Current phi: 0.0005878537045435091. Current nu:0.26176985472937236
Optimizing nu
Mstep runtime (s): 0.274428129196167
Finished EM iter: 13. Current nllh: 5831.686775551105
Starting EM iter: 14
Estep
Estep runtime (s): 0.12535405158996582
Mstep
Optimizing phi
Optimizing branch lengths. Current phi: 0.0003864496785439032. Current nu:0.2632128373767663
Optimizing nu
Mstep runtime (s): 0.29401206970214844
Finished EM iter: 14. Current nllh: 5831.365301167497
Starting EM iter: 15
Estep
Estep runtime (s): 0.1255481243133545
Mstep
Optimizing phi
Optimizing branch lengths. Current phi: 0.00025381755273065594. Current nu:0.26418311484576884
Optimizing nu
Mstep runtime (s): 0.2966310977935791
Finished EM iter: 15. Current nllh: 5831.154037601453
Starting EM iter: 16
Estep
Estep runtime (s): 0.1253807544708252
Mstep
Optimizing phi
Optimizing branch lengths. Current phi: 0. Current nu:0.26483034768291575
Optimizing nu
Mstep runtime (s): 0.3105020523071289
Finished EM iter: 16. Current nllh: 5830.768189599784
Starting EM iter: 17
Estep
Estep runtime (s): 0.1251509189605713
Mstep
Optimizing phi
Optimizing branch lengths. Current phi: 0. Current nu:0.26526139557440037
Optimizing nu
Mstep runtime (s): 0.2922217845916748
Finished EM iter: 17. Current nllh: 5830.761359487483
Starting EM iter: 18
Estep
Estep runtime (s): 0.12512588500976562
Mstep
Optimizing phi
Optimizing branch lengths. Current phi: 0. Current nu:0.2658280055392414
Optimizing nu
Mstep runtime (s): 0.33199310302734375
Finished EM iter: 18. Current nllh: 5830.754233039435
Starting EM iter: 19
Estep
Estep runtime (s): 0.12514615058898926
Mstep
Optimizing phi
Optimizing branch lengths. Current phi: 0. Current nu:0.2660094425513268
Optimizing nu
Mstep runtime (s): 0.26841115951538086
Finished EM iter: 19. Current nllh: 5830.751455551253
Starting EM iter: 20
Estep
Estep runtime (s): 0.1252422332763672
Mstep
Optimizing phi
Optimizing branch lengths. Current phi: 0. Current nu:0.26607094937904024
Optimizing nu
Mstep runtime (s): 0.25649309158325195
Finished EM iter: 20. Current nllh: 5830.750118835951
Starting EM iter: 21
Estep
Estep runtime (s): 0.12531805038452148
Mstep
Optimizing phi
Optimizing branch lengths. Current phi: 0. Current nu:0.26609549332013466
Optimizing nu
Mstep runtime (s): 0.31772589683532715
Finished EM iter: 21. Current nllh: 5830.749246585426
Starting EM iter: 22
Estep
Estep runtime (s): 0.12538909912109375
Mstep
Optimizing phi
Optimizing branch lengths. Current phi: 0. Current nu:0.26610669104852125
Optimizing nu
Mstep runtime (s): 0.2635331153869629
Finished EM iter: 22. Current nllh: 5830.7487465110635
Starting EM iter: 23
Estep
Estep runtime (s): 0.12520194053649902
Mstep
Optimizing phi
Optimizing branch lengths. Current phi: 0. Current nu:0.26611559485166814
Optimizing nu
Mstep runtime (s): 0.2732219696044922
Finished EM iter: 23. Current nllh: 5830.748283986826
Starting EM iter: 24
Estep
Estep runtime (s): 0.12509608268737793
Mstep
Optimizing phi
Optimizing branch lengths. Current phi: 0. Current nu:0.26612211125527135
Optimizing nu
Mstep runtime (s): 0.27060723304748535
Finished EM iter: 24. Current nllh: 5830.747918948232
Starting EM iter: 25
Estep
Estep runtime (s): 0.12539005279541016
Mstep
Optimizing phi
Optimizing branch lengths. Current phi: 0. Current nu:0.2661272848309001
Optimizing nu
Mstep runtime (s): 0.2530350685119629
Finished EM iter: 25. Current nllh: 5830.747605514112
Starting EM iter: 26
Estep
Estep runtime (s): 0.12531304359436035
Mstep
Optimizing phi
Optimizing branch lengths. Current phi: 0. Current nu:0.2661325080605027
Optimizing nu
Mstep runtime (s): 0.256227970123291
Finished EM iter: 26. Current nllh: 5830.747346416376
Starting EM iter: 27
Estep
Estep runtime (s): 0.12539005279541016
Mstep
Optimizing phi
Optimizing branch lengths. Current phi: 0. Current nu:0.2661367486925391
Optimizing nu
Mstep runtime (s): 0.248582124710083
Finished EM iter: 27. Current nllh: 5830.747128804796
Starting EM iter: 28
Estep
Estep runtime (s): 0.12483096122741699
Mstep
Optimizing phi
Optimizing branch lengths. Current phi: 0. Current nu:0.2661403416484266
Optimizing nu
Mstep runtime (s): 0.26691102981567383
Finished EM iter: 28. Current nllh: 5830.7469444307735
Starting EM iter: 29
Estep
Estep runtime (s): 0.12539100646972656
Mstep
Optimizing phi
Optimizing branch lengths. Current phi: 0. Current nu:0.2661436826087427
Optimizing nu
Mstep runtime (s): 0.25777101516723633
Finished EM iter: 29. Current nllh: 5830.746782411323
Starting EM iter: 30
Estep
Estep runtime (s): 0.1252138614654541
Mstep
Optimizing phi
Optimizing branch lengths. Current phi: 0. Current nu:0.2661470799954266
Optimizing nu
Mstep runtime (s): 0.2732388973236084
Finished EM iter: 30. Current nllh: 5830.7466385931775
Starting EM iter: 31
Estep
Estep runtime (s): 0.1255500316619873
Mstep
Optimizing phi
Optimizing branch lengths. Current phi: 0. Current nu:0.26615013997072084
Optimizing nu
Mstep runtime (s): 0.3104710578918457
Finished EM iter: 31. Current nllh: 5830.746219924658
Starting EM iter: 32
Estep
Estep runtime (s): 0.125244140625
Mstep
Optimizing phi
Optimizing branch lengths. Current phi: 0. Current nu:0.2661541373970569
Optimizing nu
Mstep runtime (s): 0.25791406631469727
Finished EM iter: 32. Current nllh: 5830.74637787281
Starting EM iter: 33
Estep
Estep runtime (s): 0.12534832954406738
Mstep
Optimizing phi
Optimizing branch lengths. Current phi: 0. Current nu:0.2661564750411921
Optimizing nu
Mstep runtime (s): 0.3456881046295166
Finished EM iter: 33. Current nllh: 5830.746284761782
Starting EM iter: 34
Estep
Estep runtime (s): 0.12525510787963867
Mstep
Optimizing phi
Optimizing branch lengths. Current phi: 0. Current nu:0.2661584836808889
Optimizing nu
Mstep runtime (s): 0.3108551502227783
Finished EM iter: 34. Current nllh: 5830.746148454625
Starting EM iter: 35
Estep
Estep runtime (s): 0.1254899501800537
Mstep
Optimizing phi
Optimizing branch lengths. Current phi: 0. Current nu:0.26615933578175177
Optimizing nu
Mstep runtime (s): 0.312410831451416
Finished EM iter: 35. Current nllh: 5830.746146075251
EM finished after 35 iterations.
Optimal phi: 0. Optimal nu: 0.2661621022137329. Optimal nllh: 5830.746146075251
Optimal point found for initial point 1
Numerical optimization finished successfully
Tree height pre-scaling: 0.6731941927763162, input timescale: 1.0
Tree height after scaling: 1.0, mutation rate: 0.6731941927763162
Tree height pre-scaling: 0.6731941927551208, input timescale: 1.0
Tree height after scaling: 1.0, mutation rate: 0.6731941927551208
Tree height pre-scaling: 0.673194192565061, input timescale: 1.0
Tree height after scaling: 1.0, mutation rate: 0.673194192565061
Tree height pre-scaling: 0.6731941925885422, input timescale: 1.0
Tree height after scaling: 1.0, mutation rate: 0.6731941925885422
Tree height pre-scaling: 0.6731941925469531, input timescale: 1.0
Tree height after scaling: 1.0, mutation rate: 0.6731941925469531
Tree height pre-scaling: 0.6731941930369472, input timescale: 1.0
Tree height after scaling: 1.0, mutation rate: 0.6731941930369472
Tree height pre-scaling: 0.6731941926901714, input timescale: 1.0
Tree height after scaling: 1.0, mutation rate: 0.6731941926901714
Tree height pre-scaling: 0.6731941928426086, input timescale: 1.0
Tree height after scaling: 1.0, mutation rate: 0.6731941928426086
Tree height pre-scaling: 0.6731941927989544, input timescale: 1.0
Tree height after scaling: 1.0000000000000002, mutation rate: 0.6731941927989544
Tree height pre-scaling: 0.6731941935036869, input timescale: 1.0
Tree height after scaling: 1.0, mutation rate: 0.6731941935036869
Runtime (s): 15.677772791999999
