Launching LAML version 0.0.4
LAML was called as follows: /Users/uym2/my_gits/LAML/run_laml.py -c ../../evaluation/Bar10/Bar10_character_matrix.txt -t place_outlier3/augmented_tree_264.nwk -o place_outlier3/augmented_tree_264_optimized -v -p ../../evaluation/Bar10/Bar10_priors.pickle --delimiter tab -m -1 --nInitials 1
Prior keys mismatch with site names.
Prior keys: [0, 1, 2, 3, 4, 5, 6, 7, 8, 9, 10, 11, 12, 13, 14, 15, 16, 17, 18, 19, 20, 21, 22, 23, 24, 25, 26, 27, 28, 29]
Site names: ['r1', 'r2', 'r3', 'r4', 'r5', 'r6', 'r7', 'r8', 'r9', 'r10', 'r11', 'r12', 'r13', 'r14', 'r15', 'r16', 'r17', 'r18', 'r19', 'r20', 'r21', 'r22', 'r23', 'r24', 'r25', 'r26', 'r27', 'r28', 'r29', 'r30']
Attempting to infer mapping between site names and prior keys...
{'r1': 0, 'r2': 1, 'r3': 2, 'r4': 3, 'r5': 4, 'r6': 5, 'r7': 6, 'r8': 7, 'r9': 8, 'r10': 9, 'r11': 10, 'r12': 11, 'r13': 12, 'r14': 13, 'r15': 14, 'r16': 15, 'r17': 16, 'r18': 17, 'r19': 18, 'r20': 19, 'r21': 20, 'r22': 21, 'r23': 22, 'r24': 23, 'r25': 24, 'r26': 25, 'r27': 26, 'r28': 27, 'r29': 28, 'r30': 29}
Optimizing branch lengths, phi, and nu without topology search
Optimization by EM algorithm
Optimization start with 1 initials
Initial point 1. Random seed: 5953
Numerical optimization started with ultrametric constraint (default)
Initial phi: 0. Initial nu: 0.26955655566205877. Initial nllh: 12830.361701264777
Starting EM iter: 1
Estep
Estep runtime (s): 0.11106014251708984
Mstep
Optimizing phi
Optimizing branch lengths. Current phi: 0. Current nu:0.26955655566205877
Optimizing nu
Mstep runtime (s): 0.37143874168395996
Finished EM iter: 1. Current nllh: 10630.688937065686
Starting EM iter: 2
Estep
Estep runtime (s): 0.14998316764831543
Mstep
Optimizing phi
Optimizing branch lengths. Current phi: 0. Current nu:0.2835950724909478
Optimizing nu
Mstep runtime (s): 0.29334306716918945
Finished EM iter: 2. Current nllh: 10617.026301586526
Starting EM iter: 3
Estep
Estep runtime (s): 0.14990997314453125
Mstep
Optimizing phi
Optimizing branch lengths. Current phi: 0. Current nu:0.28726774812321426
Optimizing nu
Mstep runtime (s): 0.35448479652404785
Finished EM iter: 3. Current nllh: 10615.914414809089
Starting EM iter: 4
Estep
Estep runtime (s): 0.1479969024658203
Mstep
Optimizing phi
Optimizing branch lengths. Current phi: 0. Current nu:0.28851898102816603
Optimizing nu
Mstep runtime (s): 0.28214383125305176
Finished EM iter: 4. Current nllh: 10615.67300428182
Starting EM iter: 5
Estep
Estep runtime (s): 0.14996099472045898
Mstep
Optimizing phi
Optimizing branch lengths. Current phi: 0. Current nu:0.28908153568904654
Optimizing nu
Mstep runtime (s): 0.2875840663909912
Finished EM iter: 5. Current nllh: 10615.571155491836
Starting EM iter: 6
Estep
Estep runtime (s): 0.14803004264831543
Mstep
Optimizing phi
Optimizing branch lengths. Current phi: 0. Current nu:0.28937910290110447
Optimizing nu
Mstep runtime (s): 0.3308107852935791
Finished EM iter: 6. Current nllh: 10615.522942547754
Starting EM iter: 7
Estep
Estep runtime (s): 0.15061521530151367
Mstep
Optimizing phi
Optimizing branch lengths. Current phi: 0. Current nu:0.28955577480156974
Optimizing nu
Mstep runtime (s): 0.35027289390563965
Finished EM iter: 7. Current nllh: 10615.493334268838
Starting EM iter: 8
Estep
Estep runtime (s): 0.14810705184936523
Mstep
Optimizing phi
Optimizing branch lengths. Current phi: 0. Current nu:0.28967293148683687
Optimizing nu
Mstep runtime (s): 0.2883450984954834
Finished EM iter: 8. Current nllh: 10615.47365534893
Starting EM iter: 9
Estep
Estep runtime (s): 0.15093493461608887
Mstep
Optimizing phi
Optimizing branch lengths. Current phi: 0. Current nu:0.2897558259169866
Optimizing nu
Mstep runtime (s): 0.38596129417419434
Finished EM iter: 9. Current nllh: 10615.459699917856
Starting EM iter: 10
Estep
Estep runtime (s): 0.1481010913848877
Mstep
Optimizing phi
Optimizing branch lengths. Current phi: 0. Current nu:0.2898175243804502
Optimizing nu
Mstep runtime (s): 0.32239794731140137
Finished EM iter: 10. Current nllh: 10615.449717318139
Starting EM iter: 11
Estep
Estep runtime (s): 0.15112876892089844
Mstep
Optimizing phi
Optimizing branch lengths. Current phi: 0. Current nu:0.28986431572076515
Optimizing nu
Mstep runtime (s): 0.35927796363830566
Finished EM iter: 11. Current nllh: 10615.441336675081
Starting EM iter: 12
Estep
Estep runtime (s): 0.1517009735107422
Mstep
Optimizing phi
Optimizing branch lengths. Current phi: 0. Current nu:0.2899042982157047
Optimizing nu
Mstep runtime (s): 0.36270809173583984
Finished EM iter: 12. Current nllh: 10615.435691733092
Starting EM iter: 13
Estep
Estep runtime (s): 0.15147113800048828
Mstep
Optimizing phi
Optimizing branch lengths. Current phi: 0. Current nu:0.28993099677921996
Optimizing nu
Mstep runtime (s): 0.32466888427734375
Finished EM iter: 13. Current nllh: 10615.431105489984
Starting EM iter: 14
Estep
Estep runtime (s): 0.1513679027557373
Mstep
Optimizing phi
Optimizing branch lengths. Current phi: 0. Current nu:0.28995524728487454
Optimizing nu
Mstep runtime (s): 0.3232440948486328
Finished EM iter: 14. Current nllh: 10615.427431420008
Starting EM iter: 15
Estep
Estep runtime (s): 0.15131902694702148
Mstep
Optimizing phi
Optimizing branch lengths. Current phi: 0. Current nu:0.2899744806527581
Optimizing nu
Mstep runtime (s): 0.40670275688171387
Finished EM iter: 15. Current nllh: 10615.426736321822
Starting EM iter: 16
Estep
Estep runtime (s): 0.14830279350280762
Mstep
Optimizing phi
Optimizing branch lengths. Current phi: 0. Current nu:0.28998781416167085
Optimizing nu
Mstep runtime (s): 0.3886117935180664
Finished EM iter: 16. Current nllh: 10615.426190897488
Starting EM iter: 17
Estep
Estep runtime (s): 0.1502988338470459
Mstep
Optimizing phi
Optimizing branch lengths. Current phi: 0. Current nu:0.2899940042408467
Optimizing nu
Mstep runtime (s): 0.33139896392822266
Finished EM iter: 17. Current nllh: 10615.425988093242
Starting EM iter: 18
Estep
Estep runtime (s): 0.14996910095214844
Mstep
Optimizing phi
Optimizing branch lengths. Current phi: 0. Current nu:0.2900010292524999
Optimizing nu
Mstep runtime (s): 0.3026399612426758
Finished EM iter: 18. Current nllh: 10615.42574390205
Starting EM iter: 19
Estep
Estep runtime (s): 0.15127301216125488
Mstep
Optimizing phi
Optimizing branch lengths. Current phi: 0. Current nu:0.290005467402971
Optimizing nu
Mstep runtime (s): 0.30585289001464844
Finished EM iter: 19. Current nllh: 10615.42557637753
Starting EM iter: 20
Estep
Estep runtime (s): 0.1485912799835205
Mstep
Optimizing phi
Optimizing branch lengths. Current phi: 0. Current nu:0.29000892031665276
Optimizing nu
Mstep runtime (s): 0.32390618324279785
Finished EM iter: 20. Current nllh: 10615.425451937142
Starting EM iter: 21
Estep
Estep runtime (s): 0.1489238739013672
Mstep
Optimizing phi
Optimizing branch lengths. Current phi: 0. Current nu:0.2900115567543874
Optimizing nu
Mstep runtime (s): 0.3171508312225342
Finished EM iter: 21. Current nllh: 10615.425358927587
EM finished after 21 iterations.
Optimal phi: 0. Optimal nu: 0.29001373045024953. Optimal nllh: 10615.425358927587
Optimal point found for initial point 1
Numerical optimization finished successfully
Tree height pre-scaling: 0.6882268359266257, input timescale: 1.0
Tree height after scaling: 1.0, mutation rate: 0.6882268359266257
Tree height pre-scaling: 0.6882268360662854, input timescale: 1.0
Tree height after scaling: 1.0, mutation rate: 0.6882268360662854
Tree height pre-scaling: 0.6882268359941293, input timescale: 1.0
Tree height after scaling: 1.0, mutation rate: 0.6882268359941293
Tree height pre-scaling: 0.6882268361050592, input timescale: 1.0
Tree height after scaling: 1.0, mutation rate: 0.6882268361050592
Tree height pre-scaling: 0.6882268358276966, input timescale: 1.0
Tree height after scaling: 1.0, mutation rate: 0.6882268358276966
Tree height pre-scaling: 0.6882268365762, input timescale: 1.0
Tree height after scaling: 1.0, mutation rate: 0.6882268365762
Tree height pre-scaling: 0.6882268360785883, input timescale: 1.0
Tree height after scaling: 1.0, mutation rate: 0.6882268360785883
Tree height pre-scaling: 0.688226836111679, input timescale: 1.0
Tree height after scaling: 1.0, mutation rate: 0.688226836111679
Tree height pre-scaling: 0.6882268359185811, input timescale: 1.0
Tree height after scaling: 1.0, mutation rate: 0.6882268359185811
Tree height pre-scaling: 0.6882268359737432, input timescale: 1.0
Tree height after scaling: 1.0, mutation rate: 0.6882268359737432
Tree height pre-scaling: 0.688226835960813, input timescale: 1.0
Tree height after scaling: 0.9999999999999999, mutation rate: 0.688226835960813
Tree height pre-scaling: 0.6882268360774368, input timescale: 1.0
Tree height after scaling: 1.0, mutation rate: 0.6882268360774368
Tree height pre-scaling: 0.6882268360851966, input timescale: 1.0
Tree height after scaling: 1.0, mutation rate: 0.6882268360851966
Tree height pre-scaling: 0.6882268358967597, input timescale: 1.0
Tree height after scaling: 0.9999999999999999, mutation rate: 0.6882268358967597
Tree height pre-scaling: 0.6882268360083625, input timescale: 1.0
Tree height after scaling: 1.0, mutation rate: 0.6882268360083625
Tree height pre-scaling: 0.6882268359686166, input timescale: 1.0
Tree height after scaling: 1.0, mutation rate: 0.6882268359686166
Tree height pre-scaling: 0.6882268359593425, input timescale: 1.0
Tree height after scaling: 1.0, mutation rate: 0.6882268359593425
Runtime (s): 11.272770333999999
