Launching LAML version 0.0.4
LAML was called as follows: /Users/uym2/my_gits/LAML/run_laml.py -c ../../evaluation/Bar10/Bar10_character_matrix.txt -t place_outlier3/augmented_tree_378.nwk -o place_outlier3/augmented_tree_378_optimized -v -p ../../evaluation/Bar10/Bar10_priors.pickle --delimiter tab -m -1 --nInitials 1
Prior keys mismatch with site names.
Prior keys: [0, 1, 2, 3, 4, 5, 6, 7, 8, 9, 10, 11, 12, 13, 14, 15, 16, 17, 18, 19, 20, 21, 22, 23, 24, 25, 26, 27, 28, 29]
Site names: ['r1', 'r2', 'r3', 'r4', 'r5', 'r6', 'r7', 'r8', 'r9', 'r10', 'r11', 'r12', 'r13', 'r14', 'r15', 'r16', 'r17', 'r18', 'r19', 'r20', 'r21', 'r22', 'r23', 'r24', 'r25', 'r26', 'r27', 'r28', 'r29', 'r30']
Attempting to infer mapping between site names and prior keys...
{'r1': 0, 'r2': 1, 'r3': 2, 'r4': 3, 'r5': 4, 'r6': 5, 'r7': 6, 'r8': 7, 'r9': 8, 'r10': 9, 'r11': 10, 'r12': 11, 'r13': 12, 'r14': 13, 'r15': 14, 'r16': 15, 'r17': 16, 'r18': 17, 'r19': 18, 'r20': 19, 'r21': 20, 'r22': 21, 'r23': 22, 'r24': 23, 'r25': 24, 'r26': 25, 'r27': 26, 'r28': 27, 'r29': 28, 'r30': 29}
Optimizing branch lengths, phi, and nu without topology search
Optimization by EM algorithm
Optimization start with 1 initials
Initial point 1. Random seed: 8640
Numerical optimization started with ultrametric constraint (default)
Initial phi: 0. Initial nu: 0.26955655566205877. Initial nllh: 12835.574857623054
Starting EM iter: 1
Estep
Estep runtime (s): 0.10820794105529785
Mstep
Optimizing phi
Optimizing branch lengths. Current phi: 0. Current nu:0.26955655566205877
Optimizing nu
Mstep runtime (s): 0.3364889621734619
Finished EM iter: 1. Current nllh: 10685.732077064346
Starting EM iter: 2
Estep
Estep runtime (s): 0.14917492866516113
Mstep
Optimizing phi
Optimizing branch lengths. Current phi: 0. Current nu:0.2828955180665352
Optimizing nu
Mstep runtime (s): 0.35294008255004883
Finished EM iter: 2. Current nllh: 10662.598358708243
Starting EM iter: 3
Estep
Estep runtime (s): 0.1496438980102539
Mstep
Optimizing phi
Optimizing branch lengths. Current phi: 0. Current nu:0.28358895840122994
Optimizing nu
Mstep runtime (s): 0.3157651424407959
Finished EM iter: 3. Current nllh: 10660.625277582312
Starting EM iter: 4
Estep
Estep runtime (s): 0.14997291564941406
Mstep
Optimizing phi
Optimizing branch lengths. Current phi: 0. Current nu:0.2831009294655647
Optimizing nu
Mstep runtime (s): 0.33170604705810547
Finished EM iter: 4. Current nllh: 10660.371511967725
Starting EM iter: 5
Estep
Estep runtime (s): 0.14998412132263184
Mstep
Optimizing phi
Optimizing branch lengths. Current phi: 0. Current nu:0.2829453281014942
Optimizing nu
Mstep runtime (s): 0.2767789363861084
Finished EM iter: 5. Current nllh: 10660.313482902258
Starting EM iter: 6
Estep
Estep runtime (s): 0.1498100757598877
Mstep
Optimizing phi
Optimizing branch lengths. Current phi: 0. Current nu:0.2829601617647809
Optimizing nu
Mstep runtime (s): 0.2958710193634033
Finished EM iter: 6. Current nllh: 10660.283903363139
Starting EM iter: 7
Estep
Estep runtime (s): 0.1499180793762207
Mstep
Optimizing phi
Optimizing branch lengths. Current phi: 0. Current nu:0.28301589587588727
Optimizing nu
Mstep runtime (s): 0.29903078079223633
Finished EM iter: 7. Current nllh: 10660.274583962884
Starting EM iter: 8
Estep
Estep runtime (s): 0.1499788761138916
Mstep
Optimizing phi
Optimizing branch lengths. Current phi: 0. Current nu:0.2830659139375079
Optimizing nu
Mstep runtime (s): 0.2798430919647217
Finished EM iter: 8. Current nllh: 10660.270145390203
Starting EM iter: 9
Estep
Estep runtime (s): 0.1499767303466797
Mstep
Optimizing phi
Optimizing branch lengths. Current phi: 0. Current nu:0.2831055335381447
Optimizing nu
Mstep runtime (s): 0.2969639301300049
Finished EM iter: 9. Current nllh: 10660.267256223793
Starting EM iter: 10
Estep
Estep runtime (s): 0.14995932579040527
Mstep
Optimizing phi
Optimizing branch lengths. Current phi: 0. Current nu:0.28313580140248
Optimizing nu
Mstep runtime (s): 0.30790090560913086
Finished EM iter: 10. Current nllh: 10660.265321820476
Starting EM iter: 11
Estep
Estep runtime (s): 0.15032219886779785
Mstep
Optimizing phi
Optimizing branch lengths. Current phi: 0. Current nu:0.2831584466301953
Optimizing nu
Mstep runtime (s): 0.2899770736694336
Finished EM iter: 11. Current nllh: 10660.263992893684
Starting EM iter: 12
Estep
Estep runtime (s): 0.1505751609802246
Mstep
Optimizing phi
Optimizing branch lengths. Current phi: 0. Current nu:0.28317571859725404
Optimizing nu
Mstep runtime (s): 0.3025538921356201
Finished EM iter: 12. Current nllh: 10660.263064365301
Starting EM iter: 13
Estep
Estep runtime (s): 0.14991068840026855
Mstep
Optimizing phi
Optimizing branch lengths. Current phi: 0. Current nu:0.2831887282718131
Optimizing nu
Mstep runtime (s): 0.309736967086792
Finished EM iter: 13. Current nllh: 10660.262401607126
Starting EM iter: 14
Estep
Estep runtime (s): 0.15096497535705566
Mstep
Optimizing phi
Optimizing branch lengths. Current phi: 0. Current nu:0.28319887721083614
Optimizing nu
Mstep runtime (s): 0.3389461040496826
Finished EM iter: 14. Current nllh: 10660.261869018099
Starting EM iter: 15
Estep
Estep runtime (s): 0.15560293197631836
Mstep
Optimizing phi
Optimizing branch lengths. Current phi: 0. Current nu:0.28320584058391485
Optimizing nu
Mstep runtime (s): 0.3412044048309326
Finished EM iter: 15. Current nllh: 10660.261548362902
Starting EM iter: 16
Estep
Estep runtime (s): 0.15533208847045898
Mstep
Optimizing phi
Optimizing branch lengths. Current phi: 0. Current nu:0.2832123297253468
Optimizing nu
Mstep runtime (s): 0.3213481903076172
Finished EM iter: 16. Current nllh: 10660.261275188634
Starting EM iter: 17
Estep
Estep runtime (s): 0.15176105499267578
Mstep
Optimizing phi
Optimizing branch lengths. Current phi: 0. Current nu:0.28321898166539966
Optimizing nu
Mstep runtime (s): 0.29311585426330566
Finished EM iter: 17. Current nllh: 10660.261030429876
Starting EM iter: 18
Estep
Estep runtime (s): 0.15049505233764648
Mstep
Optimizing phi
Optimizing branch lengths. Current phi: 0. Current nu:0.2832236518194094
Optimizing nu
Mstep runtime (s): 0.33300089836120605
Finished EM iter: 18. Current nllh: 10660.260816887185
Starting EM iter: 19
Estep
Estep runtime (s): 0.1505119800567627
Mstep
Optimizing phi
Optimizing branch lengths. Current phi: 0. Current nu:0.2832255314278034
Optimizing nu
Mstep runtime (s): 0.3364100456237793
Finished EM iter: 19. Current nllh: 10660.260779051503
EM finished after 19 iterations.
Optimal phi: 0. Optimal nu: 0.28322934186051446. Optimal nllh: 10660.260779051503
Optimal point found for initial point 1
Numerical optimization finished successfully
Tree height pre-scaling: 0.6932181601265387, input timescale: 1.0
Tree height after scaling: 1.0, mutation rate: 0.6932181601265387
Tree height pre-scaling: 0.6932181602148895, input timescale: 1.0
Tree height after scaling: 1.0, mutation rate: 0.6932181602148895
Tree height pre-scaling: 0.6932181605362642, input timescale: 1.0
Tree height after scaling: 1.0, mutation rate: 0.6932181605362642
Tree height pre-scaling: 0.6932181602237676, input timescale: 1.0
Tree height after scaling: 1.0, mutation rate: 0.6932181602237676
Tree height pre-scaling: 0.6932181602417928, input timescale: 1.0
Tree height after scaling: 1.0, mutation rate: 0.6932181602417928
Tree height pre-scaling: 0.6932181601210435, input timescale: 1.0
Tree height after scaling: 1.0, mutation rate: 0.6932181601210435
Tree height pre-scaling: 0.6932181601522882, input timescale: 1.0
Tree height after scaling: 1.0, mutation rate: 0.6932181601522882
Tree height pre-scaling: 0.6932181601509151, input timescale: 1.0
Tree height after scaling: 1.0, mutation rate: 0.6932181601509151
Tree height pre-scaling: 0.6932181602183893, input timescale: 1.0
Tree height after scaling: 0.9999999999999999, mutation rate: 0.6932181602183893
Tree height pre-scaling: 0.6932181602247355, input timescale: 1.0
Tree height after scaling: 1.0, mutation rate: 0.6932181602247355
Tree height pre-scaling: 0.6932181601076535, input timescale: 1.0
Tree height after scaling: 0.9999999999999999, mutation rate: 0.6932181601076535
Tree height pre-scaling: 0.6932181601783965, input timescale: 1.0
Tree height after scaling: 1.0, mutation rate: 0.6932181601783965
Tree height pre-scaling: 0.6932181601533183, input timescale: 1.0
Tree height after scaling: 0.9999999999999998, mutation rate: 0.6932181601533183
Tree height pre-scaling: 0.6932181600331189, input timescale: 1.0
Tree height after scaling: 0.9999999999999999, mutation rate: 0.6932181600331189
Tree height pre-scaling: 0.6932181600407078, input timescale: 1.0
Tree height after scaling: 1.0, mutation rate: 0.6932181600407078
Tree height pre-scaling: 0.6932181601648316, input timescale: 1.0
Tree height after scaling: 1.0, mutation rate: 0.6932181601648316
Tree height pre-scaling: 0.6932181602144398, input timescale: 1.0
Tree height after scaling: 1.0, mutation rate: 0.6932181602144398
Runtime (s): 9.866968958
