Launching LAML version 0.0.4
LAML was called as follows: /Users/uym2/my_gits/LAML/run_laml.py -c ../../evaluation/Bar10/Bar10_character_matrix.txt -t place_outlier3/augmented_tree_391.nwk -o place_outlier3/augmented_tree_391_optimized -v -p ../../evaluation/Bar10/Bar10_priors.pickle --delimiter tab -m -1 --nInitials 1
Prior keys mismatch with site names.
Prior keys: [0, 1, 2, 3, 4, 5, 6, 7, 8, 9, 10, 11, 12, 13, 14, 15, 16, 17, 18, 19, 20, 21, 22, 23, 24, 25, 26, 27, 28, 29]
Site names: ['r1', 'r2', 'r3', 'r4', 'r5', 'r6', 'r7', 'r8', 'r9', 'r10', 'r11', 'r12', 'r13', 'r14', 'r15', 'r16', 'r17', 'r18', 'r19', 'r20', 'r21', 'r22', 'r23', 'r24', 'r25', 'r26', 'r27', 'r28', 'r29', 'r30']
Attempting to infer mapping between site names and prior keys...
{'r1': 0, 'r2': 1, 'r3': 2, 'r4': 3, 'r5': 4, 'r6': 5, 'r7': 6, 'r8': 7, 'r9': 8, 'r10': 9, 'r11': 10, 'r12': 11, 'r13': 12, 'r14': 13, 'r15': 14, 'r16': 15, 'r17': 16, 'r18': 17, 'r19': 18, 'r20': 19, 'r21': 20, 'r22': 21, 'r23': 22, 'r24': 23, 'r25': 24, 'r26': 25, 'r27': 26, 'r28': 27, 'r29': 28, 'r30': 29}
Optimizing branch lengths, phi, and nu without topology search
Optimization by EM algorithm
Optimization start with 1 initials
Initial point 1. Random seed: 91
Numerical optimization started with ultrametric constraint (default)
Initial phi: 0. Initial nu: 0.26955655566205877. Initial nllh: 13065.922119960094
Starting EM iter: 1
Estep
Estep runtime (s): 0.10962486267089844
Mstep
Optimizing phi
Optimizing branch lengths. Current phi: 0. Current nu:0.26955655566205877
Optimizing nu
Mstep runtime (s): 0.31668710708618164
Finished EM iter: 1. Current nllh: 10643.78991061578
Starting EM iter: 2
Estep
Estep runtime (s): 0.14781427383422852
Mstep
Optimizing phi
Optimizing branch lengths. Current phi: 0. Current nu:0.28351856094739786
Optimizing nu
Mstep runtime (s): 0.3115730285644531
Finished EM iter: 2. Current nllh: 10629.042717837343
Starting EM iter: 3
Estep
Estep runtime (s): 0.14815402030944824
Mstep
Optimizing phi
Optimizing branch lengths. Current phi: 0. Current nu:0.2862265480113459
Optimizing nu
Mstep runtime (s): 0.337169885635376
Finished EM iter: 3. Current nllh: 10627.182520821125
Starting EM iter: 4
Estep
Estep runtime (s): 0.1480257511138916
Mstep
Optimizing phi
Optimizing branch lengths. Current phi: 0. Current nu:0.2864340775306437
Optimizing nu
Mstep runtime (s): 0.30170416831970215
Finished EM iter: 4. Current nllh: 10627.013752429482
Starting EM iter: 5
Estep
Estep runtime (s): 0.14822697639465332
Mstep
Optimizing phi
Optimizing branch lengths. Current phi: 0. Current nu:0.286375634178825
Optimizing nu
Mstep runtime (s): 0.326265811920166
Finished EM iter: 5. Current nllh: 10626.981427677541
Starting EM iter: 6
Estep
Estep runtime (s): 0.14829111099243164
Mstep
Optimizing phi
Optimizing branch lengths. Current phi: 0. Current nu:0.28632496128818374
Optimizing nu
Mstep runtime (s): 0.2910621166229248
Finished EM iter: 6. Current nllh: 10626.973672789281
Starting EM iter: 7
Estep
Estep runtime (s): 0.14845800399780273
Mstep
Optimizing phi
Optimizing branch lengths. Current phi: 0. Current nu:0.28629374125823737
Optimizing nu
Mstep runtime (s): 0.28864002227783203
Finished EM iter: 7. Current nllh: 10626.970512424474
Starting EM iter: 8
Estep
Estep runtime (s): 0.14861607551574707
Mstep
Optimizing phi
Optimizing branch lengths. Current phi: 0. Current nu:0.28627540423093034
Optimizing nu
Mstep runtime (s): 0.2894480228424072
Finished EM iter: 8. Current nllh: 10626.96858680336
Starting EM iter: 9
Estep
Estep runtime (s): 0.14828896522521973
Mstep
Optimizing phi
Optimizing branch lengths. Current phi: 0. Current nu:0.28626437618350276
Optimizing nu
Mstep runtime (s): 0.3405189514160156
Finished EM iter: 9. Current nllh: 10626.967391660506
Starting EM iter: 10
Estep
Estep runtime (s): 0.14848780632019043
Mstep
Optimizing phi
Optimizing branch lengths. Current phi: 0. Current nu:0.28625697937291356
Optimizing nu
Mstep runtime (s): 0.3054649829864502
Finished EM iter: 10. Current nllh: 10626.966628144888
Starting EM iter: 11
Estep
Estep runtime (s): 0.14873909950256348
Mstep
Optimizing phi
Optimizing branch lengths. Current phi: 0. Current nu:0.286252770054869
Optimizing nu
Mstep runtime (s): 0.3172018527984619
Finished EM iter: 11. Current nllh: 10626.966050876406
Starting EM iter: 12
Estep
Estep runtime (s): 0.14873480796813965
Mstep
Optimizing phi
Optimizing branch lengths. Current phi: 0. Current nu:0.28624846831505046
Optimizing nu
Mstep runtime (s): 0.31231093406677246
Finished EM iter: 12. Current nllh: 10626.965805613789
Starting EM iter: 13
Estep
Estep runtime (s): 0.14860868453979492
Mstep
Optimizing phi
Optimizing branch lengths. Current phi: 0. Current nu:0.28624699742971477
Optimizing nu
Mstep runtime (s): 0.34813690185546875
Finished EM iter: 13. Current nllh: 10626.965593732682
Starting EM iter: 14
Estep
Estep runtime (s): 0.14872431755065918
Mstep
Optimizing phi
Optimizing branch lengths. Current phi: 0. Current nu:0.28624642795270056
Optimizing nu
Mstep runtime (s): 0.39038801193237305
Finished EM iter: 14. Current nllh: 10626.965471206342
Starting EM iter: 15
Estep
Estep runtime (s): 0.1510758399963379
Mstep
Optimizing phi
Optimizing branch lengths. Current phi: 0. Current nu:0.28624656459349646
Optimizing nu
Mstep runtime (s): 0.37281084060668945
Finished EM iter: 15. Current nllh: 10626.965344827639
Starting EM iter: 16
Estep
Estep runtime (s): 0.14903664588928223
Mstep
Optimizing phi
Optimizing branch lengths. Current phi: 0. Current nu:0.28624696181825665
Optimizing nu
Mstep runtime (s): 0.2929363250732422
Finished EM iter: 16. Current nllh: 10626.965239297711
EM finished after 16 iterations.
Optimal phi: 0. Optimal nu: 0.2862480641104798. Optimal nllh: 10626.965239297711
Optimal point found for initial point 1
Numerical optimization finished successfully
Tree height pre-scaling: 0.6912275325335258, input timescale: 1.0
Tree height after scaling: 1.0, mutation rate: 0.6912275325335258
Tree height pre-scaling: 0.6912275329345079, input timescale: 1.0
Tree height after scaling: 1.0, mutation rate: 0.6912275329345079
Tree height pre-scaling: 0.6912275326301974, input timescale: 1.0
Tree height after scaling: 1.0, mutation rate: 0.6912275326301974
Tree height pre-scaling: 0.6912275326471873, input timescale: 1.0
Tree height after scaling: 1.0, mutation rate: 0.6912275326471873
Tree height pre-scaling: 0.6912275325290728, input timescale: 1.0
Tree height after scaling: 0.9999999999999999, mutation rate: 0.6912275325290728
Tree height pre-scaling: 0.6912275325589281, input timescale: 1.0
Tree height after scaling: 1.0, mutation rate: 0.6912275325589281
Tree height pre-scaling: 0.691227532560321, input timescale: 1.0
Tree height after scaling: 0.9999999999999999, mutation rate: 0.691227532560321
Tree height pre-scaling: 0.6912275326193171, input timescale: 1.0
Tree height after scaling: 1.0000000000000002, mutation rate: 0.6912275326193171
Tree height pre-scaling: 0.6912275326296802, input timescale: 1.0
Tree height after scaling: 1.0, mutation rate: 0.6912275326296802
Tree height pre-scaling: 0.6912275325120086, input timescale: 1.0
Tree height after scaling: 1.0000000000000002, mutation rate: 0.6912275325120086
Tree height pre-scaling: 0.6912275325838837, input timescale: 1.0
Tree height after scaling: 1.0, mutation rate: 0.6912275325838837
Tree height pre-scaling: 0.6912275325604892, input timescale: 1.0
Tree height after scaling: 1.0, mutation rate: 0.6912275325604892
Tree height pre-scaling: 0.6912275324392324, input timescale: 1.0
Tree height after scaling: 0.9999999999999999, mutation rate: 0.6912275324392324
Tree height pre-scaling: 0.6912275324494335, input timescale: 1.0
Tree height after scaling: 1.0, mutation rate: 0.6912275324494335
Tree height pre-scaling: 0.6912275325732391, input timescale: 1.0
Tree height after scaling: 1.0, mutation rate: 0.6912275325732391
Tree height pre-scaling: 0.6912275325392896, input timescale: 1.0
Tree height after scaling: 0.9999999999999999, mutation rate: 0.6912275325392896
Tree height pre-scaling: 0.6912275326722144, input timescale: 1.0
Tree height after scaling: 1.0, mutation rate: 0.6912275326722144
Runtime (s): 8.429540666
