Launching LAML version 0.0.4
LAML was called as follows: /Users/uym2/my_gits/LAML/run_laml.py -c ../../evaluation/Bar10/Bar10_character_matrix.txt -t place_outlier3/augmented_tree_369.nwk -o place_outlier3/augmented_tree_369_optimized -v -p ../../evaluation/Bar10/Bar10_priors.pickle --delimiter tab -m -1 --nInitials 1
Prior keys mismatch with site names.
Prior keys: [0, 1, 2, 3, 4, 5, 6, 7, 8, 9, 10, 11, 12, 13, 14, 15, 16, 17, 18, 19, 20, 21, 22, 23, 24, 25, 26, 27, 28, 29]
Site names: ['r1', 'r2', 'r3', 'r4', 'r5', 'r6', 'r7', 'r8', 'r9', 'r10', 'r11', 'r12', 'r13', 'r14', 'r15', 'r16', 'r17', 'r18', 'r19', 'r20', 'r21', 'r22', 'r23', 'r24', 'r25', 'r26', 'r27', 'r28', 'r29', 'r30']
Attempting to infer mapping between site names and prior keys...
{'r1': 0, 'r2': 1, 'r3': 2, 'r4': 3, 'r5': 4, 'r6': 5, 'r7': 6, 'r8': 7, 'r9': 8, 'r10': 9, 'r11': 10, 'r12': 11, 'r13': 12, 'r14': 13, 'r15': 14, 'r16': 15, 'r17': 16, 'r18': 17, 'r19': 18, 'r20': 19, 'r21': 20, 'r22': 21, 'r23': 22, 'r24': 23, 'r25': 24, 'r26': 25, 'r27': 26, 'r28': 27, 'r29': 28, 'r30': 29}
Optimizing branch lengths, phi, and nu without topology search
Optimization by EM algorithm
Optimization start with 1 initials
Initial point 1. Random seed: 3432
Numerical optimization started with ultrametric constraint (default)
Initial phi: 0. Initial nu: 0.26955655566205877. Initial nllh: 12848.873337772697
Starting EM iter: 1
Estep
Estep runtime (s): 0.10947036743164062
Mstep
Optimizing phi
Optimizing branch lengths. Current phi: 0. Current nu:0.26955655566205877
Optimizing nu
Mstep runtime (s): 0.36316990852355957
Finished EM iter: 1. Current nllh: 10729.647826619235
Starting EM iter: 2
Estep
Estep runtime (s): 0.14592790603637695
Mstep
Optimizing phi
Optimizing branch lengths. Current phi: 0. Current nu:0.2830936547146762
Optimizing nu
Mstep runtime (s): 0.332381010055542
Finished EM iter: 2. Current nllh: 10706.182874698094
Starting EM iter: 3
Estep
Estep runtime (s): 0.14710712432861328
Mstep
Optimizing phi
Optimizing branch lengths. Current phi: 0. Current nu:0.28388523758333123
Optimizing nu
Mstep runtime (s): 0.28656482696533203
Finished EM iter: 3. Current nllh: 10704.291537278648
Starting EM iter: 4
Estep
Estep runtime (s): 0.14618492126464844
Mstep
Optimizing phi
Optimizing branch lengths. Current phi: 0. Current nu:0.2832314662439867
Optimizing nu
Mstep runtime (s): 0.30624985694885254
Finished EM iter: 4. Current nllh: 10704.14987222761
Starting EM iter: 5
Estep
Estep runtime (s): 0.14639019966125488
Mstep
Optimizing phi
Optimizing branch lengths. Current phi: 0. Current nu:0.28300489863375866
Optimizing nu
Mstep runtime (s): 0.3350830078125
Finished EM iter: 5. Current nllh: 10704.121119286248
Starting EM iter: 6
Estep
Estep runtime (s): 0.14633607864379883
Mstep
Optimizing phi
Optimizing branch lengths. Current phi: 0. Current nu:0.28299903772913254
Optimizing nu
Mstep runtime (s): 0.3143448829650879
Finished EM iter: 6. Current nllh: 10704.108712060483
Starting EM iter: 7
Estep
Estep runtime (s): 0.14642810821533203
Mstep
Optimizing phi
Optimizing branch lengths. Current phi: 0. Current nu:0.28304639419960165
Optimizing nu
Mstep runtime (s): 0.2739450931549072
Finished EM iter: 7. Current nllh: 10704.101636462883
Starting EM iter: 8
Estep
Estep runtime (s): 0.1464989185333252
Mstep
Optimizing phi
Optimizing branch lengths. Current phi: 0. Current nu:0.2830965086472417
Optimizing nu
Mstep runtime (s): 0.3053901195526123
Finished EM iter: 8. Current nllh: 10704.096884715726
Starting EM iter: 9
Estep
Estep runtime (s): 0.14645600318908691
Mstep
Optimizing phi
Optimizing branch lengths. Current phi: 0. Current nu:0.2831378172950739
Optimizing nu
Mstep runtime (s): 0.36747097969055176
Finished EM iter: 9. Current nllh: 10704.094000141622
Starting EM iter: 10
Estep
Estep runtime (s): 0.14651703834533691
Mstep
Optimizing phi
Optimizing branch lengths. Current phi: 0. Current nu:0.2831679755306263
Optimizing nu
Mstep runtime (s): 0.3558359146118164
Finished EM iter: 10. Current nllh: 10704.092154342756
Starting EM iter: 11
Estep
Estep runtime (s): 0.1466827392578125
Mstep
Optimizing phi
Optimizing branch lengths. Current phi: 0. Current nu:0.2831906174953339
Optimizing nu
Mstep runtime (s): 0.3258168697357178
Finished EM iter: 11. Current nllh: 10704.090899581875
Starting EM iter: 12
Estep
Estep runtime (s): 0.14651274681091309
Mstep
Optimizing phi
Optimizing branch lengths. Current phi: 0. Current nu:0.28320798032399064
Optimizing nu
Mstep runtime (s): 0.37351274490356445
Finished EM iter: 12. Current nllh: 10704.09012126628
Starting EM iter: 13
Estep
Estep runtime (s): 0.14675569534301758
Mstep
Optimizing phi
Optimizing branch lengths. Current phi: 0. Current nu:0.2832210772547276
Optimizing nu
Mstep runtime (s): 0.38732314109802246
Finished EM iter: 13. Current nllh: 10704.08936698367
Starting EM iter: 14
Estep
Estep runtime (s): 0.14717602729797363
Mstep
Optimizing phi
Optimizing branch lengths. Current phi: 0. Current nu:0.2832307129180571
Optimizing nu
Mstep runtime (s): 0.3080439567565918
Finished EM iter: 14. Current nllh: 10704.089044074197
Starting EM iter: 15
Estep
Estep runtime (s): 0.1470479965209961
Mstep
Optimizing phi
Optimizing branch lengths. Current phi: 0. Current nu:0.28323881107368604
Optimizing nu
Mstep runtime (s): 0.3400390148162842
Finished EM iter: 15. Current nllh: 10704.0885943559
Starting EM iter: 16
Estep
Estep runtime (s): 0.14739513397216797
Mstep
Optimizing phi
Optimizing branch lengths. Current phi: 0. Current nu:0.28324461030814285
Optimizing nu
Mstep runtime (s): 0.3240697383880615
Finished EM iter: 16. Current nllh: 10704.088387198935
Starting EM iter: 17
Estep
Estep runtime (s): 0.14699697494506836
Mstep
Optimizing phi
Optimizing branch lengths. Current phi: 0. Current nu:0.2832495497325995
Optimizing nu
Mstep runtime (s): 0.31199097633361816
Finished EM iter: 17. Current nllh: 10704.08826832531
Starting EM iter: 18
Estep
Estep runtime (s): 0.1472151279449463
Mstep
Optimizing phi
Optimizing branch lengths. Current phi: 0. Current nu:0.2832540197465335
Optimizing nu
Mstep runtime (s): 0.31330394744873047
Finished EM iter: 18. Current nllh: 10704.087951621817
Starting EM iter: 19
Estep
Estep runtime (s): 0.1475996971130371
Mstep
Optimizing phi
Optimizing branch lengths. Current phi: 0. Current nu:0.283256913771937
Optimizing nu
Mstep runtime (s): 0.328904390335083
Finished EM iter: 19. Current nllh: 10704.08787695289
EM finished after 19 iterations.
Optimal phi: 0. Optimal nu: 0.28325993135171473. Optimal nllh: 10704.08787695289
Optimal point found for initial point 1
Numerical optimization finished successfully
Tree height pre-scaling: 0.6937475350774823, input timescale: 1.0
Tree height after scaling: 1.0, mutation rate: 0.6937475350774823
Tree height pre-scaling: 0.6937475979954223, input timescale: 1.0
Tree height after scaling: 1.0, mutation rate: 0.6937475979954223
Tree height pre-scaling: 0.6937478141604434, input timescale: 1.0
Tree height after scaling: 1.0, mutation rate: 0.6937478141604434
Tree height pre-scaling: 0.6937475909918382, input timescale: 1.0
Tree height after scaling: 1.0, mutation rate: 0.6937475909918382
Tree height pre-scaling: 0.6937476138994932, input timescale: 1.0
Tree height after scaling: 1.0, mutation rate: 0.6937476138994932
Tree height pre-scaling: 0.6937475328979309, input timescale: 1.0
Tree height after scaling: 1.0, mutation rate: 0.6937475328979309
Tree height pre-scaling: 0.6937475557652818, input timescale: 1.0
Tree height after scaling: 1.0, mutation rate: 0.6937475557652818
Tree height pre-scaling: 0.6937475509142057, input timescale: 1.0
Tree height after scaling: 1.0, mutation rate: 0.6937475509142057
Tree height pre-scaling: 0.6937475951052815, input timescale: 1.0
Tree height after scaling: 1.0, mutation rate: 0.6937475951052815
Tree height pre-scaling: 0.6937476024808535, input timescale: 1.0
Tree height after scaling: 0.9999999999999999, mutation rate: 0.6937476024808535
Tree height pre-scaling: 0.693747520232759, input timescale: 1.0
Tree height after scaling: 1.0, mutation rate: 0.693747520232759
Tree height pre-scaling: 0.6937475707728925, input timescale: 1.0
Tree height after scaling: 1.0, mutation rate: 0.6937475707728925
Tree height pre-scaling: 0.6937475540500793, input timescale: 1.0
Tree height after scaling: 1.0, mutation rate: 0.6937475540500793
Tree height pre-scaling: 0.6937474690699996, input timescale: 1.0
Tree height after scaling: 1.0, mutation rate: 0.6937474690699996
Tree height pre-scaling: 0.693747476589571, input timescale: 1.0
Tree height after scaling: 1.0, mutation rate: 0.693747476589571
Tree height pre-scaling: 0.6937475603935959, input timescale: 1.0
Tree height after scaling: 1.0, mutation rate: 0.6937475603935959
Tree height pre-scaling: 0.6937475827768762, input timescale: 1.0
Tree height after scaling: 1.0, mutation rate: 0.6937475827768762
Runtime (s): 10.063740082999999
