Launching LAML version 0.0.4
LAML was called as follows: /Users/uym2/my_gits/LAML/run_laml.py -c ../../evaluation/Bar10/Bar10_character_matrix.txt -t place_outlier3/augmented_tree_260.nwk -o place_outlier3/augmented_tree_260_optimized -v -p ../../evaluation/Bar10/Bar10_priors.pickle --delimiter tab -m -1 --nInitials 1
Prior keys mismatch with site names.
Prior keys: [0, 1, 2, 3, 4, 5, 6, 7, 8, 9, 10, 11, 12, 13, 14, 15, 16, 17, 18, 19, 20, 21, 22, 23, 24, 25, 26, 27, 28, 29]
Site names: ['r1', 'r2', 'r3', 'r4', 'r5', 'r6', 'r7', 'r8', 'r9', 'r10', 'r11', 'r12', 'r13', 'r14', 'r15', 'r16', 'r17', 'r18', 'r19', 'r20', 'r21', 'r22', 'r23', 'r24', 'r25', 'r26', 'r27', 'r28', 'r29', 'r30']
Attempting to infer mapping between site names and prior keys...
{'r1': 0, 'r2': 1, 'r3': 2, 'r4': 3, 'r5': 4, 'r6': 5, 'r7': 6, 'r8': 7, 'r9': 8, 'r10': 9, 'r11': 10, 'r12': 11, 'r13': 12, 'r14': 13, 'r15': 14, 'r16': 15, 'r17': 16, 'r18': 17, 'r19': 18, 'r20': 19, 'r21': 20, 'r22': 21, 'r23': 22, 'r24': 23, 'r25': 24, 'r26': 25, 'r27': 26, 'r28': 27, 'r29': 28, 'r30': 29}
Optimizing branch lengths, phi, and nu without topology search
Optimization by EM algorithm
Optimization start with 1 initials
Initial point 1. Random seed: 30
Numerical optimization started with ultrametric constraint (default)
Initial phi: 0. Initial nu: 0.26955655566205877. Initial nllh: 12948.099928538255
Starting EM iter: 1
Estep
Estep runtime (s): 0.10982894897460938
Mstep
Optimizing phi
Optimizing branch lengths. Current phi: 0. Current nu:0.26955655566205877
Optimizing nu
Mstep runtime (s): 0.3429219722747803
Finished EM iter: 1. Current nllh: 10622.301979110827
Starting EM iter: 2
Estep
Estep runtime (s): 0.15201687812805176
Mstep
Optimizing phi
Optimizing branch lengths. Current phi: 0. Current nu:0.2813676883511856
Optimizing nu
Mstep runtime (s): 0.31282806396484375
Finished EM iter: 2. Current nllh: 10609.294043973987
Starting EM iter: 3
Estep
Estep runtime (s): 0.14920711517333984
Mstep
Optimizing phi
Optimizing branch lengths. Current phi: 0. Current nu:0.2846024685659346
Optimizing nu
Mstep runtime (s): 0.3540828227996826
Finished EM iter: 3. Current nllh: 10608.266250963217
Starting EM iter: 4
Estep
Estep runtime (s): 0.15132808685302734
Mstep
Optimizing phi
Optimizing branch lengths. Current phi: 0. Current nu:0.2857663171451547
Optimizing nu
Mstep runtime (s): 0.33577799797058105
Finished EM iter: 4. Current nllh: 10608.070492633153
Starting EM iter: 5
Estep
Estep runtime (s): 0.14958524703979492
Mstep
Optimizing phi
Optimizing branch lengths. Current phi: 0. Current nu:0.28630743403352293
Optimizing nu
Mstep runtime (s): 0.36593079566955566
Finished EM iter: 5. Current nllh: 10607.997118375275
Starting EM iter: 6
Estep
Estep runtime (s): 0.15186691284179688
Mstep
Optimizing phi
Optimizing branch lengths. Current phi: 0. Current nu:0.2865990985003448
Optimizing nu
Mstep runtime (s): 0.3247089385986328
Finished EM iter: 6. Current nllh: 10607.968092798323
Starting EM iter: 7
Estep
Estep runtime (s): 0.15160107612609863
Mstep
Optimizing phi
Optimizing branch lengths. Current phi: 0. Current nu:0.2867717948599292
Optimizing nu
Mstep runtime (s): 0.37306785583496094
Finished EM iter: 7. Current nllh: 10607.952495646987
Starting EM iter: 8
Estep
Estep runtime (s): 0.1493229866027832
Mstep
Optimizing phi
Optimizing branch lengths. Current phi: 0. Current nu:0.28688577753435207
Optimizing nu
Mstep runtime (s): 0.29786109924316406
Finished EM iter: 8. Current nllh: 10607.943133432997
Starting EM iter: 9
Estep
Estep runtime (s): 0.15198397636413574
Mstep
Optimizing phi
Optimizing branch lengths. Current phi: 0. Current nu:0.2869654455494761
Optimizing nu
Mstep runtime (s): 0.2941710948944092
Finished EM iter: 9. Current nllh: 10607.937257191848
Starting EM iter: 10
Estep
Estep runtime (s): 0.15171098709106445
Mstep
Optimizing phi
Optimizing branch lengths. Current phi: 0. Current nu:0.2870227095248132
Optimizing nu
Mstep runtime (s): 0.2881889343261719
Finished EM iter: 10. Current nllh: 10607.933421171514
Starting EM iter: 11
Estep
Estep runtime (s): 0.1522059440612793
Mstep
Optimizing phi
Optimizing branch lengths. Current phi: 0. Current nu:0.28706503032280056
Optimizing nu
Mstep runtime (s): 0.28919100761413574
Finished EM iter: 11. Current nllh: 10607.93081417005
Starting EM iter: 12
Estep
Estep runtime (s): 0.1493971347808838
Mstep
Optimizing phi
Optimizing branch lengths. Current phi: 0. Current nu:0.28709746658737495
Optimizing nu
Mstep runtime (s): 0.29205775260925293
Finished EM iter: 12. Current nllh: 10607.928994414578
Starting EM iter: 13
Estep
Estep runtime (s): 0.1519179344177246
Mstep
Optimizing phi
Optimizing branch lengths. Current phi: 0. Current nu:0.2871227318284748
Optimizing nu
Mstep runtime (s): 0.3354790210723877
Finished EM iter: 13. Current nllh: 10607.927705060523
Starting EM iter: 14
Estep
Estep runtime (s): 0.15112686157226562
Mstep
Optimizing phi
Optimizing branch lengths. Current phi: 0. Current nu:0.2871419481485138
Optimizing nu
Mstep runtime (s): 0.29222989082336426
Finished EM iter: 14. Current nllh: 10607.926758458681
Starting EM iter: 15
Estep
Estep runtime (s): 0.15239334106445312
Mstep
Optimizing phi
Optimizing branch lengths. Current phi: 0. Current nu:0.28715793914710497
Optimizing nu
Mstep runtime (s): 0.2953219413757324
Finished EM iter: 15. Current nllh: 10607.926041043878
Starting EM iter: 16
Estep
Estep runtime (s): 0.14993691444396973
Mstep
Optimizing phi
Optimizing branch lengths. Current phi: 0. Current nu:0.287170847856452
Optimizing nu
Mstep runtime (s): 0.3260490894317627
Finished EM iter: 16. Current nllh: 10607.925508287683
Starting EM iter: 17
Estep
Estep runtime (s): 0.1494739055633545
Mstep
Optimizing phi
Optimizing branch lengths. Current phi: 0. Current nu:0.2871809677760437
Optimizing nu
Mstep runtime (s): 0.30435705184936523
Finished EM iter: 17. Current nllh: 10607.925103664991
Starting EM iter: 18
Estep
Estep runtime (s): 0.15235209465026855
Mstep
Optimizing phi
Optimizing branch lengths. Current phi: 0. Current nu:0.28718922738913094
Optimizing nu
Mstep runtime (s): 0.3533942699432373
Finished EM iter: 18. Current nllh: 10607.924811975805
Starting EM iter: 19
Estep
Estep runtime (s): 0.15113425254821777
Mstep
Optimizing phi
Optimizing branch lengths. Current phi: 0. Current nu:0.2871940011916647
Optimizing nu
Mstep runtime (s): 0.319735050201416
Finished EM iter: 19. Current nllh: 10607.92459892247
Starting EM iter: 20
Estep
Estep runtime (s): 0.15180206298828125
Mstep
Optimizing phi
Optimizing branch lengths. Current phi: 0. Current nu:0.28720083827997656
Optimizing nu
Mstep runtime (s): 0.3307468891143799
Finished EM iter: 20. Current nllh: 10607.924373456199
Starting EM iter: 21
Estep
Estep runtime (s): 0.1521008014678955
Mstep
Optimizing phi
Optimizing branch lengths. Current phi: 0. Current nu:0.2872045501392094
Optimizing nu
Mstep runtime (s): 0.3725118637084961
Finished EM iter: 21. Current nllh: 10607.924231143701
Starting EM iter: 22
Estep
Estep runtime (s): 0.1494910717010498
Mstep
Optimizing phi
Optimizing branch lengths. Current phi: 0. Current nu:0.2872080898668961
Optimizing nu
Mstep runtime (s): 0.28137993812561035
Finished EM iter: 22. Current nllh: 10607.924126282349
EM finished after 22 iterations.
Optimal phi: 0. Optimal nu: 0.28721279661799354. Optimal nllh: 10607.924126282349
Optimal point found for initial point 1
Numerical optimization finished successfully
Tree height pre-scaling: 0.6898452454174169, input timescale: 1.0
Tree height after scaling: 1.0, mutation rate: 0.6898452454174169
Tree height pre-scaling: 0.6898452455785042, input timescale: 1.0
Tree height after scaling: 1.0, mutation rate: 0.6898452455785042
Tree height pre-scaling: 0.6898452454914674, input timescale: 1.0
Tree height after scaling: 1.0, mutation rate: 0.6898452454914674
Tree height pre-scaling: 0.689845245613239, input timescale: 1.0
Tree height after scaling: 1.0, mutation rate: 0.689845245613239
Tree height pre-scaling: 0.6898452453027761, input timescale: 1.0
Tree height after scaling: 1.0, mutation rate: 0.6898452453027761
Tree height pre-scaling: 0.6898452461503684, input timescale: 1.0
Tree height after scaling: 0.9999999999999999, mutation rate: 0.6898452461503684
Tree height pre-scaling: 0.6898452455874097, input timescale: 1.0
Tree height after scaling: 0.9999999999999998, mutation rate: 0.6898452455874097
Tree height pre-scaling: 0.6898452456236541, input timescale: 1.0
Tree height after scaling: 1.0, mutation rate: 0.6898452456236541
Tree height pre-scaling: 0.6898452454126679, input timescale: 1.0
Tree height after scaling: 0.9999999999999999, mutation rate: 0.6898452454126679
Tree height pre-scaling: 0.6898452454695334, input timescale: 1.0
Tree height after scaling: 1.0, mutation rate: 0.6898452454695334
Tree height pre-scaling: 0.6898452454632585, input timescale: 1.0
Tree height after scaling: 1.0, mutation rate: 0.6898452454632585
Tree height pre-scaling: 0.6898452455773649, input timescale: 1.0
Tree height after scaling: 1.0000000000000002, mutation rate: 0.6898452455773649
Tree height pre-scaling: 0.6898452455935351, input timescale: 1.0
Tree height after scaling: 0.9999999999999999, mutation rate: 0.6898452455935351
Tree height pre-scaling: 0.6898452453803244, input timescale: 1.0
Tree height after scaling: 0.9999999999999999, mutation rate: 0.6898452453803244
Tree height pre-scaling: 0.6898452455100107, input timescale: 1.0
Tree height after scaling: 1.0, mutation rate: 0.6898452455100107
Tree height pre-scaling: 0.6898452454672874, input timescale: 1.0
Tree height after scaling: 1.0, mutation rate: 0.6898452454672874
Tree height pre-scaling: 0.6898452452611351, input timescale: 1.0
Tree height after scaling: 1.0, mutation rate: 0.6898452452611351
Runtime (s): 11.566058667
