Launching LAML version 0.0.4
LAML was called as follows: /Users/uym2/my_gits/LAML/run_laml.py -c ../../evaluation/Bar10/Bar10_character_matrix.txt -t place_outlier3/augmented_tree_394.nwk -o place_outlier3/augmented_tree_394_optimized -v -p ../../evaluation/Bar10/Bar10_priors.pickle --delimiter tab -m -1 --nInitials 1
Prior keys mismatch with site names.
Prior keys: [0, 1, 2, 3, 4, 5, 6, 7, 8, 9, 10, 11, 12, 13, 14, 15, 16, 17, 18, 19, 20, 21, 22, 23, 24, 25, 26, 27, 28, 29]
Site names: ['r1', 'r2', 'r3', 'r4', 'r5', 'r6', 'r7', 'r8', 'r9', 'r10', 'r11', 'r12', 'r13', 'r14', 'r15', 'r16', 'r17', 'r18', 'r19', 'r20', 'r21', 'r22', 'r23', 'r24', 'r25', 'r26', 'r27', 'r28', 'r29', 'r30']
Attempting to infer mapping between site names and prior keys...
{'r1': 0, 'r2': 1, 'r3': 2, 'r4': 3, 'r5': 4, 'r6': 5, 'r7': 6, 'r8': 7, 'r9': 8, 'r10': 9, 'r11': 10, 'r12': 11, 'r13': 12, 'r14': 13, 'r15': 14, 'r16': 15, 'r17': 16, 'r18': 17, 'r19': 18, 'r20': 19, 'r21': 20, 'r22': 21, 'r23': 22, 'r24': 23, 'r25': 24, 'r26': 25, 'r27': 26, 'r28': 27, 'r29': 28, 'r30': 29}
Optimizing branch lengths, phi, and nu without topology search
Optimization by EM algorithm
Optimization start with 1 initials
Initial point 1. Random seed: 5321
Numerical optimization started with ultrametric constraint (default)
Initial phi: 0. Initial nu: 0.26955655566205877. Initial nllh: 13379.819131415636
Starting EM iter: 1
Estep
Estep runtime (s): 0.10913395881652832
Mstep
Optimizing phi
Optimizing branch lengths. Current phi: 0. Current nu:0.26955655566205877
Optimizing nu
Mstep runtime (s): 0.32839274406433105
Finished EM iter: 1. Current nllh: 10643.961903506759
Starting EM iter: 2
Estep
Estep runtime (s): 0.1517019271850586
Mstep
Optimizing phi
Optimizing branch lengths. Current phi: 0. Current nu:0.2828995981766292
Optimizing nu
Mstep runtime (s): 0.3115379810333252
Finished EM iter: 2. Current nllh: 10628.867795089136
Starting EM iter: 3
Estep
Estep runtime (s): 0.1515188217163086
Mstep
Optimizing phi
Optimizing branch lengths. Current phi: 0. Current nu:0.2854936780250003
Optimizing nu
Mstep runtime (s): 0.321392297744751
Finished EM iter: 3. Current nllh: 10627.251603957604
Starting EM iter: 4
Estep
Estep runtime (s): 0.151702880859375
Mstep
Optimizing phi
Optimizing branch lengths. Current phi: 0. Current nu:0.2858753054187492
Optimizing nu
Mstep runtime (s): 0.3576488494873047
Finished EM iter: 4. Current nllh: 10627.000700844299
Starting EM iter: 5
Estep
Estep runtime (s): 0.1518869400024414
Mstep
Optimizing phi
Optimizing branch lengths. Current phi: 0. Current nu:0.28597260187784534
Optimizing nu
Mstep runtime (s): 0.28679800033569336
Finished EM iter: 5. Current nllh: 10626.917580436295
Starting EM iter: 6
Estep
Estep runtime (s): 0.151871919631958
Mstep
Optimizing phi
Optimizing branch lengths. Current phi: 0. Current nu:0.286027408706956
Optimizing nu
Mstep runtime (s): 0.2898409366607666
Finished EM iter: 6. Current nllh: 10626.878038027064
Starting EM iter: 7
Estep
Estep runtime (s): 0.152130126953125
Mstep
Optimizing phi
Optimizing branch lengths. Current phi: 0. Current nu:0.2860672564539157
Optimizing nu
Mstep runtime (s): 0.2816309928894043
Finished EM iter: 7. Current nllh: 10626.853541502851
Starting EM iter: 8
Estep
Estep runtime (s): 0.1520099639892578
Mstep
Optimizing phi
Optimizing branch lengths. Current phi: 0. Current nu:0.2860998426441226
Optimizing nu
Mstep runtime (s): 0.31718921661376953
Finished EM iter: 8. Current nllh: 10626.836547704908
Starting EM iter: 9
Estep
Estep runtime (s): 0.15238475799560547
Mstep
Optimizing phi
Optimizing branch lengths. Current phi: 0. Current nu:0.2861265033128533
Optimizing nu
Mstep runtime (s): 0.30179715156555176
Finished EM iter: 9. Current nllh: 10626.824304213258
Starting EM iter: 10
Estep
Estep runtime (s): 0.15238094329833984
Mstep
Optimizing phi
Optimizing branch lengths. Current phi: 0. Current nu:0.28614712266233844
Optimizing nu
Mstep runtime (s): 0.30640506744384766
Finished EM iter: 10. Current nllh: 10626.815181661108
Starting EM iter: 11
Estep
Estep runtime (s): 0.1522512435913086
Mstep
Optimizing phi
Optimizing branch lengths. Current phi: 0. Current nu:0.2861649544357084
Optimizing nu
Mstep runtime (s): 0.32965087890625
Finished EM iter: 11. Current nllh: 10626.8081836959
Starting EM iter: 12
Estep
Estep runtime (s): 0.1530437469482422
Mstep
Optimizing phi
Optimizing branch lengths. Current phi: 0. Current nu:0.2861799842812958
Optimizing nu
Mstep runtime (s): 0.33233213424682617
Finished EM iter: 12. Current nllh: 10626.805711876204
Starting EM iter: 13
Estep
Estep runtime (s): 0.15207600593566895
Mstep
Optimizing phi
Optimizing branch lengths. Current phi: 0. Current nu:0.286190674486616
Optimizing nu
Mstep runtime (s): 0.3287789821624756
Finished EM iter: 13. Current nllh: 10626.805263391656
Starting EM iter: 14
Estep
Estep runtime (s): 0.1521778106689453
Mstep
Optimizing phi
Optimizing branch lengths. Current phi: 0. Current nu:0.2861957904624601
Optimizing nu
Mstep runtime (s): 0.33562231063842773
Finished EM iter: 14. Current nllh: 10626.804632407093
Starting EM iter: 15
Estep
Estep runtime (s): 0.15249013900756836
Mstep
Optimizing phi
Optimizing branch lengths. Current phi: 0. Current nu:0.28620006385606145
Optimizing nu
Mstep runtime (s): 0.35279297828674316
Finished EM iter: 15. Current nllh: 10626.804756529076
Starting EM iter: 16
Estep
Estep runtime (s): 0.1532132625579834
Mstep
Optimizing phi
Optimizing branch lengths. Current phi: 0. Current nu:0.2861997572356017
Optimizing nu
Mstep runtime (s): 0.338547945022583
Finished EM iter: 16. Current nllh: 10626.804574191317
Starting EM iter: 17
Estep
Estep runtime (s): 0.15511488914489746
Mstep
Optimizing phi
Optimizing branch lengths. Current phi: 0. Current nu:0.2862004668188483
Optimizing nu
Mstep runtime (s): 0.30831313133239746
Finished EM iter: 17. Current nllh: 10626.804605158517
EM finished after 17 iterations.
Optimal phi: 0. Optimal nu: 0.28620078816284406. Optimal nllh: 10626.804605158517
Optimal point found for initial point 1
Numerical optimization finished successfully
Tree height pre-scaling: 0.6911294570608228, input timescale: 1.0
Tree height after scaling: 1.0, mutation rate: 0.6911294570608228
Tree height pre-scaling: 0.6911294579209513, input timescale: 1.0
Tree height after scaling: 1.0, mutation rate: 0.6911294579209513
Tree height pre-scaling: 0.6911294572598257, input timescale: 1.0
Tree height after scaling: 1.0, mutation rate: 0.6911294572598257
Tree height pre-scaling: 0.6911294573033883, input timescale: 1.0
Tree height after scaling: 0.9999999999999999, mutation rate: 0.6911294573033883
Tree height pre-scaling: 0.6911294570503027, input timescale: 1.0
Tree height after scaling: 1.0, mutation rate: 0.6911294570503027
Tree height pre-scaling: 0.6911294571163258, input timescale: 1.0
Tree height after scaling: 1.0, mutation rate: 0.6911294571163258
Tree height pre-scaling: 0.6911294571138248, input timescale: 1.0
Tree height after scaling: 1.0, mutation rate: 0.6911294571138248
Tree height pre-scaling: 0.6911294572459461, input timescale: 1.0
Tree height after scaling: 0.9999999999999999, mutation rate: 0.6911294572459461
Tree height pre-scaling: 0.6911294572661104, input timescale: 1.0
Tree height after scaling: 1.0, mutation rate: 0.6911294572661104
Tree height pre-scaling: 0.691129457016014, input timescale: 1.0
Tree height after scaling: 1.0, mutation rate: 0.691129457016014
Tree height pre-scaling: 0.6911294571686912, input timescale: 1.0
Tree height after scaling: 1.0, mutation rate: 0.6911294571686912
Tree height pre-scaling: 0.6911294571179016, input timescale: 1.0
Tree height after scaling: 1.0, mutation rate: 0.6911294571179016
Tree height pre-scaling: 0.6911294568596499, input timescale: 1.0
Tree height after scaling: 1.0000000000000002, mutation rate: 0.6911294568596499
Tree height pre-scaling: 0.6911294568797853, input timescale: 1.0
Tree height after scaling: 1.0, mutation rate: 0.6911294568797853
Tree height pre-scaling: 0.691129457142329, input timescale: 1.0
Tree height after scaling: 1.0, mutation rate: 0.691129457142329
Tree height pre-scaling: 0.6911294570719402, input timescale: 1.0
Tree height after scaling: 1.0, mutation rate: 0.6911294570719402
Tree height pre-scaling: 0.691129457361396, input timescale: 1.0
Tree height after scaling: 1.0000000000000002, mutation rate: 0.691129457361396
Runtime (s): 8.982803709
