Launching LAML version 0.0.4
LAML was called as follows: /Users/uym2/my_gits/LAML/run_laml.py -c ../../evaluation/Bar10/Bar10_character_matrix.txt -t place_outlier3/augmented_tree_515.nwk -o place_outlier3/augmented_tree_515_optimized -v -p ../../evaluation/Bar10/Bar10_priors.pickle --delimiter tab -m -1 --nInitials 1
Prior keys mismatch with site names.
Prior keys: [0, 1, 2, 3, 4, 5, 6, 7, 8, 9, 10, 11, 12, 13, 14, 15, 16, 17, 18, 19, 20, 21, 22, 23, 24, 25, 26, 27, 28, 29]
Site names: ['r1', 'r2', 'r3', 'r4', 'r5', 'r6', 'r7', 'r8', 'r9', 'r10', 'r11', 'r12', 'r13', 'r14', 'r15', 'r16', 'r17', 'r18', 'r19', 'r20', 'r21', 'r22', 'r23', 'r24', 'r25', 'r26', 'r27', 'r28', 'r29', 'r30']
Attempting to infer mapping between site names and prior keys...
{'r1': 0, 'r2': 1, 'r3': 2, 'r4': 3, 'r5': 4, 'r6': 5, 'r7': 6, 'r8': 7, 'r9': 8, 'r10': 9, 'r11': 10, 'r12': 11, 'r13': 12, 'r14': 13, 'r15': 14, 'r16': 15, 'r17': 16, 'r18': 17, 'r19': 18, 'r20': 19, 'r21': 20, 'r22': 21, 'r23': 22, 'r24': 23, 'r25': 24, 'r26': 25, 'r27': 26, 'r28': 27, 'r29': 28, 'r30': 29}
Optimizing branch lengths, phi, and nu without topology search
Optimization by EM algorithm
Optimization start with 1 initials
Initial point 1. Random seed: 2889
Numerical optimization started with ultrametric constraint (default)
Initial phi: 0. Initial nu: 0.26955655566205877. Initial nllh: 13297.496924337303
Starting EM iter: 1
Estep
Estep runtime (s): 0.10798811912536621
Mstep
Optimizing phi
Optimizing branch lengths. Current phi: 0. Current nu:0.26955655566205877
Optimizing nu
Mstep runtime (s): 0.3996109962463379
Finished EM iter: 1. Current nllh: 10722.355754374546
Starting EM iter: 2
Estep
Estep runtime (s): 0.14797425270080566
Mstep
Optimizing phi
Optimizing branch lengths. Current phi: 0. Current nu:0.281418147274413
Optimizing nu
Mstep runtime (s): 0.3543686866760254
Finished EM iter: 2. Current nllh: 10691.781201782142
Starting EM iter: 3
Estep
Estep runtime (s): 0.14834284782409668
Mstep
Optimizing phi
Optimizing branch lengths. Current phi: 0. Current nu:0.28207232843939634
Optimizing nu
Mstep runtime (s): 0.3763730525970459
Finished EM iter: 3. Current nllh: 10688.672464616342
Starting EM iter: 4
Estep
Estep runtime (s): 0.14871621131896973
Mstep
Optimizing phi
Optimizing branch lengths. Current phi: 0. Current nu:0.28146829568243953
Optimizing nu
Mstep runtime (s): 0.2759091854095459
Finished EM iter: 4. Current nllh: 10688.304754076762
Starting EM iter: 5
Estep
Estep runtime (s): 0.1484081745147705
Mstep
Optimizing phi
Optimizing branch lengths. Current phi: 0. Current nu:0.2812873284126317
Optimizing nu
Mstep runtime (s): 0.37143898010253906
Finished EM iter: 5. Current nllh: 10688.218741383544
Starting EM iter: 6
Estep
Estep runtime (s): 0.14824867248535156
Mstep
Optimizing phi
Optimizing branch lengths. Current phi: 0. Current nu:0.28130827727455665
Optimizing nu
Mstep runtime (s): 0.2945082187652588
Finished EM iter: 6. Current nllh: 10688.183183661826
Starting EM iter: 7
Estep
Estep runtime (s): 0.14852595329284668
Mstep
Optimizing phi
Optimizing branch lengths. Current phi: 0. Current nu:0.28137625133464933
Optimizing nu
Mstep runtime (s): 0.29527902603149414
Finished EM iter: 7. Current nllh: 10688.171962170372
Starting EM iter: 8
Estep
Estep runtime (s): 0.14867210388183594
Mstep
Optimizing phi
Optimizing branch lengths. Current phi: 0. Current nu:0.28143636676971473
Optimizing nu
Mstep runtime (s): 0.27335286140441895
Finished EM iter: 8. Current nllh: 10688.165434335691
Starting EM iter: 9
Estep
Estep runtime (s): 0.1488051414489746
Mstep
Optimizing phi
Optimizing branch lengths. Current phi: 0. Current nu:0.2814840362325637
Optimizing nu
Mstep runtime (s): 0.2931199073791504
Finished EM iter: 9. Current nllh: 10688.161359373315
Starting EM iter: 10
Estep
Estep runtime (s): 0.14905714988708496
Mstep
Optimizing phi
Optimizing branch lengths. Current phi: 0. Current nu:0.2815198554962451
Optimizing nu
Mstep runtime (s): 0.2758479118347168
Finished EM iter: 10. Current nllh: 10688.158700278878
Starting EM iter: 11
Estep
Estep runtime (s): 0.1489710807800293
Mstep
Optimizing phi
Optimizing branch lengths. Current phi: 0. Current nu:0.28154696175619376
Optimizing nu
Mstep runtime (s): 0.4011399745941162
Finished EM iter: 11. Current nllh: 10688.156911444692
Starting EM iter: 12
Estep
Estep runtime (s): 0.14866209030151367
Mstep
Optimizing phi
Optimizing branch lengths. Current phi: 0. Current nu:0.2815672971258023
Optimizing nu
Mstep runtime (s): 0.3005490303039551
Finished EM iter: 12. Current nllh: 10688.15568548023
Starting EM iter: 13
Estep
Estep runtime (s): 0.14884305000305176
Mstep
Optimizing phi
Optimizing branch lengths. Current phi: 0. Current nu:0.28158276880426797
Optimizing nu
Mstep runtime (s): 0.34099912643432617
Finished EM iter: 13. Current nllh: 10688.154822854263
Starting EM iter: 14
Estep
Estep runtime (s): 0.14901018142700195
Mstep
Optimizing phi
Optimizing branch lengths. Current phi: 0. Current nu:0.2815947125793528
Optimizing nu
Mstep runtime (s): 0.3158447742462158
Finished EM iter: 14. Current nllh: 10688.15420070483
Starting EM iter: 15
Estep
Estep runtime (s): 0.14904499053955078
Mstep
Optimizing phi
Optimizing branch lengths. Current phi: 0. Current nu:0.28160406971562535
Optimizing nu
Mstep runtime (s): 0.3002288341522217
Finished EM iter: 15. Current nllh: 10688.15374154488
Starting EM iter: 16
Estep
Estep runtime (s): 0.14925813674926758
Mstep
Optimizing phi
Optimizing branch lengths. Current phi: 0. Current nu:0.28161159378579687
Optimizing nu
Mstep runtime (s): 0.36504101753234863
Finished EM iter: 16. Current nllh: 10688.153410945595
Starting EM iter: 17
Estep
Estep runtime (s): 0.148637056350708
Mstep
Optimizing phi
Optimizing branch lengths. Current phi: 0. Current nu:0.28161713229754937
Optimizing nu
Mstep runtime (s): 0.3054020404815674
Finished EM iter: 17. Current nllh: 10688.153089045312
Starting EM iter: 18
Estep
Estep runtime (s): 0.14954090118408203
Mstep
Optimizing phi
Optimizing branch lengths. Current phi: 0. Current nu:0.2816220061116397
Optimizing nu
Mstep runtime (s): 0.3173220157623291
Finished EM iter: 18. Current nllh: 10688.152822393438
Starting EM iter: 19
Estep
Estep runtime (s): 0.14897632598876953
Mstep
Optimizing phi
Optimizing branch lengths. Current phi: 0. Current nu:0.28162596589538064
Optimizing nu
Mstep runtime (s): 0.3467690944671631
Finished EM iter: 19. Current nllh: 10688.15267321648
Starting EM iter: 20
Estep
Estep runtime (s): 0.1493520736694336
Mstep
Optimizing phi
Optimizing branch lengths. Current phi: 0. Current nu:0.2816294874887174
Optimizing nu
Mstep runtime (s): 0.29543590545654297
Finished EM iter: 20. Current nllh: 10688.152672823651
EM finished after 20 iterations.
Optimal phi: 0. Optimal nu: 0.28163231433742186. Optimal nllh: 10688.152672823651
Optimal point found for initial point 1
Numerical optimization finished successfully
Tree height pre-scaling: 0.6970893990286622, input timescale: 1.0
Tree height after scaling: 1.0, mutation rate: 0.6970893990286622
Tree height pre-scaling: 0.6970893988789975, input timescale: 1.0
Tree height after scaling: 1.0000000000000002, mutation rate: 0.6970893988789975
Tree height pre-scaling: 0.6970893988880625, input timescale: 1.0
Tree height after scaling: 1.0, mutation rate: 0.6970893988880625
Tree height pre-scaling: 0.6970893987678646, input timescale: 1.0
Tree height after scaling: 1.0, mutation rate: 0.6970893987678646
Tree height pre-scaling: 0.6970893988024282, input timescale: 1.0
Tree height after scaling: 1.0, mutation rate: 0.6970893988024282
Tree height pre-scaling: 0.6970893987997668, input timescale: 1.0
Tree height after scaling: 1.0, mutation rate: 0.6970893987997668
Tree height pre-scaling: 0.6970893988669233, input timescale: 1.0
Tree height after scaling: 1.0, mutation rate: 0.6970893988669233
Tree height pre-scaling: 0.6970893988724732, input timescale: 1.0
Tree height after scaling: 1.0, mutation rate: 0.6970893988724732
Tree height pre-scaling: 0.6970893987567063, input timescale: 1.0
Tree height after scaling: 0.9999999999999999, mutation rate: 0.6970893987567063
Tree height pre-scaling: 0.6970893988256665, input timescale: 1.0
Tree height after scaling: 1.0, mutation rate: 0.6970893988256665
Tree height pre-scaling: 0.6970893988011826, input timescale: 1.0
Tree height after scaling: 1.0, mutation rate: 0.6970893988011826
Tree height pre-scaling: 0.6970893986828761, input timescale: 1.0
Tree height after scaling: 1.0, mutation rate: 0.6970893986828761
Tree height pre-scaling: 0.6970893986874537, input timescale: 1.0
Tree height after scaling: 1.0, mutation rate: 0.6970893986874537
Tree height pre-scaling: 0.6970893988141041, input timescale: 1.0
Tree height after scaling: 0.9999999999999999, mutation rate: 0.6970893988141041
Tree height pre-scaling: 0.6970893987802698, input timescale: 1.0
Tree height after scaling: 0.9999999999999999, mutation rate: 0.6970893987802698
Tree height pre-scaling: 0.6970893988558143, input timescale: 1.0
Tree height after scaling: 1.0000000000000002, mutation rate: 0.6970893988558143
Tree height pre-scaling: 0.6970893989135937, input timescale: 1.0
Tree height after scaling: 1.0, mutation rate: 0.6970893989135937
Runtime (s): 10.538209457999999
