Launching LAML version 0.0.4
LAML was called as follows: /Users/uym2/my_gits/LAML/run_laml.py -c ../../evaluation/Bar10/Bar10_character_matrix.txt -t place_outlier3/augmented_tree_184.nwk -o place_outlier3/augmented_tree_184_optimized -v -p ../../evaluation/Bar10/Bar10_priors.pickle --delimiter tab -m -1 --nInitials 1
Prior keys mismatch with site names.
Prior keys: [0, 1, 2, 3, 4, 5, 6, 7, 8, 9, 10, 11, 12, 13, 14, 15, 16, 17, 18, 19, 20, 21, 22, 23, 24, 25, 26, 27, 28, 29]
Site names: ['r1', 'r2', 'r3', 'r4', 'r5', 'r6', 'r7', 'r8', 'r9', 'r10', 'r11', 'r12', 'r13', 'r14', 'r15', 'r16', 'r17', 'r18', 'r19', 'r20', 'r21', 'r22', 'r23', 'r24', 'r25', 'r26', 'r27', 'r28', 'r29', 'r30']
Attempting to infer mapping between site names and prior keys...
{'r1': 0, 'r2': 1, 'r3': 2, 'r4': 3, 'r5': 4, 'r6': 5, 'r7': 6, 'r8': 7, 'r9': 8, 'r10': 9, 'r11': 10, 'r12': 11, 'r13': 12, 'r14': 13, 'r15': 14, 'r16': 15, 'r17': 16, 'r18': 17, 'r19': 18, 'r20': 19, 'r21': 20, 'r22': 21, 'r23': 22, 'r24': 23, 'r25': 24, 'r26': 25, 'r27': 26, 'r28': 27, 'r29': 28, 'r30': 29}
Optimizing branch lengths, phi, and nu without topology search
Optimization by EM algorithm
Optimization start with 1 initials
Initial point 1. Random seed: 9436
Numerical optimization started with ultrametric constraint (default)
Initial phi: 0. Initial nu: 0.26955655566205877. Initial nllh: 13153.86505146899
Starting EM iter: 1
Estep
Estep runtime (s): 0.10751700401306152
Mstep
Optimizing phi
Optimizing branch lengths. Current phi: 0. Current nu:0.26955655566205877
Optimizing nu
Mstep runtime (s): 0.33345603942871094
Finished EM iter: 1. Current nllh: 11033.881772512572
Starting EM iter: 2
Estep
Estep runtime (s): 0.14724302291870117
Mstep
Optimizing phi
Optimizing branch lengths. Current phi: 0. Current nu:0.27311595922110604
Optimizing nu
Mstep runtime (s): 0.30804896354675293
Finished EM iter: 2. Current nllh: 11010.159433595303
Starting EM iter: 3
Estep
Estep runtime (s): 0.14786291122436523
Mstep
Optimizing phi
Optimizing branch lengths. Current phi: 0. Current nu:0.27159663758413305
Optimizing nu
Mstep runtime (s): 0.3792288303375244
Finished EM iter: 3. Current nllh: 11007.688582894993
Starting EM iter: 4
Estep
Estep runtime (s): 0.14563608169555664
Mstep
Optimizing phi
Optimizing branch lengths. Current phi: 0. Current nu:0.2703698700627917
Optimizing nu
Mstep runtime (s): 0.29286789894104004
Finished EM iter: 4. Current nllh: 11007.520871353483
Starting EM iter: 5
Estep
Estep runtime (s): 0.14791297912597656
Mstep
Optimizing phi
Optimizing branch lengths. Current phi: 0. Current nu:0.26994930509780485
Optimizing nu
Mstep runtime (s): 0.29943180084228516
Finished EM iter: 5. Current nllh: 11007.480884092045
Starting EM iter: 6
Estep
Estep runtime (s): 0.14618897438049316
Mstep
Optimizing phi
Optimizing branch lengths. Current phi: 0. Current nu:0.26988627475821403
Optimizing nu
Mstep runtime (s): 0.32100582122802734
Finished EM iter: 6. Current nllh: 11007.468805682052
Starting EM iter: 7
Estep
Estep runtime (s): 0.1469419002532959
Mstep
Optimizing phi
Optimizing branch lengths. Current phi: 0. Current nu:0.26991261036225944
Optimizing nu
Mstep runtime (s): 0.2862541675567627
Finished EM iter: 7. Current nllh: 11007.46192263288
Starting EM iter: 8
Estep
Estep runtime (s): 0.1473710536956787
Mstep
Optimizing phi
Optimizing branch lengths. Current phi: 0. Current nu:0.2699532131460534
Optimizing nu
Mstep runtime (s): 0.3170778751373291
Finished EM iter: 8. Current nllh: 11007.457539009432
Starting EM iter: 9
Estep
Estep runtime (s): 0.1481001377105713
Mstep
Optimizing phi
Optimizing branch lengths. Current phi: 0. Current nu:0.2699891998594234
Optimizing nu
Mstep runtime (s): 0.3210461139678955
Finished EM iter: 9. Current nllh: 11007.454727742648
Starting EM iter: 10
Estep
Estep runtime (s): 0.14844393730163574
Mstep
Optimizing phi
Optimizing branch lengths. Current phi: 0. Current nu:0.27001703209293987
Optimizing nu
Mstep runtime (s): 0.2957448959350586
Finished EM iter: 10. Current nllh: 11007.452880832436
Starting EM iter: 11
Estep
Estep runtime (s): 0.1481010913848877
Mstep
Optimizing phi
Optimizing branch lengths. Current phi: 0. Current nu:0.2700381598035286
Optimizing nu
Mstep runtime (s): 0.32782602310180664
Finished EM iter: 11. Current nllh: 11007.451541700893
Starting EM iter: 12
Estep
Estep runtime (s): 0.14818191528320312
Mstep
Optimizing phi
Optimizing branch lengths. Current phi: 0. Current nu:0.2700538562913227
Optimizing nu
Mstep runtime (s): 0.3134138584136963
Finished EM iter: 12. Current nllh: 11007.450815739596
Starting EM iter: 13
Estep
Estep runtime (s): 0.14822769165039062
Mstep
Optimizing phi
Optimizing branch lengths. Current phi: 0. Current nu:0.2700657294072603
Optimizing nu
Mstep runtime (s): 0.3885660171508789
Finished EM iter: 13. Current nllh: 11007.450229536404
Starting EM iter: 14
Estep
Estep runtime (s): 0.1478278636932373
Mstep
Optimizing phi
Optimizing branch lengths. Current phi: 0. Current nu:0.27007459145035817
Optimizing nu
Mstep runtime (s): 0.3432919979095459
Finished EM iter: 14. Current nllh: 11007.44956717934
Starting EM iter: 15
Estep
Estep runtime (s): 0.14855098724365234
Mstep
Optimizing phi
Optimizing branch lengths. Current phi: 0. Current nu:0.27008322811655266
Optimizing nu
Mstep runtime (s): 0.32312989234924316
Finished EM iter: 15. Current nllh: 11007.449439983493
Starting EM iter: 16
Estep
Estep runtime (s): 0.14745593070983887
Mstep
Optimizing phi
Optimizing branch lengths. Current phi: 0. Current nu:0.27008865125147524
Optimizing nu
Mstep runtime (s): 0.3040797710418701
Finished EM iter: 16. Current nllh: 11007.44924051099
Starting EM iter: 17
Estep
Estep runtime (s): 0.14753198623657227
Mstep
Optimizing phi
Optimizing branch lengths. Current phi: 0. Current nu:0.27009229971367366
Optimizing nu
Mstep runtime (s): 0.29946208000183105
Finished EM iter: 17. Current nllh: 11007.449089227566
Starting EM iter: 18
Estep
Estep runtime (s): 0.1485152244567871
Mstep
Optimizing phi
Optimizing branch lengths. Current phi: 0. Current nu:0.27009549733603216
Optimizing nu
Mstep runtime (s): 0.29229164123535156
Finished EM iter: 18. Current nllh: 11007.448964271105
Starting EM iter: 19
Estep
Estep runtime (s): 0.1475057601928711
Mstep
Optimizing phi
Optimizing branch lengths. Current phi: 0. Current nu:0.2700985121841279
Optimizing nu
Mstep runtime (s): 0.29464125633239746
Finished EM iter: 19. Current nllh: 11007.448868554062
EM finished after 19 iterations.
Optimal phi: 0. Optimal nu: 0.27010049797087504. Optimal nllh: 11007.448868554062
Optimal point found for initial point 1
Numerical optimization finished successfully
Tree height pre-scaling: 0.7075579821785358, input timescale: 1.0
Tree height after scaling: 1.0, mutation rate: 0.7075579821785358
Tree height pre-scaling: 0.7075579821873665, input timescale: 1.0
Tree height after scaling: 1.0000000000000002, mutation rate: 0.7075579821873665
Tree height pre-scaling: 0.7075579821849013, input timescale: 1.0
Tree height after scaling: 1.0, mutation rate: 0.7075579821849013
Tree height pre-scaling: 0.7075579821952352, input timescale: 1.0
Tree height after scaling: 1.0, mutation rate: 0.7075579821952352
Tree height pre-scaling: 0.7075579821698408, input timescale: 1.0
Tree height after scaling: 1.0, mutation rate: 0.7075579821698408
Tree height pre-scaling: 0.7075579821638279, input timescale: 1.0
Tree height after scaling: 1.0, mutation rate: 0.7075579821638279
Tree height pre-scaling: 0.7075579821888143, input timescale: 1.0
Tree height after scaling: 1.0, mutation rate: 0.7075579821888143
Tree height pre-scaling: 0.7075579821862371, input timescale: 1.0
Tree height after scaling: 1.0, mutation rate: 0.7075579821862371
Tree height pre-scaling: 0.7075579821802757, input timescale: 1.0
Tree height after scaling: 1.0, mutation rate: 0.7075579821802757
Tree height pre-scaling: 0.7075579821839063, input timescale: 1.0
Tree height after scaling: 1.0, mutation rate: 0.7075579821839063
Tree height pre-scaling: 0.7075579822371818, input timescale: 1.0
Tree height after scaling: 1.0, mutation rate: 0.7075579822371818
Tree height pre-scaling: 0.7075579821924876, input timescale: 1.0
Tree height after scaling: 1.0, mutation rate: 0.7075579821924876
Tree height pre-scaling: 0.7075579821958905, input timescale: 1.0
Tree height after scaling: 1.0, mutation rate: 0.7075579821958905
Tree height pre-scaling: 0.7075579821774696, input timescale: 1.0
Tree height after scaling: 0.9999999999999999, mutation rate: 0.7075579821774696
Tree height pre-scaling: 0.7075579821853257, input timescale: 1.0
Tree height after scaling: 1.0, mutation rate: 0.7075579821853257
Tree height pre-scaling: 0.7075579821827653, input timescale: 1.0
Tree height after scaling: 1.0, mutation rate: 0.7075579821827653
Tree height pre-scaling: 0.7075579822329436, input timescale: 1.0
Tree height after scaling: 1.0, mutation rate: 0.7075579822329436
Runtime (s): 9.864868167000001
