Launching LAML version 0.0.4
LAML was called as follows: /Users/uym2/my_gits/LAML/run_laml.py -c ../../evaluation/Bar10/Bar10_character_matrix.txt -t place_outlier3/augmented_tree_42.nwk -o place_outlier3/augmented_tree_42_optimized -v -p ../../evaluation/Bar10/Bar10_priors.pickle --delimiter tab -m -1 --nInitials 1
Prior keys mismatch with site names.
Prior keys: [0, 1, 2, 3, 4, 5, 6, 7, 8, 9, 10, 11, 12, 13, 14, 15, 16, 17, 18, 19, 20, 21, 22, 23, 24, 25, 26, 27, 28, 29]
Site names: ['r1', 'r2', 'r3', 'r4', 'r5', 'r6', 'r7', 'r8', 'r9', 'r10', 'r11', 'r12', 'r13', 'r14', 'r15', 'r16', 'r17', 'r18', 'r19', 'r20', 'r21', 'r22', 'r23', 'r24', 'r25', 'r26', 'r27', 'r28', 'r29', 'r30']
Attempting to infer mapping between site names and prior keys...
{'r1': 0, 'r2': 1, 'r3': 2, 'r4': 3, 'r5': 4, 'r6': 5, 'r7': 6, 'r8': 7, 'r9': 8, 'r10': 9, 'r11': 10, 'r12': 11, 'r13': 12, 'r14': 13, 'r15': 14, 'r16': 15, 'r17': 16, 'r18': 17, 'r19': 18, 'r20': 19, 'r21': 20, 'r22': 21, 'r23': 22, 'r24': 23, 'r25': 24, 'r26': 25, 'r27': 26, 'r28': 27, 'r29': 28, 'r30': 29}
Optimizing branch lengths, phi, and nu without topology search
Optimization by EM algorithm
Optimization start with 1 initials
Initial point 1. Random seed: 4483
Numerical optimization started with ultrametric constraint (default)
Initial phi: 0. Initial nu: 0.26955655566205877. Initial nllh: 12974.460103331663
Starting EM iter: 1
Estep
Estep runtime (s): 0.10799598693847656
Mstep
Optimizing phi
Optimizing branch lengths. Current phi: 0. Current nu:0.26955655566205877
Optimizing nu
Mstep runtime (s): 0.3543519973754883
Finished EM iter: 1. Current nllh: 10775.168960319654
Starting EM iter: 2
Estep
Estep runtime (s): 0.14707398414611816
Mstep
Optimizing phi
Optimizing branch lengths. Current phi: 0. Current nu:0.2849360290730524
Optimizing nu
Mstep runtime (s): 0.2967660427093506
Finished EM iter: 2. Current nllh: 10760.02981481133
Starting EM iter: 3
Estep
Estep runtime (s): 0.14740705490112305
Mstep
Optimizing phi
Optimizing branch lengths. Current phi: 0. Current nu:0.2885088196719183
Optimizing nu
Mstep runtime (s): 0.29890012741088867
Finished EM iter: 3. Current nllh: 10758.307167408173
Starting EM iter: 4
Estep
Estep runtime (s): 0.14756321907043457
Mstep
Optimizing phi
Optimizing branch lengths. Current phi: 0. Current nu:0.2894387887934901
Optimizing nu
Mstep runtime (s): 0.3072628974914551
Finished EM iter: 4. Current nllh: 10758.108803156974
Starting EM iter: 5
Estep
Estep runtime (s): 0.14764094352722168
Mstep
Optimizing phi
Optimizing branch lengths. Current phi: 0. Current nu:0.28975625233026253
Optimizing nu
Mstep runtime (s): 0.313992977142334
Finished EM iter: 5. Current nllh: 10758.050953549871
Starting EM iter: 6
Estep
Estep runtime (s): 0.14769387245178223
Mstep
Optimizing phi
Optimizing branch lengths. Current phi: 0. Current nu:0.2899167539767171
Optimizing nu
Mstep runtime (s): 0.3115839958190918
Finished EM iter: 6. Current nllh: 10758.032693551875
Starting EM iter: 7
Estep
Estep runtime (s): 0.1478102207183838
Mstep
Optimizing phi
Optimizing branch lengths. Current phi: 0. Current nu:0.2900131509846494
Optimizing nu
Mstep runtime (s): 0.32755303382873535
Finished EM iter: 7. Current nllh: 10758.023296104406
Starting EM iter: 8
Estep
Estep runtime (s): 0.14783906936645508
Mstep
Optimizing phi
Optimizing branch lengths. Current phi: 0. Current nu:0.2900734539379202
Optimizing nu
Mstep runtime (s): 0.3169980049133301
Finished EM iter: 8. Current nllh: 10758.017896639403
Starting EM iter: 9
Estep
Estep runtime (s): 0.1479339599609375
Mstep
Optimizing phi
Optimizing branch lengths. Current phi: 0. Current nu:0.2901112979380322
Optimizing nu
Mstep runtime (s): 0.31521010398864746
Finished EM iter: 9. Current nllh: 10758.014549985022
Starting EM iter: 10
Estep
Estep runtime (s): 0.14787697792053223
Mstep
Optimizing phi
Optimizing branch lengths. Current phi: 0. Current nu:0.2901397901051983
Optimizing nu
Mstep runtime (s): 0.3209657669067383
Finished EM iter: 10. Current nllh: 10758.012218437967
Starting EM iter: 11
Estep
Estep runtime (s): 0.1479940414428711
Mstep
Optimizing phi
Optimizing branch lengths. Current phi: 0. Current nu:0.29015869804251854
Optimizing nu
Mstep runtime (s): 0.32807183265686035
Finished EM iter: 11. Current nllh: 10758.010831217984
Starting EM iter: 12
Estep
Estep runtime (s): 0.14787602424621582
Mstep
Optimizing phi
Optimizing branch lengths. Current phi: 0. Current nu:0.2901744871100487
Optimizing nu
Mstep runtime (s): 0.29247498512268066
Finished EM iter: 12. Current nllh: 10758.009743000468
Starting EM iter: 13
Estep
Estep runtime (s): 0.1480419635772705
Mstep
Optimizing phi
Optimizing branch lengths. Current phi: 0. Current nu:0.29018609527311423
Optimizing nu
Mstep runtime (s): 0.30453920364379883
Finished EM iter: 13. Current nllh: 10758.008979077811
Starting EM iter: 14
Estep
Estep runtime (s): 0.14815592765808105
Mstep
Optimizing phi
Optimizing branch lengths. Current phi: 0. Current nu:0.2901950044314734
Optimizing nu
Mstep runtime (s): 0.3190288543701172
Finished EM iter: 14. Current nllh: 10758.0084300714
Starting EM iter: 15
Estep
Estep runtime (s): 0.14868807792663574
Mstep
Optimizing phi
Optimizing branch lengths. Current phi: 0. Current nu:0.2902019822926825
Optimizing nu
Mstep runtime (s): 0.37589311599731445
Finished EM iter: 15. Current nllh: 10758.008024277058
Starting EM iter: 16
Estep
Estep runtime (s): 0.14828896522521973
Mstep
Optimizing phi
Optimizing branch lengths. Current phi: 0. Current nu:0.2902063747403694
Optimizing nu
Mstep runtime (s): 0.4130680561065674
Finished EM iter: 16. Current nllh: 10758.007726064665
Starting EM iter: 17
Estep
Estep runtime (s): 0.1485607624053955
Mstep
Optimizing phi
Optimizing branch lengths. Current phi: 0. Current nu:0.29021277695117864
Optimizing nu
Mstep runtime (s): 0.3151557445526123
Finished EM iter: 17. Current nllh: 10758.00744270862
Starting EM iter: 18
Estep
Estep runtime (s): 0.14917802810668945
Mstep
Optimizing phi
Optimizing branch lengths. Current phi: 0. Current nu:0.29021467136037454
Optimizing nu
Mstep runtime (s): 0.29351091384887695
Finished EM iter: 18. Current nllh: 10758.00731553503
Starting EM iter: 19
Estep
Estep runtime (s): 0.1484661102294922
Mstep
Optimizing phi
Optimizing branch lengths. Current phi: 0. Current nu:0.2902199431991509
Optimizing nu
Mstep runtime (s): 0.2888970375061035
Finished EM iter: 19. Current nllh: 10758.007118489757
Starting EM iter: 20
Estep
Estep runtime (s): 0.14937806129455566
Mstep
Optimizing phi
Optimizing branch lengths. Current phi: 0. Current nu:0.29022367592430226
Optimizing nu
Mstep runtime (s): 0.32225704193115234
Finished EM iter: 20. Current nllh: 10758.006989016088
Starting EM iter: 21
Estep
Estep runtime (s): 0.14845490455627441
Mstep
Optimizing phi
Optimizing branch lengths. Current phi: 0. Current nu:0.29022623650105567
Optimizing nu
Mstep runtime (s): 0.30814623832702637
Finished EM iter: 21. Current nllh: 10758.006894575408
EM finished after 21 iterations.
Optimal phi: 0. Optimal nu: 0.2902282370011485. Optimal nllh: 10758.006894575408
Optimal point found for initial point 1
Numerical optimization finished successfully
Tree height pre-scaling: 0.6951406718031056, input timescale: 1.0
Tree height after scaling: 1.0, mutation rate: 0.6951406718031056
Tree height pre-scaling: 0.6951406718528153, input timescale: 1.0
Tree height after scaling: 1.0, mutation rate: 0.6951406718528153
Tree height pre-scaling: 0.69514067183515, input timescale: 1.0
Tree height after scaling: 1.0, mutation rate: 0.69514067183515
Tree height pre-scaling: 0.6951406718827483, input timescale: 1.0
Tree height after scaling: 0.9999999999999999, mutation rate: 0.6951406718827483
Tree height pre-scaling: 0.6951406717615921, input timescale: 1.0
Tree height after scaling: 1.0000000000000002, mutation rate: 0.6951406717615921
Tree height pre-scaling: 0.6951406717329962, input timescale: 1.0
Tree height after scaling: 0.9999999999999999, mutation rate: 0.6951406717329962
Tree height pre-scaling: 0.6951406718540893, input timescale: 1.0
Tree height after scaling: 1.0000000000000002, mutation rate: 0.6951406718540893
Tree height pre-scaling: 0.6951406718457404, input timescale: 1.0
Tree height after scaling: 1.0, mutation rate: 0.6951406718457404
Tree height pre-scaling: 0.6951406718132831, input timescale: 1.0
Tree height after scaling: 1.0, mutation rate: 0.6951406718132831
Tree height pre-scaling: 0.6951406718307835, input timescale: 1.0
Tree height after scaling: 1.0, mutation rate: 0.6951406718307835
Tree height pre-scaling: 0.6951406718829216, input timescale: 1.0
Tree height after scaling: 0.9999999999999999, mutation rate: 0.6951406718829216
Tree height pre-scaling: 0.6951406717879026, input timescale: 1.0
Tree height after scaling: 0.9999999999999999, mutation rate: 0.6951406717879026
Tree height pre-scaling: 0.6951406718256002, input timescale: 1.0
Tree height after scaling: 1.0, mutation rate: 0.6951406718256002
Tree height pre-scaling: 0.6951406717974646, input timescale: 1.0
Tree height after scaling: 1.0, mutation rate: 0.6951406717974646
Tree height pre-scaling: 0.6951406718780486, input timescale: 1.0
Tree height after scaling: 1.0, mutation rate: 0.6951406718780486
Tree height pre-scaling: 0.6951406718216302, input timescale: 1.0
Tree height after scaling: 0.9999999999999999, mutation rate: 0.6951406718216302
Tree height pre-scaling: 0.695140672305312, input timescale: 1.0
Tree height after scaling: 1.0, mutation rate: 0.695140672305312
Runtime (s): 10.944043375
