Launching LAML version 0.0.4
LAML was called as follows: /Users/uym2/my_gits/LAML/run_laml.py -c ../../evaluation/Bar10/Bar10_character_matrix.txt -t place_outlier3/augmented_tree_212.nwk -o place_outlier3/augmented_tree_212_optimized -v -p ../../evaluation/Bar10/Bar10_priors.pickle --delimiter tab -m -1 --nInitials 1
Prior keys mismatch with site names.
Prior keys: [0, 1, 2, 3, 4, 5, 6, 7, 8, 9, 10, 11, 12, 13, 14, 15, 16, 17, 18, 19, 20, 21, 22, 23, 24, 25, 26, 27, 28, 29]
Site names: ['r1', 'r2', 'r3', 'r4', 'r5', 'r6', 'r7', 'r8', 'r9', 'r10', 'r11', 'r12', 'r13', 'r14', 'r15', 'r16', 'r17', 'r18', 'r19', 'r20', 'r21', 'r22', 'r23', 'r24', 'r25', 'r26', 'r27', 'r28', 'r29', 'r30']
Attempting to infer mapping between site names and prior keys...
{'r1': 0, 'r2': 1, 'r3': 2, 'r4': 3, 'r5': 4, 'r6': 5, 'r7': 6, 'r8': 7, 'r9': 8, 'r10': 9, 'r11': 10, 'r12': 11, 'r13': 12, 'r14': 13, 'r15': 14, 'r16': 15, 'r17': 16, 'r18': 17, 'r19': 18, 'r20': 19, 'r21': 20, 'r22': 21, 'r23': 22, 'r24': 23, 'r25': 24, 'r26': 25, 'r27': 26, 'r28': 27, 'r29': 28, 'r30': 29}
Optimizing branch lengths, phi, and nu without topology search
Optimization by EM algorithm
Optimization start with 1 initials
Initial point 1. Random seed: 320
Numerical optimization started with ultrametric constraint (default)
Initial phi: 0. Initial nu: 0.26955655566205877. Initial nllh: 13065.132786546328
Starting EM iter: 1
Estep
Estep runtime (s): 0.11210298538208008
Mstep
Optimizing phi
Optimizing branch lengths. Current phi: 0. Current nu:0.26955655566205877
Optimizing nu
Mstep runtime (s): 0.3710811138153076
Finished EM iter: 1. Current nllh: 10636.682046080363
Starting EM iter: 2
Estep
Estep runtime (s): 0.1517179012298584
Mstep
Optimizing phi
Optimizing branch lengths. Current phi: 0. Current nu:0.2846763414257988
Optimizing nu
Mstep runtime (s): 0.28580188751220703
Finished EM iter: 2. Current nllh: 10613.871606833145
Starting EM iter: 3
Estep
Estep runtime (s): 0.15217304229736328
Mstep
Optimizing phi
Optimizing branch lengths. Current phi: 0. Current nu:0.28676541866905875
Optimizing nu
Mstep runtime (s): 0.28719568252563477
Finished EM iter: 3. Current nllh: 10612.06002638613
Starting EM iter: 4
Estep
Estep runtime (s): 0.14922189712524414
Mstep
Optimizing phi
Optimizing branch lengths. Current phi: 0. Current nu:0.28675393764614104
Optimizing nu
Mstep runtime (s): 0.3027620315551758
Finished EM iter: 4. Current nllh: 10611.87872511521
Starting EM iter: 5
Estep
Estep runtime (s): 0.14932703971862793
Mstep
Optimizing phi
Optimizing branch lengths. Current phi: 0. Current nu:0.2867968842199288
Optimizing nu
Mstep runtime (s): 0.3167400360107422
Finished EM iter: 5. Current nllh: 10611.827125938255
Starting EM iter: 6
Estep
Estep runtime (s): 0.15163493156433105
Mstep
Optimizing phi
Optimizing branch lengths. Current phi: 0. Current nu:0.2868937856879315
Optimizing nu
Mstep runtime (s): 0.39460301399230957
Finished EM iter: 6. Current nllh: 10611.809735106659
Starting EM iter: 7
Estep
Estep runtime (s): 0.15260601043701172
Mstep
Optimizing phi
Optimizing branch lengths. Current phi: 0. Current nu:0.2869832206510973
Optimizing nu
Mstep runtime (s): 0.30672216415405273
Finished EM iter: 7. Current nllh: 10611.800024396844
Starting EM iter: 8
Estep
Estep runtime (s): 0.14983606338500977
Mstep
Optimizing phi
Optimizing branch lengths. Current phi: 0. Current nu:0.2870529528958022
Optimizing nu
Mstep runtime (s): 0.31186676025390625
Finished EM iter: 8. Current nllh: 10611.794165952611
Starting EM iter: 9
Estep
Estep runtime (s): 0.1503300666809082
Mstep
Optimizing phi
Optimizing branch lengths. Current phi: 0. Current nu:0.28710377550523974
Optimizing nu
Mstep runtime (s): 0.32791709899902344
Finished EM iter: 9. Current nllh: 10611.790285433724
Starting EM iter: 10
Estep
Estep runtime (s): 0.15006709098815918
Mstep
Optimizing phi
Optimizing branch lengths. Current phi: 0. Current nu:0.28714108205029787
Optimizing nu
Mstep runtime (s): 0.3536670207977295
Finished EM iter: 10. Current nllh: 10611.787826220985
Starting EM iter: 11
Estep
Estep runtime (s): 0.15018415451049805
Mstep
Optimizing phi
Optimizing branch lengths. Current phi: 0. Current nu:0.2871687464833891
Optimizing nu
Mstep runtime (s): 0.353928804397583
Finished EM iter: 11. Current nllh: 10611.786177070757
Starting EM iter: 12
Estep
Estep runtime (s): 0.14984822273254395
Mstep
Optimizing phi
Optimizing branch lengths. Current phi: 0. Current nu:0.28718759722640763
Optimizing nu
Mstep runtime (s): 0.31937503814697266
Finished EM iter: 12. Current nllh: 10611.78520124393
Starting EM iter: 13
Estep
Estep runtime (s): 0.15016508102416992
Mstep
Optimizing phi
Optimizing branch lengths. Current phi: 0. Current nu:0.28720410223327125
Optimizing nu
Mstep runtime (s): 0.29871416091918945
Finished EM iter: 13. Current nllh: 10611.78437390835
Starting EM iter: 14
Estep
Estep runtime (s): 0.1530780792236328
Mstep
Optimizing phi
Optimizing branch lengths. Current phi: 0. Current nu:0.2872167561424035
Optimizing nu
Mstep runtime (s): 0.3019890785217285
Finished EM iter: 14. Current nllh: 10611.783781963328
Starting EM iter: 15
Estep
Estep runtime (s): 0.15041804313659668
Mstep
Optimizing phi
Optimizing branch lengths. Current phi: 0. Current nu:0.2872263363733582
Optimizing nu
Mstep runtime (s): 0.3038618564605713
Finished EM iter: 15. Current nllh: 10611.78335084182
Starting EM iter: 16
Estep
Estep runtime (s): 0.15210223197937012
Mstep
Optimizing phi
Optimizing branch lengths. Current phi: 0. Current nu:0.287233866200238
Optimizing nu
Mstep runtime (s): 0.36768388748168945
Finished EM iter: 16. Current nllh: 10611.783021366144
Starting EM iter: 17
Estep
Estep runtime (s): 0.15270018577575684
Mstep
Optimizing phi
Optimizing branch lengths. Current phi: 0. Current nu:0.28724001852539227
Optimizing nu
Mstep runtime (s): 0.3392939567565918
Finished EM iter: 17. Current nllh: 10611.782857584423
Starting EM iter: 18
Estep
Estep runtime (s): 0.1526479721069336
Mstep
Optimizing phi
Optimizing branch lengths. Current phi: 0. Current nu:0.28724291012568676
Optimizing nu
Mstep runtime (s): 0.30989623069763184
Finished EM iter: 18. Current nllh: 10611.782643589764
Starting EM iter: 19
Estep
Estep runtime (s): 0.15051698684692383
Mstep
Optimizing phi
Optimizing branch lengths. Current phi: 0. Current nu:0.2872478068728598
Optimizing nu
Mstep runtime (s): 0.2801170349121094
Finished EM iter: 19. Current nllh: 10611.782464015998
Starting EM iter: 20
Estep
Estep runtime (s): 0.1504230499267578
Mstep
Optimizing phi
Optimizing branch lengths. Current phi: 0. Current nu:0.2872515966069648
Optimizing nu
Mstep runtime (s): 0.3667910099029541
Finished EM iter: 20. Current nllh: 10611.782444954975
EM finished after 20 iterations.
Optimal phi: 0. Optimal nu: 0.2872517121445963. Optimal nllh: 10611.782444954975
Optimal point found for initial point 1
Numerical optimization finished successfully
Tree height pre-scaling: 0.6910901100707237, input timescale: 1.0
Tree height after scaling: 1.0, mutation rate: 0.6910901100707237
Tree height pre-scaling: 0.6910901387608243, input timescale: 1.0
Tree height after scaling: 1.0000000000000002, mutation rate: 0.6910901387608243
Tree height pre-scaling: 0.6910901259161233, input timescale: 1.0
Tree height after scaling: 0.9999999999999999, mutation rate: 0.6910901259161233
Tree height pre-scaling: 0.6910901460438965, input timescale: 1.0
Tree height after scaling: 1.0, mutation rate: 0.6910901460438965
Tree height pre-scaling: 0.6910900898123018, input timescale: 1.0
Tree height after scaling: 0.9999999999999999, mutation rate: 0.6910900898123018
Tree height pre-scaling: 0.6910900753907363, input timescale: 1.0
Tree height after scaling: 1.0, mutation rate: 0.6910900753907363
Tree height pre-scaling: 0.6910901359569732, input timescale: 1.0
Tree height after scaling: 0.9999999999999998, mutation rate: 0.6910901359569732
Tree height pre-scaling: 0.6910901337365133, input timescale: 1.0
Tree height after scaling: 0.9999999999999999, mutation rate: 0.6910901337365133
Tree height pre-scaling: 0.6910902603692455, input timescale: 1.0
Tree height after scaling: 1.0, mutation rate: 0.6910902603692455
Tree height pre-scaling: 0.6910901373265368, input timescale: 1.0
Tree height after scaling: 1.0000000000000002, mutation rate: 0.6910901373265368
Tree height pre-scaling: 0.6910901530005298, input timescale: 1.0
Tree height after scaling: 1.0, mutation rate: 0.6910901530005298
Tree height pre-scaling: 0.6910901074446735, input timescale: 1.0
Tree height after scaling: 1.0, mutation rate: 0.6910901074446735
Tree height pre-scaling: 0.6910901220532921, input timescale: 1.0
Tree height after scaling: 1.0, mutation rate: 0.6910901220532921
Tree height pre-scaling: 0.691090113711857, input timescale: 1.0
Tree height after scaling: 1.0, mutation rate: 0.691090113711857
Tree height pre-scaling: 0.6910901486477858, input timescale: 1.0
Tree height after scaling: 0.9999999999999999, mutation rate: 0.6910901486477858
Tree height pre-scaling: 0.6910901477592581, input timescale: 1.0
Tree height after scaling: 1.0, mutation rate: 0.6910901477592581
Tree height pre-scaling: 0.691090139337974, input timescale: 1.0
Tree height after scaling: 0.9999999999999998, mutation rate: 0.691090139337974
Runtime (s): 10.593748417
