Launching LAML version 0.0.4
LAML was called as follows: /Users/uym2/my_gits/LAML/run_laml.py -c ../../evaluation/Bar10/Bar10_character_matrix.txt -t place_outlier3/augmented_tree_115.nwk -o place_outlier3/augmented_tree_115_optimized -v -p ../../evaluation/Bar10/Bar10_priors.pickle --delimiter tab -m -1 --nInitials 1
Prior keys mismatch with site names.
Prior keys: [0, 1, 2, 3, 4, 5, 6, 7, 8, 9, 10, 11, 12, 13, 14, 15, 16, 17, 18, 19, 20, 21, 22, 23, 24, 25, 26, 27, 28, 29]
Site names: ['r1', 'r2', 'r3', 'r4', 'r5', 'r6', 'r7', 'r8', 'r9', 'r10', 'r11', 'r12', 'r13', 'r14', 'r15', 'r16', 'r17', 'r18', 'r19', 'r20', 'r21', 'r22', 'r23', 'r24', 'r25', 'r26', 'r27', 'r28', 'r29', 'r30']
Attempting to infer mapping between site names and prior keys...
{'r1': 0, 'r2': 1, 'r3': 2, 'r4': 3, 'r5': 4, 'r6': 5, 'r7': 6, 'r8': 7, 'r9': 8, 'r10': 9, 'r11': 10, 'r12': 11, 'r13': 12, 'r14': 13, 'r15': 14, 'r16': 15, 'r17': 16, 'r18': 17, 'r19': 18, 'r20': 19, 'r21': 20, 'r22': 21, 'r23': 22, 'r24': 23, 'r25': 24, 'r26': 25, 'r27': 26, 'r28': 27, 'r29': 28, 'r30': 29}
Optimizing branch lengths, phi, and nu without topology search
Optimization by EM algorithm
Optimization start with 1 initials
Initial point 1. Random seed: 7968
Numerical optimization started with ultrametric constraint (default)
Initial phi: 0. Initial nu: 0.26955655566205877. Initial nllh: 12702.887139306915
Starting EM iter: 1
Estep
Estep runtime (s): 0.10953903198242188
Mstep
Optimizing phi
Optimizing branch lengths. Current phi: 0. Current nu:0.26955655566205877
Optimizing nu
Mstep runtime (s): 0.3452939987182617
Finished EM iter: 1. Current nllh: 10630.207151714176
Starting EM iter: 2
Estep
Estep runtime (s): 0.15172815322875977
Mstep
Optimizing phi
Optimizing branch lengths. Current phi: 0. Current nu:0.28191177466363926
Optimizing nu
Mstep runtime (s): 0.2871360778808594
Finished EM iter: 2. Current nllh: 10609.256263281386
Starting EM iter: 3
Estep
Estep runtime (s): 0.14949393272399902
Mstep
Optimizing phi
Optimizing branch lengths. Current phi: 0. Current nu:0.28540706177297953
Optimizing nu
Mstep runtime (s): 0.29169464111328125
Finished EM iter: 3. Current nllh: 10607.209510557079
Starting EM iter: 4
Estep
Estep runtime (s): 0.150709867477417
Mstep
Optimizing phi
Optimizing branch lengths. Current phi: 0. Current nu:0.28632862780208995
Optimizing nu
Mstep runtime (s): 0.33800196647644043
Finished EM iter: 4. Current nllh: 10607.010532172475
Starting EM iter: 5
Estep
Estep runtime (s): 0.15056800842285156
Mstep
Optimizing phi
Optimizing branch lengths. Current phi: 0. Current nu:0.2867046291227032
Optimizing nu
Mstep runtime (s): 0.31652307510375977
Finished EM iter: 5. Current nllh: 10606.951643568016
Starting EM iter: 6
Estep
Estep runtime (s): 0.1517961025238037
Mstep
Optimizing phi
Optimizing branch lengths. Current phi: 0. Current nu:0.2869044165913369
Optimizing nu
Mstep runtime (s): 0.30687928199768066
Finished EM iter: 6. Current nllh: 10606.93165172032
Starting EM iter: 7
Estep
Estep runtime (s): 0.1502361297607422
Mstep
Optimizing phi
Optimizing branch lengths. Current phi: 0. Current nu:0.2870224646953271
Optimizing nu
Mstep runtime (s): 0.33615803718566895
Finished EM iter: 7. Current nllh: 10606.92118771618
Starting EM iter: 8
Estep
Estep runtime (s): 0.1510939598083496
Mstep
Optimizing phi
Optimizing branch lengths. Current phi: 0. Current nu:0.28709944975010476
Optimizing nu
Mstep runtime (s): 0.29702305793762207
Finished EM iter: 8. Current nllh: 10606.91509832895
Starting EM iter: 9
Estep
Estep runtime (s): 0.15041112899780273
Mstep
Optimizing phi
Optimizing branch lengths. Current phi: 0. Current nu:0.2871522374477766
Optimizing nu
Mstep runtime (s): 0.291395902633667
Finished EM iter: 9. Current nllh: 10606.91129517172
Starting EM iter: 10
Estep
Estep runtime (s): 0.1532442569732666
Mstep
Optimizing phi
Optimizing branch lengths. Current phi: 0. Current nu:0.28719045243014407
Optimizing nu
Mstep runtime (s): 0.3269009590148926
Finished EM iter: 10. Current nllh: 10606.908930157642
Starting EM iter: 11
Estep
Estep runtime (s): 0.15045499801635742
Mstep
Optimizing phi
Optimizing branch lengths. Current phi: 0. Current nu:0.28721607970105656
Optimizing nu
Mstep runtime (s): 0.3265061378479004
Finished EM iter: 11. Current nllh: 10606.907198337436
Starting EM iter: 12
Estep
Estep runtime (s): 0.15074396133422852
Mstep
Optimizing phi
Optimizing branch lengths. Current phi: 0. Current nu:0.2872376424422333
Optimizing nu
Mstep runtime (s): 0.30826497077941895
Finished EM iter: 12. Current nllh: 10606.906002792673
Starting EM iter: 13
Estep
Estep runtime (s): 0.1505870819091797
Mstep
Optimizing phi
Optimizing branch lengths. Current phi: 0. Current nu:0.287253872425156
Optimizing nu
Mstep runtime (s): 0.37969303131103516
Finished EM iter: 13. Current nllh: 10606.905177334716
Starting EM iter: 14
Estep
Estep runtime (s): 0.15078401565551758
Mstep
Optimizing phi
Optimizing branch lengths. Current phi: 0. Current nu:0.28726570350617914
Optimizing nu
Mstep runtime (s): 0.357745885848999
Finished EM iter: 14. Current nllh: 10606.904385837792
Starting EM iter: 15
Estep
Estep runtime (s): 0.15080595016479492
Mstep
Optimizing phi
Optimizing branch lengths. Current phi: 0. Current nu:0.28727702033817676
Optimizing nu
Mstep runtime (s): 0.32466888427734375
Finished EM iter: 15. Current nllh: 10606.903950960483
Starting EM iter: 16
Estep
Estep runtime (s): 0.15090680122375488
Mstep
Optimizing phi
Optimizing branch lengths. Current phi: 0. Current nu:0.28728505873982924
Optimizing nu
Mstep runtime (s): 0.2984330654144287
Finished EM iter: 16. Current nllh: 10606.903761461173
Starting EM iter: 17
Estep
Estep runtime (s): 0.15083098411560059
Mstep
Optimizing phi
Optimizing branch lengths. Current phi: 0. Current nu:0.2872895162523706
Optimizing nu
Mstep runtime (s): 0.31110119819641113
Finished EM iter: 17. Current nllh: 10606.903544205861
Starting EM iter: 18
Estep
Estep runtime (s): 0.15093708038330078
Mstep
Optimizing phi
Optimizing branch lengths. Current phi: 0. Current nu:0.2872937081910531
Optimizing nu
Mstep runtime (s): 0.2841038703918457
Finished EM iter: 18. Current nllh: 10606.90335950348
Starting EM iter: 19
Estep
Estep runtime (s): 0.15088295936584473
Mstep
Optimizing phi
Optimizing branch lengths. Current phi: 0. Current nu:0.28729777999253236
Optimizing nu
Mstep runtime (s): 0.36838817596435547
Finished EM iter: 19. Current nllh: 10606.903205491275
Starting EM iter: 20
Estep
Estep runtime (s): 0.15088415145874023
Mstep
Optimizing phi
Optimizing branch lengths. Current phi: 0. Current nu:0.287300929156835
Optimizing nu
Mstep runtime (s): 0.300062894821167
Finished EM iter: 20. Current nllh: 10606.903087503735
Starting EM iter: 21
Estep
Estep runtime (s): 0.15105605125427246
Mstep
Optimizing phi
Optimizing branch lengths. Current phi: 0. Current nu:0.287303830709703
Optimizing nu
Mstep runtime (s): 0.2942960262298584
Finished EM iter: 21. Current nllh: 10606.902989565147
EM finished after 21 iterations.
Optimal phi: 0. Optimal nu: 0.28730611585541277. Optimal nllh: 10606.902989565147
Optimal point found for initial point 1
Numerical optimization finished successfully
Tree height pre-scaling: 0.6912195588154343, input timescale: 1.0
Tree height after scaling: 1.0, mutation rate: 0.6912195588154343
Tree height pre-scaling: 0.6912195589151906, input timescale: 1.0
Tree height after scaling: 1.0, mutation rate: 0.6912195589151906
Tree height pre-scaling: 0.6912195588807797, input timescale: 1.0
Tree height after scaling: 1.0, mutation rate: 0.6912195588807797
Tree height pre-scaling: 0.691219558971709, input timescale: 1.0
Tree height after scaling: 1.0, mutation rate: 0.691219558971709
Tree height pre-scaling: 0.6912195587383207, input timescale: 1.0
Tree height after scaling: 0.9999999999999999, mutation rate: 0.6912195587383207
Tree height pre-scaling: 0.6912195586807476, input timescale: 1.0
Tree height after scaling: 1.0, mutation rate: 0.6912195586807476
Tree height pre-scaling: 0.6912195589194943, input timescale: 1.0
Tree height after scaling: 1.0, mutation rate: 0.6912195589194943
Tree height pre-scaling: 0.6912195588984612, input timescale: 1.0
Tree height after scaling: 1.0, mutation rate: 0.6912195588984612
Tree height pre-scaling: 0.69121955883326, input timescale: 1.0
Tree height after scaling: 1.0, mutation rate: 0.69121955883326
Tree height pre-scaling: 0.6912195588710138, input timescale: 1.0
Tree height after scaling: 1.0, mutation rate: 0.6912195588710138
Tree height pre-scaling: 0.6912195589669383, input timescale: 1.0
Tree height after scaling: 0.9999999999999999, mutation rate: 0.6912195589669383
Tree height pre-scaling: 0.6912195587852797, input timescale: 1.0
Tree height after scaling: 1.0, mutation rate: 0.6912195587852797
Tree height pre-scaling: 0.6912195588691098, input timescale: 1.0
Tree height after scaling: 1.0, mutation rate: 0.6912195588691098
Tree height pre-scaling: 0.6912195588077429, input timescale: 1.0
Tree height after scaling: 1.0000000000000002, mutation rate: 0.6912195588077429
Tree height pre-scaling: 0.6912195593934467, input timescale: 1.0
Tree height after scaling: 1.0, mutation rate: 0.6912195593934467
Tree height pre-scaling: 0.6912195589368071, input timescale: 1.0
Tree height after scaling: 1.0000000000000002, mutation rate: 0.6912195589368071
Tree height pre-scaling: 0.6912195589556901, input timescale: 1.0
Tree height after scaling: 1.0, mutation rate: 0.6912195589556901
Runtime (s): 10.974049917
