Launching LAML version 0.0.4
LAML was called as follows: /Users/uym2/my_gits/LAML/run_laml.py -c ../../evaluation/Bar10/Bar10_character_matrix.txt -t place_outlier3/augmented_tree_40.nwk -o place_outlier3/augmented_tree_40_optimized -v -p ../../evaluation/Bar10/Bar10_priors.pickle --delimiter tab -m -1 --nInitials 1
Prior keys mismatch with site names.
Prior keys: [0, 1, 2, 3, 4, 5, 6, 7, 8, 9, 10, 11, 12, 13, 14, 15, 16, 17, 18, 19, 20, 21, 22, 23, 24, 25, 26, 27, 28, 29]
Site names: ['r1', 'r2', 'r3', 'r4', 'r5', 'r6', 'r7', 'r8', 'r9', 'r10', 'r11', 'r12', 'r13', 'r14', 'r15', 'r16', 'r17', 'r18', 'r19', 'r20', 'r21', 'r22', 'r23', 'r24', 'r25', 'r26', 'r27', 'r28', 'r29', 'r30']
Attempting to infer mapping between site names and prior keys...
{'r1': 0, 'r2': 1, 'r3': 2, 'r4': 3, 'r5': 4, 'r6': 5, 'r7': 6, 'r8': 7, 'r9': 8, 'r10': 9, 'r11': 10, 'r12': 11, 'r13': 12, 'r14': 13, 'r15': 14, 'r16': 15, 'r17': 16, 'r18': 17, 'r19': 18, 'r20': 19, 'r21': 20, 'r22': 21, 'r23': 22, 'r24': 23, 'r25': 24, 'r26': 25, 'r27': 26, 'r28': 27, 'r29': 28, 'r30': 29}
Optimizing branch lengths, phi, and nu without topology search
Optimization by EM algorithm
Optimization start with 1 initials
Initial point 1. Random seed: 2952
Numerical optimization started with ultrametric constraint (default)
Initial phi: 0. Initial nu: 0.26955655566205877. Initial nllh: 12888.181518103933
Starting EM iter: 1
Estep
Estep runtime (s): 0.11433196067810059
Mstep
Optimizing phi
Optimizing branch lengths. Current phi: 0. Current nu:0.26955655566205877
Optimizing nu
Mstep runtime (s): 0.35378098487854004
Finished EM iter: 1. Current nllh: 10711.725661427166
Starting EM iter: 2
Estep
Estep runtime (s): 0.14893507957458496
Mstep
Optimizing phi
Optimizing branch lengths. Current phi: 0. Current nu:0.28532624853839345
Optimizing nu
Mstep runtime (s): 0.31063294410705566
Finished EM iter: 2. Current nllh: 10696.772365258304
Starting EM iter: 3
Estep
Estep runtime (s): 0.14909601211547852
Mstep
Optimizing phi
Optimizing branch lengths. Current phi: 0. Current nu:0.2892692166483682
Optimizing nu
Mstep runtime (s): 0.31182098388671875
Finished EM iter: 3. Current nllh: 10695.015947789167
Starting EM iter: 4
Estep
Estep runtime (s): 0.14937090873718262
Mstep
Optimizing phi
Optimizing branch lengths. Current phi: 0. Current nu:0.29032457487750135
Optimizing nu
Mstep runtime (s): 0.3816568851470947
Finished EM iter: 4. Current nllh: 10694.811399788929
Starting EM iter: 5
Estep
Estep runtime (s): 0.1497809886932373
Mstep
Optimizing phi
Optimizing branch lengths. Current phi: 0. Current nu:0.2906631379643884
Optimizing nu
Mstep runtime (s): 0.2990689277648926
Finished EM iter: 5. Current nllh: 10694.752603014102
Starting EM iter: 6
Estep
Estep runtime (s): 0.1494770050048828
Mstep
Optimizing phi
Optimizing branch lengths. Current phi: 0. Current nu:0.2908320430088105
Optimizing nu
Mstep runtime (s): 0.34960317611694336
Finished EM iter: 6. Current nllh: 10694.734072064894
Starting EM iter: 7
Estep
Estep runtime (s): 0.1497187614440918
Mstep
Optimizing phi
Optimizing branch lengths. Current phi: 0. Current nu:0.2909257268278009
Optimizing nu
Mstep runtime (s): 0.3563411235809326
Finished EM iter: 7. Current nllh: 10694.724623332686
Starting EM iter: 8
Estep
Estep runtime (s): 0.1495201587677002
Mstep
Optimizing phi
Optimizing branch lengths. Current phi: 0. Current nu:0.29098737841228595
Optimizing nu
Mstep runtime (s): 0.32211780548095703
Finished EM iter: 8. Current nllh: 10694.71913294455
Starting EM iter: 9
Estep
Estep runtime (s): 0.14998388290405273
Mstep
Optimizing phi
Optimizing branch lengths. Current phi: 0. Current nu:0.29102796956742594
Optimizing nu
Mstep runtime (s): 0.29741597175598145
Finished EM iter: 9. Current nllh: 10694.715706180228
Starting EM iter: 10
Estep
Estep runtime (s): 0.14979100227355957
Mstep
Optimizing phi
Optimizing branch lengths. Current phi: 0. Current nu:0.2910560334801651
Optimizing nu
Mstep runtime (s): 0.32020092010498047
Finished EM iter: 10. Current nllh: 10694.71337540667
Starting EM iter: 11
Estep
Estep runtime (s): 0.14965415000915527
Mstep
Optimizing phi
Optimizing branch lengths. Current phi: 0. Current nu:0.2910750112498768
Optimizing nu
Mstep runtime (s): 0.3262009620666504
Finished EM iter: 11. Current nllh: 10694.711946428299
Starting EM iter: 12
Estep
Estep runtime (s): 0.14967608451843262
Mstep
Optimizing phi
Optimizing branch lengths. Current phi: 0. Current nu:0.29109059842155394
Optimizing nu
Mstep runtime (s): 0.3579440116882324
Finished EM iter: 12. Current nllh: 10694.710854370995
Starting EM iter: 13
Estep
Estep runtime (s): 0.1498570442199707
Mstep
Optimizing phi
Optimizing branch lengths. Current phi: 0. Current nu:0.29110234958910103
Optimizing nu
Mstep runtime (s): 0.31805992126464844
Finished EM iter: 13. Current nllh: 10694.710087130636
Starting EM iter: 14
Estep
Estep runtime (s): 0.14975309371948242
Mstep
Optimizing phi
Optimizing branch lengths. Current phi: 0. Current nu:0.2911110750690327
Optimizing nu
Mstep runtime (s): 0.43417906761169434
Finished EM iter: 14. Current nllh: 10694.709537432713
Starting EM iter: 15
Estep
Estep runtime (s): 0.15006709098815918
Mstep
Optimizing phi
Optimizing branch lengths. Current phi: 0. Current nu:0.2911173550209618
Optimizing nu
Mstep runtime (s): 0.3806483745574951
Finished EM iter: 15. Current nllh: 10694.709105632943
Starting EM iter: 16
Estep
Estep runtime (s): 0.1499788761138916
Mstep
Optimizing phi
Optimizing branch lengths. Current phi: 0. Current nu:0.291124392647175
Optimizing nu
Mstep runtime (s): 0.3479039669036865
Finished EM iter: 16. Current nllh: 10694.70874656025
Starting EM iter: 17
Estep
Estep runtime (s): 0.14994311332702637
Mstep
Optimizing phi
Optimizing branch lengths. Current phi: 0. Current nu:0.29112708264954457
Optimizing nu
Mstep runtime (s): 0.35512614250183105
Finished EM iter: 17. Current nllh: 10694.708563132452
Starting EM iter: 18
Estep
Estep runtime (s): 0.1499330997467041
Mstep
Optimizing phi
Optimizing branch lengths. Current phi: 0. Current nu:0.2911331356431146
Optimizing nu
Mstep runtime (s): 0.3344912528991699
Finished EM iter: 18. Current nllh: 10694.708337780628
Starting EM iter: 19
Estep
Estep runtime (s): 0.1505599021911621
Mstep
Optimizing phi
Optimizing branch lengths. Current phi: 0. Current nu:0.2911366765996457
Optimizing nu
Mstep runtime (s): 0.36446213722229004
Finished EM iter: 19. Current nllh: 10694.708176355409
Starting EM iter: 20
Estep
Estep runtime (s): 0.1505119800567627
Mstep
Optimizing phi
Optimizing branch lengths. Current phi: 0. Current nu:0.2911399447657636
Optimizing nu
Mstep runtime (s): 0.31230807304382324
Finished EM iter: 20. Current nllh: 10694.708052500067
Starting EM iter: 21
Estep
Estep runtime (s): 0.1499640941619873
Mstep
Optimizing phi
Optimizing branch lengths. Current phi: 0. Current nu:0.29114262613014824
Optimizing nu
Mstep runtime (s): 0.40033411979675293
Finished EM iter: 21. Current nllh: 10694.707947998946
EM finished after 21 iterations.
Optimal phi: 0. Optimal nu: 0.29114464944137325. Optimal nllh: 10694.707947998946
Optimal point found for initial point 1
Numerical optimization finished successfully
Tree height pre-scaling: 0.6922886891153417, input timescale: 1.0
Tree height after scaling: 0.9999999999999998, mutation rate: 0.6922886891153417
Tree height pre-scaling: 0.6922886891258534, input timescale: 1.0
Tree height after scaling: 1.0, mutation rate: 0.6922886891258534
Tree height pre-scaling: 0.6922886891216666, input timescale: 1.0
Tree height after scaling: 1.0, mutation rate: 0.6922886891216666
Tree height pre-scaling: 0.6922886891316474, input timescale: 1.0
Tree height after scaling: 1.0, mutation rate: 0.6922886891316474
Tree height pre-scaling: 0.6922886891070605, input timescale: 1.0
Tree height after scaling: 1.0, mutation rate: 0.6922886891070605
Tree height pre-scaling: 0.6922886891016395, input timescale: 1.0
Tree height after scaling: 0.9999999999999999, mutation rate: 0.6922886891016395
Tree height pre-scaling: 0.6922886891255575, input timescale: 1.0
Tree height after scaling: 1.0, mutation rate: 0.6922886891255575
Tree height pre-scaling: 0.6922886891239088, input timescale: 1.0
Tree height after scaling: 0.9999999999999998, mutation rate: 0.6922886891239088
Tree height pre-scaling: 0.6922886891175536, input timescale: 1.0
Tree height after scaling: 0.9999999999999999, mutation rate: 0.6922886891175536
Tree height pre-scaling: 0.6922886891209723, input timescale: 1.0
Tree height after scaling: 1.0000000000000002, mutation rate: 0.6922886891209723
Tree height pre-scaling: 0.6922886891309764, input timescale: 1.0
Tree height after scaling: 1.0, mutation rate: 0.6922886891309764
Tree height pre-scaling: 0.6922886891128694, input timescale: 1.0
Tree height after scaling: 1.0, mutation rate: 0.6922886891128694
Tree height pre-scaling: 0.6922886891195743, input timescale: 1.0
Tree height after scaling: 1.0, mutation rate: 0.6922886891195743
Tree height pre-scaling: 0.692288689114488, input timescale: 1.0
Tree height after scaling: 1.0, mutation rate: 0.692288689114488
Tree height pre-scaling: 0.6922886891302208, input timescale: 1.0
Tree height after scaling: 1.0, mutation rate: 0.6922886891302208
Tree height pre-scaling: 0.6922886891193423, input timescale: 1.0
Tree height after scaling: 1.0, mutation rate: 0.6922886891193423
Tree height pre-scaling: 0.692288689209438, input timescale: 1.0
Tree height after scaling: 1.0, mutation rate: 0.692288689209438
Runtime (s): 11.501878957999999
