Launching LAML version 0.0.4
LAML was called as follows: /Users/uym2/my_gits/LAML/run_laml.py -c ../../evaluation/Bar10/Bar10_character_matrix.txt -t place_outlier3/augmented_tree_399.nwk -o place_outlier3/augmented_tree_399_optimized -v -p ../../evaluation/Bar10/Bar10_priors.pickle --delimiter tab -m -1 --nInitials 1
Prior keys mismatch with site names.
Prior keys: [0, 1, 2, 3, 4, 5, 6, 7, 8, 9, 10, 11, 12, 13, 14, 15, 16, 17, 18, 19, 20, 21, 22, 23, 24, 25, 26, 27, 28, 29]
Site names: ['r1', 'r2', 'r3', 'r4', 'r5', 'r6', 'r7', 'r8', 'r9', 'r10', 'r11', 'r12', 'r13', 'r14', 'r15', 'r16', 'r17', 'r18', 'r19', 'r20', 'r21', 'r22', 'r23', 'r24', 'r25', 'r26', 'r27', 'r28', 'r29', 'r30']
Attempting to infer mapping between site names and prior keys...
{'r1': 0, 'r2': 1, 'r3': 2, 'r4': 3, 'r5': 4, 'r6': 5, 'r7': 6, 'r8': 7, 'r9': 8, 'r10': 9, 'r11': 10, 'r12': 11, 'r13': 12, 'r14': 13, 'r15': 14, 'r16': 15, 'r17': 16, 'r18': 17, 'r19': 18, 'r20': 19, 'r21': 20, 'r22': 21, 'r23': 22, 'r24': 23, 'r25': 24, 'r26': 25, 'r27': 26, 'r28': 27, 'r29': 28, 'r30': 29}
Optimizing branch lengths, phi, and nu without topology search
Optimization by EM algorithm
Optimization start with 1 initials
Initial point 1. Random seed: 611
Numerical optimization started with ultrametric constraint (default)
Initial phi: 0. Initial nu: 0.26955655566205877. Initial nllh: 13267.860119982288
Starting EM iter: 1
Estep
Estep runtime (s): 0.10803389549255371
Mstep
Optimizing phi
Optimizing branch lengths. Current phi: 0. Current nu:0.26955655566205877
Optimizing nu
Mstep runtime (s): 0.342634916305542
Finished EM iter: 1. Current nllh: 10737.21340798447
Starting EM iter: 2
Estep
Estep runtime (s): 0.14820289611816406
Mstep
Optimizing phi
Optimizing branch lengths. Current phi: 0. Current nu:0.2816494334140249
Optimizing nu
Mstep runtime (s): 0.2942688465118408
Finished EM iter: 2. Current nllh: 10719.2217147039
Starting EM iter: 3
Estep
Estep runtime (s): 0.14835906028747559
Mstep
Optimizing phi
Optimizing branch lengths. Current phi: 0. Current nu:0.2834538954462376
Optimizing nu
Mstep runtime (s): 0.36589694023132324
Finished EM iter: 3. Current nllh: 10717.139540098226
Starting EM iter: 4
Estep
Estep runtime (s): 0.14876413345336914
Mstep
Optimizing phi
Optimizing branch lengths. Current phi: 0. Current nu:0.28326937272420327
Optimizing nu
Mstep runtime (s): 0.35283493995666504
Finished EM iter: 4. Current nllh: 10716.976121302318
Starting EM iter: 5
Estep
Estep runtime (s): 0.14820528030395508
Mstep
Optimizing phi
Optimizing branch lengths. Current phi: 0. Current nu:0.2830613399563884
Optimizing nu
Mstep runtime (s): 0.2937030792236328
Finished EM iter: 5. Current nllh: 10716.947107856053
Starting EM iter: 6
Estep
Estep runtime (s): 0.1488020420074463
Mstep
Optimizing phi
Optimizing branch lengths. Current phi: 0. Current nu:0.2829559581930527
Optimizing nu
Mstep runtime (s): 0.2888617515563965
Finished EM iter: 6. Current nllh: 10716.940645690018
Starting EM iter: 7
Estep
Estep runtime (s): 0.14865827560424805
Mstep
Optimizing phi
Optimizing branch lengths. Current phi: 0. Current nu:0.2829035519322501
Optimizing nu
Mstep runtime (s): 0.31605982780456543
Finished EM iter: 7. Current nllh: 10716.937685033769
Starting EM iter: 8
Estep
Estep runtime (s): 0.15157294273376465
Mstep
Optimizing phi
Optimizing branch lengths. Current phi: 0. Current nu:0.2828783586372215
Optimizing nu
Mstep runtime (s): 0.3006730079650879
Finished EM iter: 8. Current nllh: 10716.936165864145
Starting EM iter: 9
Estep
Estep runtime (s): 0.14890289306640625
Mstep
Optimizing phi
Optimizing branch lengths. Current phi: 0. Current nu:0.2828618947518591
Optimizing nu
Mstep runtime (s): 0.2951998710632324
Finished EM iter: 9. Current nllh: 10716.93515209244
Starting EM iter: 10
Estep
Estep runtime (s): 0.1489102840423584
Mstep
Optimizing phi
Optimizing branch lengths. Current phi: 0. Current nu:0.282851648043993
Optimizing nu
Mstep runtime (s): 0.33258700370788574
Finished EM iter: 10. Current nllh: 10716.934422110724
Starting EM iter: 11
Estep
Estep runtime (s): 0.1487438678741455
Mstep
Optimizing phi
Optimizing branch lengths. Current phi: 0. Current nu:0.2828460602127544
Optimizing nu
Mstep runtime (s): 0.3062472343444824
Finished EM iter: 11. Current nllh: 10716.934098745218
Starting EM iter: 12
Estep
Estep runtime (s): 0.14922380447387695
Mstep
Optimizing phi
Optimizing branch lengths. Current phi: 0. Current nu:0.2828419164244229
Optimizing nu
Mstep runtime (s): 0.3316032886505127
Finished EM iter: 12. Current nllh: 10716.933843393896
Starting EM iter: 13
Estep
Estep runtime (s): 0.14893603324890137
Mstep
Optimizing phi
Optimizing branch lengths. Current phi: 0. Current nu:0.28283943515116533
Optimizing nu
Mstep runtime (s): 0.3610560894012451
Finished EM iter: 13. Current nllh: 10716.933619893342
Starting EM iter: 14
Estep
Estep runtime (s): 0.14925909042358398
Mstep
Optimizing phi
Optimizing branch lengths. Current phi: 0. Current nu:0.2828384494867699
Optimizing nu
Mstep runtime (s): 0.3238332271575928
Finished EM iter: 14. Current nllh: 10716.93341623968
Starting EM iter: 15
Estep
Estep runtime (s): 0.1491098403930664
Mstep
Optimizing phi
Optimizing branch lengths. Current phi: 0. Current nu:0.28283895560305955
Optimizing nu
Mstep runtime (s): 0.3116748332977295
Finished EM iter: 15. Current nllh: 10716.933427464526
EM finished after 15 iterations.
Optimal phi: 0. Optimal nu: 0.2828385898156219. Optimal nllh: 10716.933427464526
Optimal point found for initial point 1
Numerical optimization finished successfully
Tree height pre-scaling: 0.6876476525613493, input timescale: 1.0
Tree height after scaling: 1.0, mutation rate: 0.6876476525613493
Tree height pre-scaling: 0.6876476535962155, input timescale: 1.0
Tree height after scaling: 1.0, mutation rate: 0.6876476535962155
Tree height pre-scaling: 0.687647652804023, input timescale: 1.0
Tree height after scaling: 1.0, mutation rate: 0.687647652804023
Tree height pre-scaling: 0.6876476528447648, input timescale: 1.0
Tree height after scaling: 0.9999999999999999, mutation rate: 0.6876476528447648
Tree height pre-scaling: 0.6876476525478326, input timescale: 1.0
Tree height after scaling: 1.0, mutation rate: 0.6876476525478326
Tree height pre-scaling: 0.6876476526415698, input timescale: 1.0
Tree height after scaling: 1.0, mutation rate: 0.6876476526415698
Tree height pre-scaling: 0.6876476526185828, input timescale: 1.0
Tree height after scaling: 1.0, mutation rate: 0.6876476526185828
Tree height pre-scaling: 0.6876476527959776, input timescale: 1.0
Tree height after scaling: 1.0, mutation rate: 0.6876476527959776
Tree height pre-scaling: 0.6876476528007425, input timescale: 1.0
Tree height after scaling: 1.0, mutation rate: 0.6876476528007425
Tree height pre-scaling: 0.6876476525271421, input timescale: 1.0
Tree height after scaling: 1.0, mutation rate: 0.6876476525271421
Tree height pre-scaling: 0.687647652693215, input timescale: 1.0
Tree height after scaling: 1.0, mutation rate: 0.687647652693215
Tree height pre-scaling: 0.6876476526270514, input timescale: 1.0
Tree height after scaling: 1.0, mutation rate: 0.6876476526270514
Tree height pre-scaling: 0.6876476523443291, input timescale: 1.0
Tree height after scaling: 1.0, mutation rate: 0.6876476523443291
Tree height pre-scaling: 0.6876476523651945, input timescale: 1.0
Tree height after scaling: 1.0, mutation rate: 0.6876476523651945
Tree height pre-scaling: 0.6876476526569001, input timescale: 1.0
Tree height after scaling: 1.0, mutation rate: 0.6876476526569001
Tree height pre-scaling: 0.6876476525828978, input timescale: 1.0
Tree height after scaling: 1.0, mutation rate: 0.6876476525828978
Tree height pre-scaling: 0.6876476526063761, input timescale: 1.0
Tree height after scaling: 0.9999999999999999, mutation rate: 0.6876476526063761
Runtime (s): 7.9208845420000005
