Launching LAML version 0.0.4
LAML was called as follows: /Users/uym2/my_gits/LAML/run_laml.py -c ../../evaluation/Bar10/Bar10_character_matrix.txt -t place_outlier3/augmented_tree_186.nwk -o place_outlier3/augmented_tree_186_optimized -v -p ../../evaluation/Bar10/Bar10_priors.pickle --delimiter tab -m -1 --nInitials 1
Prior keys mismatch with site names.
Prior keys: [0, 1, 2, 3, 4, 5, 6, 7, 8, 9, 10, 11, 12, 13, 14, 15, 16, 17, 18, 19, 20, 21, 22, 23, 24, 25, 26, 27, 28, 29]
Site names: ['r1', 'r2', 'r3', 'r4', 'r5', 'r6', 'r7', 'r8', 'r9', 'r10', 'r11', 'r12', 'r13', 'r14', 'r15', 'r16', 'r17', 'r18', 'r19', 'r20', 'r21', 'r22', 'r23', 'r24', 'r25', 'r26', 'r27', 'r28', 'r29', 'r30']
Attempting to infer mapping between site names and prior keys...
{'r1': 0, 'r2': 1, 'r3': 2, 'r4': 3, 'r5': 4, 'r6': 5, 'r7': 6, 'r8': 7, 'r9': 8, 'r10': 9, 'r11': 10, 'r12': 11, 'r13': 12, 'r14': 13, 'r15': 14, 'r16': 15, 'r17': 16, 'r18': 17, 'r19': 18, 'r20': 19, 'r21': 20, 'r22': 21, 'r23': 22, 'r24': 23, 'r25': 24, 'r26': 25, 'r27': 26, 'r28': 27, 'r29': 28, 'r30': 29}
Optimizing branch lengths, phi, and nu without topology search
Optimization by EM algorithm
Optimization start with 1 initials
Initial point 1. Random seed: 1525
Numerical optimization started with ultrametric constraint (default)
Initial phi: 0. Initial nu: 0.26955655566205877. Initial nllh: 13110.976175302116
Starting EM iter: 1
Estep
Estep runtime (s): 0.11107087135314941
Mstep
Optimizing phi
Optimizing branch lengths. Current phi: 0. Current nu:0.26955655566205877
Optimizing nu
Mstep runtime (s): 0.40912795066833496
Finished EM iter: 1. Current nllh: 10964.68650833882
Starting EM iter: 2
Estep
Estep runtime (s): 0.14959311485290527
Mstep
Optimizing phi
Optimizing branch lengths. Current phi: 0. Current nu:0.27502009806859323
Optimizing nu
Mstep runtime (s): 0.28963804244995117
Finished EM iter: 2. Current nllh: 10941.248834780354
Starting EM iter: 3
Estep
Estep runtime (s): 0.15015769004821777
Mstep
Optimizing phi
Optimizing branch lengths. Current phi: 0. Current nu:0.2741294069082677
Optimizing nu
Mstep runtime (s): 0.4302670955657959
Finished EM iter: 3. Current nllh: 10938.799661569668
Starting EM iter: 4
Estep
Estep runtime (s): 0.15227317810058594
Mstep
Optimizing phi
Optimizing branch lengths. Current phi: 0. Current nu:0.27308173552265286
Optimizing nu
Mstep runtime (s): 0.4189591407775879
Finished EM iter: 4. Current nllh: 10938.62717159532
Starting EM iter: 5
Estep
Estep runtime (s): 0.15021109580993652
Mstep
Optimizing phi
Optimizing branch lengths. Current phi: 0. Current nu:0.27270832047523297
Optimizing nu
Mstep runtime (s): 0.3295271396636963
Finished EM iter: 5. Current nllh: 10938.585766085698
Starting EM iter: 6
Estep
Estep runtime (s): 0.1526169776916504
Mstep
Optimizing phi
Optimizing branch lengths. Current phi: 0. Current nu:0.2726583562228019
Optimizing nu
Mstep runtime (s): 0.28332996368408203
Finished EM iter: 6. Current nllh: 10938.573204536775
Starting EM iter: 7
Estep
Estep runtime (s): 0.15072393417358398
Mstep
Optimizing phi
Optimizing branch lengths. Current phi: 0. Current nu:0.2726901849052524
Optimizing nu
Mstep runtime (s): 0.29226112365722656
Finished EM iter: 7. Current nllh: 10938.565882121848
Starting EM iter: 8
Estep
Estep runtime (s): 0.15065503120422363
Mstep
Optimizing phi
Optimizing branch lengths. Current phi: 0. Current nu:0.27273400351626065
Optimizing nu
Mstep runtime (s): 0.35820913314819336
Finished EM iter: 8. Current nllh: 10938.561227554303
Starting EM iter: 9
Estep
Estep runtime (s): 0.15140485763549805
Mstep
Optimizing phi
Optimizing branch lengths. Current phi: 0. Current nu:0.27277147244241495
Optimizing nu
Mstep runtime (s): 0.31618523597717285
Finished EM iter: 9. Current nllh: 10938.55841710179
Starting EM iter: 10
Estep
Estep runtime (s): 0.15279483795166016
Mstep
Optimizing phi
Optimizing branch lengths. Current phi: 0. Current nu:0.27279982982300177
Optimizing nu
Mstep runtime (s): 0.3122270107269287
Finished EM iter: 10. Current nllh: 10938.55636155528
Starting EM iter: 11
Estep
Estep runtime (s): 0.15276002883911133
Mstep
Optimizing phi
Optimizing branch lengths. Current phi: 0. Current nu:0.2728221985361296
Optimizing nu
Mstep runtime (s): 0.31517910957336426
Finished EM iter: 11. Current nllh: 10938.555196033833
Starting EM iter: 12
Estep
Estep runtime (s): 0.1528949737548828
Mstep
Optimizing phi
Optimizing branch lengths. Current phi: 0. Current nu:0.27283861762548073
Optimizing nu
Mstep runtime (s): 0.30092692375183105
Finished EM iter: 12. Current nllh: 10938.554314707286
Starting EM iter: 13
Estep
Estep runtime (s): 0.15020298957824707
Mstep
Optimizing phi
Optimizing branch lengths. Current phi: 0. Current nu:0.2728508040388034
Optimizing nu
Mstep runtime (s): 0.3889961242675781
Finished EM iter: 13. Current nllh: 10938.553705455117
Starting EM iter: 14
Estep
Estep runtime (s): 0.15128183364868164
Mstep
Optimizing phi
Optimizing branch lengths. Current phi: 0. Current nu:0.27286001333907045
Optimizing nu
Mstep runtime (s): 0.30007505416870117
Finished EM iter: 14. Current nllh: 10938.553263262482
Starting EM iter: 15
Estep
Estep runtime (s): 0.15065813064575195
Mstep
Optimizing phi
Optimizing branch lengths. Current phi: 0. Current nu:0.27286755385690237
Optimizing nu
Mstep runtime (s): 0.29906320571899414
Finished EM iter: 15. Current nllh: 10938.552943245157
Starting EM iter: 16
Estep
Estep runtime (s): 0.15540003776550293
Mstep
Optimizing phi
Optimizing branch lengths. Current phi: 0. Current nu:0.2728731977092085
Optimizing nu
Mstep runtime (s): 0.3054389953613281
Finished EM iter: 16. Current nllh: 10938.552710226577
Starting EM iter: 17
Estep
Estep runtime (s): 0.1535649299621582
Mstep
Optimizing phi
Optimizing branch lengths. Current phi: 0. Current nu:0.2728777138541467
Optimizing nu
Mstep runtime (s): 0.3396327495574951
Finished EM iter: 17. Current nllh: 10938.552532920115
Starting EM iter: 18
Estep
Estep runtime (s): 0.1514577865600586
Mstep
Optimizing phi
Optimizing branch lengths. Current phi: 0. Current nu:0.27288151439481123
Optimizing nu
Mstep runtime (s): 0.3543360233306885
Finished EM iter: 18. Current nllh: 10938.552501919945
EM finished after 18 iterations.
Optimal phi: 0. Optimal nu: 0.2728823323305347. Optimal nllh: 10938.552501919945
Optimal point found for initial point 1
Numerical optimization finished successfully
Tree height pre-scaling: 0.7045558540429022, input timescale: 1.0
Tree height after scaling: 1.0, mutation rate: 0.7045558540429022
Tree height pre-scaling: 0.7045558815438904, input timescale: 1.0
Tree height after scaling: 1.0, mutation rate: 0.7045558815438904
Tree height pre-scaling: 0.7045558777882239, input timescale: 1.0
Tree height after scaling: 1.0, mutation rate: 0.7045558777882239
Tree height pre-scaling: 0.7045559079581325, input timescale: 1.0
Tree height after scaling: 1.0, mutation rate: 0.7045559079581325
Tree height pre-scaling: 0.7045558277665172, input timescale: 1.0
Tree height after scaling: 0.9999999999999999, mutation rate: 0.7045558277665172
Tree height pre-scaling: 0.7045558026848922, input timescale: 1.0
Tree height after scaling: 0.9999999999999999, mutation rate: 0.7045558026848922
Tree height pre-scaling: 0.7045558901876867, input timescale: 1.0
Tree height after scaling: 1.0, mutation rate: 0.7045558901876867
Tree height pre-scaling: 0.7045558813574532, input timescale: 1.0
Tree height after scaling: 1.0, mutation rate: 0.7045558813574532
Tree height pre-scaling: 0.7045558601842113, input timescale: 1.0
Tree height after scaling: 1.0, mutation rate: 0.7045558601842113
Tree height pre-scaling: 0.7045558715975233, input timescale: 1.0
Tree height after scaling: 1.0, mutation rate: 0.7045558715975233
Tree height pre-scaling: 0.704556069198592, input timescale: 1.0
Tree height after scaling: 1.0, mutation rate: 0.704556069198592
Tree height pre-scaling: 0.7045558922370344, input timescale: 1.0
Tree height after scaling: 1.0, mutation rate: 0.7045558922370344
Tree height pre-scaling: 0.7045559185539156, input timescale: 1.0
Tree height after scaling: 1.0, mutation rate: 0.7045559185539156
Tree height pre-scaling: 0.7045558480787311, input timescale: 1.0
Tree height after scaling: 1.0000000000000002, mutation rate: 0.7045558480787311
Tree height pre-scaling: 0.7045558851931644, input timescale: 1.0
Tree height after scaling: 1.0, mutation rate: 0.7045558851931644
Tree height pre-scaling: 0.7045558629083222, input timescale: 1.0
Tree height after scaling: 1.0, mutation rate: 0.7045558629083222
Tree height pre-scaling: 0.7045560308275047, input timescale: 1.0
Tree height after scaling: 1.0, mutation rate: 0.7045560308275047
Runtime (s): 9.777694417
