Launching LAML version 0.0.4
LAML was called as follows: /Users/uym2/my_gits/LAML/run_laml.py -c ../../evaluation/Bar10/Bar10_character_matrix.txt -t place_outlier3/augmented_tree_61.nwk -o place_outlier3/augmented_tree_61_optimized -v -p ../../evaluation/Bar10/Bar10_priors.pickle --delimiter tab -m -1 --nInitials 1
Prior keys mismatch with site names.
Prior keys: [0, 1, 2, 3, 4, 5, 6, 7, 8, 9, 10, 11, 12, 13, 14, 15, 16, 17, 18, 19, 20, 21, 22, 23, 24, 25, 26, 27, 28, 29]
Site names: ['r1', 'r2', 'r3', 'r4', 'r5', 'r6', 'r7', 'r8', 'r9', 'r10', 'r11', 'r12', 'r13', 'r14', 'r15', 'r16', 'r17', 'r18', 'r19', 'r20', 'r21', 'r22', 'r23', 'r24', 'r25', 'r26', 'r27', 'r28', 'r29', 'r30']
Attempting to infer mapping between site names and prior keys...
{'r1': 0, 'r2': 1, 'r3': 2, 'r4': 3, 'r5': 4, 'r6': 5, 'r7': 6, 'r8': 7, 'r9': 8, 'r10': 9, 'r11': 10, 'r12': 11, 'r13': 12, 'r14': 13, 'r15': 14, 'r16': 15, 'r17': 16, 'r18': 17, 'r19': 18, 'r20': 19, 'r21': 20, 'r22': 21, 'r23': 22, 'r24': 23, 'r25': 24, 'r26': 25, 'r27': 26, 'r28': 27, 'r29': 28, 'r30': 29}
Optimizing branch lengths, phi, and nu without topology search
Optimization by EM algorithm
Optimization start with 1 initials
Initial point 1. Random seed: 3611
Numerical optimization started with ultrametric constraint (default)
Initial phi: 0. Initial nu: 0.26955655566205877. Initial nllh: 13348.366438879219
Starting EM iter: 1
Estep
Estep runtime (s): 0.10688614845275879
Mstep
Optimizing phi
Optimizing branch lengths. Current phi: 0. Current nu:0.26955655566205877
Optimizing nu
Mstep runtime (s): 0.30295705795288086
Finished EM iter: 1. Current nllh: 10742.238306885054
Starting EM iter: 2
Estep
Estep runtime (s): 0.14869093894958496
Mstep
Optimizing phi
Optimizing branch lengths. Current phi: 0. Current nu:0.27742436579088026
Optimizing nu
Mstep runtime (s): 0.3027219772338867
Finished EM iter: 2. Current nllh: 10728.382345725186
Starting EM iter: 3
Estep
Estep runtime (s): 0.14925909042358398
Mstep
Optimizing phi
Optimizing branch lengths. Current phi: 0. Current nu:0.2792984022059832
Optimizing nu
Mstep runtime (s): 0.34653592109680176
Finished EM iter: 3. Current nllh: 10727.351512717767
Starting EM iter: 4
Estep
Estep runtime (s): 0.14861392974853516
Mstep
Optimizing phi
Optimizing branch lengths. Current phi: 0. Current nu:0.2799453299797969
Optimizing nu
Mstep runtime (s): 0.30578088760375977
Finished EM iter: 4. Current nllh: 10727.179681681771
Starting EM iter: 5
Estep
Estep runtime (s): 0.14838886260986328
Mstep
Optimizing phi
Optimizing branch lengths. Current phi: 0. Current nu:0.2802765320378324
Optimizing nu
Mstep runtime (s): 0.3359668254852295
Finished EM iter: 5. Current nllh: 10727.122677166462
Starting EM iter: 6
Estep
Estep runtime (s): 0.1486520767211914
Mstep
Optimizing phi
Optimizing branch lengths. Current phi: 0. Current nu:0.2804668661495848
Optimizing nu
Mstep runtime (s): 0.3352468013763428
Finished EM iter: 6. Current nllh: 10727.103133937944
Starting EM iter: 7
Estep
Estep runtime (s): 0.1488189697265625
Mstep
Optimizing phi
Optimizing branch lengths. Current phi: 0. Current nu:0.2805813697209332
Optimizing nu
Mstep runtime (s): 0.352308988571167
Finished EM iter: 7. Current nllh: 10727.093109523546
Starting EM iter: 8
Estep
Estep runtime (s): 0.15152525901794434
Mstep
Optimizing phi
Optimizing branch lengths. Current phi: 0. Current nu:0.28065601426503894
Optimizing nu
Mstep runtime (s): 0.33148694038391113
Finished EM iter: 8. Current nllh: 10727.087154264535
Starting EM iter: 9
Estep
Estep runtime (s): 0.14884185791015625
Mstep
Optimizing phi
Optimizing branch lengths. Current phi: 0. Current nu:0.28070770906431725
Optimizing nu
Mstep runtime (s): 0.2852668762207031
Finished EM iter: 9. Current nllh: 10727.083797204048
Starting EM iter: 10
Estep
Estep runtime (s): 0.14856195449829102
Mstep
Optimizing phi
Optimizing branch lengths. Current phi: 0. Current nu:0.280743147161678
Optimizing nu
Mstep runtime (s): 0.332028865814209
Finished EM iter: 10. Current nllh: 10727.081517394443
Starting EM iter: 11
Estep
Estep runtime (s): 0.1487259864807129
Mstep
Optimizing phi
Optimizing branch lengths. Current phi: 0. Current nu:0.280768855773735
Optimizing nu
Mstep runtime (s): 0.2863121032714844
Finished EM iter: 11. Current nllh: 10727.079992362218
Starting EM iter: 12
Estep
Estep runtime (s): 0.1487431526184082
Mstep
Optimizing phi
Optimizing branch lengths. Current phi: 0. Current nu:0.2807879824215681
Optimizing nu
Mstep runtime (s): 0.35875892639160156
Finished EM iter: 12. Current nllh: 10727.078938904533
Starting EM iter: 13
Estep
Estep runtime (s): 0.14912104606628418
Mstep
Optimizing phi
Optimizing branch lengths. Current phi: 0. Current nu:0.28080254708697455
Optimizing nu
Mstep runtime (s): 0.31229710578918457
Finished EM iter: 13. Current nllh: 10727.07820929108
Starting EM iter: 14
Estep
Estep runtime (s): 0.15258097648620605
Mstep
Optimizing phi
Optimizing branch lengths. Current phi: 0. Current nu:0.28081330386908016
Optimizing nu
Mstep runtime (s): 0.3261449337005615
Finished EM iter: 14. Current nllh: 10727.077529603826
Starting EM iter: 15
Estep
Estep runtime (s): 0.14898991584777832
Mstep
Optimizing phi
Optimizing branch lengths. Current phi: 0. Current nu:0.28082274657447115
Optimizing nu
Mstep runtime (s): 0.3083367347717285
Finished EM iter: 15. Current nllh: 10727.077267057784
Starting EM iter: 16
Estep
Estep runtime (s): 0.1490011215209961
Mstep
Optimizing phi
Optimizing branch lengths. Current phi: 0. Current nu:0.2808293238798015
Optimizing nu
Mstep runtime (s): 0.3276638984680176
Finished EM iter: 16. Current nllh: 10727.076762101055
Starting EM iter: 17
Estep
Estep runtime (s): 0.14903712272644043
Mstep
Optimizing phi
Optimizing branch lengths. Current phi: 0. Current nu:0.2808356918959183
Optimizing nu
Mstep runtime (s): 0.33535099029541016
Finished EM iter: 17. Current nllh: 10727.076556737942
Starting EM iter: 18
Estep
Estep runtime (s): 0.14896082878112793
Mstep
Optimizing phi
Optimizing branch lengths. Current phi: 0. Current nu:0.28084011299639633
Optimizing nu
Mstep runtime (s): 0.31792569160461426
Finished EM iter: 18. Current nllh: 10727.076567921613
EM finished after 18 iterations.
Optimal phi: 0. Optimal nu: 0.2808430988681608. Optimal nllh: 10727.076567921613
Optimal point found for initial point 1
Numerical optimization finished successfully
Tree height pre-scaling: 0.6950779616103939, input timescale: 1.0
Tree height after scaling: 1.0, mutation rate: 0.6950779616103939
Tree height pre-scaling: 0.6950779616250503, input timescale: 1.0
Tree height after scaling: 1.0, mutation rate: 0.6950779616250503
Tree height pre-scaling: 0.6950779616182208, input timescale: 1.0
Tree height after scaling: 0.9999999999999999, mutation rate: 0.6950779616182208
Tree height pre-scaling: 0.695077961631288, input timescale: 1.0
Tree height after scaling: 1.0, mutation rate: 0.695077961631288
Tree height pre-scaling: 0.6950779615999121, input timescale: 1.0
Tree height after scaling: 0.9999999999999999, mutation rate: 0.6950779615999121
Tree height pre-scaling: 0.6950779615932174, input timescale: 1.0
Tree height after scaling: 1.0, mutation rate: 0.6950779615932174
Tree height pre-scaling: 0.6950779616234828, input timescale: 1.0
Tree height after scaling: 1.0, mutation rate: 0.6950779616234828
Tree height pre-scaling: 0.6950779616214919, input timescale: 1.0
Tree height after scaling: 1.0, mutation rate: 0.6950779616214919
Tree height pre-scaling: 0.6950779616134957, input timescale: 1.0
Tree height after scaling: 0.9999999999999999, mutation rate: 0.6950779616134957
Tree height pre-scaling: 0.6950779616176991, input timescale: 1.0
Tree height after scaling: 1.0, mutation rate: 0.6950779616176991
Tree height pre-scaling: 0.6950779616299058, input timescale: 1.0
Tree height after scaling: 1.0, mutation rate: 0.6950779616299058
Tree height pre-scaling: 0.6950779616077346, input timescale: 1.0
Tree height after scaling: 1.0, mutation rate: 0.6950779616077346
Tree height pre-scaling: 0.6950779616157519, input timescale: 1.0
Tree height after scaling: 1.0, mutation rate: 0.6950779616157519
Tree height pre-scaling: 0.6950779616096086, input timescale: 1.0
Tree height after scaling: 0.9999999999999999, mutation rate: 0.6950779616096086
Tree height pre-scaling: 0.6950779616296682, input timescale: 1.0
Tree height after scaling: 1.0, mutation rate: 0.6950779616296682
Tree height pre-scaling: 0.6950779616154308, input timescale: 1.0
Tree height after scaling: 1.0, mutation rate: 0.6950779616154308
Tree height pre-scaling: 0.6950779616772884, input timescale: 1.0
Tree height after scaling: 1.0, mutation rate: 0.6950779616772884
Runtime (s): 9.472073667
