Launching LAML version 0.0.4
LAML was called as follows: /Users/uym2/my_gits/LAML/run_laml.py -c ../../evaluation/Bar10/Bar10_character_matrix.txt -t place_outlier3/augmented_tree_352.nwk -o place_outlier3/augmented_tree_352_optimized -v -p ../../evaluation/Bar10/Bar10_priors.pickle --delimiter tab -m -1 --nInitials 1
Prior keys mismatch with site names.
Prior keys: [0, 1, 2, 3, 4, 5, 6, 7, 8, 9, 10, 11, 12, 13, 14, 15, 16, 17, 18, 19, 20, 21, 22, 23, 24, 25, 26, 27, 28, 29]
Site names: ['r1', 'r2', 'r3', 'r4', 'r5', 'r6', 'r7', 'r8', 'r9', 'r10', 'r11', 'r12', 'r13', 'r14', 'r15', 'r16', 'r17', 'r18', 'r19', 'r20', 'r21', 'r22', 'r23', 'r24', 'r25', 'r26', 'r27', 'r28', 'r29', 'r30']
Attempting to infer mapping between site names and prior keys...
{'r1': 0, 'r2': 1, 'r3': 2, 'r4': 3, 'r5': 4, 'r6': 5, 'r7': 6, 'r8': 7, 'r9': 8, 'r10': 9, 'r11': 10, 'r12': 11, 'r13': 12, 'r14': 13, 'r15': 14, 'r16': 15, 'r17': 16, 'r18': 17, 'r19': 18, 'r20': 19, 'r21': 20, 'r22': 21, 'r23': 22, 'r24': 23, 'r25': 24, 'r26': 25, 'r27': 26, 'r28': 27, 'r29': 28, 'r30': 29}
Optimizing branch lengths, phi, and nu without topology search
Optimization by EM algorithm
Optimization start with 1 initials
Initial point 1. Random seed: 134
Numerical optimization started with ultrametric constraint (default)
Initial phi: 0. Initial nu: 0.26955655566205877. Initial nllh: 13044.502508185307
Starting EM iter: 1
Estep
Estep runtime (s): 0.10830903053283691
Mstep
Optimizing phi
Optimizing branch lengths. Current phi: 0. Current nu:0.26955655566205877
Optimizing nu
Mstep runtime (s): 0.3413870334625244
Finished EM iter: 1. Current nllh: 10899.481433268505
Starting EM iter: 2
Estep
Estep runtime (s): 0.14723825454711914
Mstep
Optimizing phi
Optimizing branch lengths. Current phi: 0. Current nu:0.2835553739155746
Optimizing nu
Mstep runtime (s): 0.3132641315460205
Finished EM iter: 2. Current nllh: 10875.432468834148
Starting EM iter: 3
Estep
Estep runtime (s): 0.14988994598388672
Mstep
Optimizing phi
Optimizing branch lengths. Current phi: 0. Current nu:0.28468656229796463
Optimizing nu
Mstep runtime (s): 0.2966949939727783
Finished EM iter: 3. Current nllh: 10873.518528414965
Starting EM iter: 4
Estep
Estep runtime (s): 0.1503889560699463
Mstep
Optimizing phi
Optimizing branch lengths. Current phi: 0. Current nu:0.28415038037598767
Optimizing nu
Mstep runtime (s): 0.37114810943603516
Finished EM iter: 4. Current nllh: 10873.375370783842
Starting EM iter: 5
Estep
Estep runtime (s): 0.14769411087036133
Mstep
Optimizing phi
Optimizing branch lengths. Current phi: 0. Current nu:0.28396145197509204
Optimizing nu
Mstep runtime (s): 0.3233339786529541
Finished EM iter: 5. Current nllh: 10873.343931891774
Starting EM iter: 6
Estep
Estep runtime (s): 0.1474919319152832
Mstep
Optimizing phi
Optimizing branch lengths. Current phi: 0. Current nu:0.2839651973727663
Optimizing nu
Mstep runtime (s): 0.34382200241088867
Finished EM iter: 6. Current nllh: 10873.329190059549
Starting EM iter: 7
Estep
Estep runtime (s): 0.14774394035339355
Mstep
Optimizing phi
Optimizing branch lengths. Current phi: 0. Current nu:0.28401637513254446
Optimizing nu
Mstep runtime (s): 0.37276697158813477
Finished EM iter: 7. Current nllh: 10873.320037655449
Starting EM iter: 8
Estep
Estep runtime (s): 0.14977097511291504
Mstep
Optimizing phi
Optimizing branch lengths. Current phi: 0. Current nu:0.28406656702186633
Optimizing nu
Mstep runtime (s): 0.34789299964904785
Finished EM iter: 8. Current nllh: 10873.313626629353
Starting EM iter: 9
Estep
Estep runtime (s): 0.14883685111999512
Mstep
Optimizing phi
Optimizing branch lengths. Current phi: 0. Current nu:0.2841071166559512
Optimizing nu
Mstep runtime (s): 0.33687829971313477
Finished EM iter: 9. Current nllh: 10873.310044967719
Starting EM iter: 10
Estep
Estep runtime (s): 0.14991521835327148
Mstep
Optimizing phi
Optimizing branch lengths. Current phi: 0. Current nu:0.2841364412524723
Optimizing nu
Mstep runtime (s): 0.311600923538208
Finished EM iter: 10. Current nllh: 10873.307982460366
Starting EM iter: 11
Estep
Estep runtime (s): 0.14808392524719238
Mstep
Optimizing phi
Optimizing branch lengths. Current phi: 0. Current nu:0.28415859556977
Optimizing nu
Mstep runtime (s): 0.32794904708862305
Finished EM iter: 11. Current nllh: 10873.306740484448
Starting EM iter: 12
Estep
Estep runtime (s): 0.14809179306030273
Mstep
Optimizing phi
Optimizing branch lengths. Current phi: 0. Current nu:0.2841748919662746
Optimizing nu
Mstep runtime (s): 0.3275320529937744
Finished EM iter: 12. Current nllh: 10873.305855794735
Starting EM iter: 13
Estep
Estep runtime (s): 0.14899897575378418
Mstep
Optimizing phi
Optimizing branch lengths. Current phi: 0. Current nu:0.2841875719548659
Optimizing nu
Mstep runtime (s): 0.39747095108032227
Finished EM iter: 13. Current nllh: 10873.305239651856
Starting EM iter: 14
Estep
Estep runtime (s): 0.14804387092590332
Mstep
Optimizing phi
Optimizing branch lengths. Current phi: 0. Current nu:0.2841981518491768
Optimizing nu
Mstep runtime (s): 0.31984877586364746
Finished EM iter: 14. Current nllh: 10873.304676108459
Starting EM iter: 15
Estep
Estep runtime (s): 0.14831900596618652
Mstep
Optimizing phi
Optimizing branch lengths. Current phi: 0. Current nu:0.2842065011141494
Optimizing nu
Mstep runtime (s): 0.3232908248901367
Finished EM iter: 15. Current nllh: 10873.304324789711
Starting EM iter: 16
Estep
Estep runtime (s): 0.1502671241760254
Mstep
Optimizing phi
Optimizing branch lengths. Current phi: 0. Current nu:0.28421288523102517
Optimizing nu
Mstep runtime (s): 0.28659820556640625
Finished EM iter: 16. Current nllh: 10873.30415565621
Starting EM iter: 17
Estep
Estep runtime (s): 0.14846587181091309
Mstep
Optimizing phi
Optimizing branch lengths. Current phi: 0. Current nu:0.2842174882682853
Optimizing nu
Mstep runtime (s): 0.32512378692626953
Finished EM iter: 17. Current nllh: 10873.30397433617
Starting EM iter: 18
Estep
Estep runtime (s): 0.15456199645996094
Mstep
Optimizing phi
Optimizing branch lengths. Current phi: 0. Current nu:0.28422101862444665
Optimizing nu
Mstep runtime (s): 0.3117830753326416
Finished EM iter: 18. Current nllh: 10873.30375098853
Starting EM iter: 19
Estep
Estep runtime (s): 0.148881196975708
Mstep
Optimizing phi
Optimizing branch lengths. Current phi: 0. Current nu:0.2842248544620997
Optimizing nu
Mstep runtime (s): 0.2880251407623291
Finished EM iter: 19. Current nllh: 10873.303695524524
EM finished after 19 iterations.
Optimal phi: 0. Optimal nu: 0.2842275865519945. Optimal nllh: 10873.303695524524
Optimal point found for initial point 1
Numerical optimization finished successfully
Tree height pre-scaling: 0.6921288709939672, input timescale: 1.0
Tree height after scaling: 1.0, mutation rate: 0.6921288709939672
Tree height pre-scaling: 0.6921288710054762, input timescale: 1.0
Tree height after scaling: 1.0, mutation rate: 0.6921288710054762
Tree height pre-scaling: 0.6921288710470307, input timescale: 1.0
Tree height after scaling: 1.0, mutation rate: 0.6921288710470307
Tree height pre-scaling: 0.6921288710073338, input timescale: 1.0
Tree height after scaling: 1.0, mutation rate: 0.6921288710073338
Tree height pre-scaling: 0.692128871008979, input timescale: 1.0
Tree height after scaling: 1.0, mutation rate: 0.692128871008979
Tree height pre-scaling: 0.6921288709934592, input timescale: 1.0
Tree height after scaling: 1.0, mutation rate: 0.6921288709934592
Tree height pre-scaling: 0.692128870997329, input timescale: 1.0
Tree height after scaling: 1.0, mutation rate: 0.692128870997329
Tree height pre-scaling: 0.6921288709978501, input timescale: 1.0
Tree height after scaling: 1.0000000000000002, mutation rate: 0.6921288709978501
Tree height pre-scaling: 0.6921288710052383, input timescale: 1.0
Tree height after scaling: 1.0, mutation rate: 0.6921288710052383
Tree height pre-scaling: 0.6921288710065892, input timescale: 1.0
Tree height after scaling: 0.9999999999999998, mutation rate: 0.6921288710065892
Tree height pre-scaling: 0.6921288709911987, input timescale: 1.0
Tree height after scaling: 1.0, mutation rate: 0.6921288709911987
Tree height pre-scaling: 0.692128871000599, input timescale: 1.0
Tree height after scaling: 1.0, mutation rate: 0.692128871000599
Tree height pre-scaling: 0.6921288709975281, input timescale: 1.0
Tree height after scaling: 1.0, mutation rate: 0.6921288709975281
Tree height pre-scaling: 0.6921288709817603, input timescale: 1.0
Tree height after scaling: 0.9999999999999999, mutation rate: 0.6921288709817603
Tree height pre-scaling: 0.6921288709831653, input timescale: 1.0
Tree height after scaling: 1.0, mutation rate: 0.6921288709831653
Tree height pre-scaling: 0.6921288709994728, input timescale: 1.0
Tree height after scaling: 1.0, mutation rate: 0.6921288709994728
Tree height pre-scaling: 0.6921288710003595, input timescale: 1.0
Tree height after scaling: 1.0, mutation rate: 0.6921288710003595
Runtime (s): 10.130310625
