Launching LAML version 0.0.4
LAML was called as follows: /Users/uym2/my_gits/LAML/run_laml.py -c ../../evaluation/Bar10/Bar10_character_matrix.txt -t place_outlier3/augmented_tree_375.nwk -o place_outlier3/augmented_tree_375_optimized -v -p ../../evaluation/Bar10/Bar10_priors.pickle --delimiter tab -m -1 --nInitials 1
Prior keys mismatch with site names.
Prior keys: [0, 1, 2, 3, 4, 5, 6, 7, 8, 9, 10, 11, 12, 13, 14, 15, 16, 17, 18, 19, 20, 21, 22, 23, 24, 25, 26, 27, 28, 29]
Site names: ['r1', 'r2', 'r3', 'r4', 'r5', 'r6', 'r7', 'r8', 'r9', 'r10', 'r11', 'r12', 'r13', 'r14', 'r15', 'r16', 'r17', 'r18', 'r19', 'r20', 'r21', 'r22', 'r23', 'r24', 'r25', 'r26', 'r27', 'r28', 'r29', 'r30']
Attempting to infer mapping between site names and prior keys...
{'r1': 0, 'r2': 1, 'r3': 2, 'r4': 3, 'r5': 4, 'r6': 5, 'r7': 6, 'r8': 7, 'r9': 8, 'r10': 9, 'r11': 10, 'r12': 11, 'r13': 12, 'r14': 13, 'r15': 14, 'r16': 15, 'r17': 16, 'r18': 17, 'r19': 18, 'r20': 19, 'r21': 20, 'r22': 21, 'r23': 22, 'r24': 23, 'r25': 24, 'r26': 25, 'r27': 26, 'r28': 27, 'r29': 28, 'r30': 29}
Optimizing branch lengths, phi, and nu without topology search
Optimization by EM algorithm
Optimization start with 1 initials
Initial point 1. Random seed: 9211
Numerical optimization started with ultrametric constraint (default)
Initial phi: 0. Initial nu: 0.26955655566205877. Initial nllh: 12936.82270988523
Starting EM iter: 1
Estep
Estep runtime (s): 0.11485815048217773
Mstep
Optimizing phi
Optimizing branch lengths. Current phi: 0. Current nu:0.26955655566205877
Optimizing nu
Mstep runtime (s): 0.34037303924560547
Finished EM iter: 1. Current nllh: 10626.177457014606
Starting EM iter: 2
Estep
Estep runtime (s): 0.15201187133789062
Mstep
Optimizing phi
Optimizing branch lengths. Current phi: 0. Current nu:0.28445080614797874
Optimizing nu
Mstep runtime (s): 0.2787971496582031
Finished EM iter: 2. Current nllh: 10605.038647706708
Starting EM iter: 3
Estep
Estep runtime (s): 0.1529858112335205
Mstep
Optimizing phi
Optimizing branch lengths. Current phi: 0. Current nu:0.2858604743312738
Optimizing nu
Mstep runtime (s): 0.2847411632537842
Finished EM iter: 3. Current nllh: 10603.071443275809
Starting EM iter: 4
Estep
Estep runtime (s): 0.1519618034362793
Mstep
Optimizing phi
Optimizing branch lengths. Current phi: 0. Current nu:0.2855935267353411
Optimizing nu
Mstep runtime (s): 0.2915170192718506
Finished EM iter: 4. Current nllh: 10602.818617693898
Starting EM iter: 5
Estep
Estep runtime (s): 0.15215420722961426
Mstep
Optimizing phi
Optimizing branch lengths. Current phi: 0. Current nu:0.2855028614781629
Optimizing nu
Mstep runtime (s): 0.28531789779663086
Finished EM iter: 5. Current nllh: 10602.759626882636
Starting EM iter: 6
Estep
Estep runtime (s): 0.15184378623962402
Mstep
Optimizing phi
Optimizing branch lengths. Current phi: 0. Current nu:0.2855376042475304
Optimizing nu
Mstep runtime (s): 0.3107278347015381
Finished EM iter: 6. Current nllh: 10602.729565439686
Starting EM iter: 7
Estep
Estep runtime (s): 0.15241384506225586
Mstep
Optimizing phi
Optimizing branch lengths. Current phi: 0. Current nu:0.28560080142204813
Optimizing nu
Mstep runtime (s): 0.2918519973754883
Finished EM iter: 7. Current nllh: 10602.720683411411
Starting EM iter: 8
Estep
Estep runtime (s): 0.15268993377685547
Mstep
Optimizing phi
Optimizing branch lengths. Current phi: 0. Current nu:0.28565349762887826
Optimizing nu
Mstep runtime (s): 0.2893331050872803
Finished EM iter: 8. Current nllh: 10602.716070380693
Starting EM iter: 9
Estep
Estep runtime (s): 0.15244102478027344
Mstep
Optimizing phi
Optimizing branch lengths. Current phi: 0. Current nu:0.2856950895474182
Optimizing nu
Mstep runtime (s): 0.30327606201171875
Finished EM iter: 9. Current nllh: 10602.713065796152
Starting EM iter: 10
Estep
Estep runtime (s): 0.15247297286987305
Mstep
Optimizing phi
Optimizing branch lengths. Current phi: 0. Current nu:0.28572653032987194
Optimizing nu
Mstep runtime (s): 0.29068994522094727
Finished EM iter: 10. Current nllh: 10602.711055920365
Starting EM iter: 11
Estep
Estep runtime (s): 0.15508484840393066
Mstep
Optimizing phi
Optimizing branch lengths. Current phi: 0. Current nu:0.2857499577757736
Optimizing nu
Mstep runtime (s): 0.3360741138458252
Finished EM iter: 11. Current nllh: 10602.709670620256
Starting EM iter: 12
Estep
Estep runtime (s): 0.15260529518127441
Mstep
Optimizing phi
Optimizing branch lengths. Current phi: 0. Current nu:0.2857679273338735
Optimizing nu
Mstep runtime (s): 0.3293271064758301
Finished EM iter: 12. Current nllh: 10602.708639068955
Starting EM iter: 13
Estep
Estep runtime (s): 0.15276598930358887
Mstep
Optimizing phi
Optimizing branch lengths. Current phi: 0. Current nu:0.285780010681015
Optimizing nu
Mstep runtime (s): 0.32090091705322266
Finished EM iter: 13. Current nllh: 10602.707999399563
Starting EM iter: 14
Estep
Estep runtime (s): 0.15304994583129883
Mstep
Optimizing phi
Optimizing branch lengths. Current phi: 0. Current nu:0.28579234213135696
Optimizing nu
Mstep runtime (s): 0.2827291488647461
Finished EM iter: 14. Current nllh: 10602.707457479393
Starting EM iter: 15
Estep
Estep runtime (s): 0.1529390811920166
Mstep
Optimizing phi
Optimizing branch lengths. Current phi: 0. Current nu:0.2858011908620703
Optimizing nu
Mstep runtime (s): 0.2777118682861328
Finished EM iter: 15. Current nllh: 10602.70705929675
Starting EM iter: 16
Estep
Estep runtime (s): 0.15309405326843262
Mstep
Optimizing phi
Optimizing branch lengths. Current phi: 0. Current nu:0.28580817954675525
Optimizing nu
Mstep runtime (s): 0.30164504051208496
Finished EM iter: 16. Current nllh: 10602.706765197121
Starting EM iter: 17
Estep
Estep runtime (s): 0.15269923210144043
Mstep
Optimizing phi
Optimizing branch lengths. Current phi: 0. Current nu:0.2858136140754558
Optimizing nu
Mstep runtime (s): 0.29173898696899414
Finished EM iter: 17. Current nllh: 10602.706548104392
Starting EM iter: 18
Estep
Estep runtime (s): 0.15267300605773926
Mstep
Optimizing phi
Optimizing branch lengths. Current phi: 0. Current nu:0.285817916906709
Optimizing nu
Mstep runtime (s): 0.3179352283477783
Finished EM iter: 18. Current nllh: 10602.706301416347
Starting EM iter: 19
Estep
Estep runtime (s): 0.1554429531097412
Mstep
Optimizing phi
Optimizing branch lengths. Current phi: 0. Current nu:0.28582050240979573
Optimizing nu
Mstep runtime (s): 0.29130005836486816
Finished EM iter: 19. Current nllh: 10602.706272869606
EM finished after 19 iterations.
Optimal phi: 0. Optimal nu: 0.28582412144855346. Optimal nllh: 10602.706272869606
Optimal point found for initial point 1
Numerical optimization finished successfully
Tree height pre-scaling: 0.6907218368873114, input timescale: 1.0
Tree height after scaling: 1.0000000000000002, mutation rate: 0.6907218368873114
Tree height pre-scaling: 0.6907218369464351, input timescale: 1.0
Tree height after scaling: 1.0, mutation rate: 0.6907218369464351
Tree height pre-scaling: 0.6907218371599513, input timescale: 1.0
Tree height after scaling: 0.9999999999999999, mutation rate: 0.6907218371599513
Tree height pre-scaling: 0.6907218369528332, input timescale: 1.0
Tree height after scaling: 1.0, mutation rate: 0.6907218369528332
Tree height pre-scaling: 0.6907218369640833, input timescale: 1.0
Tree height after scaling: 0.9999999999999999, mutation rate: 0.6907218369640833
Tree height pre-scaling: 0.6907218368840319, input timescale: 1.0
Tree height after scaling: 1.0, mutation rate: 0.6907218368840319
Tree height pre-scaling: 0.6907218369045031, input timescale: 1.0
Tree height after scaling: 1.0, mutation rate: 0.6907218369045031
Tree height pre-scaling: 0.6907218369046408, input timescale: 1.0
Tree height after scaling: 1.0, mutation rate: 0.6907218369046408
Tree height pre-scaling: 0.6907218369477469, input timescale: 1.0
Tree height after scaling: 1.0, mutation rate: 0.6907218369477469
Tree height pre-scaling: 0.6907218369526006, input timescale: 1.0
Tree height after scaling: 1.0, mutation rate: 0.6907218369526006
Tree height pre-scaling: 0.6907218368747543, input timescale: 1.0
Tree height after scaling: 1.0, mutation rate: 0.6907218368747543
Tree height pre-scaling: 0.6907218369219807, input timescale: 1.0
Tree height after scaling: 1.0, mutation rate: 0.6907218369219807
Tree height pre-scaling: 0.6907218369054053, input timescale: 1.0
Tree height after scaling: 1.0, mutation rate: 0.6907218369054053
Tree height pre-scaling: 0.6907218368253767, input timescale: 1.0
Tree height after scaling: 1.0, mutation rate: 0.6907218368253767
Tree height pre-scaling: 0.6907218368310252, input timescale: 1.0
Tree height after scaling: 1.0, mutation rate: 0.6907218368310252
Tree height pre-scaling: 0.6907218369135596, input timescale: 1.0
Tree height after scaling: 1.0000000000000002, mutation rate: 0.6907218369135596
Tree height pre-scaling: 0.6907218369229842, input timescale: 1.0
Tree height after scaling: 1.0, mutation rate: 0.6907218369229842
Runtime (s): 9.674854958
