Launching LAML version 0.0.4
LAML was called as follows: /Users/uym2/my_gits/LAML/run_laml.py -c ../../evaluation/Bar10/Bar10_character_matrix.txt -t place_outlier3/augmented_tree_232.nwk -o place_outlier3/augmented_tree_232_optimized -v -p ../../evaluation/Bar10/Bar10_priors.pickle --delimiter tab -m -1 --nInitials 1
Prior keys mismatch with site names.
Prior keys: [0, 1, 2, 3, 4, 5, 6, 7, 8, 9, 10, 11, 12, 13, 14, 15, 16, 17, 18, 19, 20, 21, 22, 23, 24, 25, 26, 27, 28, 29]
Site names: ['r1', 'r2', 'r3', 'r4', 'r5', 'r6', 'r7', 'r8', 'r9', 'r10', 'r11', 'r12', 'r13', 'r14', 'r15', 'r16', 'r17', 'r18', 'r19', 'r20', 'r21', 'r22', 'r23', 'r24', 'r25', 'r26', 'r27', 'r28', 'r29', 'r30']
Attempting to infer mapping between site names and prior keys...
{'r1': 0, 'r2': 1, 'r3': 2, 'r4': 3, 'r5': 4, 'r6': 5, 'r7': 6, 'r8': 7, 'r9': 8, 'r10': 9, 'r11': 10, 'r12': 11, 'r13': 12, 'r14': 13, 'r15': 14, 'r16': 15, 'r17': 16, 'r18': 17, 'r19': 18, 'r20': 19, 'r21': 20, 'r22': 21, 'r23': 22, 'r24': 23, 'r25': 24, 'r26': 25, 'r27': 26, 'r28': 27, 'r29': 28, 'r30': 29}
Optimizing branch lengths, phi, and nu without topology search
Optimization by EM algorithm
Optimization start with 1 initials
Initial point 1. Random seed: 8783
Numerical optimization started with ultrametric constraint (default)
Initial phi: 0. Initial nu: 0.26955655566205877. Initial nllh: 13039.39999515198
Starting EM iter: 1
Estep
Estep runtime (s): 0.1102759838104248
Mstep
Optimizing phi
Optimizing branch lengths. Current phi: 0. Current nu:0.26955655566205877
Optimizing nu
Mstep runtime (s): 0.35738110542297363
Finished EM iter: 1. Current nllh: 10643.01387483814
Starting EM iter: 2
Estep
Estep runtime (s): 0.15021419525146484
Mstep
Optimizing phi
Optimizing branch lengths. Current phi: 0. Current nu:0.2866084064790589
Optimizing nu
Mstep runtime (s): 0.2941009998321533
Finished EM iter: 2. Current nllh: 10615.675346286878
Starting EM iter: 3
Estep
Estep runtime (s): 0.15215206146240234
Mstep
Optimizing phi
Optimizing branch lengths. Current phi: 0. Current nu:0.28788879917170385
Optimizing nu
Mstep runtime (s): 0.3194272518157959
Finished EM iter: 3. Current nllh: 10613.13765881334
Starting EM iter: 4
Estep
Estep runtime (s): 0.1511240005493164
Mstep
Optimizing phi
Optimizing branch lengths. Current phi: 0. Current nu:0.28716046419431457
Optimizing nu
Mstep runtime (s): 0.4080049991607666
Finished EM iter: 4. Current nllh: 10612.953321847033
Starting EM iter: 5
Estep
Estep runtime (s): 0.1513991355895996
Mstep
Optimizing phi
Optimizing branch lengths. Current phi: 0. Current nu:0.286869222207957
Optimizing nu
Mstep runtime (s): 0.37607884407043457
Finished EM iter: 5. Current nllh: 10612.907191641913
Starting EM iter: 6
Estep
Estep runtime (s): 0.1510770320892334
Mstep
Optimizing phi
Optimizing branch lengths. Current phi: 0. Current nu:0.2868430778813991
Optimizing nu
Mstep runtime (s): 0.3122720718383789
Finished EM iter: 6. Current nllh: 10612.892286783894
Starting EM iter: 7
Estep
Estep runtime (s): 0.14867901802062988
Mstep
Optimizing phi
Optimizing branch lengths. Current phi: 0. Current nu:0.2868913154914477
Optimizing nu
Mstep runtime (s): 0.29500293731689453
Finished EM iter: 7. Current nllh: 10612.883528997962
Starting EM iter: 8
Estep
Estep runtime (s): 0.1496279239654541
Mstep
Optimizing phi
Optimizing branch lengths. Current phi: 0. Current nu:0.2869468772844633
Optimizing nu
Mstep runtime (s): 0.3152279853820801
Finished EM iter: 8. Current nllh: 10612.877884414522
Starting EM iter: 9
Estep
Estep runtime (s): 0.1512148380279541
Mstep
Optimizing phi
Optimizing branch lengths. Current phi: 0. Current nu:0.28699267113736915
Optimizing nu
Mstep runtime (s): 0.342648983001709
Finished EM iter: 9. Current nllh: 10612.874277266761
Starting EM iter: 10
Estep
Estep runtime (s): 0.14954876899719238
Mstep
Optimizing phi
Optimizing branch lengths. Current phi: 0. Current nu:0.2870281646593212
Optimizing nu
Mstep runtime (s): 0.31879091262817383
Finished EM iter: 10. Current nllh: 10612.871686177925
Starting EM iter: 11
Estep
Estep runtime (s): 0.15108609199523926
Mstep
Optimizing phi
Optimizing branch lengths. Current phi: 0. Current nu:0.28705608019560047
Optimizing nu
Mstep runtime (s): 0.33182811737060547
Finished EM iter: 11. Current nllh: 10612.87014798148
Starting EM iter: 12
Estep
Estep runtime (s): 0.14935708045959473
Mstep
Optimizing phi
Optimizing branch lengths. Current phi: 0. Current nu:0.28707626980012146
Optimizing nu
Mstep runtime (s): 0.44156408309936523
Finished EM iter: 12. Current nllh: 10612.869003675043
Starting EM iter: 13
Estep
Estep runtime (s): 0.14976000785827637
Mstep
Optimizing phi
Optimizing branch lengths. Current phi: 0. Current nu:0.2870915250719239
Optimizing nu
Mstep runtime (s): 0.30299806594848633
Finished EM iter: 13. Current nllh: 10612.86836419739
Starting EM iter: 14
Estep
Estep runtime (s): 0.15180611610412598
Mstep
Optimizing phi
Optimizing branch lengths. Current phi: 0. Current nu:0.2871036320708578
Optimizing nu
Mstep runtime (s): 0.3583359718322754
Finished EM iter: 14. Current nllh: 10612.867748662786
Starting EM iter: 15
Estep
Estep runtime (s): 0.14905285835266113
Mstep
Optimizing phi
Optimizing branch lengths. Current phi: 0. Current nu:0.28711115308787766
Optimizing nu
Mstep runtime (s): 0.3178679943084717
Finished EM iter: 15. Current nllh: 10612.867414057062
Starting EM iter: 16
Estep
Estep runtime (s): 0.14872121810913086
Mstep
Optimizing phi
Optimizing branch lengths. Current phi: 0. Current nu:0.28711998278802536
Optimizing nu
Mstep runtime (s): 0.3691887855529785
Finished EM iter: 16. Current nllh: 10612.867032599992
Starting EM iter: 17
Estep
Estep runtime (s): 0.15140390396118164
Mstep
Optimizing phi
Optimizing branch lengths. Current phi: 0. Current nu:0.28712399392423155
Optimizing nu
Mstep runtime (s): 0.33162903785705566
Finished EM iter: 17. Current nllh: 10612.866875605861
Starting EM iter: 18
Estep
Estep runtime (s): 0.1519477367401123
Mstep
Optimizing phi
Optimizing branch lengths. Current phi: 0. Current nu:0.28713050033591614
Optimizing nu
Mstep runtime (s): 0.3037130832672119
Finished EM iter: 18. Current nllh: 10612.866669514364
Starting EM iter: 19
Estep
Estep runtime (s): 0.1491241455078125
Mstep
Optimizing phi
Optimizing branch lengths. Current phi: 0. Current nu:0.2871344264662124
Optimizing nu
Mstep runtime (s): 0.30637407302856445
Finished EM iter: 19. Current nllh: 10612.866514336507
Starting EM iter: 20
Estep
Estep runtime (s): 0.1516568660736084
Mstep
Optimizing phi
Optimizing branch lengths. Current phi: 0. Current nu:0.2871378114174864
Optimizing nu
Mstep runtime (s): 0.29031896591186523
Finished EM iter: 20. Current nllh: 10612.866401237958
Starting EM iter: 21
Estep
Estep runtime (s): 0.14921879768371582
Mstep
Optimizing phi
Optimizing branch lengths. Current phi: 0. Current nu:0.28714046780809493
Optimizing nu
Mstep runtime (s): 0.34055399894714355
Finished EM iter: 21. Current nllh: 10612.86630921526
EM finished after 21 iterations.
Optimal phi: 0. Optimal nu: 0.28714273310069827. Optimal nllh: 10612.86630921526
Optimal point found for initial point 1
Numerical optimization finished successfully
Tree height pre-scaling: 0.6915619732733405, input timescale: 1.0
Tree height after scaling: 1.0, mutation rate: 0.6915619732733405
Tree height pre-scaling: 0.691561973357113, input timescale: 1.0
Tree height after scaling: 1.0, mutation rate: 0.691561973357113
Tree height pre-scaling: 0.6915619733167171, input timescale: 1.0
Tree height after scaling: 1.0, mutation rate: 0.6915619733167171
Tree height pre-scaling: 0.691561973382048, input timescale: 1.0
Tree height after scaling: 1.0000000000000002, mutation rate: 0.691561973382048
Tree height pre-scaling: 0.691561973210449, input timescale: 1.0
Tree height after scaling: 1.0, mutation rate: 0.691561973210449
Tree height pre-scaling: 0.6915619731715913, input timescale: 1.0
Tree height after scaling: 1.0, mutation rate: 0.6915619731715913
Tree height pre-scaling: 0.6915619733473823, input timescale: 1.0
Tree height after scaling: 1.0, mutation rate: 0.6915619733473823
Tree height pre-scaling: 0.6915619737029857, input timescale: 1.0
Tree height after scaling: 0.9999999999999998, mutation rate: 0.6915619737029857
Tree height pre-scaling: 0.6915619733592844, input timescale: 1.0
Tree height after scaling: 1.0, mutation rate: 0.6915619733592844
Tree height pre-scaling: 0.6915619733961167, input timescale: 1.0
Tree height after scaling: 1.0, mutation rate: 0.6915619733961167
Tree height pre-scaling: 0.6915619732686522, input timescale: 1.0
Tree height after scaling: 1.0, mutation rate: 0.6915619732686522
Tree height pre-scaling: 0.691561973304231, input timescale: 1.0
Tree height after scaling: 1.0, mutation rate: 0.691561973304231
Tree height pre-scaling: 0.6915619732932102, input timescale: 1.0
Tree height after scaling: 1.0, mutation rate: 0.6915619732932102
Tree height pre-scaling: 0.6915619733716807, input timescale: 1.0
Tree height after scaling: 1.0000000000000002, mutation rate: 0.6915619733716807
Tree height pre-scaling: 0.6915619733781859, input timescale: 1.0
Tree height after scaling: 0.9999999999999999, mutation rate: 0.6915619733781859
Tree height pre-scaling: 0.6915619732531836, input timescale: 1.0
Tree height after scaling: 1.0, mutation rate: 0.6915619732531836
Tree height pre-scaling: 0.691561973387474, input timescale: 1.0
Tree height after scaling: 1.0, mutation rate: 0.691561973387474
Runtime (s): 11.2986225
