Launching LAML version 0.0.4
LAML was called as follows: /Users/uym2/my_gits/LAML/run_laml.py -c ../../evaluation/Bar10/Bar10_character_matrix.txt -t place_outlier3/augmented_tree_194.nwk -o place_outlier3/augmented_tree_194_optimized -v -p ../../evaluation/Bar10/Bar10_priors.pickle --delimiter tab -m -1 --nInitials 1
Prior keys mismatch with site names.
Prior keys: [0, 1, 2, 3, 4, 5, 6, 7, 8, 9, 10, 11, 12, 13, 14, 15, 16, 17, 18, 19, 20, 21, 22, 23, 24, 25, 26, 27, 28, 29]
Site names: ['r1', 'r2', 'r3', 'r4', 'r5', 'r6', 'r7', 'r8', 'r9', 'r10', 'r11', 'r12', 'r13', 'r14', 'r15', 'r16', 'r17', 'r18', 'r19', 'r20', 'r21', 'r22', 'r23', 'r24', 'r25', 'r26', 'r27', 'r28', 'r29', 'r30']
Attempting to infer mapping between site names and prior keys...
{'r1': 0, 'r2': 1, 'r3': 2, 'r4': 3, 'r5': 4, 'r6': 5, 'r7': 6, 'r8': 7, 'r9': 8, 'r10': 9, 'r11': 10, 'r12': 11, 'r13': 12, 'r14': 13, 'r15': 14, 'r16': 15, 'r17': 16, 'r18': 17, 'r19': 18, 'r20': 19, 'r21': 20, 'r22': 21, 'r23': 22, 'r24': 23, 'r25': 24, 'r26': 25, 'r27': 26, 'r28': 27, 'r29': 28, 'r30': 29}
Optimizing branch lengths, phi, and nu without topology search
Optimization by EM algorithm
Optimization start with 1 initials
Initial point 1. Random seed: 5839
Numerical optimization started with ultrametric constraint (default)
Initial phi: 0. Initial nu: 0.26955655566205877. Initial nllh: 13158.958525762177
Starting EM iter: 1
Estep
Estep runtime (s): 0.11129307746887207
Mstep
Optimizing phi
Optimizing branch lengths. Current phi: 0. Current nu:0.26955655566205877
Optimizing nu
Mstep runtime (s): 0.3191971778869629
Finished EM iter: 1. Current nllh: 10826.205699720162
Starting EM iter: 2
Estep
Estep runtime (s): 0.1511549949645996
Mstep
Optimizing phi
Optimizing branch lengths. Current phi: 0. Current nu:0.2800182253774118
Optimizing nu
Mstep runtime (s): 0.343886137008667
Finished EM iter: 2. Current nllh: 10803.08698755886
Starting EM iter: 3
Estep
Estep runtime (s): 0.1510453224182129
Mstep
Optimizing phi
Optimizing branch lengths. Current phi: 0. Current nu:0.2824246293176242
Optimizing nu
Mstep runtime (s): 0.314708948135376
Finished EM iter: 3. Current nllh: 10801.34271026751
Starting EM iter: 4
Estep
Estep runtime (s): 0.15142393112182617
Mstep
Optimizing phi
Optimizing branch lengths. Current phi: 0. Current nu:0.2828487117392704
Optimizing nu
Mstep runtime (s): 0.361177921295166
Finished EM iter: 4. Current nllh: 10801.150876007177
Starting EM iter: 5
Estep
Estep runtime (s): 0.15194010734558105
Mstep
Optimizing phi
Optimizing branch lengths. Current phi: 0. Current nu:0.28304387839912043
Optimizing nu
Mstep runtime (s): 0.31042909622192383
Finished EM iter: 5. Current nllh: 10801.096250578461
Starting EM iter: 6
Estep
Estep runtime (s): 0.15095806121826172
Mstep
Optimizing phi
Optimizing branch lengths. Current phi: 0. Current nu:0.2831815117544819
Optimizing nu
Mstep runtime (s): 0.3819708824157715
Finished EM iter: 6. Current nllh: 10801.07830926765
Starting EM iter: 7
Estep
Estep runtime (s): 0.15100693702697754
Mstep
Optimizing phi
Optimizing branch lengths. Current phi: 0. Current nu:0.2832746286791022
Optimizing nu
Mstep runtime (s): 0.3130371570587158
Finished EM iter: 7. Current nllh: 10801.068621219409
Starting EM iter: 8
Estep
Estep runtime (s): 0.14969110488891602
Mstep
Optimizing phi
Optimizing branch lengths. Current phi: 0. Current nu:0.28334206194761663
Optimizing nu
Mstep runtime (s): 0.3251516819000244
Finished EM iter: 8. Current nllh: 10801.062962806805
Starting EM iter: 9
Estep
Estep runtime (s): 0.15229415893554688
Mstep
Optimizing phi
Optimizing branch lengths. Current phi: 0. Current nu:0.28338981622560727
Optimizing nu
Mstep runtime (s): 0.306323766708374
Finished EM iter: 9. Current nllh: 10801.059510768308
Starting EM iter: 10
Estep
Estep runtime (s): 0.15221190452575684
Mstep
Optimizing phi
Optimizing branch lengths. Current phi: 0. Current nu:0.2834243629643678
Optimizing nu
Mstep runtime (s): 0.31199002265930176
Finished EM iter: 10. Current nllh: 10801.057206646137
Starting EM iter: 11
Estep
Estep runtime (s): 0.15291213989257812
Mstep
Optimizing phi
Optimizing branch lengths. Current phi: 0. Current nu:0.28344933321930943
Optimizing nu
Mstep runtime (s): 0.28888916969299316
Finished EM iter: 11. Current nllh: 10801.055658698662
Starting EM iter: 12
Estep
Estep runtime (s): 0.15213489532470703
Mstep
Optimizing phi
Optimizing branch lengths. Current phi: 0. Current nu:0.283468236783294
Optimizing nu
Mstep runtime (s): 0.31572604179382324
Finished EM iter: 12. Current nllh: 10801.054407269867
Starting EM iter: 13
Estep
Estep runtime (s): 0.15109801292419434
Mstep
Optimizing phi
Optimizing branch lengths. Current phi: 0. Current nu:0.28348258721359354
Optimizing nu
Mstep runtime (s): 0.343890905380249
Finished EM iter: 13. Current nllh: 10801.053585631518
Starting EM iter: 14
Estep
Estep runtime (s): 0.15251708030700684
Mstep
Optimizing phi
Optimizing branch lengths. Current phi: 0. Current nu:0.28349504998410757
Optimizing nu
Mstep runtime (s): 0.3698432445526123
Finished EM iter: 14. Current nllh: 10801.053219104288
Starting EM iter: 15
Estep
Estep runtime (s): 0.15280580520629883
Mstep
Optimizing phi
Optimizing branch lengths. Current phi: 0. Current nu:0.28350350406661423
Optimizing nu
Mstep runtime (s): 0.3497958183288574
Finished EM iter: 15. Current nllh: 10801.052781507431
Starting EM iter: 16
Estep
Estep runtime (s): 0.15043878555297852
Mstep
Optimizing phi
Optimizing branch lengths. Current phi: 0. Current nu:0.2835102021964172
Optimizing nu
Mstep runtime (s): 0.33675503730773926
Finished EM iter: 16. Current nllh: 10801.052524902332
Starting EM iter: 17
Estep
Estep runtime (s): 0.1520688533782959
Mstep
Optimizing phi
Optimizing branch lengths. Current phi: 0. Current nu:0.2835151505941165
Optimizing nu
Mstep runtime (s): 0.3088371753692627
Finished EM iter: 17. Current nllh: 10801.052290894751
Starting EM iter: 18
Estep
Estep runtime (s): 0.15221691131591797
Mstep
Optimizing phi
Optimizing branch lengths. Current phi: 0. Current nu:0.28351992260207803
Optimizing nu
Mstep runtime (s): 0.38727879524230957
Finished EM iter: 18. Current nllh: 10801.05201439964
Starting EM iter: 19
Estep
Estep runtime (s): 0.15103387832641602
Mstep
Optimizing phi
Optimizing branch lengths. Current phi: 0. Current nu:0.2835231461616456
Optimizing nu
Mstep runtime (s): 0.3179318904876709
Finished EM iter: 19. Current nllh: 10801.051977673027
EM finished after 19 iterations.
Optimal phi: 0. Optimal nu: 0.28352670363439925. Optimal nllh: 10801.051977673027
Optimal point found for initial point 1
Numerical optimization finished successfully
Tree height pre-scaling: 0.698524323262268, input timescale: 1.0
Tree height after scaling: 1.0, mutation rate: 0.698524323262268
Tree height pre-scaling: 0.6985243232817944, input timescale: 1.0
Tree height after scaling: 1.0, mutation rate: 0.6985243232817944
Tree height pre-scaling: 0.6985243232747194, input timescale: 1.0
Tree height after scaling: 0.9999999999999999, mutation rate: 0.6985243232747194
Tree height pre-scaling: 0.6985243232933673, input timescale: 1.0
Tree height after scaling: 1.0, mutation rate: 0.6985243232933673
Tree height pre-scaling: 0.6985243232436069, input timescale: 1.0
Tree height after scaling: 1.0, mutation rate: 0.6985243232436069
Tree height pre-scaling: 0.698524323232994, input timescale: 1.0
Tree height after scaling: 0.9999999999999999, mutation rate: 0.698524323232994
Tree height pre-scaling: 0.6985243232832974, input timescale: 1.0
Tree height after scaling: 0.9999999999999999, mutation rate: 0.6985243232832974
Tree height pre-scaling: 0.6985243232795058, input timescale: 1.0
Tree height after scaling: 1.0, mutation rate: 0.6985243232795058
Tree height pre-scaling: 0.6985243232660012, input timescale: 1.0
Tree height after scaling: 1.0, mutation rate: 0.6985243232660012
Tree height pre-scaling: 0.6985243233790015, input timescale: 1.0
Tree height after scaling: 1.0, mutation rate: 0.6985243233790015
Tree height pre-scaling: 0.6985243232888825, input timescale: 1.0
Tree height after scaling: 1.0, mutation rate: 0.6985243232888825
Tree height pre-scaling: 0.6985243232970103, input timescale: 1.0
Tree height after scaling: 1.0, mutation rate: 0.6985243232970103
Tree height pre-scaling: 0.6985243232605642, input timescale: 1.0
Tree height after scaling: 1.0, mutation rate: 0.6985243232605642
Tree height pre-scaling: 0.6985243232724662, input timescale: 1.0
Tree height after scaling: 1.0, mutation rate: 0.6985243232724662
Tree height pre-scaling: 0.698524323269326, input timescale: 1.0
Tree height after scaling: 1.0, mutation rate: 0.698524323269326
Tree height pre-scaling: 0.6985243232896253, input timescale: 1.0
Tree height after scaling: 1.0, mutation rate: 0.6985243232896253
Tree height pre-scaling: 0.6985243232973282, input timescale: 1.0
Tree height after scaling: 1.0, mutation rate: 0.6985243232973282
Runtime (s): 10.231591291
