Launching LAML version 0.0.4
LAML was called as follows: /Users/uym2/my_gits/LAML/run_laml.py -c ../../evaluation/Bar10/Bar10_character_matrix.txt -t place_outlier3/augmented_tree_191.nwk -o place_outlier3/augmented_tree_191_optimized -v -p ../../evaluation/Bar10/Bar10_priors.pickle --delimiter tab -m -1 --nInitials 1
Prior keys mismatch with site names.
Prior keys: [0, 1, 2, 3, 4, 5, 6, 7, 8, 9, 10, 11, 12, 13, 14, 15, 16, 17, 18, 19, 20, 21, 22, 23, 24, 25, 26, 27, 28, 29]
Site names: ['r1', 'r2', 'r3', 'r4', 'r5', 'r6', 'r7', 'r8', 'r9', 'r10', 'r11', 'r12', 'r13', 'r14', 'r15', 'r16', 'r17', 'r18', 'r19', 'r20', 'r21', 'r22', 'r23', 'r24', 'r25', 'r26', 'r27', 'r28', 'r29', 'r30']
Attempting to infer mapping between site names and prior keys...
{'r1': 0, 'r2': 1, 'r3': 2, 'r4': 3, 'r5': 4, 'r6': 5, 'r7': 6, 'r8': 7, 'r9': 8, 'r10': 9, 'r11': 10, 'r12': 11, 'r13': 12, 'r14': 13, 'r15': 14, 'r16': 15, 'r17': 16, 'r18': 17, 'r19': 18, 'r20': 19, 'r21': 20, 'r22': 21, 'r23': 22, 'r24': 23, 'r25': 24, 'r26': 25, 'r27': 26, 'r28': 27, 'r29': 28, 'r30': 29}
Optimizing branch lengths, phi, and nu without topology search
Optimization by EM algorithm
Optimization start with 1 initials
Initial point 1. Random seed: 6996
Numerical optimization started with ultrametric constraint (default)
Initial phi: 0. Initial nu: 0.26955655566205877. Initial nllh: 13135.803573217432
Starting EM iter: 1
Estep
Estep runtime (s): 0.11278891563415527
Mstep
Optimizing phi
Optimizing branch lengths. Current phi: 0. Current nu:0.26955655566205877
Optimizing nu
Mstep runtime (s): 0.37007999420166016
Finished EM iter: 1. Current nllh: 10714.793188952604
Starting EM iter: 2
Estep
Estep runtime (s): 0.15091490745544434
Mstep
Optimizing phi
Optimizing branch lengths. Current phi: 0. Current nu:0.2808276340389938
Optimizing nu
Mstep runtime (s): 0.3239428997039795
Finished EM iter: 2. Current nllh: 10690.42066311773
Starting EM iter: 3
Estep
Estep runtime (s): 0.15159177780151367
Mstep
Optimizing phi
Optimizing branch lengths. Current phi: 0. Current nu:0.2838377096003957
Optimizing nu
Mstep runtime (s): 0.31032514572143555
Finished EM iter: 3. Current nllh: 10688.468472390794
Starting EM iter: 4
Estep
Estep runtime (s): 0.1530780792236328
Mstep
Optimizing phi
Optimizing branch lengths. Current phi: 0. Current nu:0.2846137419633715
Optimizing nu
Mstep runtime (s): 0.3746979236602783
Finished EM iter: 4. Current nllh: 10688.177002443908
Starting EM iter: 5
Estep
Estep runtime (s): 0.15096592903137207
Mstep
Optimizing phi
Optimizing branch lengths. Current phi: 0. Current nu:0.2850073210352956
Optimizing nu
Mstep runtime (s): 0.3192000389099121
Finished EM iter: 5. Current nllh: 10688.0684915451
Starting EM iter: 6
Estep
Estep runtime (s): 0.15050983428955078
Mstep
Optimizing phi
Optimizing branch lengths. Current phi: 0. Current nu:0.2852646769333013
Optimizing nu
Mstep runtime (s): 0.33911919593811035
Finished EM iter: 6. Current nllh: 10688.018002504537
Starting EM iter: 7
Estep
Estep runtime (s): 0.15609121322631836
Mstep
Optimizing phi
Optimizing branch lengths. Current phi: 0. Current nu:0.285435740419479
Optimizing nu
Mstep runtime (s): 0.329334020614624
Finished EM iter: 7. Current nllh: 10687.987158814632
Starting EM iter: 8
Estep
Estep runtime (s): 0.15522217750549316
Mstep
Optimizing phi
Optimizing branch lengths. Current phi: 0. Current nu:0.28555781459555113
Optimizing nu
Mstep runtime (s): 0.3248598575592041
Finished EM iter: 8. Current nllh: 10687.966747161514
Starting EM iter: 9
Estep
Estep runtime (s): 0.15211701393127441
Mstep
Optimizing phi
Optimizing branch lengths. Current phi: 0. Current nu:0.28564395899221734
Optimizing nu
Mstep runtime (s): 0.2965717315673828
Finished EM iter: 9. Current nllh: 10687.952529624772
Starting EM iter: 10
Estep
Estep runtime (s): 0.15472102165222168
Mstep
Optimizing phi
Optimizing branch lengths. Current phi: 0. Current nu:0.28570744779744617
Optimizing nu
Mstep runtime (s): 0.343961238861084
Finished EM iter: 10. Current nllh: 10687.942192608793
Starting EM iter: 11
Estep
Estep runtime (s): 0.1526660919189453
Mstep
Optimizing phi
Optimizing branch lengths. Current phi: 0. Current nu:0.2857552727950865
Optimizing nu
Mstep runtime (s): 0.35199999809265137
Finished EM iter: 11. Current nllh: 10687.93441654651
Starting EM iter: 12
Estep
Estep runtime (s): 0.15115976333618164
Mstep
Optimizing phi
Optimizing branch lengths. Current phi: 0. Current nu:0.2857922443384513
Optimizing nu
Mstep runtime (s): 0.31250500679016113
Finished EM iter: 12. Current nllh: 10687.928417595822
Starting EM iter: 13
Estep
Estep runtime (s): 0.15258193016052246
Mstep
Optimizing phi
Optimizing branch lengths. Current phi: 0. Current nu:0.28582139303041443
Optimizing nu
Mstep runtime (s): 0.3541450500488281
Finished EM iter: 13. Current nllh: 10687.923674006901
Starting EM iter: 14
Estep
Estep runtime (s): 0.1525571346282959
Mstep
Optimizing phi
Optimizing branch lengths. Current phi: 0. Current nu:0.28584479326464607
Optimizing nu
Mstep runtime (s): 0.35925984382629395
Finished EM iter: 14. Current nllh: 10687.91972335631
Starting EM iter: 15
Estep
Estep runtime (s): 0.15100312232971191
Mstep
Optimizing phi
Optimizing branch lengths. Current phi: 0. Current nu:0.28586522630784034
Optimizing nu
Mstep runtime (s): 0.30561304092407227
Finished EM iter: 15. Current nllh: 10687.91784082685
Starting EM iter: 16
Estep
Estep runtime (s): 0.1516280174255371
Mstep
Optimizing phi
Optimizing branch lengths. Current phi: 0. Current nu:0.28587941135045897
Optimizing nu
Mstep runtime (s): 0.30780911445617676
Finished EM iter: 16. Current nllh: 10687.917434325294
Starting EM iter: 17
Estep
Estep runtime (s): 0.15242815017700195
Mstep
Optimizing phi
Optimizing branch lengths. Current phi: 0. Current nu:0.2858887743509242
Optimizing nu
Mstep runtime (s): 0.33659982681274414
Finished EM iter: 17. Current nllh: 10687.916919700812
Starting EM iter: 18
Estep
Estep runtime (s): 0.15268611907958984
Mstep
Optimizing phi
Optimizing branch lengths. Current phi: 0. Current nu:0.2858946238136148
Optimizing nu
Mstep runtime (s): 0.35550808906555176
Finished EM iter: 18. Current nllh: 10687.916816022385
EM finished after 18 iterations.
Optimal phi: 0. Optimal nu: 0.2858984085479448. Optimal nllh: 10687.916816022385
Optimal point found for initial point 1
Numerical optimization finished successfully
Tree height pre-scaling: 0.6945473362581436, input timescale: 1.0
Tree height after scaling: 1.0, mutation rate: 0.6945473362581436
Tree height pre-scaling: 0.6945473776340794, input timescale: 1.0
Tree height after scaling: 1.0, mutation rate: 0.6945473776340794
Tree height pre-scaling: 0.6945473622056266, input timescale: 1.0
Tree height after scaling: 1.0, mutation rate: 0.6945473622056266
Tree height pre-scaling: 0.6945473982527606, input timescale: 1.0
Tree height after scaling: 1.0, mutation rate: 0.6945473982527606
Tree height pre-scaling: 0.6945472983523189, input timescale: 1.0
Tree height after scaling: 1.0, mutation rate: 0.6945472983523189
Tree height pre-scaling: 0.6945472757184415, input timescale: 1.0
Tree height after scaling: 0.9999999999999999, mutation rate: 0.6945472757184415
Tree height pre-scaling: 0.694547380061911, input timescale: 1.0
Tree height after scaling: 1.0, mutation rate: 0.694547380061911
Tree height pre-scaling: 0.6945473723510103, input timescale: 1.0
Tree height after scaling: 1.0, mutation rate: 0.6945473723510103
Tree height pre-scaling: 0.6945473437414543, input timescale: 1.0
Tree height after scaling: 1.0, mutation rate: 0.6945473437414543
Tree height pre-scaling: 0.6945475904699665, input timescale: 1.0
Tree height after scaling: 1.0000000000000002, mutation rate: 0.6945475904699665
Tree height pre-scaling: 0.6945473886048317, input timescale: 1.0
Tree height after scaling: 1.0, mutation rate: 0.6945473886048317
Tree height pre-scaling: 0.6945474113065144, input timescale: 1.0
Tree height after scaling: 1.0000000000000002, mutation rate: 0.6945474113065144
Tree height pre-scaling: 0.6945473324224823, input timescale: 1.0
Tree height after scaling: 0.9999999999999999, mutation rate: 0.6945473324224823
Tree height pre-scaling: 0.6945473588024766, input timescale: 1.0
Tree height after scaling: 1.0, mutation rate: 0.6945473588024766
Tree height pre-scaling: 0.6945473493021499, input timescale: 1.0
Tree height after scaling: 1.0, mutation rate: 0.6945473493021499
Tree height pre-scaling: 0.6945473955643363, input timescale: 1.0
Tree height after scaling: 1.0000000000000002, mutation rate: 0.6945473955643363
Tree height pre-scaling: 0.6945473987123154, input timescale: 1.0
Tree height after scaling: 1.0, mutation rate: 0.6945473987123154
Runtime (s): 9.771840084
