Launching LAML version 0.0.4
LAML was called as follows: /Users/uym2/my_gits/LAML/run_laml.py -c ../../evaluation/Bar10/Bar10_character_matrix.txt -t place_outlier3/augmented_tree_406.nwk -o place_outlier3/augmented_tree_406_optimized -v -p ../../evaluation/Bar10/Bar10_priors.pickle --delimiter tab -m -1 --nInitials 1
Prior keys mismatch with site names.
Prior keys: [0, 1, 2, 3, 4, 5, 6, 7, 8, 9, 10, 11, 12, 13, 14, 15, 16, 17, 18, 19, 20, 21, 22, 23, 24, 25, 26, 27, 28, 29]
Site names: ['r1', 'r2', 'r3', 'r4', 'r5', 'r6', 'r7', 'r8', 'r9', 'r10', 'r11', 'r12', 'r13', 'r14', 'r15', 'r16', 'r17', 'r18', 'r19', 'r20', 'r21', 'r22', 'r23', 'r24', 'r25', 'r26', 'r27', 'r28', 'r29', 'r30']
Attempting to infer mapping between site names and prior keys...
{'r1': 0, 'r2': 1, 'r3': 2, 'r4': 3, 'r5': 4, 'r6': 5, 'r7': 6, 'r8': 7, 'r9': 8, 'r10': 9, 'r11': 10, 'r12': 11, 'r13': 12, 'r14': 13, 'r15': 14, 'r16': 15, 'r17': 16, 'r18': 17, 'r19': 18, 'r20': 19, 'r21': 20, 'r22': 21, 'r23': 22, 'r24': 23, 'r25': 24, 'r26': 25, 'r27': 26, 'r28': 27, 'r29': 28, 'r30': 29}
Optimizing branch lengths, phi, and nu without topology search
Optimization by EM algorithm
Optimization start with 1 initials
Initial point 1. Random seed: 5082
Numerical optimization started with ultrametric constraint (default)
Initial phi: 0. Initial nu: 0.26955655566205877. Initial nllh: 13330.33848957359
Starting EM iter: 1
Estep
Estep runtime (s): 0.10879278182983398
Mstep
Optimizing phi
Optimizing branch lengths. Current phi: 0. Current nu:0.26955655566205877
Optimizing nu
Mstep runtime (s): 0.36636996269226074
Finished EM iter: 1. Current nllh: 10849.754521825003
Starting EM iter: 2
Estep
Estep runtime (s): 0.15307283401489258
Mstep
Optimizing phi
Optimizing branch lengths. Current phi: 0. Current nu:0.27904525731548174
Optimizing nu
Mstep runtime (s): 0.3387110233306885
Finished EM iter: 2. Current nllh: 10833.526550477687
Starting EM iter: 3
Estep
Estep runtime (s): 0.15114116668701172
Mstep
Optimizing phi
Optimizing branch lengths. Current phi: 0. Current nu:0.27998200994219574
Optimizing nu
Mstep runtime (s): 0.3872029781341553
Finished EM iter: 3. Current nllh: 10831.945247547528
Starting EM iter: 4
Estep
Estep runtime (s): 0.15102005004882812
Mstep
Optimizing phi
Optimizing branch lengths. Current phi: 0. Current nu:0.2796358757822684
Optimizing nu
Mstep runtime (s): 0.31168675422668457
Finished EM iter: 4. Current nllh: 10831.789064144468
Starting EM iter: 5
Estep
Estep runtime (s): 0.15165090560913086
Mstep
Optimizing phi
Optimizing branch lengths. Current phi: 0. Current nu:0.2794113462511307
Optimizing nu
Mstep runtime (s): 0.28746485710144043
Finished EM iter: 5. Current nllh: 10831.76013097295
Starting EM iter: 6
Estep
Estep runtime (s): 0.15130114555358887
Mstep
Optimizing phi
Optimizing branch lengths. Current phi: 0. Current nu:0.27930608992495615
Optimizing nu
Mstep runtime (s): 0.2944071292877197
Finished EM iter: 6. Current nllh: 10831.75360999181
Starting EM iter: 7
Estep
Estep runtime (s): 0.1515188217163086
Mstep
Optimizing phi
Optimizing branch lengths. Current phi: 0. Current nu:0.27925433275317413
Optimizing nu
Mstep runtime (s): 0.30675506591796875
Finished EM iter: 7. Current nllh: 10831.750663862233
Starting EM iter: 8
Estep
Estep runtime (s): 0.15109515190124512
Mstep
Optimizing phi
Optimizing branch lengths. Current phi: 0. Current nu:0.27922956720509307
Optimizing nu
Mstep runtime (s): 0.3352351188659668
Finished EM iter: 8. Current nllh: 10831.749198141926
Starting EM iter: 9
Estep
Estep runtime (s): 0.15183377265930176
Mstep
Optimizing phi
Optimizing branch lengths. Current phi: 0. Current nu:0.279213734492174
Optimizing nu
Mstep runtime (s): 0.3545370101928711
Finished EM iter: 9. Current nllh: 10831.74823966986
Starting EM iter: 10
Estep
Estep runtime (s): 0.1513841152191162
Mstep
Optimizing phi
Optimizing branch lengths. Current phi: 0. Current nu:0.27920301166052736
Optimizing nu
Mstep runtime (s): 0.2937898635864258
Finished EM iter: 10. Current nllh: 10831.747649092991
Starting EM iter: 11
Estep
Estep runtime (s): 0.15165185928344727
Mstep
Optimizing phi
Optimizing branch lengths. Current phi: 0. Current nu:0.27919696179671294
Optimizing nu
Mstep runtime (s): 0.28855109214782715
Finished EM iter: 11. Current nllh: 10831.747295053907
Starting EM iter: 12
Estep
Estep runtime (s): 0.15150809288024902
Mstep
Optimizing phi
Optimizing branch lengths. Current phi: 0. Current nu:0.2791925674926548
Optimizing nu
Mstep runtime (s): 0.29741573333740234
Finished EM iter: 12. Current nllh: 10831.747065642028
Starting EM iter: 13
Estep
Estep runtime (s): 0.15200519561767578
Mstep
Optimizing phi
Optimizing branch lengths. Current phi: 0. Current nu:0.2791903711396481
Optimizing nu
Mstep runtime (s): 0.3006420135498047
Finished EM iter: 13. Current nllh: 10831.746913001138
Starting EM iter: 14
Estep
Estep runtime (s): 0.15314912796020508
Mstep
Optimizing phi
Optimizing branch lengths. Current phi: 0. Current nu:0.27918901110135086
Optimizing nu
Mstep runtime (s): 0.314237117767334
Finished EM iter: 14. Current nllh: 10831.746804548055
Starting EM iter: 15
Estep
Estep runtime (s): 0.15193390846252441
Mstep
Optimizing phi
Optimizing branch lengths. Current phi: 0. Current nu:0.279188563647714
Optimizing nu
Mstep runtime (s): 0.299346923828125
Finished EM iter: 15. Current nllh: 10831.746723058359
EM finished after 15 iterations.
Optimal phi: 0. Optimal nu: 0.2791885836235505. Optimal nllh: 10831.746723058359
Optimal point found for initial point 1
Numerical optimization finished successfully
Tree height pre-scaling: 0.690193413069722, input timescale: 1.0
Tree height after scaling: 1.0, mutation rate: 0.690193413069722
Tree height pre-scaling: 0.6901934131247589, input timescale: 1.0
Tree height after scaling: 1.0, mutation rate: 0.6901934131247589
Tree height pre-scaling: 0.6901934130841699, input timescale: 1.0
Tree height after scaling: 0.9999999999999998, mutation rate: 0.6901934130841699
Tree height pre-scaling: 0.6901934130849832, input timescale: 1.0
Tree height after scaling: 1.0, mutation rate: 0.6901934130849832
Tree height pre-scaling: 0.6901934130692164, input timescale: 1.0
Tree height after scaling: 1.0, mutation rate: 0.6901934130692164
Tree height pre-scaling: 0.6901934130735025, input timescale: 1.0
Tree height after scaling: 1.0, mutation rate: 0.6901934130735025
Tree height pre-scaling: 0.6901934130738053, input timescale: 1.0
Tree height after scaling: 0.9999999999999999, mutation rate: 0.6901934130738053
Tree height pre-scaling: 0.6901934130815366, input timescale: 1.0
Tree height after scaling: 1.0000000000000002, mutation rate: 0.6901934130815366
Tree height pre-scaling: 0.6901934130822709, input timescale: 1.0
Tree height after scaling: 1.0, mutation rate: 0.6901934130822709
Tree height pre-scaling: 0.6901934130674864, input timescale: 1.0
Tree height after scaling: 1.0, mutation rate: 0.6901934130674864
Tree height pre-scaling: 0.6901934130765841, input timescale: 1.0
Tree height after scaling: 1.0, mutation rate: 0.6901934130765841
Tree height pre-scaling: 0.6901934130733278, input timescale: 1.0
Tree height after scaling: 1.0, mutation rate: 0.6901934130733278
Tree height pre-scaling: 0.6901934130580077, input timescale: 1.0
Tree height after scaling: 1.0, mutation rate: 0.6901934130580077
Tree height pre-scaling: 0.6901934130593229, input timescale: 1.0
Tree height after scaling: 1.0, mutation rate: 0.6901934130593229
Tree height pre-scaling: 0.6901934130755196, input timescale: 1.0
Tree height after scaling: 1.0, mutation rate: 0.6901934130755196
Tree height pre-scaling: 0.6901934130710994, input timescale: 1.0
Tree height after scaling: 1.0, mutation rate: 0.6901934130710994
Tree height pre-scaling: 0.6901934130715491, input timescale: 1.0
Tree height after scaling: 0.9999999999999998, mutation rate: 0.6901934130715491
Runtime (s): 7.9307029579999995
