Launching LAML version 0.0.4
LAML was called as follows: /Users/uym2/my_gits/LAML/run_laml.py -c ../../evaluation/Bar10/Bar10_character_matrix.txt -t place_outlier3/augmented_tree_314.nwk -o place_outlier3/augmented_tree_314_optimized -v -p ../../evaluation/Bar10/Bar10_priors.pickle --delimiter tab -m -1 --nInitials 1
Prior keys mismatch with site names.
Prior keys: [0, 1, 2, 3, 4, 5, 6, 7, 8, 9, 10, 11, 12, 13, 14, 15, 16, 17, 18, 19, 20, 21, 22, 23, 24, 25, 26, 27, 28, 29]
Site names: ['r1', 'r2', 'r3', 'r4', 'r5', 'r6', 'r7', 'r8', 'r9', 'r10', 'r11', 'r12', 'r13', 'r14', 'r15', 'r16', 'r17', 'r18', 'r19', 'r20', 'r21', 'r22', 'r23', 'r24', 'r25', 'r26', 'r27', 'r28', 'r29', 'r30']
Attempting to infer mapping between site names and prior keys...
{'r1': 0, 'r2': 1, 'r3': 2, 'r4': 3, 'r5': 4, 'r6': 5, 'r7': 6, 'r8': 7, 'r9': 8, 'r10': 9, 'r11': 10, 'r12': 11, 'r13': 12, 'r14': 13, 'r15': 14, 'r16': 15, 'r17': 16, 'r18': 17, 'r19': 18, 'r20': 19, 'r21': 20, 'r22': 21, 'r23': 22, 'r24': 23, 'r25': 24, 'r26': 25, 'r27': 26, 'r28': 27, 'r29': 28, 'r30': 29}
Optimizing branch lengths, phi, and nu without topology search
Optimization by EM algorithm
Optimization start with 1 initials
Initial point 1. Random seed: 6582
Numerical optimization started with ultrametric constraint (default)
Initial phi: 0. Initial nu: 0.26955655566205877. Initial nllh: 13035.871603123182
Starting EM iter: 1
Estep
Estep runtime (s): 0.11102676391601562
Mstep
Optimizing phi
Optimizing branch lengths. Current phi: 0. Current nu:0.26955655566205877
Optimizing nu
Mstep runtime (s): 0.3188648223876953
Finished EM iter: 1. Current nllh: 10644.398888005606
Starting EM iter: 2
Estep
Estep runtime (s): 0.15270614624023438
Mstep
Optimizing phi
Optimizing branch lengths. Current phi: 0. Current nu:0.28189449672287004
Optimizing nu
Mstep runtime (s): 0.2802739143371582
Finished EM iter: 2. Current nllh: 10623.47908977008
Starting EM iter: 3
Estep
Estep runtime (s): 0.15015292167663574
Mstep
Optimizing phi
Optimizing branch lengths. Current phi: 0. Current nu:0.2840174553489934
Optimizing nu
Mstep runtime (s): 0.2922670841217041
Finished EM iter: 3. Current nllh: 10621.869701262765
Starting EM iter: 4
Estep
Estep runtime (s): 0.15025687217712402
Mstep
Optimizing phi
Optimizing branch lengths. Current phi: 0. Current nu:0.2843855761207615
Optimizing nu
Mstep runtime (s): 0.27860593795776367
Finished EM iter: 4. Current nllh: 10621.656483178565
Starting EM iter: 5
Estep
Estep runtime (s): 0.15071487426757812
Mstep
Optimizing phi
Optimizing branch lengths. Current phi: 0. Current nu:0.2845957478330594
Optimizing nu
Mstep runtime (s): 0.3251030445098877
Finished EM iter: 5. Current nllh: 10621.591278421374
Starting EM iter: 6
Estep
Estep runtime (s): 0.15200090408325195
Mstep
Optimizing phi
Optimizing branch lengths. Current phi: 0. Current nu:0.28474869099959565
Optimizing nu
Mstep runtime (s): 0.3228790760040283
Finished EM iter: 6. Current nllh: 10621.568010087663
Starting EM iter: 7
Estep
Estep runtime (s): 0.15099215507507324
Mstep
Optimizing phi
Optimizing branch lengths. Current phi: 0. Current nu:0.28485713891667636
Optimizing nu
Mstep runtime (s): 0.3070049285888672
Finished EM iter: 7. Current nllh: 10621.555528360568
Starting EM iter: 8
Estep
Estep runtime (s): 0.15072989463806152
Mstep
Optimizing phi
Optimizing branch lengths. Current phi: 0. Current nu:0.28493631232425015
Optimizing nu
Mstep runtime (s): 0.2942171096801758
Finished EM iter: 8. Current nllh: 10621.548143071272
Starting EM iter: 9
Estep
Estep runtime (s): 0.15095806121826172
Mstep
Optimizing phi
Optimizing branch lengths. Current phi: 0. Current nu:0.2849919219973886
Optimizing nu
Mstep runtime (s): 0.2921009063720703
Finished EM iter: 9. Current nllh: 10621.54355880472
Starting EM iter: 10
Estep
Estep runtime (s): 0.15032100677490234
Mstep
Optimizing phi
Optimizing branch lengths. Current phi: 0. Current nu:0.285031193806129
Optimizing nu
Mstep runtime (s): 0.2965729236602783
Finished EM iter: 10. Current nllh: 10621.540576722922
Starting EM iter: 11
Estep
Estep runtime (s): 0.1507260799407959
Mstep
Optimizing phi
Optimizing branch lengths. Current phi: 0. Current nu:0.28506014837777793
Optimizing nu
Mstep runtime (s): 0.2864949703216553
Finished EM iter: 11. Current nllh: 10621.538562017104
Starting EM iter: 12
Estep
Estep runtime (s): 0.15070295333862305
Mstep
Optimizing phi
Optimizing branch lengths. Current phi: 0. Current nu:0.28508183767034007
Optimizing nu
Mstep runtime (s): 0.31599903106689453
Finished EM iter: 12. Current nllh: 10621.53703350272
Starting EM iter: 13
Estep
Estep runtime (s): 0.15175294876098633
Mstep
Optimizing phi
Optimizing branch lengths. Current phi: 0. Current nu:0.2850980513051083
Optimizing nu
Mstep runtime (s): 0.30254197120666504
Finished EM iter: 13. Current nllh: 10621.53612468003
Starting EM iter: 14
Estep
Estep runtime (s): 0.15175914764404297
Mstep
Optimizing phi
Optimizing branch lengths. Current phi: 0. Current nu:0.28511198625797374
Optimizing nu
Mstep runtime (s): 0.330211877822876
Finished EM iter: 14. Current nllh: 10621.53539293052
Starting EM iter: 15
Estep
Estep runtime (s): 0.15117311477661133
Mstep
Optimizing phi
Optimizing branch lengths. Current phi: 0. Current nu:0.28512208036895065
Optimizing nu
Mstep runtime (s): 0.3601558208465576
Finished EM iter: 15. Current nllh: 10621.534868232744
Starting EM iter: 16
Estep
Estep runtime (s): 0.1511070728302002
Mstep
Optimizing phi
Optimizing branch lengths. Current phi: 0. Current nu:0.28512998635641
Optimizing nu
Mstep runtime (s): 0.3183169364929199
Finished EM iter: 16. Current nllh: 10621.534471667765
Starting EM iter: 17
Estep
Estep runtime (s): 0.15119099617004395
Mstep
Optimizing phi
Optimizing branch lengths. Current phi: 0. Current nu:0.28513646138230136
Optimizing nu
Mstep runtime (s): 0.32298707962036133
Finished EM iter: 17. Current nllh: 10621.534170593479
Starting EM iter: 18
Estep
Estep runtime (s): 0.15106797218322754
Mstep
Optimizing phi
Optimizing branch lengths. Current phi: 0. Current nu:0.2851417074006392
Optimizing nu
Mstep runtime (s): 0.2918429374694824
Finished EM iter: 18. Current nllh: 10621.533947920816
Starting EM iter: 19
Estep
Estep runtime (s): 0.15113186836242676
Mstep
Optimizing phi
Optimizing branch lengths. Current phi: 0. Current nu:0.2851456504380902
Optimizing nu
Mstep runtime (s): 0.2694079875946045
Finished EM iter: 19. Current nllh: 10621.533768803172
Starting EM iter: 20
Estep
Estep runtime (s): 0.15109896659851074
Mstep
Optimizing phi
Optimizing branch lengths. Current phi: 0. Current nu:0.28514935602210817
Optimizing nu
Mstep runtime (s): 0.303818941116333
Finished EM iter: 20. Current nllh: 10621.533615816734
Starting EM iter: 21
Estep
Estep runtime (s): 0.15775203704833984
Mstep
Optimizing phi
Optimizing branch lengths. Current phi: 0. Current nu:0.2851524708776328
Optimizing nu
Mstep runtime (s): 0.3396780490875244
Finished EM iter: 21. Current nllh: 10621.53349977039
Starting EM iter: 22
Estep
Estep runtime (s): 0.15140128135681152
Mstep
Optimizing phi
Optimizing branch lengths. Current phi: 0. Current nu:0.2851549846476279
Optimizing nu
Mstep runtime (s): 0.31145501136779785
Finished EM iter: 22. Current nllh: 10621.533415070504
EM finished after 22 iterations.
Optimal phi: 0. Optimal nu: 0.285156786899971. Optimal nllh: 10621.533415070504
Optimal point found for initial point 1
Numerical optimization finished successfully
Tree height pre-scaling: 0.6907205814914965, input timescale: 1.0
Tree height after scaling: 1.0, mutation rate: 0.6907205814914965
Tree height pre-scaling: 0.6907205816702324, input timescale: 1.0
Tree height after scaling: 1.0, mutation rate: 0.6907205816702324
Tree height pre-scaling: 0.6907205815767139, input timescale: 1.0
Tree height after scaling: 1.0, mutation rate: 0.6907205815767139
Tree height pre-scaling: 0.6907205817135897, input timescale: 1.0
Tree height after scaling: 1.0, mutation rate: 0.6907205817135897
Tree height pre-scaling: 0.6907205823132924, input timescale: 1.0
Tree height after scaling: 1.0, mutation rate: 0.6907205823132924
Tree height pre-scaling: 0.6907205816883524, input timescale: 1.0
Tree height after scaling: 1.0000000000000002, mutation rate: 0.6907205816883524
Tree height pre-scaling: 0.6907205817227329, input timescale: 1.0
Tree height after scaling: 1.0, mutation rate: 0.6907205817227329
Tree height pre-scaling: 0.690720581482859, input timescale: 1.0
Tree height after scaling: 1.0, mutation rate: 0.690720581482859
Tree height pre-scaling: 0.6907205815479344, input timescale: 1.0
Tree height after scaling: 1.0, mutation rate: 0.6907205815479344
Tree height pre-scaling: 0.6907205815460176, input timescale: 1.0
Tree height after scaling: 1.0, mutation rate: 0.6907205815460176
Tree height pre-scaling: 0.6907205816751533, input timescale: 1.0
Tree height after scaling: 1.0, mutation rate: 0.6907205816751533
Tree height pre-scaling: 0.6907205816878892, input timescale: 1.0
Tree height after scaling: 1.0, mutation rate: 0.6907205816878892
Tree height pre-scaling: 0.6907205814550643, input timescale: 1.0
Tree height after scaling: 1.0, mutation rate: 0.6907205814550643
Tree height pre-scaling: 0.6907205815959463, input timescale: 1.0
Tree height after scaling: 1.0, mutation rate: 0.6907205815959463
Tree height pre-scaling: 0.6907205815459689, input timescale: 1.0
Tree height after scaling: 1.0, mutation rate: 0.6907205815459689
Tree height pre-scaling: 0.6907205813081745, input timescale: 1.0
Tree height after scaling: 1.0, mutation rate: 0.6907205813081745
Tree height pre-scaling: 0.6907205813295878, input timescale: 1.0
Tree height after scaling: 1.0, mutation rate: 0.6907205813295878
Runtime (s): 11.252459041
