Launching LAML version 0.0.4
LAML was called as follows: /Users/uym2/my_gits/LAML/run_laml.py -c ../../evaluation/Bar10/Bar10_character_matrix.txt -t place_outlier3/augmented_tree_276.nwk -o place_outlier3/augmented_tree_276_optimized -v -p ../../evaluation/Bar10/Bar10_priors.pickle --delimiter tab -m -1 --nInitials 1
Prior keys mismatch with site names.
Prior keys: [0, 1, 2, 3, 4, 5, 6, 7, 8, 9, 10, 11, 12, 13, 14, 15, 16, 17, 18, 19, 20, 21, 22, 23, 24, 25, 26, 27, 28, 29]
Site names: ['r1', 'r2', 'r3', 'r4', 'r5', 'r6', 'r7', 'r8', 'r9', 'r10', 'r11', 'r12', 'r13', 'r14', 'r15', 'r16', 'r17', 'r18', 'r19', 'r20', 'r21', 'r22', 'r23', 'r24', 'r25', 'r26', 'r27', 'r28', 'r29', 'r30']
Attempting to infer mapping between site names and prior keys...
{'r1': 0, 'r2': 1, 'r3': 2, 'r4': 3, 'r5': 4, 'r6': 5, 'r7': 6, 'r8': 7, 'r9': 8, 'r10': 9, 'r11': 10, 'r12': 11, 'r13': 12, 'r14': 13, 'r15': 14, 'r16': 15, 'r17': 16, 'r18': 17, 'r19': 18, 'r20': 19, 'r21': 20, 'r22': 21, 'r23': 22, 'r24': 23, 'r25': 24, 'r26': 25, 'r27': 26, 'r28': 27, 'r29': 28, 'r30': 29}
Optimizing branch lengths, phi, and nu without topology search
Optimization by EM algorithm
Optimization start with 1 initials
Initial point 1. Random seed: 9965
Numerical optimization started with ultrametric constraint (default)
Initial phi: 0. Initial nu: 0.26955655566205877. Initial nllh: 13147.79930006794
Starting EM iter: 1
Estep
Estep runtime (s): 0.10981035232543945
Mstep
Optimizing phi
Optimizing branch lengths. Current phi: 0. Current nu:0.26955655566205877
Optimizing nu
Mstep runtime (s): 0.32193684577941895
Finished EM iter: 1. Current nllh: 10867.813821076472
Starting EM iter: 2
Estep
Estep runtime (s): 0.1486499309539795
Mstep
Optimizing phi
Optimizing branch lengths. Current phi: 0. Current nu:0.2892501911211804
Optimizing nu
Mstep runtime (s): 0.27550792694091797
Finished EM iter: 2. Current nllh: 10853.1979295731
Starting EM iter: 3
Estep
Estep runtime (s): 0.15156006813049316
Mstep
Optimizing phi
Optimizing branch lengths. Current phi: 0. Current nu:0.2942654742236624
Optimizing nu
Mstep runtime (s): 0.3055107593536377
Finished EM iter: 3. Current nllh: 10852.182932614574
Starting EM iter: 4
Estep
Estep runtime (s): 0.15101385116577148
Mstep
Optimizing phi
Optimizing branch lengths. Current phi: 0. Current nu:0.2958356174277632
Optimizing nu
Mstep runtime (s): 0.285750150680542
Finished EM iter: 4. Current nllh: 10852.002982096397
Starting EM iter: 5
Estep
Estep runtime (s): 0.15120816230773926
Mstep
Optimizing phi
Optimizing branch lengths. Current phi: 0. Current nu:0.29643770847763395
Optimizing nu
Mstep runtime (s): 0.2985830307006836
Finished EM iter: 5. Current nllh: 10851.940587729972
Starting EM iter: 6
Estep
Estep runtime (s): 0.1490459442138672
Mstep
Optimizing phi
Optimizing branch lengths. Current phi: 0. Current nu:0.29670527593014795
Optimizing nu
Mstep runtime (s): 0.2985799312591553
Finished EM iter: 6. Current nllh: 10851.918381436148
Starting EM iter: 7
Estep
Estep runtime (s): 0.1490340232849121
Mstep
Optimizing phi
Optimizing branch lengths. Current phi: 0. Current nu:0.2968412264283939
Optimizing nu
Mstep runtime (s): 0.29029202461242676
Finished EM iter: 7. Current nllh: 10851.906731374089
Starting EM iter: 8
Estep
Estep runtime (s): 0.15179109573364258
Mstep
Optimizing phi
Optimizing branch lengths. Current phi: 0. Current nu:0.2969228516883258
Optimizing nu
Mstep runtime (s): 0.39774608612060547
Finished EM iter: 8. Current nllh: 10851.899850641748
Starting EM iter: 9
Estep
Estep runtime (s): 0.14983034133911133
Mstep
Optimizing phi
Optimizing branch lengths. Current phi: 0. Current nu:0.29697667776106457
Optimizing nu
Mstep runtime (s): 0.28383517265319824
Finished EM iter: 9. Current nllh: 10851.89568869247
Starting EM iter: 10
Estep
Estep runtime (s): 0.14919209480285645
Mstep
Optimizing phi
Optimizing branch lengths. Current phi: 0. Current nu:0.2970147340795637
Optimizing nu
Mstep runtime (s): 0.27261805534362793
Finished EM iter: 10. Current nllh: 10851.892898868155
Starting EM iter: 11
Estep
Estep runtime (s): 0.1494431495666504
Mstep
Optimizing phi
Optimizing branch lengths. Current phi: 0. Current nu:0.2970430536850328
Optimizing nu
Mstep runtime (s): 0.32146477699279785
Finished EM iter: 11. Current nllh: 10851.890981995886
Starting EM iter: 12
Estep
Estep runtime (s): 0.1490781307220459
Mstep
Optimizing phi
Optimizing branch lengths. Current phi: 0. Current nu:0.2970645519754095
Optimizing nu
Mstep runtime (s): 0.2912290096282959
Finished EM iter: 12. Current nllh: 10851.889639762097
Starting EM iter: 13
Estep
Estep runtime (s): 0.15144920349121094
Mstep
Optimizing phi
Optimizing branch lengths. Current phi: 0. Current nu:0.2970808698021051
Optimizing nu
Mstep runtime (s): 0.2995269298553467
Finished EM iter: 13. Current nllh: 10851.888667287276
Starting EM iter: 14
Estep
Estep runtime (s): 0.1518700122833252
Mstep
Optimizing phi
Optimizing branch lengths. Current phi: 0. Current nu:0.29709391382849737
Optimizing nu
Mstep runtime (s): 0.2747812271118164
Finished EM iter: 14. Current nllh: 10851.887948547786
Starting EM iter: 15
Estep
Estep runtime (s): 0.14957809448242188
Mstep
Optimizing phi
Optimizing branch lengths. Current phi: 0. Current nu:0.29710444647733936
Optimizing nu
Mstep runtime (s): 0.28656721115112305
Finished EM iter: 15. Current nllh: 10851.887405442225
Starting EM iter: 16
Estep
Estep runtime (s): 0.1519460678100586
Mstep
Optimizing phi
Optimizing branch lengths. Current phi: 0. Current nu:0.2971128201825042
Optimizing nu
Mstep runtime (s): 0.3150148391723633
Finished EM iter: 16. Current nllh: 10851.887000805455
Starting EM iter: 17
Estep
Estep runtime (s): 0.14944791793823242
Mstep
Optimizing phi
Optimizing branch lengths. Current phi: 0. Current nu:0.2971191847173361
Optimizing nu
Mstep runtime (s): 0.32128381729125977
Finished EM iter: 17. Current nllh: 10851.886690887606
Starting EM iter: 18
Estep
Estep runtime (s): 0.1495990753173828
Mstep
Optimizing phi
Optimizing branch lengths. Current phi: 0. Current nu:0.2971246917232101
Optimizing nu
Mstep runtime (s): 0.28220105171203613
Finished EM iter: 18. Current nllh: 10851.886436553945
Starting EM iter: 19
Estep
Estep runtime (s): 0.1496269702911377
Mstep
Optimizing phi
Optimizing branch lengths. Current phi: 0. Current nu:0.2971294755740812
Optimizing nu
Mstep runtime (s): 0.293165922164917
Finished EM iter: 19. Current nllh: 10851.886242795892
Starting EM iter: 20
Estep
Estep runtime (s): 0.15203404426574707
Mstep
Optimizing phi
Optimizing branch lengths. Current phi: 0. Current nu:0.29713312741848186
Optimizing nu
Mstep runtime (s): 0.3369739055633545
Finished EM iter: 20. Current nllh: 10851.88609225252
Starting EM iter: 21
Estep
Estep runtime (s): 0.14958786964416504
Mstep
Optimizing phi
Optimizing branch lengths. Current phi: 0. Current nu:0.2971349634851312
Optimizing nu
Mstep runtime (s): 0.3217782974243164
Finished EM iter: 21. Current nllh: 10851.88599634633
EM finished after 21 iterations.
Optimal phi: 0. Optimal nu: 0.29713848090344647. Optimal nllh: 10851.88599634633
Optimal point found for initial point 1
Numerical optimization finished successfully
Tree height pre-scaling: 0.6815476424448753, input timescale: 1.0
Tree height after scaling: 0.9999999999999999, mutation rate: 0.6815476424448753
Tree height pre-scaling: 0.6815476425601903, input timescale: 1.0
Tree height after scaling: 1.0000000000000002, mutation rate: 0.6815476425601903
Tree height pre-scaling: 0.6815476425033828, input timescale: 1.0
Tree height after scaling: 1.0, mutation rate: 0.6815476425033828
Tree height pre-scaling: 0.6815476425976758, input timescale: 1.0
Tree height after scaling: 1.0, mutation rate: 0.6815476425976758
Tree height pre-scaling: 0.6815476423761235, input timescale: 1.0
Tree height after scaling: 1.0, mutation rate: 0.6815476423761235
Tree height pre-scaling: 0.681547642958498, input timescale: 1.0
Tree height after scaling: 1.0, mutation rate: 0.681547642958498
Tree height pre-scaling: 0.6815476425802313, input timescale: 1.0
Tree height after scaling: 0.9999999999999999, mutation rate: 0.6815476425802313
Tree height pre-scaling: 0.6815476426060416, input timescale: 1.0
Tree height after scaling: 0.9999999999999998, mutation rate: 0.6815476426060416
Tree height pre-scaling: 0.6815476424368736, input timescale: 1.0
Tree height after scaling: 1.0, mutation rate: 0.6815476424368736
Tree height pre-scaling: 0.6815476424747072, input timescale: 1.0
Tree height after scaling: 1.0, mutation rate: 0.6815476424747072
Tree height pre-scaling: 0.6815476424824318, input timescale: 1.0
Tree height after scaling: 1.0, mutation rate: 0.6815476424824318
Tree height pre-scaling: 0.6815476425704354, input timescale: 1.0
Tree height after scaling: 1.0000000000000004, mutation rate: 0.6815476425704354
Tree height pre-scaling: 0.6815476425763511, input timescale: 1.0
Tree height after scaling: 0.9999999999999999, mutation rate: 0.6815476425763511
Tree height pre-scaling: 0.6815476424245912, input timescale: 1.0
Tree height after scaling: 1.0, mutation rate: 0.6815476424245912
Tree height pre-scaling: 0.6815476425131871, input timescale: 1.0
Tree height after scaling: 0.9999999999999999, mutation rate: 0.6815476425131871
Tree height pre-scaling: 0.6815476424789186, input timescale: 1.0
Tree height after scaling: 1.0, mutation rate: 0.6815476424789186
Tree height pre-scaling: 0.6815476423241416, input timescale: 1.0
Tree height after scaling: 1.0, mutation rate: 0.6815476423241416
Runtime (s): 10.640382124999999
