Launching LAML version 0.0.4
LAML was called as follows: /Users/uym2/my_gits/LAML/run_laml.py -c ../../evaluation/Bar10/Bar10_character_matrix.txt -t place_outlier3/augmented_tree_278.nwk -o place_outlier3/augmented_tree_278_optimized -v -p ../../evaluation/Bar10/Bar10_priors.pickle --delimiter tab -m -1 --nInitials 1
Prior keys mismatch with site names.
Prior keys: [0, 1, 2, 3, 4, 5, 6, 7, 8, 9, 10, 11, 12, 13, 14, 15, 16, 17, 18, 19, 20, 21, 22, 23, 24, 25, 26, 27, 28, 29]
Site names: ['r1', 'r2', 'r3', 'r4', 'r5', 'r6', 'r7', 'r8', 'r9', 'r10', 'r11', 'r12', 'r13', 'r14', 'r15', 'r16', 'r17', 'r18', 'r19', 'r20', 'r21', 'r22', 'r23', 'r24', 'r25', 'r26', 'r27', 'r28', 'r29', 'r30']
Attempting to infer mapping between site names and prior keys...
{'r1': 0, 'r2': 1, 'r3': 2, 'r4': 3, 'r5': 4, 'r6': 5, 'r7': 6, 'r8': 7, 'r9': 8, 'r10': 9, 'r11': 10, 'r12': 11, 'r13': 12, 'r14': 13, 'r15': 14, 'r16': 15, 'r17': 16, 'r18': 17, 'r19': 18, 'r20': 19, 'r21': 20, 'r22': 21, 'r23': 22, 'r24': 23, 'r25': 24, 'r26': 25, 'r27': 26, 'r28': 27, 'r29': 28, 'r30': 29}
Optimizing branch lengths, phi, and nu without topology search
Optimization by EM algorithm
Optimization start with 1 initials
Initial point 1. Random seed: 8971
Numerical optimization started with ultrametric constraint (default)
Initial phi: 0. Initial nu: 0.26955655566205877. Initial nllh: 13170.333961145918
Starting EM iter: 1
Estep
Estep runtime (s): 0.10915613174438477
Mstep
Optimizing phi
Optimizing branch lengths. Current phi: 0. Current nu:0.26955655566205877
Optimizing nu
Mstep runtime (s): 0.3176090717315674
Finished EM iter: 1. Current nllh: 10868.365573118941
Starting EM iter: 2
Estep
Estep runtime (s): 0.1533200740814209
Mstep
Optimizing phi
Optimizing branch lengths. Current phi: 0. Current nu:0.28909383454869797
Optimizing nu
Mstep runtime (s): 0.2823948860168457
Finished EM iter: 2. Current nllh: 10853.235156322393
Starting EM iter: 3
Estep
Estep runtime (s): 0.15025806427001953
Mstep
Optimizing phi
Optimizing branch lengths. Current phi: 0. Current nu:0.2942347367222828
Optimizing nu
Mstep runtime (s): 0.3066692352294922
Finished EM iter: 3. Current nllh: 10852.16871284421
Starting EM iter: 4
Estep
Estep runtime (s): 0.1563122272491455
Mstep
Optimizing phi
Optimizing branch lengths. Current phi: 0. Current nu:0.2958301257395324
Optimizing nu
Mstep runtime (s): 0.3220338821411133
Finished EM iter: 4. Current nllh: 10851.987931034857
Starting EM iter: 5
Estep
Estep runtime (s): 0.15047097206115723
Mstep
Optimizing phi
Optimizing branch lengths. Current phi: 0. Current nu:0.2964377211495605
Optimizing nu
Mstep runtime (s): 0.32965517044067383
Finished EM iter: 5. Current nllh: 10851.925360507204
Starting EM iter: 6
Estep
Estep runtime (s): 0.15297317504882812
Mstep
Optimizing phi
Optimizing branch lengths. Current phi: 0. Current nu:0.2967070199453081
Optimizing nu
Mstep runtime (s): 0.2957289218902588
Finished EM iter: 6. Current nllh: 10851.903099948524
Starting EM iter: 7
Estep
Estep runtime (s): 0.15021681785583496
Mstep
Optimizing phi
Optimizing branch lengths. Current phi: 0. Current nu:0.2968433581151357
Optimizing nu
Mstep runtime (s): 0.30340003967285156
Finished EM iter: 7. Current nllh: 10851.891441879121
Starting EM iter: 8
Estep
Estep runtime (s): 0.15051603317260742
Mstep
Optimizing phi
Optimizing branch lengths. Current phi: 0. Current nu:0.29692468951316914
Optimizing nu
Mstep runtime (s): 0.33008599281311035
Finished EM iter: 8. Current nllh: 10851.884648719199
Starting EM iter: 9
Estep
Estep runtime (s): 0.15104889869689941
Mstep
Optimizing phi
Optimizing branch lengths. Current phi: 0. Current nu:0.2969786691019321
Optimizing nu
Mstep runtime (s): 0.2924690246582031
Finished EM iter: 9. Current nllh: 10851.880397686364
Starting EM iter: 10
Estep
Estep runtime (s): 0.15399599075317383
Mstep
Optimizing phi
Optimizing branch lengths. Current phi: 0. Current nu:0.29701700840210216
Optimizing nu
Mstep runtime (s): 0.2885019779205322
Finished EM iter: 10. Current nllh: 10851.877601039369
Starting EM iter: 11
Estep
Estep runtime (s): 0.15148210525512695
Mstep
Optimizing phi
Optimizing branch lengths. Current phi: 0. Current nu:0.2970452791241743
Optimizing nu
Mstep runtime (s): 0.3000986576080322
Finished EM iter: 11. Current nllh: 10851.875692764292
Starting EM iter: 12
Estep
Estep runtime (s): 0.15042996406555176
Mstep
Optimizing phi
Optimizing branch lengths. Current phi: 0. Current nu:0.29706648294958976
Optimizing nu
Mstep runtime (s): 0.31132006645202637
Finished EM iter: 12. Current nllh: 10851.8743510141
Starting EM iter: 13
Estep
Estep runtime (s): 0.15105080604553223
Mstep
Optimizing phi
Optimizing branch lengths. Current phi: 0. Current nu:0.2970829589322218
Optimizing nu
Mstep runtime (s): 0.3107128143310547
Finished EM iter: 13. Current nllh: 10851.87336997321
Starting EM iter: 14
Estep
Estep runtime (s): 0.15127801895141602
Mstep
Optimizing phi
Optimizing branch lengths. Current phi: 0. Current nu:0.297096013278748
Optimizing nu
Mstep runtime (s): 0.298828125
Finished EM iter: 14. Current nllh: 10851.87264836586
Starting EM iter: 15
Estep
Estep runtime (s): 0.1506960391998291
Mstep
Optimizing phi
Optimizing branch lengths. Current phi: 0. Current nu:0.29710643136547155
Optimizing nu
Mstep runtime (s): 0.36075806617736816
Finished EM iter: 15. Current nllh: 10851.872111127948
Starting EM iter: 16
Estep
Estep runtime (s): 0.15091776847839355
Mstep
Optimizing phi
Optimizing branch lengths. Current phi: 0. Current nu:0.29711472514928455
Optimizing nu
Mstep runtime (s): 0.29735398292541504
Finished EM iter: 16. Current nllh: 10851.871693414727
Starting EM iter: 17
Estep
Estep runtime (s): 0.1506659984588623
Mstep
Optimizing phi
Optimizing branch lengths. Current phi: 0. Current nu:0.2971217187894852
Optimizing nu
Mstep runtime (s): 0.29323601722717285
Finished EM iter: 17. Current nllh: 10851.871371135698
Starting EM iter: 18
Estep
Estep runtime (s): 0.15159296989440918
Mstep
Optimizing phi
Optimizing branch lengths. Current phi: 0. Current nu:0.2971273665895403
Optimizing nu
Mstep runtime (s): 0.30573177337646484
Finished EM iter: 18. Current nllh: 10851.871130381678
Starting EM iter: 19
Estep
Estep runtime (s): 0.15088415145874023
Mstep
Optimizing phi
Optimizing branch lengths. Current phi: 0. Current nu:0.29713161092734025
Optimizing nu
Mstep runtime (s): 0.31636834144592285
Finished EM iter: 19. Current nllh: 10851.870934554201
Starting EM iter: 20
Estep
Estep runtime (s): 0.15091609954833984
Mstep
Optimizing phi
Optimizing branch lengths. Current phi: 0. Current nu:0.29713560001975725
Optimizing nu
Mstep runtime (s): 0.34345412254333496
Finished EM iter: 20. Current nllh: 10851.87078518122
Starting EM iter: 21
Estep
Estep runtime (s): 0.15339303016662598
Mstep
Optimizing phi
Optimizing branch lengths. Current phi: 0. Current nu:0.2971384611575841
Optimizing nu
Mstep runtime (s): 0.32688307762145996
Finished EM iter: 21. Current nllh: 10851.870654892797
Starting EM iter: 22
Estep
Estep runtime (s): 0.15089106559753418
Mstep
Optimizing phi
Optimizing branch lengths. Current phi: 0. Current nu:0.29714137931071466
Optimizing nu
Mstep runtime (s): 0.32690000534057617
Finished EM iter: 22. Current nllh: 10851.870483580782
Starting EM iter: 23
Estep
Estep runtime (s): 0.1527259349822998
Mstep
Optimizing phi
Optimizing branch lengths. Current phi: 0. Current nu:0.29714260942944765
Optimizing nu
Mstep runtime (s): 0.298659086227417
Finished EM iter: 23. Current nllh: 10851.870488009654
EM finished after 23 iterations.
Optimal phi: 0. Optimal nu: 0.29714552122144267. Optimal nllh: 10851.870488009654
Optimal point found for initial point 1
Numerical optimization finished successfully
Tree height pre-scaling: 0.6815431273860484, input timescale: 1.0
Tree height after scaling: 1.0, mutation rate: 0.6815431273860484
Tree height pre-scaling: 0.6815431276717604, input timescale: 1.0
Tree height after scaling: 0.9999999999999998, mutation rate: 0.6815431276717604
Tree height pre-scaling: 0.6815431275304782, input timescale: 1.0
Tree height after scaling: 1.0, mutation rate: 0.6815431275304782
Tree height pre-scaling: 0.681543127759334, input timescale: 1.0
Tree height after scaling: 0.9999999999999999, mutation rate: 0.681543127759334
Tree height pre-scaling: 0.6815431272172237, input timescale: 1.0
Tree height after scaling: 0.9999999999999999, mutation rate: 0.6815431272172237
Tree height pre-scaling: 0.6815431286548208, input timescale: 1.0
Tree height after scaling: 1.0, mutation rate: 0.6815431286548208
Tree height pre-scaling: 0.6815431277132861, input timescale: 1.0
Tree height after scaling: 1.0, mutation rate: 0.6815431277132861
Tree height pre-scaling: 0.6815431277861371, input timescale: 1.0
Tree height after scaling: 1.0, mutation rate: 0.6815431277861371
Tree height pre-scaling: 0.6815431273651675, input timescale: 1.0
Tree height after scaling: 1.0, mutation rate: 0.6815431273651675
Tree height pre-scaling: 0.6815431274603447, input timescale: 1.0
Tree height after scaling: 1.0, mutation rate: 0.6815431274603447
Tree height pre-scaling: 0.6815431274746411, input timescale: 1.0
Tree height after scaling: 1.0, mutation rate: 0.6815431274746411
Tree height pre-scaling: 0.6815431277020092, input timescale: 1.0
Tree height after scaling: 0.9999999999999999, mutation rate: 0.6815431277020092
Tree height pre-scaling: 0.6815431277136612, input timescale: 1.0
Tree height after scaling: 1.0, mutation rate: 0.6815431277136612
Tree height pre-scaling: 0.681543127338574, input timescale: 1.0
Tree height after scaling: 1.0, mutation rate: 0.681543127338574
Tree height pre-scaling: 0.681543127556395, input timescale: 1.0
Tree height after scaling: 1.0, mutation rate: 0.681543127556395
Tree height pre-scaling: 0.6815431274698267, input timescale: 1.0
Tree height after scaling: 1.0, mutation rate: 0.6815431274698267
Tree height pre-scaling: 0.6815431270886163, input timescale: 1.0
Tree height after scaling: 0.9999999999999999, mutation rate: 0.6815431270886163
Runtime (s): 11.861417084
