Launching LAML version 0.0.4
LAML was called as follows: /Users/uym2/my_gits/LAML/run_laml.py -c ../../evaluation/Bar10/Bar10_character_matrix.txt -t place_outlier3/augmented_tree_415.nwk -o place_outlier3/augmented_tree_415_optimized -v -p ../../evaluation/Bar10/Bar10_priors.pickle --delimiter tab -m -1 --nInitials 1
Prior keys mismatch with site names.
Prior keys: [0, 1, 2, 3, 4, 5, 6, 7, 8, 9, 10, 11, 12, 13, 14, 15, 16, 17, 18, 19, 20, 21, 22, 23, 24, 25, 26, 27, 28, 29]
Site names: ['r1', 'r2', 'r3', 'r4', 'r5', 'r6', 'r7', 'r8', 'r9', 'r10', 'r11', 'r12', 'r13', 'r14', 'r15', 'r16', 'r17', 'r18', 'r19', 'r20', 'r21', 'r22', 'r23', 'r24', 'r25', 'r26', 'r27', 'r28', 'r29', 'r30']
Attempting to infer mapping between site names and prior keys...
{'r1': 0, 'r2': 1, 'r3': 2, 'r4': 3, 'r5': 4, 'r6': 5, 'r7': 6, 'r8': 7, 'r9': 8, 'r10': 9, 'r11': 10, 'r12': 11, 'r13': 12, 'r14': 13, 'r15': 14, 'r16': 15, 'r17': 16, 'r18': 17, 'r19': 18, 'r20': 19, 'r21': 20, 'r22': 21, 'r23': 22, 'r24': 23, 'r25': 24, 'r26': 25, 'r27': 26, 'r28': 27, 'r29': 28, 'r30': 29}
Optimizing branch lengths, phi, and nu without topology search
Optimization by EM algorithm
Optimization start with 1 initials
Initial point 1. Random seed: 6105
Numerical optimization started with ultrametric constraint (default)
Initial phi: 0. Initial nu: 0.26955655566205877. Initial nllh: 13177.017038522004
Starting EM iter: 1
Estep
Estep runtime (s): 0.10759282112121582
Mstep
Optimizing phi
Optimizing branch lengths. Current phi: 0. Current nu:0.26955655566205877
Optimizing nu
Mstep runtime (s): 0.35646486282348633
Finished EM iter: 1. Current nllh: 10916.880173778194
Starting EM iter: 2
Estep
Estep runtime (s): 0.1502518653869629
Mstep
Optimizing phi
Optimizing branch lengths. Current phi: 0. Current nu:0.2781124982734542
Optimizing nu
Mstep runtime (s): 0.3636131286621094
Finished EM iter: 2. Current nllh: 10902.625063643529
Starting EM iter: 3
Estep
Estep runtime (s): 0.15099120140075684
Mstep
Optimizing phi
Optimizing branch lengths. Current phi: 0. Current nu:0.2789202522656197
Optimizing nu
Mstep runtime (s): 0.35016489028930664
Finished EM iter: 3. Current nllh: 10901.201951339926
Starting EM iter: 4
Estep
Estep runtime (s): 0.15047097206115723
Mstep
Optimizing phi
Optimizing branch lengths. Current phi: 0. Current nu:0.27861149557035747
Optimizing nu
Mstep runtime (s): 0.28136610984802246
Finished EM iter: 4. Current nllh: 10901.051885153684
Starting EM iter: 5
Estep
Estep runtime (s): 0.1510472297668457
Mstep
Optimizing phi
Optimizing branch lengths. Current phi: 0. Current nu:0.2784104766196522
Optimizing nu
Mstep runtime (s): 0.30153393745422363
Finished EM iter: 5. Current nllh: 10901.022644361132
Starting EM iter: 6
Estep
Estep runtime (s): 0.15068912506103516
Mstep
Optimizing phi
Optimizing branch lengths. Current phi: 0. Current nu:0.2783156829240801
Optimizing nu
Mstep runtime (s): 0.2791118621826172
Finished EM iter: 6. Current nllh: 10901.015857191436
Starting EM iter: 7
Estep
Estep runtime (s): 0.15087008476257324
Mstep
Optimizing phi
Optimizing branch lengths. Current phi: 0. Current nu:0.2782688348118864
Optimizing nu
Mstep runtime (s): 0.2816629409790039
Finished EM iter: 7. Current nllh: 10901.013081973399
Starting EM iter: 8
Estep
Estep runtime (s): 0.15054798126220703
Mstep
Optimizing phi
Optimizing branch lengths. Current phi: 0. Current nu:0.2782446257354938
Optimizing nu
Mstep runtime (s): 0.30498504638671875
Finished EM iter: 8. Current nllh: 10901.011132862748
Starting EM iter: 9
Estep
Estep runtime (s): 0.15169692039489746
Mstep
Optimizing phi
Optimizing branch lengths. Current phi: 0. Current nu:0.2782319291218244
Optimizing nu
Mstep runtime (s): 0.307711124420166
Finished EM iter: 9. Current nllh: 10901.010330564151
Starting EM iter: 10
Estep
Estep runtime (s): 0.15047407150268555
Mstep
Optimizing phi
Optimizing branch lengths. Current phi: 0. Current nu:0.2782217016089956
Optimizing nu
Mstep runtime (s): 0.31400609016418457
Finished EM iter: 10. Current nllh: 10901.00950546233
Starting EM iter: 11
Estep
Estep runtime (s): 0.1516590118408203
Mstep
Optimizing phi
Optimizing branch lengths. Current phi: 0. Current nu:0.2782172372633556
Optimizing nu
Mstep runtime (s): 0.36301302909851074
Finished EM iter: 11. Current nllh: 10901.009219168074
Starting EM iter: 12
Estep
Estep runtime (s): 0.15079021453857422
Mstep
Optimizing phi
Optimizing branch lengths. Current phi: 0. Current nu:0.27821326992354156
Optimizing nu
Mstep runtime (s): 0.29021120071411133
Finished EM iter: 12. Current nllh: 10901.009125043343
EM finished after 12 iterations.
Optimal phi: 0. Optimal nu: 0.2782101425025903. Optimal nllh: 10901.009125043343
Optimal point found for initial point 1
Numerical optimization finished successfully
Tree height pre-scaling: 0.6908785330012828, input timescale: 1.0
Tree height after scaling: 1.0, mutation rate: 0.6908785330012828
Tree height pre-scaling: 0.690878534069735, input timescale: 1.0
Tree height after scaling: 0.9999999999999999, mutation rate: 0.690878534069735
Tree height pre-scaling: 0.6908785332577043, input timescale: 1.0
Tree height after scaling: 1.0, mutation rate: 0.6908785332577043
Tree height pre-scaling: 0.6908785333012688, input timescale: 1.0
Tree height after scaling: 1.0, mutation rate: 0.6908785333012688
Tree height pre-scaling: 0.6908785329856639, input timescale: 1.0
Tree height after scaling: 1.0, mutation rate: 0.6908785329856639
Tree height pre-scaling: 0.6908785330938134, input timescale: 1.0
Tree height after scaling: 1.0, mutation rate: 0.6908785330938134
Tree height pre-scaling: 0.6908785330646021, input timescale: 1.0
Tree height after scaling: 0.9999999999999999, mutation rate: 0.6908785330646021
Tree height pre-scaling: 0.6908785332475246, input timescale: 1.0
Tree height after scaling: 0.9999999999999999, mutation rate: 0.6908785332475246
Tree height pre-scaling: 0.690878533246744, input timescale: 1.0
Tree height after scaling: 1.0, mutation rate: 0.690878533246744
Tree height pre-scaling: 0.690878532965769, input timescale: 1.0
Tree height after scaling: 0.9999999999999998, mutation rate: 0.690878532965769
Tree height pre-scaling: 0.6908785331364693, input timescale: 1.0
Tree height after scaling: 1.0, mutation rate: 0.6908785331364693
Tree height pre-scaling: 0.6908785330681119, input timescale: 1.0
Tree height after scaling: 1.0, mutation rate: 0.6908785330681119
Tree height pre-scaling: 0.6908785327737195, input timescale: 1.0
Tree height after scaling: 1.0, mutation rate: 0.6908785327737195
Tree height pre-scaling: 0.6908785327881777, input timescale: 1.0
Tree height after scaling: 1.0000000000000002, mutation rate: 0.6908785327881777
Tree height pre-scaling: 0.6908785331032836, input timescale: 1.0
Tree height after scaling: 1.0, mutation rate: 0.6908785331032836
Tree height pre-scaling: 0.6908785330228324, input timescale: 1.0
Tree height after scaling: 0.9999999999999999, mutation rate: 0.6908785330228324
Tree height pre-scaling: 0.6908785330394076, input timescale: 1.0
Tree height after scaling: 1.0, mutation rate: 0.6908785330394076
Runtime (s): 6.372406208999999
