Launching LAML version 0.0.4
LAML was called as follows: /Users/uym2/my_gits/LAML/run_laml.py -c ../../evaluation/Bar10/Bar10_character_matrix.txt -t place_outlier3/augmented_tree_101.nwk -o place_outlier3/augmented_tree_101_optimized -v -p ../../evaluation/Bar10/Bar10_priors.pickle --delimiter tab -m -1 --nInitials 1
Prior keys mismatch with site names.
Prior keys: [0, 1, 2, 3, 4, 5, 6, 7, 8, 9, 10, 11, 12, 13, 14, 15, 16, 17, 18, 19, 20, 21, 22, 23, 24, 25, 26, 27, 28, 29]
Site names: ['r1', 'r2', 'r3', 'r4', 'r5', 'r6', 'r7', 'r8', 'r9', 'r10', 'r11', 'r12', 'r13', 'r14', 'r15', 'r16', 'r17', 'r18', 'r19', 'r20', 'r21', 'r22', 'r23', 'r24', 'r25', 'r26', 'r27', 'r28', 'r29', 'r30']
Attempting to infer mapping between site names and prior keys...
{'r1': 0, 'r2': 1, 'r3': 2, 'r4': 3, 'r5': 4, 'r6': 5, 'r7': 6, 'r8': 7, 'r9': 8, 'r10': 9, 'r11': 10, 'r12': 11, 'r13': 12, 'r14': 13, 'r15': 14, 'r16': 15, 'r17': 16, 'r18': 17, 'r19': 18, 'r20': 19, 'r21': 20, 'r22': 21, 'r23': 22, 'r24': 23, 'r25': 24, 'r26': 25, 'r27': 26, 'r28': 27, 'r29': 28, 'r30': 29}
Optimizing branch lengths, phi, and nu without topology search
Optimization by EM algorithm
Optimization start with 1 initials
Initial point 1. Random seed: 5526
Numerical optimization started with ultrametric constraint (default)
Initial phi: 0. Initial nu: 0.26955655566205877. Initial nllh: 13275.61365328555
Starting EM iter: 1
Estep
Estep runtime (s): 0.10807394981384277
Mstep
Optimizing phi
Optimizing branch lengths. Current phi: 0. Current nu:0.26955655566205877
Optimizing nu
Mstep runtime (s): 0.3700838088989258
Finished EM iter: 1. Current nllh: 10751.092173969228
Starting EM iter: 2
Estep
Estep runtime (s): 0.14918112754821777
Mstep
Optimizing phi
Optimizing branch lengths. Current phi: 0. Current nu:0.27865250703907085
Optimizing nu
Mstep runtime (s): 0.34697985649108887
Finished EM iter: 2. Current nllh: 10735.243091137016
Starting EM iter: 3
Estep
Estep runtime (s): 0.14989590644836426
Mstep
Optimizing phi
Optimizing branch lengths. Current phi: 0. Current nu:0.2803830054357752
Optimizing nu
Mstep runtime (s): 0.34049487113952637
Finished EM iter: 3. Current nllh: 10733.977250427271
Starting EM iter: 4
Estep
Estep runtime (s): 0.14948391914367676
Mstep
Optimizing phi
Optimizing branch lengths. Current phi: 0. Current nu:0.28081294001627105
Optimizing nu
Mstep runtime (s): 0.335252046585083
Finished EM iter: 4. Current nllh: 10733.777233441491
Starting EM iter: 5
Estep
Estep runtime (s): 0.14977717399597168
Mstep
Optimizing phi
Optimizing branch lengths. Current phi: 0. Current nu:0.2810520506844932
Optimizing nu
Mstep runtime (s): 0.329071044921875
Finished EM iter: 5. Current nllh: 10733.72041747537
Starting EM iter: 6
Estep
Estep runtime (s): 0.15177392959594727
Mstep
Optimizing phi
Optimizing branch lengths. Current phi: 0. Current nu:0.28121050744058657
Optimizing nu
Mstep runtime (s): 0.3501870632171631
Finished EM iter: 6. Current nllh: 10733.701518784357
Starting EM iter: 7
Estep
Estep runtime (s): 0.14980626106262207
Mstep
Optimizing phi
Optimizing branch lengths. Current phi: 0. Current nu:0.28131355822709275
Optimizing nu
Mstep runtime (s): 0.3119931221008301
Finished EM iter: 7. Current nllh: 10733.691797031997
Starting EM iter: 8
Estep
Estep runtime (s): 0.15027093887329102
Mstep
Optimizing phi
Optimizing branch lengths. Current phi: 0. Current nu:0.2813851866222769
Optimizing nu
Mstep runtime (s): 0.30019593238830566
Finished EM iter: 8. Current nllh: 10733.68613158055
Starting EM iter: 9
Estep
Estep runtime (s): 0.14975380897521973
Mstep
Optimizing phi
Optimizing branch lengths. Current phi: 0. Current nu:0.2814347086599257
Optimizing nu
Mstep runtime (s): 0.29484105110168457
Finished EM iter: 9. Current nllh: 10733.68264542376
Starting EM iter: 10
Estep
Estep runtime (s): 0.1506061553955078
Mstep
Optimizing phi
Optimizing branch lengths. Current phi: 0. Current nu:0.281469980452823
Optimizing nu
Mstep runtime (s): 0.2996349334716797
Finished EM iter: 10. Current nllh: 10733.680409404076
Starting EM iter: 11
Estep
Estep runtime (s): 0.15007686614990234
Mstep
Optimizing phi
Optimizing branch lengths. Current phi: 0. Current nu:0.28149529294469583
Optimizing nu
Mstep runtime (s): 0.27162790298461914
Finished EM iter: 11. Current nllh: 10733.678921233259
Starting EM iter: 12
Estep
Estep runtime (s): 0.15062808990478516
Mstep
Optimizing phi
Optimizing branch lengths. Current phi: 0. Current nu:0.2815141609954581
Optimizing nu
Mstep runtime (s): 0.2911701202392578
Finished EM iter: 12. Current nllh: 10733.677884535402
Starting EM iter: 13
Estep
Estep runtime (s): 0.15095782279968262
Mstep
Optimizing phi
Optimizing branch lengths. Current phi: 0. Current nu:0.28152869874120207
Optimizing nu
Mstep runtime (s): 0.3192119598388672
Finished EM iter: 13. Current nllh: 10733.677172928414
Starting EM iter: 14
Estep
Estep runtime (s): 0.14995908737182617
Mstep
Optimizing phi
Optimizing branch lengths. Current phi: 0. Current nu:0.28153931509788255
Optimizing nu
Mstep runtime (s): 0.2783207893371582
Finished EM iter: 14. Current nllh: 10733.676638187877
Starting EM iter: 15
Estep
Estep runtime (s): 0.15030598640441895
Mstep
Optimizing phi
Optimizing branch lengths. Current phi: 0. Current nu:0.2815483957357589
Optimizing nu
Mstep runtime (s): 0.28994202613830566
Finished EM iter: 15. Current nllh: 10733.676253305654
Starting EM iter: 16
Estep
Estep runtime (s): 0.15058112144470215
Mstep
Optimizing phi
Optimizing branch lengths. Current phi: 0. Current nu:0.2815550841912468
Optimizing nu
Mstep runtime (s): 0.28676390647888184
Finished EM iter: 16. Current nllh: 10733.675965380238
Starting EM iter: 17
Estep
Estep runtime (s): 0.15018820762634277
Mstep
Optimizing phi
Optimizing branch lengths. Current phi: 0. Current nu:0.28156056099541293
Optimizing nu
Mstep runtime (s): 0.2952556610107422
Finished EM iter: 17. Current nllh: 10733.675751217983
Starting EM iter: 18
Estep
Estep runtime (s): 0.15043902397155762
Mstep
Optimizing phi
Optimizing branch lengths. Current phi: 0. Current nu:0.2815649186042845
Optimizing nu
Mstep runtime (s): 0.27707886695861816
Finished EM iter: 18. Current nllh: 10733.675579001527
Starting EM iter: 19
Estep
Estep runtime (s): 0.1502828598022461
Mstep
Optimizing phi
Optimizing branch lengths. Current phi: 0. Current nu:0.28156861479838097
Optimizing nu
Mstep runtime (s): 0.3281209468841553
Finished EM iter: 19. Current nllh: 10733.675457340601
Starting EM iter: 20
Estep
Estep runtime (s): 0.15297222137451172
Mstep
Optimizing phi
Optimizing branch lengths. Current phi: 0. Current nu:0.2815713623059831
Optimizing nu
Mstep runtime (s): 0.28916311264038086
Finished EM iter: 20. Current nllh: 10733.675354186456
EM finished after 20 iterations.
Optimal phi: 0. Optimal nu: 0.28157386414622654. Optimal nllh: 10733.675354186456
Optimal point found for initial point 1
Numerical optimization finished successfully
Tree height pre-scaling: 0.6874942497662908, input timescale: 1.0
Tree height after scaling: 0.9999999999999998, mutation rate: 0.6874942497662908
Tree height pre-scaling: 0.687494250039177, input timescale: 1.0
Tree height after scaling: 1.0, mutation rate: 0.687494250039177
Tree height pre-scaling: 0.687494249923168, input timescale: 1.0
Tree height after scaling: 1.0, mutation rate: 0.687494249923168
Tree height pre-scaling: 0.6874942501511986, input timescale: 1.0
Tree height after scaling: 1.0, mutation rate: 0.6874942501511986
Tree height pre-scaling: 0.6874942496106089, input timescale: 1.0
Tree height after scaling: 1.0, mutation rate: 0.6874942496106089
Tree height pre-scaling: 0.6874942494736086, input timescale: 1.0
Tree height after scaling: 0.9999999999999999, mutation rate: 0.6874942494736086
Tree height pre-scaling: 0.687494250007589, input timescale: 1.0
Tree height after scaling: 1.0, mutation rate: 0.687494250007589
Tree height pre-scaling: 0.6874942499638856, input timescale: 1.0
Tree height after scaling: 1.0, mutation rate: 0.6874942499638856
Tree height pre-scaling: 0.6874942498180143, input timescale: 1.0
Tree height after scaling: 0.9999999999999998, mutation rate: 0.6874942498180143
Tree height pre-scaling: 0.6874942498931178, input timescale: 1.0
Tree height after scaling: 1.0, mutation rate: 0.6874942498931178
Tree height pre-scaling: 0.6874942501124125, input timescale: 1.0
Tree height after scaling: 1.0, mutation rate: 0.6874942501124125
Tree height pre-scaling: 0.6874942497189351, input timescale: 1.0
Tree height after scaling: 1.0, mutation rate: 0.6874942497189351
Tree height pre-scaling: 0.6874942498963382, input timescale: 1.0
Tree height after scaling: 1.0, mutation rate: 0.6874942498963382
Tree height pre-scaling: 0.6874942497529692, input timescale: 1.0
Tree height after scaling: 1.0, mutation rate: 0.6874942497529692
Tree height pre-scaling: 0.6874942501280225, input timescale: 1.0
Tree height after scaling: 1.0, mutation rate: 0.6874942501280225
Tree height pre-scaling: 0.6874942511839714, input timescale: 1.0
Tree height after scaling: 1.0, mutation rate: 0.6874942511839714
Tree height pre-scaling: 0.6874942493921595, input timescale: 1.0
Tree height after scaling: 1.0, mutation rate: 0.6874942493921595
Runtime (s): 10.292063959
