Launching LAML version 0.0.4
LAML was called as follows: /Users/uym2/my_gits/LAML/run_laml.py -c ../../evaluation/Bar10/Bar10_character_matrix.txt -t place_outlier3/augmented_tree_188.nwk -o place_outlier3/augmented_tree_188_optimized -v -p ../../evaluation/Bar10/Bar10_priors.pickle --delimiter tab -m -1 --nInitials 1
Prior keys mismatch with site names.
Prior keys: [0, 1, 2, 3, 4, 5, 6, 7, 8, 9, 10, 11, 12, 13, 14, 15, 16, 17, 18, 19, 20, 21, 22, 23, 24, 25, 26, 27, 28, 29]
Site names: ['r1', 'r2', 'r3', 'r4', 'r5', 'r6', 'r7', 'r8', 'r9', 'r10', 'r11', 'r12', 'r13', 'r14', 'r15', 'r16', 'r17', 'r18', 'r19', 'r20', 'r21', 'r22', 'r23', 'r24', 'r25', 'r26', 'r27', 'r28', 'r29', 'r30']
Attempting to infer mapping between site names and prior keys...
{'r1': 0, 'r2': 1, 'r3': 2, 'r4': 3, 'r5': 4, 'r6': 5, 'r7': 6, 'r8': 7, 'r9': 8, 'r10': 9, 'r11': 10, 'r12': 11, 'r13': 12, 'r14': 13, 'r15': 14, 'r16': 15, 'r17': 16, 'r18': 17, 'r19': 18, 'r20': 19, 'r21': 20, 'r22': 21, 'r23': 22, 'r24': 23, 'r25': 24, 'r26': 25, 'r27': 26, 'r28': 27, 'r29': 28, 'r30': 29}
Optimizing branch lengths, phi, and nu without topology search
Optimization by EM algorithm
Optimization start with 1 initials
Initial point 1. Random seed: 6837
Numerical optimization started with ultrametric constraint (default)
Initial phi: 0. Initial nu: 0.26955655566205877. Initial nllh: 12837.79636186978
Starting EM iter: 1
Estep
Estep runtime (s): 0.11390018463134766
Mstep
Optimizing phi
Optimizing branch lengths. Current phi: 0. Current nu:0.26955655566205877
Optimizing nu
Mstep runtime (s): 0.358201265335083
Finished EM iter: 1. Current nllh: 10773.637788811853
Starting EM iter: 2
Estep
Estep runtime (s): 0.14988422393798828
Mstep
Optimizing phi
Optimizing branch lengths. Current phi: 0. Current nu:0.2803353450547007
Optimizing nu
Mstep runtime (s): 0.320781946182251
Finished EM iter: 2. Current nllh: 10751.80752838648
Starting EM iter: 3
Estep
Estep runtime (s): 0.14977002143859863
Mstep
Optimizing phi
Optimizing branch lengths. Current phi: 0. Current nu:0.28168366783252363
Optimizing nu
Mstep runtime (s): 0.32303309440612793
Finished EM iter: 3. Current nllh: 10749.976967980645
Starting EM iter: 4
Estep
Estep runtime (s): 0.15221619606018066
Mstep
Optimizing phi
Optimizing branch lengths. Current phi: 0. Current nu:0.28161800270604154
Optimizing nu
Mstep runtime (s): 0.3025538921356201
Finished EM iter: 4. Current nllh: 10749.783197734587
Starting EM iter: 5
Estep
Estep runtime (s): 0.14997291564941406
Mstep
Optimizing phi
Optimizing branch lengths. Current phi: 0. Current nu:0.2816349038744194
Optimizing nu
Mstep runtime (s): 0.30410027503967285
Finished EM iter: 5. Current nllh: 10749.73097798854
Starting EM iter: 6
Estep
Estep runtime (s): 0.1530289649963379
Mstep
Optimizing phi
Optimizing branch lengths. Current phi: 0. Current nu:0.28170991281570457
Optimizing nu
Mstep runtime (s): 0.30526304244995117
Finished EM iter: 6. Current nllh: 10749.714464612985
Starting EM iter: 7
Estep
Estep runtime (s): 0.15282821655273438
Mstep
Optimizing phi
Optimizing branch lengths. Current phi: 0. Current nu:0.28178270503160535
Optimizing nu
Mstep runtime (s): 0.36171412467956543
Finished EM iter: 7. Current nllh: 10749.705623582055
Starting EM iter: 8
Estep
Estep runtime (s): 0.1532289981842041
Mstep
Optimizing phi
Optimizing branch lengths. Current phi: 0. Current nu:0.2818424383592541
Optimizing nu
Mstep runtime (s): 0.2867467403411865
Finished EM iter: 8. Current nllh: 10749.700374638183
Starting EM iter: 9
Estep
Estep runtime (s): 0.1501460075378418
Mstep
Optimizing phi
Optimizing branch lengths. Current phi: 0. Current nu:0.2818869932057546
Optimizing nu
Mstep runtime (s): 0.28301382064819336
Finished EM iter: 9. Current nllh: 10749.69708559982
Starting EM iter: 10
Estep
Estep runtime (s): 0.15117788314819336
Mstep
Optimizing phi
Optimizing branch lengths. Current phi: 0. Current nu:0.28191974766853706
Optimizing nu
Mstep runtime (s): 0.37389516830444336
Finished EM iter: 10. Current nllh: 10749.694937730135
Starting EM iter: 11
Estep
Estep runtime (s): 0.1506810188293457
Mstep
Optimizing phi
Optimizing branch lengths. Current phi: 0. Current nu:0.2819443984895376
Optimizing nu
Mstep runtime (s): 0.3261692523956299
Finished EM iter: 11. Current nllh: 10749.693491829032
Starting EM iter: 12
Estep
Estep runtime (s): 0.15117168426513672
Mstep
Optimizing phi
Optimizing branch lengths. Current phi: 0. Current nu:0.28196277774003614
Optimizing nu
Mstep runtime (s): 0.30362606048583984
Finished EM iter: 12. Current nllh: 10749.692490580866
Starting EM iter: 13
Estep
Estep runtime (s): 0.15301203727722168
Mstep
Optimizing phi
Optimizing branch lengths. Current phi: 0. Current nu:0.2819771163596389
Optimizing nu
Mstep runtime (s): 0.30975985527038574
Finished EM iter: 13. Current nllh: 10749.6917824615
Starting EM iter: 14
Estep
Estep runtime (s): 0.15099692344665527
Mstep
Optimizing phi
Optimizing branch lengths. Current phi: 0. Current nu:0.28198804947050543
Optimizing nu
Mstep runtime (s): 0.283217191696167
Finished EM iter: 14. Current nllh: 10749.691270497035
Starting EM iter: 15
Estep
Estep runtime (s): 0.15298104286193848
Mstep
Optimizing phi
Optimizing branch lengths. Current phi: 0. Current nu:0.28199686438469457
Optimizing nu
Mstep runtime (s): 0.3231391906738281
Finished EM iter: 15. Current nllh: 10749.690896603162
Starting EM iter: 16
Estep
Estep runtime (s): 0.15155887603759766
Mstep
Optimizing phi
Optimizing branch lengths. Current phi: 0. Current nu:0.2820034226091509
Optimizing nu
Mstep runtime (s): 0.30242300033569336
Finished EM iter: 16. Current nllh: 10749.690627741098
Starting EM iter: 17
Estep
Estep runtime (s): 0.15073895454406738
Mstep
Optimizing phi
Optimizing branch lengths. Current phi: 0. Current nu:0.28200874985803653
Optimizing nu
Mstep runtime (s): 0.2992258071899414
Finished EM iter: 17. Current nllh: 10749.690418553799
Starting EM iter: 18
Estep
Estep runtime (s): 0.1540229320526123
Mstep
Optimizing phi
Optimizing branch lengths. Current phi: 0. Current nu:0.2820130041776469
Optimizing nu
Mstep runtime (s): 0.3049640655517578
Finished EM iter: 18. Current nllh: 10749.690258383305
Starting EM iter: 19
Estep
Estep runtime (s): 0.1512150764465332
Mstep
Optimizing phi
Optimizing branch lengths. Current phi: 0. Current nu:0.28201672249059007
Optimizing nu
Mstep runtime (s): 0.3184370994567871
Finished EM iter: 19. Current nllh: 10749.690137947446
Starting EM iter: 20
Estep
Estep runtime (s): 0.15379619598388672
Mstep
Optimizing phi
Optimizing branch lengths. Current phi: 0. Current nu:0.28201941538964925
Optimizing nu
Mstep runtime (s): 0.303602933883667
Finished EM iter: 20. Current nllh: 10749.690044882853
EM finished after 20 iterations.
Optimal phi: 0. Optimal nu: 0.2820218237650827. Optimal nllh: 10749.690044882853
Optimal point found for initial point 1
Numerical optimization finished successfully
Tree height pre-scaling: 0.6963798340010251, input timescale: 1.0
Tree height after scaling: 1.0, mutation rate: 0.6963798340010251
Tree height pre-scaling: 0.6963798341049701, input timescale: 1.0
Tree height after scaling: 1.0, mutation rate: 0.6963798341049701
Tree height pre-scaling: 0.6963798340711713, input timescale: 1.0
Tree height after scaling: 1.0, mutation rate: 0.6963798340711713
Tree height pre-scaling: 0.6963798341742369, input timescale: 1.0
Tree height after scaling: 1.0, mutation rate: 0.6963798341742369
Tree height pre-scaling: 0.6963798339115221, input timescale: 1.0
Tree height after scaling: 0.9999999999999999, mutation rate: 0.6963798339115221
Tree height pre-scaling: 0.6963798338480219, input timescale: 1.0
Tree height after scaling: 1.0, mutation rate: 0.6963798338480219
Tree height pre-scaling: 0.6963798341128069, input timescale: 1.0
Tree height after scaling: 1.0, mutation rate: 0.6963798341128069
Tree height pre-scaling: 0.6963798340920517, input timescale: 1.0
Tree height after scaling: 0.9999999999999998, mutation rate: 0.6963798340920517
Tree height pre-scaling: 0.6963798340228777, input timescale: 1.0
Tree height after scaling: 1.0, mutation rate: 0.6963798340228777
Tree height pre-scaling: 0.6963798340626687, input timescale: 1.0
Tree height after scaling: 1.0, mutation rate: 0.6963798340626687
Tree height pre-scaling: 0.6963798346520532, input timescale: 1.0
Tree height after scaling: 1.0, mutation rate: 0.6963798346520532
Tree height pre-scaling: 0.6963798341440399, input timescale: 1.0
Tree height after scaling: 0.9999999999999999, mutation rate: 0.6963798341440399
Tree height pre-scaling: 0.6963798341869976, input timescale: 1.0
Tree height after scaling: 1.0, mutation rate: 0.6963798341869976
Tree height pre-scaling: 0.6963798339903365, input timescale: 1.0
Tree height after scaling: 1.0, mutation rate: 0.6963798339903365
Tree height pre-scaling: 0.6963798340663367, input timescale: 1.0
Tree height after scaling: 1.0, mutation rate: 0.6963798340663367
Tree height pre-scaling: 0.6963798340406009, input timescale: 1.0
Tree height after scaling: 1.0, mutation rate: 0.6963798340406009
Tree height pre-scaling: 0.6963798344972691, input timescale: 1.0
Tree height after scaling: 1.0, mutation rate: 0.6963798344972691
Runtime (s): 10.416048792
