Launching LAML version 0.0.4
LAML was called as follows: /Users/uym2/my_gits/LAML/run_laml.py -c ../../evaluation/Bar10/Bar10_character_matrix.txt -t place_outlier3/augmented_tree_105.nwk -o place_outlier3/augmented_tree_105_optimized -v -p ../../evaluation/Bar10/Bar10_priors.pickle --delimiter tab -m -1 --nInitials 1
Prior keys mismatch with site names.
Prior keys: [0, 1, 2, 3, 4, 5, 6, 7, 8, 9, 10, 11, 12, 13, 14, 15, 16, 17, 18, 19, 20, 21, 22, 23, 24, 25, 26, 27, 28, 29]
Site names: ['r1', 'r2', 'r3', 'r4', 'r5', 'r6', 'r7', 'r8', 'r9', 'r10', 'r11', 'r12', 'r13', 'r14', 'r15', 'r16', 'r17', 'r18', 'r19', 'r20', 'r21', 'r22', 'r23', 'r24', 'r25', 'r26', 'r27', 'r28', 'r29', 'r30']
Attempting to infer mapping between site names and prior keys...
{'r1': 0, 'r2': 1, 'r3': 2, 'r4': 3, 'r5': 4, 'r6': 5, 'r7': 6, 'r8': 7, 'r9': 8, 'r10': 9, 'r11': 10, 'r12': 11, 'r13': 12, 'r14': 13, 'r15': 14, 'r16': 15, 'r17': 16, 'r18': 17, 'r19': 18, 'r20': 19, 'r21': 20, 'r22': 21, 'r23': 22, 'r24': 23, 'r25': 24, 'r26': 25, 'r27': 26, 'r28': 27, 'r29': 28, 'r30': 29}
Optimizing branch lengths, phi, and nu without topology search
Optimization by EM algorithm
Optimization start with 1 initials
Initial point 1. Random seed: 9478
Numerical optimization started with ultrametric constraint (default)
Initial phi: 0. Initial nu: 0.26955655566205877. Initial nllh: 13182.144475070032
Starting EM iter: 1
Estep
Estep runtime (s): 0.11025595664978027
Mstep
Optimizing phi
Optimizing branch lengths. Current phi: 0. Current nu:0.26955655566205877
Optimizing nu
Mstep runtime (s): 0.38175320625305176
Finished EM iter: 1. Current nllh: 10789.876338120743
Starting EM iter: 2
Estep
Estep runtime (s): 0.1494150161743164
Mstep
Optimizing phi
Optimizing branch lengths. Current phi: 0. Current nu:0.27733959797168545
Optimizing nu
Mstep runtime (s): 0.29359984397888184
Finished EM iter: 2. Current nllh: 10775.096388429529
Starting EM iter: 3
Estep
Estep runtime (s): 0.1500082015991211
Mstep
Optimizing phi
Optimizing branch lengths. Current phi: 0. Current nu:0.2786019012720356
Optimizing nu
Mstep runtime (s): 0.3201279640197754
Finished EM iter: 3. Current nllh: 10773.839030956668
Starting EM iter: 4
Estep
Estep runtime (s): 0.15151309967041016
Mstep
Optimizing phi
Optimizing branch lengths. Current phi: 0. Current nu:0.2788999629325427
Optimizing nu
Mstep runtime (s): 0.3372538089752197
Finished EM iter: 4. Current nllh: 10773.643333237938
Starting EM iter: 5
Estep
Estep runtime (s): 0.15004181861877441
Mstep
Optimizing phi
Optimizing branch lengths. Current phi: 0. Current nu:0.2790991707674225
Optimizing nu
Mstep runtime (s): 0.3302338123321533
Finished EM iter: 5. Current nllh: 10773.58761048338
Starting EM iter: 6
Estep
Estep runtime (s): 0.14979219436645508
Mstep
Optimizing phi
Optimizing branch lengths. Current phi: 0. Current nu:0.27924259394411177
Optimizing nu
Mstep runtime (s): 0.32810401916503906
Finished EM iter: 6. Current nllh: 10773.569395550177
Starting EM iter: 7
Estep
Estep runtime (s): 0.14985179901123047
Mstep
Optimizing phi
Optimizing branch lengths. Current phi: 0. Current nu:0.27934036000803886
Optimizing nu
Mstep runtime (s): 0.2797091007232666
Finished EM iter: 7. Current nllh: 10773.559978640844
Starting EM iter: 8
Estep
Estep runtime (s): 0.1500720977783203
Mstep
Optimizing phi
Optimizing branch lengths. Current phi: 0. Current nu:0.2794094075763605
Optimizing nu
Mstep runtime (s): 0.31511378288269043
Finished EM iter: 8. Current nllh: 10773.55446824133
Starting EM iter: 9
Estep
Estep runtime (s): 0.15015482902526855
Mstep
Optimizing phi
Optimizing branch lengths. Current phi: 0. Current nu:0.279457591617472
Optimizing nu
Mstep runtime (s): 0.2918891906738281
Finished EM iter: 9. Current nllh: 10773.551094441336
Starting EM iter: 10
Estep
Estep runtime (s): 0.14998817443847656
Mstep
Optimizing phi
Optimizing branch lengths. Current phi: 0. Current nu:0.2794915874578081
Optimizing nu
Mstep runtime (s): 0.28841423988342285
Finished EM iter: 10. Current nllh: 10773.54892303546
Starting EM iter: 11
Estep
Estep runtime (s): 0.1501319408416748
Mstep
Optimizing phi
Optimizing branch lengths. Current phi: 0. Current nu:0.27951639393061656
Optimizing nu
Mstep runtime (s): 0.316011905670166
Finished EM iter: 11. Current nllh: 10773.547601216296
Starting EM iter: 12
Estep
Estep runtime (s): 0.1499488353729248
Mstep
Optimizing phi
Optimizing branch lengths. Current phi: 0. Current nu:0.2795314974326446
Optimizing nu
Mstep runtime (s): 0.3894379138946533
Finished EM iter: 12. Current nllh: 10773.546560934452
Starting EM iter: 13
Estep
Estep runtime (s): 0.15032196044921875
Mstep
Optimizing phi
Optimizing branch lengths. Current phi: 0. Current nu:0.27954770512947497
Optimizing nu
Mstep runtime (s): 0.29969096183776855
Finished EM iter: 13. Current nllh: 10773.545818908864
Starting EM iter: 14
Estep
Estep runtime (s): 0.15024304389953613
Mstep
Optimizing phi
Optimizing branch lengths. Current phi: 0. Current nu:0.2795588573187828
Optimizing nu
Mstep runtime (s): 0.3411729335784912
Finished EM iter: 14. Current nllh: 10773.545283770785
Starting EM iter: 15
Estep
Estep runtime (s): 0.15044498443603516
Mstep
Optimizing phi
Optimizing branch lengths. Current phi: 0. Current nu:0.27956792865916413
Optimizing nu
Mstep runtime (s): 0.32860898971557617
Finished EM iter: 15. Current nllh: 10773.544909914506
Starting EM iter: 16
Estep
Estep runtime (s): 0.15032410621643066
Mstep
Optimizing phi
Optimizing branch lengths. Current phi: 0. Current nu:0.2795745922473058
Optimizing nu
Mstep runtime (s): 0.37562012672424316
Finished EM iter: 16. Current nllh: 10773.544638387386
Starting EM iter: 17
Estep
Estep runtime (s): 0.1503763198852539
Mstep
Optimizing phi
Optimizing branch lengths. Current phi: 0. Current nu:0.27957976028823006
Optimizing nu
Mstep runtime (s): 0.34340786933898926
Finished EM iter: 17. Current nllh: 10773.544473559507
Starting EM iter: 18
Estep
Estep runtime (s): 0.15015220642089844
Mstep
Optimizing phi
Optimizing branch lengths. Current phi: 0. Current nu:0.279584267121525
Optimizing nu
Mstep runtime (s): 0.3716111183166504
Finished EM iter: 18. Current nllh: 10773.544269904081
Starting EM iter: 19
Estep
Estep runtime (s): 0.15094208717346191
Mstep
Optimizing phi
Optimizing branch lengths. Current phi: 0. Current nu:0.27958860148163583
Optimizing nu
Mstep runtime (s): 0.2995181083679199
Finished EM iter: 19. Current nllh: 10773.544124505373
Starting EM iter: 20
Estep
Estep runtime (s): 0.15044093132019043
Mstep
Optimizing phi
Optimizing branch lengths. Current phi: 0. Current nu:0.2795907356196294
Optimizing nu
Mstep runtime (s): 0.3188152313232422
Finished EM iter: 20. Current nllh: 10773.544014572846
Starting EM iter: 21
Estep
Estep runtime (s): 0.15186405181884766
Mstep
Optimizing phi
Optimizing branch lengths. Current phi: 0. Current nu:0.27959442216599883
Optimizing nu
Mstep runtime (s): 0.3490018844604492
Finished EM iter: 21. Current nllh: 10773.54391882679
EM finished after 21 iterations.
Optimal phi: 0. Optimal nu: 0.2795963994996158. Optimal nllh: 10773.54391882679
Optimal point found for initial point 1
Numerical optimization finished successfully
Tree height pre-scaling: 0.6889025213120585, input timescale: 1.0
Tree height after scaling: 1.0, mutation rate: 0.6889025213120585
Tree height pre-scaling: 0.6889025968515775, input timescale: 1.0
Tree height after scaling: 1.0, mutation rate: 0.6889025968515775
Tree height pre-scaling: 0.6889025626044734, input timescale: 1.0
Tree height after scaling: 1.0, mutation rate: 0.6889025626044734
Tree height pre-scaling: 0.6889026206933916, input timescale: 1.0
Tree height after scaling: 1.0, mutation rate: 0.6889026206933916
Tree height pre-scaling: 0.688902476695026, input timescale: 1.0
Tree height after scaling: 1.0, mutation rate: 0.688902476695026
Tree height pre-scaling: 0.6889024418097794, input timescale: 1.0
Tree height after scaling: 1.0, mutation rate: 0.6889024418097794
Tree height pre-scaling: 0.6889025871666202, input timescale: 1.0
Tree height after scaling: 1.0, mutation rate: 0.6889025871666202
Tree height pre-scaling: 0.6889025774731148, input timescale: 1.0
Tree height after scaling: 0.9999999999999999, mutation rate: 0.6889025774731148
Tree height pre-scaling: 0.6889025373315002, input timescale: 1.0
Tree height after scaling: 1.0000000000000002, mutation rate: 0.6889025373315002
Tree height pre-scaling: 0.6889025573573923, input timescale: 1.0
Tree height after scaling: 0.9999999999999999, mutation rate: 0.6889025573573923
Tree height pre-scaling: 0.6889026148502396, input timescale: 1.0
Tree height after scaling: 1.0000000000000002, mutation rate: 0.6889026148502396
Tree height pre-scaling: 0.6889025062762132, input timescale: 1.0
Tree height after scaling: 1.0, mutation rate: 0.6889025062762132
Tree height pre-scaling: 0.6889025581096146, input timescale: 1.0
Tree height after scaling: 1.0, mutation rate: 0.6889025581096146
Tree height pre-scaling: 0.6889025180606304, input timescale: 1.0
Tree height after scaling: 1.0, mutation rate: 0.6889025180606304
Tree height pre-scaling: 0.68890261827725, input timescale: 1.0
Tree height after scaling: 1.0, mutation rate: 0.68890261827725
Tree height pre-scaling: 0.6889028992937279, input timescale: 1.0
Tree height after scaling: 1.0, mutation rate: 0.6889028992937279
Tree height pre-scaling: 0.6889024205653594, input timescale: 1.0
Tree height after scaling: 1.0, mutation rate: 0.6889024205653594
Runtime (s): 11.165279792
