Launching LAML version 0.0.4
LAML was called as follows: /Users/uym2/my_gits/LAML/run_laml.py -c ../../evaluation/Bar10/Bar10_character_matrix.txt -t place_outlier3/augmented_tree_355.nwk -o place_outlier3/augmented_tree_355_optimized -v -p ../../evaluation/Bar10/Bar10_priors.pickle --delimiter tab -m -1 --nInitials 1
Prior keys mismatch with site names.
Prior keys: [0, 1, 2, 3, 4, 5, 6, 7, 8, 9, 10, 11, 12, 13, 14, 15, 16, 17, 18, 19, 20, 21, 22, 23, 24, 25, 26, 27, 28, 29]
Site names: ['r1', 'r2', 'r3', 'r4', 'r5', 'r6', 'r7', 'r8', 'r9', 'r10', 'r11', 'r12', 'r13', 'r14', 'r15', 'r16', 'r17', 'r18', 'r19', 'r20', 'r21', 'r22', 'r23', 'r24', 'r25', 'r26', 'r27', 'r28', 'r29', 'r30']
Attempting to infer mapping between site names and prior keys...
{'r1': 0, 'r2': 1, 'r3': 2, 'r4': 3, 'r5': 4, 'r6': 5, 'r7': 6, 'r8': 7, 'r9': 8, 'r10': 9, 'r11': 10, 'r12': 11, 'r13': 12, 'r14': 13, 'r15': 14, 'r16': 15, 'r17': 16, 'r18': 17, 'r19': 18, 'r20': 19, 'r21': 20, 'r22': 21, 'r23': 22, 'r24': 23, 'r25': 24, 'r26': 25, 'r27': 26, 'r28': 27, 'r29': 28, 'r30': 29}
Optimizing branch lengths, phi, and nu without topology search
Optimization by EM algorithm
Optimization start with 1 initials
Initial point 1. Random seed: 2842
Numerical optimization started with ultrametric constraint (default)
Initial phi: 0. Initial nu: 0.26955655566205877. Initial nllh: 12775.020520318169
Starting EM iter: 1
Estep
Estep runtime (s): 0.10769391059875488
Mstep
Optimizing phi
Optimizing branch lengths. Current phi: 0. Current nu:0.26955655566205877
Optimizing nu
Mstep runtime (s): 0.38063693046569824
Finished EM iter: 1. Current nllh: 10746.883595630828
Starting EM iter: 2
Estep
Estep runtime (s): 0.14760327339172363
Mstep
Optimizing phi
Optimizing branch lengths. Current phi: 0. Current nu:0.2842753508154579
Optimizing nu
Mstep runtime (s): 0.28466081619262695
Finished EM iter: 2. Current nllh: 10722.956316107326
Starting EM iter: 3
Estep
Estep runtime (s): 0.1474618911743164
Mstep
Optimizing phi
Optimizing branch lengths. Current phi: 0. Current nu:0.28547303328512214
Optimizing nu
Mstep runtime (s): 0.28267526626586914
Finished EM iter: 3. Current nllh: 10721.026874187393
Starting EM iter: 4
Estep
Estep runtime (s): 0.14539480209350586
Mstep
Optimizing phi
Optimizing branch lengths. Current phi: 0. Current nu:0.28496098806016723
Optimizing nu
Mstep runtime (s): 0.32826924324035645
Finished EM iter: 4. Current nllh: 10720.878344113728
Starting EM iter: 5
Estep
Estep runtime (s): 0.14813804626464844
Mstep
Optimizing phi
Optimizing branch lengths. Current phi: 0. Current nu:0.28478036570794213
Optimizing nu
Mstep runtime (s): 0.2893359661102295
Finished EM iter: 5. Current nllh: 10720.845886777684
Starting EM iter: 6
Estep
Estep runtime (s): 0.14541387557983398
Mstep
Optimizing phi
Optimizing branch lengths. Current phi: 0. Current nu:0.2847874046009657
Optimizing nu
Mstep runtime (s): 0.3059241771697998
Finished EM iter: 6. Current nllh: 10720.831012189195
Starting EM iter: 7
Estep
Estep runtime (s): 0.14722371101379395
Mstep
Optimizing phi
Optimizing branch lengths. Current phi: 0. Current nu:0.28483976016102314
Optimizing nu
Mstep runtime (s): 0.30338597297668457
Finished EM iter: 7. Current nllh: 10720.821920898103
Starting EM iter: 8
Estep
Estep runtime (s): 0.14720892906188965
Mstep
Optimizing phi
Optimizing branch lengths. Current phi: 0. Current nu:0.2848913633532519
Optimizing nu
Mstep runtime (s): 0.32593798637390137
Finished EM iter: 8. Current nllh: 10720.815733326051
Starting EM iter: 9
Estep
Estep runtime (s): 0.14557695388793945
Mstep
Optimizing phi
Optimizing branch lengths. Current phi: 0. Current nu:0.28493240755486826
Optimizing nu
Mstep runtime (s): 0.3091239929199219
Finished EM iter: 9. Current nllh: 10720.812012994114
Starting EM iter: 10
Estep
Estep runtime (s): 0.1473863124847412
Mstep
Optimizing phi
Optimizing branch lengths. Current phi: 0. Current nu:0.2849631946468829
Optimizing nu
Mstep runtime (s): 0.3742551803588867
Finished EM iter: 10. Current nllh: 10720.81016782445
Starting EM iter: 11
Estep
Estep runtime (s): 0.14644980430603027
Mstep
Optimizing phi
Optimizing branch lengths. Current phi: 0. Current nu:0.2849851671319464
Optimizing nu
Mstep runtime (s): 0.33889198303222656
Finished EM iter: 11. Current nllh: 10720.80880859677
Starting EM iter: 12
Estep
Estep runtime (s): 0.14801597595214844
Mstep
Optimizing phi
Optimizing branch lengths. Current phi: 0. Current nu:0.2850028502125009
Optimizing nu
Mstep runtime (s): 0.31050801277160645
Finished EM iter: 12. Current nllh: 10720.808022146966
Starting EM iter: 13
Estep
Estep runtime (s): 0.14722013473510742
Mstep
Optimizing phi
Optimizing branch lengths. Current phi: 0. Current nu:0.2850162191894238
Optimizing nu
Mstep runtime (s): 0.35186195373535156
Finished EM iter: 13. Current nllh: 10720.807273201104
Starting EM iter: 14
Estep
Estep runtime (s): 0.14846372604370117
Mstep
Optimizing phi
Optimizing branch lengths. Current phi: 0. Current nu:0.28502650910945637
Optimizing nu
Mstep runtime (s): 0.27756476402282715
Finished EM iter: 14. Current nllh: 10720.806886970844
Starting EM iter: 15
Estep
Estep runtime (s): 0.14590787887573242
Mstep
Optimizing phi
Optimizing branch lengths. Current phi: 0. Current nu:0.28503509860177834
Optimizing nu
Mstep runtime (s): 0.3508458137512207
Finished EM iter: 15. Current nllh: 10720.806494191693
Starting EM iter: 16
Estep
Estep runtime (s): 0.14607834815979004
Mstep
Optimizing phi
Optimizing branch lengths. Current phi: 0. Current nu:0.28504094635660016
Optimizing nu
Mstep runtime (s): 0.30766797065734863
Finished EM iter: 16. Current nllh: 10720.806122862015
Starting EM iter: 17
Estep
Estep runtime (s): 0.14659404754638672
Mstep
Optimizing phi
Optimizing branch lengths. Current phi: 0. Current nu:0.2850465601891719
Optimizing nu
Mstep runtime (s): 0.3191390037536621
Finished EM iter: 17. Current nllh: 10720.806083505884
EM finished after 17 iterations.
Optimal phi: 0. Optimal nu: 0.28505052536196274. Optimal nllh: 10720.806083505884
Optimal point found for initial point 1
Numerical optimization finished successfully
Tree height pre-scaling: 0.691694268180447, input timescale: 1.0
Tree height after scaling: 1.0, mutation rate: 0.691694268180447
Tree height pre-scaling: 0.6916942682880812, input timescale: 1.0
Tree height after scaling: 1.0, mutation rate: 0.6916942682880812
Tree height pre-scaling: 0.6916942686779616, input timescale: 1.0
Tree height after scaling: 1.0, mutation rate: 0.6916942686779616
Tree height pre-scaling: 0.6916942683030111, input timescale: 1.0
Tree height after scaling: 1.0000000000000002, mutation rate: 0.6916942683030111
Tree height pre-scaling: 0.6916942683209742, input timescale: 1.0
Tree height after scaling: 1.0, mutation rate: 0.6916942683209742
Tree height pre-scaling: 0.6916942681750844, input timescale: 1.0
Tree height after scaling: 1.0, mutation rate: 0.6916942681750844
Tree height pre-scaling: 0.6916942682137113, input timescale: 1.0
Tree height after scaling: 1.0, mutation rate: 0.6916942682137113
Tree height pre-scaling: 0.6916942682144789, input timescale: 1.0
Tree height after scaling: 1.0, mutation rate: 0.6916942682144789
Tree height pre-scaling: 0.691694268288276, input timescale: 1.0
Tree height after scaling: 0.9999999999999999, mutation rate: 0.691694268288276
Tree height pre-scaling: 0.6916942682993759, input timescale: 1.0
Tree height after scaling: 1.0, mutation rate: 0.6916942682993759
Tree height pre-scaling: 0.6916942681552306, input timescale: 1.0
Tree height after scaling: 1.0, mutation rate: 0.6916942681552306
Tree height pre-scaling: 0.6916942682429197, input timescale: 1.0
Tree height after scaling: 1.0, mutation rate: 0.6916942682429197
Tree height pre-scaling: 0.6916942682135099, input timescale: 1.0
Tree height after scaling: 1.0, mutation rate: 0.6916942682135099
Tree height pre-scaling: 0.6916942680658165, input timescale: 1.0
Tree height after scaling: 1.0, mutation rate: 0.6916942680658165
Tree height pre-scaling: 0.6916942680777589, input timescale: 1.0
Tree height after scaling: 1.0, mutation rate: 0.6916942680777589
Tree height pre-scaling: 0.6916942682307304, input timescale: 1.0
Tree height after scaling: 1.0, mutation rate: 0.6916942682307304
Tree height pre-scaling: 0.6916942682440879, input timescale: 1.0
Tree height after scaling: 1.0, mutation rate: 0.6916942682440879
Runtime (s): 8.881642875
