Launching LAML version 0.0.4
LAML was called as follows: /Users/uym2/my_gits/LAML/run_laml.py -c ../../evaluation/Bar10/Bar10_character_matrix.txt -t place_outlier3/augmented_tree_444.nwk -o place_outlier3/augmented_tree_444_optimized -v -p ../../evaluation/Bar10/Bar10_priors.pickle --delimiter tab -m -1 --nInitials 1
Prior keys mismatch with site names.
Prior keys: [0, 1, 2, 3, 4, 5, 6, 7, 8, 9, 10, 11, 12, 13, 14, 15, 16, 17, 18, 19, 20, 21, 22, 23, 24, 25, 26, 27, 28, 29]
Site names: ['r1', 'r2', 'r3', 'r4', 'r5', 'r6', 'r7', 'r8', 'r9', 'r10', 'r11', 'r12', 'r13', 'r14', 'r15', 'r16', 'r17', 'r18', 'r19', 'r20', 'r21', 'r22', 'r23', 'r24', 'r25', 'r26', 'r27', 'r28', 'r29', 'r30']
Attempting to infer mapping between site names and prior keys...
{'r1': 0, 'r2': 1, 'r3': 2, 'r4': 3, 'r5': 4, 'r6': 5, 'r7': 6, 'r8': 7, 'r9': 8, 'r10': 9, 'r11': 10, 'r12': 11, 'r13': 12, 'r14': 13, 'r15': 14, 'r16': 15, 'r17': 16, 'r18': 17, 'r19': 18, 'r20': 19, 'r21': 20, 'r22': 21, 'r23': 22, 'r24': 23, 'r25': 24, 'r26': 25, 'r27': 26, 'r28': 27, 'r29': 28, 'r30': 29}
Optimizing branch lengths, phi, and nu without topology search
Optimization by EM algorithm
Optimization start with 1 initials
Initial point 1. Random seed: 8459
Numerical optimization started with ultrametric constraint (default)
Initial phi: 0. Initial nu: 0.26955655566205877. Initial nllh: 13455.247432710587
Starting EM iter: 1
Estep
Estep runtime (s): 0.10848784446716309
Mstep
Optimizing phi
Optimizing branch lengths. Current phi: 0. Current nu:0.26955655566205877
Optimizing nu
Mstep runtime (s): 0.30811405181884766
Finished EM iter: 1. Current nllh: 10738.096137354789
Starting EM iter: 2
Estep
Estep runtime (s): 0.14629721641540527
Mstep
Optimizing phi
Optimizing branch lengths. Current phi: 0. Current nu:0.2825297771016159
Optimizing nu
Mstep runtime (s): 0.30173492431640625
Finished EM iter: 2. Current nllh: 10722.09967649446
Starting EM iter: 3
Estep
Estep runtime (s): 0.14669179916381836
Mstep
Optimizing phi
Optimizing branch lengths. Current phi: 0. Current nu:0.28411744337545564
Optimizing nu
Mstep runtime (s): 0.3476989269256592
Finished EM iter: 3. Current nllh: 10720.266237004205
Starting EM iter: 4
Estep
Estep runtime (s): 0.14974498748779297
Mstep
Optimizing phi
Optimizing branch lengths. Current phi: 0. Current nu:0.28395818486473556
Optimizing nu
Mstep runtime (s): 0.30275988578796387
Finished EM iter: 4. Current nllh: 10720.10877361038
Starting EM iter: 5
Estep
Estep runtime (s): 0.14682221412658691
Mstep
Optimizing phi
Optimizing branch lengths. Current phi: 0. Current nu:0.28379183116493273
Optimizing nu
Mstep runtime (s): 0.2820169925689697
Finished EM iter: 5. Current nllh: 10720.078851612934
Starting EM iter: 6
Estep
Estep runtime (s): 0.14676499366760254
Mstep
Optimizing phi
Optimizing branch lengths. Current phi: 0. Current nu:0.28371178125435353
Optimizing nu
Mstep runtime (s): 0.2869422435760498
Finished EM iter: 6. Current nllh: 10720.071577788205
Starting EM iter: 7
Estep
Estep runtime (s): 0.1468188762664795
Mstep
Optimizing phi
Optimizing branch lengths. Current phi: 0. Current nu:0.28367441719986464
Optimizing nu
Mstep runtime (s): 0.31380701065063477
Finished EM iter: 7. Current nllh: 10720.068200360014
Starting EM iter: 8
Estep
Estep runtime (s): 0.14686799049377441
Mstep
Optimizing phi
Optimizing branch lengths. Current phi: 0. Current nu:0.28365795580316683
Optimizing nu
Mstep runtime (s): 0.2964901924133301
Finished EM iter: 8. Current nllh: 10720.066352079788
Starting EM iter: 9
Estep
Estep runtime (s): 0.14708399772644043
Mstep
Optimizing phi
Optimizing branch lengths. Current phi: 0. Current nu:0.2836477111860546
Optimizing nu
Mstep runtime (s): 0.3316762447357178
Finished EM iter: 9. Current nllh: 10720.064914936293
Starting EM iter: 10
Estep
Estep runtime (s): 0.14686298370361328
Mstep
Optimizing phi
Optimizing branch lengths. Current phi: 0. Current nu:0.28364407842349937
Optimizing nu
Mstep runtime (s): 0.31554603576660156
Finished EM iter: 10. Current nllh: 10720.06430112716
Starting EM iter: 11
Estep
Estep runtime (s): 0.14726781845092773
Mstep
Optimizing phi
Optimizing branch lengths. Current phi: 0. Current nu:0.2836393942994134
Optimizing nu
Mstep runtime (s): 0.3155381679534912
Finished EM iter: 11. Current nllh: 10720.063846748237
Starting EM iter: 12
Estep
Estep runtime (s): 0.14687800407409668
Mstep
Optimizing phi
Optimizing branch lengths. Current phi: 0. Current nu:0.2836367616834931
Optimizing nu
Mstep runtime (s): 0.33974575996398926
Finished EM iter: 12. Current nllh: 10720.063338769207
Starting EM iter: 13
Estep
Estep runtime (s): 0.1473541259765625
Mstep
Optimizing phi
Optimizing branch lengths. Current phi: 0. Current nu:0.28363750075406385
Optimizing nu
Mstep runtime (s): 0.33304810523986816
Finished EM iter: 13. Current nllh: 10720.06326608363
EM finished after 13 iterations.
Optimal phi: 0. Optimal nu: 0.28363673885465424. Optimal nllh: 10720.06326608363
Optimal point found for initial point 1
Numerical optimization finished successfully
Tree height pre-scaling: 0.6870934567767814, input timescale: 1.0
Tree height after scaling: 1.0, mutation rate: 0.6870934567767814
Tree height pre-scaling: 0.6870934568465736, input timescale: 1.0
Tree height after scaling: 1.0000000000000002, mutation rate: 0.6870934568465736
Tree height pre-scaling: 0.6870934567940457, input timescale: 1.0
Tree height after scaling: 1.0, mutation rate: 0.6870934567940457
Tree height pre-scaling: 0.6870934567960477, input timescale: 1.0
Tree height after scaling: 1.0, mutation rate: 0.6870934567960477
Tree height pre-scaling: 0.6870934567766264, input timescale: 1.0
Tree height after scaling: 0.9999999999999999, mutation rate: 0.6870934567766264
Tree height pre-scaling: 0.6870934567811973, input timescale: 1.0
Tree height after scaling: 1.0, mutation rate: 0.6870934567811973
Tree height pre-scaling: 0.687093456782682, input timescale: 1.0
Tree height after scaling: 1.0, mutation rate: 0.687093456782682
Tree height pre-scaling: 0.6870934567904791, input timescale: 1.0
Tree height after scaling: 0.9999999999999999, mutation rate: 0.6870934567904791
Tree height pre-scaling: 0.6870934567924696, input timescale: 1.0
Tree height after scaling: 1.0, mutation rate: 0.6870934567924696
Tree height pre-scaling: 0.6870934567733918, input timescale: 1.0
Tree height after scaling: 0.9999999999999999, mutation rate: 0.6870934567733918
Tree height pre-scaling: 0.6870934567853911, input timescale: 1.0
Tree height after scaling: 1.0, mutation rate: 0.6870934567853911
Tree height pre-scaling: 0.6870934567815621, input timescale: 1.0
Tree height after scaling: 1.0, mutation rate: 0.6870934567815621
Tree height pre-scaling: 0.6870934567617666, input timescale: 1.0
Tree height after scaling: 1.0, mutation rate: 0.6870934567617666
Tree height pre-scaling: 0.6870934567641005, input timescale: 1.0
Tree height after scaling: 0.9999999999999999, mutation rate: 0.6870934567641005
Tree height pre-scaling: 0.6870934567842577, input timescale: 1.0
Tree height after scaling: 1.0, mutation rate: 0.6870934567842577
Tree height pre-scaling: 0.6870934567785522, input timescale: 1.0
Tree height after scaling: 1.0, mutation rate: 0.6870934567785522
Tree height pre-scaling: 0.6870934567796755, input timescale: 1.0
Tree height after scaling: 1.0, mutation rate: 0.6870934567796755
Runtime (s): 6.768176584
