Launching LAML version 0.0.4
LAML was called as follows: /Users/uym2/my_gits/LAML/run_laml.py -c ../../evaluation/Bar10/Bar10_character_matrix.txt -t place_outlier4/augmented_tree_47.nwk -o place_outlier4/augmented_tree_47_optimized -v -p ../../evaluation/Bar10/Bar10_priors.pickle --delimiter tab -m -1 --nInitials 1
Prior keys mismatch with site names.
Prior keys: [0, 1, 2, 3, 4, 5, 6, 7, 8, 9, 10, 11, 12, 13, 14, 15, 16, 17, 18, 19, 20, 21, 22, 23, 24, 25, 26, 27, 28, 29]
Site names: ['r1', 'r2', 'r3', 'r4', 'r5', 'r6', 'r7', 'r8', 'r9', 'r10', 'r11', 'r12', 'r13', 'r14', 'r15', 'r16', 'r17', 'r18', 'r19', 'r20', 'r21', 'r22', 'r23', 'r24', 'r25', 'r26', 'r27', 'r28', 'r29', 'r30']
Attempting to infer mapping between site names and prior keys...
{'r1': 0, 'r2': 1, 'r3': 2, 'r4': 3, 'r5': 4, 'r6': 5, 'r7': 6, 'r8': 7, 'r9': 8, 'r10': 9, 'r11': 10, 'r12': 11, 'r13': 12, 'r14': 13, 'r15': 14, 'r16': 15, 'r17': 16, 'r18': 17, 'r19': 18, 'r20': 19, 'r21': 20, 'r22': 21, 'r23': 22, 'r24': 23, 'r25': 24, 'r26': 25, 'r27': 26, 'r28': 27, 'r29': 28, 'r30': 29}
Optimizing branch lengths, phi, and nu without topology search
Optimization by EM algorithm
Optimization start with 1 initials
Initial point 1. Random seed: 8302
Numerical optimization started with ultrametric constraint (default)
Initial phi: 0. Initial nu: 0.26955655566205877. Initial nllh: 12827.366683079415
Starting EM iter: 1
Estep
Estep runtime (s): 0.11414718627929688
Mstep
Optimizing phi
Optimizing branch lengths. Current phi: 0. Current nu:0.26955655566205877
Optimizing nu
Mstep runtime (s): 0.32564806938171387
Finished EM iter: 1. Current nllh: 10710.057405806405
Starting EM iter: 2
Estep
Estep runtime (s): 0.15054702758789062
Mstep
Optimizing phi
Optimizing branch lengths. Current phi: 0. Current nu:0.2810714612825065
Optimizing nu
Mstep runtime (s): 0.3177528381347656
Finished EM iter: 2. Current nllh: 10687.710905358359
Starting EM iter: 3
Estep
Estep runtime (s): 0.15019798278808594
Mstep
Optimizing phi
Optimizing branch lengths. Current phi: 0. Current nu:0.28208274182878035
Optimizing nu
Mstep runtime (s): 0.29772400856018066
Finished EM iter: 3. Current nllh: 10686.436564354362
Starting EM iter: 4
Estep
Estep runtime (s): 0.15017008781433105
Mstep
Optimizing phi
Optimizing branch lengths. Current phi: 0. Current nu:0.2822520526984704
Optimizing nu
Mstep runtime (s): 0.340472936630249
Finished EM iter: 4. Current nllh: 10686.262582383735
Starting EM iter: 5
Estep
Estep runtime (s): 0.15020298957824707
Mstep
Optimizing phi
Optimizing branch lengths. Current phi: 0. Current nu:0.2824305815399037
Optimizing nu
Mstep runtime (s): 0.34732484817504883
Finished EM iter: 5. Current nllh: 10686.203290130466
Starting EM iter: 6
Estep
Estep runtime (s): 0.15029406547546387
Mstep
Optimizing phi
Optimizing branch lengths. Current phi: 0. Current nu:0.2825787946866279
Optimizing nu
Mstep runtime (s): 0.3449521064758301
Finished EM iter: 6. Current nllh: 10686.181584486354
Starting EM iter: 7
Estep
Estep runtime (s): 0.15114808082580566
Mstep
Optimizing phi
Optimizing branch lengths. Current phi: 0. Current nu:0.28268589757987006
Optimizing nu
Mstep runtime (s): 0.29254889488220215
Finished EM iter: 7. Current nllh: 10686.169802885013
Starting EM iter: 8
Estep
Estep runtime (s): 0.15049099922180176
Mstep
Optimizing phi
Optimizing branch lengths. Current phi: 0. Current nu:0.28276301773369694
Optimizing nu
Mstep runtime (s): 0.30318713188171387
Finished EM iter: 8. Current nllh: 10686.162831161095
Starting EM iter: 9
Estep
Estep runtime (s): 0.15459513664245605
Mstep
Optimizing phi
Optimizing branch lengths. Current phi: 0. Current nu:0.2828164155764242
Optimizing nu
Mstep runtime (s): 0.3063170909881592
Finished EM iter: 9. Current nllh: 10686.158490810836
Starting EM iter: 10
Estep
Estep runtime (s): 0.15047073364257812
Mstep
Optimizing phi
Optimizing branch lengths. Current phi: 0. Current nu:0.2828547746010307
Optimizing nu
Mstep runtime (s): 0.31052207946777344
Finished EM iter: 10. Current nllh: 10686.155667463718
Starting EM iter: 11
Estep
Estep runtime (s): 0.15113019943237305
Mstep
Optimizing phi
Optimizing branch lengths. Current phi: 0. Current nu:0.28288270936440896
Optimizing nu
Mstep runtime (s): 0.29224085807800293
Finished EM iter: 11. Current nllh: 10686.153760752422
Starting EM iter: 12
Estep
Estep runtime (s): 0.1511991024017334
Mstep
Optimizing phi
Optimizing branch lengths. Current phi: 0. Current nu:0.2829038305489169
Optimizing nu
Mstep runtime (s): 0.29805684089660645
Finished EM iter: 12. Current nllh: 10686.152444356949
Starting EM iter: 13
Estep
Estep runtime (s): 0.150925874710083
Mstep
Optimizing phi
Optimizing branch lengths. Current phi: 0. Current nu:0.282919606249039
Optimizing nu
Mstep runtime (s): 0.3079700469970703
Finished EM iter: 13. Current nllh: 10686.151506159677
Starting EM iter: 14
Estep
Estep runtime (s): 0.15095996856689453
Mstep
Optimizing phi
Optimizing branch lengths. Current phi: 0. Current nu:0.28293211985566696
Optimizing nu
Mstep runtime (s): 0.315777063369751
Finished EM iter: 14. Current nllh: 10686.15082728677
Starting EM iter: 15
Estep
Estep runtime (s): 0.15131211280822754
Mstep
Optimizing phi
Optimizing branch lengths. Current phi: 0. Current nu:0.2829416964339631
Optimizing nu
Mstep runtime (s): 0.3094768524169922
Finished EM iter: 15. Current nllh: 10686.150324018708
Starting EM iter: 16
Estep
Estep runtime (s): 0.15896320343017578
Mstep
Optimizing phi
Optimizing branch lengths. Current phi: 0. Current nu:0.28294964292969693
Optimizing nu
Mstep runtime (s): 0.3501780033111572
Finished EM iter: 16. Current nllh: 10686.149938268429
Starting EM iter: 17
Estep
Estep runtime (s): 0.15164709091186523
Mstep
Optimizing phi
Optimizing branch lengths. Current phi: 0. Current nu:0.28295511263348716
Optimizing nu
Mstep runtime (s): 0.33361291885375977
Finished EM iter: 17. Current nllh: 10686.149678037784
Starting EM iter: 18
Estep
Estep runtime (s): 0.15072321891784668
Mstep
Optimizing phi
Optimizing branch lengths. Current phi: 0. Current nu:0.2829604116885267
Optimizing nu
Mstep runtime (s): 0.33057188987731934
Finished EM iter: 18. Current nllh: 10686.14942081432
Starting EM iter: 19
Estep
Estep runtime (s): 0.15128397941589355
Mstep
Optimizing phi
Optimizing branch lengths. Current phi: 0. Current nu:0.28296593237767753
Optimizing nu
Mstep runtime (s): 0.3341078758239746
Finished EM iter: 19. Current nllh: 10686.149223300285
Starting EM iter: 20
Estep
Estep runtime (s): 0.1506659984588623
Mstep
Optimizing phi
Optimizing branch lengths. Current phi: 0. Current nu:0.28296948271474687
Optimizing nu
Mstep runtime (s): 0.33156609535217285
Finished EM iter: 20. Current nllh: 10686.149088093018
Starting EM iter: 21
Estep
Estep runtime (s): 0.15145397186279297
Mstep
Optimizing phi
Optimizing branch lengths. Current phi: 0. Current nu:0.2829724017758571
Optimizing nu
Mstep runtime (s): 0.2948567867279053
Finished EM iter: 21. Current nllh: 10686.148975042006
Starting EM iter: 22
Estep
Estep runtime (s): 0.15078496932983398
Mstep
Optimizing phi
Optimizing branch lengths. Current phi: 0. Current nu:0.28297497369849883
Optimizing nu
Mstep runtime (s): 0.2898430824279785
Finished EM iter: 22. Current nllh: 10686.148898773237
EM finished after 22 iterations.
Optimal phi: 0. Optimal nu: 0.28297660537512875. Optimal nllh: 10686.148898773237
Optimal point found for initial point 1
Numerical optimization finished successfully
Tree height pre-scaling: 0.6923122599790201, input timescale: 1.0
Tree height after scaling: 1.0, mutation rate: 0.6923122599790201
Tree height pre-scaling: 0.6923122601986842, input timescale: 1.0
Tree height after scaling: 1.0, mutation rate: 0.6923122601986842
Tree height pre-scaling: 0.6923122600867377, input timescale: 1.0
Tree height after scaling: 1.0, mutation rate: 0.6923122600867377
Tree height pre-scaling: 0.692312260217713, input timescale: 1.0
Tree height after scaling: 1.0, mutation rate: 0.692312260217713
Tree height pre-scaling: 0.692312260872378, input timescale: 1.0
Tree height after scaling: 1.0, mutation rate: 0.692312260872378
Tree height pre-scaling: 0.6923122602074457, input timescale: 1.0
Tree height after scaling: 1.0000000000000002, mutation rate: 0.6923122602074457
Tree height pre-scaling: 0.692312260267451, input timescale: 1.0
Tree height after scaling: 1.0, mutation rate: 0.692312260267451
Tree height pre-scaling: 0.6923122601345609, input timescale: 1.0
Tree height after scaling: 1.0, mutation rate: 0.6923122601345609
Tree height pre-scaling: 0.6923122600785753, input timescale: 1.0
Tree height after scaling: 1.0, mutation rate: 0.6923122600785753
Tree height pre-scaling: 0.6923122597651561, input timescale: 1.0
Tree height after scaling: 0.9999999999999999, mutation rate: 0.6923122597651561
Tree height pre-scaling: 0.692312260213675, input timescale: 1.0
Tree height after scaling: 1.0, mutation rate: 0.692312260213675
Tree height pre-scaling: 0.6923122602237195, input timescale: 1.0
Tree height after scaling: 1.0, mutation rate: 0.6923122602237195
Tree height pre-scaling: 0.6923122599303213, input timescale: 1.0
Tree height after scaling: 1.0, mutation rate: 0.6923122599303213
Tree height pre-scaling: 0.6923122601058745, input timescale: 1.0
Tree height after scaling: 1.0, mutation rate: 0.6923122601058745
Tree height pre-scaling: 0.6923122600417941, input timescale: 1.0
Tree height after scaling: 1.0, mutation rate: 0.6923122600417941
Tree height pre-scaling: 0.6923122600088796, input timescale: 1.0
Tree height after scaling: 1.0, mutation rate: 0.6923122600088796
Tree height pre-scaling: 0.6923122597426012, input timescale: 1.0
Tree height after scaling: 1.0, mutation rate: 0.6923122597426012
Runtime (s): 11.480805459
