Launching LAML version 0.0.4
LAML was called as follows: /Users/uym2/my_gits/LAML/run_laml.py -c ../../evaluation/Bar10/Bar10_character_matrix.txt -t place_outlier4/augmented_tree_398.nwk -o place_outlier4/augmented_tree_398_optimized -v -p ../../evaluation/Bar10/Bar10_priors.pickle --delimiter tab -m -1 --nInitials 1
Prior keys mismatch with site names.
Prior keys: [0, 1, 2, 3, 4, 5, 6, 7, 8, 9, 10, 11, 12, 13, 14, 15, 16, 17, 18, 19, 20, 21, 22, 23, 24, 25, 26, 27, 28, 29]
Site names: ['r1', 'r2', 'r3', 'r4', 'r5', 'r6', 'r7', 'r8', 'r9', 'r10', 'r11', 'r12', 'r13', 'r14', 'r15', 'r16', 'r17', 'r18', 'r19', 'r20', 'r21', 'r22', 'r23', 'r24', 'r25', 'r26', 'r27', 'r28', 'r29', 'r30']
Attempting to infer mapping between site names and prior keys...
{'r1': 0, 'r2': 1, 'r3': 2, 'r4': 3, 'r5': 4, 'r6': 5, 'r7': 6, 'r8': 7, 'r9': 8, 'r10': 9, 'r11': 10, 'r12': 11, 'r13': 12, 'r14': 13, 'r15': 14, 'r16': 15, 'r17': 16, 'r18': 17, 'r19': 18, 'r20': 19, 'r21': 20, 'r22': 21, 'r23': 22, 'r24': 23, 'r25': 24, 'r26': 25, 'r27': 26, 'r28': 27, 'r29': 28, 'r30': 29}
Optimizing branch lengths, phi, and nu without topology search
Optimization by EM algorithm
Optimization start with 1 initials
Initial point 1. Random seed: 9084
Numerical optimization started with ultrametric constraint (default)
Initial phi: 0. Initial nu: 0.26955655566205877. Initial nllh: 13611.357756105768
Starting EM iter: 1
Estep
Estep runtime (s): 0.10854220390319824
Mstep
Optimizing phi
Optimizing branch lengths. Current phi: 0. Current nu:0.26955655566205877
Optimizing nu
Mstep runtime (s): 0.430222749710083
Finished EM iter: 1. Current nllh: 10938.629396306893
Starting EM iter: 2
Estep
Estep runtime (s): 0.1493079662322998
Mstep
Optimizing phi
Optimizing branch lengths. Current phi: 0. Current nu:0.2823378771982626
Optimizing nu
Mstep runtime (s): 0.2978978157043457
Finished EM iter: 2. Current nllh: 10900.54634154603
Starting EM iter: 3
Estep
Estep runtime (s): 0.14986300468444824
Mstep
Optimizing phi
Optimizing branch lengths. Current phi: 0. Current nu:0.2832000177545722
Optimizing nu
Mstep runtime (s): 0.3624999523162842
Finished EM iter: 3. Current nllh: 10898.16275269152
Starting EM iter: 4
Estep
Estep runtime (s): 0.14954304695129395
Mstep
Optimizing phi
Optimizing branch lengths. Current phi: 0. Current nu:0.2828561304669889
Optimizing nu
Mstep runtime (s): 0.28539109230041504
Finished EM iter: 4. Current nllh: 10897.825225379673
Starting EM iter: 5
Estep
Estep runtime (s): 0.150007963180542
Mstep
Optimizing phi
Optimizing branch lengths. Current phi: 0. Current nu:0.28282644999689655
Optimizing nu
Mstep runtime (s): 0.3100001811981201
Finished EM iter: 5. Current nllh: 10897.755160588773
Starting EM iter: 6
Estep
Estep runtime (s): 0.150285005569458
Mstep
Optimizing phi
Optimizing branch lengths. Current phi: 0. Current nu:0.2828976887636737
Optimizing nu
Mstep runtime (s): 0.2832667827606201
Finished EM iter: 6. Current nllh: 10897.729676895458
Starting EM iter: 7
Estep
Estep runtime (s): 0.14996814727783203
Mstep
Optimizing phi
Optimizing branch lengths. Current phi: 0. Current nu:0.28297407693440413
Optimizing nu
Mstep runtime (s): 0.28838610649108887
Finished EM iter: 7. Current nllh: 10897.718759949406
Starting EM iter: 8
Estep
Estep runtime (s): 0.15000510215759277
Mstep
Optimizing phi
Optimizing branch lengths. Current phi: 0. Current nu:0.2830379104875501
Optimizing nu
Mstep runtime (s): 0.30347275733947754
Finished EM iter: 8. Current nllh: 10897.712255460112
Starting EM iter: 9
Estep
Estep runtime (s): 0.15009784698486328
Mstep
Optimizing phi
Optimizing branch lengths. Current phi: 0. Current nu:0.2830867931333209
Optimizing nu
Mstep runtime (s): 0.3261089324951172
Finished EM iter: 9. Current nllh: 10897.707672966922
Starting EM iter: 10
Estep
Estep runtime (s): 0.15020513534545898
Mstep
Optimizing phi
Optimizing branch lengths. Current phi: 0. Current nu:0.2831289212199281
Optimizing nu
Mstep runtime (s): 0.2811410427093506
Finished EM iter: 10. Current nllh: 10897.705288517618
Starting EM iter: 11
Estep
Estep runtime (s): 0.15039992332458496
Mstep
Optimizing phi
Optimizing branch lengths. Current phi: 0. Current nu:0.28315236548044337
Optimizing nu
Mstep runtime (s): 0.3214750289916992
Finished EM iter: 11. Current nllh: 10897.70348165419
Starting EM iter: 12
Estep
Estep runtime (s): 0.15041804313659668
Mstep
Optimizing phi
Optimizing branch lengths. Current phi: 0. Current nu:0.2831706487975296
Optimizing nu
Mstep runtime (s): 0.31235623359680176
Finished EM iter: 12. Current nllh: 10897.702144579158
Starting EM iter: 13
Estep
Estep runtime (s): 0.15009617805480957
Mstep
Optimizing phi
Optimizing branch lengths. Current phi: 0. Current nu:0.283187112111294
Optimizing nu
Mstep runtime (s): 0.3524620532989502
Finished EM iter: 13. Current nllh: 10897.701365594774
Starting EM iter: 14
Estep
Estep runtime (s): 0.15057110786437988
Mstep
Optimizing phi
Optimizing branch lengths. Current phi: 0. Current nu:0.28319841471441265
Optimizing nu
Mstep runtime (s): 0.3326101303100586
Finished EM iter: 14. Current nllh: 10897.700612465556
Starting EM iter: 15
Estep
Estep runtime (s): 0.1506819725036621
Mstep
Optimizing phi
Optimizing branch lengths. Current phi: 0. Current nu:0.2832082892370075
Optimizing nu
Mstep runtime (s): 0.3113210201263428
Finished EM iter: 15. Current nllh: 10897.700071973746
Starting EM iter: 16
Estep
Estep runtime (s): 0.15039324760437012
Mstep
Optimizing phi
Optimizing branch lengths. Current phi: 0. Current nu:0.283216661008897
Optimizing nu
Mstep runtime (s): 0.33483076095581055
Finished EM iter: 16. Current nllh: 10897.699740996104
Starting EM iter: 17
Estep
Estep runtime (s): 0.1504979133605957
Mstep
Optimizing phi
Optimizing branch lengths. Current phi: 0. Current nu:0.2832225828098134
Optimizing nu
Mstep runtime (s): 0.3153657913208008
Finished EM iter: 17. Current nllh: 10897.699550194355
Starting EM iter: 18
Estep
Estep runtime (s): 0.15085983276367188
Mstep
Optimizing phi
Optimizing branch lengths. Current phi: 0. Current nu:0.28322721537002754
Optimizing nu
Mstep runtime (s): 0.3415801525115967
Finished EM iter: 18. Current nllh: 10897.6993436918
Starting EM iter: 19
Estep
Estep runtime (s): 0.15096592903137207
Mstep
Optimizing phi
Optimizing branch lengths. Current phi: 0. Current nu:0.28323105090342265
Optimizing nu
Mstep runtime (s): 0.39424610137939453
Finished EM iter: 19. Current nllh: 10897.699144745482
Starting EM iter: 20
Estep
Estep runtime (s): 0.15068292617797852
Mstep
Optimizing phi
Optimizing branch lengths. Current phi: 0. Current nu:0.2832338668091181
Optimizing nu
Mstep runtime (s): 0.3274509906768799
Finished EM iter: 20. Current nllh: 10897.698991799147
Starting EM iter: 21
Estep
Estep runtime (s): 0.1509110927581787
Mstep
Optimizing phi
Optimizing branch lengths. Current phi: 0. Current nu:0.2832368606973243
Optimizing nu
Mstep runtime (s): 0.2954878807067871
Finished EM iter: 21. Current nllh: 10897.69897193368
EM finished after 21 iterations.
Optimal phi: 0. Optimal nu: 0.28323906831319484. Optimal nllh: 10897.69897193368
Optimal point found for initial point 1
Numerical optimization finished successfully
Tree height pre-scaling: 0.6880093651223516, input timescale: 1.0
Tree height after scaling: 1.0, mutation rate: 0.6880093651223516
Tree height pre-scaling: 0.6880093651527592, input timescale: 1.0
Tree height after scaling: 0.9999999999999998, mutation rate: 0.6880093651527592
Tree height pre-scaling: 0.6880093649865945, input timescale: 1.0
Tree height after scaling: 1.0, mutation rate: 0.6880093649865945
Tree height pre-scaling: 0.6880093652308755, input timescale: 1.0
Tree height after scaling: 1.0, mutation rate: 0.6880093652308755
Tree height pre-scaling: 0.6880093652178657, input timescale: 1.0
Tree height after scaling: 1.0, mutation rate: 0.6880093652178657
Tree height pre-scaling: 0.688009365232905, input timescale: 1.0
Tree height after scaling: 0.9999999999999999, mutation rate: 0.688009365232905
Tree height pre-scaling: 0.6880093651811912, input timescale: 1.0
Tree height after scaling: 1.0000000000000002, mutation rate: 0.6880093651811912
Tree height pre-scaling: 0.6880093651830479, input timescale: 1.0
Tree height after scaling: 1.0, mutation rate: 0.6880093651830479
Tree height pre-scaling: 0.6880093649868377, input timescale: 1.0
Tree height after scaling: 1.0, mutation rate: 0.6880093649868377
Tree height pre-scaling: 0.6880093651729134, input timescale: 1.0
Tree height after scaling: 1.0, mutation rate: 0.6880093651729134
Tree height pre-scaling: 0.68800936511459, input timescale: 1.0
Tree height after scaling: 1.0, mutation rate: 0.68800936511459
Tree height pre-scaling: 0.6880093652906079, input timescale: 1.0
Tree height after scaling: 1.0, mutation rate: 0.6880093652906079
Tree height pre-scaling: 0.688009365060124, input timescale: 1.0
Tree height after scaling: 1.0, mutation rate: 0.688009365060124
Tree height pre-scaling: 0.6880093657361201, input timescale: 1.0
Tree height after scaling: 1.0, mutation rate: 0.6880093657361201
Tree height pre-scaling: 0.6880093652940865, input timescale: 1.0
Tree height after scaling: 1.0, mutation rate: 0.6880093652940865
Tree height pre-scaling: 0.6880093651352999, input timescale: 1.0
Tree height after scaling: 1.0, mutation rate: 0.6880093651352999
Tree height pre-scaling: 0.6880093651706889, input timescale: 1.0
Tree height after scaling: 1.0, mutation rate: 0.6880093651706889
Runtime (s): 11.080562209
