Launching LAML version 0.0.4
LAML was called as follows: /Users/uym2/my_gits/LAML/run_laml.py -c ../../evaluation/Bar10/Bar10_character_matrix.txt -t place_outlier4/augmented_tree_486.nwk -o place_outlier4/augmented_tree_486_optimized -v -p ../../evaluation/Bar10/Bar10_priors.pickle --delimiter tab -m -1 --nInitials 1
Prior keys mismatch with site names.
Prior keys: [0, 1, 2, 3, 4, 5, 6, 7, 8, 9, 10, 11, 12, 13, 14, 15, 16, 17, 18, 19, 20, 21, 22, 23, 24, 25, 26, 27, 28, 29]
Site names: ['r1', 'r2', 'r3', 'r4', 'r5', 'r6', 'r7', 'r8', 'r9', 'r10', 'r11', 'r12', 'r13', 'r14', 'r15', 'r16', 'r17', 'r18', 'r19', 'r20', 'r21', 'r22', 'r23', 'r24', 'r25', 'r26', 'r27', 'r28', 'r29', 'r30']
Attempting to infer mapping between site names and prior keys...
{'r1': 0, 'r2': 1, 'r3': 2, 'r4': 3, 'r5': 4, 'r6': 5, 'r7': 6, 'r8': 7, 'r9': 8, 'r10': 9, 'r11': 10, 'r12': 11, 'r13': 12, 'r14': 13, 'r15': 14, 'r16': 15, 'r17': 16, 'r18': 17, 'r19': 18, 'r20': 19, 'r21': 20, 'r22': 21, 'r23': 22, 'r24': 23, 'r25': 24, 'r26': 25, 'r27': 26, 'r28': 27, 'r29': 28, 'r30': 29}
Optimizing branch lengths, phi, and nu without topology search
Optimization by EM algorithm
Optimization start with 1 initials
Initial point 1. Random seed: 635
Numerical optimization started with ultrametric constraint (default)
Initial phi: 0. Initial nu: 0.26955655566205877. Initial nllh: 13561.219726162548
Starting EM iter: 1
Estep
Estep runtime (s): 0.11703610420227051
Mstep
Optimizing phi
Optimizing branch lengths. Current phi: 0. Current nu:0.26955655566205877
Optimizing nu
Mstep runtime (s): 0.36724305152893066
Finished EM iter: 1. Current nllh: 10995.691610112191
Starting EM iter: 2
Estep
Estep runtime (s): 0.15011096000671387
Mstep
Optimizing phi
Optimizing branch lengths. Current phi: 0. Current nu:0.27670755391351154
Optimizing nu
Mstep runtime (s): 0.306884765625
Finished EM iter: 2. Current nllh: 10961.847399839558
Starting EM iter: 3
Estep
Estep runtime (s): 0.1529989242553711
Mstep
Optimizing phi
Optimizing branch lengths. Current phi: 0. Current nu:0.2762714739722359
Optimizing nu
Mstep runtime (s): 0.3084731101989746
Finished EM iter: 3. Current nllh: 10959.784196819779
Starting EM iter: 4
Estep
Estep runtime (s): 0.1504528522491455
Mstep
Optimizing phi
Optimizing branch lengths. Current phi: 0. Current nu:0.2755917125892244
Optimizing nu
Mstep runtime (s): 0.28072118759155273
Finished EM iter: 4. Current nllh: 10959.461220925385
Starting EM iter: 5
Estep
Estep runtime (s): 0.15085291862487793
Mstep
Optimizing phi
Optimizing branch lengths. Current phi: 0. Current nu:0.2754689464069984
Optimizing nu
Mstep runtime (s): 0.35703301429748535
Finished EM iter: 5. Current nllh: 10959.395448309433
Starting EM iter: 6
Estep
Estep runtime (s): 0.150651216506958
Mstep
Optimizing phi
Optimizing branch lengths. Current phi: 0. Current nu:0.2755069424570532
Optimizing nu
Mstep runtime (s): 0.29094982147216797
Finished EM iter: 6. Current nllh: 10959.371222321888
Starting EM iter: 7
Estep
Estep runtime (s): 0.15115070343017578
Mstep
Optimizing phi
Optimizing branch lengths. Current phi: 0. Current nu:0.2755740499703925
Optimizing nu
Mstep runtime (s): 0.2825627326965332
Finished EM iter: 7. Current nllh: 10959.36133254071
Starting EM iter: 8
Estep
Estep runtime (s): 0.1516718864440918
Mstep
Optimizing phi
Optimizing branch lengths. Current phi: 0. Current nu:0.2756323664012324
Optimizing nu
Mstep runtime (s): 0.30242919921875
Finished EM iter: 8. Current nllh: 10959.355505475223
Starting EM iter: 9
Estep
Estep runtime (s): 0.15305185317993164
Mstep
Optimizing phi
Optimizing branch lengths. Current phi: 0. Current nu:0.2756782925622146
Optimizing nu
Mstep runtime (s): 0.3125319480895996
Finished EM iter: 9. Current nllh: 10959.351556277667
Starting EM iter: 10
Estep
Estep runtime (s): 0.15069174766540527
Mstep
Optimizing phi
Optimizing branch lengths. Current phi: 0. Current nu:0.2757123594740737
Optimizing nu
Mstep runtime (s): 0.3013877868652344
Finished EM iter: 10. Current nllh: 10959.349426318782
Starting EM iter: 11
Estep
Estep runtime (s): 0.15084075927734375
Mstep
Optimizing phi
Optimizing branch lengths. Current phi: 0. Current nu:0.2757377081336769
Optimizing nu
Mstep runtime (s): 0.3314971923828125
Finished EM iter: 11. Current nllh: 10959.347865528993
Starting EM iter: 12
Estep
Estep runtime (s): 0.1513991355895996
Mstep
Optimizing phi
Optimizing branch lengths. Current phi: 0. Current nu:0.2757566366359301
Optimizing nu
Mstep runtime (s): 0.3228878974914551
Finished EM iter: 12. Current nllh: 10959.346725584299
Starting EM iter: 13
Estep
Estep runtime (s): 0.1508481502532959
Mstep
Optimizing phi
Optimizing branch lengths. Current phi: 0. Current nu:0.27576868002845795
Optimizing nu
Mstep runtime (s): 0.3587818145751953
Finished EM iter: 13. Current nllh: 10959.346105671402
Starting EM iter: 14
Estep
Estep runtime (s): 0.1511540412902832
Mstep
Optimizing phi
Optimizing branch lengths. Current phi: 0. Current nu:0.2757809734375863
Optimizing nu
Mstep runtime (s): 0.3404238224029541
Finished EM iter: 14. Current nllh: 10959.345534320953
Starting EM iter: 15
Estep
Estep runtime (s): 0.1510758399963379
Mstep
Optimizing phi
Optimizing branch lengths. Current phi: 0. Current nu:0.27579022216748883
Optimizing nu
Mstep runtime (s): 0.32434606552124023
Finished EM iter: 15. Current nllh: 10959.345110035918
Starting EM iter: 16
Estep
Estep runtime (s): 0.15866589546203613
Mstep
Optimizing phi
Optimizing branch lengths. Current phi: 0. Current nu:0.27579495327450315
Optimizing nu
Mstep runtime (s): 0.2836301326751709
Finished EM iter: 16. Current nllh: 10959.344894862137
Starting EM iter: 17
Estep
Estep runtime (s): 0.15111780166625977
Mstep
Optimizing phi
Optimizing branch lengths. Current phi: 0. Current nu:0.27580188276263473
Optimizing nu
Mstep runtime (s): 0.2936441898345947
Finished EM iter: 17. Current nllh: 10959.344644609104
Starting EM iter: 18
Estep
Estep runtime (s): 0.15111613273620605
Mstep
Optimizing phi
Optimizing branch lengths. Current phi: 0. Current nu:0.2758066320284294
Optimizing nu
Mstep runtime (s): 0.3118579387664795
Finished EM iter: 18. Current nllh: 10959.344465655908
Starting EM iter: 19
Estep
Estep runtime (s): 0.15109682083129883
Mstep
Optimizing phi
Optimizing branch lengths. Current phi: 0. Current nu:0.27581042860736565
Optimizing nu
Mstep runtime (s): 0.3042299747467041
Finished EM iter: 19. Current nllh: 10959.344120237116
Starting EM iter: 20
Estep
Estep runtime (s): 0.15114402770996094
Mstep
Optimizing phi
Optimizing branch lengths. Current phi: 0. Current nu:0.27581422427180396
Optimizing nu
Mstep runtime (s): 0.3660268783569336
Finished EM iter: 20. Current nllh: 10959.344048388784
EM finished after 20 iterations.
Optimal phi: 0. Optimal nu: 0.2758160554241247. Optimal nllh: 10959.344048388784
Optimal point found for initial point 1
Numerical optimization finished successfully
Tree height pre-scaling: 0.6987634504494648, input timescale: 1.0
Tree height after scaling: 1.0, mutation rate: 0.6987634504494648
Tree height pre-scaling: 0.6987634690010623, input timescale: 1.0
Tree height after scaling: 1.0, mutation rate: 0.6987634690010623
Tree height pre-scaling: 0.6987633711773824, input timescale: 1.0
Tree height after scaling: 1.0, mutation rate: 0.6987633711773824
Tree height pre-scaling: 0.6987635122625329, input timescale: 1.0
Tree height after scaling: 1.0, mutation rate: 0.6987635122625329
Tree height pre-scaling: 0.6987635029421947, input timescale: 1.0
Tree height after scaling: 1.0, mutation rate: 0.6987635029421947
Tree height pre-scaling: 0.6987635127788652, input timescale: 1.0
Tree height after scaling: 1.0, mutation rate: 0.6987635127788652
Tree height pre-scaling: 0.698763480486251, input timescale: 1.0
Tree height after scaling: 1.0, mutation rate: 0.698763480486251
Tree height pre-scaling: 0.6987634866088083, input timescale: 1.0
Tree height after scaling: 1.0000000000000002, mutation rate: 0.6987634866088083
Tree height pre-scaling: 0.6987633593774053, input timescale: 1.0
Tree height after scaling: 1.0, mutation rate: 0.6987633593774053
Tree height pre-scaling: 0.6987634913290633, input timescale: 1.0
Tree height after scaling: 1.0, mutation rate: 0.6987634913290633
Tree height pre-scaling: 0.6987634394306713, input timescale: 1.0
Tree height after scaling: 1.0, mutation rate: 0.6987634394306713
Tree height pre-scaling: 0.6987635446014262, input timescale: 1.0
Tree height after scaling: 1.0, mutation rate: 0.6987635446014262
Tree height pre-scaling: 0.6987634198047625, input timescale: 1.0
Tree height after scaling: 1.0, mutation rate: 0.6987634198047625
Tree height pre-scaling: 0.6987637612787237, input timescale: 1.0
Tree height after scaling: 1.0, mutation rate: 0.6987637612787237
Tree height pre-scaling: 0.6987635474921046, input timescale: 1.0
Tree height after scaling: 1.0, mutation rate: 0.6987635474921046
Tree height pre-scaling: 0.6987634517561881, input timescale: 1.0
Tree height after scaling: 1.0, mutation rate: 0.6987634517561881
Tree height pre-scaling: 0.6987636509774668, input timescale: 1.0
Tree height after scaling: 0.9999999999999999, mutation rate: 0.6987636509774668
Runtime (s): 10.471554875
