Launching LAML version 0.0.4
LAML was called as follows: /Users/uym2/my_gits/LAML/run_laml.py -c ../../evaluation/Bar10/Bar10_character_matrix.txt -t place_outlier4/augmented_tree_261.nwk -o place_outlier4/augmented_tree_261_optimized -v -p ../../evaluation/Bar10/Bar10_priors.pickle --delimiter tab -m -1 --nInitials 1
Prior keys mismatch with site names.
Prior keys: [0, 1, 2, 3, 4, 5, 6, 7, 8, 9, 10, 11, 12, 13, 14, 15, 16, 17, 18, 19, 20, 21, 22, 23, 24, 25, 26, 27, 28, 29]
Site names: ['r1', 'r2', 'r3', 'r4', 'r5', 'r6', 'r7', 'r8', 'r9', 'r10', 'r11', 'r12', 'r13', 'r14', 'r15', 'r16', 'r17', 'r18', 'r19', 'r20', 'r21', 'r22', 'r23', 'r24', 'r25', 'r26', 'r27', 'r28', 'r29', 'r30']
Attempting to infer mapping between site names and prior keys...
{'r1': 0, 'r2': 1, 'r3': 2, 'r4': 3, 'r5': 4, 'r6': 5, 'r7': 6, 'r8': 7, 'r9': 8, 'r10': 9, 'r11': 10, 'r12': 11, 'r13': 12, 'r14': 13, 'r15': 14, 'r16': 15, 'r17': 16, 'r18': 17, 'r19': 18, 'r20': 19, 'r21': 20, 'r22': 21, 'r23': 22, 'r24': 23, 'r25': 24, 'r26': 25, 'r27': 26, 'r28': 27, 'r29': 28, 'r30': 29}
Optimizing branch lengths, phi, and nu without topology search
Optimization by EM algorithm
Optimization start with 1 initials
Initial point 1. Random seed: 2361
Numerical optimization started with ultrametric constraint (default)
Initial phi: 0. Initial nu: 0.26955655566205877. Initial nllh: 13052.40038845116
Starting EM iter: 1
Estep
Estep runtime (s): 0.10981202125549316
Mstep
Optimizing phi
Optimizing branch lengths. Current phi: 0. Current nu:0.26955655566205877
Optimizing nu
Mstep runtime (s): 0.3196568489074707
Finished EM iter: 1. Current nllh: 10777.212502245031
Starting EM iter: 2
Estep
Estep runtime (s): 0.14889907836914062
Mstep
Optimizing phi
Optimizing branch lengths. Current phi: 0. Current nu:0.2807291548910461
Optimizing nu
Mstep runtime (s): 0.3426792621612549
Finished EM iter: 2. Current nllh: 10750.547382512796
Starting EM iter: 3
Estep
Estep runtime (s): 0.14819788932800293
Mstep
Optimizing phi
Optimizing branch lengths. Current phi: 0. Current nu:0.2809409393716552
Optimizing nu
Mstep runtime (s): 0.2995600700378418
Finished EM iter: 3. Current nllh: 10748.013771318503
Starting EM iter: 4
Estep
Estep runtime (s): 0.14821720123291016
Mstep
Optimizing phi
Optimizing branch lengths. Current phi: 0. Current nu:0.28000999283941286
Optimizing nu
Mstep runtime (s): 0.2914261817932129
Finished EM iter: 4. Current nllh: 10747.767746328656
Starting EM iter: 5
Estep
Estep runtime (s): 0.14835691452026367
Mstep
Optimizing phi
Optimizing branch lengths. Current phi: 0. Current nu:0.2796673647660874
Optimizing nu
Mstep runtime (s): 0.3287050724029541
Finished EM iter: 5. Current nllh: 10747.711145445273
Starting EM iter: 6
Estep
Estep runtime (s): 0.14832186698913574
Mstep
Optimizing phi
Optimizing branch lengths. Current phi: 0. Current nu:0.27961331734444866
Optimizing nu
Mstep runtime (s): 0.36846089363098145
Finished EM iter: 6. Current nllh: 10747.69361386984
Starting EM iter: 7
Estep
Estep runtime (s): 0.14849591255187988
Mstep
Optimizing phi
Optimizing branch lengths. Current phi: 0. Current nu:0.2796407544260722
Optimizing nu
Mstep runtime (s): 0.30834484100341797
Finished EM iter: 7. Current nllh: 10747.683988090483
Starting EM iter: 8
Estep
Estep runtime (s): 0.14878201484680176
Mstep
Optimizing phi
Optimizing branch lengths. Current phi: 0. Current nu:0.2796850455002317
Optimizing nu
Mstep runtime (s): 0.2913360595703125
Finished EM iter: 8. Current nllh: 10747.678049915727
Starting EM iter: 9
Estep
Estep runtime (s): 0.14852404594421387
Mstep
Optimizing phi
Optimizing branch lengths. Current phi: 0. Current nu:0.2797250165064483
Optimizing nu
Mstep runtime (s): 0.31062793731689453
Finished EM iter: 9. Current nllh: 10747.674205801617
Starting EM iter: 10
Estep
Estep runtime (s): 0.14881682395935059
Mstep
Optimizing phi
Optimizing branch lengths. Current phi: 0. Current nu:0.2797574691281439
Optimizing nu
Mstep runtime (s): 0.3203248977661133
Finished EM iter: 10. Current nllh: 10747.671371891483
Starting EM iter: 11
Estep
Estep runtime (s): 0.14873123168945312
Mstep
Optimizing phi
Optimizing branch lengths. Current phi: 0. Current nu:0.2797840609852385
Optimizing nu
Mstep runtime (s): 0.34671902656555176
Finished EM iter: 11. Current nllh: 10747.669657928607
Starting EM iter: 12
Estep
Estep runtime (s): 0.14965105056762695
Mstep
Optimizing phi
Optimizing branch lengths. Current phi: 0. Current nu:0.2798040008445186
Optimizing nu
Mstep runtime (s): 0.32598090171813965
Finished EM iter: 12. Current nllh: 10747.668571283666
Starting EM iter: 13
Estep
Estep runtime (s): 0.14885616302490234
Mstep
Optimizing phi
Optimizing branch lengths. Current phi: 0. Current nu:0.27981851458396595
Optimizing nu
Mstep runtime (s): 0.35015106201171875
Finished EM iter: 13. Current nllh: 10747.667708561505
Starting EM iter: 14
Estep
Estep runtime (s): 0.14961004257202148
Mstep
Optimizing phi
Optimizing branch lengths. Current phi: 0. Current nu:0.2798301403102646
Optimizing nu
Mstep runtime (s): 0.3340029716491699
Finished EM iter: 14. Current nllh: 10747.667073858891
Starting EM iter: 15
Estep
Estep runtime (s): 0.1488938331604004
Mstep
Optimizing phi
Optimizing branch lengths. Current phi: 0. Current nu:0.27983941787794897
Optimizing nu
Mstep runtime (s): 0.3303799629211426
Finished EM iter: 15. Current nllh: 10747.666614782383
Starting EM iter: 16
Estep
Estep runtime (s): 0.14946413040161133
Mstep
Optimizing phi
Optimizing branch lengths. Current phi: 0. Current nu:0.27984660146063933
Optimizing nu
Mstep runtime (s): 0.339097261428833
Finished EM iter: 16. Current nllh: 10747.666278695042
Starting EM iter: 17
Estep
Estep runtime (s): 0.1489429473876953
Mstep
Optimizing phi
Optimizing branch lengths. Current phi: 0. Current nu:0.2798513504266114
Optimizing nu
Mstep runtime (s): 0.29196596145629883
Finished EM iter: 17. Current nllh: 10747.666023360895
Starting EM iter: 18
Estep
Estep runtime (s): 0.14978981018066406
Mstep
Optimizing phi
Optimizing branch lengths. Current phi: 0. Current nu:0.2798574400841191
Optimizing nu
Mstep runtime (s): 0.30373716354370117
Finished EM iter: 18. Current nllh: 10747.665799099475
Starting EM iter: 19
Estep
Estep runtime (s): 0.14899468421936035
Mstep
Optimizing phi
Optimizing branch lengths. Current phi: 0. Current nu:0.27986155348785535
Optimizing nu
Mstep runtime (s): 0.31244516372680664
Finished EM iter: 19. Current nllh: 10747.665592591733
Starting EM iter: 20
Estep
Estep runtime (s): 0.1501140594482422
Mstep
Optimizing phi
Optimizing branch lengths. Current phi: 0. Current nu:0.27986315748885243
Optimizing nu
Mstep runtime (s): 0.2876091003417969
Finished EM iter: 20. Current nllh: 10747.665537004612
EM finished after 20 iterations.
Optimal phi: 0. Optimal nu: 0.27986771924452764. Optimal nllh: 10747.665537004612
Optimal point found for initial point 1
Numerical optimization finished successfully
Tree height pre-scaling: 0.6966464667615788, input timescale: 1.0
Tree height after scaling: 0.9999999999999999, mutation rate: 0.6966464667615788
Tree height pre-scaling: 0.6966464668582668, input timescale: 1.0
Tree height after scaling: 0.9999999999999999, mutation rate: 0.6966464668582668
Tree height pre-scaling: 0.6966464668124744, input timescale: 1.0
Tree height after scaling: 1.0, mutation rate: 0.6966464668124744
Tree height pre-scaling: 0.6966464668802257, input timescale: 1.0
Tree height after scaling: 0.9999999999999999, mutation rate: 0.6966464668802257
Tree height pre-scaling: 0.6966464667813794, input timescale: 1.0
Tree height after scaling: 1.0, mutation rate: 0.6966464667813794
Tree height pre-scaling: 0.6966464666493417, input timescale: 1.0
Tree height after scaling: 1.0, mutation rate: 0.6966464666493417
Tree height pre-scaling: 0.6966464668466443, input timescale: 1.0
Tree height after scaling: 1.0, mutation rate: 0.6966464668466443
Tree height pre-scaling: 0.6966464668353004, input timescale: 1.0
Tree height after scaling: 1.0, mutation rate: 0.6966464668353004
Tree height pre-scaling: 0.6966464668469874, input timescale: 1.0
Tree height after scaling: 1.0, mutation rate: 0.6966464668469874
Tree height pre-scaling: 0.6966464668089563, input timescale: 1.0
Tree height after scaling: 1.0, mutation rate: 0.6966464668089563
Tree height pre-scaling: 0.6966464668089308, input timescale: 1.0
Tree height after scaling: 1.0, mutation rate: 0.6966464668089308
Tree height pre-scaling: 0.6966464666483959, input timescale: 1.0
Tree height after scaling: 1.0, mutation rate: 0.6966464666483959
Tree height pre-scaling: 0.6966464668029804, input timescale: 1.0
Tree height after scaling: 1.0, mutation rate: 0.6966464668029804
Tree height pre-scaling: 0.6966464667551127, input timescale: 1.0
Tree height after scaling: 0.9999999999999999, mutation rate: 0.6966464667551127
Tree height pre-scaling: 0.6966464668903047, input timescale: 1.0
Tree height after scaling: 1.0, mutation rate: 0.6966464668903047
Tree height pre-scaling: 0.6966464667074695, input timescale: 1.0
Tree height after scaling: 1.0, mutation rate: 0.6966464667074695
Tree height pre-scaling: 0.6966464671948227, input timescale: 1.0
Tree height after scaling: 1.0, mutation rate: 0.6966464671948227
Runtime (s): 10.452516082999999
