Launching LAML version 0.0.4
LAML was called as follows: /Users/uym2/my_gits/LAML/run_laml.py -c ../../evaluation/Bar10/Bar10_character_matrix.txt -t place_outlier4/augmented_tree_67.nwk -o place_outlier4/augmented_tree_67_optimized -v -p ../../evaluation/Bar10/Bar10_priors.pickle --delimiter tab -m -1 --nInitials 1
Prior keys mismatch with site names.
Prior keys: [0, 1, 2, 3, 4, 5, 6, 7, 8, 9, 10, 11, 12, 13, 14, 15, 16, 17, 18, 19, 20, 21, 22, 23, 24, 25, 26, 27, 28, 29]
Site names: ['r1', 'r2', 'r3', 'r4', 'r5', 'r6', 'r7', 'r8', 'r9', 'r10', 'r11', 'r12', 'r13', 'r14', 'r15', 'r16', 'r17', 'r18', 'r19', 'r20', 'r21', 'r22', 'r23', 'r24', 'r25', 'r26', 'r27', 'r28', 'r29', 'r30']
Attempting to infer mapping between site names and prior keys...
{'r1': 0, 'r2': 1, 'r3': 2, 'r4': 3, 'r5': 4, 'r6': 5, 'r7': 6, 'r8': 7, 'r9': 8, 'r10': 9, 'r11': 10, 'r12': 11, 'r13': 12, 'r14': 13, 'r15': 14, 'r16': 15, 'r17': 16, 'r18': 17, 'r19': 18, 'r20': 19, 'r21': 20, 'r22': 21, 'r23': 22, 'r24': 23, 'r25': 24, 'r26': 25, 'r27': 26, 'r28': 27, 'r29': 28, 'r30': 29}
Optimizing branch lengths, phi, and nu without topology search
Optimization by EM algorithm
Optimization start with 1 initials
Initial point 1. Random seed: 7083
Numerical optimization started with ultrametric constraint (default)
Initial phi: 0. Initial nu: 0.26955655566205877. Initial nllh: 13198.243927690433
Starting EM iter: 1
Estep
Estep runtime (s): 0.11232185363769531
Mstep
Optimizing phi
Optimizing branch lengths. Current phi: 0. Current nu:0.26955655566205877
Optimizing nu
Mstep runtime (s): 0.31044673919677734
Finished EM iter: 1. Current nllh: 10945.87399225454
Starting EM iter: 2
Estep
Estep runtime (s): 0.15100383758544922
Mstep
Optimizing phi
Optimizing branch lengths. Current phi: 0. Current nu:0.287817108355068
Optimizing nu
Mstep runtime (s): 0.3211400508880615
Finished EM iter: 2. Current nllh: 10920.572600541293
Starting EM iter: 3
Estep
Estep runtime (s): 0.1561741828918457
Mstep
Optimizing phi
Optimizing branch lengths. Current phi: 0. Current nu:0.2909401733540951
Optimizing nu
Mstep runtime (s): 0.29308605194091797
Finished EM iter: 3. Current nllh: 10919.268111928113
Starting EM iter: 4
Estep
Estep runtime (s): 0.151123046875
Mstep
Optimizing phi
Optimizing branch lengths. Current phi: 0. Current nu:0.291696146305119
Optimizing nu
Mstep runtime (s): 0.2732090950012207
Finished EM iter: 4. Current nllh: 10919.08238174258
Starting EM iter: 5
Estep
Estep runtime (s): 0.1510908603668213
Mstep
Optimizing phi
Optimizing branch lengths. Current phi: 0. Current nu:0.2920565660996498
Optimizing nu
Mstep runtime (s): 0.28446102142333984
Finished EM iter: 5. Current nllh: 10919.017375256495
Starting EM iter: 6
Estep
Estep runtime (s): 0.15135812759399414
Mstep
Optimizing phi
Optimizing branch lengths. Current phi: 0. Current nu:0.29226578330634423
Optimizing nu
Mstep runtime (s): 0.27953410148620605
Finished EM iter: 6. Current nllh: 10918.992980502231
Starting EM iter: 7
Estep
Estep runtime (s): 0.15131306648254395
Mstep
Optimizing phi
Optimizing branch lengths. Current phi: 0. Current nu:0.2923931350681379
Optimizing nu
Mstep runtime (s): 0.3075530529022217
Finished EM iter: 7. Current nllh: 10918.97980449336
Starting EM iter: 8
Estep
Estep runtime (s): 0.1513962745666504
Mstep
Optimizing phi
Optimizing branch lengths. Current phi: 0. Current nu:0.2924744639325298
Optimizing nu
Mstep runtime (s): 0.3119990825653076
Finished EM iter: 8. Current nllh: 10918.971946142665
Starting EM iter: 9
Estep
Estep runtime (s): 0.1514880657196045
Mstep
Optimizing phi
Optimizing branch lengths. Current phi: 0. Current nu:0.2925345960666534
Optimizing nu
Mstep runtime (s): 0.4508819580078125
Finished EM iter: 9. Current nllh: 10918.966989741355
Starting EM iter: 10
Estep
Estep runtime (s): 0.157789945602417
Mstep
Optimizing phi
Optimizing branch lengths. Current phi: 0. Current nu:0.29257565026123766
Optimizing nu
Mstep runtime (s): 0.3236401081085205
Finished EM iter: 10. Current nllh: 10918.963705087093
Starting EM iter: 11
Estep
Estep runtime (s): 0.15157508850097656
Mstep
Optimizing phi
Optimizing branch lengths. Current phi: 0. Current nu:0.2926053817529359
Optimizing nu
Mstep runtime (s): 0.31522512435913086
Finished EM iter: 11. Current nllh: 10918.96145466395
Starting EM iter: 12
Estep
Estep runtime (s): 0.15158987045288086
Mstep
Optimizing phi
Optimizing branch lengths. Current phi: 0. Current nu:0.2926274674350702
Optimizing nu
Mstep runtime (s): 0.2879679203033447
Finished EM iter: 12. Current nllh: 10918.95996984122
Starting EM iter: 13
Estep
Estep runtime (s): 0.15178608894348145
Mstep
Optimizing phi
Optimizing branch lengths. Current phi: 0. Current nu:0.2926459639188754
Optimizing nu
Mstep runtime (s): 0.33559608459472656
Finished EM iter: 13. Current nllh: 10918.958825970896
Starting EM iter: 14
Estep
Estep runtime (s): 0.15198993682861328
Mstep
Optimizing phi
Optimizing branch lengths. Current phi: 0. Current nu:0.2926596850065663
Optimizing nu
Mstep runtime (s): 0.2897319793701172
Finished EM iter: 14. Current nllh: 10918.957994870889
Starting EM iter: 15
Estep
Estep runtime (s): 0.1522059440612793
Mstep
Optimizing phi
Optimizing branch lengths. Current phi: 0. Current nu:0.2926705079858103
Optimizing nu
Mstep runtime (s): 0.2914109230041504
Finished EM iter: 15. Current nllh: 10918.957370098322
Starting EM iter: 16
Estep
Estep runtime (s): 0.15190505981445312
Mstep
Optimizing phi
Optimizing branch lengths. Current phi: 0. Current nu:0.2926792551396718
Optimizing nu
Mstep runtime (s): 0.29514384269714355
Finished EM iter: 16. Current nllh: 10918.956904331688
Starting EM iter: 17
Estep
Estep runtime (s): 0.1521289348602295
Mstep
Optimizing phi
Optimizing branch lengths. Current phi: 0. Current nu:0.29268608102842314
Optimizing nu
Mstep runtime (s): 0.33330726623535156
Finished EM iter: 17. Current nllh: 10918.956547619937
Starting EM iter: 18
Estep
Estep runtime (s): 0.15880131721496582
Mstep
Optimizing phi
Optimizing branch lengths. Current phi: 0. Current nu:0.2926917556660506
Optimizing nu
Mstep runtime (s): 0.3473329544067383
Finished EM iter: 18. Current nllh: 10918.956217357132
Starting EM iter: 19
Estep
Estep runtime (s): 0.1522197723388672
Mstep
Optimizing phi
Optimizing branch lengths. Current phi: 0. Current nu:0.2926960673370726
Optimizing nu
Mstep runtime (s): 0.2905547618865967
Finished EM iter: 19. Current nllh: 10918.956063316587
Starting EM iter: 20
Estep
Estep runtime (s): 0.15185117721557617
Mstep
Optimizing phi
Optimizing branch lengths. Current phi: 0. Current nu:0.2927003108034904
Optimizing nu
Mstep runtime (s): 0.2850637435913086
Finished EM iter: 20. Current nllh: 10918.955866909288
Starting EM iter: 21
Estep
Estep runtime (s): 0.15262508392333984
Mstep
Optimizing phi
Optimizing branch lengths. Current phi: 0. Current nu:0.2927040276959676
Optimizing nu
Mstep runtime (s): 0.3052239418029785
Finished EM iter: 21. Current nllh: 10918.955734053465
Starting EM iter: 22
Estep
Estep runtime (s): 0.15201210975646973
Mstep
Optimizing phi
Optimizing branch lengths. Current phi: 0. Current nu:0.292706205083509
Optimizing nu
Mstep runtime (s): 0.29439401626586914
Finished EM iter: 22. Current nllh: 10918.95562392528
Starting EM iter: 23
Estep
Estep runtime (s): 0.15204787254333496
Mstep
Optimizing phi
Optimizing branch lengths. Current phi: 0. Current nu:0.2927087570955987
Optimizing nu
Mstep runtime (s): 0.2909560203552246
Finished EM iter: 23. Current nllh: 10918.955525201538
EM finished after 23 iterations.
Optimal phi: 0. Optimal nu: 0.2927109084251981. Optimal nllh: 10918.955525201538
Optimal point found for initial point 1
Numerical optimization finished successfully
Tree height pre-scaling: 0.6851824072262931, input timescale: 1.0
Tree height after scaling: 1.0, mutation rate: 0.6851824072262931
Tree height pre-scaling: 0.6851824074364449, input timescale: 1.0
Tree height after scaling: 1.0, mutation rate: 0.6851824074364449
Tree height pre-scaling: 0.6851824073278725, input timescale: 1.0
Tree height after scaling: 1.0, mutation rate: 0.6851824073278725
Tree height pre-scaling: 0.6851824074593547, input timescale: 1.0
Tree height after scaling: 1.0, mutation rate: 0.6851824074593547
Tree height pre-scaling: 0.6851824081267178, input timescale: 1.0
Tree height after scaling: 1.0, mutation rate: 0.6851824081267178
Tree height pre-scaling: 0.685182407445189, input timescale: 1.0
Tree height after scaling: 0.9999999999999999, mutation rate: 0.685182407445189
Tree height pre-scaling: 0.6851824075170843, input timescale: 1.0
Tree height after scaling: 1.0, mutation rate: 0.6851824075170843
Tree height pre-scaling: 0.6851824073774274, input timescale: 1.0
Tree height after scaling: 1.0, mutation rate: 0.6851824073774274
Tree height pre-scaling: 0.685182407317251, input timescale: 1.0
Tree height after scaling: 1.0, mutation rate: 0.685182407317251
Tree height pre-scaling: 0.6851824070230134, input timescale: 1.0
Tree height after scaling: 1.0, mutation rate: 0.6851824070230134
Tree height pre-scaling: 0.6851824074464398, input timescale: 1.0
Tree height after scaling: 1.0, mutation rate: 0.6851824074464398
Tree height pre-scaling: 0.6851824074621269, input timescale: 1.0
Tree height after scaling: 1.0, mutation rate: 0.6851824074621269
Tree height pre-scaling: 0.6851824071778329, input timescale: 1.0
Tree height after scaling: 0.9999999999999999, mutation rate: 0.6851824071778329
Tree height pre-scaling: 0.6851824073515319, input timescale: 1.0
Tree height after scaling: 1.0, mutation rate: 0.6851824073515319
Tree height pre-scaling: 0.6851824072901412, input timescale: 1.0
Tree height after scaling: 1.0, mutation rate: 0.6851824072901412
Tree height pre-scaling: 0.6851824072526715, input timescale: 1.0
Tree height after scaling: 1.0, mutation rate: 0.6851824072526715
Tree height pre-scaling: 0.685182406982452, input timescale: 1.0
Tree height after scaling: 1.0, mutation rate: 0.685182406982452
Runtime (s): 11.847803041
