Launching LAML version 0.0.4
LAML was called as follows: /Users/uym2/my_gits/LAML/run_laml.py -c ../../evaluation/Bar10/Bar10_character_matrix.txt -t place_outlier4/augmented_tree_329.nwk -o place_outlier4/augmented_tree_329_optimized -v -p ../../evaluation/Bar10/Bar10_priors.pickle --delimiter tab -m -1 --nInitials 1
Prior keys mismatch with site names.
Prior keys: [0, 1, 2, 3, 4, 5, 6, 7, 8, 9, 10, 11, 12, 13, 14, 15, 16, 17, 18, 19, 20, 21, 22, 23, 24, 25, 26, 27, 28, 29]
Site names: ['r1', 'r2', 'r3', 'r4', 'r5', 'r6', 'r7', 'r8', 'r9', 'r10', 'r11', 'r12', 'r13', 'r14', 'r15', 'r16', 'r17', 'r18', 'r19', 'r20', 'r21', 'r22', 'r23', 'r24', 'r25', 'r26', 'r27', 'r28', 'r29', 'r30']
Attempting to infer mapping between site names and prior keys...
{'r1': 0, 'r2': 1, 'r3': 2, 'r4': 3, 'r5': 4, 'r6': 5, 'r7': 6, 'r8': 7, 'r9': 8, 'r10': 9, 'r11': 10, 'r12': 11, 'r13': 12, 'r14': 13, 'r15': 14, 'r16': 15, 'r17': 16, 'r18': 17, 'r19': 18, 'r20': 19, 'r21': 20, 'r22': 21, 'r23': 22, 'r24': 23, 'r25': 24, 'r26': 25, 'r27': 26, 'r28': 27, 'r29': 28, 'r30': 29}
Optimizing branch lengths, phi, and nu without topology search
Optimization by EM algorithm
Optimization start with 1 initials
Initial point 1. Random seed: 184
Numerical optimization started with ultrametric constraint (default)
Initial phi: 0. Initial nu: 0.26955655566205877. Initial nllh: 13091.204793413197
Starting EM iter: 1
Estep
Estep runtime (s): 0.10971999168395996
Mstep
Optimizing phi
Optimizing branch lengths. Current phi: 0. Current nu:0.26955655566205877
Optimizing nu
Mstep runtime (s): 0.3428020477294922
Finished EM iter: 1. Current nllh: 10782.197836375351
Starting EM iter: 2
Estep
Estep runtime (s): 0.15110993385314941
Mstep
Optimizing phi
Optimizing branch lengths. Current phi: 0. Current nu:0.28904917999745666
Optimizing nu
Mstep runtime (s): 0.2906608581542969
Finished EM iter: 2. Current nllh: 10762.451492348524
Starting EM iter: 3
Estep
Estep runtime (s): 0.15171098709106445
Mstep
Optimizing phi
Optimizing branch lengths. Current phi: 0. Current nu:0.29395108169414785
Optimizing nu
Mstep runtime (s): 0.2994191646575928
Finished EM iter: 3. Current nllh: 10760.440443263495
Starting EM iter: 4
Estep
Estep runtime (s): 0.151716947555542
Mstep
Optimizing phi
Optimizing branch lengths. Current phi: 0. Current nu:0.29540038892463377
Optimizing nu
Mstep runtime (s): 0.30429697036743164
Finished EM iter: 4. Current nllh: 10760.072054454975
Starting EM iter: 5
Estep
Estep runtime (s): 0.15186190605163574
Mstep
Optimizing phi
Optimizing branch lengths. Current phi: 0. Current nu:0.29596620615951086
Optimizing nu
Mstep runtime (s): 0.2792971134185791
Finished EM iter: 5. Current nllh: 10759.989127054736
Starting EM iter: 6
Estep
Estep runtime (s): 0.1519331932067871
Mstep
Optimizing phi
Optimizing branch lengths. Current phi: 0. Current nu:0.29623357648559384
Optimizing nu
Mstep runtime (s): 0.31583595275878906
Finished EM iter: 6. Current nllh: 10759.96084943886
Starting EM iter: 7
Estep
Estep runtime (s): 0.15182805061340332
Mstep
Optimizing phi
Optimizing branch lengths. Current phi: 0. Current nu:0.29637963281475016
Optimizing nu
Mstep runtime (s): 0.29250407218933105
Finished EM iter: 7. Current nllh: 10759.94674960407
Starting EM iter: 8
Estep
Estep runtime (s): 0.15192890167236328
Mstep
Optimizing phi
Optimizing branch lengths. Current phi: 0. Current nu:0.2964703482886478
Optimizing nu
Mstep runtime (s): 0.2864189147949219
Finished EM iter: 8. Current nllh: 10759.938660553236
Starting EM iter: 9
Estep
Estep runtime (s): 0.15150213241577148
Mstep
Optimizing phi
Optimizing branch lengths. Current phi: 0. Current nu:0.29653024820932855
Optimizing nu
Mstep runtime (s): 0.3213999271392822
Finished EM iter: 9. Current nllh: 10759.933423242062
Starting EM iter: 10
Estep
Estep runtime (s): 0.15179800987243652
Mstep
Optimizing phi
Optimizing branch lengths. Current phi: 0. Current nu:0.29657355931915946
Optimizing nu
Mstep runtime (s): 0.389585018157959
Finished EM iter: 10. Current nllh: 10759.93020721235
Starting EM iter: 11
Estep
Estep runtime (s): 0.15180611610412598
Mstep
Optimizing phi
Optimizing branch lengths. Current phi: 0. Current nu:0.29660364229172115
Optimizing nu
Mstep runtime (s): 0.2960631847381592
Finished EM iter: 11. Current nllh: 10759.927911159932
Starting EM iter: 12
Estep
Estep runtime (s): 0.1518878936767578
Mstep
Optimizing phi
Optimizing branch lengths. Current phi: 0. Current nu:0.29662646265150344
Optimizing nu
Mstep runtime (s): 0.2977588176727295
Finished EM iter: 12. Current nllh: 10759.926273259944
Starting EM iter: 13
Estep
Estep runtime (s): 0.1519451141357422
Mstep
Optimizing phi
Optimizing branch lengths. Current phi: 0. Current nu:0.2966439115221694
Optimizing nu
Mstep runtime (s): 0.31438279151916504
Finished EM iter: 13. Current nllh: 10759.92508455204
Starting EM iter: 14
Estep
Estep runtime (s): 0.15198683738708496
Mstep
Optimizing phi
Optimizing branch lengths. Current phi: 0. Current nu:0.2966575740618343
Optimizing nu
Mstep runtime (s): 0.3281238079071045
Finished EM iter: 14. Current nllh: 10759.924189064466
Starting EM iter: 15
Estep
Estep runtime (s): 0.15207695960998535
Mstep
Optimizing phi
Optimizing branch lengths. Current phi: 0. Current nu:0.2966686830202991
Optimizing nu
Mstep runtime (s): 0.31025099754333496
Finished EM iter: 15. Current nllh: 10759.923459729023
Starting EM iter: 16
Estep
Estep runtime (s): 0.15212798118591309
Mstep
Optimizing phi
Optimizing branch lengths. Current phi: 0. Current nu:0.2966757344985484
Optimizing nu
Mstep runtime (s): 0.28621697425842285
Finished EM iter: 16. Current nllh: 10759.923025825867
Starting EM iter: 17
Estep
Estep runtime (s): 0.15189194679260254
Mstep
Optimizing phi
Optimizing branch lengths. Current phi: 0. Current nu:0.2966843853898202
Optimizing nu
Mstep runtime (s): 0.305128812789917
Finished EM iter: 17. Current nllh: 10759.922572082018
Starting EM iter: 18
Estep
Estep runtime (s): 0.15200400352478027
Mstep
Optimizing phi
Optimizing branch lengths. Current phi: 0. Current nu:0.29669120401673976
Optimizing nu
Mstep runtime (s): 0.32309603691101074
Finished EM iter: 18. Current nllh: 10759.922221539955
Starting EM iter: 19
Estep
Estep runtime (s): 0.15211176872253418
Mstep
Optimizing phi
Optimizing branch lengths. Current phi: 0. Current nu:0.2966943010316336
Optimizing nu
Mstep runtime (s): 0.29831719398498535
Finished EM iter: 19. Current nllh: 10759.922018678746
Starting EM iter: 20
Estep
Estep runtime (s): 0.15213799476623535
Mstep
Optimizing phi
Optimizing branch lengths. Current phi: 0. Current nu:0.2966999061619317
Optimizing nu
Mstep runtime (s): 0.33321499824523926
Finished EM iter: 20. Current nllh: 10759.921780957866
Starting EM iter: 21
Estep
Estep runtime (s): 0.1519930362701416
Mstep
Optimizing phi
Optimizing branch lengths. Current phi: 0. Current nu:0.296703807594567
Optimizing nu
Mstep runtime (s): 0.2932720184326172
Finished EM iter: 21. Current nllh: 10759.921604338397
Starting EM iter: 22
Estep
Estep runtime (s): 0.15197968482971191
Mstep
Optimizing phi
Optimizing branch lengths. Current phi: 0. Current nu:0.2967068907585475
Optimizing nu
Mstep runtime (s): 0.3366668224334717
Finished EM iter: 22. Current nllh: 10759.921473684944
Starting EM iter: 23
Estep
Estep runtime (s): 0.1519489288330078
Mstep
Optimizing phi
Optimizing branch lengths. Current phi: 0. Current nu:0.29670915324482544
Optimizing nu
Mstep runtime (s): 0.30584287643432617
Finished EM iter: 23. Current nllh: 10759.921364584017
Starting EM iter: 24
Estep
Estep runtime (s): 0.1522660255432129
Mstep
Optimizing phi
Optimizing branch lengths. Current phi: 0. Current nu:0.29671141540876744
Optimizing nu
Mstep runtime (s): 0.3045790195465088
Finished EM iter: 24. Current nllh: 10759.92126712196
EM finished after 24 iterations.
Optimal phi: 0. Optimal nu: 0.29671326501907785. Optimal nllh: 10759.92126712196
Optimal point found for initial point 1
Numerical optimization finished successfully
Tree height pre-scaling: 0.6906850394092378, input timescale: 1.0
Tree height after scaling: 1.0, mutation rate: 0.6906850394092378
Tree height pre-scaling: 0.6906850394494445, input timescale: 1.0
Tree height after scaling: 1.0, mutation rate: 0.6906850394494445
Tree height pre-scaling: 0.6906850394322118, input timescale: 1.0
Tree height after scaling: 1.0, mutation rate: 0.6906850394322118
Tree height pre-scaling: 0.6906850394174717, input timescale: 1.0
Tree height after scaling: 1.0, mutation rate: 0.6906850394174717
Tree height pre-scaling: 0.6906850393538543, input timescale: 1.0
Tree height after scaling: 1.0, mutation rate: 0.6906850393538543
Tree height pre-scaling: 0.690685039447696, input timescale: 1.0
Tree height after scaling: 1.0, mutation rate: 0.690685039447696
Tree height pre-scaling: 0.6906850394425164, input timescale: 1.0
Tree height after scaling: 1.0, mutation rate: 0.6906850394425164
Tree height pre-scaling: 0.6906850394501873, input timescale: 1.0
Tree height after scaling: 0.9999999999999998, mutation rate: 0.6906850394501873
Tree height pre-scaling: 0.6906850394310479, input timescale: 1.0
Tree height after scaling: 1.0, mutation rate: 0.6906850394310479
Tree height pre-scaling: 0.6906850394310916, input timescale: 1.0
Tree height after scaling: 1.0, mutation rate: 0.6906850394310916
Tree height pre-scaling: 0.6906850393532281, input timescale: 1.0
Tree height after scaling: 1.0, mutation rate: 0.6906850393532281
Tree height pre-scaling: 0.6906850394249482, input timescale: 1.0
Tree height after scaling: 1.0, mutation rate: 0.6906850394249482
Tree height pre-scaling: 0.6906850394044771, input timescale: 1.0
Tree height after scaling: 1.0, mutation rate: 0.6906850394044771
Tree height pre-scaling: 0.6906850394694886, input timescale: 1.0
Tree height after scaling: 1.0, mutation rate: 0.6906850394694886
Tree height pre-scaling: 0.690685039381236, input timescale: 1.0
Tree height after scaling: 1.0, mutation rate: 0.690685039381236
Tree height pre-scaling: 0.6906850396182724, input timescale: 1.0
Tree height after scaling: 1.0, mutation rate: 0.6906850396182724
Tree height pre-scaling: 0.6906850396152542, input timescale: 1.0
Tree height after scaling: 1.0, mutation rate: 0.6906850396152542
Runtime (s): 12.352351
