Launching LAML version 0.0.4
LAML was called as follows: /Users/uym2/my_gits/LAML/run_laml.py -c ../../evaluation/Bar10/Bar10_character_matrix.txt -t place_outlier4/augmented_tree_442.nwk -o place_outlier4/augmented_tree_442_optimized -v -p ../../evaluation/Bar10/Bar10_priors.pickle --delimiter tab -m -1 --nInitials 1
Prior keys mismatch with site names.
Prior keys: [0, 1, 2, 3, 4, 5, 6, 7, 8, 9, 10, 11, 12, 13, 14, 15, 16, 17, 18, 19, 20, 21, 22, 23, 24, 25, 26, 27, 28, 29]
Site names: ['r1', 'r2', 'r3', 'r4', 'r5', 'r6', 'r7', 'r8', 'r9', 'r10', 'r11', 'r12', 'r13', 'r14', 'r15', 'r16', 'r17', 'r18', 'r19', 'r20', 'r21', 'r22', 'r23', 'r24', 'r25', 'r26', 'r27', 'r28', 'r29', 'r30']
Attempting to infer mapping between site names and prior keys...
{'r1': 0, 'r2': 1, 'r3': 2, 'r4': 3, 'r5': 4, 'r6': 5, 'r7': 6, 'r8': 7, 'r9': 8, 'r10': 9, 'r11': 10, 'r12': 11, 'r13': 12, 'r14': 13, 'r15': 14, 'r16': 15, 'r17': 16, 'r18': 17, 'r19': 18, 'r20': 19, 'r21': 20, 'r22': 21, 'r23': 22, 'r24': 23, 'r25': 24, 'r26': 25, 'r27': 26, 'r28': 27, 'r29': 28, 'r30': 29}
Optimizing branch lengths, phi, and nu without topology search
Optimization by EM algorithm
Optimization start with 1 initials
Initial point 1. Random seed: 4803
Numerical optimization started with ultrametric constraint (default)
Initial phi: 0. Initial nu: 0.26955655566205877. Initial nllh: 13781.202989375492
Starting EM iter: 1
Estep
Estep runtime (s): 0.10902714729309082
Mstep
Optimizing phi
Optimizing branch lengths. Current phi: 0. Current nu:0.26955655566205877
Optimizing nu
Mstep runtime (s): 0.325408935546875
Finished EM iter: 1. Current nllh: 10943.173050675316
Starting EM iter: 2
Estep
Estep runtime (s): 0.14662790298461914
Mstep
Optimizing phi
Optimizing branch lengths. Current phi: 0. Current nu:0.28101554935502165
Optimizing nu
Mstep runtime (s): 0.36360597610473633
Finished EM iter: 2. Current nllh: 10907.074346435504
Starting EM iter: 3
Estep
Estep runtime (s): 0.14707708358764648
Mstep
Optimizing phi
Optimizing branch lengths. Current phi: 0. Current nu:0.2815808341713543
Optimizing nu
Mstep runtime (s): 0.2860550880432129
Finished EM iter: 3. Current nllh: 10904.853692546603
Starting EM iter: 4
Estep
Estep runtime (s): 0.14722681045532227
Mstep
Optimizing phi
Optimizing branch lengths. Current phi: 0. Current nu:0.28106234663139934
Optimizing nu
Mstep runtime (s): 0.29094815254211426
Finished EM iter: 4. Current nllh: 10904.529545198646
Starting EM iter: 5
Estep
Estep runtime (s): 0.1469252109527588
Mstep
Optimizing phi
Optimizing branch lengths. Current phi: 0. Current nu:0.28097562474532045
Optimizing nu
Mstep runtime (s): 0.3605360984802246
Finished EM iter: 5. Current nllh: 10904.462460435954
Starting EM iter: 6
Estep
Estep runtime (s): 0.14728403091430664
Mstep
Optimizing phi
Optimizing branch lengths. Current phi: 0. Current nu:0.28102533894792986
Optimizing nu
Mstep runtime (s): 0.2803950309753418
Finished EM iter: 6. Current nllh: 10904.437550371078
Starting EM iter: 7
Estep
Estep runtime (s): 0.1472487449645996
Mstep
Optimizing phi
Optimizing branch lengths. Current phi: 0. Current nu:0.2810972667795741
Optimizing nu
Mstep runtime (s): 0.2880110740661621
Finished EM iter: 7. Current nllh: 10904.427028539158
Starting EM iter: 8
Estep
Estep runtime (s): 0.14759492874145508
Mstep
Optimizing phi
Optimizing branch lengths. Current phi: 0. Current nu:0.2811590619184927
Optimizing nu
Mstep runtime (s): 0.2766273021697998
Finished EM iter: 8. Current nllh: 10904.420774363389
Starting EM iter: 9
Estep
Estep runtime (s): 0.14768409729003906
Mstep
Optimizing phi
Optimizing branch lengths. Current phi: 0. Current nu:0.28120672083561443
Optimizing nu
Mstep runtime (s): 0.2876858711242676
Finished EM iter: 9. Current nllh: 10904.416831829254
Starting EM iter: 10
Estep
Estep runtime (s): 0.14725613594055176
Mstep
Optimizing phi
Optimizing branch lengths. Current phi: 0. Current nu:0.2812419419516358
Optimizing nu
Mstep runtime (s): 0.2821979522705078
Finished EM iter: 10. Current nllh: 10904.414241888042
Starting EM iter: 11
Estep
Estep runtime (s): 0.14751887321472168
Mstep
Optimizing phi
Optimizing branch lengths. Current phi: 0. Current nu:0.28126863113363304
Optimizing nu
Mstep runtime (s): 0.3867032527923584
Finished EM iter: 11. Current nllh: 10904.412486023039
Starting EM iter: 12
Estep
Estep runtime (s): 0.14728379249572754
Mstep
Optimizing phi
Optimizing branch lengths. Current phi: 0. Current nu:0.2812887157269774
Optimizing nu
Mstep runtime (s): 0.29184722900390625
Finished EM iter: 12. Current nllh: 10904.41127460102
Starting EM iter: 13
Estep
Estep runtime (s): 0.14765524864196777
Mstep
Optimizing phi
Optimizing branch lengths. Current phi: 0. Current nu:0.28130389472023254
Optimizing nu
Mstep runtime (s): 0.3145430088043213
Finished EM iter: 13. Current nllh: 10904.41040899016
Starting EM iter: 14
Estep
Estep runtime (s): 0.14764022827148438
Mstep
Optimizing phi
Optimizing branch lengths. Current phi: 0. Current nu:0.2813158271004819
Optimizing nu
Mstep runtime (s): 0.3351771831512451
Finished EM iter: 14. Current nllh: 10904.409620588423
Starting EM iter: 15
Estep
Estep runtime (s): 0.14758586883544922
Mstep
Optimizing phi
Optimizing branch lengths. Current phi: 0. Current nu:0.2813268087456333
Optimizing nu
Mstep runtime (s): 0.28319787979125977
Finished EM iter: 15. Current nllh: 10904.409294029014
Starting EM iter: 16
Estep
Estep runtime (s): 0.14750003814697266
Mstep
Optimizing phi
Optimizing branch lengths. Current phi: 0. Current nu:0.28133321561107305
Optimizing nu
Mstep runtime (s): 0.42420315742492676
Finished EM iter: 16. Current nllh: 10904.40896775539
Starting EM iter: 17
Estep
Estep runtime (s): 0.14776611328125
Mstep
Optimizing phi
Optimizing branch lengths. Current phi: 0. Current nu:0.2813388318189941
Optimizing nu
Mstep runtime (s): 0.3110170364379883
Finished EM iter: 17. Current nllh: 10904.408722217064
Starting EM iter: 18
Estep
Estep runtime (s): 0.14733481407165527
Mstep
Optimizing phi
Optimizing branch lengths. Current phi: 0. Current nu:0.28134327282467686
Optimizing nu
Mstep runtime (s): 0.30383896827697754
Finished EM iter: 18. Current nllh: 10904.40853818135
Starting EM iter: 19
Estep
Estep runtime (s): 0.14753174781799316
Mstep
Optimizing phi
Optimizing branch lengths. Current phi: 0. Current nu:0.2813469095632327
Optimizing nu
Mstep runtime (s): 0.312946081161499
Finished EM iter: 19. Current nllh: 10904.408383353984
Starting EM iter: 20
Estep
Estep runtime (s): 0.14760899543762207
Mstep
Optimizing phi
Optimizing branch lengths. Current phi: 0. Current nu:0.2813503448440735
Optimizing nu
Mstep runtime (s): 0.3113400936126709
Finished EM iter: 20. Current nllh: 10904.408098132351
Starting EM iter: 21
Estep
Estep runtime (s): 0.14750218391418457
Mstep
Optimizing phi
Optimizing branch lengths. Current phi: 0. Current nu:0.28135425148113824
Optimizing nu
Mstep runtime (s): 0.31771206855773926
Finished EM iter: 21. Current nllh: 10904.408074308703
EM finished after 21 iterations.
Optimal phi: 0. Optimal nu: 0.28135622649363534. Optimal nllh: 10904.408074308703
Optimal point found for initial point 1
Numerical optimization finished successfully
Tree height pre-scaling: 0.6893181118064228, input timescale: 1.0
Tree height after scaling: 1.0, mutation rate: 0.6893181118064228
Tree height pre-scaling: 0.6893181198799468, input timescale: 1.0
Tree height after scaling: 1.0, mutation rate: 0.6893181198799468
Tree height pre-scaling: 0.6893180783515568, input timescale: 1.0
Tree height after scaling: 1.0, mutation rate: 0.6893180783515568
Tree height pre-scaling: 0.6893181386961065, input timescale: 1.0
Tree height after scaling: 1.0, mutation rate: 0.6893181386961065
Tree height pre-scaling: 0.6893181354555911, input timescale: 1.0
Tree height after scaling: 0.9999999999999999, mutation rate: 0.6893181354555911
Tree height pre-scaling: 0.6893181390033853, input timescale: 1.0
Tree height after scaling: 0.9999999999999999, mutation rate: 0.6893181390033853
Tree height pre-scaling: 0.6893181260760478, input timescale: 1.0
Tree height after scaling: 1.0000000000000002, mutation rate: 0.6893181260760478
Tree height pre-scaling: 0.689318127041846, input timescale: 1.0
Tree height after scaling: 1.0, mutation rate: 0.689318127041846
Tree height pre-scaling: 0.6893180775838916, input timescale: 1.0
Tree height after scaling: 0.9999999999999999, mutation rate: 0.6893180775838916
Tree height pre-scaling: 0.6893181268139925, input timescale: 1.0
Tree height after scaling: 1.0, mutation rate: 0.6893181268139925
Tree height pre-scaling: 0.689318109524978, input timescale: 1.0
Tree height after scaling: 1.0, mutation rate: 0.689318109524978
Tree height pre-scaling: 0.6893181533764166, input timescale: 1.0
Tree height after scaling: 1.0, mutation rate: 0.6893181533764166
Tree height pre-scaling: 0.6893180971873554, input timescale: 1.0
Tree height after scaling: 1.0, mutation rate: 0.6893180971873554
Tree height pre-scaling: 0.6893182602486685, input timescale: 1.0
Tree height after scaling: 1.0, mutation rate: 0.6893182602486685
Tree height pre-scaling: 0.6893181539588049, input timescale: 1.0
Tree height after scaling: 1.0, mutation rate: 0.6893181539588049
Tree height pre-scaling: 0.6893181145954466, input timescale: 1.0
Tree height after scaling: 1.0, mutation rate: 0.6893181145954466
Tree height pre-scaling: 0.6893181234172834, input timescale: 1.0
Tree height after scaling: 1.0, mutation rate: 0.6893181234172834
Runtime (s): 10.824448833
