Launching LAML version 0.0.4
LAML was called as follows: /Users/uym2/my_gits/LAML/run_laml.py -c ../../evaluation/Bar10/Bar10_character_matrix.txt -t place_outlier4/augmented_tree_177.nwk -o place_outlier4/augmented_tree_177_optimized -v -p ../../evaluation/Bar10/Bar10_priors.pickle --delimiter tab -m -1 --nInitials 1
Prior keys mismatch with site names.
Prior keys: [0, 1, 2, 3, 4, 5, 6, 7, 8, 9, 10, 11, 12, 13, 14, 15, 16, 17, 18, 19, 20, 21, 22, 23, 24, 25, 26, 27, 28, 29]
Site names: ['r1', 'r2', 'r3', 'r4', 'r5', 'r6', 'r7', 'r8', 'r9', 'r10', 'r11', 'r12', 'r13', 'r14', 'r15', 'r16', 'r17', 'r18', 'r19', 'r20', 'r21', 'r22', 'r23', 'r24', 'r25', 'r26', 'r27', 'r28', 'r29', 'r30']
Attempting to infer mapping between site names and prior keys...
{'r1': 0, 'r2': 1, 'r3': 2, 'r4': 3, 'r5': 4, 'r6': 5, 'r7': 6, 'r8': 7, 'r9': 8, 'r10': 9, 'r11': 10, 'r12': 11, 'r13': 12, 'r14': 13, 'r15': 14, 'r16': 15, 'r17': 16, 'r18': 17, 'r19': 18, 'r20': 19, 'r21': 20, 'r22': 21, 'r23': 22, 'r24': 23, 'r25': 24, 'r26': 25, 'r27': 26, 'r28': 27, 'r29': 28, 'r30': 29}
Optimizing branch lengths, phi, and nu without topology search
Optimization by EM algorithm
Optimization start with 1 initials
Initial point 1. Random seed: 8202
Numerical optimization started with ultrametric constraint (default)
Initial phi: 0. Initial nu: 0.26955655566205877. Initial nllh: 13530.875861989527
Starting EM iter: 1
Estep
Estep runtime (s): 0.11123013496398926
Mstep
Optimizing phi
Optimizing branch lengths. Current phi: 0. Current nu:0.26955655566205877
Optimizing nu
Mstep runtime (s): 0.33484315872192383
Finished EM iter: 1. Current nllh: 10959.65223228711
Starting EM iter: 2
Estep
Estep runtime (s): 0.1525280475616455
Mstep
Optimizing phi
Optimizing branch lengths. Current phi: 0. Current nu:0.2930305925166789
Optimizing nu
Mstep runtime (s): 0.29039430618286133
Finished EM iter: 2. Current nllh: 10934.905051076317
Starting EM iter: 3
Estep
Estep runtime (s): 0.15202093124389648
Mstep
Optimizing phi
Optimizing branch lengths. Current phi: 0. Current nu:0.2998948687880251
Optimizing nu
Mstep runtime (s): 0.3176701068878174
Finished EM iter: 3. Current nllh: 10933.042025853358
Starting EM iter: 4
Estep
Estep runtime (s): 0.15221190452575684
Mstep
Optimizing phi
Optimizing branch lengths. Current phi: 0. Current nu:0.30190557791392864
Optimizing nu
Mstep runtime (s): 0.3195059299468994
Finished EM iter: 4. Current nllh: 10932.681523157391
Starting EM iter: 5
Estep
Estep runtime (s): 0.15211224555969238
Mstep
Optimizing phi
Optimizing branch lengths. Current phi: 0. Current nu:0.3026367148036136
Optimizing nu
Mstep runtime (s): 0.2825751304626465
Finished EM iter: 5. Current nllh: 10932.579762605621
Starting EM iter: 6
Estep
Estep runtime (s): 0.1524362564086914
Mstep
Optimizing phi
Optimizing branch lengths. Current phi: 0. Current nu:0.3029436359511836
Optimizing nu
Mstep runtime (s): 0.40024614334106445
Finished EM iter: 6. Current nllh: 10932.550093390999
Starting EM iter: 7
Estep
Estep runtime (s): 0.1523420810699463
Mstep
Optimizing phi
Optimizing branch lengths. Current phi: 0. Current nu:0.30309763204858287
Optimizing nu
Mstep runtime (s): 0.28670382499694824
Finished EM iter: 7. Current nllh: 10932.53414640493
Starting EM iter: 8
Estep
Estep runtime (s): 0.15561294555664062
Mstep
Optimizing phi
Optimizing branch lengths. Current phi: 0. Current nu:0.30319125521163753
Optimizing nu
Mstep runtime (s): 0.29819512367248535
Finished EM iter: 8. Current nllh: 10932.524685587465
Starting EM iter: 9
Estep
Estep runtime (s): 0.15242505073547363
Mstep
Optimizing phi
Optimizing branch lengths. Current phi: 0. Current nu:0.3032529792592479
Optimizing nu
Mstep runtime (s): 0.3346989154815674
Finished EM iter: 9. Current nllh: 10932.518669912242
Starting EM iter: 10
Estep
Estep runtime (s): 0.15311884880065918
Mstep
Optimizing phi
Optimizing branch lengths. Current phi: 0. Current nu:0.30329678086095374
Optimizing nu
Mstep runtime (s): 0.3087499141693115
Finished EM iter: 10. Current nllh: 10932.514640811753
Starting EM iter: 11
Estep
Estep runtime (s): 0.15242600440979004
Mstep
Optimizing phi
Optimizing branch lengths. Current phi: 0. Current nu:0.30332925524284776
Optimizing nu
Mstep runtime (s): 0.3111758232116699
Finished EM iter: 11. Current nllh: 10932.511858276468
Starting EM iter: 12
Estep
Estep runtime (s): 0.15254878997802734
Mstep
Optimizing phi
Optimizing branch lengths. Current phi: 0. Current nu:0.30335330447892717
Optimizing nu
Mstep runtime (s): 0.306865930557251
Finished EM iter: 12. Current nllh: 10932.509868153062
Starting EM iter: 13
Estep
Estep runtime (s): 0.15270400047302246
Mstep
Optimizing phi
Optimizing branch lengths. Current phi: 0. Current nu:0.3033720586195994
Optimizing nu
Mstep runtime (s): 0.3506488800048828
Finished EM iter: 13. Current nllh: 10932.508401884072
Starting EM iter: 14
Estep
Estep runtime (s): 0.15540385246276855
Mstep
Optimizing phi
Optimizing branch lengths. Current phi: 0. Current nu:0.30338699660179874
Optimizing nu
Mstep runtime (s): 0.3520088195800781
Finished EM iter: 14. Current nllh: 10932.507072037242
Starting EM iter: 15
Estep
Estep runtime (s): 0.15346717834472656
Mstep
Optimizing phi
Optimizing branch lengths. Current phi: 0. Current nu:0.3034001403730803
Optimizing nu
Mstep runtime (s): 0.34357404708862305
Finished EM iter: 15. Current nllh: 10932.50622306118
Starting EM iter: 16
Estep
Estep runtime (s): 0.15328598022460938
Mstep
Optimizing phi
Optimizing branch lengths. Current phi: 0. Current nu:0.3034094328531766
Optimizing nu
Mstep runtime (s): 0.3269689083099365
Finished EM iter: 16. Current nllh: 10932.50575600118
Starting EM iter: 17
Estep
Estep runtime (s): 0.15297198295593262
Mstep
Optimizing phi
Optimizing branch lengths. Current phi: 0. Current nu:0.30341591840289034
Optimizing nu
Mstep runtime (s): 0.3208608627319336
Finished EM iter: 17. Current nllh: 10932.505251529168
Starting EM iter: 18
Estep
Estep runtime (s): 0.15298891067504883
Mstep
Optimizing phi
Optimizing branch lengths. Current phi: 0. Current nu:0.3034217494257458
Optimizing nu
Mstep runtime (s): 0.3046700954437256
Finished EM iter: 18. Current nllh: 10932.504887773737
Starting EM iter: 19
Estep
Estep runtime (s): 0.15312910079956055
Mstep
Optimizing phi
Optimizing branch lengths. Current phi: 0. Current nu:0.3034286545934272
Optimizing nu
Mstep runtime (s): 0.3616807460784912
Finished EM iter: 19. Current nllh: 10932.504468214103
Starting EM iter: 20
Estep
Estep runtime (s): 0.1528618335723877
Mstep
Optimizing phi
Optimizing branch lengths. Current phi: 0. Current nu:0.3034319497769524
Optimizing nu
Mstep runtime (s): 0.2897980213165283
Finished EM iter: 20. Current nllh: 10932.504277909924
Starting EM iter: 21
Estep
Estep runtime (s): 0.15284395217895508
Mstep
Optimizing phi
Optimizing branch lengths. Current phi: 0. Current nu:0.30343776734559247
Optimizing nu
Mstep runtime (s): 0.35516977310180664
Finished EM iter: 21. Current nllh: 10932.50383063721
Starting EM iter: 22
Estep
Estep runtime (s): 0.15284299850463867
Mstep
Optimizing phi
Optimizing branch lengths. Current phi: 0. Current nu:0.3034408207647658
Optimizing nu
Mstep runtime (s): 0.33929872512817383
Finished EM iter: 22. Current nllh: 10932.50384657459
EM finished after 22 iterations.
Optimal phi: 0. Optimal nu: 0.3034446130776608. Optimal nllh: 10932.50384657459
Optimal point found for initial point 1
Numerical optimization finished successfully
Tree height pre-scaling: 0.6752126284285558, input timescale: 1.0
Tree height after scaling: 1.0, mutation rate: 0.6752126284285558
Tree height pre-scaling: 0.6752126285384901, input timescale: 1.0
Tree height after scaling: 1.0, mutation rate: 0.6752126285384901
Tree height pre-scaling: 0.6752126284868915, input timescale: 1.0
Tree height after scaling: 0.9999999999999999, mutation rate: 0.6752126284868915
Tree height pre-scaling: 0.6752126285530928, input timescale: 1.0
Tree height after scaling: 1.0000000000000002, mutation rate: 0.6752126285530928
Tree height pre-scaling: 0.6752126288775944, input timescale: 1.0
Tree height after scaling: 1.0, mutation rate: 0.6752126288775944
Tree height pre-scaling: 0.6752126285425452, input timescale: 1.0
Tree height after scaling: 1.0, mutation rate: 0.6752126285425452
Tree height pre-scaling: 0.6752126285876665, input timescale: 1.0
Tree height after scaling: 1.0, mutation rate: 0.6752126285876665
Tree height pre-scaling: 0.6752126285036881, input timescale: 1.0
Tree height after scaling: 1.0, mutation rate: 0.6752126285036881
Tree height pre-scaling: 0.675212628491584, input timescale: 1.0
Tree height after scaling: 1.0, mutation rate: 0.675212628491584
Tree height pre-scaling: 0.6752126284568816, input timescale: 1.0
Tree height after scaling: 0.9999999999999999, mutation rate: 0.6752126284568816
Tree height pre-scaling: 0.6752126283120677, input timescale: 1.0
Tree height after scaling: 1.0, mutation rate: 0.6752126283120677
Tree height pre-scaling: 0.6752126285203639, input timescale: 1.0
Tree height after scaling: 1.0, mutation rate: 0.6752126285203639
Tree height pre-scaling: 0.67521262850934, input timescale: 1.0
Tree height after scaling: 1.0, mutation rate: 0.67521262850934
Tree height pre-scaling: 0.6752126285210134, input timescale: 1.0
Tree height after scaling: 1.0, mutation rate: 0.6752126285210134
Tree height pre-scaling: 0.6752126284769779, input timescale: 1.0
Tree height after scaling: 1.0, mutation rate: 0.6752126284769779
Tree height pre-scaling: 0.6752126284820192, input timescale: 1.0
Tree height after scaling: 1.0, mutation rate: 0.6752126284820192
Tree height pre-scaling: 0.6752126283779489, input timescale: 1.0
Tree height after scaling: 1.0, mutation rate: 0.6752126283779489
Runtime (s): 11.677906625
