Launching LAML version 0.0.4
LAML was called as follows: /Users/uym2/my_gits/LAML/run_laml.py -c ../../evaluation/Bar10/Bar10_character_matrix.txt -t place_outlier4/augmented_tree_352.nwk -o place_outlier4/augmented_tree_352_optimized -v -p ../../evaluation/Bar10/Bar10_priors.pickle --delimiter tab -m -1 --nInitials 1
Prior keys mismatch with site names.
Prior keys: [0, 1, 2, 3, 4, 5, 6, 7, 8, 9, 10, 11, 12, 13, 14, 15, 16, 17, 18, 19, 20, 21, 22, 23, 24, 25, 26, 27, 28, 29]
Site names: ['r1', 'r2', 'r3', 'r4', 'r5', 'r6', 'r7', 'r8', 'r9', 'r10', 'r11', 'r12', 'r13', 'r14', 'r15', 'r16', 'r17', 'r18', 'r19', 'r20', 'r21', 'r22', 'r23', 'r24', 'r25', 'r26', 'r27', 'r28', 'r29', 'r30']
Attempting to infer mapping between site names and prior keys...
{'r1': 0, 'r2': 1, 'r3': 2, 'r4': 3, 'r5': 4, 'r6': 5, 'r7': 6, 'r8': 7, 'r9': 8, 'r10': 9, 'r11': 10, 'r12': 11, 'r13': 12, 'r14': 13, 'r15': 14, 'r16': 15, 'r17': 16, 'r18': 17, 'r19': 18, 'r20': 19, 'r21': 20, 'r22': 21, 'r23': 22, 'r24': 23, 'r25': 24, 'r26': 25, 'r27': 26, 'r28': 27, 'r29': 28, 'r30': 29}
Optimizing branch lengths, phi, and nu without topology search
Optimization by EM algorithm
Optimization start with 1 initials
Initial point 1. Random seed: 2784
Numerical optimization started with ultrametric constraint (default)
Initial phi: 0. Initial nu: 0.26955655566205877. Initial nllh: 13105.504760750164
Starting EM iter: 1
Estep
Estep runtime (s): 0.10880684852600098
Mstep
Optimizing phi
Optimizing branch lengths. Current phi: 0. Current nu:0.26955655566205877
Optimizing nu
Mstep runtime (s): 0.36499476432800293
Finished EM iter: 1. Current nllh: 10880.957932416224
Starting EM iter: 2
Estep
Estep runtime (s): 0.14967703819274902
Mstep
Optimizing phi
Optimizing branch lengths. Current phi: 0. Current nu:0.2785570126948973
Optimizing nu
Mstep runtime (s): 0.36991190910339355
Finished EM iter: 2. Current nllh: 10862.98226843757
Starting EM iter: 3
Estep
Estep runtime (s): 0.15511608123779297
Mstep
Optimizing phi
Optimizing branch lengths. Current phi: 0. Current nu:0.28027142197687566
Optimizing nu
Mstep runtime (s): 0.32390403747558594
Finished EM iter: 3. Current nllh: 10861.727703238053
Starting EM iter: 4
Estep
Estep runtime (s): 0.14983105659484863
Mstep
Optimizing phi
Optimizing branch lengths. Current phi: 0. Current nu:0.28074628816534275
Optimizing nu
Mstep runtime (s): 0.340930700302124
Finished EM iter: 4. Current nllh: 10861.560038891848
Starting EM iter: 5
Estep
Estep runtime (s): 0.14957809448242188
Mstep
Optimizing phi
Optimizing branch lengths. Current phi: 0. Current nu:0.28101928398633075
Optimizing nu
Mstep runtime (s): 0.33072829246520996
Finished EM iter: 5. Current nllh: 10861.50918694467
Starting EM iter: 6
Estep
Estep runtime (s): 0.1498880386352539
Mstep
Optimizing phi
Optimizing branch lengths. Current phi: 0. Current nu:0.28119375840210237
Optimizing nu
Mstep runtime (s): 0.38234615325927734
Finished EM iter: 6. Current nllh: 10861.4877259132
Starting EM iter: 7
Estep
Estep runtime (s): 0.1500380039215088
Mstep
Optimizing phi
Optimizing branch lengths. Current phi: 0. Current nu:0.28130957853992494
Optimizing nu
Mstep runtime (s): 0.3737359046936035
Finished EM iter: 7. Current nllh: 10861.476710188603
Starting EM iter: 8
Estep
Estep runtime (s): 0.15044307708740234
Mstep
Optimizing phi
Optimizing branch lengths. Current phi: 0. Current nu:0.2813859155571776
Optimizing nu
Mstep runtime (s): 0.2920999526977539
Finished EM iter: 8. Current nllh: 10861.470406892042
Starting EM iter: 9
Estep
Estep runtime (s): 0.1502079963684082
Mstep
Optimizing phi
Optimizing branch lengths. Current phi: 0. Current nu:0.28143765072777116
Optimizing nu
Mstep runtime (s): 0.3392210006713867
Finished EM iter: 9. Current nllh: 10861.46641950633
Starting EM iter: 10
Estep
Estep runtime (s): 0.1528170108795166
Mstep
Optimizing phi
Optimizing branch lengths. Current phi: 0. Current nu:0.2814734371022543
Optimizing nu
Mstep runtime (s): 0.3306441307067871
Finished EM iter: 10. Current nllh: 10861.463933166004
Starting EM iter: 11
Estep
Estep runtime (s): 0.15047788619995117
Mstep
Optimizing phi
Optimizing branch lengths. Current phi: 0. Current nu:0.28150025699089926
Optimizing nu
Mstep runtime (s): 0.4243960380554199
Finished EM iter: 11. Current nllh: 10861.461987845047
Starting EM iter: 12
Estep
Estep runtime (s): 0.1503598690032959
Mstep
Optimizing phi
Optimizing branch lengths. Current phi: 0. Current nu:0.28152155325266587
Optimizing nu
Mstep runtime (s): 0.3277420997619629
Finished EM iter: 12. Current nllh: 10861.461031452372
Starting EM iter: 13
Estep
Estep runtime (s): 0.15058207511901855
Mstep
Optimizing phi
Optimizing branch lengths. Current phi: 0. Current nu:0.28153595036650236
Optimizing nu
Mstep runtime (s): 0.3280599117279053
Finished EM iter: 13. Current nllh: 10861.460303603017
Starting EM iter: 14
Estep
Estep runtime (s): 0.1505260467529297
Mstep
Optimizing phi
Optimizing branch lengths. Current phi: 0. Current nu:0.28154745619012744
Optimizing nu
Mstep runtime (s): 0.3225071430206299
Finished EM iter: 14. Current nllh: 10861.45971219214
Starting EM iter: 15
Estep
Estep runtime (s): 0.15046405792236328
Mstep
Optimizing phi
Optimizing branch lengths. Current phi: 0. Current nu:0.28155623507878547
Optimizing nu
Mstep runtime (s): 0.36621809005737305
Finished EM iter: 15. Current nllh: 10861.45913403327
Starting EM iter: 16
Estep
Estep runtime (s): 0.15051698684692383
Mstep
Optimizing phi
Optimizing branch lengths. Current phi: 0. Current nu:0.28156307575161904
Optimizing nu
Mstep runtime (s): 0.3374788761138916
Finished EM iter: 16. Current nllh: 10861.458791263438
Starting EM iter: 17
Estep
Estep runtime (s): 0.1505107879638672
Mstep
Optimizing phi
Optimizing branch lengths. Current phi: 0. Current nu:0.28156896066280407
Optimizing nu
Mstep runtime (s): 0.34146976470947266
Finished EM iter: 17. Current nllh: 10861.458527998415
Starting EM iter: 18
Estep
Estep runtime (s): 0.15047597885131836
Mstep
Optimizing phi
Optimizing branch lengths. Current phi: 0. Current nu:0.28157334668964185
Optimizing nu
Mstep runtime (s): 0.3484649658203125
Finished EM iter: 18. Current nllh: 10861.458329243453
Starting EM iter: 19
Estep
Estep runtime (s): 0.15044093132019043
Mstep
Optimizing phi
Optimizing branch lengths. Current phi: 0. Current nu:0.2815772485766768
Optimizing nu
Mstep runtime (s): 0.3808021545410156
Finished EM iter: 19. Current nllh: 10861.458200692177
Starting EM iter: 20
Estep
Estep runtime (s): 0.15017104148864746
Mstep
Optimizing phi
Optimizing branch lengths. Current phi: 0. Current nu:0.28157959350763556
Optimizing nu
Mstep runtime (s): 0.3755660057067871
Finished EM iter: 20. Current nllh: 10861.458081075518
Starting EM iter: 21
Estep
Estep runtime (s): 0.15106916427612305
Mstep
Optimizing phi
Optimizing branch lengths. Current phi: 0. Current nu:0.28158249305587985
Optimizing nu
Mstep runtime (s): 0.3387010097503662
Finished EM iter: 21. Current nllh: 10861.457964027097
Starting EM iter: 22
Estep
Estep runtime (s): 0.15022826194763184
Mstep
Optimizing phi
Optimizing branch lengths. Current phi: 0. Current nu:0.28158541223780986
Optimizing nu
Mstep runtime (s): 0.3453099727630615
Finished EM iter: 22. Current nllh: 10861.457911344747
EM finished after 22 iterations.
Optimal phi: 0. Optimal nu: 0.28158729477461003. Optimal nllh: 10861.457911344747
Optimal point found for initial point 1
Numerical optimization finished successfully
Tree height pre-scaling: 0.6942290923393794, input timescale: 1.0
Tree height after scaling: 1.0, mutation rate: 0.6942290923393794
Tree height pre-scaling: 0.6942291745360879, input timescale: 1.0
Tree height after scaling: 1.0, mutation rate: 0.6942291745360879
Tree height pre-scaling: 0.6942291075535364, input timescale: 1.0
Tree height after scaling: 1.0, mutation rate: 0.6942291075535364
Tree height pre-scaling: 0.6942290032396344, input timescale: 1.0
Tree height after scaling: 1.0000000000000002, mutation rate: 0.6942290032396344
Tree height pre-scaling: 0.6942291599126249, input timescale: 1.0
Tree height after scaling: 1.0, mutation rate: 0.6942291599126249
Tree height pre-scaling: 0.6942291525023967, input timescale: 1.0
Tree height after scaling: 1.0000000000000002, mutation rate: 0.6942291525023967
Tree height pre-scaling: 0.6942291628114593, input timescale: 1.0
Tree height after scaling: 1.0, mutation rate: 0.6942291628114593
Tree height pre-scaling: 0.6942291279457434, input timescale: 1.0
Tree height after scaling: 1.0, mutation rate: 0.6942291279457434
Tree height pre-scaling: 0.6942291317931829, input timescale: 1.0
Tree height after scaling: 0.9999999999999998, mutation rate: 0.6942291317931829
Tree height pre-scaling: 0.6942289960040455, input timescale: 1.0
Tree height after scaling: 1.0, mutation rate: 0.6942289960040455
Tree height pre-scaling: 0.6942291272593383, input timescale: 1.0
Tree height after scaling: 1.0, mutation rate: 0.6942291272593383
Tree height pre-scaling: 0.6942290828930706, input timescale: 1.0
Tree height after scaling: 1.0, mutation rate: 0.6942290828930706
Tree height pre-scaling: 0.6942291987897385, input timescale: 1.0
Tree height after scaling: 1.0, mutation rate: 0.6942291987897385
Tree height pre-scaling: 0.6942290524485439, input timescale: 1.0
Tree height after scaling: 0.9999999999999999, mutation rate: 0.6942290524485439
Tree height pre-scaling: 0.6942294640551592, input timescale: 1.0
Tree height after scaling: 1.0000000000000002, mutation rate: 0.6942294640551592
Tree height pre-scaling: 0.6942291980404475, input timescale: 1.0
Tree height after scaling: 1.0, mutation rate: 0.6942291980404475
Tree height pre-scaling: 0.6942291380801284, input timescale: 1.0
Tree height after scaling: 1.0, mutation rate: 0.6942291380801284
Runtime (s): 12.170545583000001
