Launching LAML version 0.0.4
LAML was called as follows: /Users/uym2/my_gits/LAML/run_laml.py -c ../../evaluation/Bar10/Bar10_character_matrix.txt -t place_outlier4/augmented_tree_87.nwk -o place_outlier4/augmented_tree_87_optimized -v -p ../../evaluation/Bar10/Bar10_priors.pickle --delimiter tab -m -1 --nInitials 1
Prior keys mismatch with site names.
Prior keys: [0, 1, 2, 3, 4, 5, 6, 7, 8, 9, 10, 11, 12, 13, 14, 15, 16, 17, 18, 19, 20, 21, 22, 23, 24, 25, 26, 27, 28, 29]
Site names: ['r1', 'r2', 'r3', 'r4', 'r5', 'r6', 'r7', 'r8', 'r9', 'r10', 'r11', 'r12', 'r13', 'r14', 'r15', 'r16', 'r17', 'r18', 'r19', 'r20', 'r21', 'r22', 'r23', 'r24', 'r25', 'r26', 'r27', 'r28', 'r29', 'r30']
Attempting to infer mapping between site names and prior keys...
{'r1': 0, 'r2': 1, 'r3': 2, 'r4': 3, 'r5': 4, 'r6': 5, 'r7': 6, 'r8': 7, 'r9': 8, 'r10': 9, 'r11': 10, 'r12': 11, 'r13': 12, 'r14': 13, 'r15': 14, 'r16': 15, 'r17': 16, 'r18': 17, 'r19': 18, 'r20': 19, 'r21': 20, 'r22': 21, 'r23': 22, 'r24': 23, 'r25': 24, 'r26': 25, 'r27': 26, 'r28': 27, 'r29': 28, 'r30': 29}
Optimizing branch lengths, phi, and nu without topology search
Optimization by EM algorithm
Optimization start with 1 initials
Initial point 1. Random seed: 2255
Numerical optimization started with ultrametric constraint (default)
Initial phi: 0. Initial nu: 0.26955655566205877. Initial nllh: 12893.246719958504
Starting EM iter: 1
Estep
Estep runtime (s): 0.10697293281555176
Mstep
Optimizing phi
Optimizing branch lengths. Current phi: 0. Current nu:0.26955655566205877
Optimizing nu
Mstep runtime (s): 0.3374619483947754
Finished EM iter: 1. Current nllh: 10701.88250321037
Starting EM iter: 2
Estep
Estep runtime (s): 0.14836907386779785
Mstep
Optimizing phi
Optimizing branch lengths. Current phi: 0. Current nu:0.2806591191073933
Optimizing nu
Mstep runtime (s): 0.32024192810058594
Finished EM iter: 2. Current nllh: 10679.586705071482
Starting EM iter: 3
Estep
Estep runtime (s): 0.1460859775543213
Mstep
Optimizing phi
Optimizing branch lengths. Current phi: 0. Current nu:0.28218538612553423
Optimizing nu
Mstep runtime (s): 0.3165397644042969
Finished EM iter: 3. Current nllh: 10678.302201825974
Starting EM iter: 4
Estep
Estep runtime (s): 0.14632010459899902
Mstep
Optimizing phi
Optimizing branch lengths. Current phi: 0. Current nu:0.28244899528372347
Optimizing nu
Mstep runtime (s): 0.31963324546813965
Finished EM iter: 4. Current nllh: 10678.133619669916
Starting EM iter: 5
Estep
Estep runtime (s): 0.14589691162109375
Mstep
Optimizing phi
Optimizing branch lengths. Current phi: 0. Current nu:0.28262814133558223
Optimizing nu
Mstep runtime (s): 0.3182051181793213
Finished EM iter: 5. Current nllh: 10678.079779272412
Starting EM iter: 6
Estep
Estep runtime (s): 0.15129995346069336
Mstep
Optimizing phi
Optimizing branch lengths. Current phi: 0. Current nu:0.28276579985704625
Optimizing nu
Mstep runtime (s): 0.3243370056152344
Finished EM iter: 6. Current nllh: 10678.061716603255
Starting EM iter: 7
Estep
Estep runtime (s): 0.14587998390197754
Mstep
Optimizing phi
Optimizing branch lengths. Current phi: 0. Current nu:0.2828614161231321
Optimizing nu
Mstep runtime (s): 0.29032111167907715
Finished EM iter: 7. Current nllh: 10678.052261114268
Starting EM iter: 8
Estep
Estep runtime (s): 0.1461811065673828
Mstep
Optimizing phi
Optimizing branch lengths. Current phi: 0. Current nu:0.2829286566831083
Optimizing nu
Mstep runtime (s): 0.34310197830200195
Finished EM iter: 8. Current nllh: 10678.046410901616
Starting EM iter: 9
Estep
Estep runtime (s): 0.1463172435760498
Mstep
Optimizing phi
Optimizing branch lengths. Current phi: 0. Current nu:0.2829771569154322
Optimizing nu
Mstep runtime (s): 0.34407830238342285
Finished EM iter: 9. Current nllh: 10678.042892022924
Starting EM iter: 10
Estep
Estep runtime (s): 0.14600825309753418
Mstep
Optimizing phi
Optimizing branch lengths. Current phi: 0. Current nu:0.28301009243727426
Optimizing nu
Mstep runtime (s): 0.33098292350769043
Finished EM iter: 10. Current nllh: 10678.04055939069
Starting EM iter: 11
Estep
Estep runtime (s): 0.14648103713989258
Mstep
Optimizing phi
Optimizing branch lengths. Current phi: 0. Current nu:0.28303500496955714
Optimizing nu
Mstep runtime (s): 0.32027506828308105
Finished EM iter: 11. Current nllh: 10678.03893674942
Starting EM iter: 12
Estep
Estep runtime (s): 0.14621615409851074
Mstep
Optimizing phi
Optimizing branch lengths. Current phi: 0. Current nu:0.2830547370173407
Optimizing nu
Mstep runtime (s): 0.3072798252105713
Finished EM iter: 12. Current nllh: 10678.03775323386
Starting EM iter: 13
Estep
Estep runtime (s): 0.1520540714263916
Mstep
Optimizing phi
Optimizing branch lengths. Current phi: 0. Current nu:0.2830719484231405
Optimizing nu
Mstep runtime (s): 0.3543281555175781
Finished EM iter: 13. Current nllh: 10678.03714456131
Starting EM iter: 14
Estep
Estep runtime (s): 0.14679908752441406
Mstep
Optimizing phi
Optimizing branch lengths. Current phi: 0. Current nu:0.28308270122861734
Optimizing nu
Mstep runtime (s): 0.38542604446411133
Finished EM iter: 14. Current nllh: 10678.036681673077
Starting EM iter: 15
Estep
Estep runtime (s): 0.1470940113067627
Mstep
Optimizing phi
Optimizing branch lengths. Current phi: 0. Current nu:0.2830928643817649
Optimizing nu
Mstep runtime (s): 0.5040748119354248
Finished EM iter: 15. Current nllh: 10678.03614450938
Starting EM iter: 16
Estep
Estep runtime (s): 0.1465132236480713
Mstep
Optimizing phi
Optimizing branch lengths. Current phi: 0. Current nu:0.2830993451430614
Optimizing nu
Mstep runtime (s): 0.41696715354919434
Finished EM iter: 16. Current nllh: 10678.035716749233
Starting EM iter: 17
Estep
Estep runtime (s): 0.14648914337158203
Mstep
Optimizing phi
Optimizing branch lengths. Current phi: 0. Current nu:0.2831062459718448
Optimizing nu
Mstep runtime (s): 0.31721997261047363
Finished EM iter: 17. Current nllh: 10678.035539466255
Starting EM iter: 18
Estep
Estep runtime (s): 0.1494736671447754
Mstep
Optimizing phi
Optimizing branch lengths. Current phi: 0. Current nu:0.28310976667805127
Optimizing nu
Mstep runtime (s): 0.34085679054260254
Finished EM iter: 18. Current nllh: 10678.03512124208
Starting EM iter: 19
Estep
Estep runtime (s): 0.15200209617614746
Mstep
Optimizing phi
Optimizing branch lengths. Current phi: 0. Current nu:0.2831144230501272
Optimizing nu
Mstep runtime (s): 0.36443185806274414
Finished EM iter: 19. Current nllh: 10678.035195794344
EM finished after 19 iterations.
Optimal phi: 0. Optimal nu: 0.2831168643248702. Optimal nllh: 10678.035195794344
Optimal point found for initial point 1
Numerical optimization finished successfully
Tree height pre-scaling: 0.6914572311046129, input timescale: 1.0
Tree height after scaling: 1.0, mutation rate: 0.6914572311046129
Tree height pre-scaling: 0.6914572311699649, input timescale: 1.0
Tree height after scaling: 1.0, mutation rate: 0.6914572311699649
Tree height pre-scaling: 0.6914572311400553, input timescale: 1.0
Tree height after scaling: 1.0, mutation rate: 0.6914572311400553
Tree height pre-scaling: 0.6914572311749186, input timescale: 1.0
Tree height after scaling: 1.0, mutation rate: 0.6914572311749186
Tree height pre-scaling: 0.6914572313648923, input timescale: 1.0
Tree height after scaling: 1.0, mutation rate: 0.6914572313648923
Tree height pre-scaling: 0.6914572311700595, input timescale: 1.0
Tree height after scaling: 0.9999999999999998, mutation rate: 0.6914572311700595
Tree height pre-scaling: 0.6914572311943947, input timescale: 1.0
Tree height after scaling: 0.9999999999999999, mutation rate: 0.6914572311943947
Tree height pre-scaling: 0.6914572311511606, input timescale: 1.0
Tree height after scaling: 0.9999999999999999, mutation rate: 0.6914572311511606
Tree height pre-scaling: 0.6914572311312371, input timescale: 1.0
Tree height after scaling: 1.0, mutation rate: 0.6914572311312371
Tree height pre-scaling: 0.6914572310425158, input timescale: 1.0
Tree height after scaling: 1.0, mutation rate: 0.6914572310425158
Tree height pre-scaling: 0.6914572311809867, input timescale: 1.0
Tree height after scaling: 1.0, mutation rate: 0.6914572311809867
Tree height pre-scaling: 0.6914572311819331, input timescale: 1.0
Tree height after scaling: 1.0, mutation rate: 0.6914572311819331
Tree height pre-scaling: 0.6914572310940921, input timescale: 1.0
Tree height after scaling: 1.0, mutation rate: 0.6914572310940921
Tree height pre-scaling: 0.6914572311161099, input timescale: 1.0
Tree height after scaling: 1.0, mutation rate: 0.6914572311161099
Tree height pre-scaling: 0.6914572310368856, input timescale: 1.0
Tree height after scaling: 1.0, mutation rate: 0.6914572310368856
Tree height pre-scaling: 0.6914572311622807, input timescale: 1.0
Tree height after scaling: 1.0, mutation rate: 0.6914572311622807
Tree height pre-scaling: 0.6914572311767814, input timescale: 1.0
Tree height after scaling: 1.0, mutation rate: 0.6914572311767814
Runtime (s): 10.384357042000001
