Launching LAML version 0.0.4
LAML was called as follows: /Users/uym2/my_gits/LAML/run_laml.py -c ../../evaluation/Bar10/Bar10_character_matrix.txt -t place_outlier4/augmented_tree_170.nwk -o place_outlier4/augmented_tree_170_optimized -v -p ../../evaluation/Bar10/Bar10_priors.pickle --delimiter tab -m -1 --nInitials 1
Prior keys mismatch with site names.
Prior keys: [0, 1, 2, 3, 4, 5, 6, 7, 8, 9, 10, 11, 12, 13, 14, 15, 16, 17, 18, 19, 20, 21, 22, 23, 24, 25, 26, 27, 28, 29]
Site names: ['r1', 'r2', 'r3', 'r4', 'r5', 'r6', 'r7', 'r8', 'r9', 'r10', 'r11', 'r12', 'r13', 'r14', 'r15', 'r16', 'r17', 'r18', 'r19', 'r20', 'r21', 'r22', 'r23', 'r24', 'r25', 'r26', 'r27', 'r28', 'r29', 'r30']
Attempting to infer mapping between site names and prior keys...
{'r1': 0, 'r2': 1, 'r3': 2, 'r4': 3, 'r5': 4, 'r6': 5, 'r7': 6, 'r8': 7, 'r9': 8, 'r10': 9, 'r11': 10, 'r12': 11, 'r13': 12, 'r14': 13, 'r15': 14, 'r16': 15, 'r17': 16, 'r18': 17, 'r19': 18, 'r20': 19, 'r21': 20, 'r22': 21, 'r23': 22, 'r24': 23, 'r25': 24, 'r26': 25, 'r27': 26, 'r28': 27, 'r29': 28, 'r30': 29}
Optimizing branch lengths, phi, and nu without topology search
Optimization by EM algorithm
Optimization start with 1 initials
Initial point 1. Random seed: 7425
Numerical optimization started with ultrametric constraint (default)
Initial phi: 0. Initial nu: 0.26955655566205877. Initial nllh: 13263.553957992584
Starting EM iter: 1
Estep
Estep runtime (s): 0.10982203483581543
Mstep
Optimizing phi
Optimizing branch lengths. Current phi: 0. Current nu:0.26955655566205877
Optimizing nu
Mstep runtime (s): 0.32512402534484863
Finished EM iter: 1. Current nllh: 10835.821064073958
Starting EM iter: 2
Estep
Estep runtime (s): 0.1505143642425537
Mstep
Optimizing phi
Optimizing branch lengths. Current phi: 0. Current nu:0.2877795420349491
Optimizing nu
Mstep runtime (s): 0.29796504974365234
Finished EM iter: 2. Current nllh: 10813.847269201236
Starting EM iter: 3
Estep
Estep runtime (s): 0.15091609954833984
Mstep
Optimizing phi
Optimizing branch lengths. Current phi: 0. Current nu:0.2932194880507983
Optimizing nu
Mstep runtime (s): 0.3508937358856201
Finished EM iter: 3. Current nllh: 10812.20380992064
Starting EM iter: 4
Estep
Estep runtime (s): 0.15123915672302246
Mstep
Optimizing phi
Optimizing branch lengths. Current phi: 0. Current nu:0.29491375394717095
Optimizing nu
Mstep runtime (s): 0.33677101135253906
Finished EM iter: 4. Current nllh: 10811.875583868323
Starting EM iter: 5
Estep
Estep runtime (s): 0.15100979804992676
Mstep
Optimizing phi
Optimizing branch lengths. Current phi: 0. Current nu:0.295552509384666
Optimizing nu
Mstep runtime (s): 0.2917191982269287
Finished EM iter: 5. Current nllh: 10811.743273262351
Starting EM iter: 6
Estep
Estep runtime (s): 0.15110087394714355
Mstep
Optimizing phi
Optimizing branch lengths. Current phi: 0. Current nu:0.2958351700243871
Optimizing nu
Mstep runtime (s): 0.36957311630249023
Finished EM iter: 6. Current nllh: 10811.68433668218
Starting EM iter: 7
Estep
Estep runtime (s): 0.15304017066955566
Mstep
Optimizing phi
Optimizing branch lengths. Current phi: 0. Current nu:0.2959773984659322
Optimizing nu
Mstep runtime (s): 0.3777780532836914
Finished EM iter: 7. Current nllh: 10811.66920518151
Starting EM iter: 8
Estep
Estep runtime (s): 0.1512928009033203
Mstep
Optimizing phi
Optimizing branch lengths. Current phi: 0. Current nu:0.2960567027189491
Optimizing nu
Mstep runtime (s): 0.3716390132904053
Finished EM iter: 8. Current nllh: 10811.659906893732
Starting EM iter: 9
Estep
Estep runtime (s): 0.15155291557312012
Mstep
Optimizing phi
Optimizing branch lengths. Current phi: 0. Current nu:0.2961156252256154
Optimizing nu
Mstep runtime (s): 0.29224181175231934
Finished EM iter: 9. Current nllh: 10811.654614145053
Starting EM iter: 10
Estep
Estep runtime (s): 0.15171504020690918
Mstep
Optimizing phi
Optimizing branch lengths. Current phi: 0. Current nu:0.296154899237659
Optimizing nu
Mstep runtime (s): 0.4073221683502197
Finished EM iter: 10. Current nllh: 10811.6509827071
Starting EM iter: 11
Estep
Estep runtime (s): 0.15223002433776855
Mstep
Optimizing phi
Optimizing branch lengths. Current phi: 0. Current nu:0.2961841229428708
Optimizing nu
Mstep runtime (s): 0.3121631145477295
Finished EM iter: 11. Current nllh: 10811.648677325506
Starting EM iter: 12
Estep
Estep runtime (s): 0.15146613121032715
Mstep
Optimizing phi
Optimizing branch lengths. Current phi: 0. Current nu:0.2962101208675875
Optimizing nu
Mstep runtime (s): 0.32407498359680176
Finished EM iter: 12. Current nllh: 10811.646917908954
Starting EM iter: 13
Estep
Estep runtime (s): 0.15225505828857422
Mstep
Optimizing phi
Optimizing branch lengths. Current phi: 0. Current nu:0.2962291005344111
Optimizing nu
Mstep runtime (s): 0.38840723037719727
Finished EM iter: 13. Current nllh: 10811.645297791281
Starting EM iter: 14
Estep
Estep runtime (s): 0.1517200469970703
Mstep
Optimizing phi
Optimizing branch lengths. Current phi: 0. Current nu:0.2962431169100043
Optimizing nu
Mstep runtime (s): 0.3942570686340332
Finished EM iter: 14. Current nllh: 10811.644376192038
Starting EM iter: 15
Estep
Estep runtime (s): 0.15154099464416504
Mstep
Optimizing phi
Optimizing branch lengths. Current phi: 0. Current nu:0.29625276861906635
Optimizing nu
Mstep runtime (s): 0.30593204498291016
Finished EM iter: 15. Current nllh: 10811.643881872298
Starting EM iter: 16
Estep
Estep runtime (s): 0.1517329216003418
Mstep
Optimizing phi
Optimizing branch lengths. Current phi: 0. Current nu:0.29626051267259945
Optimizing nu
Mstep runtime (s): 0.2916831970214844
Finished EM iter: 16. Current nllh: 10811.643367725563
Starting EM iter: 17
Estep
Estep runtime (s): 0.15156102180480957
Mstep
Optimizing phi
Optimizing branch lengths. Current phi: 0. Current nu:0.29626744419441814
Optimizing nu
Mstep runtime (s): 0.34061598777770996
Finished EM iter: 17. Current nllh: 10811.643034803916
Starting EM iter: 18
Estep
Estep runtime (s): 0.15172815322875977
Mstep
Optimizing phi
Optimizing branch lengths. Current phi: 0. Current nu:0.2962709953120812
Optimizing nu
Mstep runtime (s): 0.31565308570861816
Finished EM iter: 18. Current nllh: 10811.642692345355
Starting EM iter: 19
Estep
Estep runtime (s): 0.1517627239227295
Mstep
Optimizing phi
Optimizing branch lengths. Current phi: 0. Current nu:0.29627696009831134
Optimizing nu
Mstep runtime (s): 0.3536980152130127
Finished EM iter: 19. Current nllh: 10811.642477470723
Starting EM iter: 20
Estep
Estep runtime (s): 0.1556072235107422
Mstep
Optimizing phi
Optimizing branch lengths. Current phi: 0. Current nu:0.29627942276370106
Optimizing nu
Mstep runtime (s): 0.3749420642852783
Finished EM iter: 20. Current nllh: 10811.642321853124
Starting EM iter: 21
Estep
Estep runtime (s): 0.1518702507019043
Mstep
Optimizing phi
Optimizing branch lengths. Current phi: 0. Current nu:0.2962821316881977
Optimizing nu
Mstep runtime (s): 0.36493372917175293
Finished EM iter: 21. Current nllh: 10811.642093894412
Starting EM iter: 22
Estep
Estep runtime (s): 0.15194964408874512
Mstep
Optimizing phi
Optimizing branch lengths. Current phi: 0. Current nu:0.2962867037425494
Optimizing nu
Mstep runtime (s): 0.348818302154541
Finished EM iter: 22. Current nllh: 10811.641975937357
Starting EM iter: 23
Estep
Estep runtime (s): 0.15198993682861328
Mstep
Optimizing phi
Optimizing branch lengths. Current phi: 0. Current nu:0.29628808354387154
Optimizing nu
Mstep runtime (s): 0.3517451286315918
Finished EM iter: 23. Current nllh: 10811.641893968328
EM finished after 23 iterations.
Optimal phi: 0. Optimal nu: 0.2962898556592145. Optimal nllh: 10811.641893968328
Optimal point found for initial point 1
Numerical optimization finished successfully
Tree height pre-scaling: 0.6762555744386237, input timescale: 1.0
Tree height after scaling: 1.0, mutation rate: 0.6762555744386237
Tree height pre-scaling: 0.6762556147436939, input timescale: 1.0
Tree height after scaling: 0.9999999999999998, mutation rate: 0.6762556147436939
Tree height pre-scaling: 0.6762555937738555, input timescale: 1.0
Tree height after scaling: 0.9999999999999999, mutation rate: 0.6762555937738555
Tree height pre-scaling: 0.6762556116662682, input timescale: 1.0
Tree height after scaling: 1.0, mutation rate: 0.6762556116662682
Tree height pre-scaling: 0.6762557285557367, input timescale: 1.0
Tree height after scaling: 1.0, mutation rate: 0.6762557285557367
Tree height pre-scaling: 0.676255608562529, input timescale: 1.0
Tree height after scaling: 1.0, mutation rate: 0.676255608562529
Tree height pre-scaling: 0.6762556276172441, input timescale: 1.0
Tree height after scaling: 1.0, mutation rate: 0.6762556276172441
Tree height pre-scaling: 0.6762556002785549, input timescale: 1.0
Tree height after scaling: 1.0, mutation rate: 0.6762556002785549
Tree height pre-scaling: 0.6762555991587218, input timescale: 1.0
Tree height after scaling: 1.0, mutation rate: 0.6762555991587218
Tree height pre-scaling: 0.6762555813947673, input timescale: 1.0
Tree height after scaling: 1.0, mutation rate: 0.6762555813947673
Tree height pre-scaling: 0.6762555352355678, input timescale: 1.0
Tree height after scaling: 1.0, mutation rate: 0.6762555352355678
Tree height pre-scaling: 0.6762556064961252, input timescale: 1.0
Tree height after scaling: 1.0000000000000002, mutation rate: 0.6762556064961252
Tree height pre-scaling: 0.6762556035605384, input timescale: 1.0
Tree height after scaling: 1.0, mutation rate: 0.6762556035605384
Tree height pre-scaling: 0.6762556063610662, input timescale: 1.0
Tree height after scaling: 0.9999999999999998, mutation rate: 0.6762556063610662
Tree height pre-scaling: 0.676255591821711, input timescale: 1.0
Tree height after scaling: 0.9999999999999999, mutation rate: 0.676255591821711
Tree height pre-scaling: 0.676255593342307, input timescale: 1.0
Tree height after scaling: 1.0, mutation rate: 0.676255593342307
Tree height pre-scaling: 0.6762555192467635, input timescale: 1.0
Tree height after scaling: 1.0, mutation rate: 0.6762555192467635
Runtime (s): 12.591246375
