Launching LAML version 0.0.4
LAML was called as follows: /Users/uym2/my_gits/LAML/run_laml.py -c ../../evaluation/Bar10/Bar10_character_matrix.txt -t place_outlier4/augmented_tree_436.nwk -o place_outlier4/augmented_tree_436_optimized -v -p ../../evaluation/Bar10/Bar10_priors.pickle --delimiter tab -m -1 --nInitials 1
Prior keys mismatch with site names.
Prior keys: [0, 1, 2, 3, 4, 5, 6, 7, 8, 9, 10, 11, 12, 13, 14, 15, 16, 17, 18, 19, 20, 21, 22, 23, 24, 25, 26, 27, 28, 29]
Site names: ['r1', 'r2', 'r3', 'r4', 'r5', 'r6', 'r7', 'r8', 'r9', 'r10', 'r11', 'r12', 'r13', 'r14', 'r15', 'r16', 'r17', 'r18', 'r19', 'r20', 'r21', 'r22', 'r23', 'r24', 'r25', 'r26', 'r27', 'r28', 'r29', 'r30']
Attempting to infer mapping between site names and prior keys...
{'r1': 0, 'r2': 1, 'r3': 2, 'r4': 3, 'r5': 4, 'r6': 5, 'r7': 6, 'r8': 7, 'r9': 8, 'r10': 9, 'r11': 10, 'r12': 11, 'r13': 12, 'r14': 13, 'r15': 14, 'r16': 15, 'r17': 16, 'r18': 17, 'r19': 18, 'r20': 19, 'r21': 20, 'r22': 21, 'r23': 22, 'r24': 23, 'r25': 24, 'r26': 25, 'r27': 26, 'r28': 27, 'r29': 28, 'r30': 29}
Optimizing branch lengths, phi, and nu without topology search
Optimization by EM algorithm
Optimization start with 1 initials
Initial point 1. Random seed: 707
Numerical optimization started with ultrametric constraint (default)
Initial phi: 0. Initial nu: 0.26955655566205877. Initial nllh: 13683.101277050566
Starting EM iter: 1
Estep
Estep runtime (s): 0.10715293884277344
Mstep
Optimizing phi
Optimizing branch lengths. Current phi: 0. Current nu:0.26955655566205877
Optimizing nu
Mstep runtime (s): 0.4443237781524658
Finished EM iter: 1. Current nllh: 11019.224787521536
Starting EM iter: 2
Estep
Estep runtime (s): 0.14822721481323242
Mstep
Optimizing phi
Optimizing branch lengths. Current phi: 0. Current nu:0.2787478019104599
Optimizing nu
Mstep runtime (s): 0.3020308017730713
Finished EM iter: 2. Current nllh: 10980.934937088743
Starting EM iter: 3
Estep
Estep runtime (s): 0.14818716049194336
Mstep
Optimizing phi
Optimizing branch lengths. Current phi: 0. Current nu:0.27829748706330454
Optimizing nu
Mstep runtime (s): 0.3564879894256592
Finished EM iter: 3. Current nllh: 10978.859712397641
Starting EM iter: 4
Estep
Estep runtime (s): 0.14831113815307617
Mstep
Optimizing phi
Optimizing branch lengths. Current phi: 0. Current nu:0.27754421364160614
Optimizing nu
Mstep runtime (s): 0.29669904708862305
Finished EM iter: 4. Current nllh: 10978.54380255099
Starting EM iter: 5
Estep
Estep runtime (s): 0.14825201034545898
Mstep
Optimizing phi
Optimizing branch lengths. Current phi: 0. Current nu:0.27739739897739024
Optimizing nu
Mstep runtime (s): 0.3192019462585449
Finished EM iter: 5. Current nllh: 10978.478865706504
Starting EM iter: 6
Estep
Estep runtime (s): 0.1482100486755371
Mstep
Optimizing phi
Optimizing branch lengths. Current phi: 0. Current nu:0.27742834898483976
Optimizing nu
Mstep runtime (s): 0.3989248275756836
Finished EM iter: 6. Current nllh: 10978.454606792613
Starting EM iter: 7
Estep
Estep runtime (s): 0.14829111099243164
Mstep
Optimizing phi
Optimizing branch lengths. Current phi: 0. Current nu:0.2774937944316382
Optimizing nu
Mstep runtime (s): 0.37691807746887207
Finished EM iter: 7. Current nllh: 10978.44468855837
Starting EM iter: 8
Estep
Estep runtime (s): 0.14845991134643555
Mstep
Optimizing phi
Optimizing branch lengths. Current phi: 0. Current nu:0.2775509462729608
Optimizing nu
Mstep runtime (s): 0.2799527645111084
Finished EM iter: 8. Current nllh: 10978.438722020666
Starting EM iter: 9
Estep
Estep runtime (s): 0.14843297004699707
Mstep
Optimizing phi
Optimizing branch lengths. Current phi: 0. Current nu:0.27759695962744174
Optimizing nu
Mstep runtime (s): 0.3067047595977783
Finished EM iter: 9. Current nllh: 10978.434927501981
Starting EM iter: 10
Estep
Estep runtime (s): 0.14836883544921875
Mstep
Optimizing phi
Optimizing branch lengths. Current phi: 0. Current nu:0.27763123697434433
Optimizing nu
Mstep runtime (s): 0.4429361820220947
Finished EM iter: 10. Current nllh: 10978.432459542135
Starting EM iter: 11
Estep
Estep runtime (s): 0.14849376678466797
Mstep
Optimizing phi
Optimizing branch lengths. Current phi: 0. Current nu:0.27765647216574424
Optimizing nu
Mstep runtime (s): 0.3216719627380371
Finished EM iter: 11. Current nllh: 10978.430624839293
Starting EM iter: 12
Estep
Estep runtime (s): 0.14871716499328613
Mstep
Optimizing phi
Optimizing branch lengths. Current phi: 0. Current nu:0.277676519311751
Optimizing nu
Mstep runtime (s): 0.32593202590942383
Finished EM iter: 12. Current nllh: 10978.429480094757
Starting EM iter: 13
Estep
Estep runtime (s): 0.1486971378326416
Mstep
Optimizing phi
Optimizing branch lengths. Current phi: 0. Current nu:0.2776912202269309
Optimizing nu
Mstep runtime (s): 0.3331718444824219
Finished EM iter: 13. Current nllh: 10978.428642731178
Starting EM iter: 14
Estep
Estep runtime (s): 0.14898419380187988
Mstep
Optimizing phi
Optimizing branch lengths. Current phi: 0. Current nu:0.27770279803845366
Optimizing nu
Mstep runtime (s): 0.30834293365478516
Finished EM iter: 14. Current nllh: 10978.428041570292
Starting EM iter: 15
Estep
Estep runtime (s): 0.1486949920654297
Mstep
Optimizing phi
Optimizing branch lengths. Current phi: 0. Current nu:0.27771194205205385
Optimizing nu
Mstep runtime (s): 0.347275972366333
Finished EM iter: 15. Current nllh: 10978.42761258731
Starting EM iter: 16
Estep
Estep runtime (s): 0.14896893501281738
Mstep
Optimizing phi
Optimizing branch lengths. Current phi: 0. Current nu:0.2777190108739948
Optimizing nu
Mstep runtime (s): 0.4070408344268799
Finished EM iter: 16. Current nllh: 10978.427284044743
Starting EM iter: 17
Estep
Estep runtime (s): 0.14962005615234375
Mstep
Optimizing phi
Optimizing branch lengths. Current phi: 0. Current nu:0.2777248339671688
Optimizing nu
Mstep runtime (s): 0.31897878646850586
Finished EM iter: 17. Current nllh: 10978.42701368527
Starting EM iter: 18
Estep
Estep runtime (s): 0.14875507354736328
Mstep
Optimizing phi
Optimizing branch lengths. Current phi: 0. Current nu:0.27773019261902915
Optimizing nu
Mstep runtime (s): 0.3025679588317871
Finished EM iter: 18. Current nllh: 10978.426982799094
EM finished after 18 iterations.
Optimal phi: 0. Optimal nu: 0.2777330649418812. Optimal nllh: 10978.426982799094
Optimal point found for initial point 1
Numerical optimization finished successfully
Tree height pre-scaling: 0.6918571364830299, input timescale: 1.0
Tree height after scaling: 0.9999999999999998, mutation rate: 0.6918571364830299
Tree height pre-scaling: 0.6918571366690922, input timescale: 1.0
Tree height after scaling: 0.9999999999999999, mutation rate: 0.6918571366690922
Tree height pre-scaling: 0.6918571357323514, input timescale: 1.0
Tree height after scaling: 1.0, mutation rate: 0.6918571357323514
Tree height pre-scaling: 0.6918571370983848, input timescale: 1.0
Tree height after scaling: 1.0, mutation rate: 0.6918571370983848
Tree height pre-scaling: 0.6918571370302624, input timescale: 1.0
Tree height after scaling: 1.0, mutation rate: 0.6918571370302624
Tree height pre-scaling: 0.6918571371088964, input timescale: 1.0
Tree height after scaling: 1.0, mutation rate: 0.6918571371088964
Tree height pre-scaling: 0.6918571368138466, input timescale: 1.0
Tree height after scaling: 0.9999999999999999, mutation rate: 0.6918571368138466
Tree height pre-scaling: 0.6918571368424002, input timescale: 1.0
Tree height after scaling: 1.0, mutation rate: 0.6918571368424002
Tree height pre-scaling: 0.6918571356934704, input timescale: 1.0
Tree height after scaling: 1.0, mutation rate: 0.6918571356934704
Tree height pre-scaling: 0.6918571367895632, input timescale: 1.0
Tree height after scaling: 1.0, mutation rate: 0.6918571367895632
Tree height pre-scaling: 0.6918571364300036, input timescale: 1.0
Tree height after scaling: 1.0, mutation rate: 0.6918571364300036
Tree height pre-scaling: 0.6918571374392337, input timescale: 1.0
Tree height after scaling: 1.0, mutation rate: 0.6918571374392337
Tree height pre-scaling: 0.6918571361706082, input timescale: 1.0
Tree height after scaling: 0.9999999999999998, mutation rate: 0.6918571361706082
Tree height pre-scaling: 0.6918571398088806, input timescale: 1.0
Tree height after scaling: 1.0, mutation rate: 0.6918571398088806
Tree height pre-scaling: 0.6918571374594599, input timescale: 1.0
Tree height after scaling: 0.9999999999999998, mutation rate: 0.6918571374594599
Tree height pre-scaling: 0.6918571365553186, input timescale: 1.0
Tree height after scaling: 1.0, mutation rate: 0.6918571365553186
Tree height pre-scaling: 0.691857136772064, input timescale: 1.0
Tree height after scaling: 1.0000000000000002, mutation rate: 0.691857136772064
Runtime (s): 9.860479542
