Launching LAML version 0.0.4
LAML was called as follows: /Users/uym2/my_gits/LAML/run_laml.py -c ../../evaluation/Bar10/Bar10_character_matrix.txt -t place_outlier4/augmented_tree_484.nwk -o place_outlier4/augmented_tree_484_optimized -v -p ../../evaluation/Bar10/Bar10_priors.pickle --delimiter tab -m -1 --nInitials 1
Prior keys mismatch with site names.
Prior keys: [0, 1, 2, 3, 4, 5, 6, 7, 8, 9, 10, 11, 12, 13, 14, 15, 16, 17, 18, 19, 20, 21, 22, 23, 24, 25, 26, 27, 28, 29]
Site names: ['r1', 'r2', 'r3', 'r4', 'r5', 'r6', 'r7', 'r8', 'r9', 'r10', 'r11', 'r12', 'r13', 'r14', 'r15', 'r16', 'r17', 'r18', 'r19', 'r20', 'r21', 'r22', 'r23', 'r24', 'r25', 'r26', 'r27', 'r28', 'r29', 'r30']
Attempting to infer mapping between site names and prior keys...
{'r1': 0, 'r2': 1, 'r3': 2, 'r4': 3, 'r5': 4, 'r6': 5, 'r7': 6, 'r8': 7, 'r9': 8, 'r10': 9, 'r11': 10, 'r12': 11, 'r13': 12, 'r14': 13, 'r15': 14, 'r16': 15, 'r17': 16, 'r18': 17, 'r19': 18, 'r20': 19, 'r21': 20, 'r22': 21, 'r23': 22, 'r24': 23, 'r25': 24, 'r26': 25, 'r27': 26, 'r28': 27, 'r29': 28, 'r30': 29}
Optimizing branch lengths, phi, and nu without topology search
Optimization by EM algorithm
Optimization start with 1 initials
Initial point 1. Random seed: 1255
Numerical optimization started with ultrametric constraint (default)
Initial phi: 0. Initial nu: 0.26955655566205877. Initial nllh: 13672.546978437314
Starting EM iter: 1
Estep
Estep runtime (s): 0.10931611061096191
Mstep
Optimizing phi
Optimizing branch lengths. Current phi: 0. Current nu:0.26955655566205877
Optimizing nu
Mstep runtime (s): 0.3515181541442871
Finished EM iter: 1. Current nllh: 10995.404980266128
Starting EM iter: 2
Estep
Estep runtime (s): 0.14840912818908691
Mstep
Optimizing phi
Optimizing branch lengths. Current phi: 0. Current nu:0.2766023367332646
Optimizing nu
Mstep runtime (s): 0.3162119388580322
Finished EM iter: 2. Current nllh: 10961.804875178435
Starting EM iter: 3
Estep
Estep runtime (s): 0.14824891090393066
Mstep
Optimizing phi
Optimizing branch lengths. Current phi: 0. Current nu:0.2761920647297761
Optimizing nu
Mstep runtime (s): 0.3694610595703125
Finished EM iter: 3. Current nllh: 10959.773878982103
Starting EM iter: 4
Estep
Estep runtime (s): 0.14833593368530273
Mstep
Optimizing phi
Optimizing branch lengths. Current phi: 0. Current nu:0.27556542789870514
Optimizing nu
Mstep runtime (s): 0.38647985458374023
Finished EM iter: 4. Current nllh: 10959.450320196738
Starting EM iter: 5
Estep
Estep runtime (s): 0.14828896522521973
Mstep
Optimizing phi
Optimizing branch lengths. Current phi: 0. Current nu:0.2754598402542458
Optimizing nu
Mstep runtime (s): 0.2824897766113281
Finished EM iter: 5. Current nllh: 10959.384074848802
Starting EM iter: 6
Estep
Estep runtime (s): 0.148237943649292
Mstep
Optimizing phi
Optimizing branch lengths. Current phi: 0. Current nu:0.27550586844450925
Optimizing nu
Mstep runtime (s): 0.3248631954193115
Finished EM iter: 6. Current nllh: 10959.359604925816
Starting EM iter: 7
Estep
Estep runtime (s): 0.14862799644470215
Mstep
Optimizing phi
Optimizing branch lengths. Current phi: 0. Current nu:0.2755731480573548
Optimizing nu
Mstep runtime (s): 0.37506914138793945
Finished EM iter: 7. Current nllh: 10959.349822003047
Starting EM iter: 8
Estep
Estep runtime (s): 0.1539020538330078
Mstep
Optimizing phi
Optimizing branch lengths. Current phi: 0. Current nu:0.27563332801917073
Optimizing nu
Mstep runtime (s): 0.3225269317626953
Finished EM iter: 8. Current nllh: 10959.343709580058
Starting EM iter: 9
Estep
Estep runtime (s): 0.14939594268798828
Mstep
Optimizing phi
Optimizing branch lengths. Current phi: 0. Current nu:0.27567937490408245
Optimizing nu
Mstep runtime (s): 0.3218560218811035
Finished EM iter: 9. Current nllh: 10959.340267664007
Starting EM iter: 10
Estep
Estep runtime (s): 0.1515812873840332
Mstep
Optimizing phi
Optimizing branch lengths. Current phi: 0. Current nu:0.27571356865111857
Optimizing nu
Mstep runtime (s): 0.31175804138183594
Finished EM iter: 10. Current nllh: 10959.337916834193
Starting EM iter: 11
Estep
Estep runtime (s): 0.14867520332336426
Mstep
Optimizing phi
Optimizing branch lengths. Current phi: 0. Current nu:0.2757387831798563
Optimizing nu
Mstep runtime (s): 0.320965051651001
Finished EM iter: 11. Current nllh: 10959.336337173147
Starting EM iter: 12
Estep
Estep runtime (s): 0.14970636367797852
Mstep
Optimizing phi
Optimizing branch lengths. Current phi: 0. Current nu:0.2757579684528397
Optimizing nu
Mstep runtime (s): 0.3267819881439209
Finished EM iter: 12. Current nllh: 10959.33517006388
Starting EM iter: 13
Estep
Estep runtime (s): 0.14888882637023926
Mstep
Optimizing phi
Optimizing branch lengths. Current phi: 0. Current nu:0.27577074044386435
Optimizing nu
Mstep runtime (s): 0.34616994857788086
Finished EM iter: 13. Current nllh: 10959.334471046423
Starting EM iter: 14
Estep
Estep runtime (s): 0.14923691749572754
Mstep
Optimizing phi
Optimizing branch lengths. Current phi: 0. Current nu:0.2757813063296338
Optimizing nu
Mstep runtime (s): 0.3485989570617676
Finished EM iter: 14. Current nllh: 10959.334023124382
Starting EM iter: 15
Estep
Estep runtime (s): 0.1546790599822998
Mstep
Optimizing phi
Optimizing branch lengths. Current phi: 0. Current nu:0.27579082012102235
Optimizing nu
Mstep runtime (s): 0.3233370780944824
Finished EM iter: 15. Current nllh: 10959.333560744388
Starting EM iter: 16
Estep
Estep runtime (s): 0.14900565147399902
Mstep
Optimizing phi
Optimizing branch lengths. Current phi: 0. Current nu:0.2757956856428679
Optimizing nu
Mstep runtime (s): 0.34891700744628906
Finished EM iter: 16. Current nllh: 10959.333383875583
Starting EM iter: 17
Estep
Estep runtime (s): 0.14958906173706055
Mstep
Optimizing phi
Optimizing branch lengths. Current phi: 0. Current nu:0.27580031442590114
Optimizing nu
Mstep runtime (s): 0.29392313957214355
Finished EM iter: 17. Current nllh: 10959.333161087341
Starting EM iter: 18
Estep
Estep runtime (s): 0.14926791191101074
Mstep
Optimizing phi
Optimizing branch lengths. Current phi: 0. Current nu:0.2758069154627781
Optimizing nu
Mstep runtime (s): 0.3202199935913086
Finished EM iter: 18. Current nllh: 10959.332921257868
Starting EM iter: 19
Estep
Estep runtime (s): 0.14953112602233887
Mstep
Optimizing phi
Optimizing branch lengths. Current phi: 0. Current nu:0.27581085824433355
Optimizing nu
Mstep runtime (s): 0.3000829219818115
Finished EM iter: 19. Current nllh: 10959.332801431445
Starting EM iter: 20
Estep
Estep runtime (s): 0.14895200729370117
Mstep
Optimizing phi
Optimizing branch lengths. Current phi: 0. Current nu:0.2758144252474841
Optimizing nu
Mstep runtime (s): 0.33678627014160156
Finished EM iter: 20. Current nllh: 10959.332542421009
Starting EM iter: 21
Estep
Estep runtime (s): 0.14976263046264648
Mstep
Optimizing phi
Optimizing branch lengths. Current phi: 0. Current nu:0.2758167874875213
Optimizing nu
Mstep runtime (s): 0.29889917373657227
Finished EM iter: 21. Current nllh: 10959.332614781146
EM finished after 21 iterations.
Optimal phi: 0. Optimal nu: 0.27581905067981755. Optimal nllh: 10959.332614781146
Optimal point found for initial point 1
Numerical optimization finished successfully
Tree height pre-scaling: 0.6987573166455495, input timescale: 1.0
Tree height after scaling: 0.9999999999999999, mutation rate: 0.6987573166455495
Tree height pre-scaling: 0.6987573166542412, input timescale: 1.0
Tree height after scaling: 1.0, mutation rate: 0.6987573166542412
Tree height pre-scaling: 0.6987573166037221, input timescale: 1.0
Tree height after scaling: 1.0, mutation rate: 0.6987573166037221
Tree height pre-scaling: 0.6987573166777434, input timescale: 1.0
Tree height after scaling: 1.0, mutation rate: 0.6987573166777434
Tree height pre-scaling: 0.6987573166724116, input timescale: 1.0
Tree height after scaling: 0.9999999999999998, mutation rate: 0.6987573166724116
Tree height pre-scaling: 0.6987573166780273, input timescale: 1.0
Tree height after scaling: 1.0, mutation rate: 0.6987573166780273
Tree height pre-scaling: 0.6987573166622444, input timescale: 1.0
Tree height after scaling: 1.0, mutation rate: 0.6987573166622444
Tree height pre-scaling: 0.6987573166633156, input timescale: 1.0
Tree height after scaling: 1.0, mutation rate: 0.6987573166633156
Tree height pre-scaling: 0.6987573166015775, input timescale: 1.0
Tree height after scaling: 1.0, mutation rate: 0.6987573166015775
Tree height pre-scaling: 0.6987573166631413, input timescale: 1.0
Tree height after scaling: 1.0, mutation rate: 0.6987573166631413
Tree height pre-scaling: 0.6987573166416581, input timescale: 1.0
Tree height after scaling: 1.0, mutation rate: 0.6987573166416581
Tree height pre-scaling: 0.6987573166938037, input timescale: 1.0
Tree height after scaling: 1.0, mutation rate: 0.6987573166938037
Tree height pre-scaling: 0.6987573166271643, input timescale: 1.0
Tree height after scaling: 1.0000000000000002, mutation rate: 0.6987573166271643
Tree height pre-scaling: 0.6987573168148916, input timescale: 1.0
Tree height after scaling: 1.0, mutation rate: 0.6987573168148916
Tree height pre-scaling: 0.6987573166963429, input timescale: 1.0
Tree height after scaling: 0.9999999999999999, mutation rate: 0.6987573166963429
Tree height pre-scaling: 0.69875731664746, input timescale: 1.0
Tree height after scaling: 1.0, mutation rate: 0.69875731664746
Tree height pre-scaling: 0.6987573167395846, input timescale: 1.0
Tree height after scaling: 1.0, mutation rate: 0.6987573167395846
Runtime (s): 11.201954416
