Launching LAML version 0.0.4
LAML was called as follows: /Users/uym2/my_gits/LAML/run_laml.py -c ../../evaluation/Bar10/Bar10_character_matrix.txt -t place_outlier4/augmented_tree_102.nwk -o place_outlier4/augmented_tree_102_optimized -v -p ../../evaluation/Bar10/Bar10_priors.pickle --delimiter tab -m -1 --nInitials 1
Prior keys mismatch with site names.
Prior keys: [0, 1, 2, 3, 4, 5, 6, 7, 8, 9, 10, 11, 12, 13, 14, 15, 16, 17, 18, 19, 20, 21, 22, 23, 24, 25, 26, 27, 28, 29]
Site names: ['r1', 'r2', 'r3', 'r4', 'r5', 'r6', 'r7', 'r8', 'r9', 'r10', 'r11', 'r12', 'r13', 'r14', 'r15', 'r16', 'r17', 'r18', 'r19', 'r20', 'r21', 'r22', 'r23', 'r24', 'r25', 'r26', 'r27', 'r28', 'r29', 'r30']
Attempting to infer mapping between site names and prior keys...
{'r1': 0, 'r2': 1, 'r3': 2, 'r4': 3, 'r5': 4, 'r6': 5, 'r7': 6, 'r8': 7, 'r9': 8, 'r10': 9, 'r11': 10, 'r12': 11, 'r13': 12, 'r14': 13, 'r15': 14, 'r16': 15, 'r17': 16, 'r18': 17, 'r19': 18, 'r20': 19, 'r21': 20, 'r22': 21, 'r23': 22, 'r24': 23, 'r25': 24, 'r26': 25, 'r27': 26, 'r28': 27, 'r29': 28, 'r30': 29}
Optimizing branch lengths, phi, and nu without topology search
Optimization by EM algorithm
Optimization start with 1 initials
Initial point 1. Random seed: 3376
Numerical optimization started with ultrametric constraint (default)
Initial phi: 0. Initial nu: 0.26955655566205877. Initial nllh: 12870.63130557787
Starting EM iter: 1
Estep
Estep runtime (s): 0.11052489280700684
Mstep
Optimizing phi
Optimizing branch lengths. Current phi: 0. Current nu:0.26955655566205877
Optimizing nu
Mstep runtime (s): 0.3247370719909668
Finished EM iter: 1. Current nllh: 10702.426261242157
Starting EM iter: 2
Estep
Estep runtime (s): 0.15272927284240723
Mstep
Optimizing phi
Optimizing branch lengths. Current phi: 0. Current nu:0.28059538754229024
Optimizing nu
Mstep runtime (s): 0.4355130195617676
Finished EM iter: 2. Current nllh: 10679.196918801814
Starting EM iter: 3
Estep
Estep runtime (s): 0.15285682678222656
Mstep
Optimizing phi
Optimizing branch lengths. Current phi: 0. Current nu:0.2822444596065104
Optimizing nu
Mstep runtime (s): 0.4179959297180176
Finished EM iter: 3. Current nllh: 10677.951910247495
Starting EM iter: 4
Estep
Estep runtime (s): 0.15572476387023926
Mstep
Optimizing phi
Optimizing branch lengths. Current phi: 0. Current nu:0.28256479098483117
Optimizing nu
Mstep runtime (s): 0.2937448024749756
Finished EM iter: 4. Current nllh: 10677.800612804984
Starting EM iter: 5
Estep
Estep runtime (s): 0.15287995338439941
Mstep
Optimizing phi
Optimizing branch lengths. Current phi: 0. Current nu:0.28276833718295274
Optimizing nu
Mstep runtime (s): 0.32131099700927734
Finished EM iter: 5. Current nllh: 10677.752182636115
Starting EM iter: 6
Estep
Estep runtime (s): 0.15285587310791016
Mstep
Optimizing phi
Optimizing branch lengths. Current phi: 0. Current nu:0.28290877044267876
Optimizing nu
Mstep runtime (s): 0.35518503189086914
Finished EM iter: 6. Current nllh: 10677.736403970597
Starting EM iter: 7
Estep
Estep runtime (s): 0.1529521942138672
Mstep
Optimizing phi
Optimizing branch lengths. Current phi: 0. Current nu:0.2830024668176087
Optimizing nu
Mstep runtime (s): 0.2824361324310303
Finished EM iter: 7. Current nllh: 10677.727970299587
Starting EM iter: 8
Estep
Estep runtime (s): 0.15680718421936035
Mstep
Optimizing phi
Optimizing branch lengths. Current phi: 0. Current nu:0.28307055707218126
Optimizing nu
Mstep runtime (s): 0.3328077793121338
Finished EM iter: 8. Current nllh: 10677.722920270953
Starting EM iter: 9
Estep
Estep runtime (s): 0.15324902534484863
Mstep
Optimizing phi
Optimizing branch lengths. Current phi: 0. Current nu:0.283115892927107
Optimizing nu
Mstep runtime (s): 0.347139835357666
Finished EM iter: 9. Current nllh: 10677.71981314708
Starting EM iter: 10
Estep
Estep runtime (s): 0.15321826934814453
Mstep
Optimizing phi
Optimizing branch lengths. Current phi: 0. Current nu:0.2831487891076631
Optimizing nu
Mstep runtime (s): 0.32716989517211914
Finished EM iter: 10. Current nllh: 10677.717696884321
Starting EM iter: 11
Estep
Estep runtime (s): 0.15310382843017578
Mstep
Optimizing phi
Optimizing branch lengths. Current phi: 0. Current nu:0.2831730798530739
Optimizing nu
Mstep runtime (s): 0.36045312881469727
Finished EM iter: 11. Current nllh: 10677.71633774414
Starting EM iter: 12
Estep
Estep runtime (s): 0.15324902534484863
Mstep
Optimizing phi
Optimizing branch lengths. Current phi: 0. Current nu:0.28319130171131046
Optimizing nu
Mstep runtime (s): 0.2846701145172119
Finished EM iter: 12. Current nllh: 10677.715383334398
Starting EM iter: 13
Estep
Estep runtime (s): 0.15323591232299805
Mstep
Optimizing phi
Optimizing branch lengths. Current phi: 0. Current nu:0.2832058638108942
Optimizing nu
Mstep runtime (s): 0.337785005569458
Finished EM iter: 13. Current nllh: 10677.714550299848
Starting EM iter: 14
Estep
Estep runtime (s): 0.15343809127807617
Mstep
Optimizing phi
Optimizing branch lengths. Current phi: 0. Current nu:0.2832156645009206
Optimizing nu
Mstep runtime (s): 0.31052303314208984
Finished EM iter: 14. Current nllh: 10677.714031717696
Starting EM iter: 15
Estep
Estep runtime (s): 0.15355396270751953
Mstep
Optimizing phi
Optimizing branch lengths. Current phi: 0. Current nu:0.2832242972439078
Optimizing nu
Mstep runtime (s): 0.3370952606201172
Finished EM iter: 15. Current nllh: 10677.713720530846
Starting EM iter: 16
Estep
Estep runtime (s): 0.15359902381896973
Mstep
Optimizing phi
Optimizing branch lengths. Current phi: 0. Current nu:0.28323062657315484
Optimizing nu
Mstep runtime (s): 0.31011104583740234
Finished EM iter: 16. Current nllh: 10677.713368208655
Starting EM iter: 17
Estep
Estep runtime (s): 0.15356993675231934
Mstep
Optimizing phi
Optimizing branch lengths. Current phi: 0. Current nu:0.28323578048670384
Optimizing nu
Mstep runtime (s): 0.3762829303741455
Finished EM iter: 17. Current nllh: 10677.71320814575
Starting EM iter: 18
Estep
Estep runtime (s): 0.1535501480102539
Mstep
Optimizing phi
Optimizing branch lengths. Current phi: 0. Current nu:0.28324023843384527
Optimizing nu
Mstep runtime (s): 0.32152795791625977
Finished EM iter: 18. Current nllh: 10677.713088560728
Starting EM iter: 19
Estep
Estep runtime (s): 0.1584632396697998
Mstep
Optimizing phi
Optimizing branch lengths. Current phi: 0. Current nu:0.28324508413215066
Optimizing nu
Mstep runtime (s): 0.34183812141418457
Finished EM iter: 19. Current nllh: 10677.712921949083
Starting EM iter: 20
Estep
Estep runtime (s): 0.15389370918273926
Mstep
Optimizing phi
Optimizing branch lengths. Current phi: 0. Current nu:0.2832485227977299
Optimizing nu
Mstep runtime (s): 0.34487295150756836
Finished EM iter: 20. Current nllh: 10677.712815663974
EM finished after 20 iterations.
Optimal phi: 0. Optimal nu: 0.2832506989434054. Optimal nllh: 10677.712815663974
Optimal point found for initial point 1
Numerical optimization finished successfully
Tree height pre-scaling: 0.6920564341673867, input timescale: 1.0
Tree height after scaling: 1.0, mutation rate: 0.6920564341673867
Tree height pre-scaling: 0.6920564343971728, input timescale: 1.0
Tree height after scaling: 1.0, mutation rate: 0.6920564343971728
Tree height pre-scaling: 0.6920564342925272, input timescale: 1.0
Tree height after scaling: 1.0, mutation rate: 0.6920564342925272
Tree height pre-scaling: 0.6920564344035685, input timescale: 1.0
Tree height after scaling: 1.0, mutation rate: 0.6920564344035685
Tree height pre-scaling: 0.6920564351236516, input timescale: 1.0
Tree height after scaling: 1.0, mutation rate: 0.6920564351236516
Tree height pre-scaling: 0.6920564343920602, input timescale: 1.0
Tree height after scaling: 0.9999999999999999, mutation rate: 0.6920564343920602
Tree height pre-scaling: 0.692056434486235, input timescale: 1.0
Tree height after scaling: 1.0, mutation rate: 0.692056434486235
Tree height pre-scaling: 0.6920564343255655, input timescale: 1.0
Tree height after scaling: 0.9999999999999999, mutation rate: 0.6920564343255655
Tree height pre-scaling: 0.6920564342580909, input timescale: 1.0
Tree height after scaling: 1.0, mutation rate: 0.6920564342580909
Tree height pre-scaling: 0.6920564339529932, input timescale: 1.0
Tree height after scaling: 1.0, mutation rate: 0.6920564339529932
Tree height pre-scaling: 0.6920564344399057, input timescale: 1.0
Tree height after scaling: 1.0, mutation rate: 0.6920564344399057
Tree height pre-scaling: 0.6920564344378712, input timescale: 1.0
Tree height after scaling: 1.0, mutation rate: 0.6920564344378712
Tree height pre-scaling: 0.6920564342167792, input timescale: 1.0
Tree height after scaling: 1.0, mutation rate: 0.6920564342167792
Tree height pre-scaling: 0.6920564339299291, input timescale: 1.0
Tree height after scaling: 1.0, mutation rate: 0.6920564339299291
Tree height pre-scaling: 0.6920564343634508, input timescale: 1.0
Tree height after scaling: 1.0000000000000002, mutation rate: 0.6920564343634508
Tree height pre-scaling: 0.6920564343436117, input timescale: 1.0
Tree height after scaling: 1.0, mutation rate: 0.6920564343436117
Tree height pre-scaling: 0.692056434054484, input timescale: 1.0
Tree height after scaling: 1.0, mutation rate: 0.692056434054484
Runtime (s): 10.943745875000001
