Launching LAML version 0.0.4
LAML was called as follows: /Users/uym2/my_gits/LAML/run_laml.py -c ../../evaluation/Bar10/Bar10_character_matrix.txt -t place_outlier4/augmented_tree_389.nwk -o place_outlier4/augmented_tree_389_optimized -v -p ../../evaluation/Bar10/Bar10_priors.pickle --delimiter tab -m -1 --nInitials 1
Prior keys mismatch with site names.
Prior keys: [0, 1, 2, 3, 4, 5, 6, 7, 8, 9, 10, 11, 12, 13, 14, 15, 16, 17, 18, 19, 20, 21, 22, 23, 24, 25, 26, 27, 28, 29]
Site names: ['r1', 'r2', 'r3', 'r4', 'r5', 'r6', 'r7', 'r8', 'r9', 'r10', 'r11', 'r12', 'r13', 'r14', 'r15', 'r16', 'r17', 'r18', 'r19', 'r20', 'r21', 'r22', 'r23', 'r24', 'r25', 'r26', 'r27', 'r28', 'r29', 'r30']
Attempting to infer mapping between site names and prior keys...
{'r1': 0, 'r2': 1, 'r3': 2, 'r4': 3, 'r5': 4, 'r6': 5, 'r7': 6, 'r8': 7, 'r9': 8, 'r10': 9, 'r11': 10, 'r12': 11, 'r13': 12, 'r14': 13, 'r15': 14, 'r16': 15, 'r17': 16, 'r18': 17, 'r19': 18, 'r20': 19, 'r21': 20, 'r22': 21, 'r23': 22, 'r24': 23, 'r25': 24, 'r26': 25, 'r27': 26, 'r28': 27, 'r29': 28, 'r30': 29}
Optimizing branch lengths, phi, and nu without topology search
Optimization by EM algorithm
Optimization start with 1 initials
Initial point 1. Random seed: 9792
Numerical optimization started with ultrametric constraint (default)
Initial phi: 0. Initial nu: 0.26955655566205877. Initial nllh: 13043.490237999451
Starting EM iter: 1
Estep
Estep runtime (s): 0.11289191246032715
Mstep
Optimizing phi
Optimizing branch lengths. Current phi: 0. Current nu:0.26955655566205877
Optimizing nu
Mstep runtime (s): 0.3224928379058838
Finished EM iter: 1. Current nllh: 10760.855199697738
Starting EM iter: 2
Estep
Estep runtime (s): 0.14876079559326172
Mstep
Optimizing phi
Optimizing branch lengths. Current phi: 0. Current nu:0.2817587602383847
Optimizing nu
Mstep runtime (s): 0.29339098930358887
Finished EM iter: 2. Current nllh: 10746.7107366536
Starting EM iter: 3
Estep
Estep runtime (s): 0.15037870407104492
Mstep
Optimizing phi
Optimizing branch lengths. Current phi: 0. Current nu:0.2850881363326423
Optimizing nu
Mstep runtime (s): 0.3290529251098633
Finished EM iter: 3. Current nllh: 10745.495390396289
Starting EM iter: 4
Estep
Estep runtime (s): 0.1495368480682373
Mstep
Optimizing phi
Optimizing branch lengths. Current phi: 0. Current nu:0.28631225410341865
Optimizing nu
Mstep runtime (s): 0.3190898895263672
Finished EM iter: 4. Current nllh: 10745.230838410154
Starting EM iter: 5
Estep
Estep runtime (s): 0.14959287643432617
Mstep
Optimizing phi
Optimizing branch lengths. Current phi: 0. Current nu:0.28685052656831217
Optimizing nu
Mstep runtime (s): 0.3267998695373535
Finished EM iter: 5. Current nllh: 10745.137460454273
Starting EM iter: 6
Estep
Estep runtime (s): 0.14943981170654297
Mstep
Optimizing phi
Optimizing branch lengths. Current phi: 0. Current nu:0.28711590363196576
Optimizing nu
Mstep runtime (s): 0.3134918212890625
Finished EM iter: 6. Current nllh: 10745.093437260239
Starting EM iter: 7
Estep
Estep runtime (s): 0.14961695671081543
Mstep
Optimizing phi
Optimizing branch lengths. Current phi: 0. Current nu:0.2872641205010445
Optimizing nu
Mstep runtime (s): 0.3546578884124756
Finished EM iter: 7. Current nllh: 10745.077568337721
Starting EM iter: 8
Estep
Estep runtime (s): 0.14960813522338867
Mstep
Optimizing phi
Optimizing branch lengths. Current phi: 0. Current nu:0.2873467145008346
Optimizing nu
Mstep runtime (s): 0.28593015670776367
Finished EM iter: 8. Current nllh: 10745.070677677364
Starting EM iter: 9
Estep
Estep runtime (s): 0.15064311027526855
Mstep
Optimizing phi
Optimizing branch lengths. Current phi: 0. Current nu:0.287404722268746
Optimizing nu
Mstep runtime (s): 0.3160262107849121
Finished EM iter: 9. Current nllh: 10745.066101540287
Starting EM iter: 10
Estep
Estep runtime (s): 0.14986300468444824
Mstep
Optimizing phi
Optimizing branch lengths. Current phi: 0. Current nu:0.28744798058522397
Optimizing nu
Mstep runtime (s): 0.3387582302093506
Finished EM iter: 10. Current nllh: 10745.063665305066
Starting EM iter: 11
Estep
Estep runtime (s): 0.1502537727355957
Mstep
Optimizing phi
Optimizing branch lengths. Current phi: 0. Current nu:0.28747342692137556
Optimizing nu
Mstep runtime (s): 0.31189608573913574
Finished EM iter: 11. Current nllh: 10745.061849452073
Starting EM iter: 12
Estep
Estep runtime (s): 0.14992308616638184
Mstep
Optimizing phi
Optimizing branch lengths. Current phi: 0. Current nu:0.28749480515126913
Optimizing nu
Mstep runtime (s): 0.3415255546569824
Finished EM iter: 12. Current nllh: 10745.060562295685
Starting EM iter: 13
Estep
Estep runtime (s): 0.15035605430603027
Mstep
Optimizing phi
Optimizing branch lengths. Current phi: 0. Current nu:0.28751083173842273
Optimizing nu
Mstep runtime (s): 0.31313204765319824
Finished EM iter: 13. Current nllh: 10745.059652418575
Starting EM iter: 14
Estep
Estep runtime (s): 0.15000486373901367
Mstep
Optimizing phi
Optimizing branch lengths. Current phi: 0. Current nu:0.2875232084095682
Optimizing nu
Mstep runtime (s): 0.3086090087890625
Finished EM iter: 14. Current nllh: 10745.059084251818
Starting EM iter: 15
Estep
Estep runtime (s): 0.15074515342712402
Mstep
Optimizing phi
Optimizing branch lengths. Current phi: 0. Current nu:0.2875307216930648
Optimizing nu
Mstep runtime (s): 0.3383800983428955
Finished EM iter: 15. Current nllh: 10745.058645831832
Starting EM iter: 16
Estep
Estep runtime (s): 0.15016889572143555
Mstep
Optimizing phi
Optimizing branch lengths. Current phi: 0. Current nu:0.2875378549181259
Optimizing nu
Mstep runtime (s): 0.2784571647644043
Finished EM iter: 16. Current nllh: 10745.058185181273
Starting EM iter: 17
Estep
Estep runtime (s): 0.1506178379058838
Mstep
Optimizing phi
Optimizing branch lengths. Current phi: 0. Current nu:0.28754632500977473
Optimizing nu
Mstep runtime (s): 0.3023569583892822
Finished EM iter: 17. Current nllh: 10745.05783884215
Starting EM iter: 18
Estep
Estep runtime (s): 0.15013885498046875
Mstep
Optimizing phi
Optimizing branch lengths. Current phi: 0. Current nu:0.287552155333058
Optimizing nu
Mstep runtime (s): 0.3071889877319336
Finished EM iter: 18. Current nllh: 10745.057601492455
Starting EM iter: 19
Estep
Estep runtime (s): 0.1509571075439453
Mstep
Optimizing phi
Optimizing branch lengths. Current phi: 0. Current nu:0.28755667213403663
Optimizing nu
Mstep runtime (s): 0.3700602054595947
Finished EM iter: 19. Current nllh: 10745.057416000544
Starting EM iter: 20
Estep
Estep runtime (s): 0.15029215812683105
Mstep
Optimizing phi
Optimizing branch lengths. Current phi: 0. Current nu:0.28756043936189457
Optimizing nu
Mstep runtime (s): 0.31546497344970703
Finished EM iter: 20. Current nllh: 10745.057356772264
EM finished after 20 iterations.
Optimal phi: 0. Optimal nu: 0.28756098061389374. Optimal nllh: 10745.057356772264
Optimal point found for initial point 1
Numerical optimization finished successfully
Tree height pre-scaling: 0.6886208909010885, input timescale: 1.0
Tree height after scaling: 1.0, mutation rate: 0.6886208909010885
Tree height pre-scaling: 0.6886209585055643, input timescale: 1.0
Tree height after scaling: 1.0, mutation rate: 0.6886209585055643
Tree height pre-scaling: 0.6886209022124195, input timescale: 1.0
Tree height after scaling: 1.0, mutation rate: 0.6886209022124195
Tree height pre-scaling: 0.6886208212651458, input timescale: 1.0
Tree height after scaling: 1.0000000000000002, mutation rate: 0.6886208212651458
Tree height pre-scaling: 0.6886209442893145, input timescale: 1.0
Tree height after scaling: 1.0, mutation rate: 0.6886209442893145
Tree height pre-scaling: 0.688620939297758, input timescale: 1.0
Tree height after scaling: 1.0, mutation rate: 0.688620939297758
Tree height pre-scaling: 0.6886209466224701, input timescale: 1.0
Tree height after scaling: 1.0, mutation rate: 0.6886209466224701
Tree height pre-scaling: 0.6886209184426361, input timescale: 1.0
Tree height after scaling: 1.0, mutation rate: 0.6886209184426361
Tree height pre-scaling: 0.6886209226814219, input timescale: 1.0
Tree height after scaling: 0.9999999999999999, mutation rate: 0.6886209226814219
Tree height pre-scaling: 0.6886208128151186, input timescale: 1.0
Tree height after scaling: 1.0, mutation rate: 0.6886208128151186
Tree height pre-scaling: 0.6886209196394653, input timescale: 1.0
Tree height after scaling: 1.0, mutation rate: 0.6886209196394653
Tree height pre-scaling: 0.68862088268721, input timescale: 1.0
Tree height after scaling: 1.0, mutation rate: 0.68862088268721
Tree height pre-scaling: 0.6886209742197074, input timescale: 1.0
Tree height after scaling: 1.0, mutation rate: 0.6886209742197074
Tree height pre-scaling: 0.6886208609692123, input timescale: 1.0
Tree height after scaling: 1.0, mutation rate: 0.6886208609692123
Tree height pre-scaling: 0.6886211961454333, input timescale: 1.0
Tree height after scaling: 1.0, mutation rate: 0.6886211961454333
Tree height pre-scaling: 0.688620973686472, input timescale: 1.0
Tree height after scaling: 1.0000000000000002, mutation rate: 0.688620973686472
Tree height pre-scaling: 0.6886208912973735, input timescale: 1.0
Tree height after scaling: 1.0, mutation rate: 0.6886208912973735
Runtime (s): 10.473737208
