Launching LAML version 0.0.4
LAML was called as follows: /Users/uym2/my_gits/LAML/run_laml.py -c ../../evaluation/Bar10/Bar10_character_matrix.txt -t place_outlier4/augmented_tree_429.nwk -o place_outlier4/augmented_tree_429_optimized -v -p ../../evaluation/Bar10/Bar10_priors.pickle --delimiter tab -m -1 --nInitials 1
Prior keys mismatch with site names.
Prior keys: [0, 1, 2, 3, 4, 5, 6, 7, 8, 9, 10, 11, 12, 13, 14, 15, 16, 17, 18, 19, 20, 21, 22, 23, 24, 25, 26, 27, 28, 29]
Site names: ['r1', 'r2', 'r3', 'r4', 'r5', 'r6', 'r7', 'r8', 'r9', 'r10', 'r11', 'r12', 'r13', 'r14', 'r15', 'r16', 'r17', 'r18', 'r19', 'r20', 'r21', 'r22', 'r23', 'r24', 'r25', 'r26', 'r27', 'r28', 'r29', 'r30']
Attempting to infer mapping between site names and prior keys...
{'r1': 0, 'r2': 1, 'r3': 2, 'r4': 3, 'r5': 4, 'r6': 5, 'r7': 6, 'r8': 7, 'r9': 8, 'r10': 9, 'r11': 10, 'r12': 11, 'r13': 12, 'r14': 13, 'r15': 14, 'r16': 15, 'r17': 16, 'r18': 17, 'r19': 18, 'r20': 19, 'r21': 20, 'r22': 21, 'r23': 22, 'r24': 23, 'r25': 24, 'r26': 25, 'r27': 26, 'r28': 27, 'r29': 28, 'r30': 29}
Optimizing branch lengths, phi, and nu without topology search
Optimization by EM algorithm
Optimization start with 1 initials
Initial point 1. Random seed: 9289
Numerical optimization started with ultrametric constraint (default)
Initial phi: 0. Initial nu: 0.26955655566205877. Initial nllh: 13737.598168745033
Starting EM iter: 1
Estep
Estep runtime (s): 0.1090850830078125
Mstep
Optimizing phi
Optimizing branch lengths. Current phi: 0. Current nu:0.26955655566205877
Optimizing nu
Mstep runtime (s): 0.3775973320007324
Finished EM iter: 1. Current nllh: 10914.138265558287
Starting EM iter: 2
Estep
Estep runtime (s): 0.1524190902709961
Mstep
Optimizing phi
Optimizing branch lengths. Current phi: 0. Current nu:0.278331454766352
Optimizing nu
Mstep runtime (s): 0.36643075942993164
Finished EM iter: 2. Current nllh: 10876.678596790436
Starting EM iter: 3
Estep
Estep runtime (s): 0.14937090873718262
Mstep
Optimizing phi
Optimizing branch lengths. Current phi: 0. Current nu:0.27791999896717867
Optimizing nu
Mstep runtime (s): 0.3265106678009033
Finished EM iter: 3. Current nllh: 10874.458577301926
Starting EM iter: 4
Estep
Estep runtime (s): 0.14951491355895996
Mstep
Optimizing phi
Optimizing branch lengths. Current phi: 0. Current nu:0.27713132040902577
Optimizing nu
Mstep runtime (s): 0.3613591194152832
Finished EM iter: 4. Current nllh: 10874.141753115007
Starting EM iter: 5
Estep
Estep runtime (s): 0.1494300365447998
Mstep
Optimizing phi
Optimizing branch lengths. Current phi: 0. Current nu:0.2769679238639436
Optimizing nu
Mstep runtime (s): 0.3363001346588135
Finished EM iter: 5. Current nllh: 10874.077142163258
Starting EM iter: 6
Estep
Estep runtime (s): 0.1494917869567871
Mstep
Optimizing phi
Optimizing branch lengths. Current phi: 0. Current nu:0.2769936437596451
Optimizing nu
Mstep runtime (s): 0.3464970588684082
Finished EM iter: 6. Current nllh: 10874.053311476755
Starting EM iter: 7
Estep
Estep runtime (s): 0.1494898796081543
Mstep
Optimizing phi
Optimizing branch lengths. Current phi: 0. Current nu:0.27705705179947676
Optimizing nu
Mstep runtime (s): 0.3458259105682373
Finished EM iter: 7. Current nllh: 10874.043421388085
Starting EM iter: 8
Estep
Estep runtime (s): 0.15001487731933594
Mstep
Optimizing phi
Optimizing branch lengths. Current phi: 0. Current nu:0.2771154890181774
Optimizing nu
Mstep runtime (s): 0.3680109977722168
Finished EM iter: 8. Current nllh: 10874.03750792025
Starting EM iter: 9
Estep
Estep runtime (s): 0.149644136428833
Mstep
Optimizing phi
Optimizing branch lengths. Current phi: 0. Current nu:0.27716156642222467
Optimizing nu
Mstep runtime (s): 0.30347704887390137
Finished EM iter: 9. Current nllh: 10874.033964052194
Starting EM iter: 10
Estep
Estep runtime (s): 0.14989423751831055
Mstep
Optimizing phi
Optimizing branch lengths. Current phi: 0. Current nu:0.277195484672253
Optimizing nu
Mstep runtime (s): 0.31654882431030273
Finished EM iter: 10. Current nllh: 10874.03146318936
Starting EM iter: 11
Estep
Estep runtime (s): 0.1497657299041748
Mstep
Optimizing phi
Optimizing branch lengths. Current phi: 0. Current nu:0.2772212958031226
Optimizing nu
Mstep runtime (s): 0.31734490394592285
Finished EM iter: 11. Current nllh: 10874.029960377244
Starting EM iter: 12
Estep
Estep runtime (s): 0.14985895156860352
Mstep
Optimizing phi
Optimizing branch lengths. Current phi: 0. Current nu:0.2772397905188013
Optimizing nu
Mstep runtime (s): 0.30493688583374023
Finished EM iter: 12. Current nllh: 10874.028866591725
Starting EM iter: 13
Estep
Estep runtime (s): 0.15013408660888672
Mstep
Optimizing phi
Optimizing branch lengths. Current phi: 0. Current nu:0.27725421702724795
Optimizing nu
Mstep runtime (s): 0.3198227882385254
Finished EM iter: 13. Current nllh: 10874.028093473704
Starting EM iter: 14
Estep
Estep runtime (s): 0.15002799034118652
Mstep
Optimizing phi
Optimizing branch lengths. Current phi: 0. Current nu:0.27726533520105945
Optimizing nu
Mstep runtime (s): 0.2845909595489502
Finished EM iter: 14. Current nllh: 10874.027539943052
Starting EM iter: 15
Estep
Estep runtime (s): 0.15031123161315918
Mstep
Optimizing phi
Optimizing branch lengths. Current phi: 0. Current nu:0.27727400704033556
Optimizing nu
Mstep runtime (s): 0.337770938873291
Finished EM iter: 15. Current nllh: 10874.027125257133
Starting EM iter: 16
Estep
Estep runtime (s): 0.15014386177062988
Mstep
Optimizing phi
Optimizing branch lengths. Current phi: 0. Current nu:0.2772811998724243
Optimizing nu
Mstep runtime (s): 0.28880906105041504
Finished EM iter: 16. Current nllh: 10874.026820924106
Starting EM iter: 17
Estep
Estep runtime (s): 0.1503298282623291
Mstep
Optimizing phi
Optimizing branch lengths. Current phi: 0. Current nu:0.2772867766498317
Optimizing nu
Mstep runtime (s): 0.3782029151916504
Finished EM iter: 17. Current nllh: 10874.026606755599
Starting EM iter: 18
Estep
Estep runtime (s): 0.15015482902526855
Mstep
Optimizing phi
Optimizing branch lengths. Current phi: 0. Current nu:0.27728991486774424
Optimizing nu
Mstep runtime (s): 0.3410160541534424
Finished EM iter: 18. Current nllh: 10874.026461074078
Starting EM iter: 19
Estep
Estep runtime (s): 0.15019702911376953
Mstep
Optimizing phi
Optimizing branch lengths. Current phi: 0. Current nu:0.2772934645843934
Optimizing nu
Mstep runtime (s): 0.3700227737426758
Finished EM iter: 19. Current nllh: 10874.026197280287
Starting EM iter: 20
Estep
Estep runtime (s): 0.15055298805236816
Mstep
Optimizing phi
Optimizing branch lengths. Current phi: 0. Current nu:0.2772983912155024
Optimizing nu
Mstep runtime (s): 0.3161349296569824
Finished EM iter: 20. Current nllh: 10874.025907205654
Starting EM iter: 21
Estep
Estep runtime (s): 0.15088915824890137
Mstep
Optimizing phi
Optimizing branch lengths. Current phi: 0. Current nu:0.27730328128663495
Optimizing nu
Mstep runtime (s): 0.3820788860321045
Finished EM iter: 21. Current nllh: 10874.026035351539
Starting EM iter: 22
Estep
Estep runtime (s): 0.15033197402954102
Mstep
Optimizing phi
Optimizing branch lengths. Current phi: 0. Current nu:0.27730397741935986
Optimizing nu
Mstep runtime (s): 0.3033149242401123
Finished EM iter: 22. Current nllh: 10874.026000169491
EM finished after 22 iterations.
Optimal phi: 0. Optimal nu: 0.27730511048820966. Optimal nllh: 10874.026000169491
Optimal point found for initial point 1
Numerical optimization finished successfully
Tree height pre-scaling: 0.692157574436191, input timescale: 1.0
Tree height after scaling: 1.0000000000000002, mutation rate: 0.692157574436191
Tree height pre-scaling: 0.6921575744413997, input timescale: 1.0
Tree height after scaling: 1.0, mutation rate: 0.6921575744413997
Tree height pre-scaling: 0.6921575744131575, input timescale: 1.0
Tree height after scaling: 1.0, mutation rate: 0.6921575744131575
Tree height pre-scaling: 0.6921575744549017, input timescale: 1.0
Tree height after scaling: 1.0, mutation rate: 0.6921575744549017
Tree height pre-scaling: 0.6921575744525137, input timescale: 1.0
Tree height after scaling: 1.0, mutation rate: 0.6921575744525137
Tree height pre-scaling: 0.6921575744550029, input timescale: 1.0
Tree height after scaling: 1.0, mutation rate: 0.6921575744550029
Tree height pre-scaling: 0.6921575744464384, input timescale: 1.0
Tree height after scaling: 0.9999999999999999, mutation rate: 0.6921575744464384
Tree height pre-scaling: 0.6921575744466406, input timescale: 1.0
Tree height after scaling: 1.0, mutation rate: 0.6921575744466406
Tree height pre-scaling: 0.6921575744133888, input timescale: 1.0
Tree height after scaling: 0.9999999999999999, mutation rate: 0.6921575744133888
Tree height pre-scaling: 0.6921575744444158, input timescale: 1.0
Tree height after scaling: 1.0, mutation rate: 0.6921575744444158
Tree height pre-scaling: 0.6921575744351509, input timescale: 1.0
Tree height after scaling: 1.0, mutation rate: 0.6921575744351509
Tree height pre-scaling: 0.6921575744646106, input timescale: 1.0
Tree height after scaling: 1.0, mutation rate: 0.6921575744646106
Tree height pre-scaling: 0.6921575744254762, input timescale: 1.0
Tree height after scaling: 1.0, mutation rate: 0.6921575744254762
Tree height pre-scaling: 0.6921575745405169, input timescale: 1.0
Tree height after scaling: 1.0, mutation rate: 0.6921575745405169
Tree height pre-scaling: 0.6921575744653123, input timescale: 1.0
Tree height after scaling: 1.0, mutation rate: 0.6921575744653123
Tree height pre-scaling: 0.6921575744385787, input timescale: 1.0
Tree height after scaling: 1.0, mutation rate: 0.6921575744385787
Tree height pre-scaling: 0.6921575744434729, input timescale: 1.0
Tree height after scaling: 1.0000000000000002, mutation rate: 0.6921575744434729
Runtime (s): 11.865765999999999
