Launching LAML version 0.0.4
LAML was called as follows: /Users/uym2/my_gits/LAML/run_laml.py -c ../../evaluation/Bar10/Bar10_character_matrix.txt -t place_outlier4/augmented_tree_232.nwk -o place_outlier4/augmented_tree_232_optimized -v -p ../../evaluation/Bar10/Bar10_priors.pickle --delimiter tab -m -1 --nInitials 1
Prior keys mismatch with site names.
Prior keys: [0, 1, 2, 3, 4, 5, 6, 7, 8, 9, 10, 11, 12, 13, 14, 15, 16, 17, 18, 19, 20, 21, 22, 23, 24, 25, 26, 27, 28, 29]
Site names: ['r1', 'r2', 'r3', 'r4', 'r5', 'r6', 'r7', 'r8', 'r9', 'r10', 'r11', 'r12', 'r13', 'r14', 'r15', 'r16', 'r17', 'r18', 'r19', 'r20', 'r21', 'r22', 'r23', 'r24', 'r25', 'r26', 'r27', 'r28', 'r29', 'r30']
Attempting to infer mapping between site names and prior keys...
{'r1': 0, 'r2': 1, 'r3': 2, 'r4': 3, 'r5': 4, 'r6': 5, 'r7': 6, 'r8': 7, 'r9': 8, 'r10': 9, 'r11': 10, 'r12': 11, 'r13': 12, 'r14': 13, 'r15': 14, 'r16': 15, 'r17': 16, 'r18': 17, 'r19': 18, 'r20': 19, 'r21': 20, 'r22': 21, 'r23': 22, 'r24': 23, 'r25': 24, 'r26': 25, 'r27': 26, 'r28': 27, 'r29': 28, 'r30': 29}
Optimizing branch lengths, phi, and nu without topology search
Optimization by EM algorithm
Optimization start with 1 initials
Initial point 1. Random seed: 7313
Numerical optimization started with ultrametric constraint (default)
Initial phi: 0. Initial nu: 0.26955655566205877. Initial nllh: 13365.950124107188
Starting EM iter: 1
Estep
Estep runtime (s): 0.10840272903442383
Mstep
Optimizing phi
Optimizing branch lengths. Current phi: 0. Current nu:0.26955655566205877
Optimizing nu
Mstep runtime (s): 0.31787800788879395
Finished EM iter: 1. Current nllh: 10874.345824312124
Starting EM iter: 2
Estep
Estep runtime (s): 0.14877700805664062
Mstep
Optimizing phi
Optimizing branch lengths. Current phi: 0. Current nu:0.28121373590988913
Optimizing nu
Mstep runtime (s): 0.28505492210388184
Finished EM iter: 2. Current nllh: 10849.609540886338
Starting EM iter: 3
Estep
Estep runtime (s): 0.14999699592590332
Mstep
Optimizing phi
Optimizing branch lengths. Current phi: 0. Current nu:0.28260691701951646
Optimizing nu
Mstep runtime (s): 0.3007040023803711
Finished EM iter: 3. Current nllh: 10848.330067879002
Starting EM iter: 4
Estep
Estep runtime (s): 0.1504039764404297
Mstep
Optimizing phi
Optimizing branch lengths. Current phi: 0. Current nu:0.2829497527712951
Optimizing nu
Mstep runtime (s): 0.3174731731414795
Finished EM iter: 4. Current nllh: 10848.125455412839
Starting EM iter: 5
Estep
Estep runtime (s): 0.14871883392333984
Mstep
Optimizing phi
Optimizing branch lengths. Current phi: 0. Current nu:0.2831869865668459
Optimizing nu
Mstep runtime (s): 0.3047208786010742
Finished EM iter: 5. Current nllh: 10848.053069102678
Starting EM iter: 6
Estep
Estep runtime (s): 0.1491532325744629
Mstep
Optimizing phi
Optimizing branch lengths. Current phi: 0. Current nu:0.283350155715997
Optimizing nu
Mstep runtime (s): 0.36034321784973145
Finished EM iter: 6. Current nllh: 10848.035376381922
Starting EM iter: 7
Estep
Estep runtime (s): 0.14904999732971191
Mstep
Optimizing phi
Optimizing branch lengths. Current phi: 0. Current nu:0.28345478721812634
Optimizing nu
Mstep runtime (s): 0.29224586486816406
Finished EM iter: 7. Current nllh: 10848.025823062595
Starting EM iter: 8
Estep
Estep runtime (s): 0.14884090423583984
Mstep
Optimizing phi
Optimizing branch lengths. Current phi: 0. Current nu:0.2835273143885447
Optimizing nu
Mstep runtime (s): 0.28299498558044434
Finished EM iter: 8. Current nllh: 10848.020181805789
Starting EM iter: 9
Estep
Estep runtime (s): 0.14916205406188965
Mstep
Optimizing phi
Optimizing branch lengths. Current phi: 0. Current nu:0.2835765981767631
Optimizing nu
Mstep runtime (s): 0.28701210021972656
Finished EM iter: 9. Current nllh: 10848.016663718221
Starting EM iter: 10
Estep
Estep runtime (s): 0.14921116828918457
Mstep
Optimizing phi
Optimizing branch lengths. Current phi: 0. Current nu:0.28361121265961975
Optimizing nu
Mstep runtime (s): 0.3014829158782959
Finished EM iter: 10. Current nllh: 10848.014343009092
Starting EM iter: 11
Estep
Estep runtime (s): 0.14904499053955078
Mstep
Optimizing phi
Optimizing branch lengths. Current phi: 0. Current nu:0.2836369078419455
Optimizing nu
Mstep runtime (s): 0.2865300178527832
Finished EM iter: 11. Current nllh: 10848.012761291531
Starting EM iter: 12
Estep
Estep runtime (s): 0.14908814430236816
Mstep
Optimizing phi
Optimizing branch lengths. Current phi: 0. Current nu:0.28365615270792094
Optimizing nu
Mstep runtime (s): 0.29836487770080566
Finished EM iter: 12. Current nllh: 10848.011662194049
Starting EM iter: 13
Estep
Estep runtime (s): 0.14907503128051758
Mstep
Optimizing phi
Optimizing branch lengths. Current phi: 0. Current nu:0.28367042433006834
Optimizing nu
Mstep runtime (s): 0.3364741802215576
Finished EM iter: 13. Current nllh: 10848.01088434701
Starting EM iter: 14
Estep
Estep runtime (s): 0.14948391914367676
Mstep
Optimizing phi
Optimizing branch lengths. Current phi: 0. Current nu:0.2836813555108062
Optimizing nu
Mstep runtime (s): 0.3493309020996094
Finished EM iter: 14. Current nllh: 10848.010312618597
Starting EM iter: 15
Estep
Estep runtime (s): 0.1494441032409668
Mstep
Optimizing phi
Optimizing branch lengths. Current phi: 0. Current nu:0.28369004191026126
Optimizing nu
Mstep runtime (s): 0.2908060550689697
Finished EM iter: 15. Current nllh: 10848.009872388415
Starting EM iter: 16
Estep
Estep runtime (s): 0.14964699745178223
Mstep
Optimizing phi
Optimizing branch lengths. Current phi: 0. Current nu:0.2836974690490757
Optimizing nu
Mstep runtime (s): 0.3190798759460449
Finished EM iter: 16. Current nllh: 10848.009515453961
Starting EM iter: 17
Estep
Estep runtime (s): 0.1493518352508545
Mstep
Optimizing phi
Optimizing branch lengths. Current phi: 0. Current nu:0.2837028856532115
Optimizing nu
Mstep runtime (s): 0.3918910026550293
Finished EM iter: 17. Current nllh: 10848.009258432669
Starting EM iter: 18
Estep
Estep runtime (s): 0.14954185485839844
Mstep
Optimizing phi
Optimizing branch lengths. Current phi: 0. Current nu:0.28370722775986923
Optimizing nu
Mstep runtime (s): 0.27719998359680176
Finished EM iter: 18. Current nllh: 10848.009084802154
Starting EM iter: 19
Estep
Estep runtime (s): 0.14972805976867676
Mstep
Optimizing phi
Optimizing branch lengths. Current phi: 0. Current nu:0.2837123354494263
Optimizing nu
Mstep runtime (s): 0.28162503242492676
Finished EM iter: 19. Current nllh: 10848.00891363125
Starting EM iter: 20
Estep
Estep runtime (s): 0.14977693557739258
Mstep
Optimizing phi
Optimizing branch lengths. Current phi: 0. Current nu:0.28371550354207303
Optimizing nu
Mstep runtime (s): 0.28445005416870117
Finished EM iter: 20. Current nllh: 10848.008793757394
Starting EM iter: 21
Estep
Estep runtime (s): 0.14986491203308105
Mstep
Optimizing phi
Optimizing branch lengths. Current phi: 0. Current nu:0.28371814024083286
Optimizing nu
Mstep runtime (s): 0.29694604873657227
Finished EM iter: 21. Current nllh: 10848.008698315109
EM finished after 21 iterations.
Optimal phi: 0. Optimal nu: 0.2837202535629722. Optimal nllh: 10848.008698315109
Optimal point found for initial point 1
Numerical optimization finished successfully
Tree height pre-scaling: 0.6859872007433996, input timescale: 1.0
Tree height after scaling: 1.0, mutation rate: 0.6859872007433996
Tree height pre-scaling: 0.6859872008770965, input timescale: 1.0
Tree height after scaling: 1.0, mutation rate: 0.6859872008770965
Tree height pre-scaling: 0.6859872008099925, input timescale: 1.0
Tree height after scaling: 1.0, mutation rate: 0.6859872008099925
Tree height pre-scaling: 0.6859872008842823, input timescale: 1.0
Tree height after scaling: 1.0, mutation rate: 0.6859872008842823
Tree height pre-scaling: 0.6859872012632511, input timescale: 1.0
Tree height after scaling: 1.0, mutation rate: 0.6859872012632511
Tree height pre-scaling: 0.6859872007758587, input timescale: 1.0
Tree height after scaling: 1.0, mutation rate: 0.6859872007758587
Tree height pre-scaling: 0.6859872006205641, input timescale: 1.0
Tree height after scaling: 1.0, mutation rate: 0.6859872006205641
Tree height pre-scaling: 0.6859872008469488, input timescale: 1.0
Tree height after scaling: 1.0, mutation rate: 0.6859872008469488
Tree height pre-scaling: 0.6859872008391087, input timescale: 1.0
Tree height after scaling: 1.0, mutation rate: 0.6859872008391087
Tree height pre-scaling: 0.6859872008476973, input timescale: 1.0
Tree height after scaling: 1.0, mutation rate: 0.6859872008476973
Tree height pre-scaling: 0.6859872008020858, input timescale: 1.0
Tree height after scaling: 1.0, mutation rate: 0.6859872008020858
Tree height pre-scaling: 0.6859872008060721, input timescale: 1.0
Tree height after scaling: 0.9999999999999999, mutation rate: 0.6859872008060721
Tree height pre-scaling: 0.6859872006148139, input timescale: 1.0
Tree height after scaling: 0.9999999999999999, mutation rate: 0.6859872006148139
Tree height pre-scaling: 0.6859872007995693, input timescale: 1.0
Tree height after scaling: 1.0, mutation rate: 0.6859872007995693
Tree height pre-scaling: 0.6859872007375234, input timescale: 1.0
Tree height after scaling: 1.0, mutation rate: 0.6859872007375234
Tree height pre-scaling: 0.6859872009072684, input timescale: 1.0
Tree height after scaling: 1.0, mutation rate: 0.6859872009072684
Tree height pre-scaling: 0.6859872005737999, input timescale: 1.0
Tree height after scaling: 1.0, mutation rate: 0.6859872005737999
Runtime (s): 10.711829332999999
