Launching LAML version 0.0.4
LAML was called as follows: /Users/uym2/my_gits/LAML/run_laml.py -c ../../evaluation/Bar10/Bar10_character_matrix.txt -t place_outlier4/augmented_tree_476.nwk -o place_outlier4/augmented_tree_476_optimized -v -p ../../evaluation/Bar10/Bar10_priors.pickle --delimiter tab -m -1 --nInitials 1
Prior keys mismatch with site names.
Prior keys: [0, 1, 2, 3, 4, 5, 6, 7, 8, 9, 10, 11, 12, 13, 14, 15, 16, 17, 18, 19, 20, 21, 22, 23, 24, 25, 26, 27, 28, 29]
Site names: ['r1', 'r2', 'r3', 'r4', 'r5', 'r6', 'r7', 'r8', 'r9', 'r10', 'r11', 'r12', 'r13', 'r14', 'r15', 'r16', 'r17', 'r18', 'r19', 'r20', 'r21', 'r22', 'r23', 'r24', 'r25', 'r26', 'r27', 'r28', 'r29', 'r30']
Attempting to infer mapping between site names and prior keys...
{'r1': 0, 'r2': 1, 'r3': 2, 'r4': 3, 'r5': 4, 'r6': 5, 'r7': 6, 'r8': 7, 'r9': 8, 'r10': 9, 'r11': 10, 'r12': 11, 'r13': 12, 'r14': 13, 'r15': 14, 'r16': 15, 'r17': 16, 'r18': 17, 'r19': 18, 'r20': 19, 'r21': 20, 'r22': 21, 'r23': 22, 'r24': 23, 'r25': 24, 'r26': 25, 'r27': 26, 'r28': 27, 'r29': 28, 'r30': 29}
Optimizing branch lengths, phi, and nu without topology search
Optimization by EM algorithm
Optimization start with 1 initials
Initial point 1. Random seed: 3610
Numerical optimization started with ultrametric constraint (default)
Initial phi: 0. Initial nu: 0.26955655566205877. Initial nllh: 13477.953329971659
Starting EM iter: 1
Estep
Estep runtime (s): 0.10982108116149902
Mstep
Optimizing phi
Optimizing branch lengths. Current phi: 0. Current nu:0.26955655566205877
Optimizing nu
Mstep runtime (s): 0.3662230968475342
Finished EM iter: 1. Current nllh: 10709.282957447998
Starting EM iter: 2
Estep
Estep runtime (s): 0.15135812759399414
Mstep
Optimizing phi
Optimizing branch lengths. Current phi: 0. Current nu:0.28199785713335007
Optimizing nu
Mstep runtime (s): 0.29674386978149414
Finished EM iter: 2. Current nllh: 10674.63487655449
Starting EM iter: 3
Estep
Estep runtime (s): 0.14806294441223145
Mstep
Optimizing phi
Optimizing branch lengths. Current phi: 0. Current nu:0.2832173650573699
Optimizing nu
Mstep runtime (s): 0.31722378730773926
Finished EM iter: 3. Current nllh: 10672.398287084416
Starting EM iter: 4
Estep
Estep runtime (s): 0.1495189666748047
Mstep
Optimizing phi
Optimizing branch lengths. Current phi: 0. Current nu:0.28295009502635854
Optimizing nu
Mstep runtime (s): 0.3736460208892822
Finished EM iter: 4. Current nllh: 10672.063096356067
Starting EM iter: 5
Estep
Estep runtime (s): 0.14811921119689941
Mstep
Optimizing phi
Optimizing branch lengths. Current phi: 0. Current nu:0.2829440661098022
Optimizing nu
Mstep runtime (s): 0.3083209991455078
Finished EM iter: 5. Current nllh: 10671.99272575081
Starting EM iter: 6
Estep
Estep runtime (s): 0.14841008186340332
Mstep
Optimizing phi
Optimizing branch lengths. Current phi: 0. Current nu:0.28302123359241094
Optimizing nu
Mstep runtime (s): 0.3371262550354004
Finished EM iter: 6. Current nllh: 10671.966378803425
Starting EM iter: 7
Estep
Estep runtime (s): 0.1484689712524414
Mstep
Optimizing phi
Optimizing branch lengths. Current phi: 0. Current nu:0.28310317039294397
Optimizing nu
Mstep runtime (s): 0.3065149784088135
Finished EM iter: 7. Current nllh: 10671.95528828591
Starting EM iter: 8
Estep
Estep runtime (s): 0.1484661102294922
Mstep
Optimizing phi
Optimizing branch lengths. Current phi: 0. Current nu:0.2831704409397629
Optimizing nu
Mstep runtime (s): 0.30141615867614746
Finished EM iter: 8. Current nllh: 10671.94862025605
Starting EM iter: 9
Estep
Estep runtime (s): 0.15473604202270508
Mstep
Optimizing phi
Optimizing branch lengths. Current phi: 0. Current nu:0.28322148635697586
Optimizing nu
Mstep runtime (s): 0.4212610721588135
Finished EM iter: 9. Current nllh: 10671.944396882707
Starting EM iter: 10
Estep
Estep runtime (s): 0.14844989776611328
Mstep
Optimizing phi
Optimizing branch lengths. Current phi: 0. Current nu:0.28325925202718955
Optimizing nu
Mstep runtime (s): 0.39777493476867676
Finished EM iter: 10. Current nllh: 10671.941625833248
Starting EM iter: 11
Estep
Estep runtime (s): 0.148453950881958
Mstep
Optimizing phi
Optimizing branch lengths. Current phi: 0. Current nu:0.2832869699786057
Optimizing nu
Mstep runtime (s): 0.29659414291381836
Finished EM iter: 11. Current nllh: 10671.939758892764
Starting EM iter: 12
Estep
Estep runtime (s): 0.14940285682678223
Mstep
Optimizing phi
Optimizing branch lengths. Current phi: 0. Current nu:0.28330755056220824
Optimizing nu
Mstep runtime (s): 0.3104369640350342
Finished EM iter: 12. Current nllh: 10671.938452335447
Starting EM iter: 13
Estep
Estep runtime (s): 0.14844107627868652
Mstep
Optimizing phi
Optimizing branch lengths. Current phi: 0. Current nu:0.2833235054447205
Optimizing nu
Mstep runtime (s): 0.3268578052520752
Finished EM iter: 13. Current nllh: 10671.937528039623
Starting EM iter: 14
Estep
Estep runtime (s): 0.14887070655822754
Mstep
Optimizing phi
Optimizing branch lengths. Current phi: 0. Current nu:0.28333559135028125
Optimizing nu
Mstep runtime (s): 0.3106558322906494
Finished EM iter: 14. Current nllh: 10671.936845410844
Starting EM iter: 15
Estep
Estep runtime (s): 0.14895987510681152
Mstep
Optimizing phi
Optimizing branch lengths. Current phi: 0. Current nu:0.2833455432300197
Optimizing nu
Mstep runtime (s): 0.35404324531555176
Finished EM iter: 15. Current nllh: 10671.936429723184
Starting EM iter: 16
Estep
Estep runtime (s): 0.15317392349243164
Mstep
Optimizing phi
Optimizing branch lengths. Current phi: 0. Current nu:0.28335462874948214
Optimizing nu
Mstep runtime (s): 0.30564403533935547
Finished EM iter: 16. Current nllh: 10671.93593693852
Starting EM iter: 17
Estep
Estep runtime (s): 0.14966082572937012
Mstep
Optimizing phi
Optimizing branch lengths. Current phi: 0. Current nu:0.2833601868299186
Optimizing nu
Mstep runtime (s): 0.31708383560180664
Finished EM iter: 17. Current nllh: 10671.935659086774
Starting EM iter: 18
Estep
Estep runtime (s): 0.1492140293121338
Mstep
Optimizing phi
Optimizing branch lengths. Current phi: 0. Current nu:0.2833650168055714
Optimizing nu
Mstep runtime (s): 0.34812283515930176
Finished EM iter: 18. Current nllh: 10671.935451046978
Starting EM iter: 19
Estep
Estep runtime (s): 0.14899206161499023
Mstep
Optimizing phi
Optimizing branch lengths. Current phi: 0. Current nu:0.2833688598218631
Optimizing nu
Mstep runtime (s): 0.31096601486206055
Finished EM iter: 19. Current nllh: 10671.935278618308
Starting EM iter: 20
Estep
Estep runtime (s): 0.1486341953277588
Mstep
Optimizing phi
Optimizing branch lengths. Current phi: 0. Current nu:0.28337234541845824
Optimizing nu
Mstep runtime (s): 0.36240220069885254
Finished EM iter: 20. Current nllh: 10671.935114601749
Starting EM iter: 21
Estep
Estep runtime (s): 0.14963197708129883
Mstep
Optimizing phi
Optimizing branch lengths. Current phi: 0. Current nu:0.2833764000768139
Optimizing nu
Mstep runtime (s): 0.3094449043273926
Finished EM iter: 21. Current nllh: 10671.935004468822
Starting EM iter: 22
Estep
Estep runtime (s): 0.1486961841583252
Mstep
Optimizing phi
Optimizing branch lengths. Current phi: 0. Current nu:0.28337832671193347
Optimizing nu
Mstep runtime (s): 0.33708786964416504
Finished EM iter: 22. Current nllh: 10671.934930952752
EM finished after 22 iterations.
Optimal phi: 0. Optimal nu: 0.2833800822940868. Optimal nllh: 10671.934930952752
Optimal point found for initial point 1
Numerical optimization finished successfully
Tree height pre-scaling: 0.6916137821141413, input timescale: 1.0
Tree height after scaling: 0.9999999999999999, mutation rate: 0.6916137821141413
Tree height pre-scaling: 0.6916137821752395, input timescale: 1.0
Tree height after scaling: 1.0, mutation rate: 0.6916137821752395
Tree height pre-scaling: 0.6916137818336953, input timescale: 1.0
Tree height after scaling: 1.0, mutation rate: 0.6916137818336953
Tree height pre-scaling: 0.6916137823337787, input timescale: 1.0
Tree height after scaling: 1.0, mutation rate: 0.6916137823337787
Tree height pre-scaling: 0.6916137823016741, input timescale: 1.0
Tree height after scaling: 0.9999999999999998, mutation rate: 0.6916137823016741
Tree height pre-scaling: 0.6916137823390253, input timescale: 1.0
Tree height after scaling: 1.0, mutation rate: 0.6916137823390253
Tree height pre-scaling: 0.6916137822288316, input timescale: 1.0
Tree height after scaling: 1.0, mutation rate: 0.6916137822288316
Tree height pre-scaling: 0.6916137822382692, input timescale: 1.0
Tree height after scaling: 0.9999999999999999, mutation rate: 0.6916137822382692
Tree height pre-scaling: 0.6916137818169168, input timescale: 1.0
Tree height after scaling: 1.0, mutation rate: 0.6916137818169168
Tree height pre-scaling: 0.6916137822294336, input timescale: 1.0
Tree height after scaling: 1.0, mutation rate: 0.6916137822294336
Tree height pre-scaling: 0.6916137820877499, input timescale: 1.0
Tree height after scaling: 1.0, mutation rate: 0.6916137820877499
Tree height pre-scaling: 0.6916137824437282, input timescale: 1.0
Tree height after scaling: 1.0, mutation rate: 0.6916137824437282
Tree height pre-scaling: 0.6916137819895272, input timescale: 1.0
Tree height after scaling: 1.0000000000000002, mutation rate: 0.6916137819895272
Tree height pre-scaling: 0.691613783322961, input timescale: 1.0
Tree height after scaling: 0.9999999999999998, mutation rate: 0.691613783322961
Tree height pre-scaling: 0.6916137824569252, input timescale: 1.0
Tree height after scaling: 0.9999999999999999, mutation rate: 0.6916137824569252
Tree height pre-scaling: 0.6916137821287565, input timescale: 1.0
Tree height after scaling: 0.9999999999999999, mutation rate: 0.6916137821287565
Tree height pre-scaling: 0.691613782606611, input timescale: 1.0
Tree height after scaling: 0.9999999999999999, mutation rate: 0.691613782606611
Runtime (s): 11.766630542
