Launching LAML version 0.0.4
LAML was called as follows: /Users/uym2/my_gits/LAML/run_laml.py -c ../../evaluation/Bar10/Bar10_character_matrix.txt -t place_outlier4/augmented_tree_80.nwk -o place_outlier4/augmented_tree_80_optimized -v -p ../../evaluation/Bar10/Bar10_priors.pickle --delimiter tab -m -1 --nInitials 1
Prior keys mismatch with site names.
Prior keys: [0, 1, 2, 3, 4, 5, 6, 7, 8, 9, 10, 11, 12, 13, 14, 15, 16, 17, 18, 19, 20, 21, 22, 23, 24, 25, 26, 27, 28, 29]
Site names: ['r1', 'r2', 'r3', 'r4', 'r5', 'r6', 'r7', 'r8', 'r9', 'r10', 'r11', 'r12', 'r13', 'r14', 'r15', 'r16', 'r17', 'r18', 'r19', 'r20', 'r21', 'r22', 'r23', 'r24', 'r25', 'r26', 'r27', 'r28', 'r29', 'r30']
Attempting to infer mapping between site names and prior keys...
{'r1': 0, 'r2': 1, 'r3': 2, 'r4': 3, 'r5': 4, 'r6': 5, 'r7': 6, 'r8': 7, 'r9': 8, 'r10': 9, 'r11': 10, 'r12': 11, 'r13': 12, 'r14': 13, 'r15': 14, 'r16': 15, 'r17': 16, 'r18': 17, 'r19': 18, 'r20': 19, 'r21': 20, 'r22': 21, 'r23': 22, 'r24': 23, 'r25': 24, 'r26': 25, 'r27': 26, 'r28': 27, 'r29': 28, 'r30': 29}
Optimizing branch lengths, phi, and nu without topology search
Optimization by EM algorithm
Optimization start with 1 initials
Initial point 1. Random seed: 982
Numerical optimization started with ultrametric constraint (default)
Initial phi: 0. Initial nu: 0.26955655566205877. Initial nllh: 13030.081367583078
Starting EM iter: 1
Estep
Estep runtime (s): 0.10752987861633301
Mstep
Optimizing phi
Optimizing branch lengths. Current phi: 0. Current nu:0.26955655566205877
Optimizing nu
Mstep runtime (s): 0.32390904426574707
Finished EM iter: 1. Current nllh: 10810.274522882253
Starting EM iter: 2
Estep
Estep runtime (s): 0.14996099472045898
Mstep
Optimizing phi
Optimizing branch lengths. Current phi: 0. Current nu:0.28109977551295573
Optimizing nu
Mstep runtime (s): 0.3284292221069336
Finished EM iter: 2. Current nllh: 10788.80467483456
Starting EM iter: 3
Estep
Estep runtime (s): 0.15127110481262207
Mstep
Optimizing phi
Optimizing branch lengths. Current phi: 0. Current nu:0.282383205055544
Optimizing nu
Mstep runtime (s): 0.3278379440307617
Finished EM iter: 3. Current nllh: 10787.7684345051
Starting EM iter: 4
Estep
Estep runtime (s): 0.1525130271911621
Mstep
Optimizing phi
Optimizing branch lengths. Current phi: 0. Current nu:0.28244880856792914
Optimizing nu
Mstep runtime (s): 0.34642720222473145
Finished EM iter: 4. Current nllh: 10787.662271924915
Starting EM iter: 5
Estep
Estep runtime (s): 0.15011239051818848
Mstep
Optimizing phi
Optimizing branch lengths. Current phi: 0. Current nu:0.28250716606572984
Optimizing nu
Mstep runtime (s): 0.29581284523010254
Finished EM iter: 5. Current nllh: 10787.63128849888
Starting EM iter: 6
Estep
Estep runtime (s): 0.15025782585144043
Mstep
Optimizing phi
Optimizing branch lengths. Current phi: 0. Current nu:0.28256568470771976
Optimizing nu
Mstep runtime (s): 0.30505871772766113
Finished EM iter: 6. Current nllh: 10787.624533324117
Starting EM iter: 7
Estep
Estep runtime (s): 0.15022492408752441
Mstep
Optimizing phi
Optimizing branch lengths. Current phi: 0. Current nu:0.2826063482402193
Optimizing nu
Mstep runtime (s): 0.32981085777282715
Finished EM iter: 7. Current nllh: 10787.621367224543
Starting EM iter: 8
Estep
Estep runtime (s): 0.1503458023071289
Mstep
Optimizing phi
Optimizing branch lengths. Current phi: 0. Current nu:0.28263411662680166
Optimizing nu
Mstep runtime (s): 0.2810089588165283
Finished EM iter: 8. Current nllh: 10787.61968632776
Starting EM iter: 9
Estep
Estep runtime (s): 0.1522810459136963
Mstep
Optimizing phi
Optimizing branch lengths. Current phi: 0. Current nu:0.28265186561431765
Optimizing nu
Mstep runtime (s): 0.33375096321105957
Finished EM iter: 9. Current nllh: 10787.618731267878
Starting EM iter: 10
Estep
Estep runtime (s): 0.15057897567749023
Mstep
Optimizing phi
Optimizing branch lengths. Current phi: 0. Current nu:0.282662787053889
Optimizing nu
Mstep runtime (s): 0.3240659236907959
Finished EM iter: 10. Current nllh: 10787.618103781155
Starting EM iter: 11
Estep
Estep runtime (s): 0.15049409866333008
Mstep
Optimizing phi
Optimizing branch lengths. Current phi: 0. Current nu:0.28266812536346114
Optimizing nu
Mstep runtime (s): 0.34474706649780273
Finished EM iter: 11. Current nllh: 10787.617850029266
Starting EM iter: 12
Estep
Estep runtime (s): 0.1573481559753418
Mstep
Optimizing phi
Optimizing branch lengths. Current phi: 0. Current nu:0.282672365553602
Optimizing nu
Mstep runtime (s): 0.32868289947509766
Finished EM iter: 12. Current nllh: 10787.61750463436
Starting EM iter: 13
Estep
Estep runtime (s): 0.1504039764404297
Mstep
Optimizing phi
Optimizing branch lengths. Current phi: 0. Current nu:0.28267447395326833
Optimizing nu
Mstep runtime (s): 0.3356289863586426
Finished EM iter: 13. Current nllh: 10787.617495459537
EM finished after 13 iterations.
Optimal phi: 0. Optimal nu: 0.2826745459389933. Optimal nllh: 10787.617495459537
Optimal point found for initial point 1
Numerical optimization finished successfully
Tree height pre-scaling: 0.6956782088644599, input timescale: 1.0
Tree height after scaling: 1.0, mutation rate: 0.6956782088644599
Tree height pre-scaling: 0.695678209117272, input timescale: 1.0
Tree height after scaling: 1.0, mutation rate: 0.695678209117272
Tree height pre-scaling: 0.6956782090075189, input timescale: 1.0
Tree height after scaling: 1.0, mutation rate: 0.6956782090075189
Tree height pre-scaling: 0.695678209161946, input timescale: 1.0
Tree height after scaling: 1.0, mutation rate: 0.695678209161946
Tree height pre-scaling: 0.6956782100270271, input timescale: 1.0
Tree height after scaling: 1.0, mutation rate: 0.6956782100270271
Tree height pre-scaling: 0.6956782091548446, input timescale: 1.0
Tree height after scaling: 1.0, mutation rate: 0.6956782091548446
Tree height pre-scaling: 0.6956782092458305, input timescale: 1.0
Tree height after scaling: 1.0, mutation rate: 0.6956782092458305
Tree height pre-scaling: 0.6956782090667923, input timescale: 1.0
Tree height after scaling: 1.0, mutation rate: 0.6956782090667923
Tree height pre-scaling: 0.6956782089652294, input timescale: 1.0
Tree height after scaling: 1.0, mutation rate: 0.6956782089652294
Tree height pre-scaling: 0.6956782085725123, input timescale: 1.0
Tree height after scaling: 1.0, mutation rate: 0.6956782085725123
Tree height pre-scaling: 0.6956782091843953, input timescale: 1.0
Tree height after scaling: 1.0, mutation rate: 0.6956782091843953
Tree height pre-scaling: 0.6956782091968077, input timescale: 1.0
Tree height after scaling: 1.0, mutation rate: 0.6956782091968077
Tree height pre-scaling: 0.6956782087998186, input timescale: 1.0
Tree height after scaling: 0.9999999999999998, mutation rate: 0.6956782087998186
Tree height pre-scaling: 0.6956782090314179, input timescale: 1.0
Tree height after scaling: 1.0, mutation rate: 0.6956782090314179
Tree height pre-scaling: 0.6956782089035214, input timescale: 1.0
Tree height after scaling: 1.0, mutation rate: 0.6956782089035214
Tree height pre-scaling: 0.6956782085487997, input timescale: 1.0
Tree height after scaling: 1.0000000000000002, mutation rate: 0.6956782085487997
Tree height pre-scaling: 0.6956782090448078, input timescale: 1.0
Tree height after scaling: 1.0, mutation rate: 0.6956782090448078
Runtime (s): 6.965056583
