Launching LAML version 0.0.4
LAML was called as follows: /Users/uym2/my_gits/LAML/run_laml.py -c ../../evaluation/Bar10/Bar10_character_matrix.txt -t place_outlier4/augmented_tree_500.nwk -o place_outlier4/augmented_tree_500_optimized -v -p ../../evaluation/Bar10/Bar10_priors.pickle --delimiter tab -m -1 --nInitials 1
Prior keys mismatch with site names.
Prior keys: [0, 1, 2, 3, 4, 5, 6, 7, 8, 9, 10, 11, 12, 13, 14, 15, 16, 17, 18, 19, 20, 21, 22, 23, 24, 25, 26, 27, 28, 29]
Site names: ['r1', 'r2', 'r3', 'r4', 'r5', 'r6', 'r7', 'r8', 'r9', 'r10', 'r11', 'r12', 'r13', 'r14', 'r15', 'r16', 'r17', 'r18', 'r19', 'r20', 'r21', 'r22', 'r23', 'r24', 'r25', 'r26', 'r27', 'r28', 'r29', 'r30']
Attempting to infer mapping between site names and prior keys...
{'r1': 0, 'r2': 1, 'r3': 2, 'r4': 3, 'r5': 4, 'r6': 5, 'r7': 6, 'r8': 7, 'r9': 8, 'r10': 9, 'r11': 10, 'r12': 11, 'r13': 12, 'r14': 13, 'r15': 14, 'r16': 15, 'r17': 16, 'r18': 17, 'r19': 18, 'r20': 19, 'r21': 20, 'r22': 21, 'r23': 22, 'r24': 23, 'r25': 24, 'r26': 25, 'r27': 26, 'r28': 27, 'r29': 28, 'r30': 29}
Optimizing branch lengths, phi, and nu without topology search
Optimization by EM algorithm
Optimization start with 1 initials
Initial point 1. Random seed: 4821
Numerical optimization started with ultrametric constraint (default)
Initial phi: 0. Initial nu: 0.26955655566205877. Initial nllh: 13710.978044178912
Starting EM iter: 1
Estep
Estep runtime (s): 0.10778021812438965
Mstep
Optimizing phi
Optimizing branch lengths. Current phi: 0. Current nu:0.26955655566205877
Optimizing nu
Mstep runtime (s): 0.3466627597808838
Finished EM iter: 1. Current nllh: 10920.002794552094
Starting EM iter: 2
Estep
Estep runtime (s): 0.14923810958862305
Mstep
Optimizing phi
Optimizing branch lengths. Current phi: 0. Current nu:0.28206734176698495
Optimizing nu
Mstep runtime (s): 0.29575490951538086
Finished EM iter: 2. Current nllh: 10893.27266408503
Starting EM iter: 3
Estep
Estep runtime (s): 0.15249109268188477
Mstep
Optimizing phi
Optimizing branch lengths. Current phi: 0. Current nu:0.2825765237864631
Optimizing nu
Mstep runtime (s): 0.3520216941833496
Finished EM iter: 3. Current nllh: 10891.510967908642
Starting EM iter: 4
Estep
Estep runtime (s): 0.14939641952514648
Mstep
Optimizing phi
Optimizing branch lengths. Current phi: 0. Current nu:0.28216240646482865
Optimizing nu
Mstep runtime (s): 0.3453707695007324
Finished EM iter: 4. Current nllh: 10891.276365226893
Starting EM iter: 5
Estep
Estep runtime (s): 0.1504969596862793
Mstep
Optimizing phi
Optimizing branch lengths. Current phi: 0. Current nu:0.2820594425056577
Optimizing nu
Mstep runtime (s): 0.3252689838409424
Finished EM iter: 5. Current nllh: 10891.20143748731
Starting EM iter: 6
Estep
Estep runtime (s): 0.14953899383544922
Mstep
Optimizing phi
Optimizing branch lengths. Current phi: 0. Current nu:0.28210055940725287
Optimizing nu
Mstep runtime (s): 0.3160371780395508
Finished EM iter: 6. Current nllh: 10891.164700449579
Starting EM iter: 7
Estep
Estep runtime (s): 0.15070414543151855
Mstep
Optimizing phi
Optimizing branch lengths. Current phi: 0. Current nu:0.2821726578697956
Optimizing nu
Mstep runtime (s): 0.32346296310424805
Finished EM iter: 7. Current nllh: 10891.153039360099
Starting EM iter: 8
Estep
Estep runtime (s): 0.14983606338500977
Mstep
Optimizing phi
Optimizing branch lengths. Current phi: 0. Current nu:0.28223321079907865
Optimizing nu
Mstep runtime (s): 0.28280091285705566
Finished EM iter: 8. Current nllh: 10891.146431385778
Starting EM iter: 9
Estep
Estep runtime (s): 0.1508471965789795
Mstep
Optimizing phi
Optimizing branch lengths. Current phi: 0. Current nu:0.2822836042193568
Optimizing nu
Mstep runtime (s): 0.296771764755249
Finished EM iter: 9. Current nllh: 10891.142119408622
Starting EM iter: 10
Estep
Estep runtime (s): 0.14991378784179688
Mstep
Optimizing phi
Optimizing branch lengths. Current phi: 0. Current nu:0.2823206586123542
Optimizing nu
Mstep runtime (s): 0.2955920696258545
Finished EM iter: 10. Current nllh: 10891.139286521666
Starting EM iter: 11
Estep
Estep runtime (s): 0.1613912582397461
Mstep
Optimizing phi
Optimizing branch lengths. Current phi: 0. Current nu:0.2823483163029054
Optimizing nu
Mstep runtime (s): 0.3071269989013672
Finished EM iter: 11. Current nllh: 10891.137353194485
Starting EM iter: 12
Estep
Estep runtime (s): 0.1499321460723877
Mstep
Optimizing phi
Optimizing branch lengths. Current phi: 0. Current nu:0.2823697215761503
Optimizing nu
Mstep runtime (s): 0.3385601043701172
Finished EM iter: 12. Current nllh: 10891.136027454253
Starting EM iter: 13
Estep
Estep runtime (s): 0.15094995498657227
Mstep
Optimizing phi
Optimizing branch lengths. Current phi: 0. Current nu:0.28238521454313836
Optimizing nu
Mstep runtime (s): 0.38353395462036133
Finished EM iter: 13. Current nllh: 10891.135083734378
Starting EM iter: 14
Estep
Estep runtime (s): 0.15185785293579102
Mstep
Optimizing phi
Optimizing branch lengths. Current phi: 0. Current nu:0.2823975482779829
Optimizing nu
Mstep runtime (s): 0.2996699810028076
Finished EM iter: 14. Current nllh: 10891.134392624423
Starting EM iter: 15
Estep
Estep runtime (s): 0.14996790885925293
Mstep
Optimizing phi
Optimizing branch lengths. Current phi: 0. Current nu:0.2824076969867551
Optimizing nu
Mstep runtime (s): 0.3055129051208496
Finished EM iter: 15. Current nllh: 10891.133867880035
Starting EM iter: 16
Estep
Estep runtime (s): 0.15094208717346191
Mstep
Optimizing phi
Optimizing branch lengths. Current phi: 0. Current nu:0.2824156910661586
Optimizing nu
Mstep runtime (s): 0.3051772117614746
Finished EM iter: 16. Current nllh: 10891.13332208242
Starting EM iter: 17
Estep
Estep runtime (s): 0.15021276473999023
Mstep
Optimizing phi
Optimizing branch lengths. Current phi: 0. Current nu:0.2824236968620441
Optimizing nu
Mstep runtime (s): 0.2817363739013672
Finished EM iter: 17. Current nllh: 10891.133170547417
Starting EM iter: 18
Estep
Estep runtime (s): 0.1510169506072998
Mstep
Optimizing phi
Optimizing branch lengths. Current phi: 0. Current nu:0.2824274145017856
Optimizing nu
Mstep runtime (s): 0.29253506660461426
Finished EM iter: 18. Current nllh: 10891.132979827225
Starting EM iter: 19
Estep
Estep runtime (s): 0.15440893173217773
Mstep
Optimizing phi
Optimizing branch lengths. Current phi: 0. Current nu:0.2824308311782758
Optimizing nu
Mstep runtime (s): 0.32267284393310547
Finished EM iter: 19. Current nllh: 10891.132811722242
Starting EM iter: 20
Estep
Estep runtime (s): 0.15244579315185547
Mstep
Optimizing phi
Optimizing branch lengths. Current phi: 0. Current nu:0.2824343478252747
Optimizing nu
Mstep runtime (s): 0.3136627674102783
Finished EM iter: 20. Current nllh: 10891.132686469073
Starting EM iter: 21
Estep
Estep runtime (s): 0.15023326873779297
Mstep
Optimizing phi
Optimizing branch lengths. Current phi: 0. Current nu:0.28243679766615437
Optimizing nu
Mstep runtime (s): 0.35441017150878906
Finished EM iter: 21. Current nllh: 10891.132533182592
Starting EM iter: 22
Estep
Estep runtime (s): 0.15090203285217285
Mstep
Optimizing phi
Optimizing branch lengths. Current phi: 0. Current nu:0.2824385243850473
Optimizing nu
Mstep runtime (s): 0.31119394302368164
Finished EM iter: 22. Current nllh: 10891.132514054627
EM finished after 22 iterations.
Optimal phi: 0. Optimal nu: 0.28244102197221527. Optimal nllh: 10891.132514054627
Optimal point found for initial point 1
Numerical optimization finished successfully
Tree height pre-scaling: 0.6943104316890475, input timescale: 1.0
Tree height after scaling: 0.9999999999999999, mutation rate: 0.6943104316890475
Tree height pre-scaling: 0.6943104316187205, input timescale: 1.0
Tree height after scaling: 0.9999999999999999, mutation rate: 0.6943104316187205
Tree height pre-scaling: 0.6943104317447196, input timescale: 1.0
Tree height after scaling: 1.0, mutation rate: 0.6943104317447196
Tree height pre-scaling: 0.6943104317373026, input timescale: 1.0
Tree height after scaling: 1.0, mutation rate: 0.6943104317373026
Tree height pre-scaling: 0.6943104317467553, input timescale: 1.0
Tree height after scaling: 1.0, mutation rate: 0.6943104317467553
Tree height pre-scaling: 0.6943104317170286, input timescale: 1.0
Tree height after scaling: 1.0, mutation rate: 0.6943104317170286
Tree height pre-scaling: 0.6943104317218002, input timescale: 1.0
Tree height after scaling: 1.0, mutation rate: 0.6943104317218002
Tree height pre-scaling: 0.6943104316096044, input timescale: 1.0
Tree height after scaling: 1.0, mutation rate: 0.6943104316096044
Tree height pre-scaling: 0.6943104317224702, input timescale: 1.0
Tree height after scaling: 1.0, mutation rate: 0.6943104317224702
Tree height pre-scaling: 0.6943104316802129, input timescale: 1.0
Tree height after scaling: 1.0, mutation rate: 0.6943104316802129
Tree height pre-scaling: 0.6943104317734126, input timescale: 1.0
Tree height after scaling: 1.0, mutation rate: 0.6943104317734126
Tree height pre-scaling: 0.6943104316619095, input timescale: 1.0
Tree height after scaling: 0.9999999999999999, mutation rate: 0.6943104316619095
Tree height pre-scaling: 0.6943104319797221, input timescale: 1.0
Tree height after scaling: 1.0, mutation rate: 0.6943104319797221
Tree height pre-scaling: 0.6943104317777107, input timescale: 1.0
Tree height after scaling: 1.0, mutation rate: 0.6943104317777107
Tree height pre-scaling: 0.6943104316914408, input timescale: 1.0
Tree height after scaling: 1.0, mutation rate: 0.6943104316914408
Tree height pre-scaling: 0.6943104318202026, input timescale: 1.0
Tree height after scaling: 1.0, mutation rate: 0.6943104318202026
Tree height pre-scaling: 0.694310431745234, input timescale: 1.0
Tree height after scaling: 1.0, mutation rate: 0.694310431745234
Runtime (s): 11.483275542
