Launching LAML version 0.0.4
LAML was called as follows: /Users/uym2/my_gits/LAML/run_laml.py -c ../../evaluation/Bar10/Bar10_character_matrix.txt -t place_outlier4/augmented_tree_335.nwk -o place_outlier4/augmented_tree_335_optimized -v -p ../../evaluation/Bar10/Bar10_priors.pickle --delimiter tab -m -1 --nInitials 1
Prior keys mismatch with site names.
Prior keys: [0, 1, 2, 3, 4, 5, 6, 7, 8, 9, 10, 11, 12, 13, 14, 15, 16, 17, 18, 19, 20, 21, 22, 23, 24, 25, 26, 27, 28, 29]
Site names: ['r1', 'r2', 'r3', 'r4', 'r5', 'r6', 'r7', 'r8', 'r9', 'r10', 'r11', 'r12', 'r13', 'r14', 'r15', 'r16', 'r17', 'r18', 'r19', 'r20', 'r21', 'r22', 'r23', 'r24', 'r25', 'r26', 'r27', 'r28', 'r29', 'r30']
Attempting to infer mapping between site names and prior keys...
{'r1': 0, 'r2': 1, 'r3': 2, 'r4': 3, 'r5': 4, 'r6': 5, 'r7': 6, 'r8': 7, 'r9': 8, 'r10': 9, 'r11': 10, 'r12': 11, 'r13': 12, 'r14': 13, 'r15': 14, 'r16': 15, 'r17': 16, 'r18': 17, 'r19': 18, 'r20': 19, 'r21': 20, 'r22': 21, 'r23': 22, 'r24': 23, 'r25': 24, 'r26': 25, 'r27': 26, 'r28': 27, 'r29': 28, 'r30': 29}
Optimizing branch lengths, phi, and nu without topology search
Optimization by EM algorithm
Optimization start with 1 initials
Initial point 1. Random seed: 1705
Numerical optimization started with ultrametric constraint (default)
Initial phi: 0. Initial nu: 0.26955655566205877. Initial nllh: 13339.886729352731
Starting EM iter: 1
Estep
Estep runtime (s): 0.1100149154663086
Mstep
Optimizing phi
Optimizing branch lengths. Current phi: 0. Current nu:0.26955655566205877
Optimizing nu
Mstep runtime (s): 0.3198552131652832
Finished EM iter: 1. Current nllh: 10774.013044014764
Starting EM iter: 2
Estep
Estep runtime (s): 0.14731979370117188
Mstep
Optimizing phi
Optimizing branch lengths. Current phi: 0. Current nu:0.28713581646004116
Optimizing nu
Mstep runtime (s): 0.33688879013061523
Finished EM iter: 2. Current nllh: 10749.662546522743
Starting EM iter: 3
Estep
Estep runtime (s): 0.1475050449371338
Mstep
Optimizing phi
Optimizing branch lengths. Current phi: 0. Current nu:0.2905181428136009
Optimizing nu
Mstep runtime (s): 0.33982372283935547
Finished EM iter: 3. Current nllh: 10747.80279943371
Starting EM iter: 4
Estep
Estep runtime (s): 0.14801573753356934
Mstep
Optimizing phi
Optimizing branch lengths. Current phi: 0. Current nu:0.291245575686988
Optimizing nu
Mstep runtime (s): 0.297238826751709
Finished EM iter: 4. Current nllh: 10747.55888604671
Starting EM iter: 5
Estep
Estep runtime (s): 0.14787006378173828
Mstep
Optimizing phi
Optimizing branch lengths. Current phi: 0. Current nu:0.29156383500074695
Optimizing nu
Mstep runtime (s): 0.2877469062805176
Finished EM iter: 5. Current nllh: 10747.48394993696
Starting EM iter: 6
Estep
Estep runtime (s): 0.14771008491516113
Mstep
Optimizing phi
Optimizing branch lengths. Current phi: 0. Current nu:0.2917552634250787
Optimizing nu
Mstep runtime (s): 0.31095385551452637
Finished EM iter: 6. Current nllh: 10747.459215644692
Starting EM iter: 7
Estep
Estep runtime (s): 0.14818596839904785
Mstep
Optimizing phi
Optimizing branch lengths. Current phi: 0. Current nu:0.29187253126309276
Optimizing nu
Mstep runtime (s): 0.32686805725097656
Finished EM iter: 7. Current nllh: 10747.446893657876
Starting EM iter: 8
Estep
Estep runtime (s): 0.14823293685913086
Mstep
Optimizing phi
Optimizing branch lengths. Current phi: 0. Current nu:0.2919536318169383
Optimizing nu
Mstep runtime (s): 0.31808996200561523
Finished EM iter: 8. Current nllh: 10747.439878278263
Starting EM iter: 9
Estep
Estep runtime (s): 0.14809012413024902
Mstep
Optimizing phi
Optimizing branch lengths. Current phi: 0. Current nu:0.2920112461061063
Optimizing nu
Mstep runtime (s): 0.31130099296569824
Finished EM iter: 9. Current nllh: 10747.435444478464
Starting EM iter: 10
Estep
Estep runtime (s): 0.1482219696044922
Mstep
Optimizing phi
Optimizing branch lengths. Current phi: 0. Current nu:0.29205172908889293
Optimizing nu
Mstep runtime (s): 0.3008451461791992
Finished EM iter: 10. Current nllh: 10747.43255784253
Starting EM iter: 11
Estep
Estep runtime (s): 0.14846110343933105
Mstep
Optimizing phi
Optimizing branch lengths. Current phi: 0. Current nu:0.292080858384522
Optimizing nu
Mstep runtime (s): 0.32056212425231934
Finished EM iter: 11. Current nllh: 10747.430591793582
Starting EM iter: 12
Estep
Estep runtime (s): 0.1483309268951416
Mstep
Optimizing phi
Optimizing branch lengths. Current phi: 0. Current nu:0.2921031015296237
Optimizing nu
Mstep runtime (s): 0.28496718406677246
Finished EM iter: 12. Current nllh: 10747.429200090299
Starting EM iter: 13
Estep
Estep runtime (s): 0.14833402633666992
Mstep
Optimizing phi
Optimizing branch lengths. Current phi: 0. Current nu:0.2921202968007539
Optimizing nu
Mstep runtime (s): 0.3647580146789551
Finished EM iter: 13. Current nllh: 10747.428205441027
Starting EM iter: 14
Estep
Estep runtime (s): 0.14821696281433105
Mstep
Optimizing phi
Optimizing branch lengths. Current phi: 0. Current nu:0.2921333764231002
Optimizing nu
Mstep runtime (s): 0.30501389503479004
Finished EM iter: 14. Current nllh: 10747.427467260119
Starting EM iter: 15
Estep
Estep runtime (s): 0.14852094650268555
Mstep
Optimizing phi
Optimizing branch lengths. Current phi: 0. Current nu:0.29214426246834013
Optimizing nu
Mstep runtime (s): 0.2745232582092285
Finished EM iter: 15. Current nllh: 10747.426907935806
Starting EM iter: 16
Estep
Estep runtime (s): 0.1485450267791748
Mstep
Optimizing phi
Optimizing branch lengths. Current phi: 0. Current nu:0.2921529557019249
Optimizing nu
Mstep runtime (s): 0.29445981979370117
Finished EM iter: 16. Current nllh: 10747.426492475948
Starting EM iter: 17
Estep
Estep runtime (s): 0.1485130786895752
Mstep
Optimizing phi
Optimizing branch lengths. Current phi: 0. Current nu:0.29215960078596837
Optimizing nu
Mstep runtime (s): 0.3088092803955078
Finished EM iter: 17. Current nllh: 10747.426171616817
Starting EM iter: 18
Estep
Estep runtime (s): 0.14850616455078125
Mstep
Optimizing phi
Optimizing branch lengths. Current phi: 0. Current nu:0.29216534581984127
Optimizing nu
Mstep runtime (s): 0.2903280258178711
Finished EM iter: 18. Current nllh: 10747.425916844733
Starting EM iter: 19
Estep
Estep runtime (s): 0.14852309226989746
Mstep
Optimizing phi
Optimizing branch lengths. Current phi: 0. Current nu:0.29217016424587394
Optimizing nu
Mstep runtime (s): 0.31871604919433594
Finished EM iter: 19. Current nllh: 10747.425546192911
Starting EM iter: 20
Estep
Estep runtime (s): 0.14861416816711426
Mstep
Optimizing phi
Optimizing branch lengths. Current phi: 0. Current nu:0.2921737673447492
Optimizing nu
Mstep runtime (s): 0.29781007766723633
Finished EM iter: 20. Current nllh: 10747.425577561371
EM finished after 20 iterations.
Optimal phi: 0. Optimal nu: 0.29217686843794394. Optimal nllh: 10747.425577561371
Optimal point found for initial point 1
Numerical optimization finished successfully
Tree height pre-scaling: 0.6903406108041458, input timescale: 1.0
Tree height after scaling: 1.0, mutation rate: 0.6903406108041458
Tree height pre-scaling: 0.690340610893945, input timescale: 1.0
Tree height after scaling: 0.9999999999999999, mutation rate: 0.690340610893945
Tree height pre-scaling: 0.6903406108553849, input timescale: 1.0
Tree height after scaling: 0.9999999999999998, mutation rate: 0.6903406108553849
Tree height pre-scaling: 0.6903406108226855, input timescale: 1.0
Tree height after scaling: 1.0, mutation rate: 0.6903406108226855
Tree height pre-scaling: 0.6903406106887335, input timescale: 1.0
Tree height after scaling: 1.0, mutation rate: 0.6903406106887335
Tree height pre-scaling: 0.6903406108899179, input timescale: 1.0
Tree height after scaling: 0.9999999999999999, mutation rate: 0.6903406108899179
Tree height pre-scaling: 0.6903406108772594, input timescale: 1.0
Tree height after scaling: 1.0, mutation rate: 0.6903406108772594
Tree height pre-scaling: 0.6903406108926321, input timescale: 1.0
Tree height after scaling: 1.0, mutation rate: 0.6903406108926321
Tree height pre-scaling: 0.6903406108512757, input timescale: 1.0
Tree height after scaling: 0.9999999999999999, mutation rate: 0.6903406108512757
Tree height pre-scaling: 0.6903406108513147, input timescale: 1.0
Tree height after scaling: 1.0, mutation rate: 0.6903406108513147
Tree height pre-scaling: 0.6903406106867084, input timescale: 1.0
Tree height after scaling: 1.0, mutation rate: 0.6903406106867084
Tree height pre-scaling: 0.6903406108435454, input timescale: 1.0
Tree height after scaling: 1.0, mutation rate: 0.6903406108435454
Tree height pre-scaling: 0.6903406107953408, input timescale: 1.0
Tree height after scaling: 1.0, mutation rate: 0.6903406107953408
Tree height pre-scaling: 0.6903406109307035, input timescale: 1.0
Tree height after scaling: 1.0, mutation rate: 0.6903406109307035
Tree height pre-scaling: 0.6903406107486304, input timescale: 1.0
Tree height after scaling: 1.0, mutation rate: 0.6903406107486304
Tree height pre-scaling: 0.6903406112740982, input timescale: 1.0
Tree height after scaling: 1.0, mutation rate: 0.6903406112740982
Tree height pre-scaling: 0.6903406111122774, input timescale: 1.0
Tree height after scaling: 1.0, mutation rate: 0.6903406111122774
Runtime (s): 10.246329416
