Launching LAML version 0.0.4
LAML was called as follows: /Users/uym2/my_gits/LAML/run_laml.py -c ../../evaluation/Bar10/Bar10_character_matrix.txt -t place_outlier4/augmented_tree_467.nwk -o place_outlier4/augmented_tree_467_optimized -v -p ../../evaluation/Bar10/Bar10_priors.pickle --delimiter tab -m -1 --nInitials 1
Prior keys mismatch with site names.
Prior keys: [0, 1, 2, 3, 4, 5, 6, 7, 8, 9, 10, 11, 12, 13, 14, 15, 16, 17, 18, 19, 20, 21, 22, 23, 24, 25, 26, 27, 28, 29]
Site names: ['r1', 'r2', 'r3', 'r4', 'r5', 'r6', 'r7', 'r8', 'r9', 'r10', 'r11', 'r12', 'r13', 'r14', 'r15', 'r16', 'r17', 'r18', 'r19', 'r20', 'r21', 'r22', 'r23', 'r24', 'r25', 'r26', 'r27', 'r28', 'r29', 'r30']
Attempting to infer mapping between site names and prior keys...
{'r1': 0, 'r2': 1, 'r3': 2, 'r4': 3, 'r5': 4, 'r6': 5, 'r7': 6, 'r8': 7, 'r9': 8, 'r10': 9, 'r11': 10, 'r12': 11, 'r13': 12, 'r14': 13, 'r15': 14, 'r16': 15, 'r17': 16, 'r18': 17, 'r19': 18, 'r20': 19, 'r21': 20, 'r22': 21, 'r23': 22, 'r24': 23, 'r25': 24, 'r26': 25, 'r27': 26, 'r28': 27, 'r29': 28, 'r30': 29}
Optimizing branch lengths, phi, and nu without topology search
Optimization by EM algorithm
Optimization start with 1 initials
Initial point 1. Random seed: 5934
Numerical optimization started with ultrametric constraint (default)
Initial phi: 0. Initial nu: 0.26955655566205877. Initial nllh: 13852.877867086232
Starting EM iter: 1
Estep
Estep runtime (s): 0.10799980163574219
Mstep
Optimizing phi
Optimizing branch lengths. Current phi: 0. Current nu:0.26955655566205877
Optimizing nu
Mstep runtime (s): 0.3148820400238037
Finished EM iter: 1. Current nllh: 11143.799431879172
Starting EM iter: 2
Estep
Estep runtime (s): 0.1476888656616211
Mstep
Optimizing phi
Optimizing branch lengths. Current phi: 0. Current nu:0.2861523500992516
Optimizing nu
Mstep runtime (s): 0.2962839603424072
Finished EM iter: 2. Current nllh: 11106.46611380638
Starting EM iter: 3
Estep
Estep runtime (s): 0.1476449966430664
Mstep
Optimizing phi
Optimizing branch lengths. Current phi: 0. Current nu:0.28860100494766733
Optimizing nu
Mstep runtime (s): 0.33526015281677246
Finished EM iter: 3. Current nllh: 11103.964516748181
Starting EM iter: 4
Estep
Estep runtime (s): 0.1537489891052246
Mstep
Optimizing phi
Optimizing branch lengths. Current phi: 0. Current nu:0.2887235352673254
Optimizing nu
Mstep runtime (s): 0.2865447998046875
Finished EM iter: 4. Current nllh: 11103.61926760606
Starting EM iter: 5
Estep
Estep runtime (s): 0.1476118564605713
Mstep
Optimizing phi
Optimizing branch lengths. Current phi: 0. Current nu:0.28883410508762497
Optimizing nu
Mstep runtime (s): 0.28533291816711426
Finished EM iter: 5. Current nllh: 11103.544743108358
Starting EM iter: 6
Estep
Estep runtime (s): 0.1474611759185791
Mstep
Optimizing phi
Optimizing branch lengths. Current phi: 0. Current nu:0.2889469018217682
Optimizing nu
Mstep runtime (s): 0.2882838249206543
Finished EM iter: 6. Current nllh: 11103.516588927974
Starting EM iter: 7
Estep
Estep runtime (s): 0.14761805534362793
Mstep
Optimizing phi
Optimizing branch lengths. Current phi: 0. Current nu:0.28904044616488683
Optimizing nu
Mstep runtime (s): 0.33121585845947266
Finished EM iter: 7. Current nllh: 11103.504466754759
Starting EM iter: 8
Estep
Estep runtime (s): 0.14774298667907715
Mstep
Optimizing phi
Optimizing branch lengths. Current phi: 0. Current nu:0.28910910840428355
Optimizing nu
Mstep runtime (s): 0.31209611892700195
Finished EM iter: 8. Current nllh: 11103.497401884191
Starting EM iter: 9
Estep
Estep runtime (s): 0.1478440761566162
Mstep
Optimizing phi
Optimizing branch lengths. Current phi: 0. Current nu:0.2891615957592444
Optimizing nu
Mstep runtime (s): 0.32515811920166016
Finished EM iter: 9. Current nllh: 11103.492840137485
Starting EM iter: 10
Estep
Estep runtime (s): 0.1479320526123047
Mstep
Optimizing phi
Optimizing branch lengths. Current phi: 0. Current nu:0.2892003147620357
Optimizing nu
Mstep runtime (s): 0.288754940032959
Finished EM iter: 10. Current nllh: 11103.489821007726
Starting EM iter: 11
Estep
Estep runtime (s): 0.14803385734558105
Mstep
Optimizing phi
Optimizing branch lengths. Current phi: 0. Current nu:0.2892289172541741
Optimizing nu
Mstep runtime (s): 0.32942891120910645
Finished EM iter: 11. Current nllh: 11103.487623067385
Starting EM iter: 12
Estep
Estep runtime (s): 0.15089201927185059
Mstep
Optimizing phi
Optimizing branch lengths. Current phi: 0. Current nu:0.28924886889218804
Optimizing nu
Mstep runtime (s): 0.2899479866027832
Finished EM iter: 12. Current nllh: 11103.486352138547
Starting EM iter: 13
Estep
Estep runtime (s): 0.14809894561767578
Mstep
Optimizing phi
Optimizing branch lengths. Current phi: 0. Current nu:0.28926634320947897
Optimizing nu
Mstep runtime (s): 0.32805418968200684
Finished EM iter: 13. Current nllh: 11103.48529228803
Starting EM iter: 14
Estep
Estep runtime (s): 0.14841413497924805
Mstep
Optimizing phi
Optimizing branch lengths. Current phi: 0. Current nu:0.28927957375804175
Optimizing nu
Mstep runtime (s): 0.3178377151489258
Finished EM iter: 14. Current nllh: 11103.484528954375
Starting EM iter: 15
Estep
Estep runtime (s): 0.1479969024658203
Mstep
Optimizing phi
Optimizing branch lengths. Current phi: 0. Current nu:0.2892896384607402
Optimizing nu
Mstep runtime (s): 0.3198866844177246
Finished EM iter: 15. Current nllh: 11103.483787493773
Starting EM iter: 16
Estep
Estep runtime (s): 0.1484088897705078
Mstep
Optimizing phi
Optimizing branch lengths. Current phi: 0. Current nu:0.28929717501641555
Optimizing nu
Mstep runtime (s): 0.3098278045654297
Finished EM iter: 16. Current nllh: 11103.483530314936
Starting EM iter: 17
Estep
Estep runtime (s): 0.14831089973449707
Mstep
Optimizing phi
Optimizing branch lengths. Current phi: 0. Current nu:0.28930456241237146
Optimizing nu
Mstep runtime (s): 0.3712270259857178
Finished EM iter: 17. Current nllh: 11103.483190456067
Starting EM iter: 18
Estep
Estep runtime (s): 0.14874696731567383
Mstep
Optimizing phi
Optimizing branch lengths. Current phi: 0. Current nu:0.2893100594002908
Optimizing nu
Mstep runtime (s): 0.3383951187133789
Finished EM iter: 18. Current nllh: 11103.48293655925
Starting EM iter: 19
Estep
Estep runtime (s): 0.15246987342834473
Mstep
Optimizing phi
Optimizing branch lengths. Current phi: 0. Current nu:0.289314388013877
Optimizing nu
Mstep runtime (s): 0.31035304069519043
Finished EM iter: 19. Current nllh: 11103.482732489003
Starting EM iter: 20
Estep
Estep runtime (s): 0.14854788780212402
Mstep
Optimizing phi
Optimizing branch lengths. Current phi: 0. Current nu:0.289318299504882
Optimizing nu
Mstep runtime (s): 0.30834221839904785
Finished EM iter: 20. Current nllh: 11103.482579881547
Starting EM iter: 21
Estep
Estep runtime (s): 0.1483781337738037
Mstep
Optimizing phi
Optimizing branch lengths. Current phi: 0. Current nu:0.2893211120353744
Optimizing nu
Mstep runtime (s): 0.32449793815612793
Finished EM iter: 21. Current nllh: 11103.482455925467
Starting EM iter: 22
Estep
Estep runtime (s): 0.14855027198791504
Mstep
Optimizing phi
Optimizing branch lengths. Current phi: 0. Current nu:0.28932372838058035
Optimizing nu
Mstep runtime (s): 0.32016992568969727
Finished EM iter: 22. Current nllh: 11103.482094983168
Starting EM iter: 23
Estep
Estep runtime (s): 0.14832711219787598
Mstep
Optimizing phi
Optimizing branch lengths. Current phi: 0. Current nu:0.289326949038966
Optimizing nu
Mstep runtime (s): 0.3154177665710449
Finished EM iter: 23. Current nllh: 11103.482249500605
Starting EM iter: 24
Estep
Estep runtime (s): 0.14840197563171387
Mstep
Optimizing phi
Optimizing branch lengths. Current phi: 0. Current nu:0.2893282325201964
Optimizing nu
Mstep runtime (s): 0.28575897216796875
Finished EM iter: 24. Current nllh: 11103.482189376738
EM finished after 24 iterations.
Optimal phi: 0. Optimal nu: 0.2893298144593149. Optimal nllh: 11103.482189376738
Optimal point found for initial point 1
Numerical optimization finished successfully
Tree height pre-scaling: 0.6943965567640848, input timescale: 1.0
Tree height after scaling: 1.0, mutation rate: 0.6943965567640848
Tree height pre-scaling: 0.6943965567837849, input timescale: 1.0
Tree height after scaling: 1.0, mutation rate: 0.6943965567837849
Tree height pre-scaling: 0.6943965566435425, input timescale: 1.0
Tree height after scaling: 1.0, mutation rate: 0.6943965566435425
Tree height pre-scaling: 0.6943965568513795, input timescale: 1.0
Tree height after scaling: 1.0, mutation rate: 0.6943965568513795
Tree height pre-scaling: 0.6943965568329135, input timescale: 1.0
Tree height after scaling: 1.0000000000000002, mutation rate: 0.6943965568329135
Tree height pre-scaling: 0.6943965568533613, input timescale: 1.0
Tree height after scaling: 1.0, mutation rate: 0.6943965568533613
Tree height pre-scaling: 0.6943965568079473, input timescale: 1.0
Tree height after scaling: 1.0000000000000002, mutation rate: 0.6943965568079473
Tree height pre-scaling: 0.6943965568084512, input timescale: 1.0
Tree height after scaling: 1.0000000000000002, mutation rate: 0.6943965568084512
Tree height pre-scaling: 0.6943965566411183, input timescale: 1.0
Tree height after scaling: 0.9999999999999999, mutation rate: 0.6943965566411183
Tree height pre-scaling: 0.6943965568225648, input timescale: 1.0
Tree height after scaling: 1.0, mutation rate: 0.6943965568225648
Tree height pre-scaling: 0.6943965567519352, input timescale: 1.0
Tree height after scaling: 1.0, mutation rate: 0.6943965567519352
Tree height pre-scaling: 0.6943965568879509, input timescale: 1.0
Tree height after scaling: 1.0, mutation rate: 0.6943965568879509
Tree height pre-scaling: 0.6943965567104387, input timescale: 1.0
Tree height after scaling: 1.0000000000000002, mutation rate: 0.6943965567104387
Tree height pre-scaling: 0.6943965572085293, input timescale: 1.0
Tree height after scaling: 1.0, mutation rate: 0.6943965572085293
Tree height pre-scaling: 0.694396556903386, input timescale: 1.0
Tree height after scaling: 0.9999999999999999, mutation rate: 0.694396556903386
Tree height pre-scaling: 0.6943965567657508, input timescale: 1.0
Tree height after scaling: 0.9999999999999999, mutation rate: 0.6943965567657508
Tree height pre-scaling: 0.6943965569735453, input timescale: 1.0
Tree height after scaling: 1.0, mutation rate: 0.6943965569735453
Runtime (s): 12.324900750000001
