Launching LAML version 0.0.4
LAML was called as follows: /Users/uym2/my_gits/LAML/run_laml.py -c ../../evaluation/Bar10/Bar10_character_matrix.txt -t place_outlier4/augmented_tree_365.nwk -o place_outlier4/augmented_tree_365_optimized -v -p ../../evaluation/Bar10/Bar10_priors.pickle --delimiter tab -m -1 --nInitials 1
Prior keys mismatch with site names.
Prior keys: [0, 1, 2, 3, 4, 5, 6, 7, 8, 9, 10, 11, 12, 13, 14, 15, 16, 17, 18, 19, 20, 21, 22, 23, 24, 25, 26, 27, 28, 29]
Site names: ['r1', 'r2', 'r3', 'r4', 'r5', 'r6', 'r7', 'r8', 'r9', 'r10', 'r11', 'r12', 'r13', 'r14', 'r15', 'r16', 'r17', 'r18', 'r19', 'r20', 'r21', 'r22', 'r23', 'r24', 'r25', 'r26', 'r27', 'r28', 'r29', 'r30']
Attempting to infer mapping between site names and prior keys...
{'r1': 0, 'r2': 1, 'r3': 2, 'r4': 3, 'r5': 4, 'r6': 5, 'r7': 6, 'r8': 7, 'r9': 8, 'r10': 9, 'r11': 10, 'r12': 11, 'r13': 12, 'r14': 13, 'r15': 14, 'r16': 15, 'r17': 16, 'r18': 17, 'r19': 18, 'r20': 19, 'r21': 20, 'r22': 21, 'r23': 22, 'r24': 23, 'r25': 24, 'r26': 25, 'r27': 26, 'r28': 27, 'r29': 28, 'r30': 29}
Optimizing branch lengths, phi, and nu without topology search
Optimization by EM algorithm
Optimization start with 1 initials
Initial point 1. Random seed: 9632
Numerical optimization started with ultrametric constraint (default)
Initial phi: 0. Initial nu: 0.26955655566205877. Initial nllh: 13338.044112540729
Starting EM iter: 1
Estep
Estep runtime (s): 0.1123049259185791
Mstep
Optimizing phi
Optimizing branch lengths. Current phi: 0. Current nu:0.26955655566205877
Optimizing nu
Mstep runtime (s): 0.35563087463378906
Finished EM iter: 1. Current nllh: 10796.604768517951
Starting EM iter: 2
Estep
Estep runtime (s): 0.14891314506530762
Mstep
Optimizing phi
Optimizing branch lengths. Current phi: 0. Current nu:0.27779177315301024
Optimizing nu
Mstep runtime (s): 0.36051297187805176
Finished EM iter: 2. Current nllh: 10781.266789794274
Starting EM iter: 3
Estep
Estep runtime (s): 0.14945387840270996
Mstep
Optimizing phi
Optimizing branch lengths. Current phi: 0. Current nu:0.2792947343834948
Optimizing nu
Mstep runtime (s): 0.3314487934112549
Finished EM iter: 3. Current nllh: 10780.07660502588
Starting EM iter: 4
Estep
Estep runtime (s): 0.149155855178833
Mstep
Optimizing phi
Optimizing branch lengths. Current phi: 0. Current nu:0.2797560003895152
Optimizing nu
Mstep runtime (s): 0.28818321228027344
Finished EM iter: 4. Current nllh: 10779.841526886774
Starting EM iter: 5
Estep
Estep runtime (s): 0.14931583404541016
Mstep
Optimizing phi
Optimizing branch lengths. Current phi: 0. Current nu:0.28003175755988574
Optimizing nu
Mstep runtime (s): 0.31374311447143555
Finished EM iter: 5. Current nllh: 10779.754022904497
Starting EM iter: 6
Estep
Estep runtime (s): 0.14919400215148926
Mstep
Optimizing phi
Optimizing branch lengths. Current phi: 0. Current nu:0.28021060002729997
Optimizing nu
Mstep runtime (s): 0.3078138828277588
Finished EM iter: 6. Current nllh: 10779.713142544277
Starting EM iter: 7
Estep
Estep runtime (s): 0.1494603157043457
Mstep
Optimizing phi
Optimizing branch lengths. Current phi: 0. Current nu:0.28032302465197234
Optimizing nu
Mstep runtime (s): 0.2863149642944336
Finished EM iter: 7. Current nllh: 10779.699888741554
Starting EM iter: 8
Estep
Estep runtime (s): 0.14951300621032715
Mstep
Optimizing phi
Optimizing branch lengths. Current phi: 0. Current nu:0.2803948628787077
Optimizing nu
Mstep runtime (s): 0.3002150058746338
Finished EM iter: 8. Current nllh: 10779.693803544498
Starting EM iter: 9
Estep
Estep runtime (s): 0.14969420433044434
Mstep
Optimizing phi
Optimizing branch lengths. Current phi: 0. Current nu:0.28044430151405403
Optimizing nu
Mstep runtime (s): 0.3339378833770752
Finished EM iter: 9. Current nllh: 10779.690033224748
Starting EM iter: 10
Estep
Estep runtime (s): 0.1496272087097168
Mstep
Optimizing phi
Optimizing branch lengths. Current phi: 0. Current nu:0.2804803259081359
Optimizing nu
Mstep runtime (s): 0.294022798538208
Finished EM iter: 10. Current nllh: 10779.687580256339
Starting EM iter: 11
Estep
Estep runtime (s): 0.14970755577087402
Mstep
Optimizing phi
Optimizing branch lengths. Current phi: 0. Current nu:0.28050658450000604
Optimizing nu
Mstep runtime (s): 0.2906467914581299
Finished EM iter: 11. Current nllh: 10779.685929137999
Starting EM iter: 12
Estep
Estep runtime (s): 0.14972901344299316
Mstep
Optimizing phi
Optimizing branch lengths. Current phi: 0. Current nu:0.2805262098069253
Optimizing nu
Mstep runtime (s): 0.34438300132751465
Finished EM iter: 12. Current nllh: 10779.684747682839
Starting EM iter: 13
Estep
Estep runtime (s): 0.14969897270202637
Mstep
Optimizing phi
Optimizing branch lengths. Current phi: 0. Current nu:0.28054005187786485
Optimizing nu
Mstep runtime (s): 0.36730003356933594
Finished EM iter: 13. Current nllh: 10779.683919071418
Starting EM iter: 14
Estep
Estep runtime (s): 0.14991211891174316
Mstep
Optimizing phi
Optimizing branch lengths. Current phi: 0. Current nu:0.2805511491035729
Optimizing nu
Mstep runtime (s): 0.3675389289855957
Finished EM iter: 14. Current nllh: 10779.68335304716
Starting EM iter: 15
Estep
Estep runtime (s): 0.15036964416503906
Mstep
Optimizing phi
Optimizing branch lengths. Current phi: 0. Current nu:0.28056011547166554
Optimizing nu
Mstep runtime (s): 0.30271291732788086
Finished EM iter: 15. Current nllh: 10779.682982735394
Starting EM iter: 16
Estep
Estep runtime (s): 0.15058684349060059
Mstep
Optimizing phi
Optimizing branch lengths. Current phi: 0. Current nu:0.28056832200253157
Optimizing nu
Mstep runtime (s): 0.3464648723602295
Finished EM iter: 16. Current nllh: 10779.68258003206
Starting EM iter: 17
Estep
Estep runtime (s): 0.1499171257019043
Mstep
Optimizing phi
Optimizing branch lengths. Current phi: 0. Current nu:0.2805731967486007
Optimizing nu
Mstep runtime (s): 0.30535197257995605
Finished EM iter: 17. Current nllh: 10779.6824061269
Starting EM iter: 18
Estep
Estep runtime (s): 0.1501328945159912
Mstep
Optimizing phi
Optimizing branch lengths. Current phi: 0. Current nu:0.28057877058765623
Optimizing nu
Mstep runtime (s): 0.2924349308013916
Finished EM iter: 18. Current nllh: 10779.682208355189
Starting EM iter: 19
Estep
Estep runtime (s): 0.1501450538635254
Mstep
Optimizing phi
Optimizing branch lengths. Current phi: 0. Current nu:0.28058232553534174
Optimizing nu
Mstep runtime (s): 0.3552980422973633
Finished EM iter: 19. Current nllh: 10779.682057592408
Starting EM iter: 20
Estep
Estep runtime (s): 0.15032291412353516
Mstep
Optimizing phi
Optimizing branch lengths. Current phi: 0. Current nu:0.2805856429168365
Optimizing nu
Mstep runtime (s): 0.30999088287353516
Finished EM iter: 20. Current nllh: 10779.681935031285
Starting EM iter: 21
Estep
Estep runtime (s): 0.15012812614440918
Mstep
Optimizing phi
Optimizing branch lengths. Current phi: 0. Current nu:0.2805882729119658
Optimizing nu
Mstep runtime (s): 0.3023359775543213
Finished EM iter: 21. Current nllh: 10779.681842077427
EM finished after 21 iterations.
Optimal phi: 0. Optimal nu: 0.28059044074692036. Optimal nllh: 10779.681842077427
Optimal point found for initial point 1
Numerical optimization finished successfully
Tree height pre-scaling: 0.6942751675320672, input timescale: 1.0
Tree height after scaling: 1.0, mutation rate: 0.6942751675320672
Tree height pre-scaling: 0.6942751676022592, input timescale: 1.0
Tree height after scaling: 0.9999999999999999, mutation rate: 0.6942751676022592
Tree height pre-scaling: 0.694275167545618, input timescale: 1.0
Tree height after scaling: 1.0, mutation rate: 0.694275167545618
Tree height pre-scaling: 0.6942751674575537, input timescale: 1.0
Tree height after scaling: 1.0, mutation rate: 0.6942751674575537
Tree height pre-scaling: 0.6942751675888368, input timescale: 1.0
Tree height after scaling: 1.0, mutation rate: 0.6942751675888368
Tree height pre-scaling: 0.694275167581297, input timescale: 1.0
Tree height after scaling: 0.9999999999999998, mutation rate: 0.694275167581297
Tree height pre-scaling: 0.6942751675904889, input timescale: 1.0
Tree height after scaling: 1.0, mutation rate: 0.6942751675904889
Tree height pre-scaling: 0.6942751675629617, input timescale: 1.0
Tree height after scaling: 0.9999999999999999, mutation rate: 0.6942751675629617
Tree height pre-scaling: 0.6942751675635769, input timescale: 1.0
Tree height after scaling: 0.9999999999999999, mutation rate: 0.6942751675635769
Tree height pre-scaling: 0.6942751674567187, input timescale: 1.0
Tree height after scaling: 1.0, mutation rate: 0.6942751674567187
Tree height pre-scaling: 0.6942751675568312, input timescale: 1.0
Tree height after scaling: 1.0, mutation rate: 0.6942751675568312
Tree height pre-scaling: 0.694275167526817, input timescale: 1.0
Tree height after scaling: 1.0, mutation rate: 0.694275167526817
Tree height pre-scaling: 0.6942751676185772, input timescale: 1.0
Tree height after scaling: 1.0, mutation rate: 0.6942751676185772
Tree height pre-scaling: 0.6942751674967044, input timescale: 1.0
Tree height after scaling: 1.0, mutation rate: 0.6942751674967044
Tree height pre-scaling: 0.694275167850087, input timescale: 1.0
Tree height after scaling: 1.0, mutation rate: 0.694275167850087
Tree height pre-scaling: 0.6942751676220663, input timescale: 1.0
Tree height after scaling: 1.0, mutation rate: 0.6942751676220663
Tree height pre-scaling: 0.6942751675674683, input timescale: 1.0
Tree height after scaling: 1.0, mutation rate: 0.6942751675674683
Runtime (s): 11.01909475
