Launching LAML version 0.0.4
LAML was called as follows: /Users/uym2/my_gits/LAML/run_laml.py -c ../../evaluation/Bar10/Bar10_character_matrix.txt -t place_outlier4/augmented_tree_225.nwk -o place_outlier4/augmented_tree_225_optimized -v -p ../../evaluation/Bar10/Bar10_priors.pickle --delimiter tab -m -1 --nInitials 1
Prior keys mismatch with site names.
Prior keys: [0, 1, 2, 3, 4, 5, 6, 7, 8, 9, 10, 11, 12, 13, 14, 15, 16, 17, 18, 19, 20, 21, 22, 23, 24, 25, 26, 27, 28, 29]
Site names: ['r1', 'r2', 'r3', 'r4', 'r5', 'r6', 'r7', 'r8', 'r9', 'r10', 'r11', 'r12', 'r13', 'r14', 'r15', 'r16', 'r17', 'r18', 'r19', 'r20', 'r21', 'r22', 'r23', 'r24', 'r25', 'r26', 'r27', 'r28', 'r29', 'r30']
Attempting to infer mapping between site names and prior keys...
{'r1': 0, 'r2': 1, 'r3': 2, 'r4': 3, 'r5': 4, 'r6': 5, 'r7': 6, 'r8': 7, 'r9': 8, 'r10': 9, 'r11': 10, 'r12': 11, 'r13': 12, 'r14': 13, 'r15': 14, 'r16': 15, 'r17': 16, 'r18': 17, 'r19': 18, 'r20': 19, 'r21': 20, 'r22': 21, 'r23': 22, 'r24': 23, 'r25': 24, 'r26': 25, 'r27': 26, 'r28': 27, 'r29': 28, 'r30': 29}
Optimizing branch lengths, phi, and nu without topology search
Optimization by EM algorithm
Optimization start with 1 initials
Initial point 1. Random seed: 9532
Numerical optimization started with ultrametric constraint (default)
Initial phi: 0. Initial nu: 0.26955655566205877. Initial nllh: 13448.369773455828
Starting EM iter: 1
Estep
Estep runtime (s): 0.10988593101501465
Mstep
Optimizing phi
Optimizing branch lengths. Current phi: 0. Current nu:0.26955655566205877
Optimizing nu
Mstep runtime (s): 0.3231468200683594
Finished EM iter: 1. Current nllh: 10873.589300538155
Starting EM iter: 2
Estep
Estep runtime (s): 0.15169310569763184
Mstep
Optimizing phi
Optimizing branch lengths. Current phi: 0. Current nu:0.281540649642525
Optimizing nu
Mstep runtime (s): 0.27515411376953125
Finished EM iter: 2. Current nllh: 10850.56203599331
Starting EM iter: 3
Estep
Estep runtime (s): 0.15120697021484375
Mstep
Optimizing phi
Optimizing branch lengths. Current phi: 0. Current nu:0.2835446206727331
Optimizing nu
Mstep runtime (s): 0.31316709518432617
Finished EM iter: 3. Current nllh: 10849.26873689677
Starting EM iter: 4
Estep
Estep runtime (s): 0.15214204788208008
Mstep
Optimizing phi
Optimizing branch lengths. Current phi: 0. Current nu:0.28412321648488664
Optimizing nu
Mstep runtime (s): 0.2883870601654053
Finished EM iter: 4. Current nllh: 10849.055821573476
Starting EM iter: 5
Estep
Estep runtime (s): 0.15168190002441406
Mstep
Optimizing phi
Optimizing branch lengths. Current phi: 0. Current nu:0.2844350706906498
Optimizing nu
Mstep runtime (s): 0.33495378494262695
Finished EM iter: 5. Current nllh: 10848.989147717133
Starting EM iter: 6
Estep
Estep runtime (s): 0.15224099159240723
Mstep
Optimizing phi
Optimizing branch lengths. Current phi: 0. Current nu:0.2846209376537601
Optimizing nu
Mstep runtime (s): 0.3900899887084961
Finished EM iter: 6. Current nllh: 10848.970685111557
Starting EM iter: 7
Estep
Estep runtime (s): 0.15173101425170898
Mstep
Optimizing phi
Optimizing branch lengths. Current phi: 0. Current nu:0.2847345519799603
Optimizing nu
Mstep runtime (s): 0.28670740127563477
Finished EM iter: 7. Current nllh: 10848.960846824568
Starting EM iter: 8
Estep
Estep runtime (s): 0.15198397636413574
Mstep
Optimizing phi
Optimizing branch lengths. Current phi: 0. Current nu:0.2848094874656462
Optimizing nu
Mstep runtime (s): 0.2883579730987549
Finished EM iter: 8. Current nllh: 10848.955051828465
Starting EM iter: 9
Estep
Estep runtime (s): 0.1517648696899414
Mstep
Optimizing phi
Optimizing branch lengths. Current phi: 0. Current nu:0.2848608989983951
Optimizing nu
Mstep runtime (s): 0.32193517684936523
Finished EM iter: 9. Current nllh: 10848.95142315933
Starting EM iter: 10
Estep
Estep runtime (s): 0.1522808074951172
Mstep
Optimizing phi
Optimizing branch lengths. Current phi: 0. Current nu:0.28489696855347707
Optimizing nu
Mstep runtime (s): 0.30588722229003906
Finished EM iter: 10. Current nllh: 10848.948969544514
Starting EM iter: 11
Estep
Estep runtime (s): 0.152022123336792
Mstep
Optimizing phi
Optimizing branch lengths. Current phi: 0. Current nu:0.28492250314634804
Optimizing nu
Mstep runtime (s): 0.5073192119598389
Finished EM iter: 11. Current nllh: 10848.947439250487
Starting EM iter: 12
Estep
Estep runtime (s): 0.15264177322387695
Mstep
Optimizing phi
Optimizing branch lengths. Current phi: 0. Current nu:0.28494236278474144
Optimizing nu
Mstep runtime (s): 0.3925750255584717
Finished EM iter: 12. Current nllh: 10848.9463018358
Starting EM iter: 13
Estep
Estep runtime (s): 0.15215086936950684
Mstep
Optimizing phi
Optimizing branch lengths. Current phi: 0. Current nu:0.28495723708108833
Optimizing nu
Mstep runtime (s): 0.35233092308044434
Finished EM iter: 13. Current nllh: 10848.945509437632
Starting EM iter: 14
Estep
Estep runtime (s): 0.15205788612365723
Mstep
Optimizing phi
Optimizing branch lengths. Current phi: 0. Current nu:0.28496686987562825
Optimizing nu
Mstep runtime (s): 0.4445500373840332
Finished EM iter: 14. Current nllh: 10848.944952520902
Starting EM iter: 15
Estep
Estep runtime (s): 0.15299725532531738
Mstep
Optimizing phi
Optimizing branch lengths. Current phi: 0. Current nu:0.28497582829032536
Optimizing nu
Mstep runtime (s): 0.32698822021484375
Finished EM iter: 15. Current nllh: 10848.944490920005
Starting EM iter: 16
Estep
Estep runtime (s): 0.15219688415527344
Mstep
Optimizing phi
Optimizing branch lengths. Current phi: 0. Current nu:0.2849843112103732
Optimizing nu
Mstep runtime (s): 0.32706308364868164
Finished EM iter: 16. Current nllh: 10848.94413896094
Starting EM iter: 17
Estep
Estep runtime (s): 0.152940034866333
Mstep
Optimizing phi
Optimizing branch lengths. Current phi: 0. Current nu:0.284990194132729
Optimizing nu
Mstep runtime (s): 0.36218810081481934
Finished EM iter: 17. Current nllh: 10848.94387052551
Starting EM iter: 18
Estep
Estep runtime (s): 0.15221691131591797
Mstep
Optimizing phi
Optimizing branch lengths. Current phi: 0. Current nu:0.2849953166396793
Optimizing nu
Mstep runtime (s): 0.3708369731903076
Finished EM iter: 18. Current nllh: 10848.94369436088
Starting EM iter: 19
Estep
Estep runtime (s): 0.15237879753112793
Mstep
Optimizing phi
Optimizing branch lengths. Current phi: 0. Current nu:0.2849979012046799
Optimizing nu
Mstep runtime (s): 0.294813871383667
Finished EM iter: 19. Current nllh: 10848.943541890154
Starting EM iter: 20
Estep
Estep runtime (s): 0.15204977989196777
Mstep
Optimizing phi
Optimizing branch lengths. Current phi: 0. Current nu:0.2850020035970331
Optimizing nu
Mstep runtime (s): 0.3265819549560547
Finished EM iter: 20. Current nllh: 10848.943393710355
Starting EM iter: 21
Estep
Estep runtime (s): 0.15271902084350586
Mstep
Optimizing phi
Optimizing branch lengths. Current phi: 0. Current nu:0.2850050523207886
Optimizing nu
Mstep runtime (s): 0.33795619010925293
Finished EM iter: 21. Current nllh: 10848.943298989812
EM finished after 21 iterations.
Optimal phi: 0. Optimal nu: 0.2850070251680487. Optimal nllh: 10848.943298989812
Optimal point found for initial point 1
Numerical optimization finished successfully
Tree height pre-scaling: 0.6855336472426015, input timescale: 1.0
Tree height after scaling: 1.0, mutation rate: 0.6855336472426015
Tree height pre-scaling: 0.6855336473664786, input timescale: 1.0
Tree height after scaling: 1.0, mutation rate: 0.6855336473664786
Tree height pre-scaling: 0.6855336473054636, input timescale: 1.0
Tree height after scaling: 1.0, mutation rate: 0.6855336473054636
Tree height pre-scaling: 0.685533647382419, input timescale: 1.0
Tree height after scaling: 0.9999999999999998, mutation rate: 0.685533647382419
Tree height pre-scaling: 0.6855336477154166, input timescale: 1.0
Tree height after scaling: 1.0, mutation rate: 0.6855336477154166
Tree height pre-scaling: 0.6855336472749312, input timescale: 1.0
Tree height after scaling: 1.0, mutation rate: 0.6855336472749312
Tree height pre-scaling: 0.6855336471284342, input timescale: 1.0
Tree height after scaling: 1.0, mutation rate: 0.6855336471284342
Tree height pre-scaling: 0.6855336473401024, input timescale: 1.0
Tree height after scaling: 1.0, mutation rate: 0.6855336473401024
Tree height pre-scaling: 0.6855336473308108, input timescale: 1.0
Tree height after scaling: 0.9999999999999999, mutation rate: 0.6855336473308108
Tree height pre-scaling: 0.6855336473386382, input timescale: 1.0
Tree height after scaling: 1.0, mutation rate: 0.6855336473386382
Tree height pre-scaling: 0.685533647297671, input timescale: 1.0
Tree height after scaling: 0.9999999999999999, mutation rate: 0.685533647297671
Tree height pre-scaling: 0.6855336473003499, input timescale: 1.0
Tree height after scaling: 1.0, mutation rate: 0.6855336473003499
Tree height pre-scaling: 0.685533647126364, input timescale: 1.0
Tree height after scaling: 1.0, mutation rate: 0.685533647126364
Tree height pre-scaling: 0.6855336472844817, input timescale: 1.0
Tree height after scaling: 1.0, mutation rate: 0.6855336472844817
Tree height pre-scaling: 0.6855336472388085, input timescale: 1.0
Tree height after scaling: 1.0, mutation rate: 0.6855336472388085
Tree height pre-scaling: 0.6855336473975983, input timescale: 1.0
Tree height after scaling: 1.0, mutation rate: 0.6855336473975983
Tree height pre-scaling: 0.6855336470889417, input timescale: 1.0
Tree height after scaling: 1.0, mutation rate: 0.6855336470889417
Runtime (s): 11.495733625
