Launching LAML version 0.0.4
LAML was called as follows: /Users/uym2/my_gits/LAML/run_laml.py -c ../../evaluation/Bar10/Bar10_character_matrix.txt -t place_outlier4/augmented_tree_404.nwk -o place_outlier4/augmented_tree_404_optimized -v -p ../../evaluation/Bar10/Bar10_priors.pickle --delimiter tab -m -1 --nInitials 1
Prior keys mismatch with site names.
Prior keys: [0, 1, 2, 3, 4, 5, 6, 7, 8, 9, 10, 11, 12, 13, 14, 15, 16, 17, 18, 19, 20, 21, 22, 23, 24, 25, 26, 27, 28, 29]
Site names: ['r1', 'r2', 'r3', 'r4', 'r5', 'r6', 'r7', 'r8', 'r9', 'r10', 'r11', 'r12', 'r13', 'r14', 'r15', 'r16', 'r17', 'r18', 'r19', 'r20', 'r21', 'r22', 'r23', 'r24', 'r25', 'r26', 'r27', 'r28', 'r29', 'r30']
Attempting to infer mapping between site names and prior keys...
{'r1': 0, 'r2': 1, 'r3': 2, 'r4': 3, 'r5': 4, 'r6': 5, 'r7': 6, 'r8': 7, 'r9': 8, 'r10': 9, 'r11': 10, 'r12': 11, 'r13': 12, 'r14': 13, 'r15': 14, 'r16': 15, 'r17': 16, 'r18': 17, 'r19': 18, 'r20': 19, 'r21': 20, 'r22': 21, 'r23': 22, 'r24': 23, 'r25': 24, 'r26': 25, 'r27': 26, 'r28': 27, 'r29': 28, 'r30': 29}
Optimizing branch lengths, phi, and nu without topology search
Optimization by EM algorithm
Optimization start with 1 initials
Initial point 1. Random seed: 5804
Numerical optimization started with ultrametric constraint (default)
Initial phi: 0. Initial nu: 0.26955655566205877. Initial nllh: 13458.554887567552
Starting EM iter: 1
Estep
Estep runtime (s): 0.10906481742858887
Mstep
Optimizing phi
Optimizing branch lengths. Current phi: 0. Current nu:0.26955655566205877
Optimizing nu
Mstep runtime (s): 0.3514597415924072
Finished EM iter: 1. Current nllh: 10942.51474182231
Starting EM iter: 2
Estep
Estep runtime (s): 0.14687371253967285
Mstep
Optimizing phi
Optimizing branch lengths. Current phi: 0. Current nu:0.2830989709382532
Optimizing nu
Mstep runtime (s): 0.3898458480834961
Finished EM iter: 2. Current nllh: 10900.665594324264
Starting EM iter: 3
Estep
Estep runtime (s): 0.14779114723205566
Mstep
Optimizing phi
Optimizing branch lengths. Current phi: 0. Current nu:0.2835462671546509
Optimizing nu
Mstep runtime (s): 0.3287951946258545
Finished EM iter: 3. Current nllh: 10898.175890969133
Starting EM iter: 4
Estep
Estep runtime (s): 0.14723801612854004
Mstep
Optimizing phi
Optimizing branch lengths. Current phi: 0. Current nu:0.2829711073438071
Optimizing nu
Mstep runtime (s): 0.3304929733276367
Finished EM iter: 4. Current nllh: 10897.843246795905
Starting EM iter: 5
Estep
Estep runtime (s): 0.14748907089233398
Mstep
Optimizing phi
Optimizing branch lengths. Current phi: 0. Current nu:0.2828604901854977
Optimizing nu
Mstep runtime (s): 0.28163671493530273
Finished EM iter: 5. Current nllh: 10897.775434055766
Starting EM iter: 6
Estep
Estep runtime (s): 0.14733099937438965
Mstep
Optimizing phi
Optimizing branch lengths. Current phi: 0. Current nu:0.2829030768954352
Optimizing nu
Mstep runtime (s): 0.3721938133239746
Finished EM iter: 6. Current nllh: 10897.750274265865
Starting EM iter: 7
Estep
Estep runtime (s): 0.14737629890441895
Mstep
Optimizing phi
Optimizing branch lengths. Current phi: 0. Current nu:0.2829730879139316
Optimizing nu
Mstep runtime (s): 0.41170525550842285
Finished EM iter: 7. Current nllh: 10897.739507759865
Starting EM iter: 8
Estep
Estep runtime (s): 0.14761900901794434
Mstep
Optimizing phi
Optimizing branch lengths. Current phi: 0. Current nu:0.283034892205517
Optimizing nu
Mstep runtime (s): 0.2966172695159912
Finished EM iter: 8. Current nllh: 10897.733033710201
Starting EM iter: 9
Estep
Estep runtime (s): 0.14771580696105957
Mstep
Optimizing phi
Optimizing branch lengths. Current phi: 0. Current nu:0.28308326472391215
Optimizing nu
Mstep runtime (s): 0.29168009757995605
Finished EM iter: 9. Current nllh: 10897.728912548
Starting EM iter: 10
Estep
Estep runtime (s): 0.1475660800933838
Mstep
Optimizing phi
Optimizing branch lengths. Current phi: 0. Current nu:0.28311978510102603
Optimizing nu
Mstep runtime (s): 0.3463921546936035
Finished EM iter: 10. Current nllh: 10897.726197542921
Starting EM iter: 11
Estep
Estep runtime (s): 0.14742112159729004
Mstep
Optimizing phi
Optimizing branch lengths. Current phi: 0. Current nu:0.2831468389063156
Optimizing nu
Mstep runtime (s): 0.32200193405151367
Finished EM iter: 11. Current nllh: 10897.724241870686
Starting EM iter: 12
Estep
Estep runtime (s): 0.1475660800933838
Mstep
Optimizing phi
Optimizing branch lengths. Current phi: 0. Current nu:0.283167812008555
Optimizing nu
Mstep runtime (s): 0.3923509120941162
Finished EM iter: 12. Current nllh: 10897.722924629252
Starting EM iter: 13
Estep
Estep runtime (s): 0.14772915840148926
Mstep
Optimizing phi
Optimizing branch lengths. Current phi: 0. Current nu:0.2831839491406643
Optimizing nu
Mstep runtime (s): 0.3930470943450928
Finished EM iter: 13. Current nllh: 10897.722002051678
Starting EM iter: 14
Estep
Estep runtime (s): 0.14813899993896484
Mstep
Optimizing phi
Optimizing branch lengths. Current phi: 0. Current nu:0.28319634288816314
Optimizing nu
Mstep runtime (s): 0.33882880210876465
Finished EM iter: 14. Current nllh: 10897.721397630707
Starting EM iter: 15
Estep
Estep runtime (s): 0.1482999324798584
Mstep
Optimizing phi
Optimizing branch lengths. Current phi: 0. Current nu:0.28320527372051674
Optimizing nu
Mstep runtime (s): 0.3062598705291748
Finished EM iter: 15. Current nllh: 10897.720822069043
Starting EM iter: 16
Estep
Estep runtime (s): 0.1478271484375
Mstep
Optimizing phi
Optimizing branch lengths. Current phi: 0. Current nu:0.2832136366289822
Optimizing nu
Mstep runtime (s): 0.3206949234008789
Finished EM iter: 16. Current nllh: 10897.720576889262
Starting EM iter: 17
Estep
Estep runtime (s): 0.14780616760253906
Mstep
Optimizing phi
Optimizing branch lengths. Current phi: 0. Current nu:0.28321931963643815
Optimizing nu
Mstep runtime (s): 0.3142869472503662
Finished EM iter: 17. Current nllh: 10897.720161942987
Starting EM iter: 18
Estep
Estep runtime (s): 0.14786100387573242
Mstep
Optimizing phi
Optimizing branch lengths. Current phi: 0. Current nu:0.28322500984292936
Optimizing nu
Mstep runtime (s): 0.30231714248657227
Finished EM iter: 18. Current nllh: 10897.720075840718
EM finished after 18 iterations.
Optimal phi: 0. Optimal nu: 0.28322863409675425. Optimal nllh: 10897.720075840718
Optimal point found for initial point 1
Numerical optimization finished successfully
Tree height pre-scaling: 0.6880164933068063, input timescale: 1.0
Tree height after scaling: 1.0, mutation rate: 0.6880164933068063
Tree height pre-scaling: 0.6880164933287651, input timescale: 1.0
Tree height after scaling: 1.0, mutation rate: 0.6880164933287651
Tree height pre-scaling: 0.6880164932093209, input timescale: 1.0
Tree height after scaling: 1.0, mutation rate: 0.6880164932093209
Tree height pre-scaling: 0.6880164933856926, input timescale: 1.0
Tree height after scaling: 1.0, mutation rate: 0.6880164933856926
Tree height pre-scaling: 0.6880164933759554, input timescale: 1.0
Tree height after scaling: 1.0, mutation rate: 0.6880164933759554
Tree height pre-scaling: 0.6880164933870776, input timescale: 1.0
Tree height after scaling: 1.0, mutation rate: 0.6880164933870776
Tree height pre-scaling: 0.6880164933498589, input timescale: 1.0
Tree height after scaling: 1.0, mutation rate: 0.6880164933498589
Tree height pre-scaling: 0.6880164933507069, input timescale: 1.0
Tree height after scaling: 0.9999999999999999, mutation rate: 0.6880164933507069
Tree height pre-scaling: 0.688016493210112, input timescale: 1.0
Tree height after scaling: 1.0, mutation rate: 0.688016493210112
Tree height pre-scaling: 0.6880164933401803, input timescale: 1.0
Tree height after scaling: 1.0, mutation rate: 0.6880164933401803
Tree height pre-scaling: 0.688016493301795, input timescale: 1.0
Tree height after scaling: 1.0, mutation rate: 0.688016493301795
Tree height pre-scaling: 0.6880164934277039, input timescale: 1.0
Tree height after scaling: 1.0, mutation rate: 0.6880164934277039
Tree height pre-scaling: 0.6880164932620386, input timescale: 1.0
Tree height after scaling: 1.0, mutation rate: 0.6880164932620386
Tree height pre-scaling: 0.688016493749404, input timescale: 1.0
Tree height after scaling: 1.0, mutation rate: 0.688016493749404
Tree height pre-scaling: 0.6880164934317405, input timescale: 1.0
Tree height after scaling: 0.9999999999999999, mutation rate: 0.6880164934317405
Tree height pre-scaling: 0.688016493317086, input timescale: 1.0
Tree height after scaling: 1.0, mutation rate: 0.688016493317086
Tree height pre-scaling: 0.688016493340801, input timescale: 1.0
Tree height after scaling: 1.0, mutation rate: 0.688016493340801
Runtime (s): 9.736983
