Launching LAML version 0.0.4
LAML was called as follows: /Users/uym2/my_gits/LAML/run_laml.py -c ../../evaluation/Bar10/Bar10_character_matrix.txt -t place_outlier4/augmented_tree_440.nwk -o place_outlier4/augmented_tree_440_optimized -v -p ../../evaluation/Bar10/Bar10_priors.pickle --delimiter tab -m -1 --nInitials 1
Prior keys mismatch with site names.
Prior keys: [0, 1, 2, 3, 4, 5, 6, 7, 8, 9, 10, 11, 12, 13, 14, 15, 16, 17, 18, 19, 20, 21, 22, 23, 24, 25, 26, 27, 28, 29]
Site names: ['r1', 'r2', 'r3', 'r4', 'r5', 'r6', 'r7', 'r8', 'r9', 'r10', 'r11', 'r12', 'r13', 'r14', 'r15', 'r16', 'r17', 'r18', 'r19', 'r20', 'r21', 'r22', 'r23', 'r24', 'r25', 'r26', 'r27', 'r28', 'r29', 'r30']
Attempting to infer mapping between site names and prior keys...
{'r1': 0, 'r2': 1, 'r3': 2, 'r4': 3, 'r5': 4, 'r6': 5, 'r7': 6, 'r8': 7, 'r9': 8, 'r10': 9, 'r11': 10, 'r12': 11, 'r13': 12, 'r14': 13, 'r15': 14, 'r16': 15, 'r17': 16, 'r18': 17, 'r19': 18, 'r20': 19, 'r21': 20, 'r22': 21, 'r23': 22, 'r24': 23, 'r25': 24, 'r26': 25, 'r27': 26, 'r28': 27, 'r29': 28, 'r30': 29}
Optimizing branch lengths, phi, and nu without topology search
Optimization by EM algorithm
Optimization start with 1 initials
Initial point 1. Random seed: 3743
Numerical optimization started with ultrametric constraint (default)
Initial phi: 0. Initial nu: 0.26955655566205877. Initial nllh: 13465.164146526526
Starting EM iter: 1
Estep
Estep runtime (s): 0.1104128360748291
Mstep
Optimizing phi
Optimizing branch lengths. Current phi: 0. Current nu:0.26955655566205877
Optimizing nu
Mstep runtime (s): 0.3564169406890869
Finished EM iter: 1. Current nllh: 10826.170932706125
Starting EM iter: 2
Estep
Estep runtime (s): 0.14872407913208008
Mstep
Optimizing phi
Optimizing branch lengths. Current phi: 0. Current nu:0.2801745103368181
Optimizing nu
Mstep runtime (s): 0.5228028297424316
Finished EM iter: 2. Current nllh: 10790.973548828459
Starting EM iter: 3
Estep
Estep runtime (s): 0.14898300170898438
Mstep
Optimizing phi
Optimizing branch lengths. Current phi: 0. Current nu:0.28040009626437007
Optimizing nu
Mstep runtime (s): 0.3190121650695801
Finished EM iter: 3. Current nllh: 10788.750586062362
Starting EM iter: 4
Estep
Estep runtime (s): 0.14936232566833496
Mstep
Optimizing phi
Optimizing branch lengths. Current phi: 0. Current nu:0.27976879483917766
Optimizing nu
Mstep runtime (s): 0.3222928047180176
Finished EM iter: 4. Current nllh: 10788.428744848488
Starting EM iter: 5
Estep
Estep runtime (s): 0.14893698692321777
Mstep
Optimizing phi
Optimizing branch lengths. Current phi: 0. Current nu:0.2796461393308744
Optimizing nu
Mstep runtime (s): 0.32784318923950195
Finished EM iter: 5. Current nllh: 10788.362275638407
Starting EM iter: 6
Estep
Estep runtime (s): 0.14980292320251465
Mstep
Optimizing phi
Optimizing branch lengths. Current phi: 0. Current nu:0.2796887421151604
Optimizing nu
Mstep runtime (s): 0.31012487411499023
Finished EM iter: 6. Current nllh: 10788.33796023236
Starting EM iter: 7
Estep
Estep runtime (s): 0.14943194389343262
Mstep
Optimizing phi
Optimizing branch lengths. Current phi: 0. Current nu:0.27975623182706977
Optimizing nu
Mstep runtime (s): 0.3004300594329834
Finished EM iter: 7. Current nllh: 10788.327683800615
Starting EM iter: 8
Estep
Estep runtime (s): 0.14901280403137207
Mstep
Optimizing phi
Optimizing branch lengths. Current phi: 0. Current nu:0.27981587616519177
Optimizing nu
Mstep runtime (s): 0.29001784324645996
Finished EM iter: 8. Current nllh: 10788.32155061563
Starting EM iter: 9
Estep
Estep runtime (s): 0.1495497226715088
Mstep
Optimizing phi
Optimizing branch lengths. Current phi: 0. Current nu:0.2798634005759408
Optimizing nu
Mstep runtime (s): 0.3419311046600342
Finished EM iter: 9. Current nllh: 10788.31768785661
Starting EM iter: 10
Estep
Estep runtime (s): 0.1491248607635498
Mstep
Optimizing phi
Optimizing branch lengths. Current phi: 0. Current nu:0.27989834184047196
Optimizing nu
Mstep runtime (s): 0.36745595932006836
Finished EM iter: 10. Current nllh: 10788.315142692947
Starting EM iter: 11
Estep
Estep runtime (s): 0.15467095375061035
Mstep
Optimizing phi
Optimizing branch lengths. Current phi: 0. Current nu:0.2799248419238085
Optimizing nu
Mstep runtime (s): 0.2948141098022461
Finished EM iter: 11. Current nllh: 10788.313399492792
Starting EM iter: 12
Estep
Estep runtime (s): 0.14990687370300293
Mstep
Optimizing phi
Optimizing branch lengths. Current phi: 0. Current nu:0.27994537583213513
Optimizing nu
Mstep runtime (s): 0.335705041885376
Finished EM iter: 12. Current nllh: 10788.31220827045
Starting EM iter: 13
Estep
Estep runtime (s): 0.1492931842803955
Mstep
Optimizing phi
Optimizing branch lengths. Current phi: 0. Current nu:0.2799600689478161
Optimizing nu
Mstep runtime (s): 0.32921504974365234
Finished EM iter: 13. Current nllh: 10788.31128085726
Starting EM iter: 14
Estep
Estep runtime (s): 0.14931464195251465
Mstep
Optimizing phi
Optimizing branch lengths. Current phi: 0. Current nu:0.2799733098636068
Optimizing nu
Mstep runtime (s): 0.3051891326904297
Finished EM iter: 14. Current nllh: 10788.310732561062
Starting EM iter: 15
Estep
Estep runtime (s): 0.14953398704528809
Mstep
Optimizing phi
Optimizing branch lengths. Current phi: 0. Current nu:0.2799817348490699
Optimizing nu
Mstep runtime (s): 0.40076327323913574
Finished EM iter: 15. Current nllh: 10788.31030289838
Starting EM iter: 16
Estep
Estep runtime (s): 0.1502068042755127
Mstep
Optimizing phi
Optimizing branch lengths. Current phi: 0. Current nu:0.27998862732815555
Optimizing nu
Mstep runtime (s): 0.3194708824157715
Finished EM iter: 16. Current nllh: 10788.309948610802
Starting EM iter: 17
Estep
Estep runtime (s): 0.1495809555053711
Mstep
Optimizing phi
Optimizing branch lengths. Current phi: 0. Current nu:0.2799948565843107
Optimizing nu
Mstep runtime (s): 0.32073426246643066
Finished EM iter: 17. Current nllh: 10788.309693752355
Starting EM iter: 18
Estep
Estep runtime (s): 0.14961028099060059
Mstep
Optimizing phi
Optimizing branch lengths. Current phi: 0. Current nu:0.2799997834451028
Optimizing nu
Mstep runtime (s): 0.37038707733154297
Finished EM iter: 18. Current nllh: 10788.309522869198
Starting EM iter: 19
Estep
Estep runtime (s): 0.1495521068572998
Mstep
Optimizing phi
Optimizing branch lengths. Current phi: 0. Current nu:0.28000349403532887
Optimizing nu
Mstep runtime (s): 0.3177480697631836
Finished EM iter: 19. Current nllh: 10788.309332395904
Starting EM iter: 20
Estep
Estep runtime (s): 0.1495192050933838
Mstep
Optimizing phi
Optimizing branch lengths. Current phi: 0. Current nu:0.28000728805984487
Optimizing nu
Mstep runtime (s): 0.3548150062561035
Finished EM iter: 20. Current nllh: 10788.309265427686
EM finished after 20 iterations.
Optimal phi: 0. Optimal nu: 0.2800093347479608. Optimal nllh: 10788.309265427686
Optimal point found for initial point 1
Numerical optimization finished successfully
Tree height pre-scaling: 0.6902627272449926, input timescale: 1.0
Tree height after scaling: 1.0, mutation rate: 0.6902627272449926
Tree height pre-scaling: 0.6902627341095003, input timescale: 1.0
Tree height after scaling: 1.0, mutation rate: 0.6902627341095003
Tree height pre-scaling: 0.6902626887415433, input timescale: 1.0
Tree height after scaling: 1.0000000000000002, mutation rate: 0.6902626887415433
Tree height pre-scaling: 0.6902627584665546, input timescale: 1.0
Tree height after scaling: 1.0, mutation rate: 0.6902627584665546
Tree height pre-scaling: 0.6902627542763642, input timescale: 1.0
Tree height after scaling: 1.0, mutation rate: 0.6902627542763642
Tree height pre-scaling: 0.6902627574988646, input timescale: 1.0
Tree height after scaling: 1.0, mutation rate: 0.6902627574988646
Tree height pre-scaling: 0.6902627440855315, input timescale: 1.0
Tree height after scaling: 1.0, mutation rate: 0.6902627440855315
Tree height pre-scaling: 0.6902627446146876, input timescale: 1.0
Tree height after scaling: 1.0, mutation rate: 0.6902627446146876
Tree height pre-scaling: 0.690262686982166, input timescale: 1.0
Tree height after scaling: 1.0, mutation rate: 0.690262686982166
Tree height pre-scaling: 0.6902627444720538, input timescale: 1.0
Tree height after scaling: 1.0, mutation rate: 0.6902627444720538
Tree height pre-scaling: 0.6902627247584089, input timescale: 1.0
Tree height after scaling: 1.0, mutation rate: 0.6902627247584089
Tree height pre-scaling: 0.690262774554111, input timescale: 1.0
Tree height after scaling: 1.0, mutation rate: 0.690262774554111
Tree height pre-scaling: 0.6902627087773032, input timescale: 1.0
Tree height after scaling: 1.0000000000000002, mutation rate: 0.6902627087773032
Tree height pre-scaling: 0.6902629008557657, input timescale: 1.0
Tree height after scaling: 1.0, mutation rate: 0.6902629008557657
Tree height pre-scaling: 0.6902627719804731, input timescale: 1.0
Tree height after scaling: 0.9999999999999999, mutation rate: 0.6902627719804731
Tree height pre-scaling: 0.6902627298399449, input timescale: 1.0
Tree height after scaling: 1.0, mutation rate: 0.6902627298399449
Tree height pre-scaling: 0.6902627418384096, input timescale: 1.0
Tree height after scaling: 0.9999999999999999, mutation rate: 0.6902627418384096
Runtime (s): 10.868410125
