Launching LAML version 0.0.4
LAML was called as follows: /Users/uym2/my_gits/LAML/run_laml.py -c ../../evaluation/Bar10/Bar10_character_matrix.txt -t place_outlier4/augmented_tree_515.nwk -o place_outlier4/augmented_tree_515_optimized -v -p ../../evaluation/Bar10/Bar10_priors.pickle --delimiter tab -m -1 --nInitials 1
Prior keys mismatch with site names.
Prior keys: [0, 1, 2, 3, 4, 5, 6, 7, 8, 9, 10, 11, 12, 13, 14, 15, 16, 17, 18, 19, 20, 21, 22, 23, 24, 25, 26, 27, 28, 29]
Site names: ['r1', 'r2', 'r3', 'r4', 'r5', 'r6', 'r7', 'r8', 'r9', 'r10', 'r11', 'r12', 'r13', 'r14', 'r15', 'r16', 'r17', 'r18', 'r19', 'r20', 'r21', 'r22', 'r23', 'r24', 'r25', 'r26', 'r27', 'r28', 'r29', 'r30']
Attempting to infer mapping between site names and prior keys...
{'r1': 0, 'r2': 1, 'r3': 2, 'r4': 3, 'r5': 4, 'r6': 5, 'r7': 6, 'r8': 7, 'r9': 8, 'r10': 9, 'r11': 10, 'r12': 11, 'r13': 12, 'r14': 13, 'r15': 14, 'r16': 15, 'r17': 16, 'r18': 17, 'r19': 18, 'r20': 19, 'r21': 20, 'r22': 21, 'r23': 22, 'r24': 23, 'r25': 24, 'r26': 25, 'r27': 26, 'r28': 27, 'r29': 28, 'r30': 29}
Optimizing branch lengths, phi, and nu without topology search
Optimization by EM algorithm
Optimization start with 1 initials
Initial point 1. Random seed: 4232
Numerical optimization started with ultrametric constraint (default)
Initial phi: 0. Initial nu: 0.26955655566205877. Initial nllh: 13098.223612478232
Starting EM iter: 1
Estep
Estep runtime (s): 0.11156201362609863
Mstep
Optimizing phi
Optimizing branch lengths. Current phi: 0. Current nu:0.26955655566205877
Optimizing nu
Mstep runtime (s): 0.31202101707458496
Finished EM iter: 1. Current nllh: 10774.072656154205
Starting EM iter: 2
Estep
Estep runtime (s): 0.1501147747039795
Mstep
Optimizing phi
Optimizing branch lengths. Current phi: 0. Current nu:0.28151795931470697
Optimizing nu
Mstep runtime (s): 0.29721498489379883
Finished EM iter: 2. Current nllh: 10747.840928148964
Starting EM iter: 3
Estep
Estep runtime (s): 0.1502089500427246
Mstep
Optimizing phi
Optimizing branch lengths. Current phi: 0. Current nu:0.2820447986208412
Optimizing nu
Mstep runtime (s): 0.3237612247467041
Finished EM iter: 3. Current nllh: 10745.061437284538
Starting EM iter: 4
Estep
Estep runtime (s): 0.1502547264099121
Mstep
Optimizing phi
Optimizing branch lengths. Current phi: 0. Current nu:0.28143483223889737
Optimizing nu
Mstep runtime (s): 0.3384110927581787
Finished EM iter: 4. Current nllh: 10744.83350689248
Starting EM iter: 5
Estep
Estep runtime (s): 0.15040993690490723
Mstep
Optimizing phi
Optimizing branch lengths. Current phi: 0. Current nu:0.2812582897792919
Optimizing nu
Mstep runtime (s): 0.3109931945800781
Finished EM iter: 5. Current nllh: 10744.759382255266
Starting EM iter: 6
Estep
Estep runtime (s): 0.15035700798034668
Mstep
Optimizing phi
Optimizing branch lengths. Current phi: 0. Current nu:0.2812920318778952
Optimizing nu
Mstep runtime (s): 0.2932891845703125
Finished EM iter: 6. Current nllh: 10744.722381584375
Starting EM iter: 7
Estep
Estep runtime (s): 0.15046191215515137
Mstep
Optimizing phi
Optimizing branch lengths. Current phi: 0. Current nu:0.2813679371813839
Optimizing nu
Mstep runtime (s): 0.29102087020874023
Finished EM iter: 7. Current nllh: 10744.710597932726
Starting EM iter: 8
Estep
Estep runtime (s): 0.15697979927062988
Mstep
Optimizing phi
Optimizing branch lengths. Current phi: 0. Current nu:0.2814331261937377
Optimizing nu
Mstep runtime (s): 0.31191205978393555
Finished EM iter: 8. Current nllh: 10744.703736539705
Starting EM iter: 9
Estep
Estep runtime (s): 0.15130996704101562
Mstep
Optimizing phi
Optimizing branch lengths. Current phi: 0. Current nu:0.2814844671290441
Optimizing nu
Mstep runtime (s): 0.2855501174926758
Finished EM iter: 9. Current nllh: 10744.69936677741
Starting EM iter: 10
Estep
Estep runtime (s): 0.15063691139221191
Mstep
Optimizing phi
Optimizing branch lengths. Current phi: 0. Current nu:0.28152278212841975
Optimizing nu
Mstep runtime (s): 0.32408690452575684
Finished EM iter: 10. Current nllh: 10744.696481241117
Starting EM iter: 11
Estep
Estep runtime (s): 0.15083098411560059
Mstep
Optimizing phi
Optimizing branch lengths. Current phi: 0. Current nu:0.281551832991804
Optimizing nu
Mstep runtime (s): 0.35335779190063477
Finished EM iter: 11. Current nllh: 10744.69453294628
Starting EM iter: 12
Estep
Estep runtime (s): 0.15076828002929688
Mstep
Optimizing phi
Optimizing branch lengths. Current phi: 0. Current nu:0.2815733855143705
Optimizing nu
Mstep runtime (s): 0.3740980625152588
Finished EM iter: 12. Current nllh: 10744.693177932135
Starting EM iter: 13
Estep
Estep runtime (s): 0.15062713623046875
Mstep
Optimizing phi
Optimizing branch lengths. Current phi: 0. Current nu:0.2815898441622811
Optimizing nu
Mstep runtime (s): 0.3573911190032959
Finished EM iter: 13. Current nllh: 10744.692234903874
Starting EM iter: 14
Estep
Estep runtime (s): 0.1510920524597168
Mstep
Optimizing phi
Optimizing branch lengths. Current phi: 0. Current nu:0.2816008760779646
Optimizing nu
Mstep runtime (s): 0.2899041175842285
Finished EM iter: 14. Current nllh: 10744.691571128273
Starting EM iter: 15
Estep
Estep runtime (s): 0.1511211395263672
Mstep
Optimizing phi
Optimizing branch lengths. Current phi: 0. Current nu:0.2816115798335122
Optimizing nu
Mstep runtime (s): 0.33136916160583496
Finished EM iter: 15. Current nllh: 10744.691050907271
Starting EM iter: 16
Estep
Estep runtime (s): 0.15261101722717285
Mstep
Optimizing phi
Optimizing branch lengths. Current phi: 0. Current nu:0.2816194250363104
Optimizing nu
Mstep runtime (s): 0.34005022048950195
Finished EM iter: 16. Current nllh: 10744.690660541446
Starting EM iter: 17
Estep
Estep runtime (s): 0.15145230293273926
Mstep
Optimizing phi
Optimizing branch lengths. Current phi: 0. Current nu:0.2816238038617274
Optimizing nu
Mstep runtime (s): 0.28668737411499023
Finished EM iter: 17. Current nllh: 10744.690403232878
Starting EM iter: 18
Estep
Estep runtime (s): 0.15157485008239746
Mstep
Optimizing phi
Optimizing branch lengths. Current phi: 0. Current nu:0.2816310327143571
Optimizing nu
Mstep runtime (s): 0.31160902976989746
Finished EM iter: 18. Current nllh: 10744.690136917088
Starting EM iter: 19
Estep
Estep runtime (s): 0.1511821746826172
Mstep
Optimizing phi
Optimizing branch lengths. Current phi: 0. Current nu:0.281633320382315
Optimizing nu
Mstep runtime (s): 0.2882099151611328
Finished EM iter: 19. Current nllh: 10744.69001079544
Starting EM iter: 20
Estep
Estep runtime (s): 0.151137113571167
Mstep
Optimizing phi
Optimizing branch lengths. Current phi: 0. Current nu:0.28163850869324303
Optimizing nu
Mstep runtime (s): 0.29204416275024414
Finished EM iter: 20. Current nllh: 10744.689841792942
Starting EM iter: 21
Estep
Estep runtime (s): 0.15143513679504395
Mstep
Optimizing phi
Optimizing branch lengths. Current phi: 0. Current nu:0.2816417090134671
Optimizing nu
Mstep runtime (s): 0.29510974884033203
Finished EM iter: 21. Current nllh: 10744.689727587824
Starting EM iter: 22
Estep
Estep runtime (s): 0.15112805366516113
Mstep
Optimizing phi
Optimizing branch lengths. Current phi: 0. Current nu:0.28164423559225016
Optimizing nu
Mstep runtime (s): 0.31221890449523926
Finished EM iter: 22. Current nllh: 10744.689646975434
EM finished after 22 iterations.
Optimal phi: 0. Optimal nu: 0.2816459456119536. Optimal nllh: 10744.689646975434
Optimal point found for initial point 1
Numerical optimization finished successfully
Tree height pre-scaling: 0.6960821728446048, input timescale: 1.0
Tree height after scaling: 1.0, mutation rate: 0.6960821728446048
Tree height pre-scaling: 0.6960821727135866, input timescale: 1.0
Tree height after scaling: 0.9999999999999999, mutation rate: 0.6960821727135866
Tree height pre-scaling: 0.6960821729483396, input timescale: 1.0
Tree height after scaling: 1.0, mutation rate: 0.6960821729483396
Tree height pre-scaling: 0.6960821729356362, input timescale: 1.0
Tree height after scaling: 1.0, mutation rate: 0.6960821729356362
Tree height pre-scaling: 0.6960821729529552, input timescale: 1.0
Tree height after scaling: 1.0, mutation rate: 0.6960821729529552
Tree height pre-scaling: 0.696082172896862, input timescale: 1.0
Tree height after scaling: 1.0, mutation rate: 0.696082172896862
Tree height pre-scaling: 0.6960821729064955, input timescale: 1.0
Tree height after scaling: 1.0, mutation rate: 0.6960821729064955
Tree height pre-scaling: 0.6960821726943661, input timescale: 1.0
Tree height after scaling: 1.0, mutation rate: 0.6960821726943661
Tree height pre-scaling: 0.696082172908858, input timescale: 1.0
Tree height after scaling: 1.0, mutation rate: 0.696082172908858
Tree height pre-scaling: 0.696082172827048, input timescale: 1.0
Tree height after scaling: 1.0, mutation rate: 0.696082172827048
Tree height pre-scaling: 0.6960821730018545, input timescale: 1.0
Tree height after scaling: 1.0000000000000002, mutation rate: 0.6960821730018545
Tree height pre-scaling: 0.6960821727957934, input timescale: 1.0
Tree height after scaling: 0.9999999999999999, mutation rate: 0.6960821727957934
Tree height pre-scaling: 0.6960821733713629, input timescale: 1.0
Tree height after scaling: 1.0, mutation rate: 0.6960821733713629
Tree height pre-scaling: 0.6960821730116473, input timescale: 1.0
Tree height after scaling: 1.0, mutation rate: 0.6960821730116473
Tree height pre-scaling: 0.6960821728485985, input timescale: 1.0
Tree height after scaling: 1.0, mutation rate: 0.6960821728485985
Tree height pre-scaling: 0.6960821730924036, input timescale: 1.0
Tree height after scaling: 1.0, mutation rate: 0.6960821730924036
Tree height pre-scaling: 0.6960821731670442, input timescale: 1.0
Tree height after scaling: 1.0, mutation rate: 0.6960821731670442
Runtime (s): 11.436880042
