Launching LAML version 0.0.4
LAML was called as follows: /Users/uym2/my_gits/LAML/run_laml.py -c ../../evaluation/Bar10/Bar10_character_matrix.txt -t place_outlier4/augmented_tree_194.nwk -o place_outlier4/augmented_tree_194_optimized -v -p ../../evaluation/Bar10/Bar10_priors.pickle --delimiter tab -m -1 --nInitials 1
Prior keys mismatch with site names.
Prior keys: [0, 1, 2, 3, 4, 5, 6, 7, 8, 9, 10, 11, 12, 13, 14, 15, 16, 17, 18, 19, 20, 21, 22, 23, 24, 25, 26, 27, 28, 29]
Site names: ['r1', 'r2', 'r3', 'r4', 'r5', 'r6', 'r7', 'r8', 'r9', 'r10', 'r11', 'r12', 'r13', 'r14', 'r15', 'r16', 'r17', 'r18', 'r19', 'r20', 'r21', 'r22', 'r23', 'r24', 'r25', 'r26', 'r27', 'r28', 'r29', 'r30']
Attempting to infer mapping between site names and prior keys...
{'r1': 0, 'r2': 1, 'r3': 2, 'r4': 3, 'r5': 4, 'r6': 5, 'r7': 6, 'r8': 7, 'r9': 8, 'r10': 9, 'r11': 10, 'r12': 11, 'r13': 12, 'r14': 13, 'r15': 14, 'r16': 15, 'r17': 16, 'r18': 17, 'r19': 18, 'r20': 19, 'r21': 20, 'r22': 21, 'r23': 22, 'r24': 23, 'r25': 24, 'r26': 25, 'r27': 26, 'r28': 27, 'r29': 28, 'r30': 29}
Optimizing branch lengths, phi, and nu without topology search
Optimization by EM algorithm
Optimization start with 1 initials
Initial point 1. Random seed: 9732
Numerical optimization started with ultrametric constraint (default)
Initial phi: 0. Initial nu: 0.26955655566205877. Initial nllh: 12763.126469516488
Starting EM iter: 1
Estep
Estep runtime (s): 0.1104738712310791
Mstep
Optimizing phi
Optimizing branch lengths. Current phi: 0. Current nu:0.26955655566205877
Optimizing nu
Mstep runtime (s): 0.33159804344177246
Finished EM iter: 1. Current nllh: 10699.105344567795
Starting EM iter: 2
Estep
Estep runtime (s): 0.14670515060424805
Mstep
Optimizing phi
Optimizing branch lengths. Current phi: 0. Current nu:0.28036032454423027
Optimizing nu
Mstep runtime (s): 0.30101823806762695
Finished EM iter: 2. Current nllh: 10677.827646433403
Starting EM iter: 3
Estep
Estep runtime (s): 0.1470637321472168
Mstep
Optimizing phi
Optimizing branch lengths. Current phi: 0. Current nu:0.28215104374125266
Optimizing nu
Mstep runtime (s): 0.36955904960632324
Finished EM iter: 3. Current nllh: 10676.305710262492
Starting EM iter: 4
Estep
Estep runtime (s): 0.1476881504058838
Mstep
Optimizing phi
Optimizing branch lengths. Current phi: 0. Current nu:0.28243035910887243
Optimizing nu
Mstep runtime (s): 0.3661930561065674
Finished EM iter: 4. Current nllh: 10676.098004231739
Starting EM iter: 5
Estep
Estep runtime (s): 0.14705419540405273
Mstep
Optimizing phi
Optimizing branch lengths. Current phi: 0. Current nu:0.2825858508210496
Optimizing nu
Mstep runtime (s): 0.34029698371887207
Finished EM iter: 5. Current nllh: 10676.03673280132
Starting EM iter: 6
Estep
Estep runtime (s): 0.14746904373168945
Mstep
Optimizing phi
Optimizing branch lengths. Current phi: 0. Current nu:0.28271054416335867
Optimizing nu
Mstep runtime (s): 0.3498358726501465
Finished EM iter: 6. Current nllh: 10676.016170098597
Starting EM iter: 7
Estep
Estep runtime (s): 0.14704394340515137
Mstep
Optimizing phi
Optimizing branch lengths. Current phi: 0. Current nu:0.2828032599476756
Optimizing nu
Mstep runtime (s): 0.37636494636535645
Finished EM iter: 7. Current nllh: 10676.00515786901
Starting EM iter: 8
Estep
Estep runtime (s): 0.14742612838745117
Mstep
Optimizing phi
Optimizing branch lengths. Current phi: 0. Current nu:0.2828713461730437
Optimizing nu
Mstep runtime (s): 0.4346888065338135
Finished EM iter: 8. Current nllh: 10675.998835864779
Starting EM iter: 9
Estep
Estep runtime (s): 0.14737701416015625
Mstep
Optimizing phi
Optimizing branch lengths. Current phi: 0. Current nu:0.28292204164616114
Optimizing nu
Mstep runtime (s): 0.2845420837402344
Finished EM iter: 9. Current nllh: 10675.994774092262
Starting EM iter: 10
Estep
Estep runtime (s): 0.14755010604858398
Mstep
Optimizing phi
Optimizing branch lengths. Current phi: 0. Current nu:0.2829589624701517
Optimizing nu
Mstep runtime (s): 0.3527979850769043
Finished EM iter: 10. Current nllh: 10675.992082493378
Starting EM iter: 11
Estep
Estep runtime (s): 0.1472940444946289
Mstep
Optimizing phi
Optimizing branch lengths. Current phi: 0. Current nu:0.28298376224146987
Optimizing nu
Mstep runtime (s): 0.38813209533691406
Finished EM iter: 11. Current nllh: 10675.990348234356
Starting EM iter: 12
Estep
Estep runtime (s): 0.14737915992736816
Mstep
Optimizing phi
Optimizing branch lengths. Current phi: 0. Current nu:0.2830040325314817
Optimizing nu
Mstep runtime (s): 0.32289791107177734
Finished EM iter: 12. Current nllh: 10675.9891152932
Starting EM iter: 13
Estep
Estep runtime (s): 0.1479790210723877
Mstep
Optimizing phi
Optimizing branch lengths. Current phi: 0. Current nu:0.28302100277075043
Optimizing nu
Mstep runtime (s): 0.41574907302856445
Finished EM iter: 13. Current nllh: 10675.988171784853
Starting EM iter: 14
Estep
Estep runtime (s): 0.1477670669555664
Mstep
Optimizing phi
Optimizing branch lengths. Current phi: 0. Current nu:0.28303293252707845
Optimizing nu
Mstep runtime (s): 0.2916591167449951
Finished EM iter: 14. Current nllh: 10675.98754861612
Starting EM iter: 15
Estep
Estep runtime (s): 0.14772510528564453
Mstep
Optimizing phi
Optimizing branch lengths. Current phi: 0. Current nu:0.2830431592037193
Optimizing nu
Mstep runtime (s): 0.3092520236968994
Finished EM iter: 15. Current nllh: 10675.987064100442
Starting EM iter: 16
Estep
Estep runtime (s): 0.14758086204528809
Mstep
Optimizing phi
Optimizing branch lengths. Current phi: 0. Current nu:0.2830506566247707
Optimizing nu
Mstep runtime (s): 0.32602381706237793
Finished EM iter: 16. Current nllh: 10675.986692083829
Starting EM iter: 17
Estep
Estep runtime (s): 0.14783573150634766
Mstep
Optimizing phi
Optimizing branch lengths. Current phi: 0. Current nu:0.28305698765723114
Optimizing nu
Mstep runtime (s): 0.3920021057128906
Finished EM iter: 17. Current nllh: 10675.986199796855
Starting EM iter: 18
Estep
Estep runtime (s): 0.1479189395904541
Mstep
Optimizing phi
Optimizing branch lengths. Current phi: 0. Current nu:0.2830626823199005
Optimizing nu
Mstep runtime (s): 0.3242030143737793
Finished EM iter: 18. Current nllh: 10675.986177108414
EM finished after 18 iterations.
Optimal phi: 0. Optimal nu: 0.2830666637690693. Optimal nllh: 10675.986177108414
Optimal point found for initial point 1
Numerical optimization finished successfully
Tree height pre-scaling: 0.6916357336173742, input timescale: 1.0
Tree height after scaling: 1.0, mutation rate: 0.6916357336173742
Tree height pre-scaling: 0.6916357338187128, input timescale: 1.0
Tree height after scaling: 1.0, mutation rate: 0.6916357338187128
Tree height pre-scaling: 0.6916357337282515, input timescale: 1.0
Tree height after scaling: 1.0, mutation rate: 0.6916357337282515
Tree height pre-scaling: 0.6916357338445848, input timescale: 1.0
Tree height after scaling: 1.0, mutation rate: 0.6916357338445848
Tree height pre-scaling: 0.691635734461878, input timescale: 1.0
Tree height after scaling: 1.0, mutation rate: 0.691635734461878
Tree height pre-scaling: 0.6916357338278215, input timescale: 1.0
Tree height after scaling: 1.0, mutation rate: 0.6916357338278215
Tree height pre-scaling: 0.6916357336662347, input timescale: 1.0
Tree height after scaling: 1.0, mutation rate: 0.6916357336662347
Tree height pre-scaling: 0.6916357334102488, input timescale: 1.0
Tree height after scaling: 1.0, mutation rate: 0.6916357334102488
Tree height pre-scaling: 0.6916357337892729, input timescale: 1.0
Tree height after scaling: 1.0000000000000002, mutation rate: 0.6916357337892729
Tree height pre-scaling: 0.6916357337746645, input timescale: 1.0
Tree height after scaling: 1.0, mutation rate: 0.6916357337746645
Tree height pre-scaling: 0.6916357337880588, input timescale: 1.0
Tree height after scaling: 1.0, mutation rate: 0.6916357337880588
Tree height pre-scaling: 0.6916357337172736, input timescale: 1.0
Tree height after scaling: 1.0, mutation rate: 0.6916357337172736
Tree height pre-scaling: 0.6916357337228805, input timescale: 1.0
Tree height after scaling: 1.0, mutation rate: 0.6916357337228805
Tree height pre-scaling: 0.691635733397044, input timescale: 1.0
Tree height after scaling: 1.0, mutation rate: 0.691635733397044
Tree height pre-scaling: 0.6916357336904816, input timescale: 1.0
Tree height after scaling: 1.0, mutation rate: 0.6916357336904816
Tree height pre-scaling: 0.6916357336070873, input timescale: 1.0
Tree height after scaling: 1.0, mutation rate: 0.6916357336070873
Tree height pre-scaling: 0.691635734111014, input timescale: 1.0
Tree height after scaling: 0.9999999999999998, mutation rate: 0.691635734111014
Runtime (s): 9.923274458
