Launching LAML version 0.0.4
LAML was called as follows: /Users/uym2/my_gits/LAML/run_laml.py -c ../../evaluation/Bar11/Bar11_character_matrix.txt -t place_outlier3/augmented_tree_21.nwk -o place_outlier3/augmented_tree_21_optimized -v -p ../../evaluation/Bar11/Bar11_priors.pickle --delimiter tab -m -1 --nInitials 1
Prior keys mismatch with site names.
Prior keys: [0, 1, 2, 3, 4, 5, 6, 7, 8, 9, 10, 11, 12, 13, 14, 15, 16, 17, 18, 19, 20, 21, 22, 23, 24, 25, 26]
Site names: ['r1', 'r2', 'r3', 'r4', 'r5', 'r6', 'r7', 'r8', 'r9', 'r10', 'r11', 'r12', 'r13', 'r14', 'r15', 'r16', 'r17', 'r18', 'r19', 'r20', 'r21', 'r22', 'r23', 'r24', 'r25', 'r26', 'r27']
Attempting to infer mapping between site names and prior keys...
{'r1': 0, 'r2': 1, 'r3': 2, 'r4': 3, 'r5': 4, 'r6': 5, 'r7': 6, 'r8': 7, 'r9': 8, 'r10': 9, 'r11': 10, 'r12': 11, 'r13': 12, 'r14': 13, 'r15': 14, 'r16': 15, 'r17': 16, 'r18': 17, 'r19': 18, 'r20': 19, 'r21': 20, 'r22': 21, 'r23': 22, 'r24': 23, 'r25': 24, 'r26': 25, 'r27': 26}
Optimizing branch lengths, phi, and nu without topology search
Optimization by EM algorithm
Optimization start with 1 initials
Initial point 1. Random seed: 8985
Numerical optimization started with ultrametric constraint (default)
Initial phi: 0. Initial nu: 0.26955655566205877. Initial nllh: 8592.92347967406
Starting EM iter: 1
Estep
Estep runtime (s): 0.06356406211853027
Mstep
Optimizing phi
Optimizing branch lengths. Current phi: 0. Current nu:0.26955655566205877
Optimizing nu
Mstep runtime (s): 0.2655782699584961
Finished EM iter: 1. Current nllh: 7320.8113962670595
Starting EM iter: 2
Estep
Estep runtime (s): 0.08823084831237793
Mstep
Optimizing phi
Optimizing branch lengths. Current phi: 0. Current nu:0.2730648431683889
Optimizing nu
Mstep runtime (s): 0.24405479431152344
Finished EM iter: 2. Current nllh: 7283.791276904128
Starting EM iter: 3
Estep
Estep runtime (s): 0.08603906631469727
Mstep
Optimizing phi
Optimizing branch lengths. Current phi: 0. Current nu:0.2691997898751608
Optimizing nu
Mstep runtime (s): 0.19255685806274414
Finished EM iter: 3. Current nllh: 7278.523270633718
Starting EM iter: 4
Estep
Estep runtime (s): 0.08870792388916016
Mstep
Optimizing phi
Optimizing branch lengths. Current phi: 0. Current nu:0.2664407635740062
Optimizing nu
Mstep runtime (s): 0.1993579864501953
Finished EM iter: 4. Current nllh: 7277.593677008678
Starting EM iter: 5
Estep
Estep runtime (s): 0.08858799934387207
Mstep
Optimizing phi
Optimizing branch lengths. Current phi: 0. Current nu:0.26502842625554246
Optimizing nu
Mstep runtime (s): 0.2321929931640625
Finished EM iter: 5. Current nllh: 7277.482769853939
Starting EM iter: 6
Estep
Estep runtime (s): 0.08689594268798828
Mstep
Optimizing phi
Optimizing branch lengths. Current phi: 0. Current nu:0.26444403125544574
Optimizing nu
Mstep runtime (s): 0.21846389770507812
Finished EM iter: 6. Current nllh: 7277.453046039791
Starting EM iter: 7
Estep
Estep runtime (s): 0.0903937816619873
Mstep
Optimizing phi
Optimizing branch lengths. Current phi: 0. Current nu:0.2642361394850399
Optimizing nu
Mstep runtime (s): 0.19569993019104004
Finished EM iter: 7. Current nllh: 7277.433013254479
Starting EM iter: 8
Estep
Estep runtime (s): 0.08836507797241211
Mstep
Optimizing phi
Optimizing branch lengths. Current phi: 0. Current nu:0.26416449686440063
Optimizing nu
Mstep runtime (s): 0.21985888481140137
Finished EM iter: 8. Current nllh: 7277.418638152429
Starting EM iter: 9
Estep
Estep runtime (s): 0.08754301071166992
Mstep
Optimizing phi
Optimizing branch lengths. Current phi: 0. Current nu:0.2641394321308112
Optimizing nu
Mstep runtime (s): 0.1959240436553955
Finished EM iter: 9. Current nllh: 7277.408232959203
Starting EM iter: 10
Estep
Estep runtime (s): 0.08760499954223633
Mstep
Optimizing phi
Optimizing branch lengths. Current phi: 0. Current nu:0.2641304385760421
Optimizing nu
Mstep runtime (s): 0.1928730010986328
Finished EM iter: 10. Current nllh: 7277.4016478461945
Starting EM iter: 11
Estep
Estep runtime (s): 0.08711028099060059
Mstep
Optimizing phi
Optimizing branch lengths. Current phi: 0. Current nu:0.2641261374069882
Optimizing nu
Mstep runtime (s): 0.19652414321899414
Finished EM iter: 11. Current nllh: 7277.401711611588
EM finished after 11 iterations.
Optimal phi: 0. Optimal nu: 0.2641207523951178. Optimal nllh: 7277.401711611588
Optimal point found for initial point 1
Numerical optimization finished successfully
Tree height pre-scaling: 0.7101831058270455, input timescale: 1.0
Tree height after scaling: 1.0, mutation rate: 0.7101831058270455
Tree height pre-scaling: 0.7101831058656691, input timescale: 1.0
Tree height after scaling: 1.0, mutation rate: 0.7101831058656691
Tree height pre-scaling: 0.7101831061029372, input timescale: 1.0
Tree height after scaling: 1.0, mutation rate: 0.7101831061029372
Tree height pre-scaling: 0.7101831061718886, input timescale: 1.0
Tree height after scaling: 0.9999999999999998, mutation rate: 0.7101831061718886
Tree height pre-scaling: 0.7101831061395517, input timescale: 1.0
Tree height after scaling: 1.0, mutation rate: 0.7101831061395517
Tree height pre-scaling: 0.7101831057333161, input timescale: 1.0
Tree height after scaling: 1.0, mutation rate: 0.7101831057333161
Tree height pre-scaling: 0.7101831058171649, input timescale: 1.0
Tree height after scaling: 1.0, mutation rate: 0.7101831058171649
Tree height pre-scaling: 0.7101831059962095, input timescale: 1.0
Tree height after scaling: 0.9999999999999999, mutation rate: 0.7101831059962095
Tree height pre-scaling: 0.7101831059564836, input timescale: 1.0
Tree height after scaling: 1.0, mutation rate: 0.7101831059564836
Tree height pre-scaling: 0.7101831057769116, input timescale: 1.0
Tree height after scaling: 1.0, mutation rate: 0.7101831057769116
Tree height pre-scaling: 0.7101831062372694, input timescale: 1.0
Tree height after scaling: 0.9999999999999999, mutation rate: 0.7101831062372694
Tree height pre-scaling: 0.7101831058143102, input timescale: 1.0
Tree height after scaling: 0.9999999999999999, mutation rate: 0.7101831058143102
Tree height pre-scaling: 0.7101831056602368, input timescale: 1.0
Tree height after scaling: 1.0, mutation rate: 0.7101831056602368
Runtime (s): 3.7341757500000003
