Launching LAML version 0.0.4
LAML was called as follows: /Users/uym2/my_gits/LAML/run_laml.py -c ../../evaluation/Bar11/Bar11_character_matrix.txt -t place_outlier3/augmented_tree_199.nwk -o place_outlier3/augmented_tree_199_optimized -v -p ../../evaluation/Bar11/Bar11_priors.pickle --delimiter tab -m -1 --nInitials 1
Prior keys mismatch with site names.
Prior keys: [0, 1, 2, 3, 4, 5, 6, 7, 8, 9, 10, 11, 12, 13, 14, 15, 16, 17, 18, 19, 20, 21, 22, 23, 24, 25, 26]
Site names: ['r1', 'r2', 'r3', 'r4', 'r5', 'r6', 'r7', 'r8', 'r9', 'r10', 'r11', 'r12', 'r13', 'r14', 'r15', 'r16', 'r17', 'r18', 'r19', 'r20', 'r21', 'r22', 'r23', 'r24', 'r25', 'r26', 'r27']
Attempting to infer mapping between site names and prior keys...
{'r1': 0, 'r2': 1, 'r3': 2, 'r4': 3, 'r5': 4, 'r6': 5, 'r7': 6, 'r8': 7, 'r9': 8, 'r10': 9, 'r11': 10, 'r12': 11, 'r13': 12, 'r14': 13, 'r15': 14, 'r16': 15, 'r17': 16, 'r18': 17, 'r19': 18, 'r20': 19, 'r21': 20, 'r22': 21, 'r23': 22, 'r24': 23, 'r25': 24, 'r26': 25, 'r27': 26}
Optimizing branch lengths, phi, and nu without topology search
Optimization by EM algorithm
Optimization start with 1 initials
Initial point 1. Random seed: 1620
Numerical optimization started with ultrametric constraint (default)
Initial phi: 0. Initial nu: 0.26955655566205877. Initial nllh: 8754.05424206553
Starting EM iter: 1
Estep
Estep runtime (s): 0.06347012519836426
Mstep
Optimizing phi
Optimizing branch lengths. Current phi: 0. Current nu:0.26955655566205877
Optimizing nu
Mstep runtime (s): 0.22515583038330078
Finished EM iter: 1. Current nllh: 7320.672089022159
Starting EM iter: 2
Estep
Estep runtime (s): 0.08573508262634277
Mstep
Optimizing phi
Optimizing branch lengths. Current phi: 0. Current nu:0.2745333256959745
Optimizing nu
Mstep runtime (s): 0.193526029586792
Finished EM iter: 2. Current nllh: 7285.62327457705
Starting EM iter: 3
Estep
Estep runtime (s): 0.08532214164733887
Mstep
Optimizing phi
Optimizing branch lengths. Current phi: 0. Current nu:0.27024899083139875
Optimizing nu
Mstep runtime (s): 0.1924588680267334
Finished EM iter: 3. Current nllh: 7282.00776025356
Starting EM iter: 4
Estep
Estep runtime (s): 0.08580565452575684
Mstep
Optimizing phi
Optimizing branch lengths. Current phi: 0. Current nu:0.26726803209817024
Optimizing nu
Mstep runtime (s): 0.19494080543518066
Finished EM iter: 4. Current nllh: 7281.7290827207735
Starting EM iter: 5
Estep
Estep runtime (s): 0.08540487289428711
Mstep
Optimizing phi
Optimizing branch lengths. Current phi: 0. Current nu:0.2660703602612923
Optimizing nu
Mstep runtime (s): 0.24248290061950684
Finished EM iter: 5. Current nllh: 7281.661059944599
Starting EM iter: 6
Estep
Estep runtime (s): 0.08551573753356934
Mstep
Optimizing phi
Optimizing branch lengths. Current phi: 0. Current nu:0.26565644790023624
Optimizing nu
Mstep runtime (s): 0.2096850872039795
Finished EM iter: 6. Current nllh: 7281.626914982006
Starting EM iter: 7
Estep
Estep runtime (s): 0.08587121963500977
Mstep
Optimizing phi
Optimizing branch lengths. Current phi: 0. Current nu:0.2655146801996656
Optimizing nu
Mstep runtime (s): 0.18807077407836914
Finished EM iter: 7. Current nllh: 7281.606346991788
Starting EM iter: 8
Estep
Estep runtime (s): 0.08571481704711914
Mstep
Optimizing phi
Optimizing branch lengths. Current phi: 0. Current nu:0.2654627110483951
Optimizing nu
Mstep runtime (s): 0.19832706451416016
Finished EM iter: 8. Current nllh: 7281.591784175377
Starting EM iter: 9
Estep
Estep runtime (s): 0.0858912467956543
Mstep
Optimizing phi
Optimizing branch lengths. Current phi: 0. Current nu:0.26544426716857805
Optimizing nu
Mstep runtime (s): 0.2071518898010254
Finished EM iter: 9. Current nllh: 7281.581226047784
Starting EM iter: 10
Estep
Estep runtime (s): 0.08569502830505371
Mstep
Optimizing phi
Optimizing branch lengths. Current phi: 0. Current nu:0.26543491949418885
Optimizing nu
Mstep runtime (s): 0.1880021095275879
Finished EM iter: 10. Current nllh: 7281.574251937447
Starting EM iter: 11
Estep
Estep runtime (s): 0.08580994606018066
Mstep
Optimizing phi
Optimizing branch lengths. Current phi: 0. Current nu:0.26543321450779245
Optimizing nu
Mstep runtime (s): 0.21976113319396973
Finished EM iter: 11. Current nllh: 7281.574211529155
EM finished after 11 iterations.
Optimal phi: 0. Optimal nu: 0.2654264062607261. Optimal nllh: 7281.574211529155
Optimal point found for initial point 1
Numerical optimization finished successfully
Tree height pre-scaling: 0.7169325272261335, input timescale: 1.0
Tree height after scaling: 1.0, mutation rate: 0.7169325272261335
Tree height pre-scaling: 0.7169325331646803, input timescale: 1.0
Tree height after scaling: 1.0, mutation rate: 0.7169325331646803
Tree height pre-scaling: 0.716932596142005, input timescale: 1.0
Tree height after scaling: 1.0, mutation rate: 0.716932596142005
Tree height pre-scaling: 0.7169326141737824, input timescale: 1.0
Tree height after scaling: 1.0, mutation rate: 0.7169326141737824
Tree height pre-scaling: 0.7169325026721562, input timescale: 1.0
Tree height after scaling: 1.0000000000000002, mutation rate: 0.7169325026721562
Tree height pre-scaling: 0.716932521751765, input timescale: 1.0
Tree height after scaling: 1.0000000000000002, mutation rate: 0.716932521751765
Tree height pre-scaling: 0.7169326263190721, input timescale: 1.0
Tree height after scaling: 1.0, mutation rate: 0.7169326263190721
Tree height pre-scaling: 0.7169325115024836, input timescale: 1.0
Tree height after scaling: 1.0, mutation rate: 0.7169325115024836
Tree height pre-scaling: 0.7169325686175235, input timescale: 1.0
Tree height after scaling: 1.0, mutation rate: 0.7169325686175235
Tree height pre-scaling: 0.716932585949563, input timescale: 1.0
Tree height after scaling: 1.0, mutation rate: 0.716932585949563
Tree height pre-scaling: 0.7169325192711572, input timescale: 1.0
Tree height after scaling: 0.9999999999999999, mutation rate: 0.7169325192711572
Tree height pre-scaling: 0.7169324975734374, input timescale: 1.0
Tree height after scaling: 1.0, mutation rate: 0.7169324975734374
Tree height pre-scaling: 0.7169326831612579, input timescale: 1.0
Tree height after scaling: 1.0, mutation rate: 0.7169326831612579
Runtime (s): 3.609450375
