Launching LAML version 0.0.4
LAML was called as follows: /Users/uym2/my_gits/LAML/run_laml.py -c ../../evaluation/Bar11/Bar11_character_matrix.txt -t place_outlier3/augmented_tree_214.nwk -o place_outlier3/augmented_tree_214_optimized -v -p ../../evaluation/Bar11/Bar11_priors.pickle --delimiter tab -m -1 --nInitials 1
Prior keys mismatch with site names.
Prior keys: [0, 1, 2, 3, 4, 5, 6, 7, 8, 9, 10, 11, 12, 13, 14, 15, 16, 17, 18, 19, 20, 21, 22, 23, 24, 25, 26]
Site names: ['r1', 'r2', 'r3', 'r4', 'r5', 'r6', 'r7', 'r8', 'r9', 'r10', 'r11', 'r12', 'r13', 'r14', 'r15', 'r16', 'r17', 'r18', 'r19', 'r20', 'r21', 'r22', 'r23', 'r24', 'r25', 'r26', 'r27']
Attempting to infer mapping between site names and prior keys...
{'r1': 0, 'r2': 1, 'r3': 2, 'r4': 3, 'r5': 4, 'r6': 5, 'r7': 6, 'r8': 7, 'r9': 8, 'r10': 9, 'r11': 10, 'r12': 11, 'r13': 12, 'r14': 13, 'r15': 14, 'r16': 15, 'r17': 16, 'r18': 17, 'r19': 18, 'r20': 19, 'r21': 20, 'r22': 21, 'r23': 22, 'r24': 23, 'r25': 24, 'r26': 25, 'r27': 26}
Optimizing branch lengths, phi, and nu without topology search
Optimization by EM algorithm
Optimization start with 1 initials
Initial point 1. Random seed: 6490
Numerical optimization started with ultrametric constraint (default)
Initial phi: 0. Initial nu: 0.26955655566205877. Initial nllh: 8752.947049005228
Starting EM iter: 1
Estep
Estep runtime (s): 0.06371808052062988
Mstep
Optimizing phi
Optimizing branch lengths. Current phi: 0. Current nu:0.26955655566205877
Optimizing nu
Mstep runtime (s): 0.21769404411315918
Finished EM iter: 1. Current nllh: 7281.749531665499
Starting EM iter: 2
Estep
Estep runtime (s): 0.08594608306884766
Mstep
Optimizing phi
Optimizing branch lengths. Current phi: 0. Current nu:0.2771803866082671
Optimizing nu
Mstep runtime (s): 0.22464466094970703
Finished EM iter: 2. Current nllh: 7249.5679610094685
Starting EM iter: 3
Estep
Estep runtime (s): 0.08880305290222168
Mstep
Optimizing phi
Optimizing branch lengths. Current phi: 0. Current nu:0.27407302824350593
Optimizing nu
Mstep runtime (s): 0.20848298072814941
Finished EM iter: 3. Current nllh: 7246.49355637227
Starting EM iter: 4
Estep
Estep runtime (s): 0.08565878868103027
Mstep
Optimizing phi
Optimizing branch lengths. Current phi: 0. Current nu:0.27180180784810376
Optimizing nu
Mstep runtime (s): 0.25847601890563965
Finished EM iter: 4. Current nllh: 7246.2695042759115
Starting EM iter: 5
Estep
Estep runtime (s): 0.08636689186096191
Mstep
Optimizing phi
Optimizing branch lengths. Current phi: 0. Current nu:0.27088480133033327
Optimizing nu
Mstep runtime (s): 0.2135012149810791
Finished EM iter: 5. Current nllh: 7246.205011478067
Starting EM iter: 6
Estep
Estep runtime (s): 0.08622097969055176
Mstep
Optimizing phi
Optimizing branch lengths. Current phi: 0. Current nu:0.2705711296320937
Optimizing nu
Mstep runtime (s): 0.19518780708312988
Finished EM iter: 6. Current nllh: 7246.166846714033
Starting EM iter: 7
Estep
Estep runtime (s): 0.08546185493469238
Mstep
Optimizing phi
Optimizing branch lengths. Current phi: 0. Current nu:0.27046444623985566
Optimizing nu
Mstep runtime (s): 0.22311091423034668
Finished EM iter: 7. Current nllh: 7246.139103141678
Starting EM iter: 8
Estep
Estep runtime (s): 0.08557796478271484
Mstep
Optimizing phi
Optimizing branch lengths. Current phi: 0. Current nu:0.2704273824774225
Optimizing nu
Mstep runtime (s): 0.1919851303100586
Finished EM iter: 8. Current nllh: 7246.1176962227455
Starting EM iter: 9
Estep
Estep runtime (s): 0.0854640007019043
Mstep
Optimizing phi
Optimizing branch lengths. Current phi: 0. Current nu:0.27041315660051707
Optimizing nu
Mstep runtime (s): 0.21292710304260254
Finished EM iter: 9. Current nllh: 7246.100699828417
Starting EM iter: 10
Estep
Estep runtime (s): 0.08533287048339844
Mstep
Optimizing phi
Optimizing branch lengths. Current phi: 0. Current nu:0.270406833481312
Optimizing nu
Mstep runtime (s): 0.19953608512878418
Finished EM iter: 10. Current nllh: 7246.087915570216
Starting EM iter: 11
Estep
Estep runtime (s): 0.08752298355102539
Mstep
Optimizing phi
Optimizing branch lengths. Current phi: 0. Current nu:0.2704032930943065
Optimizing nu
Mstep runtime (s): 0.21149897575378418
Finished EM iter: 11. Current nllh: 7246.082163544661
Starting EM iter: 12
Estep
Estep runtime (s): 0.08612775802612305
Mstep
Optimizing phi
Optimizing branch lengths. Current phi: 0. Current nu:0.270398090047091
Optimizing nu
Mstep runtime (s): 0.2293860912322998
Finished EM iter: 12. Current nllh: 7246.07680649778
Starting EM iter: 13
Estep
Estep runtime (s): 0.08839797973632812
Mstep
Optimizing phi
Optimizing branch lengths. Current phi: 0. Current nu:0.2703955231804183
Optimizing nu
Mstep runtime (s): 0.20435786247253418
Finished EM iter: 13. Current nllh: 7246.071908553685
Starting EM iter: 14
Estep
Estep runtime (s): 0.08574295043945312
Mstep
Optimizing phi
Optimizing branch lengths. Current phi: 0. Current nu:0.2703944491235965
Optimizing nu
Mstep runtime (s): 0.20041418075561523
Finished EM iter: 14. Current nllh: 7246.067389441147
Starting EM iter: 15
Estep
Estep runtime (s): 0.08559989929199219
Mstep
Optimizing phi
Optimizing branch lengths. Current phi: 0. Current nu:0.2703945169388449
Optimizing nu
Mstep runtime (s): 0.20400404930114746
Finished EM iter: 15. Current nllh: 7246.063255046394
Starting EM iter: 16
Estep
Estep runtime (s): 0.08554983139038086
Mstep
Optimizing phi
Optimizing branch lengths. Current phi: 0. Current nu:0.27039404294793057
Optimizing nu
Mstep runtime (s): 0.1923360824584961
Finished EM iter: 16. Current nllh: 7246.059549296464
Starting EM iter: 17
Estep
Estep runtime (s): 0.0858151912689209
Mstep
Optimizing phi
Optimizing branch lengths. Current phi: 0. Current nu:0.2703942664951352
Optimizing nu
Mstep runtime (s): 0.21127605438232422
Finished EM iter: 17. Current nllh: 7246.05748660126
Starting EM iter: 18
Estep
Estep runtime (s): 0.08566999435424805
Mstep
Optimizing phi
Optimizing branch lengths. Current phi: 0. Current nu:0.2703928939101143
Optimizing nu
Mstep runtime (s): 0.21063590049743652
Finished EM iter: 18. Current nllh: 7246.057608293216
Starting EM iter: 19
Estep
Estep runtime (s): 0.08624792098999023
Mstep
Optimizing phi
Optimizing branch lengths. Current phi: 0. Current nu:0.27038902075010685
Optimizing nu
Mstep runtime (s): 0.24393677711486816
Finished EM iter: 19. Current nllh: 7246.057714210339
Starting EM iter: 20
Estep
Estep runtime (s): 0.08617401123046875
Mstep
Optimizing phi
Optimizing branch lengths. Current phi: 0. Current nu:0.2703891729456982
Optimizing nu
Mstep runtime (s): 0.22304010391235352
Finished EM iter: 20. Current nllh: 7246.057674214044
EM finished after 20 iterations.
Optimal phi: 0. Optimal nu: 0.27038709772627595. Optimal nllh: 7246.057674214044
Optimal point found for initial point 1
Numerical optimization finished successfully
Tree height pre-scaling: 0.7076211436982183, input timescale: 1.0
Tree height after scaling: 1.0, mutation rate: 0.7076211436982183
Tree height pre-scaling: 0.7076211598597171, input timescale: 1.0
Tree height after scaling: 1.0, mutation rate: 0.7076211598597171
Tree height pre-scaling: 0.7076212466820032, input timescale: 1.0
Tree height after scaling: 1.0, mutation rate: 0.7076212466820032
Tree height pre-scaling: 0.7076212851977568, input timescale: 1.0
Tree height after scaling: 1.0, mutation rate: 0.7076212851977568
Tree height pre-scaling: 0.707621109481359, input timescale: 1.0
Tree height after scaling: 1.0, mutation rate: 0.707621109481359
Tree height pre-scaling: 0.7076211332078909, input timescale: 1.0
Tree height after scaling: 0.9999999999999999, mutation rate: 0.7076211332078909
Tree height pre-scaling: 0.7076212983660384, input timescale: 1.0
Tree height after scaling: 0.9999999999999999, mutation rate: 0.7076212983660384
Tree height pre-scaling: 0.7076211194432255, input timescale: 1.0
Tree height after scaling: 1.0, mutation rate: 0.7076211194432255
Tree height pre-scaling: 0.70762121066336, input timescale: 1.0
Tree height after scaling: 1.0, mutation rate: 0.70762121066336
Tree height pre-scaling: 0.7076212391341877, input timescale: 1.0
Tree height after scaling: 0.9999999999999999, mutation rate: 0.7076212391341877
Tree height pre-scaling: 0.707621130035214, input timescale: 1.0
Tree height after scaling: 1.0, mutation rate: 0.707621130035214
Tree height pre-scaling: 0.707621098875665, input timescale: 1.0
Tree height after scaling: 1.0, mutation rate: 0.707621098875665
Tree height pre-scaling: 0.7076211908401315, input timescale: 1.0
Tree height after scaling: 1.0, mutation rate: 0.7076211908401315
Runtime (s): 6.600017041
