Launching LAML version 0.0.4
LAML was called as follows: /Users/uym2/my_gits/LAML/run_laml.py -c ../../evaluation/Bar11/Bar11_character_matrix.txt -t place_outlier3/augmented_tree_72.nwk -o place_outlier3/augmented_tree_72_optimized -v -p ../../evaluation/Bar11/Bar11_priors.pickle --delimiter tab -m -1 --nInitials 1
Prior keys mismatch with site names.
Prior keys: [0, 1, 2, 3, 4, 5, 6, 7, 8, 9, 10, 11, 12, 13, 14, 15, 16, 17, 18, 19, 20, 21, 22, 23, 24, 25, 26]
Site names: ['r1', 'r2', 'r3', 'r4', 'r5', 'r6', 'r7', 'r8', 'r9', 'r10', 'r11', 'r12', 'r13', 'r14', 'r15', 'r16', 'r17', 'r18', 'r19', 'r20', 'r21', 'r22', 'r23', 'r24', 'r25', 'r26', 'r27']
Attempting to infer mapping between site names and prior keys...
{'r1': 0, 'r2': 1, 'r3': 2, 'r4': 3, 'r5': 4, 'r6': 5, 'r7': 6, 'r8': 7, 'r9': 8, 'r10': 9, 'r11': 10, 'r12': 11, 'r13': 12, 'r14': 13, 'r15': 14, 'r16': 15, 'r17': 16, 'r18': 17, 'r19': 18, 'r20': 19, 'r21': 20, 'r22': 21, 'r23': 22, 'r24': 23, 'r25': 24, 'r26': 25, 'r27': 26}
Optimizing branch lengths, phi, and nu without topology search
Optimization by EM algorithm
Optimization start with 1 initials
Initial point 1. Random seed: 4574
Numerical optimization started with ultrametric constraint (default)
Initial phi: 0. Initial nu: 0.26955655566205877. Initial nllh: 8648.63445759136
Starting EM iter: 1
Estep
Estep runtime (s): 0.06304502487182617
Mstep
Optimizing phi
Optimizing branch lengths. Current phi: 0. Current nu:0.26955655566205877
Optimizing nu
Mstep runtime (s): 0.2412269115447998
Finished EM iter: 1. Current nllh: 7184.636815364873
Starting EM iter: 2
Estep
Estep runtime (s): 0.08592581748962402
Mstep
Optimizing phi
Optimizing branch lengths. Current phi: 0. Current nu:0.27804299738033983
Optimizing nu
Mstep runtime (s): 0.22328495979309082
Finished EM iter: 2. Current nllh: 7153.38244284925
Starting EM iter: 3
Estep
Estep runtime (s): 0.08482885360717773
Mstep
Optimizing phi
Optimizing branch lengths. Current phi: 0. Current nu:0.2747464559671977
Optimizing nu
Mstep runtime (s): 0.18883872032165527
Finished EM iter: 3. Current nllh: 7150.053289561874
Starting EM iter: 4
Estep
Estep runtime (s): 0.08604001998901367
Mstep
Optimizing phi
Optimizing branch lengths. Current phi: 0. Current nu:0.27217799245538554
Optimizing nu
Mstep runtime (s): 0.18303990364074707
Finished EM iter: 4. Current nllh: 7149.726106721041
Starting EM iter: 5
Estep
Estep runtime (s): 0.08527898788452148
Mstep
Optimizing phi
Optimizing branch lengths. Current phi: 0. Current nu:0.2710429688280941
Optimizing nu
Mstep runtime (s): 0.2261948585510254
Finished EM iter: 5. Current nllh: 7149.636545537364
Starting EM iter: 6
Estep
Estep runtime (s): 0.08742022514343262
Mstep
Optimizing phi
Optimizing branch lengths. Current phi: 0. Current nu:0.27061198092332006
Optimizing nu
Mstep runtime (s): 0.1970841884613037
Finished EM iter: 6. Current nllh: 7149.595315411716
Starting EM iter: 7
Estep
Estep runtime (s): 0.08466720581054688
Mstep
Optimizing phi
Optimizing branch lengths. Current phi: 0. Current nu:0.270449190092833
Optimizing nu
Mstep runtime (s): 0.21899700164794922
Finished EM iter: 7. Current nllh: 7149.570694806286
Starting EM iter: 8
Estep
Estep runtime (s): 0.08506226539611816
Mstep
Optimizing phi
Optimizing branch lengths. Current phi: 0. Current nu:0.27038786450100905
Optimizing nu
Mstep runtime (s): 0.1970381736755371
Finished EM iter: 8. Current nllh: 7149.554747368288
Starting EM iter: 9
Estep
Estep runtime (s): 0.08498811721801758
Mstep
Optimizing phi
Optimizing branch lengths. Current phi: 0. Current nu:0.27036229520290544
Optimizing nu
Mstep runtime (s): 0.21092009544372559
Finished EM iter: 9. Current nllh: 7149.5436664470735
Starting EM iter: 10
Estep
Estep runtime (s): 0.08487200736999512
Mstep
Optimizing phi
Optimizing branch lengths. Current phi: 0. Current nu:0.27035138136873665
Optimizing nu
Mstep runtime (s): 0.2145400047302246
Finished EM iter: 10. Current nllh: 7149.53663563831
Starting EM iter: 11
Estep
Estep runtime (s): 0.08522701263427734
Mstep
Optimizing phi
Optimizing branch lengths. Current phi: 0. Current nu:0.2703472534249483
Optimizing nu
Mstep runtime (s): 0.21533489227294922
Finished EM iter: 11. Current nllh: 7149.536567778097
EM finished after 11 iterations.
Optimal phi: 0. Optimal nu: 0.2703409187532168. Optimal nllh: 7149.536567778097
Optimal point found for initial point 1
Numerical optimization finished successfully
Tree height pre-scaling: 0.7089025435697356, input timescale: 1.0
Tree height after scaling: 0.9999999999999999, mutation rate: 0.7089025435697356
Tree height pre-scaling: 0.7089025510827256, input timescale: 1.0
Tree height after scaling: 1.0, mutation rate: 0.7089025510827256
Tree height pre-scaling: 0.708902693024795, input timescale: 1.0
Tree height after scaling: 0.9999999999999999, mutation rate: 0.708902693024795
Tree height pre-scaling: 0.7089027161102716, input timescale: 1.0
Tree height after scaling: 1.0, mutation rate: 0.7089027161102716
Tree height pre-scaling: 0.7089026905265596, input timescale: 1.0
Tree height after scaling: 1.0, mutation rate: 0.7089026905265596
Tree height pre-scaling: 0.7089024879091812, input timescale: 1.0
Tree height after scaling: 1.0, mutation rate: 0.7089024879091812
Tree height pre-scaling: 0.70890253746109, input timescale: 1.0
Tree height after scaling: 1.0, mutation rate: 0.70890253746109
Tree height pre-scaling: 0.7089026272076699, input timescale: 1.0
Tree height after scaling: 1.0, mutation rate: 0.7089026272076699
Tree height pre-scaling: 0.7089026191361131, input timescale: 1.0
Tree height after scaling: 1.0, mutation rate: 0.7089026191361131
Tree height pre-scaling: 0.7089024913946428, input timescale: 1.0
Tree height after scaling: 1.0, mutation rate: 0.7089024913946428
Tree height pre-scaling: 0.7089025401699406, input timescale: 1.0
Tree height after scaling: 0.9999999999999999, mutation rate: 0.7089025401699406
Tree height pre-scaling: 0.7089027322354262, input timescale: 1.0
Tree height after scaling: 1.0, mutation rate: 0.7089027322354262
Tree height pre-scaling: 0.7089025157639803, input timescale: 1.0
Tree height after scaling: 0.9999999999999999, mutation rate: 0.7089025157639803
Runtime (s): 3.6622059580000004
