Launching LAML version 0.0.4
LAML was called as follows: /Users/uym2/my_gits/LAML/run_laml.py -c ../../evaluation/Bar11/Bar11_character_matrix.txt -t place_outlier3/augmented_tree_196.nwk -o place_outlier3/augmented_tree_196_optimized -v -p ../../evaluation/Bar11/Bar11_priors.pickle --delimiter tab -m -1 --nInitials 1
Prior keys mismatch with site names.
Prior keys: [0, 1, 2, 3, 4, 5, 6, 7, 8, 9, 10, 11, 12, 13, 14, 15, 16, 17, 18, 19, 20, 21, 22, 23, 24, 25, 26]
Site names: ['r1', 'r2', 'r3', 'r4', 'r5', 'r6', 'r7', 'r8', 'r9', 'r10', 'r11', 'r12', 'r13', 'r14', 'r15', 'r16', 'r17', 'r18', 'r19', 'r20', 'r21', 'r22', 'r23', 'r24', 'r25', 'r26', 'r27']
Attempting to infer mapping between site names and prior keys...
{'r1': 0, 'r2': 1, 'r3': 2, 'r4': 3, 'r5': 4, 'r6': 5, 'r7': 6, 'r8': 7, 'r9': 8, 'r10': 9, 'r11': 10, 'r12': 11, 'r13': 12, 'r14': 13, 'r15': 14, 'r16': 15, 'r17': 16, 'r18': 17, 'r19': 18, 'r20': 19, 'r21': 20, 'r22': 21, 'r23': 22, 'r24': 23, 'r25': 24, 'r26': 25, 'r27': 26}
Optimizing branch lengths, phi, and nu without topology search
Optimization by EM algorithm
Optimization start with 1 initials
Initial point 1. Random seed: 55
Numerical optimization started with ultrametric constraint (default)
Initial phi: 0. Initial nu: 0.26955655566205877. Initial nllh: 8858.131089785038
Starting EM iter: 1
Estep
Estep runtime (s): 0.06374502182006836
Mstep
Optimizing phi
Optimizing branch lengths. Current phi: 0. Current nu:0.26955655566205877
Optimizing nu
Mstep runtime (s): 0.20896220207214355
Finished EM iter: 1. Current nllh: 7265.091801062916
Starting EM iter: 2
Estep
Estep runtime (s): 0.08535289764404297
Mstep
Optimizing phi
Optimizing branch lengths. Current phi: 0. Current nu:0.27440508874689545
Optimizing nu
Mstep runtime (s): 0.1976640224456787
Finished EM iter: 2. Current nllh: 7230.434881358859
Starting EM iter: 3
Estep
Estep runtime (s): 0.08533406257629395
Mstep
Optimizing phi
Optimizing branch lengths. Current phi: 0. Current nu:0.2698557584435559
Optimizing nu
Mstep runtime (s): 0.2005939483642578
Finished EM iter: 3. Current nllh: 7226.843032624862
Starting EM iter: 4
Estep
Estep runtime (s): 0.0860891342163086
Mstep
Optimizing phi
Optimizing branch lengths. Current phi: 0. Current nu:0.266691789184643
Optimizing nu
Mstep runtime (s): 0.18680071830749512
Finished EM iter: 4. Current nllh: 7226.569761330231
Starting EM iter: 5
Estep
Estep runtime (s): 0.0863041877746582
Mstep
Optimizing phi
Optimizing branch lengths. Current phi: 0. Current nu:0.2653954497302645
Optimizing nu
Mstep runtime (s): 0.23759007453918457
Finished EM iter: 5. Current nllh: 7226.508595729481
Starting EM iter: 6
Estep
Estep runtime (s): 0.08611702919006348
Mstep
Optimizing phi
Optimizing branch lengths. Current phi: 0. Current nu:0.26494447206683597
Optimizing nu
Mstep runtime (s): 0.24303197860717773
Finished EM iter: 6. Current nllh: 7226.47664962845
Starting EM iter: 7
Estep
Estep runtime (s): 0.08664298057556152
Mstep
Optimizing phi
Optimizing branch lengths. Current phi: 0. Current nu:0.2647922151912521
Optimizing nu
Mstep runtime (s): 0.20498204231262207
Finished EM iter: 7. Current nllh: 7226.455274413616
Starting EM iter: 8
Estep
Estep runtime (s): 0.08611822128295898
Mstep
Optimizing phi
Optimizing branch lengths. Current phi: 0. Current nu:0.2647398971662679
Optimizing nu
Mstep runtime (s): 0.2637147903442383
Finished EM iter: 8. Current nllh: 7226.440251209022
Starting EM iter: 9
Estep
Estep runtime (s): 0.08644485473632812
Mstep
Optimizing phi
Optimizing branch lengths. Current phi: 0. Current nu:0.2647207411849106
Optimizing nu
Mstep runtime (s): 0.19448328018188477
Finished EM iter: 9. Current nllh: 7226.4295326672145
Starting EM iter: 10
Estep
Estep runtime (s): 0.08638191223144531
Mstep
Optimizing phi
Optimizing branch lengths. Current phi: 0. Current nu:0.2647130788933143
Optimizing nu
Mstep runtime (s): 0.20598387718200684
Finished EM iter: 10. Current nllh: 7226.422476620366
Starting EM iter: 11
Estep
Estep runtime (s): 0.08632302284240723
Mstep
Optimizing phi
Optimizing branch lengths. Current phi: 0. Current nu:0.2647084431360339
Optimizing nu
Mstep runtime (s): 0.23246192932128906
Finished EM iter: 11. Current nllh: 7226.422397111222
Starting EM iter: 12
Estep
Estep runtime (s): 0.08635377883911133
Mstep
Optimizing phi
Optimizing branch lengths. Current phi: 0. Current nu:0.2647022314977843
Optimizing nu
Mstep runtime (s): 0.22779369354248047
Finished EM iter: 12. Current nllh: 7226.422448149
EM finished after 12 iterations.
Optimal phi: 0. Optimal nu: 0.26469976730004774. Optimal nllh: 7226.422448149
Optimal point found for initial point 1
Numerical optimization finished successfully
Tree height pre-scaling: 0.7149780191249089, input timescale: 1.0
Tree height after scaling: 1.0, mutation rate: 0.7149780191249089
Tree height pre-scaling: 0.7149780427108877, input timescale: 1.0
Tree height after scaling: 1.0, mutation rate: 0.7149780427108877
Tree height pre-scaling: 0.7149782518811498, input timescale: 1.0
Tree height after scaling: 1.0, mutation rate: 0.7149782518811498
Tree height pre-scaling: 0.7149783130521643, input timescale: 1.0
Tree height after scaling: 1.0, mutation rate: 0.7149783130521643
Tree height pre-scaling: 0.714977943143376, input timescale: 1.0
Tree height after scaling: 1.0, mutation rate: 0.714977943143376
Tree height pre-scaling: 0.7149780043219072, input timescale: 1.0
Tree height after scaling: 1.0, mutation rate: 0.7149780043219072
Tree height pre-scaling: 0.7149783356552386, input timescale: 1.0
Tree height after scaling: 0.9999999999999999, mutation rate: 0.7149783356552386
Tree height pre-scaling: 0.714977973803591, input timescale: 1.0
Tree height after scaling: 1.0, mutation rate: 0.714977973803591
Tree height pre-scaling: 0.7149781411898082, input timescale: 1.0
Tree height after scaling: 1.0, mutation rate: 0.7149781411898082
Tree height pre-scaling: 0.714978204123777, input timescale: 1.0
Tree height after scaling: 1.0000000000000002, mutation rate: 0.714978204123777
Tree height pre-scaling: 0.7149780005931816, input timescale: 1.0
Tree height after scaling: 1.0, mutation rate: 0.7149780005931816
Tree height pre-scaling: 0.714977926990271, input timescale: 1.0
Tree height after scaling: 1.0000000000000002, mutation rate: 0.714977926990271
Tree height pre-scaling: 0.7149782308881039, input timescale: 1.0
Tree height after scaling: 1.0000000000000002, mutation rate: 0.7149782308881039
Runtime (s): 4.069937208
