Launching LAML version 0.0.4
LAML was called as follows: /Users/uym2/my_gits/LAML/run_laml.py -c ../../evaluation/Bar11/Bar11_character_matrix.txt -t place_outlier3/augmented_tree_201.nwk -o place_outlier3/augmented_tree_201_optimized -v -p ../../evaluation/Bar11/Bar11_priors.pickle --delimiter tab -m -1 --nInitials 1
Prior keys mismatch with site names.
Prior keys: [0, 1, 2, 3, 4, 5, 6, 7, 8, 9, 10, 11, 12, 13, 14, 15, 16, 17, 18, 19, 20, 21, 22, 23, 24, 25, 26]
Site names: ['r1', 'r2', 'r3', 'r4', 'r5', 'r6', 'r7', 'r8', 'r9', 'r10', 'r11', 'r12', 'r13', 'r14', 'r15', 'r16', 'r17', 'r18', 'r19', 'r20', 'r21', 'r22', 'r23', 'r24', 'r25', 'r26', 'r27']
Attempting to infer mapping between site names and prior keys...
{'r1': 0, 'r2': 1, 'r3': 2, 'r4': 3, 'r5': 4, 'r6': 5, 'r7': 6, 'r8': 7, 'r9': 8, 'r10': 9, 'r11': 10, 'r12': 11, 'r13': 12, 'r14': 13, 'r15': 14, 'r16': 15, 'r17': 16, 'r18': 17, 'r19': 18, 'r20': 19, 'r21': 20, 'r22': 21, 'r23': 22, 'r24': 23, 'r25': 24, 'r26': 25, 'r27': 26}
Optimizing branch lengths, phi, and nu without topology search
Optimization by EM algorithm
Optimization start with 1 initials
Initial point 1. Random seed: 3931
Numerical optimization started with ultrametric constraint (default)
Initial phi: 0. Initial nu: 0.26955655566205877. Initial nllh: 8759.994064840505
Starting EM iter: 1
Estep
Estep runtime (s): 0.062499046325683594
Mstep
Optimizing phi
Optimizing branch lengths. Current phi: 0. Current nu:0.26955655566205877
Optimizing nu
Mstep runtime (s): 0.23129868507385254
Finished EM iter: 1. Current nllh: 7206.551514167768
Starting EM iter: 2
Estep
Estep runtime (s): 0.08585476875305176
Mstep
Optimizing phi
Optimizing branch lengths. Current phi: 0. Current nu:0.27572648048913784
Optimizing nu
Mstep runtime (s): 0.21723699569702148
Finished EM iter: 2. Current nllh: 7172.097369127875
Starting EM iter: 3
Estep
Estep runtime (s): 0.09048986434936523
Mstep
Optimizing phi
Optimizing branch lengths. Current phi: 0. Current nu:0.2725138782241033
Optimizing nu
Mstep runtime (s): 0.20602989196777344
Finished EM iter: 3. Current nllh: 7168.455879142282
Starting EM iter: 4
Estep
Estep runtime (s): 0.08742284774780273
Mstep
Optimizing phi
Optimizing branch lengths. Current phi: 0. Current nu:0.2702980713828454
Optimizing nu
Mstep runtime (s): 0.20406293869018555
Finished EM iter: 4. Current nllh: 7168.032239534665
Starting EM iter: 5
Estep
Estep runtime (s): 0.08585500717163086
Mstep
Optimizing phi
Optimizing branch lengths. Current phi: 0. Current nu:0.26947357120600496
Optimizing nu
Mstep runtime (s): 0.21495294570922852
Finished EM iter: 5. Current nllh: 7167.887939618836
Starting EM iter: 6
Estep
Estep runtime (s): 0.08875417709350586
Mstep
Optimizing phi
Optimizing branch lengths. Current phi: 0. Current nu:0.2692359503041183
Optimizing nu
Mstep runtime (s): 0.21453070640563965
Finished EM iter: 6. Current nllh: 7167.806388168924
Starting EM iter: 7
Estep
Estep runtime (s): 0.08977389335632324
Mstep
Optimizing phi
Optimizing branch lengths. Current phi: 0. Current nu:0.26919100260614387
Optimizing nu
Mstep runtime (s): 0.19307589530944824
Finished EM iter: 7. Current nllh: 7167.753070316624
Starting EM iter: 8
Estep
Estep runtime (s): 0.08685803413391113
Mstep
Optimizing phi
Optimizing branch lengths. Current phi: 0. Current nu:0.26919875728603526
Optimizing nu
Mstep runtime (s): 0.21043705940246582
Finished EM iter: 8. Current nllh: 7167.715932824344
Starting EM iter: 9
Estep
Estep runtime (s): 0.08627891540527344
Mstep
Optimizing phi
Optimizing branch lengths. Current phi: 0. Current nu:0.26921891899923006
Optimizing nu
Mstep runtime (s): 0.19690418243408203
Finished EM iter: 9. Current nllh: 7167.689593662644
Starting EM iter: 10
Estep
Estep runtime (s): 0.08609938621520996
Mstep
Optimizing phi
Optimizing branch lengths. Current phi: 0. Current nu:0.26923814119147815
Optimizing nu
Mstep runtime (s): 0.23936796188354492
Finished EM iter: 10. Current nllh: 7167.67091570792
Starting EM iter: 11
Estep
Estep runtime (s): 0.08676886558532715
Mstep
Optimizing phi
Optimizing branch lengths. Current phi: 0. Current nu:0.2692537740812721
Optimizing nu
Mstep runtime (s): 0.2423381805419922
Finished EM iter: 11. Current nllh: 7167.6617821583695
Starting EM iter: 12
Estep
Estep runtime (s): 0.08672094345092773
Mstep
Optimizing phi
Optimizing branch lengths. Current phi: 0. Current nu:0.26926371110690767
Optimizing nu
Mstep runtime (s): 0.19730377197265625
Finished EM iter: 12. Current nllh: 7167.654886110125
Starting EM iter: 13
Estep
Estep runtime (s): 0.08806800842285156
Mstep
Optimizing phi
Optimizing branch lengths. Current phi: 0. Current nu:0.26927400981542793
Optimizing nu
Mstep runtime (s): 0.20160388946533203
Finished EM iter: 13. Current nllh: 7167.649279415835
Starting EM iter: 14
Estep
Estep runtime (s): 0.08705902099609375
Mstep
Optimizing phi
Optimizing branch lengths. Current phi: 0. Current nu:0.2692830099564499
Optimizing nu
Mstep runtime (s): 0.21715593338012695
Finished EM iter: 14. Current nllh: 7167.64843900575
Starting EM iter: 15
Estep
Estep runtime (s): 0.08664917945861816
Mstep
Optimizing phi
Optimizing branch lengths. Current phi: 0. Current nu:0.26928651837999523
Optimizing nu
Mstep runtime (s): 0.19666671752929688
Finished EM iter: 15. Current nllh: 7167.6484864931845
EM finished after 15 iterations.
Optimal phi: 0. Optimal nu: 0.2692884565625804. Optimal nllh: 7167.6484864931845
Optimal point found for initial point 1
Numerical optimization finished successfully
Tree height pre-scaling: 0.7108838832506055, input timescale: 1.0
Tree height after scaling: 1.0, mutation rate: 0.7108838832506055
Tree height pre-scaling: 0.7108838832524722, input timescale: 1.0
Tree height after scaling: 1.0, mutation rate: 0.7108838832524722
Tree height pre-scaling: 0.7108838833021242, input timescale: 1.0
Tree height after scaling: 1.0, mutation rate: 0.7108838833021242
Tree height pre-scaling: 0.7108838833104338, input timescale: 1.0
Tree height after scaling: 1.0, mutation rate: 0.7108838833104338
Tree height pre-scaling: 0.7108838832329013, input timescale: 1.0
Tree height after scaling: 1.0, mutation rate: 0.7108838832329013
Tree height pre-scaling: 0.7108838832486711, input timescale: 1.0
Tree height after scaling: 1.0, mutation rate: 0.7108838832486711
Tree height pre-scaling: 0.7108838833132778, input timescale: 1.0
Tree height after scaling: 0.9999999999999998, mutation rate: 0.7108838833132778
Tree height pre-scaling: 0.7108838832417674, input timescale: 1.0
Tree height after scaling: 1.0, mutation rate: 0.7108838832417674
Tree height pre-scaling: 0.7108838832747706, input timescale: 1.0
Tree height after scaling: 1.0, mutation rate: 0.7108838832747706
Tree height pre-scaling: 0.7108838832837512, input timescale: 1.0
Tree height after scaling: 0.9999999999999999, mutation rate: 0.7108838832837512
Tree height pre-scaling: 0.7108838832490538, input timescale: 1.0
Tree height after scaling: 1.0, mutation rate: 0.7108838832490538
Tree height pre-scaling: 0.7108838832312487, input timescale: 1.0
Tree height after scaling: 1.0, mutation rate: 0.7108838832312487
Tree height pre-scaling: 0.7108838833225767, input timescale: 1.0
Tree height after scaling: 1.0, mutation rate: 0.7108838833225767
Runtime (s): 4.992750709
