Launching LAML version 0.0.4
LAML was called as follows: /Users/uym2/my_gits/LAML/run_laml.py -c ../../evaluation/Bar11/Bar11_character_matrix.txt -t place_outlier3/augmented_tree_326.nwk -o place_outlier3/augmented_tree_326_optimized -v -p ../../evaluation/Bar11/Bar11_priors.pickle --delimiter tab -m -1 --nInitials 1
Prior keys mismatch with site names.
Prior keys: [0, 1, 2, 3, 4, 5, 6, 7, 8, 9, 10, 11, 12, 13, 14, 15, 16, 17, 18, 19, 20, 21, 22, 23, 24, 25, 26]
Site names: ['r1', 'r2', 'r3', 'r4', 'r5', 'r6', 'r7', 'r8', 'r9', 'r10', 'r11', 'r12', 'r13', 'r14', 'r15', 'r16', 'r17', 'r18', 'r19', 'r20', 'r21', 'r22', 'r23', 'r24', 'r25', 'r26', 'r27']
Attempting to infer mapping between site names and prior keys...
{'r1': 0, 'r2': 1, 'r3': 2, 'r4': 3, 'r5': 4, 'r6': 5, 'r7': 6, 'r8': 7, 'r9': 8, 'r10': 9, 'r11': 10, 'r12': 11, 'r13': 12, 'r14': 13, 'r15': 14, 'r16': 15, 'r17': 16, 'r18': 17, 'r19': 18, 'r20': 19, 'r21': 20, 'r22': 21, 'r23': 22, 'r24': 23, 'r25': 24, 'r26': 25, 'r27': 26}
Optimizing branch lengths, phi, and nu without topology search
Optimization by EM algorithm
Optimization start with 1 initials
Initial point 1. Random seed: 233
Numerical optimization started with ultrametric constraint (default)
Initial phi: 0. Initial nu: 0.26955655566205877. Initial nllh: 8599.257153332097
Starting EM iter: 1
Estep
Estep runtime (s): 0.06459903717041016
Mstep
Optimizing phi
Optimizing branch lengths. Current phi: 0. Current nu:0.26955655566205877
Optimizing nu
Mstep runtime (s): 0.2676737308502197
Finished EM iter: 1. Current nllh: 7172.75999446208
Starting EM iter: 2
Estep
Estep runtime (s): 0.13106107711791992
Mstep
Optimizing phi
Optimizing branch lengths. Current phi: 0. Current nu:0.27265407283044324
Optimizing nu
Mstep runtime (s): 0.2153792381286621
Finished EM iter: 2. Current nllh: 7158.9312936124625
Starting EM iter: 3
Estep
Estep runtime (s): 0.09131908416748047
Mstep
Optimizing phi
Optimizing branch lengths. Current phi: 0. Current nu:0.271783748344428
Optimizing nu
Mstep runtime (s): 0.2062981128692627
Finished EM iter: 3. Current nllh: 7157.086872884142
Starting EM iter: 4
Estep
Estep runtime (s): 0.08690810203552246
Mstep
Optimizing phi
Optimizing branch lengths. Current phi: 0. Current nu:0.2709179895883212
Optimizing nu
Mstep runtime (s): 0.22853708267211914
Finished EM iter: 4. Current nllh: 7156.651095181191
Starting EM iter: 5
Estep
Estep runtime (s): 0.09200215339660645
Mstep
Optimizing phi
Optimizing branch lengths. Current phi: 0. Current nu:0.27041880451513695
Optimizing nu
Mstep runtime (s): 0.20238733291625977
Finished EM iter: 5. Current nllh: 7156.506777631551
Starting EM iter: 6
Estep
Estep runtime (s): 0.08700227737426758
Mstep
Optimizing phi
Optimizing branch lengths. Current phi: 0. Current nu:0.2701685798947047
Optimizing nu
Mstep runtime (s): 0.18475699424743652
Finished EM iter: 6. Current nllh: 7156.4546822815355
Starting EM iter: 7
Estep
Estep runtime (s): 0.08649897575378418
Mstep
Optimizing phi
Optimizing branch lengths. Current phi: 0. Current nu:0.27004606282630933
Optimizing nu
Mstep runtime (s): 0.1939709186553955
Finished EM iter: 7. Current nllh: 7156.426014529182
Starting EM iter: 8
Estep
Estep runtime (s): 0.08626389503479004
Mstep
Optimizing phi
Optimizing branch lengths. Current phi: 0. Current nu:0.26998923531736885
Optimizing nu
Mstep runtime (s): 0.2597229480743408
Finished EM iter: 8. Current nllh: 7156.407859736675
Starting EM iter: 9
Estep
Estep runtime (s): 0.08603405952453613
Mstep
Optimizing phi
Optimizing branch lengths. Current phi: 0. Current nu:0.2699624537719656
Optimizing nu
Mstep runtime (s): 0.21192693710327148
Finished EM iter: 9. Current nllh: 7156.395847090657
Starting EM iter: 10
Estep
Estep runtime (s): 0.08607792854309082
Mstep
Optimizing phi
Optimizing branch lengths. Current phi: 0. Current nu:0.26994990365764737
Optimizing nu
Mstep runtime (s): 0.20288419723510742
Finished EM iter: 10. Current nllh: 7156.387511474164
Starting EM iter: 11
Estep
Estep runtime (s): 0.08631515502929688
Mstep
Optimizing phi
Optimizing branch lengths. Current phi: 0. Current nu:0.26994362663637955
Optimizing nu
Mstep runtime (s): 0.21050810813903809
Finished EM iter: 11. Current nllh: 7156.386895476747
Starting EM iter: 12
Estep
Estep runtime (s): 0.08614993095397949
Mstep
Optimizing phi
Optimizing branch lengths. Current phi: 0. Current nu:0.26993636386116376
Optimizing nu
Mstep runtime (s): 0.2277989387512207
Finished EM iter: 12. Current nllh: 7156.386977266504
Starting EM iter: 13
Estep
Estep runtime (s): 0.08629202842712402
Mstep
Optimizing phi
Optimizing branch lengths. Current phi: 0. Current nu:0.26993296836097863
Optimizing nu
Mstep runtime (s): 0.20218300819396973
Finished EM iter: 13. Current nllh: 7156.387104201251
Starting EM iter: 14
Estep
Estep runtime (s): 0.08679389953613281
Mstep
Optimizing phi
Optimizing branch lengths. Current phi: 0. Current nu:0.2699320139900099
Optimizing nu
Mstep runtime (s): 0.21312880516052246
Finished EM iter: 14. Current nllh: 7156.386988780489
Starting EM iter: 15
Estep
Estep runtime (s): 0.08708524703979492
Mstep
Optimizing phi
Optimizing branch lengths. Current phi: 0. Current nu:0.26993122021054183
Optimizing nu
Mstep runtime (s): 0.208418607711792
Finished EM iter: 15. Current nllh: 7156.386976643809
EM finished after 15 iterations.
Optimal phi: 0. Optimal nu: 0.26993171908125446. Optimal nllh: 7156.386976643809
Optimal point found for initial point 1
Numerical optimization finished successfully
Tree height pre-scaling: 0.708658555680327, input timescale: 1.0
Tree height after scaling: 1.0, mutation rate: 0.708658555680327
Tree height pre-scaling: 0.7086585235556265, input timescale: 1.0
Tree height after scaling: 0.9999999999999998, mutation rate: 0.7086585235556265
Tree height pre-scaling: 0.7086588089536837, input timescale: 1.0
Tree height after scaling: 1.0, mutation rate: 0.7086588089536837
Tree height pre-scaling: 0.70865848871174, input timescale: 1.0
Tree height after scaling: 1.0, mutation rate: 0.70865848871174
Tree height pre-scaling: 0.7086586396116501, input timescale: 1.0
Tree height after scaling: 1.0, mutation rate: 0.7086586396116501
Tree height pre-scaling: 0.7086586684759251, input timescale: 1.0
Tree height after scaling: 1.0, mutation rate: 0.7086586684759251
Tree height pre-scaling: 0.7086585239462896, input timescale: 1.0
Tree height after scaling: 1.0, mutation rate: 0.7086585239462896
Tree height pre-scaling: 0.7086584421915083, input timescale: 1.0
Tree height after scaling: 0.9999999999999999, mutation rate: 0.7086584421915083
Tree height pre-scaling: 0.7086586358520368, input timescale: 1.0
Tree height after scaling: 1.0, mutation rate: 0.7086586358520368
Tree height pre-scaling: 0.7086587464100269, input timescale: 1.0
Tree height after scaling: 0.9999999999999999, mutation rate: 0.7086587464100269
Tree height pre-scaling: 0.7086586887470738, input timescale: 1.0
Tree height after scaling: 1.0, mutation rate: 0.7086586887470738
Tree height pre-scaling: 0.7086586787560956, input timescale: 1.0
Tree height after scaling: 1.0, mutation rate: 0.7086586787560956
Tree height pre-scaling: 0.7086582846163356, input timescale: 1.0
Tree height after scaling: 1.0, mutation rate: 0.7086582846163356
Runtime (s): 5.086554958
