Launching LAML version 0.0.4
LAML was called as follows: /Users/uym2/my_gits/LAML/run_laml.py -c ../../evaluation/Bar11/Bar11_character_matrix.txt -t place_outlier3/augmented_tree_115.nwk -o place_outlier3/augmented_tree_115_optimized -v -p ../../evaluation/Bar11/Bar11_priors.pickle --delimiter tab -m -1 --nInitials 1
Prior keys mismatch with site names.
Prior keys: [0, 1, 2, 3, 4, 5, 6, 7, 8, 9, 10, 11, 12, 13, 14, 15, 16, 17, 18, 19, 20, 21, 22, 23, 24, 25, 26]
Site names: ['r1', 'r2', 'r3', 'r4', 'r5', 'r6', 'r7', 'r8', 'r9', 'r10', 'r11', 'r12', 'r13', 'r14', 'r15', 'r16', 'r17', 'r18', 'r19', 'r20', 'r21', 'r22', 'r23', 'r24', 'r25', 'r26', 'r27']
Attempting to infer mapping between site names and prior keys...
{'r1': 0, 'r2': 1, 'r3': 2, 'r4': 3, 'r5': 4, 'r6': 5, 'r7': 6, 'r8': 7, 'r9': 8, 'r10': 9, 'r11': 10, 'r12': 11, 'r13': 12, 'r14': 13, 'r15': 14, 'r16': 15, 'r17': 16, 'r18': 17, 'r19': 18, 'r20': 19, 'r21': 20, 'r22': 21, 'r23': 22, 'r24': 23, 'r25': 24, 'r26': 25, 'r27': 26}
Optimizing branch lengths, phi, and nu without topology search
Optimization by EM algorithm
Optimization start with 1 initials
Initial point 1. Random seed: 6110
Numerical optimization started with ultrametric constraint (default)
Initial phi: 0. Initial nu: 0.26955655566205877. Initial nllh: 8952.700833715513
Starting EM iter: 1
Estep
Estep runtime (s): 0.0644690990447998
Mstep
Optimizing phi
Optimizing branch lengths. Current phi: 0. Current nu:0.26955655566205877
Optimizing nu
Mstep runtime (s): 0.28926706314086914
Finished EM iter: 1. Current nllh: 7327.095172583653
Starting EM iter: 2
Estep
Estep runtime (s): 0.08613181114196777
Mstep
Optimizing phi
Optimizing branch lengths. Current phi: 0. Current nu:0.2735397463122028
Optimizing nu
Mstep runtime (s): 0.19699525833129883
Finished EM iter: 2. Current nllh: 7293.821792978618
Starting EM iter: 3
Estep
Estep runtime (s): 0.0860893726348877
Mstep
Optimizing phi
Optimizing branch lengths. Current phi: 0. Current nu:0.2700466154482359
Optimizing nu
Mstep runtime (s): 0.1964130401611328
Finished EM iter: 3. Current nllh: 7289.722949399218
Starting EM iter: 4
Estep
Estep runtime (s): 0.08603096008300781
Mstep
Optimizing phi
Optimizing branch lengths. Current phi: 0. Current nu:0.2672835601615725
Optimizing nu
Mstep runtime (s): 0.19420099258422852
Finished EM iter: 4. Current nllh: 7289.30699395525
Starting EM iter: 5
Estep
Estep runtime (s): 0.08611202239990234
Mstep
Optimizing phi
Optimizing branch lengths. Current phi: 0. Current nu:0.26608644626733685
Optimizing nu
Mstep runtime (s): 0.21547698974609375
Finished EM iter: 5. Current nllh: 7289.217784909888
Starting EM iter: 6
Estep
Estep runtime (s): 0.0862419605255127
Mstep
Optimizing phi
Optimizing branch lengths. Current phi: 0. Current nu:0.2656293277994253
Optimizing nu
Mstep runtime (s): 0.21909022331237793
Finished EM iter: 6. Current nllh: 7289.177285340235
Starting EM iter: 7
Estep
Estep runtime (s): 0.08610200881958008
Mstep
Optimizing phi
Optimizing branch lengths. Current phi: 0. Current nu:0.265456200628528
Optimizing nu
Mstep runtime (s): 0.18936705589294434
Finished EM iter: 7. Current nllh: 7289.153147212885
Starting EM iter: 8
Estep
Estep runtime (s): 0.08632898330688477
Mstep
Optimizing phi
Optimizing branch lengths. Current phi: 0. Current nu:0.2653885625302897
Optimizing nu
Mstep runtime (s): 0.21288704872131348
Finished EM iter: 8. Current nllh: 7289.137212328169
Starting EM iter: 9
Estep
Estep runtime (s): 0.08623003959655762
Mstep
Optimizing phi
Optimizing branch lengths. Current phi: 0. Current nu:0.26536144809223783
Optimizing nu
Mstep runtime (s): 0.21477794647216797
Finished EM iter: 9. Current nllh: 7289.12608841239
Starting EM iter: 10
Estep
Estep runtime (s): 0.08622407913208008
Mstep
Optimizing phi
Optimizing branch lengths. Current phi: 0. Current nu:0.26534907138205843
Optimizing nu
Mstep runtime (s): 0.19242095947265625
Finished EM iter: 10. Current nllh: 7289.11876310538
Starting EM iter: 11
Estep
Estep runtime (s): 0.0863187313079834
Mstep
Optimizing phi
Optimizing branch lengths. Current phi: 0. Current nu:0.2653437534953656
Optimizing nu
Mstep runtime (s): 0.2201979160308838
Finished EM iter: 11. Current nllh: 7289.118695826951
EM finished after 11 iterations.
Optimal phi: 0. Optimal nu: 0.26533796629526574. Optimal nllh: 7289.118695826951
Optimal point found for initial point 1
Numerical optimization finished successfully
Tree height pre-scaling: 0.7195236930635531, input timescale: 1.0
Tree height after scaling: 1.0, mutation rate: 0.7195236930635531
Tree height pre-scaling: 0.7195236930637213, input timescale: 1.0
Tree height after scaling: 1.0, mutation rate: 0.7195236930637213
Tree height pre-scaling: 0.7195236932386322, input timescale: 1.0
Tree height after scaling: 0.9999999999999999, mutation rate: 0.7195236932386322
Tree height pre-scaling: 0.7195236932599998, input timescale: 1.0
Tree height after scaling: 1.0, mutation rate: 0.7195236932599998
Tree height pre-scaling: 0.7195236932351342, input timescale: 1.0
Tree height after scaling: 1.0, mutation rate: 0.7195236932351342
Tree height pre-scaling: 0.7195236929887713, input timescale: 1.0
Tree height after scaling: 0.9999999999999999, mutation rate: 0.7195236929887713
Tree height pre-scaling: 0.7195236930517181, input timescale: 1.0
Tree height after scaling: 1.0, mutation rate: 0.7195236930517181
Tree height pre-scaling: 0.7195236929984599, input timescale: 1.0
Tree height after scaling: 1.0, mutation rate: 0.7195236929984599
Tree height pre-scaling: 0.7195236930502562, input timescale: 1.0
Tree height after scaling: 1.0, mutation rate: 0.7195236930502562
Tree height pre-scaling: 0.719523693281368, input timescale: 1.0
Tree height after scaling: 1.0, mutation rate: 0.719523693281368
Tree height pre-scaling: 0.7195236930272753, input timescale: 1.0
Tree height after scaling: 1.0, mutation rate: 0.7195236930272753
Tree height pre-scaling: 0.7195236931474467, input timescale: 1.0
Tree height after scaling: 1.0, mutation rate: 0.7195236931474467
Tree height pre-scaling: 0.7195236934860142, input timescale: 1.0
Tree height after scaling: 1.0, mutation rate: 0.7195236934860142
Runtime (s): 3.697972583
