Launching LAML version 0.0.4
LAML was called as follows: /Users/uym2/my_gits/LAML/run_laml.py -c ../../evaluation/Bar11/Bar11_character_matrix.txt -t place_outlier3/augmented_tree_184.nwk -o place_outlier3/augmented_tree_184_optimized -v -p ../../evaluation/Bar11/Bar11_priors.pickle --delimiter tab -m -1 --nInitials 1
Prior keys mismatch with site names.
Prior keys: [0, 1, 2, 3, 4, 5, 6, 7, 8, 9, 10, 11, 12, 13, 14, 15, 16, 17, 18, 19, 20, 21, 22, 23, 24, 25, 26]
Site names: ['r1', 'r2', 'r3', 'r4', 'r5', 'r6', 'r7', 'r8', 'r9', 'r10', 'r11', 'r12', 'r13', 'r14', 'r15', 'r16', 'r17', 'r18', 'r19', 'r20', 'r21', 'r22', 'r23', 'r24', 'r25', 'r26', 'r27']
Attempting to infer mapping between site names and prior keys...
{'r1': 0, 'r2': 1, 'r3': 2, 'r4': 3, 'r5': 4, 'r6': 5, 'r7': 6, 'r8': 7, 'r9': 8, 'r10': 9, 'r11': 10, 'r12': 11, 'r13': 12, 'r14': 13, 'r15': 14, 'r16': 15, 'r17': 16, 'r18': 17, 'r19': 18, 'r20': 19, 'r21': 20, 'r22': 21, 'r23': 22, 'r24': 23, 'r25': 24, 'r26': 25, 'r27': 26}
Optimizing branch lengths, phi, and nu without topology search
Optimization by EM algorithm
Optimization start with 1 initials
Initial point 1. Random seed: 9046
Numerical optimization started with ultrametric constraint (default)
Initial phi: 0. Initial nu: 0.26955655566205877. Initial nllh: 8763.033271409158
Starting EM iter: 1
Estep
Estep runtime (s): 0.06337499618530273
Mstep
Optimizing phi
Optimizing branch lengths. Current phi: 0. Current nu:0.26955655566205877
Optimizing nu
Mstep runtime (s): 0.2215900421142578
Finished EM iter: 1. Current nllh: 7267.362338197777
Starting EM iter: 2
Estep
Estep runtime (s): 0.08646106719970703
Mstep
Optimizing phi
Optimizing branch lengths. Current phi: 0. Current nu:0.2751427534776042
Optimizing nu
Mstep runtime (s): 0.19873714447021484
Finished EM iter: 2. Current nllh: 7234.224034624031
Starting EM iter: 3
Estep
Estep runtime (s): 0.08718729019165039
Mstep
Optimizing phi
Optimizing branch lengths. Current phi: 0. Current nu:0.2707703214883054
Optimizing nu
Mstep runtime (s): 0.18708109855651855
Finished EM iter: 3. Current nllh: 7230.951141694248
Starting EM iter: 4
Estep
Estep runtime (s): 0.08706283569335938
Mstep
Optimizing phi
Optimizing branch lengths. Current phi: 0. Current nu:0.26790659617803875
Optimizing nu
Mstep runtime (s): 0.20692873001098633
Finished EM iter: 4. Current nllh: 7230.690623068647
Starting EM iter: 5
Estep
Estep runtime (s): 0.08707499504089355
Mstep
Optimizing phi
Optimizing branch lengths. Current phi: 0. Current nu:0.2667889945859574
Optimizing nu
Mstep runtime (s): 0.1877729892730713
Finished EM iter: 5. Current nllh: 7230.631945659237
Starting EM iter: 6
Estep
Estep runtime (s): 0.08728694915771484
Mstep
Optimizing phi
Optimizing branch lengths. Current phi: 0. Current nu:0.2664097956620684
Optimizing nu
Mstep runtime (s): 0.21310114860534668
Finished EM iter: 6. Current nllh: 7230.600882598699
Starting EM iter: 7
Estep
Estep runtime (s): 0.08715510368347168
Mstep
Optimizing phi
Optimizing branch lengths. Current phi: 0. Current nu:0.26628235966245845
Optimizing nu
Mstep runtime (s): 0.2089242935180664
Finished EM iter: 7. Current nllh: 7230.580227865999
Starting EM iter: 8
Estep
Estep runtime (s): 0.08712601661682129
Mstep
Optimizing phi
Optimizing branch lengths. Current phi: 0. Current nu:0.2662384760943838
Optimizing nu
Mstep runtime (s): 0.20751118659973145
Finished EM iter: 8. Current nllh: 7230.565639196242
Starting EM iter: 9
Estep
Estep runtime (s): 0.08712911605834961
Mstep
Optimizing phi
Optimizing branch lengths. Current phi: 0. Current nu:0.26622223803298745
Optimizing nu
Mstep runtime (s): 0.20192599296569824
Finished EM iter: 9. Current nllh: 7230.555166814875
Starting EM iter: 10
Estep
Estep runtime (s): 0.08715605735778809
Mstep
Optimizing phi
Optimizing branch lengths. Current phi: 0. Current nu:0.2662155526677823
Optimizing nu
Mstep runtime (s): 0.18880891799926758
Finished EM iter: 10. Current nllh: 7230.548235027743
Starting EM iter: 11
Estep
Estep runtime (s): 0.08744025230407715
Mstep
Optimizing phi
Optimizing branch lengths. Current phi: 0. Current nu:0.2662122995907589
Optimizing nu
Mstep runtime (s): 0.20612144470214844
Finished EM iter: 11. Current nllh: 7230.548268958925
EM finished after 11 iterations.
Optimal phi: 0. Optimal nu: 0.2662065485653873. Optimal nllh: 7230.548268958925
Optimal point found for initial point 1
Numerical optimization finished successfully
Tree height pre-scaling: 0.7148419957213213, input timescale: 1.0
Tree height after scaling: 1.0, mutation rate: 0.7148419957213213
Tree height pre-scaling: 0.7148419957508315, input timescale: 1.0
Tree height after scaling: 1.0, mutation rate: 0.7148419957508315
Tree height pre-scaling: 0.7148419960709824, input timescale: 1.0
Tree height after scaling: 0.9999999999999999, mutation rate: 0.7148419960709824
Tree height pre-scaling: 0.7148419961469451, input timescale: 1.0
Tree height after scaling: 1.0, mutation rate: 0.7148419961469451
Tree height pre-scaling: 0.7148419956109742, input timescale: 1.0
Tree height after scaling: 1.0, mutation rate: 0.7148419956109742
Tree height pre-scaling: 0.7148419956963146, input timescale: 1.0
Tree height after scaling: 1.0, mutation rate: 0.7148419956963146
Tree height pre-scaling: 0.71484199616676, input timescale: 1.0
Tree height after scaling: 1.0, mutation rate: 0.71484199616676
Tree height pre-scaling: 0.7148419956566785, input timescale: 1.0
Tree height after scaling: 1.0, mutation rate: 0.7148419956566785
Tree height pre-scaling: 0.714841995881321, input timescale: 1.0
Tree height after scaling: 1.0, mutation rate: 0.714841995881321
Tree height pre-scaling: 0.7148419959785622, input timescale: 1.0
Tree height after scaling: 1.0, mutation rate: 0.7148419959785622
Tree height pre-scaling: 0.7148419956957941, input timescale: 1.0
Tree height after scaling: 1.0, mutation rate: 0.7148419956957941
Tree height pre-scaling: 0.7148419955888601, input timescale: 1.0
Tree height after scaling: 1.0, mutation rate: 0.7148419955888601
Tree height pre-scaling: 0.7148419961384487, input timescale: 1.0
Tree height after scaling: 0.9999999999999998, mutation rate: 0.7148419961384487
Runtime (s): 3.59985025
