Launching LAML version 0.0.4
LAML was called as follows: /Users/uym2/my_gits/LAML/run_laml.py -c ../../evaluation/Bar11/Bar11_character_matrix.txt -t place_outlier3/augmented_tree_261.nwk -o place_outlier3/augmented_tree_261_optimized -v -p ../../evaluation/Bar11/Bar11_priors.pickle --delimiter tab -m -1 --nInitials 1
Prior keys mismatch with site names.
Prior keys: [0, 1, 2, 3, 4, 5, 6, 7, 8, 9, 10, 11, 12, 13, 14, 15, 16, 17, 18, 19, 20, 21, 22, 23, 24, 25, 26]
Site names: ['r1', 'r2', 'r3', 'r4', 'r5', 'r6', 'r7', 'r8', 'r9', 'r10', 'r11', 'r12', 'r13', 'r14', 'r15', 'r16', 'r17', 'r18', 'r19', 'r20', 'r21', 'r22', 'r23', 'r24', 'r25', 'r26', 'r27']
Attempting to infer mapping between site names and prior keys...
{'r1': 0, 'r2': 1, 'r3': 2, 'r4': 3, 'r5': 4, 'r6': 5, 'r7': 6, 'r8': 7, 'r9': 8, 'r10': 9, 'r11': 10, 'r12': 11, 'r13': 12, 'r14': 13, 'r15': 14, 'r16': 15, 'r17': 16, 'r18': 17, 'r19': 18, 'r20': 19, 'r21': 20, 'r22': 21, 'r23': 22, 'r24': 23, 'r25': 24, 'r26': 25, 'r27': 26}
Optimizing branch lengths, phi, and nu without topology search
Optimization by EM algorithm
Optimization start with 1 initials
Initial point 1. Random seed: 1373
Numerical optimization started with ultrametric constraint (default)
Initial phi: 0. Initial nu: 0.26955655566205877. Initial nllh: 8512.074685758624
Starting EM iter: 1
Estep
Estep runtime (s): 0.06375288963317871
Mstep
Optimizing phi
Optimizing branch lengths. Current phi: 0. Current nu:0.26955655566205877
Optimizing nu
Mstep runtime (s): 0.20570707321166992
Finished EM iter: 1. Current nllh: 7196.564241779796
Starting EM iter: 2
Estep
Estep runtime (s): 0.08358311653137207
Mstep
Optimizing phi
Optimizing branch lengths. Current phi: 0. Current nu:0.27952164417886866
Optimizing nu
Mstep runtime (s): 0.2321488857269287
Finished EM iter: 2. Current nllh: 7161.8626800261945
Starting EM iter: 3
Estep
Estep runtime (s): 0.08365511894226074
Mstep
Optimizing phi
Optimizing branch lengths. Current phi: 0. Current nu:0.2762095953719077
Optimizing nu
Mstep runtime (s): 0.27799391746520996
Finished EM iter: 3. Current nllh: 7157.59619543443
Starting EM iter: 4
Estep
Estep runtime (s): 0.0841672420501709
Mstep
Optimizing phi
Optimizing branch lengths. Current phi: 0. Current nu:0.27333265482968516
Optimizing nu
Mstep runtime (s): 0.19265317916870117
Finished EM iter: 4. Current nllh: 7157.113477052351
Starting EM iter: 5
Estep
Estep runtime (s): 0.08372974395751953
Mstep
Optimizing phi
Optimizing branch lengths. Current phi: 0. Current nu:0.27210089141158245
Optimizing nu
Mstep runtime (s): 0.20543289184570312
Finished EM iter: 5. Current nllh: 7156.976629049503
Starting EM iter: 6
Estep
Estep runtime (s): 0.0865640640258789
Mstep
Optimizing phi
Optimizing branch lengths. Current phi: 0. Current nu:0.2716636204387034
Optimizing nu
Mstep runtime (s): 0.2208719253540039
Finished EM iter: 6. Current nllh: 7156.936025399721
Starting EM iter: 7
Estep
Estep runtime (s): 0.08502078056335449
Mstep
Optimizing phi
Optimizing branch lengths. Current phi: 0. Current nu:0.2715047943514741
Optimizing nu
Mstep runtime (s): 0.22044110298156738
Finished EM iter: 7. Current nllh: 7156.910374528784
Starting EM iter: 8
Estep
Estep runtime (s): 0.08396577835083008
Mstep
Optimizing phi
Optimizing branch lengths. Current phi: 0. Current nu:0.27144946733367564
Optimizing nu
Mstep runtime (s): 0.20271706581115723
Finished EM iter: 8. Current nllh: 7156.8926224497345
Starting EM iter: 9
Estep
Estep runtime (s): 0.08392190933227539
Mstep
Optimizing phi
Optimizing branch lengths. Current phi: 0. Current nu:0.27142940630399637
Optimizing nu
Mstep runtime (s): 0.19302797317504883
Finished EM iter: 9. Current nllh: 7156.880085126497
Starting EM iter: 10
Estep
Estep runtime (s): 0.08379507064819336
Mstep
Optimizing phi
Optimizing branch lengths. Current phi: 0. Current nu:0.2714219548068397
Optimizing nu
Mstep runtime (s): 0.18869495391845703
Finished EM iter: 10. Current nllh: 7156.87105878818
Starting EM iter: 11
Estep
Estep runtime (s): 0.08396220207214355
Mstep
Optimizing phi
Optimizing branch lengths. Current phi: 0. Current nu:0.2714181405928767
Optimizing nu
Mstep runtime (s): 0.22755098342895508
Finished EM iter: 11. Current nllh: 7156.868236439309
Starting EM iter: 12
Estep
Estep runtime (s): 0.08382487297058105
Mstep
Optimizing phi
Optimizing branch lengths. Current phi: 0. Current nu:0.2714133067669204
Optimizing nu
Mstep runtime (s): 0.21468281745910645
Finished EM iter: 12. Current nllh: 7156.868243254485
EM finished after 12 iterations.
Optimal phi: 0. Optimal nu: 0.2714095517404432. Optimal nllh: 7156.868243254485
Optimal point found for initial point 1
Numerical optimization finished successfully
Tree height pre-scaling: 0.7096303562404845, input timescale: 1.0
Tree height after scaling: 1.0, mutation rate: 0.7096303562404845
Tree height pre-scaling: 0.7096303937377014, input timescale: 1.0
Tree height after scaling: 1.0, mutation rate: 0.7096303937377014
Tree height pre-scaling: 0.709630578882974, input timescale: 1.0
Tree height after scaling: 1.0, mutation rate: 0.709630578882974
Tree height pre-scaling: 0.709630294004987, input timescale: 1.0
Tree height after scaling: 1.0, mutation rate: 0.709630294004987
Tree height pre-scaling: 0.7096303368916955, input timescale: 1.0
Tree height after scaling: 1.0, mutation rate: 0.7096303368916955
Tree height pre-scaling: 0.7096306662944202, input timescale: 1.0
Tree height after scaling: 1.0, mutation rate: 0.7096306662944202
Tree height pre-scaling: 0.7096303089911059, input timescale: 1.0
Tree height after scaling: 1.0, mutation rate: 0.7096303089911059
Tree height pre-scaling: 0.7096304732046801, input timescale: 1.0
Tree height after scaling: 1.0, mutation rate: 0.7096304732046801
Tree height pre-scaling: 0.7096305514006045, input timescale: 1.0
Tree height after scaling: 1.0, mutation rate: 0.7096305514006045
Tree height pre-scaling: 0.7096303306529581, input timescale: 1.0
Tree height after scaling: 1.0, mutation rate: 0.7096303306529581
Tree height pre-scaling: 0.7096302689266683, input timescale: 1.0
Tree height after scaling: 1.0, mutation rate: 0.7096302689266683
Tree height pre-scaling: 0.7096304677715507, input timescale: 1.0
Tree height after scaling: 1.0, mutation rate: 0.7096304677715507
Tree height pre-scaling: 0.7096305933458923, input timescale: 1.0
Tree height after scaling: 1.0, mutation rate: 0.7096305933458923
Runtime (s): 4.018257333
