Launching LAML version 0.0.4
LAML was called as follows: /Users/uym2/my_gits/LAML/run_laml.py -c ../../evaluation/Bar11/Bar11_character_matrix.txt -t place_outlier3/augmented_tree_165.nwk -o place_outlier3/augmented_tree_165_optimized -v -p ../../evaluation/Bar11/Bar11_priors.pickle --delimiter tab -m -1 --nInitials 1
Prior keys mismatch with site names.
Prior keys: [0, 1, 2, 3, 4, 5, 6, 7, 8, 9, 10, 11, 12, 13, 14, 15, 16, 17, 18, 19, 20, 21, 22, 23, 24, 25, 26]
Site names: ['r1', 'r2', 'r3', 'r4', 'r5', 'r6', 'r7', 'r8', 'r9', 'r10', 'r11', 'r12', 'r13', 'r14', 'r15', 'r16', 'r17', 'r18', 'r19', 'r20', 'r21', 'r22', 'r23', 'r24', 'r25', 'r26', 'r27']
Attempting to infer mapping between site names and prior keys...
{'r1': 0, 'r2': 1, 'r3': 2, 'r4': 3, 'r5': 4, 'r6': 5, 'r7': 6, 'r8': 7, 'r9': 8, 'r10': 9, 'r11': 10, 'r12': 11, 'r13': 12, 'r14': 13, 'r15': 14, 'r16': 15, 'r17': 16, 'r18': 17, 'r19': 18, 'r20': 19, 'r21': 20, 'r22': 21, 'r23': 22, 'r24': 23, 'r25': 24, 'r26': 25, 'r27': 26}
Optimizing branch lengths, phi, and nu without topology search
Optimization by EM algorithm
Optimization start with 1 initials
Initial point 1. Random seed: 8094
Numerical optimization started with ultrametric constraint (default)
Initial phi: 0. Initial nu: 0.26955655566205877. Initial nllh: 8755.571190126713
Starting EM iter: 1
Estep
Estep runtime (s): 0.061858177185058594
Mstep
Optimizing phi
Optimizing branch lengths. Current phi: 0. Current nu:0.26955655566205877
Optimizing nu
Mstep runtime (s): 0.2033390998840332
Finished EM iter: 1. Current nllh: 7235.477688299222
Starting EM iter: 2
Estep
Estep runtime (s): 0.0837550163269043
Mstep
Optimizing phi
Optimizing branch lengths. Current phi: 0. Current nu:0.2762650011805659
Optimizing nu
Mstep runtime (s): 0.19240498542785645
Finished EM iter: 2. Current nllh: 7200.248582618659
Starting EM iter: 3
Estep
Estep runtime (s): 0.08437395095825195
Mstep
Optimizing phi
Optimizing branch lengths. Current phi: 0. Current nu:0.27243652191706824
Optimizing nu
Mstep runtime (s): 0.20877695083618164
Finished EM iter: 3. Current nllh: 7196.791125621806
Starting EM iter: 4
Estep
Estep runtime (s): 0.08434295654296875
Mstep
Optimizing phi
Optimizing branch lengths. Current phi: 0. Current nu:0.26977221228662385
Optimizing nu
Mstep runtime (s): 0.21405529975891113
Finished EM iter: 4. Current nllh: 7196.515319085385
Starting EM iter: 5
Estep
Estep runtime (s): 0.08378481864929199
Mstep
Optimizing phi
Optimizing branch lengths. Current phi: 0. Current nu:0.26872006618213984
Optimizing nu
Mstep runtime (s): 0.24284887313842773
Finished EM iter: 5. Current nllh: 7196.456121267048
Starting EM iter: 6
Estep
Estep runtime (s): 0.0840456485748291
Mstep
Optimizing phi
Optimizing branch lengths. Current phi: 0. Current nu:0.2683614220596734
Optimizing nu
Mstep runtime (s): 0.1958620548248291
Finished EM iter: 6. Current nllh: 7196.4252915059415
Starting EM iter: 7
Estep
Estep runtime (s): 0.08450603485107422
Mstep
Optimizing phi
Optimizing branch lengths. Current phi: 0. Current nu:0.26824197499059854
Optimizing nu
Mstep runtime (s): 0.23866820335388184
Finished EM iter: 7. Current nllh: 7196.404654617825
Starting EM iter: 8
Estep
Estep runtime (s): 0.08384013175964355
Mstep
Optimizing phi
Optimizing branch lengths. Current phi: 0. Current nu:0.2682011493704964
Optimizing nu
Mstep runtime (s): 0.2011730670928955
Finished EM iter: 8. Current nllh: 7196.39008050829
Starting EM iter: 9
Estep
Estep runtime (s): 0.08485913276672363
Mstep
Optimizing phi
Optimizing branch lengths. Current phi: 0. Current nu:0.2681859683408594
Optimizing nu
Mstep runtime (s): 0.19285988807678223
Finished EM iter: 9. Current nllh: 7196.379614922661
Starting EM iter: 10
Estep
Estep runtime (s): 0.08396387100219727
Mstep
Optimizing phi
Optimizing branch lengths. Current phi: 0. Current nu:0.26817980755706916
Optimizing nu
Mstep runtime (s): 0.19486594200134277
Finished EM iter: 10. Current nllh: 7196.37275448758
Starting EM iter: 11
Estep
Estep runtime (s): 0.08387923240661621
Mstep
Optimizing phi
Optimizing branch lengths. Current phi: 0. Current nu:0.2681763833023916
Optimizing nu
Mstep runtime (s): 0.2351701259613037
Finished EM iter: 11. Current nllh: 7196.372803220362
EM finished after 11 iterations.
Optimal phi: 0. Optimal nu: 0.26817131191874255. Optimal nllh: 7196.372803220362
Optimal point found for initial point 1
Numerical optimization finished successfully
Tree height pre-scaling: 0.7127210414387408, input timescale: 1.0
Tree height after scaling: 1.0, mutation rate: 0.7127210414387408
Tree height pre-scaling: 0.7127210414400775, input timescale: 1.0
Tree height after scaling: 1.0, mutation rate: 0.7127210414400775
Tree height pre-scaling: 0.7127210414664797, input timescale: 1.0
Tree height after scaling: 0.9999999999999999, mutation rate: 0.7127210414664797
Tree height pre-scaling: 0.712721041471054, input timescale: 1.0
Tree height after scaling: 1.0, mutation rate: 0.712721041471054
Tree height pre-scaling: 0.7127210414298288, input timescale: 1.0
Tree height after scaling: 1.0, mutation rate: 0.7127210414298288
Tree height pre-scaling: 0.7127210414373712, input timescale: 1.0
Tree height after scaling: 1.0, mutation rate: 0.7127210414373712
Tree height pre-scaling: 0.712721041472208, input timescale: 1.0
Tree height after scaling: 1.0, mutation rate: 0.712721041472208
Tree height pre-scaling: 0.7127210414339336, input timescale: 1.0
Tree height after scaling: 1.0, mutation rate: 0.7127210414339336
Tree height pre-scaling: 0.7127210414511123, input timescale: 1.0
Tree height after scaling: 1.0, mutation rate: 0.7127210414511123
Tree height pre-scaling: 0.7127210414573617, input timescale: 1.0
Tree height after scaling: 0.9999999999999999, mutation rate: 0.7127210414573617
Tree height pre-scaling: 0.7127210414376259, input timescale: 1.0
Tree height after scaling: 1.0, mutation rate: 0.7127210414376259
Tree height pre-scaling: 0.7127210414283786, input timescale: 1.0
Tree height after scaling: 1.0, mutation rate: 0.7127210414283786
Tree height pre-scaling: 0.7127210414948, input timescale: 1.0
Tree height after scaling: 1.0, mutation rate: 0.7127210414948
Runtime (s): 3.644080417
