Launching LAML version 0.0.4
LAML was called as follows: /Users/uym2/my_gits/LAML/run_laml.py -c ../../evaluation/Bar11/Bar11_character_matrix.txt -t place_outlier3/augmented_tree_37.nwk -o place_outlier3/augmented_tree_37_optimized -v -p ../../evaluation/Bar11/Bar11_priors.pickle --delimiter tab -m -1 --nInitials 1
Prior keys mismatch with site names.
Prior keys: [0, 1, 2, 3, 4, 5, 6, 7, 8, 9, 10, 11, 12, 13, 14, 15, 16, 17, 18, 19, 20, 21, 22, 23, 24, 25, 26]
Site names: ['r1', 'r2', 'r3', 'r4', 'r5', 'r6', 'r7', 'r8', 'r9', 'r10', 'r11', 'r12', 'r13', 'r14', 'r15', 'r16', 'r17', 'r18', 'r19', 'r20', 'r21', 'r22', 'r23', 'r24', 'r25', 'r26', 'r27']
Attempting to infer mapping between site names and prior keys...
{'r1': 0, 'r2': 1, 'r3': 2, 'r4': 3, 'r5': 4, 'r6': 5, 'r7': 6, 'r8': 7, 'r9': 8, 'r10': 9, 'r11': 10, 'r12': 11, 'r13': 12, 'r14': 13, 'r15': 14, 'r16': 15, 'r17': 16, 'r18': 17, 'r19': 18, 'r20': 19, 'r21': 20, 'r22': 21, 'r23': 22, 'r24': 23, 'r25': 24, 'r26': 25, 'r27': 26}
Optimizing branch lengths, phi, and nu without topology search
Optimization by EM algorithm
Optimization start with 1 initials
Initial point 1. Random seed: 5423
Numerical optimization started with ultrametric constraint (default)
Initial phi: 0. Initial nu: 0.26955655566205877. Initial nllh: 8865.969395779184
Starting EM iter: 1
Estep
Estep runtime (s): 0.06581783294677734
Mstep
Optimizing phi
Optimizing branch lengths. Current phi: 0. Current nu:0.26955655566205877
Optimizing nu
Mstep runtime (s): 0.22682595252990723
Finished EM iter: 1. Current nllh: 7382.716339345078
Starting EM iter: 2
Estep
Estep runtime (s): 0.08917689323425293
Mstep
Optimizing phi
Optimizing branch lengths. Current phi: 0. Current nu:0.2741283227317622
Optimizing nu
Mstep runtime (s): 0.24291777610778809
Finished EM iter: 2. Current nllh: 7342.8726752934435
Starting EM iter: 3
Estep
Estep runtime (s): 0.09045696258544922
Mstep
Optimizing phi
Optimizing branch lengths. Current phi: 0. Current nu:0.2693596072307972
Optimizing nu
Mstep runtime (s): 0.23460912704467773
Finished EM iter: 3. Current nllh: 7339.120442268455
Starting EM iter: 4
Estep
Estep runtime (s): 0.08946585655212402
Mstep
Optimizing phi
Optimizing branch lengths. Current phi: 0. Current nu:0.266399546935407
Optimizing nu
Mstep runtime (s): 0.2750699520111084
Finished EM iter: 4. Current nllh: 7338.810569622414
Starting EM iter: 5
Estep
Estep runtime (s): 0.08892512321472168
Mstep
Optimizing phi
Optimizing branch lengths. Current phi: 0. Current nu:0.2652397339874071
Optimizing nu
Mstep runtime (s): 0.22937583923339844
Finished EM iter: 5. Current nllh: 7338.735913905923
Starting EM iter: 6
Estep
Estep runtime (s): 0.09198379516601562
Mstep
Optimizing phi
Optimizing branch lengths. Current phi: 0. Current nu:0.2648391353041507
Optimizing nu
Mstep runtime (s): 0.20479321479797363
Finished EM iter: 6. Current nllh: 7338.701073080898
Starting EM iter: 7
Estep
Estep runtime (s): 0.0861210823059082
Mstep
Optimizing phi
Optimizing branch lengths. Current phi: 0. Current nu:0.26470026989399564
Optimizing nu
Mstep runtime (s): 0.20564508438110352
Finished EM iter: 7. Current nllh: 7338.679302910895
Starting EM iter: 8
Estep
Estep runtime (s): 0.08809781074523926
Mstep
Optimizing phi
Optimizing branch lengths. Current phi: 0. Current nu:0.2646508404122357
Optimizing nu
Mstep runtime (s): 0.2098081111907959
Finished EM iter: 8. Current nllh: 7338.664354272881
Starting EM iter: 9
Estep
Estep runtime (s): 0.08575606346130371
Mstep
Optimizing phi
Optimizing branch lengths. Current phi: 0. Current nu:0.2646317798076817
Optimizing nu
Mstep runtime (s): 0.18987393379211426
Finished EM iter: 9. Current nllh: 7338.6537553840435
Starting EM iter: 10
Estep
Estep runtime (s): 0.08645415306091309
Mstep
Optimizing phi
Optimizing branch lengths. Current phi: 0. Current nu:0.2646238785637075
Optimizing nu
Mstep runtime (s): 0.19637393951416016
Finished EM iter: 10. Current nllh: 7338.646979302143
Starting EM iter: 11
Estep
Estep runtime (s): 0.09011316299438477
Mstep
Optimizing phi
Optimizing branch lengths. Current phi: 0. Current nu:0.26461992643683174
Optimizing nu
Mstep runtime (s): 0.22191214561462402
Finished EM iter: 11. Current nllh: 7338.646776495737
Starting EM iter: 12
Estep
Estep runtime (s): 0.08836197853088379
Mstep
Optimizing phi
Optimizing branch lengths. Current phi: 0. Current nu:0.26461588054610574
Optimizing nu
Mstep runtime (s): 0.2364044189453125
Finished EM iter: 12. Current nllh: 7338.646924015644
Starting EM iter: 13
Estep
Estep runtime (s): 0.09013104438781738
Mstep
Optimizing phi
Optimizing branch lengths. Current phi: 0. Current nu:0.2646134619863395
Optimizing nu
Mstep runtime (s): 0.20968294143676758
Finished EM iter: 13. Current nllh: 7338.647098358073
Starting EM iter: 14
Estep
Estep runtime (s): 0.08732008934020996
Mstep
Optimizing phi
Optimizing branch lengths. Current phi: 0. Current nu:0.26461148714198635
Optimizing nu
Mstep runtime (s): 0.18777084350585938
Finished EM iter: 14. Current nllh: 7338.647144187066
EM finished after 14 iterations.
Optimal phi: 0. Optimal nu: 0.264611341870949. Optimal nllh: 7338.647144187066
Optimal point found for initial point 1
Numerical optimization finished successfully
Tree height pre-scaling: 0.7121145089508892, input timescale: 1.0
Tree height after scaling: 0.9999999999999999, mutation rate: 0.7121145089508892
Tree height pre-scaling: 0.7121145090087581, input timescale: 1.0
Tree height after scaling: 1.0, mutation rate: 0.7121145090087581
Tree height pre-scaling: 0.7121145096316278, input timescale: 1.0
Tree height after scaling: 1.0, mutation rate: 0.7121145096316278
Tree height pre-scaling: 0.7121145097647781, input timescale: 1.0
Tree height after scaling: 1.0, mutation rate: 0.7121145097647781
Tree height pre-scaling: 0.7121145096313343, input timescale: 1.0
Tree height after scaling: 1.0, mutation rate: 0.7121145096313343
Tree height pre-scaling: 0.7121145087083873, input timescale: 1.0
Tree height after scaling: 1.0, mutation rate: 0.7121145087083873
Tree height pre-scaling: 0.7121145089267459, input timescale: 1.0
Tree height after scaling: 1.0, mutation rate: 0.7121145089267459
Tree height pre-scaling: 0.7121145093249794, input timescale: 1.0
Tree height after scaling: 0.9999999999999998, mutation rate: 0.7121145093249794
Tree height pre-scaling: 0.7121145092297909, input timescale: 1.0
Tree height after scaling: 1.0, mutation rate: 0.7121145092297909
Tree height pre-scaling: 0.7121145088386469, input timescale: 1.0
Tree height after scaling: 1.0, mutation rate: 0.7121145088386469
Tree height pre-scaling: 0.7121145098798854, input timescale: 1.0
Tree height after scaling: 1.0, mutation rate: 0.7121145098798854
Tree height pre-scaling: 0.7121145087380062, input timescale: 1.0
Tree height after scaling: 1.0, mutation rate: 0.7121145087380062
Tree height pre-scaling: 0.7121145090154529, input timescale: 1.0
Tree height after scaling: 1.0, mutation rate: 0.7121145090154529
Runtime (s): 4.796212375
