Launching LAML version 0.0.4
LAML was called as follows: /Users/uym2/my_gits/LAML/run_laml.py -c ../../evaluation/Bar11/Bar11_character_matrix.txt -t place_outlier3/augmented_tree_130.nwk -o place_outlier3/augmented_tree_130_optimized -v -p ../../evaluation/Bar11/Bar11_priors.pickle --delimiter tab -m -1 --nInitials 1
Prior keys mismatch with site names.
Prior keys: [0, 1, 2, 3, 4, 5, 6, 7, 8, 9, 10, 11, 12, 13, 14, 15, 16, 17, 18, 19, 20, 21, 22, 23, 24, 25, 26]
Site names: ['r1', 'r2', 'r3', 'r4', 'r5', 'r6', 'r7', 'r8', 'r9', 'r10', 'r11', 'r12', 'r13', 'r14', 'r15', 'r16', 'r17', 'r18', 'r19', 'r20', 'r21', 'r22', 'r23', 'r24', 'r25', 'r26', 'r27']
Attempting to infer mapping between site names and prior keys...
{'r1': 0, 'r2': 1, 'r3': 2, 'r4': 3, 'r5': 4, 'r6': 5, 'r7': 6, 'r8': 7, 'r9': 8, 'r10': 9, 'r11': 10, 'r12': 11, 'r13': 12, 'r14': 13, 'r15': 14, 'r16': 15, 'r17': 16, 'r18': 17, 'r19': 18, 'r20': 19, 'r21': 20, 'r22': 21, 'r23': 22, 'r24': 23, 'r25': 24, 'r26': 25, 'r27': 26}
Optimizing branch lengths, phi, and nu without topology search
Optimization by EM algorithm
Optimization start with 1 initials
Initial point 1. Random seed: 8226
Numerical optimization started with ultrametric constraint (default)
Initial phi: 0. Initial nu: 0.26955655566205877. Initial nllh: 8673.443017917656
Starting EM iter: 1
Estep
Estep runtime (s): 0.06352376937866211
Mstep
Optimizing phi
Optimizing branch lengths. Current phi: 0. Current nu:0.26955655566205877
Optimizing nu
Mstep runtime (s): 0.2783360481262207
Finished EM iter: 1. Current nllh: 7256.301784071
Starting EM iter: 2
Estep
Estep runtime (s): 0.08363795280456543
Mstep
Optimizing phi
Optimizing branch lengths. Current phi: 0. Current nu:0.27385338269203074
Optimizing nu
Mstep runtime (s): 0.20218396186828613
Finished EM iter: 2. Current nllh: 7224.634785856851
Starting EM iter: 3
Estep
Estep runtime (s): 0.08391785621643066
Mstep
Optimizing phi
Optimizing branch lengths. Current phi: 0. Current nu:0.2704539528916331
Optimizing nu
Mstep runtime (s): 0.18926596641540527
Finished EM iter: 3. Current nllh: 7220.725851073534
Starting EM iter: 4
Estep
Estep runtime (s): 0.08411312103271484
Mstep
Optimizing phi
Optimizing branch lengths. Current phi: 0. Current nu:0.2679138421274708
Optimizing nu
Mstep runtime (s): 0.21921396255493164
Finished EM iter: 4. Current nllh: 7220.304571113249
Starting EM iter: 5
Estep
Estep runtime (s): 0.08571815490722656
Mstep
Optimizing phi
Optimizing branch lengths. Current phi: 0. Current nu:0.2668894710513274
Optimizing nu
Mstep runtime (s): 0.19105291366577148
Finished EM iter: 5. Current nllh: 7220.209580105338
Starting EM iter: 6
Estep
Estep runtime (s): 0.08434295654296875
Mstep
Optimizing phi
Optimizing branch lengths. Current phi: 0. Current nu:0.2665422390558399
Optimizing nu
Mstep runtime (s): 0.24494075775146484
Finished EM iter: 6. Current nllh: 7220.165618620435
Starting EM iter: 7
Estep
Estep runtime (s): 0.08555197715759277
Mstep
Optimizing phi
Optimizing branch lengths. Current phi: 0. Current nu:0.26643834927274335
Optimizing nu
Mstep runtime (s): 0.19882965087890625
Finished EM iter: 7. Current nllh: 7220.139964133456
Starting EM iter: 8
Estep
Estep runtime (s): 0.08611202239990234
Mstep
Optimizing phi
Optimizing branch lengths. Current phi: 0. Current nu:0.2664125546373193
Optimizing nu
Mstep runtime (s): 0.19720721244812012
Finished EM iter: 8. Current nllh: 7220.123254840415
Starting EM iter: 9
Estep
Estep runtime (s): 0.08539485931396484
Mstep
Optimizing phi
Optimizing branch lengths. Current phi: 0. Current nu:0.2664129061326011
Optimizing nu
Mstep runtime (s): 0.20659995079040527
Finished EM iter: 9. Current nllh: 7220.111718174468
Starting EM iter: 10
Estep
Estep runtime (s): 0.08498001098632812
Mstep
Optimizing phi
Optimizing branch lengths. Current phi: 0. Current nu:0.26642177694525226
Optimizing nu
Mstep runtime (s): 0.2077789306640625
Finished EM iter: 10. Current nllh: 7220.104503976499
Starting EM iter: 11
Estep
Estep runtime (s): 0.08512735366821289
Mstep
Optimizing phi
Optimizing branch lengths. Current phi: 0. Current nu:0.26642978969058384
Optimizing nu
Mstep runtime (s): 0.27553319931030273
Finished EM iter: 11. Current nllh: 7220.104480138434
EM finished after 11 iterations.
Optimal phi: 0. Optimal nu: 0.266432331421843. Optimal nllh: 7220.104480138434
Optimal point found for initial point 1
Numerical optimization finished successfully
Tree height pre-scaling: 0.7147495444319886, input timescale: 1.0
Tree height after scaling: 1.0, mutation rate: 0.7147495444319886
Tree height pre-scaling: 0.7147495444333591, input timescale: 1.0
Tree height after scaling: 1.0, mutation rate: 0.7147495444333591
Tree height pre-scaling: 0.7147495444507208, input timescale: 1.0
Tree height after scaling: 1.0, mutation rate: 0.7147495444507208
Tree height pre-scaling: 0.7147495444550109, input timescale: 1.0
Tree height after scaling: 1.0, mutation rate: 0.7147495444550109
Tree height pre-scaling: 0.7147495444516646, input timescale: 1.0
Tree height after scaling: 1.0000000000000002, mutation rate: 0.7147495444516646
Tree height pre-scaling: 0.7147495444246872, input timescale: 1.0
Tree height after scaling: 1.0, mutation rate: 0.7147495444246872
Tree height pre-scaling: 0.7147495444309828, input timescale: 1.0
Tree height after scaling: 0.9999999999999999, mutation rate: 0.7147495444309828
Tree height pre-scaling: 0.7147495444260878, input timescale: 1.0
Tree height after scaling: 1.0, mutation rate: 0.7147495444260878
Tree height pre-scaling: 0.7147495444306196, input timescale: 1.0
Tree height after scaling: 1.0, mutation rate: 0.7147495444306196
Tree height pre-scaling: 0.7147495444553833, input timescale: 1.0
Tree height after scaling: 1.0, mutation rate: 0.7147495444553833
Tree height pre-scaling: 0.7147495444284365, input timescale: 1.0
Tree height after scaling: 1.0, mutation rate: 0.7147495444284365
Tree height pre-scaling: 0.7147495444401506, input timescale: 1.0
Tree height after scaling: 1.0, mutation rate: 0.7147495444401506
Tree height pre-scaling: 0.7147495444542207, input timescale: 1.0
Tree height after scaling: 1.0, mutation rate: 0.7147495444542207
Runtime (s): 3.7511210830000006
