Launching LAML version 0.0.4
LAML was called as follows: /Users/uym2/my_gits/LAML/run_laml.py -c ../../evaluation/Bar11/Bar11_character_matrix.txt -t place_outlier3/augmented_tree_332.nwk -o place_outlier3/augmented_tree_332_optimized -v -p ../../evaluation/Bar11/Bar11_priors.pickle --delimiter tab -m -1 --nInitials 1
Prior keys mismatch with site names.
Prior keys: [0, 1, 2, 3, 4, 5, 6, 7, 8, 9, 10, 11, 12, 13, 14, 15, 16, 17, 18, 19, 20, 21, 22, 23, 24, 25, 26]
Site names: ['r1', 'r2', 'r3', 'r4', 'r5', 'r6', 'r7', 'r8', 'r9', 'r10', 'r11', 'r12', 'r13', 'r14', 'r15', 'r16', 'r17', 'r18', 'r19', 'r20', 'r21', 'r22', 'r23', 'r24', 'r25', 'r26', 'r27']
Attempting to infer mapping between site names and prior keys...
{'r1': 0, 'r2': 1, 'r3': 2, 'r4': 3, 'r5': 4, 'r6': 5, 'r7': 6, 'r8': 7, 'r9': 8, 'r10': 9, 'r11': 10, 'r12': 11, 'r13': 12, 'r14': 13, 'r15': 14, 'r16': 15, 'r17': 16, 'r18': 17, 'r19': 18, 'r20': 19, 'r21': 20, 'r22': 21, 'r23': 22, 'r24': 23, 'r25': 24, 'r26': 25, 'r27': 26}
Optimizing branch lengths, phi, and nu without topology search
Optimization by EM algorithm
Optimization start with 1 initials
Initial point 1. Random seed: 7949
Numerical optimization started with ultrametric constraint (default)
Initial phi: 0. Initial nu: 0.26955655566205877. Initial nllh: 8616.113758773694
Starting EM iter: 1
Estep
Estep runtime (s): 0.06348800659179688
Mstep
Optimizing phi
Optimizing branch lengths. Current phi: 0. Current nu:0.26955655566205877
Optimizing nu
Mstep runtime (s): 0.22096800804138184
Finished EM iter: 1. Current nllh: 7170.482084708796
Starting EM iter: 2
Estep
Estep runtime (s): 0.08563804626464844
Mstep
Optimizing phi
Optimizing branch lengths. Current phi: 0. Current nu:0.2718744994565075
Optimizing nu
Mstep runtime (s): 0.19357895851135254
Finished EM iter: 2. Current nllh: 7156.621355057893
Starting EM iter: 3
Estep
Estep runtime (s): 0.08936381340026855
Mstep
Optimizing phi
Optimizing branch lengths. Current phi: 0. Current nu:0.2705295191170185
Optimizing nu
Mstep runtime (s): 0.20426702499389648
Finished EM iter: 3. Current nllh: 7154.553817631801
Starting EM iter: 4
Estep
Estep runtime (s): 0.08735489845275879
Mstep
Optimizing phi
Optimizing branch lengths. Current phi: 0. Current nu:0.2694826626453081
Optimizing nu
Mstep runtime (s): 0.20326900482177734
Finished EM iter: 4. Current nllh: 7154.061852818437
Starting EM iter: 5
Estep
Estep runtime (s): 0.08852910995483398
Mstep
Optimizing phi
Optimizing branch lengths. Current phi: 0. Current nu:0.2689235825373496
Optimizing nu
Mstep runtime (s): 0.2602369785308838
Finished EM iter: 5. Current nllh: 7153.917323786278
Starting EM iter: 6
Estep
Estep runtime (s): 0.08892416954040527
Mstep
Optimizing phi
Optimizing branch lengths. Current phi: 0. Current nu:0.2686471198677679
Optimizing nu
Mstep runtime (s): 0.21239399909973145
Finished EM iter: 6. Current nllh: 7153.865593637005
Starting EM iter: 7
Estep
Estep runtime (s): 0.0859990119934082
Mstep
Optimizing phi
Optimizing branch lengths. Current phi: 0. Current nu:0.2685157283901676
Optimizing nu
Mstep runtime (s): 0.236922025680542
Finished EM iter: 7. Current nllh: 7153.837092120147
Starting EM iter: 8
Estep
Estep runtime (s): 0.0861358642578125
Mstep
Optimizing phi
Optimizing branch lengths. Current phi: 0. Current nu:0.2684561569585639
Optimizing nu
Mstep runtime (s): 0.21017098426818848
Finished EM iter: 8. Current nllh: 7153.819099616055
Starting EM iter: 9
Estep
Estep runtime (s): 0.08548307418823242
Mstep
Optimizing phi
Optimizing branch lengths. Current phi: 0. Current nu:0.2684284251579502
Optimizing nu
Mstep runtime (s): 0.19863319396972656
Finished EM iter: 9. Current nllh: 7153.807134237888
Starting EM iter: 10
Estep
Estep runtime (s): 0.08572793006896973
Mstep
Optimizing phi
Optimizing branch lengths. Current phi: 0. Current nu:0.26841504064046
Optimizing nu
Mstep runtime (s): 0.18842220306396484
Finished EM iter: 10. Current nllh: 7153.798699754068
Starting EM iter: 11
Estep
Estep runtime (s): 0.08572101593017578
Mstep
Optimizing phi
Optimizing branch lengths. Current phi: 0. Current nu:0.2684087999843321
Optimizing nu
Mstep runtime (s): 0.18905186653137207
Finished EM iter: 11. Current nllh: 7153.798216666379
Starting EM iter: 12
Estep
Estep runtime (s): 0.08533406257629395
Mstep
Optimizing phi
Optimizing branch lengths. Current phi: 0. Current nu:0.26840157765559347
Optimizing nu
Mstep runtime (s): 0.2395482063293457
Finished EM iter: 12. Current nllh: 7153.798258558427
EM finished after 12 iterations.
Optimal phi: 0. Optimal nu: 0.2683989516172549. Optimal nllh: 7153.798258558427
Optimal point found for initial point 1
Numerical optimization finished successfully
Tree height pre-scaling: 0.7098381782115166, input timescale: 1.0
Tree height after scaling: 0.9999999999999999, mutation rate: 0.7098381782115166
Tree height pre-scaling: 0.7098381782081162, input timescale: 1.0
Tree height after scaling: 0.9999999999999999, mutation rate: 0.7098381782081162
Tree height pre-scaling: 0.7098381782338214, input timescale: 1.0
Tree height after scaling: 1.0, mutation rate: 0.7098381782338214
Tree height pre-scaling: 0.7098381782052112, input timescale: 1.0
Tree height after scaling: 1.0, mutation rate: 0.7098381782052112
Tree height pre-scaling: 0.7098381782180718, input timescale: 1.0
Tree height after scaling: 1.0, mutation rate: 0.7098381782180718
Tree height pre-scaling: 0.7098381782217922, input timescale: 1.0
Tree height after scaling: 0.9999999999999998, mutation rate: 0.7098381782217922
Tree height pre-scaling: 0.7098381782084435, input timescale: 1.0
Tree height after scaling: 1.0, mutation rate: 0.7098381782084435
Tree height pre-scaling: 0.7098381782009454, input timescale: 1.0
Tree height after scaling: 1.0, mutation rate: 0.7098381782009454
Tree height pre-scaling: 0.7098381782176297, input timescale: 1.0
Tree height after scaling: 1.0, mutation rate: 0.7098381782176297
Tree height pre-scaling: 0.7098381782288194, input timescale: 1.0
Tree height after scaling: 0.9999999999999999, mutation rate: 0.7098381782288194
Tree height pre-scaling: 0.7098381782241829, input timescale: 1.0
Tree height after scaling: 1.0, mutation rate: 0.7098381782241829
Tree height pre-scaling: 0.7098381782217503, input timescale: 1.0
Tree height after scaling: 1.0, mutation rate: 0.7098381782217503
Tree height pre-scaling: 0.7098381781870331, input timescale: 1.0
Tree height after scaling: 1.0, mutation rate: 0.7098381781870331
Runtime (s): 4.029603125
