Launching LAML version 0.0.4
LAML was called as follows: /Users/uym2/my_gits/LAML/run_laml.py -c ../../evaluation/Bar11/Bar11_character_matrix.txt -t place_outlier3/augmented_tree_286.nwk -o place_outlier3/augmented_tree_286_optimized -v -p ../../evaluation/Bar11/Bar11_priors.pickle --delimiter tab -m -1 --nInitials 1
Prior keys mismatch with site names.
Prior keys: [0, 1, 2, 3, 4, 5, 6, 7, 8, 9, 10, 11, 12, 13, 14, 15, 16, 17, 18, 19, 20, 21, 22, 23, 24, 25, 26]
Site names: ['r1', 'r2', 'r3', 'r4', 'r5', 'r6', 'r7', 'r8', 'r9', 'r10', 'r11', 'r12', 'r13', 'r14', 'r15', 'r16', 'r17', 'r18', 'r19', 'r20', 'r21', 'r22', 'r23', 'r24', 'r25', 'r26', 'r27']
Attempting to infer mapping between site names and prior keys...
{'r1': 0, 'r2': 1, 'r3': 2, 'r4': 3, 'r5': 4, 'r6': 5, 'r7': 6, 'r8': 7, 'r9': 8, 'r10': 9, 'r11': 10, 'r12': 11, 'r13': 12, 'r14': 13, 'r15': 14, 'r16': 15, 'r17': 16, 'r18': 17, 'r19': 18, 'r20': 19, 'r21': 20, 'r22': 21, 'r23': 22, 'r24': 23, 'r25': 24, 'r26': 25, 'r27': 26}
Optimizing branch lengths, phi, and nu without topology search
Optimization by EM algorithm
Optimization start with 1 initials
Initial point 1. Random seed: 5524
Numerical optimization started with ultrametric constraint (default)
Initial phi: 0. Initial nu: 0.26955655566205877. Initial nllh: 8672.732135778833
Starting EM iter: 1
Estep
Estep runtime (s): 0.06336617469787598
Mstep
Optimizing phi
Optimizing branch lengths. Current phi: 0. Current nu:0.26955655566205877
Optimizing nu
Mstep runtime (s): 0.25919198989868164
Finished EM iter: 1. Current nllh: 7305.840455723185
Starting EM iter: 2
Estep
Estep runtime (s): 0.08496308326721191
Mstep
Optimizing phi
Optimizing branch lengths. Current phi: 0. Current nu:0.28313211796587956
Optimizing nu
Mstep runtime (s): 0.19700407981872559
Finished EM iter: 2. Current nllh: 7270.899212189527
Starting EM iter: 3
Estep
Estep runtime (s): 0.08585190773010254
Mstep
Optimizing phi
Optimizing branch lengths. Current phi: 0. Current nu:0.282060871304951
Optimizing nu
Mstep runtime (s): 0.19850516319274902
Finished EM iter: 3. Current nllh: 7267.785171962012
Starting EM iter: 4
Estep
Estep runtime (s): 0.08485078811645508
Mstep
Optimizing phi
Optimizing branch lengths. Current phi: 0. Current nu:0.2802262710123495
Optimizing nu
Mstep runtime (s): 0.23879098892211914
Finished EM iter: 4. Current nllh: 7267.4007964276125
Starting EM iter: 5
Estep
Estep runtime (s): 0.08502817153930664
Mstep
Optimizing phi
Optimizing branch lengths. Current phi: 0. Current nu:0.27938652424411825
Optimizing nu
Mstep runtime (s): 0.1912698745727539
Finished EM iter: 5. Current nllh: 7267.315476911646
Starting EM iter: 6
Estep
Estep runtime (s): 0.08501791954040527
Mstep
Optimizing phi
Optimizing branch lengths. Current phi: 0. Current nu:0.27907111195853757
Optimizing nu
Mstep runtime (s): 0.19358110427856445
Finished EM iter: 6. Current nllh: 7267.285019443809
Starting EM iter: 7
Estep
Estep runtime (s): 0.0852959156036377
Mstep
Optimizing phi
Optimizing branch lengths. Current phi: 0. Current nu:0.2789582595018728
Optimizing nu
Mstep runtime (s): 0.20437073707580566
Finished EM iter: 7. Current nllh: 7267.264872895841
Starting EM iter: 8
Estep
Estep runtime (s): 0.08616185188293457
Mstep
Optimizing phi
Optimizing branch lengths. Current phi: 0. Current nu:0.27892054143063255
Optimizing nu
Mstep runtime (s): 0.19337701797485352
Finished EM iter: 8. Current nllh: 7267.250579247187
Starting EM iter: 9
Estep
Estep runtime (s): 0.08622121810913086
Mstep
Optimizing phi
Optimizing branch lengths. Current phi: 0. Current nu:0.27890758025920775
Optimizing nu
Mstep runtime (s): 0.2189490795135498
Finished EM iter: 9. Current nllh: 7267.240251508779
Starting EM iter: 10
Estep
Estep runtime (s): 0.0861520767211914
Mstep
Optimizing phi
Optimizing branch lengths. Current phi: 0. Current nu:0.27890337543384175
Optimizing nu
Mstep runtime (s): 0.22592997550964355
Finished EM iter: 10. Current nllh: 7267.233132103678
Starting EM iter: 11
Estep
Estep runtime (s): 0.08514404296875
Mstep
Optimizing phi
Optimizing branch lengths. Current phi: 0. Current nu:0.2788989206951202
Optimizing nu
Mstep runtime (s): 0.2014920711517334
Finished EM iter: 11. Current nllh: 7267.233259362523
Starting EM iter: 12
Estep
Estep runtime (s): 0.08511018753051758
Mstep
Optimizing phi
Optimizing branch lengths. Current phi: 0. Current nu:0.2788957377604849
Optimizing nu
Mstep runtime (s): 0.20568013191223145
Finished EM iter: 12. Current nllh: 7267.233339457382
Starting EM iter: 13
Estep
Estep runtime (s): 0.08770394325256348
Mstep
Optimizing phi
Optimizing branch lengths. Current phi: 0. Current nu:0.27889435021397185
Optimizing nu
Mstep runtime (s): 0.1945021152496338
Finished EM iter: 13. Current nllh: 7267.233372063041
EM finished after 13 iterations.
Optimal phi: 0. Optimal nu: 0.27889387900274226. Optimal nllh: 7267.233372063041
Optimal point found for initial point 1
Numerical optimization finished successfully
Tree height pre-scaling: 0.714554129107835, input timescale: 1.0
Tree height after scaling: 1.0, mutation rate: 0.714554129107835
Tree height pre-scaling: 0.7145541291157385, input timescale: 1.0
Tree height after scaling: 1.0, mutation rate: 0.7145541291157385
Tree height pre-scaling: 0.7145541290470283, input timescale: 1.0
Tree height after scaling: 1.0, mutation rate: 0.7145541290470283
Tree height pre-scaling: 0.7145541290890445, input timescale: 1.0
Tree height after scaling: 1.0, mutation rate: 0.7145541290890445
Tree height pre-scaling: 0.7145541293634685, input timescale: 1.0
Tree height after scaling: 1.0, mutation rate: 0.7145541293634685
Tree height pre-scaling: 0.7145541290612958, input timescale: 1.0
Tree height after scaling: 1.0, mutation rate: 0.7145541290612958
Tree height pre-scaling: 0.71455412919573, input timescale: 1.0
Tree height after scaling: 1.0, mutation rate: 0.71455412919573
Tree height pre-scaling: 0.7145541292692488, input timescale: 1.0
Tree height after scaling: 1.0000000000000002, mutation rate: 0.7145541292692488
Tree height pre-scaling: 0.7145541290824775, input timescale: 1.0
Tree height after scaling: 1.0, mutation rate: 0.7145541290824775
Tree height pre-scaling: 0.7145541290210415, input timescale: 1.0
Tree height after scaling: 0.9999999999999999, mutation rate: 0.7145541290210415
Tree height pre-scaling: 0.7145541291639139, input timescale: 1.0
Tree height after scaling: 1.0, mutation rate: 0.7145541291639139
Tree height pre-scaling: 0.7145541292930938, input timescale: 1.0
Tree height after scaling: 1.0, mutation rate: 0.7145541292930938
Tree height pre-scaling: 0.7145541294036954, input timescale: 1.0
Tree height after scaling: 1.0, mutation rate: 0.7145541294036954
Runtime (s): 4.289737875
