Launching LAML version 0.0.4
LAML was called as follows: /Users/uym2/my_gits/LAML/run_laml.py -c ../../evaluation/Bar11/Bar11_character_matrix.txt -t place_outlier3/augmented_tree_112.nwk -o place_outlier3/augmented_tree_112_optimized -v -p ../../evaluation/Bar11/Bar11_priors.pickle --delimiter tab -m -1 --nInitials 1
Prior keys mismatch with site names.
Prior keys: [0, 1, 2, 3, 4, 5, 6, 7, 8, 9, 10, 11, 12, 13, 14, 15, 16, 17, 18, 19, 20, 21, 22, 23, 24, 25, 26]
Site names: ['r1', 'r2', 'r3', 'r4', 'r5', 'r6', 'r7', 'r8', 'r9', 'r10', 'r11', 'r12', 'r13', 'r14', 'r15', 'r16', 'r17', 'r18', 'r19', 'r20', 'r21', 'r22', 'r23', 'r24', 'r25', 'r26', 'r27']
Attempting to infer mapping between site names and prior keys...
{'r1': 0, 'r2': 1, 'r3': 2, 'r4': 3, 'r5': 4, 'r6': 5, 'r7': 6, 'r8': 7, 'r9': 8, 'r10': 9, 'r11': 10, 'r12': 11, 'r13': 12, 'r14': 13, 'r15': 14, 'r16': 15, 'r17': 16, 'r18': 17, 'r19': 18, 'r20': 19, 'r21': 20, 'r22': 21, 'r23': 22, 'r24': 23, 'r25': 24, 'r26': 25, 'r27': 26}
Optimizing branch lengths, phi, and nu without topology search
Optimization by EM algorithm
Optimization start with 1 initials
Initial point 1. Random seed: 135
Numerical optimization started with ultrametric constraint (default)
Initial phi: 0. Initial nu: 0.26955655566205877. Initial nllh: 8684.754359786555
Starting EM iter: 1
Estep
Estep runtime (s): 0.06166696548461914
Mstep
Optimizing phi
Optimizing branch lengths. Current phi: 0. Current nu:0.26955655566205877
Optimizing nu
Mstep runtime (s): 0.2319931983947754
Finished EM iter: 1. Current nllh: 7188.90826089307
Starting EM iter: 2
Estep
Estep runtime (s): 0.08502793312072754
Mstep
Optimizing phi
Optimizing branch lengths. Current phi: 0. Current nu:0.27723318330078317
Optimizing nu
Mstep runtime (s): 0.19481611251831055
Finished EM iter: 2. Current nllh: 7155.588342087037
Starting EM iter: 3
Estep
Estep runtime (s): 0.08516669273376465
Mstep
Optimizing phi
Optimizing branch lengths. Current phi: 0. Current nu:0.2748250593899775
Optimizing nu
Mstep runtime (s): 0.20108699798583984
Finished EM iter: 3. Current nllh: 7151.390740895453
Starting EM iter: 4
Estep
Estep runtime (s): 0.08521771430969238
Mstep
Optimizing phi
Optimizing branch lengths. Current phi: 0. Current nu:0.2721533584930334
Optimizing nu
Mstep runtime (s): 0.19239497184753418
Finished EM iter: 4. Current nllh: 7150.972744306554
Starting EM iter: 5
Estep
Estep runtime (s): 0.08524107933044434
Mstep
Optimizing phi
Optimizing branch lengths. Current phi: 0. Current nu:0.2709236192762672
Optimizing nu
Mstep runtime (s): 0.2708711624145508
Finished EM iter: 5. Current nllh: 7150.886528221943
Starting EM iter: 6
Estep
Estep runtime (s): 0.08521223068237305
Mstep
Optimizing phi
Optimizing branch lengths. Current phi: 0. Current nu:0.2704454455491649
Optimizing nu
Mstep runtime (s): 0.2099289894104004
Finished EM iter: 6. Current nllh: 7150.847411872816
Starting EM iter: 7
Estep
Estep runtime (s): 0.08523011207580566
Mstep
Optimizing phi
Optimizing branch lengths. Current phi: 0. Current nu:0.2702635041387608
Optimizing nu
Mstep runtime (s): 0.19930624961853027
Finished EM iter: 7. Current nllh: 7150.8237077216645
Starting EM iter: 8
Estep
Estep runtime (s): 0.08512997627258301
Mstep
Optimizing phi
Optimizing branch lengths. Current phi: 0. Current nu:0.2701926219501657
Optimizing nu
Mstep runtime (s): 0.203887939453125
Finished EM iter: 8. Current nllh: 7150.807937809795
Starting EM iter: 9
Estep
Estep runtime (s): 0.08545112609863281
Mstep
Optimizing phi
Optimizing branch lengths. Current phi: 0. Current nu:0.27016430192347574
Optimizing nu
Mstep runtime (s): 0.23726296424865723
Finished EM iter: 9. Current nllh: 7150.796877393723
Starting EM iter: 10
Estep
Estep runtime (s): 0.08524584770202637
Mstep
Optimizing phi
Optimizing branch lengths. Current phi: 0. Current nu:0.2701523703851775
Optimizing nu
Mstep runtime (s): 0.22481703758239746
Finished EM iter: 10. Current nllh: 7150.790016862192
Starting EM iter: 11
Estep
Estep runtime (s): 0.08532404899597168
Mstep
Optimizing phi
Optimizing branch lengths. Current phi: 0. Current nu:0.2701459350712707
Optimizing nu
Mstep runtime (s): 0.2189328670501709
Finished EM iter: 11. Current nllh: 7150.789856610121
Starting EM iter: 12
Estep
Estep runtime (s): 0.08539295196533203
Mstep
Optimizing phi
Optimizing branch lengths. Current phi: 0. Current nu:0.2701405088040932
Optimizing nu
Mstep runtime (s): 0.22133898735046387
Finished EM iter: 12. Current nllh: 7150.790064473582
Starting EM iter: 13
Estep
Estep runtime (s): 0.08534502983093262
Mstep
Optimizing phi
Optimizing branch lengths. Current phi: 0. Current nu:0.2701375784067738
Optimizing nu
Mstep runtime (s): 0.18850111961364746
Finished EM iter: 13. Current nllh: 7150.79010043503
EM finished after 13 iterations.
Optimal phi: 0. Optimal nu: 0.2701367933051275. Optimal nllh: 7150.79010043503
Optimal point found for initial point 1
Numerical optimization finished successfully
Tree height pre-scaling: 0.7095133849026336, input timescale: 1.0
Tree height after scaling: 1.0, mutation rate: 0.7095133849026336
Tree height pre-scaling: 0.7095133849396296, input timescale: 1.0
Tree height after scaling: 1.0, mutation rate: 0.7095133849396296
Tree height pre-scaling: 0.7095133853055664, input timescale: 1.0
Tree height after scaling: 1.0, mutation rate: 0.7095133853055664
Tree height pre-scaling: 0.7095133853897672, input timescale: 1.0
Tree height after scaling: 1.0, mutation rate: 0.7095133853897672
Tree height pre-scaling: 0.7095133853263178, input timescale: 1.0
Tree height after scaling: 1.0, mutation rate: 0.7095133853263178
Tree height pre-scaling: 0.7095133847592551, input timescale: 1.0
Tree height after scaling: 1.0, mutation rate: 0.7095133847592551
Tree height pre-scaling: 0.7095133848807202, input timescale: 1.0
Tree height after scaling: 1.0, mutation rate: 0.7095133848807202
Tree height pre-scaling: 0.7095133847879608, input timescale: 1.0
Tree height after scaling: 1.0, mutation rate: 0.7095133847879608
Tree height pre-scaling: 0.7095133848865801, input timescale: 1.0
Tree height after scaling: 1.0, mutation rate: 0.7095133848865801
Tree height pre-scaling: 0.7095133853961775, input timescale: 1.0
Tree height after scaling: 1.0, mutation rate: 0.7095133853961775
Tree height pre-scaling: 0.709513384832001, input timescale: 1.0
Tree height after scaling: 1.0, mutation rate: 0.709513384832001
Tree height pre-scaling: 0.7095133850843186, input timescale: 1.0
Tree height after scaling: 0.9999999999999999, mutation rate: 0.7095133850843186
Tree height pre-scaling: 0.7095133854987422, input timescale: 1.0
Tree height after scaling: 0.9999999999999998, mutation rate: 0.7095133854987422
Runtime (s): 4.351110208
