Launching LAML version 0.0.4
LAML was called as follows: /Users/uym2/my_gits/LAML/run_laml.py -c ../../evaluation/Bar11/Bar11_character_matrix.txt -t place_outlier3/augmented_tree_56.nwk -o place_outlier3/augmented_tree_56_optimized -v -p ../../evaluation/Bar11/Bar11_priors.pickle --delimiter tab -m -1 --nInitials 1
Prior keys mismatch with site names.
Prior keys: [0, 1, 2, 3, 4, 5, 6, 7, 8, 9, 10, 11, 12, 13, 14, 15, 16, 17, 18, 19, 20, 21, 22, 23, 24, 25, 26]
Site names: ['r1', 'r2', 'r3', 'r4', 'r5', 'r6', 'r7', 'r8', 'r9', 'r10', 'r11', 'r12', 'r13', 'r14', 'r15', 'r16', 'r17', 'r18', 'r19', 'r20', 'r21', 'r22', 'r23', 'r24', 'r25', 'r26', 'r27']
Attempting to infer mapping between site names and prior keys...
{'r1': 0, 'r2': 1, 'r3': 2, 'r4': 3, 'r5': 4, 'r6': 5, 'r7': 6, 'r8': 7, 'r9': 8, 'r10': 9, 'r11': 10, 'r12': 11, 'r13': 12, 'r14': 13, 'r15': 14, 'r16': 15, 'r17': 16, 'r18': 17, 'r19': 18, 'r20': 19, 'r21': 20, 'r22': 21, 'r23': 22, 'r24': 23, 'r25': 24, 'r26': 25, 'r27': 26}
Optimizing branch lengths, phi, and nu without topology search
Optimization by EM algorithm
Optimization start with 1 initials
Initial point 1. Random seed: 82
Numerical optimization started with ultrametric constraint (default)
Initial phi: 0. Initial nu: 0.26955655566205877. Initial nllh: 8856.52767130789
Starting EM iter: 1
Estep
Estep runtime (s): 0.06400609016418457
Mstep
Optimizing phi
Optimizing branch lengths. Current phi: 0. Current nu:0.26955655566205877
Optimizing nu
Mstep runtime (s): 0.21136212348937988
Finished EM iter: 1. Current nllh: 7273.629880706724
Starting EM iter: 2
Estep
Estep runtime (s): 0.08732485771179199
Mstep
Optimizing phi
Optimizing branch lengths. Current phi: 0. Current nu:0.27531577363232146
Optimizing nu
Mstep runtime (s): 0.19895076751708984
Finished EM iter: 2. Current nllh: 7240.045176518925
Starting EM iter: 3
Estep
Estep runtime (s): 0.08706307411193848
Mstep
Optimizing phi
Optimizing branch lengths. Current phi: 0. Current nu:0.2717251644613713
Optimizing nu
Mstep runtime (s): 0.18951916694641113
Finished EM iter: 3. Current nllh: 7235.778367458057
Starting EM iter: 4
Estep
Estep runtime (s): 0.08722901344299316
Mstep
Optimizing phi
Optimizing branch lengths. Current phi: 0. Current nu:0.26896300136171125
Optimizing nu
Mstep runtime (s): 0.18361520767211914
Finished EM iter: 4. Current nllh: 7235.436229523865
Starting EM iter: 5
Estep
Estep runtime (s): 0.0873112678527832
Mstep
Optimizing phi
Optimizing branch lengths. Current phi: 0. Current nu:0.26778594924450416
Optimizing nu
Mstep runtime (s): 0.2135477066040039
Finished EM iter: 5. Current nllh: 7235.368243362147
Starting EM iter: 6
Estep
Estep runtime (s): 0.08760380744934082
Mstep
Optimizing phi
Optimizing branch lengths. Current phi: 0. Current nu:0.2673641231760703
Optimizing nu
Mstep runtime (s): 0.19284725189208984
Finished EM iter: 6. Current nllh: 7235.336010414173
Starting EM iter: 7
Estep
Estep runtime (s): 0.0899801254272461
Mstep
Optimizing phi
Optimizing branch lengths. Current phi: 0. Current nu:0.26721559769421793
Optimizing nu
Mstep runtime (s): 0.25188374519348145
Finished EM iter: 7. Current nllh: 7235.3149510788435
Starting EM iter: 8
Estep
Estep runtime (s): 0.0884406566619873
Mstep
Optimizing phi
Optimizing branch lengths. Current phi: 0. Current nu:0.26716258254759717
Optimizing nu
Mstep runtime (s): 0.19539809226989746
Finished EM iter: 8. Current nllh: 7235.300234834268
Starting EM iter: 9
Estep
Estep runtime (s): 0.0873258113861084
Mstep
Optimizing phi
Optimizing branch lengths. Current phi: 0. Current nu:0.2671434209835803
Optimizing nu
Mstep runtime (s): 0.22931289672851562
Finished EM iter: 9. Current nllh: 7235.289555817367
Starting EM iter: 10
Estep
Estep runtime (s): 0.08767294883728027
Mstep
Optimizing phi
Optimizing branch lengths. Current phi: 0. Current nu:0.26713578445509956
Optimizing nu
Mstep runtime (s): 0.22160720825195312
Finished EM iter: 10. Current nllh: 7235.282775111113
Starting EM iter: 11
Estep
Estep runtime (s): 0.08743786811828613
Mstep
Optimizing phi
Optimizing branch lengths. Current phi: 0. Current nu:0.2671319849427483
Optimizing nu
Mstep runtime (s): 0.21297216415405273
Finished EM iter: 11. Current nllh: 7235.282726960267
EM finished after 11 iterations.
Optimal phi: 0. Optimal nu: 0.26712649538839783. Optimal nllh: 7235.282726960267
Optimal point found for initial point 1
Numerical optimization finished successfully
Tree height pre-scaling: 0.7127055418355523, input timescale: 1.0
Tree height after scaling: 1.0, mutation rate: 0.7127055418355523
Tree height pre-scaling: 0.7127055582608579, input timescale: 1.0
Tree height after scaling: 1.0, mutation rate: 0.7127055582608579
Tree height pre-scaling: 0.7127057298052533, input timescale: 1.0
Tree height after scaling: 1.0, mutation rate: 0.7127057298052533
Tree height pre-scaling: 0.7127057712525453, input timescale: 1.0
Tree height after scaling: 1.0, mutation rate: 0.7127057712525453
Tree height pre-scaling: 0.7127057550270368, input timescale: 1.0
Tree height after scaling: 0.9999999999999998, mutation rate: 0.7127057550270368
Tree height pre-scaling: 0.7127054724916247, input timescale: 1.0
Tree height after scaling: 1.0, mutation rate: 0.7127054724916247
Tree height pre-scaling: 0.7127055341500703, input timescale: 1.0
Tree height after scaling: 1.0, mutation rate: 0.7127055341500703
Tree height pre-scaling: 0.7127056579389988, input timescale: 1.0
Tree height after scaling: 1.0000000000000002, mutation rate: 0.7127056579389988
Tree height pre-scaling: 0.7127056316549323, input timescale: 1.0
Tree height after scaling: 0.9999999999999999, mutation rate: 0.7127056316549323
Tree height pre-scaling: 0.7127055036291188, input timescale: 1.0
Tree height after scaling: 0.9999999999999999, mutation rate: 0.7127055036291188
Tree height pre-scaling: 0.7127054777633779, input timescale: 1.0
Tree height after scaling: 0.9999999999999998, mutation rate: 0.7127054777633779
Tree height pre-scaling: 0.7127055274458856, input timescale: 1.0
Tree height after scaling: 1.0, mutation rate: 0.7127055274458856
Tree height pre-scaling: 0.7127057879845881, input timescale: 1.0
Tree height after scaling: 1.0, mutation rate: 0.7127057879845881
Runtime (s): 3.6817667910000003
