Launching LAML version 0.0.4
LAML was called as follows: /Users/uym2/my_gits/LAML/run_laml.py -c ../../evaluation/Bar11/Bar11_character_matrix.txt -t place_outlier3/augmented_tree_237.nwk -o place_outlier3/augmented_tree_237_optimized -v -p ../../evaluation/Bar11/Bar11_priors.pickle --delimiter tab -m -1 --nInitials 1
Prior keys mismatch with site names.
Prior keys: [0, 1, 2, 3, 4, 5, 6, 7, 8, 9, 10, 11, 12, 13, 14, 15, 16, 17, 18, 19, 20, 21, 22, 23, 24, 25, 26]
Site names: ['r1', 'r2', 'r3', 'r4', 'r5', 'r6', 'r7', 'r8', 'r9', 'r10', 'r11', 'r12', 'r13', 'r14', 'r15', 'r16', 'r17', 'r18', 'r19', 'r20', 'r21', 'r22', 'r23', 'r24', 'r25', 'r26', 'r27']
Attempting to infer mapping between site names and prior keys...
{'r1': 0, 'r2': 1, 'r3': 2, 'r4': 3, 'r5': 4, 'r6': 5, 'r7': 6, 'r8': 7, 'r9': 8, 'r10': 9, 'r11': 10, 'r12': 11, 'r13': 12, 'r14': 13, 'r15': 14, 'r16': 15, 'r17': 16, 'r18': 17, 'r19': 18, 'r20': 19, 'r21': 20, 'r22': 21, 'r23': 22, 'r24': 23, 'r25': 24, 'r26': 25, 'r27': 26}
Optimizing branch lengths, phi, and nu without topology search
Optimization by EM algorithm
Optimization start with 1 initials
Initial point 1. Random seed: 1384
Numerical optimization started with ultrametric constraint (default)
Initial phi: 0. Initial nu: 0.26955655566205877. Initial nllh: 8660.249993518777
Starting EM iter: 1
Estep
Estep runtime (s): 0.06505799293518066
Mstep
Optimizing phi
Optimizing branch lengths. Current phi: 0. Current nu:0.26955655566205877
Optimizing nu
Mstep runtime (s): 0.22021913528442383
Finished EM iter: 1. Current nllh: 7247.140267413357
Starting EM iter: 2
Estep
Estep runtime (s): 0.08472013473510742
Mstep
Optimizing phi
Optimizing branch lengths. Current phi: 0. Current nu:0.27837046773171464
Optimizing nu
Mstep runtime (s): 0.27117419242858887
Finished EM iter: 2. Current nllh: 7218.540827147972
Starting EM iter: 3
Estep
Estep runtime (s): 0.08383011817932129
Mstep
Optimizing phi
Optimizing branch lengths. Current phi: 0. Current nu:0.27527754390984027
Optimizing nu
Mstep runtime (s): 0.20992469787597656
Finished EM iter: 3. Current nllh: 7215.986222542361
Starting EM iter: 4
Estep
Estep runtime (s): 0.08627796173095703
Mstep
Optimizing phi
Optimizing branch lengths. Current phi: 0. Current nu:0.2727992985613429
Optimizing nu
Mstep runtime (s): 0.1961040496826172
Finished EM iter: 4. Current nllh: 7215.816784964391
Starting EM iter: 5
Estep
Estep runtime (s): 0.08636975288391113
Mstep
Optimizing phi
Optimizing branch lengths. Current phi: 0. Current nu:0.27176841505546856
Optimizing nu
Mstep runtime (s): 0.23938679695129395
Finished EM iter: 5. Current nllh: 7215.814724308985
Starting EM iter: 6
Estep
Estep runtime (s): 0.08545494079589844
Mstep
Optimizing phi
Optimizing branch lengths. Current phi: 0. Current nu:0.2713977048645321
Optimizing nu
Mstep runtime (s): 0.23913812637329102
Finished EM iter: 6. Current nllh: 7215.819159804469
Starting EM iter: 7
Estep
Estep runtime (s): 0.11616873741149902
Mstep
Optimizing phi
Optimizing branch lengths. Current phi: 0. Current nu:0.2712663164331113
Optimizing nu
Mstep runtime (s): 0.2175590991973877
Finished EM iter: 7. Current nllh: 7215.821516205239
Starting EM iter: 8
Estep
Estep runtime (s): 0.0856931209564209
Mstep
Optimizing phi
Optimizing branch lengths. Current phi: 0. Current nu:0.27121906550183406
Optimizing nu
Mstep runtime (s): 0.21795415878295898
Finished EM iter: 8. Current nllh: 7215.822552271728
Starting EM iter: 9
Estep
Estep runtime (s): 0.0850980281829834
Mstep
Optimizing phi
Optimizing branch lengths. Current phi: 0. Current nu:0.2712014120243455
Optimizing nu
Mstep runtime (s): 0.21774792671203613
Finished EM iter: 9. Current nllh: 7215.823031351406
Starting EM iter: 10
Estep
Estep runtime (s): 0.08411908149719238
Mstep
Optimizing phi
Optimizing branch lengths. Current phi: 0. Current nu:0.27119401073725746
Optimizing nu
Mstep runtime (s): 0.23122787475585938
Finished EM iter: 10. Current nllh: 7215.823440127926
Starting EM iter: 11
Estep
Estep runtime (s): 0.08495712280273438
Mstep
Optimizing phi
Optimizing branch lengths. Current phi: 0. Current nu:0.27118995684426905
Optimizing nu
Mstep runtime (s): 0.1944139003753662
Finished EM iter: 11. Current nllh: 7215.823546890644
Starting EM iter: 12
Estep
Estep runtime (s): 0.08724188804626465
Mstep
Optimizing phi
Optimizing branch lengths. Current phi: 0. Current nu:0.2711879993637281
Optimizing nu
Mstep runtime (s): 0.2379589080810547
Finished EM iter: 12. Current nllh: 7215.823459982249
Starting EM iter: 13
Estep
Estep runtime (s): 0.08437895774841309
Mstep
Optimizing phi
Optimizing branch lengths. Current phi: 0. Current nu:0.27118761105687234
Optimizing nu
Mstep runtime (s): 0.20098090171813965
Finished EM iter: 13. Current nllh: 7215.823414998948
EM finished after 13 iterations.
Optimal phi: 0. Optimal nu: 0.2711885469874416. Optimal nllh: 7215.823414998948
Optimal point found for initial point 1
Numerical optimization finished successfully
Tree height pre-scaling: 0.7101007167913234, input timescale: 1.0
Tree height after scaling: 1.0, mutation rate: 0.7101007167913234
Tree height pre-scaling: 0.7101007660248081, input timescale: 1.0
Tree height after scaling: 1.0, mutation rate: 0.7101007660248081
Tree height pre-scaling: 0.7101009925079579, input timescale: 1.0
Tree height after scaling: 1.0, mutation rate: 0.7101009925079579
Tree height pre-scaling: 0.7101006407668461, input timescale: 1.0
Tree height after scaling: 1.0, mutation rate: 0.7101006407668461
Tree height pre-scaling: 0.7101006944825423, input timescale: 1.0
Tree height after scaling: 1.0, mutation rate: 0.7101006944825423
Tree height pre-scaling: 0.7101011025322237, input timescale: 1.0
Tree height after scaling: 1.0, mutation rate: 0.7101011025322237
Tree height pre-scaling: 0.7101006564477665, input timescale: 1.0
Tree height after scaling: 1.0, mutation rate: 0.7101006564477665
Tree height pre-scaling: 0.7101008732769073, input timescale: 1.0
Tree height after scaling: 0.9999999999999999, mutation rate: 0.7101008732769073
Tree height pre-scaling: 0.7101009618390802, input timescale: 1.0
Tree height after scaling: 1.0, mutation rate: 0.7101009618390802
Tree height pre-scaling: 0.710100685108464, input timescale: 1.0
Tree height after scaling: 1.0, mutation rate: 0.710100685108464
Tree height pre-scaling: 0.7101006066856014, input timescale: 1.0
Tree height after scaling: 1.0, mutation rate: 0.7101006066856014
Tree height pre-scaling: 0.7101008567773173, input timescale: 1.0
Tree height after scaling: 1.0, mutation rate: 0.7101008567773173
Tree height pre-scaling: 0.7101009365115938, input timescale: 1.0
Tree height after scaling: 1.0, mutation rate: 0.7101009365115938
Runtime (s): 4.486957791
