Launching LAML version 0.0.4
LAML was called as follows: /Users/uym2/my_gits/LAML/run_laml.py -c ../../evaluation/Bar11/Bar11_character_matrix.txt -t place_outlier3/augmented_tree_82.nwk -o place_outlier3/augmented_tree_82_optimized -v -p ../../evaluation/Bar11/Bar11_priors.pickle --delimiter tab -m -1 --nInitials 1
Prior keys mismatch with site names.
Prior keys: [0, 1, 2, 3, 4, 5, 6, 7, 8, 9, 10, 11, 12, 13, 14, 15, 16, 17, 18, 19, 20, 21, 22, 23, 24, 25, 26]
Site names: ['r1', 'r2', 'r3', 'r4', 'r5', 'r6', 'r7', 'r8', 'r9', 'r10', 'r11', 'r12', 'r13', 'r14', 'r15', 'r16', 'r17', 'r18', 'r19', 'r20', 'r21', 'r22', 'r23', 'r24', 'r25', 'r26', 'r27']
Attempting to infer mapping between site names and prior keys...
{'r1': 0, 'r2': 1, 'r3': 2, 'r4': 3, 'r5': 4, 'r6': 5, 'r7': 6, 'r8': 7, 'r9': 8, 'r10': 9, 'r11': 10, 'r12': 11, 'r13': 12, 'r14': 13, 'r15': 14, 'r16': 15, 'r17': 16, 'r18': 17, 'r19': 18, 'r20': 19, 'r21': 20, 'r22': 21, 'r23': 22, 'r24': 23, 'r25': 24, 'r26': 25, 'r27': 26}
Optimizing branch lengths, phi, and nu without topology search
Optimization by EM algorithm
Optimization start with 1 initials
Initial point 1. Random seed: 6511
Numerical optimization started with ultrametric constraint (default)
Initial phi: 0. Initial nu: 0.26955655566205877. Initial nllh: 8680.592244968524
Starting EM iter: 1
Estep
Estep runtime (s): 0.06306910514831543
Mstep
Optimizing phi
Optimizing branch lengths. Current phi: 0. Current nu:0.26955655566205877
Optimizing nu
Mstep runtime (s): 0.21265101432800293
Finished EM iter: 1. Current nllh: 7207.131497078733
Starting EM iter: 2
Estep
Estep runtime (s): 0.08449316024780273
Mstep
Optimizing phi
Optimizing branch lengths. Current phi: 0. Current nu:0.27424042547001426
Optimizing nu
Mstep runtime (s): 0.19733905792236328
Finished EM iter: 2. Current nllh: 7168.863792621619
Starting EM iter: 3
Estep
Estep runtime (s): 0.08484482765197754
Mstep
Optimizing phi
Optimizing branch lengths. Current phi: 0. Current nu:0.2710880805272787
Optimizing nu
Mstep runtime (s): 0.20469093322753906
Finished EM iter: 3. Current nllh: 7165.445909843445
Starting EM iter: 4
Estep
Estep runtime (s): 0.08389782905578613
Mstep
Optimizing phi
Optimizing branch lengths. Current phi: 0. Current nu:0.26879998351461526
Optimizing nu
Mstep runtime (s): 0.22575998306274414
Finished EM iter: 4. Current nllh: 7165.202562067612
Starting EM iter: 5
Estep
Estep runtime (s): 0.0843660831451416
Mstep
Optimizing phi
Optimizing branch lengths. Current phi: 0. Current nu:0.2678573442978324
Optimizing nu
Mstep runtime (s): 0.21452093124389648
Finished EM iter: 5. Current nllh: 7165.142443504573
Starting EM iter: 6
Estep
Estep runtime (s): 0.08410882949829102
Mstep
Optimizing phi
Optimizing branch lengths. Current phi: 0. Current nu:0.2675299146418427
Optimizing nu
Mstep runtime (s): 0.20918488502502441
Finished EM iter: 6. Current nllh: 7165.110963269376
Starting EM iter: 7
Estep
Estep runtime (s): 0.0845341682434082
Mstep
Optimizing phi
Optimizing branch lengths. Current phi: 0. Current nu:0.2674161976099236
Optimizing nu
Mstep runtime (s): 0.19250726699829102
Finished EM iter: 7. Current nllh: 7165.090123187075
Starting EM iter: 8
Estep
Estep runtime (s): 0.08460712432861328
Mstep
Optimizing phi
Optimizing branch lengths. Current phi: 0. Current nu:0.2673761519105383
Optimizing nu
Mstep runtime (s): 0.2670290470123291
Finished EM iter: 8. Current nllh: 7165.075427868498
Starting EM iter: 9
Estep
Estep runtime (s): 0.08529782295227051
Mstep
Optimizing phi
Optimizing branch lengths. Current phi: 0. Current nu:0.267360450546423
Optimizing nu
Mstep runtime (s): 0.20838189125061035
Finished EM iter: 9. Current nllh: 7165.064728257216
Starting EM iter: 10
Estep
Estep runtime (s): 0.0842580795288086
Mstep
Optimizing phi
Optimizing branch lengths. Current phi: 0. Current nu:0.2673564775481441
Optimizing nu
Mstep runtime (s): 0.2115018367767334
Finished EM iter: 10. Current nllh: 7165.05810933466
Starting EM iter: 11
Estep
Estep runtime (s): 0.08457827568054199
Mstep
Optimizing phi
Optimizing branch lengths. Current phi: 0. Current nu:0.26735296842835593
Optimizing nu
Mstep runtime (s): 0.19567513465881348
Finished EM iter: 11. Current nllh: 7165.058260440109
Starting EM iter: 12
Estep
Estep runtime (s): 0.08459186553955078
Mstep
Optimizing phi
Optimizing branch lengths. Current phi: 0. Current nu:0.267346527371327
Optimizing nu
Mstep runtime (s): 0.2034609317779541
Finished EM iter: 12. Current nllh: 7165.058097763139
Starting EM iter: 13
Estep
Estep runtime (s): 0.08412384986877441
Mstep
Optimizing phi
Optimizing branch lengths. Current phi: 0. Current nu:0.26734659619401585
Optimizing nu
Mstep runtime (s): 0.23932290077209473
Finished EM iter: 13. Current nllh: 7165.0582074942595
Starting EM iter: 14
Estep
Estep runtime (s): 0.08461904525756836
Mstep
Optimizing phi
Optimizing branch lengths. Current phi: 0. Current nu:0.26734514968990714
Optimizing nu
Mstep runtime (s): 0.24617886543273926
Finished EM iter: 14. Current nllh: 7165.058297577466
Starting EM iter: 15
Estep
Estep runtime (s): 0.08414506912231445
Mstep
Optimizing phi
Optimizing branch lengths. Current phi: 0. Current nu:0.26734424319971734
Optimizing nu
Mstep runtime (s): 0.2192823886871338
Finished EM iter: 15. Current nllh: 7165.0582128500755
Starting EM iter: 16
Estep
Estep runtime (s): 0.08512377738952637
Mstep
Optimizing phi
Optimizing branch lengths. Current phi: 0. Current nu:0.26734519541641577
Optimizing nu
Mstep runtime (s): 0.22270488739013672
Finished EM iter: 16. Current nllh: 7165.058427753431
Starting EM iter: 17
Estep
Estep runtime (s): 0.08410978317260742
Mstep
Optimizing phi
Optimizing branch lengths. Current phi: 0. Current nu:0.2673439201145941
Optimizing nu
Mstep runtime (s): 0.1925947666168213
Finished EM iter: 17. Current nllh: 7165.058440524712
EM finished after 17 iterations.
Optimal phi: 0. Optimal nu: 0.26734304725319935. Optimal nllh: 7165.058440524712
Optimal point found for initial point 1
Numerical optimization finished successfully
Tree height pre-scaling: 0.7101768372461228, input timescale: 1.0
Tree height after scaling: 1.0, mutation rate: 0.7101768372461228
Tree height pre-scaling: 0.7101768372661863, input timescale: 1.0
Tree height after scaling: 1.0, mutation rate: 0.7101768372661863
Tree height pre-scaling: 0.7101768374443986, input timescale: 1.0
Tree height after scaling: 1.0, mutation rate: 0.7101768374443986
Tree height pre-scaling: 0.7101768374885327, input timescale: 1.0
Tree height after scaling: 1.0, mutation rate: 0.7101768374885327
Tree height pre-scaling: 0.7101768374565331, input timescale: 1.0
Tree height after scaling: 1.0, mutation rate: 0.7101768374565331
Tree height pre-scaling: 0.7101768371757641, input timescale: 1.0
Tree height after scaling: 1.0000000000000002, mutation rate: 0.7101768371757641
Tree height pre-scaling: 0.7101768372388819, input timescale: 1.0
Tree height after scaling: 1.0, mutation rate: 0.7101768372388819
Tree height pre-scaling: 0.7101768373630928, input timescale: 1.0
Tree height after scaling: 1.0, mutation rate: 0.7101768373630928
Tree height pre-scaling: 0.710176837184305, input timescale: 1.0
Tree height after scaling: 1.0, mutation rate: 0.710176837184305
Tree height pre-scaling: 0.7101768372327888, input timescale: 1.0
Tree height after scaling: 1.0, mutation rate: 0.7101768372327888
Tree height pre-scaling: 0.7101768374939893, input timescale: 1.0
Tree height after scaling: 1.0, mutation rate: 0.7101768374939893
Tree height pre-scaling: 0.710176837210894, input timescale: 1.0
Tree height after scaling: 1.0, mutation rate: 0.710176837210894
Tree height pre-scaling: 0.7101768373388937, input timescale: 1.0
Tree height after scaling: 1.0, mutation rate: 0.7101768373388937
Runtime (s): 5.633696667
