Launching LAML version 0.0.4
LAML was called as follows: /Users/uym2/my_gits/LAML/run_laml.py -c ../../evaluation/Bar11/Bar11_character_matrix.txt -t place_outlier3/augmented_tree_129.nwk -o place_outlier3/augmented_tree_129_optimized -v -p ../../evaluation/Bar11/Bar11_priors.pickle --delimiter tab -m -1 --nInitials 1
Prior keys mismatch with site names.
Prior keys: [0, 1, 2, 3, 4, 5, 6, 7, 8, 9, 10, 11, 12, 13, 14, 15, 16, 17, 18, 19, 20, 21, 22, 23, 24, 25, 26]
Site names: ['r1', 'r2', 'r3', 'r4', 'r5', 'r6', 'r7', 'r8', 'r9', 'r10', 'r11', 'r12', 'r13', 'r14', 'r15', 'r16', 'r17', 'r18', 'r19', 'r20', 'r21', 'r22', 'r23', 'r24', 'r25', 'r26', 'r27']
Attempting to infer mapping between site names and prior keys...
{'r1': 0, 'r2': 1, 'r3': 2, 'r4': 3, 'r5': 4, 'r6': 5, 'r7': 6, 'r8': 7, 'r9': 8, 'r10': 9, 'r11': 10, 'r12': 11, 'r13': 12, 'r14': 13, 'r15': 14, 'r16': 15, 'r17': 16, 'r18': 17, 'r19': 18, 'r20': 19, 'r21': 20, 'r22': 21, 'r23': 22, 'r24': 23, 'r25': 24, 'r26': 25, 'r27': 26}
Optimizing branch lengths, phi, and nu without topology search
Optimization by EM algorithm
Optimization start with 1 initials
Initial point 1. Random seed: 6135
Numerical optimization started with ultrametric constraint (default)
Initial phi: 0. Initial nu: 0.26955655566205877. Initial nllh: 8821.159845428014
Starting EM iter: 1
Estep
Estep runtime (s): 0.06345701217651367
Mstep
Optimizing phi
Optimizing branch lengths. Current phi: 0. Current nu:0.26955655566205877
Optimizing nu
Mstep runtime (s): 0.23104310035705566
Finished EM iter: 1. Current nllh: 7257.4378087253035
Starting EM iter: 2
Estep
Estep runtime (s): 0.08282327651977539
Mstep
Optimizing phi
Optimizing branch lengths. Current phi: 0. Current nu:0.275944554339596
Optimizing nu
Mstep runtime (s): 0.20068001747131348
Finished EM iter: 2. Current nllh: 7224.985558428633
Starting EM iter: 3
Estep
Estep runtime (s): 0.08452463150024414
Mstep
Optimizing phi
Optimizing branch lengths. Current phi: 0. Current nu:0.2720945724051982
Optimizing nu
Mstep runtime (s): 0.20545005798339844
Finished EM iter: 3. Current nllh: 7221.025476192758
Starting EM iter: 4
Estep
Estep runtime (s): 0.08325505256652832
Mstep
Optimizing phi
Optimizing branch lengths. Current phi: 0. Current nu:0.2690639815791505
Optimizing nu
Mstep runtime (s): 0.22399187088012695
Finished EM iter: 4. Current nllh: 7220.611254299491
Starting EM iter: 5
Estep
Estep runtime (s): 0.08421182632446289
Mstep
Optimizing phi
Optimizing branch lengths. Current phi: 0. Current nu:0.2677680473271625
Optimizing nu
Mstep runtime (s): 0.1986830234527588
Finished EM iter: 5. Current nllh: 7220.523065583936
Starting EM iter: 6
Estep
Estep runtime (s): 0.08412289619445801
Mstep
Optimizing phi
Optimizing branch lengths. Current phi: 0. Current nu:0.26727724897704624
Optimizing nu
Mstep runtime (s): 0.2264111042022705
Finished EM iter: 6. Current nllh: 7220.482815055994
Starting EM iter: 7
Estep
Estep runtime (s): 0.08292508125305176
Mstep
Optimizing phi
Optimizing branch lengths. Current phi: 0. Current nu:0.26709115959357255
Optimizing nu
Mstep runtime (s): 0.21594810485839844
Finished EM iter: 7. Current nllh: 7220.458833257407
Starting EM iter: 8
Estep
Estep runtime (s): 0.08631396293640137
Mstep
Optimizing phi
Optimizing branch lengths. Current phi: 0. Current nu:0.2670206572589885
Optimizing nu
Mstep runtime (s): 0.19703292846679688
Finished EM iter: 8. Current nllh: 7220.442904819252
Starting EM iter: 9
Estep
Estep runtime (s): 0.08319091796875
Mstep
Optimizing phi
Optimizing branch lengths. Current phi: 0. Current nu:0.2669926625685477
Optimizing nu
Mstep runtime (s): 0.18778300285339355
Finished EM iter: 9. Current nllh: 7220.431868079257
Starting EM iter: 10
Estep
Estep runtime (s): 0.08423829078674316
Mstep
Optimizing phi
Optimizing branch lengths. Current phi: 0. Current nu:0.26698034087128275
Optimizing nu
Mstep runtime (s): 0.21010279655456543
Finished EM iter: 10. Current nllh: 7220.424686436848
Starting EM iter: 11
Estep
Estep runtime (s): 0.08310317993164062
Mstep
Optimizing phi
Optimizing branch lengths. Current phi: 0. Current nu:0.2669745296879243
Optimizing nu
Mstep runtime (s): 0.19487786293029785
Finished EM iter: 11. Current nllh: 7220.424620441015
EM finished after 11 iterations.
Optimal phi: 0. Optimal nu: 0.2669677105408092. Optimal nllh: 7220.424620441015
Optimal point found for initial point 1
Numerical optimization finished successfully
Tree height pre-scaling: 0.7147083029578211, input timescale: 1.0
Tree height after scaling: 1.0, mutation rate: 0.7147083029578211
Tree height pre-scaling: 0.7147083029741423, input timescale: 1.0
Tree height after scaling: 1.0, mutation rate: 0.7147083029741423
Tree height pre-scaling: 0.7147083032219371, input timescale: 1.0
Tree height after scaling: 1.0, mutation rate: 0.7147083032219371
Tree height pre-scaling: 0.7147083032735907, input timescale: 1.0
Tree height after scaling: 1.0, mutation rate: 0.7147083032735907
Tree height pre-scaling: 0.7147083032368616, input timescale: 1.0
Tree height after scaling: 0.9999999999999998, mutation rate: 0.7147083032368616
Tree height pre-scaling: 0.7147083028508663, input timescale: 1.0
Tree height after scaling: 0.9999999999999999, mutation rate: 0.7147083028508663
Tree height pre-scaling: 0.7147083029407248, input timescale: 1.0
Tree height after scaling: 1.0, mutation rate: 0.7147083029407248
Tree height pre-scaling: 0.7147083028706693, input timescale: 1.0
Tree height after scaling: 1.0, mutation rate: 0.7147083028706693
Tree height pre-scaling: 0.7147083029396286, input timescale: 1.0
Tree height after scaling: 1.0, mutation rate: 0.7147083029396286
Tree height pre-scaling: 0.7147083032912229, input timescale: 1.0
Tree height after scaling: 1.0, mutation rate: 0.7147083032912229
Tree height pre-scaling: 0.7147083029042263, input timescale: 1.0
Tree height after scaling: 1.0, mutation rate: 0.7147083029042263
Tree height pre-scaling: 0.7147083030882839, input timescale: 1.0
Tree height after scaling: 1.0, mutation rate: 0.7147083030882839
Tree height pre-scaling: 0.7147083033023096, input timescale: 1.0
Tree height after scaling: 0.9999999999999999, mutation rate: 0.7147083033023096
Runtime (s): 3.615595667
