Launching LAML version 0.0.4
LAML was called as follows: /Users/uym2/my_gits/LAML/run_laml.py -c ../../evaluation/Bar11/Bar11_character_matrix.txt -t place_outlier3/augmented_tree_51.nwk -o place_outlier3/augmented_tree_51_optimized -v -p ../../evaluation/Bar11/Bar11_priors.pickle --delimiter tab -m -1 --nInitials 1
Prior keys mismatch with site names.
Prior keys: [0, 1, 2, 3, 4, 5, 6, 7, 8, 9, 10, 11, 12, 13, 14, 15, 16, 17, 18, 19, 20, 21, 22, 23, 24, 25, 26]
Site names: ['r1', 'r2', 'r3', 'r4', 'r5', 'r6', 'r7', 'r8', 'r9', 'r10', 'r11', 'r12', 'r13', 'r14', 'r15', 'r16', 'r17', 'r18', 'r19', 'r20', 'r21', 'r22', 'r23', 'r24', 'r25', 'r26', 'r27']
Attempting to infer mapping between site names and prior keys...
{'r1': 0, 'r2': 1, 'r3': 2, 'r4': 3, 'r5': 4, 'r6': 5, 'r7': 6, 'r8': 7, 'r9': 8, 'r10': 9, 'r11': 10, 'r12': 11, 'r13': 12, 'r14': 13, 'r15': 14, 'r16': 15, 'r17': 16, 'r18': 17, 'r19': 18, 'r20': 19, 'r21': 20, 'r22': 21, 'r23': 22, 'r24': 23, 'r25': 24, 'r26': 25, 'r27': 26}
Optimizing branch lengths, phi, and nu without topology search
Optimization by EM algorithm
Optimization start with 1 initials
Initial point 1. Random seed: 7724
Numerical optimization started with ultrametric constraint (default)
Initial phi: 0. Initial nu: 0.26955655566205877. Initial nllh: 8670.028332760061
Starting EM iter: 1
Estep
Estep runtime (s): 0.0628817081451416
Mstep
Optimizing phi
Optimizing branch lengths. Current phi: 0. Current nu:0.26955655566205877
Optimizing nu
Mstep runtime (s): 0.21498823165893555
Finished EM iter: 1. Current nllh: 7312.550552896888
Starting EM iter: 2
Estep
Estep runtime (s): 0.08440589904785156
Mstep
Optimizing phi
Optimizing branch lengths. Current phi: 0. Current nu:0.271912546473941
Optimizing nu
Mstep runtime (s): 0.22562789916992188
Finished EM iter: 2. Current nllh: 7284.397071088182
Starting EM iter: 3
Estep
Estep runtime (s): 0.08440303802490234
Mstep
Optimizing phi
Optimizing branch lengths. Current phi: 0. Current nu:0.2678990466557738
Optimizing nu
Mstep runtime (s): 0.18815207481384277
Finished EM iter: 3. Current nllh: 7280.795565164058
Starting EM iter: 4
Estep
Estep runtime (s): 0.08442497253417969
Mstep
Optimizing phi
Optimizing branch lengths. Current phi: 0. Current nu:0.2651582664547338
Optimizing nu
Mstep runtime (s): 0.20215988159179688
Finished EM iter: 4. Current nllh: 7280.468853979704
Starting EM iter: 5
Estep
Estep runtime (s): 0.08519220352172852
Mstep
Optimizing phi
Optimizing branch lengths. Current phi: 0. Current nu:0.2640248533043542
Optimizing nu
Mstep runtime (s): 0.22054505348205566
Finished EM iter: 5. Current nllh: 7280.401867819567
Starting EM iter: 6
Estep
Estep runtime (s): 0.0845789909362793
Mstep
Optimizing phi
Optimizing branch lengths. Current phi: 0. Current nu:0.2636196751959821
Optimizing nu
Mstep runtime (s): 0.22191596031188965
Finished EM iter: 6. Current nllh: 7280.369235072036
Starting EM iter: 7
Estep
Estep runtime (s): 0.08493709564208984
Mstep
Optimizing phi
Optimizing branch lengths. Current phi: 0. Current nu:0.26347686123177283
Optimizing nu
Mstep runtime (s): 0.2561991214752197
Finished EM iter: 7. Current nllh: 7280.347924847469
Starting EM iter: 8
Estep
Estep runtime (s): 0.0845632553100586
Mstep
Optimizing phi
Optimizing branch lengths. Current phi: 0. Current nu:0.26342589808822514
Optimizing nu
Mstep runtime (s): 0.2020878791809082
Finished EM iter: 8. Current nllh: 7280.332945540723
Starting EM iter: 9
Estep
Estep runtime (s): 0.08476376533508301
Mstep
Optimizing phi
Optimizing branch lengths. Current phi: 0. Current nu:0.26340905562453215
Optimizing nu
Mstep runtime (s): 0.210798978805542
Finished EM iter: 9. Current nllh: 7280.322429065609
Starting EM iter: 10
Estep
Estep runtime (s): 0.08493804931640625
Mstep
Optimizing phi
Optimizing branch lengths. Current phi: 0. Current nu:0.2634010328533264
Optimizing nu
Mstep runtime (s): 0.25641489028930664
Finished EM iter: 10. Current nllh: 7280.315432670893
Starting EM iter: 11
Estep
Estep runtime (s): 0.08478689193725586
Mstep
Optimizing phi
Optimizing branch lengths. Current phi: 0. Current nu:0.26339600674410507
Optimizing nu
Mstep runtime (s): 0.2183988094329834
Finished EM iter: 11. Current nllh: 7280.315463231743
EM finished after 11 iterations.
Optimal phi: 0. Optimal nu: 0.26338968713341016. Optimal nllh: 7280.315463231743
Optimal point found for initial point 1
Numerical optimization finished successfully
Tree height pre-scaling: 0.7192430479101821, input timescale: 1.0
Tree height after scaling: 0.9999999999999999, mutation rate: 0.7192430479101821
Tree height pre-scaling: 0.7192430479260628, input timescale: 1.0
Tree height after scaling: 1.0, mutation rate: 0.7192430479260628
Tree height pre-scaling: 0.7192430483710165, input timescale: 1.0
Tree height after scaling: 1.0, mutation rate: 0.7192430483710165
Tree height pre-scaling: 0.7192430484334322, input timescale: 1.0
Tree height after scaling: 1.0, mutation rate: 0.7192430484334322
Tree height pre-scaling: 0.7192430483764314, input timescale: 1.0
Tree height after scaling: 1.0000000000000002, mutation rate: 0.7192430483764314
Tree height pre-scaling: 0.7192430477358126, input timescale: 1.0
Tree height after scaling: 0.9999999999999999, mutation rate: 0.7192430477358126
Tree height pre-scaling: 0.7192430478874716, input timescale: 1.0
Tree height after scaling: 1.0, mutation rate: 0.7192430478874716
Tree height pre-scaling: 0.7192430481753486, input timescale: 1.0
Tree height after scaling: 1.0, mutation rate: 0.7192430481753486
Tree height pre-scaling: 0.7192430481147136, input timescale: 1.0
Tree height after scaling: 1.0, mutation rate: 0.7192430481147136
Tree height pre-scaling: 0.7192430478211982, input timescale: 1.0
Tree height after scaling: 1.0, mutation rate: 0.7192430478211982
Tree height pre-scaling: 0.7192430477481548, input timescale: 1.0
Tree height after scaling: 1.0, mutation rate: 0.7192430477481548
Tree height pre-scaling: 0.7192430478776592, input timescale: 1.0
Tree height after scaling: 1.0, mutation rate: 0.7192430478776592
Tree height pre-scaling: 0.7192430490453001, input timescale: 1.0
Tree height after scaling: 1.0, mutation rate: 0.7192430490453001
Runtime (s): 3.756765208
