Launching LAML version 0.0.4
LAML was called as follows: /Users/uym2/my_gits/LAML/run_laml.py -c ../../bar21/Bar21_character_matrix.txt -t place_outlier/augmented_tree_31.nwk -o place_outlier/augmented_tree_31_optimized -v -p ../../bar21/Bar21_priors.pickle --delimiter tab -m -1 --nInitials 1
Prior keys mismatch with site names.
Prior keys: [0, 1, 2, 3, 4, 5, 6, 7, 8, 9, 10, 11, 12, 13, 14, 15, 16, 17, 18, 19, 20, 21, 22, 23, 24, 25, 26, 27, 28]
Site names: ['r1', 'r2', 'r3', 'r4', 'r5', 'r6', 'r7', 'r8', 'r9', 'r10', 'r11', 'r12', 'r13', 'r14', 'r15', 'r16', 'r17', 'r18', 'r19', 'r20', 'r21', 'r22', 'r23', 'r24', 'r25', 'r26', 'r27', 'r28', 'r29', 'r30']
Attempting to infer mapping between site names and prior keys...
Not all site names are present in the dictionary. Trying offset...
Offset between input site names and prior keys is assumed to be 1
Missing priors at site r30, filling in uniform priors...
{'r1': 0, 'r2': 1, 'r3': 2, 'r4': 3, 'r5': 4, 'r6': 5, 'r7': 6, 'r8': 7, 'r9': 8, 'r10': 9, 'r11': 10, 'r12': 11, 'r13': 12, 'r14': 13, 'r15': 14, 'r16': 15, 'r17': 16, 'r18': 17, 'r19': 18, 'r20': 19, 'r21': 20, 'r22': 21, 'r23': 22, 'r24': 23, 'r25': 24, 'r26': 25, 'r27': 26, 'r28': 27, 'r29': 28, 'r30': 29}
Optimizing branch lengths, phi, and nu without topology search
Optimization by EM algorithm
Optimization start with 1 initials
Initial point 1. Random seed: 3240
Numerical optimization started with ultrametric constraint (default)
Initial phi: 0. Initial nu: 0.26955655566205877. Initial nllh: 11882.470250042466
Starting EM iter: 1
Estep
Estep runtime (s): 0.1415269374847412
Mstep
Optimizing phi
Optimizing branch lengths. Current phi: 0. Current nu:0.26955655566205877
Optimizing nu
Mstep runtime (s): 0.4261648654937744
Finished EM iter: 1. Current nllh: 9839.501011818526
Starting EM iter: 2
Estep
Estep runtime (s): 0.2020397186279297
Mstep
Optimizing phi
Optimizing branch lengths. Current phi: 0. Current nu:0.26501084879780734
Optimizing nu
Mstep runtime (s): 0.5855758190155029
Finished EM iter: 2. Current nllh: 9823.503996623369
Starting EM iter: 3
Estep
Estep runtime (s): 0.19888901710510254
Mstep
Optimizing phi
Optimizing branch lengths. Current phi: 0. Current nu:0.26264814120390245
Optimizing nu
Mstep runtime (s): 0.4336128234863281
Finished EM iter: 3. Current nllh: 9822.733811633354
Starting EM iter: 4
Estep
Estep runtime (s): 0.20106911659240723
Mstep
Optimizing phi
Optimizing branch lengths. Current phi: 0. Current nu:0.2621998611976074
Optimizing nu
Mstep runtime (s): 0.40865516662597656
Finished EM iter: 4. Current nllh: 9822.614799847326
Starting EM iter: 5
Estep
Estep runtime (s): 0.2020859718322754
Mstep
Optimizing phi
Optimizing branch lengths. Current phi: 0. Current nu:0.2623022243438994
Optimizing nu
Mstep runtime (s): 0.3795807361602783
Finished EM iter: 5. Current nllh: 9822.575147024512
Starting EM iter: 6
Estep
Estep runtime (s): 0.2005150318145752
Mstep
Optimizing phi
Optimizing branch lengths. Current phi: 0. Current nu:0.26246475937500474
Optimizing nu
Mstep runtime (s): 0.38806891441345215
Finished EM iter: 6. Current nllh: 9822.556758382078
Starting EM iter: 7
Estep
Estep runtime (s): 0.19945311546325684
Mstep
Optimizing phi
Optimizing branch lengths. Current phi: 0. Current nu:0.26258935506243974
Optimizing nu
Mstep runtime (s): 0.41136789321899414
Finished EM iter: 7. Current nllh: 9822.546872191857
Starting EM iter: 8
Estep
Estep runtime (s): 0.202131986618042
Mstep
Optimizing phi
Optimizing branch lengths. Current phi: 0. Current nu:0.2626733599843026
Optimizing nu
Mstep runtime (s): 0.4011099338531494
Finished EM iter: 8. Current nllh: 9822.54110383966
Starting EM iter: 9
Estep
Estep runtime (s): 0.19983816146850586
Mstep
Optimizing phi
Optimizing branch lengths. Current phi: 0. Current nu:0.26272880947870064
Optimizing nu
Mstep runtime (s): 0.42229390144348145
Finished EM iter: 9. Current nllh: 9822.537520301299
Starting EM iter: 10
Estep
Estep runtime (s): 0.19919776916503906
Mstep
Optimizing phi
Optimizing branch lengths. Current phi: 0. Current nu:0.2627659723715033
Optimizing nu
Mstep runtime (s): 0.3761153221130371
Finished EM iter: 10. Current nllh: 9822.535185247792
Starting EM iter: 11
Estep
Estep runtime (s): 0.2010970115661621
Mstep
Optimizing phi
Optimizing branch lengths. Current phi: 0. Current nu:0.26279072556367766
Optimizing nu
Mstep runtime (s): 0.38437700271606445
Finished EM iter: 11. Current nllh: 9822.533572962475
Starting EM iter: 12
Estep
Estep runtime (s): 0.2005910873413086
Mstep
Optimizing phi
Optimizing branch lengths. Current phi: 0. Current nu:0.26280825053530327
Optimizing nu
Mstep runtime (s): 0.4314579963684082
Finished EM iter: 12. Current nllh: 9822.53241412958
Starting EM iter: 13
Estep
Estep runtime (s): 0.19960284233093262
Mstep
Optimizing phi
Optimizing branch lengths. Current phi: 0. Current nu:0.26282033865027143
Optimizing nu
Mstep runtime (s): 0.4339871406555176
Finished EM iter: 13. Current nllh: 9822.531549443825
Starting EM iter: 14
Estep
Estep runtime (s): 0.19976496696472168
Mstep
Optimizing phi
Optimizing branch lengths. Current phi: 0. Current nu:0.26282905506626386
Optimizing nu
Mstep runtime (s): 0.3799459934234619
Finished EM iter: 14. Current nllh: 9822.530882114916
Starting EM iter: 15
Estep
Estep runtime (s): 0.19962286949157715
Mstep
Optimizing phi
Optimizing branch lengths. Current phi: 0. Current nu:0.26283536577450695
Optimizing nu
Mstep runtime (s): 0.38853979110717773
Finished EM iter: 15. Current nllh: 9822.530355905283
Starting EM iter: 16
Estep
Estep runtime (s): 0.19991183280944824
Mstep
Optimizing phi
Optimizing branch lengths. Current phi: 0. Current nu:0.2628398807978232
Optimizing nu
Mstep runtime (s): 0.4028925895690918
Finished EM iter: 16. Current nllh: 9822.529946973264
Starting EM iter: 17
Estep
Estep runtime (s): 0.1999650001525879
Mstep
Optimizing phi
Optimizing branch lengths. Current phi: 0. Current nu:0.2628428271457052
Optimizing nu
Mstep runtime (s): 0.43497395515441895
Finished EM iter: 17. Current nllh: 9822.529605523336
Starting EM iter: 18
Estep
Estep runtime (s): 0.19991612434387207
Mstep
Optimizing phi
Optimizing branch lengths. Current phi: 0. Current nu:0.2628453854402112
Optimizing nu
Mstep runtime (s): 0.4458611011505127
Finished EM iter: 18. Current nllh: 9822.529141404846
Starting EM iter: 19
Estep
Estep runtime (s): 0.20464110374450684
Mstep
Optimizing phi
Optimizing branch lengths. Current phi: 0. Current nu:0.2628472021995385
Optimizing nu
Mstep runtime (s): 0.37732601165771484
Finished EM iter: 19. Current nllh: 9822.529069924678
EM finished after 19 iterations.
Optimal phi: 0. Optimal nu: 0.2628488885247306. Optimal nllh: 9822.529069924678
Optimal point found for initial point 1
Numerical optimization finished successfully
Tree height pre-scaling: 0.7302551288048986, input timescale: 1.0
Tree height after scaling: 0.9999999999999999, mutation rate: 0.7302551288048986
Tree height pre-scaling: 0.7302551287543255, input timescale: 1.0
Tree height after scaling: 1.0, mutation rate: 0.7302551287543255
Tree height pre-scaling: 0.7302551288877843, input timescale: 1.0
Tree height after scaling: 1.0, mutation rate: 0.7302551288877843
Tree height pre-scaling: 0.7302551288113599, input timescale: 1.0
Tree height after scaling: 0.9999999999999999, mutation rate: 0.7302551288113599
Tree height pre-scaling: 0.7302551286180827, input timescale: 1.0
Tree height after scaling: 1.0, mutation rate: 0.7302551286180827
Tree height pre-scaling: 0.7302551291359256, input timescale: 1.0
Tree height after scaling: 0.9999999999999999, mutation rate: 0.7302551291359256
Tree height pre-scaling: 0.7302551289273418, input timescale: 1.0
Tree height after scaling: 0.9999999999999998, mutation rate: 0.7302551289273418
Tree height pre-scaling: 0.7302551289153116, input timescale: 1.0
Tree height after scaling: 1.0, mutation rate: 0.7302551289153116
Runtime (s): 13.1046725
