Launching LAML version 0.0.4
LAML was called as follows: /Users/uym2/my_gits/LAML/run_laml.py -c ../../bar21/Bar21_character_matrix.txt -t place_outlier/augmented_tree_425.nwk -o place_outlier/augmented_tree_425_optimized -v -p ../../bar21/Bar21_priors.pickle --delimiter tab -m -1 --nInitials 1
Prior keys mismatch with site names.
Prior keys: [0, 1, 2, 3, 4, 5, 6, 7, 8, 9, 10, 11, 12, 13, 14, 15, 16, 17, 18, 19, 20, 21, 22, 23, 24, 25, 26, 27, 28]
Site names: ['r1', 'r2', 'r3', 'r4', 'r5', 'r6', 'r7', 'r8', 'r9', 'r10', 'r11', 'r12', 'r13', 'r14', 'r15', 'r16', 'r17', 'r18', 'r19', 'r20', 'r21', 'r22', 'r23', 'r24', 'r25', 'r26', 'r27', 'r28', 'r29', 'r30']
Attempting to infer mapping between site names and prior keys...
Not all site names are present in the dictionary. Trying offset...
Offset between input site names and prior keys is assumed to be 1
Missing priors at site r30, filling in uniform priors...
{'r1': 0, 'r2': 1, 'r3': 2, 'r4': 3, 'r5': 4, 'r6': 5, 'r7': 6, 'r8': 7, 'r9': 8, 'r10': 9, 'r11': 10, 'r12': 11, 'r13': 12, 'r14': 13, 'r15': 14, 'r16': 15, 'r17': 16, 'r18': 17, 'r19': 18, 'r20': 19, 'r21': 20, 'r22': 21, 'r23': 22, 'r24': 23, 'r25': 24, 'r26': 25, 'r27': 26, 'r28': 27, 'r29': 28, 'r30': 29}
Optimizing branch lengths, phi, and nu without topology search
Optimization by EM algorithm
Optimization start with 1 initials
Initial point 1. Random seed: 8193
Numerical optimization started with ultrametric constraint (default)
Initial phi: 0. Initial nu: 0.26955655566205877. Initial nllh: 12422.313444576339
Starting EM iter: 1
Estep
Estep runtime (s): 0.14599227905273438
Mstep
Optimizing phi
Optimizing branch lengths. Current phi: 0. Current nu:0.26955655566205877
Optimizing nu
Mstep runtime (s): 0.4755733013153076
Finished EM iter: 1. Current nllh: 10287.203866049349
Starting EM iter: 2
Estep
Estep runtime (s): 0.19657397270202637
Mstep
Optimizing phi
Optimizing branch lengths. Current phi: 0. Current nu:0.29586985782328057
Optimizing nu
Mstep runtime (s): 0.3769669532775879
Finished EM iter: 2. Current nllh: 10272.072675072684
Starting EM iter: 3
Estep
Estep runtime (s): 0.19504404067993164
Mstep
Optimizing phi
Optimizing branch lengths. Current phi: 0. Current nu:0.30524155491764593
Optimizing nu
Mstep runtime (s): 0.4019041061401367
Finished EM iter: 3. Current nllh: 10270.320110262388
Starting EM iter: 4
Estep
Estep runtime (s): 0.19620013236999512
Mstep
Optimizing phi
Optimizing branch lengths. Current phi: 0. Current nu:0.3087333475900102
Optimizing nu
Mstep runtime (s): 0.3847792148590088
Finished EM iter: 4. Current nllh: 10269.883927761097
Starting EM iter: 5
Estep
Estep runtime (s): 0.19470882415771484
Mstep
Optimizing phi
Optimizing branch lengths. Current phi: 0. Current nu:0.3101953274764856
Optimizing nu
Mstep runtime (s): 0.37034106254577637
Finished EM iter: 5. Current nllh: 10269.741642247593
Starting EM iter: 6
Estep
Estep runtime (s): 0.19500970840454102
Mstep
Optimizing phi
Optimizing branch lengths. Current phi: 0. Current nu:0.31085590844243843
Optimizing nu
Mstep runtime (s): 0.4074268341064453
Finished EM iter: 6. Current nllh: 10269.67939431753
Starting EM iter: 7
Estep
Estep runtime (s): 0.19501495361328125
Mstep
Optimizing phi
Optimizing branch lengths. Current phi: 0. Current nu:0.3111849236857254
Optimizing nu
Mstep runtime (s): 0.375032901763916
Finished EM iter: 7. Current nllh: 10269.647825418446
Starting EM iter: 8
Estep
Estep runtime (s): 0.1968088150024414
Mstep
Optimizing phi
Optimizing branch lengths. Current phi: 0. Current nu:0.3113643774262648
Optimizing nu
Mstep runtime (s): 0.3860909938812256
Finished EM iter: 8. Current nllh: 10269.6301739219
Starting EM iter: 9
Estep
Estep runtime (s): 0.2013843059539795
Mstep
Optimizing phi
Optimizing branch lengths. Current phi: 0. Current nu:0.3114710369897162
Optimizing nu
Mstep runtime (s): 0.40861082077026367
Finished EM iter: 9. Current nllh: 10269.619505698141
Starting EM iter: 10
Estep
Estep runtime (s): 0.20597076416015625
Mstep
Optimizing phi
Optimizing branch lengths. Current phi: 0. Current nu:0.3115391987534651
Optimizing nu
Mstep runtime (s): 0.39748716354370117
Finished EM iter: 10. Current nllh: 10269.612603235502
Starting EM iter: 11
Estep
Estep runtime (s): 0.20358514785766602
Mstep
Optimizing phi
Optimizing branch lengths. Current phi: 0. Current nu:0.31158608482659833
Optimizing nu
Mstep runtime (s): 0.4313957691192627
Finished EM iter: 11. Current nllh: 10269.607901443627
Starting EM iter: 12
Estep
Estep runtime (s): 0.20263099670410156
Mstep
Optimizing phi
Optimizing branch lengths. Current phi: 0. Current nu:0.3116196137703305
Optimizing nu
Mstep runtime (s): 0.4410579204559326
Finished EM iter: 12. Current nllh: 10269.604632779929
Starting EM iter: 13
Estep
Estep runtime (s): 0.2026219367980957
Mstep
Optimizing phi
Optimizing branch lengths. Current phi: 0. Current nu:0.3116435388281116
Optimizing nu
Mstep runtime (s): 0.4187021255493164
Finished EM iter: 13. Current nllh: 10269.602220399425
Starting EM iter: 14
Estep
Estep runtime (s): 0.20473194122314453
Mstep
Optimizing phi
Optimizing branch lengths. Current phi: 0. Current nu:0.31166208364279363
Optimizing nu
Mstep runtime (s): 0.39220690727233887
Finished EM iter: 14. Current nllh: 10269.600418537366
Starting EM iter: 15
Estep
Estep runtime (s): 0.19788908958435059
Mstep
Optimizing phi
Optimizing branch lengths. Current phi: 0. Current nu:0.3116760559534995
Optimizing nu
Mstep runtime (s): 0.37964510917663574
Finished EM iter: 15. Current nllh: 10269.5990262883
Starting EM iter: 16
Estep
Estep runtime (s): 0.19518589973449707
Mstep
Optimizing phi
Optimizing branch lengths. Current phi: 0. Current nu:0.31168708448757804
Optimizing nu
Mstep runtime (s): 0.38631701469421387
Finished EM iter: 16. Current nllh: 10269.597940089418
Starting EM iter: 17
Estep
Estep runtime (s): 0.19559192657470703
Mstep
Optimizing phi
Optimizing branch lengths. Current phi: 0. Current nu:0.3116956547193874
Optimizing nu
Mstep runtime (s): 0.4038119316101074
Finished EM iter: 17. Current nllh: 10269.59713405195
Starting EM iter: 18
Estep
Estep runtime (s): 0.19621706008911133
Mstep
Optimizing phi
Optimizing branch lengths. Current phi: 0. Current nu:0.31170169840806705
Optimizing nu
Mstep runtime (s): 0.3961191177368164
Finished EM iter: 18. Current nllh: 10269.596422556035
Starting EM iter: 19
Estep
Estep runtime (s): 0.20014166831970215
Mstep
Optimizing phi
Optimizing branch lengths. Current phi: 0. Current nu:0.31170747753478817
Optimizing nu
Mstep runtime (s): 0.4155747890472412
Finished EM iter: 19. Current nllh: 10269.595890399109
Starting EM iter: 20
Estep
Estep runtime (s): 0.19599103927612305
Mstep
Optimizing phi
Optimizing branch lengths. Current phi: 0. Current nu:0.31171130823561277
Optimizing nu
Mstep runtime (s): 0.4225349426269531
Finished EM iter: 20. Current nllh: 10269.595419719624
Starting EM iter: 21
Estep
Estep runtime (s): 0.2029569149017334
Mstep
Optimizing phi
Optimizing branch lengths. Current phi: 0. Current nu:0.31171497645432295
Optimizing nu
Mstep runtime (s): 0.3957479000091553
Finished EM iter: 21. Current nllh: 10269.595054742502
Starting EM iter: 22
Estep
Estep runtime (s): 0.20243096351623535
Mstep
Optimizing phi
Optimizing branch lengths. Current phi: 0. Current nu:0.31171745911902354
Optimizing nu
Mstep runtime (s): 0.43196892738342285
Finished EM iter: 22. Current nllh: 10269.594759799485
Starting EM iter: 23
Estep
Estep runtime (s): 0.1988677978515625
Mstep
Optimizing phi
Optimizing branch lengths. Current phi: 0. Current nu:0.3117194785492336
Optimizing nu
Mstep runtime (s): 0.39098405838012695
Finished EM iter: 23. Current nllh: 10269.594521038458
Starting EM iter: 24
Estep
Estep runtime (s): 0.20638012886047363
Mstep
Optimizing phi
Optimizing branch lengths. Current phi: 0. Current nu:0.3117209349878038
Optimizing nu
Mstep runtime (s): 0.46347784996032715
Finished EM iter: 24. Current nllh: 10269.594342330249
Starting EM iter: 25
Estep
Estep runtime (s): 0.20481610298156738
Mstep
Optimizing phi
Optimizing branch lengths. Current phi: 0. Current nu:0.3117219809103358
Optimizing nu
Mstep runtime (s): 0.39457082748413086
Finished EM iter: 25. Current nllh: 10269.594130814196
Starting EM iter: 26
Estep
Estep runtime (s): 0.196624755859375
Mstep
Optimizing phi
Optimizing branch lengths. Current phi: 0. Current nu:0.3117234625862133
Optimizing nu
Mstep runtime (s): 0.3974931240081787
Finished EM iter: 26. Current nllh: 10269.593964540738
Starting EM iter: 27
Estep
Estep runtime (s): 0.1974799633026123
Mstep
Optimizing phi
Optimizing branch lengths. Current phi: 0. Current nu:0.3117243988183451
Optimizing nu
Mstep runtime (s): 0.425152063369751
Finished EM iter: 27. Current nllh: 10269.593813706724
Starting EM iter: 28
Estep
Estep runtime (s): 0.1993999481201172
Mstep
Optimizing phi
Optimizing branch lengths. Current phi: 0. Current nu:0.3117253315251586
Optimizing nu
Mstep runtime (s): 0.4744150638580322
Finished EM iter: 28. Current nllh: 10269.593707486292
Starting EM iter: 29
Estep
Estep runtime (s): 0.19746041297912598
Mstep
Optimizing phi
Optimizing branch lengths. Current phi: 0. Current nu:0.31172589854161165
Optimizing nu
Mstep runtime (s): 0.4005579948425293
Finished EM iter: 29. Current nllh: 10269.593601848823
Starting EM iter: 30
Estep
Estep runtime (s): 0.19687318801879883
Mstep
Optimizing phi
Optimizing branch lengths. Current phi: 0. Current nu:0.3117263669213726
Optimizing nu
Mstep runtime (s): 0.393949031829834
Finished EM iter: 30. Current nllh: 10269.593530751827
EM finished after 30 iterations.
Optimal phi: 0. Optimal nu: 0.3117265159723607. Optimal nllh: 10269.593530751827
Optimal point found for initial point 1
Numerical optimization finished successfully
Tree height pre-scaling: 0.7001993288530336, input timescale: 1.0
Tree height after scaling: 0.9999999999999999, mutation rate: 0.7001993288530336
Tree height pre-scaling: 0.7001993288816607, input timescale: 1.0
Tree height after scaling: 1.0, mutation rate: 0.7001993288816607
Tree height pre-scaling: 0.7001993288773918, input timescale: 1.0
Tree height after scaling: 0.9999999999999998, mutation rate: 0.7001993288773918
Tree height pre-scaling: 0.7001993289099728, input timescale: 1.0
Tree height after scaling: 1.0, mutation rate: 0.7001993289099728
Tree height pre-scaling: 0.7001993288558875, input timescale: 1.0
Tree height after scaling: 1.0, mutation rate: 0.7001993288558875
Tree height pre-scaling: 0.7001993288398606, input timescale: 1.0
Tree height after scaling: 0.9999999999999999, mutation rate: 0.7001993288398606
Tree height pre-scaling: 0.700199328855539, input timescale: 1.0
Tree height after scaling: 1.0, mutation rate: 0.700199328855539
Tree height pre-scaling: 0.7001993288323551, input timescale: 1.0
Tree height after scaling: 1.0, mutation rate: 0.7001993288323551
Runtime (s): 20.157835084000002
