Launching LAML version 0.0.4
LAML was called as follows: /Users/uym2/my_gits/LAML/run_laml.py -c ../../bar21/Bar21_character_matrix.txt -t place_outlier/augmented_tree_498.nwk -o place_outlier/augmented_tree_498_optimized -v -p ../../bar21/Bar21_priors.pickle --delimiter tab -m -1 --nInitials 1
Prior keys mismatch with site names.
Prior keys: [0, 1, 2, 3, 4, 5, 6, 7, 8, 9, 10, 11, 12, 13, 14, 15, 16, 17, 18, 19, 20, 21, 22, 23, 24, 25, 26, 27, 28]
Site names: ['r1', 'r2', 'r3', 'r4', 'r5', 'r6', 'r7', 'r8', 'r9', 'r10', 'r11', 'r12', 'r13', 'r14', 'r15', 'r16', 'r17', 'r18', 'r19', 'r20', 'r21', 'r22', 'r23', 'r24', 'r25', 'r26', 'r27', 'r28', 'r29', 'r30']
Attempting to infer mapping between site names and prior keys...
Not all site names are present in the dictionary. Trying offset...
Offset between input site names and prior keys is assumed to be 1
Missing priors at site r30, filling in uniform priors...
{'r1': 0, 'r2': 1, 'r3': 2, 'r4': 3, 'r5': 4, 'r6': 5, 'r7': 6, 'r8': 7, 'r9': 8, 'r10': 9, 'r11': 10, 'r12': 11, 'r13': 12, 'r14': 13, 'r15': 14, 'r16': 15, 'r17': 16, 'r18': 17, 'r19': 18, 'r20': 19, 'r21': 20, 'r22': 21, 'r23': 22, 'r24': 23, 'r25': 24, 'r26': 25, 'r27': 26, 'r28': 27, 'r29': 28, 'r30': 29}
Optimizing branch lengths, phi, and nu without topology search
Optimization by EM algorithm
Optimization start with 1 initials
Initial point 1. Random seed: 996
Numerical optimization started with ultrametric constraint (default)
Initial phi: 0. Initial nu: 0.26955655566205877. Initial nllh: 12027.647090164168
Starting EM iter: 1
Estep
Estep runtime (s): 0.14144492149353027
Mstep
Optimizing phi
Optimizing branch lengths. Current phi: 0. Current nu:0.26955655566205877
Optimizing nu
Mstep runtime (s): 0.4174020290374756
Finished EM iter: 1. Current nllh: 10171.898605850754
Starting EM iter: 2
Estep
Estep runtime (s): 0.1937870979309082
Mstep
Optimizing phi
Optimizing branch lengths. Current phi: 0. Current nu:0.275807452287197
Optimizing nu
Mstep runtime (s): 0.3862578868865967
Finished EM iter: 2. Current nllh: 10159.668027766957
Starting EM iter: 3
Estep
Estep runtime (s): 0.19468474388122559
Mstep
Optimizing phi
Optimizing branch lengths. Current phi: 0. Current nu:0.2764979646417133
Optimizing nu
Mstep runtime (s): 0.38939332962036133
Finished EM iter: 3. Current nllh: 10159.178789634252
Starting EM iter: 4
Estep
Estep runtime (s): 0.1949329376220703
Mstep
Optimizing phi
Optimizing branch lengths. Current phi: 0. Current nu:0.27696038342270696
Optimizing nu
Mstep runtime (s): 0.44285106658935547
Finished EM iter: 4. Current nllh: 10159.073728771575
Starting EM iter: 5
Estep
Estep runtime (s): 0.1983051300048828
Mstep
Optimizing phi
Optimizing branch lengths. Current phi: 0. Current nu:0.27732737956676123
Optimizing nu
Mstep runtime (s): 0.4573240280151367
Finished EM iter: 5. Current nllh: 10159.032119044461
Starting EM iter: 6
Estep
Estep runtime (s): 0.19531607627868652
Mstep
Optimizing phi
Optimizing branch lengths. Current phi: 0. Current nu:0.2775750436273386
Optimizing nu
Mstep runtime (s): 0.3817150592803955
Finished EM iter: 6. Current nllh: 10159.012519488493
Starting EM iter: 7
Estep
Estep runtime (s): 0.1954503059387207
Mstep
Optimizing phi
Optimizing branch lengths. Current phi: 0. Current nu:0.2777325343941924
Optimizing nu
Mstep runtime (s): 0.44440698623657227
Finished EM iter: 7. Current nllh: 10159.00223165307
Starting EM iter: 8
Estep
Estep runtime (s): 0.1949598789215088
Mstep
Optimizing phi
Optimizing branch lengths. Current phi: 0. Current nu:0.27783244018615416
Optimizing nu
Mstep runtime (s): 0.443497896194458
Finished EM iter: 8. Current nllh: 10158.996553783772
Starting EM iter: 9
Estep
Estep runtime (s): 0.19446086883544922
Mstep
Optimizing phi
Optimizing branch lengths. Current phi: 0. Current nu:0.27789728001287745
Optimizing nu
Mstep runtime (s): 0.4616091251373291
Finished EM iter: 9. Current nllh: 10158.993252022985
Starting EM iter: 10
Estep
Estep runtime (s): 0.19544315338134766
Mstep
Optimizing phi
Optimizing branch lengths. Current phi: 0. Current nu:0.27794057362225577
Optimizing nu
Mstep runtime (s): 0.3961200714111328
Finished EM iter: 10. Current nllh: 10158.991250177321
Starting EM iter: 11
Estep
Estep runtime (s): 0.19534897804260254
Mstep
Optimizing phi
Optimizing branch lengths. Current phi: 0. Current nu:0.2779701307609103
Optimizing nu
Mstep runtime (s): 0.4026000499725342
Finished EM iter: 11. Current nllh: 10158.989981191624
Starting EM iter: 12
Estep
Estep runtime (s): 0.19452333450317383
Mstep
Optimizing phi
Optimizing branch lengths. Current phi: 0. Current nu:0.27799083542632075
Optimizing nu
Mstep runtime (s): 0.4575510025024414
Finished EM iter: 12. Current nllh: 10158.988852497603
Starting EM iter: 13
Estep
Estep runtime (s): 0.19599008560180664
Mstep
Optimizing phi
Optimizing branch lengths. Current phi: 0. Current nu:0.2780077015032887
Optimizing nu
Mstep runtime (s): 0.47367191314697266
Finished EM iter: 13. Current nllh: 10158.988277958637
Starting EM iter: 14
Estep
Estep runtime (s): 0.19694805145263672
Mstep
Optimizing phi
Optimizing branch lengths. Current phi: 0. Current nu:0.2780188659588523
Optimizing nu
Mstep runtime (s): 0.39743900299072266
Finished EM iter: 14. Current nllh: 10158.988127846067
Starting EM iter: 15
Estep
Estep runtime (s): 0.1949939727783203
Mstep
Optimizing phi
Optimizing branch lengths. Current phi: 0. Current nu:0.2780245770357606
Optimizing nu
Mstep runtime (s): 0.4399299621582031
Finished EM iter: 15. Current nllh: 10158.987575336334
Starting EM iter: 16
Estep
Estep runtime (s): 0.1962108612060547
Mstep
Optimizing phi
Optimizing branch lengths. Current phi: 0. Current nu:0.2780321275238969
Optimizing nu
Mstep runtime (s): 0.43770337104797363
Finished EM iter: 16. Current nllh: 10158.987377072795
Starting EM iter: 17
Estep
Estep runtime (s): 0.1953132152557373
Mstep
Optimizing phi
Optimizing branch lengths. Current phi: 0. Current nu:0.2780371132915435
Optimizing nu
Mstep runtime (s): 0.4871540069580078
Finished EM iter: 17. Current nllh: 10158.987444550665
EM finished after 17 iterations.
Optimal phi: 0. Optimal nu: 0.27803800217159347. Optimal nllh: 10158.987444550665
Optimal point found for initial point 1
Numerical optimization finished successfully
Tree height pre-scaling: 0.7170521111906153, input timescale: 1.0
Tree height after scaling: 1.0, mutation rate: 0.7170521111906153
Tree height pre-scaling: 0.7170521111973045, input timescale: 1.0
Tree height after scaling: 1.0, mutation rate: 0.7170521111973045
Tree height pre-scaling: 0.7170521112119939, input timescale: 1.0
Tree height after scaling: 0.9999999999999999, mutation rate: 0.7170521112119939
Tree height pre-scaling: 0.7170521111893566, input timescale: 1.0
Tree height after scaling: 1.0000000000000002, mutation rate: 0.7170521111893566
Tree height pre-scaling: 0.7170521111850239, input timescale: 1.0
Tree height after scaling: 0.9999999999999999, mutation rate: 0.7170521111850239
Tree height pre-scaling: 0.7170521111906119, input timescale: 1.0
Tree height after scaling: 1.0, mutation rate: 0.7170521111906119
Tree height pre-scaling: 0.7170521111903153, input timescale: 1.0
Tree height after scaling: 1.0, mutation rate: 0.7170521111903153
Tree height pre-scaling: 0.7170521111755018, input timescale: 1.0
Tree height after scaling: 1.0, mutation rate: 0.7170521111755018
Runtime (s): 11.888745792
