Launching LAML version 0.0.4
LAML was called as follows: /Users/uym2/my_gits/LAML/run_laml.py -c ../../bar21/Bar21_character_matrix.txt -t place_outlier/augmented_tree_440.nwk -o place_outlier/augmented_tree_440_optimized -v -p ../../bar21/Bar21_priors.pickle --delimiter tab -m -1 --nInitials 1
Prior keys mismatch with site names.
Prior keys: [0, 1, 2, 3, 4, 5, 6, 7, 8, 9, 10, 11, 12, 13, 14, 15, 16, 17, 18, 19, 20, 21, 22, 23, 24, 25, 26, 27, 28]
Site names: ['r1', 'r2', 'r3', 'r4', 'r5', 'r6', 'r7', 'r8', 'r9', 'r10', 'r11', 'r12', 'r13', 'r14', 'r15', 'r16', 'r17', 'r18', 'r19', 'r20', 'r21', 'r22', 'r23', 'r24', 'r25', 'r26', 'r27', 'r28', 'r29', 'r30']
Attempting to infer mapping between site names and prior keys...
Not all site names are present in the dictionary. Trying offset...
Offset between input site names and prior keys is assumed to be 1
Missing priors at site r30, filling in uniform priors...
{'r1': 0, 'r2': 1, 'r3': 2, 'r4': 3, 'r5': 4, 'r6': 5, 'r7': 6, 'r8': 7, 'r9': 8, 'r10': 9, 'r11': 10, 'r12': 11, 'r13': 12, 'r14': 13, 'r15': 14, 'r16': 15, 'r17': 16, 'r18': 17, 'r19': 18, 'r20': 19, 'r21': 20, 'r22': 21, 'r23': 22, 'r24': 23, 'r25': 24, 'r26': 25, 'r27': 26, 'r28': 27, 'r29': 28, 'r30': 29}
Optimizing branch lengths, phi, and nu without topology search
Optimization by EM algorithm
Optimization start with 1 initials
Initial point 1. Random seed: 3202
Numerical optimization started with ultrametric constraint (default)
Initial phi: 0. Initial nu: 0.26955655566205877. Initial nllh: 11963.865717365163
Starting EM iter: 1
Estep
Estep runtime (s): 0.1517350673675537
Mstep
Optimizing phi
Optimizing branch lengths. Current phi: 0. Current nu:0.26955655566205877
Optimizing nu
Mstep runtime (s): 0.4860951900482178
Finished EM iter: 1. Current nllh: 9846.0001263
Starting EM iter: 2
Estep
Estep runtime (s): 0.20330500602722168
Mstep
Optimizing phi
Optimizing branch lengths. Current phi: 0. Current nu:0.2719919733914185
Optimizing nu
Mstep runtime (s): 0.39392685890197754
Finished EM iter: 2. Current nllh: 9833.042088600341
Starting EM iter: 3
Estep
Estep runtime (s): 0.1991720199584961
Mstep
Optimizing phi
Optimizing branch lengths. Current phi: 0. Current nu:0.27318948028748835
Optimizing nu
Mstep runtime (s): 0.4046168327331543
Finished EM iter: 3. Current nllh: 9831.878603894245
Starting EM iter: 4
Estep
Estep runtime (s): 0.20062899589538574
Mstep
Optimizing phi
Optimizing branch lengths. Current phi: 0. Current nu:0.2739670428313127
Optimizing nu
Mstep runtime (s): 0.39913296699523926
Finished EM iter: 4. Current nllh: 9831.623773830326
Starting EM iter: 5
Estep
Estep runtime (s): 0.20841097831726074
Mstep
Optimizing phi
Optimizing branch lengths. Current phi: 0. Current nu:0.2745048500407297
Optimizing nu
Mstep runtime (s): 0.42798805236816406
Finished EM iter: 5. Current nllh: 9831.549363494665
Starting EM iter: 6
Estep
Estep runtime (s): 0.2016620635986328
Mstep
Optimizing phi
Optimizing branch lengths. Current phi: 0. Current nu:0.2748355113972607
Optimizing nu
Mstep runtime (s): 0.4463369846343994
Finished EM iter: 6. Current nllh: 9831.515800413446
Starting EM iter: 7
Estep
Estep runtime (s): 0.1977250576019287
Mstep
Optimizing phi
Optimizing branch lengths. Current phi: 0. Current nu:0.27503753341618575
Optimizing nu
Mstep runtime (s): 0.43573784828186035
Finished EM iter: 7. Current nllh: 9831.498500968206
Starting EM iter: 8
Estep
Estep runtime (s): 0.19822216033935547
Mstep
Optimizing phi
Optimizing branch lengths. Current phi: 0. Current nu:0.2751589221891948
Optimizing nu
Mstep runtime (s): 0.4988071918487549
Finished EM iter: 8. Current nllh: 9831.488747855914
Starting EM iter: 9
Estep
Estep runtime (s): 0.20212793350219727
Mstep
Optimizing phi
Optimizing branch lengths. Current phi: 0. Current nu:0.2752352667277233
Optimizing nu
Mstep runtime (s): 0.41765594482421875
Finished EM iter: 9. Current nllh: 9831.482887568269
Starting EM iter: 10
Estep
Estep runtime (s): 0.20018506050109863
Mstep
Optimizing phi
Optimizing branch lengths. Current phi: 0. Current nu:0.27528560226019
Optimizing nu
Mstep runtime (s): 0.49771904945373535
Finished EM iter: 10. Current nllh: 9831.47897495195
Starting EM iter: 11
Estep
Estep runtime (s): 0.2024998664855957
Mstep
Optimizing phi
Optimizing branch lengths. Current phi: 0. Current nu:0.2753203119998917
Optimizing nu
Mstep runtime (s): 0.42039012908935547
Finished EM iter: 11. Current nllh: 9831.476521476714
Starting EM iter: 12
Estep
Estep runtime (s): 0.20672369003295898
Mstep
Optimizing phi
Optimizing branch lengths. Current phi: 0. Current nu:0.2753439620158794
Optimizing nu
Mstep runtime (s): 0.42250895500183105
Finished EM iter: 12. Current nllh: 9831.474724093794
Starting EM iter: 13
Estep
Estep runtime (s): 0.20171499252319336
Mstep
Optimizing phi
Optimizing branch lengths. Current phi: 0. Current nu:0.27536094966465874
Optimizing nu
Mstep runtime (s): 0.41162872314453125
Finished EM iter: 13. Current nllh: 9831.473426945342
Starting EM iter: 14
Estep
Estep runtime (s): 0.20008397102355957
Mstep
Optimizing phi
Optimizing branch lengths. Current phi: 0. Current nu:0.27537299454343406
Optimizing nu
Mstep runtime (s): 0.42215609550476074
Finished EM iter: 14. Current nllh: 9831.472451438343
Starting EM iter: 15
Estep
Estep runtime (s): 0.21154117584228516
Mstep
Optimizing phi
Optimizing branch lengths. Current phi: 0. Current nu:0.27538196393471126
Optimizing nu
Mstep runtime (s): 0.4121270179748535
Finished EM iter: 15. Current nllh: 9831.471730367346
Starting EM iter: 16
Estep
Estep runtime (s): 0.19926786422729492
Mstep
Optimizing phi
Optimizing branch lengths. Current phi: 0. Current nu:0.2753879234420347
Optimizing nu
Mstep runtime (s): 0.3932938575744629
Finished EM iter: 16. Current nllh: 9831.471135119045
Starting EM iter: 17
Estep
Estep runtime (s): 0.198807954788208
Mstep
Optimizing phi
Optimizing branch lengths. Current phi: 0. Current nu:0.27539313448073854
Optimizing nu
Mstep runtime (s): 0.3979299068450928
Finished EM iter: 17. Current nllh: 9831.47065501612
Starting EM iter: 18
Estep
Estep runtime (s): 0.2012789249420166
Mstep
Optimizing phi
Optimizing branch lengths. Current phi: 0. Current nu:0.27539687648564065
Optimizing nu
Mstep runtime (s): 0.4195528030395508
Finished EM iter: 18. Current nllh: 9831.470261980283
Starting EM iter: 19
Estep
Estep runtime (s): 0.20407891273498535
Mstep
Optimizing phi
Optimizing branch lengths. Current phi: 0. Current nu:0.27539987411517924
Optimizing nu
Mstep runtime (s): 0.44150495529174805
Finished EM iter: 19. Current nllh: 9831.469961369416
Starting EM iter: 20
Estep
Estep runtime (s): 0.20446276664733887
Mstep
Optimizing phi
Optimizing branch lengths. Current phi: 0. Current nu:0.2754015649970681
Optimizing nu
Mstep runtime (s): 0.4012339115142822
Finished EM iter: 20. Current nllh: 9831.469703413615
Starting EM iter: 21
Estep
Estep runtime (s): 0.20443224906921387
Mstep
Optimizing phi
Optimizing branch lengths. Current phi: 0. Current nu:0.275403273697282
Optimizing nu
Mstep runtime (s): 0.4589858055114746
Finished EM iter: 21. Current nllh: 9831.469492248116
Starting EM iter: 22
Estep
Estep runtime (s): 0.20412182807922363
Mstep
Optimizing phi
Optimizing branch lengths. Current phi: 0. Current nu:0.2754043021594825
Optimizing nu
Mstep runtime (s): 0.41188931465148926
Finished EM iter: 22. Current nllh: 9831.469318466088
Starting EM iter: 23
Estep
Estep runtime (s): 0.2089080810546875
Mstep
Optimizing phi
Optimizing branch lengths. Current phi: 0. Current nu:0.27540505378415825
Optimizing nu
Mstep runtime (s): 0.3945150375366211
Finished EM iter: 23. Current nllh: 9831.469138373432
Starting EM iter: 24
Estep
Estep runtime (s): 0.1991560459136963
Mstep
Optimizing phi
Optimizing branch lengths. Current phi: 0. Current nu:0.27540630150105544
Optimizing nu
Mstep runtime (s): 0.42170095443725586
Finished EM iter: 24. Current nllh: 9831.468991676295
Starting EM iter: 25
Estep
Estep runtime (s): 0.20853805541992188
Mstep
Optimizing phi
Optimizing branch lengths. Current phi: 0. Current nu:0.27540692064384936
Optimizing nu
Mstep runtime (s): 0.39920997619628906
Finished EM iter: 25. Current nllh: 9831.46889646557
EM finished after 25 iterations.
Optimal phi: 0. Optimal nu: 0.2754068603186039. Optimal nllh: 9831.46889646557
Optimal point found for initial point 1
Numerical optimization finished successfully
Tree height pre-scaling: 0.7259118986092508, input timescale: 1.0
Tree height after scaling: 1.0, mutation rate: 0.7259118986092508
Tree height pre-scaling: 0.7259118986416043, input timescale: 1.0
Tree height after scaling: 1.0, mutation rate: 0.7259118986416043
Tree height pre-scaling: 0.7259118986373198, input timescale: 1.0
Tree height after scaling: 0.9999999999999998, mutation rate: 0.7259118986373198
Tree height pre-scaling: 0.7259118986734499, input timescale: 1.0
Tree height after scaling: 1.0, mutation rate: 0.7259118986734499
Tree height pre-scaling: 0.7259118986120886, input timescale: 1.0
Tree height after scaling: 1.0, mutation rate: 0.7259118986120886
Tree height pre-scaling: 0.7259118985969388, input timescale: 1.0
Tree height after scaling: 0.9999999999999999, mutation rate: 0.7259118985969388
Tree height pre-scaling: 0.7259118986134655, input timescale: 1.0
Tree height after scaling: 1.0, mutation rate: 0.7259118986134655
Tree height pre-scaling: 0.7259118985885216, input timescale: 1.0
Tree height after scaling: 1.0, mutation rate: 0.7259118985885216
Runtime (s): 17.444827999999998
