Launching LAML version 0.0.4
LAML was called as follows: /Users/uym2/my_gits/LAML/run_laml.py -c ../../bar21/Bar21_character_matrix.txt -t place_outlier/augmented_tree_180.nwk -o place_outlier/augmented_tree_180_optimized -v -p ../../bar21/Bar21_priors.pickle --delimiter tab -m -1 --nInitials 1
Prior keys mismatch with site names.
Prior keys: [0, 1, 2, 3, 4, 5, 6, 7, 8, 9, 10, 11, 12, 13, 14, 15, 16, 17, 18, 19, 20, 21, 22, 23, 24, 25, 26, 27, 28]
Site names: ['r1', 'r2', 'r3', 'r4', 'r5', 'r6', 'r7', 'r8', 'r9', 'r10', 'r11', 'r12', 'r13', 'r14', 'r15', 'r16', 'r17', 'r18', 'r19', 'r20', 'r21', 'r22', 'r23', 'r24', 'r25', 'r26', 'r27', 'r28', 'r29', 'r30']
Attempting to infer mapping between site names and prior keys...
Not all site names are present in the dictionary. Trying offset...
Offset between input site names and prior keys is assumed to be 1
Missing priors at site r30, filling in uniform priors...
{'r1': 0, 'r2': 1, 'r3': 2, 'r4': 3, 'r5': 4, 'r6': 5, 'r7': 6, 'r8': 7, 'r9': 8, 'r10': 9, 'r11': 10, 'r12': 11, 'r13': 12, 'r14': 13, 'r15': 14, 'r16': 15, 'r17': 16, 'r18': 17, 'r19': 18, 'r20': 19, 'r21': 20, 'r22': 21, 'r23': 22, 'r24': 23, 'r25': 24, 'r26': 25, 'r27': 26, 'r28': 27, 'r29': 28, 'r30': 29}
Optimizing branch lengths, phi, and nu without topology search
Optimization by EM algorithm
Optimization start with 1 initials
Initial point 1. Random seed: 4828
Numerical optimization started with ultrametric constraint (default)
Initial phi: 0. Initial nu: 0.26955655566205877. Initial nllh: 12156.58606000233
Starting EM iter: 1
Estep
Estep runtime (s): 0.1448230743408203
Mstep
Optimizing phi
Optimizing branch lengths. Current phi: 0. Current nu:0.26955655566205877
Optimizing nu
Mstep runtime (s): 0.43395209312438965
Finished EM iter: 1. Current nllh: 9897.681640552866
Starting EM iter: 2
Estep
Estep runtime (s): 0.19718718528747559
Mstep
Optimizing phi
Optimizing branch lengths. Current phi: 0. Current nu:0.28332902523421966
Optimizing nu
Mstep runtime (s): 0.4373178482055664
Finished EM iter: 2. Current nllh: 9868.170076231672
Starting EM iter: 3
Estep
Estep runtime (s): 0.19809818267822266
Mstep
Optimizing phi
Optimizing branch lengths. Current phi: 0. Current nu:0.28638477915410665
Optimizing nu
Mstep runtime (s): 0.46933794021606445
Finished EM iter: 3. Current nllh: 9865.078205482947
Starting EM iter: 4
Estep
Estep runtime (s): 0.19778895378112793
Mstep
Optimizing phi
Optimizing branch lengths. Current phi: 0. Current nu:0.2867089480047418
Optimizing nu
Mstep runtime (s): 0.4071528911590576
Finished EM iter: 4. Current nllh: 9864.796254444325
Starting EM iter: 5
Estep
Estep runtime (s): 0.197404146194458
Mstep
Optimizing phi
Optimizing branch lengths. Current phi: 0. Current nu:0.2868908094129944
Optimizing nu
Mstep runtime (s): 0.3706209659576416
Finished EM iter: 5. Current nllh: 9864.78027565715
Starting EM iter: 6
Estep
Estep runtime (s): 0.19752001762390137
Mstep
Optimizing phi
Optimizing branch lengths. Current phi: 0. Current nu:0.28706589828021056
Optimizing nu
Mstep runtime (s): 0.45299601554870605
Finished EM iter: 6. Current nllh: 9864.774985538537
Starting EM iter: 7
Estep
Estep runtime (s): 0.19965314865112305
Mstep
Optimizing phi
Optimizing branch lengths. Current phi: 0. Current nu:0.28719418250686096
Optimizing nu
Mstep runtime (s): 0.3894309997558594
Finished EM iter: 7. Current nllh: 9864.77144224595
Starting EM iter: 8
Estep
Estep runtime (s): 0.19869017601013184
Mstep
Optimizing phi
Optimizing branch lengths. Current phi: 0. Current nu:0.28727289766480213
Optimizing nu
Mstep runtime (s): 0.37987518310546875
Finished EM iter: 8. Current nllh: 9864.76895577531
Starting EM iter: 9
Estep
Estep runtime (s): 0.1997530460357666
Mstep
Optimizing phi
Optimizing branch lengths. Current phi: 0. Current nu:0.2873174483015422
Optimizing nu
Mstep runtime (s): 0.36866307258605957
Finished EM iter: 9. Current nllh: 9864.767129437485
Starting EM iter: 10
Estep
Estep runtime (s): 0.19912505149841309
Mstep
Optimizing phi
Optimizing branch lengths. Current phi: 0. Current nu:0.28734271311308957
Optimizing nu
Mstep runtime (s): 0.36275196075439453
Finished EM iter: 10. Current nllh: 9864.765776132717
Starting EM iter: 11
Estep
Estep runtime (s): 0.199843168258667
Mstep
Optimizing phi
Optimizing branch lengths. Current phi: 0. Current nu:0.2873565959292125
Optimizing nu
Mstep runtime (s): 0.37219905853271484
Finished EM iter: 11. Current nllh: 9864.764765158006
Starting EM iter: 12
Estep
Estep runtime (s): 0.19716691970825195
Mstep
Optimizing phi
Optimizing branch lengths. Current phi: 0. Current nu:0.2873635504625259
Optimizing nu
Mstep runtime (s): 0.4005701541900635
Finished EM iter: 12. Current nllh: 9864.763953466942
Starting EM iter: 13
Estep
Estep runtime (s): 0.1995251178741455
Mstep
Optimizing phi
Optimizing branch lengths. Current phi: 0. Current nu:0.287368070550163
Optimizing nu
Mstep runtime (s): 0.39568614959716797
Finished EM iter: 13. Current nllh: 9864.763279970302
Starting EM iter: 14
Estep
Estep runtime (s): 0.2009868621826172
Mstep
Optimizing phi
Optimizing branch lengths. Current phi: 0. Current nu:0.2873709837862352
Optimizing nu
Mstep runtime (s): 0.39252185821533203
Finished EM iter: 14. Current nllh: 9864.762728657442
Starting EM iter: 15
Estep
Estep runtime (s): 0.202531099319458
Mstep
Optimizing phi
Optimizing branch lengths. Current phi: 0. Current nu:0.2873724615130477
Optimizing nu
Mstep runtime (s): 0.38732099533081055
Finished EM iter: 15. Current nllh: 9864.762274929722
Starting EM iter: 16
Estep
Estep runtime (s): 0.20045113563537598
Mstep
Optimizing phi
Optimizing branch lengths. Current phi: 0. Current nu:0.28737355965038974
Optimizing nu
Mstep runtime (s): 0.37802696228027344
Finished EM iter: 16. Current nllh: 9864.761894288918
Starting EM iter: 17
Estep
Estep runtime (s): 0.19688105583190918
Mstep
Optimizing phi
Optimizing branch lengths. Current phi: 0. Current nu:0.2873742536730627
Optimizing nu
Mstep runtime (s): 0.38355398178100586
Finished EM iter: 17. Current nllh: 9864.761575159415
Starting EM iter: 18
Estep
Estep runtime (s): 0.19821524620056152
Mstep
Optimizing phi
Optimizing branch lengths. Current phi: 0. Current nu:0.28737472281226695
Optimizing nu
Mstep runtime (s): 0.3739151954650879
Finished EM iter: 18. Current nllh: 9864.761320225709
Starting EM iter: 19
Estep
Estep runtime (s): 0.20149469375610352
Mstep
Optimizing phi
Optimizing branch lengths. Current phi: 0. Current nu:0.2873747031456884
Optimizing nu
Mstep runtime (s): 0.3595759868621826
Finished EM iter: 19. Current nllh: 9864.761105599986
Starting EM iter: 20
Estep
Estep runtime (s): 0.20111680030822754
Mstep
Optimizing phi
Optimizing branch lengths. Current phi: 0. Current nu:0.28737488731688476
Optimizing nu
Mstep runtime (s): 0.38169384002685547
Finished EM iter: 20. Current nllh: 9864.760901530435
Starting EM iter: 21
Estep
Estep runtime (s): 0.19518685340881348
Mstep
Optimizing phi
Optimizing branch lengths. Current phi: 0. Current nu:0.2873751248629214
Optimizing nu
Mstep runtime (s): 0.37490296363830566
Finished EM iter: 21. Current nllh: 9864.760741518814
Starting EM iter: 22
Estep
Estep runtime (s): 0.1953270435333252
Mstep
Optimizing phi
Optimizing branch lengths. Current phi: 0. Current nu:0.28737515594170226
Optimizing nu
Mstep runtime (s): 0.3612816333770752
Finished EM iter: 22. Current nllh: 9864.760589218096
Starting EM iter: 23
Estep
Estep runtime (s): 0.19494009017944336
Mstep
Optimizing phi
Optimizing branch lengths. Current phi: 0. Current nu:0.287375448931379
Optimizing nu
Mstep runtime (s): 0.37636899948120117
Finished EM iter: 23. Current nllh: 9864.760445145082
Starting EM iter: 24
Estep
Estep runtime (s): 0.1956031322479248
Mstep
Optimizing phi
Optimizing branch lengths. Current phi: 0. Current nu:0.2873756993187806
Optimizing nu
Mstep runtime (s): 0.37496209144592285
Finished EM iter: 24. Current nllh: 9864.760355116163
EM finished after 24 iterations.
Optimal phi: 0. Optimal nu: 0.287375333142399. Optimal nllh: 9864.760355116163
Optimal point found for initial point 1
Numerical optimization finished successfully
Tree height pre-scaling: 0.7335945413140854, input timescale: 1.0
Tree height after scaling: 1.0, mutation rate: 0.7335945413140854
Tree height pre-scaling: 0.733594541140097, input timescale: 1.0
Tree height after scaling: 1.0, mutation rate: 0.733594541140097
Tree height pre-scaling: 0.7335945414612577, input timescale: 1.0
Tree height after scaling: 0.9999999999999998, mutation rate: 0.7335945414612577
Tree height pre-scaling: 0.7335945412944275, input timescale: 1.0
Tree height after scaling: 1.0000000000000002, mutation rate: 0.7335945412944275
Tree height pre-scaling: 0.7335945409201876, input timescale: 1.0
Tree height after scaling: 1.0, mutation rate: 0.7335945409201876
Tree height pre-scaling: 0.7335945416678615, input timescale: 1.0
Tree height after scaling: 1.0, mutation rate: 0.7335945416678615
Tree height pre-scaling: 0.7335945415628724, input timescale: 1.0
Tree height after scaling: 1.0, mutation rate: 0.7335945415628724
Tree height pre-scaling: 0.7335945421445176, input timescale: 1.0
Tree height after scaling: 1.0, mutation rate: 0.7335945421445176
Runtime (s): 15.775530416999999
