Launching LAML version 0.0.4
LAML was called as follows: /Users/uym2/my_gits/LAML/run_laml.py -c ../../bar21/Bar21_character_matrix.txt -t place_outlier/augmented_tree_144.nwk -o place_outlier/augmented_tree_144_optimized -v -p ../../bar21/Bar21_priors.pickle --delimiter tab -m -1 --nInitials 1
Prior keys mismatch with site names.
Prior keys: [0, 1, 2, 3, 4, 5, 6, 7, 8, 9, 10, 11, 12, 13, 14, 15, 16, 17, 18, 19, 20, 21, 22, 23, 24, 25, 26, 27, 28]
Site names: ['r1', 'r2', 'r3', 'r4', 'r5', 'r6', 'r7', 'r8', 'r9', 'r10', 'r11', 'r12', 'r13', 'r14', 'r15', 'r16', 'r17', 'r18', 'r19', 'r20', 'r21', 'r22', 'r23', 'r24', 'r25', 'r26', 'r27', 'r28', 'r29', 'r30']
Attempting to infer mapping between site names and prior keys...
Not all site names are present in the dictionary. Trying offset...
Offset between input site names and prior keys is assumed to be 1
Missing priors at site r30, filling in uniform priors...
{'r1': 0, 'r2': 1, 'r3': 2, 'r4': 3, 'r5': 4, 'r6': 5, 'r7': 6, 'r8': 7, 'r9': 8, 'r10': 9, 'r11': 10, 'r12': 11, 'r13': 12, 'r14': 13, 'r15': 14, 'r16': 15, 'r17': 16, 'r18': 17, 'r19': 18, 'r20': 19, 'r21': 20, 'r22': 21, 'r23': 22, 'r24': 23, 'r25': 24, 'r26': 25, 'r27': 26, 'r28': 27, 'r29': 28, 'r30': 29}
Optimizing branch lengths, phi, and nu without topology search
Optimization by EM algorithm
Optimization start with 1 initials
Initial point 1. Random seed: 8461
Numerical optimization started with ultrametric constraint (default)
Initial phi: 0. Initial nu: 0.26955655566205877. Initial nllh: 12563.257188564832
Starting EM iter: 1
Estep
Estep runtime (s): 0.1459367275238037
Mstep
Optimizing phi
Optimizing branch lengths. Current phi: 0. Current nu:0.26955655566205877
Optimizing nu
Mstep runtime (s): 0.44095897674560547
Finished EM iter: 1. Current nllh: 10385.269696687657
Starting EM iter: 2
Estep
Estep runtime (s): 0.1941540241241455
Mstep
Optimizing phi
Optimizing branch lengths. Current phi: 0. Current nu:0.27538704416683263
Optimizing nu
Mstep runtime (s): 0.40958404541015625
Finished EM iter: 2. Current nllh: 10360.706414301883
Starting EM iter: 3
Estep
Estep runtime (s): 0.19403409957885742
Mstep
Optimizing phi
Optimizing branch lengths. Current phi: 0. Current nu:0.27473528583341283
Optimizing nu
Mstep runtime (s): 0.38286590576171875
Finished EM iter: 3. Current nllh: 10358.43959120539
Starting EM iter: 4
Estep
Estep runtime (s): 0.1954822540283203
Mstep
Optimizing phi
Optimizing branch lengths. Current phi: 0. Current nu:0.27422992465021734
Optimizing nu
Mstep runtime (s): 0.4272150993347168
Finished EM iter: 4. Current nllh: 10358.113268609204
Starting EM iter: 5
Estep
Estep runtime (s): 0.1960289478302002
Mstep
Optimizing phi
Optimizing branch lengths. Current phi: 0. Current nu:0.2741936118866446
Optimizing nu
Mstep runtime (s): 0.3924849033355713
Finished EM iter: 5. Current nllh: 10358.022776642487
Starting EM iter: 6
Estep
Estep runtime (s): 0.19673395156860352
Mstep
Optimizing phi
Optimizing branch lengths. Current phi: 0. Current nu:0.2742918433555658
Optimizing nu
Mstep runtime (s): 0.40479326248168945
Finished EM iter: 6. Current nllh: 10357.979220958736
Starting EM iter: 7
Estep
Estep runtime (s): 0.19637393951416016
Mstep
Optimizing phi
Optimizing branch lengths. Current phi: 0. Current nu:0.2743961973268552
Optimizing nu
Mstep runtime (s): 0.3877377510070801
Finished EM iter: 7. Current nllh: 10357.952345671576
Starting EM iter: 8
Estep
Estep runtime (s): 0.19487380981445312
Mstep
Optimizing phi
Optimizing branch lengths. Current phi: 0. Current nu:0.2744781480563661
Optimizing nu
Mstep runtime (s): 0.4577479362487793
Finished EM iter: 8. Current nllh: 10357.934681225797
Starting EM iter: 9
Estep
Estep runtime (s): 0.19423818588256836
Mstep
Optimizing phi
Optimizing branch lengths. Current phi: 0. Current nu:0.2745373752239207
Optimizing nu
Mstep runtime (s): 0.5323660373687744
Finished EM iter: 9. Current nllh: 10357.923316032302
Starting EM iter: 10
Estep
Estep runtime (s): 0.1943197250366211
Mstep
Optimizing phi
Optimizing branch lengths. Current phi: 0. Current nu:0.27457883586370024
Optimizing nu
Mstep runtime (s): 0.3761320114135742
Finished EM iter: 10. Current nllh: 10357.91553699988
Starting EM iter: 11
Estep
Estep runtime (s): 0.19393491744995117
Mstep
Optimizing phi
Optimizing branch lengths. Current phi: 0. Current nu:0.27460827922908415
Optimizing nu
Mstep runtime (s): 0.40091967582702637
Finished EM iter: 11. Current nllh: 10357.910100346831
Starting EM iter: 12
Estep
Estep runtime (s): 0.1942441463470459
Mstep
Optimizing phi
Optimizing branch lengths. Current phi: 0. Current nu:0.27462913575995157
Optimizing nu
Mstep runtime (s): 0.4967942237854004
Finished EM iter: 12. Current nllh: 10357.906220251412
Starting EM iter: 13
Estep
Estep runtime (s): 0.19786906242370605
Mstep
Optimizing phi
Optimizing branch lengths. Current phi: 0. Current nu:0.27464435504015267
Optimizing nu
Mstep runtime (s): 0.39997410774230957
Finished EM iter: 13. Current nllh: 10357.9033937619
Starting EM iter: 14
Estep
Estep runtime (s): 0.195847749710083
Mstep
Optimizing phi
Optimizing branch lengths. Current phi: 0. Current nu:0.2746555302208401
Optimizing nu
Mstep runtime (s): 0.39791011810302734
Finished EM iter: 14. Current nllh: 10357.901310313811
Starting EM iter: 15
Estep
Estep runtime (s): 0.19589996337890625
Mstep
Optimizing phi
Optimizing branch lengths. Current phi: 0. Current nu:0.2746634753201369
Optimizing nu
Mstep runtime (s): 0.4710347652435303
Finished EM iter: 15. Current nllh: 10357.89974342537
Starting EM iter: 16
Estep
Estep runtime (s): 0.19537901878356934
Mstep
Optimizing phi
Optimizing branch lengths. Current phi: 0. Current nu:0.27466941146808166
Optimizing nu
Mstep runtime (s): 0.3804819583892822
Finished EM iter: 16. Current nllh: 10357.898547357294
Starting EM iter: 17
Estep
Estep runtime (s): 0.1945359706878662
Mstep
Optimizing phi
Optimizing branch lengths. Current phi: 0. Current nu:0.27467381637599575
Optimizing nu
Mstep runtime (s): 0.5132808685302734
Finished EM iter: 17. Current nllh: 10357.897613876956
Starting EM iter: 18
Estep
Estep runtime (s): 0.1948258876800537
Mstep
Optimizing phi
Optimizing branch lengths. Current phi: 0. Current nu:0.2746773442399032
Optimizing nu
Mstep runtime (s): 0.402601957321167
Finished EM iter: 18. Current nllh: 10357.896894230435
Starting EM iter: 19
Estep
Estep runtime (s): 0.1950230598449707
Mstep
Optimizing phi
Optimizing branch lengths. Current phi: 0. Current nu:0.27467955454303444
Optimizing nu
Mstep runtime (s): 0.3758962154388428
Finished EM iter: 19. Current nllh: 10357.896320527954
Starting EM iter: 20
Estep
Estep runtime (s): 0.1957228183746338
Mstep
Optimizing phi
Optimizing branch lengths. Current phi: 0. Current nu:0.2746815548756738
Optimizing nu
Mstep runtime (s): 0.41831517219543457
Finished EM iter: 20. Current nllh: 10357.895486421814
Starting EM iter: 21
Estep
Estep runtime (s): 0.19802498817443848
Mstep
Optimizing phi
Optimizing branch lengths. Current phi: 0. Current nu:0.2746838475475947
Optimizing nu
Mstep runtime (s): 0.4504730701446533
Finished EM iter: 21. Current nllh: 10357.895475768466
EM finished after 21 iterations.
Optimal phi: 0. Optimal nu: 0.27468439072067946. Optimal nllh: 10357.895475768466
Optimal point found for initial point 1
Numerical optimization finished successfully
Tree height pre-scaling: 0.7546711208840664, input timescale: 1.0
Tree height after scaling: 1.0, mutation rate: 0.7546711208840664
Tree height pre-scaling: 0.754671120841903, input timescale: 1.0
Tree height after scaling: 1.0, mutation rate: 0.754671120841903
Tree height pre-scaling: 0.7546711209026895, input timescale: 1.0
Tree height after scaling: 1.0, mutation rate: 0.7546711209026895
Tree height pre-scaling: 0.7546711208723809, input timescale: 1.0
Tree height after scaling: 1.0, mutation rate: 0.7546711208723809
Tree height pre-scaling: 0.7546711207999498, input timescale: 1.0
Tree height after scaling: 1.0, mutation rate: 0.7546711207999498
Tree height pre-scaling: 0.7546711209878354, input timescale: 1.0
Tree height after scaling: 1.0, mutation rate: 0.7546711209878354
Tree height pre-scaling: 0.754671120931039, input timescale: 1.0
Tree height after scaling: 1.0, mutation rate: 0.754671120931039
Tree height pre-scaling: 0.7546711213370618, input timescale: 1.0
Tree height after scaling: 1.0, mutation rate: 0.7546711213370618
Runtime (s): 14.482707667
