Launching LAML version 0.0.4
LAML was called as follows: /Users/uym2/my_gits/LAML/run_laml.py -c ../../bar21/Bar21_character_matrix.txt -t place_outlier/augmented_tree_205.nwk -o place_outlier/augmented_tree_205_optimized -v -p ../../bar21/Bar21_priors.pickle --delimiter tab -m -1 --nInitials 1
Prior keys mismatch with site names.
Prior keys: [0, 1, 2, 3, 4, 5, 6, 7, 8, 9, 10, 11, 12, 13, 14, 15, 16, 17, 18, 19, 20, 21, 22, 23, 24, 25, 26, 27, 28]
Site names: ['r1', 'r2', 'r3', 'r4', 'r5', 'r6', 'r7', 'r8', 'r9', 'r10', 'r11', 'r12', 'r13', 'r14', 'r15', 'r16', 'r17', 'r18', 'r19', 'r20', 'r21', 'r22', 'r23', 'r24', 'r25', 'r26', 'r27', 'r28', 'r29', 'r30']
Attempting to infer mapping between site names and prior keys...
Not all site names are present in the dictionary. Trying offset...
Offset between input site names and prior keys is assumed to be 1
Missing priors at site r30, filling in uniform priors...
{'r1': 0, 'r2': 1, 'r3': 2, 'r4': 3, 'r5': 4, 'r6': 5, 'r7': 6, 'r8': 7, 'r9': 8, 'r10': 9, 'r11': 10, 'r12': 11, 'r13': 12, 'r14': 13, 'r15': 14, 'r16': 15, 'r17': 16, 'r18': 17, 'r19': 18, 'r20': 19, 'r21': 20, 'r22': 21, 'r23': 22, 'r24': 23, 'r25': 24, 'r26': 25, 'r27': 26, 'r28': 27, 'r29': 28, 'r30': 29}
Optimizing branch lengths, phi, and nu without topology search
Optimization by EM algorithm
Optimization start with 1 initials
Initial point 1. Random seed: 6502
Numerical optimization started with ultrametric constraint (default)
Initial phi: 0. Initial nu: 0.26955655566205877. Initial nllh: 12252.350464189694
Starting EM iter: 1
Estep
Estep runtime (s): 0.14462971687316895
Mstep
Optimizing phi
Optimizing branch lengths. Current phi: 0. Current nu:0.26955655566205877
Optimizing nu
Mstep runtime (s): 0.42974114418029785
Finished EM iter: 1. Current nllh: 9977.25894958006
Starting EM iter: 2
Estep
Estep runtime (s): 0.1961839199066162
Mstep
Optimizing phi
Optimizing branch lengths. Current phi: 0. Current nu:0.2850482434291165
Optimizing nu
Mstep runtime (s): 0.3820929527282715
Finished EM iter: 2. Current nllh: 9949.386252326727
Starting EM iter: 3
Estep
Estep runtime (s): 0.19770383834838867
Mstep
Optimizing phi
Optimizing branch lengths. Current phi: 0. Current nu:0.28909103532025654
Optimizing nu
Mstep runtime (s): 0.42090702056884766
Finished EM iter: 3. Current nllh: 9946.360062103044
Starting EM iter: 4
Estep
Estep runtime (s): 0.19710612297058105
Mstep
Optimizing phi
Optimizing branch lengths. Current phi: 0. Current nu:0.2898105962221019
Optimizing nu
Mstep runtime (s): 0.3757138252258301
Finished EM iter: 4. Current nllh: 9946.064527256141
Starting EM iter: 5
Estep
Estep runtime (s): 0.1975998878479004
Mstep
Optimizing phi
Optimizing branch lengths. Current phi: 0. Current nu:0.2901369015927629
Optimizing nu
Mstep runtime (s): 0.49732518196105957
Finished EM iter: 5. Current nllh: 9946.043718916417
Starting EM iter: 6
Estep
Estep runtime (s): 0.1969761848449707
Mstep
Optimizing phi
Optimizing branch lengths. Current phi: 0. Current nu:0.290365361496227
Optimizing nu
Mstep runtime (s): 0.4036870002746582
Finished EM iter: 6. Current nllh: 9946.036565609791
Starting EM iter: 7
Estep
Estep runtime (s): 0.19670891761779785
Mstep
Optimizing phi
Optimizing branch lengths. Current phi: 0. Current nu:0.2905162382083853
Optimizing nu
Mstep runtime (s): 0.43730878829956055
Finished EM iter: 7. Current nllh: 9946.032263506362
Starting EM iter: 8
Estep
Estep runtime (s): 0.19704127311706543
Mstep
Optimizing phi
Optimizing branch lengths. Current phi: 0. Current nu:0.2906049373801819
Optimizing nu
Mstep runtime (s): 0.3799319267272949
Finished EM iter: 8. Current nllh: 9946.02945659576
Starting EM iter: 9
Estep
Estep runtime (s): 0.1989130973815918
Mstep
Optimizing phi
Optimizing branch lengths. Current phi: 0. Current nu:0.290654662382751
Optimizing nu
Mstep runtime (s): 0.3771059513092041
Finished EM iter: 9. Current nllh: 9946.027537125923
Starting EM iter: 10
Estep
Estep runtime (s): 0.19957780838012695
Mstep
Optimizing phi
Optimizing branch lengths. Current phi: 0. Current nu:0.2906817896087118
Optimizing nu
Mstep runtime (s): 0.37554192543029785
Finished EM iter: 10. Current nllh: 9946.026152562941
Starting EM iter: 11
Estep
Estep runtime (s): 0.19722890853881836
Mstep
Optimizing phi
Optimizing branch lengths. Current phi: 0. Current nu:0.2906966272260272
Optimizing nu
Mstep runtime (s): 0.38577914237976074
Finished EM iter: 11. Current nllh: 9946.025096898698
Starting EM iter: 12
Estep
Estep runtime (s): 0.1972208023071289
Mstep
Optimizing phi
Optimizing branch lengths. Current phi: 0. Current nu:0.2907050446702177
Optimizing nu
Mstep runtime (s): 0.4528071880340576
Finished EM iter: 12. Current nllh: 9946.02426998717
Starting EM iter: 13
Estep
Estep runtime (s): 0.20639729499816895
Mstep
Optimizing phi
Optimizing branch lengths. Current phi: 0. Current nu:0.2907097638098018
Optimizing nu
Mstep runtime (s): 0.4018082618713379
Finished EM iter: 13. Current nllh: 9946.023614992631
Starting EM iter: 14
Estep
Estep runtime (s): 0.19776320457458496
Mstep
Optimizing phi
Optimizing branch lengths. Current phi: 0. Current nu:0.29071233453901335
Optimizing nu
Mstep runtime (s): 0.38522911071777344
Finished EM iter: 14. Current nllh: 9946.023079268429
Starting EM iter: 15
Estep
Estep runtime (s): 0.1977999210357666
Mstep
Optimizing phi
Optimizing branch lengths. Current phi: 0. Current nu:0.2907139320403939
Optimizing nu
Mstep runtime (s): 0.40011096000671387
Finished EM iter: 15. Current nllh: 9946.022635097293
Starting EM iter: 16
Estep
Estep runtime (s): 0.1976759433746338
Mstep
Optimizing phi
Optimizing branch lengths. Current phi: 0. Current nu:0.29071493843295204
Optimizing nu
Mstep runtime (s): 0.44846582412719727
Finished EM iter: 16. Current nllh: 9946.022016884135
Starting EM iter: 17
Estep
Estep runtime (s): 0.19853425025939941
Mstep
Optimizing phi
Optimizing branch lengths. Current phi: 0. Current nu:0.29071727905967515
Optimizing nu
Mstep runtime (s): 0.41007375717163086
Finished EM iter: 17. Current nllh: 9946.021909886984
Starting EM iter: 18
Estep
Estep runtime (s): 0.19795894622802734
Mstep
Optimizing phi
Optimizing branch lengths. Current phi: 0. Current nu:0.29071665131998997
Optimizing nu
Mstep runtime (s): 0.4546821117401123
Finished EM iter: 18. Current nllh: 9946.021672357705
Starting EM iter: 19
Estep
Estep runtime (s): 0.20188307762145996
Mstep
Optimizing phi
Optimizing branch lengths. Current phi: 0. Current nu:0.29071643905473016
Optimizing nu
Mstep runtime (s): 0.4253840446472168
Finished EM iter: 19. Current nllh: 9946.021446717792
Starting EM iter: 20
Estep
Estep runtime (s): 0.19789695739746094
Mstep
Optimizing phi
Optimizing branch lengths. Current phi: 0. Current nu:0.2907167610326966
Optimizing nu
Mstep runtime (s): 0.3844449520111084
Finished EM iter: 20. Current nllh: 9946.021257026481
Starting EM iter: 21
Estep
Estep runtime (s): 0.19769811630249023
Mstep
Optimizing phi
Optimizing branch lengths. Current phi: 0. Current nu:0.2907167683150555
Optimizing nu
Mstep runtime (s): 0.3668491840362549
Finished EM iter: 21. Current nllh: 9946.021076622645
Starting EM iter: 22
Estep
Estep runtime (s): 0.1984250545501709
Mstep
Optimizing phi
Optimizing branch lengths. Current phi: 0. Current nu:0.2907172341419147
Optimizing nu
Mstep runtime (s): 0.39556002616882324
Finished EM iter: 22. Current nllh: 9946.020929756736
Starting EM iter: 23
Estep
Estep runtime (s): 0.1978321075439453
Mstep
Optimizing phi
Optimizing branch lengths. Current phi: 0. Current nu:0.2907172342113093
Optimizing nu
Mstep runtime (s): 0.3989450931549072
Finished EM iter: 23. Current nllh: 9946.020809742728
Starting EM iter: 24
Estep
Estep runtime (s): 0.20259594917297363
Mstep
Optimizing phi
Optimizing branch lengths. Current phi: 0. Current nu:0.2907172358127534
Optimizing nu
Mstep runtime (s): 0.39351701736450195
Finished EM iter: 24. Current nllh: 9946.020701548992
Starting EM iter: 25
Estep
Estep runtime (s): 0.19870710372924805
Mstep
Optimizing phi
Optimizing branch lengths. Current phi: 0. Current nu:0.29071721497501335
Optimizing nu
Mstep runtime (s): 0.40601396560668945
Finished EM iter: 25. Current nllh: 9946.02060463088
EM finished after 25 iterations.
Optimal phi: 0. Optimal nu: 0.2907173343759699. Optimal nllh: 9946.02060463088
Optimal point found for initial point 1
Numerical optimization finished successfully
Tree height pre-scaling: 0.736113241238938, input timescale: 1.0
Tree height after scaling: 0.9999999999999999, mutation rate: 0.736113241238938
Tree height pre-scaling: 0.7361132412010916, input timescale: 1.0
Tree height after scaling: 1.0, mutation rate: 0.7361132412010916
Tree height pre-scaling: 0.7361132412622714, input timescale: 1.0
Tree height after scaling: 1.0, mutation rate: 0.7361132412622714
Tree height pre-scaling: 0.7361132412312289, input timescale: 1.0
Tree height after scaling: 0.9999999999999999, mutation rate: 0.7361132412312289
Tree height pre-scaling: 0.736113241156795, input timescale: 1.0
Tree height after scaling: 0.9999999999999998, mutation rate: 0.736113241156795
Tree height pre-scaling: 0.7361132412973181, input timescale: 1.0
Tree height after scaling: 1.0, mutation rate: 0.7361132412973181
Tree height pre-scaling: 0.736113241270066, input timescale: 1.0
Tree height after scaling: 1.0, mutation rate: 0.736113241270066
Tree height pre-scaling: 0.7361132414267693, input timescale: 1.0
Tree height after scaling: 1.0, mutation rate: 0.7361132414267693
Runtime (s): 16.834318333000002
