Launching LAML version 0.0.4
LAML was called as follows: /Users/uym2/my_gits/LAML/run_laml.py -c ../../bar21/Bar21_character_matrix.txt -t place_outlier/augmented_tree_14.nwk -o place_outlier/augmented_tree_14_optimized -v -p ../../bar21/Bar21_priors.pickle --delimiter tab -m -1 --nInitials 1
Prior keys mismatch with site names.
Prior keys: [0, 1, 2, 3, 4, 5, 6, 7, 8, 9, 10, 11, 12, 13, 14, 15, 16, 17, 18, 19, 20, 21, 22, 23, 24, 25, 26, 27, 28]
Site names: ['r1', 'r2', 'r3', 'r4', 'r5', 'r6', 'r7', 'r8', 'r9', 'r10', 'r11', 'r12', 'r13', 'r14', 'r15', 'r16', 'r17', 'r18', 'r19', 'r20', 'r21', 'r22', 'r23', 'r24', 'r25', 'r26', 'r27', 'r28', 'r29', 'r30']
Attempting to infer mapping between site names and prior keys...
Not all site names are present in the dictionary. Trying offset...
Offset between input site names and prior keys is assumed to be 1
Missing priors at site r30, filling in uniform priors...
{'r1': 0, 'r2': 1, 'r3': 2, 'r4': 3, 'r5': 4, 'r6': 5, 'r7': 6, 'r8': 7, 'r9': 8, 'r10': 9, 'r11': 10, 'r12': 11, 'r13': 12, 'r14': 13, 'r15': 14, 'r16': 15, 'r17': 16, 'r18': 17, 'r19': 18, 'r20': 19, 'r21': 20, 'r22': 21, 'r23': 22, 'r24': 23, 'r25': 24, 'r26': 25, 'r27': 26, 'r28': 27, 'r29': 28, 'r30': 29}
Optimizing branch lengths, phi, and nu without topology search
Optimization by EM algorithm
Optimization start with 1 initials
Initial point 1. Random seed: 3659
Numerical optimization started with ultrametric constraint (default)
Initial phi: 0. Initial nu: 0.26955655566205877. Initial nllh: 11941.294292178416
Starting EM iter: 1
Estep
Estep runtime (s): 0.14363813400268555
Mstep
Optimizing phi
Optimizing branch lengths. Current phi: 0. Current nu:0.26955655566205877
Optimizing nu
Mstep runtime (s): 0.4162721633911133
Finished EM iter: 1. Current nllh: 9802.838939546938
Starting EM iter: 2
Estep
Estep runtime (s): 0.19251775741577148
Mstep
Optimizing phi
Optimizing branch lengths. Current phi: 0. Current nu:0.2751760053164445
Optimizing nu
Mstep runtime (s): 0.39659714698791504
Finished EM iter: 2. Current nllh: 9785.619142644837
Starting EM iter: 3
Estep
Estep runtime (s): 0.19302082061767578
Mstep
Optimizing phi
Optimizing branch lengths. Current phi: 0. Current nu:0.2768438158013736
Optimizing nu
Mstep runtime (s): 0.403026819229126
Finished EM iter: 3. Current nllh: 9784.349635756871
Starting EM iter: 4
Estep
Estep runtime (s): 0.2006990909576416
Mstep
Optimizing phi
Optimizing branch lengths. Current phi: 0. Current nu:0.2779094460281346
Optimizing nu
Mstep runtime (s): 0.37272000312805176
Finished EM iter: 4. Current nllh: 9784.100272377334
Starting EM iter: 5
Estep
Estep runtime (s): 0.19311809539794922
Mstep
Optimizing phi
Optimizing branch lengths. Current phi: 0. Current nu:0.2786232552682723
Optimizing nu
Mstep runtime (s): 0.3867180347442627
Finished EM iter: 5. Current nllh: 9784.032021767258
Starting EM iter: 6
Estep
Estep runtime (s): 0.19849228858947754
Mstep
Optimizing phi
Optimizing branch lengths. Current phi: 0. Current nu:0.2790663999508493
Optimizing nu
Mstep runtime (s): 0.39354968070983887
Finished EM iter: 6. Current nllh: 9784.00379747553
Starting EM iter: 7
Estep
Estep runtime (s): 0.1958332061767578
Mstep
Optimizing phi
Optimizing branch lengths. Current phi: 0. Current nu:0.2793396461144662
Optimizing nu
Mstep runtime (s): 0.39930105209350586
Finished EM iter: 7. Current nllh: 9783.990295766338
Starting EM iter: 8
Estep
Estep runtime (s): 0.19480609893798828
Mstep
Optimizing phi
Optimizing branch lengths. Current phi: 0. Current nu:0.2795090381987017
Optimizing nu
Mstep runtime (s): 0.3912382125854492
Finished EM iter: 8. Current nllh: 9783.983180554003
Starting EM iter: 9
Estep
Estep runtime (s): 0.19350790977478027
Mstep
Optimizing phi
Optimizing branch lengths. Current phi: 0. Current nu:0.279616397898709
Optimizing nu
Mstep runtime (s): 0.4505438804626465
Finished EM iter: 9. Current nllh: 9783.978818762032
Starting EM iter: 10
Estep
Estep runtime (s): 0.1935741901397705
Mstep
Optimizing phi
Optimizing branch lengths. Current phi: 0. Current nu:0.2796872837002731
Optimizing nu
Mstep runtime (s): 0.413010835647583
Finished EM iter: 10. Current nllh: 9783.976080467888
Starting EM iter: 11
Estep
Estep runtime (s): 0.19805502891540527
Mstep
Optimizing phi
Optimizing branch lengths. Current phi: 0. Current nu:0.27973526674828936
Optimizing nu
Mstep runtime (s): 0.3827078342437744
Finished EM iter: 11. Current nllh: 9783.974859978778
Starting EM iter: 12
Estep
Estep runtime (s): 0.1935720443725586
Mstep
Optimizing phi
Optimizing branch lengths. Current phi: 0. Current nu:0.2797665548222963
Optimizing nu
Mstep runtime (s): 0.5143060684204102
Finished EM iter: 12. Current nllh: 9783.97372076078
Starting EM iter: 13
Estep
Estep runtime (s): 0.19309711456298828
Mstep
Optimizing phi
Optimizing branch lengths. Current phi: 0. Current nu:0.27978855617827786
Optimizing nu
Mstep runtime (s): 0.4172477722167969
Finished EM iter: 13. Current nllh: 9783.972883527686
Starting EM iter: 14
Estep
Estep runtime (s): 0.19553899765014648
Mstep
Optimizing phi
Optimizing branch lengths. Current phi: 0. Current nu:0.2798038364321133
Optimizing nu
Mstep runtime (s): 0.38678979873657227
Finished EM iter: 14. Current nllh: 9783.972248884318
Starting EM iter: 15
Estep
Estep runtime (s): 0.19397234916687012
Mstep
Optimizing phi
Optimizing branch lengths. Current phi: 0. Current nu:0.279814662664509
Optimizing nu
Mstep runtime (s): 0.4094808101654053
Finished EM iter: 15. Current nllh: 9783.971750482908
Starting EM iter: 16
Estep
Estep runtime (s): 0.20305919647216797
Mstep
Optimizing phi
Optimizing branch lengths. Current phi: 0. Current nu:0.27982249389459024
Optimizing nu
Mstep runtime (s): 0.3770010471343994
Finished EM iter: 16. Current nllh: 9783.971337248795
Starting EM iter: 17
Estep
Estep runtime (s): 0.19503307342529297
Mstep
Optimizing phi
Optimizing branch lengths. Current phi: 0. Current nu:0.2798285723402115
Optimizing nu
Mstep runtime (s): 0.4623398780822754
Finished EM iter: 17. Current nllh: 9783.97099098971
Starting EM iter: 18
Estep
Estep runtime (s): 0.196638822555542
Mstep
Optimizing phi
Optimizing branch lengths. Current phi: 0. Current nu:0.2798331120512032
Optimizing nu
Mstep runtime (s): 0.39693403244018555
Finished EM iter: 18. Current nllh: 9783.970707340599
Starting EM iter: 19
Estep
Estep runtime (s): 0.19956302642822266
Mstep
Optimizing phi
Optimizing branch lengths. Current phi: 0. Current nu:0.27983632472699355
Optimizing nu
Mstep runtime (s): 0.4045250415802002
Finished EM iter: 19. Current nllh: 9783.970470753819
Starting EM iter: 20
Estep
Estep runtime (s): 0.19838905334472656
Mstep
Optimizing phi
Optimizing branch lengths. Current phi: 0. Current nu:0.27983893102899354
Optimizing nu
Mstep runtime (s): 0.4555227756500244
Finished EM iter: 20. Current nllh: 9783.970038313942
Starting EM iter: 21
Estep
Estep runtime (s): 0.19439983367919922
Mstep
Optimizing phi
Optimizing branch lengths. Current phi: 0. Current nu:0.2798409073210648
Optimizing nu
Mstep runtime (s): 0.3994150161743164
Finished EM iter: 21. Current nllh: 9783.970108325773
EM finished after 21 iterations.
Optimal phi: 0. Optimal nu: 0.2798418347737973. Optimal nllh: 9783.970108325773
Optimal point found for initial point 1
Numerical optimization finished successfully
Tree height pre-scaling: 0.7405433173646572, input timescale: 1.0
Tree height after scaling: 0.9999999999999997, mutation rate: 0.7405433173646572
Tree height pre-scaling: 0.7405433172907083, input timescale: 1.0
Tree height after scaling: 0.9999999999999999, mutation rate: 0.7405433172907083
Tree height pre-scaling: 0.7405433174233217, input timescale: 1.0
Tree height after scaling: 1.0, mutation rate: 0.7405433174233217
Tree height pre-scaling: 0.7405433173564164, input timescale: 1.0
Tree height after scaling: 1.0, mutation rate: 0.7405433173564164
Tree height pre-scaling: 0.7405433171949696, input timescale: 1.0
Tree height after scaling: 0.9999999999999999, mutation rate: 0.7405433171949696
Tree height pre-scaling: 0.740543317615551, input timescale: 1.0
Tree height after scaling: 0.9999999999999999, mutation rate: 0.740543317615551
Tree height pre-scaling: 0.7405433174352551, input timescale: 1.0
Tree height after scaling: 1.0000000000000002, mutation rate: 0.7405433174352551
Tree height pre-scaling: 0.7405433178709239, input timescale: 1.0
Tree height after scaling: 1.0, mutation rate: 0.7405433178709239
Runtime (s): 14.197202542
