Launching LAML version 0.0.4
LAML was called as follows: /Users/uym2/my_gits/LAML/run_laml.py -c ../../bar21/Bar21_character_matrix.txt -t place_outlier/augmented_tree_15.nwk -o place_outlier/augmented_tree_15_optimized -v -p ../../bar21/Bar21_priors.pickle --delimiter tab -m -1 --nInitials 1
Prior keys mismatch with site names.
Prior keys: [0, 1, 2, 3, 4, 5, 6, 7, 8, 9, 10, 11, 12, 13, 14, 15, 16, 17, 18, 19, 20, 21, 22, 23, 24, 25, 26, 27, 28]
Site names: ['r1', 'r2', 'r3', 'r4', 'r5', 'r6', 'r7', 'r8', 'r9', 'r10', 'r11', 'r12', 'r13', 'r14', 'r15', 'r16', 'r17', 'r18', 'r19', 'r20', 'r21', 'r22', 'r23', 'r24', 'r25', 'r26', 'r27', 'r28', 'r29', 'r30']
Attempting to infer mapping between site names and prior keys...
Not all site names are present in the dictionary. Trying offset...
Offset between input site names and prior keys is assumed to be 1
Missing priors at site r30, filling in uniform priors...
{'r1': 0, 'r2': 1, 'r3': 2, 'r4': 3, 'r5': 4, 'r6': 5, 'r7': 6, 'r8': 7, 'r9': 8, 'r10': 9, 'r11': 10, 'r12': 11, 'r13': 12, 'r14': 13, 'r15': 14, 'r16': 15, 'r17': 16, 'r18': 17, 'r19': 18, 'r20': 19, 'r21': 20, 'r22': 21, 'r23': 22, 'r24': 23, 'r25': 24, 'r26': 25, 'r27': 26, 'r28': 27, 'r29': 28, 'r30': 29}
Optimizing branch lengths, phi, and nu without topology search
Optimization by EM algorithm
Optimization start with 1 initials
Initial point 1. Random seed: 7609
Numerical optimization started with ultrametric constraint (default)
Initial phi: 0. Initial nu: 0.26955655566205877. Initial nllh: 11807.41836103992
Starting EM iter: 1
Estep
Estep runtime (s): 0.14974093437194824
Mstep
Optimizing phi
Optimizing branch lengths. Current phi: 0. Current nu:0.26955655566205877
Optimizing nu
Mstep runtime (s): 0.43210577964782715
Finished EM iter: 1. Current nllh: 9771.635412349287
Starting EM iter: 2
Estep
Estep runtime (s): 0.20092988014221191
Mstep
Optimizing phi
Optimizing branch lengths. Current phi: 0. Current nu:0.26912886549253534
Optimizing nu
Mstep runtime (s): 0.3921220302581787
Finished EM iter: 2. Current nllh: 9755.837292961618
Starting EM iter: 3
Estep
Estep runtime (s): 0.20116400718688965
Mstep
Optimizing phi
Optimizing branch lengths. Current phi: 0. Current nu:0.26809247037112427
Optimizing nu
Mstep runtime (s): 274.10754585266113
Finished EM iter: 3. Current nllh: 9754.809188018595
Starting EM iter: 4
Estep
Estep runtime (s): 0.2077648639678955
Mstep
Optimizing phi
Optimizing branch lengths. Current phi: 0. Current nu:0.26803414487062843
Optimizing nu
Mstep runtime (s): 0.4526679515838623
Finished EM iter: 4. Current nllh: 9754.63052764709
Starting EM iter: 5
Estep
Estep runtime (s): 0.20789599418640137
Mstep
Optimizing phi
Optimizing branch lengths. Current phi: 0. Current nu:0.2682543017388731
Optimizing nu
Mstep runtime (s): 0.48412585258483887
Finished EM iter: 5. Current nllh: 9754.58411550922
Starting EM iter: 6
Estep
Estep runtime (s): 0.20154595375061035
Mstep
Optimizing phi
Optimizing branch lengths. Current phi: 0. Current nu:0.2684638825960322
Optimizing nu
Mstep runtime (s): 0.46240806579589844
Finished EM iter: 6. Current nllh: 9754.5632615824
Starting EM iter: 7
Estep
Estep runtime (s): 0.2011728286743164
Mstep
Optimizing phi
Optimizing branch lengths. Current phi: 0. Current nu:0.2686128547209302
Optimizing nu
Mstep runtime (s): 0.4405508041381836
Finished EM iter: 7. Current nllh: 9754.551976799488
Starting EM iter: 8
Estep
Estep runtime (s): 0.20517778396606445
Mstep
Optimizing phi
Optimizing branch lengths. Current phi: 0. Current nu:0.2687165301422913
Optimizing nu
Mstep runtime (s): 0.41844606399536133
Finished EM iter: 8. Current nllh: 9754.545311367548
Starting EM iter: 9
Estep
Estep runtime (s): 0.2030940055847168
Mstep
Optimizing phi
Optimizing branch lengths. Current phi: 0. Current nu:0.2687844295650377
Optimizing nu
Mstep runtime (s): 0.39576077461242676
Finished EM iter: 9. Current nllh: 9754.541211503463
Starting EM iter: 10
Estep
Estep runtime (s): 0.20300579071044922
Mstep
Optimizing phi
Optimizing branch lengths. Current phi: 0. Current nu:0.2688294406729764
Optimizing nu
Mstep runtime (s): 0.4478640556335449
Finished EM iter: 10. Current nllh: 9754.538449777787
Starting EM iter: 11
Estep
Estep runtime (s): 0.20202064514160156
Mstep
Optimizing phi
Optimizing branch lengths. Current phi: 0. Current nu:0.26885846651384004
Optimizing nu
Mstep runtime (s): 0.4711768627166748
Finished EM iter: 11. Current nllh: 9754.536718416844
Starting EM iter: 12
Estep
Estep runtime (s): 0.20220494270324707
Mstep
Optimizing phi
Optimizing branch lengths. Current phi: 0. Current nu:0.26887901427349936
Optimizing nu
Mstep runtime (s): 0.4270761013031006
Finished EM iter: 12. Current nllh: 9754.535408642747
Starting EM iter: 13
Estep
Estep runtime (s): 0.20450997352600098
Mstep
Optimizing phi
Optimizing branch lengths. Current phi: 0. Current nu:0.2688934414589226
Optimizing nu
Mstep runtime (s): 0.4587740898132324
Finished EM iter: 13. Current nllh: 9754.53447930585
Starting EM iter: 14
Estep
Estep runtime (s): 0.20215392112731934
Mstep
Optimizing phi
Optimizing branch lengths. Current phi: 0. Current nu:0.2689034376606242
Optimizing nu
Mstep runtime (s): 0.4824380874633789
Finished EM iter: 14. Current nllh: 9754.53378822313
Starting EM iter: 15
Estep
Estep runtime (s): 0.20154690742492676
Mstep
Optimizing phi
Optimizing branch lengths. Current phi: 0. Current nu:0.26891056795061546
Optimizing nu
Mstep runtime (s): 0.4318861961364746
Finished EM iter: 15. Current nllh: 9754.533144672181
Starting EM iter: 16
Estep
Estep runtime (s): 0.20157194137573242
Mstep
Optimizing phi
Optimizing branch lengths. Current phi: 0. Current nu:0.2689154609696824
Optimizing nu
Mstep runtime (s): 0.43819475173950195
Finished EM iter: 16. Current nllh: 9754.532711587779
Starting EM iter: 17
Estep
Estep runtime (s): 0.20144200325012207
Mstep
Optimizing phi
Optimizing branch lengths. Current phi: 0. Current nu:0.26891922168990234
Optimizing nu
Mstep runtime (s): 0.40862512588500977
Finished EM iter: 17. Current nllh: 9754.532531305771
Starting EM iter: 18
Estep
Estep runtime (s): 0.2041618824005127
Mstep
Optimizing phi
Optimizing branch lengths. Current phi: 0. Current nu:0.26892531935654573
Optimizing nu
Mstep runtime (s): 0.42365288734436035
Finished EM iter: 18. Current nllh: 9754.531989352312
Starting EM iter: 19
Estep
Estep runtime (s): 0.20696401596069336
Mstep
Optimizing phi
Optimizing branch lengths. Current phi: 0. Current nu:0.2689255657995152
Optimizing nu
Mstep runtime (s): 0.3953709602355957
Finished EM iter: 19. Current nllh: 9754.531959657343
EM finished after 19 iterations.
Optimal phi: 0. Optimal nu: 0.2689299790220839. Optimal nllh: 9754.531959657343
Optimal point found for initial point 1
Numerical optimization finished successfully
Tree height pre-scaling: 0.7395370512487117, input timescale: 1.0
Tree height after scaling: 0.9999999999999997, mutation rate: 0.7395370512487117
Tree height pre-scaling: 0.7395370512434364, input timescale: 1.0
Tree height after scaling: 1.0, mutation rate: 0.7395370512434364
Tree height pre-scaling: 0.7395370512538504, input timescale: 1.0
Tree height after scaling: 1.0, mutation rate: 0.7395370512538504
Tree height pre-scaling: 0.7395370512479271, input timescale: 1.0
Tree height after scaling: 1.0, mutation rate: 0.7395370512479271
Tree height pre-scaling: 0.7395370512350503, input timescale: 1.0
Tree height after scaling: 1.0, mutation rate: 0.7395370512350503
Tree height pre-scaling: 0.7395370512691781, input timescale: 1.0
Tree height after scaling: 0.9999999999999999, mutation rate: 0.7395370512691781
Tree height pre-scaling: 0.7395370512560812, input timescale: 1.0
Tree height after scaling: 1.0000000000000002, mutation rate: 0.7395370512560812
Tree height pre-scaling: 0.7395370512626531, input timescale: 1.0
Tree height after scaling: 0.9999999999999998, mutation rate: 0.7395370512626531
Runtime (s): 13.970064459
