Launching LAML version 0.0.4
LAML was called as follows: /Users/uym2/my_gits/LAML/run_laml.py -c ../../bar21/Bar21_character_matrix.txt -t place_outlier/augmented_tree_361.nwk -o place_outlier/augmented_tree_361_optimized -v -p ../../bar21/Bar21_priors.pickle --delimiter tab -m -1 --nInitials 1
Prior keys mismatch with site names.
Prior keys: [0, 1, 2, 3, 4, 5, 6, 7, 8, 9, 10, 11, 12, 13, 14, 15, 16, 17, 18, 19, 20, 21, 22, 23, 24, 25, 26, 27, 28]
Site names: ['r1', 'r2', 'r3', 'r4', 'r5', 'r6', 'r7', 'r8', 'r9', 'r10', 'r11', 'r12', 'r13', 'r14', 'r15', 'r16', 'r17', 'r18', 'r19', 'r20', 'r21', 'r22', 'r23', 'r24', 'r25', 'r26', 'r27', 'r28', 'r29', 'r30']
Attempting to infer mapping between site names and prior keys...
Not all site names are present in the dictionary. Trying offset...
Offset between input site names and prior keys is assumed to be 1
Missing priors at site r30, filling in uniform priors...
{'r1': 0, 'r2': 1, 'r3': 2, 'r4': 3, 'r5': 4, 'r6': 5, 'r7': 6, 'r8': 7, 'r9': 8, 'r10': 9, 'r11': 10, 'r12': 11, 'r13': 12, 'r14': 13, 'r15': 14, 'r16': 15, 'r17': 16, 'r18': 17, 'r19': 18, 'r20': 19, 'r21': 20, 'r22': 21, 'r23': 22, 'r24': 23, 'r25': 24, 'r26': 25, 'r27': 26, 'r28': 27, 'r29': 28, 'r30': 29}
Optimizing branch lengths, phi, and nu without topology search
Optimization by EM algorithm
Optimization start with 1 initials
Initial point 1. Random seed: 8967
Numerical optimization started with ultrametric constraint (default)
Initial phi: 0. Initial nu: 0.26955655566205877. Initial nllh: 11921.999086447508
Starting EM iter: 1
Estep
Estep runtime (s): 0.14665603637695312
Mstep
Optimizing phi
Optimizing branch lengths. Current phi: 0. Current nu:0.26955655566205877
Optimizing nu
Mstep runtime (s): 0.47379517555236816
Finished EM iter: 1. Current nllh: 9836.479945403033
Starting EM iter: 2
Estep
Estep runtime (s): 0.19677114486694336
Mstep
Optimizing phi
Optimizing branch lengths. Current phi: 0. Current nu:0.27015010105988607
Optimizing nu
Mstep runtime (s): 0.44559478759765625
Finished EM iter: 2. Current nllh: 9823.65089729834
Starting EM iter: 3
Estep
Estep runtime (s): 0.1943528652191162
Mstep
Optimizing phi
Optimizing branch lengths. Current phi: 0. Current nu:0.2705773511817446
Optimizing nu
Mstep runtime (s): 0.4262251853942871
Finished EM iter: 3. Current nllh: 9822.504258406185
Starting EM iter: 4
Estep
Estep runtime (s): 0.19437813758850098
Mstep
Optimizing phi
Optimizing branch lengths. Current phi: 0. Current nu:0.2710998133612408
Optimizing nu
Mstep runtime (s): 0.4393031597137451
Finished EM iter: 4. Current nllh: 9822.257502649603
Starting EM iter: 5
Estep
Estep runtime (s): 0.1966850757598877
Mstep
Optimizing phi
Optimizing branch lengths. Current phi: 0. Current nu:0.27154795312470686
Optimizing nu
Mstep runtime (s): 0.38517212867736816
Finished EM iter: 5. Current nllh: 9822.186756441772
Starting EM iter: 6
Estep
Estep runtime (s): 0.19438791275024414
Mstep
Optimizing phi
Optimizing branch lengths. Current phi: 0. Current nu:0.27184382861479256
Optimizing nu
Mstep runtime (s): 0.4433889389038086
Finished EM iter: 6. Current nllh: 9822.15518756608
Starting EM iter: 7
Estep
Estep runtime (s): 0.19385600090026855
Mstep
Optimizing phi
Optimizing branch lengths. Current phi: 0. Current nu:0.2720307933420455
Optimizing nu
Mstep runtime (s): 0.4553558826446533
Finished EM iter: 7. Current nllh: 9822.138987089014
Starting EM iter: 8
Estep
Estep runtime (s): 0.19370317459106445
Mstep
Optimizing phi
Optimizing branch lengths. Current phi: 0. Current nu:0.27214724036969945
Optimizing nu
Mstep runtime (s): 0.4844679832458496
Finished EM iter: 8. Current nllh: 9822.12996683855
Starting EM iter: 9
Estep
Estep runtime (s): 0.19506502151489258
Mstep
Optimizing phi
Optimizing branch lengths. Current phi: 0. Current nu:0.27222019293248717
Optimizing nu
Mstep runtime (s): 0.4801311492919922
Finished EM iter: 9. Current nllh: 9822.124469169059
Starting EM iter: 10
Estep
Estep runtime (s): 0.19688677787780762
Mstep
Optimizing phi
Optimizing branch lengths. Current phi: 0. Current nu:0.2722687780428355
Optimizing nu
Mstep runtime (s): 0.5013020038604736
Finished EM iter: 10. Current nllh: 9822.120936990399
Starting EM iter: 11
Estep
Estep runtime (s): 0.19734597206115723
Mstep
Optimizing phi
Optimizing branch lengths. Current phi: 0. Current nu:0.2723014555744664
Optimizing nu
Mstep runtime (s): 0.3922901153564453
Finished EM iter: 11. Current nllh: 9822.118586147335
Starting EM iter: 12
Estep
Estep runtime (s): 0.19591999053955078
Mstep
Optimizing phi
Optimizing branch lengths. Current phi: 0. Current nu:0.27232549088769725
Optimizing nu
Mstep runtime (s): 0.39601898193359375
Finished EM iter: 12. Current nllh: 9822.116886550257
Starting EM iter: 13
Estep
Estep runtime (s): 0.19540810585021973
Mstep
Optimizing phi
Optimizing branch lengths. Current phi: 0. Current nu:0.2723420212379797
Optimizing nu
Mstep runtime (s): 0.4306631088256836
Finished EM iter: 13. Current nllh: 9822.115597272728
Starting EM iter: 14
Estep
Estep runtime (s): 0.1953437328338623
Mstep
Optimizing phi
Optimizing branch lengths. Current phi: 0. Current nu:0.27235290122122396
Optimizing nu
Mstep runtime (s): 0.4439530372619629
Finished EM iter: 14. Current nllh: 9822.11478182519
Starting EM iter: 15
Estep
Estep runtime (s): 0.19528484344482422
Mstep
Optimizing phi
Optimizing branch lengths. Current phi: 0. Current nu:0.2723613183041895
Optimizing nu
Mstep runtime (s): 0.4624819755554199
Finished EM iter: 15. Current nllh: 9822.114079360705
Starting EM iter: 16
Estep
Estep runtime (s): 0.19513487815856934
Mstep
Optimizing phi
Optimizing branch lengths. Current phi: 0. Current nu:0.27236677991909547
Optimizing nu
Mstep runtime (s): 0.43723011016845703
Finished EM iter: 16. Current nllh: 9822.113513571987
Starting EM iter: 17
Estep
Estep runtime (s): 0.19643306732177734
Mstep
Optimizing phi
Optimizing branch lengths. Current phi: 0. Current nu:0.27237210936695266
Optimizing nu
Mstep runtime (s): 0.44092869758605957
Finished EM iter: 17. Current nllh: 9822.113053731659
Starting EM iter: 18
Estep
Estep runtime (s): 0.1993730068206787
Mstep
Optimizing phi
Optimizing branch lengths. Current phi: 0. Current nu:0.2723756816155649
Optimizing nu
Mstep runtime (s): 0.49599695205688477
Finished EM iter: 18. Current nllh: 9822.11275599969
Starting EM iter: 19
Estep
Estep runtime (s): 0.19658803939819336
Mstep
Optimizing phi
Optimizing branch lengths. Current phi: 0. Current nu:0.2723781387490043
Optimizing nu
Mstep runtime (s): 0.4626181125640869
Finished EM iter: 19. Current nllh: 9822.112419093377
Starting EM iter: 20
Estep
Estep runtime (s): 0.19537615776062012
Mstep
Optimizing phi
Optimizing branch lengths. Current phi: 0. Current nu:0.2723799637867671
Optimizing nu
Mstep runtime (s): 0.4581141471862793
Finished EM iter: 20. Current nllh: 9822.11218702758
Starting EM iter: 21
Estep
Estep runtime (s): 0.19539618492126465
Mstep
Optimizing phi
Optimizing branch lengths. Current phi: 0. Current nu:0.27238173130275034
Optimizing nu
Mstep runtime (s): 0.4449911117553711
Finished EM iter: 21. Current nllh: 9822.111988552666
Starting EM iter: 22
Estep
Estep runtime (s): 0.1956188678741455
Mstep
Optimizing phi
Optimizing branch lengths. Current phi: 0. Current nu:0.27238362918503034
Optimizing nu
Mstep runtime (s): 0.4576070308685303
Finished EM iter: 22. Current nllh: 9822.111723504793
Starting EM iter: 23
Estep
Estep runtime (s): 0.19832205772399902
Mstep
Optimizing phi
Optimizing branch lengths. Current phi: 0. Current nu:0.27238424392519206
Optimizing nu
Mstep runtime (s): 0.4585139751434326
Finished EM iter: 23. Current nllh: 9822.111643929773
EM finished after 23 iterations.
Optimal phi: 0. Optimal nu: 0.2723853709168403. Optimal nllh: 9822.111643929773
Optimal point found for initial point 1
Numerical optimization finished successfully
Tree height pre-scaling: 0.7310261306100468, input timescale: 1.0
Tree height after scaling: 0.9999999999999999, mutation rate: 0.7310261306100468
Tree height pre-scaling: 0.7310261306291743, input timescale: 1.0
Tree height after scaling: 1.0, mutation rate: 0.7310261306291743
Tree height pre-scaling: 0.7310261306268955, input timescale: 1.0
Tree height after scaling: 1.0, mutation rate: 0.7310261306268955
Tree height pre-scaling: 0.7310261306439526, input timescale: 1.0
Tree height after scaling: 1.0, mutation rate: 0.7310261306439526
Tree height pre-scaling: 0.7310261306090446, input timescale: 1.0
Tree height after scaling: 1.0, mutation rate: 0.7310261306090446
Tree height pre-scaling: 0.7310261306046087, input timescale: 1.0
Tree height after scaling: 1.0, mutation rate: 0.7310261306046087
Tree height pre-scaling: 0.7310261306124931, input timescale: 1.0
Tree height after scaling: 0.9999999999999999, mutation rate: 0.7310261306124931
Tree height pre-scaling: 0.7310261306026978, input timescale: 1.0
Tree height after scaling: 1.0, mutation rate: 0.7310261306026978
Runtime (s): 16.382440875
