Launching LAML version 0.0.4
LAML was called as follows: /Users/uym2/my_gits/LAML/run_laml.py -c ../../bar21/Bar21_character_matrix.txt -t place_outlier/augmented_tree_430.nwk -o place_outlier/augmented_tree_430_optimized -v -p ../../bar21/Bar21_priors.pickle --delimiter tab -m -1 --nInitials 1
Prior keys mismatch with site names.
Prior keys: [0, 1, 2, 3, 4, 5, 6, 7, 8, 9, 10, 11, 12, 13, 14, 15, 16, 17, 18, 19, 20, 21, 22, 23, 24, 25, 26, 27, 28]
Site names: ['r1', 'r2', 'r3', 'r4', 'r5', 'r6', 'r7', 'r8', 'r9', 'r10', 'r11', 'r12', 'r13', 'r14', 'r15', 'r16', 'r17', 'r18', 'r19', 'r20', 'r21', 'r22', 'r23', 'r24', 'r25', 'r26', 'r27', 'r28', 'r29', 'r30']
Attempting to infer mapping between site names and prior keys...
Not all site names are present in the dictionary. Trying offset...
Offset between input site names and prior keys is assumed to be 1
Missing priors at site r30, filling in uniform priors...
{'r1': 0, 'r2': 1, 'r3': 2, 'r4': 3, 'r5': 4, 'r6': 5, 'r7': 6, 'r8': 7, 'r9': 8, 'r10': 9, 'r11': 10, 'r12': 11, 'r13': 12, 'r14': 13, 'r15': 14, 'r16': 15, 'r17': 16, 'r18': 17, 'r19': 18, 'r20': 19, 'r21': 20, 'r22': 21, 'r23': 22, 'r24': 23, 'r25': 24, 'r26': 25, 'r27': 26, 'r28': 27, 'r29': 28, 'r30': 29}
Optimizing branch lengths, phi, and nu without topology search
Optimization by EM algorithm
Optimization start with 1 initials
Initial point 1. Random seed: 1176
Numerical optimization started with ultrametric constraint (default)
Initial phi: 0. Initial nu: 0.26955655566205877. Initial nllh: 12271.090465241876
Starting EM iter: 1
Estep
Estep runtime (s): 0.14354395866394043
Mstep
Optimizing phi
Optimizing branch lengths. Current phi: 0. Current nu:0.26955655566205877
Optimizing nu
Mstep runtime (s): 0.41506314277648926
Finished EM iter: 1. Current nllh: 10094.79820362819
Starting EM iter: 2
Estep
Estep runtime (s): 0.19402170181274414
Mstep
Optimizing phi
Optimizing branch lengths. Current phi: 0. Current nu:0.2862160342058059
Optimizing nu
Mstep runtime (s): 0.4130101203918457
Finished EM iter: 2. Current nllh: 10081.046253106213
Starting EM iter: 3
Estep
Estep runtime (s): 0.19418716430664062
Mstep
Optimizing phi
Optimizing branch lengths. Current phi: 0. Current nu:0.2921828005884505
Optimizing nu
Mstep runtime (s): 0.3933870792388916
Finished EM iter: 3. Current nllh: 10079.590890349002
Starting EM iter: 4
Estep
Estep runtime (s): 0.1944880485534668
Mstep
Optimizing phi
Optimizing branch lengths. Current phi: 0. Current nu:0.29450830120341903
Optimizing nu
Mstep runtime (s): 0.383159875869751
Finished EM iter: 4. Current nllh: 10079.236806033845
Starting EM iter: 5
Estep
Estep runtime (s): 0.19459295272827148
Mstep
Optimizing phi
Optimizing branch lengths. Current phi: 0. Current nu:0.29556357943795225
Optimizing nu
Mstep runtime (s): 0.38950300216674805
Finished EM iter: 5. Current nllh: 10079.124359705906
Starting EM iter: 6
Estep
Estep runtime (s): 0.19673395156860352
Mstep
Optimizing phi
Optimizing branch lengths. Current phi: 0. Current nu:0.29607692006212694
Optimizing nu
Mstep runtime (s): 0.47601914405822754
Finished EM iter: 6. Current nllh: 10079.075244426376
Starting EM iter: 7
Estep
Estep runtime (s): 0.19716382026672363
Mstep
Optimizing phi
Optimizing branch lengths. Current phi: 0. Current nu:0.29634881485694337
Optimizing nu
Mstep runtime (s): 0.4055471420288086
Finished EM iter: 7. Current nllh: 10079.049964937307
Starting EM iter: 8
Estep
Estep runtime (s): 0.19681096076965332
Mstep
Optimizing phi
Optimizing branch lengths. Current phi: 0. Current nu:0.296502893516793
Optimizing nu
Mstep runtime (s): 0.4729616641998291
Finished EM iter: 8. Current nllh: 10079.035706268325
Starting EM iter: 9
Estep
Estep runtime (s): 0.19464397430419922
Mstep
Optimizing phi
Optimizing branch lengths. Current phi: 0. Current nu:0.2965969784410365
Optimizing nu
Mstep runtime (s): 0.4014558792114258
Finished EM iter: 9. Current nllh: 10079.027037009939
Starting EM iter: 10
Estep
Estep runtime (s): 0.19583797454833984
Mstep
Optimizing phi
Optimizing branch lengths. Current phi: 0. Current nu:0.29665839257114707
Optimizing nu
Mstep runtime (s): 0.42710208892822266
Finished EM iter: 10. Current nllh: 10079.021503110667
Starting EM iter: 11
Estep
Estep runtime (s): 0.1956939697265625
Mstep
Optimizing phi
Optimizing branch lengths. Current phi: 0. Current nu:0.2966995200220887
Optimizing nu
Mstep runtime (s): 0.3831491470336914
Finished EM iter: 11. Current nllh: 10079.017757214591
Starting EM iter: 12
Estep
Estep runtime (s): 0.19539785385131836
Mstep
Optimizing phi
Optimizing branch lengths. Current phi: 0. Current nu:0.29672895225219625
Optimizing nu
Mstep runtime (s): 0.42659807205200195
Finished EM iter: 12. Current nllh: 10079.015092359961
Starting EM iter: 13
Estep
Estep runtime (s): 0.1964428424835205
Mstep
Optimizing phi
Optimizing branch lengths. Current phi: 0. Current nu:0.2967506388583688
Optimizing nu
Mstep runtime (s): 0.3953580856323242
Finished EM iter: 13. Current nllh: 10079.013160378698
Starting EM iter: 14
Estep
Estep runtime (s): 0.19568300247192383
Mstep
Optimizing phi
Optimizing branch lengths. Current phi: 0. Current nu:0.2967666560085373
Optimizing nu
Mstep runtime (s): 0.39810991287231445
Finished EM iter: 14. Current nllh: 10079.011727623738
Starting EM iter: 15
Estep
Estep runtime (s): 0.19710898399353027
Mstep
Optimizing phi
Optimizing branch lengths. Current phi: 0. Current nu:0.29677852465777094
Optimizing nu
Mstep runtime (s): 0.3941309452056885
Finished EM iter: 15. Current nllh: 10079.010617515043
Starting EM iter: 16
Estep
Estep runtime (s): 0.19507408142089844
Mstep
Optimizing phi
Optimizing branch lengths. Current phi: 0. Current nu:0.2967877742960862
Optimizing nu
Mstep runtime (s): 0.39866018295288086
Finished EM iter: 16. Current nllh: 10079.00978421362
Starting EM iter: 17
Estep
Estep runtime (s): 0.19674205780029297
Mstep
Optimizing phi
Optimizing branch lengths. Current phi: 0. Current nu:0.29679438872200126
Optimizing nu
Mstep runtime (s): 0.4099111557006836
Finished EM iter: 17. Current nllh: 10079.009124055712
Starting EM iter: 18
Estep
Estep runtime (s): 0.20202088356018066
Mstep
Optimizing phi
Optimizing branch lengths. Current phi: 0. Current nu:0.2967996882718994
Optimizing nu
Mstep runtime (s): 0.44074392318725586
Finished EM iter: 18. Current nllh: 10079.008596215612
Starting EM iter: 19
Estep
Estep runtime (s): 0.19628095626831055
Mstep
Optimizing phi
Optimizing branch lengths. Current phi: 0. Current nu:0.2968036531844797
Optimizing nu
Mstep runtime (s): 0.38551807403564453
Finished EM iter: 19. Current nllh: 10079.008137060404
Starting EM iter: 20
Estep
Estep runtime (s): 0.20110630989074707
Mstep
Optimizing phi
Optimizing branch lengths. Current phi: 0. Current nu:0.29680726661037965
Optimizing nu
Mstep runtime (s): 0.4157848358154297
Finished EM iter: 20. Current nllh: 10079.007791078757
Starting EM iter: 21
Estep
Estep runtime (s): 0.19636297225952148
Mstep
Optimizing phi
Optimizing branch lengths. Current phi: 0. Current nu:0.2968095123582834
Optimizing nu
Mstep runtime (s): 0.4226088523864746
Finished EM iter: 21. Current nllh: 10079.007508977375
Starting EM iter: 22
Estep
Estep runtime (s): 0.19729995727539062
Mstep
Optimizing phi
Optimizing branch lengths. Current phi: 0. Current nu:0.2968113670678454
Optimizing nu
Mstep runtime (s): 0.410006046295166
Finished EM iter: 22. Current nllh: 10079.007276080349
Starting EM iter: 23
Estep
Estep runtime (s): 0.19812798500061035
Mstep
Optimizing phi
Optimizing branch lengths. Current phi: 0. Current nu:0.29681270494555945
Optimizing nu
Mstep runtime (s): 0.4033491611480713
Finished EM iter: 23. Current nllh: 10079.00706546119
Starting EM iter: 24
Estep
Estep runtime (s): 0.19699811935424805
Mstep
Optimizing phi
Optimizing branch lengths. Current phi: 0. Current nu:0.2968140765434491
Optimizing nu
Mstep runtime (s): 0.4110901355743408
Finished EM iter: 24. Current nllh: 10079.006881983027
Starting EM iter: 25
Estep
Estep runtime (s): 0.19890904426574707
Mstep
Optimizing phi
Optimizing branch lengths. Current phi: 0. Current nu:0.29681514630542966
Optimizing nu
Mstep runtime (s): 0.40381479263305664
Finished EM iter: 25. Current nllh: 10079.006747626907
Starting EM iter: 26
Estep
Estep runtime (s): 0.1960897445678711
Mstep
Optimizing phi
Optimizing branch lengths. Current phi: 0. Current nu:0.29681564603659494
Optimizing nu
Mstep runtime (s): 0.41332507133483887
Finished EM iter: 26. Current nllh: 10079.00661040736
Starting EM iter: 27
Estep
Estep runtime (s): 0.19634199142456055
Mstep
Optimizing phi
Optimizing branch lengths. Current phi: 0. Current nu:0.2968164627339704
Optimizing nu
Mstep runtime (s): 0.4303553104400635
Finished EM iter: 27. Current nllh: 10079.006485919941
Starting EM iter: 28
Estep
Estep runtime (s): 0.19687819480895996
Mstep
Optimizing phi
Optimizing branch lengths. Current phi: 0. Current nu:0.2968171556625337
Optimizing nu
Mstep runtime (s): 0.4721348285675049
Finished EM iter: 28. Current nllh: 10079.00641289574
EM finished after 28 iterations.
Optimal phi: 0. Optimal nu: 0.2968171544993096. Optimal nllh: 10079.00641289574
Optimal point found for initial point 1
Numerical optimization finished successfully
Tree height pre-scaling: 0.7105271463286881, input timescale: 1.0
Tree height after scaling: 0.9999999999999999, mutation rate: 0.7105271463286881
Tree height pre-scaling: 0.7105271464857028, input timescale: 1.0
Tree height after scaling: 1.0, mutation rate: 0.7105271464857028
Tree height pre-scaling: 0.7105271464555248, input timescale: 1.0
Tree height after scaling: 1.0, mutation rate: 0.7105271464555248
Tree height pre-scaling: 0.7105271466051574, input timescale: 1.0
Tree height after scaling: 1.0, mutation rate: 0.7105271466051574
Tree height pre-scaling: 0.7105271463324422, input timescale: 1.0
Tree height after scaling: 1.0, mutation rate: 0.7105271463324422
Tree height pre-scaling: 0.7105271462816704, input timescale: 1.0
Tree height after scaling: 1.0, mutation rate: 0.7105271462816704
Tree height pre-scaling: 0.7105271463512789, input timescale: 1.0
Tree height after scaling: 1.0, mutation rate: 0.7105271463512789
Tree height pre-scaling: 0.7105271462464917, input timescale: 1.0
Tree height after scaling: 1.0, mutation rate: 0.7105271462464917
Runtime (s): 18.927736958
