Launching LAML version 0.0.4
LAML was called as follows: /Users/uym2/my_gits/LAML/run_laml.py -c ../../bar21/Bar21_character_matrix.txt -t place_outlier/augmented_tree_284.nwk -o place_outlier/augmented_tree_284_optimized -v -p ../../bar21/Bar21_priors.pickle --delimiter tab -m -1 --nInitials 1
Prior keys mismatch with site names.
Prior keys: [0, 1, 2, 3, 4, 5, 6, 7, 8, 9, 10, 11, 12, 13, 14, 15, 16, 17, 18, 19, 20, 21, 22, 23, 24, 25, 26, 27, 28]
Site names: ['r1', 'r2', 'r3', 'r4', 'r5', 'r6', 'r7', 'r8', 'r9', 'r10', 'r11', 'r12', 'r13', 'r14', 'r15', 'r16', 'r17', 'r18', 'r19', 'r20', 'r21', 'r22', 'r23', 'r24', 'r25', 'r26', 'r27', 'r28', 'r29', 'r30']
Attempting to infer mapping between site names and prior keys...
Not all site names are present in the dictionary. Trying offset...
Offset between input site names and prior keys is assumed to be 1
Missing priors at site r30, filling in uniform priors...
{'r1': 0, 'r2': 1, 'r3': 2, 'r4': 3, 'r5': 4, 'r6': 5, 'r7': 6, 'r8': 7, 'r9': 8, 'r10': 9, 'r11': 10, 'r12': 11, 'r13': 12, 'r14': 13, 'r15': 14, 'r16': 15, 'r17': 16, 'r18': 17, 'r19': 18, 'r20': 19, 'r21': 20, 'r22': 21, 'r23': 22, 'r24': 23, 'r25': 24, 'r26': 25, 'r27': 26, 'r28': 27, 'r29': 28, 'r30': 29}
Optimizing branch lengths, phi, and nu without topology search
Optimization by EM algorithm
Optimization start with 1 initials
Initial point 1. Random seed: 8376
Numerical optimization started with ultrametric constraint (default)
Initial phi: 0. Initial nu: 0.26955655566205877. Initial nllh: 11828.978140058627
Starting EM iter: 1
Estep
Estep runtime (s): 0.1437849998474121
Mstep
Optimizing phi
Optimizing branch lengths. Current phi: 0. Current nu:0.26955655566205877
Optimizing nu
Mstep runtime (s): 0.4072601795196533
Finished EM iter: 1. Current nllh: 9854.492597212844
Starting EM iter: 2
Estep
Estep runtime (s): 0.19821882247924805
Mstep
Optimizing phi
Optimizing branch lengths. Current phi: 0. Current nu:0.2696423891484993
Optimizing nu
Mstep runtime (s): 0.4394571781158447
Finished EM iter: 2. Current nllh: 9834.793509586496
Starting EM iter: 3
Estep
Estep runtime (s): 0.19898223876953125
Mstep
Optimizing phi
Optimizing branch lengths. Current phi: 0. Current nu:0.26826825053155307
Optimizing nu
Mstep runtime (s): 0.4271848201751709
Finished EM iter: 3. Current nllh: 9832.985081226458
Starting EM iter: 4
Estep
Estep runtime (s): 0.20496082305908203
Mstep
Optimizing phi
Optimizing branch lengths. Current phi: 0. Current nu:0.2675788905364881
Optimizing nu
Mstep runtime (s): 0.36989712715148926
Finished EM iter: 4. Current nllh: 9832.60017283749
Starting EM iter: 5
Estep
Estep runtime (s): 0.19944190979003906
Mstep
Optimizing phi
Optimizing branch lengths. Current phi: 0. Current nu:0.2674218609526907
Optimizing nu
Mstep runtime (s): 0.40055227279663086
Finished EM iter: 5. Current nllh: 9832.474115681023
Starting EM iter: 6
Estep
Estep runtime (s): 0.20128893852233887
Mstep
Optimizing phi
Optimizing branch lengths. Current phi: 0. Current nu:0.26744006110296364
Optimizing nu
Mstep runtime (s): 0.43990397453308105
Finished EM iter: 6. Current nllh: 9832.435489742156
Starting EM iter: 7
Estep
Estep runtime (s): 0.19870781898498535
Mstep
Optimizing phi
Optimizing branch lengths. Current phi: 0. Current nu:0.26749343668873854
Optimizing nu
Mstep runtime (s): 0.37011098861694336
Finished EM iter: 7. Current nllh: 9832.416017297326
Starting EM iter: 8
Estep
Estep runtime (s): 0.19932007789611816
Mstep
Optimizing phi
Optimizing branch lengths. Current phi: 0. Current nu:0.26754655070679045
Optimizing nu
Mstep runtime (s): 0.4731330871582031
Finished EM iter: 8. Current nllh: 9832.404035673922
Starting EM iter: 9
Estep
Estep runtime (s): 0.2027568817138672
Mstep
Optimizing phi
Optimizing branch lengths. Current phi: 0. Current nu:0.2675887207389785
Optimizing nu
Mstep runtime (s): 0.3608582019805908
Finished EM iter: 9. Current nllh: 9832.396328654151
Starting EM iter: 10
Estep
Estep runtime (s): 0.20805668830871582
Mstep
Optimizing phi
Optimizing branch lengths. Current phi: 0. Current nu:0.26762070230866625
Optimizing nu
Mstep runtime (s): 0.4385340213775635
Finished EM iter: 10. Current nllh: 9832.391155669004
Starting EM iter: 11
Estep
Estep runtime (s): 0.20718121528625488
Mstep
Optimizing phi
Optimizing branch lengths. Current phi: 0. Current nu:0.26764384422370746
Optimizing nu
Mstep runtime (s): 0.3749198913574219
Finished EM iter: 11. Current nllh: 9832.38754782036
Starting EM iter: 12
Estep
Estep runtime (s): 0.19935202598571777
Mstep
Optimizing phi
Optimizing branch lengths. Current phi: 0. Current nu:0.26766100182600805
Optimizing nu
Mstep runtime (s): 0.36834025382995605
Finished EM iter: 12. Current nllh: 9832.384948326027
Starting EM iter: 13
Estep
Estep runtime (s): 0.20006084442138672
Mstep
Optimizing phi
Optimizing branch lengths. Current phi: 0. Current nu:0.26767350132795464
Optimizing nu
Mstep runtime (s): 0.4581639766693115
Finished EM iter: 13. Current nllh: 9832.383025113366
Starting EM iter: 14
Estep
Estep runtime (s): 0.20083999633789062
Mstep
Optimizing phi
Optimizing branch lengths. Current phi: 0. Current nu:0.267682740961955
Optimizing nu
Mstep runtime (s): 0.4082019329071045
Finished EM iter: 14. Current nllh: 9832.381574449788
Starting EM iter: 15
Estep
Estep runtime (s): 0.2004847526550293
Mstep
Optimizing phi
Optimizing branch lengths. Current phi: 0. Current nu:0.26768925449988296
Optimizing nu
Mstep runtime (s): 0.5064539909362793
Finished EM iter: 15. Current nllh: 9832.38045624666
Starting EM iter: 16
Estep
Estep runtime (s): 0.19968914985656738
Mstep
Optimizing phi
Optimizing branch lengths. Current phi: 0. Current nu:0.26769413126817304
Optimizing nu
Mstep runtime (s): 0.383486270904541
Finished EM iter: 16. Current nllh: 9832.379570787707
Starting EM iter: 17
Estep
Estep runtime (s): 0.19983506202697754
Mstep
Optimizing phi
Optimizing branch lengths. Current phi: 0. Current nu:0.26769789257811183
Optimizing nu
Mstep runtime (s): 0.4539518356323242
Finished EM iter: 17. Current nllh: 9832.37886235549
Starting EM iter: 18
Estep
Estep runtime (s): 0.20078492164611816
Mstep
Optimizing phi
Optimizing branch lengths. Current phi: 0. Current nu:0.2677006562287386
Optimizing nu
Mstep runtime (s): 0.40637898445129395
Finished EM iter: 18. Current nllh: 9832.37829723093
Starting EM iter: 19
Estep
Estep runtime (s): 0.19982504844665527
Mstep
Optimizing phi
Optimizing branch lengths. Current phi: 0. Current nu:0.2677024934204434
Optimizing nu
Mstep runtime (s): 0.39060282707214355
Finished EM iter: 19. Current nllh: 9832.377826044332
Starting EM iter: 20
Estep
Estep runtime (s): 0.19993901252746582
Mstep
Optimizing phi
Optimizing branch lengths. Current phi: 0. Current nu:0.2677042362746919
Optimizing nu
Mstep runtime (s): 0.42054295539855957
Finished EM iter: 20. Current nllh: 9832.377441386072
Starting EM iter: 21
Estep
Estep runtime (s): 0.20177292823791504
Mstep
Optimizing phi
Optimizing branch lengths. Current phi: 0. Current nu:0.26770522878364655
Optimizing nu
Mstep runtime (s): 0.40221691131591797
Finished EM iter: 21. Current nllh: 9832.37712412014
Starting EM iter: 22
Estep
Estep runtime (s): 0.20469403266906738
Mstep
Optimizing phi
Optimizing branch lengths. Current phi: 0. Current nu:0.2677060027625159
Optimizing nu
Mstep runtime (s): 0.40520620346069336
Finished EM iter: 22. Current nllh: 9832.376846802692
Starting EM iter: 23
Estep
Estep runtime (s): 0.20770502090454102
Mstep
Optimizing phi
Optimizing branch lengths. Current phi: 0. Current nu:0.26770687076076266
Optimizing nu
Mstep runtime (s): 0.43221116065979004
Finished EM iter: 23. Current nllh: 9832.376313683913
Starting EM iter: 24
Estep
Estep runtime (s): 0.20174694061279297
Mstep
Optimizing phi
Optimizing branch lengths. Current phi: 0. Current nu:0.26770891029649957
Optimizing nu
Mstep runtime (s): 0.4279968738555908
Finished EM iter: 24. Current nllh: 9832.376385932093
EM finished after 24 iterations.
Optimal phi: 0. Optimal nu: 0.2677082035663954. Optimal nllh: 9832.376385932093
Optimal point found for initial point 1
Numerical optimization finished successfully
Tree height pre-scaling: 0.7338276678732379, input timescale: 1.0
Tree height after scaling: 1.0, mutation rate: 0.7338276678732379
Tree height pre-scaling: 0.7338276678220208, input timescale: 1.0
Tree height after scaling: 1.0, mutation rate: 0.7338276678220208
Tree height pre-scaling: 0.7338276679448419, input timescale: 1.0
Tree height after scaling: 1.0, mutation rate: 0.7338276679448419
Tree height pre-scaling: 0.7338276678766438, input timescale: 1.0
Tree height after scaling: 1.0, mutation rate: 0.7338276678766438
Tree height pre-scaling: 0.7338276680731617, input timescale: 1.0
Tree height after scaling: 1.0, mutation rate: 0.7338276680731617
Tree height pre-scaling: 0.7338276680074518, input timescale: 1.0
Tree height after scaling: 1.0000000000000002, mutation rate: 0.7338276680074518
Tree height pre-scaling: 0.7338276682321878, input timescale: 1.0
Tree height after scaling: 1.0, mutation rate: 0.7338276682321878
Tree height pre-scaling: 0.7338276678718741, input timescale: 1.0
Tree height after scaling: 0.9999999999999999, mutation rate: 0.7338276678718741
Runtime (s): 16.471096916
