Launching LAML version 0.0.4
LAML was called as follows: /Users/uym2/my_gits/LAML/run_laml.py -c ../../bar21/Bar21_character_matrix.txt -t place_outlier/augmented_tree_278.nwk -o place_outlier/augmented_tree_278_optimized -v -p ../../bar21/Bar21_priors.pickle --delimiter tab -m -1 --nInitials 1
Prior keys mismatch with site names.
Prior keys: [0, 1, 2, 3, 4, 5, 6, 7, 8, 9, 10, 11, 12, 13, 14, 15, 16, 17, 18, 19, 20, 21, 22, 23, 24, 25, 26, 27, 28]
Site names: ['r1', 'r2', 'r3', 'r4', 'r5', 'r6', 'r7', 'r8', 'r9', 'r10', 'r11', 'r12', 'r13', 'r14', 'r15', 'r16', 'r17', 'r18', 'r19', 'r20', 'r21', 'r22', 'r23', 'r24', 'r25', 'r26', 'r27', 'r28', 'r29', 'r30']
Attempting to infer mapping between site names and prior keys...
Not all site names are present in the dictionary. Trying offset...
Offset between input site names and prior keys is assumed to be 1
Missing priors at site r30, filling in uniform priors...
{'r1': 0, 'r2': 1, 'r3': 2, 'r4': 3, 'r5': 4, 'r6': 5, 'r7': 6, 'r8': 7, 'r9': 8, 'r10': 9, 'r11': 10, 'r12': 11, 'r13': 12, 'r14': 13, 'r15': 14, 'r16': 15, 'r17': 16, 'r18': 17, 'r19': 18, 'r20': 19, 'r21': 20, 'r22': 21, 'r23': 22, 'r24': 23, 'r25': 24, 'r26': 25, 'r27': 26, 'r28': 27, 'r29': 28, 'r30': 29}
Optimizing branch lengths, phi, and nu without topology search
Optimization by EM algorithm
Optimization start with 1 initials
Initial point 1. Random seed: 3267
Numerical optimization started with ultrametric constraint (default)
Initial phi: 0. Initial nu: 0.26955655566205877. Initial nllh: 12115.561712650002
Starting EM iter: 1
Estep
Estep runtime (s): 0.14344382286071777
Mstep
Optimizing phi
Optimizing branch lengths. Current phi: 0. Current nu:0.26955655566205877
Optimizing nu
Mstep runtime (s): 0.4963569641113281
Finished EM iter: 1. Current nllh: 10042.99895517633
Starting EM iter: 2
Estep
Estep runtime (s): 0.19705510139465332
Mstep
Optimizing phi
Optimizing branch lengths. Current phi: 0. Current nu:0.2776546426208656
Optimizing nu
Mstep runtime (s): 0.3749198913574219
Finished EM iter: 2. Current nllh: 10021.49998070539
Starting EM iter: 3
Estep
Estep runtime (s): 0.19683194160461426
Mstep
Optimizing phi
Optimizing branch lengths. Current phi: 0. Current nu:0.2780584916241693
Optimizing nu
Mstep runtime (s): 0.36769819259643555
Finished EM iter: 3. Current nllh: 10019.719261818982
Starting EM iter: 4
Estep
Estep runtime (s): 0.2003321647644043
Mstep
Optimizing phi
Optimizing branch lengths. Current phi: 0. Current nu:0.2778032632545126
Optimizing nu
Mstep runtime (s): 0.4175841808319092
Finished EM iter: 4. Current nllh: 10019.35687185394
Starting EM iter: 5
Estep
Estep runtime (s): 0.20223402976989746
Mstep
Optimizing phi
Optimizing branch lengths. Current phi: 0. Current nu:0.2777800860334396
Optimizing nu
Mstep runtime (s): 0.42815208435058594
Finished EM iter: 5. Current nllh: 10019.23830861718
Starting EM iter: 6
Estep
Estep runtime (s): 0.1960299015045166
Mstep
Optimizing phi
Optimizing branch lengths. Current phi: 0. Current nu:0.2778481067531722
Optimizing nu
Mstep runtime (s): 0.39170193672180176
Finished EM iter: 6. Current nllh: 10019.204287547576
Starting EM iter: 7
Estep
Estep runtime (s): 0.20221900939941406
Mstep
Optimizing phi
Optimizing branch lengths. Current phi: 0. Current nu:0.2779222257973325
Optimizing nu
Mstep runtime (s): 0.43640804290771484
Finished EM iter: 7. Current nllh: 10019.185083910097
Starting EM iter: 8
Estep
Estep runtime (s): 0.19666409492492676
Mstep
Optimizing phi
Optimizing branch lengths. Current phi: 0. Current nu:0.2779878259232029
Optimizing nu
Mstep runtime (s): 0.368988037109375
Finished EM iter: 8. Current nllh: 10019.172902741599
Starting EM iter: 9
Estep
Estep runtime (s): 0.19652199745178223
Mstep
Optimizing phi
Optimizing branch lengths. Current phi: 0. Current nu:0.27803684152959135
Optimizing nu
Mstep runtime (s): 0.3713960647583008
Finished EM iter: 9. Current nllh: 10019.164775303903
Starting EM iter: 10
Estep
Estep runtime (s): 0.197127103805542
Mstep
Optimizing phi
Optimizing branch lengths. Current phi: 0. Current nu:0.2780736319073368
Optimizing nu
Mstep runtime (s): 0.39490699768066406
Finished EM iter: 10. Current nllh: 10019.159170488236
Starting EM iter: 11
Estep
Estep runtime (s): 0.19627904891967773
Mstep
Optimizing phi
Optimizing branch lengths. Current phi: 0. Current nu:0.27810043078434676
Optimizing nu
Mstep runtime (s): 0.3736550807952881
Finished EM iter: 11. Current nllh: 10019.155169789552
Starting EM iter: 12
Estep
Estep runtime (s): 0.19688010215759277
Mstep
Optimizing phi
Optimizing branch lengths. Current phi: 0. Current nu:0.2781204357095749
Optimizing nu
Mstep runtime (s): 0.3661820888519287
Finished EM iter: 12. Current nllh: 10019.152251061847
Starting EM iter: 13
Estep
Estep runtime (s): 0.19677329063415527
Mstep
Optimizing phi
Optimizing branch lengths. Current phi: 0. Current nu:0.2781350578933497
Optimizing nu
Mstep runtime (s): 0.407012939453125
Finished EM iter: 13. Current nllh: 10019.150093981181
Starting EM iter: 14
Estep
Estep runtime (s): 0.19714903831481934
Mstep
Optimizing phi
Optimizing branch lengths. Current phi: 0. Current nu:0.27814553115241836
Optimizing nu
Mstep runtime (s): 0.4286210536956787
Finished EM iter: 14. Current nllh: 10019.148456413423
Starting EM iter: 15
Estep
Estep runtime (s): 0.19741606712341309
Mstep
Optimizing phi
Optimizing branch lengths. Current phi: 0. Current nu:0.2781534072250949
Optimizing nu
Mstep runtime (s): 0.36630988121032715
Finished EM iter: 15. Current nllh: 10019.147165449696
Starting EM iter: 16
Estep
Estep runtime (s): 0.19768190383911133
Mstep
Optimizing phi
Optimizing branch lengths. Current phi: 0. Current nu:0.27815949682555885
Optimizing nu
Mstep runtime (s): 0.39769697189331055
Finished EM iter: 16. Current nllh: 10019.146156030194
Starting EM iter: 17
Estep
Estep runtime (s): 0.20011591911315918
Mstep
Optimizing phi
Optimizing branch lengths. Current phi: 0. Current nu:0.27816392693959086
Optimizing nu
Mstep runtime (s): 0.4596238136291504
Finished EM iter: 17. Current nllh: 10019.145401428716
Starting EM iter: 18
Estep
Estep runtime (s): 0.20661616325378418
Mstep
Optimizing phi
Optimizing branch lengths. Current phi: 0. Current nu:0.2781667332076771
Optimizing nu
Mstep runtime (s): 0.4040079116821289
Finished EM iter: 18. Current nllh: 10019.144708529888
Starting EM iter: 19
Estep
Estep runtime (s): 0.19953513145446777
Mstep
Optimizing phi
Optimizing branch lengths. Current phi: 0. Current nu:0.2781700081050874
Optimizing nu
Mstep runtime (s): 0.4501829147338867
Finished EM iter: 19. Current nllh: 10019.144224887685
Starting EM iter: 20
Estep
Estep runtime (s): 0.19833779335021973
Mstep
Optimizing phi
Optimizing branch lengths. Current phi: 0. Current nu:0.2781712701924798
Optimizing nu
Mstep runtime (s): 0.4372398853302002
Finished EM iter: 20. Current nllh: 10019.143744375255
Starting EM iter: 21
Estep
Estep runtime (s): 0.19837498664855957
Mstep
Optimizing phi
Optimizing branch lengths. Current phi: 0. Current nu:0.27817341323145756
Optimizing nu
Mstep runtime (s): 0.37587523460388184
Finished EM iter: 21. Current nllh: 10019.143356970846
Starting EM iter: 22
Estep
Estep runtime (s): 0.19857430458068848
Mstep
Optimizing phi
Optimizing branch lengths. Current phi: 0. Current nu:0.27817464711141715
Optimizing nu
Mstep runtime (s): 0.447206974029541
Finished EM iter: 22. Current nllh: 10019.143041979332
Starting EM iter: 23
Estep
Estep runtime (s): 0.198167085647583
Mstep
Optimizing phi
Optimizing branch lengths. Current phi: 0. Current nu:0.278175589466557
Optimizing nu
Mstep runtime (s): 0.3931708335876465
Finished EM iter: 23. Current nllh: 10019.142793827179
Starting EM iter: 24
Estep
Estep runtime (s): 0.2002091407775879
Mstep
Optimizing phi
Optimizing branch lengths. Current phi: 0. Current nu:0.278176163577706
Optimizing nu
Mstep runtime (s): 0.3892936706542969
Finished EM iter: 24. Current nllh: 10019.142591110405
Starting EM iter: 25
Estep
Estep runtime (s): 0.19980883598327637
Mstep
Optimizing phi
Optimizing branch lengths. Current phi: 0. Current nu:0.27817643419458404
Optimizing nu
Mstep runtime (s): 0.45070385932922363
Finished EM iter: 25. Current nllh: 10019.142387600967
Starting EM iter: 26
Estep
Estep runtime (s): 0.20280194282531738
Mstep
Optimizing phi
Optimizing branch lengths. Current phi: 0. Current nu:0.2781771631293534
Optimizing nu
Mstep runtime (s): 0.4221489429473877
Finished EM iter: 26. Current nllh: 10019.142232845135
Starting EM iter: 27
Estep
Estep runtime (s): 0.2008988857269287
Mstep
Optimizing phi
Optimizing branch lengths. Current phi: 0. Current nu:0.2781771434878478
Optimizing nu
Mstep runtime (s): 0.38594794273376465
Finished EM iter: 27. Current nllh: 10019.142094214327
Starting EM iter: 28
Estep
Estep runtime (s): 0.20087480545043945
Mstep
Optimizing phi
Optimizing branch lengths. Current phi: 0. Current nu:0.27817755487413715
Optimizing nu
Mstep runtime (s): 0.3999600410461426
Finished EM iter: 28. Current nllh: 10019.141969919345
Starting EM iter: 29
Estep
Estep runtime (s): 0.20164775848388672
Mstep
Optimizing phi
Optimizing branch lengths. Current phi: 0. Current nu:0.27817764826646224
Optimizing nu
Mstep runtime (s): 0.4702880382537842
Finished EM iter: 29. Current nllh: 10019.141974190763
EM finished after 29 iterations.
Optimal phi: 0. Optimal nu: 0.2781766703095602. Optimal nllh: 10019.141974190763
Optimal point found for initial point 1
Numerical optimization finished successfully
Tree height pre-scaling: 0.7129802785382747, input timescale: 1.0
Tree height after scaling: 1.0, mutation rate: 0.7129802785382747
Tree height pre-scaling: 0.7129802576039528, input timescale: 1.0
Tree height after scaling: 1.0, mutation rate: 0.7129802576039528
Tree height pre-scaling: 0.7129803241708463, input timescale: 1.0
Tree height after scaling: 1.0, mutation rate: 0.7129803241708463
Tree height pre-scaling: 0.71298028921955, input timescale: 1.0
Tree height after scaling: 1.0, mutation rate: 0.71298028921955
Tree height pre-scaling: 0.7129804038090855, input timescale: 1.0
Tree height after scaling: 1.0, mutation rate: 0.7129804038090855
Tree height pre-scaling: 0.7129803876720618, input timescale: 1.0
Tree height after scaling: 1.0000000000000002, mutation rate: 0.7129803876720618
Tree height pre-scaling: 0.7129804598673346, input timescale: 1.0
Tree height after scaling: 1.0, mutation rate: 0.7129804598673346
Tree height pre-scaling: 0.7129801584002513, input timescale: 1.0
Tree height after scaling: 1.0000000000000002, mutation rate: 0.7129801584002513
Runtime (s): 19.554364624999998
