Launching LAML version 0.0.4
LAML was called as follows: /Users/uym2/my_gits/LAML/run_laml.py -c ../../bar21/Bar21_character_matrix.txt -t place_outlier/augmented_tree_28.nwk -o place_outlier/augmented_tree_28_optimized -v -p ../../bar21/Bar21_priors.pickle --delimiter tab -m -1 --nInitials 1
Prior keys mismatch with site names.
Prior keys: [0, 1, 2, 3, 4, 5, 6, 7, 8, 9, 10, 11, 12, 13, 14, 15, 16, 17, 18, 19, 20, 21, 22, 23, 24, 25, 26, 27, 28]
Site names: ['r1', 'r2', 'r3', 'r4', 'r5', 'r6', 'r7', 'r8', 'r9', 'r10', 'r11', 'r12', 'r13', 'r14', 'r15', 'r16', 'r17', 'r18', 'r19', 'r20', 'r21', 'r22', 'r23', 'r24', 'r25', 'r26', 'r27', 'r28', 'r29', 'r30']
Attempting to infer mapping between site names and prior keys...
Not all site names are present in the dictionary. Trying offset...
Offset between input site names and prior keys is assumed to be 1
Missing priors at site r30, filling in uniform priors...
{'r1': 0, 'r2': 1, 'r3': 2, 'r4': 3, 'r5': 4, 'r6': 5, 'r7': 6, 'r8': 7, 'r9': 8, 'r10': 9, 'r11': 10, 'r12': 11, 'r13': 12, 'r14': 13, 'r15': 14, 'r16': 15, 'r17': 16, 'r18': 17, 'r19': 18, 'r20': 19, 'r21': 20, 'r22': 21, 'r23': 22, 'r24': 23, 'r25': 24, 'r26': 25, 'r27': 26, 'r28': 27, 'r29': 28, 'r30': 29}
Optimizing branch lengths, phi, and nu without topology search
Optimization by EM algorithm
Optimization start with 1 initials
Initial point 1. Random seed: 17
Numerical optimization started with ultrametric constraint (default)
Initial phi: 0. Initial nu: 0.26955655566205877. Initial nllh: 11856.947069821084
Starting EM iter: 1
Estep
Estep runtime (s): 0.14208006858825684
Mstep
Optimizing phi
Optimizing branch lengths. Current phi: 0. Current nu:0.26955655566205877
Optimizing nu
Mstep runtime (s): 0.4238598346710205
Finished EM iter: 1. Current nllh: 9787.241197350411
Starting EM iter: 2
Estep
Estep runtime (s): 0.20066308975219727
Mstep
Optimizing phi
Optimizing branch lengths. Current phi: 0. Current nu:0.26279948225228705
Optimizing nu
Mstep runtime (s): 0.4626429080963135
Finished EM iter: 2. Current nllh: 9771.990781012331
Starting EM iter: 3
Estep
Estep runtime (s): 0.20223307609558105
Mstep
Optimizing phi
Optimizing branch lengths. Current phi: 0. Current nu:0.26025559285134264
Optimizing nu
Mstep runtime (s): 0.43056821823120117
Finished EM iter: 3. Current nllh: 9771.205761131429
Starting EM iter: 4
Estep
Estep runtime (s): 0.2001020908355713
Mstep
Optimizing phi
Optimizing branch lengths. Current phi: 0. Current nu:0.25986328379761253
Optimizing nu
Mstep runtime (s): 0.40222787857055664
Finished EM iter: 4. Current nllh: 9771.081105553083
Starting EM iter: 5
Estep
Estep runtime (s): 0.19930386543273926
Mstep
Optimizing phi
Optimizing branch lengths. Current phi: 0. Current nu:0.2600227811170358
Optimizing nu
Mstep runtime (s): 0.40251994132995605
Finished EM iter: 5. Current nllh: 9771.039509516435
Starting EM iter: 6
Estep
Estep runtime (s): 0.20252609252929688
Mstep
Optimizing phi
Optimizing branch lengths. Current phi: 0. Current nu:0.2602208792118943
Optimizing nu
Mstep runtime (s): 0.44191694259643555
Finished EM iter: 6. Current nllh: 9771.020462019856
Starting EM iter: 7
Estep
Estep runtime (s): 0.2052159309387207
Mstep
Optimizing phi
Optimizing branch lengths. Current phi: 0. Current nu:0.2603664715019
Optimizing nu
Mstep runtime (s): 0.41759324073791504
Finished EM iter: 7. Current nllh: 9771.010362399742
Starting EM iter: 8
Estep
Estep runtime (s): 0.2062070369720459
Mstep
Optimizing phi
Optimizing branch lengths. Current phi: 0. Current nu:0.2604629120021905
Optimizing nu
Mstep runtime (s): 0.3873019218444824
Finished EM iter: 8. Current nllh: 9771.004551219712
Starting EM iter: 9
Estep
Estep runtime (s): 0.19921112060546875
Mstep
Optimizing phi
Optimizing branch lengths. Current phi: 0. Current nu:0.2605253778806243
Optimizing nu
Mstep runtime (s): 0.3818371295928955
Finished EM iter: 9. Current nllh: 9771.000986338488
Starting EM iter: 10
Estep
Estep runtime (s): 0.2005939483642578
Mstep
Optimizing phi
Optimizing branch lengths. Current phi: 0. Current nu:0.26056651716039514
Optimizing nu
Mstep runtime (s): 0.4000859260559082
Finished EM iter: 10. Current nllh: 9770.99867677072
Starting EM iter: 11
Estep
Estep runtime (s): 0.20659804344177246
Mstep
Optimizing phi
Optimizing branch lengths. Current phi: 0. Current nu:0.26059380962318446
Optimizing nu
Mstep runtime (s): 0.3945960998535156
Finished EM iter: 11. Current nllh: 9770.997091570853
Starting EM iter: 12
Estep
Estep runtime (s): 0.20294785499572754
Mstep
Optimizing phi
Optimizing branch lengths. Current phi: 0. Current nu:0.2606127547606961
Optimizing nu
Mstep runtime (s): 0.41434621810913086
Finished EM iter: 12. Current nllh: 9770.995968743871
Starting EM iter: 13
Estep
Estep runtime (s): 0.1996021270751953
Mstep
Optimizing phi
Optimizing branch lengths. Current phi: 0. Current nu:0.260625225052117
Optimizing nu
Mstep runtime (s): 0.47188496589660645
Finished EM iter: 13. Current nllh: 9770.995123430976
Starting EM iter: 14
Estep
Estep runtime (s): 0.19980192184448242
Mstep
Optimizing phi
Optimizing branch lengths. Current phi: 0. Current nu:0.2606348273861498
Optimizing nu
Mstep runtime (s): 0.42725682258605957
Finished EM iter: 14. Current nllh: 9770.994469458137
Starting EM iter: 15
Estep
Estep runtime (s): 0.20307302474975586
Mstep
Optimizing phi
Optimizing branch lengths. Current phi: 0. Current nu:0.2606412320404267
Optimizing nu
Mstep runtime (s): 0.46132707595825195
Finished EM iter: 15. Current nllh: 9770.993970931859
Starting EM iter: 16
Estep
Estep runtime (s): 0.20074701309204102
Mstep
Optimizing phi
Optimizing branch lengths. Current phi: 0. Current nu:0.2606455710403529
Optimizing nu
Mstep runtime (s): 0.4738607406616211
Finished EM iter: 16. Current nllh: 9770.993544164738
Starting EM iter: 17
Estep
Estep runtime (s): 0.20188093185424805
Mstep
Optimizing phi
Optimizing branch lengths. Current phi: 0. Current nu:0.260647914426825
Optimizing nu
Mstep runtime (s): 0.4643430709838867
Finished EM iter: 17. Current nllh: 9770.993240205777
Starting EM iter: 18
Estep
Estep runtime (s): 0.20134329795837402
Mstep
Optimizing phi
Optimizing branch lengths. Current phi: 0. Current nu:0.2606500473468325
Optimizing nu
Mstep runtime (s): 0.41082286834716797
Finished EM iter: 18. Current nllh: 9770.992997048317
Starting EM iter: 19
Estep
Estep runtime (s): 0.20392894744873047
Mstep
Optimizing phi
Optimizing branch lengths. Current phi: 0. Current nu:0.26065319558001365
Optimizing nu
Mstep runtime (s): 0.4146265983581543
Finished EM iter: 19. Current nllh: 9770.992718082236
Starting EM iter: 20
Estep
Estep runtime (s): 0.20846080780029297
Mstep
Optimizing phi
Optimizing branch lengths. Current phi: 0. Current nu:0.2606550956100699
Optimizing nu
Mstep runtime (s): 0.40853023529052734
Finished EM iter: 20. Current nllh: 9770.992523594787
Starting EM iter: 21
Estep
Estep runtime (s): 0.20057082176208496
Mstep
Optimizing phi
Optimizing branch lengths. Current phi: 0. Current nu:0.26065561692084166
Optimizing nu
Mstep runtime (s): 0.45533204078674316
Finished EM iter: 21. Current nllh: 9770.992292373403
Starting EM iter: 22
Estep
Estep runtime (s): 0.20012402534484863
Mstep
Optimizing phi
Optimizing branch lengths. Current phi: 0. Current nu:0.26065546266603346
Optimizing nu
Mstep runtime (s): 0.4719510078430176
Finished EM iter: 22. Current nllh: 9770.992248056271
EM finished after 22 iterations.
Optimal phi: 0. Optimal nu: 0.26065693644512106. Optimal nllh: 9770.992248056271
Optimal point found for initial point 1
Numerical optimization finished successfully
Tree height pre-scaling: 0.735907653847152, input timescale: 1.0
Tree height after scaling: 1.0, mutation rate: 0.735907653847152
Tree height pre-scaling: 0.7359076537839578, input timescale: 1.0
Tree height after scaling: 1.0, mutation rate: 0.7359076537839578
Tree height pre-scaling: 0.7359076539564073, input timescale: 1.0
Tree height after scaling: 1.0, mutation rate: 0.7359076539564073
Tree height pre-scaling: 0.7359076538623923, input timescale: 1.0
Tree height after scaling: 1.0000000000000002, mutation rate: 0.7359076538623923
Tree height pre-scaling: 0.7359076536245888, input timescale: 1.0
Tree height after scaling: 1.0, mutation rate: 0.7359076536245888
Tree height pre-scaling: 0.7359076542447014, input timescale: 1.0
Tree height after scaling: 1.0, mutation rate: 0.7359076542447014
Tree height pre-scaling: 0.7359076539921127, input timescale: 1.0
Tree height after scaling: 1.0, mutation rate: 0.7359076539921127
Tree height pre-scaling: 0.7359076540325694, input timescale: 1.0
Tree height after scaling: 1.0, mutation rate: 0.7359076540325694
Runtime (s): 15.40929875
