Launching LAML version 0.0.4
LAML was called as follows: /Users/uym2/my_gits/LAML/run_laml.py -c ../../bar21/Bar21_character_matrix.txt -t place_outlier/augmented_tree_24.nwk -o place_outlier/augmented_tree_24_optimized -v -p ../../bar21/Bar21_priors.pickle --delimiter tab -m -1 --nInitials 1
Prior keys mismatch with site names.
Prior keys: [0, 1, 2, 3, 4, 5, 6, 7, 8, 9, 10, 11, 12, 13, 14, 15, 16, 17, 18, 19, 20, 21, 22, 23, 24, 25, 26, 27, 28]
Site names: ['r1', 'r2', 'r3', 'r4', 'r5', 'r6', 'r7', 'r8', 'r9', 'r10', 'r11', 'r12', 'r13', 'r14', 'r15', 'r16', 'r17', 'r18', 'r19', 'r20', 'r21', 'r22', 'r23', 'r24', 'r25', 'r26', 'r27', 'r28', 'r29', 'r30']
Attempting to infer mapping between site names and prior keys...
Not all site names are present in the dictionary. Trying offset...
Offset between input site names and prior keys is assumed to be 1
Missing priors at site r30, filling in uniform priors...
{'r1': 0, 'r2': 1, 'r3': 2, 'r4': 3, 'r5': 4, 'r6': 5, 'r7': 6, 'r8': 7, 'r9': 8, 'r10': 9, 'r11': 10, 'r12': 11, 'r13': 12, 'r14': 13, 'r15': 14, 'r16': 15, 'r17': 16, 'r18': 17, 'r19': 18, 'r20': 19, 'r21': 20, 'r22': 21, 'r23': 22, 'r24': 23, 'r25': 24, 'r26': 25, 'r27': 26, 'r28': 27, 'r29': 28, 'r30': 29}
Optimizing branch lengths, phi, and nu without topology search
Optimization by EM algorithm
Optimization start with 1 initials
Initial point 1. Random seed: 4534
Numerical optimization started with ultrametric constraint (default)
Initial phi: 0. Initial nu: 0.26955655566205877. Initial nllh: 11788.729391287206
Starting EM iter: 1
Estep
Estep runtime (s): 0.14345598220825195
Mstep
Optimizing phi
Optimizing branch lengths. Current phi: 0. Current nu:0.26955655566205877
Optimizing nu
Mstep runtime (s): 0.42962193489074707
Finished EM iter: 1. Current nllh: 9764.728568751429
Starting EM iter: 2
Estep
Estep runtime (s): 0.19513702392578125
Mstep
Optimizing phi
Optimizing branch lengths. Current phi: 0. Current nu:0.26301791208993053
Optimizing nu
Mstep runtime (s): 0.3801841735839844
Finished EM iter: 2. Current nllh: 9747.31096596391
Starting EM iter: 3
Estep
Estep runtime (s): 0.19623398780822754
Mstep
Optimizing phi
Optimizing branch lengths. Current phi: 0. Current nu:0.2600976900193746
Optimizing nu
Mstep runtime (s): 0.38347792625427246
Finished EM iter: 3. Current nllh: 9746.391485209679
Starting EM iter: 4
Estep
Estep runtime (s): 0.19611692428588867
Mstep
Optimizing phi
Optimizing branch lengths. Current phi: 0. Current nu:0.2594751051856804
Optimizing nu
Mstep runtime (s): 0.38330602645874023
Finished EM iter: 4. Current nllh: 9746.23123459516
Starting EM iter: 5
Estep
Estep runtime (s): 0.19747090339660645
Mstep
Optimizing phi
Optimizing branch lengths. Current phi: 0. Current nu:0.2595169385923329
Optimizing nu
Mstep runtime (s): 0.3875889778137207
Finished EM iter: 5. Current nllh: 9746.170917332223
Starting EM iter: 6
Estep
Estep runtime (s): 0.1983480453491211
Mstep
Optimizing phi
Optimizing branch lengths. Current phi: 0. Current nu:0.2596527627068465
Optimizing nu
Mstep runtime (s): 0.3760991096496582
Finished EM iter: 6. Current nllh: 9746.140836912487
Starting EM iter: 7
Estep
Estep runtime (s): 0.19581913948059082
Mstep
Optimizing phi
Optimizing branch lengths. Current phi: 0. Current nu:0.2597626705199661
Optimizing nu
Mstep runtime (s): 0.4208650588989258
Finished EM iter: 7. Current nllh: 9746.126227535653
Starting EM iter: 8
Estep
Estep runtime (s): 0.19694113731384277
Mstep
Optimizing phi
Optimizing branch lengths. Current phi: 0. Current nu:0.2598377332503427
Optimizing nu
Mstep runtime (s): 0.4508938789367676
Finished EM iter: 8. Current nllh: 9746.120987862101
Starting EM iter: 9
Estep
Estep runtime (s): 0.19586586952209473
Mstep
Optimizing phi
Optimizing branch lengths. Current phi: 0. Current nu:0.25988526014351565
Optimizing nu
Mstep runtime (s): 0.4267392158508301
Finished EM iter: 9. Current nllh: 9746.117993675343
Starting EM iter: 10
Estep
Estep runtime (s): 0.19719815254211426
Mstep
Optimizing phi
Optimizing branch lengths. Current phi: 0. Current nu:0.2599191297050278
Optimizing nu
Mstep runtime (s): 0.42451000213623047
Finished EM iter: 10. Current nllh: 9746.115863556635
Starting EM iter: 11
Estep
Estep runtime (s): 0.19942283630371094
Mstep
Optimizing phi
Optimizing branch lengths. Current phi: 0. Current nu:0.2599421338642523
Optimizing nu
Mstep runtime (s): 0.47742605209350586
Finished EM iter: 11. Current nllh: 9746.114368995091
Starting EM iter: 12
Estep
Estep runtime (s): 0.19668292999267578
Mstep
Optimizing phi
Optimizing branch lengths. Current phi: 0. Current nu:0.2599569621934198
Optimizing nu
Mstep runtime (s): 0.40427398681640625
Finished EM iter: 12. Current nllh: 9746.113355993295
Starting EM iter: 13
Estep
Estep runtime (s): 0.1956338882446289
Mstep
Optimizing phi
Optimizing branch lengths. Current phi: 0. Current nu:0.25996929255102286
Optimizing nu
Mstep runtime (s): 0.5057358741760254
Finished EM iter: 13. Current nllh: 9746.112500249412
Starting EM iter: 14
Estep
Estep runtime (s): 0.19601202011108398
Mstep
Optimizing phi
Optimizing branch lengths. Current phi: 0. Current nu:0.2599767429287258
Optimizing nu
Mstep runtime (s): 0.40546298027038574
Finished EM iter: 14. Current nllh: 9746.111929403127
Starting EM iter: 15
Estep
Estep runtime (s): 0.19814181327819824
Mstep
Optimizing phi
Optimizing branch lengths. Current phi: 0. Current nu:0.2599834384485858
Optimizing nu
Mstep runtime (s): 0.3930659294128418
Finished EM iter: 15. Current nllh: 9746.111411629754
Starting EM iter: 16
Estep
Estep runtime (s): 0.2007758617401123
Mstep
Optimizing phi
Optimizing branch lengths. Current phi: 0. Current nu:0.25998796852501643
Optimizing nu
Mstep runtime (s): 0.3963491916656494
Finished EM iter: 16. Current nllh: 9746.11099417861
Starting EM iter: 17
Estep
Estep runtime (s): 0.203812837600708
Mstep
Optimizing phi
Optimizing branch lengths. Current phi: 0. Current nu:0.2599914577465706
Optimizing nu
Mstep runtime (s): 0.39873290061950684
Finished EM iter: 17. Current nllh: 9746.110665650232
Starting EM iter: 18
Estep
Estep runtime (s): 0.20483803749084473
Mstep
Optimizing phi
Optimizing branch lengths. Current phi: 0. Current nu:0.259993535914085
Optimizing nu
Mstep runtime (s): 0.4130210876464844
Finished EM iter: 18. Current nllh: 9746.110396315664
Starting EM iter: 19
Estep
Estep runtime (s): 0.20666289329528809
Mstep
Optimizing phi
Optimizing branch lengths. Current phi: 0. Current nu:0.2599952205739937
Optimizing nu
Mstep runtime (s): 0.39119791984558105
Finished EM iter: 19. Current nllh: 9746.110181725102
Starting EM iter: 20
Estep
Estep runtime (s): 0.19987916946411133
Mstep
Optimizing phi
Optimizing branch lengths. Current phi: 0. Current nu:0.25999600212813695
Optimizing nu
Mstep runtime (s): 0.411635160446167
Finished EM iter: 20. Current nllh: 9746.110002943555
Starting EM iter: 21
Estep
Estep runtime (s): 0.20555400848388672
Mstep
Optimizing phi
Optimizing branch lengths. Current phi: 0. Current nu:0.2599966547446289
Optimizing nu
Mstep runtime (s): 0.42390012741088867
Finished EM iter: 21. Current nllh: 9746.109826213822
Starting EM iter: 22
Estep
Estep runtime (s): 0.2111191749572754
Mstep
Optimizing phi
Optimizing branch lengths. Current phi: 0. Current nu:0.2599979207502664
Optimizing nu
Mstep runtime (s): 0.4140608310699463
Finished EM iter: 22. Current nllh: 9746.109674926409
Starting EM iter: 23
Estep
Estep runtime (s): 0.20641303062438965
Mstep
Optimizing phi
Optimizing branch lengths. Current phi: 0. Current nu:0.25999846273219457
Optimizing nu
Mstep runtime (s): 0.4159061908721924
Finished EM iter: 23. Current nllh: 9746.109542786748
Starting EM iter: 24
Estep
Estep runtime (s): 0.20427584648132324
Mstep
Optimizing phi
Optimizing branch lengths. Current phi: 0. Current nu:0.25999910455061653
Optimizing nu
Mstep runtime (s): 0.4045119285583496
Finished EM iter: 24. Current nllh: 9746.109443683454
Starting EM iter: 25
Estep
Estep runtime (s): 0.20379304885864258
Mstep
Optimizing phi
Optimizing branch lengths. Current phi: 0. Current nu:0.2599989797939895
Optimizing nu
Mstep runtime (s): 0.3957061767578125
Finished EM iter: 25. Current nllh: 9746.109355915803
EM finished after 25 iterations.
Optimal phi: 0. Optimal nu: 0.2599993353441206. Optimal nllh: 9746.109355915803
Optimal point found for initial point 1
Numerical optimization finished successfully
Tree height pre-scaling: 0.7352794404387587, input timescale: 1.0
Tree height after scaling: 1.0, mutation rate: 0.7352794404387587
Tree height pre-scaling: 0.7352794403692957, input timescale: 1.0
Tree height after scaling: 1.0, mutation rate: 0.7352794403692957
Tree height pre-scaling: 0.7352794405597485, input timescale: 1.0
Tree height after scaling: 0.9999999999999998, mutation rate: 0.7352794405597485
Tree height pre-scaling: 0.7352794404556426, input timescale: 1.0
Tree height after scaling: 1.0, mutation rate: 0.7352794404556426
Tree height pre-scaling: 0.7352794401891724, input timescale: 1.0
Tree height after scaling: 1.0, mutation rate: 0.7352794401891724
Tree height pre-scaling: 0.7352794408775053, input timescale: 1.0
Tree height after scaling: 1.0, mutation rate: 0.7352794408775053
Tree height pre-scaling: 0.7352794406008927, input timescale: 1.0
Tree height after scaling: 1.0000000000000002, mutation rate: 0.7352794406008927
Tree height pre-scaling: 0.7352794406323796, input timescale: 1.0
Tree height after scaling: 1.0, mutation rate: 0.7352794406323796
Runtime (s): 17.011434625
