Launching LAML version 0.0.4
LAML was called as follows: /Users/uym2/my_gits/LAML/run_laml.py -c ../../bar21/Bar21_character_matrix.txt -t place_outlier/augmented_tree_201.nwk -o place_outlier/augmented_tree_201_optimized -v -p ../../bar21/Bar21_priors.pickle --delimiter tab -m -1 --nInitials 1
Prior keys mismatch with site names.
Prior keys: [0, 1, 2, 3, 4, 5, 6, 7, 8, 9, 10, 11, 12, 13, 14, 15, 16, 17, 18, 19, 20, 21, 22, 23, 24, 25, 26, 27, 28]
Site names: ['r1', 'r2', 'r3', 'r4', 'r5', 'r6', 'r7', 'r8', 'r9', 'r10', 'r11', 'r12', 'r13', 'r14', 'r15', 'r16', 'r17', 'r18', 'r19', 'r20', 'r21', 'r22', 'r23', 'r24', 'r25', 'r26', 'r27', 'r28', 'r29', 'r30']
Attempting to infer mapping between site names and prior keys...
Not all site names are present in the dictionary. Trying offset...
Offset between input site names and prior keys is assumed to be 1
Missing priors at site r30, filling in uniform priors...
{'r1': 0, 'r2': 1, 'r3': 2, 'r4': 3, 'r5': 4, 'r6': 5, 'r7': 6, 'r8': 7, 'r9': 8, 'r10': 9, 'r11': 10, 'r12': 11, 'r13': 12, 'r14': 13, 'r15': 14, 'r16': 15, 'r17': 16, 'r18': 17, 'r19': 18, 'r20': 19, 'r21': 20, 'r22': 21, 'r23': 22, 'r24': 23, 'r25': 24, 'r26': 25, 'r27': 26, 'r28': 27, 'r29': 28, 'r30': 29}
Optimizing branch lengths, phi, and nu without topology search
Optimization by EM algorithm
Optimization start with 1 initials
Initial point 1. Random seed: 8102
Numerical optimization started with ultrametric constraint (default)
Initial phi: 0. Initial nu: 0.26955655566205877. Initial nllh: 12134.249813002381
Starting EM iter: 1
Estep
Estep runtime (s): 0.14466094970703125
Mstep
Optimizing phi
Optimizing branch lengths. Current phi: 0. Current nu:0.26955655566205877
Optimizing nu
Mstep runtime (s): 0.46155405044555664
Finished EM iter: 1. Current nllh: 9954.298429075172
Starting EM iter: 2
Estep
Estep runtime (s): 0.19891595840454102
Mstep
Optimizing phi
Optimizing branch lengths. Current phi: 0. Current nu:0.2829128693567243
Optimizing nu
Mstep runtime (s): 0.38231515884399414
Finished EM iter: 2. Current nllh: 9926.398244646907
Starting EM iter: 3
Estep
Estep runtime (s): 0.1986849308013916
Mstep
Optimizing phi
Optimizing branch lengths. Current phi: 0. Current nu:0.2861993026377765
Optimizing nu
Mstep runtime (s): 0.40261387825012207
Finished EM iter: 3. Current nllh: 9923.434829166838
Starting EM iter: 4
Estep
Estep runtime (s): 0.19801020622253418
Mstep
Optimizing phi
Optimizing branch lengths. Current phi: 0. Current nu:0.2866521327322665
Optimizing nu
Mstep runtime (s): 0.3943917751312256
Finished EM iter: 4. Current nllh: 9923.158481816212
Starting EM iter: 5
Estep
Estep runtime (s): 0.1973879337310791
Mstep
Optimizing phi
Optimizing branch lengths. Current phi: 0. Current nu:0.28688440332215287
Optimizing nu
Mstep runtime (s): 0.3924589157104492
Finished EM iter: 5. Current nllh: 9923.141983968486
Starting EM iter: 6
Estep
Estep runtime (s): 0.19769001007080078
Mstep
Optimizing phi
Optimizing branch lengths. Current phi: 0. Current nu:0.28707886209116185
Optimizing nu
Mstep runtime (s): 0.38010311126708984
Finished EM iter: 6. Current nllh: 9923.136182426511
Starting EM iter: 7
Estep
Estep runtime (s): 0.20013999938964844
Mstep
Optimizing phi
Optimizing branch lengths. Current phi: 0. Current nu:0.28721534169352075
Optimizing nu
Mstep runtime (s): 0.3938870429992676
Finished EM iter: 7. Current nllh: 9923.132448178209
Starting EM iter: 8
Estep
Estep runtime (s): 0.2017230987548828
Mstep
Optimizing phi
Optimizing branch lengths. Current phi: 0. Current nu:0.28729710391431706
Optimizing nu
Mstep runtime (s): 0.3959670066833496
Finished EM iter: 8. Current nllh: 9923.129881688397
Starting EM iter: 9
Estep
Estep runtime (s): 0.20035910606384277
Mstep
Optimizing phi
Optimizing branch lengths. Current phi: 0. Current nu:0.28734336861522575
Optimizing nu
Mstep runtime (s): 0.3674619197845459
Finished EM iter: 9. Current nllh: 9923.1280553598
Starting EM iter: 10
Estep
Estep runtime (s): 0.1984407901763916
Mstep
Optimizing phi
Optimizing branch lengths. Current phi: 0. Current nu:0.2873689899152549
Optimizing nu
Mstep runtime (s): 0.3756990432739258
Finished EM iter: 10. Current nllh: 9923.126711701576
Starting EM iter: 11
Estep
Estep runtime (s): 0.19808316230773926
Mstep
Optimizing phi
Optimizing branch lengths. Current phi: 0. Current nu:0.28738295476144055
Optimizing nu
Mstep runtime (s): 0.4404311180114746
Finished EM iter: 11. Current nllh: 9923.12566412446
Starting EM iter: 12
Estep
Estep runtime (s): 0.20070099830627441
Mstep
Optimizing phi
Optimizing branch lengths. Current phi: 0. Current nu:0.2873911556246324
Optimizing nu
Mstep runtime (s): 0.38776183128356934
Finished EM iter: 12. Current nllh: 9923.124853702706
Starting EM iter: 13
Estep
Estep runtime (s): 0.19983911514282227
Mstep
Optimizing phi
Optimizing branch lengths. Current phi: 0. Current nu:0.2873953793244697
Optimizing nu
Mstep runtime (s): 0.41556382179260254
Finished EM iter: 13. Current nllh: 9923.124202835452
Starting EM iter: 14
Estep
Estep runtime (s): 0.19918012619018555
Mstep
Optimizing phi
Optimizing branch lengths. Current phi: 0. Current nu:0.2873979162095855
Optimizing nu
Mstep runtime (s): 0.37169384956359863
Finished EM iter: 14. Current nllh: 9923.123684747043
Starting EM iter: 15
Estep
Estep runtime (s): 0.19971466064453125
Mstep
Optimizing phi
Optimizing branch lengths. Current phi: 0. Current nu:0.2873990330516553
Optimizing nu
Mstep runtime (s): 0.4544179439544678
Finished EM iter: 15. Current nllh: 9923.122844282345
Starting EM iter: 16
Estep
Estep runtime (s): 0.1989891529083252
Mstep
Optimizing phi
Optimizing branch lengths. Current phi: 0. Current nu:0.28740267476184356
Optimizing nu
Mstep runtime (s): 0.3804459571838379
Finished EM iter: 16. Current nllh: 9923.122814086877
EM finished after 16 iterations.
Optimal phi: 0. Optimal nu: 0.2874018378984541. Optimal nllh: 9923.122814086877
Optimal point found for initial point 1
Numerical optimization finished successfully
Tree height pre-scaling: 0.7367253419281042, input timescale: 1.0
Tree height after scaling: 1.0, mutation rate: 0.7367253419281042
Tree height pre-scaling: 0.7367253415678442, input timescale: 1.0
Tree height after scaling: 1.0, mutation rate: 0.7367253415678442
Tree height pre-scaling: 0.7367253421615257, input timescale: 1.0
Tree height after scaling: 1.0, mutation rate: 0.7367253421615257
Tree height pre-scaling: 0.7367253418573626, input timescale: 1.0
Tree height after scaling: 0.9999999999999998, mutation rate: 0.7367253418573626
Tree height pre-scaling: 0.7367253411291966, input timescale: 1.0
Tree height after scaling: 1.0, mutation rate: 0.7367253411291966
Tree height pre-scaling: 0.7367253425208729, input timescale: 1.0
Tree height after scaling: 0.9999999999999998, mutation rate: 0.7367253425208729
Tree height pre-scaling: 0.7367253422599161, input timescale: 1.0
Tree height after scaling: 1.0, mutation rate: 0.7367253422599161
Tree height pre-scaling: 0.7367253436991513, input timescale: 1.0
Tree height after scaling: 1.0, mutation rate: 0.7367253436991513
Runtime (s): 10.799310792
