Launching LAML version 0.0.4
LAML was called as follows: /Users/uym2/my_gits/LAML/run_laml.py -c ../../bar21/Bar21_character_matrix.txt -t place_outlier/augmented_tree_240.nwk -o place_outlier/augmented_tree_240_optimized -v -p ../../bar21/Bar21_priors.pickle --delimiter tab -m -1 --nInitials 1
Prior keys mismatch with site names.
Prior keys: [0, 1, 2, 3, 4, 5, 6, 7, 8, 9, 10, 11, 12, 13, 14, 15, 16, 17, 18, 19, 20, 21, 22, 23, 24, 25, 26, 27, 28]
Site names: ['r1', 'r2', 'r3', 'r4', 'r5', 'r6', 'r7', 'r8', 'r9', 'r10', 'r11', 'r12', 'r13', 'r14', 'r15', 'r16', 'r17', 'r18', 'r19', 'r20', 'r21', 'r22', 'r23', 'r24', 'r25', 'r26', 'r27', 'r28', 'r29', 'r30']
Attempting to infer mapping between site names and prior keys...
Not all site names are present in the dictionary. Trying offset...
Offset between input site names and prior keys is assumed to be 1
Missing priors at site r30, filling in uniform priors...
{'r1': 0, 'r2': 1, 'r3': 2, 'r4': 3, 'r5': 4, 'r6': 5, 'r7': 6, 'r8': 7, 'r9': 8, 'r10': 9, 'r11': 10, 'r12': 11, 'r13': 12, 'r14': 13, 'r15': 14, 'r16': 15, 'r17': 16, 'r18': 17, 'r19': 18, 'r20': 19, 'r21': 20, 'r22': 21, 'r23': 22, 'r24': 23, 'r25': 24, 'r26': 25, 'r27': 26, 'r28': 27, 'r29': 28, 'r30': 29}
Optimizing branch lengths, phi, and nu without topology search
Optimization by EM algorithm
Optimization start with 1 initials
Initial point 1. Random seed: 9110
Numerical optimization started with ultrametric constraint (default)
Initial phi: 0. Initial nu: 0.26955655566205877. Initial nllh: 11967.897713872215
Starting EM iter: 1
Estep
Estep runtime (s): 0.14708614349365234
Mstep
Optimizing phi
Optimizing branch lengths. Current phi: 0. Current nu:0.26955655566205877
Optimizing nu
Mstep runtime (s): 0.4864490032196045
Finished EM iter: 1. Current nllh: 9810.79509001334
Starting EM iter: 2
Estep
Estep runtime (s): 0.19760608673095703
Mstep
Optimizing phi
Optimizing branch lengths. Current phi: 0. Current nu:0.2725607915798485
Optimizing nu
Mstep runtime (s): 0.40336108207702637
Finished EM iter: 2. Current nllh: 9785.260267005946
Starting EM iter: 3
Estep
Estep runtime (s): 0.19772696495056152
Mstep
Optimizing phi
Optimizing branch lengths. Current phi: 0. Current nu:0.27051333370580927
Optimizing nu
Mstep runtime (s): 0.40498995780944824
Finished EM iter: 3. Current nllh: 9782.43080375354
Starting EM iter: 4
Estep
Estep runtime (s): 0.19966793060302734
Mstep
Optimizing phi
Optimizing branch lengths. Current phi: 0. Current nu:0.26870837203079007
Optimizing nu
Mstep runtime (s): 0.5014617443084717
Finished EM iter: 4. Current nllh: 9782.194328285072
Starting EM iter: 5
Estep
Estep runtime (s): 0.20292186737060547
Mstep
Optimizing phi
Optimizing branch lengths. Current phi: 0. Current nu:0.2680358327530724
Optimizing nu
Mstep runtime (s): 0.4030280113220215
Finished EM iter: 5. Current nllh: 9782.176468271378
Starting EM iter: 6
Estep
Estep runtime (s): 0.20082879066467285
Mstep
Optimizing phi
Optimizing branch lengths. Current phi: 0. Current nu:0.2678588100701791
Optimizing nu
Mstep runtime (s): 0.4360051155090332
Finished EM iter: 6. Current nllh: 9782.163741971424
Starting EM iter: 7
Estep
Estep runtime (s): 0.19845819473266602
Mstep
Optimizing phi
Optimizing branch lengths. Current phi: 0. Current nu:0.26783377354404403
Optimizing nu
Mstep runtime (s): 0.41907310485839844
Finished EM iter: 7. Current nllh: 9782.151940647109
Starting EM iter: 8
Estep
Estep runtime (s): 0.20026302337646484
Mstep
Optimizing phi
Optimizing branch lengths. Current phi: 0. Current nu:0.2678455290148542
Optimizing nu
Mstep runtime (s): 0.38981008529663086
Finished EM iter: 8. Current nllh: 9782.141584541978
Starting EM iter: 9
Estep
Estep runtime (s): 0.1975247859954834
Mstep
Optimizing phi
Optimizing branch lengths. Current phi: 0. Current nu:0.2678620765177339
Optimizing nu
Mstep runtime (s): 0.428189754486084
Finished EM iter: 9. Current nllh: 9782.132773015786
Starting EM iter: 10
Estep
Estep runtime (s): 0.1965339183807373
Mstep
Optimizing phi
Optimizing branch lengths. Current phi: 0. Current nu:0.267873125740156
Optimizing nu
Mstep runtime (s): 0.45801496505737305
Finished EM iter: 10. Current nllh: 9782.12506780303
Starting EM iter: 11
Estep
Estep runtime (s): 0.19952702522277832
Mstep
Optimizing phi
Optimizing branch lengths. Current phi: 0. Current nu:0.26788413970311925
Optimizing nu
Mstep runtime (s): 0.3874340057373047
Finished EM iter: 11. Current nllh: 9782.1181757424
Starting EM iter: 12
Estep
Estep runtime (s): 0.1960620880126953
Mstep
Optimizing phi
Optimizing branch lengths. Current phi: 0. Current nu:0.2678938508927486
Optimizing nu
Mstep runtime (s): 0.48549795150756836
Finished EM iter: 12. Current nllh: 9782.113393505078
Starting EM iter: 13
Estep
Estep runtime (s): 0.2048320770263672
Mstep
Optimizing phi
Optimizing branch lengths. Current phi: 0. Current nu:0.2678972270368932
Optimizing nu
Mstep runtime (s): 0.47617101669311523
Finished EM iter: 13. Current nllh: 9782.1120661485
Starting EM iter: 14
Estep
Estep runtime (s): 0.1969151496887207
Mstep
Optimizing phi
Optimizing branch lengths. Current phi: 0. Current nu:0.2678990771964575
Optimizing nu
Mstep runtime (s): 0.38512611389160156
Finished EM iter: 14. Current nllh: 9782.111293551268
Starting EM iter: 15
Estep
Estep runtime (s): 0.19869494438171387
Mstep
Optimizing phi
Optimizing branch lengths. Current phi: 0. Current nu:0.26790387171699437
Optimizing nu
Mstep runtime (s): 0.4024200439453125
Finished EM iter: 15. Current nllh: 9782.110721496363
Starting EM iter: 16
Estep
Estep runtime (s): 0.19985699653625488
Mstep
Optimizing phi
Optimizing branch lengths. Current phi: 0. Current nu:0.26790678315907607
Optimizing nu
Mstep runtime (s): 0.40434789657592773
Finished EM iter: 16. Current nllh: 9782.110272667771
Starting EM iter: 17
Estep
Estep runtime (s): 0.1984701156616211
Mstep
Optimizing phi
Optimizing branch lengths. Current phi: 0. Current nu:0.2679089742859921
Optimizing nu
Mstep runtime (s): 0.3897218704223633
Finished EM iter: 17. Current nllh: 9782.1099067838
Starting EM iter: 18
Estep
Estep runtime (s): 0.1962299346923828
Mstep
Optimizing phi
Optimizing branch lengths. Current phi: 0. Current nu:0.2679106436376092
Optimizing nu
Mstep runtime (s): 0.39490294456481934
Finished EM iter: 18. Current nllh: 9782.109621281536
Starting EM iter: 19
Estep
Estep runtime (s): 0.1962118148803711
Mstep
Optimizing phi
Optimizing branch lengths. Current phi: 0. Current nu:0.26791144794466887
Optimizing nu
Mstep runtime (s): 0.3984410762786865
Finished EM iter: 19. Current nllh: 9782.109393780607
Starting EM iter: 20
Estep
Estep runtime (s): 0.1961209774017334
Mstep
Optimizing phi
Optimizing branch lengths. Current phi: 0. Current nu:0.26791209568879665
Optimizing nu
Mstep runtime (s): 0.44201087951660156
Finished EM iter: 20. Current nllh: 9782.109179149156
Starting EM iter: 21
Estep
Estep runtime (s): 0.19598007202148438
Mstep
Optimizing phi
Optimizing branch lengths. Current phi: 0. Current nu:0.26791296702810646
Optimizing nu
Mstep runtime (s): 0.5158429145812988
Finished EM iter: 21. Current nllh: 9782.109114472809
EM finished after 21 iterations.
Optimal phi: 0. Optimal nu: 0.2679113756804648. Optimal nllh: 9782.109114472809
Optimal point found for initial point 1
Numerical optimization finished successfully
Tree height pre-scaling: 0.7441207716165297, input timescale: 1.0
Tree height after scaling: 1.0, mutation rate: 0.7441207716165297
Tree height pre-scaling: 0.7441207494531275, input timescale: 1.0
Tree height after scaling: 1.0, mutation rate: 0.7441207494531275
Tree height pre-scaling: 0.7441207869641386, input timescale: 1.0
Tree height after scaling: 0.9999999999999999, mutation rate: 0.7441207869641386
Tree height pre-scaling: 0.7441207683696639, input timescale: 1.0
Tree height after scaling: 1.0, mutation rate: 0.7441207683696639
Tree height pre-scaling: 0.7441207277229487, input timescale: 1.0
Tree height after scaling: 1.0, mutation rate: 0.7441207277229487
Tree height pre-scaling: 0.7441208135173589, input timescale: 1.0
Tree height after scaling: 1.0, mutation rate: 0.7441208135173589
Tree height pre-scaling: 0.7441208042797667, input timescale: 1.0
Tree height after scaling: 1.0, mutation rate: 0.7441208042797667
Tree height pre-scaling: 0.7441208899620402, input timescale: 1.0
Tree height after scaling: 1.0, mutation rate: 0.7441208899620402
Runtime (s): 14.663191917
