Launching LAML version 0.0.4
LAML was called as follows: /Users/uym2/my_gits/LAML/run_laml.py -c ../../bar21/Bar21_character_matrix.txt -t place_outlier/augmented_tree_150.nwk -o place_outlier/augmented_tree_150_optimized -v -p ../../bar21/Bar21_priors.pickle --delimiter tab -m -1 --nInitials 1
Prior keys mismatch with site names.
Prior keys: [0, 1, 2, 3, 4, 5, 6, 7, 8, 9, 10, 11, 12, 13, 14, 15, 16, 17, 18, 19, 20, 21, 22, 23, 24, 25, 26, 27, 28]
Site names: ['r1', 'r2', 'r3', 'r4', 'r5', 'r6', 'r7', 'r8', 'r9', 'r10', 'r11', 'r12', 'r13', 'r14', 'r15', 'r16', 'r17', 'r18', 'r19', 'r20', 'r21', 'r22', 'r23', 'r24', 'r25', 'r26', 'r27', 'r28', 'r29', 'r30']
Attempting to infer mapping between site names and prior keys...
Not all site names are present in the dictionary. Trying offset...
Offset between input site names and prior keys is assumed to be 1
Missing priors at site r30, filling in uniform priors...
{'r1': 0, 'r2': 1, 'r3': 2, 'r4': 3, 'r5': 4, 'r6': 5, 'r7': 6, 'r8': 7, 'r9': 8, 'r10': 9, 'r11': 10, 'r12': 11, 'r13': 12, 'r14': 13, 'r15': 14, 'r16': 15, 'r17': 16, 'r18': 17, 'r19': 18, 'r20': 19, 'r21': 20, 'r22': 21, 'r23': 22, 'r24': 23, 'r25': 24, 'r26': 25, 'r27': 26, 'r28': 27, 'r29': 28, 'r30': 29}
Optimizing branch lengths, phi, and nu without topology search
Optimization by EM algorithm
Optimization start with 1 initials
Initial point 1. Random seed: 6676
Numerical optimization started with ultrametric constraint (default)
Initial phi: 0. Initial nu: 0.26955655566205877. Initial nllh: 12370.21263975669
Starting EM iter: 1
Estep
Estep runtime (s): 0.1414928436279297
Mstep
Optimizing phi
Optimizing branch lengths. Current phi: 0. Current nu:0.26955655566205877
Optimizing nu
Mstep runtime (s): 0.42702317237854004
Finished EM iter: 1. Current nllh: 10260.96885409998
Starting EM iter: 2
Estep
Estep runtime (s): 0.19944405555725098
Mstep
Optimizing phi
Optimizing branch lengths. Current phi: 0. Current nu:0.27339166056173947
Optimizing nu
Mstep runtime (s): 0.4094991683959961
Finished EM iter: 2. Current nllh: 10236.77096136309
Starting EM iter: 3
Estep
Estep runtime (s): 0.19770598411560059
Mstep
Optimizing phi
Optimizing branch lengths. Current phi: 0. Current nu:0.2722155247129627
Optimizing nu
Mstep runtime (s): 0.44485926628112793
Finished EM iter: 3. Current nllh: 10234.538894124225
Starting EM iter: 4
Estep
Estep runtime (s): 0.19565486907958984
Mstep
Optimizing phi
Optimizing branch lengths. Current phi: 0. Current nu:0.2715173229154305
Optimizing nu
Mstep runtime (s): 0.45932698249816895
Finished EM iter: 4. Current nllh: 10234.223451176047
Starting EM iter: 5
Estep
Estep runtime (s): 0.19554567337036133
Mstep
Optimizing phi
Optimizing branch lengths. Current phi: 0. Current nu:0.271398945436409
Optimizing nu
Mstep runtime (s): 0.37535691261291504
Finished EM iter: 5. Current nllh: 10234.137220747398
Starting EM iter: 6
Estep
Estep runtime (s): 0.19596219062805176
Mstep
Optimizing phi
Optimizing branch lengths. Current phi: 0. Current nu:0.2714579327214571
Optimizing nu
Mstep runtime (s): 0.39781904220581055
Finished EM iter: 6. Current nllh: 10234.095587758802
Starting EM iter: 7
Estep
Estep runtime (s): 0.19572901725769043
Mstep
Optimizing phi
Optimizing branch lengths. Current phi: 0. Current nu:0.27154165211561637
Optimizing nu
Mstep runtime (s): 0.42528820037841797
Finished EM iter: 7. Current nllh: 10234.06968412958
Starting EM iter: 8
Estep
Estep runtime (s): 0.19491314888000488
Mstep
Optimizing phi
Optimizing branch lengths. Current phi: 0. Current nu:0.27161164886555095
Optimizing nu
Mstep runtime (s): 0.3988950252532959
Finished EM iter: 8. Current nllh: 10234.05254054315
Starting EM iter: 9
Estep
Estep runtime (s): 0.19535613059997559
Mstep
Optimizing phi
Optimizing branch lengths. Current phi: 0. Current nu:0.2716637366537664
Optimizing nu
Mstep runtime (s): 0.3723299503326416
Finished EM iter: 9. Current nllh: 10234.041413551804
Starting EM iter: 10
Estep
Estep runtime (s): 0.19494080543518066
Mstep
Optimizing phi
Optimizing branch lengths. Current phi: 0. Current nu:0.2717010262302258
Optimizing nu
Mstep runtime (s): 0.37166905403137207
Finished EM iter: 10. Current nllh: 10234.033856479638
Starting EM iter: 11
Estep
Estep runtime (s): 0.19524598121643066
Mstep
Optimizing phi
Optimizing branch lengths. Current phi: 0. Current nu:0.27172740605028295
Optimizing nu
Mstep runtime (s): 0.384876012802124
Finished EM iter: 11. Current nllh: 10234.028561089575
Starting EM iter: 12
Estep
Estep runtime (s): 0.19681191444396973
Mstep
Optimizing phi
Optimizing branch lengths. Current phi: 0. Current nu:0.2717464041116932
Optimizing nu
Mstep runtime (s): 0.4208190441131592
Finished EM iter: 12. Current nllh: 10234.024590984038
Starting EM iter: 13
Estep
Estep runtime (s): 0.19951891899108887
Mstep
Optimizing phi
Optimizing branch lengths. Current phi: 0. Current nu:0.27175993414204686
Optimizing nu
Mstep runtime (s): 0.3886229991912842
Finished EM iter: 13. Current nllh: 10234.022018873939
Starting EM iter: 14
Estep
Estep runtime (s): 0.19868898391723633
Mstep
Optimizing phi
Optimizing branch lengths. Current phi: 0. Current nu:0.2717705464545448
Optimizing nu
Mstep runtime (s): 0.36797428131103516
Finished EM iter: 14. Current nllh: 10234.019966340977
Starting EM iter: 15
Estep
Estep runtime (s): 0.19925570487976074
Mstep
Optimizing phi
Optimizing branch lengths. Current phi: 0. Current nu:0.271777924960059
Optimizing nu
Mstep runtime (s): 0.3811519145965576
Finished EM iter: 15. Current nllh: 10234.018437729921
Starting EM iter: 16
Estep
Estep runtime (s): 0.19889187812805176
Mstep
Optimizing phi
Optimizing branch lengths. Current phi: 0. Current nu:0.2717831038078675
Optimizing nu
Mstep runtime (s): 0.395097017288208
Finished EM iter: 16. Current nllh: 10234.017257293493
Starting EM iter: 17
Estep
Estep runtime (s): 0.19867491722106934
Mstep
Optimizing phi
Optimizing branch lengths. Current phi: 0. Current nu:0.2717874305361165
Optimizing nu
Mstep runtime (s): 0.4203829765319824
Finished EM iter: 17. Current nllh: 10234.016004137695
Starting EM iter: 18
Estep
Estep runtime (s): 0.19529318809509277
Mstep
Optimizing phi
Optimizing branch lengths. Current phi: 0. Current nu:0.2717915869842946
Optimizing nu
Mstep runtime (s): 0.3888881206512451
Finished EM iter: 18. Current nllh: 10234.015612085586
Starting EM iter: 19
Estep
Estep runtime (s): 0.19564199447631836
Mstep
Optimizing phi
Optimizing branch lengths. Current phi: 0. Current nu:0.2717929961371622
Optimizing nu
Mstep runtime (s): 0.4052727222442627
Finished EM iter: 19. Current nllh: 10234.015071340942
Starting EM iter: 20
Estep
Estep runtime (s): 0.19539403915405273
Mstep
Optimizing phi
Optimizing branch lengths. Current phi: 0. Current nu:0.27179426590295813
Optimizing nu
Mstep runtime (s): 0.4169929027557373
Finished EM iter: 20. Current nllh: 10234.01462895751
Starting EM iter: 21
Estep
Estep runtime (s): 0.19600772857666016
Mstep
Optimizing phi
Optimizing branch lengths. Current phi: 0. Current nu:0.27179542373235466
Optimizing nu
Mstep runtime (s): 0.38481974601745605
Finished EM iter: 21. Current nllh: 10234.01425789197
Starting EM iter: 22
Estep
Estep runtime (s): 0.19726109504699707
Mstep
Optimizing phi
Optimizing branch lengths. Current phi: 0. Current nu:0.27179661793131654
Optimizing nu
Mstep runtime (s): 0.42386627197265625
Finished EM iter: 22. Current nllh: 10234.013590855773
Starting EM iter: 23
Estep
Estep runtime (s): 0.19571399688720703
Mstep
Optimizing phi
Optimizing branch lengths. Current phi: 0. Current nu:0.2717985688559485
Optimizing nu
Mstep runtime (s): 0.37662291526794434
Finished EM iter: 23. Current nllh: 10234.01368764316
EM finished after 23 iterations.
Optimal phi: 0. Optimal nu: 0.2717984458408209. Optimal nllh: 10234.01368764316
Optimal point found for initial point 1
Numerical optimization finished successfully
Tree height pre-scaling: 0.7555120399722413, input timescale: 1.0
Tree height after scaling: 1.0, mutation rate: 0.7555120399722413
Tree height pre-scaling: 0.7555120399208366, input timescale: 1.0
Tree height after scaling: 1.0, mutation rate: 0.7555120399208366
Tree height pre-scaling: 0.7555120399972979, input timescale: 1.0
Tree height after scaling: 1.0000000000000002, mutation rate: 0.7555120399972979
Tree height pre-scaling: 0.7555120399585196, input timescale: 1.0
Tree height after scaling: 1.0, mutation rate: 0.7555120399585196
Tree height pre-scaling: 0.7555120398650659, input timescale: 1.0
Tree height after scaling: 1.0, mutation rate: 0.7555120398650659
Tree height pre-scaling: 0.7555120401094514, input timescale: 1.0
Tree height after scaling: 1.0, mutation rate: 0.7555120401094514
Tree height pre-scaling: 0.755512040035871, input timescale: 1.0
Tree height after scaling: 0.9999999999999999, mutation rate: 0.755512040035871
Tree height pre-scaling: 0.7555120405032506, input timescale: 1.0
Tree height after scaling: 1.0, mutation rate: 0.7555120405032506
Runtime (s): 15.332788666
