Launching LAML version 0.0.4
LAML was called as follows: /Users/uym2/my_gits/LAML/run_laml.py -c ../../bar21/Bar21_character_matrix.txt -t place_outlier/augmented_tree_200.nwk -o place_outlier/augmented_tree_200_optimized -v -p ../../bar21/Bar21_priors.pickle --delimiter tab -m -1 --nInitials 1
Prior keys mismatch with site names.
Prior keys: [0, 1, 2, 3, 4, 5, 6, 7, 8, 9, 10, 11, 12, 13, 14, 15, 16, 17, 18, 19, 20, 21, 22, 23, 24, 25, 26, 27, 28]
Site names: ['r1', 'r2', 'r3', 'r4', 'r5', 'r6', 'r7', 'r8', 'r9', 'r10', 'r11', 'r12', 'r13', 'r14', 'r15', 'r16', 'r17', 'r18', 'r19', 'r20', 'r21', 'r22', 'r23', 'r24', 'r25', 'r26', 'r27', 'r28', 'r29', 'r30']
Attempting to infer mapping between site names and prior keys...
Not all site names are present in the dictionary. Trying offset...
Offset between input site names and prior keys is assumed to be 1
Missing priors at site r30, filling in uniform priors...
{'r1': 0, 'r2': 1, 'r3': 2, 'r4': 3, 'r5': 4, 'r6': 5, 'r7': 6, 'r8': 7, 'r9': 8, 'r10': 9, 'r11': 10, 'r12': 11, 'r13': 12, 'r14': 13, 'r15': 14, 'r16': 15, 'r17': 16, 'r18': 17, 'r19': 18, 'r20': 19, 'r21': 20, 'r22': 21, 'r23': 22, 'r24': 23, 'r25': 24, 'r26': 25, 'r27': 26, 'r28': 27, 'r29': 28, 'r30': 29}
Optimizing branch lengths, phi, and nu without topology search
Optimization by EM algorithm
Optimization start with 1 initials
Initial point 1. Random seed: 7738
Numerical optimization started with ultrametric constraint (default)
Initial phi: 0. Initial nu: 0.26955655566205877. Initial nllh: 12103.006251833727
Starting EM iter: 1
Estep
Estep runtime (s): 0.1441202163696289
Mstep
Optimizing phi
Optimizing branch lengths. Current phi: 0. Current nu:0.26955655566205877
Optimizing nu
Mstep runtime (s): 0.4791538715362549
Finished EM iter: 1. Current nllh: 9900.924467948085
Starting EM iter: 2
Estep
Estep runtime (s): 0.19754505157470703
Mstep
Optimizing phi
Optimizing branch lengths. Current phi: 0. Current nu:0.2828594866358637
Optimizing nu
Mstep runtime (s): 0.3736147880554199
Finished EM iter: 2. Current nllh: 9872.839395354895
Starting EM iter: 3
Estep
Estep runtime (s): 0.19787287712097168
Mstep
Optimizing phi
Optimizing branch lengths. Current phi: 0. Current nu:0.28591602453335213
Optimizing nu
Mstep runtime (s): 0.42223310470581055
Finished EM iter: 3. Current nllh: 9869.87466041755
Starting EM iter: 4
Estep
Estep runtime (s): 0.1970839500427246
Mstep
Optimizing phi
Optimizing branch lengths. Current phi: 0. Current nu:0.2862566660701465
Optimizing nu
Mstep runtime (s): 0.42694997787475586
Finished EM iter: 4. Current nllh: 9869.60291469787
Starting EM iter: 5
Estep
Estep runtime (s): 0.1975569725036621
Mstep
Optimizing phi
Optimizing branch lengths. Current phi: 0. Current nu:0.2864438936485684
Optimizing nu
Mstep runtime (s): 0.39247703552246094
Finished EM iter: 5. Current nllh: 9869.588219281308
Starting EM iter: 6
Estep
Estep runtime (s): 0.19782304763793945
Mstep
Optimizing phi
Optimizing branch lengths. Current phi: 0. Current nu:0.28662071438720604
Optimizing nu
Mstep runtime (s): 0.4059469699859619
Finished EM iter: 6. Current nllh: 9869.583195118692
Starting EM iter: 7
Estep
Estep runtime (s): 0.19765615463256836
Mstep
Optimizing phi
Optimizing branch lengths. Current phi: 0. Current nu:0.28675087567791596
Optimizing nu
Mstep runtime (s): 0.408527135848999
Finished EM iter: 7. Current nllh: 9869.57980375797
Starting EM iter: 8
Estep
Estep runtime (s): 0.19777202606201172
Mstep
Optimizing phi
Optimizing branch lengths. Current phi: 0. Current nu:0.2868297806517234
Optimizing nu
Mstep runtime (s): 0.42008209228515625
Finished EM iter: 8. Current nllh: 9869.577395461483
Starting EM iter: 9
Estep
Estep runtime (s): 0.19712400436401367
Mstep
Optimizing phi
Optimizing branch lengths. Current phi: 0. Current nu:0.2868746368119254
Optimizing nu
Mstep runtime (s): 0.4582390785217285
Finished EM iter: 9. Current nllh: 9869.575596838873
Starting EM iter: 10
Estep
Estep runtime (s): 0.19816207885742188
Mstep
Optimizing phi
Optimizing branch lengths. Current phi: 0. Current nu:0.28689976940137224
Optimizing nu
Mstep runtime (s): 0.4722909927368164
Finished EM iter: 10. Current nllh: 9869.574317835015
Starting EM iter: 11
Estep
Estep runtime (s): 0.19885587692260742
Mstep
Optimizing phi
Optimizing branch lengths. Current phi: 0. Current nu:0.2869137758283506
Optimizing nu
Mstep runtime (s): 0.41582417488098145
Finished EM iter: 11. Current nllh: 9869.57328671113
Starting EM iter: 12
Estep
Estep runtime (s): 0.1987450122833252
Mstep
Optimizing phi
Optimizing branch lengths. Current phi: 0. Current nu:0.28692154772251666
Optimizing nu
Mstep runtime (s): 0.4169950485229492
Finished EM iter: 12. Current nllh: 9869.572487546186
Starting EM iter: 13
Estep
Estep runtime (s): 0.19759202003479004
Mstep
Optimizing phi
Optimizing branch lengths. Current phi: 0. Current nu:0.28692556446042183
Optimizing nu
Mstep runtime (s): 0.42023491859436035
Finished EM iter: 13. Current nllh: 9869.571851347213
Starting EM iter: 14
Estep
Estep runtime (s): 0.19826483726501465
Mstep
Optimizing phi
Optimizing branch lengths. Current phi: 0. Current nu:0.2869278066990378
Optimizing nu
Mstep runtime (s): 0.39698100090026855
Finished EM iter: 14. Current nllh: 9869.57131940264
Starting EM iter: 15
Estep
Estep runtime (s): 0.1985480785369873
Mstep
Optimizing phi
Optimizing branch lengths. Current phi: 0. Current nu:0.28692940794958866
Optimizing nu
Mstep runtime (s): 0.43520689010620117
Finished EM iter: 15. Current nllh: 9869.570873148867
Starting EM iter: 16
Estep
Estep runtime (s): 0.19834399223327637
Mstep
Optimizing phi
Optimizing branch lengths. Current phi: 0. Current nu:0.2869303592400073
Optimizing nu
Mstep runtime (s): 0.4807589054107666
Finished EM iter: 16. Current nllh: 9869.570323503282
Starting EM iter: 17
Estep
Estep runtime (s): 0.20113515853881836
Mstep
Optimizing phi
Optimizing branch lengths. Current phi: 0. Current nu:0.2869319835761075
Optimizing nu
Mstep runtime (s): 0.4135410785675049
Finished EM iter: 17. Current nllh: 9869.570176709323
Starting EM iter: 18
Estep
Estep runtime (s): 0.20122909545898438
Mstep
Optimizing phi
Optimizing branch lengths. Current phi: 0. Current nu:0.28693173532656074
Optimizing nu
Mstep runtime (s): 0.4042351245880127
Finished EM iter: 18. Current nllh: 9869.569910708266
Starting EM iter: 19
Estep
Estep runtime (s): 0.19804167747497559
Mstep
Optimizing phi
Optimizing branch lengths. Current phi: 0. Current nu:0.28693193837813397
Optimizing nu
Mstep runtime (s): 0.40903186798095703
Finished EM iter: 19. Current nllh: 9869.56968641587
Starting EM iter: 20
Estep
Estep runtime (s): 0.19811606407165527
Mstep
Optimizing phi
Optimizing branch lengths. Current phi: 0. Current nu:0.286932039344784
Optimizing nu
Mstep runtime (s): 0.4122889041900635
Finished EM iter: 20. Current nllh: 9869.569502454042
Starting EM iter: 21
Estep
Estep runtime (s): 0.20112013816833496
Mstep
Optimizing phi
Optimizing branch lengths. Current phi: 0. Current nu:0.28693194330958166
Optimizing nu
Mstep runtime (s): 0.423861026763916
Finished EM iter: 21. Current nllh: 9869.569331459894
Starting EM iter: 22
Estep
Estep runtime (s): 0.19832992553710938
Mstep
Optimizing phi
Optimizing branch lengths. Current phi: 0. Current nu:0.28693218152178396
Optimizing nu
Mstep runtime (s): 0.41846179962158203
Finished EM iter: 22. Current nllh: 9869.569192550383
Starting EM iter: 23
Estep
Estep runtime (s): 0.19762206077575684
Mstep
Optimizing phi
Optimizing branch lengths. Current phi: 0. Current nu:0.2869321213812532
Optimizing nu
Mstep runtime (s): 0.40773916244506836
Finished EM iter: 23. Current nllh: 9869.569047806735
Starting EM iter: 24
Estep
Estep runtime (s): 0.19876813888549805
Mstep
Optimizing phi
Optimizing branch lengths. Current phi: 0. Current nu:0.28693276053318384
Optimizing nu
Mstep runtime (s): 0.43718504905700684
Finished EM iter: 24. Current nllh: 9869.56864844349
Starting EM iter: 25
Estep
Estep runtime (s): 0.20028996467590332
Mstep
Optimizing phi
Optimizing branch lengths. Current phi: 0. Current nu:0.2869344370557576
Optimizing nu
Mstep runtime (s): 0.40406107902526855
Finished EM iter: 25. Current nllh: 9869.568810508772
Starting EM iter: 26
Estep
Estep runtime (s): 0.19796490669250488
Mstep
Optimizing phi
Optimizing branch lengths. Current phi: 0. Current nu:0.2869333989281389
Optimizing nu
Mstep runtime (s): 0.44299793243408203
Finished EM iter: 26. Current nllh: 9869.568745020491
EM finished after 26 iterations.
Optimal phi: 0. Optimal nu: 0.28693295942867936. Optimal nllh: 9869.568745020491
Optimal point found for initial point 1
Numerical optimization finished successfully
Tree height pre-scaling: 0.7355784004936486, input timescale: 1.0
Tree height after scaling: 0.9999999999999999, mutation rate: 0.7355784004936486
Tree height pre-scaling: 0.7355784004108741, input timescale: 1.0
Tree height after scaling: 1.0, mutation rate: 0.7355784004108741
Tree height pre-scaling: 0.7355784005601498, input timescale: 1.0
Tree height after scaling: 1.0, mutation rate: 0.7355784005601498
Tree height pre-scaling: 0.735578400483682, input timescale: 1.0
Tree height after scaling: 1.0, mutation rate: 0.735578400483682
Tree height pre-scaling: 0.7355784002983142, input timescale: 1.0
Tree height after scaling: 1.0, mutation rate: 0.7355784002983142
Tree height pre-scaling: 0.7355784006586504, input timescale: 1.0
Tree height after scaling: 1.0, mutation rate: 0.7355784006586504
Tree height pre-scaling: 0.7355784005907473, input timescale: 1.0
Tree height after scaling: 0.9999999999999998, mutation rate: 0.7355784005907473
Tree height pre-scaling: 0.7355784009312032, input timescale: 1.0
Tree height after scaling: 1.0, mutation rate: 0.7355784009312032
Runtime (s): 17.913653791
