Launching LAML version 0.0.4
LAML was called as follows: /Users/uym2/my_gits/LAML/run_laml.py -c ../../bar21/Bar21_character_matrix.txt -t place_outlier/augmented_tree_328.nwk -o place_outlier/augmented_tree_328_optimized -v -p ../../bar21/Bar21_priors.pickle --delimiter tab -m -1 --nInitials 1
Prior keys mismatch with site names.
Prior keys: [0, 1, 2, 3, 4, 5, 6, 7, 8, 9, 10, 11, 12, 13, 14, 15, 16, 17, 18, 19, 20, 21, 22, 23, 24, 25, 26, 27, 28]
Site names: ['r1', 'r2', 'r3', 'r4', 'r5', 'r6', 'r7', 'r8', 'r9', 'r10', 'r11', 'r12', 'r13', 'r14', 'r15', 'r16', 'r17', 'r18', 'r19', 'r20', 'r21', 'r22', 'r23', 'r24', 'r25', 'r26', 'r27', 'r28', 'r29', 'r30']
Attempting to infer mapping between site names and prior keys...
Not all site names are present in the dictionary. Trying offset...
Offset between input site names and prior keys is assumed to be 1
Missing priors at site r30, filling in uniform priors...
{'r1': 0, 'r2': 1, 'r3': 2, 'r4': 3, 'r5': 4, 'r6': 5, 'r7': 6, 'r8': 7, 'r9': 8, 'r10': 9, 'r11': 10, 'r12': 11, 'r13': 12, 'r14': 13, 'r15': 14, 'r16': 15, 'r17': 16, 'r18': 17, 'r19': 18, 'r20': 19, 'r21': 20, 'r22': 21, 'r23': 22, 'r24': 23, 'r25': 24, 'r26': 25, 'r27': 26, 'r28': 27, 'r29': 28, 'r30': 29}
Optimizing branch lengths, phi, and nu without topology search
Optimization by EM algorithm
Optimization start with 1 initials
Initial point 1. Random seed: 8006
Numerical optimization started with ultrametric constraint (default)
Initial phi: 0. Initial nu: 0.26955655566205877. Initial nllh: 11844.011704370629
Starting EM iter: 1
Estep
Estep runtime (s): 0.14797377586364746
Mstep
Optimizing phi
Optimizing branch lengths. Current phi: 0. Current nu:0.26955655566205877
Optimizing nu
Mstep runtime (s): 0.5217938423156738
Finished EM iter: 1. Current nllh: 9783.00997504862
Starting EM iter: 2
Estep
Estep runtime (s): 0.199753999710083
Mstep
Optimizing phi
Optimizing branch lengths. Current phi: 0. Current nu:0.26678651938252873
Optimizing nu
Mstep runtime (s): 0.4009549617767334
Finished EM iter: 2. Current nllh: 9762.374670761958
Starting EM iter: 3
Estep
Estep runtime (s): 0.20104289054870605
Mstep
Optimizing phi
Optimizing branch lengths. Current phi: 0. Current nu:0.2633506687491745
Optimizing nu
Mstep runtime (s): 0.4715240001678467
Finished EM iter: 3. Current nllh: 9761.453062242133
Starting EM iter: 4
Estep
Estep runtime (s): 0.20006823539733887
Mstep
Optimizing phi
Optimizing branch lengths. Current phi: 0. Current nu:0.2621057727392832
Optimizing nu
Mstep runtime (s): 0.361738920211792
Finished EM iter: 4. Current nllh: 9761.359047604046
Starting EM iter: 5
Estep
Estep runtime (s): 0.19878697395324707
Mstep
Optimizing phi
Optimizing branch lengths. Current phi: 0. Current nu:0.261881719679293
Optimizing nu
Mstep runtime (s): 0.3852071762084961
Finished EM iter: 5. Current nllh: 9761.332463352954
Starting EM iter: 6
Estep
Estep runtime (s): 0.1994190216064453
Mstep
Optimizing phi
Optimizing branch lengths. Current phi: 0. Current nu:0.2619191808465053
Optimizing nu
Mstep runtime (s): 0.43267321586608887
Finished EM iter: 6. Current nllh: 9761.31760865081
Starting EM iter: 7
Estep
Estep runtime (s): 0.19814491271972656
Mstep
Optimizing phi
Optimizing branch lengths. Current phi: 0. Current nu:0.2619963876904437
Optimizing nu
Mstep runtime (s): 0.3661620616912842
Finished EM iter: 7. Current nllh: 9761.30852057425
Starting EM iter: 8
Estep
Estep runtime (s): 0.19658493995666504
Mstep
Optimizing phi
Optimizing branch lengths. Current phi: 0. Current nu:0.2620612009812664
Optimizing nu
Mstep runtime (s): 0.38356804847717285
Finished EM iter: 8. Current nllh: 9761.302800033161
Starting EM iter: 9
Estep
Estep runtime (s): 0.1981830596923828
Mstep
Optimizing phi
Optimizing branch lengths. Current phi: 0. Current nu:0.2621080199522276
Optimizing nu
Mstep runtime (s): 0.382127046585083
Finished EM iter: 9. Current nllh: 9761.299071923171
Starting EM iter: 10
Estep
Estep runtime (s): 0.1983048915863037
Mstep
Optimizing phi
Optimizing branch lengths. Current phi: 0. Current nu:0.26214105025079903
Optimizing nu
Mstep runtime (s): 0.40848827362060547
Finished EM iter: 10. Current nllh: 9761.296547287242
Starting EM iter: 11
Estep
Estep runtime (s): 0.19945096969604492
Mstep
Optimizing phi
Optimizing branch lengths. Current phi: 0. Current nu:0.262164059889786
Optimizing nu
Mstep runtime (s): 0.4128589630126953
Finished EM iter: 11. Current nllh: 9761.294757678848
Starting EM iter: 12
Estep
Estep runtime (s): 0.20005202293395996
Mstep
Optimizing phi
Optimizing branch lengths. Current phi: 0. Current nu:0.2621797887857177
Optimizing nu
Mstep runtime (s): 0.43085694313049316
Finished EM iter: 12. Current nllh: 9761.293481769706
Starting EM iter: 13
Estep
Estep runtime (s): 0.19693589210510254
Mstep
Optimizing phi
Optimizing branch lengths. Current phi: 0. Current nu:0.2621919352633438
Optimizing nu
Mstep runtime (s): 0.5385551452636719
Finished EM iter: 13. Current nllh: 9761.292423337216
Starting EM iter: 14
Estep
Estep runtime (s): 0.1969611644744873
Mstep
Optimizing phi
Optimizing branch lengths. Current phi: 0. Current nu:0.2621997844655957
Optimizing nu
Mstep runtime (s): 0.3651750087738037
Finished EM iter: 14. Current nllh: 9761.291751773933
Starting EM iter: 15
Estep
Estep runtime (s): 0.19730591773986816
Mstep
Optimizing phi
Optimizing branch lengths. Current phi: 0. Current nu:0.26220640675888857
Optimizing nu
Mstep runtime (s): 0.3729531764984131
Finished EM iter: 15. Current nllh: 9761.291122463645
Starting EM iter: 16
Estep
Estep runtime (s): 0.19733977317810059
Mstep
Optimizing phi
Optimizing branch lengths. Current phi: 0. Current nu:0.2622112803992559
Optimizing nu
Mstep runtime (s): 0.38140010833740234
Finished EM iter: 16. Current nllh: 9761.29063850005
Starting EM iter: 17
Estep
Estep runtime (s): 0.2029569149017334
Mstep
Optimizing phi
Optimizing branch lengths. Current phi: 0. Current nu:0.2622143003634519
Optimizing nu
Mstep runtime (s): 0.396726131439209
Finished EM iter: 17. Current nllh: 9761.290244761518
Starting EM iter: 18
Estep
Estep runtime (s): 0.19842290878295898
Mstep
Optimizing phi
Optimizing branch lengths. Current phi: 0. Current nu:0.26221682538858093
Optimizing nu
Mstep runtime (s): 0.40132594108581543
Finished EM iter: 18. Current nllh: 9761.289922521832
Starting EM iter: 19
Estep
Estep runtime (s): 0.20378923416137695
Mstep
Optimizing phi
Optimizing branch lengths. Current phi: 0. Current nu:0.2622184832276413
Optimizing nu
Mstep runtime (s): 0.3890519142150879
Finished EM iter: 19. Current nllh: 9761.289645967026
Starting EM iter: 20
Estep
Estep runtime (s): 0.19826102256774902
Mstep
Optimizing phi
Optimizing branch lengths. Current phi: 0. Current nu:0.2622200050288188
Optimizing nu
Mstep runtime (s): 0.5286290645599365
Finished EM iter: 20. Current nllh: 9761.289362197156
Starting EM iter: 21
Estep
Estep runtime (s): 0.20557165145874023
Mstep
Optimizing phi
Optimizing branch lengths. Current phi: 0. Current nu:0.2622198678160818
Optimizing nu
Mstep runtime (s): 0.4079098701477051
Finished EM iter: 21. Current nllh: 9761.28926011485
Starting EM iter: 22
Estep
Estep runtime (s): 0.20022225379943848
Mstep
Optimizing phi
Optimizing branch lengths. Current phi: 0. Current nu:0.2622213123779634
Optimizing nu
Mstep runtime (s): 0.40069103240966797
Finished EM iter: 22. Current nllh: 9761.289075151379
Starting EM iter: 23
Estep
Estep runtime (s): 0.19740509986877441
Mstep
Optimizing phi
Optimizing branch lengths. Current phi: 0. Current nu:0.26222199594933154
Optimizing nu
Mstep runtime (s): 0.37223386764526367
Finished EM iter: 23. Current nllh: 9761.288926264953
Starting EM iter: 24
Estep
Estep runtime (s): 0.19789910316467285
Mstep
Optimizing phi
Optimizing branch lengths. Current phi: 0. Current nu:0.2622224895723647
Optimizing nu
Mstep runtime (s): 0.4435861110687256
Finished EM iter: 24. Current nllh: 9761.28870047204
Starting EM iter: 25
Estep
Estep runtime (s): 0.1977710723876953
Mstep
Optimizing phi
Optimizing branch lengths. Current phi: 0. Current nu:0.2622221973407948
Optimizing nu
Mstep runtime (s): 0.3893880844116211
Finished EM iter: 25. Current nllh: 9761.288700367835
EM finished after 25 iterations.
Optimal phi: 0. Optimal nu: 0.26222343916384305. Optimal nllh: 9761.288700367835
Optimal point found for initial point 1
Numerical optimization finished successfully
Tree height pre-scaling: 0.7367768227500365, input timescale: 1.0
Tree height after scaling: 1.0, mutation rate: 0.7367768227500365
Tree height pre-scaling: 0.7367768227136159, input timescale: 1.0
Tree height after scaling: 1.0, mutation rate: 0.7367768227136159
Tree height pre-scaling: 0.7367768228869247, input timescale: 1.0
Tree height after scaling: 1.0, mutation rate: 0.7367768228869247
Tree height pre-scaling: 0.7367768228696393, input timescale: 1.0
Tree height after scaling: 1.0000000000000002, mutation rate: 0.7367768228696393
Tree height pre-scaling: 0.7367768229896202, input timescale: 1.0
Tree height after scaling: 1.0, mutation rate: 0.7367768229896202
Tree height pre-scaling: 0.7367768227445939, input timescale: 1.0
Tree height after scaling: 1.0, mutation rate: 0.7367768227445939
Tree height pre-scaling: 0.7367768227266243, input timescale: 1.0
Tree height after scaling: 1.0, mutation rate: 0.7367768227266243
Tree height pre-scaling: 0.736776822782125, input timescale: 1.0
Tree height after scaling: 1.0, mutation rate: 0.736776822782125
Runtime (s): 17.01391925
