Launching LAML version 0.0.4
LAML was called as follows: /Users/uym2/my_gits/LAML/run_laml.py -c ../../bar21/Bar21_character_matrix.txt -t place_outlier/augmented_tree_129.nwk -o place_outlier/augmented_tree_129_optimized -v -p ../../bar21/Bar21_priors.pickle --delimiter tab -m -1 --nInitials 1
Prior keys mismatch with site names.
Prior keys: [0, 1, 2, 3, 4, 5, 6, 7, 8, 9, 10, 11, 12, 13, 14, 15, 16, 17, 18, 19, 20, 21, 22, 23, 24, 25, 26, 27, 28]
Site names: ['r1', 'r2', 'r3', 'r4', 'r5', 'r6', 'r7', 'r8', 'r9', 'r10', 'r11', 'r12', 'r13', 'r14', 'r15', 'r16', 'r17', 'r18', 'r19', 'r20', 'r21', 'r22', 'r23', 'r24', 'r25', 'r26', 'r27', 'r28', 'r29', 'r30']
Attempting to infer mapping between site names and prior keys...
Not all site names are present in the dictionary. Trying offset...
Offset between input site names and prior keys is assumed to be 1
Missing priors at site r30, filling in uniform priors...
{'r1': 0, 'r2': 1, 'r3': 2, 'r4': 3, 'r5': 4, 'r6': 5, 'r7': 6, 'r8': 7, 'r9': 8, 'r10': 9, 'r11': 10, 'r12': 11, 'r13': 12, 'r14': 13, 'r15': 14, 'r16': 15, 'r17': 16, 'r18': 17, 'r19': 18, 'r20': 19, 'r21': 20, 'r22': 21, 'r23': 22, 'r24': 23, 'r25': 24, 'r26': 25, 'r27': 26, 'r28': 27, 'r29': 28, 'r30': 29}
Optimizing branch lengths, phi, and nu without topology search
Optimization by EM algorithm
Optimization start with 1 initials
Initial point 1. Random seed: 1549
Numerical optimization started with ultrametric constraint (default)
Initial phi: 0. Initial nu: 0.26955655566205877. Initial nllh: 12493.497824092337
Starting EM iter: 1
Estep
Estep runtime (s): 0.14697027206420898
Mstep
Optimizing phi
Optimizing branch lengths. Current phi: 0. Current nu:0.26955655566205877
Optimizing nu
Mstep runtime (s): 0.40333104133605957
Finished EM iter: 1. Current nllh: 10324.74296252655
Starting EM iter: 2
Estep
Estep runtime (s): 0.1929609775543213
Mstep
Optimizing phi
Optimizing branch lengths. Current phi: 0. Current nu:0.275423166748906
Optimizing nu
Mstep runtime (s): 0.4393141269683838
Finished EM iter: 2. Current nllh: 10297.431187089023
Starting EM iter: 3
Estep
Estep runtime (s): 0.19512224197387695
Mstep
Optimizing phi
Optimizing branch lengths. Current phi: 0. Current nu:0.274345235407758
Optimizing nu
Mstep runtime (s): 0.4878721237182617
Finished EM iter: 3. Current nllh: 10295.075344231782
Starting EM iter: 4
Estep
Estep runtime (s): 0.19434714317321777
Mstep
Optimizing phi
Optimizing branch lengths. Current phi: 0. Current nu:0.2736120326169308
Optimizing nu
Mstep runtime (s): 0.43066978454589844
Finished EM iter: 4. Current nllh: 10294.749881704582
Starting EM iter: 5
Estep
Estep runtime (s): 0.19368505477905273
Mstep
Optimizing phi
Optimizing branch lengths. Current phi: 0. Current nu:0.2734754843221165
Optimizing nu
Mstep runtime (s): 0.38669490814208984
Finished EM iter: 5. Current nllh: 10294.66474703758
Starting EM iter: 6
Estep
Estep runtime (s): 0.1956329345703125
Mstep
Optimizing phi
Optimizing branch lengths. Current phi: 0. Current nu:0.27352427313755484
Optimizing nu
Mstep runtime (s): 0.39795708656311035
Finished EM iter: 6. Current nllh: 10294.626182118598
Starting EM iter: 7
Estep
Estep runtime (s): 0.195296049118042
Mstep
Optimizing phi
Optimizing branch lengths. Current phi: 0. Current nu:0.2736018998763693
Optimizing nu
Mstep runtime (s): 0.4930839538574219
Finished EM iter: 7. Current nllh: 10294.602421945141
Starting EM iter: 8
Estep
Estep runtime (s): 0.1998121738433838
Mstep
Optimizing phi
Optimizing branch lengths. Current phi: 0. Current nu:0.27366669091491763
Optimizing nu
Mstep runtime (s): 0.44327712059020996
Finished EM iter: 8. Current nllh: 10294.58630867018
Starting EM iter: 9
Estep
Estep runtime (s): 0.19939923286437988
Mstep
Optimizing phi
Optimizing branch lengths. Current phi: 0. Current nu:0.27371651301683153
Optimizing nu
Mstep runtime (s): 0.42371296882629395
Finished EM iter: 9. Current nllh: 10294.574834009187
Starting EM iter: 10
Estep
Estep runtime (s): 0.1997203826904297
Mstep
Optimizing phi
Optimizing branch lengths. Current phi: 0. Current nu:0.2737527081956071
Optimizing nu
Mstep runtime (s): 0.44070005416870117
Finished EM iter: 10. Current nllh: 10294.570325368933
Starting EM iter: 11
Estep
Estep runtime (s): 0.19352388381958008
Mstep
Optimizing phi
Optimizing branch lengths. Current phi: 0. Current nu:0.2737768325440466
Optimizing nu
Mstep runtime (s): 0.4084639549255371
Finished EM iter: 11. Current nllh: 10294.569453652823
Starting EM iter: 12
Estep
Estep runtime (s): 0.19529318809509277
Mstep
Optimizing phi
Optimizing branch lengths. Current phi: 0. Current nu:0.2737931335422633
Optimizing nu
Mstep runtime (s): 0.3981800079345703
Finished EM iter: 12. Current nllh: 10294.568838420275
Starting EM iter: 13
Estep
Estep runtime (s): 0.20064210891723633
Mstep
Optimizing phi
Optimizing branch lengths. Current phi: 0. Current nu:0.2738060020879026
Optimizing nu
Mstep runtime (s): 0.4549131393432617
Finished EM iter: 13. Current nllh: 10294.568150514106
Starting EM iter: 14
Estep
Estep runtime (s): 0.19945406913757324
Mstep
Optimizing phi
Optimizing branch lengths. Current phi: 0. Current nu:0.2738147333397164
Optimizing nu
Mstep runtime (s): 0.4226720333099365
Finished EM iter: 14. Current nllh: 10294.568125647773
EM finished after 14 iterations.
Optimal phi: 0. Optimal nu: 0.2738230008432154. Optimal nllh: 10294.568125647773
Optimal point found for initial point 1
Numerical optimization finished successfully
Tree height pre-scaling: 0.7568639465097181, input timescale: 1.0
Tree height after scaling: 1.0, mutation rate: 0.7568639465097181
Tree height pre-scaling: 0.7568639465004539, input timescale: 1.0
Tree height after scaling: 1.0, mutation rate: 0.7568639465004539
Tree height pre-scaling: 0.7568639465137869, input timescale: 1.0
Tree height after scaling: 1.0, mutation rate: 0.7568639465137869
Tree height pre-scaling: 0.7568639465071715, input timescale: 1.0
Tree height after scaling: 0.9999999999999998, mutation rate: 0.7568639465071715
Tree height pre-scaling: 0.7568639464916135, input timescale: 1.0
Tree height after scaling: 1.0, mutation rate: 0.7568639464916135
Tree height pre-scaling: 0.7568639465317495, input timescale: 1.0
Tree height after scaling: 0.9999999999999999, mutation rate: 0.7568639465317495
Tree height pre-scaling: 0.7568639465198992, input timescale: 1.0
Tree height after scaling: 0.9999999999999999, mutation rate: 0.7568639465198992
Tree height pre-scaling: 0.7568639466109415, input timescale: 1.0
Tree height after scaling: 1.0, mutation rate: 0.7568639466109415
Runtime (s): 9.885708125
