Launching LAML version 0.0.4
LAML was called as follows: /Users/uym2/my_gits/LAML/run_laml.py -c ../../bar21/Bar21_character_matrix.txt -t place_outlier/augmented_tree_139.nwk -o place_outlier/augmented_tree_139_optimized -v -p ../../bar21/Bar21_priors.pickle --delimiter tab -m -1 --nInitials 1
Prior keys mismatch with site names.
Prior keys: [0, 1, 2, 3, 4, 5, 6, 7, 8, 9, 10, 11, 12, 13, 14, 15, 16, 17, 18, 19, 20, 21, 22, 23, 24, 25, 26, 27, 28]
Site names: ['r1', 'r2', 'r3', 'r4', 'r5', 'r6', 'r7', 'r8', 'r9', 'r10', 'r11', 'r12', 'r13', 'r14', 'r15', 'r16', 'r17', 'r18', 'r19', 'r20', 'r21', 'r22', 'r23', 'r24', 'r25', 'r26', 'r27', 'r28', 'r29', 'r30']
Attempting to infer mapping between site names and prior keys...
Not all site names are present in the dictionary. Trying offset...
Offset between input site names and prior keys is assumed to be 1
Missing priors at site r30, filling in uniform priors...
{'r1': 0, 'r2': 1, 'r3': 2, 'r4': 3, 'r5': 4, 'r6': 5, 'r7': 6, 'r8': 7, 'r9': 8, 'r10': 9, 'r11': 10, 'r12': 11, 'r13': 12, 'r14': 13, 'r15': 14, 'r16': 15, 'r17': 16, 'r18': 17, 'r19': 18, 'r20': 19, 'r21': 20, 'r22': 21, 'r23': 22, 'r24': 23, 'r25': 24, 'r26': 25, 'r27': 26, 'r28': 27, 'r29': 28, 'r30': 29}
Optimizing branch lengths, phi, and nu without topology search
Optimization by EM algorithm
Optimization start with 1 initials
Initial point 1. Random seed: 2868
Numerical optimization started with ultrametric constraint (default)
Initial phi: 0. Initial nu: 0.26955655566205877. Initial nllh: 12243.006443085082
Starting EM iter: 1
Estep
Estep runtime (s): 0.14852213859558105
Mstep
Optimizing phi
Optimizing branch lengths. Current phi: 0. Current nu:0.26955655566205877
Optimizing nu
Mstep runtime (s): 0.4914088249206543
Finished EM iter: 1. Current nllh: 10140.686972100093
Starting EM iter: 2
Estep
Estep runtime (s): 0.20072007179260254
Mstep
Optimizing phi
Optimizing branch lengths. Current phi: 0. Current nu:0.271748382308419
Optimizing nu
Mstep runtime (s): 0.45836591720581055
Finished EM iter: 2. Current nllh: 10116.496616762295
Starting EM iter: 3
Estep
Estep runtime (s): 0.20017504692077637
Mstep
Optimizing phi
Optimizing branch lengths. Current phi: 0. Current nu:0.27004384018820665
Optimizing nu
Mstep runtime (s): 0.39258313179016113
Finished EM iter: 3. Current nllh: 10114.285259267705
Starting EM iter: 4
Estep
Estep runtime (s): 0.2003650665283203
Mstep
Optimizing phi
Optimizing branch lengths. Current phi: 0. Current nu:0.26916664357227804
Optimizing nu
Mstep runtime (s): 0.4280991554260254
Finished EM iter: 4. Current nllh: 10113.979266878036
Starting EM iter: 5
Estep
Estep runtime (s): 0.20152902603149414
Mstep
Optimizing phi
Optimizing branch lengths. Current phi: 0. Current nu:0.2689867955489333
Optimizing nu
Mstep runtime (s): 0.4413297176361084
Finished EM iter: 5. Current nllh: 10113.902708999516
Starting EM iter: 6
Estep
Estep runtime (s): 0.2024397850036621
Mstep
Optimizing phi
Optimizing branch lengths. Current phi: 0. Current nu:0.2690195182422193
Optimizing nu
Mstep runtime (s): 0.4772059917449951
Finished EM iter: 6. Current nllh: 10113.869578575617
Starting EM iter: 7
Estep
Estep runtime (s): 0.20206594467163086
Mstep
Optimizing phi
Optimizing branch lengths. Current phi: 0. Current nu:0.2690905430120734
Optimizing nu
Mstep runtime (s): 0.39644885063171387
Finished EM iter: 7. Current nllh: 10113.850566375893
Starting EM iter: 8
Estep
Estep runtime (s): 0.20290589332580566
Mstep
Optimizing phi
Optimizing branch lengths. Current phi: 0. Current nu:0.26915361068758653
Optimizing nu
Mstep runtime (s): 0.3987398147583008
Finished EM iter: 8. Current nllh: 10113.838202771427
Starting EM iter: 9
Estep
Estep runtime (s): 0.20345497131347656
Mstep
Optimizing phi
Optimizing branch lengths. Current phi: 0. Current nu:0.2692009212461938
Optimizing nu
Mstep runtime (s): 0.4022488594055176
Finished EM iter: 9. Current nllh: 10113.830358807147
Starting EM iter: 10
Estep
Estep runtime (s): 0.20426106452941895
Mstep
Optimizing phi
Optimizing branch lengths. Current phi: 0. Current nu:0.269235086759537
Optimizing nu
Mstep runtime (s): 0.3966331481933594
Finished EM iter: 10. Current nllh: 10113.82496946012
Starting EM iter: 11
Estep
Estep runtime (s): 0.20531916618347168
Mstep
Optimizing phi
Optimizing branch lengths. Current phi: 0. Current nu:0.269259686953841
Optimizing nu
Mstep runtime (s): 0.3978240489959717
Finished EM iter: 11. Current nllh: 10113.821175392806
Starting EM iter: 12
Estep
Estep runtime (s): 0.20327496528625488
Mstep
Optimizing phi
Optimizing branch lengths. Current phi: 0. Current nu:0.26927729240585246
Optimizing nu
Mstep runtime (s): 0.38285303115844727
Finished EM iter: 12. Current nllh: 10113.818457383484
Starting EM iter: 13
Estep
Estep runtime (s): 0.20057082176208496
Mstep
Optimizing phi
Optimizing branch lengths. Current phi: 0. Current nu:0.2692897927374609
Optimizing nu
Mstep runtime (s): 0.4060039520263672
Finished EM iter: 13. Current nllh: 10113.816447530424
Starting EM iter: 14
Estep
Estep runtime (s): 0.20122504234313965
Mstep
Optimizing phi
Optimizing branch lengths. Current phi: 0. Current nu:0.2692993243027866
Optimizing nu
Mstep runtime (s): 0.41892218589782715
Finished EM iter: 14. Current nllh: 10113.814941836194
Starting EM iter: 15
Estep
Estep runtime (s): 0.20127177238464355
Mstep
Optimizing phi
Optimizing branch lengths. Current phi: 0. Current nu:0.269306228679245
Optimizing nu
Mstep runtime (s): 0.4387359619140625
Finished EM iter: 15. Current nllh: 10113.813451206834
Starting EM iter: 16
Estep
Estep runtime (s): 0.20142292976379395
Mstep
Optimizing phi
Optimizing branch lengths. Current phi: 0. Current nu:0.26931123135494667
Optimizing nu
Mstep runtime (s): 0.40456295013427734
Finished EM iter: 16. Current nllh: 10113.812919894495
Starting EM iter: 17
Estep
Estep runtime (s): 0.2027578353881836
Mstep
Optimizing phi
Optimizing branch lengths. Current phi: 0. Current nu:0.2693150286360634
Optimizing nu
Mstep runtime (s): 0.40114378929138184
Finished EM iter: 17. Current nllh: 10113.812227013657
Starting EM iter: 18
Estep
Estep runtime (s): 0.20268487930297852
Mstep
Optimizing phi
Optimizing branch lengths. Current phi: 0. Current nu:0.269317877798574
Optimizing nu
Mstep runtime (s): 0.3866901397705078
Finished EM iter: 18. Current nllh: 10113.8116778163
Starting EM iter: 19
Estep
Estep runtime (s): 0.2018120288848877
Mstep
Optimizing phi
Optimizing branch lengths. Current phi: 0. Current nu:0.2693199896730013
Optimizing nu
Mstep runtime (s): 0.37857508659362793
Finished EM iter: 19. Current nllh: 10113.81125034382
Starting EM iter: 20
Estep
Estep runtime (s): 0.20181727409362793
Mstep
Optimizing phi
Optimizing branch lengths. Current phi: 0. Current nu:0.2693212822556914
Optimizing nu
Mstep runtime (s): 0.39885807037353516
Finished EM iter: 20. Current nllh: 10113.810907813471
Starting EM iter: 21
Estep
Estep runtime (s): 0.2012789249420166
Mstep
Optimizing phi
Optimizing branch lengths. Current phi: 0. Current nu:0.2693223492125384
Optimizing nu
Mstep runtime (s): 0.39441895484924316
Finished EM iter: 21. Current nllh: 10113.81060621225
Starting EM iter: 22
Estep
Estep runtime (s): 0.20223593711853027
Mstep
Optimizing phi
Optimizing branch lengths. Current phi: 0. Current nu:0.2693237302763159
Optimizing nu
Mstep runtime (s): 0.3839101791381836
Finished EM iter: 22. Current nllh: 10113.810372284373
Starting EM iter: 23
Estep
Estep runtime (s): 0.20109319686889648
Mstep
Optimizing phi
Optimizing branch lengths. Current phi: 0. Current nu:0.2693241710713329
Optimizing nu
Mstep runtime (s): 0.4801297187805176
Finished EM iter: 23. Current nllh: 10113.809753575657
Starting EM iter: 24
Estep
Estep runtime (s): 0.2048790454864502
Mstep
Optimizing phi
Optimizing branch lengths. Current phi: 0. Current nu:0.2693244872237031
Optimizing nu
Mstep runtime (s): 0.39870786666870117
Finished EM iter: 24. Current nllh: 10113.810031903275
Starting EM iter: 25
Estep
Estep runtime (s): 0.20172405242919922
Mstep
Optimizing phi
Optimizing branch lengths. Current phi: 0. Current nu:0.2693250342306982
Optimizing nu
Mstep runtime (s): 0.40673303604125977
Finished EM iter: 25. Current nllh: 10113.809890407392
Starting EM iter: 26
Estep
Estep runtime (s): 0.20901703834533691
Mstep
Optimizing phi
Optimizing branch lengths. Current phi: 0. Current nu:0.2693254923861631
Optimizing nu
Mstep runtime (s): 0.41507506370544434
Finished EM iter: 26. Current nllh: 10113.809779541822
Starting EM iter: 27
Estep
Estep runtime (s): 0.20511174201965332
Mstep
Optimizing phi
Optimizing branch lengths. Current phi: 0. Current nu:0.2693256281964679
Optimizing nu
Mstep runtime (s): 0.39580488204956055
Finished EM iter: 27. Current nllh: 10113.809689912976
EM finished after 27 iterations.
Optimal phi: 0. Optimal nu: 0.26932571857732757. Optimal nllh: 10113.809689912976
Optimal point found for initial point 1
Numerical optimization finished successfully
Tree height pre-scaling: 0.7527506404956383, input timescale: 1.0
Tree height after scaling: 1.0, mutation rate: 0.7527506404956383
Tree height pre-scaling: 0.7527506403845835, input timescale: 1.0
Tree height after scaling: 1.0, mutation rate: 0.7527506403845835
Tree height pre-scaling: 0.7527506405609682, input timescale: 1.0
Tree height after scaling: 1.0000000000000002, mutation rate: 0.7527506405609682
Tree height pre-scaling: 0.7527506404737179, input timescale: 1.0
Tree height after scaling: 1.0, mutation rate: 0.7527506404737179
Tree height pre-scaling: 0.7527506402661182, input timescale: 1.0
Tree height after scaling: 0.9999999999999999, mutation rate: 0.7527506402661182
Tree height pre-scaling: 0.7527506407988648, input timescale: 1.0
Tree height after scaling: 1.0, mutation rate: 0.7527506407988648
Tree height pre-scaling: 0.752750640665006, input timescale: 1.0
Tree height after scaling: 1.0, mutation rate: 0.752750640665006
Tree height pre-scaling: 0.752750641270986, input timescale: 1.0
Tree height after scaling: 1.0, mutation rate: 0.752750641270986
Runtime (s): 18.478076333
