Launching LAML version 0.0.4
LAML was called as follows: /Users/uym2/my_gits/LAML/run_laml.py -c ../../bar21/Bar21_character_matrix.txt -t place_outlier/augmented_tree_226.nwk -o place_outlier/augmented_tree_226_optimized -v -p ../../bar21/Bar21_priors.pickle --delimiter tab -m -1 --nInitials 1
Prior keys mismatch with site names.
Prior keys: [0, 1, 2, 3, 4, 5, 6, 7, 8, 9, 10, 11, 12, 13, 14, 15, 16, 17, 18, 19, 20, 21, 22, 23, 24, 25, 26, 27, 28]
Site names: ['r1', 'r2', 'r3', 'r4', 'r5', 'r6', 'r7', 'r8', 'r9', 'r10', 'r11', 'r12', 'r13', 'r14', 'r15', 'r16', 'r17', 'r18', 'r19', 'r20', 'r21', 'r22', 'r23', 'r24', 'r25', 'r26', 'r27', 'r28', 'r29', 'r30']
Attempting to infer mapping between site names and prior keys...
Not all site names are present in the dictionary. Trying offset...
Offset between input site names and prior keys is assumed to be 1
Missing priors at site r30, filling in uniform priors...
{'r1': 0, 'r2': 1, 'r3': 2, 'r4': 3, 'r5': 4, 'r6': 5, 'r7': 6, 'r8': 7, 'r9': 8, 'r10': 9, 'r11': 10, 'r12': 11, 'r13': 12, 'r14': 13, 'r15': 14, 'r16': 15, 'r17': 16, 'r18': 17, 'r19': 18, 'r20': 19, 'r21': 20, 'r22': 21, 'r23': 22, 'r24': 23, 'r25': 24, 'r26': 25, 'r27': 26, 'r28': 27, 'r29': 28, 'r30': 29}
Optimizing branch lengths, phi, and nu without topology search
Optimization by EM algorithm
Optimization start with 1 initials
Initial point 1. Random seed: 1720
Numerical optimization started with ultrametric constraint (default)
Initial phi: 0. Initial nu: 0.26955655566205877. Initial nllh: 11784.00320671095
Starting EM iter: 1
Estep
Estep runtime (s): 0.14317798614501953
Mstep
Optimizing phi
Optimizing branch lengths. Current phi: 0. Current nu:0.26955655566205877
Optimizing nu
Mstep runtime (s): 0.45039892196655273
Finished EM iter: 1. Current nllh: 9806.80856306702
Starting EM iter: 2
Estep
Estep runtime (s): 0.19738197326660156
Mstep
Optimizing phi
Optimizing branch lengths. Current phi: 0. Current nu:0.2697578221457634
Optimizing nu
Mstep runtime (s): 0.4384129047393799
Finished EM iter: 2. Current nllh: 9780.919811438498
Starting EM iter: 3
Estep
Estep runtime (s): 0.19865989685058594
Mstep
Optimizing phi
Optimizing branch lengths. Current phi: 0. Current nu:0.2676536462017874
Optimizing nu
Mstep runtime (s): 0.3926968574523926
Finished EM iter: 3. Current nllh: 9778.072762116017
Starting EM iter: 4
Estep
Estep runtime (s): 0.1977519989013672
Mstep
Optimizing phi
Optimizing branch lengths. Current phi: 0. Current nu:0.2662175376584275
Optimizing nu
Mstep runtime (s): 0.37766098976135254
Finished EM iter: 4. Current nllh: 9777.837903343934
Starting EM iter: 5
Estep
Estep runtime (s): 0.20032620429992676
Mstep
Optimizing phi
Optimizing branch lengths. Current phi: 0. Current nu:0.265820387204715
Optimizing nu
Mstep runtime (s): 0.3946371078491211
Finished EM iter: 5. Current nllh: 9777.823957142007
Starting EM iter: 6
Estep
Estep runtime (s): 0.20340299606323242
Mstep
Optimizing phi
Optimizing branch lengths. Current phi: 0. Current nu:0.26580558568802276
Optimizing nu
Mstep runtime (s): 0.3890531063079834
Finished EM iter: 6. Current nllh: 9777.817795349976
Starting EM iter: 7
Estep
Estep runtime (s): 0.19849324226379395
Mstep
Optimizing phi
Optimizing branch lengths. Current phi: 0. Current nu:0.2658703705965068
Optimizing nu
Mstep runtime (s): 0.4011838436126709
Finished EM iter: 7. Current nllh: 9777.81320973828
Starting EM iter: 8
Estep
Estep runtime (s): 0.19819998741149902
Mstep
Optimizing phi
Optimizing branch lengths. Current phi: 0. Current nu:0.26593028114640377
Optimizing nu
Mstep runtime (s): 0.4417440891265869
Finished EM iter: 8. Current nllh: 9777.809906805476
Starting EM iter: 9
Estep
Estep runtime (s): 0.20638012886047363
Mstep
Optimizing phi
Optimizing branch lengths. Current phi: 0. Current nu:0.26597208067531064
Optimizing nu
Mstep runtime (s): 0.4547429084777832
Finished EM iter: 9. Current nllh: 9777.80760810445
Starting EM iter: 10
Estep
Estep runtime (s): 0.20134496688842773
Mstep
Optimizing phi
Optimizing branch lengths. Current phi: 0. Current nu:0.26599834890771046
Optimizing nu
Mstep runtime (s): 0.4233982563018799
Finished EM iter: 10. Current nllh: 9777.805851424739
Starting EM iter: 11
Estep
Estep runtime (s): 0.19999408721923828
Mstep
Optimizing phi
Optimizing branch lengths. Current phi: 0. Current nu:0.2660174123105717
Optimizing nu
Mstep runtime (s): 0.4252200126647949
Finished EM iter: 11. Current nllh: 9777.804574892396
Starting EM iter: 12
Estep
Estep runtime (s): 0.1994616985321045
Mstep
Optimizing phi
Optimizing branch lengths. Current phi: 0. Current nu:0.26602819784251125
Optimizing nu
Mstep runtime (s): 0.4439389705657959
Finished EM iter: 12. Current nllh: 9777.803631604327
Starting EM iter: 13
Estep
Estep runtime (s): 0.19994091987609863
Mstep
Optimizing phi
Optimizing branch lengths. Current phi: 0. Current nu:0.26603513175535354
Optimizing nu
Mstep runtime (s): 0.3966057300567627
Finished EM iter: 13. Current nllh: 9777.802806884534
Starting EM iter: 14
Estep
Estep runtime (s): 0.20484018325805664
Mstep
Optimizing phi
Optimizing branch lengths. Current phi: 0. Current nu:0.2660423038976392
Optimizing nu
Mstep runtime (s): 0.4207611083984375
Finished EM iter: 14. Current nllh: 9777.802162503747
Starting EM iter: 15
Estep
Estep runtime (s): 0.2012181282043457
Mstep
Optimizing phi
Optimizing branch lengths. Current phi: 0. Current nu:0.2660446116172229
Optimizing nu
Mstep runtime (s): 0.42096686363220215
Finished EM iter: 15. Current nllh: 9777.801696974253
Starting EM iter: 16
Estep
Estep runtime (s): 0.20226478576660156
Mstep
Optimizing phi
Optimizing branch lengths. Current phi: 0. Current nu:0.26604700635207595
Optimizing nu
Mstep runtime (s): 0.3941030502319336
Finished EM iter: 16. Current nllh: 9777.801265727108
Starting EM iter: 17
Estep
Estep runtime (s): 0.20716190338134766
Mstep
Optimizing phi
Optimizing branch lengths. Current phi: 0. Current nu:0.26605072604721036
Optimizing nu
Mstep runtime (s): 0.42241907119750977
Finished EM iter: 17. Current nllh: 9777.800857337234
Starting EM iter: 18
Estep
Estep runtime (s): 0.20600581169128418
Mstep
Optimizing phi
Optimizing branch lengths. Current phi: 0. Current nu:0.2660531418315376
Optimizing nu
Mstep runtime (s): 0.37950778007507324
Finished EM iter: 18. Current nllh: 9777.800552090466
Starting EM iter: 19
Estep
Estep runtime (s): 0.19875502586364746
Mstep
Optimizing phi
Optimizing branch lengths. Current phi: 0. Current nu:0.26605440493871135
Optimizing nu
Mstep runtime (s): 0.4498789310455322
Finished EM iter: 19. Current nllh: 9777.800386981959
Starting EM iter: 20
Estep
Estep runtime (s): 0.2004990577697754
Mstep
Optimizing phi
Optimizing branch lengths. Current phi: 0. Current nu:0.2660530706134957
Optimizing nu
Mstep runtime (s): 0.4261291027069092
Finished EM iter: 20. Current nllh: 9777.800204207093
Starting EM iter: 21
Estep
Estep runtime (s): 0.20464301109313965
Mstep
Optimizing phi
Optimizing branch lengths. Current phi: 0. Current nu:0.26605298582912457
Optimizing nu
Mstep runtime (s): 0.4156160354614258
Finished EM iter: 21. Current nllh: 9777.800007351232
Starting EM iter: 22
Estep
Estep runtime (s): 0.20220422744750977
Mstep
Optimizing phi
Optimizing branch lengths. Current phi: 0. Current nu:0.2660553209354798
Optimizing nu
Mstep runtime (s): 0.39489221572875977
Finished EM iter: 22. Current nllh: 9777.799801139072
Starting EM iter: 23
Estep
Estep runtime (s): 0.20249485969543457
Mstep
Optimizing phi
Optimizing branch lengths. Current phi: 0. Current nu:0.2660563563946199
Optimizing nu
Mstep runtime (s): 0.4460940361022949
Finished EM iter: 23. Current nllh: 9777.799652888103
Starting EM iter: 24
Estep
Estep runtime (s): 0.20632600784301758
Mstep
Optimizing phi
Optimizing branch lengths. Current phi: 0. Current nu:0.26605690431529827
Optimizing nu
Mstep runtime (s): 0.5089988708496094
Finished EM iter: 24. Current nllh: 9777.799528626398
Starting EM iter: 25
Estep
Estep runtime (s): 0.20099306106567383
Mstep
Optimizing phi
Optimizing branch lengths. Current phi: 0. Current nu:0.266057381193105
Optimizing nu
Mstep runtime (s): 0.43895912170410156
Finished EM iter: 25. Current nllh: 9777.799499619274
EM finished after 25 iterations.
Optimal phi: 0. Optimal nu: 0.26605541037141656. Optimal nllh: 9777.799499619274
Optimal point found for initial point 1
Numerical optimization finished successfully
Tree height pre-scaling: 0.7434871743929318, input timescale: 1.0
Tree height after scaling: 1.0, mutation rate: 0.7434871743929318
Tree height pre-scaling: 0.7434871448283282, input timescale: 1.0
Tree height after scaling: 1.0, mutation rate: 0.7434871448283282
Tree height pre-scaling: 0.7434871936392743, input timescale: 1.0
Tree height after scaling: 1.0, mutation rate: 0.7434871936392743
Tree height pre-scaling: 0.7434871694496208, input timescale: 1.0
Tree height after scaling: 1.0, mutation rate: 0.7434871694496208
Tree height pre-scaling: 0.7434871169901056, input timescale: 1.0
Tree height after scaling: 1.0, mutation rate: 0.7434871169901056
Tree height pre-scaling: 0.7434872277128155, input timescale: 1.0
Tree height after scaling: 1.0, mutation rate: 0.7434872277128155
Tree height pre-scaling: 0.7434872236999616, input timescale: 1.0
Tree height after scaling: 0.9999999999999998, mutation rate: 0.7434872236999616
Tree height pre-scaling: 0.7434872915111818, input timescale: 1.0
Tree height after scaling: 1.0, mutation rate: 0.7434872915111818
Runtime (s): 17.29614925
