Launching LAML version 0.0.4
LAML was called as follows: /Users/uym2/my_gits/LAML/run_laml.py -c ../../bar21/Bar21_character_matrix.txt -t place_outlier/augmented_tree_158.nwk -o place_outlier/augmented_tree_158_optimized -v -p ../../bar21/Bar21_priors.pickle --delimiter tab -m -1 --nInitials 1
Prior keys mismatch with site names.
Prior keys: [0, 1, 2, 3, 4, 5, 6, 7, 8, 9, 10, 11, 12, 13, 14, 15, 16, 17, 18, 19, 20, 21, 22, 23, 24, 25, 26, 27, 28]
Site names: ['r1', 'r2', 'r3', 'r4', 'r5', 'r6', 'r7', 'r8', 'r9', 'r10', 'r11', 'r12', 'r13', 'r14', 'r15', 'r16', 'r17', 'r18', 'r19', 'r20', 'r21', 'r22', 'r23', 'r24', 'r25', 'r26', 'r27', 'r28', 'r29', 'r30']
Attempting to infer mapping between site names and prior keys...
Not all site names are present in the dictionary. Trying offset...
Offset between input site names and prior keys is assumed to be 1
Missing priors at site r30, filling in uniform priors...
{'r1': 0, 'r2': 1, 'r3': 2, 'r4': 3, 'r5': 4, 'r6': 5, 'r7': 6, 'r8': 7, 'r9': 8, 'r10': 9, 'r11': 10, 'r12': 11, 'r13': 12, 'r14': 13, 'r15': 14, 'r16': 15, 'r17': 16, 'r18': 17, 'r19': 18, 'r20': 19, 'r21': 20, 'r22': 21, 'r23': 22, 'r24': 23, 'r25': 24, 'r26': 25, 'r27': 26, 'r28': 27, 'r29': 28, 'r30': 29}
Optimizing branch lengths, phi, and nu without topology search
Optimization by EM algorithm
Optimization start with 1 initials
Initial point 1. Random seed: 711
Numerical optimization started with ultrametric constraint (default)
Initial phi: 0. Initial nu: 0.26955655566205877. Initial nllh: 11954.448538507599
Starting EM iter: 1
Estep
Estep runtime (s): 0.14196991920471191
Mstep
Optimizing phi
Optimizing branch lengths. Current phi: 0. Current nu:0.26955655566205877
Optimizing nu
Mstep runtime (s): 0.4478421211242676
Finished EM iter: 1. Current nllh: 9840.438956369719
Starting EM iter: 2
Estep
Estep runtime (s): 0.19535589218139648
Mstep
Optimizing phi
Optimizing branch lengths. Current phi: 0. Current nu:0.2677328246892692
Optimizing nu
Mstep runtime (s): 0.4435598850250244
Finished EM iter: 2. Current nllh: 9813.196478518741
Starting EM iter: 3
Estep
Estep runtime (s): 0.1980910301208496
Mstep
Optimizing phi
Optimizing branch lengths. Current phi: 0. Current nu:0.2655509618060874
Optimizing nu
Mstep runtime (s): 0.39838480949401855
Finished EM iter: 3. Current nllh: 9810.20357015579
Starting EM iter: 4
Estep
Estep runtime (s): 0.19829607009887695
Mstep
Optimizing phi
Optimizing branch lengths. Current phi: 0. Current nu:0.26423517568436045
Optimizing nu
Mstep runtime (s): 0.4335291385650635
Finished EM iter: 4. Current nllh: 9809.947095011865
Starting EM iter: 5
Estep
Estep runtime (s): 0.1962130069732666
Mstep
Optimizing phi
Optimizing branch lengths. Current phi: 0. Current nu:0.2639200488158152
Optimizing nu
Mstep runtime (s): 0.4459497928619385
Finished EM iter: 5. Current nllh: 9809.92741351779
Starting EM iter: 6
Estep
Estep runtime (s): 0.19598889350891113
Mstep
Optimizing phi
Optimizing branch lengths. Current phi: 0. Current nu:0.26394445454861204
Optimizing nu
Mstep runtime (s): 0.3968789577484131
Finished EM iter: 6. Current nllh: 9809.919848472351
Starting EM iter: 7
Estep
Estep runtime (s): 0.19623589515686035
Mstep
Optimizing phi
Optimizing branch lengths. Current phi: 0. Current nu:0.26402661865776644
Optimizing nu
Mstep runtime (s): 0.4063601493835449
Finished EM iter: 7. Current nllh: 9809.914929284767
Starting EM iter: 8
Estep
Estep runtime (s): 0.19653010368347168
Mstep
Optimizing phi
Optimizing branch lengths. Current phi: 0. Current nu:0.2640933952875472
Optimizing nu
Mstep runtime (s): 0.3910531997680664
Finished EM iter: 8. Current nllh: 9809.911571717894
Starting EM iter: 9
Estep
Estep runtime (s): 0.19605207443237305
Mstep
Optimizing phi
Optimizing branch lengths. Current phi: 0. Current nu:0.26413816034978144
Optimizing nu
Mstep runtime (s): 0.452578067779541
Finished EM iter: 9. Current nllh: 9809.909234110302
Starting EM iter: 10
Estep
Estep runtime (s): 0.19687294960021973
Mstep
Optimizing phi
Optimizing branch lengths. Current phi: 0. Current nu:0.2641664805352564
Optimizing nu
Mstep runtime (s): 0.4007298946380615
Finished EM iter: 10. Current nllh: 9809.90754986337
Starting EM iter: 11
Estep
Estep runtime (s): 0.19763517379760742
Mstep
Optimizing phi
Optimizing branch lengths. Current phi: 0. Current nu:0.26418477749404845
Optimizing nu
Mstep runtime (s): 0.4528961181640625
Finished EM iter: 11. Current nllh: 9809.906340312144
Starting EM iter: 12
Estep
Estep runtime (s): 0.1969127655029297
Mstep
Optimizing phi
Optimizing branch lengths. Current phi: 0. Current nu:0.26419606913711546
Optimizing nu
Mstep runtime (s): 0.38826417922973633
Finished EM iter: 12. Current nllh: 9809.9053479698
Starting EM iter: 13
Estep
Estep runtime (s): 0.1973249912261963
Mstep
Optimizing phi
Optimizing branch lengths. Current phi: 0. Current nu:0.2642044371230815
Optimizing nu
Mstep runtime (s): 0.44251585006713867
Finished EM iter: 13. Current nllh: 9809.904561905536
Starting EM iter: 14
Estep
Estep runtime (s): 0.19969987869262695
Mstep
Optimizing phi
Optimizing branch lengths. Current phi: 0. Current nu:0.26421006090549776
Optimizing nu
Mstep runtime (s): 0.4623606204986572
Finished EM iter: 14. Current nllh: 9809.903945113922
Starting EM iter: 15
Estep
Estep runtime (s): 0.19823789596557617
Mstep
Optimizing phi
Optimizing branch lengths. Current phi: 0. Current nu:0.2642139875841859
Optimizing nu
Mstep runtime (s): 0.4403879642486572
Finished EM iter: 15. Current nllh: 9809.903423783213
Starting EM iter: 16
Estep
Estep runtime (s): 0.19683098793029785
Mstep
Optimizing phi
Optimizing branch lengths. Current phi: 0. Current nu:0.26421726217763425
Optimizing nu
Mstep runtime (s): 0.4475560188293457
Finished EM iter: 16. Current nllh: 9809.903053391095
Starting EM iter: 17
Estep
Estep runtime (s): 0.1987171173095703
Mstep
Optimizing phi
Optimizing branch lengths. Current phi: 0. Current nu:0.2642181106528857
Optimizing nu
Mstep runtime (s): 0.4408259391784668
Finished EM iter: 17. Current nllh: 9809.902707145413
Starting EM iter: 18
Estep
Estep runtime (s): 0.20046401023864746
Mstep
Optimizing phi
Optimizing branch lengths. Current phi: 0. Current nu:0.2642194845349803
Optimizing nu
Mstep runtime (s): 0.509782075881958
Finished EM iter: 18. Current nllh: 9809.902485117313
Starting EM iter: 19
Estep
Estep runtime (s): 0.19663119316101074
Mstep
Optimizing phi
Optimizing branch lengths. Current phi: 0. Current nu:0.2642204176623688
Optimizing nu
Mstep runtime (s): 0.45735597610473633
Finished EM iter: 19. Current nllh: 9809.902202309482
Starting EM iter: 20
Estep
Estep runtime (s): 0.19665789604187012
Mstep
Optimizing phi
Optimizing branch lengths. Current phi: 0. Current nu:0.2642215695419075
Optimizing nu
Mstep runtime (s): 0.4156160354614258
Finished EM iter: 20. Current nllh: 9809.90199529552
Starting EM iter: 21
Estep
Estep runtime (s): 0.20074820518493652
Mstep
Optimizing phi
Optimizing branch lengths. Current phi: 0. Current nu:0.2642220918883423
Optimizing nu
Mstep runtime (s): 0.45290184020996094
Finished EM iter: 21. Current nllh: 9809.901862037537
Starting EM iter: 22
Estep
Estep runtime (s): 0.1983318328857422
Mstep
Optimizing phi
Optimizing branch lengths. Current phi: 0. Current nu:0.26422256739969974
Optimizing nu
Mstep runtime (s): 0.47414588928222656
Finished EM iter: 22. Current nllh: 9809.901681893572
Starting EM iter: 23
Estep
Estep runtime (s): 0.20397114753723145
Mstep
Optimizing phi
Optimizing branch lengths. Current phi: 0. Current nu:0.26422303470934816
Optimizing nu
Mstep runtime (s): 0.48541903495788574
Finished EM iter: 23. Current nllh: 9809.901568542155
Starting EM iter: 24
Estep
Estep runtime (s): 0.19804883003234863
Mstep
Optimizing phi
Optimizing branch lengths. Current phi: 0. Current nu:0.26422264035526466
Optimizing nu
Mstep runtime (s): 0.45189690589904785
Finished EM iter: 24. Current nllh: 9809.901465268029
Starting EM iter: 25
Estep
Estep runtime (s): 0.1975409984588623
Mstep
Optimizing phi
Optimizing branch lengths. Current phi: 0. Current nu:0.26422279026544504
Optimizing nu
Mstep runtime (s): 0.49695706367492676
Finished EM iter: 25. Current nllh: 9809.901391508947
EM finished after 25 iterations.
Optimal phi: 0. Optimal nu: 0.26422324820272836. Optimal nllh: 9809.901391508947
Optimal point found for initial point 1
Numerical optimization finished successfully
Tree height pre-scaling: 0.7437037485576928, input timescale: 1.0
Tree height after scaling: 1.0, mutation rate: 0.7437037485576928
Tree height pre-scaling: 0.7437037057600392, input timescale: 1.0
Tree height after scaling: 1.0, mutation rate: 0.7437037057600392
Tree height pre-scaling: 0.7437037758916123, input timescale: 1.0
Tree height after scaling: 1.0, mutation rate: 0.7437037758916123
Tree height pre-scaling: 0.743703741215272, input timescale: 1.0
Tree height after scaling: 1.0, mutation rate: 0.743703741215272
Tree height pre-scaling: 0.7437036583792593, input timescale: 1.0
Tree height after scaling: 1.0, mutation rate: 0.7437036583792593
Tree height pre-scaling: 0.7437038303269421, input timescale: 1.0
Tree height after scaling: 1.0, mutation rate: 0.7437038303269421
Tree height pre-scaling: 0.7437038159687369, input timescale: 1.0
Tree height after scaling: 0.9999999999999999, mutation rate: 0.7437038159687369
Tree height pre-scaling: 0.7437038995580669, input timescale: 1.0
Tree height after scaling: 1.0, mutation rate: 0.7437038995580669
Runtime (s): 17.654914625
