Launching LAML version 0.0.4
LAML was called as follows: /Users/uym2/my_gits/LAML/run_laml.py -c ../../bar21/Bar21_character_matrix.txt -t place_outlier/augmented_tree_469.nwk -o place_outlier/augmented_tree_469_optimized -v -p ../../bar21/Bar21_priors.pickle --delimiter tab -m -1 --nInitials 1
Prior keys mismatch with site names.
Prior keys: [0, 1, 2, 3, 4, 5, 6, 7, 8, 9, 10, 11, 12, 13, 14, 15, 16, 17, 18, 19, 20, 21, 22, 23, 24, 25, 26, 27, 28]
Site names: ['r1', 'r2', 'r3', 'r4', 'r5', 'r6', 'r7', 'r8', 'r9', 'r10', 'r11', 'r12', 'r13', 'r14', 'r15', 'r16', 'r17', 'r18', 'r19', 'r20', 'r21', 'r22', 'r23', 'r24', 'r25', 'r26', 'r27', 'r28', 'r29', 'r30']
Attempting to infer mapping between site names and prior keys...
Not all site names are present in the dictionary. Trying offset...
Offset between input site names and prior keys is assumed to be 1
Missing priors at site r30, filling in uniform priors...
{'r1': 0, 'r2': 1, 'r3': 2, 'r4': 3, 'r5': 4, 'r6': 5, 'r7': 6, 'r8': 7, 'r9': 8, 'r10': 9, 'r11': 10, 'r12': 11, 'r13': 12, 'r14': 13, 'r15': 14, 'r16': 15, 'r17': 16, 'r18': 17, 'r19': 18, 'r20': 19, 'r21': 20, 'r22': 21, 'r23': 22, 'r24': 23, 'r25': 24, 'r26': 25, 'r27': 26, 'r28': 27, 'r29': 28, 'r30': 29}
Optimizing branch lengths, phi, and nu without topology search
Optimization by EM algorithm
Optimization start with 1 initials
Initial point 1. Random seed: 8551
Numerical optimization started with ultrametric constraint (default)
Initial phi: 0. Initial nu: 0.26955655566205877. Initial nllh: 11614.175812145144
Starting EM iter: 1
Estep
Estep runtime (s): 0.14450311660766602
Mstep
Optimizing phi
Optimizing branch lengths. Current phi: 0. Current nu:0.26955655566205877
Optimizing nu
Mstep runtime (s): 0.4064490795135498
Finished EM iter: 1. Current nllh: 9785.518808400066
Starting EM iter: 2
Estep
Estep runtime (s): 0.19513821601867676
Mstep
Optimizing phi
Optimizing branch lengths. Current phi: 0. Current nu:0.26477051412522123
Optimizing nu
Mstep runtime (s): 0.4364199638366699
Finished EM iter: 2. Current nllh: 9779.880159998307
Starting EM iter: 3
Estep
Estep runtime (s): 0.19557523727416992
Mstep
Optimizing phi
Optimizing branch lengths. Current phi: 0. Current nu:0.2629603164056182
Optimizing nu
Mstep runtime (s): 0.39408159255981445
Finished EM iter: 3. Current nllh: 9779.539415758023
Starting EM iter: 4
Estep
Estep runtime (s): 0.19580316543579102
Mstep
Optimizing phi
Optimizing branch lengths. Current phi: 0. Current nu:0.26276291104534366
Optimizing nu
Mstep runtime (s): 0.43013596534729004
Finished EM iter: 4. Current nllh: 9779.467677364451
Starting EM iter: 5
Estep
Estep runtime (s): 0.19535112380981445
Mstep
Optimizing phi
Optimizing branch lengths. Current phi: 0. Current nu:0.26293278168498185
Optimizing nu
Mstep runtime (s): 0.38387012481689453
Finished EM iter: 5. Current nllh: 9779.440186999791
Starting EM iter: 6
Estep
Estep runtime (s): 0.19571495056152344
Mstep
Optimizing phi
Optimizing branch lengths. Current phi: 0. Current nu:0.26311522491998235
Optimizing nu
Mstep runtime (s): 0.39743995666503906
Finished EM iter: 6. Current nllh: 9779.427092693233
Starting EM iter: 7
Estep
Estep runtime (s): 0.19598889350891113
Mstep
Optimizing phi
Optimizing branch lengths. Current phi: 0. Current nu:0.2632471807031723
Optimizing nu
Mstep runtime (s): 0.38499021530151367
Finished EM iter: 7. Current nllh: 9779.420363270705
Starting EM iter: 8
Estep
Estep runtime (s): 0.19572186470031738
Mstep
Optimizing phi
Optimizing branch lengths. Current phi: 0. Current nu:0.2633351993234412
Optimizing nu
Mstep runtime (s): 0.42949604988098145
Finished EM iter: 8. Current nllh: 9779.416663833303
Starting EM iter: 9
Estep
Estep runtime (s): 0.19687175750732422
Mstep
Optimizing phi
Optimizing branch lengths. Current phi: 0. Current nu:0.2633921901878002
Optimizing nu
Mstep runtime (s): 0.4402499198913574
Finished EM iter: 9. Current nllh: 9779.414772178246
Starting EM iter: 10
Estep
Estep runtime (s): 0.19667720794677734
Mstep
Optimizing phi
Optimizing branch lengths. Current phi: 0. Current nu:0.26343092611777136
Optimizing nu
Mstep runtime (s): 0.4579019546508789
Finished EM iter: 10. Current nllh: 9779.413584241936
Starting EM iter: 11
Estep
Estep runtime (s): 0.19582796096801758
Mstep
Optimizing phi
Optimizing branch lengths. Current phi: 0. Current nu:0.2634572730905153
Optimizing nu
Mstep runtime (s): 0.39066195487976074
Finished EM iter: 11. Current nllh: 9779.412876258059
Starting EM iter: 12
Estep
Estep runtime (s): 0.19598603248596191
Mstep
Optimizing phi
Optimizing branch lengths. Current phi: 0. Current nu:0.2634748169654352
Optimizing nu
Mstep runtime (s): 0.3639371395111084
Finished EM iter: 12. Current nllh: 9779.412441345028
Starting EM iter: 13
Estep
Estep runtime (s): 0.19637393951416016
Mstep
Optimizing phi
Optimizing branch lengths. Current phi: 0. Current nu:0.2634870781933702
Optimizing nu
Mstep runtime (s): 0.4678761959075928
Finished EM iter: 13. Current nllh: 9779.412149475836
Starting EM iter: 14
Estep
Estep runtime (s): 0.1980760097503662
Mstep
Optimizing phi
Optimizing branch lengths. Current phi: 0. Current nu:0.26349588230451365
Optimizing nu
Mstep runtime (s): 0.43625903129577637
Finished EM iter: 14. Current nllh: 9779.411830066749
Starting EM iter: 15
Estep
Estep runtime (s): 0.19629597663879395
Mstep
Optimizing phi
Optimizing branch lengths. Current phi: 0. Current nu:0.26350132426845835
Optimizing nu
Mstep runtime (s): 0.4507279396057129
Finished EM iter: 15. Current nllh: 9779.411721715667
Starting EM iter: 16
Estep
Estep runtime (s): 0.19646000862121582
Mstep
Optimizing phi
Optimizing branch lengths. Current phi: 0. Current nu:0.26350559421359515
Optimizing nu
Mstep runtime (s): 0.4294869899749756
Finished EM iter: 16. Current nllh: 9779.411634261638
EM finished after 16 iterations.
Optimal phi: 0. Optimal nu: 0.26350842908139366. Optimal nllh: 9779.411634261638
Optimal point found for initial point 1
Numerical optimization finished successfully
Tree height pre-scaling: 0.7276972432309474, input timescale: 1.0
Tree height after scaling: 1.0, mutation rate: 0.7276972432309474
Tree height pre-scaling: 0.727697347608054, input timescale: 1.0
Tree height after scaling: 1.0, mutation rate: 0.727697347608054
Tree height pre-scaling: 0.727697463422375, input timescale: 1.0
Tree height after scaling: 1.0, mutation rate: 0.727697463422375
Tree height pre-scaling: 0.727697154052287, input timescale: 1.0
Tree height after scaling: 1.0000000000000002, mutation rate: 0.727697154052287
Tree height pre-scaling: 0.727697176606194, input timescale: 1.0
Tree height after scaling: 1.0, mutation rate: 0.727697176606194
Tree height pre-scaling: 0.7276972227062203, input timescale: 1.0
Tree height after scaling: 1.0, mutation rate: 0.7276972227062203
Tree height pre-scaling: 0.727697230552341, input timescale: 1.0
Tree height after scaling: 1.0000000000000002, mutation rate: 0.727697230552341
Tree height pre-scaling: 0.7276970425425652, input timescale: 1.0
Tree height after scaling: 1.0, mutation rate: 0.7276970425425652
Runtime (s): 11.04599475
